GT51,GT51,HTH_3,4.F.1
GH4,4.A.1
GH43_24,4.A.6
4.A.6,SIS,4.A.6,4.A.6,4.A.6,GH1
GH1,GH1,4.A.1,4.A.1,3.A.1
GT4,4.D.2,GT4,2.A.66
4.A.1,4.A.1,GH32,PfkB,9.B.34
4.A.3,GH1,4.A.3
GH1,4.A.1,4.B.1
3.A.1,3.A.5,GH25,HTH_DeoR,2.A.35
8.A.8,CBM48|GH13_9
3.A.1,3.A.1,GT2,GT2
GH1,4.A.1
GT35,1.I.1,2.A.66
3.A.1,3.A.1,3.A.1,GT5,4.A.6,HTH_11,4.A.6,4.A.6,4.A.6
GH1,4.A.1,4.A.1,GH1,4.A.1,GH1,8.A.5,GH1,4.A.1
4.A.3,4.A.3,4.A.3,GH1,GH1
GT2,MarR,3.A.1,3.A.1
4.A.1,GH1
CE9,LacI,GH4,SBP_bac_1,3.A.1,3.A.1,3.A.1
4.A.3,GH1,3.A.1,HTH_3,GH1,4.A.3
GT14,4.A.6,4.A.6,4.A.6
GH1,4.A.1
GH146,2.A.17
GH1,GH1,4.A.3
CBM66|GH32|CBM66,3.A.1,3.A.1,3.A.1
GH1,HTH_11|Mga,4.A.3
GH1,4.A.3
3.A.1,3.A.1,3.A.1,GH112,3.A.1
3.A.1,HTH_11|Mga,GH38,4.A.2,4.A.2,4.A.2
GH1,4.A.3,4.A.3
GT28,2.A.103
GT51,3.A.1,3.A.1,MarR,2.A.66
4.A.6,4.A.6,GH28
3.A.1,3.A.1,3.A.1,CE4
2.A.1,CE4
3.A.16,4.A.2,GH38,HTH_6,GH1
4.A.3,4.A.3,4.A.3,GH1
CE9,MerR,3.A.7
2.A.5,Pyr_redox_2,GT35,GH77
4.A.1,GH1,GH1,4.A.1
