9.B.2,HTH_AraC,2.A.1,GH29,4.A.6,4.A.6,4.A.6,SIS,CE9,9.B.158
8.A.8,GH73,CBM67|GH78,GH25,GT2
3.A.1,3.A.1,GT4,GT4
GT2,9.B.18
2.A.107,2.A.115,9.B.18,Aminotran_1_2,9.B.18,GT4,GT2,GT4,GT2,GT2,2.A.66,9.B.18,GT4,GT4
3.A.1,3.A.1,GH29,HTH_AraC,8.A.59
3.A.16,CBM34|GH13_39
3.A.1,3.A.1,3.A.1,3.A.1,3.A.1,GH29
GH1,4.A.1
GH18,2.A.86
3.A.1,3.A.1,GH29,3.A.1
2.A.66,CE4
9.B.33,CE4,2.A.66,2.A.23
2.A.2,GH2
GH23,3.A.7
CE9,3.A.1,3.A.1,3.A.1
4.A.3,4.A.3,GH1,4.A.3
9.B.74,9.B.74,3.A.1,GH4,4.A.1
GH151,3.A.1,3.A.1,3.A.1,dCache_1|HATPase_c,HTH_AraC,GH0
GT2,HTH_AraC,3.A.1,3.A.1
3.A.1,GH13_11
9.B.18,GT0
1.A.35,HTH_1,8.A.5,2.A.77,4.A.1,2.A.2,GH36
3.A.1,3.A.1,3.A.1,8.A.5,GH13_18,3.A.3,3.A.3,3.A.3,2.A.38,2.A.38
CBM40|GH33,3.A.1,3.A.1,3.A.1
2.A.8,3.A.11,2.A.115,Aminotran_1_2,GH106,3.A.1,3.A.1,SBP_bac_1,GH151
GT35,GH77,3.A.1,FeoA,9.A.8
3.A.1,3.A.1,3.A.1,3.A.1,GH29,CBM51|GH98,GH36
9.B.33,3.A.1,3.A.1,SBP_bac_1,CBM67|GH78
3.A.2,3.A.2,3.A.2,2.A.39,GntR,CBM48|GH13_9,3.A.1
3.A.1,3.A.1,SBP_bac_1,GH32
GH32,SBP_bac_1,3.A.1,3.A.1
4.A.1,GH32,GH73
GH112,GH95,3.A.1,3.A.1
GT4,2.A.51,2.A.51
3.A.1,GT2
GH13_11,3.A.1,3.A.1
GH2,GH29,2.A.2
