CBM41|CBM41|GH13_12,2.A.16
CBM50,SBP_bac_1,3.A.1,3.A.1,9.B.28,CE7
PL12_1,4.A.6,4.A.6,4.A.6,GH88,4.A.6
GH13_31,3.A.1
GH33,4.A.5
3.A.1,HD,CBM50
2.A.1,GT8,GT8
8.A.3,8.A.3,9.B.18,GT1,GT1,GT2,GT2,GT100
GT4,GT2,2.A.66,GT2,GT2
1.A.33,HTH_11,GH73
2.A.1,GT35,GT35,GH77,LacI,3.A.1,3.A.1,3.A.1,2.A.17
GT4,3.A.5,3.A.5,3.A.5,3.A.5,GT101,GT2,GT8,GT8,GT8,GT113
4.F.1,3.A.1,3.A.1,3.A.1,CBM50,GH23|CBM50
2.A.15,CE4,2.A.7
GH1,2.A.86
GH23,3.A.1,3.A.1,2.A.87
3.A.2,3.A.2,3.A.2,3.A.2,GT5,CBM48|GH13_9,CBM41|GH13_14,2.A.88,9.B.126
1.I.1,CE4,8.A.7
GT8,9.B.120
2.A.8,Diacid_rec,GH1,4.A.1
4.A.7,Mga,GH13_29,4.A.1,3.A.1,3.A.1,3.A.1,3.A.1,3.A.1,2.A.122,1.E.14,LytTR,9.B.33,3.A.7
GT51,3.A.1,3.A.1
GH32,4.A.1,3.A.5
GH73,8.A.5
2.A.3,GT2,Glyoxalase,Nitroreductase,8.A.5
