4.A.3,GH1,2.A.115,GH1
2.A.38,2.A.38,HTH_3,GH73
CBM48|GH13_9,2.A.78,2.A.78
8.A.3,9.B.18,GT4,GT2
4.A.3,GH1,GH1
4.A.2,4.A.2,4.A.2,2.A.115,GH38
CE4,3.A.1
GT4,9.B.18,9.B.18
GH73,1.E.19
GH1,Aminotran_1_2,4.A.3,4.A.3
GT2,3.A.1,3.A.1
GT51,3.A.1,3.A.1
GT4,MarR,1.A.78
3.A.1,3.A.1,GT2
3.A.5,GT2
GH112,3.A.1,3.A.1,3.A.1,3.A.1,3.A.1,GH77,LacI,3.A.1,3.A.1,3.A.1
GH1,4.A.1,4.A.1,3.D.6,3.D.6,3.D.6,3.D.6,3.D.6
4.A.1,GH1,3.A.1,3.A.1
3.A.3,TrmB,4.A.6,4.A.6,4.A.6,4.A.6,SIS,GH77
GH1,4.A.1
GH38,4.A.2,4.A.2,4.A.2
GT14,4.A.6,4.A.6,4.A.6
GH1,4.A.3
