4.C.1,1.I.1,2.A.66,2.A.115,GH171
GH2,2.A.51,2.A.51
1.A.43,GT2
4.C.1,9.B.31,2.A.115,3.A.18,GH84
GH2,GerE,1.B.14
CE1,2.A.9
3.D.1,GT30
GH18,8.A.46,1.B.14,GH29,GH20,GH20,1.B.14,8.A.46
9.B.35,3.A.9,CE4
2.A.115,GH2,3.A.5
GH31,3.A.1
CE11,2.A.36,9.B.20
GT2,2.A.123,GT83
GT5,2.A.1,TPR_2|TPR_1,3.A.5,2.A.62,1.E.43
1.A.33,2.A.7,GH29,2.A.7,2.A.6
9.B.33,GH20,PALP,2.A.7,4.C.1
GH5_7,1.B.14,GH77
3.A.1,GH163
GH18,8.A.46,1.B.14
2.A.53,GH95
9.B.145,GT2
GH13,GH13,8.A.3
1.B.14,GH37,GH2,GH97,2.A.2,HTH_AraC,GH26,2.A.1
2.A.6,2.A.6,HTH_AraC,GH92
GT2,GT4,2.A.66,CE1
GH109,2.A.6,2.A.6,2.A.6
