2.A.53,2.A.115,3.A.1,3.A.1,3.A.1,GH16_3,GT2,1.A.30,GH27,GH43_5,2.A.51,2.A.51
9.B.146,2.A.103,GT28
GH20,3.A.1
3.B.1,GT5,GT51,9.B.186,GH20,GH29
1.A.14,GH92,GH92,1.B.14,GH28
CBM50,GT2,GT4,1.B.57
9.B.97,2.A.58,2.A.81,PfkB,GH2,GH105
GH51,4.B.1
9.B.144,CBM13
2.A.124,2.A.124,GH2,GH63
GH89,2.A.25
2.A.17,2.A.17,CBM50,9.B.168,GH128,GH123
GH31,2.A.9,2.A.1,2.A.1,2.A.7
3.A.16,GT19,8.A.3,HTH_3,GH23
9.B.18,GT11
GH128,1.C.105
GH20,3.D.10,3.D.10
3.D.1,GT9
2.A.1,GT2
CE4,Fer4,2.A.1
9.B.196,GT83,GT2,2.A.123
GT2,2.A.50,9.B.183,GT4,GT2,GT2,GT2
GT2,GT2,2.A.62,3.A.2
1.B.79,GH35,2.A.1,GH2
3.A.1,GH2
8.A.3,GH109,GH84,2.A.47
1.A.11,GH95,GH20
2.A.66,3.A.1,GH115
1.B.42,2.A.37,GH89,2.A.81
GH84,PfkB,3.A.1
8.A.46,1.B.14,LacI,2.A.2,GH77,GH97,GH13_14,GH13,GH13_6
GH146,GH97,GH127,GH146,GH28,CE12,PL11_1,9.B.14
2.A.40,GH105
GH25,2.A.66
9.B.158,GH5_7,2.A.4
2.A.1,PfkB,GT2,2.A.115
