GH0,9.A.40,GATA,3.A.1,3.A.1
9.B.146,GT0
GH13_4,HTH_AraC,GH36,3.A.1,3.A.1,3.A.1,2.A.66
2.A.103,2.A.86,3.A.24,CE4,2.A.38,2.A.38
GH31,3.A.1,3.A.1,3.A.1,LacI,GH125,GH65,GntR,CE9
3.A.1,3.A.1,3.A.1,3.A.1,3.A.1,GntR,CE14,2.A.2,2.A.66,3.A.1,3.A.1,3.A.1,2.A.50
2.A.2,GH42|GH164,2.A.66
GT28,2.A.103,9.B.146
CBM48|GH13_9,GT5,GT35,3.A.18,3.A.1
3.A.9,3.A.1,3.A.1,GT8,1.A.35
3.A.1,3.A.1,GH112
3.A.1,GT2,9.B.149
3.A.16,GH18
2.A.4,2.A.35,9.A.11,GH1,GH13_31,2.A.2
2.A.5,Rhodanese,GH13_20,9.B.160
GT8,3.A.16
9.A.8,FeoA,3.A.1,9.A.8,Aminotran_1_2,2.A.38,2.A.38,9.B.126,CE4
GH18,MarR,3.A.1,3.A.1
GH77,3.A.1,3.A.1,3.A.1
2.A.122,1.E.14,GH3
