8.A.5,2.A.1,GH116,GH146
GH13_31,3.A.1,3.A.1,3.A.1
GH32,2.A.66,GH29,HTH_AraC,3.A.1,SBP_bac_1,3.A.1,3.A.1,HTH_AraC,8.A.59,GH29
4.A.2,GGDEF|dCache_1|EAL,GT4
3.A.1,GH18
3.A.1,GT2
3.A.3,HTH_AraC,GH88,GH154,HTH_AraC,3.A.1,3.A.1,SBP_bac_1,GH106,HTH_AraC,9.B.33,3.A.1,3.A.1,SBP_bac_1,GH30,GH5_44
2.A.66,GH28
GH13_31,HTH_AraC,GH106,3.D.1,3.D.1,3.D.1,3.D.1
GH31,HTH_AraC,GH127,3.A.3,2.A.38,8.A.59
GH36,3.A.1,3.A.1,3.A.1
GH31,GH5_22,3.A.1,3.A.1,MarR,2.A.22
9.B.18,Aminotran_1_2,GT2,2.A.66
GT100,3.A.1
GT2,9.B.18,Aminotran_1_2,9.B.18,GT4
GT4,GT4,GT2,GT11,3.A.1,GT11
2.A.66,GT26|GT4,GT4,GT32,GT11
2.A.50,GT2
3.A.1,3.A.1,GT2,GT2|GT2,GT2,GT2,9.B.18,GT2
3.A.1,3.A.1,GH33
3.A.1,3.A.1,3.A.1,GH137
3.A.1,3.A.1,GH5_46
GH4,SBP_bac_1,8.A.59
2.A.69,GH25,8.A.59
8.A.59,HTH_AraC,3.A.1,3.A.1,GH106,3.A.1,9.B.120
CBM48|GH13_9,8.A.59,3.A.1,3.A.1,SBP_bac_1,HTH_AraC,GH38,GH3
3.A.1,3.A.1,3.A.1,GH76,GH38,GntR,GH125,9.A.47,1.E.52
9.B.104,GT28
8.A.59,HTH_AraC,3.A.1,3.A.1,3.A.1,GH97,GH32,SBP_bac_1,3.A.1,3.A.1
GH106,HTH_AraC,8.A.59,HTH_AraC,SBP_bac_1,3.A.1,3.A.1
GH78,SBP_bac_1,3.A.1,3.A.1,CBM67|GH78,SBP_bac_1,3.A.1,3.A.1,GH29
GH27,3.A.1,3.A.1,3.A.1
GH146,8.A.59,HTH_AraC,3.A.1,3.A.1,HTH_AraC,8.A.59,SBP_bac_1,3.A.1,3.A.1,GH127
GH94,3.A.1,3.A.1,3.A.1,HTH_AraC,GH78,GH106,GH1
3.A.1,GH0
GH43_17,3.A.1,3.A.1
GH105,GH112,2.A.66
3.A.1,3.A.1,3.A.1,GH39
2.A.66,GH43_24|GH137,MerR,3.A.1,3.A.1,3.A.1
3.A.1,3.A.1,3.A.1,3.A.1,3.A.1,3.A.1,HTH_3,GH3
CBM48|GH13_9,1.A.23
GH123,GH3,3.A.1,3.A.1
GT51,Trans_reg_C,HisKA|HATPase_c,3.A.1
3.A.1,3.A.1,3.A.1,LacI,GH13_18
3.A.1,3.A.1,3.A.1,CBM67|GH78,2.A.39,2.A.40
3.A.3,GH2,3.A.1,3.A.1,3.A.1,2.A.88
4.A.1,GH170
3.A.1,SBP_bac_1,3.A.1,3.A.1,8.A.59,HTH_AraC,CBM9,3.A.1,3.A.1,SBP_bac_1,GH29,GH29,GH18
3.A.1,3.A.1,8.A.59,HTH_AraC,GH36,GH1,3.A.7
GH2,3.A.1,3.A.1,SBP_bac_1,8.A.5
GH18,9.B.33,HTH_AraC,SBP_bac_1,3.A.1,3.A.1,CBM67|GH78
GH31,SBP_bac_1,3.A.1,3.A.1
GH3,3.A.1,3.A.1,8.A.59
3.A.1,3.A.1,GH67,GH2
CE4,3.B.1,3.A.9
9.B.158,GH13_20
GT2,GT4,8.A.3,8.A.3
GH3,9.B.31
CE9,4.A.1,PTS-HPr,8.A.7,4.A.1
3.A.1,3.A.1,3.A.1,GH95
GH95,3.A.1,2.A.66,2.A.66,3.A.1
3.A.1,3.A.1,3.A.1,CBM34|GH13_20,3.A.1,3.A.1,3.A.1,3.A.1
GH106,GH137,GH42,GH42,GH29,HTH_AraC,8.A.59,3.A.1,3.A.1,GH140,HTH_AraC,GH3
9.A.11,GH146,GH43,3.A.1,3.A.1,3.A.1
3.A.1,3.A.1,8.A.59,HTH_AraC,GH38
1.E.19,GH73
8.A.59,HTH_AraC,8.A.59,3.A.1,3.A.1,GH29,4.A.3,HTH_AraC,GH42
GH2,3.A.1,3.A.1
GH146,GH31,2.A.2
GH3,9.B.27,HTH_1,2.A.120,GH43_12,GH39,3.A.1,3.A.1,3.A.1,GH3,GH35
GH33,3.A.1,3.A.1
3.A.3,HD,GH95,2.A.66,HTH_1,1.A.11
GH3,HTH_AraC,9.B.34
GH43_12,3.A.1,3.A.1,GH2,SBP_bac_1,PL26
GH5_37,3.A.1,3.A.1
3.A.1,3.A.1,3.A.1,GH38,HTH_AraC,GH95,GH38
GH106,B12-binding,2.A.66
2.A.2,GH13_31,GH2,9.A.8,9.A.8
GH2,2.A.66
GH32,SBP_bac_1,3.A.1,3.A.1,HTH_AraC,9.B.33
3.A.1,GH43_22
3.D.1,3.D.1,3.D.1,3.D.1,3.D.1,GH13_11,3.A.1,3.A.1,3.A.1
2.A.5,Fer4,CBM34|GH13_20,SBP_bac_1,3.A.1,3.A.1,8.A.59,HTH_AraC,GH31
2.A.87,GH42,GH29,GH138,CBM67|GH78,GH2,GH95,HTH_AraC,SBP_bac_1,3.A.1,3.A.1,8.A.59
GH28,GH31,HTH_AraC,3.A.1
GH4,2.A.2,GH2,3.A.1,3.A.1,3.A.1,3.A.1,3.A.1,3.A.1,3.A.1
8.A.59,SBP_bac_1,3.A.1,3.A.1,GH43_9,3.A.1
1.E.14,2.A.122,GH2,HTH_AraC,GH3,2.A.2,3.A.1,3.A.1,8.A.59
GH51,3.A.1,3.A.1
GH51,GH39,GH43_27,GH31,GH51,GH43_10,GH10,SBP_bac_1,3.A.1,3.A.1,LacI,GH43_35
GH3,2.A.66
3.A.1,3.A.1,GH36
9.A.11,9.A.11,GH29
3.A.1,3.A.1,8.A.59,HTH_AraC,GH88,GH43_24,2.A.66
GH38,HTH_AraC,CBM67|GH78,CBM67|GH78,3.A.1,3.A.1,3.A.1
GH2,4.F.1
3.A.1,GH35
3.A.1,3.A.1,3.A.5,LacI,CBM34|GH13_20,3.A.1,3.A.1,3.A.1,8.A.3
3.A.1,HTH_AraC,3.A.1,3.A.1,SBP_bac_1,GH127,3.A.1,3.A.1,SBP_bac_1,8.A.59
3.A.1,3.A.1,3.A.1,GH32
GH112,3.A.1,3.A.1
2.A.66,HTH_DeoR,GH29,SBP_bac_1,3.A.1,3.A.1,8.A.59
GH51,3.A.1,3.A.1,3.A.1,HTH_AraC,9.B.33,HTH_3,GH43_17
3.A.1,Trans_reg_C,HTH_AraC,GH115
9.A.28,3.A.1,3.A.1,LacI,GH146
8.A.5,2.A.98,9.B.34,SBP_bac_1,3.A.1,3.A.1,HTH_AraC,GH120
9.B.34,GH13_11
GH38,HisKA|HATPase_c,Trans_reg_C,3.A.1
2.A.78,2.A.78,Fer4,3.A.1,3.A.1,3.A.1,3.A.1,SBP_bac_1,GH31
3.A.16,GH13_39
8.A.59,HTH_AraC,SBP_bac_1,3.A.1,3.A.1,GH63,GH36
3.A.1,3.A.1,GH28,HTH_AraC,3.A.1,3.A.1,SBP_bac_1,GGDEF|EAL,GH105,HTH_AraC,3.A.1,3.A.1
2.A.37,GH8,3.A.1,3.A.1,3.A.1,HTH_AraC,9.B.33
8.A.59,SBP_bac_1,3.A.1,3.A.1,GH125
2.A.50,GT2
1.A.26,GT51,HTH_11,GH32
GH146,3.A.1,3.A.1
3.A.1,3.A.1,LytTR,3.A.1,3.A.1,LacI,GH42
3.A.1,3.A.1,SBP_bac_1,GH105,8.A.59,HTH_AraC,3.A.1,3.A.1,GH51,GH43_22,GH43_35
3.A.1,3.A.1,3.A.1,CBM67|GH78,HTH_AraC,3.A.1,3.A.1
3.A.1,GH4,3.A.1,3.A.1,HTH_AraC,8.A.59
GH18,HTH_AraC,3.A.1,3.A.1
2.A.66,2.A.66,GH88,HTH_AraC,3.A.1,3.A.1,3.A.1,GH129,HTH_3,CBM67|GH78,LacI,3.A.1,3.A.1,SBP_bac_1,GH105,GH43
3.A.1,3.A.1,GH106
GH125,GntR,GH20,GH2,SBP_bac_1,3.A.1,3.A.1
GH20,3.A.1,3.A.1,SBP_bac_1,GH36,GH2,Glucokinase,GH13_18,GH38,GH38
3.A.1,3.A.1,GH42
GH50,GH88,3.A.1,3.A.1,SBP_bac_1,GH51|GH43_34,GH35
2.A.66,GH2,SBP_bac_1,3.A.1,3.A.1
PL12_1,3.A.1,3.A.1,SBP_bac_1,8.A.59
GH151,GH151,3.A.1,3.A.1
3.A.1,HTH_AraC,GH36
8.A.59,HTH_AraC,GH106,3.A.1,3.A.1,SBP_bac_1,8.A.59
PL11,PL11_1|PL11,SBP_bac_1,3.A.1,3.A.1,HTH_AraC,GH95
2.A.49,GT35,3.A.1,SBP_bac_1,9.B.33,HTH_AraC,GH106
3.A.1,GH39,2.A.2
3.A.1,3.A.1,SBP_bac_1,Peripla_BP_3,GH2
8.A.59,HTH_AraC,GH2,GH95,3.A.1,3.A.1,3.A.1
GH105,3.A.1,3.A.1,3.A.1,2.A.115
CE1|CE1,HTH_AraC,2.A.2,CBM67|GH78,GH3
GH20,GH2,9.B.34
3.A.1,3.A.1,GH88
