GH31,3.B.1
GH43_34,TetR_N,3.A.1,3.A.1,3.A.1,3.A.1,3.A.1
GT4,GT2,GT4,9.B.18,9.B.18,GT0
1.B.42,3.A.1,3.A.1,GH106,8.A.46,1.B.14
GH3,GH13_8,2.A.37,HTH_AraC,GH2,GH2,HTH_AraC,1.B.14,8.A.46,GH105,9.A.25
9.B.106,FHA,2.A.66,GT5,GH57,GT4,GH133
GH2,2.A.13
2.A.22,3.A.1,GH20
3.A.1,HTH_3,1.C.105,KilA-N,GH2
9.B.169,GH43_31,3.A.1,1.A.62
2.A.1,GH51,GH97,3.A.1,3.A.1,3.A.1,3.A.1,2.A.88,2.A.49
GH106,2.A.81
1.A.43,GT51,3.A.1
2.A.1,GT51
CE3,GerE,FecR,1.B.14,8.A.46,GH106
9.B.20,GH36
GT2,GT2,GT2,GT2,GT2,2.A.66,Pribosyltran,GT4,GT4,GT2
2.A.67,GT2
8.A.21,GerE,3.A.3,GH43,8.A.46,1.B.14
GH2,1.B.14
GH31,GH89,GH16_24,1.B.14
GH110,2.A.21
GH43_24,2.A.115
GH109,9.A.25,GH2
GH146,GH127,GH142,1.B.14
1.B.14,GH43_3,GH2,GH2,9.B.97
GT2,2.A.107
GT4,GT4,GT0,2.A.66
2.A.98,GT51,1.A.8,PL8|CBM9
CE9,CE9,3.A.1,GH159,GH2,1.B.14,1.B.14,8.A.46
8.A.46,1.B.14,FecR,GerE,GH43_31,GH43_3,1.B.14
1.B.14,8.A.46,GH92,GH92,GH92
GH16_3,GH88,PL33_1,8.A.46,1.B.14
1.B.14,8.A.46,PL33_1,GH2
1.B.14,8.A.46,GH130,GH2
2.A.6,2.A.6,GH29
GH2,GH20,GH2,8.A.46,1.B.14
1.B.14,GH2,1.B.14,8.A.46,GH92
GH116,8.A.46,1.B.14,FecR,GerE,GH97,GH97,3.A.1,3.A.1,3.A.1
GH23|CBM50,HD,2.A.19,MerR,1.A.34
1.B.14,2.A.76,GH3
8.A.46,1.B.14,FecR,GerE,GH43_18|GH51
1.B.14,1.B.14,1.B.14,8.A.46,2.A.64,GH92
4.C.1,GT2
GT2,9.B.144
GH10,GH10,1.B.14
2.A.1,GH33
9.A.25,3.A.1,3.A.1,3.A.1,GH95
PL40,PL8_3,PL35,GH88,GerE,FecR,1.B.14,GH20
GH92,GerE,FecR,1.B.14,8.A.46
CBM67|GH78,GH106,8.A.46,1.B.14
GT2,2.A.95
9.B.146,2.A.103,GT28
GH88,PL35,1.B.14
GH32,2.A.1
GH2,GH2,TPR_2|TPR_1,2.A.1
2.A.16,1.I.1,GH109
CE17,2.A.1
1.B.42,HD,GH171
3.A.10,GH13_38
GH76,GH125,2.A.35,2.A.23
