GT2,3.A.1,3.A.1
GT2,9.B.18
9.B.8,9.B.8,GH13_11
3.A.5,Sigma70_r4,GT30,GT30
3.A.15,2.A.66,2.A.6,8.A.1,2.A.1,GT83,4.A.1,MarR,8.A.3
CE7,2.A.56,2.A.56
9.B.141,9.B.146,GT28
4.A.6,4.A.6,4.A.6,2.A.35,HTH_6,4.A.1,GH4,2.A.120,3.A.3
2.A.66,MarR,3.D.1,3.D.1,3.D.1,3.A.1,3.A.1,3.A.1,3.A.1,GH4,4.A.1
3.A.6,CBM50
9.A.8,2.A.35,GT9,2.A.27
GT2,GT2,GT9,GT4,CE4,GT2,GT32,CE4,9.B.18,9.B.18,GT4,PL12,GT0
GT5,CBM48|GH13_9,GT35,GH77,TrmB,3.D.10,Nitroreductase,5.A.1
GT19,3.A.1
CE9,3.A.3
2.A.16,GT51,3.A.1,3.A.1
9.B.18,9.B.18,GT4,9.B.18,GT0,GT0
9.B.18,GT2,GT4,GT4,GT2,GT32
GT2,2.A.123
GT51,GAF,9.B.143
GH73,2.A.66
GH1,4.A.1,4.A.1
GT104,3.A.1,9.B.156,9.B.156,3.A.1,3.A.1,3.A.1,3.A.1,3.A.1,9.B.141,3.A.16
