CE12|CE8,1.A.43,GH43_19|GH43_34,GH43_10,3.A.25
2.A.1,GT2
2.A.6,2.A.6,GH10
CE8,GH95,1.B.14
1.B.14,LacI,2.A.2,GH53,GH13,GH13_14,GH97,GH77,2.A.66
1.B.14,GH2,GH35,Fer4,CE4,9.B.27
2.A.1,GH2
3.B.1,2.A.81,9.B.145,GH105
2.A.58,PL1
GT2,8.A.5
GH43_18|GH143|GH142,CE19,GH95,GH140,CBM67|GH78|GH33,GH2,1.B.14
9.B.186,GT51
GH28|GH105,PL1_2,CE8,1.B.14,8.A.46
GT2,2.A.37,3.A.1,1.B.63
1.B.14,CE8|PL1_2,8.A.1
GH53,9.B.196
2.A.115,PL11_2
2.A.47,GH28
GH29,9.B.156
GH51,1.B.57
9.A.40,2.A.21,B12-binding|B12-binding_2,GH31,GH141
2.A.6,Response_reg,2.A.1,GH51
GH2,1.B.18
9.B.186,GH105|PL1,1.A.14
GT9,3.D.1
3.A.3,GH105
3.D.10,3.D.10,PL33_1,GH154,HisKA|HATPase_c,1.B.14
1.B.14,PL11_1
GT4,GT2,3.A.1
3.D.10,GT2,GT4
GT19,8.A.3,GH23,HD,CE8
