GH1,4.A.1
5.A.1,2.A.45,LacI,4.A.3,4.A.3,GH1,4.A.3,9.B.34
2.A.1,2.A.37,PfkB,GT4,9.B.18,9.B.146,GT4,GT4,GT2,GT2,2.A.66
CBM34|GH13_21,2.A.3,2.A.26
GT84|GH94,GH4,4.A.1,GntR,2.A.41
GT4,GT4,GT0,GT4,9.B.18,GT0
GH20,1.B.25,4.A.1,CE9
9.A.40,GT4,3.A.1,3.A.1,3.A.1
GH1,4.A.1
3.A.1,3.A.1,2.A.1,TetR_N,2.A.3,GH103,3.A.1,3.A.1,3.A.1,2.A.76,5.A.3,5.A.3
1.C.73,GT51,1.B.12
GH23,9.B.8
4.A.3,GH1,4.A.3,4.A.3,8.A.5,1.A.1,2.A.52,1.A.28
2.A.3,PL17_1,PL38,3.A.1,3.A.1,3.A.1,3.A.1,PL38
3.A.1,3.A.1,3.A.1,3.A.1,Crp,GT9,9.B.67,2.A.3,2.A.6,2.A.6
8.A.7,GT4,GT0
3.A.1,3.A.3,GH23
9.B.146,2.A.103,GT28
CE11,3.A.5
GT51,3.A.1,3.A.1,3.A.1,2.A.49,1.A.62,3.A.1
3.A.1,3.A.1,Aminotran_1_2,GT2,GT83,2.A.7
CBM50,3.A.1,3.A.1,3.A.1,2.A.17
CBM50,3.A.1,3.A.1,3.A.1
GT2,CE4|GH153,1.B.55
9.B.72,GH13_5
GT2,2.A.3
3.A.7,AA6,2.A.108,2.A.108,2.A.108,2.A.21
3.A.6,3.A.6,3.A.6,3.A.6,3.A.6,GH73
2.A.37,2.A.37,3.A.1,GT2,GT9,3.A.1,3.A.1,3.A.1,2.A.76
GH4,LacI,2.A.1
GH77,GT35,GerE,Rhodanese,9.B.104
GT35,GT5,CBM48|GH13_11,CBM48|GH13_9,9.B.33,3.A.1,3.A.1,GT2
2.A.23,PL2_1,1.B.35,EAL,1.B.55,GH8,4.D.3,GT2
1.C.73,1.C.73,1.C.73,2.A.1,GH13_19,Aminotran_1_2,2.A.81
3.A.1,3.A.1,3.A.1,3.A.1,2.A.1,GT2,1.B.14
GH171,1.B.21,GH3,HTH_6,SIS,4.A.1,2.A.3
GH102,3.A.7
2.A.1,GH31
GH13_29,4.A.1,LacI,3.A.3
2.A.3,GT26,9.B.128
GT56,2.A.66
GT0,9.B.146,3.A.6,1.I.1
2.A.95,GH23,3.A.1,3.A.1,3.A.1,3.A.1
PL2_2,3.A.1,3.A.1,3.A.1,3.A.1,1.B.35,2.A.23,TrmB,PL22|PL22,2.A.1
GH23,3.A.7
