2.A.7,2.A.7,GntR,GH13_29,4.A.1
8.A.5,4.A.3,4.A.3,GH170,4.A.3,2.A.1,HTH_8,Glyoxalase,3.A.1,2.A.4
2.A.7,3.A.1,3.A.1,GH31,2.A.2
3.A.1,3.A.1,3.A.1,GH13_31
9.A.11,2.A.15,3.A.23,2.A.109,GH25,3.A.1
GH4,4.A.3,4.A.3,4.A.3
2.A.53,GH1
GH13_31,GH13,3.A.1,CBM34|GH13_20
GT51,2.A.4,HisKA|HATPase_c,9.A.40
2.A.1,PfkB,GH32|CBM66|CBM66|CBM38|GH32,3.A.1,3.A.1,3.A.1
2.A.28,2.A.7,2.A.3,GT2
GT51,4.C.1
CBM50,2.A.1
2.A.6,CE4
8.A.59,HTH_AraC,3.A.1,GH68,GH32,2.A.53
2.A.7,GT1
2.A.76,3.A.1,HTH_11,GH18
GT28,CE4,3.A.1
GT4,GT4,GT0,Glyoxalase,2.A.102
9.B.18,NUDIX,GT28
2.A.3,9.A.11,GH13_14,3.A.9
2.A.1,9.B.169,GT4
3.A.1,3.A.1,3.A.1,3.A.1,3.A.1,2.A.7,CBM50,HTH_3,9.B.74
2.A.1,GH39
3.A.1,GH18
3.A.1,2.A.1,2.A.21,2.A.115,2.A.16,CBM50
9.A.11,2.A.3,3.A.1,1.C.113,HTH_5,CBM50
1.E.14,2.A.122,GT28,1.A.23,2.A.66
CBM50,TetR_N,1.E.40,2.A.3,CBM50
GH18,1.A.1
3.D.1,GT51,2.A.63,2.A.63,2.A.63,2.A.63,2.A.63,2.A.63,2.A.63
2.A.103,3.A.1,3.A.1,3.A.1,3.A.1,LacI,2.A.3,GH13_31,9.A.11,2.A.7
GT4,GT26,GT4,3.A.1,3.A.1,GT2,GT2,GT2,CBM50
3.D.1,3.D.1,3.D.9,3.D.9,3.D.9,Fer4,3.D.1,3.D.1,3.D.1,3.D.1,3.D.1,3.A.2,3.A.2,3.A.2,3.A.2,3.A.2,3.A.2,3.A.2,1.A.77,GT0
GT51,9.B.149
9.B.125,3.A.1,3.A.1,3.A.1,CE4,3.A.7,3.A.1
3.A.1,3.A.1,3.A.1,3.A.1,3.A.1,SIS,HTH_6,4.A.1,GH170,GH3,GH171,4.A.1,2.A.1,MarR,4.C.1
GH63,4.A.1
4.A.3,GH4,4.A.3,GH170
CBM50,2.A.23,2.A.86
2.A.76,4.A.3,PfkB,GH32,4.A.1
GT4,9.B.18,9.B.18,8.A.3,8.A.3
2.A.108,2.A.108,2.A.108,MarR,2.A.1,3.A.16,3.A.1,3.A.1,3.A.1,3.A.1,4.A.1,CE9
CE4,3.A.1
3.A.1,3.A.1,3.A.1,2.A.1,GH32
