GT30,HD,3.A.10
2.A.119,PL11_1
GT51,9.B.186
2.A.49,3.A.11,2.A.17,CBM50,GH73
GT4,LacI,3.A.11
3.A.25,GH5_2,GH51,2.A.37,GT2
9.B.146,2.A.103,GT28
GH3,2.A.123,GT2,GT83,HATPase_c,GH95
GH43_1,GH10,2.A.2,HTH_AraC,GH67,GH35,1.B.14,GH10
CBM36|GH8,1.B.14,GH13_8
1.A.23,9.B.174,CE19,2.A.6,2.A.6
CE2,GH43_12,1.A.8
9.B.18,GT2,9.B.18
GH105,CE8,PL1_2,1.B.18
GT4,GT2,9.B.18
GH36,4.A.5,2.A.1,3.D.10
GH13_38,9.B.18
4.C.1,3.A.1,Aminotran_1_2,PL1
3.A.1,2.A.47,GH115,HTH_AraC,GH95
GH32,8.A.46,1.B.14,2.A.2
GT9,3.D.1
GT2,GT4,2.A.98,GH13_28,1.A.11
CE4,2.A.35
2.A.47,Peripla_BP_2,3.A.1,1.B.14,GT51,CE11
3.D.5,3.D.5,3.D.5,3.D.5,1.B.14,PL1_2,GH3,1.B.14,8.A.46
2.A.76,Glucokinase,CBM20|GH77
2.A.62,GH43_4
8.A.46,1.B.14,GH26,GT19
2.A.1,GH5_7,1.B.14,GH5_4,CE7,GH26|GH26,GH130,2.A.2
3.A.1,3.A.1,GT2,GT2,GT2
GT2,2.A.114
1.B.14,GH3
1.B.14,GH97
