GH78,2.A.1
8.A.5,2.A.16,TetR_N,3.A.1,3.A.1,GH170,SIS|ANTAR,4.A.1,HTH_6,4.A.1,2.A.7
CBM50,2.A.87
GH8,GT2|GT2,GGDEF,4.A.5,4.A.5
4.A.3,GH1,4.A.3
GH170,4.A.3
GH1,GH13_31,4.A.6,4.A.6,4.A.6,4.A.6,LacI,LacI,GH31,4.A.6,4.A.6,4.A.6,4.A.6,4.A.6,GntR,SIS,4.A.6,4.A.6,4.A.6,GntR,4.A.6,SIS,SIS,4.A.6,4.A.6,4.A.6,GntR,GntR,8.A.5
GH13_31,9.B.141,3.A.1,3.A.1,3.A.1
3.A.1,LacI,PL8_1,LacI,4.A.1,GH1,HTH_6,GH1,4.A.1
GH25,3.A.3,GH25,2.A.1
GH65,3.A.1,3.A.1,3.A.1,3.A.1,GH13,GH13_31,LacI,GT2,GH25
GT28,9.B.146
2.A.40,4.A.3,4.A.3,4.A.3,GH1,4.A.3,4.A.3,GH1
4.A.1,GH1,8.A.5,2.A.41,Diacid_rec,2.A.8
2.A.118,GH65,3.D.10,HTH_DeoR,4.A.1
4.A.1,GH1
GH4,4.A.1,4.A.1,EAL,GT2,2.A.102,2.A.1
GH1,3.D.2,PALP,2.A.67
4.A.1,GH65,Pyr_redox_2,2.A.66
2.A.88,GT4,GT4
1.C.105,Sigma70_r2,GH73,9.B.97
GT51,2.A.3,3.A.1
2.A.1,GH73
4.A.3,2.A.3,1.I.1,GT4
4.A.3,4.A.3,GH1,GH1,HTH_6,4.A.3,GH170,9.B.34,9.B.34
2.A.26,GH73,9.A.40
4.A.1,GH32
GH73,2.A.1
9.B.34,GT0
