3.A.1,3.A.1,MarR,HD,GH13_11
CBM32|GH20,2.A.122,1.E.14
9.B.18,GT2
9.B.156,9.B.156,GH2,2.A.69
GH31,GH77,GH13_14,3.A.1,3.A.1,3.A.1,SBP_bac_1,3.A.1,3.A.1,3.A.1,9.A.40,3.A.3,DUF24,GH13_4,GH36,GH13_31,3.A.1,3.A.1
GH31,3.A.1,3.A.1,LacI,GH94
GT28,9.B.104
GH3,HTH_AraC,9.B.33,3.A.1,3.A.1,SBP_bac_1,3.A.1
GH130,1.A.11
3.A.1,3.A.1,3.A.1,GH136,GH112
GH0,3.A.1
8.A.59,SBP_bac_1,3.A.1,3.A.1,GH13_36,3.A.1
GH13_11,3.A.18
GT2,9.B.18,GT2,GT2,GT2|GT2,GT2,3.A.1,3.A.1
GH25,2.A.7
3.A.1,GT11
GT11,GT11,4.D.1,2.A.50
GT4,9.B.18,Aminotran_1_2,9.B.18,GT2
3.A.1,GT100
3.A.1,3.A.1,3.A.1,3.A.1,3.A.1,HTH_AraC,GH38,GntR,3.A.1,3.A.1,3.A.1
GH3,3.A.1,3.A.1
3.A.1,3.A.1,3.A.1,GH51
GH38,HTH_3,2.A.22
8.A.59,GT4,GT2
2.A.21,SBP_bac_1,2.A.2,GH3
2.A.7,GT51
2.A.66,GH39,LacI,2.A.66
3.A.1,3.A.1,3.A.1,GH31,CSD,GH38
2.A.16,GH125
3.A.1,3.A.1,8.A.59,HTH_AraC,GH3,GH20,GH2,3.A.1
GT2,2.A.50,2.A.87
2.A.115,GH13_31
2.A.115,MarR,3.A.1,3.A.1,GH36,4.A.1,8.A.7,PTS-HPr,4.A.1,CE9
GH38,2.A.66
GT2,2.A.66,3.A.1,3.A.1,HTH_AraC,8.A.59,3.A.1
GH38,9.B.20,LacI,GH51
3.A.1,3.A.1,3.A.1,GH55
9.B.158,GH13_20
3.A.3,CBM34|GH13_20
3.A.1,CE4,3.A.9,GH32,3.A.1,3.A.1
GH36,2.A.78,2.A.78
1.A.22,CE4
GH116,2.A.66,HATPase_c|Response_reg|HisKA|dCache_1,3.A.11
2.A.79,3.A.1,3.A.1,1.A.23,CBM48|GH13_9
3.A.1,3.A.1,3.A.1,3.A.1,GH127
GH32,HTH_3,3.A.1,3.A.1,3.A.1
1.A.26,GT2,4.D.2
3.A.1,3.A.1,3.A.1,GH165
3.A.16,GH13_39,2.A.115
GT113,2.A.66
GH35,3.A.1,3.A.1
