8.A.5,HTH_1,CE4,1.A.43,LacI,GH13_18,2.A.1,2.A.1
CE2,GH1,3.A.1
3.A.1,3.A.1,GH2
GH36,3.A.1,3.A.1,2.A.3,3.A.1,2.A.3,MarR,3.A.1,3.A.1
GT51,3.A.7
GH33,3.A.1
3.A.1,SBP_bac_1,LacI,GH94
GH5_37,3.A.1,3.A.1
GH13_30,3.A.1
1.A.22,GH26|CBM23|CBM23,1.C.113
GH23,Pkinase,1.A.1,3.A.1,CE4,3.A.3
2.A.36,GH36,3.A.1,3.A.1
3.A.1,3.A.1,3.A.1,GH112
3.A.1,3.A.1,GH31,9.B.27,3.A.1,3.A.1,3.A.1,GH29,GH3,GH31,GH5_4|CBM46,GH42
3.A.1,3.A.1,GH36,2.A.72
GT2,3.A.1,GH25,GT2,GT2,GT2
9.B.104,9.B.124,GT35
GH28|CE8,GH43_11,3.A.1,3.A.1
3.A.1,9.B.76,GH2
GH13_30,3.A.1,LacI,3.A.1,3.A.1,9.B.28,GH77
GT2,GH3,LacI,3.A.1,3.A.1,GH42,3.A.1
GH13_14,3.A.1,3.A.1
GH16_8,3.A.1,3.A.1
9.B.146,2.A.103,GT28
2.A.1,GH32,3.A.1
GH13_31,GH36,3.A.1
GT5,3.A.1
3.A.1,GH13_32
GT2,3.A.1
