9.B.33,SBP_bac_1,3.A.1,3.A.1,GH106
GH112,HTH_AraC,3.A.1,3.A.1,3.A.1
3.A.16,CBM34|GH13_39
4.A.3,SIS,GH4,4.A.3,4.A.3
3.A.1,HTH_AraC,2.A.2,CBM67|GH78
2.A.7,2.A.66,HTH_AraC,GH4,8.A.59,HTH_AraC,GH106,3.A.1,3.A.1,3.A.1,GH106,GH28
GH77,GT35,Peripla_BP_2,3.A.1,3.A.1
3.A.7,GH23
GH23,3.A.7
GT28,9.B.20
CBM48|GH13_9,LacI,3.A.10
GH13_18,3.A.1,3.A.1,2.A.1,2.A.66,9.B.28,3.A.2,3.A.2,3.A.2
3.D.1,3.D.1,3.D.1,3.D.1,3.D.1,Fer4,LacI,GH13_18
3.A.1,3.A.1,SBP_bac_1,GH106
3.A.1,3.A.1,GH65
2.A.66,2.A.66,CE4
9.B.18,9.B.18,GT4
3.A.1,GH13_11
2.A.22,2.A.22,9.A.11,GT51
CE4,2.A.66
GH32,3.A.1,3.A.1,SBP_bac_1,GH116
2.A.58,GT28,3.A.1,3.A.1
