8.A.59,3.A.1,3.A.1,MarR,GT2
GH36,2.A.2
GT26,GT4,3.A.1
GT4,GT4,GT4,9.B.18
GH77,GH13_36,3.A.1
9.B.34,EAL|GGDEF,Rrf2,GH95,NUDIX,GH94
2.A.66,GT2,AAA,2.A.50,GT4
GH13_20,9.A.11
3.A.1,3.A.1,SBP_bac_1,9.B.28,CBM35|GH26
GH105,3.A.1,3.A.1,3.A.1,EAL|GGDEF,3.A.1,3.A.1,3.A.1,GH28,2.A.5,3.A.18,GAF|GGDEF,3.A.1,3.A.1
2.A.69,HTH_3,3.A.1,HD,3.A.1,GH13_11,2.A.1
3.A.3,GH42
PL11_1|PL11,SBP_bac_1,3.A.1,3.A.1
CE12,HTH_AraC,3.A.1,3.A.1,GH105,GH112,3.A.24,2.A.4,2.A.45
CE12|PL11_1,3.A.1
9.B.20,GntR,3.A.1,3.A.1,3.A.1,GH53|CBM61
9.A.8,GH95
9.B.74,GH105
GT2,9.B.144
GT2,GT11,4.D.1
GT2|GT2,3.A.1,3.A.1
3.A.1,SBP_bac_1,LacI,GH53
CE2,2.A.66
3.A.9,CE4
CE17|CBM35inCE17,CE2,GH130,LacI,GH36,2.A.50
8.A.59,SBP_bac_1,3.A.1,3.A.1,GH88
1.A.23,CBM48|GH13_9
GH115,2.A.66
1.B.52,HTH_AraC,2.A.2,GH2
9.B.34,GH43_12
GH2,3.A.1,3.A.1
GT2,3.A.1
GT4,GT2,GT2,3.A.1,3.A.1
2.A.79,GH27
GH43_10,2.A.38,2.A.38
CBM67|GH78,9.B.70
GH5_4,3.A.3
9.A.40,GH43_26,1.A.22
