4.F.1,3.A.1,3.A.1,3.A.1,CBM50|GH23
2.A.115,GH13_14,LacI,3.A.1,3.A.1,3.A.1,GH77,GT35
8.A.3,8.A.3,9.B.18,GT26,GT4,GT0,GT2,2.A.66,Pyr_redox,GT113,GH25,GH25,GT51
GH2|CBM71|CBM71,GH29,CtsR,3.A.9
GT113,3.A.5,3.A.5,3.A.5,3.A.5,GT4,GT8,2.A.16,2.A.9
GH43_12,GH3,CBM67|GH78,GH3,HTH_AraC,2.A.2,GH2,GH1
2.A.38,2.A.38,GH31,GH13_31
GT2,3.A.7
GH32,4.A.1
GT8,GT2,GT4,3.A.9
GT4,GT4,9.B.145,Trans_reg_C,2.A.21
GH25,2.A.103
3.A.1,3.A.1,3.A.1,GH32
8.A.7,CBM48|GH13_9,GT5
3.A.1,MarR,3.A.1,3.A.1,3.A.1,GH92,GH125,GH38,GH20,3.A.1,3.A.1,SBP_bac_1,9.B.28,8.A.59
GT51,Peptidase_M23,GT0,GT2,GH8,3.A.14,3.A.14,3.A.14
3.A.1,3.A.1,GH1
3.A.1,GH13_31
1.A.33,GH20|GH20
GH36,3.A.1,3.A.1,3.A.1,GH13_18,GH3
3.A.1,GH13_5,3.A.1,3.A.1
4.A.3,4.A.3,GH1
2.A.2,GH3,CBM67|GH78
2.A.88,GH13_14
GT21,GT1,9.B.31
2.A.1,CBM50,3.A.2,3.A.2,3.A.2,3.A.2,3.A.2,3.A.2,3.A.2
4.A.6,4.A.6,4.A.6,4.A.6,GH35
3.A.5,CE7
8.A.5,CE9,2.A.58
CE4,1.I.1,GT2,GT2,GT2,GT4,GT2,3.A.1,GT4,GT0
