GH36,SBP_bac_1,3.A.1,3.A.1,LacI,2.A.21,GH32
3.A.1,3.A.1,3.A.1,GH2,3.A.1
2.A.40,GT9
2.A.27,2.A.66,1.B.21,PL2_2,3.A.1,3.A.1,GntR,GH105,3.A.1,3.A.1,GH28,CE8,2.A.25
9.B.186,CBM50
9.B.18,GT2,GT4
GH1,4.A.3,4.A.3,4.A.3,GH5_7
4.A.1,GH32
4.A.3,4.A.3,GH4,GH1,2.A.123
GT19,3.A.1
9.A.5,Aminotran_1_2,1.A.26,CSD,GH13_9,GT5,GT35,GH13_39,3.A.1,3.A.1,3.A.1
4.A.3,GH170,4.A.3,4.A.3,1.B.32
GT4,GT4,9.B.18
CE4,9.B.34,1.I.1
2.A.25,CE7,2.A.56,2.A.56,2.A.56
GH18,2.A.95
GH2|CBM51,2.A.15
3.A.1,3.A.1,GH35,3.A.1,3.A.1,SBP_bac_1,9.B.207
PL8_2,3.A.1,3.A.1,3.A.1,3.A.1,PL8
4.A.1,GH38,HTH_6,GH4
4.A.1,GH13_29
2.A.21,GH36,2.A.123
4.A.1,GH4,8.A.5
9.B.102,CE9
GT28,9.B.146
3.A.1,3.A.1,3.A.1,9.A.5,GH73,2.A.4,2.A.23
GT35,TrmB,3.A.1,3.A.1,3.A.1,1.B.3,GH77,3.A.1,3.A.1,2.A.3
GT83,2.A.123,GT2
GT104,3.A.1,2.A.51,2.A.51,2.A.102
GH4,4.A.1,LacI,GH13_31,4.A.1,2.A.16
2.A.1,LacI,GH36,2.A.2
8.A.3,8.A.3,3.A.1,9.B.18,GT2,GT4
