GH23,3.A.1
2.A.1,2.A.76,GH23,3.A.1
GT4,3.A.1,3.A.1,3.A.1,1.B.42
CBM50,3.A.1,3.A.1,3.A.1
GH3,1.B.12,2.A.117,HTH_1,3.A.1,2.A.58
5.A.3,5.A.3,HTH_AraC,5.A.3,5.A.3,5.A.3,5.A.3,HTH_3,GT51
GH23,3.A.1,3.A.1,3.A.1,3.A.1
GH23,2.A.47
GT113,MarR,2.A.1
4.A.1,CE9
2.A.1,GT2,1.B.33
GT25,1.E.34,9.B.27,2.A.22,1.B.12
CE9,1.B.14,Peripla_BP_2,3.A.1,3.A.1
2.A.40,2.A.3,GH2
2.A.103,GT28
CE11,3.A.5
GH73,2.A.50
GT83,2.A.7,2.A.7,GT83
GH102,3.A.7
GT26,9.B.128,GT56,2.A.66
4.A.1,GH65,1.B.15
3.D.10,3.D.10,GH32,3.D.1,HTH_8,3.D.1,3.D.1,2.A.7
4.A.6,4.A.6,4.A.6,4.A.6,CE9,SIS,4.A.1
3.A.1,CBM50,HTH_1,2.A.6,3.A.1,3.A.1,3.A.1
2.A.66,GT2,Aminotran_1_2,9.B.18,9.B.18
GT101,TOBE,HTH_DeoR,2.A.1
GH24,1.E.1
GT2,2.A.40,3.A.1,3.A.1,3.A.1
GH24,1.E.1
3.A.1,3.A.1,1.B.14,2.A.1,GT2,9.B.136,2.A.21
GT60,1.B.6
