2.A.21,GH31,SBP_bac_3,2.A.27,GT2
GT4,GT4,GT2,2.A.66,3.A.1,GH36
1.A.16,CE4,2.A.66
GT5,HMA,3.A.3,HTH_1,9.B.143,2.A.5
3.A.1,3.A.1,GH0
9.B.28,CBM48|GH13_9
3.A.1,HATPase_c|HisKA,Trans_reg_C,GH5_2,9.B.174,Peptidase_M23,3.A.1,HTH_8,3.A.1,2.A.115
2.A.38,2.A.38,GT35
2.A.66,3.A.1,3.A.1,3.A.1,GH39
2.A.88,GH10
3.A.1,3.A.1,CE4,GH115,GH10,3.A.1,3.A.1,3.A.1,3.A.1
GH73,3.A.9
2.A.115,CBM22|GH10
2.A.66,MerR,2.A.66,2.A.2,GH3,2.A.107
GH67,3.A.1
3.A.1,3.A.1,SBP_bac_1,GH43_12
CE17,1.A.23
9.A.40,3.A.1,GH13_11
2.A.40,Pribosyltran,2.A.66,3.A.1,3.A.1,LacI,GH94
3.D.10,GH10
2.A.66,B12-binding_2|B12-binding,GT2
GH13_39,3.A.16
GT2,GT2,3.A.11,3.A.7
GT4,3.A.1,3.A.1,GT4,GT4
3.A.3,3.A.3,GH2
3.A.1,Fer4,GT28,9.B.104
3.A.3,GT2,GT2,GT2
2.A.25,GH73
GT2,GT2,4.D.1
