GH130,9.B.14
2.A.6,2.A.6,CBM67|GH78,CBM67|GH78,GH78
GT51,2.A.38,TrkA_C,9.A.40
GT2,2.A.67,2.A.21,1.B.14
2.A.66,2.A.66,GH33,2.A.49,1.B.14,2.A.1
2.A.6,2.A.6,GH36
3.D.7,3.D.7,3.D.7,1.A.8,GT51,2.A.98
CE9,CE9,3.A.1,GH2
3.A.5,2.A.66,GT5,GH57,GT4,GH133
GH2,9.B.169,GH2,HTH_AraC,GH127
3.A.1,GH2,2.A.13
4.C.1,GT27,2.A.95
3.A.1,3.A.1,3.A.1,GH95,3.A.1
1.C.105,GT19
1.A.34,MerR,2.A.19,HD,GH23
GT28,2.A.103,9.B.146
GH2,8.A.46,1.B.14
2.A.1,PfkB,GH32,GH32,1.B.14
8.A.46,1.B.14,PL21
GH20,2.A.4,1.B.3
1.B.14,8.A.46,GH92,GH63,1.C.12,CE2,3.A.11
9.A.25,9.A.25,GH127
3.D.10,3.D.10,3.D.10,GH3
GH127,GH127,2.A.1,CBM66|GH51
3.A.1,GT2,GH73
9.A.25,GH109
GH13_38,3.A.10
2.A.66,Aminotran_1_2,GT1
1.B.42,HD,GH171
8.A.46,1.B.14,GH97,GH13
GH125,GH92,2.A.35,2.A.23
8.A.46,1.B.14,GH92,2.A.124,2.A.124,GH29
GT94,9.B.144,GT2,GT4
3.D.2,SKI,CE7,FecR,1.B.14,8.A.46,GH146,3.A.1,2.A.22,2.A.25
CE4,GT4,GT9,2.A.1
2.A.107,Nitroreductase,GT2
1.B.18,GT4
3.A.1,2.A.81,2.A.37,GH13_8
2.A.47,Aminotran_1_2,GH20,GH51,Response_reg,9.B.18
GT2,GT4,GT2,2.A.66,GT2,GT2,GT2
4.C.1,GH2,1.B.14,2.A.35
1.B.14,SBP_bac_3,HATPase_c|HisKA|PAS,3.A.18,GT2
1.B.9,2.A.115,2.A.66,GAF,GT51,2.A.33,2.A.37
GH43_26|GH43_33,GH92,2.A.64
GH23,4.A.2
GH2,HTH_5,1.B.42
3.A.5,GH29
CE9,2.A.1,CE15|CE15,GT83
CBM51|GH27,2.A.115,CE1,1.B.14
