GH3,2.A.1
9.B.18,GT0
9.B.10,CE1,2.A.114
1.B.42,3.A.6,GT2
2.A.6,2.A.6,GH3,GH144,1.B.14,GH144,GerE,GH13_10
GT2,2.A.4
9.B.146,GT28
1.B.14,GH16_3,GH128,2.A.5,3.A.5
2.A.49,GT2
1.B.14,GH92
GT5,3.D.1,9.B.14
2.A.66,GerE,FecR,1.B.14,8.A.46,GH20,2.A.115,1.E.14,2.A.122
1.A.33,GH13_8,GH133,GT4,GH57,GT35
1.B.14,GH20
2.A.1,CE9
3.A.2,3.A.2,CYTH,3.A.10,GH171,4.F.1,GH13|GH13_20,GH97,2.A.21
2.A.8,GH89|GH89
GT51,3.A.7,HTH_11,1.A.33
GH77,2.A.6
3.D.1,Pyr_redox_2,GH20,2.A.51,2.A.51
GH109,2.A.7
GH125|CE1,GH92,1.B.14,GH76,Trans_reg_C,GT2,2.A.38,LytTR,4.C.1,9.B.174
GH97,2.A.67
