3.A.1,2.A.38,2.A.38,2.A.79,2.A.79,GT2,GH2,HTH_5,HMA,3.A.3,2.A.66
5.A.1,3.A.1,NUDIX,2.A.78,2.A.78,HTH_AraC,GH3
GH31,2.A.2
2.A.2,GH38,3.A.1,3.A.1
GH2,2.A.2
GH95,2.A.36
9.A.8,9.A.8,FeoA,Fe_dep_repress,GH36
GH2,MarR,3.A.1,3.A.1
GH36,GH38,2.A.66,Pribosyltran,3.A.1,3.A.1
CE4,8.A.8
GH36,2.A.115,2.A.66
GH20,3.A.25
3.A.9,GH13_39
2.A.21,GH123
GH38,1.A.35,GH51,2.A.25,CE4,SBP_bac_3,3.A.1,3.A.1
9.B.146,2.A.103,GT28
4.C.1,GH13,3.A.1,3.A.1,3.A.1
9.B.18,GT4
2.A.66,9.B.18,GT0
3.A.1,3.A.1,3.A.1,3.A.1,3.B.1,3.B.1,Pyr_redox_2,GH39
1.A.26,GH26
2.A.22,GH28,2.A.103
GH29,3.B.1,2.A.20
