2.A.76,GerE,GT35,GH77,CBM48|GH13_9,CBM48|GH13_11,GT5,GT35,HTH_DeoR,9.B.104
2.A.23,GGDEF|EAL,1.B.55,GH8,4.D.3,GT2
1.I.1,3.A.6,9.B.146,GT0
2.A.66,GT56,9.B.128,GT26
4.A.7,4.A.7,4.A.7,LacI,GH2,2.A.2,1.B.25,2.A.1
3.A.1,3.A.1,GH4,8.A.59,LytTR,2.A.1
9.B.146,2.A.103,GT28
CE11,3.A.5
GT51,1.B.1
3.A.7,GH102
AA2,HTH_1,PALP,2.A.42
3.A.1,3.A.1,CE0
9.B.209,EAL,2.A.26,2.A.3,1.A.23,GH13_21
1.A.14,2.A.76,2.A.1,Aminotran_1_2,GT2,GT83,2.A.7
3.A.1,3.A.1,3.A.1,CBM50
GH23,2.A.42,3.A.1,3.A.1,3.A.1,3.A.1
GH3,3.A.1,2.A.3,3.A.1,3.A.1,3.A.1,2.A.42
2.A.21,9.B.1,GH13_19,9.B.174
GH108,1.E.2
3.A.1,3.A.1,3.A.1,GT2
GH2,GT2,3.A.1,3.A.1,3.A.1,3.A.1
GT2,2.A.1
3.D.7,3.D.7,5.A.3,3.D.7,GH3,3.D.1,3.D.1,3.D.1,3.D.1,3.D.1,3.D.1,3.D.1,3.D.1,3.D.1,3.D.1,3.D.1,3.D.1,3.D.1,HTH_1,9.B.27
1.M.1,GH108,1.E.56
GH103,2.A.114
GH154,GH105,CE9,4.A.6,4.A.6,4.A.6,4.A.6
GH20,1.B.25,4.A.1,CE9
9.A.40,3.D.2,GT4,3.A.1,3.A.1,3.A.1
2.A.64,8.A.5,2.A.52,GH23,4.C.1,4.C.1,2.A.15
2.A.72,GT35
GH1,2.A.56,2.A.56,2.A.56,HTH_1,2.A.61,4.B.1,2.A.1,2.A.1
2.A.96,GT2,2.A.23,1.B.17
2.A.3,GH23
1.E.3,GH104
3.A.1,GH23
