CE4,AAA,2.A.7
3.A.1,3.A.1,GT2|GT2
GT2,GT2,9.B.18,GT2
GH13_11,1.E.14,2.A.122
9.B.125,3.A.1,3.A.1,GT5,1.A.16
2.A.6,Spo0A_C|Response_reg,GT5
3.A.1,3.A.1,3.A.1,GH13_20
4.A.3,GH4,HTH_6,4.A.3,4.A.3
PL12,GT4,9.B.18,GT2,GT2
9.B.183,GT0
GT4,GT2,GT111,GT111,2.A.66
GT2,GT2,GT4,9.B.18,GT2
CBM48|GH13_9,3.A.1,3.A.1,3.A.1,3.A.1,3.A.1,3.A.1,3.A.1
3.A.7,GH23
GH13_29,4.A.1,4.A.1
GH77,3.A.1,LacI,3.A.1,3.A.1,3.A.1
2.A.66,HTH_11,4.A.1,GH36,HTH_AraC,GH13_31,HTH_AraC,2.A.45,3.A.1,2.A.21
3.A.11,3.A.7,1.A.33,GH0
GT51,GT51,9.B.174,1.A.34,3.A.1
2.A.120,GT35,Peptidase_M23,1.C.113,3.A.18
3.A.16,CBM34|GH13_39,GH13_31
GH32,4.A.1
GH73,3.A.3
CBM50,3.D.1
