2.A.114,3.A.1,3.A.1,SBP_bac_1,3.A.1,3.A.1,8.A.59,HTH_AraC,PL26,2.A.66
3.A.1,3.A.1,3.A.1,GH28,GH13_31,LacI,3.A.1,3.A.1,3.A.1,GH13_14,GH133,2.A.66,HTH_3,2.A.66
1.B.52,GH2
3.A.1,3.A.1,3.A.1,3.A.1,GH2
GT2,9.B.146,SBP_bac_1,3.A.1,3.A.1,HTH_AraC,GH2,GH67,2.A.88
GT35,9.B.34
GH42,Pyr_redox_2,3.A.1,3.A.1,3.A.1,HTH_AraC,8.A.59
GH35,3.A.1,3.A.1,LacI,GH2
3.A.1,3.A.1,3.A.1,2.A.66,GH127,3.A.1,3.A.1,3.A.1
3.A.2,3.A.2,3.A.2,3.A.2,3.A.2,GH28,GAF,GH154
GH106,GH142,3.A.1,3.A.1,GH33
3.A.1,3.A.1,SBP_bac_1,GT39
3.A.1,3.A.1,3.A.1,GH13_11
3.A.12,GT2,9.A.40
GT2,3.A.1,3.A.1
GT2,9.B.18,9.B.18
9.B.18,GT2
1.A.33,CE12|PL11_1,9.B.174,Peptidase_M23,3.A.1
3.A.1,GH51,GH2
GH127,Rrf2,3.A.1,3.A.1,3.A.1,PALP,3.A.1,3.A.1,2.A.66
3.A.1,3.A.1,3.A.1,GH138,GH42,GntR,3.A.1
3.A.1,3.A.1,3.A.1,3.A.1,3.A.3,GH2
CBM67|GH78,9.A.11,2.A.45,3.A.1,3.A.1
2.A.66,2.A.79,GH2,MCPsignal,GH28,2.A.122,1.E.14,GH28,2.A.66,GH2
GH88,3.A.1,3.A.1,SBP_bac_1,8.A.59,HTH_AraC,PL33_1,3.A.1
GT51,1.A.26,2.A.66,3.A.1,3.A.1
CE12,3.A.1,3.A.1,3.A.1,2.A.50
2.A.22,2.A.21,2.A.22,GH159
3.A.1,3.A.1,SBP_bac_1,CE19,GntR,3.A.9
2.A.86,Trans_reg_C,GH105,2.A.107
3.A.1,9.B.34,9.B.97,GH115,GH35,GH53,LacI,SBP_bac_1,3.A.1,3.A.1,TrmB,GH3
GT2,9.B.18
PL27,GH42,2.A.69,CBM67|GH78,2.A.66
3.A.1,1.A.23,CBM48|GH13_9
GH13_39,3.A.16
GH112,CE12,GH105,3.A.1,3.A.1
GH36,3.A.9
3.A.1,GntR,GH0
2.A.115,GH106,3.A.1,3.A.1
GH106,3.A.1,3.A.1,3.A.1
9.B.142,GT2,GT2
CE8,8.A.59,3.A.5
GH65,PL11,3.A.1,3.A.1
GH140,3.A.1,3.A.1,3.A.1
2.A.66,GH94,LacI,3.A.1,3.A.1
3.A.1,3.A.1,3.A.1,GT2,GH43_22
GT2,3.A.1,GT100
1.A.11,GH43_12,HTH_AraC,GH95,SBP_bac_1,3.A.1,3.A.1
GT28,GH28,HTH_AraC,SBP_bac_1,3.A.1,3.A.1,GH43_11,GH4
8.A.7,Spo0A_C,GT5
GH25,3.D.6,3.D.6,3.D.6,3.D.6,3.D.6,3.D.6
GT2,3.A.1,3.A.1,GH25,GH25
