GT51,3.A.1,3.A.1,3.A.1
2.A.115,GH13_14
GH25,2.A.115,2.A.16,GT2
GT10,GT2,GT2,GT32,GT2,3.A.1,3.A.1,GT2,GT2,GT4,GT4,GT2,GT4,GT4
GT0,9.B.18,9.B.18,9.B.18
2.A.21,GH171
8.A.59,3.A.1,3.A.1,3.A.1,GH95,GH112
GT28,2.A.103,9.B.146
GH29,3.A.1,3.A.1,3.A.1,SBP_bac_1,8.A.59
GH4,2.A.2
2.A.66,MarR,GH13_31,GH36
GH13_8,LysR_substrate,3.A.1,3.A.1,3.A.1
2.A.66,GH77
3.A.1,3.A.1,CBM34|GH13_20
3.A.1,3.A.1,3.A.1,GH4
CE4,2.A.37
3.A.1,3.A.1,3.A.1,3.A.1,3.A.1,3.D.10,CE7
CBM34|GH13_20,3.A.1,3.A.1,3.A.1,Rrf2,3.A.1,3.A.1,3.A.1,3.A.1,3.A.1,3.A.1
CE9,SBP_bac_1,3.A.1,3.A.1
GH2,GntR,3.A.1
GH13_36,3.A.1,3.A.1,3.A.1,GH13
GH3,3.A.1,3.A.1,3.A.11
2.A.66,CE9,Pribosyltran,9.B.124
GH112,3.A.1,3.A.1,HTH_AraC,3.A.7
GH1,GH94,LacI,3.A.1,3.A.1
GT5,GH13_39,2.A.66,3.D.6,3.D.6,3.D.6,3.D.6,3.D.6,3.D.6,2.A.19
GH2,3.A.1,3.A.1
2.A.103,GT35,2.A.58
3.A.3,3.A.1,3.A.1,3.A.1,LacI,GH77
