3.A.18,9.B.156,9.B.18,GH5_4,1.B.14,CE7,GH26,GH130,2.A.2
GT9,3.D.1
GH2,1.B.14,1.B.14,HTH_AraC,GH28,GH105|GH106,CE12|CE12,PL11_1,PL11
GH73,NUDIX,2.A.81
9.A.40,GT35,GT3,3.A.2,3.A.2
3.A.2,3.A.2,GH13_8
CE8,8.A.46,1.B.14,GH43_10
GH51,3.A.5,GT2
GT4,GT4,GT2,9.B.146,9.B.18
GH28|GH105|CE8,1.B.14,PL1_2
GH3,GH3,GH16_3,1.B.14
1.B.14,CBM4|GH10,2.A.4
9.B.146,2.A.103,GT28
GH97,1.B.14,3.A.11,2.A.23,3.A.1
GH51,GH43_5,GH43_4,1.B.14
GH92,GH92,1.B.14,GH28,GT2
3.A.9,2.A.67,GH18|CE4|GT2,GH51
8.A.46,1.B.14,GH5_4|CBM72,HTH_AraC,3.D.1,3.D.1,3.D.1,3.D.1,Fer4,3.D.9,3.D.9,3.D.9,3.D.1,3.D.1
CE2,1.B.14
GH3,1.B.14,CE1,GH3
8.A.46,GH31,GH43_24,1.B.14
GH2,1.B.14
GT2,GT4,3.A.1,3.A.1,2.A.25
1.C.105,2.A.51,2.A.51,GH13_6,8.A.46,1.B.14,LacI,2.A.2,GH77,GH97,GH13_14,GH13
GH2,2.A.1
1.B.6,2.A.28,3.A.1,GH115
9.B.171,HTH_AraC,GH43_1,GH10,2.A.2,GH67,GH35
1.B.14,GH43_7
GH43_10,2.A.115
1.B.14,8.A.46,GH36
PL1_2,GH3,2.A.1,3.A.1
3.A.1,GH25
GH2,GH53,8.A.46,1.B.14
2.A.1,PfkB,1.B.14,GH32,1.B.14,GH30_4,GH30_4,1.B.14
GH5_7,GH3,2.A.81,2.A.40
GH98,GH29,ATPase_2,1.B.14
GH5_21|GH43_10,2.A.16
GT11,3.A.1
GH43_4,1.B.14
PL11_1,GH2,HTH_AraC,1.B.14,8.A.46
4.A.5,GH105,GH154
2.A.17,CBM50
1.B.14,GH53,1.B.57
GH97,GH66,8.A.46,1.B.14
GH43_19,1.B.14,GH29
