3.A.1,3.A.1,3.A.1,3.A.1,GH136,3.A.1,3.A.1,3.A.1,GH112,GH112
GT51,1.A.26,9.B.34
GH26,3.A.15,3.A.15,3.A.15
3.D.6,3.D.6,3.D.6,3.D.6,3.D.6,FeS,3.D.6,GH25
GH127,SBP_bac_1,3.A.1,3.A.1,LacI,GH51,MarR,2.A.66
9.B.33,SBP_bac_1,3.A.1,3.A.1,GH38,GH28
GH35,2.A.66,HTH_AraC,3.A.1,3.A.1,GH105,CE12,GH112,GH28,GH51
CE1,CE17,GH43_12,8.A.59,HTH_AraC,3.A.1,3.A.1,3.A.1,GH8
GH13_20,SBP_bac_1,3.A.1,3.A.1
8.A.59,SBP_bac_1,3.A.1,3.A.1,GH28,1.A.11,2.A.66,8.A.5
3.A.1,3.A.1,GT4,GT4,2.A.115
GH28,HTH_AraC,SBP_bac_1,3.A.1,3.A.1,GH43_11
2.A.66,GH2,2.A.66,GH28
3.A.1,GntR,GH116,SBP_bac_1,3.A.1,3.A.1,GH32,8.A.59
2.A.86,GH5_2,2.A.45,9.A.11,2.A.66,3.A.1,3.A.1,3.A.1
GH13_39,3.A.16,3.A.16
2.A.115,2.A.45,GH3,HTH_AraC,GH105
2.A.66,GT2
GT2,3.A.1,3.A.1,3.A.1
9.A.47,EAL|GGDEF,3.A.1,GH2,2.A.66
GH36,2.A.2,GH2
2.A.25,GH2
3.A.1,3.A.1,GH130,GH130,GH130,CE17|CBM35inCE17
3.A.1,3.A.1,HTH_AraC,SBP_bac_1,3.A.1,3.A.1,GH65,GH105
GH53,3.A.1,3.A.1
3.A.1,3.A.1,3.A.1,3.A.1,3.A.1,HTH_AraC,8.A.59,Peripla_BP_3,GH77,2.A.66,2.A.66
CBM34|GH13_20,3.A.1,3.A.1,3.A.1
GT35,LacI,9.B.142
8.A.5,3.A.1,SBP_bac_1,GH33
9.B.18,GT4,GT2
9.B.18,GT0
GT100,3.A.1,GT2
GT2,9.B.146
3.A.1,GntR,GH0
3.A.1,9.B.34,9.B.97,GH3,3.A.1,3.A.1,3.A.1
GT2,9.A.40
3.A.1,3.A.1,CE8,3.A.1,3.A.1,LacI,GH94,2.A.36,2.A.36
GH77,3.A.1,3.A.1,3.A.1,GH4,GH4
GH13_11,3.A.1,3.A.1,3.A.1,3.A.1,3.A.1
CBM48|GH13_9,1.A.23,3.A.1,3.A.1,3.A.1,3.A.1,3.A.1,3.A.1
9.B.158,GT28
3.A.1,3.A.1,3.A.1,SBP_bac_1,GH33,GH106
PL33_1,HTH_AraC,8.A.59,SBP_bac_1,3.A.1,3.A.1,GH88,GH154,GH59,GH43_24
CE4,1.B.52,3.A.9,3.A.3
2.A.66,2.A.66,GH43_10
9.A.8,9.A.8,FeoA,FeoA,GH31,3.A.1
GH166,MCPsignal,4.A.1,4.A.1,CE9,8.A.7
GH32,3.A.1,3.A.1
3.A.1,3.A.1,3.A.1,GH13
CE8,8.A.59,3.A.5
3.A.1,3.A.1,CE12,GH115
GT2,9.B.18,GT2,GT2,GT2|GT2,GT2,3.A.1,3.A.1,GH25
GH28,GH105,GH106,SBP_bac_1,3.A.1,3.A.1
GT2,GT4,GT4,9.B.183,9.B.18,GT2
2.A.66,Sigma70_r2|Sigma70_r4_2,1.B.52,GH28
