GH95,3.A.1
3.A.23,GT26,9.B.174,9.A.25
GH43_11,3.A.1,3.A.1,SBP_bac_1,GH94,Pribosyltran,Peripla_BP_2,3.A.1,3.A.1,9.A.40,9.A.40
3.A.1,GH18,3.A.12
GH2,3.A.1,3.A.1,3.A.1,3.A.1,3.A.1,3.A.1,SBP_bac_1,3.A.1,3.A.1,3.A.1
GT104,2.A.16
3.A.5,3.A.11,GT4
1.A.11,GT2
3.D.10,3.A.1,3.A.1,2.A.23,3.A.1,3.A.1,2.A.21,3.A.1,3.A.1,3.A.1,LacI,GH77,CBM4|GH9
CE4,9.A.25
2.A.37,GH23
GT28,3.A.1,3.A.1
GT4,1.I.1
GT5,Aminotran_1_2,3.A.1,3.A.1,LacI,GH94
CBM50,4.C.1
8.A.7,GGDEF|Peripla_BP_3,GH23
9.B.18,GT4
GH5_7,3.A.1,3.A.1
GH3,HTH_AraC,4.A.2
9.B.106,FHA,GT4
1.A.16,GH77,GH13
GT2,9.B.144
