1.B.11,1.C.80,GH171,1.B.21,GH3,HTH_6,SIS,4.A.1,1.B.11
3.A.1,1.A.62,2.A.49,3.A.1,3.A.1,3.A.1,GT51
3.A.5,CE11
GT28,2.A.103,9.B.146
GH23,3.A.3,GGDEF,1.B.6,3.A.1,2.A.7
9.B.34,HTH_8,2.A.1,GT0,GT4,8.A.7
2.A.6,2.A.3,GT9,Crp,3.A.1,3.A.1,3.A.1,3.A.1
PL38,3.A.1,3.A.1,3.A.1,SBP_bac_1,PL38,PL17_1,2.A.3
GH104,1.A.35,4.A.1,GH1,Fer4,2.A.7
2.A.1,2.A.17,GT2
CE9,4.A.1
9.B.34,MarR,GH31,2.A.1
3.A.7,GH102
GH73,3.A.6,3.A.6,3.A.6,3.A.6,3.A.6
2.A.21,2.A.108,2.A.108,2.A.108,AA6,HTH_3,2.A.40
GH13_5,9.B.72
2.A.1,1.B.20,1.C.75,3.A.1,3.A.1,3.A.1,3.A.1,3.A.1,EAL,1.B.35,PL2_1
1.E.2,GH104,1.M.1
1.K.4,1.A.45,1.A.45,GH23
GH32,PfkB,2.A.1
1.E.2,GH24,1.M.1
GT4,GT4,GT4,3.A.1,3.A.1,AraC_binding,2.A.109,2.A.61,9.B.22,3.A.1
4.A.3,4.A.3,GH1,4.A.3,1.B.15,2.A.108,2.A.108,3.A.1,3.A.1
1.B.55,CE4|GH153,GT2
3.D.4,3.D.4,GntR,PL1_6
3.A.1,3.A.1,3.A.1,CBM50,2.A.1,HTH_1,2.A.1
2.A.21,9.B.136,GT2,2.A.23,GerE,2.A.21,3.A.6
3.A.1,AA10,3.A.15,3.A.15,3.A.15,3.A.15,3.A.15,3.A.15,3.A.15,3.A.15,1.B.22
GH8,1.B.55,4.D.3,GT2
3.A.1,2.A.1,GT2,1.B.14,1.A.14
CBM34|GH13_21,2.A.3,2.A.26
9.B.174,9.B.1,2.A.1,PL22|PL22,TrmB,2.A.23,1.B.35,3.A.1,3.A.1,3.A.1,3.A.1,PL2_2
3.A.1,3.A.1,3.A.1,3.A.1,GH23,2.A.95
PL22_1|PL22,3.A.1,2.A.42
1.B.42,3.A.1,3.A.1,3.A.1,GT4,9.A.40
CE9,4.A.1,1.B.25,GH20
3.A.1,3.A.1,3.A.1,3.A.1,1.B.14,FecR,GH129,HTH_AraC,4.A.3,4.A.3,4.A.3
GH1,4.A.1
3.A.1,3.A.1,2.A.1,TetR_N,2.A.3,GH103,5.A.3,5.A.3
1.B.25,GH1,4.A.1
2.A.8,SKI,2.A.95,9.B.33,CBM48|GH13_9,CBM48|GH13_11,GT5,GT35
2.A.3,GT26,9.B.128,GT56,2.A.66
GT0,9.B.146,3.A.6,1.I.1,GH28
3.A.1,3.A.1,3.A.1,CBM50
CBM5,2.A.7,2.A.7
5.A.2,2.A.34,GntR,3.A.7,3.A.1,3.A.1,Aminotran_1_2,GT2,GT83,2.A.7
2.A.37,2.A.37,3.A.1,GT9,3.A.1,3.A.1,3.A.1,2.A.76
2.A.121,PALP,8.A.8,8.A.7,4.A.3,HATPase_c|HisKA,Trans_reg_C,3.A.1,3.A.1,3.A.1,3.A.1,GT2,9.A.41,GT107|GT107,1.B.18,8.A.4,PALP,3.A.1,3.A.1,3.A.1,3.A.1,2.A.1
2.A.1,1.B.14,LacI,GH4
4.A.1,GH1
GT51,1.C.73
1.B.12,2.A.58,LacI,2.A.1,Peripla_BP_2,3.A.1,3.A.1,GH36,SIS,CE9,4.A.6,4.A.6,4.A.6,4.A.6
1.C.73,9.B.186,PadR,2.A.1,GH13_19,Aminotran_1_2,2.A.81
GH13_29,4.A.1,LacI,3.A.3
