GT2,GT2,9.B.18
3.A.1,GT2,3.A.1,GT8
CBM67|GH78,GH106,3.A.15,3.A.1,3.A.1
GH35,HTH_AraC,3.A.1,3.A.1,3.A.1,3.A.1,3.A.1,3.A.3
2.A.122,1.E.14,GH171,GH4
CBM67|GH78,3.A.1,3.A.1,3.A.1
3.A.11,GH32
2.A.66,9.B.198,PL37,3.A.1,3.A.1,3.A.1
2.A.66,NUDIX,GH38,SBP_bac_5,3.A.1,3.A.1,3.A.1,3.A.1
2.A.58,CBM67|GH78
3.A.1,GH38
3.A.1,3.A.1,4.D.1,GT2,GT2,2.A.39
GH29,3.A.1,GH13_8
1.A.33,TetR_N,2.A.66,3.A.1,CBM67|GH78
2.A.38,2.A.38,Pribosyltran,GH4
2.A.66,GH29
3.A.16,GT51,2.A.66
3.A.1,3.A.1,SBP_bac_3,GH36
3.A.1,3.A.1,3.A.1,3.A.1,CBM67|GH78,3.A.1
3.A.16,GH51
GH106,2.A.78,2.A.78,9.B.31
3.A.1,3.A.1,3.A.1,GT51
CE1,2.A.66
2.A.26,2.A.98,GH42
GT2,9.B.18
GH27,3.A.1
