GH28,2.A.2,MCPsignal,2.A.8
3.A.3,Pkinase_Tyr,GH13_9|GH13_20
GH1,GH94,LacI,3.A.1,3.A.1,FUR,3.A.1,3.A.1,3.A.1,HTH_5,2.A.119
PL1_2|CE8,9.A.11,PL9_1,1.A.33
CBM48|GH13_9,1.A.23
2.A.87,GT2
2.A.103,NUDIX,GH23
CBM34|GH13_39,3.A.16
3.A.1,CE4,1.B.52,3.A.1,3.A.1,3.A.1
2.A.50,GT2
GT4,GT4,9.B.18,1.A.35
3.A.1,3.A.1,GT4,GT2
GT4,GT4,GT4,GT4,3.A.1,3.A.1,GT4,GT4,9.B.18,GT2,9.B.18
2.A.2,GH13_11
3.A.1,3.A.9,GT111
2.A.21,CE8
2.A.66,Aminotran_1_2,CE12
1.A.26,GH36,2.A.2
1.E.12,2.A.86,PL1|CBM77|PL9_1
GH2,2.A.2
CE8|PL1,2.A.36
1.I.1,GH18
GT35,9.B.74,9.B.74,HTH_AraC,9.B.33,3.D.10,2.A.67,3.A.1,3.A.1,3.A.1,2.A.16,2.A.66,2.A.1,3.A.1,3.A.1,MarR,HTH_psq,8.A.59,3.A.1,1.A.33
2.A.4,3.A.5,CheW,GH77
3.A.1,GH105
GH43_10,3.A.1
GT2,9.B.34
9.A.11,9.A.11,GT51,SBP_bac_1,3.A.1,3.A.1,GH43_12,GH28,3.A.1
