1.B.14,8.A.46,GH144,GH3
3.D.1,3.D.1,3.D.1,CBM32,3.A.9
2.A.66,GH13_31,GH3
GH95,GH3,HTH_AraC,GH3,1.B.14,8.A.46
GH92,GH29,1.B.9,1.B.14
8.A.5,GH20
GT2,9.B.156,3.A.5,3.A.1
2.A.4,2.A.49,2.A.17,SpoIIE|dCache_1,GH116,2.A.3,2.A.35,2.A.6,2.A.6,8.A.1
2.A.1,Nitroreductase,GH2
GT3|GT35,GH57,GT4,GH133,GH13_8,2.A.81
2.A.1,GH125
1.B.73,GH92
GH2,4.A.2
1.A.22,GH23,Aminotran_1_2,2.A.66
2.A.124,2.A.124,HTH_AraC,GH3
GT2,2.A.1,GH20
1.B.14,8.A.5,GH95
GH3,3.D.10,3.D.10
3.A.10,GH31
GH141,2.A.22
1.B.6,GT51,2.A.5
9.B.158,GH29
2.A.66,GH84
2.A.53,GH2,3.D.4,3.D.4,2.A.86
GH31,GerE,FecR,1.B.14
4.C.1,2.A.66,2.A.115,GH20,GH20
GH89,1.B.14
GH29,1.B.5,3.A.7,3.A.7,GT0
1.B.14,FecR,GH29
GT28,2.A.103,9.B.146
1.A.23,LytTR,9.B.33,2.A.6,TetR_N,GH31,GH29|CBM32,GH29,GH2,GH2
GT19,2.A.33,2.A.6,2.A.6,2.A.6,HD,GH23
GT2,GT2,9.B.144,GT4,GT4
2.A.66,GH20,3.A.1,GH29|CBM32,2.A.6,2.A.6,2.A.6
GH109,2.A.9
2.A.6,GerE,GH2|CBM32,2.A.6
GT83,GT83,2.A.123,GT2
2.A.37,9.A.8,GH23,1.B.14,2.A.115
2.A.21,PL33_1,GH29|CBM32
9.B.18,GT0
GH20,3.A.9
GT0,9.B.18
GH20,GH20,GerE,FecR,1.B.14,8.A.46
