GH25,1.B.14,GT2,GT2
GH109,2.A.103
1.I.1,3.A.10,2.A.17,CBM50,3.D.9,3.D.1,3.D.9,3.D.9,3.D.9,Fer4,3.D.1,3.D.1,3.D.1,3.D.1
GT51,9.B.186,2.A.81,GT35,GT3
GH20,GH16_3,GH29,3.D.10,3.D.10
GH23,HTH_3,8.A.3,GT19,3.A.16
GH20,3.A.11
3.A.1,GT4,GT11,GT2,GT4,GT2
GT9,3.D.1
3.A.2,3.A.2,3.A.2,3.A.2,3.A.2,3.A.2,GT2
3.A.1,GT4,GT2,GH13,GH13_14,GH97,GH77
GH20,PIG-L,9.B.124
9.B.146,2.A.103,GT28
1.B.14,8.A.46,GH85,3.A.1
GT2,2.A.15,2.A.5
GH31,9.B.174
1.B.14,8.A.46,GH85,GH85
GH13_8,2.A.72
2.A.2,LacI,1.B.14,8.A.46,GH13_6
GH25,1.B.9
3.B.1,3.B.1,GT5
CE3,GH13_38,9.B.146
1.B.14,8.A.46,GH18
1.A.28,GH2|CBM32
