GH73,3.A.7
GT2,GT2,3.A.9
9.B.174,GH23
3.D.5,3.D.5,3.D.5,3.D.5,GH13,3.A.1
8.A.46,1.B.14,GH97
GH32,PfkB,2.A.1,2.A.9
GH29,1.A.62,9.B.186
1.B.6,CE9
CBM20,CBM20|GH77,2.A.2,2.A.6,2.A.6,2.A.6
3.A.1,3.A.1,Peptidase_M23,GT3,GT35
GT5,CBM20,GH13_14,1.A.30
GH92,GH92,GH130,2.A.2
GT2,9.B.97,9.B.97,GH84
2.A.21,GH20
2.A.86,GH31
GT2,GT4,Aminotran_1_2,9.B.18
CE4,1.B.14,GH20
GH29|CBM32,GH84,9.A.8
1.B.44,GH2
8.A.3,HTH_3,GH23
1.B.6,2.A.37,FUR,3.A.1,2.A.40,2.A.40,GH33
GH16_3,GH95,GH95,3.A.1
GH20,1.B.14
GH92,2.A.6,2.A.6,2.A.6
2.A.36,GH33
3.A.1,3.A.1,GT19|GT19
1.A.33,GH85,8.A.46,1.B.14
3.A.5,GT2
1.B.14,2.A.7,8.A.5,GH109,GH20,2.A.16,1.B.14
