3.A.1,GT19
GH27,GH42|GH5_13,9.B.35
GH130,2.A.30,2.A.21
CE11,2.A.95
GT2,9.B.114
2.A.36,2.A.4,GH148|GH148
GH130,3.A.7
9.B.146,1.A.33,GT9,GH140
GH4,3.A.9
3.A.1,8.A.1,GH127,HTH_AraC,CE9
GH39,2.A.21,Pyr_redox_2,9.B.146
2.A.8,2.A.7,GH33
GH148|GH148,GH148|GH148,GntR,8.A.5
GT30,SIS,8.A.7
3.A.1,3.A.1,3.A.1,MarR,2.A.66,GH113
3.A.3,GH39
GH148|GH148,3.A.15
GT2,3.A.15,3.A.1,3.A.1,3.A.1
GT4,1.A.11
GH5_37,FeoA,9.A.8
2.A.6,LacI,GH3,GH38,LacI,GH5,MarR,GH39,GH42
GH117,3.A.1,3.A.1,3.A.1
GH38,1.A.14,3.A.2,3.A.2,3.A.2
GT2,2.A.66,GH148
2.A.53,CE7,3.D.1,3.D.1,3.D.1
3.A.1,HTH_AraC,GH36,CBS,2.A.45,2.A.66,GH148|GH148
3.A.1,HTH_AraC,GH106,GH5,GH148|GH148,CBM67|GH78
CBM67|GH78,3.A.1
2.A.51,3.A.1,CE7
2.A.21,GH33,GH148|GH148
GH10,HTH_5,3.A.1,GH123,GH148|GH148
GT2,9.B.142
3.A.1,3.A.1,SBP_bac_1,CBM85|GH10
2.A.103,GT28
GH2,8.A.5,GH36,3.A.7,3.A.10
9.B.143,LacI,GH148
9.B.174,GH13_3|GH133
3.A.1,3.A.1,SBP_bac_1,CE15,PL35,GH148|GH148
3.A.7,Rrf2,GH37
3.A.11,GT4
2.A.102,GH36
2.A.7,GH106,3.A.1,SBP_bac_1,3.A.1,GH5
9.B.18,GT4
1.I.1,GH42
3.A.25,FHA,3.A.1,SpoIIE,2.A.7,CBM67|GH78
