GH0,2.A.120
4.A.1,GH1,GH1,1.A.8,2.A.36
GH95,3.A.1
3.A.3,GT35
GH84|CBM32,3.A.1,3.A.1,MarR,GH110|CBM32
9.B.18,2.A.66,GT4,GT2
GT2,GT2,GT2,2.A.66
2.A.66,GT2
9.B.104,GT28
GH1,4.A.1
2.A.66,GT2,GT2,GT2,GT4,GT4,9.B.183,GT2,GT4,8.A.3,9.B.18,Aminotran_1_2,9.B.18
GT2,Aminotran_1_2,9.B.183,GT4,GT2,GT4,8.A.3,8.A.3
2.A.118,GH84,4.A.3,GH4,4.A.3,4.A.3,GntR,3.A.16
CE9,SIS,4.A.6,HTH_AraC,4.A.6,4.A.6,4.A.6
3.A.18,NIR_SIR_ferr|NIR_SIR,GH123
2.A.36,1.A.34,GH170,4.A.3,4.A.3
1.A.26,GH32,PfkB,CBM51|CBM32|CBM51|CBM51,CBM32|CBM51,4.A.1
GH1,GntR,4.A.3,4.A.3,4.A.3
5.A.1,CE4,3.A.18
GH3,2.A.2
2.A.5,9.B.120,9.B.116,Pyr_redox_2,GH25|CBM50
2.A.66,CE4,2.A.40,9.B.34
GH13_29,4.A.1
2.A.66,GT1
GH95,8.A.21
3.A.1,3.A.1,3.A.1,3.A.1,GH73,2.A.25,1.A.1,GH77,LacI,HTH_8,3.A.1,5.A.3,2.A.49
1.A.26,GH2|GH2|CBM51,CBM32|CBM32|GH20|CBM32,LacI,GH13_31,4.A.1,2.A.87
2.A.25,GT51
2.A.66,GH84|CBM32|GH84|CBM32
2.A.107,GH2
GH32,4.A.1,4.A.1,LacI,2.A.66
2.A.8,3.A.1,3.A.1,3.A.1,GH101
GH39,3.A.9,CBM32|CBM40|GH33,8.A.5
GH13_14,2.A.109
8.A.5,GH1
4.A.1,GH2|GH2
2.A.114,GH31
3.A.5,3.A.11,3.A.7,3.A.7,CE9
2.A.51,GH101|CBM32
GT26,GT0,GT4,CE4,3.A.1,3.A.1
