3.A.1,3.A.1,MarR,GH38
GH13_11,GGDEF,Fer4,3.D.1,3.D.1,3.D.1,3.D.1,3.D.1
3.D.10,HTH_11,GH13_31
GT35,B12-binding_2|B12-binding,9.B.33
1.C.113,3.A.18,CBM34|GH13_39,3.A.3
GH42,Fer4,3.A.1,2.A.4
GH1,4.A.1,4.A.1,HTH_6,3.A.1
3.A.1,GH32,LacI,9.B.28
3.A.1,GH36,GH13_4,PfkB,GH3
GH3,Pribosyltran,2.A.66,GT2
GT51,9.A.11,3.A.3,CE9
2.A.115,2.A.40,GH31,2.A.66
GH73,1.E.19
GH42,GntR,3.A.1
3.A.1,2.A.40,2.A.26,2.A.7,GH120
4.A.6,4.A.6,4.A.6,GH2
GT35,HTH_AraC,GH77,4.A.1
GH13_29,4.A.1
CBM34|GH13_20,3.A.1,3.A.1,3.A.1
GH0,3.A.6
3.A.10,GT5,2.A.107
