GH3,2.A.1
3.A.1,GH28,PL40,HTH_AraC,1.B.14,GH115,GH67,GH10,GH35,2.A.2,GH10|GH43_12,GH43_1,GH67,2.A.47,HTH_AraC,GH115,GH43_10,CE6|GH95,CE15|GH8,GH97,HTH_AraC,GH43_29|CBM6,GH31,GH2,GH43_10,CE1,GH30_8,GH10,1.B.14,1.B.14,GH43_12
GT5,GH57,GT4,GH133,9.B.104
GT4,9.B.18
GH28,GH43_10,PL1_2,1.B.14,8.A.46
1.B.14,HTH_AraC,CE19,CE7,CE12|CE8,AraC_binding,CE8,GH105,4.A.5,2.A.1,2.A.64
2.A.38,3.D.1,3.D.1,3.D.1,3.D.1,Fer4,3.D.9,3.D.1,3.D.9,3.D.1,3.D.1,HTH_AraC,GH43_10,GH3
1.A.26,PL8_3,3.A.25,GT19
GH23,HD,MerR,1.A.34
2.A.6,2.A.6,PL10_1
2.A.6,2.A.6,2.A.6,HTH_AraC,GH3,2.A.50
GH2,8.A.46,1.B.14
3.A.1,CE4
PL8_2,PL8_2,8.A.46,1.B.14
GT8,GT2,GT9,3.A.1
GH146,GH29,2.A.1
GH23,2.A.21
2.A.7,2.A.107,GT2,1.A.43
GH13,3.B.1,3.B.1,3.B.1,Glyoxalase,2.A.37
GH3,GH127,1.B.14,GH106,GH106,GH28,GH28,HTH_AraC,GH43_12,GH127,GH38
2.A.6,2.A.6,2.A.6,GH25
3.A.7,PL15_2,1.B.14,8.A.46,PL15
PL8,GH33,GH88,HTH_AraC,1.B.14,8.A.46,GH95,PL12_2,GH88
2.A.81,PL12_2,GH88,8.A.46,1.B.14
PL37,2.A.66
GT2,4.C.1
3.A.11,2.A.49,GH97,GH43_35,GH31
1.B.14,8.A.46,GH88,PL12_2
2.A.1,GH109,3.A.1
PL21_1,3.A.1
GH23,B12-binding_2|B12-binding,9.B.29
3.A.1,GH13_14
GH43_28|CBM32,GH43_16|CBM6,GH43_29|CBM6,GH43_29|CBM6,GH43_10,2.A.1
GH13_36,8.A.46,1.B.14,GH2,GH53,LacI,2.A.2,GH65,2.A.6,3.B.1
2.A.1,GH32,1.B.14,GH32
PL1_2,8.A.46,1.B.14,HTH_AraC,GH105,2.A.7,GH28,PL11,GH106,GH105,GH43_19|GH2
GH171,2.A.21,GT2
GH43_2|CBM6,GH9,GH43_29,1.B.14,HTH_AraC,CE1,CE1,CE1,CE1,GH43_7|GH43_7
1.B.14,8.A.46,GH3,GH144
9.B.146,2.A.103,GT28
1.B.14,2.A.124,2.A.124,GH2,GH63,3.A.10
9.B.169,GH3,LytTR,3.A.1,3.A.1,8.A.1,3.D.4
GT51,9.B.186,2.A.66,CE9,3.A.1,3.A.1,3.A.1,3.A.1,TPR_1,GH13_8
CBM50,3.A.5
2.A.67,GH2
GT35,GT3,3.A.2,3.A.2,3.A.2,3.A.2
GT2,9.B.18,GT0,GT4,9.B.18
GT4,GT2,9.B.18
1.B.14,GH106,1.B.14
GT2,GT2,2.A.66
1.B.14,2.A.21,9.B.2,3.A.1,3.A.8,CE1,GH165,GH165,GH165,1.B.14,2.A.1
9.B.183,GT8
2.A.17,CBM50
GH3,8.A.5,HTH_AraC,GH3,1.B.14
GH26,GH130,2.A.2
2.A.21,GH43_4,1.B.14,1.B.14
GH10|CE1,2.A.81,GH16,4.C.1,1.B.14
