2.A.81,GH13_8,1.B.14,8.A.46,2.A.17
3.A.1,Aminotran_1_2,GH109,2.A.1,3.A.1,TPR_1,3.A.5
GT2,2.A.107
1.B.14,GH43_24
9.B.145,AAA,GH20
3.A.1,GT19
GH95,HTH_AraC,2.A.1,TPR_1|TPR_2,GH2,GH2
2.A.1,8.A.5,HTH_AraC,GH29,DUF24,GH29,CE17,GH2,Crp,GH5,GH2,2.A.1,HTH_AraC,GH2
2.A.95,2.A.123,GT2,GT83,GT2,GT2,2.A.50,2.A.66
GH2,9.A.25,GH109
GH51,3.A.1
GH16,2.A.88
GH35,2.A.122,1.E.14
9.A.25,HTH_AraC,GH43_8
GH95,3.A.1,GH3,GH13,GH16_3
CBM50,2.A.6
GT27,1.B.6
GH89,2.A.1
CBM9,2.A.66
GT5,2.A.49,9.B.18,2.A.16
2.A.66,GH20,GH92
2.A.35,1.B.14,GAF,GT51,3.A.1,3.A.1,3.A.1
9.B.146,2.A.103,GT28
CBM67|GH78,CBM67|GH78,2.A.1,GH159
GH133,GT4,GH57,2.A.6,2.A.6
2.A.7,GH78,CBM67|GH78
1.B.14,GT2
GH130,3.A.2,3.A.2,3.A.2
3.A.2,GH2,3.A.1,CE9,CE9
GH2,2.A.13
GH31,GH2,4.A.2
GH92,2.A.66
GH171,GerE,FecR,1.B.14
GH43,GH127,GH127,2.A.79
GH51,2.A.115
2.A.1,GH51
2.A.6,2.A.6,GH73
1.B.14,9.A.25,GH127,8.A.46,1.B.14,1.B.14
1.B.14,8.A.46,GH139|GH139,GH3,GH88,GH154
GH43_2,GH38,GH43_28|CBM32,GH97,HTH_3,4.C.1
2.A.124,2.A.124,GH92
GT2,3.A.1,3.A.1
9.B.174,2.A.51,2.A.51,Glyoxalase,1.B.14,8.A.46,GH77,2.A.2,GH13_14,8.A.46,1.B.14
GH92,8.A.5,1.A.35
1.A.26,GH110
GH2,9.B.169,GH2
1.B.14,FecR,GH29|CBM32,8.A.46,1.B.14
GT2,GT0,2.A.66
9.A.40,FecR,1.B.14,GH33,2.A.66
GH20,Aminotran_1_2,3.A.9
GH30_5,1.B.14,FecR,GerE,2.A.1
GH92,2.A.1,2.A.1,HTH_AraC,3.A.1,3.A.1,1.B.42
GT2,GT4,GT2,9.B.144
GH20,1.B.14,GH20
GH13_28,9.A.8
GH106,9.A.25,9.A.25
GH43_3,GH29,HTH_AraC,2.A.21
1.B.14,2.A.1,PfkB,GH32
GH84,3.A.2,3.A.2,3.A.2
2.A.19,GH92,2.A.64
