CBM48|GH13_9,3.A.1,3.A.1,3.A.1,3.A.1,8.A.7
3.A.1,3.A.1,3.A.1,GH95,HTH_AraC,GH112,HTH_AraC,8.A.59,3.A.1,3.A.1,3.A.1,GH29
3.A.1,3.A.1,3.A.1,3.A.1,GT4,GT2,HTH_AraC,8.A.59,3.A.1,3.A.1,3.A.1,3.A.1,Peripla_BP_1,8.A.59
GH32,PTS-HPr,3.A.1,3.A.1,3.A.1,3.A.1,LacI,3.A.1,3.A.1,3.A.1
9.B.28,CE4,2.A.115,3.A.1,3.A.1,3.A.1,3.A.1,3.A.1
2.A.25,3.A.2,3.A.2,3.A.2,3.A.2,3.A.2,2.A.66,GH42,GH1
9.B.33,3.A.1,3.A.1,SBP_bac_1,GH28,GH3,GH29
GH18,2.A.38,2.A.38,3.A.1
3.A.3,GH13_4
GT2,Trans_reg_C,3.A.7
2.A.88,GH13_20,2.A.66,GH78
GT113,GT4,GT2,GT111,9.B.18
3.D.1,3.D.1,Fer4,GH73
3.A.1,GntR,GH13_11
GT2,GT2,GT2,2.A.66
GT2,9.B.144
GH32,3.A.1,3.A.1
2.A.56,9.B.34,GH13_31
3.A.1,3.A.1,LacI,GH94,3.A.1,3.A.1,3.A.1,3.A.1,3.A.1
3.A.1,3.A.1,HTH_AraC,9.B.33,SBP_bac_1,3.A.1,3.A.1,9.B.28,GH3,CBM67|GH78,HTH_AraC,8.A.59,3.A.1,3.A.1,3.A.1,3.A.1
GH13_11,2.A.40
3.A.1,3.A.1,GT2|GT2,GT2|GT2,GT2|GT2,GT2,9.B.18,GT2
GH77,2.A.79,CBM48|GH13_9
GH36,3.A.1,3.A.1,3.A.1
3.A.16,CBM34|GH13_39,3.A.1,3.A.1,3.A.1
2.A.79,3.A.1,3.A.1,3.A.1,HTH_AraC,8.A.59,3.A.1,GT35
2.A.50,GH43_35
2.A.39,HTH_AraC,3.A.1,3.A.1,3.A.1,GH2,GH42
