GH3,PfkB,GH32,2.A.1
3.A.1,GH65
3.A.1,3.A.1,GH65
3.A.1,CE4,CE4
2.A.1,2.A.45,GT2,GT4,9.B.74,3.A.1,3.A.1,3.A.1,3.A.1,3.A.1,3.A.1
9.B.158,2.A.21,4.A.3,4.A.3,4.A.3,GH4
GH18,2.A.38,2.A.38
GH13_20,GH13_31,2.A.115
1.B.52,3.A.1,3.A.1,CE4
2.A.53,GT51
8.A.3,8.A.3,9.B.18,GT26,GT4,GT2
9.B.146,2.A.103,GT28
4.A.1,GH170,3.A.11,3.A.7
8.A.3,8.A.3,9.B.18,GT4
CBM50,3.A.1,2.A.1,2.A.1
CE4,3.A.3,Peptidase_M23,GH73
GH170,4.A.3,4.A.3,4.A.3
9.B.34,GT51,4.C.1
3.D.1,GT51,2.A.63,2.A.63,2.A.63,2.A.63,2.A.63,2.A.63,2.A.63
GH73,GH73,1.B.12
3.D.1,3.D.1,3.D.9,3.D.9,3.D.9,Fer4,3.D.1,3.D.1,3.D.1,3.D.1,3.D.1,3.A.2,3.A.2,3.A.2,3.A.2,3.A.2,3.A.2,3.A.2,1.A.77,GT0
GT51,9.B.149
