3.A.1,3.A.1,GH2,3.A.5
3.B.1,GT2,CBM67|GH78
GH13_39,GT35,GT5,CBM48|GH13_9,1.A.23,3.A.1
GH106,2.A.69
CBM67|GH78,2.A.66
9.B.97,GH42,3.A.3,2.A.66
2.A.86,GH78
2.A.107,GH140
GH36,HTH_AraC,9.B.18
GH36,1.A.35
3.A.3,GH127,GH32,GH32,GH32
3.A.1,3.A.1,3.A.1,3.A.1,GH163
GH4,GT8,2.A.49
CBM50,3.A.1,3.A.1,AAA,MarR,2.A.66
GT2,9.B.105
3.A.1,Sigma70_r4|Sigma70_r3|Sigma70_r2,CE4
GT39,3.A.1,3.A.1,3.A.1
CE4,GT84,GH94,2.A.50
2.A.66,GT2
9.A.8,GT2
GT2,9.A.8
3.A.1,GH63
3.A.1,GH2|CBM32
CE4,3.A.2
3.A.1,CBM67|GH78
3.A.16,GH78
8.A.21,GH95
4.C.1,GT51
