4.D.2,GT4,GT4
2.A.37,1.C.105,GH73
4.A.5,CE9,GH31
GH1,4.A.3,4.A.3
2.A.3,GH13_31,LacI,4.A.3,GH36,3.A.18
3.A.1,LacI,GH32,4.A.1
3.A.1,GH25
GH170,4.A.2
GH13_18,GH36,3.A.1,3.A.1,3.A.1,3.A.1
GH42,2.A.2,LacI,GH2
GH1,3.A.1,3.A.1,SBP_bac_1,CE7,GH36,GH36,3.A.1
GT51,1.A.8
GH13_31,CBM34|GH13_20,GH65,3.A.1,3.A.1,3.A.1,3.A.1
8.A.3,8.A.3,9.B.18,GT4,GT1,GT1,GT32,GT2,GT4,2.A.66
GT2,4.A.3
4.A.1,GH1
GT26,GT4,3.A.3,3.A.3,2.A.66,GT32,GH73
4.A.1,HTH_6,4.A.1,Nitroreductase,9.A.40,Pribosyltran,2.A.3,GH25,3.A.18,4.A.3
4.A.1,GH1,2.A.3
3.A.1,3.A.1,GH25
9.B.146,GT28
GH1,GntR,4.A.3,4.A.3,4.A.3,GH1,GntR,4.A.3,GH1
2.A.79,GT4
4.A.1,GntR,GH13_29,9.B.10,2.A.3,GT4
4.A.3,HTH_AraC,4.A.1,GH32,GH36
