GH13_20,GT5,CBM48|GH13_9,MerR,9.A.40,3.A.11
9.B.146,2.A.103,GT28
GH112,3.A.1,3.A.1
9.B.156,9.B.156,FeoA,9.A.8,GH2
CE4,2.A.1
8.A.59,HTH_AraC,3.A.1,SBP_bac_1,3.A.1,3.A.1,3.A.1,3.A.1,CBM67|GH78
3.A.1,3.A.1,GH106,GH27
3.A.1,3.A.1,3.A.1,GH2
GH163,3.D.6
GH77,3.A.1,3.A.1
2.A.103,GH18
3.A.1,3.A.1,3.A.1,3.A.1,SpoVT_AbrB,GH2
GH29,HTH_AraC,4.A.3
CE2,3.A.1,3.A.1,3.A.1,3.A.1,3.A.1
GH77,GT35,SBP_bac_1,3.A.1,3.A.1
3.A.1,3.A.1,3.A.1,HTH_AraC,3.A.1,3.A.1,3.A.1,3.A.1,SBP_bac_1,GH31,HTH_AraC,GH51
3.A.1,GH31,GH38
3.A.1,3.A.1,TPR_2,3.A.1,3.A.1,SBP_bac_1,SBP_bac_1,GH94,GH35,GH3
GT2,9.B.142
GH28,GH27,GH32,GH28,3.A.1,3.A.1,3.A.1,3.A.1,SBP_bac_1,GH36,GH28,GH28
3.A.1,3.A.1,GT4,GH31,LacI,GH32,3.A.1,3.A.1
GH18,3.A.1
3.A.1,3.A.1,SBP_bac_1,GH78
2.A.61,CBM67|GH78,HTH_AraC,3.A.1,3.A.1
GH43_28,3.A.1
GT2,9.A.40,Fer4,2.A.85
3.A.1,3.A.1,CBM67|GH78
3.A.1,3.A.1,SBP_bac_1,GH78,HTH_AraC,GH43
3.A.1,3.A.1,GH36,GH110,SBP_bac_1,GH110,HTH_3,2.A.88
3.D.1,3.D.1,CBM67|GH78,GntR,3.A.1,3.A.3
3.A.1,3.A.1,GH2
3.A.1,GH25
GH1,GH94,HTH_AraC,9.B.33,SBP_bac_1,3.A.1,3.A.1
GT2,TetR_N,2.A.6
