3.A.1,GT4
2.A.36,3.B.1,GH123
CBM67|GH78,GH85,MarR,3.A.1,3.A.1
2.A.1,GH9,2.A.1,8.A.21
3.A.1,GH25,NUDIX,2.A.58,GH77,GT35
GH85,GH85,2.A.4
2.A.40,Fe_dep_repress,GH39
GH33,2.A.49
9.B.18,GH29
GH2,2.A.103
3.A.1,1.A.33,HTH_DeoR,2.A.119,GH18,GH113
3.A.1,3.A.1,CBM48|GH13_9,GT5
2.A.66,MarR,GH36
3.A.1,3.A.1,GH143
9.B.141,GH20
GH29,1.A.22
GT2,3.A.1
GH13_39,3.A.3,HMA,HTH_5,3.A.1
2.A.66,SIS,GH117|GH117,GH43_34
9.B.18,GH85
2.A.50,1.C.113,GH120
GH85,2.A.66
8.A.5,GH163,GT2
GH73,1.E.19
3.A.1,3.A.1,SBP_bac_1,GH20
GT28,2.A.103
GH92,8.A.59
GH136,HTH_AraC,8.A.59
2.A.1,GH51
GH125,3.A.3
GH2,2.A.7
2.A.66,CE4
