CBM67|GH78,1.A.33,3.A.8
GT28,2.A.103,9.B.146
2.A.50,2.A.37,GH3
GH29,3.A.1
3.A.1,GH38
3.A.1,3.A.1,GH106,GH31,3.A.1,3.A.1,3.A.1,3.A.1
GH163,3.A.18
2.A.20,NUDIX,3.A.1,GT4
3.A.1,GT8
GT2,1.A.62
GH36,LytTR,3.A.1,3.A.1,2.A.16,2.A.66
4.C.1,HTH_3,GH92,3.A.1
3.A.2,3.A.2,3.A.2,GH35,2.A.66,Pribosyltran,2.A.40,2.A.66,3.A.1,3.A.1
2.A.51,2.A.51,CE4
3.A.1,GH2,3.A.1,3.A.1,Pribosyltran,GH36,3.A.1
GH38,3.A.1,3.A.1,3.A.1
3.A.3,GH4
GT84|GH94,9.B.70
GH109,GH109,9.B.174,Peptidase_M23,3.A.1
GH3,9.A.40
3.B.1,3.B.1,3.B.1,3.B.1,9.A.28,GH39
GH38,3.A.5
GH36,1.A.22
9.B.146,GT0
