GH43_29|CBM6,2.A.40
GH98,2.A.22
9.B.146,2.A.103,GT28
PL11_1,3.B.1
3.D.10,3.D.10,GT90
GH43_24,2.A.115,GH5_21,CE6
9.B.125,GH146,3.A.1
3.A.9,9.B.186,GT51,1.B.14
GT3,GT35,3.A.12,3.A.1,Glyoxalase,3.B.1,3.B.1
9.B.146,2.A.81,2.A.79,HTH_1,GH28,GH43_10,GH88
2.A.2,GH10,GH43_1
GT2,3.A.11
9.B.174,CE15
GT9,2.A.66,2.A.53,GT2,GT4
1.B.14,GT14
2.A.38,2.A.38,GH146
GH2,3.A.1
GH29,2.A.1,8.A.5
GH43_29|CBM6,GH97,1.A.23
2.A.81,GH28
3.A.1,GH3
2.A.7,GH115,GH95,GH43_35
9.B.156,2.A.28,CBM13
GT2,1.B.44
PL1_2,GH51,3.A.1,3.A.1
2.A.40,GH127,GH43_29|CBM6
GH43_10,1.B.14
GT4,9.B.18,GT4,GT2,GT32,GT4
GH146,1.B.9
2.A.6,2.A.6,GH43_35
2.A.9,2.A.1,2.A.17,HTH_AraC,GH31
9.B.144,GT30
