GH2|CBM32,HTH_AraC,2.A.1
2.A.45,GT2
3.A.1,3.A.1,3.A.1,GH78
GH106,GH78,HMA,1.A.33
CE1,2.A.66
9.B.146,2.A.103,GT28
GH2,9.A.11,3.A.1,3.A.1
GT4,9.B.18,8.A.3
CBM67|GH78,2.A.66,1.A.34
CE4,2.A.6,2.A.6
GH13,3.A.1,3.A.1,3.A.1,3.A.1
2.A.66,GT2
GT4,9.B.18,3.A.7
GT2,3.A.1,3.A.1,3.A.1,3.A.1
3.A.1,GH4
3.A.2,GH38
GH30_2,3.D.10
GT0,3.A.1,3.A.1,3.A.1,2.A.78,2.A.78
9.B.34,GH38
SLH,3.A.1
9.B.114,PL33_1,2.A.25
GH42,PL37,Sigma70_r4,3.A.5,GH2
CBM67|GH78,2.A.22,1.C.82
GH127,HTH_AraC,9.B.20
2.A.66,HD,CBM67|GH78,GH2
GH123,Glyoxalase,3.A.1,3.A.1,3.A.1
2.A.25,3.A.3,CBM67|GH78,3.A.1
1.C.109,HTH_AraC,GH2
GH151,2.A.87
9.B.34,CYTH,GT0,9.B.18,9.B.18,8.A.3,8.A.3
