CE4,1.C.105
3.A.1,GT11,GT2,GT2,GT2
4.C.1,GH13_28|CBM74
9.B.146,2.A.103,GT28
CE7,HATPase_c,9.B.174,2.A.28
GH32,2.A.1
1.B.14,GH32
CE12,GH25,2.A.35
9.B.186,GT51,1.E.34
3.A.1,Aminotran_1_2,1.B.14,8.A.46,PL1_2,1.B.14,8.A.46
GH87,GH31,GH66,GH97,GH27,1.B.14
1.B.14,8.A.46,PL6|PL6_1,PL17_2|PL17,2.A.1,PL38,1.A.33
2.A.66,GT2
1.B.57,GT4,GT2
GH13_8,1.I.1
9.B.168,2.A.9,1.B.14,GH30_3
3.A.1,GH13_6
3.D.1,GT9
1.B.9,GH25
GH3,GH144,GH43_28|CBM32,8.A.46,1.B.14
GH36,ATPase_2,4.C.1
1.B.14,8.A.46,GH99,GH97
GH97,GH13,GH13_14,GH97,CBM20|GH77,2.A.2
1.B.14,GH16_3
PL10_1|CE8,1.B.14,PL1,PL1
2.A.37,GH2
3.A.18,9.B.196,CE19
CE8,1.B.14
3.A.11,GT51
3.A.1,GH115
GH2,1.B.14
