1.B.14,1.B.14,8.A.46,PL29,2.A.66
GH127,FecR,1.B.14
GH42,GH31,GH97,GH3,2.A.1,HTH_AraC,2.A.115,2.A.66
GH31,HTH_AraC,GH29,GH5_4,1.B.14,GH5_4,GH43_12|GH43_16,GH2,GH2|GH2,GH95,GH3
1.B.14,GH27,GH27,GH97,GH97,2.A.115
8.A.46,1.B.14,GH117|GH117,PL21_1,FecR,GH89,1.B.14
GH89,GH20,3.A.1,3.A.2,3.A.2,3.A.2
3.A.1,GH63,GH2,2.A.124,2.A.124,GH2,GH63,1.B.14,GerE,2.A.51,2.A.51,HTH_AraC,2.A.76
2.A.2,GH10,GH43_1,GH67,GH43_29,1.A.34,MerR,HD,GH23,8.A.3,GT19
PL15,GH29,PL15,9.B.171,8.A.46,1.B.14,GH88,PL15,1.A.35,HhH-GPD,CE1
1.B.42,3.A.1,3.A.1,GH13_14,8.A.46,1.B.14,GH97,GH13
3.A.1,3.A.8,GH51,2.A.38
1.B.14,GH91,GH32
GH32,2.A.1
GH16_3,GH20,GH29,HTH_AraC,1.B.14,GH29,GH20
GT28,2.A.103,9.B.146
GH35,1.B.14
2.A.40,GH29,ACT,9.A.24,Aminotran_1_2,2.A.115
2.A.66,HATPase_c|HisKA|Response_reg,GH115,GH2,GH30_8
GT2,GT32,2.A.66
1.B.14,HTH_11,HTH_AraC,GH28
9.B.144,9.B.35,GT2,GT4,GT0,GT2
9.B.97,GH20,GH2
CBM50,2.A.36,9.B.169
1.B.14,GH43_4,GH43_5
PL12_2,PL12_2,1.B.14,8.A.46,GH88
2.A.5,GT2
GH3,8.A.46,1.B.14,1.B.14,GH16_3
1.B.14,8.A.46,GH66,GH97
GH88,PL8_3,1.B.14,GH29
1.B.18,9.B.146,GT4
GH92,GH130,1.B.14
PL35,1.B.14
1.B.14,GT1
GH26,GH130,2.A.2,1.B.14,GH26|GH26,2.A.36
GT2,2.A.1
2.A.4,Nitroreductase,PL8_2
1.B.14,8.A.46,GH53,GH2|GH53
9.B.18,GT4,GT4,GT4
9.B.27,1.C.105,GH2,GH43,GH51
GH73,2.A.1
PL33_1,3.A.1,3.A.1,3.A.1,3.A.1,CE4
GH117|GH117,GH95,4.C.1
1.B.42,HD,GH171,3.A.5,2.A.66
PL30,8.A.46,1.B.14
GH2,3.A.11
GT2,2.A.107
GH25,9.B.55
