3.D.6,3.D.6,3.D.6,3.D.6,3.D.6,3.D.6,3.D.6,2.A.87,GH1
GH1,2.A.66,3.A.3
3.A.3,HD,GAF,CE4
2.A.66,GH1
GH1,Aminotran_1_2,4.A.3,4.A.3,GerE,3.A.1,9.A.8,GT5
GH32,2.A.66
1.C.113,GH1,LacI,4.A.3,GH140
4.A.3,GH1
GH1,HTH_6,GH1,2.A.78
3.A.1,3.A.1,GT2
3.A.1,3.A.1,MarR,4.A.3,GH1,HTH_6,3.A.1,3.A.1,3.A.1,3.A.1,3.A.1,3.A.1,3.A.1
2.A.69,2.A.35,GH16_6|GH16_6,GH1
8.A.9,GH13_29
GH84,3.A.1
9.B.34,GT51,GT51,2.A.38,2.A.38,HTH_AraC,2.A.23,2.A.53,2.A.66,9.A.40
2.A.115,GH13_20
CE4,2.A.114
2.A.88,3.D.1,GH25
GT4,GT2,3.A.1,3.A.1
2.A.25,HTH_6,4.A.3,HTH_1,2.A.115,GH1,3.A.1
9.B.146,GH170,9.B.157,1.A.34
GH13_14,2.A.23
9.B.18,GT4,GT2,GT2,GT2,2.A.66
2.A.98,GT35,GH13_9
GT4,GT4,HD,4.A.3
4.A.1,4.A.1,GH1
4.A.3,GH1
