GH43_35,2.A.4
GH9,2.A.21
CBM35|GH26,3.A.3,3.D.10
GH1,2.A.22,NUDIX,3.A.1,GntR,GH59,GH5_1
GH5_4,4.C.1
CBM22|CBM22|GH10|CBM9,2.A.49
9.B.74,3.A.3,1.A.26,GT2,8.A.5
9.B.160,9.B.18,GT4,GT4,9.B.100
3.A.1,GH94,2.A.25
3.A.16,PL11|CBM13|CBM13
9.B.146,2.A.103,GT28
GH2,2.A.37,GH9|CBM3
3.A.1,1.A.11,Trp_repressor,GH9|CBM3
3.A.1,GT5
3.D.1,3.A.1,3.A.1,GT4,GT4,GT2
CBM4|GH9,GH9|CBM79,2.A.49,1.A.16
GH43_11,2.A.2,HTH_AraC,3.A.1,3.A.1
GT4,3.A.1,3.A.1
GH44|CBM76,HATPase_c,GH5_4,GntR,2.A.122,1.E.14,2.A.66,3.A.9
GT2,NUDIX,1.E.12
GT51,9.B.145
4.F.1,CE4
3.A.1,NUDIX,CBM30|GH9|PL31,NUDIX,GH5_1
3.A.1,3.A.1,GH130,GH130,GH5_7|CBM23,GH5_7|CBM23
3.A.1,3.A.1,3.A.1,3.A.1,4.A.1,PfkB,GH32,4.A.1
2.A.115,CBM79|CBM79|GH5_4,3.A.15,3.A.15,3.A.11
2.A.66,GH5_4,CBM79
GH95,GH26,HMA,3.A.3
GH48,3.A.1,3.A.1
3.A.2,3.A.2,3.A.2,3.A.2,3.A.2,3.A.2,GH5_4
GT113,2.A.66
