3.A.9,MarR,2.A.1,HTH_AraC,2.A.1,HTH_AraC,1.B.15,2.A.2,GH37,1.B.14,GH23,2.A.36
CBM50,3.A.1,3.A.1,3.A.1
9.B.158,GH105,2.A.2,3.A.6,3.A.6
GT20,3.A.1,3.A.1,2.A.13
GT4,2.A.66,9.B.18,GT4
GT2,GT4,GT2,8.A.3,1.B.18,2.A.109,9.B.22,9.B.34,AlkA_N|HhH-GPD,8.A.1,2.A.6,2.A.6,2.A.1
1.B.42,1.B.42,HisKA|Response_reg|PAS|HATPase_c,GT51,8.A.8,4.A.2,1.B.42,1.B.42,1.B.42,CBS|SIS,2.A.19,3.A.1,3.A.1,3.A.1,3.A.1,3.A.1
GH36,SIS,CE9,4.A.6,4.A.6,4.A.6,4.A.6
CBM5,2.A.99
GH154,2.A.1,GH88
GT2,CE4|GH153|GH153,1.B.55,GerE,1.B.12
2.A.1,GH23
5.A.1,GH1,HTH_6,1.C.113
CBM50,2.A.76
GH13_16,3.D.4
2.A.42,2.A.117,HTH_1,1.B.35,PL22|PL22,2.A.1,3.A.1,3.A.1,3.A.1,3.A.1
4.A.3,GH1
GH1,4.A.3,GntR,3.A.1,GH31,2.A.1
1.B.22,3.A.15,3.A.15,3.A.15,3.A.15,3.A.15,3.A.15,3.A.15,3.A.15,GH18,GH23,GH19|CBM73
2.A.86,GH3,2.A.2,8.A.7,1.B.14,3.A.1,3.A.1,3.A.1
GH4,HTH_AraC,4.A.3,4.A.3,4.A.3
2.A.2,GH31,HTH_AraC,2.A.1
9.B.34,1.E.43,EAL,GT9
1.B.14,3.A.1,3.A.1,3.A.1,3.A.1,2.A.15,AA3_2,2.A.26
2.A.76,GT25,MarR,2.C.1,1.B.14,1.B.39,9.B.102
1.B.55,CE4|GH153,GT2,9.B.34
GH13_18,3.A.1,3.A.1,3.A.1
GH65,3.A.1,1.B.21
1.E.43,GH19
1.B.3,4.A.1,GH32
3.A.1,GH23
9.B.146,2.A.103,GT28
CE11,3.A.5
9.B.125,GH43_26,2.A.2,2.A.3
GT51,1.B.14,3.A.1,3.A.1,3.A.1,Aminotran_1_2,2.A.49,1.A.62,3.A.1
2.A.1,GH23
2.A.26,2.A.3,CBM34|GH13_21
2.A.115,LacI,GH2
GH5_25,2.A.1,2.A.7
2.A.1,2.A.7,4.A.3,GH1,4.A.3,4.A.3,LacI,2.A.6,2.A.6,2.A.6
2.A.2,GH31,2.A.40,2.A.27
3.A.6,3.A.6,GT2
GT2,4.D.3,GH8,1.B.55,GGDEF|EAL,2.A.23
2.A.6,GT2
2.A.8,2.A.95,CBM48|GH13_9,CBM48|GH13_11,GT5,GT35,Pyr_redox_2,Rhodanese,9.B.104,HTH_DeoR,GerE,GT35,GH77,2.A.8
4.A.1,GH23
GH4,4.A.1,GT51,5.A.3,5.A.3
GH1,Pribosyltran,2.A.40
2.A.4,4.B.1,2.C.1,2.C.1,2.C.1,2.C.1,1.A.30,1.A.30,8.A.79,9.B.85,3.D.4,3.D.4,GH38,4.A.2
1.B.25,4.A.1,CE9
9.A.40,GT4,3.A.1,3.A.1,3.A.1
2.A.40,2.A.7,AA6
CE4,GntR,2.A.39,9.B.35
3.A.7,GH102
4.A.1,2.A.1,GH0
3.D.1,3.D.1,3.D.1,3.D.1,3.D.1,3.D.1,GH1,4.A.1,LacI,5.A.3,2.A.52
4.A.4,4.A.4,4.A.4,GH103
2.A.3,GT26,9.B.128,GT56,2.A.66
GT0,9.B.146,3.A.6,1.I.1
1.A.34,GT2,GT9
2.A.1,GH73
2.A.1,GT2
2.A.1,2.A.2,GH5_13
1.B.52,GH73
5.A.3,Aminotran_1_2,GH13_19,GH73,HTH_AraC,3.A.1,3.A.1,3.A.1,9.B.97
2.A.1,GH36,LacI,HTH_3,2.A.78,2.A.78,1.B.11
GH31,2.A.2,2.A.2,1.B.35
GH43_11,2.A.2
AA10|CBM73,GH20,3.A.3,LacI,4.A.1,GH13_29
GH13_10,GH13_26,CBM48|GH13_11,9.B.211,2.A.1
1.C.107,1.C.107,GH24
GH1,4.A.1
GH1,HTH_1,2.A.1
GH3,3.A.1,3.A.1,3.A.1,3.A.1,MerR,9.B.33
