GH3,3.A.1,3.A.1,3.A.1,3.A.1
9.B.34,9.B.22,GH31,2.A.1
1.A.14,LacI,4.A.3,4.A.3,GH1,4.A.3
AA6,2.A.7
5.A.3,Aminotran_1_2,GH13_19,GH73,HTH_AraC,3.A.1,3.A.1,3.A.1
4.A.1,GH4,HTH_6,2.A.1,2.A.1
GT2,CE4|GH153,1.B.55,GGDEF|EAL,2.A.23,9.B.121
2.A.6,GT2
2.A.8,2.A.95,CBM48|GH13_9,CBM48|GH13_11,GT5,GT35,Rhodanese,9.B.104,HTH_DeoR,GerE,GT35,GH77
2.A.21,2.A.13,3.A.1,3.A.1,3.A.1,GT20
9.B.158,GH0|GT4
3.A.1,3.A.1,3.A.1,CBM50
1.E.43,1.E.56,GH19
2.A.16,2.A.46,HTH_3,GH37
3.A.5,CE11
GT28,2.A.103,9.B.146
GT2,4.D.3,1.B.55,GH8,HTH_DeoR,2.A.1
GH23,3.A.1,SIS|CBS,8.A.4,1.B.18,GT107|GT107,9.A.41
GT2,3.A.1,3.A.1
GT4,Rrf2,5.A.3,5.A.3
GH19,8.A.5,TetR_N,9.B.209
9.B.120,2.A.1,GH23
9.B.125,GH43_26,2.A.2,2.A.3
8.A.2,1.B.76,Pribosyltran,2.A.53,3.A.1,3.A.1,CE4
GT51,1.B.14,3.A.1,3.A.1,3.A.1,HTH_1,2.A.37,2.A.49,1.A.62,3.A.1
2.A.3,3.D.2,3.D.2,GH13_18,3.A.1,3.A.1,3.A.1
GH65,3.A.1,1.B.21
CBM34|GH13_21,2.A.3,2.A.26
2.A.1,GntR,2.A.7,CBM48|GH13_11,GH13_26,GH13_10
2.A.109,1.B.18,8.A.3,GT2,GT4,GT2
GT4,9.B.18,2.A.66,GT4
3.A.1,3.A.1,GT4|GT2,GT4,GT4,GT2
4.A.1,GH1,4.A.7,4.A.7,SIS,GntR,5.A.3,5.A.3
2.A.3,GT26,9.B.128,GT56,2.A.66
GT0,9.B.146,3.A.6,1.I.1
3.A.3,LacI,4.A.1,GH13_29
CE8,3.A.1,3.A.1,3.A.1,2.A.6,HTH_1,3.A.1
CBM50,2.A.7
2.A.40,2.A.36,HTH_1,2.A.21,9.B.136,GT2,2.A.23
2.A.41,2.A.55,Mga,CE9,4.A.1,8.A.5,2.A.49,Glucokinase,LytTR,9.B.33,Aminotran_1_2,1.A.16,3.A.1,3.A.1,9.B.14,3.A.1,9.B.14
4.A.1,CE9
GH13_5,9.B.102
3.A.1,3.A.1,3.A.1,3.A.1,9.B.127,2.A.7,2.A.7,GT83,GT2
3.A.1,3.A.1,3.A.1,3.A.1,3.A.1,2.A.19,SIS|CBS,1.B.42,1.B.42,1.B.42,4.A.2,8.A.8,GT51
9.A.40,GT4,3.A.1,3.A.1,3.A.1,1.B.42
1.C.113,HTH_6,GH1,5.B.3
GH37,3.A.1,SBP_bac_3,3.A.1,2.A.108,2.A.108,3.A.1,3.A.1
2.A.36,GH23,1.E.43
GH2,2.A.1
