3.A.1,3.A.1,3.A.1,3.A.1,3.A.1,3.A.1,3.A.1,3.A.1,3.A.1,3.A.1,HTH_1,3.A.1,3.A.1,3.A.1,2.A.66,Fe_dep_repress,CBM48|GH13_9,TetR_N,2.A.16
GH2,2.A.66,3.A.1,2.A.66,GH94
1.A.33,HTH_11,8.A.59,HTH_AraC,SBP_bac_1,3.A.1,3.A.1,GH2
3.A.1,3.A.1,GH32,GH13_4,8.A.59
9.B.34,GT2,GT2
GT2,GT2|GT2,GT2|GT2,3.A.1,3.A.1,GH25
3.A.1,3.A.1,3.A.1,GH2,GH42
3.A.1,3.A.1,CBM67|GH78,8.A.59
GT35,Fer4,PIG-L,8.A.59,HTH_AraC,3.A.1,3.A.1,3.A.1
9.B.156,3.A.1,3.A.1,Peripla_BP_1,HTH_AraC,8.A.59,3.A.1,GH3
3.A.1,9.B.33,HTH_AraC,3.A.1,3.A.1,3.A.1,CBM34|GH13_39,3.A.16
GT4,3.A.1,3.A.1
8.A.5,GH112
CBM48|GH13_9,Sigma70_r4_2|Sigma70_r2,3.A.1,3.A.1,3.A.1,3.A.1,3.A.1,3.A.1,3.A.1,8.A.7
GH13_11,2.A.21
3.A.1,3.A.1,GH77,3.A.1,3.A.1,3.A.1,3.A.1,3.A.1
GH127,CBM67|GH78,8.A.59,HTH_AraC,SBP_bac_1,3.A.1,3.A.1
GH32,3.A.1,3.A.1,SBP_bac_1,HTH_AraC,8.A.59
3.A.1,3.A.1,CBM48|GH13_9
8.A.3,GH29,3.A.1,3.A.1
GH31,3.A.1,3.A.1
3.A.1,GH38,CBM67|GH78,3.A.1,3.A.1,SBP_bac_1,HTH_AraC,9.B.33
GH13_31,2.A.39,PfkB,GH29,9.B.158,HTH_DeoR,3.A.1,3.A.1,3.A.1,3.A.1,3.A.1
GH112,HTH_AraC,8.A.59,3.A.1,3.A.1,3.A.1,GH29,GH95
2.A.56,2.A.56,GH127
CE4,2.A.115,3.A.1,3.A.1,3.A.1,3.A.1,3.A.1
3.A.7,GT2
9.B.18,GT4,GT4
GT2,9.B.18
