2.A.1,GH43_29,GH51,GH43_4,HTH_AraC,1.B.14,GH43_4,2.A.21
1.B.14,8.A.46,1.B.14,PL29,GH95,PL8_3,GH105,PL38,GH2,GH88,GH105,HTH_AraC,GH105,9.B.14
3.A.1,GH13_14
GH13_36,1.B.14,LacI,2.A.2,GH65,2.A.6,3.B.1
2.A.1,GH32,1.B.14,GH32
1.B.14,8.A.46,PL10_1|CE8
2.A.38,9.B.104,GH133,GT4,GH57,GT5
GH92,GerE,FecR,GH92,1.B.14,8.A.46,GH97,GH92,GH130,GH92,3.A.1
GH43_12,1.B.14
CE1,GH146,GH97,GH31,GH43_29|CBM6,HTH_AraC,GH43_12,GH115,CE15,GH43_29|CBM6,GH97,CE6|GH43_10,GH115,HTH_AraC,GH67,GH43_1,GH10,2.A.2,GH35,GH138,GH120,GH67,GH115,1.B.14,HTH_AraC,PL40,GH28
GH28,GH43_9|GH43_19|GH43_34,GH51,GH2,3.A.1
9.B.20,GH23,1.A.1
3.A.7,PL15_2,1.B.14,8.A.46
PL15_2,GH29,1.B.14,8.A.46,GH88
PL15,1.B.14,1.B.14,GH29,9.B.171
GT2,9.B.183,GT4
PL12_2,GH88,8.A.46,1.B.14,GH10,1.B.14,HTH_AraC,PL37,2.A.66
GH2,CE6,1.B.14,GH50,GH88|GH154,GH43_28|CBM32,GH154,GH154,GH105
CE4,3.A.1
PL1_2,1.B.14,8.A.46,CE8,GH28,GH3,HTH_AraC,2.A.19,1.A.23,1.B.14,3.B.1
GT2,2.A.66
GH3,3.A.1
9.B.174,GH43_28|CBM32
PL38|GH88,GH2|CBM57,1.B.14
PL8_2,GH117|GH117,8.A.46,1.B.14
GT2,GT11,GT32,GT2,GT4,GT2,GT14,3.A.1
GH3,3.A.10,GH63,GH2,2.A.124,2.A.124,1.B.14
GT28,2.A.103,9.B.146
GH144,GH3,1.B.14
GH43_7|GH43_7,CE1,CE1,8.A.46,1.B.14,1.B.14,CE1,GH43_2|CBM6
GT2,2.A.21,GH171,1.B.14
1.B.14,GH18
2.A.66,GT0,GT4
GT2,9.B.18
1.B.14,Fer4,3.A.1,GH73
3.A.1,GT2
3.A.11,LytTR,9.B.33,2.A.6,2.A.49,GH43_29|CBM6,GH2,2.A.1
GH97,GH43_35,CE6|GH95,GH43_29,GH31,1.B.14
PL13,HTH_AraC,PL12_2,1.B.14,8.A.46,GH88,PL12_2
GH109,Pencillinase_R,3.A.1
GH16_3,8.A.46,1.B.14
9.B.196,PL12_2,GH88,CE1,CE1,HTH_AraC,1.B.14,GH43_29,GH51,GH9
GH2,8.A.46,1.B.14
3.A.1,3.A.1,3.A.1,3.A.1,CE9,2.A.66,9.B.186,GT51
2.A.23,1.B.14,4.C.1,AraC_binding,GH43_9,PL10_2,2.A.81,2.A.20,9.B.27
GT4,GT4,1.B.14
2.A.67,GH2
GT35,GT3,3.A.2,3.A.2,3.A.2,3.A.2
CBM50,2.A.17
2.A.2,GH130,2.A.1
GH26,GH28,1.B.14,GH5_7,HTH_AraC,GH3,8.A.5,GH3
3.A.1,3.A.1,3.A.1,GT51
PL10_1,2.A.6,2.A.6
GT19,3.A.25,PL8_3,1.A.26
CE19,8.A.46,1.B.14,CE7,CE12|CE8,AraC_binding,CE8,GH105,4.A.5,2.A.1,2.A.64
2.A.6,2.A.6,CBM62|CBM62
GH28,CBM67|GH78|GH33,GH43_10,GH95,1.B.14,GH140,HTH_AraC,CE19
GH2,1.B.14,CE12,PL11_1,PL9_1,HTH_AraC,CE4,GH2,PL1_2,1.B.14,HTH_AraC,GH105,2.A.7,GH28,GH106,GH105
2.A.1,GH20
GH13,TPR_2|TPR_1,3.B.1,3.B.1,Glyoxalase,2.A.37
2.A.50,GH20,HTH_AraC,2.A.6,2.A.6,2.A.6,GH20,CE9,2.A.1
2.A.1,GH97,1.A.43,GH3,GH16_3,1.B.14,GerE,GT2,2.A.107,2.A.7
3.A.5,CBM50
GT4,9.B.18
4.C.1,GT2,CBM20|GH77
3.A.1,PL21_1
