CE9,GH33,9.B.34
1.B.14,5.A.3,5.A.3,CBM73|GH18,2.A.41,HTH_1,GH103
2.A.15,CE4|CBM12,4.A.3,4.A.3,4.A.3,GH4
GT2,1.B.52
GT0,Nitro_FeMo-Co,3.A.1,3.A.1,3.A.1,3.A.1,1.A.1
GH18,Rhodanese,3.A.25
GH13_20,CBM34,3.A.1,3.A.1,3.A.1,1.B.26,CBM69,3.A.1,GH13_2|CBM20
2.A.7,3.A.18,cNMP_binding,CBM50
1.B.42,1.B.52,GH23
4.C.1,HTH_1,GT1
2.A.6,2.A.6,GT0,GT4
8.A.59,2.A.21,2.A.35,2.A.35,2.A.1,9.B.34,CE16,1.C.14,1.C.14,1.B.52
1.E.5,GH108
GH19,3.A.23,3.A.23,3.A.23,3.A.23,HTH_8,3.A.23,3.A.23,3.A.23,3.A.23,3.A.23,3.A.23,3.A.23,3.A.23,3.A.23,3.A.23
3.A.9,1.B.33,3.A.1,9.B.34,Trp_repressor,GH23,3.A.1,3.A.1
9.B.33,LytTR,GH3
CBM50,2.A.53,9.A.5,9.B.34,3.A.1,3.A.1,3.A.1
1.B.14,3.A.18,1.I.1,CBM50
GH18,2.A.47,9.B.97
GH1,peroxidase,peroxidase,1.B.15,8.A.1,3.A.1,3.A.1,3.D.4,2.A.7
3.A.1,3.A.1,GH3,GH3
GH36,5.A.3,5.A.3,1.A.16
GT5,3.A.7
GH154,3.A.1,3.A.1,3.A.1,3.A.1,HTH_11,1.B.52
GH2,8.A.59,4.C.1
3.A.5,CE11
GT28,2.A.103,9.B.146
AA10|CBM73,2.A.1
3.A.3,GH20
3.A.16,GH102
9.B.18,9.B.18,GT26
1.B.1,CBM50,2.A.6,2.A.6
2.A.86,HisKA|Response_reg|PAS|HATPase_c,3.A.1,3.A.1,3.A.1,3.A.1,3.A.1,GH9,GH20,GH94,3.A.1,3.A.1,3.A.1,1.A.11
GT0,9.B.18
GT9,4.D.1,GT2,GT9
GH23,2.A.68
4.A.1,LacI,GH32
2.A.76,2.A.25,3.A.1,3.A.1,3.A.1,3.A.1,3.A.1,3.A.1,GH73
1.B.39,CBM5
1.B.9,GH13_19,8.A.5,3.A.1
2.A.25,HTH_1,2.A.96,GH19|CBM5
3.A.1,3.A.1,3.A.1,LacI,4.A.1,GH13_29,2.A.6
AA10,HisKA|HATPase_c|PAS|dCache_1,3.A.23
GH13_11,2.A.55,1.B.52
9.B.34,GH18
4.A.1,CE9
