GH112,3.A.1,3.A.1
2.A.36,GH25|CBM50|CBM50|CBM50
9.B.158,GH13_14
3.A.1,3.A.1,3.A.6,GT28
GT0,3.A.2,3.A.2,3.A.2,3.A.2,3.A.2
CE9,3.A.7,3.A.11,3.A.5
2.A.40,2.A.115,GT2,GH18,SBP_bac_1,3.A.1,3.A.1,GH161,GH30_1,LacI,GH1,HTH_6,GH1,4.A.3,4.A.3,4.A.3,9.B.27,3.A.1,3.A.1,3.A.1,LacI,GH77,3.A.1,3.A.1,3.A.1
GH39,3.A.9
4.A.1,GntR,GH63,GH13_29
3.A.1,HTH_DeoR,GH13_19
1.E.40,HTH_6,4.A.1,GH4
1.A.1,GH126,9.B.74
2.A.25,GH73,3.A.1,3.A.1,3.A.1,3.A.1
9.B.143,Trans_reg_C,GT28,4.D.2
3.A.1,3.A.1,3.A.1,3.A.1,3.A.1,3.A.1,SBP_bac_1,CBM50,4.A.1,LacI,GH32,PfkB,2.A.49,GH20,2.A.20
2.A.26,9.B.10,GH36,3.A.1
4.A.1,SIS,GH4
GT35,3.A.18,GT4
3.A.1,3.A.1,3.A.1,3.A.1,3.A.1,3.D.10,CE7,CE7
9.B.34,2.A.66,2.A.88,CE4,2.A.40,9.B.34,3.A.1,2.A.107,FUR,3.A.1,3.A.1,9.B.104,GT2
3.D.10,CBM34|GH13_20
3.A.1,3.A.3,2.A.3,TrmB,4.A.3,4.A.3,GH170,4.A.3
GH133,2.A.40,2.A.40
2.A.36,GH13_14
2.A.40,GT2
4.A.1,GH4
1.B.52,2.A.53,GH18
GH31,2.A.67
4.A.1,GH1
GH171|GH171,3.A.1,3.A.1
GT51,2.A.25
2.A.3,GH113,2.A.40
GH13_39,2.A.23
9.B.141,HTH_3,GH4,4.A.1
GT2,3.D.1,GH1
GH1,GH1,4.A.1
GH38,4.A.2,3.A.1,3.A.1
4.A.1,GH13_31
3.A.1,3.A.1,3.A.1,3.A.1,GH32,PfkB,4.A.1
GH43_33,GH43_32,GH2,3.A.1,3.A.1
GT4,GT2,GT4,2.A.26,3.A.1
2.A.66,GT2,GT4,GT4,9.B.18
8.A.59,HTH_AraC,GH2,3.A.1,3.A.1,3.A.1,GT4,2.A.66,GT2,GT32
9.B.18,GH2,GH84,PL12_1,4.A.6,4.A.6,4.A.6,4.A.6,GH88
PL8,CBM40|GH33,3.A.1,3.A.1
4.A.3,4.A.3,4.A.3,GH35,4.A.3
3.A.1,3.A.1,GT4,GT4,CBM32|CBM32|GH20|CBM32
GH73,9.B.97,GH101,3.A.1,3.A.1,3.A.1
GH3,3.A.1,3.A.1
GH13_23,GT108,LacI,GH130,3.A.1,3.A.1
GH3,2.A.2
GH1,GntR,GH20,GH38,3.A.1,3.A.1
8.A.59,GH125,3.A.1,3.A.1,HTH_AraC,SBP_bac_1,8.A.5
GT84|GH94,HTH_6,GH170,4.A.1,SIS,2.A.4,GH170,4.A.3,4.A.3,4.A.3,4.A.3,1.A.8,CBM32,4.A.6,4.A.6,4.A.6,4.A.6,GntR,3.A.1,3.A.1,3.A.1
2.A.27,GH4,4.A.1
CE9,4.A.6,HTH_AraC,4.A.6,4.A.6,4.A.6
2.A.35,CBM51|CBM32|CBM51|CBM51
3.A.1,CBM48|GH13_9,GT5,GT35
GH13_31,4.A.1
GH18,GH18,CBM73|CBM5,9.A.5
GH0,MCPsignal|HNOB,2.A.120
GH31,4.A.6,4.A.6,4.A.6,4.A.6,2.A.49
