GH85,8.A.46,1.B.14
GT5,2.A.66,3.A.5,9.B.97
2.A.1,TPR_2|TPR_1,GH2,1.B.14,GH30_4,GH2,PL17,GH2,GH30_4,GH105,GH59
2.A.67,GH3
3.A.9,GH35,CBM32,CBM32
2.A.1,GH43_8
3.A.7,GT83,1.A.62
2.A.122,2.A.16,GH2
2.A.115,9.B.168,GH30_2
GT1,8.A.5,Nitroreductase,CBM6|GH43_2|CBM6|CBM6
3.D.7,3.D.7,3.D.7,3.D.7,2.A.1,GH2
PL12,3.A.1,3.A.1,2.A.6,2.A.6,2.A.6,9.B.33
GH29,2.A.6,2.A.6,2.A.6
1.A.43,GT2
9.B.14,GH95,GH2,GH92,GH43_2,PL17,TPR_1,9.B.168,CbiA,2.A.9
1.B.42,3.A.1,3.A.1,PfkB,2.A.1,GT2,3.B.1,3.B.1,Glyoxalase,1.A.33
8.A.46,1.B.14,GH3
2.A.4,1.B.44,1.B.44,GH97
4.C.1,PL8_3,Pyr_redox_2,PL8,8.A.46,1.B.14,GH88
GH2|CBM57,2.A.4,2.A.55
1.B.14,GT2
PL8_2,PL8_2,8.A.46,1.B.14,GH88,PL8_2
9.B.146,2.A.103,GT28
2.A.58,2.A.81,GT4
4.B.1,9.A.25,9.A.25,9.A.25,GH92,1.B.14
9.B.144,GH84,GT4
GT2,GT4,GT0,2.A.66
1.A.23,PL1_2
GH130,2.A.1,1.B.14,8.A.46
2.A.95,Fer4,GH133,GT4,GH57,GH37
GH2,GH43_2,GH3,GH30_2,GH92,1.B.14
GT2,2.A.1
3.A.3,GH13_8
2.A.6,2.A.6,2.A.6,Crp,B12-binding,GH13_14
1.B.14,GH85
1.B.14,8.A.46,GH85,GH20,GH20
9.B.169,GH28
GH43_34,CBM6,GH3,1.B.14,GH92,GH92
GT19,3.A.1,3.A.1,3.A.1,1.B.14,PL1_2,GH28,HTH_AraC,PL9_1
3.A.1,GH33|CE3,2.A.21,1.A.30
2.A.3,GH43_2,GH95,2.A.37
GH95,MerR,1.A.34
2.A.22,GT90
4.C.1,GT2
GH97,GH85,8.A.46,1.B.14,GH85|CBM32,8.A.46,1.B.14,1.B.14
GH92,GH130,GH92,GH92,2.A.62
9.B.126,PL33_1,GT2,2.A.47,2.A.1
GH3,2.A.114
9.B.146,GT2
GT51,2.A.124
GT4,GT4,8.A.3,GT2
GH15,GT20,1.B.14
GH23,CE12|CE8,CE8,PL1_2,CE12,GH105,CE8,GH43_10,1.B.14,8.A.46
3.A.1,GH2
GH2,3.B.1
