GH2,2.A.66
GT19,9.B.10
1.B.14,9.B.145,GT4,2.A.6,9.B.106,SpoIIE,1.I.1,GH95,9.B.144,GH67,CBM67|GH78,GH115,GH43_1,GH43_12,2.A.2,GH35,GH10,1.B.14
3.A.1,GT4
1.B.14,GH92,GH92
GH5_4,8.A.46,1.B.14,HTH_AraC,GH31,GH2,GH3
GH2,3.A.6
GH97,1.B.9
3.A.1,SKI,GH43_5
GH2,GH43_24,HTH_AraC,GH2,GH92,GH125,1.B.14
2.A.1,GH32,HTH_AraC,2.A.115,HTH_AraC,3.A.18,2.A.38,2.A.38
GH97,Nitroreductase,2.A.16,GT113
GH13_28,3.A.1
1.B.5,1.B.42,GH43_19,3.A.1
GH35,1.B.44,9.A.25,9.A.25,9.A.25
3.D.5,3.D.5,3.D.5,3.D.5,3.D.5,GT5
GH13_10,1.B.6
GH27|CBM51|CBM61,GH13_14,3.A.12
1.A.34,Pkinase,GH97
1.B.14,Sigma70_r2|Sigma70_r4_2,HTH_AraC,GT35,GT3,3.A.1
3.A.25,3.A.11,GH23,GH43_10,GH31
PL42,8.A.5
9.B.196,GH36,GH43_17,GH3,GH43_18,1.B.14
GH43_10,GH43_12,1.B.14,1.B.14,GH10,GH43_29|CBM6
8.A.1,GH92,1.A.22,NTP_transf_2,GT4
GH13_19,1.B.14
4.A.5,GH105|GH154,GH43_24|GH43_19,HTH_AraC,1.B.14,GH43_19|GH43_29|GH43_34,8.A.5,GH97
2.A.64,GH31,1.B.14
CE4,2.A.37,8.A.46,1.B.14
GH127,9.B.97,9.A.40,1.A.11
GH13,GH92,2.A.16,9.B.18
GH8,3.A.1
CE1,GH43_29|CBM6,GH5_21,GH97|CE6,GH10,HTH_AraC,1.B.14
GH43_10,GH29,HTH_1,2.A.115,2.A.1
2.A.2,GH130,GH26,GH94,GH26
1.B.14,GH5_7,GH5_2
GH43_4,1.B.14,1.B.14
GT83,2.A.38
GH43_2|GH8,GH43_29,GH43_7,2.A.33,1.B.14
2.A.1,TPR_2,GH2,2.A.6,2.A.6,1.B.17,3.A.9
GH3,2.A.86
9.B.146,2.A.103,GT28
3.A.3,CE7|CE7
1.B.14,8.A.46,GH30_4,2.A.6,2.A.6,2.A.6,GT9
GH3,3.A.25
9.B.196,GH30_2
2.A.7,GH2
CBM6,3.A.1,3.A.1
9.B.186,GH92
