1.E.19,GH73
GT51,3.A.3,3.A.3,3.A.3
CBM67|GH78,2.A.2
GH43_35,GH43_35,GH78,CBM67,HTH_AraC,2.A.2,GH3,CBM67|GH78,TetR_N,2.A.66,GH2,2.A.86
CE4,2.A.66
GH73,1.E.19
3.A.1,3.A.1,GH106,GH2,GH43_28|CBM32
2.A.2,HTH_AraC,GH31,LacI,3.A.1,3.A.1,3.A.1,GH3
GH106,3.A.1,3.A.1,SBP_bac_1,GH151
3.A.1,3.A.1,GH29
GT35,9.A.8,9.A.8
2.A.119,HTH_5,2.A.2,GH39,CE1
GH39,GH39,2.A.2,GH3
3.A.1,3.A.1,3.A.1,3.A.1,3.A.1,8.A.5,2.A.2,GH2
3.A.1,3.A.1,3.A.1,3.A.1,GH3
GH4,HTH_AraC,GH43_11,3.A.1,3.A.1
2.A.2,CE1
GT4,3.A.11
GH95,3.A.1,3.A.1,SBP_bac_1,2.A.115
GH79,2.A.2
GT2,Nitro_FeMo-Co,8.A.7,PTS-HPr,4.A.3,Mga|HTH_11,3.A.1,3.A.1
CBM34|GH13_39,3.A.16
3.A.1,3.A.1,3.A.1,3.A.1,GH13_11,HisKA|HATPase_c,Trans_reg_C,3.A.1
9.B.18,2.A.66,GT2,GT4,GT2,GT4,9.B.18,Aminotran_1_2,9.B.18
9.B.18,GT2
GT2|GT2,3.A.1,3.A.1
GH3,3.A.1
GH2,2.A.2
GH39,2.A.87
GH2,GH2,HTH_AraC|AraC_N,2.A.2,GH3
2.A.66,2.A.2,GH39,HTH_AraC,GH43_12,GH106,GH106
GH31,2.A.56,2.A.56,GH31
3.A.1,3.A.1,GH43_35
GH13_11,3.A.1
3.A.1,GH0
CE4,2.A.66,CE9,SIS,4.A.6,4.A.6,4.A.6,GH29,9.B.158
2.A.2,GH2
CBM67|GH78,GH3,HTH_AraC,GH43_35,2.A.2,GH2,GH43_17,CBM67|GH78,GH3,GH94,3.A.1,3.A.1,3.A.1
GH2,2.A.2,GH3,GH3
GH73,3.A.7
