GT51,2.A.23
9.B.146,Pyr_redox,GT28
GH65,LacI,3.A.3,2.A.26,3.A.1,3.A.1,3.A.1,3.A.1
GH4,4.A.1
8.A.5,2.A.36,3.A.1,PfkB,9.B.120,3.A.1,3.A.1,3.A.1,3.A.1,3.A.1,3.A.1,3.A.1,2.A.26,2.A.3,1.C.39,HTH_3,GH1,2.A.89,2.A.89
CBM50,CBM34|GH13_20,CBM34|GH13_20,GH13_31,LacI,3.A.1,3.A.1,3.A.1,4.A.1,GH32
1.E.26,GH25
2.A.2,GH2
2.A.66,2.A.3,GH73
2.A.1,MarR|DUF24,GT113
4.D.2,GT4,GT4,8.A.7,PTS-HPr,3.A.9
2.A.69,2.A.87,GH73,Pribosyltran,2.A.40
2.A.37,2.A.21,CE7
3.A.5,3.A.5,3.A.5,3.A.5,GT4,2.A.40
2.A.49,2.A.1,4.C.1,GH13_29,GntR,4.A.1,2.A.2
3.A.3,GT14,GT111,9.B.18,GT2,GT4,GT113,GT113,2.A.66
GH25|GH53,2.A.88
3.A.1,3.A.1,3.A.1,GT2
2.A.17,CE9,GntR,2.A.88,GT26,2.A.16
CBM48|GH13_9,GT5,GT35,GH13_39,SBP_bac_1,3.A.1,3.A.1,3.A.1,3.A.1
9.B.105,2.A.3,GH1
GH13_31,3.A.1
