3.A.1,3.A.1,1.A.23,CBM48|GH13_9
2.A.66,2.A.5,MCPsignal,CE9
GT2,3.A.1,3.A.1,3.A.1
GH113,3.A.1,2.A.119
GH43_26,GH127,GH146,3.A.1,3.A.1,3.A.1
GH133,GH13_36,3.A.1,3.A.1,GH77
2.A.115,Spo0A_C,GT5
8.A.59,1.A.26,GT51,LacI,GH77,3.A.1,3.A.1,3.A.1,Pribosyltran,2.A.66
GH51,9.B.169,HisKA|HATPase_c,3.A.1
CBM34|GH13_20,SBP_bac_1,3.A.1,3.A.1
3.A.1,3.A.1,GT2,GT2|GT2,GT2,GT2,9.B.18,GT2
GH27,HTH_5,1.B.52,GH43_26,9.B.28,3.A.1,3.A.1,SBP_bac_1,GH43_4,HTH_3,HTH_AraC,GH31,1.A.16,2.A.38,2.A.38
GH2,2.A.66
GT2,GT2,9.B.18
GT2,GT4,3.A.1
GT0,3.A.1
2.A.66,GT2,GT2,9.B.18,GT17,GT4,GT11,3.A.1,4.D.1,GT11,GT11
GT4,9.B.18,Aminotran_1_2,9.B.18,GT2
GT35,MCPsignal,3.A.1,3.A.1,3.A.1,3.A.1,HTH_AraC,8.A.59
GH1,dCache_1|MCPsignal,CE17|CBM35inCE17,GH130,GH130,3.A.1,3.A.1
CE2,3.A.1,3.A.1,1.B.42
GH13_39,3.A.16
2.A.66,GH42,TPR_2,1.E.12
3.A.1,3.A.1,3.A.1,HTH_AraC,9.B.33,GH8
GH31,3.A.1,3.A.1,3.A.1,HTH_AraC,8.A.59
2.A.50,LacI,GT28
GH31,GH42,3.A.1,2.A.45,2.A.115
GH120,2.A.69
GH31,3.A.1
3.A.1,3.A.1,3.A.18,GT2
3.A.1,3.A.1,3.A.1,3.A.1,GH18,9.B.18,GT2,GT4,GT4
9.B.18,GT2,GT2
3.A.1,3.A.1,LacI,GH94,PfkB,1.A.22
GH43_12,GH13,HTH_AraC,GH127,2.A.4
3.A.1,3.A.1,GH67,GH3
3.A.1,GH31
2.A.107,Peripla_BP_3|GGDEF,CE4
3.A.1,3.A.1,3.A.1,CBM34|GH13_20,LacI,3.A.1,2.A.1,8.A.7
3.B.1,3.B.1,3.B.1,CBM35
GH77,GH3,3.A.1,3.A.1,3.A.1
CE4,1.A.33
GT2,3.A.1,3.A.1
GT28,GT2,3.A.16,GH73
