GT2,9.B.18,GT2,GT2|GT2
GT2,9.B.18
GT2,4.D.2
1.A.23,CBM48|GH13_9
3.A.1,9.B.158,GH29,HTH_3,2.A.40,GH31|GH29
3.A.2,3.A.2,GH36,GH13_4,LacI,2.A.2,3.A.1,3.A.1,3.A.1,SBP_bac_1,8.A.59
3.A.1,3.A.1,3.A.1,3.A.1,3.A.1,GH2,GntR,3.A.9
2.A.38,2.A.38,Aminotran_1_2,2.A.66,GH42
3.A.1,GH13_14,GH133
GH38,3.A.1,3.A.1
GH95,2.A.66,3.A.1,3.A.1,3.A.1,3.A.1,3.A.1,2.A.66
9.A.28,Nitroreductase,8.A.5,GH2
2.A.58,GH13_11
GH32,3.A.1,CE4
GH51,3.A.2,3.A.2,3.A.2
3.A.7,HTH_AraC,GH2
3.A.1,HTH_AraC,GH42
4.C.1,GH42,2.A.40
8.A.8,9.B.18,GT111,GT2,GT4,2.A.66
GT2,3.A.3,HTH_AraC,3.A.1,3.A.1,3.A.1
3.A.2,3.A.2,3.A.2,3.A.2,3.A.2,HTH_11,9.A.8,FeoA,HTH_AraC,GH127,HTH_3,3.A.1,Peripla_BP_1,9.B.33,HTH_AraC,3.A.1,3.A.1
GH43_12,GH3,GH35,GH43_12,GH8,CBM22|CBM22|GH10|CBM9,3.A.1,3.A.1,3.A.1,HTH_AraC,9.B.33
GH13_20,CBM48|GH13_9,3.A.1,3.A.1
2.A.107,CE4
GT2,3.A.1
GH13_11,1.E.29
CE4,9.B.142,3.A.1
GT28,HATPase_c|HisKA,9.B.104
CBM67|GH78,8.A.7,3.A.1,3.A.1,GH13_39,3.A.16
2.A.22,2.A.2,GH51
3.A.1,HTH_AraC,GH112
8.A.59,HTH_AraC,GH2
GH3,3.A.3
