3.A.1,3.A.1,3.A.1,GT1
GH16_24,HTH_6,4.A.1,GH4
3.A.1,3.A.1,GT0,GGDEF,GT2,GH8
2.A.3,GH2
4.A.1,GH1,2.A.1
4.A.1,GH1,2.A.37
AA10,LytTR,9.B.14
4.A.1,GH1,GH39,2.A.2
GH35,4.A.6,4.A.6,4.A.6,4.A.6
4.A.1,GH13_29,2.A.88,GT51
GH1,4.A.1,4.A.1,GH1
4.A.3,GH1
GT26,GT4,Trans_reg_C,9.B.18,8.A.3,GT0
4.A.1,GH4,4.A.1,2.A.7,Mga,4.A.5,4.A.5,4.A.5
GT2|GT2,GT2,3.A.1,3.A.1
GT2,GT2,9.B.146,9.B.126
GT28,9.B.146
GH23,2.A.1
GH23,2.A.1,2.A.1,GH73
GH78,GH43_12,GH1,HTH_6,GH38,4.A.2,4.A.2,3.A.1,3.A.1,3.A.1
GT2,3.A.1,3.A.1
2.A.114,2.A.1,3.A.7,TrmB,4.A.3,4.A.3,4.A.3,GH1,GH170,3.A.1,3.A.1,3.A.1,3.A.12,HTH_11,4.A.2,4.A.2,4.A.2
GT51,GH1,LacI,GH3,4.A.3,2.A.3
2.A.67,8.A.7,CBM34|GH13_20,3.A.1
4.A.3,GH1,4.A.3,4.A.3,Mga|HTH_11,2.A.41,GntR,3.A.1,3.A.1,Mga|HTH_11,4.A.5,4.A.5
3.A.1,HTH_3|SpoVT_AbrB,GT2
4.A.2,PfkB,HTH_DeoR,GH13_5,2.A.49
2.A.1,GH36
GH36,GH13_31,4.A.1,4.A.1,GH32
GT4,GT4,8.A.7,PTS-HPr,3.A.9
GT2,2.A.38,GerE,HATPase_c,9.B.116,GT2,2.A.66,GT32
GT2,GT2,9.B.18
GT1,Mga|HTH_11,4.A.2,4.A.2,4.A.2,GH38
GH1,GH4,HTH_6,4.A.1
4.A.3,GH170
GT32,GT1,GT1,9.B.18,8.A.3,8.A.3
2.A.115,Mga|HTH_11,GH1,4.A.3,4.A.3,3.A.3
1.A.35,3.A.1,3.A.1,3.A.1,3.A.1,CBM34|GH13_20,GH13_31,GH13_31
4.A.1,GH13_31
GH1,4.A.1
4.A.1,GH4
9.B.97,GntR,4.A.3,4.A.3,GH1,4.A.3
3.A.1,3.A.1,3.A.1,SBP_bac_1,8.A.59,HTH_AraC,GH92,GntR,GH125,GH38,GH20,4.A.1,2.A.102,9.A.25
GH1,4.A.3
3.A.1,3.A.1,MarR,2.A.66,MarR,GH1,4.A.3,4.A.3,4.A.3,Mga|HTH_11,2.A.1
GH1,4.A.3,4.A.3,HTH_DeoR,4.A.5,4.A.5
4.A.3,4.A.3,GH1,GH36,4.A.3
4.A.3,4.A.3,Mga|HTH_11,4.A.3,GH1,2.A.3
1.A.26,NUDIX,HTH_6,GH1,9.B.158
GH23,2.A.1
4.A.1,HTH_6,GH4,4.A.1
2.A.1,GH3
GH1,MerR,GH43_26,2.A.1
GH4,4.A.1
4.A.1,GH65
9.B.27,HTH_6,4.A.1,SIS,GH170
4.A.6,4.A.6,4.A.6,4.A.6,GH35,2.A.102
GH73,HisKA|HATPase_c,Response_reg,3.A.1
GH73,3.A.9
