GH51,2.A.66
GH94,LacI,3.A.18,GH36
GH113,3.A.1,3.A.1,3.A.1,3.A.1
CBM34|GH13_39,3.A.16
GH5_7|CBM46|CBM23|CBM23|CBM23,3.B.1
2.A.66,9.B.18,GH25,GT2,GT2,3.A.1,3.A.1,GT2,Pyr_redox_2,8.A.8
GT4,9.B.18,9.B.18
2.A.66,3.A.1,3.A.1,GntR,GH5_1
GH13_14,GH13_39,3.A.7,1.C.113
GT2,GT2,GT2,CE17|CBM35inCE17,LacI,MCPsignal|dCache_1,GH130,3.A.1,3.A.1,3.A.1,HTH_AraC,LacI,1.A.13,GH95
3.A.18,3.A.1,3.A.1,3.A.1,HTH_AraC,GH5_54,GH30_1,3.A.1,3.A.1,GH5_54,LacI,3.A.1,3.A.1,3.A.1,3.A.1,3.A.1,2.A.7
2.A.36,3.A.1,3.A.1,3.A.1,3.A.1,1.B.52,GH16_3|CBM4|CBM4|CBM4|CBM4,HTH_AraC,GH5_37
2.A.6,GH9
1.I.1,MCPsignal,NUDIX,2.A.66,GH5_46
3.A.1,3.A.1,3.A.1,CBM34|GH13_20
GH11,ArsD,2.A.59,3.A.4
GH3,LacI,SBP_bac_1,3.A.1,3.A.1,GH94
GH55,2.A.22,MerR,3.A.1,9.B.20
9.A.40,2.A.79,2.A.79,HTH_AraC,GH3,HTH_AraC,8.A.5
3.A.1,3.A.1,3.A.1,3.A.1,GH48,GH9|CBM3
9.B.146,3.A.3,GH18,1.A.11
GH13_21,GH31,3.A.1,3.A.1,3.A.1
3.A.1,3.A.1,3.A.1,HTH_AraC,8.A.59,GH18
GH87|GH87,2.A.1
3.A.1,3.A.1,SBP_bac_1,GH105
3.A.1,3.A.1,3.A.1,HTH_AraC,8.A.59,GH2
GH13_31,GH66,3.A.1,3.A.1,SBP_bac_1,HTH_AraC,8.A.59,GH154,GH88
CBM35|GH26|CBM46|CBM3,3.A.1,3.A.1
GH1,4.A.1
GH55|GH128|CBM32|CBM32,CBM32|CBM32,2.A.76
3.A.1,3.A.1,GH2,CBM61|GH53|CBM61
9.B.28,3.A.1,3.A.1,MCPsignal|dCache_1,GH29,HTH_AraC,8.A.59,GH3,GH27
3.A.1,3.A.1,3.A.1,GH77,LacI,3.D.1
GH13_36,3.A.1,3.A.1,SBP_bac_1,GT35,GH77
CBM48|GH13_9,GH13_20,TetR_N,HTH_5,3.A.3,CSD,GH13_28|CBM26|CBM25
3.A.1,3.A.1,GH2,3.A.1,3.A.1,3.A.1,3.A.1,HTH_5,GH74|GH74|CBM46|CBM3
GH13_11,3.A.1,3.A.1,8.A.59,9.A.40
GT0,9.B.18,GT4
3.A.1,HATPase_c|HisKA,Trans_reg_C,GH31
1.A.23,CBM48|GH13_9,9.B.28
GH105,3.A.11
3.A.1,3.A.1,HTH_AraC,GH2,GH36
GH51,SBP_bac_1,3.A.1,3.A.1,3.A.1,3.A.1,SBP_bac_1,GH43_4,GH43_26,GH51
3.A.1,3.A.1,3.A.1,2.A.35,MarR,GH18,9.A.11,CBM34|GH13_20,2.A.107
2.A.115,2.A.86,3.A.1,3.A.1,GH0
GH94,GH161,GH30_1,3.A.1,3.A.1,MCPsignal|dCache_1,8.A.59
GH43_4,GT2,9.B.105,GH5_4|CBM46
GT51,1.C.105
GH28,LacI,GH65,GH65,3.A.1,3.A.1,SBP_bac_1,1.B.52
GT2,CBM34|GH13_20,GH13_2|CBM20,LacI,CBM34|GH13_20,SBP_bac_1,3.A.1,3.A.1
4.A.2,PTS-HPr,8.A.7,PL33_1,HTH_AraC,8.A.59,SBP_bac_1,3.A.1,3.A.1,1.B.52
3.A.1,3.A.1,GH112
2.A.66,2.A.66,MarR,HTH_AraC,GH2
3.A.1,3.A.1,3.A.1,2.A.22,TetR_N,9.B.74,GH1,4.A.1,2.A.27
GH1,4.A.1,4.A.1
GT5,2.A.58
GT51,9.A.11,9.A.11,9.A.11
3.D.6,TetR_N,3.A.1,3.A.1,HTH_5,2.A.51,GH43_12,GH3,GH67,HTH_AraC,GH8,GH43_10
3.A.1,8.A.59,Response_reg,HTH_AraC,GH43_10,GH31
GH3,3.A.1,3.A.1
CE9,HTH_AraC,3.A.1,3.A.1,8.A.59,GH94
GH105,3.A.1,3.A.1,GH28
