3.D.1,3.A.5,PALP|ACT,2.A.38,2.A.38,GH43_10,3.A.1,2.A.40
3.B.1,3.B.1,3.B.1,3.B.1,1.A.16,GH35
9.B.70,9.B.70,CBM67|GH78
9.B.18,GT4,GT4,GT4
GT2,3.A.1,GT4,GT26
9.A.11,GH13_20
GH31,GH2,HTH_5,HMA,3.A.3
CBM34|GH13_20,MCPsignal,3.A.1,3.A.1,HTH_AraC,8.A.59,Peripla_BP_1,3.A.1
GT2,GT4,GT4,GT4,GT2,3.A.1,3.A.1
GT2,9.B.18
3.A.1,3.A.1,3.A.1,GGDEF|EAL|PAS,3.A.1,3.A.1,3.A.1,3.A.1,GH105
PL33_1,HTH_AraC,8.A.59,SBP_bac_1,3.A.1,3.A.1,GH88
GH105,9.B.74,9.B.74,3.A.2,3.A.2,3.A.2,3.A.2
3.A.16,GH13_39,2.A.50,GH36,LacI,GH130,CE2,CE17|CBM35inCE17,GH1
3.A.1,3.A.1,TetR_N,GH2
GH94,NUDIX,Rrf2,9.B.34,1.I.1
8.A.59,PL11_1,3.A.1
GH77,GH13_36,3.A.1,3.A.1,LacI,GH53
GH133,CBM35|GH26,9.B.28,SBP_bac_1,3.A.1,3.A.1
3.A.1,SBP_bac_1,9.B.28,LacI,GH130,GH5_4
PL27,HTH_AraC,2.A.16,HTH_1,GH32,GH159
CE4,9.B.20
GT4,2.A.50,3.D.1,3.D.1
GT2,2.A.66
GT2,3.A.1,2.A.88,2.A.66,2.A.66
3.A.1,3.A.1,GT2|GT2
3.A.1,GH28,CE8
3.A.24,GH112,GH105,SBP_bac_1,3.A.1,3.A.1,HTH_AraC,CE12
GH13_9,9.B.146
1.B.52,GH2
PL11_1|PL11,SBP_bac_1,3.A.1,3.A.1
GT51,9.A.11,2.A.115,HD,9.A.11,GGDEF|EAL,9.A.11
2.A.66,GH115,GH2,HTH_AraC,1.C.113
3.A.1,3.A.1,GH2
3.A.1,2.A.79,2.A.79,GH27,GntR,GH2
1.A.23,CBM48|GH13_9
4.A.2,PTS-HPr,8.A.7,HTH_DeoR,GH29
2.A.66,CE2
GH5_2,GH3,NUDIX,GH31,3.A.1,HD,2.A.2,3.A.1,GH13_11
1.A.22,CE12|PL11_1,9.A.40
3.A.16,2.A.45,CE4,3.A.1
3.A.1,GH43_22,2.A.51,2.A.51
9.B.144,GT2
2.A.86,PL9_1
3.A.1,3.A.1,GGDEF|GAF,3.A.18,2.A.5,GH28
2.A.2,GH36
9.B.55,HTH_AraC,GT35
PL11,3.A.1,3.A.1,3.A.1,3.A.1,3.A.1
CE12,3.A.1,3.A.1
