3.A.1,3.A.1,GH142,PL21
9.B.146,GT0,3.A.2,3.A.2,3.A.2,3.A.2,3.A.2,3.A.2
GH77,2.A.86
3.A.5,GH26
2.A.4,GH2
2.A.19,3.A.3,HTH_5,Fe_dep_repress,3.A.1,3.A.1,3.A.1,3.A.1,3.A.1,2.A.21,3.A.3,GH3,GH36
8.A.59,GH31
3.A.9,GH30_3
2.A.66,GH36
9.B.97,2.A.66,GT2
GT4,GT4,9.B.18,2.A.22
3.A.1,3.A.1,3.A.1,GH16_3,GH39
3.A.1,3.A.1,3.A.1,3.A.1,GH16_3
GH2,GerE,9.B.70,9.B.70,9.B.70
GH31,GntR,3.A.1,2.A.6,2.A.6
CE4,3.A.1,3.A.1,3.A.1
GH4,SBP_bac_1,3.A.1,3.A.1,GH105
2.A.38,2.A.38,LacI,3.A.1,3.A.1,3.A.1,3.A.1,GH32
3.A.1,3.A.1,GH130
3.B.1,GH130
2.A.36,3.A.1,3.A.1,3.A.1,GH39
