1.B.14,1.A.8,HATPase_c,1.B.6,GT83
4.A.5,GH43_24|GH35,GH51
GH10,1.B.14,1.B.14,GH43_12,GH43_10,HTH_AraC,HTH_AraC,GH35,2.A.2,GH10,GH43_1,GH67
4.A.2,3.D.5,3.D.5,3.D.5,3.D.5,3.D.5,3.D.5,3.A.10,GH23,2.A.37,9.B.20,2.A.6,2.A.6,2.A.6,2.A.6,GH20
1.B.14,HTH_AraC,CBM50
GH29,GH31,1.B.42
GH92,GH38,1.B.14,GH76
GH43_19,GH97,8.A.5
2.A.3,GH2,GH92
2.A.25,2.A.1,3.A.25,SBP_bac_3,GH3
9.B.146,2.A.103,GT28
3.A.1,GH20,GH33,2.A.37
GH30_4|GH43_17,PL8_2,3.A.7,2.A.35
1.B.14,PL11_1,CE12|CE12|CE12,GH2,GH105
GT2,8.A.3
3.A.1,GH27
GH5_7,1.B.14
GH26,GH26,GH130,2.A.2
GH92,1.B.14,PL33_1,GH88,GH154,8.A.3
1.A.34,MerR,GH5_7
GH30_2,1.A.23,2.A.119,FUR,GH13_14
9.B.18,GT4,GT4,GT4
GH43_29|CBM6,3.D.1,3.D.1,3.D.1,3.D.1,3.D.9,Fer4,3.A.2
GT51,2.A.50,1.B.14,GH16_3
9.B.18,GH146
8.A.46,3.A.1,2.A.6,2.A.6,2.A.6,2.A.1,HTH_AraC,GH29|CBM32
2.A.115,GH57,GT4,GH133,Pribosyltran,1.C.39
9.B.126,GH13_38
GH23,2.A.67,2.A.66,1.B.18
1.B.14,GH43_4,1.E.14,2.A.122
3.A.1,Trans_reg_C,HisKA|HATPase_c,GT35,GT3
GH20,1.B.9
4.C.1,GH31
GH43_3,8.A.46,1.B.14,GH115
GT32,1.B.14
2.A.21,GH171,CE11
GH32,2.A.1
GT4,2.A.81
GH105,2.A.25,2.A.1
9.B.158,GH29
2.A.6,GH43_19
GT32,GT2,4.D.1
