3.A.1,3.A.1,SBP_bac_1,GH3,3.A.6
GH13_31,2.A.66
4.A.1,GH1,PTS-HPr,8.A.7,9.B.156,9.B.156
3.A.1,3.A.1,CE2,GH130,GH130,CE17|CBM35inCE17,GH1,9.B.28,GH2
GH65,3.A.1,3.A.1
GH0,3.A.1,3.A.1,SBP_bac_1,2.A.22
CE4,3.A.7,3.A.3,2.A.66
9.B.18,GT2,3.A.1,3.A.1
GT2,3.A.1,3.A.1,3.A.1
3.A.16,GT2,3.A.11
GH146,9.A.40
GH85,8.A.5,3.A.3,3.A.3
CE7,3.A.1,3.A.1
GH13_23,LacI,GH2,GH130,3.A.1,3.A.1,GT108
GT4,GT4,3.A.1,3.A.1,GT4,9.B.18
GH13_11,3.A.1,3.A.1
GH3,GH3,3.A.1,3.A.1
2.A.87,GH101
2.A.26,2.A.115,3.A.1,HTH_AraC,GH136,3.A.1,3.A.1
3.A.1,3.A.1,3.A.1,SBP_bac_1,HTH_AraC,GH112
1.A.23,CBM48|GH13_9
GH2,HTH_AraC,dCache_1|HATPase_c,3.A.1,3.A.1
3.A.1,3.A.1,GH13_14
2.A.53,CE4
