GH18,3.A.6
3.A.1,CE4,9.B.98
2.A.21,3.A.1,PL1|CBM77
GH43,SBP_bac_1,3.A.1,3.A.1,GH43_34|CBM66|CBM84
3.A.1,3.A.1,SBP_bac_1,PL40,PL1|CBM77,1.A.22,Trans_reg_C,HATPase_c|HisKA,3.A.1
GH1,4.A.1
CBM22|GH10|CBM9,3.A.1,3.A.1,3.A.1
GH125,3.A.1,3.A.1
GH53|CBM61,3.A.1,3.A.1,3.A.1,GH53
9.B.33,3.A.1,3.A.1,3.A.1,GH31
3.A.1,3.A.1,3.A.1,HTH_AraC,8.A.59,3.A.1,HTH_AraC,8.A.59,3.A.1,3.A.1,SBP_bac_1,GH2,Trans_reg_C,9.B.33
9.B.33,HTH_AraC,SBP_bac_1,3.A.1,3.A.1,GH3,GH38,GH125,GH130,GH38
GT4,GT4,9.B.18
3.A.1,3.A.1,GT2
9.B.97,GT2,GT2,9.B.18
3.A.1,3.A.1,3.A.1,GH3,CBM16,GH29,3.A.1,3.A.1,SBP_bac_1,HTH_AraC,8.A.59,GntR,3.A.1,3.A.1,3.A.1
GH39,3.A.1,3.A.1,GH3,3.A.1,HTH_1,3.A.1,3.A.1
3.A.1,3.A.1,3.A.1,GH38,3.A.3,HTH_5,2.A.115,2.A.37
8.A.59,SBP_bac_1,3.A.1,3.A.1,PL33_2,GH88,GH154
3.A.1,LacI,GH13,CBM41|CBM41|GH13,3.A.1,3.A.1,3.A.1
2.A.25,3.A.1,3.A.1,GT2,GT2,GT2,GT2
GT4,9.B.18,GT2
9.B.18,4.D.1,GT4,CE9
3.A.1,3.A.1,3.A.1,3.A.1,3.A.1,CBM56|GH64
3.A.1,3.A.1,SBP_bac_1,GH130,3.A.1
2.A.28,3.A.1,3.A.1,HTH_AraC,8.A.59,GH65,GH65
3.A.1,3.A.1,SBP_bac_1,GH130
8.A.5,MerR,GH16_21,GH4,SBP_bac_1,3.A.1,3.A.1
GH43_26|CBM35,GH2,3.A.1,3.A.1,GH43_26,GH2,MarR,3.A.1,3.A.1
GH20,HTH_AraC,8.A.59,3.A.1,3.A.1
2.A.23,3.A.1,3.A.1,3.A.1,CBM34|GH13_20,LacI,GH65,GH13_14
CE14,2.A.115,3.A.5
9.B.146,GT26
3.A.1,3.A.1,3.A.1,3.A.1,V4R,Crp,3.A.1,3.A.1,MarR,CE4,2.A.3,HTH_1,1.E.14,2.A.122,2.A.50
2.A.1,TetR_N,8.A.5,GH36,HTH_AraC,8.A.59,3.A.1,3.A.1
GH42,3.A.1,3.A.1,HTH_AraC,9.B.33
3.A.1,3.A.1,3.A.1,HTH_5,CE4
CBM50,SBP_bac_3,3.A.1,3.A.1,3.A.1
3.A.1,GH94
3.A.1,3.A.1,GH3
PL9_2,PfkB,GH4,3.A.1,3.A.1
GH87,Crp,3.A.1,3.A.1,3.A.1
2.A.3,HTH_1,2.A.7,GH16_3|CBM56
3.A.1,3.A.1,GH33,HTH_AraC,PfkB,GH13_18
2.A.66,CBM5|GH18
8.A.59,HTH_AraC,3.A.1,3.A.1,SBP_bac_1,GH88,GH154,PL33_2,3.A.1,3.A.1,1.I.1
3.A.1,3.A.1,3.A.1,GH29,CBM9,GH18
PL3_1,LacI,3.A.1,3.A.1,3.A.1,GH65
3.A.1,3.A.1,3.A.1,2.A.7,3.A.1,3.A.1,3.A.1,GH43_12,HTH_5,GH27
2.A.7,HTH_AraC,9.B.33,3.A.1,3.A.1,3.A.1,GH42
3.A.1,3.A.1,3.A.1,MCPsignal|dCache_1,GT28,TetR_N,9.B.74,GATase_2,1.A.34
8.A.59,SBP_bac_1,3.A.1,3.A.1,GH127,GH43_34,2.A.55
3.A.1,3.A.1,GH94,Peripla_BP_2,8.A.59,HTH_AraC,SBP_bac_1,3.A.1,3.A.1
3.A.1,3.A.1,SBP_bac_1,HTH_AraC,GH33,8.A.59
GH43_32|CBM6|CBM66,Trans_reg_C,HATPase_c|HisKA,3.A.1,3.A.1,3.A.1,3.A.1,GH2
2.A.4,TetR_N,2.A.1,GH125,GH38,3.A.1,3.A.1,3.A.1,GH130
1.B.52,CE4
3.A.1,3.A.1,GH76,GH76,GH125,AraC_binding,CE12
3.A.1,3.A.1,3.A.1,GH105,GH28,CE8,GH43_11,MarR,2.A.1
3.A.1,3.A.1,8.A.59,HTH_AraC,SBP_bac_1,GH136,GH115
GH130,SBP_bac_1,3.A.1,3.A.1,8.A.59,HTH_AraC,GH3,3.A.3,HMA,HTH_5,GH51,3.A.1,3.A.1,3.A.1,SBP_bac_1,3.A.1,3.A.1,GH51,GH43_4,HTH_AraC,GH3|CBM6,HTH_AraC,GH31,8.A.59,3.A.1,3.A.1,3.A.1,GH95
GH42,9.A.11,9.A.11,9.A.11
4.A.1,LacI,GH1,Pyr_redox_2,4.A.1
3.A.1,3.A.1,GH32,GH13_31,GH3
3.A.1,3.A.1,GH23,2.A.109,2.A.109
9.B.146,2.A.103,GT28
GH18,3.A.1,3.A.1
9.B.33,HTH_AraC,3.A.1,3.A.1,3.A.1,GH38
CE4,MarR,3.A.1,3.A.1,3.A.1,2.A.7
4.C.1,GT51,9.B.34
3.A.1,3.A.1,8.A.59,HTH_AraC,GH3
2.A.7,CBM32|CBM32|GH81|CBM32|CBM32|CBM32|CBM32
8.A.5,GH18
3.A.1,3.A.1,Mga|HTH_11,4.A.3,GH1,2.A.115,PTS-HPr,SBP_bac_3,3.A.1,3.A.1,3.A.1,3.A.1,8.A.59,HTH_AraC,3.A.1,3.A.1,3.A.1,GH112,GH29
4.A.1,GH165
GT51,3.A.24
CBM48|GH13_9,GT5,CBM34|GH13_20,3.A.1,3.A.1,3.A.1,CE4
GH74|GH74|CBM3,TetR_N,2.A.1,GH32
GH43,Pyr_redox_2,3.A.1,Peripla_BP_2,3.A.1,3.A.1
3.A.1,3.A.1,3.A.1,3.A.1,CBM50,2.A.115,8.A.5,2.A.7,2.A.1,GH28|CBM66|CBM66,GH130,3.A.1,3.A.1,3.A.1,GH130
9.B.33,2.A.49,3.A.1,8.A.5,HTH_AraC,4.C.1,4.A.2,PfkB,HTH_DeoR,GT4
2.A.1,MarR,GT4
4.A.1,4.A.1,GH18
3.A.1,3.A.1,9.B.10,GH43_1,GH43_12,3.A.1,3.A.1,3.A.1,HTH_AraC,8.A.59,HTH_AraC,GH115,CE17,GH2
2.A.2,GH3,GH39
3.A.7,LacI,GH94,1.B.52,GH36,GH3
2.A.11,CBM6,2.A.1,3.A.1,3.A.1,3.A.1
3.A.1,3.A.1,3.A.1,3.A.1,3.A.1,SBP_bac_1,HTH_AraC,GH4,GH2,GH51,3.A.1,3.A.1,3.A.1,HTH_AraC,8.A.59,HTH_AraC,2.A.51
PL10_1,2.A.7
GH105,3.A.1,3.A.1
GH35,TetR_N,2.A.102
GH76|CBM6|CBM6|CBM6,3.A.1,3.A.1,3.A.1,9.B.33
3.A.1,3.A.1,3.A.1,GntR,GH92,HTH_AraC,GH151,SBP_bac_1,3.A.1,3.A.1,GH151
GH43_11,GH88,3.A.1,3.A.1,3.A.1,HATPase_c|dCache_1,HTH_AraC,3.A.1,3.A.1,3.A.1
2.A.120,GT4
