GH19|CBM5,2.A.96,2.A.25,Pyr_redox,HTH_1,1.A.1,2.A.15
3.A.1,3.A.1,3.A.1,LacI,4.A.1,GH13_29,2.A.115
GH20,3.A.3,1.B.1
1.B.52,2.A.17,2.A.37,MarR,CE9,4.A.1
GH103,HTH_1,2.A.41
GH36,2.A.119
9.B.34,CSD,AA2,HTH_DeoR,3.A.1,3.A.1,3.A.1,3.A.1,HD,1.B.52,2.A.102
4.C.1,CBM73,NUDIX,1.B.52
1.B.52,GH23
3.B.1,3.B.1,9.B.27,GH23,9.A.40,9.B.14,3.A.5
1.A.11,3.A.1,3.A.1,3.A.1,GH94,GH20,GH9,3.A.1,3.A.1,3.A.1,3.A.1,3.A.1
2.A.6,2.A.6,CBM50
2.A.51,HTH_1,GH63,2.A.3,2.A.3,GH2
GH102,3.A.16
3.D.5,3.D.5,3.D.5,3.D.5,3.D.5,3.D.5,3.D.5,9.B.34,2.A.16,CBM73|GH18,2.A.22
3.A.7,GT5
3.A.1,1.B.52,SBP_bac_3,CE2,MASE1|EAL,CBM5,3.A.1,3.A.1,3.A.1,3.A.1
9.A.5,9.B.143,CBM50
2.A.1,CBM13,1.B.52
3.D.1,GH13_27,1.B.52,2.A.1
GH23,3.A.1,1.A.34,GH3
3.A.5,CE11
GT28,2.A.103,Pyr_redox_2,9.B.146
9.B.34,ACT,4.C.1,HTH_1,GT1
2.A.47,GT2|GT2,3.A.1,3.A.15
GT2,9.B.146,GT9,GT30
2.A.7,AA10|CBM73,1.B.52,2.A.102,2.A.42
8.A.7,3.A.1,3.A.1,3.A.1,AA3_2
8.A.5,HTH_3,2.A.49,2.A.55,3.A.25,Rhodanese,9.B.34,GH18
2.A.1,HTH_1,9.B.34,GH20,2.A.21
2.A.56,2.A.56,2.A.56,CE9
1.B.14,1.I.1,CBM50
3.A.1,3.A.1,3.A.1,CBM34|GH13_21,9.B.34,5.A.2,2.A.34
2.A.115,2.A.62,9.B.97,GH18
GH13_11,GH133,3.A.1,GH13_38,CBM41|CBM41|GH13_13
CBM34|GH13_20,3.A.1,3.A.1,3.A.1,1.B.26,CBM69,3.A.1,GerE,GT35,GH77,GH13_9,1.B.52,2.A.76
3.A.1,3.A.1,GH1,3.A.1,LacI,SBP_bac_3,3.A.1,3.A.1,3.A.1,3.A.1,3.A.1,GH149,LacI,GH17,GH16_3,HTH_AraC,GH3
3.A.1,3.A.1,3.A.1,GH2,GH36,2.A.2
9.B.55,GH13_37|CBM69
GH2,3.D.1,CE16,CBM5
9.B.156,9.A.5,GH13_19,PL22|PL22,2.A.21,PL9_1,1.B.35,2.A.21,PL2_2,CBM32
3.A.1,PL8_3,GH112,GH88
2.A.53,1.B.52,3.A.1,3.A.1,3.A.1,3.A.1,GH154
GT2,cNMP_binding,2.A.1,2.A.21
GT51,3.A.11
1.B.52,TetR_N,GT2
1.A.11,3.A.1,3.A.1,3.A.1,3.A.1,3.A.1,GH73
GT4,GT4,GT2,9.B.18
4.A.6,4.A.6,4.A.6,4.A.6,CE9,1.B.14,GntR,3.A.1,3.A.1,3.A.1
1.B.42,1.B.42,CBM12|CE4,4.A.3,4.A.3,4.A.3,GH4
