GT2,3.A.1,2.A.115
3.A.1,3.A.1,2.A.2,GH13_18,GH13_31
GH2,3.D.2,3.D.2,3.D.2,2.A.37
3.A.1,3.A.1,3.A.1,3.A.1,9.B.20,GH13_31,2.A.2,LacI,2.A.3,3.A.1,3.A.1,3.A.1,3.A.1,3.A.1,3.A.1
2.A.88,2.A.8,HTH_6,GH25,3.A.18,3.A.1,3.A.1,GT2,GT0,9.B.126
2.A.86,GT2
3.A.9,8.A.8,8.A.7,GT4,GT4
GH105,2.A.2,GH28
3.A.1,3.A.1,3.A.1,3.A.1,2.A.1,4.A.1,GH3,2.A.1
1.C.105,CBM50,GH73,GH73
3.A.1,3.A.1,3.A.3,GT26,GntR,CE9
2.A.17,GH25
GT8,3.A.1,GT8,2.A.38,2.A.38,PfkB,2.A.36,2.A.37,3.A.9
GH65,HTH_1,2.A.40,3.A.3,9.B.27,8.A.5
CBM50,TetR_N,3.A.1,2.A.1
GH115,2.A.2
GH154,GH2,2.A.1,1.A.35,2.A.55,TetR_N,2.A.40
2.A.7,3.A.1,GH59,GH2,LacI,GH25,TetR_N,3.A.1,2.A.26
CE4,GT2,GH20,3.A.1,2.A.1,2.A.1,8.A.5,3.D.10
9.B.146,GT28
GH65,2.A.2
GH25,9.B.144
2.A.2,CBM67|GH78
GH65,1.A.22
2.A.89,2.A.89,Nitroreductase,3.A.1,3.A.1,3.A.1,SBP_bac_3,2.A.1,CE4,3.A.1
3.A.1,LacI,2.A.2,GH36,2.A.1
2.A.109,GH73
