GH112,3.A.1,3.A.1,SBP_bac_1,HTH_AraC,GH3,GH171,PIG-L,GH4,3.A.1,3.A.1
2.A.2,GH3
GH106,GH3,GH2,2.A.2,GH3,GH43_24,GH2
8.A.5,9.A.40,GGDEF,GH2,GH5_44,GH3
2.A.50,GH42
2.A.58,Peptidase_M23,CE4,2.A.115
3.A.1,3.A.1,GH36,2.A.66,HTH_AraC,GH43_35,2.A.6
GH106,HTH_AraC,9.B.33,3.A.1,3.A.1
GH106,3.A.1,3.A.1,SBP_bac_1,CBM67|GH78
3.A.1,GntR,GAF|GGDEF,3.A.1,GT2
2.A.2,GH13_31,GH36
2.A.51,GT2,2.A.7
GT2,9.B.18,GT2,GT2|GT2
GT4,GT2|GT2,3.A.1,3.A.1
3.A.1,3.A.1,GT2,GT2,9.B.18
3.A.1,3.A.1,GH3,GH3
GH43_2,CBM67|GH78,GH43_24,HTH_AraC,GH3,3.A.1,3.A.1
GH3,SBP_bac_1,3.A.1
8.A.3,8.A.3,2.A.66,GT2
3.A.1,3.A.1,3.A.1,LacI,GH77,3.A.1,3.A.1,3.A.1
GH29,SBP_bac_1,3.A.1,3.A.1
GH1,GH106,3.A.1,3.A.1
GH4,3.A.1,3.A.1,3.A.1
8.A.59,GH106,3.A.1,3.A.1
GH29,3.A.1,3.A.1,SBP_bac_1,8.A.59,HTH_AraC,GH95,GH32,3.A.1,3.A.1
5.A.1,GH129
GT2,HTH_11,3.A.1
9.B.34,CBM67|GH78,9.B.33,HTH_AraC,3.A.1,3.A.1,3.A.1,HTH_AraC,3.A.1,3.A.1,HTH_AraC,8.A.59,Peripla_BP_1,3.A.1,2.A.40,3.A.1,3.A.1,3.A.1
3.A.1,3.A.1,3.A.1,GH29,LacI,HTH_AraC,GH29,HTH_AraC,GH2
9.B.33,HTH_AraC,SBP_bac_1,3.A.1,3.A.1,CBM67|GH78
8.A.8,3.A.1,3.A.1,3.A.1,GH43_10
8.A.59,GH28,HTH_AraC,SBP_bac_1,3.A.1,3.A.1
3.A.1,3.A.1,GH95
GH39,SBP_bac_5,3.A.1,3.A.1,3.A.1,3.A.1
2.A.2,GH43_12,GH106
3.A.1,3.A.1,GH29
3.A.1,3.A.1,4.A.3,HTH_11,3.D.10,Glyoxalase,GH3
GH43_12,GH3,GH2,GH67,3.A.1,3.A.1
8.A.59,3.A.1,SBP_bac_1,3.A.1,3.A.1,PL12_1,GH95,GH88,HTH_AraC,3.A.1,3.A.1,GH105,GH112
GH3,2.A.56,2.A.56,2.A.56
2.A.6,TetR_N,GH94
3.A.1,3.A.1,GH3
3.A.1,3.A.1,CBM57
3.A.9,GntR,GH31,3.A.1,3.A.1,3.A.1,3.A.1,3.A.1
GH106,3.A.3,9.A.8
CBM34|GH13_39,3.A.16
GH3,3.A.1,3.A.1,GH3
GH29,GH78|GH2,3.A.1,3.A.1,3.A.1,HTH_AraC,8.A.5
GH88,3.A.1,3.A.1,SBP_bac_1,8.A.59,HTH_AraC,PL12_1,GH95
4.C.1,3.A.1,GH3,3.A.1,3.A.1,GH3,8.A.59,GH3,GH3,GH43_35
GH13_11,CBM67|GH78,Peripla_BP_3,3.A.1,3.A.1,HTH_AraC,8.A.59
3.A.1,3.A.1,3.A.1,HTH_AraC,8.A.59,GH3,HD,3.A.1,3.A.1
2.A.66,GH106,3.A.1,3.A.1,3.A.1,HTH_AraC,GH2
GH106,3.A.1,3.A.1,SBP_bac_1,8.A.59,HTH_AraC,2.A.66
3.A.1,GH31,3.A.1,3.A.1,3.A.1,GH31,LacI,GerE,GH29,SBP_bac_1,GH138,GH88,GH29,SBP_bac_1,3.A.1,3.A.1,8.A.59
3.A.1,3.A.1,9.B.158,GH29,GH20,GH125,GH38,GH2,CE4
GH123,HTH_AraC,8.A.59,GH78,SBP_bac_1,3.A.1,3.A.1
CBM48|GH13_9,1.A.23
GH120,HTH_AraC,GH127,GH106,HTH_AraC,HTH_AraC,8.A.59,3.A.1,3.A.1,3.A.1,GH31
GT2,3.A.1,3.A.1
8.A.59,GH106,GH28,3.A.1,3.A.1
8.A.3,8.A.3,9.B.18,GT0,PL12_3,GT4,GT4
3.A.1,GH13_11
9.B.34,Pyr_redox_2,Hemerythrin,GH127,3.A.1,3.A.1,SBP_bac_1,HTH_AraC,8.A.59,GT51,Fer4,3.A.1,3.A.1,HTH_AraC,GH106,3.A.1,3.A.1
3.A.1,3.A.1,SBP_bac_1,HTH_AraC,9.B.33,2.A.115,HTH_AraC,GH115,3.A.1,3.A.1,SBP_bac_1,HTH_AraC,8.A.59
GH32,LacI,SBP_bac_1,3.A.1,3.A.1,3.A.1,3.A.1
3.A.1,3.A.1,8.A.5,GH65
3.A.1,3.A.1,GH142,GH65,3.A.1,3.A.1
3.A.9,GT4,3.A.1,2.A.69,GH106,3.A.1,3.A.1
GT51,HisKA|HATPase_c,3.A.1
3.A.16,CbiA,GH13_31
4.F.1,GT2
GH151,GH29,HTH_AraC,3.A.1,3.A.1
GH95,GH43_10,3.A.1,3.A.1,SBP_bac_1,HTH_AraC,8.A.59
2.A.66,GT5
GH95,SBP_bac_1,3.A.1,3.A.1,8.A.59,HTH_AraC,GH3,CBM67|GH78,3.A.1,3.A.1
GH2,GH42,GH42,GH106,GH137,CBM67|GH78,3.A.1,3.A.1,8.A.59
9.B.33,GH39,3.A.1,3.A.1,3.A.1,GH43_10,GH8,GH29,GH127
2.A.50,3.A.1,3.A.1,3.A.1,3.A.1,3.A.1,GH29,GH38,LacI,3.A.1,3.A.1,3.A.1
GT4,GT32,GT2,GT4,GT4,9.B.18
3.A.1,GH116,3.A.1,3.A.1
3.A.11,CE7,GH95,3.A.1,3.A.1
2.A.51,CBM67|GH78,3.A.1,3.A.1,3.A.1,HTH_AraC,8.A.59,MarR,3.A.1,3.A.1
3.A.1,HisKA|HATPase_c,Trans_reg_C,GT2,GT0,2.A.50,GH126,GT2
3.A.1,3.A.1,3.A.1,GH51
GH18,Peripla_BP_3,SBP_bac_1,3.A.1,3.A.1,GH32,HTH_AraC,GH78,GH116
8.A.59,CBM67|GH78
GH2,2.A.2
8.A.59,HTH_AraC,3.A.1,3.A.1,3.A.1,GH151,9.B.28,3.A.1,Sigma70_r2|Sigma70_r4_2,GH106
GH42,GH106,GH95,SBP_bac_1,3.A.1,3.A.1
3.A.1,9.B.33,HTH_AraC,GH2,GH3
8.A.59,3.A.1,3.A.1,GH20,GH29
8.A.59,HTH_AraC,GH151,SBP_bac_1,3.A.1,3.A.1
2.A.98,EAL|GGDEF,9.B.34,3.A.1,3.A.1,3.A.1,GH38,8.A.59
3.A.1,3.A.1,GH29,8.A.59
3.A.1,3.A.1,GH36
3.A.1,3.A.1,GH29
GH2,2.A.66
3.A.1,3.A.1,GH43_24
3.A.1,3.A.1,GH116
GH3,9.A.23
3.A.1,3.A.1,GH13_31
GH3,GH2,2.A.2,LytTR,GH3
3.A.3,3.A.3,3.A.3,GGDEF,GH3,2.A.2,GH2,2.A.66
GH95,3.A.1,3.A.1,SBP_bac_1,8.A.59,HTH_AraC,2.A.66
GH43_12,3.A.1
9.B.33,CBM67|GH78
8.A.59,HTH_AraC,SBP_bac_1,3.A.1,3.A.1,GH2
3.A.1,3.A.1,3.A.1,3.A.1,3.A.1,3.A.1,HATPase_c|dCache_1,GH31,GH42,GH29,GH138,GH95,CE15,GH2,3.A.1,3.A.1,GH151
2.A.2,2.A.38,2.A.38,GH31,2.A.66
GH0,GH137,HTH_AraC,3.A.1,3.A.1,3.A.1
2.A.66,CBM67|GH78,3.A.1,3.A.1
2.A.87,2.A.66,GH95
