CBM48|GH13_9,GT5,GH13_39,NUDIX,Trans_reg_C,2.A.21
GH73,1.E.19,GH18
GT0,9.B.146
GH13_20,2.A.36,2.A.51,2.A.51,9.B.143,PfkB,GH38
GH39,HTH_AraC,3.A.1,3.A.1
GH1,4.A.1,GH1,4.A.1
2.A.40,PL8
2.A.107,GH1,4.A.1
2.A.2,GH39,3.A.2,3.A.2,3.A.2
4.A.1,GH4,HTH_6,HTH_6,8.A.5,Glyoxalase,8.A.5
4.A.1,GH4
2.A.88,2.A.115,GT28
GT5,3.A.1,3.A.1
3.A.7,8.A.42,GH23
GH32,4.A.1
3.A.1,3.A.1,2.A.25,GT2,2.A.26
4.A.6,4.A.6,4.A.6,4.A.6,GH3
2.A.115,GntR,1.E.14,2.A.122,GT35
GH1,4.A.1
GH1,4.A.1,HTH_6,3.A.1
GH88,4.A.6,4.A.6,4.A.6,PL12_1
GT28,9.B.146
4.A.1,GH13_29,4.A.2
3.A.1,1.I.1,GT2,GH4
2.A.56,2.A.56,2.A.56,GH28,2.A.80
GH36,4.A.1,GH32
3.A.3,GH2
3.A.1,GH32
