2.A.37,9.B.146,2.A.103,GT28
3.A.2,3.A.2,9.A.25,GH109
GH106,2.A.1
GT2,2.A.38,GT4
GH2,GH2,2.A.36
GT2,2.A.66
9.B.97,Glyoxalase,3.B.1,GH32,GH20
2.A.98,CBM67|GH78
9.B.174,GH43_18
GH106,2.A.81
1.B.42,2.A.16,CBM67|GH78
GH127,2.A.76
GH13_8,2.A.17,B12-binding,GH141,GH23,GH106
GH171,2.A.1,GT2
2.A.1,SIS,Glucokinase,GH2,CBM67|GH78
2.A.23,9.B.196,GH3,1.I.1,CBM67|GH78,GH78
1.A.23,GT32
CBM67|GH78,2.A.64
GH97,1.A.33
9.B.146,GH23
GT22,2.A.1,3.A.5
3.A.9,GH92,2.A.66
9.B.104,2.A.3,GH106,GH106,GH78
GH3,GH144,1.B.14
GH2,3.A.23
CBM67|GH78,2.A.66,GT51
3.A.1,3.A.1,GH109,GT2
3.D.10,GH25
GH140,2.A.50
