8.A.59,SBP_bac_1,3.A.1,3.A.1,GH88,PL12_1,GH112
2.A.2,HTH_AraC,GH2
3.A.1,3.A.1,HTH_AraC,GH28
3.A.1,3.A.1,MarR,2.A.58,2.A.58,GT51
2.A.56,2.A.56,2.A.56,GH31,GH31,2.A.66,2.A.47,2.A.47
8.A.7,GT2,GT2
4.A.2,PTS-HPr,GH13_29
GH2,GH154,GH88,GH2,3.A.1,3.A.1,SBP_bac_1,8.A.59,HTH_AraC,PL33_1
GH113,3.A.1,GH130,GH130
GH23,CE4,9.B.34
4.A.1,GH77,3.A.1,3.A.1,3.A.1,3.A.1
GH4,4.A.1
4.A.1,GH170,2.A.66
GH13_14,3.A.24
CBM13,2.A.66
9.B.18,8.A.21,GH13_39,GT35
GH13_20,HTH_11,TetR_N,3.A.1,3.A.1,3.A.1,Nitroreductase,2.A.79,3.A.1,3.A.1,3.A.1
GT4,4.C.1,4.C.1
GT35,LacI,1.A.26,2.A.28,HTH_6,SBP_bac_1,3.A.1,3.A.1
GT5,3.A.2,3.A.2,3.A.2,3.A.2,3.A.2,2.A.37
3.A.1,GH94
9.A.23,GH25,PTS-HPr,8.A.7
GT4,GT2,2.A.16
3.A.1,GH2
3.A.1,GH36
GH105,2.A.115
