3.A.1,3.A.1,3.A.1,3.A.1,3.A.1,3.A.1,3.A.1,CE4
3.A.1,3.A.1,GH146
2.A.66,GH43_26
9.B.126,GH51
3.B.1,GT2,3.D.1
GT2,3.A.1,3.A.1
8.A.59,GH5_13,3.A.1,3.A.1,3.A.1
3.A.1,3.A.1,SBP_bac_1,3.A.1,GH159,GH50
3.A.1,3.A.1,3.A.1,GH30
GH51,HD,2.A.21
GH10,GntR,3.A.1
GH51,3.A.1,3.A.1
GH5,2.A.66
3.A.1,HTH_5,4.A.1,LacI,GH32
GH4,HTH_AraC,3.A.1,3.A.1
2.A.58,GH5_42,CE4
GH0,1.A.22
CBM50|GH23,2.A.35
1.A.35,GH36
2.A.86,GT4
3.A.2,3.A.2,3.A.2,GH43_9
GH146,4.D.1
1.A.23,GH127
GH39,GH10,9.A.11,9.A.11
GH136,9.A.15
GH27,GH43_26,3.A.1,3.A.1
GT28,LytTR,HATPase_c,3.A.1
GH35,2.A.37
