2.A.66,2.A.50,9.A.11,GH3,9.A.11
CBM67|GH78,HTH_AraC,3.A.1,3.A.1
GH36,GH65,3.A.1,3.A.1,SBP_bac_1,LacI,GH146,GH65
3.A.2,3.A.2,3.A.2,3.A.2,3.A.2,HTH_1,GH5_44
2.A.87,PfkB,GH32,4.A.1
2.A.7,3.A.1,3.A.1,CBM67|GH78,8.A.59,HTH_AraC,GH42,GH42,GH106,GH137,GH140,Pribosyltran,4.A.1,GH1,4.A.1,CBM67|GH78
GH39,2.A.2,3.A.1,3.A.1,3.A.1,3.A.1,3.A.1,1.A.62
GH2,3.A.2,3.A.2,3.A.2,3.A.2,3.A.2,3.A.2,3.A.2
GH55,GH39,2.A.2
3.B.1,3.B.1,HTH_1,CBM67|GH78,3.A.1,3.A.1
3.A.1,3.A.1,3.A.1,3.A.1,3.A.1,3.A.1,GH51,HTH_AraC,2.A.66,GH2,3.A.1,3.A.1,3.A.1,GH106,HTH_5,2.A.66
GH43_24,3.A.1,3.A.1,GH43_17,HTH_AraC,GH2,2.A.22,2.A.79,3.A.1,3.A.1,3.A.1
3.A.1,3.A.1,3.A.1,GT2
CBM48|GH13_9,1.A.23
2.A.115,HhH-GPD,2.A.26,GH78
3.A.1,3.A.1,8.A.5,SBP_bac_1,3.A.1,3.A.1,GH3
2.A.66,GH127
1.E.52,3.A.7,CBM48|GH13_9,GH13_20
GH43_28|CBM32,GH43_12,2.A.115,2.A.107
2.A.22,SBP_bac_1,8.A.59,HTH_AraC,GH106,HTH_AraC,3.A.7
3.A.11,GH31
2.A.66,GT2,GT2,9.B.18,GT2
2.A.66,GT2,GT2,GT2,9.B.157,3.A.1,3.A.1
GT51,2.A.58
2.A.66,GH3
GH13_11,2.A.66,3.A.1,3.A.1,GH43_35,3.A.7
3.A.1,3.A.1,3.A.1,GH20,3.A.1,3.A.1
8.A.7,PTS-HPr,4.A.1,3.A.1,GT2
3.A.1,3.A.1,GT2,3.B.1,3.B.1,3.B.1,3.B.1
8.A.59,3.A.1,3.A.1,SBP_bac_1,GH161
GH2,CBM67|GH78,2.A.2,HTH_AraC,3.A.1,3.A.1,GH3,HTH_AraC,3.A.1,HTH_AraC,GH20,3.A.1,3.A.1
CBM67|GH78,HTH_AraC,AraC_binding,3.A.1,3.A.1,3.A.1,CBM67|GH78
GT0,9.B.18,2.A.66
4.A.3,GH1,4.A.3,4.A.3,HTH_11|Mga,2.A.66
2.A.66,GH20
3.A.1,3.A.1,3.A.1,CE9,LacI,3.A.1,3.A.1
9.A.40,GH2,3.A.1,9.B.143
GH112,SBP_bac_1,3.A.1
9.B.156,GH3,HTH_1,2.A.86
GT2,4.A.1
GH2,3.A.1,3.A.1,GH30,3.A.1,3.A.1,3.A.1,3.A.1,3.A.1,3.A.1,3.A.1,3.A.1,3.A.1,3.A.1
2.A.66,2.A.66,GH120
3.A.1,3.A.1,GH3,3.A.3
9.B.141,GH3,GH2,Fe_dep_repress,3.A.1,3.A.1
8.A.5,GH35
3.A.1,4.F.1,GH43_17
3.A.1,3.A.1,GT4,3.A.1
GH13_39,3.A.16
