9.B.18,Aminotran_1_2,GT4
GT4,GT4,3.A.5
9.B.18,2.A.66,GT32,GT2,GT2,GT2,GT2,9.B.97
9.B.146,2.A.103,GT28
CE4,9.B.105,Pribosyltran,2.A.40,3.A.1
3.D.1,LacI,4.A.1,GH32,PfkB,4.A.1,9.B.70
1.B.50,1.B.50,GT2
4.A.1,GH4,GH16_24
2.A.3,GH2
3.A.1,3.A.1,2.A.26,MCPsignal|dCache_1,MerR,4.A.3,GH1,4.A.3
GH88,4.A.6,4.A.6,4.A.6
3.A.1,3.A.1,3.A.1,1.A.34,GT28
2.A.68,2.A.19,2.A.35,GH18
3.A.1,3.A.1,3.A.1,LacI,GH65,4.A.1,GH13_31
4.A.2,GH18
GT2|GT2,2.A.58
GH65,3.A.1,3.A.1
GH65,4.A.3,4.A.3,HTH_6,4.A.3,9.B.33
GH1,4.A.3,4.A.3
4.A.1,GH1,GH1,1.A.30,1.A.30,TetR_N,3.A.1
GT2|GT2,GntR,3.A.1
3.A.1,3.A.1,GT2
8.A.3,2.A.40,CE4
2.A.86,3.A.1,3.A.1,3.A.1,LacI,CBM34|GH13_20,GH13_31,GH13_31
9.B.141,PL8
CBM32|CBM40|GH33,Crp,2.A.3
GH25,1.A.8
9.B.2,2.A.102,GH112,SBP_bac_1,HTH_AraC,9.B.33,2.A.40
2.A.23,2.A.21,CE4,2.A.3,2.A.66
9.A.8,GT2,9.B.211
GH73,3.A.7,3.A.7
CBM50,1.A.1,2.A.35
GH31,GH85|CBM32,GH1,GH125,SBP_bac_1,3.A.1,3.A.1
2.A.35,3.A.23,Aminotran_1_2,2.A.35,GH39,GH3
GH73,3.A.1,3.A.1,3.A.1,3.A.1,HTH_3,2.A.115,2.A.66,3.A.1,3.A.1,3.A.1
CE9,GntR,4.A.3,GH4,4.A.3
2.A.120,2.A.66,MerR,2.A.23,GH13_39,GT35,GT5,GH13_9,8.A.21,3.A.1,3.A.1,SBP_bac_1,3.A.1,3.A.1
