2.A.37,2.A.33,GT51
9.B.33,LytTR,GH127,2.A.35,1.B.14,GH2,4.C.1,GT2
GH29,1.B.14,3.D.7,3.D.7,3.D.7
GH10,2.A.4
GH36,2.A.47
GT2,GT2,2.A.66,GT2,GT4,GT4,GT2
9.B.18,Response_reg,3.A.3,HMA,1.C.113,GH43_10,GH43_29|CBM6,CE6,GH43_12
GH78,CBM67|GH78,2.A.6,2.A.6
GH51,5.B.3,2.A.6,2.A.6,2.A.6
GH20,3.D.1,3.D.1,3.D.1
4.A.2,GH23
1.B.14,GH30_3
9.B.174,GH130
GH171,HD,1.B.42
GT1,2.A.66,9.A.25
3.A.10,GH13_38
GH109,9.A.25,GH2
2.A.6,2.A.6,HTH_AraC,GH27
9.B.146,2.A.66,GT0,9.B.183,1.B.18,GT2,GT4,GT4
2.A.19,GH35,GH30_5,GH27,GH51,GH43_24,1.B.14,8.A.46
CE9,CE9,3.A.1,GH57,GT4,GH133
GH20,2.A.53
GH43_33,3.D.10
9.B.196,GH116,GH110
GH127,GH20,3.A.1,2.A.22
3.A.18,GH73
2.A.1,HTH_3,GH78,1.A.22
GT4,GT4,9.A.8
1.I.1,GH109
GH92,GH92,3.A.1,GH92,1.B.14
GH38,2.A.64,GT1,8.A.46,1.B.14
1.B.14,CBM32
GT2,2.A.40,3.A.1,3.A.1,3.A.1,3.A.1,2.A.88
GT51,2.A.1
2.A.38,TrkA_C,9.A.40,GH5_36
GT2,2.A.67,2.A.21,1.B.14
3.A.18,9.B.186,GH31
GH51,2.A.1
GT2,2.A.107
3.A.1,STAS,2.A.6,2.A.6,GH43_10,GH43_34
2.A.1,GH33,GH20
GT5,2.A.66,3.A.5
GT28,2.A.103,9.B.146
1.B.14,2.A.1,PfkB,GH32,HTH_AraC,GH32
1.C.105,GH78,GH20,CBM67|GH78
8.A.5,Aminotran_1_2,CBM66|GH51
GT83,3.A.6
1.A.8,GT51,2.A.98
3.A.1,GH2,2.A.13
GH92,2.A.66
GH3,GH13_8,2.A.37,GH140
2.A.81,2.A.8,CBM67|GH78
GH141,2.A.58,GH36|GH30,GH36,SIS,Glucokinase,GH2,CBM67|GH78,LacI,8.A.21
GT94,9.B.144
9.A.25,9.A.25,2.A.36,GH2
GH43_34,TetR_N,3.A.1,3.A.1,3.A.1,3.A.1,3.A.1
2.A.115,GH16_3,CE4,9.B.171
2.A.1,GH92
GH50,GH88,3.A.1,3.A.1,3.A.1
GH95,3.A.1,GH123
GH27,2.A.124,2.A.124
GT2,2.A.1,3.A.11
GH29,GH92,8.A.5
GH43_18|GH51,PfkB,2.A.1,2.A.21
2.A.1,CE1,1.B.14,LytTR,GH29,CE7
