GH28,2.A.1
GT2,9.B.18,9.B.18,9.B.18
2.A.58,GT90
GT2,3.A.1
3.D.1,GT9
3.A.18,PL11_1,9.B.156
2.A.16,HTH_AraC,CE7
1.A.8,GH43_12,CE2
2.A.81,GH3
GT2,2.A.1,2.A.66
GT5,3.A.9
9.B.27,3.A.1,CE4,2.A.7,3.A.11
2.A.123,GT2,GT83
GH130,2.A.1,1.B.14,8.A.46
2.A.1,GH32
1.B.14,GH32,GH2
2.A.51,2.A.51,GH13,GH13_14,GH97,GH77,2.A.2,LacI,1.B.14,8.A.46,GH13_7,GH53,3.A.1
CBM50,GT2,GT4,1.B.57
GH67,GH35,1.B.14,GH10,9.B.10
PL1|CBM77,1.B.14
GH53,2.A.109
9.B.198,GT26
9.B.186,GT51,GH43_10
9.B.146,2.A.103,GT28
2.A.2,GH130,GH26,CE7,GH27,GH5_4,1.B.14,GH5_7
9.A.25,CE19
CE8,8.A.46,1.B.14,CE8
GT19,GH5_2,3.A.16
GH97,3.A.9
GH28|GH105,PL1_2,9.A.40
2.A.1,NUDIX,GH51
GT1,2.A.1
GT2,2.A.62,3.A.2,3.A.2
2.A.2,GH10,GH43_1
GT2,GT2,9.B.183
