GH28,1.B.76,8.A.2
GH88,2.A.1
GH77,2.A.8
2.A.2,GH43_11
CBM67|GH78,2.A.1,HTH_AraC,3.A.1
GT2,8.A.3
GH43_26,9.B.125
9.B.120,2.A.1,GH23
GT4,3.A.1
GH3,3.A.1,3.A.1,3.A.1,3.A.1,MerR,9.B.33
2.A.2,GH31
GH43_11,2.A.2
GH3,3.A.1,3.A.1
CE8,3.A.1,3.A.1,3.A.1
3.A.5,CE11
9.B.128,GT56,2.A.66
2.A.1,GH23
GH4,HTH_AraC,4.A.3
GH4,4.A.1
3.A.1,3.A.1,LacI,GH32,PfkB,2.A.1
2.A.2,GH105
GT51,Pkinase,8.A.8,4.A.2,1.B.42,1.B.42,1.B.42,SIS|CBS,2.A.19
2.A.81,GntR,4.A.1,GH4,9.B.51
3.A.1,HTH_AraC,GH73,GH13|CBM26|CBM25,GH13_19
1.B.35,2.A.2,2.A.2,GH31
GH127,HTH_1,8.A.48,8.A.1
1.E.43,1.E.56,GH19
9.B.136,GT2
GH4,2.A.2,2.A.123,2.A.13
1.C.113,HTH_6,GH1
GH23,1.E.43
GT2,1.A.34
2.A.7,2.A.7,GT83
GH1,Pribosyltran,2.A.40
GH23,3.A.7
2.A.1,4.A.3,GH1,4.A.3
GH23,3.A.15
