3.A.1,9.B.156,9.A.5,GH31,2.A.1,LacI,9.B.34
2.A.40,2.A.36,HTH_1,1.E.14,2.A.122,2.A.21,9.B.136,GT2,2.A.23,SIS,4.A.1
GT4,1.A.34
3.A.15,3.A.15,3.A.15,9.B.125,GH43_26,2.A.2,2.A.3
1.B.42,1.B.42,4.A.2,PTS-HPr,GT51
4.A.3,GH1,4.A.3,4.A.3
5.A.3,5.A.3,LacI,GH20
GH23,3.A.9,GntR,3.A.1,3.A.1,3.A.1
1.B.42,3.A.1,3.A.1,3.A.1,GT4
GH3,8.A.5
4.A.1,CE9
3.A.1,3.A.1,CbiA,GT2,4.D.3
GT26,9.B.128,GT56,2.A.66
GT0,9.B.146
3.A.1,3.A.1,1.B.14,GT51
2.A.1,GH2
GH1,1.B.14
3.A.1,MarR,GH23
1.A.23,GH20,1.B.25
3.A.1,3.A.1,3.A.1,GH1
GH15,9.B.27,9.B.29
2.A.86,GH0|GT4
2.A.39,GntR,CE4
5.A.3,5.A.3,GH103
CBM50,2.A.1
GH105,4.A.1
