GH13_31,CBM34|GH13_20,GH133,GH13_14,3.A.1,3.A.1
GH2,3.A.1,3.A.1,3.A.1
GH3,GH3,GH2|CBM51|CBM51,Peripla_BP_1,9.B.33,HTH_AraC,2.A.4
3.A.1,2.A.1,LacI,SBP_bac_1,3.A.1,3.A.1,GH13_36
3.A.1,3.A.1,GH18,2.A.66,HTH_11,1.A.11,2.A.66
2.A.66,ACT,3.A.1,4.D.2,GT2
3.A.1,3.A.1,3.A.1,3.A.1,3.A.1,3.A.10,CBM48|GH13_9
GT2,GntR,4.A.1,GH13_29,2.A.66
GT26,9.B.18,GT2,GT0,GT2,3.A.1,3.A.1,CBM13|CBM13|CBM13|CBM13|CBM13|CBM13|GH73
3.A.11,3.A.7,1.A.33,GH84|CBM32,GH101|CBM32,2.A.86
GH84,3.A.16
3.A.1,GH101,2.A.22
2.A.58,GT28,2.A.115,3.A.1,3.A.1
2.A.25,GH101,HisKA|HATPase_c,Trans_reg_C,2.A.107
GH32,3.A.1,3.A.1,3.A.1,SBP_bac_1,LacI,2.A.115
GT51,9.A.11
GH32,SBP_bac_1,3.A.1,3.A.1
3.A.1,GH123
GH3,GH16_3|CBM4|CBM4|CBM4,GH3,3.A.1,3.A.1,GH94,GH94,HTH_AraC,GH13_4,GH36,3.A.1,3.A.1,3.A.1
1.C.113,NUDIX,3.A.1,3.A.1,GT2
GH43_35,GH13_20,9.B.158,4.A.1,4.A.1,CE9
2.A.66,GH3,LytTR,3.A.9,9.B.97,2.A.25,3.A.11
3.A.16,CBM34|GH13_39
GH2|GH2,CBM40|CBM40|GH33|CBM32,HTH_AraC,8.A.59,3.A.1,GH101,GH101|CBM6
GT35,3.A.3
GH32,4.A.1,LacI,CBM32|CBM32|GH20,GH29
CBM32|GH84|GH20,Fe_dep_repress,FeoA,9.A.8
GH136,3.A.16,GT8
PL12_1,HisKA|HATPase_c,Trans_reg_C,3.A.1
9.B.28,Pribosyltran,GT4
4.C.1,GH2|CBM32
GH2,1.C.82
GH101,HTH_AraC,GH112,3.A.1,3.A.1
3.A.1,1.A.33,Pribosyltran,GH13_11,1.A.33
3.A.1,3.A.1,GH31
