CE4,3.A.1
2.A.8,GT2,GT102
3.D.10,CBM50
2.A.3,GntR,4.A.1,GH13_29,9.A.11
GH18|CBM2,3.A.1,3.A.1,3.A.1,3.A.1,MCPsignal,2.A.13,3.A.7,9.B.74,4.A.1,GH13_31,1.B.52,3.A.1,3.A.1,3.A.1,2.A.1
2.A.21,2.A.41,CE4,CE4,2.A.7
3.A.1,GT4,9.B.144,GT2,GT87,GT2
GT0,9.B.146,CE4
GH4,4.A.3,4.A.3,4.A.3,4.A.3,4.A.3,4.A.3,2.A.23,Glyoxalase,9.B.74,HTH_1,GH126
2.A.41,GGDEF,GT2,2.A.15
2.A.1,MerR,GT51,9.B.149,HD,3.A.1,3.A.1,3.A.1,3.A.1
9.B.34,2.A.114,LytTR,2.A.1,GT26,GT4,1.A.62,1.B.52,2.A.66,GT2,3.A.1,TetR_N,2.A.6,2.A.86,2.A.122,1.E.14,LytTR,9.B.33,2.A.1,2.A.15
3.A.1,CE4
2.A.115,GT1
9.B.20,CE4
GT2|GT2,3.A.1,3.A.1,3.D.4,3.D.4
CE4,2.A.22
9.B.31,GH18
5.A.1,3.A.1,CE4
GH25,3.A.1,3.A.1
3.A.1,3.A.1,3.A.1,SBP_bac_3,CBM50
9.B.18,GT2,GT4,GT4,GT4,GT4,GT4,9.B.183,GT2,GT4,GT4,9.B.18,8.A.3,8.A.3
GT51,2.A.20,2.A.102
GT2,2.A.103
GH13,1.A.11
GH1,4.A.1
GH170,4.A.1
3.A.1,3.A.1,GH170,4.A.3,4.A.3,4.A.3,HTH_11|Mga,GH170,2.A.1,2.A.58
2.A.3,GH18,1.A.16
9.B.34,GT28,9.B.18
GT28,2.A.103,9.B.146
3.A.1,3.A.1,3.A.1,CBM34|GH13_20,GH13_31,3.A.1
CE9,3.A.11
2.A.35,CBM50
1.E.19,GH25
9.B.12,GT51,2.A.1
2.A.1,4.C.1,GT2,2.A.1
1.C.41,1.C.41,1.C.41,CBM5
2.A.21,GT1,3.A.1,3.A.1
2.A.7,GH8
9.A.11,3.A.1,9.B.105,CBM41|GH13_14,CBM50,3.A.5,2.A.7
AA10,GT1,9.A.25
CE4,2.A.109,3.A.1,9.B.74
GT2,2.A.1
2.A.1,GT2,GT2,GT2
