3.A.1,3.A.1,3.A.1,3.A.1,GH3
3.A.1,3.A.1,GH4
3.A.1,GT2,1.E.19,2.A.50
2.A.115,Spo0A_C|Response_reg,GT2,9.B.34,HD,3.A.1,3.A.1,SBP_bac_1,GH94
GH13_39,4.F.1
GT28,3.A.1,3.A.1,3.A.1,3.A.1,3.A.1,3.A.1,2.A.98
GH13_5,3.A.1,3.A.1,3.A.1,3.A.1
GT28,GH4,3.A.1,3.A.1
3.A.1,3.A.1,3.A.1,3.A.1,CE9,GH2
3.A.1,3.A.1,GH36
CE7,GH0,9.B.33,HTH_AraC,3.A.1,3.A.1,3.A.1,3.A.1,EAL|SBP_bac_3|PAS|GGDEF,3.A.1,3.A.1,3.A.1,HTH_AraC,8.A.59,3.A.1
3.A.11,GT39
GH127,GH51,3.A.1,3.A.1,SBP_bac_1,GH127
3.A.1,3.A.1,GH127
3.A.1,3.A.1,3.A.1,GH4
4.D.2,GT4
2.A.66,GT4
3.A.1,3.A.1,GH65
3.A.12,GT4,GT4,9.B.20
2.A.1,GH2
3.A.16,GT2
GH127,3.A.1,3.A.1
GH2,GH2,3.A.1,3.A.1,3.A.1
3.A.1,3.A.1,3.A.1,3.A.1,3.A.1,GH43_26,GH127,8.A.59,HTH_AraC,3.A.1,3.A.1,SBP_bac_1,HTH_1,3.A.1,3.A.1
GH3,3.A.1,3.A.1,SBP_bac_1,HTH_AraC,8.A.59,GH39
GT2,2.A.66
GH112,3.A.1,3.A.1
GH13_31,GH65,8.A.59,HTH_AraC,3.A.1,3.A.1,3.A.1
8.A.59,SBP_bac_1,3.A.1,3.A.1,GH66,SBP_bac_1,3.A.1,3.A.1,GH65,GH31
CBM34|GH13_20,3.A.1,3.A.1,3.A.1,2.A.122,2.A.7,2.A.4,3.A.1,3.A.1,3.A.1
3.A.1,3.A.1,GH2
3.A.1,GH33,GntR,3.D.10,3.A.1,3.A.1
2.A.38,2.A.38,GT2,Aminotran_1_2,2.A.66
GH9,3.A.1,3.A.1,3.A.1,HTH_AraC,8.A.59
3.A.1,GT2,2.A.50
3.A.1,3.A.1,GH51,3.A.1,8.A.59
GH65,LacI,SBP_bac_1,3.A.1,3.A.1,GH65,GH28,2.A.66,GH2
GH94,3.A.15
3.A.1,3.A.1,3.A.1,3.A.1,GH36
3.A.1,3.A.1,GH94
GT4,9.B.18
PL17_1,3.A.1,3.A.1
3.A.1,3.A.16,GT51,3.A.1,3.A.1,HATPase_c,Trans_reg_C,9.B.34
3.A.1,3.A.1,SBP_bac_1,GH143
3.A.1,3.A.1,GT51
GH18,NUDIX,HTH_1,2.A.66
GH65,3.A.1,3.A.1
3.A.1,3.A.1,GT1,FeoA,9.A.8
3.A.1,3.A.1,Peripla_BP_1,GH3
3.A.1,3.A.1,GH13,GH31
GH9,3.A.1,3.A.1,GH4
3.A.1,EAL|GAF|GGDEF,CBM34|GH13_20,3.A.1,3.A.1,3.A.1,LacI,3.A.1,2.A.78
GH5_45,SBP_bac_1,3.A.1,3.A.1,GH3,3.A.1
3.A.1,3.A.1,GH130,GH38,GH20
GT5,CBM48|GH13_9,LacI,3.A.1,3.A.1,3.A.1,3.A.1,3.A.1
GH13_20,SBP_bac_1,3.A.1,3.A.1,LacI,GH13_18|GH13_18
3.A.1,3.A.1,SBP_bac_1,CE1,CE4
GH32,3.A.1,3.A.1
