CBM48|GH13_9,3.A.1,3.A.1
GH2,SBP_bac_1,3.A.1,3.A.1,GH2
GT28,3.A.10,4.A.2
GH2,2.A.66,2.A.7
2.A.49,GH13_18,2.A.23
GH35,LacI,3.D.1,3.D.1
GH77,LacI,GT35,3.A.11
9.A.8,GH42,3.A.1,3.A.1,3.A.1,3.A.1,3.A.1,2.A.66,2.A.115
GH112,2.A.23,HisKA,Trans_reg_C,GT2
2.A.115,GH31
CBM34|GH13_39,3.A.16
2.A.106,2.A.19,HTH_AraC,GH136
3.A.1,3.A.1,GT2,GT2|GT2
GT2|GT2,GT2,9.B.18
GH2,2.A.120,3.A.9,GH42,CBM67|GH78,HTH_3,1.E.43
GH127,Peripla_BP_2,3.A.1,3.A.1
2.A.66,3.A.1,HTH_AraC,GH129,SBP_bac_1,3.A.1,3.A.1
GH2,GH13_31,2.A.21
2.A.37,GH38
9.B.104,GT28
2.A.120,GH3,GT35
3.A.1,SBP_bac_1,3.A.1,PfkB,GH4
9.B.18,GT4
GH3,GH51|GH43_35,2.A.66,GH51,CE1|CE1,LacI,3.A.1,3.A.1,2.A.66
3.A.1,3.A.1,3.A.1,3.A.1,3.A.1,2.A.25,GH42,GH2,3.A.1,3.A.1,3.A.1,HTH_AraC,2.A.66
GH20,9.B.156,2.A.66
3.A.1,3.A.1,GH123
GT2,9.B.142
2.A.39,PfkB,GH32
GH109,GH31,2.A.79,2.A.39,2.A.22
GH13_31,3.A.1
GH77,3.A.1,3.A.1
GH32,2.A.53,8.A.59
2.A.25,GH51
2.A.66,GH123
