1.A.11,CE4
GH5_4,9.B.100
GT4,GT4,9.B.18
2.A.115,2.A.66,3.A.1,GH43_12
9.B.34,GH5_4,CBM35
CE2,3.A.3,HMA,3.A.1
3.A.1,FeoA,FeoA,9.A.8,CE2,GH44|CBM76
3.A.2,3.A.2,3.A.2,3.A.2,3.A.2,3.A.2,CBM4|GH9
GH25,3.A.1
3.A.5,GH9
GT2,3.A.3,3.A.3,3.A.3
9.B.18,GT2,9.B.18,GT4
3.A.1,GntR,CE2,2.A.38
GH43_10|CBM22|CE1,3.A.1
2.A.115,GH27,3.D.10
3.A.1,3.A.1,GH13_9,3.A.1
GH48,3.A.1,3.A.1
CE3,FHA,2.A.103,GH5_4
GH5_4,4.C.1
GH9,CBM79|CBM79,3.D.6,3.D.6,3.D.6,3.D.6,3.D.6,2.A.87
9.B.146,2.A.103,GT28
9.A.24,PL1|CBM13
2.A.22,HTH_AraC,CBM22|GH10|CBM22|GH43_16,GH9|CBM3,CBM4|GH9,2.A.66
3.A.1,GH146
3.A.1,3.A.1,3.A.1,GH30_8|CBM22|CE1,GT2
GH3,2.A.88
2.A.86,CE12|CBM13|CBM35|CE12,2.A.115
3.A.1,3.A.1,CE2
2.A.7,TetR_N,3.A.1,3.A.1,GH5_8
GT35,GH77,2.A.38,GH94
3.A.5,HTH_11,GT35
2.A.86,GH94
GH9|CBM3,9.A.11
