GH43_33,3.A.1,3.A.1,3.A.1
3.A.1,3.A.1,GH30_1
GH2,GT39,3.A.5
3.A.1,3.A.1,CBM67|GH78,GH3,3.A.1,3.A.1
3.A.1,3.A.1,CE9,3.A.1,3.A.1
9.B.146,2.A.103,GT28
GH79,3.A.25,3.A.3,TetR_N,4.F.1
3.A.1,3.A.1,GH42,GH53,LacI,SBP_bac_1,3.A.1
3.A.1,GH13_18,LacI,3.A.1,3.A.1,3.A.1
3.A.1,3.A.1,3.A.1,CBM34|GH13_20,LacI,GH13_2|CBM20
3.A.1,3.A.1,SBP_bac_1,CBM9,GH18
3.B.1,GH38,8.A.59
3.A.1,3.A.1,GH43_26
GH4,PfkB,3.A.1,3.A.1,3.A.1
3.A.1,3.A.1,3.A.1,CE4
3.A.1,3.A.1,CE2,GH130
CBM67|GH78,3.A.1,3.A.1
GH127,TetR_N,3.A.1,3.A.1
8.A.59,GH30_2,GH42
3.A.1,3.A.1,GH43_4
GH29,3.A.1,3.A.1
GH43_28|CBM32,3.A.1
3.A.1,3.A.1,GH31
GH25,1.E.31
2.A.40,GH94
GH130,3.A.1
