GT4,GT4,8.A.7,8.A.8,3.A.9
AA10,CBM5,9.A.24
GT4,2.A.66,GT2
GT2,9.B.18,GT2|GT2,3.A.1,3.A.1
GT2,GT2,GT2,9.B.126
GT28,9.B.146
GH4,4.A.1
2.A.9,GT4
GT2,9.B.18,9.B.18,8.A.3,8.A.3
GH1,GH4,HTH_6,4.A.1,3.A.1,3.A.1,2.A.55,GT51
GH18,TetR_N,3.A.1
3.A.1,9.B.211,2.A.7,3.A.1,2.A.3,4.A.1,SIS,GH170,3.A.1
GH1,LacI,GH3,4.A.3
4.A.2,GntR,GH1,4.A.1
3.A.1,3.A.1,3.A.1,3.A.1,2.A.103,HTH_1,2.A.98,GT2,3.A.7,TetR_N,2.A.1,Aminotran_1_2,2.A.3
2.A.1,GH23|CBM50
4.A.3,GH1
2.A.1,GH23,3.A.3
GH73,SBP_bac_1,3.A.1,3.A.1
3.D.1,GH170
2.A.1,HhH-GPD,GT51
2.A.1,GH78,4.A.7
3.A.1,GH13_31
3.A.1,3.A.1,3.A.1,CBM34|GH13_20
4.A.3,4.A.3,GH1
GH105,2.A.56,2.A.56,2.A.56
GH32,4.A.1,8.A.9,GH13_29,3.A.3
8.A.5,GntR,4.A.3,GH1,4.A.3,4.A.3,4.A.3
2.A.40,GH13_31
GH65,4.A.1
3.A.1,GH73,4.A.1
3.A.1,GH13_29,2.A.86,3.A.1,LytTR,9.B.14
GH18,HTH_3,AA10,SIS,SIS,4.A.6,4.A.6,4.A.6,4.A.6
3.A.12,GH1,3.A.1,3.A.1,3.A.1
2.A.1,GntR,GH43_26,GH51,3.A.1,3.A.1,SBP_bac_1,GH51
PL8,4.A.6,4.A.6,4.A.6,4.A.2,4.A.2,4.A.2,4.A.2,4.A.2,4.A.2
GH88,GH35,GH154,2.A.86,9.B.20,3.A.1,2.A.1
GH67,SBP_bac_1,3.A.1,3.A.1
GH43_11,SBP_bac_1,3.A.1,3.A.1,3.A.1,3.A.1,3.A.1
4.A.1,GH73,GH73,MarR,Nitroreductase,3.A.1,PadR,2.A.1
3.A.1,3.A.1,3.A.1,GH4,3.A.1,3.A.1,3.A.1,GH36,GH13_31,GH13_18
GH36,GH32,4.A.1
GH28,2.A.2,GH43_11,CE8,GH28,GH105,SBP_bac_1,3.A.1,3.A.1
CE12,3.A.1,GT51,GH38,GH125,GntR,GH92,HTH_AraC,8.A.59,9.B.28,SBP_bac_1,3.A.1,3.A.1,2.A.66
GH73|CBM50|CBM50,9.B.105,3.A.1,3.A.1,TetR_N|TetR_C,2.A.1
