GT51,GT83,GT2,2.A.123,3.A.1,3.A.1,3.A.1,3.A.1
4.C.1,Pyr_redox_2,GntR,3.A.1,3.A.1,SBP_bac_1,3.A.1,AA3_2
1.A.34,2.A.7,GT51
3.A.7,3.A.7,3.A.7,3.A.7,GH23
3.B.1,AA3_2
4.D.1,GT2
GT4,3.A.1,GT4,GT83,4.C.1
GH23,3.A.9
1.A.26,CE4,CE4
1.B.70,GH23,1.A.22
2.A.89,2.A.6,2.A.6,2.A.4,HATPase_c|GAF,GT2,9.B.34
GT51,2.A.36
3.A.7,GH23
3.A.1,3.A.1,3.A.1,3.A.1,3.A.1,AA3
GT2,3.A.1
3.A.9,3.A.1,GT9,SIS,GT9
9.B.18,9.B.146,GT4
GH23,3.A.7
GT20,GH15,2.A.1
CE11,1.B.33,2.A.1
2.A.1,GT51,2.A.109
GT4,9.B.18
1.C.27,TPR_2|TPR_1,GH103
2.A.1,HTH_1,GT28,2.A.103,9.B.146
GT4,PALP,2.A.1,3.A.1,3.A.1
2.A.6,2.A.6,3.A.5,CBM50
2.A.89,GH103
2.A.21,4.A.6,PTS-HPr,GT0
