1.B.14,GH92,GH92
2.A.21,1.B.14,8.A.46,GH33
1.B.14,GH37,GH2
GH97,2.A.2,HTH_AraC,GH26
GT14,1.C.39
1.E.43,GH13_14,1.A.23
1.B.14,8.A.46,GH18,GH18
1.B.14,8.A.46,GH18,3.D.1,3.D.1,3.D.1,3.D.1,Fer4,3.D.9,3.D.1,3.D.9,3.D.1,3.D.1,8.A.51,GH73,GT9
GH13,1.B.18,8.A.3
2.A.6,2.A.7,GH29,1.A.33
2.A.1,GT51,GH2,GH2,GH164
GH97,GH13,GH13,GH13_36,8.A.46,1.B.14,2.A.2,2.A.2,8.A.59,LytTR,GH77
GH20,Sigma70_r4_2|Sigma70_r2,FecR,1.B.14,8.A.46
1.E.19,3.A.11,9.B.126,GT80
GH77,2.A.67
GH2,GerE,1.B.14
GH97,LacI,1.B.14,8.A.46,GH110,GH110
3.A.23,2.A.35,CE2
GT4,3.A.5,1.B.14,8.A.46
8.A.46,GH92,GH3,GH5_2,GH92,GH123,1.B.14
3.A.1,HhH-GPD,GT2
GH3,HTH_AraC,1.B.14,1.B.14
GT2,3.A.9
2.A.66,GT2
1.B.14,8.A.46,GH20
GH18,GH18,8.A.46,1.B.14
GH3,HTH_AraC,GH92,GH63,GH20,9.B.145,GT27
GT4,2.A.1,HTH_3,2.A.1
3.A.2,3.A.2,3.A.2,GH38,1.B.14,8.A.46,GH76,HTH_AraC,GH76,GH125,GH97
4.C.1,GH2
GH29,1.I.1,2.A.66,2.A.115,GH171
GH2,2.A.51,2.A.51,3.D.1,3.D.1,3.D.1,3.D.1,3.D.1
9.B.33,GH20
2.A.7,1.B.14,GT4,GT4
GH97,2.A.49
3.A.5,GT2,GT2
1.B.14,8.A.46,GH20,1.A.13
2.A.36,GH20,GH3,GH92
GH18,8.A.46,1.B.14
GH13_8,2.A.17
