GH5_46,3.A.1,3.A.1,3.A.1,HTH_AraC,9.B.33
3.A.12,GT2,9.A.40
GH25,3.D.6,3.D.6,3.D.6,3.D.6,3.D.6,3.D.6
8.A.42,GH23
GT35,9.B.34
GH13_39,3.A.16
GH18,3.A.18
8.A.3,GT2,GT2,GT32,GT32,2.A.66,GT2
3.A.1,GH16_3,1.B.52,2.A.25,4.A.3,Citrate_synt,1.B.52,3.A.2,3.A.2,3.A.2,3.A.2,3.A.2
GH3,HTH_AraC,2.A.25
2.A.66,GH3,GH78,HTH_AraC,8.A.59,SBP_bac_1,3.A.1,3.A.1
GH65,3.A.1,3.A.1
GT51,1.A.26,3.A.1,3.A.1,3.A.1,LacI,GH77,2.A.66
GT2,3.A.1,3.A.1,3.A.1
9.A.11,2.A.45,GT28
CBM32|GH26,GH5_41|CBM23,1.B.52,3.A.1,3.A.1,SBP_bac_1,GH130,HTH_AraC,8.A.59,GH130,GH130,GH16_3
CBM26|GH87,3.A.1,3.A.1
GT2,GT4,GT4,9.B.18,Aminotran_1_2,9.B.18
9.B.18,GT2
3.A.1,GntR,GH0,2.A.51
3.A.1,1.A.23,CBM48|GH13_9
2.A.115,3.A.1,3.A.1,3.A.1,3.A.1,3.A.1,3.A.1,3.A.1,3.A.1,3.A.1,GH13_11
GT100,GT2,3.A.1
GH25,3.A.1,3.A.1,GT2,GT2|GT2,GT2,GT2,9.B.18,GT2
3.A.1,3.A.1,GH94,GH161,SBP_bac_1,3.A.1,3.A.1,SBP_bac_1,8.A.59
GH94,8.A.59,SBP_bac_1,HTH_AraC,CE9,SBP_bac_1,3.A.1,3.A.1,GH65,GH65,LacI,GH28
GH9,3.A.1,3.A.1
9.A.11,3.A.3,1.B.52,3.A.1,3.A.1,MarR,GH3
9.A.11,3.A.1,GGDEF|EAL|dCache_1,9.A.11,9.A.11,2.A.50,GH25
GH3,HTH_AraC,HATPase_c,3.A.3,5.A.1,SBP_bac_1,3.A.1,3.A.1
3.A.1,GH3,9.B.28
9.B.156,9.B.156,GH5_54,2.A.122,1.E.14
GH73,1.E.19
GH77,LacI,GH13_21,GH31,SBP_bac_1,3.A.1,3.A.1,3.A.1,MCPsignal|dCache_1,HTH_AraC,3.A.1,3.A.1,3.A.1,3.A.1,PAS,1.B.52,GH55
GH171,SIS,2.A.66
GH73,1.E.19
GT35,2.A.66,2.A.66
