1.B.52,FIST,GT51,9.A.11,9.A.11,9.A.11
CBM48|GH13_9,1.A.23,3.A.1,3.A.1
2.A.66,GT28,CE4
2.A.38,2.A.38,GT2|GT2,GT2,3.A.24,CBM4|GH9,2.A.21
3.A.5,Mga,GH0
GH5_1,2.A.1
GT2,3.A.1,3.A.1,9.B.18,9.B.10,GH161,GH94,3.A.1
3.A.3,HMA,2.A.115,GH73,3.A.3,2.A.66
GH32,3.A.1,3.A.1
CBM4|CBM4|GH16_3|CBM4|CBM4,HTH_AraC,HTH_AraC,9.B.33
8.A.59,cNMP_binding|SpoIIE,FecR,GT2
GH13_20,3.A.9,2.A.40
2.A.115,3.A.1,3.A.1,3.A.1,HD,CE4
2.A.86,GH5_2
GH94,2.A.66,CBS,3.A.12
1.B.52,GH1
2.A.66,HTH_AraC,GH31
3.A.1,3.A.1,GH25,2.A.86
9.B.34,CBM48|GH13_9
3.A.16,GH13_39
GH23,3.A.1,2.A.103,9.B.146
GT35,3.A.1,3.A.1,3.A.1,LacI,GH77
3.A.1,3.A.1,3.A.1,HTH_AraC,8.A.59,3.A.1,HTH_AraC,GH2,2.A.2
9.A.40,Aminotran_1_2,GT2,3.A.1
