1.B.50,GT4
GT5,3.A.1
2.A.40,2.A.3,GT2
GT4,4.F.1
2.A.89,GT35,GH13_3,GH13_16,CBM48|GH13_9
GT28,2.A.103,9.B.146
9.B.20,2.A.7,GH31
4.A.1,GH77,3.A.1
GH111,Rhodanese,8.A.5
GT4,GH33,Aminotran_1_2,2.A.25,2.A.25,2.A.25,2.A.25,2.A.25,CE4
3.A.1,3.A.1,GH36
GH33,GH33,3.A.1,3.A.1,3.A.1,3.A.1
GT4,2.A.55
GH3,GH3,GntR,2.A.1
3.A.1,3.A.1,3.A.1,3.A.1,3.A.1,3.A.1,GH112
1.A.33,2.A.1,GH13_30,3.A.1,3.A.1
GH3,2.A.1
3.A.1,3.A.1,SBP_bac_1,GH20,GH5_18,GH38,LacI,3.A.1
2.A.1,LacI,8.A.8,4.A.2,PfkB,8.A.7,2.A.49,GH3
2.A.118,2.A.2,GH2
2.A.1,GH32,2.A.1
GH29,3.A.1,3.A.1,3.A.1,GH2
4.A.1,GntR,4.A.1,4.A.3,GntR,GH42,2.A.1
2.A.1,LacI,2.A.1,3.A.1,3.A.1,3.A.1,Pribosyltran,CBM32|GH20|CBM32|GH35
2.A.67,MarR,GH3,2.A.20
GT2,3.A.1,3.A.1,GT2,GT2
2.A.1,GH5_44,GH43_11,GT39
2.A.1,CBM67|GH78,2.A.1
