AA6,2.A.7
2.A.1,2.A.6,2.A.6,8.A.1,HhH-GPD|AlkA_N,9.B.34,9.B.22,2.A.109,1.B.18,8.A.3,GT2,GT4,GT2
GT4,9.B.18,2.A.66,GT4
3.A.1,3.A.1,GT4,GT4,GT4,2.A.7
4.A.3,4.A.3,4.A.3,HTH_AraC,GH4,2.A.23
4.A.2,GH37,Peripla_BP_2,3.A.1,3.A.1,1.B.14,1.E.43,GH23,2.A.36
GH23,3.A.6,3.A.6,3.A.6,3.A.6
CBM50,3.A.1,3.A.1,3.A.1
GH105,3.A.6,3.A.6
GT20,3.A.1,3.A.1,3.A.1
GH13_5,9.B.102,3.A.6,3.A.6,3.A.6
2.A.1,GH73
9.B.33,MerR,3.A.1,3.A.1,3.A.1,3.A.1,GH3,9.B.29,9.B.27,1.B.17,1.E.14,2.A.122,9.B.114
1.B.68,NUDIX,Aminotran_1_2,GT2,GT83,2.A.7,2.A.7
GH0,3.A.23,3.A.23,9.B.186,3.A.23
2.A.40,Pribosyltran,GH1
GH23,4.A.1
GH13_29,4.A.1,LacI,3.A.3,2.A.56,2.A.56
3.A.1,GH23
9.B.146,2.A.103,GT28
CE11,3.A.5
GT51,1.B.11,1.B.14,3.A.1,3.A.1,3.A.1,2.A.49,1.A.62,3.A.1
1.B.25,4.A.1,CE9
9.A.40,GT4,3.A.1,3.A.1,3.A.1
CBM34|GH13_21,2.A.3,2.A.26
GH2,4.C.1
GH23,2.A.1
2.A.8,GH77,GT35
9.B.104,Rhodanese,GT35,GT5,CBM48|GH13_11,CBM48|GH13_9,2.A.95,2.A.8
GT2,2.A.6
5.B.3,GH37,GH24
1.A.34,GT2
4.A.2,4.A.2,4.A.2,Mga|HTH_11,GH31,2.A.2
4.A.6,4.A.6,4.A.6,4.A.6,AAA,GH1,2.A.1,2.A.1,2.A.1
2.A.7,2.A.1,GH5,HTH_1,2.A.8
9.B.120,2.A.1,GH23
GH1,HTH_6,1.C.113
CBM50,1.E.9,1.B.55,CE4|GH153,GT2
3.A.7,GH102
GH1,4.A.1,LacI,5.A.3
4.A.4,4.A.4,4.A.4,GH103
3.A.1,3.A.1,3.A.1,3.A.1,3.A.1,2.A.19,CBS|SIS,1.B.42,1.B.42,1.B.42,4.A.2,8.A.8,GT51
2.A.40,2.A.36,HTH_1,1.E.14,2.A.122,2.A.21,9.B.136,GT2,5.A.3,5.A.3,9.B.14,TPR_1,2.A.23,3.D.1,3.D.1
GH1,4.A.1
3.A.15,GH23
GH31,2.A.2,2.A.2,1.B.35
2.A.3,GT26,9.B.128,GT56,2.A.66
GT0,9.B.146,3.A.6,1.I.1
