1.B.42,1.B.52,GH23
1.A.11,3.A.1,3.A.1,3.A.1,GH94,GH20,GH9,3.A.1,3.A.1,3.A.1,3.A.1,3.A.1,HisKA|HATPase_c|Response_reg|PAS,2.A.86
2.A.6,2.A.6,CBM50,1.B.1
GH3,LytTR,9.B.33
3.A.1,GH23,Trp_repressor,9.B.34,3.A.1,1.B.33,3.A.9
GH19|CBM5,2.A.96,4.C.1
2.A.68,GH23
3.A.1,3.A.1,3.A.1,LacI,4.A.1,GH13_29,2.A.6,2.A.6,GT0,GT4
2.A.17,2.A.37,MarR,CE9,4.A.1
2.A.1,GH18
2.A.15,CE4|CBM12,4.A.3,4.A.3,4.A.3,GH4,LacI,GT2,1.B.52
9.B.99,HisKA|HATPase_c,Trans_reg_C,GT0,Nitro_FeMo-Co,3.A.1,3.A.1,3.A.1,2.A.80
2.A.25,3.A.1,3.A.1,3.A.1,3.A.1,3.A.1,GH73
2.A.119,GH36,5.A.3,5.A.3,1.A.16
GT5,3.A.7
2.A.56,2.A.56,2.A.56,Glucokinase,CE9,GH33
5.A.3,5.A.3,CBM73|GH18,2.A.41,HTH_1,GH103
4.C.1,1.B.14,1.B.6,3.A.3,GH20
3.A.16,GH102
GH2,8.A.59,4.C.1
3.A.5,CE11
GT28,2.A.103,9.B.146
4.C.1,HTH_1,GT1
CBM50,cNMP_binding,3.A.18
9.B.34,2.A.13,CBM41,GH13_13,5.A.1,GerE,2.A.36,2.A.21,2.A.88
GT30,GT32,GT9,GT9,9.B.67,CE4
GT4,9.B.18,9.B.18,1.A.23
GT2,cNMP_binding,2.A.1,2.A.21,1.I.1,3.A.6
4.A.1,LacI,GH32,PfkB,1.B.52,9.B.186,1.B.52,2.A.61,2.A.21
2.A.6,2.A.6,9.B.34,GH18
3.A.1,8.A.5,GH13_19,1.B.9,1.B.52,CBM5,1.B.39
1.B.3,GH13_11,1.B.52
1.B.52,GerE,GT35,GH77,CBM48|GH13_9,3.A.23,1.C.106,9.B.97,2.A.47,GH18
CBM50,1.I.1,1.B.14
3.A.1,3.A.1,3.A.1,9.B.34,9.A.5,2.A.53,CBM50
2.A.1,AA10
8.A.59,2.A.21,2.A.35,2.A.1,9.B.34,CE16,1.C.14,1.B.52
