3.A.1,GH23
CBM32|GH2,GH92|CBM32|CBM32,CBM32|CBM32|CBM32|GH2|CBM32,3.A.1,3.A.1
GT2,3.D.1,3.D.1
GT2,3.A.9
3.A.1,3.A.1,3.A.1,GH92,FeoA,9.A.8,9.A.8
3.A.1,GntR,HATPase_c,GT4
GH38|CBM6|CBM6|CBM6,3.A.1,3.A.1
3.A.1,3.A.1,GH38|CBM32|CBM32,GH38|CBM6|CBM6|CBM6,9.B.18
GH13_3,GT35,3.A.1,3.A.1,3.A.1
9.B.146,2.A.103,GT28
GH116|CBM6|CBM6|CBM6,3.A.3,3.A.5
2.A.66,GT2,GT4,GT2,Aminotran_1_2,GT0,GT26
GH76|CBM35,8.A.5
GT4,8.A.3
CBM32|CBM32|CBM32|CE3|CBM32|CE1|CBM32,3.D.6,3.D.6,3.D.6,3.D.6,3.D.6,3.D.6,2.A.87
9.B.174,Peptidase_M23,3.A.1,Diacid_rec,GH18,CBM32|CBM32|GH2,3.A.1,3.A.1,3.A.1
2.A.21,GH39
1.A.11,GH3
CBM50,1.E.19,GH18
3.A.3,CBM32|CBM32|GH2|CBM32|CBM32,9.B.143
1.A.33,1.A.33,LytTR,CBM32|CBM32|CBM32|CBM32|GH2|CBM32
GH92|CBM6,2.A.6,2.A.6
2.A.16,TPR_2,4.C.1,GH25
1.C.82,GT4,2.A.87
9.B.18,GT4
2.A.40,GH92
