1.B.14,8.A.46,GH18,GH92,FecR,GH92,GH92,GH130,GH92,HTH_AraC,GH43_24,GH43_9|GH43_19
GH20,PL12_2,1.B.14,8.A.46,GH88,PL12_2
1.B.14,8.A.46,PL8_2
PL33_1,1.B.14
1.A.26,GH141
PL35,GH2,GH92,GH36,HTH_AraC,GH26,GH130,2.A.2,1.B.14
9.B.10,GH95,9.B.12
GT51,2.A.17
GH27,8.A.1
GH31,2.A.21,3.A.1
3.A.1,GH13_14
8.A.5,8.A.5,CE1
GT2,GT2,GT32,GT4,GT4,9.B.18
9.B.171,8.A.46,1.B.14,GH88
GH29,GH3,GH154,CE6,GH88,CBM32,1.B.14,GH109,GH3,GH3,GH95,GH3,GH95,1.A.23,2.A.124,9.B.168,2.A.9
GT2,2.A.1,HTH_1,1.B.14,8.A.46
3.A.9,GH25
GH13_38,4.C.1,cNMP_binding,2.A.115,Aminotran_1_2,2.A.81
GT5,1.A.11,GH57,GT4,GH133
GH95,CBM32,1.B.14
GH3,8.A.46,1.B.14,GH16_3
1.A.34,MerR,HD,GH23,HTH_3,8.A.3,GT19,3.A.25
GT4,2.A.47
GH146,HTH_AraC,2.A.6,2.A.6,2.A.6,2.A.6,cNMP_binding,8.A.5,8.A.5
9.B.186,1.A.62,HTH_AraC,1.B.14,GH20,GH2,GH29|CBM32,GH18,GH16,2.A.17
3.D.4,GH28,HTH_AraC,GH30_2
1.B.14,1.B.14,GH16_3,GH16_3,GH43_24|GH43_17
2.A.76,CBM32,8.A.46,1.B.14,2.A.66
1.B.42,HD,GH171,3.A.5,2.A.66
9.B.171,GH109
1.B.14,1.B.14,PL8_3
2.A.1,GH2
1.B.14,GH2,2.A.4,PL30,GH117|GH117,GH31,GH92,PL8
GH51,GH3,1.B.14
3.A.1,3.A.1,3.A.1,3.A.1,GH51
GH13_20,2.A.66,2.A.1
1.B.14,GH53,GH2|GH53
8.A.46,1.B.14,GH97,2.A.2,CBM20|GH77
GT28,2.A.103,9.B.146
PL8_2,3.D.3
GH97,GH66,8.A.46,1.B.14
2.A.21,PL40
9.B.174,GH2,3.D.10,3.D.10,3.A.11
2.A.6,HTH_AraC,GH97
1.A.14,Aminotran_1_2,2.A.7,Fer4,GH3
2.A.37,GH23,GH2
1.B.14,GH32,GH32,2.A.1
2.A.1,GH20,GH105|GH154,PL42,HTH_AraC,1.B.14
GH97,1.B.6
3.D.1,GT9,3.A.1
9.B.27,2.A.37,2.A.1,3.A.1,CE4
GH30_4,CBM32,1.B.14
1.B.14,2.A.1,9.B.97,3.A.1,GH110
2.A.66,GT2,GT4,GT2,9.B.144
1.B.14,GH29
9.B.145,3.A.18,GH97,3.A.3
GT2,2.A.107,2.A.7
