GT1,2.A.124
GH105|CE12,PL11_1,GH28,GH42,PL26,1.B.14,GH2,GH2,2.A.115,GH2,GH20,1.B.14
9.B.104,9.B.104,2.A.6,HTH_AraC,1.B.14,GH2,9.B.144,GT2,GT4,GT4,GT0,GT94
2.A.66,1.B.14,8.A.46,GH92,GH20,GH2
9.B.145,3.A.3,1.I.1,GH43_29
1.B.14,8.A.46,GH53,GH2,GH53,1.B.14,8.A.46,GH66,GH97,GH31
GH28,GH92,1.B.14,GH89,2.A.66
1.B.14,GH109
1.B.14,GH109,GH3,HTH_3,2.A.1,PL8_2,1.A.30
GH35,HTH_AraC,1.B.14,8.A.46,GH5_4,GH5_38|GH3,GH3,GH3
1.B.14,CBM32,GH97
1.B.14,8.A.46,GH123
PL42,GH105|GH154,GH43_24,HTH_AraC,1.B.14,8.A.46,GH154,2.A.37,3.A.1
GT2,GT2,GT8,GT11,GT2,GT4,GT4,GT4,9.B.18
3.A.1,GH31
GH43_2|GH8,1.B.14
GH10,GH115,GH43_12,CE1,GH95,GH43_10,GH97,GH43_29|CBM6,GH43_29|CBM6,GH43_29|CBM6,GH31,CE6,HTH_AraC,2.A.2,GH10,GH43_1,GH67,1.B.14,CE1
GT2,2.A.36
GH20,GH29,8.A.46,1.B.14,GH33
1.B.14,8.A.46,GH42,2.A.4
GH3,GH115,GH97,GerE,FecR,1.B.14,8.A.46,GH92,GH92,GH92,GH2,GH51,HTH_AraC,1.B.14,1.B.14,GH43_4,GH43_5,GH97
3.D.1,GT9,3.A.1,GT32,GT4,GT113
1.B.14,PfkB,3.A.1,3.A.1,3.A.1,3.A.1,GH51,2.A.38
1.B.14,Sigma70_r4_2|Sigma70_r2,GH28,HTH_AraC,3.D.4
GH13,GH97,1.B.14,8.A.46,1.B.42,3.A.1,3.A.1
1.A.30,2.A.35,GH13_14,3.A.1
GH23,HTH_3,8.A.3,GT19,3.A.25
GH2,GH95,3.A.7
GH29,2.A.40,3.A.1
1.B.14,GH29,GH16
1.B.18,8.A.3,GT11
2.A.7,2.A.107,GT2
2.A.51,2.A.51,HTH_AraC,GT51
2.A.114,GH28,CE12,CE12|CE12
9.A.8,GH78,CBM67,GH2,HTH_AraC,1.B.14,GH35,TPR_2|TPR_1,2.A.1,2.A.1,GH2
GT35,GT3,3.A.2,3.A.2,3.A.2,3.A.2
GH73,9.B.97,3.A.1,LytTR,9.B.33,2.A.6,3.A.8
GT2,2.A.1
GH13_38,4.C.1,cNMP_binding,2.A.115,Aminotran_1_2,2.A.81,PL11_1,8.A.46,1.B.14,1.B.14
3.A.3,GH20
1.B.14,GerE,HTH_AraC,PL40,2.A.21
GT28,2.A.103,9.B.146
GH31,4.C.1
GH2,2.A.1,4.A.5
GH127,1.B.14
GH97,GH43_34|CBM32,GH127,8.A.5,9.A.40,HTH_AraC,TPR_2,1.B.14,PL33_1,GH88,GH154
3.A.9,GH25
CE7,GH2,GH3,GH2,3.A.1
2.A.19,GH43_19|GH43_34,GH51,GH35
GH3,Fer4,Aminotran_1_2,1.A.14
2.A.1,GH32,GH32,1.B.14
2.A.58,GH110,1.B.14
1.A.23,GH2,GH23
GH28,9.B.10
1.A.1,2.A.9,9.B.168,1.A.62,GT51,9.B.186
GH18,8.A.46,1.B.14
1.B.14,GH29,CBM9
2.A.66,3.A.5,GH171,HD,1.B.42
2.A.1,GT26,9.B.18,1.B.14
3.A.1,CE4
2.A.1,8.A.5,GH29,HTH_AraC,8.A.46,1.B.14,GH97
1.A.23,2.A.81,GH146
PL8_2,GH88,3.D.3
2.A.64,GH92,GH130
GH2,GH136,Aminotran_1_2,3.A.7
1.B.14,FecR,GH105,GH3
GT30,GntR,3.A.1
