GH3,2.A.50
2.A.4,PL6|PL6_1,8.A.46,1.B.14,PL17_2|PL17,2.A.1
3.A.1,CE4
GH105,GH154,GH154,GH43_28|CBM32,GH88|GH154,GH2|CBM57,GH115,GH50,1.B.14,CE6,GH2,HTH_AraC,8.A.46,1.B.14
PL8_2,PL8_2,8.A.46,1.B.14
GT2,GT4,GT14,GT2,GT11,GT8,GT2,GT2,3.A.1
GT28,2.A.103,9.B.146
GH144,GH3,8.A.46,1.B.14
GT2,2.A.21,GH171,1.B.14,1.B.14
2.A.1,GH13_36,1.B.14,GH13_36,GH65
GH2,GH10,CBM67|GH78,GH3,GH3,2.A.1
GH3,8.A.5,HTH_AraC,1.B.14,GH5_7,GH106,CBM67|GH78,GH26,GH130,2.A.2
3.A.3,3.A.3,3.A.3,2.A.21,HTH_AraC,8.A.1,1.I.1,CSD,HTH_AraC,1.B.14,8.A.46,GH2,GH138,GH120
3.B.1,2.A.6,GH65,2.A.2,LacI,1.B.14,GH13_36
2.A.1,GH43_10,GH43_29|CBM6,GH43_29|CBM6,GH43_28|CBM32
GH115,1.B.14
GH13_14,3.A.1,1.A.23
1.B.14,GH92,2.A.1,9.A.40
9.B.29,B12-binding|B12-binding_2,GH23
GT2,9.B.171
GH25,GT0,2.A.66,GT2,CE4
PL12,GT4,9.B.18,Aminotran_1_2,3.A.9
1.B.14,2.A.49,PALP,2.A.38,CE6|GH51
GH63,GH31,1.B.14,GH2,GH2
2.A.1,1.B.14,GH165
GH43_16|CBM6,GH10|CE1,2.A.81,4.C.1
GT51,9.B.186,2.A.66,CE9,3.A.1,3.A.1,3.A.1,3.A.1,3.A.1
1.B.14,1.A.62,Sigma70_r4_2|Sigma70_r2,3.B.1,2.A.21,GT2
CBM50,2.A.17
CBM50,3.A.5
2.A.67,GH2
GT0,3.A.1,3.A.1,3.A.1
GT35,GT3,3.A.2,3.A.2,3.A.2,3.A.2
CBM67|GH78,GH143|GH142,GH43_18,GH78,GH28,GH2,HTH_AraC,PL1_2,Sigma70_r4_2|Sigma70_r2,GH105,GH2,GH2,GH106,GH139,GH137|GH2|CBM57,GH138,1.B.14,PL1_2,GH95,GH140,CBM67|GH78|GH33,GH127,GH141,GH28,CE19
PL10_1,2.A.6,2.A.6
2.A.50,1.A.34,MerR,HD,GH23
GT19,3.A.25
2.A.64,2.A.1,4.A.5,GH105,CE8,AraC_binding,CE12|CE8
1.B.14,GH43_10,GH28
1.B.14,GH2|GH2
GH43_12,1.B.14
CE1,GH43_10,GH31,HTH_AraC,GH97,CE15|GH8,CE6|GH95,GH115,HTH_AraC,GH67,GH43_1,2.A.2,GH35,GH10,GH115,1.B.14,HTH_AraC,3.A.1
GH154,GH154,1.B.14
GH105,GH23,2.A.21
GH28,GH20,1.B.14,PL35|GH105
2.A.7,2.A.107,GT2,1.A.43,GH97
GH13,3.B.1,3.B.1,Glyoxalase,2.A.37
2.A.21,GH43_4,1.B.14,HTH_AraC,GH43_4,GH51,GH43_29,2.A.1
3.A.1,PL21_1
GH73,3.A.1,3.A.1
3.A.1,GT2
GT2,GT2,2.A.66,GT2,GT4,GT2
3.A.1,GH109,2.A.1
PL12_2,GH88,8.A.46,1.B.14,HTH_AraC,PL13
GT32,4.D.1,GT2
GH43_35,2.A.49,3.A.11,PL12_2,GH29,PL15,8.A.46,1.B.14,GH29
4.C.1,GT2
2.A.59,3.A.4,ArsD,GT2,GT83
1.B.14,HTH_AraC,GH29,GH115
2.A.66,PL37
1.B.14,8.A.46,GH88,PL12_2,2.A.81
1.B.14,1.B.14,PL15
GH88,GH95,GH29,GH29,8.A.46,1.B.14,PL15,HTH_AraC,HTH_AraC,PL15,9.B.171,PL15_2,8.A.46,1.B.14,PL15_2,3.A.7
