3.A.1,4.C.1,GT27
2.A.50,CBM50
GH147,1.B.14,8.A.46,GH53,GH2
1.B.14,8.A.46,GH18,GH130,GH92,GH92,GH125,GH76,1.B.14
GH92,1.B.14
GH2,GH5_4,8.A.46,1.B.14,GH31,HTH_AraC,GH95,GH3,GH43_12
3.A.10,GH146,GH43_18|GH51,GH43_34,GH31,GH51,8.A.46,1.B.14
GH92,GH92,1.B.14
1.B.14,1.I.1,GT20,GH15,1.B.14,9.B.169
GH2,1.B.14
CBM32|CBM32,GH3,1.B.57,GH3,GH97,GH26,2.A.2,GH130,CBM35|GH26,1.B.14,GH5_7,GH28,GH28
3.A.1,3.A.1,GH95
9.B.146,8.A.3,GT11,GT2,GT4,GT11,GT4,GT4,GT2,GT2,1.B.14,1.B.14
1.A.23,GH13_5
GH105,GH2,8.A.46,1.B.14
GH13_5,2.A.109
GH23,3.A.7
GH43_34,1.A.8
3.D.10,3.D.10,GT4
GT2,GT4,1.B.14
3.A.1,CBM20|CBM20|GH77,GH13_20,LacI,2.A.2,GH13
3.D.6,3.D.6,GT19
9.B.168,GH73
2.A.16,9.B.174,2.A.107,Nitroreductase,GT2
2.A.66,GT5,1.B.14,2.A.76,2.A.1,3.A.1,2.A.122
3.A.11,GT51
8.A.59,LytTR,GH95,GH3,1.B.14
GH51,GH97,GH43_4,1.B.14,1.B.14,GH43_4,GH51,GH43_29
1.B.14,GH32,CBM38|GH32,2.A.1
1.B.14,8.A.46,GH76,GH76,GH125,CBM67|GH78,GH92,1.B.14
GH5_46,GH3,GH30_3,GH16_3,1.B.14
1.B.14,GH27,HTH_AraC,HTH_AraC,GH130,2.A.1,1.B.14,8.A.46
GH16_24,GT28,2.A.103,9.B.146
GH67,GH43_1,GH10,2.A.2,GH11,GH43_12|GH115,GH2,GH43_10,1.B.14
GH97,GH31,GH66,8.A.46,1.B.14
GH2,GH2,GH43_18,GH146,GH5_13,1.B.14,1.B.14
1.B.14,8.A.46,GH2,GH26,GH43_34|CBM32,CBM35|GH26,CBM35|CBM35|GH26,GH130,2.A.2,GH26|GH43_34
GH43_2|CBM6,GH43_10,GH43_29|CBM6,GH2,GH97,GH8,CE1,CE1|CE1,GH43_12,GH43_1,GH10,2.A.2,HTH_AraC,GH31,GH43_29|CBM6,GH3,GH97,GH43_29|CBM6,CE6,GH95,1.B.14,1.B.14,GH10
GT2,2.A.1,GH171,2.A.37,1.B.6,1.B.14,9.B.171,1.B.14
3.A.1,1.A.22,GT9,GH43_8
1.B.14,1.B.14,CbiA,GH20,TPR_1,2.A.37
GH95,GH2,GH36,8.A.46,1.B.14
1.B.17,2.A.6,2.A.6,1.B.14,8.A.46,GH97,1.A.30,1.B.14,3.A.1,4.C.1
GH144,GH3,GH144,1.B.14,GerE,2.A.6
GH92,GH92,1.B.14,GH130
8.A.46,1.B.14,PL21
9.B.27,Pyr_redox_2,1.B.14,1.B.14,GH171,2.A.21
1.B.14,GH28,GH105,PL1_2,CE8,CE12,GH43_10,GH28,GH28,GH105,CE12,GH105|CE12,PL11_1,1.B.14,HTH_AraC,GH43_18,CE12,GH42,GH106,GH2
1.B.14,8.A.46,GH43_24|GH16_3,PL42,2.A.66
GH88,GH43_10,PL40,GH28,GH146,GH97,CBM13,1.B.14
GH32,GerE,FecR,1.B.14
2.A.8,GH97
2.A.1,GH116
1.B.14,8.A.46,2.A.124,2.A.124,GH2,GH63,GH2,1.B.14
GH36,GH36,2.A.1,GH30,SIS,GH2,1.B.14,CBM67|GH78,LacI,TPR_1,9.B.171
GH43_31,1.B.14,8.A.46,GH105
1.C.105,GH43_17,8.A.5
9.B.144,GT2
9.B.18,HTH_AraC,1.B.14,8.A.46,GH92,GH29,GH92
8.A.5,HTH_AraC,GH76,GH125,GH92,GH97,1.B.14,GH76,GH2
2.A.1,GH97
2.A.6,2.A.6,GT2
1.B.14,GH2
2.A.38,2.A.38,GH13_38
GH30_4,8.A.46,1.B.14,HTH_AraC,GH2,3.A.18
GH97,GH76,BetR,1.B.14,GH106
GH23,3.A.7
GH30_2,2.A.1,2.A.1
GH29,2.A.40,2.A.66,9.B.14
2.A.40,CBM50,GerE,FecR,1.B.14,GH92
3.A.3,GH2,GH127,3.A.1,3.A.1
GT2,1.B.57
1.B.14,GH92
1.B.14,GH110,GH97,1.B.14,2.A.1
1.B.14,GH27,GH35,GT2
1.A.30,3.D.1,3.D.1,3.D.9,3.D.1,3.D.9,Fer4,3.D.1,3.D.1,3.D.1,3.D.1,GT2
