2.A.86,GH29,5.A.1,HTH_AraC,2.A.2,GH3,3.A.1,HTH_AraC,GH27,9.B.33,HTH_AraC,3.A.1,3.A.1,3.A.1,GH123
GT2,9.B.18
CBM9,3.A.1,3.A.1,SBP_bac_1,GH29,GH18
GH13_11,2.A.26,2.A.115,3.A.1,3.A.1,3.A.1,3.A.1
3.A.1,2.A.66,GH2
3.A.1,3.A.1,GH112,HTH_AraC,8.A.59,3.A.1,3.A.1,GH29
3.A.1,3.A.1,3.A.1,HTH_AraC,PL15
4.D.2,GT2
9.B.158,GH13_20
GH42,2.A.66
3.A.1,3.A.1,GH36,4.A.1,8.A.7,PTS-HPr,4.A.1,CE9
9.A.11,GH13_11,3.A.18
GH25,3.A.1,3.A.1
3.A.1,3.A.1,3.A.1,CBM32|GH20,2.A.66,2.A.122,1.E.14
GH129,2.A.124,GH2
GH29,2.A.40
GT28,9.B.104
GH133,3.D.1
2.A.115,GH13_39,3.A.16
GH73,1.E.19
GH3,3.A.1,3.A.1
3.A.1,3.A.1,3.A.1,2.A.66,GH2,GH51
GH136,3.A.1,3.A.1,3.A.1,GH29,3.D.1
9.B.18,GT2
GH109,HTH_AraC,3.A.1,GH2
GT4,2.A.50
GT100,3.A.1
GT2,9.B.18,Aminotran_1_2,9.B.18,GT4
2.A.66,GT11
3.A.1,3.A.1,SBP_bac_1,HTH_AraC,GH33,SBP_bac_1,3.A.1,3.A.1,HTH_AraC,GH20
3.A.1,3.A.1,9.B.33,HTH_AraC,GH3
3.A.1,3.A.1,GH35,2.A.1,HTH_5,GH154,GH50,2.A.38
GH38,3.A.1,3.A.1,3.A.1
8.A.59,GH127,3.A.1,3.A.1
3.A.1,3.A.1,GT2,GT2|GT2,GT2,9.B.18,GT2
1.A.26,9.B.124,2.A.98,HTH_1,2.A.50,PfkB,GH20
GH32,SBP_bac_1,3.A.1,3.A.1
3.A.1,GH0
2.A.66,GH95,9.A.11,9.A.11,3.A.1,3.A.1
2.A.66,GH38
2.A.66,Fer4,HTH_AraC,GH27,GH127,3.A.1,3.A.1,3.A.1,3.A.1
GT111,GT14,GT4,GT113,2.A.66
2.A.79,Aminotran_1_2,3.A.1,3.A.1,1.A.23,CBM48|GH13_9
GH35,3.A.1,3.A.1,2.A.87,GH43_22,GH51
2.A.107,HTH_AraC,8.A.59,3.A.1,3.A.1,3.A.1,GH16_3|CBM13
GH125,2.A.16
9.A.40,3.A.1,3.A.1,3.A.1,2.A.50,9.B.143,GH13_14,GH77,GH31
3.A.1,GH2,GH20,GH3,HTH_AraC,8.A.59,SBP_bac_1,3.A.1,3.A.1
GH31,3.A.1
