GH13_20,2.A.86
9.B.146,2.A.103,GT28
GH59,2.A.66,2.A.7
GH5_4,9.B.10,2.A.66
3.B.1,3.D.1,GH4
2.A.6,2.A.6,HD,GH130
3.A.1,3.A.1,3.A.1,Rhodanese,2.A.66,GH146
GH2,HATPase_c|Response_reg|HisKA,3.A.1
GH113,GH9,3.A.1
GH3,3.A.1
CE2,3.A.1,3.A.1
GH3,TetR_N,HD,2.A.107
GH31,9.A.8
GH9,2.A.16
GH5_4,3.A.1,3.A.1,3.A.1
GH5_4,2.A.66
3.A.1,3.A.1,3.A.1,GH13_18,GH36,PfkB,HTH_AraC,GH31
GH95,3.A.1
GH3,3.A.1,3.A.1
GH43_12,2.A.19,GH51
CBM35|GH26,4.D.2
GT35,2.A.88
2.A.66,GT5,CBM48|GH13_9,SpoIIE,SBP_bac_1,3.A.1,3.A.1
3.A.1,3.A.1,HATPase_c,Trans_reg_C,GH3
9.A.40,GT35
GH13_9,3.A.1
3.D.10,Arc,GH94
