GH2,2.A.3,PTS-HPr,FeoA,9.A.8,9.A.8
4.A.1,4.A.1,GH4
3.A.1,3.A.1,3.A.1,3.A.1,CE7
3.A.1,3.A.1,3.A.1,3.A.1,3.A.1,SpoIIE|GAF,STAS,GH13_30
2.A.7,GH1,4.A.1
GH1,4.A.3,4.A.3
4.A.6,4.A.6,4.A.6,4.A.6,GntR,SIS,CE9
GH1,4.A.3,LacI,4.A.3,GH1,LacI,GH1,4.A.3,LacI,4.A.3
GH32,4.A.1,GH32
GT4,9.B.18
GH32,4.A.1
GH1,4.A.1
9.B.97,2.A.55,CBS,CE4
GH13_20,2.A.1,9.A.8,4.A.1,HTH_11,3.A.1,3.A.1,3.A.1
GH1,4.A.1
GH77,GT35,3.A.1,3.A.1,3.A.1,3.A.1,GntR,4.A.1
9.B.18,GT2
3.A.1,3.A.1,GT81,GT2
GH4,4.A.1,4.A.1,Fer4,1.I.1
2.A.103,GT28
