GH1,4.A.3,4.A.3,GH53|CBM61
GH105,2.A.56,2.A.56,2.A.56
8.A.5,Trp_repressor,GntR,4.A.3,GH1,4.A.3,4.A.3,4.A.3
2.A.40,GH13_31,GH1,HTH_11,4.A.1,GH1
GH65,4.A.1
GH73,4.A.1
3.A.1,GH13_29,2.A.86,3.A.1,LytTR,9.B.14
2.A.3,3.A.1,3.A.1,3.A.1,Fer4,GH23|CBM50,2.A.1
2.A.1,2.A.3,Aminotran_1_2,2.A.1,TetR_N,3.A.7,GT2,2.A.98,HTH_1,2.A.103,3.A.1,3.A.1,3.A.1,3.A.1
9.B.117,4.A.1,GH1
4.A.1,GH1,GntR,4.A.2
3.A.1,GH170,SIS,4.A.1,2.A.3,3.A.1,2.A.7,9.B.211
9.B.146,GT28
9.B.126,GT2,GT2,GT2
3.A.1,3.A.1,GT2|GT2,9.B.18,GT2,GT4,GT2,9.B.183
9.A.24,AA10
3.A.9,8.A.8,8.A.7,GT4,GT4
4.A.1,GH4,4.A.1,4.A.3,GT1
4.A.3,GH1
2.A.1,GH23,3.A.3
2.A.16,CBM50
3.A.1,3.A.1,Pyr_redox_2,3.A.1,3.A.1,3.A.1,GH23|CBM50
GH73,SBP_bac_1,3.A.1,3.A.1
2.A.115,GH23|CBM50
3.D.1,GH170
CBM34|GH13_20,3.A.1,3.A.1,3.A.1
GH13_31,3.A.1
4.A.7,GH78,2.A.1
GH32,4.A.6,4.A.6,4.A.6,3.A.23,4.A.1,4.A.1,GH32
GT2,GT32,GT4,GT4,9.B.18,8.A.3,8.A.3
GH1,GH4,HTH_6,4.A.1,3.A.1,3.A.1,2.A.55
3.A.1,GH88,GH154,GH88,3.A.1,3.A.1
3.A.12,GH1,3.A.1,3.A.1,3.A.1
2.A.1,GntR,GH43_26,GH51,3.A.1,3.A.1,SBP_bac_1,GH51
GH28,2.A.2,GH43_11,CE8,GH28,GH105,SBP_bac_1,3.A.1,3.A.1
CE12,3.A.1,GT51,GH38,GH125,GntR,GH92,HTH_AraC,8.A.59,9.B.28,SBP_bac_1,3.A.1,3.A.1
3.A.1,3.A.1,GH73|CBM50|CBM50,9.B.105,3.A.1,3.A.1,TetR_C|TetR_N,2.A.1
2.A.1,PadR,3.A.1,Nitroreductase,MarR,GH73
4.A.3,GntR,GH1
3.A.1,3.A.1,GH38,4.A.2,4.A.2,4.A.2
3.A.1,3.A.1,3.A.1,GH13_18
4.A.1,GH32
GH1,4.A.3,4.A.3,4.A.3
4.A.3,4.A.3,GH1
GH23,3.A.7
