3.A.1,CE4
PL1_2,PL1_2,8.A.46,1.B.14
GT2,GT83,GT2,2.A.123,9.B.198,GT2
GH127,GH141,2.A.1,GH78,GH138,GH137|GH2|CBM57,GH2,GH2,GH106,GH139,GH2,PL1_2,PL1_2,1.B.14,2.A.6
GH28,2.A.21,3.A.10,GH43_18
GT2,GT2,2.A.66
2.A.21,B12-binding_2|B12-binding,GH31,GH141
3.B.1,3.B.1,3.B.1,GT5,GH57,GT4,GH133,9.B.104
GH25,1.B.9
9.B.171,GH13_14,GH13_5,1.A.23
3.A.11,HD,GT30
4.D.1,4.D.1,GT2,9.B.18,GH28
3.B.1,3.B.1,3.A.1,GT8,GT2,GH105,CE8
1.B.14,PL1_2,2.A.115
GT19,8.A.3,HTH_3,GH23
1.B.14,FecR,GerE,GH3,GH31
GH67,GH43_1,GH10,2.A.2,GH35,GH10,1.B.14,HTH_AraC,GH43_12,2.A.22
GH2,PL11_1,HTH_AraC,1.B.14,8.A.46,1.B.14,GH2
1.B.6,GH139,8.A.46,1.B.14,PL33_1,Sigma70_r4_2|Sigma70_r2,FecR,1.B.14,8.A.46
2.A.1,GH63
GH43_9,9.B.144,GT2,GT4,GT0,GT94
1.B.14,8.A.46,GH141,GH2,GH29,GH28,FUR,3.A.3
3.A.2,3.A.2,3.A.2,GT3,GT35
9.B.146,2.A.103,GT28
2.A.19,PL1_2,8.A.46,1.B.14
GT51,1.A.43,1.B.14
GH106,1.B.14,9.B.10
GT4,9.B.97
2.A.107,GT2
