2.A.66,GT111,3.A.1
1.B.52,GT8,GT8
GT4,GT4,GT2,2.A.66
GH53,3.A.1,3.A.1,LacI,GH42
GH127,3.A.1,3.A.1,3.A.1,LacI,3.A.1
9.A.40,GT5,3.A.12
2.A.86,AAA,CBM48|GH13_9,GH18
9.B.104,GT28
1.A.11,GT51
GH3,8.A.59
3.D.10,GT2,HhH-GPD,GH13_20,9.A.23
3.A.5,2.A.35,CE4
2.A.19,2.A.107,GH13_36
GH23,3.A.1
GT2,3.A.9
3.A.1,3.A.1,GH77,2.A.49
2.A.40,3.A.1,3.A.1,MarR,3.A.1,3.A.1,Spo0A_C|Response_reg,GT5,3.A.1,3.A.1,3.A.1,3.A.1
3.A.1,3.A.1,3.A.1,GH36,GH13_18
GH94,MCPsignal,3.A.1,3.A.1,3.A.1,3.A.1,GntR,HTH_AraC,3.A.1,8.A.59
2.A.6,8.A.59,TetR_N,CE4
3.A.1,3.A.1,3.A.1,GH130,GH130,CE2,CE17|CBM35inCE17,GH1,NUDIX,GGDEF|Peripla_BP_3,GH26|CBM23
9.B.31,GT28
GH36,3.A.1,GH113,HTH_AraC,3.A.1,GntR,3.A.1
CBM50,SBP_bac_3,2.A.27
3.A.3,GH5_2,HTH_AraC,GH2,2.A.2
3.A.1,3.A.1,GH16_3|CBM4|CBM4|CBM4|CBM4|CBM4,9.B.34
2.A.22,MerR,GH13_31,GH13_31
