3.D.4,3.D.4,GH92,1.B.14
2.A.19,GT30,GT2
4.D.2,GT2
3.A.1,GH110,ACT|PALP,2.A.64
9.B.146,GT0
3.D.5,3.D.5,3.D.5,3.D.5,3.D.5,GH23
9.B.196,GH13_36
GH3,2.A.98,3.A.11
1.B.14,GH92,GH92,GntR,2.A.1
1.B.57,CE3
9.B.146,2.A.103,GT28
GT2,1.C.39,Pribosyltran,3.A.1
CE4,Fer4,3.A.1
GH92,GH92,2.A.7,1.A.23
1.B.14,GH16_3,GH136,GH2,GH2
GH89,2.A.67,2.A.66
GH130,9.B.171
9.A.40,PfkB,2.A.1,GH32,HTH_AraC,1.B.14
4.C.1,GH5_7
GT2,GT2,GT8,GT2,GT4,GT4,GT4,9.B.18
GH36,2.A.1
GH125,2.A.23
1.I.1,9.B.158,GH29
GH109,2.A.6,2.A.6
2.A.66,2.A.66,GH133,GT4,GH57
3.A.1,GT19
