8.A.7,PTS-HPr,GH25,9.A.23
4.A.1,CE9,4.A.1
9.B.34,CE4,MerR,GH23
2.A.66,GT2,GT2,GT4,GT26,GT0,9.B.18,9.B.18
2.A.2,GH2,GH112,3.A.1,3.A.1
3.A.1,3.A.1,HTH_AraC,GH28,GH105
9.B.18,GT4
9.B.18,GT0
4.A.1,GH13_29,GH105,HTH_AraC,2.A.56
3.A.7,GH23
CBM50,1.C.39
4.A.1,GH4
GH2,2.A.2
3.A.1,3.A.1,MarR,2.A.58,2.A.58,GT51
3.A.1,9.B.18,8.A.21,GH13_39,GT35
GH2,2.A.2,GH36
GH77,3.A.1,3.A.1,3.A.1
1.E.14,2.A.122,HMA,HTH_AraC,GT35,2.A.64,3.A.1,3.A.1,1.A.33,1.A.22
GT4,4.C.1,2.A.1
3.A.1,3.A.1,GT2|GT2
2.A.66,GH170,4.A.1,SIS,HTH_6,2.A.19,2.A.47
CE17|CBM35inCE17,GH113,CE2,LacI,SBP_bac_1,3.A.1,3.A.1,GH130,GH130,9.B.28
2.A.16,GT2,2.A.37
8.A.7,GT2
3.A.2,3.A.2,3.A.2,3.A.2,3.A.2,GT5,CBM48|GH13_9
CBM13,2.A.66
2.A.103,3.A.1,2.A.26,3.A.1,3.A.1,LacI,GH94,3.A.1
2.A.115,GH1,4.A.1
GH1,4.A.3
GH2,3.A.1,3.A.1,MarR,GH1
GT28,2.A.103
PL33_1,HTH_AraC,8.A.59,3.A.1,3.A.1,3.A.1,GH2,GH88,GH154,GH2,HTH_AraC,2.A.56,2.A.56,2.A.56,GH28,CBM67|GH78,GH43_28|CBM32,GH2,GH1,TetR_N,2.A.66
