2.A.1,HTH_AraC,GH37,1.B.14,1.E.43,GH23,2.A.36
GT17,9.B.62,9.B.62
CBM50,3.A.1,3.A.1,3.A.1
9.B.158,GH105,2.A.2,3.A.6,3.A.6
GT20,3.A.1,3.A.1,3.A.1,2.A.13,8.A.59
GH13_5,3.A.6,3.A.6,3.A.6
GT4,2.A.66,9.B.18,GT4
GT2,GT4,GT2,8.A.3,1.B.18,2.A.109,9.B.22,9.B.34
9.B.33,MerR,3.A.1,3.A.1,3.A.1,3.A.1,GH3
2.A.40,Pribosyltran,GH1
GT51,4.A.1,GH4
GH23,4.A.1
GH13_16,3.D.4
2.A.6,2.A.6,2.A.6,1.B.17,Trans_reg_C,2.A.21,HTH_1,2.A.1,9.B.211,CBM48|GH13_11,GH13_26,GH13_10
GH32,4.A.1,1.B.3
1.B.21,3.A.1,GH65
3.A.1,3.A.1,3.A.1,GH13_18
1.B.42,1.B.42,HisKA|HATPase_c|PAS|Response_reg,GT51,8.A.8,4.A.2,1.B.42,1.B.42,1.B.42,SIS|CBS,2.A.19,3.A.1,3.A.1,3.A.1,3.A.1,3.A.1
GH36,Aminotran_1_2,4.A.1,SIS,CE9,4.A.6,4.A.6,4.A.6,4.A.6
GH154,2.A.1,GH88
GT2,CE4|GH153,1.B.55,GerE,9.B.120
2.A.1,GH23
GH1,HTH_6,1.C.113
4.A.3,4.A.3,4.A.3,4.A.3,1.B.3,GH5_41|CBM35,GH1,3.A.1
2.A.76,HTH_11,2.A.42,2.A.117,HTH_1,1.B.35,PL22|PL22,2.A.1,3.A.1,3.A.1,3.A.1,3.A.1
4.A.3,GH1
9.A.40,GT4,3.A.1,3.A.1,3.A.1
3.A.1,3.A.1,2.A.15,AA3_2
2.A.113,GH2,LacI,2.A.115
CBM34|GH13_21,2.A.3,2.A.26
GH23,2.A.1
3.A.1,1.A.62,2.A.49,3.A.1,3.A.1,3.A.1,1.B.14,GT51
CE4,3.A.1,3.A.1,2.A.53,Pribosyltran,1.B.76,8.A.2
2.A.3,2.A.2,GH43_26,9.B.125
3.A.5,CE11
GT28,2.A.103,9.B.146
GH23,3.A.1
2.A.2,GH5_13
GH32,GH32,2.A.1
1.E.1,GH24
4.A.3,4.A.3,4.A.3,HTH_AraC,GH4
8.A.7,2.A.2,GH3,2.A.86
9.B.35,2.A.39,GntR,CE4
3.A.1,3.A.1,3.A.1,3.A.1,3.A.1,3.A.1,3.A.1,GH53,GH42,4.A.1,1.B.3,LacI,1.A.26
AA6,2.A.7,2.A.40
GT2,2.A.1
GH73,2.A.1
GH19|CBM73,GH23,GH18,3.A.15,3.A.15,3.A.15,3.A.15,3.A.15,3.A.15,1.B.22
2.A.1,GH31,3.A.1,GntR,4.A.3,GH1,8.A.5,1.B.17,2.A.1,8.A.1,2.A.45
CE8,3.A.1,3.A.1,3.A.1,2.A.6,HTH_1,3.A.1
2.A.4,4.B.1,2.C.1,2.C.1,2.C.1,2.C.1,1.A.30,1.A.30,8.A.79,9.B.85,3.D.4,3.D.4,GH38,4.A.2,4.A.2
1.B.25,4.A.1,CE9
3.A.1,3.A.1,3.A.1,HTH_AraC,GH73,GH13_19,Aminotran_1_2,3.D.1
2.A.2,GH127,9.B.99
1.A.34,GT4
2.A.27,2.A.40,GH31,2.A.2
2.A.6,2.A.6,2.A.6,LacI,4.A.3,4.A.3,GH1,4.A.3,2.A.7,2.A.1,2.A.1,2.A.1
2.A.7,2.A.1,GH5_25,HTH_1,2.A.8,PALP,9.B.51,GH4,4.A.1,GntR,2.A.81
2.A.8,GH77,GT35,GerE,HTH_DeoR,9.B.104,Rhodanese,Pyr_redox_2,GT35,GT5,CBM48|GH13_11,CBM48|GH13_9,2.A.95,2.A.8
GT2,2.A.6
2.A.7,2.A.7,GT83,GT2
2.A.23,EAL|GGDEF,1.B.55,GH8,4.D.3,GT2
GH43_11,2.A.2
GH20,3.A.3,LacI,4.A.1,GH13_29,HTH_6,4.A.2,GH38,4.A.2
2.A.40,2.A.36,HTH_1,1.E.14,2.A.122,2.A.21,9.B.136,GT2,2.A.23,3.D.1,3.D.1
CBM50,Sigma70_r2|Sigma70_r4|Sigma70_r3,2.A.1
3.D.1,3.D.1,3.D.1,3.D.1,3.D.1,3.D.1,GH1,4.A.1,LacI,5.A.3,2.A.52
4.A.4,4.A.4,4.A.4,GH103,3.A.1,3.A.1,3.A.1
2.A.1,GH36,LacI,HTH_3,2.A.78,2.A.78,5.A.3,5.A.3,5.A.3,5.A.3
GH31,2.A.2,2.A.2,1.B.35
2.A.3,GT26,9.B.128,GT56,2.A.66
GT0,9.B.146,3.A.6,1.I.1
