1.A.30,2.A.1,HTH_3,GH109,1.B.14
GH3,2.A.2,GH130,GH26,GH26
1.B.14,GH5_7,HTH_AraC,CE2,2.A.66,GH89,1.B.14,GH92,GH28,HTH_AraC,Reg_prop,2.A.1
GH35,GH51,GH43_19|GH43_34,2.A.19,GH43_3,HTH_AraC,GH2,3.A.1
1.B.14,GH110,2.A.58
GH28,9.B.10
2.A.9,9.B.168,1.A.62,GT51,9.B.186
GT51,2.A.38
4.C.1,2.A.35,GH13_14,3.A.1
GH20,GH2,2.A.115,GH2
GH43_5,1.B.14,HTH_AraC,GH51,GH2,GH92,GH92,GH92
2.A.4,GH2,8.A.46,1.B.14
GH78,CBM67|GH78,GH30_2,8.A.46,1.B.14
2.A.1,GH33
3.A.1,CE4
3.A.1,3.A.1,1.B.42,8.A.46,1.B.14,GH97,GH13
GH67,GH43_1,GH10,2.A.2,HTH_AraC,CE6,GH31,GH43_29|CBM6,GH43_29|CBM6,GH43_29,GH97,GH146,GH43_10,GH95,CE1,GH43_12,GH43_2|GH8,1.B.14
GH13_38,4.C.1,cNMP_binding,2.A.115,Aminotran_1_2,2.A.81
GH20,HTH_AraC,1.B.14
GH3,8.A.1
1.B.14,GH31
PL42,GH105|GH154,GH43_24,2.A.37,3.A.1
1.A.33,GH20
9.B.125,Nitro_FeMo-Co,1.B.14,GH92
3.A.1,2.A.40,GH29
3.A.1,GntR,GT30,HD,2.A.1,4.A.5
GH127,1.B.14
GT51,HTH_AraC,2.A.51,2.A.51
3.A.1,GT9
GT4,GT4,GT2,9.B.144,GH2,GH30_4,8.A.46,1.B.14
3.A.8,2.A.6,9.B.33,LytTR,3.A.1,GH73
2.A.1,GT2
GT2,2.A.107,2.A.7
1.B.14,GH84
1.B.44,CBM51|GH27
GH43_9|GH43_19,3.D.4,3.A.1,3.A.1,3.A.1
2.A.66,CBM67|GH78
GT35,GT3,3.A.2,3.A.2,3.A.2,3.A.2
GH130,GH92,2.A.64
1.B.14,8.A.46,GH18
1.A.14,Aminotran_1_2,GH3
1.B.14,GH136,Aminotran_1_2,3.A.7
2.A.1,GH36,GH32,GH32,1.B.14
1.B.14,CE1
GT4,9.B.18
3.A.1,8.A.46,1.B.14,GH31
4.C.1,GH31
9.B.146,2.A.103,GT28
1.B.42,HD,GH171,3.A.5,2.A.66
2.A.1,8.A.5,GH29,HTH_AraC,GH97
GH23,HTH_3,8.A.3,GT19
1.B.14,PfkB,3.A.1,3.A.1,3.A.1,3.A.1,GH51,2.A.38
GH20,3.A.3
3.A.24,GH51
GH43_29,1.I.1,3.A.3
