2.A.95,GH23,3.A.1,3.A.1,3.A.1,3.A.1
PL2_2,3.A.1,3.A.1,3.A.1,3.A.1,1.B.35,2.A.23,TrmB,PL22|PL22,2.A.1,9.B.1,9.B.174
1.M.1,GH24
GH24,1.M.1
9.B.72,MCPsignal,GH13_5
AA6,2.A.108,2.A.108,2.A.108,2.A.21
3.A.6,3.A.6,3.A.6,3.A.6,3.A.6,GH73
2.A.3,2.A.2,GH43_26,9.B.125
3.A.5,CE11
GT28,2.A.103,9.B.146
GH23,3.A.3,GGDEF,1.B.6,3.A.1
GT0,GT4,4.A.2
2.A.6,2.A.3,GT9,Crp,3.A.1,3.A.1,3.A.1,3.A.1
PL38,3.A.1,3.A.1,3.A.1,SBP_bac_1,PL38,PL17_1,2.A.3
GT4|GT4,3.A.1
5.A.3,5.A.3,3.A.1,3.A.1,3.A.1,GH103,2.A.3,TetR_N,2.A.1,3.A.1,3.A.1
4.A.1,GH1
3.A.1,3.A.1,3.A.1,3.A.1,2.A.3,2.A.7,PL38,1.B.1,1.A.8
2.A.7,GT83,GT2,Aminotran_1_2,3.A.1,3.A.1,GntR,2.A.34,5.A.2
CBM50,3.A.1,3.A.1,3.A.1
1.B.11,GH3,4.C.1
2.A.1,HTH_1,2.A.1,CBM50,3.A.1,3.A.1,3.A.1
GT2,CE4|GH153,1.B.55
3.A.1,3.A.1,2.A.108,2.A.108,1.B.15,4.A.3,GH1,4.A.3,4.A.3
2.A.37,2.A.37,3.A.1,GT2,3.A.1,3.A.1,3.A.1,2.A.76
GH4,LacI,1.B.14,2.A.1
GT35,GT5,CBM48|GH13_11,CBM48|GH13_9,9.B.33,3.A.1,3.A.1,2.A.95,SKI,2.A.8
2.A.81,Aminotran_1_2,GH13_19,2.A.1,PadR,9.B.186,1.C.73
GH13_29,4.A.1,LacI,3.A.3
2.A.1,2.A.17,GT2
1.B.20,GT41
2.A.26,2.A.3,CBM34|GH13_21
2.A.66,GT2,GT4
3.A.1,1.A.35,4.A.1,GH1,Fer4,2.A.7,9.B.20
2.A.3,GH18,2.A.1,8.A.1,2.A.1,2.A.7
PL2_1,1.B.35,EAL|GGDEF,1.B.55,GH8,4.D.3,GT2
GH24,1.M.1
1.K.4,1.A.45,1.A.45,GH23,9.B.97,1.B.42
3.A.1,3.A.1,3.A.1,GT4,9.A.40
CE9,4.A.1,1.B.25,GH20
2.A.3,GT26,9.B.128,GT56,2.A.66
GT0,9.B.146,3.A.6,1.I.1,GH28
GH23,9.B.8,4.A.1
4.A.3,GH1,4.A.3,4.A.3
GH23,8.A.5
4.A.1,GH1
GH102,3.A.7
3.A.1,9.B.22,2.A.61,2.A.109,AraC_binding,3.A.1,GT4,GT4,GT4
2.A.1,GH31,MarR,9.B.34
GT51,3.A.1,3.A.1,3.A.1,2.A.49,1.A.62,3.A.1
2.A.21,9.B.136,GT2,2.A.23,GerE,2.A.21,1.B.22
GT51,1.C.73
GT2,4.D.3
