GH2,9.B.18
GH25,1.B.9
GT5,3.B.1,3.B.1,Glyoxalase,1.B.14
9.B.186,GT51,GH25
1.B.44,GH95,2.A.5
2.A.1,GT2
1.B.18,2.A.66,GT2,GT2,9.B.18,9.B.18,9.B.18
CBM13,3.A.1
2.A.19,FUR,CE7
GH128,1.B.14
1.B.14,GH51|GH43_19,3.D.10,3.D.10,1.C.39
GT9,3.D.1
GH43_37,2.A.6,9.B.104
9.B.14,GH106
GH28|GH105,PL1_2,CE8,1.B.14,PL1_2,GH3,TPR_2,GH57,GT4,GH133
GT28,2.A.103,9.B.146
GH43_35,3.A.1,3.A.1,3.A.11
1.B.14,GH16_3,GH5_46,GH3,GH3
1.B.44,Fer4,Response_reg,2.A.1,GH51,AAA,GH43_19|GH43_29|GH43_34,2.A.103
GH77,LytTR,8.A.59,3.A.1,3.A.1,8.A.1
GH2,GH115,3.A.9
2.A.51,2.A.51,GH43_5,GH43_4
GT2,GT4,3.A.1,GntR,3.A.1,3.A.1,3.A.1
3.A.16,2.A.115,GT19,8.A.3,HTH_3,GH23,HD,CE8
GH30_4,9.A.25
GH105,9.B.168,2.A.17,CBM50,2.A.1,2.A.9
1.B.14,GH29
2.A.114,3.A.1,GH13_8
GH43_10,GH28,PL40|PL40,GH88,1.B.14
PL11_1,3.D.1,3.D.1,3.D.1,3.D.1,Fer4,3.D.1,3.D.1,3.D.9,3.D.1
3.A.1,PL1,GT4,GT2
GT4,3.A.1
2.A.67,GH28,GH43_10,2.A.58
2.A.37,1.B.42,GH31
2.A.66,2.A.1,8.A.1,1.B.14,Pencillinase_R,GT2,3.A.1
