2.A.87,ACT,GH13_5
9.B.143,GH63,9.B.141,GH92,MarR,2.A.66,2.A.19,HTH_3,4.B.1
9.B.18,GT111,3.A.1
4.A.1,GH77,GT35
GH32,GH36,4.A.1
3.A.1,CBM48|GH13_9
GT2,3.A.1,3.A.1
2.A.7,3.A.1,GntR,GH1
2.A.66,GH3
3.D.1,3.A.1,GH32,3.A.1
4.A.3,GH1
GH23,8.A.42
GT2,PspC,3.A.1
2.A.87,HTH_6,GH1
8.A.3,8.A.3,9.B.18,GT4,GT4,GT2,GT4,GT2
GH4,3.A.3
2.A.22,2.A.87,3.D.6,3.D.6,3.D.6,3.D.6,3.D.6,3.D.6,GH1
GT28,9.B.146
9.B.146,GH170,GH1,9.B.211,Fer4,2.A.85
GH32,4.A.1
9.B.18,GH84,4.A.1
GT2,GT2,GT2,3.A.1,GT2
GH1,2.A.115,GH77
4.A.3,4.A.6,4.A.6,4.A.6,GH13_31
GH1,4.A.3
2.A.53,STAS,HTH_6,GH1
GH1,4.A.3,GH1
