GH0,2.A.1,2.A.58,2.A.7,GntR,2.A.14,CBM50,Trans_reg_C|MarR,3.A.1,3.A.1,3.A.1
9.B.18,GT4,2.A.66
8.A.3,8.A.3,9.B.18,9.B.18,GT0,GT4,GT4,9.B.18,GT0
2.A.26,4.A.1,GH170,SIS,4.A.1
GT2,Hemerythrin,9.B.33,LytTR,1.E.14,2.A.122,GntR,4.A.1,GH1
2.A.22,PALP,Aminotran_1_2,3.A.1,3.A.1,3.A.1,CBM50|CBM50
4.A.1,GH13_29
GT4,GT4,9.B.10
2.A.63,2.A.63,2.A.63,2.A.63,2.A.63,2.A.63,2.A.36,3.A.1,3.A.1,3.A.1,Fe_dep_repress,GT26,3.A.1,3.A.1,GT2,3.A.1,2.A.41,2.A.115,3.A.1,3.A.1,3.A.1
3.A.1,3.A.1,2.A.20,CBM50
4.A.2,CE9,9.A.40,8.A.5,GT2
2.A.79,2.A.79,9.B.34,9.B.146,3.A.11,3.A.11,3.A.5,CBM50
2.A.1,GT28
CBM50,3.A.7
GT28,9.B.174,4.A.1
CBM50,2.A.16,Fer4,2.A.87
GT51,9.A.39,4.C.1
2.A.45,GH73
9.B.46,9.B.14,LytTR,PfkB,GH32,LacI,1.A.11,9.B.102,9.B.102,HTH_DeoR,3.A.1
3.A.2,3.A.2,3.A.2,3.A.2,3.A.2,3.A.2,1.A.77,GT0
GH1,4.A.3,4.A.3
8.A.5,MerR,PL8_1
3.A.7,2.A.35,3.A.7,Pyr_redox_2,GH73,3.D.1
GT2,Pyr_redox,3.A.7,9.B.97,GH23|CBM50
4.C.1,AA3_2,2.A.15,2.A.11
4.A.2,9.B.74,GH73,GT8,GT4,3.A.5,3.A.5,3.A.5,3.A.5
8.A.3,8.A.3,TetR_N,GT2,CE4,9.B.97
