3.A.1,3.A.1,3.A.1,HTH_AraC,PL30,GH2
GH2,GH13_11,3.D.1,3.D.9,3.D.1,3.D.1,3.D.1
GH31,3.A.1,3.A.1,3.A.1
GH3,3.A.1,3.A.1,8.A.59
GH32,Sigma70_r2|Sigma70_r4_2,3.A.1,3.A.1
8.A.59,HTH_AraC,SBP_bac_1,3.A.1,3.A.1,GH106,3.A.1,9.B.120
9.B.104,GT28
2.A.21,GH31,9.B.34,8.A.59,HTH_AraC,3.A.1,3.A.1,3.A.1,8.A.5
3.A.1,3.A.1,3.A.1,GH137
8.A.59,HTH_AraC,SBP_bac_1,3.A.1,3.A.1,GH5_13,2.A.66
3.A.1,Trans_reg_C,HATPase_c|HisKA,GH38
GH2,3.A.1,3.A.1
3.A.16,GH13_39
2.A.2,GH3,CBM67|GH78,GH2,GH43_28
3.A.1,3.A.1,SBP_bac_1,HTH_AraC,GH2,3.A.1,3.A.1,HTH_AraC,GH31,2.A.53
3.A.1,3.A.1,GH29
GH2,3.A.1,3.A.1,GH39,2.A.2
4.A.1,GH32,2.A.98,9.B.34
3.A.1,3.A.1,GH2,8.A.5
GH3,Pencillinase_R,2.A.115,3.A.16
8.A.8,GH31
2.A.66,GH95,HD,3.A.3
2.A.2,GH1,GH2
GH29,8.A.59,HTH_AraC,3.A.1,3.A.1
GH29,2.A.66,MerR,2.A.51
8.A.59,3.A.1,3.A.1,3.A.1,2.A.66,GT4,GT32,GT2,Fer4,GT4
GH13_31,LacI,GH146,GH116,2.A.1,8.A.5
3.A.1,3.A.1,GH3,GH123
8.A.59,2.A.38,3.A.3,GH127,HTH_AraC,GH31
GH5_44,GH30,SBP_bac_1,3.A.1,3.A.1,9.B.33,HTH_AraC,GH154,GH88,HTH_AraC,3.A.3
GT0,2.A.66
GH170,4.A.1
GH30_2,3.A.1
GH129,3.A.1,3.A.1,3.A.1,HTH_AraC,PL12_1,GH88
GH140,3.A.1
GH151,3.A.1,3.A.1
2.A.88,3.A.1,3.A.1,3.A.1,GH2,3.A.3
CBM67|GH78,3.A.1,3.A.1,3.A.1
GH13_18,LacI,GH13,3.A.1,3.A.1,3.A.1
3.A.1,HATPase_c|HisKA,Trans_reg_C,GT51
GH51,SBP_bac_1,3.A.1,3.A.1,HTH_AraC,9.B.33
4.A.3,GH36
3.A.1,GH43,3.A.1,3.A.1
GH43_35,CBM67|GH78,GH2,2.A.2,HTH_AraC,GH3
PL27,HTH_3,GH2,HTH_AraC,2.A.2,GH3,LacI,3.A.1,3.A.1,SBP_bac_1,GH32
GH39,3.A.1,3.A.1,SBP_bac_1,GH8
GH78,SBP_bac_1,3.A.1,3.A.1
GH26,HTH_AraC,3.A.1,3.A.1,3.A.1,GH2,GGDEF,HTH_AraC,GH148,2.A.2
3.A.1,3.A.1,GH1,GH35,GH3,GH3,3.A.1,LacI,3.A.1,3.A.1,3.A.1,GH32,GH32
2.A.66,4.C.1,4.D.1,GT4
3.A.1,HATPase_c|HisKA,Trans_reg_C,8.A.59,HTH_AraC,3.A.1,3.A.1,GH66,GH13,HTH_AraC,3.A.1,3.A.1
GH8,3.A.1,3.A.1,3.A.1,HTH_AraC,9.B.33,GH43_35,LacI,3.A.1,3.A.1,SBP_bac_1,GH10,GH43_10,GH51,GH31,GH43_27,GH39,GH51
GH31,GH95,HTH_AraC,3.A.1,3.A.1,GH95,GH2,HTH_AraC,3.A.1,3.A.1,3.A.1,GH120
3.A.1,3.A.1,GH2
2.A.49,2.A.115,3.A.1,3.A.1,3.A.1,GH105
3.A.1,CBM67|GH78,3.A.1,3.A.1,SBP_bac_1,HTH_AraC,9.B.33,GH18
GH42,3.A.1,3.A.1
GH137,3.A.1,3.A.1,3.A.1,CE15
GH28,GH2,CE12,HTH_AraC,8.A.59,HTH_AraC,3.A.1,3.A.1,GH4,3.A.1
3.A.1,3.A.1,GH42,GH36,9.A.11
GH3,3.A.1
3.A.1,3.A.1,3.A.1,PL11_1|PL11,PL11
3.A.1,3.A.1,GH50,GH88,3.A.1,3.A.1,GH35
GH2,HTH_AraC,GH27,GH4,GH43_22,3.A.1
GH29,GH29,3.A.1,3.A.1,SBP_bac_1,GH29,GH35
CBM9,3.A.1,3.A.1,SBP_bac_1,GH29,GH29,GH18
2.A.66,GH2
GH43_24,2.A.66
3.A.1,3.A.1,GH88
GH3,2.A.2,GH2,HTH_AraC,2.A.2,CBM67|GH78
3.A.1,3.A.1,3.A.1,CBM34|GH13_20,9.B.10
GH115,SBP_bac_1,3.A.1,3.A.1,3.A.1,HTH_AraC,3.A.1,3.A.1
3.A.1,Trans_reg_C,HATPase_c|HisKA,GH38
3.A.1,HATPase_c|HisKA,Trans_reg_C,GT51,GH32
GH35,3.A.1,3.A.1
GH2,2.A.66,3.A.1,3.A.1,3.A.1,GH63,2.A.7,GH43_22,GH43_35,GH105
3.A.3,GH20
3.A.1,3.A.1,GH112
3.A.1,3.A.1,GH106,SBP_bac_1,CBM67|GH78
4.F.1,GH2
3.A.1,3.A.1,CBM67|GH78,CBM67|GH78,HTH_AraC,GH38
GH3,2.A.66
2.A.2,GH0,Nitroreductase,Fer4,CBM67|GH78
3.A.1,3.A.1,3.A.1,2.A.66,GH112,GH105
3.A.1,9.B.33,HTH_AraC,GH42,GH42,GH137,GH106,GH127
2.A.36,GH28,GH106,3.A.1,3.A.1
4.A.2,dCache_1|EAL|GGDEF,GT4
GH51,GH51,3.A.1,3.A.1,3.A.1
GH2,GH13_31,2.A.2
3.A.1,GH18
GH3,9.B.31
3.A.5,3.D.1,GH43_34,3.A.1,3.A.1
CE9,4.A.1,PTS-HPr,8.A.7,4.A.1
GT2,GT2,9.B.18
GT4,GT4,GT2,9.B.18,Aminotran_1_2,GT2
GT100,3.A.1
GT2,9.B.18,Glyoxalase,Aminotran_1_2,9.B.18,GT4
GT2,GT11,3.A.1,GT11
GT11,3.A.1,9.B.144
2.A.50,GT2,2.A.50
2.A.7,GH25
3.A.1,3.A.1,GT2,GT2|GT2,GT2,GT2,9.B.18,GT2
3.A.1,3.A.1,GH5_13
3.A.1,3.A.1,GH33
GH31,3.A.1,3.A.1
GH20,PALP,3.A.1,3.A.1,3.A.1
GH0,3.A.1
GH13_20,9.B.158,2.A.66,3.A.9,3.B.1
GH2,SBP_bac_1,SBP_bac_1,8.A.59
2.A.66,3.A.1,3.A.1,SBP_bac_1,GH50,3.A.1,3.A.1,3.A.1
GH3,AraC_binding,HTH_AraC,3.A.1,3.A.1,3.A.1,CBM67|GH78,8.A.59
3.A.1,3.A.1,3.A.1,3.A.1,3.A.1,SBP_bac_1,8.A.59,HTH_AraC,GH43_11,GH28
3.A.1,3.A.1,SBP_bac_1,GH43_32,GH2
3.A.1,3.A.1,GH5_37
GH51,GH43_26,2.A.66,2.A.66
GH38,GH95,HTH_AraC,GH38,3.A.1,3.A.1,3.A.1,3.A.1
8.A.59,HTH_AraC,3.A.1,3.A.1,GH115,3.A.1,3.A.1,3.A.1
GH42,LacI,3.A.1,3.A.1,SBP_bac_1,8.A.59
GH2,CE1|CE1,GH2,GH35,HTH_AraC,3.A.1,3.A.1
2.A.1,3.A.1,3.A.1,3.A.1,3.A.1,GH88,3.A.1,3.A.1
GH125,3.A.1,3.A.1,SBP_bac_1,8.A.59,HTH_AraC,GH20,GH2
2.A.2,GH2
GH27,LacI,3.A.1,3.A.1,3.A.1,GH95
GH42,CE4,2.A.45,2.A.115,2.A.115
4.A.1,GH1,GH159,EAL|GAF|GGDEF,ACT,GH43_17
9.A.28,GH29
GH31,GH5_22,3.A.1,3.A.1,MarR,MerR,2.A.22
9.B.33,SBP_bac_1,3.A.1,3.A.1,GH35,1.A.11
8.A.59,3.A.1,3.A.1,GH29
3.B.1,3.B.1,3.B.1,HTH_AraC,GH51
GH29,3.A.1,3.A.1
GH146,GH31,HTH_AraC,GH3,9.B.27,HTH_1,2.A.120
GH3,3.A.1,HATPase_c|HisKA,Trans_reg_C,GH43_27
GH146,8.A.59,HTH_AraC,3.A.1,3.A.1,2.A.66
8.A.59,SBP_bac_1,3.A.1,3.A.1,CBM67|GH78,GH5,3.A.1,SBP_bac_1,GH29,HTH_6,GH106,3.A.1,3.A.1
1.E.18,GH73
9.B.33,HTH_AraC,3.A.1,3.A.1,SBP_bac_1,GH35,1.A.22,2.A.115
CBM48|GH13_9,1.A.23
GH36,3.A.1,3.A.1,3.A.1
3.A.1,2.A.4,CBM34|GH13_20,GH133,GH13_14,3.A.1,3.A.1
9.A.40,GH51
