3.A.1,CE4
4.A.1,GH32
2.A.22,3.A.1,3.A.1,3.A.1,3.A.1,HTH_3,CE9
GH170,4.A.3,4.A.3,4.A.3,LacI,Peripla_BP_2,3.A.1,9.B.74
4.A.3,4.A.3,4.A.3,GH4,2.A.17,3.D.2,CodY,2.A.20
9.B.34,GT51,4.C.1
3.D.1,GT51,2.A.63,2.A.63,2.A.63,2.A.63,2.A.63,2.A.63,2.A.63
GH32,2.A.1
3.A.1,HTH_3|SpoVT_AbrB,3.A.18,GntR,4.A.3,GH1,4.A.3,4.A.3
3.A.2,3.A.2,3.A.2,3.A.2,3.A.2,3.A.2,1.A.77,GT0
3.A.1,3.A.1,GH65
GH73,GH73,1.B.12
2.A.4,CBM50
GT2,9.B.183,GT4,GT2,9.B.18,9.B.18
GT28,2.A.103,9.B.146
CE4,3.A.3,2.A.7
8.A.3,8.A.3,9.B.18,GT2,GT4,GT2
2.A.1,GT2
4.A.1,GH13_29
GH13,2.A.23,2.A.56
CE4,2.A.26,3.A.1,3.A.1,3.A.1,3.A.1,3.A.1
