2.A.66,GT14,GT4,GT4,GT2,GT2,GT2,GT26
GT4,GT2,1.B.18
9.B.18,8.A.3,GT4,GT2,GH39,PIG-L,GT4,2.A.66
GT2,2.A.66,GH140,GT4
GT2,GT2,GT2,3.A.1
4.A.6,8.A.8,GT0
9.B.146,2.A.103,GT28
CE11,1.B.33,2.A.1,3.A.7
3.A.1,GT4,SIS,GT9
9.B.18,9.B.146,GT4,GT2,3.A.1
GT51,2.A.1,1.B.6
CBM50,3.A.5,2.A.6,2.A.6
2.A.80,2.A.80,GT2,1.B.57,2.A.1
3.A.1,3.A.1,3.A.1,GT2
GT2,4.C.1
GT4,3.A.1,GH0,2.A.1
3.A.3,MCPsignal,GT5
CE4,3.A.1,3.A.1,3.A.1
CE4,2.A.1
2.A.23,GT51,2.A.7,Pribosyltran,2.A.37,2.A.76
3.A.1,3.A.1,3.A.1,3.A.1,3.A.1,3.A.1,3.A.1,3.A.1,3.A.1,3.A.1,GH1
GH103,9.B.34,3.A.1,3.A.1,3.A.1,3.A.1,3.A.1,3.A.1
3.A.1,3.A.1,CE1
9.B.149,1.A.30,1.A.30,1.B.14,MarR,8.A.1,2.A.6,TetR_N,GT41
GT83,3.A.1
9.B.10,2.A.66,GT39,1.B.6
GT81,HTH_AraC,2.A.3
1.A.34,CBM50
3.A.1,3.A.1,3.A.1,3.A.1,2.A.58,2.A.123,GT2,GT83,GT51
GT4,3.A.1,GT4,3.A.1,3.A.1,3.A.1,3.A.1,3.A.1
3.A.1,3.A.1,3.A.1,3.A.1,9.B.35,3.A.9,CE4,9.B.35
1.C.113,GT83
1.B.70,MarR,1.B.70,1.B.70,GH23,1.A.22
GH1,3.A.1,3.A.1,3.A.1,2.A.56,2.A.56,4.C.1
2.A.6,2.A.6,GT1,GT2
AA3_2,3.A.1
3.A.1,GH103
2.A.89,CBM48|GH13_11,HTH_1,2.A.1
CE4,CE4,1.A.26
3.A.1,SBP_bac_1,3.A.1,3.A.1,CE4,TetR_N,9.B.2,3.A.1
GT20,2.A.1
GT83,2.A.6,1.B.6
3.A.1,3.A.1,3.A.1,GT41
GH15,TPR_2|TPR_1,GT5,9.B.62,1.B.76
GT112,3.A.1,3.A.1
GH23,3.A.7
GH23,3.A.7
GH13,3.A.1,3.A.1
8.A.3,GT4,9.B.18
