GT2,1.B.50
2.A.40,Pribosyltran,9.B.105,CE4
GT28,2.A.103,9.B.146
GT0,GT26,GT4,GT32,GT2,9.B.18
3.A.1,CE4,3.A.1,3.A.1,3.A.1
GT51,9.A.11,9.A.11
GT4,3.A.23,2.A.3,LytTR,2.A.66,2.A.86
2.A.87,HTH_11,3.A.16,CE4
CBM48|GH13_9,GT5,GT35,GH13_39,2.A.66,3.A.1
4.A.2,3.A.3,9.A.40,GH170
GH73,3.A.1,3.A.1,3.A.1,3.A.1,HTH_3,CE9
GH4,4.A.3
3.D.6,HTH_8,CE4
2.A.66,1.A.23,GH23
GT2,2.A.118
GT2,GT4,GT4,9.B.18,8.A.3,8.A.3
2.A.58,CE4
GH151,2.A.98
GT2,GH113,1.A.30,1.A.30
GT2|GT2,PIG-L,2.A.15
GH23,3.A.7,3.A.7
GH13_31,4.A.1
GT51,2.A.19,Fer4,2.A.88,Rhodanese,3.A.1,3.A.1
2.A.19,2.A.35,GH18
GT28,2.A.36
GH4,4.A.3,4.A.3,4.A.3,4.A.3
GT2,3.A.1,9.B.157
2.A.3,GH2
