3.A.1,SBP_bac_1,3.A.1,3.A.1,GT28,9.B.174,4.A.1
CBM50,2.A.16,Fer4,2.A.87
GH13_31,2.A.85
GT4,2.A.45,2.A.45,9.B.10
2.A.7,2.A.63,2.A.63,2.A.63,2.A.63,2.A.63,2.A.63,2.A.63,2.A.36,3.A.1,3.A.1,3.A.1,Fe_dep_repress,GT26,3.A.1,3.A.1,GT2,3.A.1,2.A.41,2.A.115,3.A.1,2.A.120
3.A.1,3.A.1,2.A.20,CBM50
4.A.2,4.A.2,CE9,9.A.40,GT2
2.A.79,2.A.79,9.B.34,9.B.146,3.A.11,Pribosyltran,3.A.5,CBM50
GT4,2.A.14,GT2
GT4,2.A.8,GntR,2.A.1,MerR,9.B.105
2.A.1,GT2,2.A.1,2.A.7,3.A.1,2.A.47,2.A.47
9.B.141,NUDIX,GT4,CBM50|CBM50,3.A.1,3.A.1,3.A.1
3.A.7,GH25
GT28,2.A.1,2.A.86
3.A.1,GT51
9.B.46,9.B.14,LytTR,PfkB,GH32,LacI,1.A.11,9.B.102,9.B.102,HTH_DeoR,3.A.1
GH1,4.A.3
AA3_2,2.A.15,2.A.13
4.A.2,9.B.74,GH73
GT0,1.A.77,3.A.2,3.A.2,3.A.2,3.A.2,3.A.2,3.A.2
GT8,GT4,3.A.5,3.A.5,3.A.5,3.A.5
2.A.35,3.A.7,2.A.7,2.A.7,Pyr_redox_2,GH73
GH170,SIS,4.A.1,HTH_6,2.A.3
9.B.97,GH23|CBM50
