1.B.14,GH109,GH20,1.B.14,2.A.1,CE9,HTH_AraC,2.A.6,2.A.6,2.A.51,2.A.51
1.B.14,8.A.46,GH136,GH50,TPR_2|TPR_1,GH31,GH89,GH16_24,1.B.14
1.B.14,8.A.46,GH97,GerE,FecR,1.B.14,8.A.46
2.A.7,GH29,EPSP_synthase,3.A.1
GH20,1.B.14
GT28,2.A.103,9.B.146
2.A.1,PfkB,GH32,GH32,1.B.14
GH29,1.B.14,8.A.46
GH16,GH29,1.B.14
1.B.14,8.A.46,GH29,3.D.10,HTH_AraC,1.B.14,1.B.14,GH136
1.B.14,GH43_10,GH95,GH95,GH120,GH35
1.B.14,GH31,GH97,GH92,CBM51,1.B.14,2.A.51
GH43_24,2.A.115
GH2,GH30_4,8.A.46,1.B.14
1.B.14,GH3,GH51
GH32,1.B.14,GH32,GH32,2.A.1
2.A.1,CE17
1.B.14,GH109,GH20,4.C.1
GT2,9.B.144,GT2,GT4,4.D.1
3.D.2,SKI,GT90,GT2
GT2,GT4,GT9,GH43_33,8.A.46,1.B.14,2.A.1,GT1,1.B.14,3.D.1,2.A.21
3.A.5,2.A.66,GT5,GH57,GT4,GH133
GT27,2.A.95
2.A.21,HTH_AraC,Reg_prop,GH2
8.A.46,1.B.14,3.A.1,CE9,CE9
1.B.14,GH110,1.A.1
1.B.14,8.A.46,GH29|CBM32,GH95
GH130,2.A.1,1.B.14,8.A.46
3.A.12,GH2,GH2,1.B.14
1.B.14,GH84,GH3
GH109,9.A.25,GH2,1.B.14
1.B.14,FecR,Sigma70_r4_2|Sigma70_r2,GH29,1.B.14,FecR,FecR,1.B.14,GH2,GH20,GH2,GH16_3
3.A.1,LytTR,8.A.59,CBM67|GH78
3.A.1,GH92,2.A.21
3.D.7,3.D.7,3.D.7,1.A.8,Pyr_redox_2,GT51,2.A.98
GH97,2.A.66
GH43_17,GH2,GH63,1.B.14
GH20,2.A.21
GH20,GH109,1.B.14
1.B.14,GH29,2.A.76
GH154,GH88,GH95,GH117,GH29,2.A.1
8.A.46,1.B.14,GH97,GH13
2.A.37,2.A.9,CbiA,GT2,GT2
8.A.3,GT4
GT2,3.A.1,9.B.146
GT26,9.A.8
1.B.14,GH127,GH127
9.B.146,GT2
GT1,Aminotran_1_2,1.B.14,2.A.66
GH3,GH5_46,GH3,GH16_3,1.B.14
PL29,9.A.25,8.A.46,1.B.14,HTH_AraC,GH2,GH88,PL38
2.A.37,CE1,GH92,2.A.64
GH2,HTH_DeoR,HTH_AraC,GH105,1.B.14,8.A.46,GH3
2.A.21,GH2,GH95,GH95,1.B.14,GH154,GH88
GH13_38,3.A.10
GH20,3.A.18
3.A.1,CBM62,2.A.25
2.A.22,3.A.1,GH20
3.A.3,GH110,2.A.21,9.B.196
GH36,GH27,1.B.14,8.A.46
1.B.14,GH0,GH92
GT3,GT35,1.B.14
GH95,8.A.46,1.B.14
GH89,GH27,8.A.46,1.B.14,FecR,8.A.46,1.B.14,GH43_24,1.B.14
9.B.169,HATPase_c|Response_reg|HisKA,GH163
1.B.14,8.A.46,GH3,GerE,FecR,1.B.14
1.B.14,GH151,GerE,FecR,1.B.14,GH142,GH127,GH146,GH106,2.A.3
GT2,2.A.1
1.B.14,GH2,GH63,GH92,9.B.97
GH13_8,2.A.37
GH2,HTH_AraC,9.A.25
3.A.1,GH92,GH76,8.A.46,1.B.14
1.B.14,8.A.46,2.A.1,GH33,GH20
GH141,1.B.14
GT2,3.A.1
2.A.21,GH33,8.A.46,1.B.14
GH88,PL33_1,1.B.14,8.A.46,8.A.46,1.B.14,GH2
2.A.16,1.I.1,GH109
CE3,8.A.46,1.B.14
GH23|CBM50,HD,1.B.14
1.B.14,8.A.46,GH2,1.A.34
1.B.14,GH95,GH141,8.A.46,1.B.14,3.A.1,3.A.1,3.A.1
2.A.21,GH2,GH78,GH92,2.A.1,GH38
GH13_5,3.A.3
GH2,2.A.13
1.B.14,FecR,GerE,GH3,GH92,GH97,8.A.46,1.B.14
1.C.105,GerE,FecR,1.B.14,GH163,GH18,GH20
2.A.21,HTH_3,GH165,1.B.14
2.A.23,GH2,GH2,GH95,GH29,GH3
1.A.8,2.A.124,2.A.124,Sigma70_r2,GH92
GH95,3.A.1,GH123
1.B.14,CBM57,GH97,GH38
2.A.66,3.A.1,GH13_31,Glyoxalase,8.A.46,1.B.14
3.A.1,3.A.1,3.A.1,3.A.1,2.A.40,GT2
2.A.35,1.B.14,GH2,4.C.1
8.A.3,GT4
GH130,2.A.21
GH43_34,TetR_N,3.A.1,3.A.1,3.A.1,3.A.1,3.A.1
9.B.146,GT2,3.A.1,GH73
GH2,GH35,1.B.14
2.A.115,Aminotran_1_2,3.A.1,GT2
1.B.42,HD,GH171
1.B.14,8.A.46,GH29
GH43_4,1.B.14,GH76
