2.A.38,2.A.38,MarR,3.A.1,3.A.1,3.A.1,GH97
9.A.23,GH127
2.A.1,GH31
2.A.1,GT35,CBM34|GH13_39
3.A.1,GH23
9.A.40,4.C.1,GT28
GH2,HTH_AraC,8.A.5
GH3,Pribosyltran,3.A.7
GH30_2,4.C.1
GH29,HD,CBM67|GH78,GH151,GH33,3.A.1,3.A.1
GH32,2.A.5
GH13,Peripla_BP_1,9.B.33
2.A.37,GH31
3.D.1,HATPase_c,3.D.1,3.D.1,3.A.1,3.A.1,LytTR,2.A.66,Pribosyltran,GH106
GH31,TPR_2,Nitroreductase,2.A.115
3.A.1,3.A.1,3.A.1,3.A.1,3.A.1,GH9,GH3
GH31,3.A.3
3.A.1,3.A.1,GH33,GH30_3
9.B.33,Peripla_BP_1,SBP_bac_1,3.A.1,3.A.1,GH39
GH78,4.F.1
GH3,PIG-L,3.A.1
CE2,3.A.1,3.A.1,3.A.1,3.A.1
GT5,CBM48|GH13_9,8.A.5,GH77|GT35
8.A.59,Fer4,GH5_46,SBP_bac_1,3.A.1,3.A.1
3.A.1,3.A.1,3.A.1,GH4
2.A.36,GH51
