GH95,HTH_8,2.A.21,2.A.16,9.B.160
GH30_1,3.A.5,GT19
GH148,2.A.40
GH2,3.B.1,3.B.1
GT4|GT2,3.A.1
2.A.103,1.A.23,3.A.1,3.A.1,GT2
GH29,HTH_5,3.A.3
GT2,GH36,3.A.1,3.A.1,3.A.1
3.A.9,GH10
3.A.9,GT4,3.A.15,3.A.15
GH5_19,2.A.115,GH42
GT9,1.C.109
8.A.21,HTH_AraC,GH20,LacI,GH1,GntR,GH63
9.B.146,GT83
2.A.1,GH123
3.A.1,GH130
GH38,3.A.15,CBM67|GH78
2.A.49,9.B.143,LacI,GH50|GH50,9.B.105,2.A.1
CBM67|GH78,2.A.95,2.A.1
2.A.102,GH148
8.A.7,GH63
2.C.1,Glucokinase,GH2,LacI,4.A.2
GH38,9.B.157
1.A.13,3.A.1,ACT,GntR,GH148
GT28,2.A.103
2.A.21,GT5,9.B.174,GT30
3.A.5,LacI,GH5
3.A.18,GH78
2.A.64,Fer4,3.A.1,3.A.1,HisKA|HATPase_c,GH130,HTH_AraC,2.A.21
GH2,5.A.1
GH36,1.A.43,GH106,CBM48|GH13_9
GH148,1.A.23
2.A.22,3.A.1,GH148|GH148,9.B.18
GH39,HTH_AraC,2.A.4
9.B.124,GH29
2.A.35,GH36,GH130
9.B.126,LacI,GH1
GH148,3.A.1,3.A.1,3.A.1,3.A.1
GH5_19,LacI,2.A.19,GH148,GH16,HTH_AraC,2.A.58
GH1,3.A.1,3.A.1
