2.A.49,CBM61|CBM61|CBM61|GH53
2.A.66,PL9,2.A.7,3.A.18
3.A.1,3.A.1,3.A.1,3.A.1,3.A.1,8.A.59,3.A.1,3.A.1,3.A.1,3.A.1,3.A.1,Aminotran_1_2,CBM41|GH13_14,CE4
GT4,GT0,2.A.66,GT26
GT51,2.A.25,HTH_3,3.A.1,3.A.1,3.A.1,3.A.1,2.A.25
GH42,3.A.1,3.A.1,3.A.1
GH25,HTH_5,ArsD,3.A.4,2.A.59,2.A.66,3.A.7
PL9_1,3.A.1,3.A.1,2.A.1,3.A.1
GH4,4.A.1
GH42,GH53,GH53,Trans_reg_C,HATPase_c|HisKA,3.A.1
GH16_3|CBM4|CBM4|CBM4|CBM4,GH1,4.A.3,4.A.3,4.A.3,LacI,3.A.1,3.A.1,3.A.1,2.A.23,Nitroreductase,3.A.1,3.A.1,3.A.1,2.A.56
9.B.34,CE4,2.A.40,9.B.34,3.A.1
9.B.104,GT2
3.A.1,LacI,GH77,GT35
CE4,9.B.74
2.A.51,2.A.51,GH13_20,GH13_14
2.A.41,GH25,1.B.52,2.A.36
CBM27|GH26|CBM23,3.A.1
3.A.1,3.A.1,3.A.1,HTH_AraC,GH31,GH3,GH95
2.A.114,GT2,HTH_AraC,3.A.1,3.A.1,GH12,GH2,8.A.59,HTH_AraC,GH74|GH74,GH13_36
2.A.1,LacI,2.A.1,GH32
GH1,4.A.1
9.B.27,GntR,GH13_29,4.A.1
8.A.59,HTH_AraC,3.A.1,3.A.1,2.A.5,9.B.141,9.B.141,CE4,1.A.26
1.A.16,GH4,4.A.1
GH38,4.A.2
GH16_3,3.A.3
GT2,GT2,9.B.18
GT4,9.B.18,2.A.26,3.A.1,3.A.1
GT4,9.B.34
3.A.1,3.A.1,3.A.1,3.A.1,3.A.1,3.D.10,CE7,CE7
3.A.1,GH36,1.B.52
GT2,GH18,3.A.1
3.A.1,3.A.1,HTH_AraC,3.A.1,3.A.1,3.A.1,CBM34|GH13_20,3.B.1
3.A.1,GH25
9.B.120,9.B.18,8.A.3,GT26,GT4,GT2,2.A.66
3.A.1,2.A.19,GH13_5
GT2,GT4,3.A.1,3.A.1,GT2
GT0,GT2,GT0,3.D.1
2.A.107,3.A.3,HTH_5,4.A.3,GH170,4.A.3,4.A.3,CE9,GntR,2.A.1,3.A.1
1.A.16,CBM34|GH13_20,HTH_AraC,GT35,8.A.21
4.A.1,GH13_31,LacI,GH77,3.A.1,3.A.1
2.A.66,3.A.1,3.A.1,PadR,GH5_25,3.A.1
3.D.1,3.D.1,3.D.1,3.A.1,3.A.1,3.A.1,GH13_31
9.B.34,3.A.3,Trans_reg_C,3.A.3,GH13_28|CBM25|CBM25|CBM25
9.A.40,GH73
GH32,LacI,4.A.1
PL12_1,4.A.6,4.A.6,4.A.6,4.A.6,GH88
GH4,GntR,GH1,4.A.3,4.A.3,4.A.3
1.A.11,GH1
GH1,GH4,2.A.7,2.A.21
GH13_19|CBM26|CBM26|CBM26,2.A.66
9.B.160,4.A.3,GT4
3.A.6,GT28
GT0,3.A.2,3.A.2,3.A.2,3.A.2,3.A.2,3.A.2
CE4,3.A.1,3.A.1
8.A.59,SBP_bac_1,3.A.1,3.A.1,3.A.1,GH133,GH13_14
GH43_4,3.A.1,3.A.1,3.A.1,GH43_26,GH51,HTH_5,GH43_4,GH146,HTH_AraC,9.B.141
2.A.2,HTH_AraC,2.A.115,GH36,2.A.2
GH4,HTH_AraC,3.A.1,3.A.1,3.A.1,3.A.1,GH36
4.A.3,4.A.3,4.A.3,GntR,GH1
2.A.120,GH0
3.A.1,3.A.1,GH112
CE9,4.A.6,4.A.6,4.A.6,GntR,SIS,4.A.6
GH105,2.A.2,GH28
4.A.3,4.A.3,GH4,4.A.3
GH170,HTH_6,8.A.5,2.A.40
3.A.1,3.A.1,3.A.1,MCPsignal,HTH_AraC,8.A.59,Peripla_BP_1,3.A.1,GH13_28|CBM26|CBM26
8.A.59,HTH_AraC,SBP_bac_1,3.A.1,3.A.1,3.A.1,3.A.1,GH130
