GH3,1.B.14,8.A.46,GH16_3,GH20|CE15,1.A.35
1.B.14,8.A.46,GH33
GT2,GT32,2.A.66,GT4,GT2,GT2
GH33,2.A.21
1.B.14,GH5_13
2.A.7,1.B.14,GT32
GT4,2.A.3
3.D.1,3.D.1,3.D.1,3.D.1,Fer4,3.D.9,3.D.1,3.D.9,3.D.1,3.D.1,8.A.51,GH73,GT9
1.B.14,GH38,PL17,2.A.1
GH43_34|GH43_3,3.A.1
1.B.14,GH30_3,GH3
1.B.14,1.B.14,GH105,GH88
3.A.5,GT8
1.B.14,CBM32
1.B.14,GH123,GH43_31,GH123,1.B.14
2.A.1,2.A.124,GT2
GH20,GH36,PL29,PL17_2|PL17,PL6|PL6_1,PL6_1,8.A.46,1.B.14
GH97,2.A.1,1.A.13
1.B.14,GH105,GH105,GH43_26,GH2
1.B.14,8.A.46,Pyr_redox_2,GT2,1.C.39,GT2
8.A.3,GH65,GH13
2.A.1,CE8,2.A.66,GT2
9.B.33,GH20
3.D.2,GH127
3.A.5,TPR_1,2.A.1,GT4
8.A.46,1.B.14,GH105,HTH_AraC,CE12|CE8,PL1_2,GH28,CE19
2.A.21,GT27,9.B.145,GH3
GH38,2.A.1,GntR,GH92
PL29,PL8_2,GH88,PL8_2,1.B.14
1.B.14,PL1_2,2.A.1,CE9
2.A.16,CE1,2.A.9,CbiA,3.A.18
3.A.9,GT2
PL8,GH88,1.B.14
