2.A.25,3.A.1,HTH_AraC,GH51
1.A.11,GT51
CBM50,2.A.58
2.A.66,cNMP_binding,GH106,GH43_28,GH3,GH35,GH39,2.A.2,HTH_AraC,NTP_transf_2,4.D.2,GT2
9.B.18,GT2,3.A.1,3.A.1,GT26
3.A.1,3.A.1,HTH_AraC,GH3,LacI,SBP_bac_1,3.A.1,3.A.1,GH65,GH65,GT2,9.B.18,GT2,GH13_20
2.A.2,HhH-GPD,GT2,CE4
GH3,GH39,2.A.2,GH13_11,HTH_1,2.A.22
GH3,HTH_AraC,GH43_35,2.A.2,CBM67|GH78
2.A.40,GH2,HTH_AraC,2.A.2,CBM67|GH78
2.A.1,GH2,HTH_AraC,HTH_AraC,GH30_1
3.A.1,3.A.1,8.A.59,CE4,HATPase_c,3.A.1,3.A.1
3.A.12,GT5,9.A.40
GH3,CE1,3.A.1,3.A.1,SBP_bac_3,2.A.66
2.A.66,3.A.1,3.A.1,LacI,CE1|CE1,GH51,2.A.66,GH51|GH43_35,GH3,2.A.22,9.B.34,8.A.59
GH112,3.A.1,3.A.1,3.A.1,GH136,3.A.25,2.A.19,2.A.36
2.A.66,GH2
GH3,2.A.66
8.A.59,HTH_AraC,3.A.1,3.A.1,3.A.1,GH5_46,2.A.35
2.A.86,TPR_2,CBM48|GH13_9,GH18
9.B.104,HATPase_c,GT28,8.A.21
3.A.3,GH51
2.A.2,GH78,GH3,2.A.2,GH78,CBM67|GH78,GH3
3.A.1,CBM67|GH78
GH2,2.A.2,GH3
3.A.1,3.A.1,3.A.1,TetR_N,GH3
CE9,2.A.66,3.A.15
GH148,GH94,3.A.1,3.A.1,GH3,GH43_28
8.A.59,SBP_bac_1,3.A.1,3.A.1,SBP_bac_1,GH161
GT5,3.A.1,3.A.1,3.A.1,3.A.1,HTH_3,3.A.1,3.A.1,3.A.1,3.A.1
GH3,3.A.1,3.A.1
GH20,3.A.1,3.A.1,3.A.1
GH77,2.A.49
2.A.25,GH2
