2.A.6,GH2,GT51,1.A.26
GH9,1.A.33,GT2
GT2,9.B.18,Aminotran_1_2,9.B.18,GT4
GT11,GT11,4.D.1,3.A.1,GT17,9.B.18,GT2,GT2,2.A.66
GT26,GT2,2.A.66,GT2,GT4
GT2,Aminotran_1_2,9.B.142
3.A.1,3.A.1,1.A.23,CBM48|GH13_9
GT39,GH31,2.A.4,3.A.1,3.A.1,TPR_2,3.A.18,GT2
GT2,2.A.66,3.A.1
2.A.122,1.E.14,GT2
GH31,3.A.7
GH2,9.A.8
2.A.5,GH2
2.A.45,2.A.25,2.A.66,CE4,GH10,3.A.7
3.A.1,MCPsignal,3.A.1,3.A.1,3.A.1,3.A.1,9.B.33,HTH_AraC,HTH_AraC,GH51,GntR,3.A.1,3.A.1,LytTR,2.A.38,2.A.38
3.A.1,3.A.1,SBP_bac_1,LacI,GH35
2.A.88,GH77
GT39,9.B.34
9.B.34,GT28,2.A.50
2.A.45,3.A.1,3.A.1,3.A.1,3.A.1,GH36
3.A.1,dCache_1|MCPsignal,GH127,GH43
GH51,3.A.1,3.A.1,CE2,HTH_AraC,3.A.1,3.A.1,3.A.1
3.A.1,9.B.120,GH13_39
GT35,3.A.1,3.A.1,3.A.1,SBP_bac_1,8.A.59,HTH_AraC,3.A.16,HTH_AraC,GH13,GH3
GH36,LacI,HTH_AraC,3.A.1,3.A.1,3.A.1,GH130,GH130,CE17|CBM35inCE17,dCache_1|MCPsignal,GH1
1.A.1,GGDEF,GH32,GH36,2.A.2,GH2
8.A.5,MerR,GH9
2.A.35,GH18
GH8,9.B.33,HTH_AraC,GH43_35,GH39,dCache_1|MCPsignal,3.A.1,3.A.1,3.A.1
GT5,3.A.1
GH120,2.A.69
2.A.66,Response_reg,9.B.20,GT35,GT2
3.A.1,3.A.1,GH31,8.A.59,SBP_bac_1,1.B.52
1.A.16,CE4,3.A.9,8.A.59
GT2,GT2,GT2|GT2,GT2,3.A.1,3.A.1
GH25,2.A.7
GT2,GH78,1.C.39
GH113,2.A.119
3.A.1,3.A.1,Pribosyltran,GT2,2.A.51
GH146,HTH_AraC,2.A.1,2.A.66,3.A.1
GT2,9.B.18
GH31,3.A.1,3.A.1,SBP_bac_1,HTH_AraC,8.A.59,3.A.1,3.A.1,3.A.1,TPR_2,1.E.12
GT2,3.A.1,3.A.1,3.A.1
2.A.66,GH2,CE4,8.A.59,HTH_AraC,3.A.1,3.A.1,3.A.1,3.A.1,MCPsignal,GH51
3.A.1,3.A.1,3.A.1,2.A.66,GH26,3.A.1,3.A.1,3.A.1,GH43_35,GT2,9.B.18
2.A.22,2.A.107,HTH_AraC,GH31,1.A.22,PfkB,GH94
GH51,2.A.66,CE1|CE1
GT2,9.B.18
3.A.1,LacI,GH27
