4.A.1,GH1
GH140,4.A.3,4.A.3
3.A.1,GH31|CBM32|CBM32
GH112,3.A.1,3.A.1,3.A.1,GH112,3.A.1,MerR,2.A.66
CE4,2.A.86,4.F.1,3.A.1
2.A.66,GH13_5
4.A.1,GH32,PfkB,GH101
4.A.1,GH1
CE9,4.A.3,3.A.1
9.B.18,GH1,3.A.1
3.A.1,3.A.1,3.A.1,GT5,Mga,4.A.3,4.A.3,GH1
GH13_31,4.A.1,CE4
2.A.66,9.B.34,PL35
4.A.3,4.A.3,GH1,GH1,CBM48|GH13_9,4.A.6,4.A.6,4.A.6,4.A.6
GT35,9.B.100,GH13_14
3.A.1,GntR,GH1,GH1,GH1,4.A.1,9.B.55,3.A.1,3.A.1,2.A.87
4.A.1,GH106
4.A.1,GH32,4.A.1
2.A.37,HTH_3,4.A.3,GH1
CBM5|GH18,4.A.1,GH4,4.A.1
GH13_31,4.A.1,GntR,4.A.1,GH4
8.A.3,8.A.3,9.B.18,9.B.18,9.B.18,GT0
4.A.1,GntR,4.A.1,GH13_29
2.A.22,4.A.1,GH1
GH88,4.A.6,4.A.6,4.A.6,PL8,PL12_1
CBM32|GH89|CBM32,HTH_AraC,8.A.59,3.A.1
2.A.22,GT51
GT4,4.D.2,GT4
CE4,2.A.115,GH1,GH1,4.A.3,4.A.3
4.A.1,GH4
GH95,4.A.1,GH1
GH1,4.A.3,4.A.3,Mga|HTH_11,4.A.3
4.A.3,GH1
GH1,4.A.3
GH1,4.A.1
4.A.3,GH1,4.A.3,4.A.1
GH1,GH1,4.A.1,4.A.1,2.A.66
GH73,2.A.45
GH146,HTH_AraC,GH146,2.A.17,3.A.1
GT28,2.A.103
4.A.1,GH4,4.A.1
3.A.1,GH1,HTH_AraC,GH1,4.A.3,2.A.119
2.A.1,GH1,4.A.1
2.A.2,GH78,HTH_AraC,GH1,4.A.1
GH1,4.A.1
GH170,3.A.1
4.A.3,4.A.3,GH1
3.A.1,3.A.1,3.A.1,3.A.1,3.A.1,GH165
2.A.5,GT35,GH77
GH1,4.A.3,GH1
9.B.18,9.B.18,GT4,GT4,GT4,GT2,GT14
4.A.3,GH1
1.A.22,HTH_6,GH1,4.A.3
3.A.1,CE4
4.A.1,GH1
3.A.1,GH84
