2.A.47,GAF,GT4,GT2
9.B.168,GH73
3.B.1,CBM20|GH77,GH13_20,LacI,2.A.2,GH13
9.B.33,GH23
2.A.49,GT27,4.C.1,3.A.1,GT2,3.A.1,GT11,GT2,GT2,GT2
1.A.34,MerR,2.A.50,CBM50
GT5,2.A.76
1.B.14,HD,GH23
3.A.1,2.A.1,GH43_10,CE12,CE8,PL1_2,GH105,GH28,1.B.14
GT51,3.A.11
9.B.146,8.A.3,GT4
2.A.123,GT2,GT83
CE11,2.A.36
GT2,1.B.57
9.B.155,2.A.1,8.A.46,1.B.14,GH92
GH92,2.A.1
9.B.33,LytTR,GH3,GH36,GH36,GH95,GH27,GH29,GH92
1.B.14,GH95,HTH_AraC,1.A.23,1.E.43,GH13_5
2.A.2,GH130,GH26,GH28,8.A.46,1.B.14,GH5_7,HTH_AraC,CBM67|GH78,1.B.14,8.A.46,1.B.14
GT3,GT35,9.A.8,1.B.14,1.A.35,TPR_1|TPR_2,2.A.1
GH9,2.A.1,GH55,PL38|GH88,1.B.14
GH55,2.A.37
1.A.16,2.A.109,GT4
3.A.6,2.A.4,GT2
2.A.6,2.A.6,2.A.6,GH2,2.A.53,GH13_10
2.A.1,CBM9,3.A.1,3.A.1,1.A.22,3.A.1,2.A.53
GH123,GH35,GH92,GH89,GH117|GH117,2.A.6,2.A.6,2.A.6
GH92,GH29,GH92,1.B.14
GH33,GH33,8.A.46,1.B.14,2.A.1,GH33
1.B.14,GT4,GT2
GT4,3.A.1
9.B.144,GT2
GT2,GT4,GT4,3.A.1
9.B.18,GT4,GT2,GT4,9.B.18,GT4
CE1,3.A.10,GH2
GH95,Trans_reg_C,HATPase_c|HisKA,9.A.25
1.B.17,2.A.6,2.A.6,1.B.14,8.A.46,GH97
3.A.1,CE1
CE9,HTH_AraC,2.A.1
PL21,1.B.14,8.A.46,GH20,CBM67|GH78,8.A.46,1.B.14
1.B.14,GH3,GH144
GH3,8.A.46,1.B.14,GH16_3,HTH_AraC,2.A.6,2.A.6
8.A.59,GH92,GH92
9.B.14,1.B.14,GH3,GH43_10,GH36,CBM35,GH2|CBM32
1.B.14,GH30_3,GH5_46,GH3
GH43_28|CBM32,2.A.38,2.A.38,9.B.145,2.A.33,GH15,GT20,1.A.23,1.A.23
GH130,2.A.1,1.B.14,8.A.46
2.A.2,GH10,GH43_1,GH43_10
3.A.3,GT20,GH15
