GH23,3.A.7
3.A.1,2.A.66,GH95|CBM32,SBP_bac_1,8.A.59,HTH_AraC,3.A.1,3.A.1,3.A.1
3.A.1,GH51,3.A.1,3.A.1,GH127
GH2,FeoA,9.A.8
GH13_11,3.A.1
5.A.1,CE9
CBM35,GH31,3.A.1,3.A.1,3.A.1,HTH_AraC,9.B.33
8.A.3,GH146
GT2,GntR,4.A.1
9.A.40,Pribosyltran,GH30_5|CBM62|GH43_22,9.B.28
GH43_11,SBP_bac_1,3.A.1,3.A.1,9.B.33
3.A.1,3.A.1,3.A.1,HTH_AraC,9.B.33,GH127
GH3,GH94,LacI,3.A.1,3.A.1
3.A.1,GH43_10|CBM22|CBM22|GH43_16|CBM6,HTH_5,2.A.115,3.A.1,3.A.1
GH13_11,1.A.33
3.A.1,3.A.1,GH36
2.A.115,GH2
4.A.1,GH32,CBM67|GH78
GH13_14,3.A.1,3.A.1,3.A.1
GT2,3.A.1,3.A.1
9.B.31,GT28
2.A.115,GH32,LacI,SBP_bac_1,3.A.1
3.A.1,GH36,GH13_4
GH32,4.A.1
GH13_39,3.A.16
4.D.2,GT2
GH32,3.A.1
GH29,2.A.66
