9.B.146,2.A.103,GT28
CE9,3.A.1,3.A.1,3.A.1,3.A.1,GH125,GH20,GH38,GH38,SBP_bac_1,3.A.1,3.A.1,GH5_18,GH3
3.A.3,LytTR,GH3
3.A.1,3.A.1,3.A.1,GT5,3.A.1,3.A.1
GH13_9,3.A.1,3.A.1
GT2,3.A.1,9.B.55
GH136,3.A.1,3.A.1,3.A.1,GH112
2.A.86,GT2,3.A.1
GH43_12,2.A.1,LacI,3.A.1,3.A.1,3.A.1,GH43_11,GH120,GH8
GH25,1.A.23,3.A.1
2.A.66,NTP_transf_2|HD,1.A.11,3.A.5,TetR_N,GT2
9.B.74,9.B.74,3.A.1,3.A.1,3.A.1,2.A.108,2.A.108,MarR,2.A.3,3.A.1,TetR_N,2.A.3,GH2,9.B.28,3.A.1,3.A.1,3.A.1,GH13_30,LacI,2.A.102
2.A.1,2.A.1,GH13_18,LacI,1.A.43,1.A.43
CE4,Pyr_redox_2,3.A.3
3.A.1,GT2|GT2,GT2,GT2|GT111|GT8
GH13_30,3.A.1,3.A.1,SBP_bac_1,LacI,3.A.1,3.A.1,SBP_bac_1,GH36,2.A.36,3.A.3
GH3,1.A.1,GH3,Pkinase,GH23
3.A.1,3.A.1,GH36,2.A.79
9.B.18,2.A.1,HTH_3,GH23
3.A.1,3.A.1,3.A.1,9.B.28,GH32,LacI,GH32
GH31,GH27,GH43_22,HTH_AraC,GH127,3.A.1,3.A.1,8.A.5,2.A.2
GH42,GH43_12,GH5_4,GH31,GH3,GH29,3.A.1,3.A.1,9.B.28
GH120,3.A.1,3.A.1,3.A.1,3.A.1,3.A.1,3.A.1,3.A.1,3.A.1,SBP_bac_1,3.A.1,GH51,GH42
3.A.1,3.A.1,3.A.1,4.A.3,GH163,TetR_N,2.A.1,GH42,GH5_44,GH3,MarR,3.A.1,3.A.1
2.A.61,2.A.61,TetR_N,GH3
2.A.2,GH2,LacI,3.A.1
3.A.1,3.A.1,GH31,3.A.1,3.A.1,SBP_bac_1,LacI,9.B.124,9.B.124,9.B.124
GT51,GH43_22,LacI,3.A.1,3.A.1,3.A.1
GT35,9.B.104,2.A.1
GH13,3.A.1,3.A.1,GH13_14,GH77,GH13_30,LacI,SBP_bac_1,3.A.1,3.A.1,GH31,1.A.33
