2.A.4,HATPase_c|dCache_1|Response_reg|HisKA,cNMP_binding,GH3,GT4
GT2,2.A.66
4.A.1,GH1,PTS-HPr,8.A.7,MerR,9.B.34,2.A.66
9.B.143,HD,GT4,GT4
9.A.28,HTH_AraC,4.A.1,GH106,GH1
3.A.1,3.A.1,SBP_bac_1,GH32
GH38,HATPase_c,HTH_AraC,3.A.1,3.A.1,3.A.1
8.A.59,Peripla_BP_1,3.A.1,3.A.1,GT2
2.A.66,TrkA_C,2.A.38,CE4,GH13_20,2.A.7
2.A.51,HTH_AraC,9.B.33,3.A.1,3.A.1,3.A.1,3.A.1,Pyr_redox_2,GH120,HTH_AraC,2.A.114,3.A.1,3.A.1
GH88,HTH_AraC,8.A.59,PL37,GH3,3.A.1,3.A.1
2.A.78,2.A.78,GT4
GH51,8.A.59,HTH_AraC,SBP_bac_1,3.A.1,3.A.1,GH38,GH2,GH29,3.A.1,3.A.1
GH3,GH20,GH38,GH130,3.A.1,3.A.1
2.A.5,GH154,GH2,GH88,3.A.1,3.A.1,SBP_bac_1,8.A.59,HTH_AraC,PL33_1,GH2
GT2,3.A.1
GH3,GH38,8.A.59,HTH_AraC,SBP_bac_1,3.A.1,3.A.1
GH3,GH3,LytTR,2.A.122,1.E.14,9.B.18
GT4,3.B.1,Rhodanese,3.A.16
GT0,9.B.18
GH105,GH28,HTH_AraC,3.A.1,3.A.1,3.A.1
GT28,2.A.103,9.B.146
2.A.56,2.A.56,2.A.56,GH31,GH31,2.A.56,2.A.56,2.A.56
3.A.1,HTH_AraC,GH28,Peptidase_M23,3.A.3
3.A.1,2.A.66,Citrate_synt,GH13_14,3.A.2
3.A.1,GH35,GH2,SBP_bac_1,3.A.1,3.A.1,GH38,SBP_bac_1,3.A.1,3.A.1,HTH_AraC,8.A.59,GH28
8.A.21,GH13_39,GT35
3.A.1,SBP_bac_1,GH105,GH112,GH51,8.A.5
GT2,GT2,GT81,GT2,4.A.2,3.A.1
2.A.7,GH32,4.A.1
9.B.18,GT4
4.A.1,GH1,HTH_6,GH1,4.A.1,HTH_6,8.A.49,GH1
GH25,CBM48|GH13_9,4.A.1,CE9
3.A.1,GH42
3.A.2,3.A.2,3.A.2,3.A.2,GT2|GT2
GH2,GH3,2.A.2,2.A.66
3.A.1,3.A.1,GH36,PfkB,GH13_4,GH13_29,4.A.1
3.A.1,GH77,3.A.1,1.A.22
2.A.56,2.A.56,GH33,3.A.1,3.A.1
GH31,8.A.59,HTH_AraC,3.A.1
GH94,GH94,HTH_AraC,3.A.1
