1.B.14,GH20
GH2,GerE,1.B.14
GT2,GH2,2.A.6,2.A.6
GH171,2.A.66,1.I.1,4.C.1
9.B.33,GH20
3.A.2,3.A.2,3.A.2,3.A.2,3.A.2,GH130,GH92
CE19,GH28,PL1_2,CE12|CE8,HTH_AraC,GH105,1.B.14
1.B.14,GH30_3,GH3
1.A.33,GH29,2.A.6
8.A.3,GH13
3.A.5,GT4
GT2,GT8,GT2,GT4,GT4,Sigma70_r4_2,GT4,9.B.18
9.B.97,GH84,2.A.37,2.A.1
9.B.145,GT2
GH3,GH5_4,HTH_AraC,1.B.14,8.A.46,GH3
GT2,3.A.9,9.B.35
GH5_7|GH26,GH130,2.A.2,2.A.1,CBM32|GH2,GH2,GH5
1.B.14,GH26,HTH_AraC,GH26,GH26,8.A.5,GH5
GH31,1.B.14
1.B.14,FecR,GerE,GT4,2.A.1,TPR_1|TPR_2,3.A.5,2.A.62
GH97,2.A.6,2.A.6,1.B.17,TetR_N,2.A.17,GH13_8
3.D.1,3.D.1,3.D.1,3.D.1,Fer4,3.D.9,3.D.1,3.D.9,3.D.1,3.D.1,GT22,8.A.51,GH73,GT9
GT30,3.D.1
4.A.2,GH29|CBM32|GH16_3,GH2,GH20
1.B.14,8.A.46,GH144,GH3,GH144
2.A.1,CE8,2.A.66
CBM51,2.A.1
2.A.9,CE1,2.A.16
GH18,8.A.46,1.B.14
3.D.6,3.D.6,3.D.6,3.D.6,3.D.6,3.D.6,GH33
GH97,2.A.98
3.A.1,GH97,GH13,GH13,GH13_36,8.A.46,1.B.14,2.A.2,8.A.59,LytTR,GH77
CE11,2.A.36,2.A.1
2.A.8,GH89
