2.A.26,HTH_DeoR,GT2
CE9,GH35,4.A.6,4.A.6,4.A.6,4.A.6
4.A.6,GH32
2.A.1,GerE,GH25
4.A.6,4.A.6,4.A.6,GH31,4.A.6,GH13_31,3.A.1,9.B.74,3.A.1
3.A.7,3.A.7,3.A.7,GH73
GH1,GT2,4.A.3,GH1,4.A.3
3.A.1,3.A.1,GntR,GH13_29,4.A.1,2.A.23,2.A.3
3.A.1,1.A.8,GT2
GH3,3.A.1,3.A.1,3.A.1,3.A.3,4.D.2,GT2,GT83
9.B.27,Pyr_redox_2,3.D.1,Sigma70_r2,2.A.3,GT4,GT4
GH13_31,CBM34|GH13_20,GH65,3.A.1,3.A.1
2.A.3,GT8,GT8
9.B.126,GT2
GH1,4.A.1,9.B.144,GT2,2.A.85
GH73,Pribosyltran,2.A.40
1.E.26,GH25
GT4,9.A.24,2.A.1,1.A.78
9.B.146,GT28
GT51,3.A.11
GH1,4.A.3,4.A.3,4.A.3
2.A.17,3.A.1,2.A.2,GH29
3.A.1,2.A.3,CE4,8.A.3,GT4,GT2,GH25,GT2,GT0,9.B.18,GT32,GT2,3.A.1,3.A.1,3.A.1,3.A.1
2.A.4,HTH_5,GH13_39,GT35,GT5,CBM48|GH13_9,2.A.115
4.A.3,GH170,4.A.3,4.A.3,GH36,GerE,3.A.7
4.A.1,GH13_31,LacI,GH32
2.A.1,TetR_N,GH1,4.A.1,3.A.1,3.A.1
GH29,4.A.6,4.A.6,4.A.6,4.A.3,4.A.3,GH1,GH125,GH38,4.A.3
GT2,9.B.105,9.B.27,Trans_reg_C,GH4,4.A.1,PL8,PL8|CBM32
4.A.1,Pyr_redox_2,GH1,LacI,4.A.1
2.A.1,GH29
3.A.1,GH170,4.A.3,GntR,4.A.3,4.A.3
3.A.1,3.A.1,GH1,4.A.1
