3.D.10,GT4,2.A.16
5.A.3,GH109
2.A.7,GH33,9.B.176
9.B.146,2.A.103,GT28
GH20,2.A.66,GH13_5
3.A.15,3.A.15,3.A.11,GT2,GT2
1.A.54,2.A.6,CE4
1.A.33,GT4
1.A.30,CBM32|GH2
GT2,GT2,GT2,CE9,3.D.1,2.A.114
GT28,3.D.1
GT2,GT2,GT4,GT4,GT4,GT4,GT4,GT2,GT2,8.A.3,9.B.18,3.A.12,9.B.14
GT4,3.A.11
GT8,GT2,GT9,GT2,GT4,GT10,GT10,2.A.47
GH2|CBM32,GH29,GH33,HisKA|HATPase_c,Trans_reg_C,1.B.71,3.A.3,3.A.3,3.A.3,GH27,3.A.9
GH13_38,1.B.22
2.A.1,GH95,GH109,1.I.1,4.F.1,GH29
GH31,2.A.95
3.D.1,3.A.1,2.A.7,GH20
GH36,2.A.81
GH20,2.A.49
1.A.1,GT35
2.A.6,2.A.6,GH95,GH16
3.A.1,8.A.8,8.A.7,GH16
GH20,3.A.5
GT2,GT4,GT2,GT4,GT2,GT4,GT4,GH105,GT2,GT4,GT4,8.A.3,1.B.18,9.B.18,9.B.18,GT4,GT2
GH84,3.A.1,3.A.1,3.A.1,3.A.9,GH89
GT32,3.A.1,3.A.1,2.A.6
GT51,TPR_2,1.A.30
2.A.67,GH89
2.A.28,2.A.7,3.A.1,3.A.1,Zim,GH29
GH16_3,3.A.3,GT26
9.B.124,9.B.124,FHA,GH16_3
GH20,2.A.86,2.A.3
