3.A.1,GntR,GH1,4.A.3
GH32,4.A.1
4.A.1,GH1,GT4
GH13_29,4.A.1,GntR,3.A.1
GH42,3.A.1,3.A.1
2.A.56,HD,CE4
GT2,2.A.66,8.A.59
GT2,GGDEF|EAL,9.A.23
9.B.18,GT2,GT2|GT2,GT2
GT28,Sigma70_r4_2|Sigma70_r2,9.B.104
GH0,2.A.115
4.A.6,4.A.6,4.A.6,GH13_31,HTH_5,GH36
GH38,4.A.2
3.A.1,3.A.1,3.A.1,GH43_11
GH4,3.A.1,3.A.1,3.A.1,GH13_18
4.A.3,4.A.3,Mga|HTH_11,GH170
GH112,3.A.1,3.A.1
4.A.1,4.A.1,GH4,CE9
GH3,2.A.2
CE4,2.A.66,2.A.66
GH4,4.A.1,4.A.1,3.B.1
3.A.3,CBM48|GH13_9
3.A.1,3.A.1,3.A.1,GH2
GH1,4.A.3,4.A.3,4.A.3
GT2,3.A.1
GT51,2.A.80
3.A.1,GH13_11
