2.A.2,GH5_44,HTH_AraC,GH42,GH43_11
2.A.107,AraC_binding,GH95,2.A.79
GT28,2.A.103,9.B.146
GH43_32,3.A.1,2.A.21
GH3,9.A.11,3.A.1,9.A.11
9.B.20,CE4,9.B.157
GH13_9,GT5,1.A.35
GH130,GH38,GH29,CBS,2.A.1
GH13_31,2.A.1,PALP,PfkB,GH4
GH31,1.E.31
2.A.66,Pyr_redox_2,Fer4,GT2
GH2,3.A.11
2.A.2,GH36,GH0
GH33,2.A.45
3.A.1,GH27
GH36,2.A.66,MarR,3.A.1,3.A.1
3.A.5,9.B.18,GH2,9.A.40
3.A.1,CE9
GH51,2.A.2
GH36,3.A.2,3.A.2,3.A.2,3.A.2
GH3,GH130,GH2,2.A.2
GT4,GT4,9.B.18,8.A.3
3.B.1,GH77
3.A.3,HTH_5,2.A.87,GT2
3.A.1,GH2,3.D.1,3.A.1,3.A.1
GH51,3.A.1,3.A.1,3.A.10
GH51,3.A.3
