GH28,GH105,GH106,2.A.7
1.B.14,1.B.14,PL11,PL11_1,CE12|CE12,CE12,GH2
1.B.14,CE7,GH26,GH130,2.A.2
GT113,3.A.1
1.B.57,GT4,GT2,1.B.14
8.A.7,GT26,2.A.51,2.A.1
2.A.66,GT0
GH5_2,3.A.25
2.A.16,CE12
GT51,9.B.186,3.A.1,3.A.1,3.A.1
GH5_4,1.B.14,GH3
GH2,GH53,8.A.46,1.B.14
1.B.14,PL1,PL1
2.A.35,GH127,GH105,GH154,GH43_24,GH128,GH51|GH43_19,1.B.14
GH43_16,GH10,1.B.14,1.B.14,GH5_21,HTH_AraC,GH43_12
2.A.1,1.A.8,GH43_12
GH32,2.A.1
GH97,3.A.9,1.A.33
1.B.6,GH51,3.A.5
3.A.18,CE19
9.B.158,GH29
1.A.62,AAA,2.A.6,2.A.6,GH25,Sigma70_r2|Sigma70_r4|Sigma70_r3,3.D.6,3.D.6,3.D.6,3.D.6,3.D.6,3.D.6,3.A.2,3.A.2
3.A.2,3.A.2,2.A.62,GT2
1.B.9,GH25
3.A.18,GH13_8
3.D.1,GT9,GH97,GT2,GT2,GT2
GH16_3,1.B.14,GH29|GH16_3
GH25,2.A.35
GH51,GH43_5,GH43_4,1.B.14,1.B.14
3.A.3,3.A.1,GH2,GH51,GH13,GH13_14,GH97,CBM20|GH77,2.A.2
GH67,HTH_AraC,2.A.2,GH10,GH43_1
CBM36|GH8,3.A.1,GH3
GT28,2.A.103,9.B.146
GH28,PL40,GH97,GH146,HTH_AraC,Sigma70_r2|Sigma70_r4_2,1.B.14
2.A.107,GT2,GT2
2.A.25,GH31
GH85|CBM32,GH28,GH130,GH125,GH92,GH92,8.A.46,1.B.14
2.A.7,GH20,Aminotran_1_2,PALP,GH109
GH13_7,3.A.1
CE4,2.A.27,3.A.1,9.B.27
3.A.3,GH43_10
GH89,1.C.105
4.C.1,HTH_AraC,GH43_31,1.B.14,TPR_1,GH43_3
1.B.14,GH43_3,GH31,GH31
GH28,1.B.14
GH92,GH92,HTH_AraC,1.A.14
GH115,3.A.1
GH43_19,GH115,2.A.1
1.B.44,GH3,1.B.14,HTH_AraC,CE6|CE1
GH2,2.A.1
GH36,1.C.113,3.A.1,GntR,3.A.1,3.A.1,3.A.1
