1.B.14,PL11_1
9.B.27,PL1_2,1.I.1,1.B.14
GT51,HD,1.B.42
GH127,2.A.1,GH78,GH138,GH137|GH2|CBM57,GH2,GH106,GH139,3.A.1,3.A.1,3.A.1,3.A.5
2.A.107,GT2
3.D.4,3.D.4,CE8,GH95,PL1_2,1.B.14,PL1_2,HTH_AraC,2.A.124,TetR_N,2.A.37,3.A.1
8.A.46,1.B.14,PL1_2,PL1_2,1.B.14
9.B.104,2.A.6,GH2,GH28,GH106,GH105,HTH_AraC,GH28,GH105,GH105
GH28,2.A.21
2.A.1,GT2,8.A.46
3.A.10,GH43_18,PL1_2,2.A.95
2.A.81,GT35,GT3,2.A.7
4.A.2,GH28
2.A.1,2.A.6,2.A.6,GT2,GT4
1.B.14,GT2
2.A.6,2.A.17,CBM50,FecR,1.B.14
2.A.50,3.A.1,GT2,GT4,GT2,GT2
9.B.156,1.B.14,1.A.23,2.A.4,3.A.11,3.A.1,GH109,CE4
3.A.1,3.A.1,3.A.1,3.A.1,3.A.1,GT30,2.A.23
GH2,CE12|CE12,1.B.14,1.B.48,GH51,HTH_AraC,1.B.14,8.A.46,GH16_3,GH97,GH35,GH51,GH43_19|GH43_34,GH43_24
GT1,2.A.6,2.A.6,2.A.6
CBM50,9.B.18
4.C.1,PL1_2,3.A.5
GH25,Aminotran_1_2,3.A.1
1.B.9,9.A.8,GH141,GH31,B12-binding|B12-binding_2,2.A.21,PL42,PfkB,GH23
GH2,2.A.16
2.A.66,HisKA|Response_reg|HATPase_c,HTH_8,GH28,PfkB,GH13_38,2.A.98
GH2,GH141,3.A.1
GH13_8,2.A.66
3.B.1,GH43_10,GH28
2.A.1,2.A.1,GH105,CE8
GH33,CE12|CE8,GH127,GH127,HD,GH23,HTH_3,8.A.3,GT19
9.B.18,GT4,GT4,GT4,GT2,GT8,GT2
3.D.1,GT2
1.B.14,GH2,HTH_1,3.A.9
2.A.1,PL10_1
3.A.1,GT2
GT2,2.A.1
