3.A.1,3.A.1,GT2,GT4
GH3,2.A.51,2.A.51
GH120,2.A.2
GH0,3.A.1
2.A.115,GT2
2.A.50,CE4,2.A.7
GT2,9.B.18,GT2
GT4,9.B.18,Aminotran_1_2,9.B.18,GT2|GT2,3.A.1,3.A.1,GH73,2.A.7,GT2
3.A.16,CbiA,GH3,HTH_AraC,1.B.52
4.A.1,GH32,PTS-HPr,8.A.7,8.A.59,1.B.52,GT111
GH13_39,3.A.16
GT28,3.A.1,3.A.1
1.B.52,CE4
9.A.11,GH25|GH3
1.A.33,CBM48|GH13_9,1.A.23
GT2,3.A.12
3.A.1,GH5_2
9.B.34,Peripla_BP_3|GGDEF,GH3,HTH_AraC,3.A.1,3.A.1,9.B.28
GH43_11,GH5_44,2.A.2,HTH_AraC,9.B.156
2.A.40,GT2
GH13_20,3.A.1,3.A.1
8.A.59,EPSP_synthase,CBM50
2.A.2,GH32
3.A.1,LytTR,GH26,1.A.26,GT51
3.A.1,GH3
CE4,MerR,GH94,3.A.1,3.A.1,3.A.1,3.A.1
8.A.5,CE1,8.A.5
