GH35,LacI,3.A.1,3.A.1,3.A.1,GH94,GH3
GT2,GH126,2.A.3
PL33_2,3.A.1,3.A.1,3.A.1,GH88,PL12_1
GT2,2.A.37
GT51,2.A.45
GT2,8.A.5
3.A.1,3.A.1,2.A.55,4.A.3,3.A.1,3.A.1,3.A.1,GH1,GH3,GH38,3.A.1,3.A.1,3.A.1,GH29,GH20,HTH_AraC,3.A.1,3.A.1,3.A.1,3.A.1
4.A.3,GH3
4.A.1,GH32,4.A.1,2.A.1
GH50,2.A.69
2.A.1,GH2,3.A.1,3.A.1,3.A.1
GH1,2.A.1
GH36,3.A.1,3.A.1,3.A.1
GH31,GH36,9.B.28,3.A.1,3.A.1,GH2
4.A.1,GH1
GH78,CBM67|GH78,3.A.1
2.A.1,GH38,3.A.1,3.A.1,SBP_bac_1,GntR,GH43_4,HTH_5,GH43_4,3.A.1,3.A.1,3.A.1,GH43_26
GH95,4.A.1,LacI,3.A.1,3.A.1,3.A.1,GH13_31,GH13_18,4.A.1,GH140
GH65,GH65,3.A.1,3.A.1,3.A.1
GH1,LacI,3.A.1,3.A.1,3.A.1,GH31,GH13_31,1.A.78,4.A.3
4.A.1,GH1
2.A.3,TetR_N,GT0,3.D.2,9.B.126
3.A.1,2.A.4,4.A.3,LacI,GH4
3.A.1,3.A.1,GH112,2.A.1,GT2
2.A.66,GT26,GT4,GT2,GT32
GT2,3.A.1
GH25,GH73,Sigma70_r4,1.C.105,3.A.7
9.B.144,GT113,3.A.5,3.A.5,3.A.5,3.A.5,GT4
GH170,3.A.1
3.A.1,HTH_AraC,GH31,2.A.1
GH29,2.A.8,GH65,GT51
3.A.1,2.A.1,GH13_5,NUDIX,8.A.5
GT28,9.B.146
GH73,9.B.105,2.A.1
2.A.3,2.A.1,3.A.9,GH5_28
GH1,3.A.1,3.A.1
GH42,HTH_AraC,GH43_12,MarR,3.A.1,3.A.1,GH29,GH31,GH1
1.A.33,PL27,HTH_AraC,8.A.59,3.A.1,3.A.1,3.A.1,CE4
2.A.7,GH32
GH32,3.A.1,3.A.1,3.A.1
3.A.1,3.A.1,HTH_AraC,8.A.59,SBP_bac_1,3.A.1,3.A.1,GH28,GH38,GH125,GntR,GH92,GH29,9.B.124,9.B.124,9.B.124
GH3,8.A.5
3.A.1,GH36
3.A.1,TetR_N,GH43_22,GH42,GH51,HTH_5,3.A.1,3.A.1,3.A.1,3.A.1,GH28,3.A.1,3.A.1,3.A.1
3.A.1,GH2,GH88,GH154,3.A.1,3.A.1,Peripla_BP_2,GH29,GH43_24
GH120,2.A.1,9.B.74
2.A.1,MerR,GH27,GH51,GH51,GH43_26,GntR,3.A.1
4.A.1,GH146,1.A.35,HTH_AraC,GH31
GH25,GH25,4.A.1,GH32
GT51,CE9,4.A.6,4.A.6,4.A.6,SIS,4.A.6
3.A.14,2.A.66,GH65,3.A.1,3.A.1,3.A.1,CBM34|GH13_20,GH13_31
4.A.3,4.A.3,3.A.18,GH25
GT2,3.A.1,3.A.1,3.A.1,3.A.1
1.A.33,MarR,2.A.1,GT2
2.A.1,GH73,Pribosyltran,2.A.40
4.D.2,GT4,GT4
1.A.1,MerR,GH73
3.A.1,8.A.5,GH1,GH1,2.A.23,9.A.40,GH65
4.A.3,GH3
