GT4,4.D.1
GH170,4.A.1,SIS,4.A.3,PTS-HPr,8.A.7
3.A.1,CBM50,2.A.69,2.A.78,2.A.78,2.A.39
GH13_4,PfkB,GH32,3.A.1,3.A.1,LacI,GH13_31,GH36
9.B.146,GT0
3.A.1,3.A.1,2.A.21,Trans_reg_C,3.A.1,3.A.1,HTH_AraC,8.A.59,Peripla_BP_1,3.A.1,GH101
GT4,3.A.3,GT2
3.A.1,3.A.1,GT26
9.B.97,LacI,GH3,GH3
GH79,2.A.86
GH3,8.A.59,HTH_AraC,2.A.66,LytTR,GH3,TPR_2,3.A.1,3.A.1,3.A.1,3.A.1,3.A.1,3.A.1,HTH_AraC,GH106
3.A.7,CE9
GT0,GT2,3.A.1,3.A.1
3.A.1,GH42,GT5,2.A.21
2.A.115,GH13_39
2.A.4,GH3
2.A.2,CBM67|GH78,GH3
3.A.1,2.A.38,2.A.38,TetR_N,3.A.10,4.A.1,PTS-HPr,8.A.7,GH3
GT39,1.A.33
2.A.66,2.A.107,GT2
GT28,2.A.103,9.B.146
8.A.42,GH23
2.A.10,HTH_8,2.A.25,GT2
1.C.39,CBM50
GH13_20,2.A.7
2.A.50,3.A.1,GH20
9.B.18,GT4,9.B.18
GH112,3.A.1,3.A.1
2.A.15,GT32,GT4,GT2
3.A.1,3.A.1,LacI,GH77,GT35,GH13_28,3.A.1
