GH13_31,3.A.1,3.A.1,3.A.1,GH3,GH94
GH35,4.A.6,4.A.6,4.A.6,4.A.6,2.A.102
4.F.1,ATPase_2,3.A.1,3.A.1,SBP_bac_1,8.A.59,HTH_AraC,GH1,GH85|CBM32,HTH_3,GH92,GntR,GH125,GH38,GH20
GH65,4.A.1,4.A.5,4.A.5,4.A.5
3.A.1,3.A.1,GH112
9.B.146,GT28
4.A.1,HTH_6,GH4,GH1,GH1
9.B.116,HATPase_c,GerE,2.A.38,GT2
CBM50,3.A.1
GH170,SIS,4.A.1,GntR,3.A.1,3.A.1
4.A.3,4.A.3,GH1
GT4,GT4,GT0,9.B.18,9.B.18,9.B.18,8.A.3,8.A.3
3.A.1,3.A.1,GH3,3.A.1,2.A.88
4.A.1,GH65
2.A.49,GH13_5,HTH_DeoR,PfkB,4.A.2
GH170,3.D.1,2.A.58,1.A.23
GH2,4.A.3,4.A.3,GH1
GH65,2.A.118
GH73|CBM50|CBM50,9.B.105
GH4,4.A.1
2.A.37,GH36,3.A.1,3.A.1
GH65,2.A.2
3.A.9,8.A.8,8.A.7,GT4
8.A.5,GT0,Mga|PRD_Mga|HTH_Mga,3.A.3
3.A.1,3.A.1,3.A.1,3.A.1,GT2,GH8
1.A.1,Pyr_redox_2,4.A.1,HTH_6,GH4,HTH_3,3.A.1
CE9,3.A.1,3.A.1,3.B.1,2.A.85,2.A.85
GH1,4.A.1
GH73,4.A.6,4.A.6,4.A.6,4.A.6
3.A.1,3.A.1,HTH_6,GH1,GH3,LacI,3.A.1,3.A.1,9.B.28,4.A.1,EPSP_synthase,3.A.6
