4.A.1,4.A.1,GH1,3.A.1,3.A.1,3.A.1
4.A.3,GH1,3.A.3
4.A.3,4.A.3,GH1
GH170,GntR,1.A.26
3.A.1,GT4,4.D.2,GT4
9.B.34,GT2
4.A.1,GH1
4.A.6,4.A.6,4.A.6,GH1,4.A.1
CE4,2.A.86
GH4,4.A.1,4.A.1,PfkB,GH43_24,4.A.6
9.B.149,CBM68|GH13_14,GT35,GH13_9
GH1,GH1,4.A.1,3.A.1
GH43_35,MerR,4.A.3,2.A.16
3.A.1,GH112,3.A.1,3.A.1
4.A.7,4.A.7,3.A.1,3.A.1,3.A.1,Peripla_BP_1,8.A.59,HTH_AraC,GH4,4.A.3
4.A.1,4.A.1,HTH_6,4.A.3,2.A.10,GH1,GH1,4.A.3,4.A.3,4.A.3
2.A.103,GT28
4.A.1,GH1
4.A.6,4.A.6,4.A.6,CE9,3.A.1,3.A.1,4.A.6,4.A.6,4.A.6,4.A.6
4.A.3,4.A.3,GH1
GH129,3.A.1,3.A.1,HTH_3,3.A.1,3.A.1,3.A.1,3.A.1
4.A.1,4.A.1,GH1
2.A.66,GH1,4.A.1,4.A.1,4.A.1
4.A.1,GH1
3.A.25,9.B.34,4.A.3,4.A.3,4.A.3,HTH_11|Mga,GH1
4.A.6,4.A.6,4.A.6,4.A.6,3.A.23,SpoVT_AbrB,GH1,4.A.1
3.A.9,Nitroreductase,2.A.37,HTH_1,GT2,9.B.18
GT2,3.A.1,3.A.1,3.A.1,HTH_AraC,9.B.33
4.A.1,GH1
2.A.28,GH1,4.A.1,4.A.1,TetR_N,3.A.1,3.A.1
3.A.11,GH13_20
GH32,LacI,4.A.1,Aminotran_1_2,2.A.115,9.B.143
GH4,4.A.3
GT2,9.B.34,4.A.3,4.A.3,GH1,4.A.3
GH1,4.A.1
2.A.115,GH1,4.A.1
9.A.11,5.A.1,2.A.115,GH1,4.A.3,4.A.3,4.A.3,2.A.115
GH1,4.A.1
4.A.3,GH1,4.A.3,4.A.3
3.A.1,CE9
9.B.18,GT2
1.A.22,CE4
GH1,4.A.1
4.A.3,4.A.3,GH4,HTH_11|Mga,4.A.3
CE9,4.A.6,4.A.6,4.A.6,4.A.6,HTH_11|Mga,2.A.66
GH29,3.A.1,3.A.1
4.A.3,GH170
GH1,4.A.3,4.A.3,4.A.3,HTH_11|Mga,2.A.107
9.B.18,GT4,9.B.18,2.A.66
