3.A.1,3.A.1,GT8
GH1,4.A.3,4.A.3,GH53|CBM61,3.A.3
GH25,2.A.103
2.A.10,GH23
3.A.1,3.A.1,3.A.1,3.A.1,3.A.1,3.A.1,3.A.1,GH73
9.B.143,1.I.1,CE4
2.A.21,Trans_reg_C,GT4,GT4
GT0,GT4,3.A.1,GT2,GT4,GT2,GT2,GT2
3.A.2,3.A.2,3.A.2,3.A.2,GT35,GT5,CBM48|GH13_9
4.A.3,4.A.3,Mga|HTH_11,2.A.123,GH1
GH13_29,4.A.1,GntR,9.A.40,2.A.86
CE9,2.A.58
3.A.1,3.A.1,3.A.1,3.A.1,8.A.49,GH1
4.A.1,GH1
GT2,3.A.7
3.A.1,3.A.1,3.A.1,3.A.1,3.A.1,LacI,GH32,4.A.1
3.A.1,3.A.1,4.A.3,GH1,4.A.3,GntR,2.A.3,3.A.5
4.F.1,3.A.1,3.A.1,3.A.1,CBM50|GH23
CBM50|GH23,1.C.39
2.A.115,CBM68|GH13_14,LacI,3.A.1,3.A.1,3.A.1,GH77,GT35
8.A.3,8.A.3,9.B.18,GT4,GT4,GT2,GT2,2.A.66
1.E.10,GH25
1.A.8,GntR,GH35,4.A.6,4.A.6,4.A.6,4.A.6
3.A.1,3.A.1,3.A.1,Pencillinase_R,3.A.3,HMA,GT51
