2.A.7,CBM50,2.A.3
5.A.3,5.A.3,CE6,1.I.1
GT0|GT2,5.A.3
9.B.33,9.B.33,HATPase_c|HisKA,3.A.1,3.A.1,CBM32
2.A.1,2.A.1,NUDIX,GT51
CE7,1.B.52
3.A.1,HD,2.A.6,ACT,CE4
9.B.142,GT2,GT2
3.A.11,3.A.11,3.A.15,CBM50
9.B.156,9.B.156,GT2
GT28,2.A.103,9.B.146
3.A.1,3.A.1,3.A.1,3.A.1,3.A.1,2.A.115,CE4
3.A.16,GT8
3.A.11,CBM50
2.A.7,CE4,1.C.113
3.A.1,CBM50
2.A.26,Sigma70_r4_2|Sigma70_r2,CBM50,GntR,3.A.1,9.A.11,2.A.1,5.A.1
GT2,9.B.169
3.A.11,GT0
9.B.157,GT26,Sigma70_r2,GT4
3.A.1,3.A.1,3.A.1,GH23
1.A.1,Fer4,PALP,3.A.1,SBP_bac_3,3.A.1,3.A.1,3.A.1,3.A.1,GH23,2.A.107,3.A.1,2.A.103
1.B.52,CBM50
GT28,3.A.1,3.A.1,3.A.1,3.A.1
CBM50,9.B.174
GT2,3.A.1
GT4,9.B.18
GT4,GT4,GT4,9.B.18
