GH2,3.A.1,3.A.1,SBP_bac_1,HTH_AraC,8.A.59,GH154,GH88,3.A.1,3.A.1,SBP_bac_1,8.A.59,HTH_AraC,PL33_1,2.A.66
2.A.45,2.A.17,GH146
2.A.79,GH36,HTH_AraC,HTH_AraC,3.A.1,3.A.1
GH73,3.B.1,2.A.11
GT51,3.A.15
3.A.3,HMA,HTH_5,GH25,2.A.86
4.A.1,GH4,GH1,4.A.1
2.A.2,3.A.1,3.A.1,HTH_AraC,3.A.1,3.A.1,PL17_1,HTH_AraC,8.A.59,3.A.1,3.A.1
3.A.1,3.A.1,3.A.1,3.A.1,3.A.1,GT51
GT5,Spo0A_C|Response_reg,2.A.25,9.B.120
GH3,8.A.5
3.A.3,HTH_AraC,GH1,4.A.1,3.A.1,3.A.1,3.A.1,MerR,2.A.7,HTH_AraC,9.B.33,3.A.1,3.A.1,3.A.1,3.A.1,3.A.1
GH154,GH88,LacI,3.A.1,3.A.1,3.A.1,3.A.1,4.A.2,4.A.2,Mga|HTH_11,4.A.2,NUDIX,3.A.3,3.A.3,3.A.3,HTH_AraC,3.A.1,3.A.1,3.A.1,3.A.1,3.A.1,3.A.1,3.A.1,Trans_reg_C,2.A.21,HTH_AraC,8.A.59,SBP_bac_1,3.A.1,3.A.1,2.A.1
GH105,HTH_AraC,3.A.1,3.A.1,3.A.1,GH28
3.A.1,3.A.1,3.A.1,3.A.1,SIS,8.A.59,HTH_AraC,3.A.1,3.A.1,SBP_bac_1,GH42,2.A.115
GH1,3.A.1,3.A.1,LacI,GH94
9.B.18,GT2,GT2|GT2,GT2
GT4,3.A.1,3.A.1,GT0,GT2,9.B.18
GT2,3.A.1,3.A.1,GT2,GT2
3.A.1,3.A.1,GH3
2.A.1,GH120,4.A.3,GH1,4.A.3
GH1,4.A.3
GH13_39,3.A.16
3.A.1,3.A.1,GH123,2.A.115
GH13_11,3.A.1,2.A.40,GntR,3.A.1,3.A.1,3.A.1
CBM67|GH78,GH127,GH42,8.A.59,HTH_AraC,SBP_bac_1,3.A.1,3.A.1,GH140
3.A.1,3.A.1,3.A.1,GH154,GH88,GH105,GGDEF,3.A.1,3.A.1
3.A.1,3.A.1,3.A.1,GH127,SBP_bac_1,3.A.1,3.A.1,LacI,GH51
3.A.1,3.A.1,3.A.1,GT0
2.A.66,2.A.5,GntR,3.A.1,3.A.1,GH88,PL12_1,2.A.11,GH2,HTH_AraC,3.A.2,3.A.2,3.A.2,3.A.2,3.A.2
3.A.2,3.A.2,3.A.2,HTH_6,SIS,4.A.1,GH170
4.A.3,4.A.3,4.A.3,GH1,Mga|HTH_11,3.A.1
GH2,3.A.1,3.A.1,3.A.1
PL38,3.A.1,3.A.1,3.A.1,3.A.1
3.A.1,3.A.1,3.A.1,CE9
GH77,3.A.1,3.A.1,3.A.1,1.A.23,CBM48|GH13_9
CBM50,3.A.1,3.A.1
3.A.1,3.A.1,GH18
2.A.107,GH13_29,4.A.1
9.B.34,HTH_3,CE4
3.A.1,3.A.1,SBP_bac_1,8.A.59,HTH_AraC,GH105,GntR,2.A.11
9.B.156,GT28,Sigma70_r4_2|Sigma70_r2,9.B.104
3.D.6,3.D.6,3.D.6,3.D.6,3.D.6,3.D.6,3.A.1,3.A.1,MarR,GH18,9.B.34
2.A.14,GntR,3.B.1,GH38,4.A.2,4.A.2,4.A.2
3.A.1,3.A.1,8.A.59,HTH_AraC,GH88,GH31,GH43_24,GH43_11
