2.A.3,3.A.23,3.A.1,3.A.1,GT2,GT0
8.A.7,8.A.8,GT2,2.A.118
2.A.66,2.A.66,GT81
GH1,4.A.3,4.A.3,4.A.3,GH4,GH13_39,3.A.16
2.A.66,GH77,4.A.1
GT28,Sigma70_r2|Sigma70_r4_2,9.B.104
2.A.107,GT51
CE9,HTH_1,2.A.47
3.A.1,3.A.1,3.A.1,HTH_AraC,9.B.33,GH32,4.A.1,GH36
GH1,4.A.1,4.A.1,2.A.26,2.A.58
3.A.1,3.A.1,GH1,4.A.1,GH1,9.A.8
GH13_29,4.A.1
2.A.7,2.A.118,3.A.3,GH13_11,3.A.1,3.A.7,3.A.1
3.A.1,3.A.1,3.A.1,3.A.1,2.A.115,GH129
4.A.1,GH13_29
3.A.1,3.A.1,3.A.1,3.A.1,3.A.1,GH165
GH0,GntR,3.A.1,3.A.1,3.A.1
CE4,AAA,3.A.6
GH77,1.A.23,CBM48|GH13_9
GH3,3.D.1,3.A.5,2.A.49,2.A.49,2.A.28
4.A.1,GH32,GH18,2.A.45
9.B.158,GH170
GT2,3.A.1,3.A.1
2.A.36,3.A.1,3.A.1,3.A.1,FMN_bind_2,GT51
CBM50,1.C.113,2.A.86
