4.A.1,GH170
3.A.3,1.I.1,Fer4,4.A.1,4.A.1,GH4
GH13_20,2.A.1,9.A.8,2.A.3
4.A.1,GH1,HTH_AraC,GH106
GH140,4.A.1
GH1,4.A.1
9.B.97,2.A.55,CBS,CE4
9.B.144,GT2,GT81,3.A.1,3.A.1,9.B.97
4.A.3,LacI,4.A.3,GH1
CE9,SIS,GntR,4.A.6,4.A.6,4.A.6,4.A.6
GT2,2.A.66,GT2
GT4,3.A.1,3.A.1,3.A.1,3.A.1,3.A.1,3.A.1,3.A.1
GH2,2.A.3,PTS-HPr,FeoA,9.A.8,9.A.8
3.A.1,3.A.1,GntR,GH4,4.A.1
GT28,2.A.103,9.B.146
4.A.3,4.A.3,GH1,8.A.8
3.A.1,HTH_6,GH4,4.A.1,2.A.1
2.A.66,3.A.1,3.A.1,3.A.1,3.A.1,CE7
2.A.66,GT4,GT2,9.B.18
4.A.1,GntR,3.A.1,3.A.1,3.A.1,3.A.1,GT35,GH77
4.A.1,GH1,2.A.7
