2.A.80,Pyr_redox,CBM48|GH13_11,2.A.21
1.B.14,3.A.1,3.A.1,3.A.1,3.A.1,3.A.1,3.A.1,GntR,2.A.56,2.A.80,4.C.1,9.B.34,GT104,HTH_1,1.E.14,2.A.122,2.A.28
2.A.80,2.A.80,HTH_1,GT2,GT83
GT4,GT9,GT2,GT9,GT4,3.A.1,GT2
GH31,3.A.15,2.A.80
GT83,GT2,2.A.6,2.A.6,1.B.17,2.A.4,3.A.3
GH23,HTH_8,2.A.21,2.A.23
1.A.35,GerE,5.A.1,3.A.1,PAS,AA3_2,DctP,2.A.56
2.A.1,GH3,2.A.80
AA3_2,Glyoxalase,3.A.1
8.A.5,GT4,2.A.80
2.A.80,HTH_1,1.E.40,GH23,3.A.1,HTH_1,2.A.80
2.A.1,2.A.1,GT5,GH13_3,GH13_16,CBM48|GH13_9,CBM48|GH13_11,GH13_10,GH77,GH13_26,2.A.40
GT51,2.A.49,1.A.30
GH13_23,GH13_16,3.A.1,3.A.1,3.A.1,3.A.1
GH148,GT2,GT2,CE4,9.B.97
GT26,9.B.18
GT2,4.D.3,GH8,1.B.55
GT73,GT9,2.A.1
1.A.14,CBM50
GH8,4.D.3,GT2
GH3,4.F.1,2.A.1
CE4,9.B.35
3.A.6,GT83,2.A.66,9.B.1
3.A.1,GT9,3.A.1,GT9,GT9,GT4
1.I.1,GT2
2.A.80,Fer4,CBM50,9.B.27
9.B.18,9.B.18,Aminotran_1_2,GT4,GT0,9.B.18
GT51,1.A.26
GT28,2.A.103,9.B.146
