GT4,2.A.66,9.B.18,GT4
GT2,GT4,GT2,8.A.3,1.B.18,2.A.109,9.B.22,9.B.34
9.B.33,MerR,3.A.1,3.A.1,3.A.1,3.A.1,GH3
9.B.29,9.B.27,1.B.17,GH1,4.A.1
2.A.40,Pribosyltran,GH1
5.A.3,5.A.3,GT51,4.A.1,GH4
GH23,4.A.1
GT2,GT83,2.A.7,2.A.7,2.A.86,2.A.1,2.A.88,2.A.95,CBM48|GH13_9,CBM48|GH13_11,GT5,GT35,Rhodanese,9.B.104,HTH_DeoR,GerE,GT35,GH77,2.A.8
GH5,2.A.1,2.A.7
2.A.2,GH31,2.A.40,2.A.27
GT4,GT2,1.A.34
GH13_19,GH73,HTH_AraC,3.A.1,3.A.1,3.A.1
GH13_18,3.A.1,3.A.1,3.A.1
GH65,3.A.1,1.B.21
3.A.1,GT35,STAS,9.B.34,9.B.34,1.B.52,1.A.35,3.A.18
1.B.3,4.A.1,GH32
GH13_10,GH13_26,CBM48|GH13_11,9.B.211,2.A.1
2.A.1,GH36,LacI,HTH_3,2.A.78,2.A.78,5.A.3,5.A.3,5.A.3,5.A.3,1.B.20
2.A.81,GntR,4.A.1,GH4
4.A.2,GH38,4.A.2,HTH_6,GH13_29,4.A.1,LacI,3.A.3,GH20,AA10|CBM73
3.A.1,3.A.1,3.A.1,3.A.1,3.A.1,2.A.19,SIS|CBS,1.B.42,1.B.42,1.B.42,4.A.2,8.A.8,GT51,HATPase_c|HisKA|Response_reg|PAS,1.B.42,1.B.42
3.A.1,3.A.1,CBM50
1.C.113,HTH_6,GH1
GH23,2.A.1
1.M.1,GH24,1.E.2
2.A.86,GH3,2.A.2,8.A.7,1.B.14,3.A.1,3.A.1,3.A.1
GH4,HTH_AraC,4.A.3,4.A.3,4.A.3
2.A.13,3.A.1,3.A.1,3.A.1,GT20
3.A.1,3.A.1,3.A.1,CBM50
2.A.36,GH23,1.E.43,1.B.14,GH37,HTH_AraC,2.A.1
3.A.1,3.A.1,3.A.1,GH103,4.A.4,4.A.4,4.A.4
2.A.52,5.A.3,LacI,4.A.1,GH1,3.D.1,3.D.1,3.D.1,3.D.1,3.D.1,3.D.1
2.A.1,Sigma70_r4|Sigma70_r3|Sigma70_r2,CBM50
GH102,3.A.7
2.A.53,3.A.1,3.A.1,CE4
GT51,1.B.11,1.B.14,3.A.1,3.A.1,3.A.1,2.A.49,1.A.62,3.A.1
2.A.26,2.A.3,CBM34|GH13_21
2.A.115,LacI,GH2,2.A.113
9.B.146,2.A.103,GT28
CE11,3.A.5
9.B.125,GH43_26,2.A.2,2.A.3
CE4,GntR,2.A.39,9.B.35
GH19|CBM73,GH23,GH18,3.A.15,3.A.15,3.A.15,3.A.15,3.A.15,3.A.15,3.A.15,3.A.15,1.B.22
1.M.1,GH24
CE9,4.A.1,1.B.25
4.A.2,GH38,3.D.4,3.D.4,9.B.85,8.A.79,1.A.30,1.A.30,2.C.1,2.C.1,2.C.1,2.C.1,4.B.1,2.A.4
3.A.6,3.A.6,3.A.6,GH13_5
2.A.23,EAL|GGDEF,1.B.55,GH8,4.D.3,GT2
2.A.40,2.A.36,HTH_1,1.E.14,2.A.122,2.A.21,9.B.136,GT2,2.A.23,3.D.1,3.D.1
3.A.1,3.A.1,3.A.1,GT4,9.A.40
3.A.1,3.A.1,3.A.1,3.A.1,3.A.1,GT2,CE4|GH153|GH153,1.B.55,GerE,9.B.120
GH1,4.A.3,GntR,3.A.1,GH31,2.A.1
3.A.1,GH23
1.I.1,3.A.6,9.B.146,GT0
2.A.66,GT56,9.B.128,GT26,2.A.3
AA3_2,2.A.15
3.A.7,3.A.7,1.E.43,1.E.56,GH24,1.M.1,GT2
GH5_13,2.A.2
2.A.1,GH73
2.A.1,GT2
2.A.40,2.A.7,AA6
2.A.2,GH31
GH23,2.A.1,2.A.1
