3.A.12,GH88,8.A.5,2.A.22,SpoVT_AbrB,2.A.6,2.A.6
4.D.2,GT26
2.A.7,CE4
9.B.146,2.A.103,GT28
GH42,HD,2.A.4
GH88,GH88,2.A.37,9.B.149
9.B.174,GT51
GT4,9.B.67,2.A.66
PL21|CBM32,3.B.1,3.B.1,3.B.1,3.B.1
1.A.33,GH31
9.B.126,GH37,GH164,2.A.66
9.B.70,9.B.70,9.B.70,9.B.70,9.B.70,PL21|CBM32
GH30_1,FUR,3.A.1,3.A.1,3.A.1
GH38,HTH_AraC,PL35|CBM32,CE4,3.A.1,3.B.1
3.A.9,GH3
GH151,4.C.1
3.A.3,PL33_2,3.A.1,3.A.1
3.A.16,CE9
2.A.36,2.A.107,3.A.1,3.A.1,PL21
1.C.109,GH39,2.A.87
1.A.22,HTH_AraC,GH4
GT2,Peptidase_M23,4.A.2,Aminotran_1_2,9.B.146,GT0,3.A.2,3.A.2,3.A.2,3.A.2,3.A.2,3.A.2
2.A.21,4.F.1,GT2,GT2
3.A.1,HTH_AraC,PL8
