9.B.18,GT2,GT2,GT2|GT2,GT2,3.A.1,3.A.1,GH25,GH25
GT4,9.B.18,Aminotran_1_2,9.B.18
2.A.50,GT2
GT2,3.A.1,GT100,GT2,GT4,GT4,GT2
9.B.18,GT2
9.B.28,3.A.1,3.A.1,8.A.59,GH31
2.A.6,GT51,1.A.26,3.A.1,3.A.1
GH10,3.A.11
2.A.40,CE2,2.A.25
3.D.6,3.D.6,3.D.6,3.D.6,3.D.6,3.D.6,GH25
3.A.1,CE4
CBM48|GH13_9,1.A.23,3.A.1
GH51,3.A.1,3.A.1
4.A.1,4.A.1,CE9,8.A.7
2.A.2,GH3
3.A.16,GH13_39
2.A.122,1.E.14,HTH_AraC,GH31,3.A.16
GH13,TetR_N,GH77,GT35,3.A.1,3.A.1,3.A.1,SBP_bac_1,8.A.59,HTH_AraC,2.A.66
1.A.23,GH26,GT1,3.A.1,3.A.1,TetR_N,GH13_20
2.A.21,8.A.59,3.A.1,3.A.1,2.A.107,3.A.1,3.A.1,3.A.1,HTH_AraC,9.B.33,GH3
3.A.1,SBP_bac_1,3.A.1,GntR,GH38
GH2,2.A.40
2.A.66,HTH_AraC,GH5_37,GH16_3|CBM4|CBM4
2.A.88,dCache_1|MCPsignal,GH36
2.A.79,SpoVT_AbrB,9.B.34,GT35
3.A.1,3.A.1,3.A.1,2.A.115,GT2
3.A.1,3.A.1,HTH_AraC,GH36
GH43_35,2.A.66
GH3,2.A.66
2.A.1,AAA,CE4,3.A.9,2.A.25
2.A.86,GH51
2.A.38,2.A.38,GH2,GH26,CBM35|GH26,SBP_bac_1,3.A.1,3.A.1
3.A.1,GH130,CE2,LacI,GH130,CE17|CBM35inCE17,GH94,Trans_reg_C,HATPase_c|HisKA|PAS,2.A.58,1.A.16
GT28,8.A.59
GH5_4,2.A.66
1.E.43,GH3,CYTH,GH77,GT35,2.A.66
CE4,GH1,4.A.1,4.A.1,GH1,8.A.7,9.B.34
1.B.52,3.A.1,3.A.1,GH94,3.B.1
3.A.1,GH31
