1.A.22,9.B.18,GT4,GT4
2.A.103,GH94
3.A.5,Sigma70_r4,GH5_4
PL1_2|CBM6,Pkinase,2.A.50,3.A.1
2.A.58,9.B.34,8.A.59,GH9|CBM79|CBM79,GH9
9.B.149,CE12|CBM13|CBM35|CE12
GT4,2.A.66
GT28,2.A.103,9.B.146
9.B.18,GT4
CBM4|GH9,GH48,3.A.1
GH10|CBM22|CE1,GH18,GntR,3.A.1,GH3
3.A.1,GH5_4
GH9|CBM3,3.A.1
3.A.1,3.A.1,GT4,GT4,GT2,GT4,9.B.102,HTH_11,3.A.3
1.C.82,CBM4|GH9,GH9|CBM3,4.C.1
9.A.11,Spo0A_C,GH13_20
2.A.66,9.B.31,GH5_1
2.A.19,2.A.45,2.A.115,HTH_AraC,GH10|CBM22|CE4
GH3,3.A.1,3.A.18
3.A.16,CBM35|GH26
2.A.66,CBM22|CE17
CBM4|GH9,FHA,2.A.103
GH43_10|CBM22,3.A.1
