GT2,3.A.15
GT28,2.A.21
2.A.37,CE4,2.A.66,GH39,1.A.8,3.A.1
9.A.11,CE4,3.A.18
GH18,CE9,GntR,4.A.1,4.A.1,2.A.66
CBM50,1.E.19
GH4,4.A.3,TrmB,4.A.3,4.A.3,GH170,GT2
2.A.66,3.A.1,3.A.1,3.A.1,MerR,CBM12,2.A.21,Trans_reg_C,3.A.1,3.A.1,3.A.1,9.A.11
2.A.36,HATPase_c,4.A.1,GH13_29
2.A.17,GH18|CBM12,2.A.3,2.A.120
4.A.1,GH13_31
5.A.1,MCPsignal,GT2
2.A.3,2.A.3,CBM50
4.A.1,CBM50
2.A.6,9.B.74,CE4
9.B.34,GH18
3.A.1,3.A.1,3.A.1,3.A.1,GH18|CBM5
3.A.1,2.A.85,GT4
GT51,9.A.11,9.A.11
CE4,GT26,9.B.18,2.A.66,GT4
9.B.18,GH73
2.A.7,GT4
CE4,9.B.156,9.B.156
3.A.1,9.B.146,GT0,3.A.2,3.A.2,3.A.2,3.A.2,3.A.2,3.A.2,3.A.2
