GH36,2.A.1,HTH_AraC,HTH_6,4.A.1,GH1
4.A.3,4.A.3,4.A.3,GH1,9.B.120
1.C.105,GH25
GH33,3.A.3
GH23,3.A.1
4.A.1,GH1,4.A.1,GH1
3.A.1,3.A.1,3.A.1,NUDIX,3.A.1,3.A.1,3.A.1,LacI,GH77,GT35,3.A.1,3.A.1,Aminotran_1_2,3.A.1,1.A.22
GT4,GT2,3.A.1,GT2,GT0,9.B.142,GT2,GH25
4.A.2,8.A.5,GH73
CE4,ACT,2.A.7
GH1,2.A.123
3.A.1,2.A.2,PfkB,GH2
GH79,GH3,GH3,GntR,3.A.1
GH1,4.A.3,4.A.3,GH13_5,3.A.1,3.A.1,GH23
3.A.1,GH1,2.A.1
GH1,2.A.25,2.A.4,SBP_bac_3,3.A.1,3.A.1
3.A.1,3.A.1,MarR,GH23
GH25,1.E.11
GH38,4.A.2,4.A.2
GH35,4.A.6,4.A.6,4.A.6,4.A.6,CE9
3.A.1,GH73,3.A.1
4.A.6,4.A.6,4.A.6,GH13_31,HTH_6,2.A.3,3.A.1,3.A.1,3.A.1,3.A.1,MarR,3.A.1,3.A.1,HTH_6,4.A.1
8.A.3,8.A.3,9.B.18,GT8,GT2
GT2,2.A.66
2.A.9,LacI,GH32,2.A.1,HD,1.A.14
GH92,GntR,GH125,GH38,3.A.1,3.A.1,SBP_bac_1,GH13_31,GH85|CBM32,9.B.28,GH1
3.A.1,3.A.1,GT51
4.A.3,GH1,4.A.3
CE7,HTH_6,4.A.1,GH1,2.A.102
4.A.5,GH1,4.A.3,4.A.3,GH53,CBM61,HTH_AraC,GH36,3.A.1,3.A.1,3.A.1,GH13_18,GH13_31
3.A.1,3.A.1,3.A.1,GH29,GH36,Glucokinase,HTH_AraC,2.A.2,GH78
GH13_29,4.A.1
GH73,HTH_11,1.A.33
4.A.1,GH32
GH32,4.A.1
2.A.1,GH23
