2.A.86,GH3,2.A.2,8.A.7
GH4,HTH_AraC,4.A.3,4.A.3,4.A.3
GH24,1.E.1
2.A.1,GH73
2.A.1,GT2
2.A.40,2.A.7,AA6
1.A.26,LacI,1.B.3,4.A.1,GH42,GH53,3.A.1,3.A.1,3.A.1,3.A.1,3.A.1,3.A.1,3.A.1
CE4,GntR,2.A.39
2.A.2,GH43_11
GH19|CBM73,GH23,GH18,3.A.15,3.A.15,3.A.15,3.A.15,3.A.15,3.A.15,3.A.15,1.B.22
2.A.1,GH31,3.A.1,GntR,4.A.3,GH1,8.A.5,1.B.17,2.A.1,8.A.1,2.A.45
CE8,3.A.1,3.A.1,3.A.1,2.A.6,HTH_1,3.A.1
2.A.4,4.B.1,2.C.1,2.C.1,2.C.1,2.C.1,1.A.30,1.A.30,8.A.79,9.B.85,3.D.4,3.D.4,GH38,4.A.2
2.A.1,HTH_AraC,1.B.15,GH37,1.B.14,1.E.43,GH23,2.A.36
CBM50,3.A.1,3.A.1,3.A.1
9.B.158,GH105,2.A.2,3.A.6,3.A.6,1.B.11
GT20,3.A.1,3.A.1,3.A.1,2.A.13
GH13_5,3.A.6,3.A.6,3.A.6
1.M.1,GH24
9.B.18,GT4,GT4,GT4,GT4
GT4,2.A.66,9.B.18,GT4
GT2,GT4,GT2,8.A.3,1.B.18,2.A.109,9.B.22,9.B.34,AlkA_N|HhH-GPD,8.A.1,2.A.6,2.A.6,2.A.1
GT51,1.B.11,1.B.14,3.A.1,3.A.1,3.A.1,2.A.49,1.A.62,3.A.1
3.A.1,3.A.1,3.A.1,3.A.1,2.A.1,GH36,LacI,HTH_3,2.A.78,2.A.78,1.B.11
GH31,2.A.2,2.A.2,1.B.35
2.A.81,GntR,4.A.1,GH4,9.B.51,PALP,2.A.8,HTH_1,GH5,2.A.1,2.A.7
2.A.1,2.A.7,4.A.3,GH1,4.A.3,4.A.3,LacI,2.A.6,2.A.6,2.A.6
2.A.2,GH31,2.A.40,2.A.27
GT4,1.A.34
3.A.18,3.A.6,9.B.146,GT0
2.A.66,GT56,9.B.128,GT26,2.A.3
2.A.26,2.A.3,CBM34|GH13_21
2.A.115,LacI,GH2,2.A.113
3.A.1,3.A.1,3.A.1,3.A.1,SBP_bac_5,AA3_2,2.A.15,HTH_3,3.A.1,3.A.1,3.A.1,3.A.1,1.B.14
9.B.33,MerR,3.A.1,3.A.1,3.A.1,3.A.1,GH3
9.B.29,9.B.27,1.B.17,GH1,4.A.1
2.A.40,Pribosyltran,GH1
GH19,1.E.56,9.B.97
GT51,4.A.1,GH4
GH23,4.A.1
CBM5,2.A.99
GH154,2.A.1,GH88
GT2,CE4|GH153|GH153,1.B.55,GerE,1.B.12
5.A.1,GH1
CBM50,Trans_reg_C,8.A.59,1.B.11,1.B.9,cNMP_binding,1.B.6
GH13_16,3.D.4
2.A.117,HTH_1,1.B.35,PL22|PL22,2.A.1,LacI,2.A.1,GH32,3.A.1,3.A.1,3.A.1,3.A.1
4.A.3,GH1
3.A.7,GH102
2.A.6,2.A.6,1.B.17,Trans_reg_C,2.A.21,HTH_1,2.A.1,9.B.211,CBM48|GH13_11,GH13_26,GH13_10
GH32,4.A.1,1.B.3
1.B.1,GT17
1.M.1,GH24,1.E.1
2.A.2,GH5_13
GH43_11,2.A.2
AA10|CBM73,GH20,3.A.3,LacI,4.A.1,GH13_29
3.A.1,3.A.1,3.A.1,GH103,4.A.4,4.A.4,4.A.4
2.A.52,5.A.3,LacI,4.A.1,GH1,3.D.1,3.D.1,3.D.1,3.D.1,3.D.1,3.D.1
2.A.1,Sigma70_r2|Sigma70_r4|Sigma70_r3,CBM50
1.B.42,1.B.42,PAS|HisKA|Response_reg|HATPase_c,GT51,8.A.8,4.A.2,1.B.42,1.B.42,1.B.42,CBS|SIS,2.A.19,3.A.1,3.A.1,3.A.1,3.A.1,3.A.1
3.A.1,GH23
9.B.146,2.A.103,GT28
CE11,3.A.5
3.A.15,3.A.15,3.A.15,9.B.125,GH43_26,2.A.2,2.A.3
3.A.1,3.A.1,GT4
GT2,GT83,2.A.7,2.A.7
GH13_18,3.A.1,3.A.1,3.A.1
GH65,3.A.1,1.B.21
3.D.1,3.D.1,2.A.23,GT2,9.B.136,2.A.21,2.A.122,1.E.14,HTH_1,2.A.36,2.A.40
2.A.8,GT35,GerE,HTH_DeoR,9.B.104,Rhodanese,Pyr_redox_2,GT35,GT5,CBM48|GH13_11,CBM48|GH13_9
3.A.1,3.A.1,3.A.1,HTH_AraC,GH73,GH13_19,Aminotran_1_2,5.A.3
1.B.25,4.A.1,CE9
9.A.40,GT4,3.A.1,3.A.1,3.A.1
2.A.23,GGDEF|EAL,1.B.55,GH8,4.D.3,GT2
2.A.1,GH23
