GH20,2.A.49
GH37,2.A.1
2.A.109,HTH_3,GH65
GT4,2.A.16,CBS|SIS,2.A.64
GH73,2.A.50
1.B.14,3.A.2,GH29,GH2
GT51,9.B.33,LytTR,1.B.14,8.A.46,3.A.1
3.A.1,CBM32
1.B.14,GH29|CBM32
1.I.1,GT14,2.A.19
1.B.14,GH31,GH3
GT2,1.B.14
9.B.144,GT4
GT5,1.C.105
9.B.146,GT4,GT4,GT2,GT2,GT4,GT2
GH3,GH144,1.B.14
GH95,9.A.40,3.A.2,3.A.2
3.D.1,3.D.1,3.D.9,3.D.1,3.D.1,3.D.1,3.D.1,3.D.1,3.D.1,3.D.1,3.D.1,3.D.1,3.D.1,3.D.1,GH18,GH18
3.A.1,GH19
GT1,CBM20|GH77,3.D.1
3.D.10,3.D.10,3.D.10,3.A.11,GT19
3.A.1,1.B.14,HATPase_c|HisKA,Trans_reg_C,CE14
1.A.30,GT30
GT9,3.A.9
GT28,2.A.103,9.B.146
2.A.53,2.A.53,GH97
3.A.1,GerE,GH63
1.B.13,GH16_3
9.B.145,CBM32
1.A.35,GH92,HTH_1,2.A.1,8.A.5
2.A.7,MarR,GT2
1.B.14,8.A.46,GH63,GH97
GH31|CBM32,3.A.1
GH16,4.C.1,GH5_46|CBM6,HTH_AraC,8.A.1
GH130,2.A.2
GH130,1.A.14,1.B.14,8.A.46
1.B.14,2.A.17,2.A.17,2.A.17,GH29,GH2,9.B.158
9.B.32,8.A.1,2.A.6,GH20,GH123,2.A.1
GH3,2.A.21
GH88,GH20,3.A.1,3.A.1,3.A.1,2.A.6,2.A.6,2.A.6
3.A.7,3.A.1,3.A.1,3.A.1,PALP,2.A.102,GH171,9.B.171
