9.B.143,4.A.1,GH1
GH4,4.A.1,4.A.1,1.I.1
GH170,4.A.1
2.A.66,3.A.1,3.A.1,3.A.1,3.A.1,CE7
3.A.1,3.A.1,3.A.1,3.A.1,3.A.1,GAF|SpoIIE,STAS,GH13_30
9.B.146,2.A.103,GT28
3.A.1,3.A.1,3.A.1,3.A.1,3.A.1,3.A.1,3.A.1,GT4
3.A.1,3.A.1,GT81
4.A.1,GH32
9.B.18,GT4,GT0,GT2
4.A.1,GntR,CE9,GH35,4.A.6,4.A.6,4.A.6,4.A.6,GntR,SIS,CE9
GH1,4.A.3,LacI,4.A.3,GH1,LacI,GH1,4.A.3,LacI,4.A.3
GH4,4.A.1
GH2,2.A.3,PTS-HPr,FeoA,9.A.8,9.A.8
9.B.18,GT4,GT4
GH32,4.A.1,GH32
9.B.18,GT4,GT4
GT32,2.A.66
CE4,CBS,2.A.55,9.B.97
4.A.1,GntR,3.A.1,3.A.1,3.A.1,3.A.1,GT35,GH77
GH13_20,2.A.1,9.A.8
