8.A.42,GH23,3.A.7
GH94,3.A.1
3.A.1,3.A.1,3.A.1,GH106
9.B.18,GT0
GT2,9.B.18
8.A.3,GH43_12
GH10,2.A.50,3.A.1
PL33_1,3.A.1,3.A.1,SBP_bac_1,HTH_AraC,CBM67|GH78
GT28,2.A.86
GT2,2.A.66,GT2,9.B.18
GT2,2.A.86,3.A.1,8.A.5
8.A.5,GH13_14,3.A.1,3.A.1
2.A.16,GH13_18,3.A.1,3.A.1,GH32
9.A.5,HTH_AraC,GH2,2.A.2
3.A.1,3.A.1,CBM67|GH78,3.A.1
2.A.40,CE4
GH23,3.A.7
GT4,9.B.183,GT4,GT2
GH36,3.A.1,3.A.1
2.A.22,GT4
3.A.1,3.A.1,GT4,8.A.59,HTH_AraC,3.A.1,3.A.1
9.B.67,GH39
GT32,2.A.66
2.A.66,GH151
GH42,4.C.1
2.A.115,GH29
1.A.23,3.A.2,3.A.2,3.A.2,3.A.2,3.A.2,3.A.2,1.A.77,GH13_20,9.A.8,9.A.8
CBM67|GH78,3.A.1
1.A.26,GT2,GH36
CBM67|GH78,4.C.1
GH2,2.A.86,3.A.1,3.A.1
3.A.1,3.A.1,SBP_bac_1,CE14
GH31,3.A.1,3.A.1
2.A.87,CE4
GH151,9.A.8
3.A.3,3.A.3,3.A.3,HATPase_c|HisKA,Trans_reg_C,GH3,1.A.22
8.A.43,GH156
GH95,3.A.1,3.A.1,3.A.1,3.A.1,3.A.1
GT28,CE4,4.D.2
2.A.66,HTH_AraC,GH31
8.A.59,HTH_AraC,GH95,3.A.1
3.A.1,3.A.1,GH29,2.A.66
GT28,3.D.1
3.A.1,GT4
3.A.1,3.A.1,GH95
9.A.40,GH2,2.A.6
GH109,3.A.1,3.A.1
2.A.5,HTH_5,GH141
9.A.11,9.A.11,9.A.11,9.A.11,9.A.11,GH38,GT51
4.D.1,GT4
CBM67|GH78,3.A.1,3.A.1,3.A.1
3.A.1,CBM67|GH78
3.A.1,3.A.1,3.A.1,PL12,3.A.1,3.A.1,HTH_AraC,GH106,CBM67|GH78
2.A.66,GH29
GH2,2.A.66,2.A.66,HTH_AraC,GH4
3.A.1,3.A.1,GH27,2.A.5
GH94,3.A.1,3.A.1
