1.B.42,3.A.1,3.A.1,3.A.1,GT4,9.A.40
CE9,4.A.1,FUR,9.B.10,2.A.114
2.A.21,LacI,GH13_5,2.A.1
GH19,1.B.12,3.A.1,3.A.1,3.A.1,3.A.1
CBM50,3.A.1,3.A.1,3.A.1,2.A.81,3.A.1
2.A.23,GGDEF|EAL,1.B.55,GH8,4.D.3,GT2
1.A.34,GT9,GT9,GT30
GT2,3.A.6
GH103,9.B.34,2.A.6
GT2,2.A.6
2.A.121,GT4
3.A.1,3.A.1,SBP_bac_1,GT51,2.A.49
GH24,1.E.5
GH20,1.B.25
3.A.5,CE11
GT28,2.A.103,9.B.146
GH23,3.A.1
2.A.21,GerE,9.B.34,3.A.5,GH25
3.A.7,1.B.12,2.A.8,2.A.50,GH73,4.C.1
3.A.1,3.A.1,LacI,2.A.80,GH33
CBM50,Sigma70_r3|Sigma70_r4|Sigma70_r2,1.B.14
AA7,2.A.37,2.A.1,3.A.3,2.A.61
2.A.11,HTH_1,2.A.111,2.A.95,GT73,GT8,GT4,GT4,GT9
GT51,2.A.1,1.A.34,2.A.21,HTH_8,2.A.109
2.A.21,9.B.136,GT2,2.A.23,TetR_N,2.A.66,GAF|GGDEF|PAS,9.B.34
1.I.1,3.A.6,9.B.146,GT0
2.A.66,GT56,9.B.128,GT26,2.A.23
3.A.1,3.A.1,GH5_28,GH5_28,2.A.10
GT21,GT1,2.A.114
