GH31,PL1_2,1.B.14
GH13_8,3.A.1
GH133,GT4,GH57,3.A.2,3.A.2,3.A.2
3.A.1,PL42,GH16_3,CBM32,1.B.14,1.B.14,HTH_AraC,2.A.40
9.B.14,GT2
2.A.21,GH28
GH127,GH141,2.A.1,GH78,GH138,GH137|GH2|CBM57,GH2,GH2,GH106,GH139
GT5,3.B.1,3.B.1,3.B.1
1.B.14,GT2
GT2,2.A.1,2.A.50
GH2,2.A.16
GT51,HD,1.B.42
CE12|CE12,HTH_AraC,GH29,2.A.95
2.A.17,CBM50,3.A.10,GH43_18
GH43_9,1.B.14
GH109,2.A.1,GH105,CE8,GH33
GH2,3.A.12
GH141,GH31,B12-binding_2|B12-binding,2.A.21
PL1_2,2.A.115
CE1,1.B.14
GT83,2.A.123,GT2
GH28,2.A.40,9.A.40
GH43_18,GH143|GH142,CBM67|GH78,CE19,GH95,GH140,CBM67|GH78|GH33,2.A.6,2.A.6,2.A.6,GT1
1.B.14,8.A.46,GH43_10|GH28,2.A.66
GT2,3.D.1
1.B.14,GH105
CE4,3.A.1
1.B.14,FecR,GH43_7|GH43_7,CE1,HTH_AraC,1.B.14,GH43_29,GH9,GH43_2
GT28,2.A.103,9.B.146
2.A.2,GH10,GH43_1,GH67
3.B.1,GH43_10,GH28
2.A.6,2.A.6,GH31
GT94,PL11_1,PL11_1,1.B.14
GT30,1.B.14
1.B.14,GH97,GT51
3.D.10,1.B.14,GH28,FecR,1.B.14
2.A.16,2.A.9,GH2,GH28,GH106,HTH_AraC,GH28,GH105,GH105
GH32,2.A.1
GH8,2.A.115
GH51,1.B.48,GT2
PL1_2,8.A.46,1.B.14
1.B.14,1.B.14,GH43_12
2.A.107,GT2
1.A.34,MerR,HD,GH23
2.A.81,GH2
GH10,1.B.14,1.B.14
3.A.1,GT2,GT4,GT2,GT2,GT2
8.A.46,1.B.14,GH97,GH13,2.A.2
GH3,GH2,GH31,CE12|CE8,2.A.40,2.A.7
GH97,1.A.33
