3.A.1,3.A.1,3.A.1,3.A.1,GH32
CBM51|GH98,CBM51|GH98|CBM32,SBP_bac_1,3.A.1,3.A.1,GH29,SIS,GH4
3.A.1,3.A.1,GH63,3.A.9
GH43_12,Peripla_BP_2,3.A.1,3.A.1,3.A.1,9.A.40
GH36,3.A.1,3.A.1
3.A.1,3.A.1,3.A.1,3.A.1,MarR,GH95,SBP_bac_1,3.A.1,3.A.1,9.B.33,HTH_AraC,GH42,HTH_AraC,3.A.1,3.A.1
9.B.174,Sigma70_r2|Sigma70_r3,GH2|CBM71|CBM71,9.A.40,3.A.6
8.A.59,HTH_AraC,3.A.1,3.A.1,3.A.1,GH88
GT2,3.A.1,3.A.1,3.A.1,HATPase_c,HTH_AraC,3.A.1,3.A.1,LytTR,3.A.1,3.A.1,3.A.1
3.A.1,8.A.59,3.A.1,3.A.1,SBP_bac_1,GH88,GH154
2.A.37,TetR_N,3.A.1,3.A.1,3.A.1,HTH_AraC,GH106
CBM32|CBM32|CBM32,GH136,GH65,3.A.1,3.A.1,3.A.1,8.A.59
8.A.59,GH38,GH125
3.A.1,3.A.1,GH29
CBM67|GH78,HTH_5,SBP_bac_1,3.A.1,3.A.1,GH2,SBP_bac_1,3.A.1,3.A.1,9.B.33,HTH_AraC,GH106,1.A.33,3.A.7,3.A.11
GH151,SBP_bac_1,3.A.1,3.A.1,GH106
8.A.59,3.A.1,3.A.1,3.A.1,GH36
4.A.1,GH13_29
GH25|CBM50,2.A.23
9.B.34,9.B.18,GT4,GT4,2.A.66
9.B.33,3.A.1,3.A.1,SBP_bac_1,GH95
9.A.47,GH23,3.A.7
8.A.59,3.A.1,3.A.1,SBP_bac_1,GH141,GH0
3.A.3,GH1,2.A.2,AraC_binding,9.A.28
3.A.1,3.A.1,GH4
3.A.1,3.A.1,GH38
GH94,8.A.59,SBP_bac_1,3.A.1,3.A.1
GH42,GH106,CBM67|GH78,SBP_bac_1,3.A.1,3.A.1,8.A.59
GH29,8.A.5,HTH_AraC,3.A.1,3.A.1,3.A.1,3.A.1,3.A.1,3.A.1,3.A.1,3.A.1,HTH_AraC,HTH_AraC,8.A.59,CBM67|GH78,CBM67|GH78,CBM67|GH78,CBM67|CBM67|GH78|CBM32
9.B.33,SBP_bac_1,3.A.1,3.A.1,GH38
8.A.59,3.A.1,3.A.1,3.A.1,Peripla_BP_1,GH38
GH3,HTH_AraC,8.A.59,3.A.1,3.A.1,3.A.1,CBM34|GH13_39,3.A.16
3.A.1,SBP_bac_3,4.C.1,3.A.1,HTH_AraC,GH3
3.A.2,3.A.2,3.A.2,3.A.2,3.A.2,3.A.2,3.A.2,GH2,GH88,3.A.1,3.A.1
GH29,3.A.1,3.A.1,Peripla_BP_1,8.A.59,HTH_AraC,2.A.86,2.A.19,3.A.1
3.A.15,HTH_AraC,GH4,HTH_AraC,3.A.1,3.A.1,3.A.1,9.B.28,GH36,Citrate_synt,MarR,2.A.115,3.A.1,3.A.1,3.A.1,3.A.1,3.A.1
9.B.28,GH31,3.A.1,3.A.1,SBP_bac_1,HTH_AraC,8.A.59,PfkB,GH4
GH3,HTH_AraC,9.B.33,3.A.1,3.A.1,GH127|CBM66
3.A.1,3.A.1,3.A.1,GH52
9.B.33,HTH_AraC,SBP_bac_1,3.A.1,3.A.1,GH78
GH146,SBP_bac_1,3.A.1,3.A.1,2.A.66
GH29,Aminotran_1_2,GH38,2.A.66,3.A.1,3.A.1,3.A.1,3.A.1
GH13_31,LacI,2.A.119,CBM40|GH33|CBM40|GH33,GH13_31,3.A.1,3.A.1,3.A.1,8.A.59,HTH_AraC,3.A.1
3.A.1,3.A.1,GH151,GH38
3.A.1,3.A.1,3.A.1,GH66
GH31,3.A.1,3.A.1
3.A.1,3.A.1,3.A.1,GH51,LacI,GH43_26,MarR,3.A.1,3.A.1,2.A.115
3.A.1,3.A.1,GH33
GH29,HTH_AraC,8.A.59,3.A.1,3.A.1
CE12|PL11_1,HTH_AraC,3.A.1,3.A.1,GH105,CE12,GH112
2.A.40,8.A.59,HTH_AraC,SBP_bac_1,3.A.1,3.A.1,GH13_4
GH2,2.A.66,9.B.156,GH101
8.A.59,HTH_AraC,3.A.1,3.A.1,3.A.1,3.A.1,MarR,3.A.1,3.A.1,GH2|CBM66|CBM66,8.A.59
3.A.1,GH13,LacI,3.A.1,3.A.1,SBP_bac_1,GH29,GH20,GH2,GH18,GH29,GH123
2.A.66,GT2,8.A.59
3.A.1,3.A.1,GH38
9.B.156,GGDEF,3.A.1,3.A.1,SBP_bac_1,GH136|CBM57|CBM32
3.A.1,3.A.1,GH4,PIG-L,GH171,GH3
2.A.56,2.A.56,2.A.56,HTH_AraC,GH105
GH77,2.A.8,Peripla_BP_1,8.A.59,8.A.59
GH38,SBP_bac_1,3.A.1,3.A.1
CBM67|GH78,LytTR,3.A.1
GT35,HTH_AraC,8.A.59
GH31,GH42,GH29,GH138,GH95,CE15,GH2,3.A.1,3.A.1
3.A.1,3.A.1,9.B.33,HTH_AraC,CBM9
GH27,3.A.1,3.A.1,3.A.1,HTH_AraC,3.A.1
GH2,8.A.59,HTH_AraC,3.A.1,3.A.1
GH95,3.A.1,3.A.1,SBP_bac_1,8.A.59
GH43_26,GH43_29|CBM42,GH43_22|GH43_22,3.A.1,Response_reg|ANTAR,2.A.25
GH51,3.A.1,3.A.1
3.A.1,3.A.1,GH38,3.A.1
3.A.1,3.A.1,GT2|GT2,GT2|GT2,Aminotran_1_2,GT2|GT2,GT2,9.B.18,GT2
2.A.7,GT2
3.A.1,CE4
3.A.1,3.A.1,SBP_bac_1,GH2
2.A.22,GH106,HTH_AraC,8.A.59,3.A.1,3.A.1,3.A.1
GH106,HTH_AraC,9.B.33
8.A.59,SBP_bac_1,3.A.1,3.A.1,GH36,CBM32|GH95
9.B.34,HTH_AraC,8.A.59,SBP_bac_1,3.A.1,3.A.1,GH2
CBM48|GH13_9,1.A.23
2.A.115,GH140
GT2,9.B.18
3.A.1,3.A.1,GH36
3.A.1,3.A.1,Peripla_BP_1,HTH_DeoR,2.A.66,GH78,PL27,3.A.1,3.A.1
GH5_46,3.A.1
GH43_24,HTH_AraC,9.B.33,3.A.1,3.A.1,SBP_bac_1,9.B.14,LytTR,3.A.1
8.A.5,LacI,3.A.1,3.A.1,Peripla_BP_1,CBM67|GH78,GH13_31,3.A.1,3.A.1,3.A.1,LacI,3.A.1,3.A.1
3.A.1,3.A.1,SBP_bac_1,GH3|CBM6,8.A.59
GH106,LacI,GH43_12,GH2,GH78,3.A.1,3.A.1,SBP_bac_1,LacI,GH43_2|CBM6
GH51,3.A.1,3.A.1,3.A.1,SBP_bac_1,GH4
GH78,SBP_bac_1,3.A.1,3.A.1,9.B.33,9.B.33,HTH_AraC,SBP_bac_1,3.A.1,3.A.1,SBP_bac_1,3.A.1,3.A.1
3.A.3,GH31
3.A.1,3.A.1,3.A.1,GH32
8.A.59,GH123,GH38
GH13_1|CBM20,CBM34|GH13_20,3.A.1,3.A.1,GH84|CBM32|CBM32
GH1,GH140,4.A.1,MerR,3.A.1
GT35,9.B.28
GH2,Peripla_BP_1,3.A.1,3.A.1
8.A.59,3.A.1,3.A.1,3.A.1,GH1,HTH_AraC,GH106
3.A.1,3.A.1,3.A.1,GH123
3.A.1,3.A.1,HTH_AraC,8.A.59,GH29
GH127,8.A.59
CE4,CE9,GH95|CBM32,CbiA,3.A.16
GH78,3.A.1,3.A.1,3.A.1
GH146,HTH_AraC,3.A.1,3.A.1,3.A.1,3.A.1,HTH_AraC,9.B.33,HTH_AraC,3.A.1
GH106,GH4,3.A.1,3.A.1,3.A.1,9.B.33,HTH_AraC,HTH_AraC,GH2
GH151,3.A.1,3.A.1,3.A.1,HTH_AraC,8.A.59
2.A.66,GH13_31,3.A.1,3.A.1,SBP_bac_1,LacI,GH30_2
GH13_11,2.A.38,2.A.38
3.A.1,3.A.1,HTH_AraC,GH4
8.A.59,SBP_bac_1,3.A.1,3.A.1,GH29,GH146,GH146,8.A.59
8.A.59,SBP_bac_1,3.A.1,3.A.1,GH151
GH112,3.A.1,3.A.1,SBP_bac_1,HTH_AraC,3.A.1
GH13_11,3.A.1,2.A.49
GH32,3.A.1,3.A.1,3.A.1
3.A.1,Peripla_BP_1,3.A.1,GH95
3.A.1,3.A.1,3.A.1,2.A.22,8.A.8,4.A.1,GH2|CBM51
CBM66|GH43_31|CBM35|GH43_26,8.A.59,HTH_AraC,SBP_bac_1,GH140|CBM32|CBM32|CBM32
GH84|CBM32|CBM32,CBM32|GH20|CBM32,4.A.1,PTS-HPr,4.A.1,GH42,LacI,3.A.1,3.A.1,3.A.1
GH32,4.A.1
CBM67|GH78,3.A.1,3.A.1
GH3,3.D.2
8.A.59,HTH_AraC,GH116,3.A.1,3.A.1
8.A.59,HTH_AraC,3.A.1,3.A.1,PL8_3|CBM32|CBM32,HTH_5,GH2,HTH_AraC,3.A.1,3.A.1,3.A.1,GH88
3.A.1,3.A.1,3.A.1,3.A.1,3.A.1,HTH_AraC,GH3,GH129
3.A.1,3.A.1,2.A.1,2.A.66,MerR,4.A.1,GH1,PTS-HPr,8.A.7
8.A.59,HTH_AraC,GH31
GH95,3.A.1,3.A.1,SBP_bac_1,9.B.33,HTH_AraC,HTH_AraC,CBM67|GH78
GH0,GH110,3.A.1,3.A.1,3.A.1,GH63,HTH_AraC,8.A.59
GH3,GH31,8.A.59,HTH_AraC,GH42,3.A.1,3.A.1,9.B.28,CBS,2.A.36
3.A.1,3.A.1,dCache_1,HTH_AraC,GH20
9.B.33,HTH_AraC,SBP_bac_1,3.A.1,3.A.1,CBM67|GH78
GH29,Sigma70_r2|Sigma70_r4_2,3.A.1,3.A.1
GH31,3.A.1,3.A.1,3.A.1,HTH_AraC,8.A.59
GT2,3.A.1
2.A.2,GH120
GH136|GH20,HTH_AraC,9.B.33,3.A.1,3.A.1,3.A.1,2.A.6,GH127,3.A.1,3.A.1,SBP_bac_1,3.A.1,HTH_AraC,8.A.59,GH121,3.A.7
GH36,9.A.23
GH51,3.A.1,3.A.1,3.A.1,GH127,LacI,CBM48|GH13_9,GH13_20
GH2,2.A.2,GH3,GH2,9.B.158
GH30_5,GH43_24,9.B.20,3.A.1
3.A.1,3.A.1,3.A.1,GH2,8.A.59,HTH_AraC,3.A.1,3.A.1,3.A.1
GH35,CBM67|GH78,3.A.1,3.A.1,3.A.1,HTH_AraC,8.A.59,3.A.1
9.B.34,GT2,HATPase_c|HisKA,8.A.59,4.C.1
GH88,GH154,3.A.1,3.A.1
GH127|CBM66|CBM66,GH88,GH117|GH117,3.A.1,3.A.1,SBP_bac_1,8.A.59
GH38,GH2,3.A.1,3.A.1,3.A.1,8.A.59
3.A.1,2.A.1,2.A.2,GH3,HTH_AraC,GH2
GH42,8.A.59,HTH_AraC,3.A.1,3.A.1,SBP_bac_1,2.A.36,2.A.49,2.A.115,2.A.66,Trans_reg_C,HATPase_c|HisKA,3.A.1,3.A.1
9.B.33,HTH_AraC,SBP_bac_1,3.A.1,3.A.1,GH39,MarR,3.A.1,3.A.1
8.A.59,3.A.1,3.A.1,3.A.1,GH4,3.A.1,3.A.1,3.A.1,GH38,HTH_AraC,GH95,GH38,9.B.33
