1.E.12,9.B.18,GH81,GT4,GT4,GT4,GT2,GT4,GT2
3.A.16,GH13_39
4.A.2,GH30_1
GH18|GH18|GH18|CBM5,GT2,2.A.66,CE4
2.A.53,GH16_3|CBM56|CBM13,GH13_11,3.A.1
2.A.66,GH65,3.A.1,3.A.1,3.A.1,8.A.59,HTH_AraC,9.B.28,2.A.39
3.A.1,3.A.1,CE4,9.B.70
9.B.10,GH13_20
1.A.11,CBM32|CBM32|GH81|CBM32|CBM32|CBM32,3.A.1,3.A.1
3.A.1,3.A.1,GT4,2.A.7,GT2
9.B.18,GT28,9.B.104
2.A.122,2.A.114,HTH_AraC,GT35,3.A.1,3.A.1,3.A.1,8.A.59,HTH_AraC,GH30_1
4.A.1,GH1
2.A.35,GH16_3
CBM56|GH64,3.A.1
1.A.11,3.A.1,3.A.1,3.A.1,GH77,LacI,9.B.28
3.A.1,3.A.1,3.A.1,3.A.1,GH16_3,LacI,GH161,GH94,GH17
1.A.16,GH92
3.A.3,GH55
3.A.2,HTH_1,8.A.59,HTH_AraC,GH2,3.A.1,3.A.1,3.A.1,GH36
GT35,2.A.66
GT2,3.A.1,3.A.1,3.A.1
