CBM67|GH78,2.A.2,GH130,GH140,GH5_5,GH2,GH5_5,1.B.14,GH5_2
1.B.14,GH97,GH13,GH89
GT4,GT2,9.B.144
9.B.104,2.A.6,TPR_1,1.B.14,8.A.46,GH63,2.A.124,2.A.124,GH2,GH63
9.B.14,GH2
GT2,9.B.18
1.B.14,8.A.46,GH144,GH3
2.A.66,3.A.5,GH138,GH137|GH2|CBM57,GH2,GH2
1.B.14,CE8,PL1_2,PL1_2,PL1_2,PL1_2,GH43_18,GH143|GH142,CBM67|GH78,GH28,CE19,GH141,GH31,B12-binding_2|B12-binding,2.A.21
CBM35,GH66,8.A.46,1.B.14,2.A.1
1.A.23,GH30_3,GH3
1.B.42,HD,GH171
CBM20|GH77,GT2,4.C.1
1.B.14,GH97,GH5_5,GH92|GH5_5,CE7,GH88,GH3,HTH_AraC,PL38,GH3,1.B.14
GH32,1.B.14,GH32,2.A.1,PfkB,HTH_AraC,2.A.21
GH2,CBM51|GH27,TPR_2,1.B.14,GH42
GH16,GH29|CBM32,GH2,GH20,1.B.14,GH18
3.A.1,GT2,HTH_AraC,2.A.1,2.A.6,2.A.6,1.B.17
2.A.50,GH13_38
3.A.1,3.A.1,LytTR,CBM67|GH78,HATPase_c|Response_reg|HisKA,GH123,GT26
PL13,2.A.38,2.A.38,1.B.14,8.A.46
2.A.1,PL15_2,2.A.49
2.A.23,Glucokinase,GH95
2.A.66,Fer4,GH29,9.B.158,2.A.36,4.C.1
9.B.20,1.A.23,2.A.68,Response_reg,HATPase_c|TPR_1,GH27
GT1,3.A.2,3.A.2
2.A.67,GH2
GT2,2.A.107
1.I.1,GH2
GT28,2.A.103,9.B.146
1.B.14,PL1,1.B.14,8.A.46,HTH_AraC,CE12|CE8,CE8,PL1_2,GH105,2.A.1
9.B.29,2.A.81,GH20
CE1,2.A.66
GH18,1.B.14,GH20,3.A.1,3.A.1,3.A.1,1.B.3
2.A.21,3.A.3,3.A.3,HTH_AraC,GH130,2.A.1,1.B.14
GH97,GH87,1.B.14,GH87,9.B.104,GH133,GT4,GH57,GT5
3.A.1,HTH_AraC,GH81|CBM32|CBM32|CBM32,CBM32|CBM32|CBM32|GH3,GH3,GH128,GH128|CBM6,GH16_3,8.A.46,1.B.14
3.D.10,3.D.10,CE8,3.A.11,1.A.23
2.A.1,GT2,2.A.21,9.A.25,9.A.25,9.A.25
GT19,3.A.1
GT51,9.B.186,2.A.66,2.A.21
1.A.14,Aminotran_1_2,Fer4,1.B.44,GH3
2.A.6,2.A.6,2.A.6,GH25,1.B.9
3.A.1,1.B.14,CBM50
GH5_46,8.A.3,HTH_3,GH23,HD,MerR,1.A.34
GH3,GH3,GH26,1.B.14
GH130,GH97,8.A.46,1.B.14,GH92,GH92,FecR,GerE,GH92
8.A.46,1.B.14,FecR,GerE,GH3,CBM67|GH78,GH125
