GH97,3.A.1,GH95,GH29,GH92,GH109,GT2,GT2
2.A.1,GH109
9.A.25,GH92,GH29,GT90,3.A.1,3.A.1,3.A.1
1.B.14,PglZ|Response_reg,GH88,PL35,GT4,3.A.9
GT51,Fer4,2.A.38,GT4,2.A.1,2.A.1
GH106,GH141,GH156,1.B.14
9.A.40,GT30
2.A.6,GH43_33
9.B.14,GH28,GH106,GH28,GH106,GH28,GH28,GH106,2.A.6,2.A.6,1.B.17,3.A.2,3.A.2,3.A.2,3.A.2,3.A.2,3.A.2,GH31,GH106
9.B.20,GH3,1.I.1,2.A.115,2.A.6,2.A.6,2.A.6
2.A.37,9.B.146,2.A.103,GT28
2.A.17,GH13_8
1.A.34,GH36
3.A.6,GH20,GH171
3.A.1,CBM67|GH78
3.A.10,GH127
3.D.1,3.D.1,3.D.9,3.D.1,3.D.1,Fer4,3.D.1,3.D.1,3.D.1,3.D.1,3.B.1,GH78
4.A.2,GH23
2.A.64,CBM67|GH78,GH2
2.A.1,GH36,GH32
2.A.13,1.B.14,GH25,3.D.10
3.A.12,GT2
