3.A.3,GH3
CE8,HD|ACT,GH23,HTH_3,8.A.3,GT19,3.A.25
3.B.1,HD,1.B.42,GH95,TPR_1,GT51,8.A.1,HTH_AraC,2.A.1
3.A.1,CE11
GH13_8,1.I.1
2.A.35,GH25
9.B.183,GT4,GT23,GT2,GH16_3,GT2
GH2|CBM32,GH109,3.A.1,TPR_1,3.A.9
GH51,9.B.18
3.A.1,3.A.1,3.A.1,GH25
9.B.146,GT26,GT4,GT2,GT4
3.A.12,GH31
1.B.14,3.B.1,3.A.25,GT5
GT51,9.B.186
2.A.6,2.A.6,GH127
1.B.57,GT4,GT2
2.A.66,GT2,GT14
3.A.1,GH13_6
1.B.14,LacI,2.A.2,GH77,GH97,GH13_14,GH13,HTH_AraC,1.B.14,GH43_4,GH43_5,2.A.40,GH51
2.A.98,GH13_36,GH97,8.A.46,1.B.14,1.B.14
GH16_3,1.B.14,GH3,MCPsignal,GH3
GH33,1.B.14,8.A.46,GH20,1.A.11
GH51,3.A.5
9.B.144,4.A.5,2.A.1,GH2
GH5_4,1.B.14,GH3
CBM50,2.A.115,3.D.1,3.D.1,3.D.1,3.D.1,3.D.9,Fer4,3.D.1,3.D.1,3.D.1,3.D.1
2.A.2,GH130,GH26,CE7,1.B.14
3.A.5,9.A.8,GH2,GH35,2.A.1
1.A.14,HTH_AraC,GH92
4.C.1,GH36
GH2,GH53,PL1,1.B.14,2.A.22,2.A.22
GH28|GH105,PL1_2,CE8,1.B.14
2.A.98,3.D.2,GH25,2.A.1,2.A.37,HTH_AraC,2.A.66,2.A.6,2.A.6,2.A.6,GH2,CE12,CE12|CE12,PL11_1
GH2,GH106,GH105,GH28,3.A.1
GH35,1.B.14
GH43_12,HTH_AraC,GH5_21,1.B.14,1.B.14,GH10
GH31,GH2,2.A.25
1.B.44,GH43_10,GH95,GH43_29|CBM6|GH43_10,GH115,GH115,GH43_35,HTH_8|HTH_AraC,GH5_21
3.A.1,GH20
GH32,HTH_AraC,1.B.14,GH32,2.A.1
CE4,3.A.1,9.B.27
3.A.1,GH115
