3.D.10,GH73
CE4,2.A.35
8.A.7,3.A.1,3.A.1,3.A.1,3.A.1,3.A.1,3.A.1,3.A.1,CBM48|GH13_9
GH36,9.B.28,3.A.1,3.A.1,3.A.1,HTH_AraC,GH36,8.A.5,GH2
3.A.1,3.A.1,3.A.1,3.A.1,HTH_AraC,8.A.59,Peripla_BP_1,CE4,9.B.28
2.A.23,HTH_psq,HTH_AraC,GH51,LacI,3.A.1,3.A.1,3.A.1,GH51,GH43_26,HTH_6,CE9
GH36,LacI,SBP_bac_1,3.A.1,3.A.1,GH130,CE2,CE17|CBM35inCE17,GH1,GH130
GH31,3.A.7
GT11,GT2,Fer4,GT2,GT2,9.B.18
GH43_12,GH3,HTH_AraC,8.A.59,3.A.1,3.A.1,3.A.1
2.A.4,2.A.66,3.A.1,3.A.1,SBP_bac_1,GH43_11
GH36,3.A.1,3.A.1
GH112,HTH_AraC,8.A.59,3.A.1,3.A.1,3.A.1,GH29,GH95
GT2,3.A.1,3.A.1
GH2,GH13_11,2.A.21
GH94,LacI,1.A.62
2.A.25,GH31
GH4,PfkB,GH38,3.A.1,3.A.1
GH77,HTH_1,2.A.66,GH13_31
4.A.1,GH32,1.C.113
3.A.1,3.A.1,GH42
GH77,3.A.5,2.A.22
1.A.23,3.A.1,3.A.1,3.A.1,3.A.1,3.A.1,HTH_DeoR,9.B.158,GH29,3.A.1
3.A.1,3.A.1,GH13_31,2.A.87,2.A.5
GH120,GH32,2.A.2,GH5_44,HTH_AraC,GH91,GH32,3.A.1,3.A.1,3.A.1,LacI,2.A.66
GH32,3.A.1,3.A.1,3.A.1,SpoIIE,1.I.1
3.A.1,3.A.1,GT2,GT2|GT2,GT2|GT2,GT2,9.B.18,GT2
GH95,GH136,3.A.1,3.A.1,8.A.59,HTH_AraC,GH29,GH2
3.A.1,3.A.1,GH42
GH2,2.A.2
3.A.1,3.A.1,3.A.1,HATPase_c|HisKA,GH3
GH120,2.A.49,2.A.66,3.A.1
2.A.2,GH39,2.A.2
9.B.18,GT2
3.A.3,GH13_4
GT2,Trans_reg_C,3.A.7
GH94,GH94,3.A.1,3.A.1,GH3
GH42,8.A.59,HTH_AraC,3.A.1,3.A.1,SBP_bac_1,GH42
2.A.23,3.A.1,3.A.1,SBP_bac_1,GH151,HTH_AraC,8.A.59
GT2,2.A.66
3.A.1,3.A.1,3.A.1,GH18,9.B.142
3.A.16,CBM34|GH13_39,3.A.1,3.A.1,3.A.1
GH31,3.A.7
9.B.18,GT4,GT2
CE4,2.A.79,HTH_AraC,GH3,2.A.36
2.A.2,GH43_12,2.A.2,GH39
9.B.18,GT4,GT4,2.A.66
GH3,2.A.66
9.B.18,GT0
