2.A.3,CE3,GT26
1.A.23,GH13_38
9.A.8,2.A.115,GH5_4
9.B.186,GH130,2.A.2
GH89,GH20,3.D.10,CE4
2.A.58,GH20,2.A.66
1.B.14,CE9
GH20,Pyr_redox_2,3.A.1
3.A.1,CE11
2.A.50,GH73,2.A.9,9.B.168,2.A.1,GT5
2.A.21,GT83,GT2,2.A.123
2.A.102,GT4,2.A.66,9.B.183
2.A.81,3.A.1,3.A.1,3.A.1,3.A.1,HTH_AraC,GH85,8.A.46,1.B.14,PL12,GT4,GT2
1.B.6,GH84|CBM32
GT3,GT35,2.A.1,GH2
GT2,GH123,2.A.16,HisKA|HATPase_c,2.A.58
GH29,9.B.158
GT2,2.A.50,GT4
GT4,GT9,3.A.1
3.A.1,GH33
3.A.11,9.A.40,GT9,1.C.39
GH84,SBP_bac_3,2.A.1,9.A.25
3.B.1,GT2
GH33,GH2,3.D.4,9.B.124
2.A.66,GH43_24,GT4
GH2,2.A.17
2.A.67,3.A.10,GT19
