GT35,GH57,GT4,GH133,1.A.34,9.B.174,GT27,GH74,GH20,GH5_10|CBM32,GH5_10,2.A.2
GT4,8.A.3,9.B.146
GH73,1.A.33
GH94,3.A.1
3.A.1,3.A.1,3.A.1,GH3
3.A.1,GH23
2.A.50,GT4
9.B.14,GH5_38,GH9
3.A.9,GT4,CE4,GT2
GH8,1.B.44
9.B.172,1.B.6,1.B.6,GH27
1.B.14,8.A.46,1.B.6,HD,9.B.31,HD,2.A.49,3.A.1,3.A.1,GH13_38,3.A.11
GH3,2.A.66,GH31,1.C.113,HATPase_c,1.I.1
GH13_8,2.A.119
4.C.1,GH8
GH13_36,Response_reg|PglZ,9.A.25
1.B.14,GH65
GT28,2.A.103,9.B.146
2.A.1,GH8
9.B.144,GH43_35
1.B.6,GT51
3.A.9,GH13,3.A.18
GH43_9,2.A.5
GH5_38,9.B.10
2.A.114,2.A.21,GT19
