PL1_2,GH28,GH3,2.A.19
GT2,GT2,GT2,3.A.1,GT23,GT2,GT4,GT2
GT2,9.B.97,GT4
GT4,GT4,GT4,3.D.1,3.D.1,3.D.1,3.D.1,Fer4,3.D.1,3.D.1,3.D.9,3.D.1
2.A.2,GH130,GH26,CE7,1.B.14
CE11,GT51,TPR_1|AAA,3.A.2,3.A.2
9.B.146,2.A.103,GT28
GH43_10,GH28,2.A.67
3.A.1,GT32,GT4
1.B.57,GT4,GT2,9.B.174
2.A.21,CBM67|GH78,GH43_18|GH143|GH142,GH127
PL1_2,2.A.1
3.A.11,GH2
2.A.1,GH32,GH51,GH43_10,GH43_5,GH43_4,1.B.14
GH32,8.A.46,1.B.14
4.C.1,GH43_10
GH3,GH67,GH2,GH106,GH2,1.B.14
2.A.23,Pribosyltran,CE1,3.D.10,3.D.10
GH23,3.D.5,3.D.5,3.D.5,3.D.5
2.A.35,GH25,9.A.40
GT2,3.A.1
GH25,GH2,2.A.66
3.A.3,GH31
2.A.40,Aminotran_1_2,GH31,GH3,GH2,SpoIIE,HisKA|HATPase_c,GH31,HTH_AraC,HATPase_c|Y_Y_Y|Reg_prop,2.A.1,4.A.5
GH43_19,GH115,8.A.5,GH2,GH105,GH106
CE4,2.A.1,GH105,PL26,PL11_1,CE12|CE12,1.B.14,1.B.14,8.A.46
GH141,GH31,2.A.21,Fer4,GH127
1.B.14,GH141,GH78
CBM50,2.A.17
GH36,2.A.66
3.A.16,GH5_2,Sigma70_r4|Sigma70_r2,GT19
2.A.38,2.A.38,GH57,GT4,GH133
9.B.186,GT51,9.A.8
8.A.46,1.B.14,LacI,2.A.2,GH77,GH97
2.A.66,GH94
GT2,1.B.5
2.A.2,GH10,GH43_1,Sigma70_r4_2|Sigma70_r2,Aminotran_1_2,3.A.1
3.D.1,GT9
2.A.5,GT2
