9.B.18,GT4,GT2,GT2,GT4,GT32,GT4,9.B.97,GT4,GT2,GT2,GT2,2.A.66,GT2
1.B.14,GH20
GT28,2.A.103,9.B.146
8.A.58,9.B.120,GH89
3.A.9,GT35,GT3
1.B.14,GH3
1.A.14,GH13_6,1.B.57
CE4,Fer4,2.A.114
2.A.25,CBM32|GH2,GH3,9.B.186
3.A.5,GH29
2.A.119,2.A.66,GT2
GH73,9.B.144
1.B.14,8.A.46,GH13_6,GH53,GH13
GH13_14,CBM20|GH77,2.A.2,GT4,GT4
3.A.11,GT51
GH133,GT4,GH57,4.A.2,GH3
3.A.25,GT2,3.A.3,ATPase_2,1.B.14,8.A.46
2.A.40,GH171,2.A.21
2.A.1,GH32,GH32,1.B.14
1.B.14,GH20
1.B.14,GH13_7,2.A.81
GH3,GH144,GH43_28|CBM32,1.B.14,GH5_46|GH3,GH16_3,1.B.14
GH97,8.A.9,4.C.1
2.A.66,GT2
1.B.14,FUR,GT51,2.A.124,2.A.124
1.B.14,CE7,GH130,2.A.2,GH94,GH36,GH26
GH9|CE4,2.A.51,2.A.51
GH13_6,2.A.115
