GH13_8,1.I.1
8.A.46,CE1,CE1,GH3,PALP|ACT,GH97,GH127,ATPase_2,2.A.1
1.B.57,GT4,GT2
2.A.66,GT2,GT14
1.B.14,GH146,GH97,GH43_34|CBM32,GH127
3.A.25,GT19,8.A.3,TrmB,GH23,HD|ACT,CE8
1.B.14,PL1_2,PL1_2
8.A.46,1.B.14,LacI,2.A.2,GH77,GH97,GH13_14,GH13
1.B.14,1.B.14,GH43_4,GH43_5
8.A.46,1.B.14,HTH_AraC,GH2,GH53,2.A.22,2.A.22
1.B.6,GH51,3.A.5
2.A.28,9.B.174,HATPase_c,CE7
1.B.14,GH5_21,GH43_29|CBM6
GH3,GH31,HTH_AraC,GH43_7,GH43_2|GH8,1.B.14,CE6|CE1
1.A.23,GH5_4,2.A.2,3.D.1,3.D.1,3.D.1,3.D.1,Fer4,3.D.9,3.D.1,3.D.1,3.D.9,3.D.1
9.B.186,GT51
3.A.1,3.A.1,3.A.1,GH25
9.B.146,2.A.103,GT28
GH3,3.A.1,GH43_1,GH10,2.A.2
1.B.14,GH5_4
3.D.1,GT9,GT2,GT8,GT4
GH10,1.B.14,1.B.14,GH5_21,HTH_AraC,GH43_12
GH32,1.B.14
1.B.44,GH43_10,GH95,GH43_29|CBM6|GH43_10
GH66,GH97,GH27,1.B.14,GH31
9.B.18,9.B.146,GT2
GH25,1.B.9,2.A.6,2.A.6
1.B.14,8.A.46,GH28,GH43_10,GH57,GT4,GH133
9.B.27,3.A.1,CE4
GH32,2.A.1
GH115,3.A.1
3.B.1,HD,1.B.42,TPR_1,GT51
2.A.40,GH51,2.A.51,2.A.51
3.A.9,1.B.18,2.A.66,GT2
2.A.35,GH25
GT0,9.B.18
