3.A.1,GT2
9.B.186,GT51,9.A.8,GH51
CE1,9.B.169
CBM50,2.A.103
1.A.33,2.A.47,GH43_10,GH97,GH43_16
3.A.1,3.A.1,CE4
1.B.14,HATPase_c|Y_Y_Y|Reg_prop,GH31
3.A.1,GT2,GH97
1.B.14,GH43_4,GH43_5|GH43_10,GH51,GH43_4
2.A.28,GH146
9.B.174,GH3,GH16_3,1.B.14
2.A.109,3.A.16,GH5_2
1.B.14,HTH_AraC,GH32,2.A.1
GH9,1.B.14
GT28,2.A.103,9.B.146
3.A.1,GH31,Pkinase,3.A.24,FHA,SpoIIE,GH3
2.A.115,GH30_8,CE1,GH2
9.A.25,Aminotran_1_2,4.D.2,GH2
GH13,GH13_14,GH97,CBM20|GH77,2.A.2,LacI,1.B.14,8.A.46,GH43_10,GH13_6
2.A.28,GH2|CBM32,TPR_1,3.A.5,1.B.9
CE11,GT51,2.A.21
CE1,2.A.6,3.A.1,3.A.1
2.A.1,GT2
GH36,2.A.66
2.A.35,GH25,9.A.40
1.A.8,GH43_12,HTH_AraC,GH5_4,GH5_38,GH94,1.B.14,8.A.46,9.B.196,CE2
1.B.14,CE7,GH26,GH130,2.A.2
1.A.30,GH2
8.A.3,GH23
GT4|GT2,GT4,9.B.146,9.B.18,GH5_4
GH43_1,GH10,2.A.2
8.A.9,1.B.14,GH97
2.A.51,2.A.51,GH51,GT2,GT4
CBM50,2.A.17,2.A.35
