9.B.146,GT28
2.A.2,GH3,GH31,GH130,GH26,GH5_4,GH26
1.B.14,GH5_7,HTH_AraC,GH36
3.A.1,1.B.14,GH16_3,GH3
3.A.2,3.A.2,2.A.1,2.A.66,GH77
GH2,1.B.14,1.B.14
1.C.105,1.B.14,GH32,GH32,2.A.1
GH13_36,8.A.46,1.B.14,2.A.2,8.A.59
GT2,2.A.6
3.A.11,GH3
2.A.1,GH3
2.A.40,2.A.40,3.A.5,GH163,GT2
2.A.23,HTH_AraC,GH3,2.A.1
GT5,3.D.1
8.A.46,1.B.14,PL1_2,GH105,CE12|CE8,GH28,LacI,GH43_10
3.A.1,3.A.1,3.A.1,2.A.7,GH171
GH3,GH29,1.B.14,8.A.46
4.A.2,GT8
GH31,GH13,8.A.9
1.A.35,GH73
1.A.8,GT2
GT2,4.C.1
GH20,2.A.51,2.A.51,GH2
1.B.14,GH31,4.C.1
