GH77,GH97,1.A.1,GH13_14,GH13
GH67,GH35,1.B.18
GT32,9.B.18
3.A.1,4.C.1,4.C.1,GH13_8
2.A.1,HATPase_c|HisKA,GH51
9.B.157,CE12,1.B.14,2.A.37,1.B.42,HD,3.B.1,2.A.19
1.B.14,GH105,PL11_1,8.A.5,GH57,GT4,GH133
GT9,3.D.1
GH3,GH9,3.A.1,Sigma70_r4_2|Sigma70_r2,GH43_1,2.A.2,2.A.2,GH51,GH51,GH127
1.B.14,GH28
GH36,2.A.107,3.A.1
GT0,9.B.18,GH97
GH94,1.B.14
GH3,CE4,9.B.27
PL10_1|CE8,1.B.14,GH28,CE8,GH140,GH3
GH28,GH115,GH3,GH43_4,GH43_5,1.B.14,HTH_AraC,CE8,GH3
1.B.14,GT2
GH2,GH130,CE7,1.B.14
GH43_29,2.A.5,3.A.1
GT2,GT2,GT2,9.B.146,9.B.146,9.B.18
CE8,HD|ACT,GH23,HTH_3,8.A.3,GT19,2.A.40
1.B.14,GH16_3,GH3
1.B.14,8.A.46,CE1,GH3
CE1,GH3,2.A.21
9.B.186,GT51
GT5,2.A.16
GH73,3.A.12
2.A.6,GH89
GH2,GH29,HTH_AraC,2.A.1,8.A.5,GH105,GH2
GT2,2.A.1
2.A.66,GT11,GT2,9.B.18
GH31,GH2,GH31,HATPase_c|Y_Y_Y|Reg_prop,3.A.3
1.B.14,GH97
9.B.174,CE2
2.A.1,GH35,GH43_10,CE19,CE7,GH28,GH32,1.B.14,HTH_11|HTH_AraC,PfkB,2.A.1,GH32
2.A.35,GH25,9.A.40
GT2,3.A.1
GH13_6,GT2,GT4,8.A.46,1.B.14,LacI,2.A.2,GH2
GH51,2.A.4,GH2
2.A.119,2.A.23,GH3,GH106,9.B.14
1.B.14,8.A.46,GH115,GH115|GH31,2.A.51,2.A.51
GH43_35,PIG-L,GH20,1.A.8,2.A.1,LytTR,8.A.59
2.A.35,2.A.17,CBM50
2.A.6,GH43_35
GH53,3.A.1,3.A.1,3.A.1,GntR,3.A.1,GH3
1.B.14,GH106
1.A.23,GH5_7,GH26,2.A.2,3.D.1,3.D.9,3.D.1
2.A.6,2.A.6,GH13_11
1.B.14,CbiA,GH8
GH43_19|GH43_24,1.B.14,8.A.46,GH105,PL33_1,GH154
GH106,3.B.1,Glyoxalase,1.B.14,8.A.21
CE12|CE12,2.A.7
CE1,2.A.47
1.B.14,GH36,GH2
GH32,GH32,2.A.1
