GT51,2.A.7
1.B.14,GH2,GH20
2.A.16,GH43_2,2.A.7
GH36,1.B.14,8.A.46
2.A.22,2.A.22,GT4,9.B.144,3.A.1
2.A.6,2.A.6,GH43_35
1.B.14,GH3,2.A.21
2.A.66,GH97,HTH_AraC,1.B.14
GH3,GH43_28|CBM32|CE1|CE1,2.A.50,CE2,GH9
2.A.38,GT2
2.A.17,8.A.3,GT4,GT4,GT4
CE11,1.B.9
GH2,GH36,GH94,2.A.2,GH130,GH26
1.B.14,GH5_7|CE7
GH171,3.A.11
2.A.37,GH31,GH3
1.B.14,GT4,9.B.145,4.A.2
2.A.114,3.A.1,GH2|GH2,2.A.28
GH43_29,2.A.119
3.D.5,3.D.5,3.D.5,GT14
GH10|CE1,2.A.81,2.A.38
1.B.14,GH3,CE1,CE1,GH3,3.A.7
GT28,9.B.146
GH3,GH16_3,1.B.14
8.A.59,2.A.2,1.B.14,8.A.46,GH13_36,GH53,GH13|GH13,GH97,GH77,2.A.6
1.B.14,GH26,GH2
GH51,3.A.1
GH43_1,2.A.2,GH115
2.A.51,2.A.51,GH20
CE1,2.A.23
GT5,3.A.1
GH43_17,8.A.46
GH2,3.A.5
2.A.35,2.A.9,GT19
GH97,4.C.1,HATPase_c,2.A.40
GH5_4,1.B.14,1.B.14
GH51,GH43_29|CBM6|GH43_29|CBM6,GH43_10,GH31,3.A.1,3.A.1,3.A.1,2.A.21
2.A.115,Nitroreductase,GH3,1.B.14,4.B.1
9.B.20,3.A.10,CE6|GH51
1.A.34,GH3
