3.A.1,3.A.1,GH146
GH2,3.A.1,3.A.1,3.A.1
GH127,2.A.51,2.A.51
3.A.15,9.B.34,GH13_18
2.A.79,2.A.115,9.B.1,GH65,2.A.78,2.A.78
3.A.1,3.A.1,3.A.1,GH130
3.A.1,3.A.1,SBP_bac_1,8.A.59,HTH_AraC,GH106
GH88,3.A.1,3.A.1,SBP_bac_1,HTH_AraC,GH2,3.A.1,3.A.1
GH2,GH33,SBP_bac_1,3.A.1,3.A.1
GH105,3.A.3
GH31,GH65,3.A.1,3.A.1,3.A.1,PL33_1
GH120,2.A.69
GH32,GH32,SBP_bac_1,3.A.1,3.A.1,2.A.66,HTH_AraC,8.A.59,GH32,GH32
3.A.1,3.A.1,GT2
GH0,GH38,HTH_AraC,3.A.1,3.A.1,3.A.1,3.A.1,3.A.1
GH2,3.A.1
GH23,3.A.1
3.A.1,GH36
2.A.37,SKI,GH13_39,GT35
3.A.1,GH36
2.A.66,GH3,3.A.3,HMA,3.A.1,3.A.1
GH127,3.A.1,3.A.1
GH28,3.A.1,3.A.1
2.A.2,GH2,CBM67|GH78
GH3,GT2,3.A.1,3.A.1
3.A.1,3.A.1,3.A.1,GH106,GH143,3.A.1
GH20,4.C.1,Fer4,2.A.21
GH32,GH32,MarR,3.A.1,3.A.1,3.A.1
GH13_20,SBP_bac_1,3.A.1,3.A.1
GH130,HTH_AraC,3.A.1,3.A.1,3.A.1,GH127
2.A.66,Fer4,GH28
8.A.59,HTH_AraC,GH4,3.A.1,3.A.1,3.A.1
3.A.1,3.A.1,GH13_5
CE9,9.A.40
GH94,GH5_37,2.A.45
CE6,3.A.1,3.A.1
3.A.1,3.A.1,GH105
CE2,GH5_4,3.A.1,3.A.1
3.D.10,2.A.66,GH4,GH13
3.A.1,3.A.1,3.A.1,GH13_31
3.A.1,3.A.1,GH32
GH53|CBM61,3.A.1,3.A.1,3.A.1
2.A.66,GH31,GH42
GH51,1.A.8
3.A.1,GH32
CE14,9.B.18
9.B.18,GT2,2.A.66,9.B.18,2.A.66
3.A.1,GH2
GH31,SBP_bac_1,3.A.1,3.A.1,8.A.59,HTH_AraC,GH30_1
3.A.1,3.A.1,GH43_10,GH43_12
3.A.18,GH105
3.A.1,3.A.1,GH28,2.A.45
GH27,9.B.33,Trans_reg_C,3.A.1,HTH_3,2.A.21
3.A.1,3.A.1,SBP_bac_1,GH151
