GT2,1.B.73,1.B.42
3.A.1,GT2
2.A.6,AAA,GT5
GT27,3.A.5
GH133,GT4,GH57,3.A.9
2.A.1,GH32
1.B.14,GH27,GH97|GH97,1.B.14,8.A.46,GH66,GH97
2.A.16,9.B.18,GT2,GT2
CE4,Glucokinase,8.A.51
9.B.156,PL1
1.B.14,GH5_8,GH26,GH3
GH36,GH26|GH5_7|CE7,GH130,2.A.2
9.B.20,1.A.14,GH23
CE12,1.C.113,2.A.81,2.A.47
2.A.115,GH13_42,2.A.6,2.A.6,2.A.6
GH28,PL1_2,8.A.46,1.B.14,3.A.7,8.A.3
5.A.1,PL1_2
9.B.144,MerR,GH23
GT2,3.A.1,9.B.146,9.B.18
GT28,2.A.103,9.B.146
GH36,1.B.14,8.A.46,2.A.7
2.A.19,GT4
9.A.8,HMA,GH13_8
GH2,2.A.7
1.B.14,GH32,GH32
GT2,PspC,4.C.1,2.A.1
