2.A.3,Aminotran_1_2,GH3,3.A.3,Fer4,GH13_20
2.A.115,GT5
3.A.1,3.A.1,SBP_bac_1,GH5_46
GH2,GT4,3.A.1,3.A.1,3.A.1,3.A.1,SBP_bac_5,GH2,HisKA|Response_reg|HATPase_c,3.A.1
GH39,3.A.1,3.A.1,3.A.1
3.A.1,GH5_46,3.A.1,3.A.1,3.A.1,HTH_AraC,GH5_46,SBP_bac_1,3.A.1,3.A.1
1.B.42,Fer4,GH31,2.A.2
GH2,GH3,3.A.1
GH3,3.A.1,Sigma70_r3|Sigma70_r4|Sigma70_r2,1.I.1,2.A.50
GH1,2.A.38,2.A.38
9.B.31,2.A.45,CBM67|GH78
3.A.1,3.A.1,GH140,Citrate_synt,GH30_1,GH51
3.A.1,3.A.1,GH27,LacI,GH43_28
3.A.1,3.A.1,3.A.1,3.A.1,GH106
2.A.21,GH3,GH3,GH1
GH43_17,2.A.2,2.A.66
8.A.5,GH2,GH2
GH3,2.A.66,2.A.66
GH73,3.A.9,AAA,3.A.7
2.A.6,8.A.21,GH2,HD,3.A.1,3.A.1,3.A.1
2.A.2,CBM67|GH78,2.A.4,2.A.7
3.A.1,3.A.1,GH106
GH2,GH39,3.A.1,3.A.1
GH3,2.A.19
3.A.1,3.A.1,CE1
GH3,LacI,3.A.1
GH31,CE1,AraC_binding,GH2,1.A.62
GH3,CBM67|GH78,8.A.5,3.A.1
GH3,GntR,3.A.1
CE9,NUDIX,9.B.20,3.A.1,3.A.1
2.A.66,GH32
2.A.66,HTH_3,GH5_46,3.A.1,3.A.1,2.A.40,9.B.18
3.A.1,3.A.1,HTH_AraC,8.A.59,GH94,2.A.66
GT2,3.A.1,3.A.1
GH78,4.A.2
