2.A.4,GH5_7
GH115,GH115,2.A.22,2.A.22,GH76,GH92
GH2,GH105,GH2,9.B.198
3.A.1,Aminotran_1_2,8.A.5,GH97
4.C.1,GH95
GH32,2.A.35,2.A.17,2.A.53
GH76,1.A.22
GT2,GH31,GH31,CE9,1.A.1,GH43_33
9.B.186,GT51,HTH_11,Fer4,GH26
2.A.25,GT2
2.A.6,2.A.6,GH31,1.A.23,1.A.33
2.A.103,8.A.3,GT2
3.A.1,GH20,3.A.1,3.A.1
GH2|CBM32,GH93,3.A.1,2.A.37
GT2,3.A.1,3.A.1,GH43_34
2.A.6,2.A.6,2.A.6,HTH_AraC,GH92
1.B.57,GH92,2.A.1,2.A.9,9.B.168,1.B.42
3.D.1,2.A.66,3.A.2,3.A.2,GH29
GH2,1.B.14
GH23,HTH_3,8.A.3,GT19
2.A.115,2.A.115,1.B.44,CE1,CBM67|GH78,GH2,2.A.28,GH51
9.B.55,GH59
GH30_5,GH20,9.A.25,GH89
GT5,3.A.1
GH127,1.B.14,AraC_binding|HTH_18,Aminotran_1_2,3.A.1,1.B.9,GH130
GH25,2.A.58
CBM66|GH51,2.A.1,GH127
3.A.1,1.B.14,CBM67|GH78,9.B.18,GT26,GT4,GT0,GT4,GT4
GH16_3,3.A.1
1.A.8,GH31,3.A.1
GH106,CBM67|GH78,HTH_AraC,1.C.105
9.B.196,GH43_8
GH109,9.A.25,GT3,GT35,2.A.66
GT2,3.A.1
GT2,B12-binding_2|B12-binding,3.D.10,2.A.38
GH85|CBM32,8.A.46,1.B.14
GH27,1.B.14
GT2,9.B.97
2.A.33,GH92
9.B.146,2.A.103,GT28
9.B.174,PfkB,GH36,GH16_3
GT0,9.B.18
3.A.1,GH73,1.B.6,3.A.7
2.A.21,GH2
