1.B.14,GH13,GH13_14,GH97,GH77,2.A.2,LacI,1.B.14,8.A.46
GH2|GH2,2.A.28,2.A.4,GerE,1.B.3,9.B.14
GT2,2.A.1
9.B.18,9.B.18,GT4,GT4
3.A.16,GT19
GT2,GT2,2.A.115
PL1,3.A.2,3.A.2,3.A.2,3.A.2,3.A.2,3.A.2,GH28,2.A.25,3.A.1,3.A.8
2.A.1,GH13_38
3.A.12,PL1
3.A.9,CE12
CBM13,8.A.21,3.A.1
3.A.9,GH10
GH115,GH3,GH43_35,GH115,GH31,GH5_21|GH43_10,GH10,GH10|CE1,GH95,GH115,1.B.14
GT9,3.D.1
PL11_1,1.A.22
1.B.14,CE8,PL1_2,GH28|GH105
GH13_8,3.A.1,9.A.8,2.A.35,3.D.5,3.D.5,3.D.5,3.D.5,3.D.5
2.A.62,HTH_AraC,GH127
CE4,9.B.27
GH2,9.A.25,3.D.10
3.A.1,CE12|CE12
2.A.53,GH128
CBM50,2.A.17,2.A.35
2.A.1,2.A.9,9.B.168,GH105
8.A.3,GT26,GT4
4.C.1,GH3
GH73,GT2,3.A.1
GT4,2.A.47
9.B.146,2.A.103,GT28
9.B.10,GT51,2.A.64
GH31,2.A.1,TPR_1|TPR_2,GH2
4.B.1,1.B.14,CE2,GH2
2.A.1,GH43_10
CE1,9.B.186,GT51
9.A.40,GH25
2.A.50,GH43_19|GH43_34
GT2,2.A.21
3.A.10,GH43_10,GH106,CE12
GH97,2.A.109
GH43_1,2.A.2,GH67,GH51,GH51,GH105,GH154,PL33_1
2.A.1,GH32,GH32,1.B.14
3.A.1,3.A.1,3.A.1,GntR,3.A.1,GH97,3.A.1,3.A.1
GH146,GH51,Response_reg,2.A.19
CE7,GH28,2.A.13
GH2,3.A.11,2.A.107
