8.A.5,2.A.1,GH29,2.A.1
2.A.4,GH43_19|GH43_34,2.A.21,2.A.6,2.A.6,2.A.6,3.A.1
GH28,1.B.44
GT28,2.A.103,9.B.146
3.A.1,3.A.1,1.B.42,PL11_1,3.A.1
1.C.105,GT2
4.C.1,GH98
GH13_38,9.B.14,1.B.3,GerE,PL11_1
2.A.53,3.A.9,3.A.1,GH13_8
GT2,GT2,2.A.115
1.B.14,PL4_4,GH115,GH28,CE7,PL11_2,GH2
9.B.27,CE4
GH3,GH16_3,1.B.14,1.A.8
2.A.66,GH2
3.A.1,GT4,3.A.1
9.B.120,Nitroreductase,GH43_12,GH115,GH10|CE1,GH9,GH3,2.A.2,9.B.55
GH2,9.B.124,GH43_29|CBM6|GH43_29|CBM6
GH67,2.A.2,GH10,GH43_1
1.B.14,GT2,GH25
GH36,GH130,2.A.2
GH13_14,GH13,1.B.14
GH128,2.A.19
GT3,GT35,3.A.1,3.B.1
3.A.11,9.A.25,9.A.25,GH3,GH5_21|GH43_10,GH2|CBM32
GT2,2.A.1
CE12,SIS,HisKA|Response_reg|HATPase_c,GH43_10,3.A.5
CE6|CE1,1.C.105
GH9,GH5_38,GH3,Aminotran_1_2,1.B.14
3.A.3,GH26|CE1,3.A.1
GT19,3.A.16
GT2,GT4,GT4,9.B.168,2.A.9,2.A.1
GT2,3.A.1
GH30_8,2.A.66
GH5_4,2.A.13
GH13_6,8.A.46,1.B.14,LacI,2.A.2,GH77
CE1,LytTR,8.A.59
CBM13,8.A.21
2.A.6,2.A.6,2.A.6,GH95
GH51,2.A.5,2.A.28
GT2,9.B.186,GT51
GH2,9.A.8
1.A.23,GT9,3.D.1,3.A.1
