3.A.11,3.A.15,3.A.15,3.A.15,GT9,GH39,HisKA|Response_reg|HATPase_c|PAS,2.A.4
GT2,9.B.18
3.A.6,GH16_3,1.A.11
GH120,MarR,2.A.6,2.A.6
3.A.5,Pribosyltran,GH146
GH95,3.A.1,3.A.1,3.A.1
3.A.10,2.A.37,GntR,GH95
3.A.1,3.A.1,SBP_bac_1,GH39
GT1,3.A.1
9.B.183,9.A.25,CE1,PALP,CE1,CE1,2.A.58,Trans_reg_C,dCache_1|HisKA|HATPase_c,2.A.6,2.A.6
GH9,3.A.1,3.A.1
CE11,3.A.7
3.A.1,PL11_1,PL11_1
GH43_19,4.D.2
1.A.11,GH10,1.I.1
3.A.11,ACT,ACT,GH127,SpoIIE,4.C.1
GH35,3.D.6,3.D.6,3.D.6,3.D.6,3.D.6,3.D.1
GH43_12,2.A.5,GT4,GH43_1
3.A.1,GT4|GT2
3.A.1,GH30_2,3.A.1,3.A.1,3.A.7
GT4,9.B.18
GT2,3.A.1,1.A.23
GH78,3.A.1
GH2,2.A.1,GH2,9.A.40,3.A.1,SBP_bac_1,3.A.1
GH9,GT112,8.A.1,2.A.6
3.A.5,GT19
GH43_29|GH43_29,2.A.21
GT2,Aminotran_1_2,2.A.6,CBM48|GH13_9
3.A.1,AAA,CE9
GT4,3.A.1
