GH95,1.E.34
GH28|GH105,PL1_2,CE8,1.B.14,8.A.46,PL1_2,GH57,GT4
GH128,1.B.14
2.A.40,GH28,1.B.6
9.B.27,CE4
9.A.40,PL11_1,GH25
2.A.7,GH27|CBM35
3.A.12,PL1,1.B.9
CE12|CE12,1.B.14,4.B.1
GT19,2.A.16
3.A.1,3.A.1,CE15,GH43_19|GH43_29,1.B.42
3.D.4,GH8
3.A.1,GT4
GT2,1.B.48
GT2,GT4,1.B.57
GT4,2.A.1,4.A.5
PL4_4,1.B.14
1.B.14,GH31
2.A.17,GH3
3.D.6,3.D.6,3.D.6,3.D.6,3.D.6,3.D.6,GT2
2.A.27,PL11_1
3.A.1,GT2
9.A.25,9.A.25,GH67,Sigma70_r4_2|Sigma70_r2,GH43_1,GH10,2.A.2,GH115,GH43_2,GH43_7|GH43_7
9.B.156,GH43_34
GT2,GT4,Fer4,3.A.1
2.A.49,PL11_1
3.A.18,HD,CE11,GT51,3.A.1
2.A.7,GT4,HD,1.B.42,GH43_10
GT2,GH105,Pyr_redox_2,2.A.76,2.A.13,2.A.107
3.D.1,GH154,GH43_4
GT2,2.A.66,1.B.18
GT2,3.A.1,GT2|GT2,GT2,GT2,GT2,GT2
3.D.10,9.A.25,2.A.4,GH28
1.B.44,GH51,Response_reg,1.B.14
8.A.3,GH23,HD,CE8,GH30_8
GT51,9.B.186
9.B.146,2.A.103,GT28
1.B.14,GH43_17
