2.A.62,CE4
3.A.9,HTH_AraC,GH94,2.A.66
GH13,GH53,GH13_14,GH97,CBM20|GH77,2.A.2,LacI,1.B.14
3.A.1,GH3
9.B.186,GT51
GT2,3.A.1,9.A.40
GH5_38,3.A.9
GT19,2.A.40,2.A.40,GH5_2,3.A.16
GH5_7,CE7,GH26,GH130,2.A.2,3.D.1,3.D.9,3.D.1,3.D.1,Fer4,3.D.1,3.D.1,3.D.1,3.D.9,CBM50,2.A.17
9.B.146,2.A.103,GT28
1.B.73,9.B.18,GT2,B12-binding,GT2
GT2,2.A.1
GH5_4,1.I.1
3.A.1,3.A.1,GH31,2.A.1
9.B.160,GH51
2.A.58,1.B.14,GT4,Aminotran_1_2,4.D.2,GT2,9.A.25
GT2,3.A.1
2.A.67,GH95
GH9,CE1,GH3,GH3,CE1,2.A.7
GH32,GH32,2.A.1
GH51,2.A.1
GH3,1.B.14
GH43_35,3.B.1,HD,1.B.42,2.A.37,1.B.12
8.A.59,LytTR,GH5_4
3.A.1,3.A.1,3.A.1,GT51
3.D.1,GT9
GH43_1,2.A.2
