GH106,9.B.18
GT8,GT14,9.B.97
GT27,TrkA_C,3.A.1,1.B.14,2.A.1,GH28,CE8,GH105,PL1_2
2.A.33,GH106
GH43_2,9.B.145
2.A.22,2.A.22,GH97
GT4,9.B.144
GH125,2.A.50
2.A.6,GH146,1.B.17,2.A.6,2.A.6
2.A.7,GT2
3.A.1,3.A.1,GH36
2.A.1,2.A.66,GH13|GH13,GH13_36,8.A.46,1.B.14,2.A.2,8.A.59
CBM67|GH78,2.A.5,9.B.169
3.A.1,2.A.37,CBM67|GH78
9.A.40,GH29,3.A.1,3.A.1,2.A.6
2.A.7,GH95,2.A.27,3.A.1,GH2,8.A.21
3.A.1,3.A.1,3.A.1,1.B.17,GH9|CE4,2.A.23
2.A.1,GH43_28|CBM32,2.A.86,3.A.9
2.A.47,CBM67|GH78,2.A.40
1.E.43,GH2
GT28,9.B.146
3.D.1,GT5
GT0,9.B.18,8.A.3
2.A.36,2.A.25,GH3
GH33,HTH_AraC,2.A.115,2.A.115
3.B.1,3.B.1,3.B.1,3.A.2,3.A.2,3.A.2,GH171
1.A.35,GH73
9.B.186,GT19,GH92,GH20,PL33_1,GH25
2.A.114,GH2,9.B.158,HATPase_c,9.B.104
9.A.25,GH109,9.B.14
GH106,2.A.67
3.D.1,GH20,2.A.51,2.A.51
3.A.2,3.A.2,GH171
