GT2,3.A.3,1.B.14,8.A.46
2.A.124,2.A.124,GT51,FUR,1.B.14
1.B.14,GH97
GH29,3.A.5,9.B.124,9.B.124,9.B.124,9.B.124
9.B.144,GH73,Aminotran_1_2,1.B.44
GH23,9.B.157
2.A.21,GH171
GT19,8.A.58,9.B.120,GH89
1.A.14,1.A.14,GH13_6,1.B.57
GT4,GT4,1.B.44,9.A.25,9.A.25,9.A.25
GT35,GT3,1.A.33,1.B.42
2.A.66,GT2
1.I.1,9.B.186,GH29
1.B.44,3.A.6,HD,GH20,2.A.62
3.A.11,HTH_AraC,2.A.7,GH92,GH92,2.A.64
2.A.51,2.A.51,GH9|CE4
1.B.14,GH16_3,GH5_46|GH3,1.B.14,GH43_28|CBM32,GH144,GH3
2.A.81,GH13_6
GH133,GT4,GH57,GH3,4.A.2
1.B.14,CE7,GH130,2.A.2,GH94,GH36,GH26,GH2,1.B.14,1.B.14
GH13_8,2.A.25
3.A.11,GT51
4.C.1,GH3
GT28,2.A.103,9.B.146
2.A.73,CE1,GH3
2.A.1,GH32,GH32,1.B.14
2.A.2,CBM20|GH77,GH13_14
2.A.50,1.E.40,GT27,GH25
2.A.25,CBM32|GH2,GH3
