2.A.2,GH10,GH43_1,3.A.1,2.A.21
GT51,8.A.3,GT4,GT4,GT4
GH3,GH144,1.B.14,GH144
GH20,GH2,1.B.14
GH18,2.A.21
GH5_4,GH26,GH130,GH31,GH3,GH5_4,GH2,2.A.2
GH2,3.A.1,2.A.115,2.A.66
3.A.1,GH2,1.B.14,GH26
1.B.42,3.A.6,GH43_35,GH5_4
9.B.158,GH29
CE1,1.B.42
2.A.1,GH43_2|GH43_29,1.B.14,1.B.14
GT2,GH9,GH94,GH3,GH106,GH3,CE1,CE1,GH3,CE1,GH3,CE1,CE1,1.B.14,HTH_AraC,GH3,2.A.38
GH31,1.B.14
GH5_26,8.A.5
GH28,CE12|CE8,GH105,PL1_2,1.B.14,8.A.46
2.A.1,GH43_10,4.A.5
9.B.146,GT28
GH77,2.A.66,2.A.1
4.B.1,3.A.1,1.B.14,8.A.46,GH16_3,GH3,GH30_3
3.A.5,4.C.1,GH13,GH13,GH53,GH13_36,8.A.46,1.B.14,2.A.2
GH3,8.A.46
2.A.40,2.A.40,GH2
9.B.10,GH109
2.A.1,GT2
GH171,1.A.34
