1.B.14,CBM9,Aminotran_1_2,2.A.66
3.A.2,3.A.2,9.B.158,GH92
GT2,2.A.123
9.B.174,GH73
2.A.49,1.B.14,GT2,3.A.5
GH3,1.A.23,2.A.115,9.B.1
1.B.14,HTH_AraC,GH5_7|GH26,GH130,GH31,GH2|GH53,2.A.1,GH3,2.A.2
2.A.7,GH94,GH3
GH92,3.A.1,3.A.1,3.A.1,3.A.1,2.A.73,4.C.1
GH2,2.A.37,2.A.107,2.A.19,3.A.9
GH20,4.A.2
1.B.14,GH51,Fer4,2.A.5
3.A.5,Pyr_redox_2,GT2
GH30_3,GH3,GH16_3,1.B.14
GH20,1.B.14
2.A.38,GT19
GH13_38,9.B.126
9.B.146,2.A.103,GT28
GH20,HTH_1,2.A.38
GH92,HhH-GPD,3.A.1
GH25,3.D.1
1.B.14,8.A.46,GH20|GH20
2.A.95,2.A.1,GH18
GH36,1.B.14,8.A.46
GH109,1.B.48
GT2,GT4,3.A.1,8.A.3
2.A.7,GH33,GH43_10,LacI,GH28,CE12|CE8,GH105,PL1_2,1.B.14
2.A.4,9.B.115,GH27,CE7
8.A.3,GT4,GT0,GT4,GT2
GH2,1.B.14,8.A.46
2.A.66,GH3
9.A.8,GH171,GH18
2.A.67,GH171,GT2
2.A.13,GT83
2.A.23,Aminotran_1_2,CE9
8.A.21,GH9|CE4,9.B.20
3.D.1,GT5
3.D.10,3.D.10,GH20
CBM20|GH77,2.A.23
2.A.81,PALP,GH97,2.A.25
