GH43_1,2.A.2,GH35,1.C.113,GH29,GT4
9.B.27,CE4
1.A.23,GH3,ATPase_2,1.A.33,GH3,Nitroreductase,GH2
3.A.25,2.A.51,2.A.51,GH43_5,GH43_19|GH43_34,GH43_19,2.A.28,GH13,GH9,GH2,PL11_1,GH28,GH51
PL1|CBM77,3.A.12
GH43_35,GH51,1.B.14
1.B.14,GH53,GH2,GH51
1.E.34,GH43_16
1.C.105,GH97
GT2,2.A.1
GH128,LytTR,8.A.59
GH43_34|CBM32,2.A.1,CE1
GH105,PL11_1,PL11_1,1.B.14,GH77
GT51,Trans_reg_C,HisKA|HATPase_c,2.A.37
GT4,9.B.18
CE12,2.A.16,TPR_2,2.A.16
GH115,GH97,GH94,3.A.1
GH92,CBM50,1.B.14
9.B.169,GH27
1.B.6,GH51,GH2
9.A.40,GH25
GH51,GH28,1.B.14
GH106,CE12,3.A.1
GH43_10,9.B.186
PL11_1,GH3,2.A.1
GH51,Pyr_redox_2,2.A.7
GH25,CBM67|GH78,3.A.1,PL1_2,8.A.46,1.B.14,GH2
GH2,PL38|GH88,CE15,GH5_21|GH43_10,GH10|CE1,2.A.38
GT19,8.A.3,HTH_3,GH23,HD,CE8,MerR,9.B.171
1.B.14,GH97
9.B.146,2.A.103,GT28
2.A.58,GT9
3.A.1,GH27|CBM35
GH5_46,GH16_3,1.B.14
PL11_1,2.A.115
3.A.24,CE19,CE7
GH31,GH146,3.D.1,GH95,2.A.67
GH43_35,3.A.1
1.B.44,Fer4,GH128,GH43_19
GH92,GH36,2.A.2,GH130,GH26,CE7,3.A.11
1.B.14,GH32,HTH_AraC,1.B.14,GH32,GH32,2.A.1
GH3,2.A.6,2.A.6
GH16_3,9.B.169
GH2,8.A.5,HTH_AraC,GH29,GH29,GH2
2.A.9,GT2,GH78,9.B.146,9.B.18,9.B.18
GH109,2.A.114
3.A.1,GH51,GH27|CBM35,CE1
9.B.144,HTH_AraC,GH5_7
3.D.5,3.D.5,3.D.5,3.D.5,CE11,GT51
GH67,CE1,8.A.1,2.A.6,2.A.6
3.A.18,GH125,1.B.14,GH38
2.A.50,GH43_10,3.A.10
2.A.7,GH115
2.A.115,8.A.21,CE7
GT2,3.A.1
4.C.1,GH2
