2.A.1,GH97,2.A.22,2.A.22
GH105,GH2,9.B.1
3.D.10,3.D.10,GH16_3
GH78,GH97,GH10,1.A.30
GH29,1.B.14
3.A.1,PfkB,1.A.33,GH163
GT51,9.B.186
3.A.1,GT2,GT4
GH2|CBM32,2.A.21
CBM20|GH77,9.B.196
GH2,1.B.14,3.A.1,1.B.14
3.A.1,GH20,GH20,3.A.1,3.A.1
GH20,9.A.25,GH109,GH78,9.B.55
1.B.14,1.B.14,GH2
GH30_3,9.A.40
GT2,GT83,1.C.105
GH92,GH125,9.B.158
9.B.146,2.A.103,GT28
GH76,1.A.8,1.A.22
GH2,Glyoxalase,1.B.14,GH28
GH2,9.B.198,2.A.66,GH2
GH171,GAF,9.B.186
CE9,1.A.1,GH32
1.B.44,GH3
9.A.25,9.A.25,3.A.11,2.A.37,CBM67|GH78,3.A.1
GH88,Pribosyltran,GT35,GT3,2.A.19
GH43_2,3.A.11,9.B.174
2.A.66,GH73
9.B.168,2.A.9,2.A.1,GH36,Pencillinase_R,GH16_3
GH23,HTH_3,3.A.7,GT19,GH127,GT2,3.A.16
GH95,8.A.1,2.A.6
9.A.25,GH38
GH106,4.A.2
