3.A.1,3.A.1,GH10,2.A.66
3.A.1,3.A.1,CBM35|GH26
9.B.198,GT4,GT4
3.A.1,3.A.1,GH138
GH88,GH154,PL33_1,3.A.1,3.A.1
GT51,2.A.45,3.A.1,3.A.1,3.A.1
3.A.1,3.A.1,GH65,GH65,LacI,GH28
3.A.1,GH51
GH27,3.D.6,3.D.6,3.D.6,3.D.6,3.D.6
GT2,4.C.1,2.A.58,GT5
3.A.1,GH27
GH13_39,3.A.1,3.A.1,4.F.1
1.A.35,2.A.66,GH151
2.A.66,GH3,PIG-L,GH171,3.A.1,3.A.1
3.A.1,3.A.1,GH3
3.A.1,3.A.1,GH5_4,GH130,3.D.10
9.A.8,GH3
3.A.1,3.A.1,GH105
8.A.5,SBP_bac_1,3.A.1,3.A.1,GH112
3.A.1,CE9
GH5_37,8.A.5,GT28,3.D.1,3.D.1
3.A.1,3.A.1,3.A.1,GH13_29,3.A.1,3.A.1
GH3,3.A.16
3.A.1,3.A.1,3.A.1,2.A.66,GH3,3.A.2,3.A.2,3.A.2,3.A.2,3.A.2,3.A.2
GT2,GT4,GT35,GH77,Pribosyltran,9.B.174
2.A.16,3.A.5,GH29,1.A.33
2.A.7,GH120
3.A.1,3.A.1,GH13_31
GT2,2.A.4
GT5,3.A.1,3.A.1,3.A.1,3.A.1,3.A.1
