GH13_14,HTH_AraC,2.A.66
3.A.1,GH16_21|GH16_21
PL1|PL9_1,9.B.34
GT28,2.A.103,9.B.146
1.C.82,CBM4|GH9,GH9
GH5_1,3.A.1,3.A.1
3.A.1,GT4
GT4,GT4,PALP,9.B.18
CE2,3.A.1
3.D.6,3.D.6,3.D.6,3.D.6,3.D.6,GGDEF,GH124
GH141|CBM6,GH2,3.A.1
3.A.1,3.A.1,3.A.1,GH30_8|CBM22|CBM22|CE4,8.A.21
GH5_37,2.A.50
3.A.1,CBM4|GH9
CE8|PL1,3.A.1
3.A.1,3.A.1,GH48
3.A.1,GH3
4.C.1,GH5_1
2.A.6,2.A.6,3.A.2,3.A.2,3.A.2,3.A.2,3.A.2,3.A.2,3.A.2,GT4,GT4
GH43_4|CBM13,3.A.3,PL1_2|CBM6,1.A.13
GH5_4|CBM22|CE17,9.B.149
9.B.74,TetR_N,GH5_4|CBM80,EPSP_synthase,3.D.1,GT35,GH13_39
3.A.25,ACT,GH3
3.A.1,GH43_24|CBM32,PL31
2.A.115,2.A.45,GT2,2.A.19,3.A.1
CE1,9.A.32,HTH_5,9.B.18
3.A.1,3.A.3,3.A.9,GH30_5|CBM62
