3.A.1,3.A.1,HTH_AraC,GH31
CBM22|GH10|CBM9,9.B.34
2.A.86,EAL|GGDEF,GH43_35
9.B.18,GT4,GT4
2.A.66,GT2,2.A.50,2.A.66
GT35,8.A.59,8.A.59
GT4,GT4,9.B.18,2.A.58,GT2,9.B.18,GH13_11
3.A.12,GT2
3.A.1,3.A.1,SBP_bac_1,3.A.1,GT39
9.A.40,GH115,CE17,GH8,3.A.1,3.A.1
GH43,2.A.51,2.A.51
8.A.59,GT2|GT2,GT2,3.A.1,3.A.1,GH25
GT2,3.A.1,GT2
9.B.18,GT2
3.A.9,9.B.34,CE4
3.A.1,3.A.1,CE12,GH105,GH28,CE8
2.A.5,GH3,8.A.7,GGDEF|GAF,GH43_29
3.B.1,3.B.1,3.B.1,GH10
9.B.18,GT2,GH3
GT4,GT4,GT2,2.A.66,GT2
3.A.11,SpoIIE|dCache_1,GH3
GH43_12,GH43_27,2.A.66
GT11,GT2,9.B.18
3.A.1,3.A.1,3.A.1,CE4,GH5_4,3.A.1,3.A.1
3.A.1,GH5_4,2.A.22
GH3,8.A.59,9.B.34
2.A.66,GH130,9.B.18,2.A.19,GGDEF,GGDEF,GH77,CYTH,3.A.1
GH2,2.A.2,GH36
CBM34|GH13_39,3.A.16
GH27,GH13_20,EAL|Response_reg|GGDEF,3.A.1
GH0,3.A.1
8.A.59,GH29
GH25,9.A.11,9.A.11,9.A.11
GH115,2.A.66,3.A.1,3.A.1
GH2,2.A.1
GT2,PIG-L,2.A.38,2.A.38
1.A.23,CBM48|GH13_9
3.A.1,GH9
CE1,3.A.1
