GT28,2.A.103,9.B.146
2.A.66,CE19
2.A.1,GH32,1.B.14,HTH_AraC,2.A.6
2.A.58,GT9,PfkB,2.A.81,3.A.1
2.A.47,Peripla_BP_2,3.A.1,FUR,CE12
2.A.2,GH130,GH26,CE7,1.B.14
3.A.1,GT2,2.A.66,2.A.115
9.B.186,GT51
3.A.1,3.A.9,GT5
3.A.2,2.A.62,GT2,GH73
9.A.40,CE7
CBM4|GH10,1.B.14,GH35,GH67,HTH_AraC,2.A.2,GH10,GH43_1
9.B.18,GT2,GT2,GH163,2.A.66,GT2,GT4
GT2,GH95,GerE,1.B.14
1.B.14,GH28,HTH_AraC,GT2
GH43_12,1.A.8
GT2,3.A.1
PL10_1|CE8,GH2,HTH_AraC,Y_Y_Y,1.B.14,8.A.46
9.B.27,PL1_2|CE8
GH3,2.A.81,2.A.50,9.A.40
GH13,GH13_14,GH97,CBM20|GH77,2.A.2,LacI,1.B.14,8.A.46
GT83,5.A.1
3.A.1,3.A.1,Rhodanese,2.A.40,Pribosyltran,GH16_3,1.B.14,8.A.46,GH3
1.C.113,GT30,HD,1.A.30,3.A.3,GT2,GT4
2.A.23,GH2
GH66,GH97,GH27,8.A.46,1.B.14
CE8,1.B.14,2.A.123,GT2,GT83
GH25,2.A.115
CE8,1.B.14,8.A.46
GH53,3.A.1
GH28,2.A.51,2.A.51
