9.B.18,GT4
GH43_12,1.B.14
2.A.2,GH43_1,GH67
1.B.18,9.B.146,GT4,GT4
1.B.14,HTH_AraC,GH31,GH2,GH3,9.B.18,8.A.3,Fer4,GT3,GT35,GH43_4,1.B.14,1.B.14,PL11_1,PL26
GT28,2.A.103,9.B.146
CE19,1.B.14,PL1_2
2.A.1,GH32,HTH_AraC,1.B.14,GH32
3.A.1,1.B.18,GH35,GH28,2.A.22
2.A.21,GH127,GH141,GH78,GH28,HTH_AraC,1.B.14
GH141,1.B.14,SBP_bac_3,1.B.14
9.B.168,GH23
2.A.21,B12-binding_2|B12-binding,GH31
3.A.1,CE4
CE12|CE8,2.A.50,GH115,3.A.11,HD,GT30
GH5_4,1.B.14
GH28,1.A.14
PL1,1.B.14
3.A.1,8.A.3,GT4,GT4,GT4
2.A.37,GH146
3.D.1,GT9
1.B.14,CE8,GH105
3.A.1,GH105|GH154,PL42,2.A.28,9.B.174
1.B.14,PL11_1,GH26
3.A.1,CE7
GH51,Nitroreductase,AAA,GH28,9.B.18
3.A.1,EPSP_synthase,GH2
2.A.2,GH130,1.B.14
2.A.67,PL1
GH2,1.A.8
2.A.22,GT19,8.A.3,GH23
1.B.14,CE15,4.C.1
1.B.14,4.B.1,2.A.47,2.A.66,GH31
1.B.14,CE7,GH5_7
GH10,1.B.14,1.B.14,GH43_12
4.C.1,1.B.14,GH105,GT5
CE1,GH3,CE1,3.A.3,GH5_4
1.B.14,GH105,CE12,GH106
