1.B.14,1.B.14,2.A.2,GH43_9
GH95,1.B.14
2.A.28,1.B.14,GH10,2.A.8
2.A.40,HATPase_c,4.C.1,GH146,CE1,GH51,GH120,2.A.66,CE6
GH10,GH43_7,GH43_7,1.B.14
GT51,3.A.7,HTH_11,1.A.33
1.B.14,GH43_28,GH43_28
GT27,2.A.38
GH10,2.A.115,2.A.115
2.A.114,2.A.115,GH43_10,GH3
2.A.9,GH51
9.B.146,GT28
GH97,GH9,9.B.55
GT94,9.B.144
GH9,2.A.25,GH3
GH120,9.B.186
GH51,3.D.5,3.D.5,3.D.5,3.D.5,3.D.5
2.A.1,CE1,3.D.10
GH43_7|GH43_7,GH95,GH31,1.B.14
GT4,4.C.1
3.D.10,3.D.10,GH2|GH2
GH43_2|CBM6,2.A.21
3.A.1,GT5,3.D.1,4.B.1
1.A.22,GH3
9.A.8,GH43_7,GH43_1,2.A.2
3.A.5,GH51
2.A.1,CBM32
3.A.1,GH77
CE1,9.B.18
