2.A.114,GT2
GT4,3.A.1,GT2,GT2
GT2,9.B.34,9.B.18,GT2,GH25
GH25,3.A.1,3.A.1,4.D.1,GT2|GT2,GT2,9.B.18
9.B.97,2.A.36,TrkA_C,2.A.19,MCPsignal,GT35,GH77,CYTH,GH94,3.A.1,3.A.1,1.B.52
3.A.16,CBM34|GH13_39
9.B.18,9.B.18,GT4,GT2
2.A.66,9.B.18,GT26
3.A.1,3.A.1,3.A.1,3.A.1,3.A.1,FUR,GT2
1.A.22,GH171
3.A.1,2.A.50,B12-binding_2|B12-binding,8.A.59,2.A.88,GH5_37,GH16_3|CBM4,HTH_AraC,9.B.34,8.A.59,FecR,2.A.7,9.A.8
GH5_2|CBM2,2.A.1,9.B.31
CBM48|GH13_9,8.A.5
GH43_35,2.A.6
GT2,GT2,4.D.1,3.A.1
GT8,GT8,3.B.1,3.B.1,3.B.1
9.A.40,Aminotran_1_2,GT2,3.A.12
3.A.1,3.A.1,3.A.1,3.A.1,GH13_11
CBM4|GH9,9.A.40
GH13_11,8.A.59
GT1,9.B.34
