3.A.1,4.C.1,GH13_8
GT2,GT11,GT2,9.B.18
GT2,GT2,GT2,3.A.1,3.A.1
2.A.35,2.A.17,CBM50,1.B.48
3.D.9,3.D.1,3.D.1,3.D.1,Fer4,3.D.1,3.D.1,3.D.9,3.D.1,2.A.2,GH130,GH26,GH5_7
3.D.1,GT9,8.A.5
3.A.1,Aminotran_1_2,3.A.1,2.A.107,GH36
3.A.1,9.B.169,GH3
1.B.14,8.A.46,GH99,GH97,GH92,GH92
1.B.14,GH30_3,1.B.14,GH28,PfkB,GH146,GH51
2.A.2,2.A.2,GH43_1
1.B.14,1.B.14,GH94,2.A.47
GT19,8.A.3,GH23
1.B.18,9.B.18,9.B.18,GT4
GH31,Reg_prop|Y_Y_Y|HATPase_c,1.B.14
9.B.27,CE4,GH3
2.A.6,2.A.6,GH89,HD,2.A.25,GH5_38
GH43_10,GH31,2.A.86
GH13,GH43_7|GH43_7,GH43_2,1.B.14
GH5_21,CE6|CE1,GH10|CE1,GH95,GH3,SBP_bac_1,HTH_AraC,GH115,1.B.14
CE6,2.A.21
GH32,2.A.1
1.B.6,3.A.7,GH8,dCache_1,1.B.14
1.B.14,CE7,GH35
GH10,2.A.40,3.D.2,CE2,3.A.11
GT2,2.A.1
2.A.1,HisKA|HATPase_c,GH51
2.A.35,GH25,9.A.40
GT2,3.A.1
2.A.16,GT5
GT51,9.B.186
4.D.2,GT4
8.A.5,2.A.1,GH97
2.A.6,GH43_35
9.B.146,2.A.103,GT28
GH3,2.A.4,GH51
1.A.8,2.A.1,GH43_35
1.B.14,8.A.46,CE1,GH3,GT2,2.A.21
1.B.57,GT4,GT2,GH13_6,GH53
GH3,3.A.1
3.A.1,3.A.1,3.A.1,GH53
3.A.24,GH133,GT4,GH57
3.A.5,PIG-L,GH20
GH3,3.A.1,3.A.1,GH3,GH5_46,GH16_3
GH31,GH43_3,TPR_1,1.B.14,GH43_31
1.B.14,GH43_4,GH43_5,GH43_10,2.A.51,2.A.51
9.B.20,CE1,CE1,GH3
CBM32,2.A.40,3.A.1
GH32,HTH_11|HTH_AraC,1.B.14,GH32,GH2
