2.A.2,GH39
2.A.40,GH94
3.A.1,3.A.1,9.B.33,HTH_AraC,CBM67|GH78
GH36,2.A.2
2.A.25,HTH_3,2.A.22,GH77,3.A.2,3.A.2,3.A.2
9.B.33,SBP_bac_1,3.A.1,3.A.1,GH106,GH3
2.A.25,HTH_AraC,GH3,CBM67|GH78
GH5_44,2.A.2,GH43_11,GH42
3.A.1,ACT,GH43_35
GH29,SBP_bac_1,3.A.1,3.A.1,GH29,CE9
2.A.66,GT0
GT2,GT2,3.A.1,3.A.1,2.A.66,GT111,9.B.18
3.A.16,CBM48|GH13_9
1.E.12,3.A.16,GT51
GH13,3.A.3
3.A.1,3.A.1,GT35
GH13_20,3.A.3
GH39,2.A.2
GH3,GH43_12,2.A.66,GH106,GH39,3.A.1,3.A.1,3.A.1,3.A.1,3.A.1
1.A.26,CBM48|GH13_9,1.A.11
GH77,3.A.1,3.A.1,3.A.1
4.A.1,GH32,PTS-HPr,8.A.7,GT5
2.A.2,CBM67|GH78,HTH_AraC,1.C.82
