4.D.1,GT4,GT2
GT19,9.B.146
2.A.9,GT2
GT2,2.A.66
GT4,HisKA|Response_reg|HATPase_c,GT4,2.A.21
3.A.1,GH78
GT51,2.A.67,2.A.7
3.B.1,GT5
1.A.33,1.A.87,2.A.28,GH36,GH106
2.A.1,GH2
3.A.12,3.A.16,GH78
3.A.1,3.A.1,GH29
GH51,9.B.149
GH127,2.A.37
1.I.1,GH2
GH109,2.A.21,1.I.1,FeoA,9.A.8
1.A.33,GH130|GH142
GH5,GH127,3.A.1,3.A.1,3.A.1,3.A.1
GH31,3.A.1
GH36,9.A.40,GT2
GH78,4.C.1
GH92,3.A.5
GH29|CBM32,1.A.11
GH95,3.A.2
GH78,CBM67|GH78,2.A.6,2.A.6
1.A.23,PfkB,GH29
1.C.113,Trans_reg_C,CE9
GH127,GH106,8.A.5,PL33_2,GH50|GH140|GH140
2.A.30,GH106
CBM32|GH123,2.A.114
1.A.8,GH13_8
GT113,2.A.66
CBM67|GH78,2.A.27
3.A.5,GH109
GH141,3.A.9
5.A.1,GH148,2.A.23,HATPase_c,3.A.1,2.A.38
GH89,2.A.28,GH106|CBM67
GH43_29,GH43_16,2.A.2
