3.A.1,3.A.1,GT2
GH13_20,3.A.1,3.A.1,SBP_bac_3,3.A.1,3.A.1,3.A.1
GH13_36,SBP_bac_1,3.A.1,3.A.1
2.A.119,2.A.119,2.A.19,2.A.56,2.A.56,2.A.56,GH31,GH31
2.A.66,PfkB,3.A.1,3.A.1,SBP_bac_1,GH31,9.B.28
GH3,2.A.2,CBM67|GH78,GH1,HTH_AraC,GH148,GH94,GH78,GH3
GH2,GH43_35,HTH_AraC,2.A.2,2.A.66
3.A.10,GH13_9,GT5,GH13_39
GH3,GH2,GH43_28,8.A.59,HTH_AraC,3.A.1,3.A.1
GH3,GH43_12,2.A.2
3.A.1,3.A.1,3.A.1,3.A.1,3.A.1,CE4
3.A.1,3.A.1,CE9
GH32,SBP_bac_1,3.A.1,3.A.1
2.A.102,GH36,GH2,3.A.1,3.A.24,GT2
GH77,3.A.1
GH3,Pyr_redox_2,2.A.2
2.A.114,GH3
GT28,2.A.103,9.B.146
3.A.1,3.A.1,GT2
2.A.40,Pribosyltran,3.A.1,2.A.80,CBM50,4.D.1,2.A.38,2.A.38
GT0,9.B.18
GH94,LacI,3.A.1,3.A.1
3.A.1,3.A.1,CE4
3.D.6,3.D.6,3.D.6,3.D.6,3.D.6,3.D.6,GT2
2.A.37,GH2,HTH_3,9.A.24,3.A.1
2.A.25,1.A.1,GH13
