2.A.40,2.A.81,GH3,GH57,GT4,GH133
PL1,8.A.21,3.A.9
2.A.123,GT2,GT83
CE11,GT51,TPR_1,9.B.168
9.B.18,1.B.18,GT2
GT4,GT2,2.A.66,GH163,GT2,9.B.18,9.B.18,GT2
GH95,3.A.1,2.A.37
1.B.14,GH16_3,GH5_46,GH3
9.A.25,PL1_2
3.A.16,GT19
CE8,1.B.14,8.A.46
GH28,GH28,TrkA_C,2.A.38
CE7,8.A.46,1.B.14,GT2
CE19,HTH_AraC,1.B.14,2.A.23
9.B.146,2.A.103,GT28
GT4,GT2,8.A.46,1.B.14
1.B.14,1.B.14,LacI,2.A.2,GH77,GH97,GH13_14,GH13
9.B.20,3.A.16,GH78,2.A.1,GH141,GH127,GH2,GH137|GH2|CBM57,GH138,CBM67|GH78|GH33,GH140,GH95,PL1_2
1.B.14,PL1_2,1.A.30
1.B.14,HTH_11,GH28,GH43_10,8.A.46,1.B.14
3.A.5,GH28|GH105
2.A.86,GH5_7
2.A.2,GH130,GH26,CE7,GH26,8.A.46,1.B.14,GH10,1.B.14,GH35,GH67,HTH_AraC,2.A.2,GH10,GH43_1,Nitroreductase,2.A.103,9.B.157,9.B.157
2.A.1,GT5,3.A.9,3.A.1
1.A.8,GH43_12
CE2,1.A.33
GT2,FecR,1.B.14
2.A.6,HTH_AraC,1.B.14,GH32,2.A.1
1.A.30,2.A.21,CE4
GH25,1.B.9
3.A.2,2.A.62,GT2
GT51,9.B.186
3.A.1,Pkinase,GT113,GT2
GT23,2.A.66
3.A.1,GH53,GH13_7
GH106,GH105,HTH_AraC,1.B.14,GH28
5.A.1,GT83
2.A.21,GH31,GH141
GH5_4,2.A.17
CE12,CE8,PL1_2,1.B.14,3.A.3
GT3,GT35,3.B.1,3.A.1
GH2,2.A.23
