GH115,1.B.14,HTH_AraC,GH13,GH13_14,GH97,CBM20|GH77,2.A.2,LacI,1.B.14,8.A.46
9.B.146,2.A.103,GT28
GH92,HATPase_c|HisKA,GH92,GH2,GH28,1.B.14,GH28,Sigma70_r2|Sigma70_r4_2,GH43_1,2.A.2,2.A.2
2.A.1,GH32,3.A.1,GH32,1.B.14,HTH_AraC,1.A.1
GH2,2.A.1,GH28,CE12|CE12,8.A.5,PL26,GH2,HTH_AraC,1.B.14,1.B.14
GH28,2.A.25,2.A.38,2.A.38
GH35,GH2,TPR_2,2.A.1
1.B.14,CE12,GH2,GH105,GH106,2.A.37
GT4,9.B.18
GH73,3.D.5,3.D.5,3.D.5,3.D.5,3.D.5
8.A.59,LytTR,CE2
GH31,9.B.174
1.B.14,GH94
2.A.66,9.A.25,Aminotran_1_2,GH3,CE4,9.B.27
1.A.33,CBM50
GT2,9.A.25,GT2,GT2
9.B.20,HTH_AraC,1.B.14,1.B.14,GH43_5,GH51,GH43_4,GH43_10,GH43,9.B.196
GH36,2.A.107,GH51,GH146
3.A.1,GH3
GT19,8.A.3,HTH_3,GH23,HD|ACT,CE8
3.B.1,HD,1.B.42,2.A.37,4.C.1,HTH_3,GH97
GT2,GT2,GT4,GT4,9.B.146,9.B.18
2.A.76,TPR_1|SpoIIE,Glucokinase,GH28|GH105,1.B.14
9.B.186,GT51
2.A.6,GH5_4,GH5_4,GH26
3.A.1,2.A.1,4.C.1,GH13_8
PL1_2,PL1,CE8,1.B.14,8.A.46,GH28,PL10_1|CE8,GH3,CE12,CE7,CE19,GH43_10
GH43_10,GH5_21,CE6|CE1,GH10|CE1,CE15,GH95,GH3,4.C.1
9.B.186,CE1,GH43_7,GH43|CBM6,GH43_29|CBM6,GH3,1.B.14
GH2,GH31,Reg_prop|HATPase_c|Y_Y_Y,2.A.1
GH31,Peripla_BP_2,3.A.1
GH5_7,CE7,GH26,GH130,2.A.2,3.D.1,3.D.9,3.D.1,3.D.1,Fer4,3.D.9,3.D.1
1.B.9,GH25
GT2,3.A.9
3.D.1,GT9
8.A.59,1.A.8,GH43_12
GT2,3.A.1,1.A.62,AAA,3.A.10
2.A.1,GT2
GH25,2.A.35
2.A.1,CE1
