GT2,1.B.14,2.A.21
3.A.11,GH106|GH28
3.A.9,GH154,GH105,GH2,GH51
3.A.1,3.A.1,PL22|PL22_2
GT4,GT11,GT2,9.B.18
GH97,1.B.14
PL1_2,GH28|GH105,3.A.1
CE2,2.A.50,2.A.115,LacI,GH31,GH2,GH10|CBM6|CBM6,2.A.1
CE19,1.B.14
2.A.47,GH73
2.A.51,2.A.51,GH13,GH13_14,GH97
4.C.1,GH127,GH141,2.A.1
GH92,1.A.23
CE1,GH3,3.A.9
2.A.50,CE2
GT28,2.A.103,9.B.146
9.A.25,3.A.16,GT2
2.A.6,2.A.6,GH5_38
GH115,9.B.169
GH97,GH43_29|CBM6,2.A.1
GT19,8.A.3,HTH_3,GH23,HD,CE8,1.B.14
2.A.35,GH28,GH25
GH97,2.A.67
3.A.10,GH43_10
2.A.1,GH3,HTH_AraC,1.B.14,GH32
2.A.21,9.B.97,GH43_10,GH28,GT4,GT4,GT4,GT2
GT2,GT4,3.A.1
GH2,2.A.13
GH43_12,3.A.7
GH32,GH32,2.A.1
GH25,1.B.9
2.A.5,GT2
GH43_19,3.D.2
GH43_18|GH143|GH142,CE19,GH95,GH140,CBM67|GH78|GH33,GH2,2.A.16
2.A.4,GH51
GT11,GT32,GT4,PL12_3,GT4,9.B.198
GT51,9.B.186,GH43_35
GH28,1.B.14
GH28,1.A.22
3.A.1,9.A.8,CE12
2.A.1,GH29
2.A.49,CE8
2.A.16,HTH_AraC,CE6|CE1
3.A.7,GH89,GH92,GH92
2.A.25,GH95
3.A.3,GH28
CE7,HMA,3.A.1,3.D.4
2.A.2,LacI,1.B.14,8.A.46,GH13_6,GH53,3.A.1
GH23,GT5,3.B.1,Glyoxalase,1.B.14
3.A.25,PL11_1,2.A.2,GH130,GH26,CE7,GH5_7,GH5_4,1.B.14
GH43_1,GH35,GH10,2.A.2
1.A.23,GT2
2.A.21,GH31,GH141|GH141
1.A.62,GH97,PL1_2,8.A.46,1.B.14,CE8
8.A.46,CE12
1.A.3,CBM6|GH43_29|CBM6
GH2,GH106,8.A.46,1.B.14
CE11,GT51,TPR_1|AAA,3.A.1
GH138,GH78,ATPase_2,2.A.21
GH3,GH28,GH105,1.B.14
1.A.3,GH13_36
9.B.120,3.A.1,3.A.1,9.B.18,CBM67|GH78,CE1
GT9,8.A.5
GH146,3.A.3
1.B.14,GH43_7
1.B.14,CBM13,GH128
2.A.22,2.A.22,GH105
