1.B.9,CE11
GH2,2.A.114
GH95,1.C.12
1.B.42,GH29,GH109,GH43_17
2.A.21,GH127
8.A.46,1.B.14,GH92,GH92
9.B.14,3.A.1,3.A.1,GH146
3.A.1,Pribosyltran,GH2,2.A.25,1.A.8
1.B.14,GH5_7,HTH_AraC,GH130
GH110,2.A.22,2.A.22
GH2,2.A.50
GH97,GT4,9.B.144
GH116,1.B.14
2.A.50,GH92,2.A.6
2.A.6,GH151
2.A.49,GT2,GT2
CE1,3.A.1,2.A.1,1.B.14,GH5_13
GT51,3.A.7,HTH_11,1.A.33
2.A.103,GH51
GH73,1.A.35,2.A.107
CE15,2.A.47
GH92,GH92,ATPase_2,1.B.14
GH29,2.A.47
GH29,3.A.1
1.B.14,GH78
GH33,3.D.6,3.D.6,3.D.6,3.D.6,3.D.6,3.D.6
GH171,3.A.2,3.A.2
GT92,3.A.6,1.B.42
9.B.18,GT4,1.B.73
9.B.18,GT4
GT0,9.B.18,8.A.3
GH51,9.B.198
GH109,CBM67|GH78,CBM67|GH78,2.A.115
1.B.14,GT2,TrkA_C|Pyr_redox,3.A.1,2.A.1
GT8,GT4,GT4,GT4,8.A.3
GH92,2.A.1,GH13|GH13,GH13_36,8.A.46,1.B.14,2.A.2,8.A.59,LytTR,1.B.14,8.A.46
GT19,9.B.186
GT28,9.B.146
GH33,GT2,2.A.123,GT83,1.A.8
1.B.18,8.A.3,3.A.1,GT2,GT2,GT2,GT11,GT2,GT2,GT2,GT14,GT2
3.D.1,GT5
1.B.14,GH127,GH127,GH127,GH142,3.A.10,LacI,GH140,GH3,GH3,CBM67|GH78
1.B.14,GH92
GH5_38,8.A.5,2.A.27
2.A.8,Aminotran_1_2,GH13|GH127,GH123,GH20,GH2|CBM32,GH51,GH106,8.A.7,8.A.8,4.A.2
2.A.66,GH106
2.A.40,Pribosyltran,CBM67|GH78
GT2,4.D.1,2.A.50,GT2,GT2
GH171,3.A.2,3.A.2,3.A.2,3.B.1,3.B.1
2.A.86,GH92,3.A.9
9.A.8,9.B.158,2.A.51,2.A.51,GH20
