3.A.1,9.B.31,GH3
3.A.1,GH3
2.A.4,GH35
GH51,GH43_4,GH127,GH43_26,3.A.1,3.A.1,3.A.1,MarR,GH43_29
GH2,3.A.1,3.A.1,3.A.1
GH13_11,TetR_N,GH2,GH36,dCache_1|SpoIIE,dCache_1|SpoIIE,2.A.49,GH13_31,GH13_31
3.A.1,3.A.1,9.B.28,GH32,GH13_4,GH77
1.C.109,GT5
2.A.66,GT2
1.A.8,Response_reg|HATPase_c|HisKA,GH94,LacI,3.A.1,3.A.1
9.B.34,GT2
3.A.1,GT2
4.D.2,2.A.50,Aminotran_1_2,GT2,GT4,GT2,GT4,3.A.1,3.A.1,GT4,GT2,9.B.18,GT2
GT2,GT2,2.A.50
3.A.12,GT5
GT2,4.D.1,9.B.18,GT4
2.A.86,TPR_2,CBM48|GH13_9
GH13,Aminotran_1_2,2.A.66,2.A.50
GT1,8.A.59,3.A.1
GT4,GT2,3.A.1
2.A.27,GH120,HTH_AraC,8.A.59,2.A.88
8.A.59,GH13_20,2.A.6
GT51,9.B.74,GH1
3.A.1,3.A.1,GT2
9.B.104,GT28
