GT2,4.C.1,GH28,3.A.1,3.A.8
GH67,Sigma70_r2|Sigma70_r4_2,GH43_1,GH10,2.A.2,GH115,GH3,GH43_2,GH43_7,GH43_35
9.B.196,2.A.9,9.B.168,3.A.1,2.A.37,GH43_19
GH146,2.A.66
CE4,1.B.42,2.A.62,3.A.3,3.B.1
GH43_10,GH5_21|GH43_10,HTH_AraC,GH3,GH5_4,GH94,2.A.2,1.B.14,8.A.46,GH2|CBM32,CE6,GH43_29|CBM6|GH43_29|CBM6
GT0,3.A.1,GT2,GT2,1.A.23,GT4,GT2,8.A.21
2.A.16,GH28|GH105,PL1_2
GH97,GH77,2.A.2,LacI,1.B.14,8.A.46
GT2,2.A.1,GH95,GH43_29|CBM6
GH97,3.A.1
GT51,9.B.186
GH36,2.A.7,GH43_29
9.B.14,CE12,GH106
3.A.1,GT2
9.A.25,9.A.25,GH31,HhH-GPD,GT2,GT4
1.E.34,2.A.66,GH115
GT28,2.A.103,9.B.146
2.A.13,SKI,GH3,TPR_2,1.B.48
2.A.107,PL11_1
2.A.22,2.A.22,GH43_34
9.B.18,GH146
GT2,9.B.18
GH29,GH2,2.A.1
2.A.1,8.A.5,GH43_35
2.A.28,GH20
GH2,1.I.1
GT51,2.A.47,2.A.7
GT2,2.A.17,1.A.62
GH29,Response_reg|SpoIIE,2.A.21,2.A.21,1.B.14
GH27|CBM35,2.A.51,2.A.51
GT4,GT2,9.B.18
GH115,3.D.2
GH2,2.A.115,GH105
GT3,3.A.12
GH31,2.A.6,2.A.6
2.A.1,GH43_16,GH2
