GH2,GH106,GH2,9.B.20
1.A.8,GH43_12,8.A.5
GT30,3.A.1,3.A.1
2.A.1,GT2
CE2,2.A.50
2.A.2,GH30_1,GH149,GH3,GH5_46,GH16_3,8.A.46,1.B.14
GT51,9.B.168,2.A.9,2.A.1,2.A.81
3.A.1,GT2
PL1,2.A.6
3.A.1,PL1_2,PL1_2
CBM20|GH77,1.B.14
GH77,GH97,GH13_14,GH13,9.B.196,GH53,3.A.1
9.B.186,GT51
2.A.35,GH25
3.D.4,GH28
GH94,HTH_AraC,GH5_38,1.B.14,8.A.46,3.A.1
1.B.14,CE8,HD,GH23,HTH_3,8.A.3,GT19,2.A.38
9.B.146,2.A.103,GT28
GH2,3.A.18
CE1,Pkinase,2.A.21,GH31,GH141,GH95,GH140,CBM67|GH78|GH33
GT2,GT2,2.A.62
3.D.6,3.D.6,3.A.9,GT5
1.B.14,GH32,GH32,2.A.1
9.B.18,GT0
GH3,3.A.11
PL1_2,1.B.14,CE8,PL1_2,PL1,GH28|GH105
