GT8,GT4,3.A.5,3.A.5,3.A.5
GH51,3.A.1,3.A.1,3.A.1,HTH_5,GH43_26,GH43_4,GH25
GH13_28|CBM26|CBM26|CBM26,MCPsignal,3.A.1,3.A.1,HTH_AraC,GH94
2.A.66,PfkB,LacI,GH32,GH13_18,3.A.1,3.A.1
9.B.34,3.A.1,3.A.1,SBP_bac_1,CBM34|GH13_20,LacI,3.A.1,3.A.1
GH1,4.A.1
3.A.1,3.A.1,2.A.22,EAL|GGDEF|SBP_bac_3,GH120,Peripla_BP_2,3.A.1,3.A.1,3.A.1,3.A.1
1.B.52,8.A.59,3.A.1,3.A.1,SBP_bac_1,GH36,HTH_AraC,4.A.1,GH1
GH77,3.A.1,3.A.1,3.A.1
3.A.1,3.A.1,3.A.1,3.A.1,3.A.1,GH16_3|CBM4|CBM4
GT2,GT2,9.B.18
GT2,Aminotran_1_2,3.A.1,GT14|GT2,GT2,GT2,GT32,GT2,GT2,GT4|GT2,GT4,8.A.3,GT14
GT111,GT2,9.A.8
9.B.18,GT2
GT2,3.A.1,3.A.1
3.A.1,2.A.50,Aminotran_1_2,2.A.7,9.B.18,GT0,GT2,GT2
9.B.125,HhH-GPD,8.A.59,2.A.49,GH36,2.A.2,GH2
2.A.28,GH16_21|CBM13,CBM2|GH5_1,GH9|CBM3|CBM2,GH5_4|CBM2,GH25
9.B.97,Aminotran_1_2,GT2,GT2
4.C.1,GT2
9.B.142,GT2
GT4,GT4,9.B.18,GH25
3.A.11,GT4
3.A.1,3.A.1,GH43_1
3.A.9,GH10|CBM13|CBM2,GH43_16|CBM36|CBM13|CBM2
GH31,3.A.1
2.A.114,CE9,SIS,4.A.1,GH170,4.A.1
GH133,3.A.2
2.A.1,dCache_1|MCPsignal,GH115,GH10|CBM9,3.A.1
2.A.51,2.A.51,9.B.10,FUR,CBM13|CBM2|CE1
3.A.1,3.A.1,GH127
GH32,4.A.1
GH3,9.B.34,CBM4|GH9,2.A.1
2.A.2,GH39,2.A.2,GH39
3.A.1,3.A.1,SBP_bac_1,9.B.28,GH3,CE17,GH43_12,9.B.33,HTH_AraC,3.A.1,3.A.1,3.A.1,GH8
2.A.66,GH2,2.A.79,3.A.1,3.D.1,9.A.40
3.A.7,GH11|CBM36|CE4,3.A.1
3.A.12,GT5,9.A.40,3.A.1
GT28,9.B.104
3.A.1,3.A.1,GH2
2.A.66,9.B.34,3.A.1,3.A.1,3.A.1,3.A.1,GntR,3.A.1,9.B.33,HTH_AraC,2.A.115,2.A.45,GH3
GT8,GT4,3.A.1,GT2
GH13_31,CbiA,2.A.40
8.A.59,Reg_prop|Response_reg|Y_Y_Y|HATPase_c|HisKA,8.A.59,Response_reg,GH42,HD,9.B.34,1.A.1,2.A.35,2.A.40
GH43_27|GH43_22|GH43_29,CBM6|CBM2,3.A.1
GH13_20,9.B.74,9.B.74
2.A.86,TPR_2,CBM48|GH13_9
9.B.18,GT2
