GT2,1.B.73,1.B.42
3.A.1,3.A.1,CE12
2.A.47,3.A.1,GH43_10,3.A.9
2.A.16,2.A.2,1.B.14,8.A.46,GH2
PL1_2,1.B.6
GT2,4.C.1
8.A.51,Glucokinase,CE4,4.B.1
8.A.5,1.B.14,8.A.46,GH16_3,GH128
2.A.19,GT4
2.A.7,GH31,8.A.46,1.B.14,GH36
9.B.144,MerR,GH23
GT19,3.A.16,2.A.51,2.A.51
8.A.3,3.A.7,1.B.14,8.A.46,PL1_2,GH28
3.A.9,GH57,GT4,GH133
1.B.14,8.A.46,GH66,GH97
CBM20|GH77,8.A.58
GT28,2.A.103,9.B.146
9.B.18,GT2
GH9,2.A.2,8.A.46,1.B.14,GH5_4,GH94,HTH_AraC,2.A.115
GH16_3,2.A.2,GH149,GH30_1,GH3,3.D.10,3.D.10
GH105,CYTH,2.A.1
