CBM22|GH10,SBP_bac_1,3.A.1,3.A.1
3.A.1,3.A.1,GH27,GH94
8.A.59,GH3,3.A.1,3.A.1,GH3,3.A.1,4.C.1
9.B.31,GT2
8.A.7,PTS-HPr,4.A.1,GH13_4
9.A.8,GH27
3.A.24,3.A.1,2.A.66,3.D.1,HATPase_c,3.D.1,3.D.1,GH42,9.B.105
GT35,GH77,2.A.37,3.A.1,3.A.1,3.A.1
GH94,GH3,3.A.1,3.A.1,SBP_bac_1,GH94,GH161,3.A.1
3.A.16,GT51
3.A.1,3.A.1,CBM67|GH78,GH43_28|CBM32,9.B.28,2.A.66,GH3,GH1,GH43_35
3.A.1,3.A.1,HTH_AraC,3.A.1,3.A.1,3.A.1,SBP_bac_1,GH53|CBM61,GH13_36,GH146,2.A.21
GT35,GGDEF,3.A.15
GH43_35,3.A.1,3.A.1,PspC,2.A.58
GH32,1.A.33
GH8,GH13_4,CBS,2.A.24
GH13,3.A.1,3.A.1,3.A.1,3.A.1
2.A.86,CE4
3.A.1,3.A.1,3.A.1,GH51
3.A.7,GT4,3.A.1,3.A.1,MarR,GH5_4,CE2,GH36
GH3,2.A.2,CBM67|GH78
