2.A.2,GH130,GH26,CE7,GH5_7
1.B.14,1.B.14,8.A.46,GH28,CE7,GH33,CE19,GH3,GH57,GT4,GH133
9.B.20,2.A.64,Fer4,Fer4,GH3,CE1
1.B.73,9.B.18,GT2,B12-binding,GT2,2.A.66,1.B.18
GH13_36,2.A.1
GH23,2.A.114
3.A.1,GT2
GT2,2.A.37,1.B.12
GH9,3.A.1,3.A.5
1.B.57,GT4,GT2|PL10_1|CE8,GH13_6,GH53
8.A.46,1.B.14,LacI,2.A.2,CBM20|GH77,GH97,GH13_14,CE6|CE1,GH43_2,GH43_7|GH43_7,GH43_29|CBM6|GH43_29|CBM6,GH31,GH43_10,GH9,GH10|CE1
1.B.14,GH10
1.B.14,1.B.14,HTH_AraC,GH13
GH43_1,2.A.2,1.B.14,2.A.58,1.B.14,GH67,HTH_AraC,GH3
GT28,2.A.103,9.B.146
3.A.3,GH35,2.A.25
2.A.21,GH31,GH2
CE4,2.A.62
GH43_35,3.B.1
1.B.42,2.A.37,GH5_38
GT2,1.B.18
3.D.5,3.D.5,3.D.5,3.D.5,GH25
2.A.1,GH51
GH3,HD,9.B.196
GH53,3.A.1,3.A.1,3.A.1
GT2,3.A.3
1.B.14,8.A.46,GH32,GH2,GH32,2.A.1
GH51,9.B.160
GH5_4|CBM72,1.I.1
GT19,2.A.40,2.A.115,GH5_2,3.A.16
2.A.66,GH36
GH25,2.A.35
4.C.1,4.C.1,GH51
3.A.1,3.A.1,GT51
GH94,1.B.14,2.A.66
GT2,2.A.1
GH3,3.A.24
GH31,2.A.25
GT2,GT32,9.A.25,GT2,4.D.2
1.B.14,1.B.44,1.B.44,HTH_AraC,1.B.14,GH43_4,GH43_5,GH43_10,2.A.51,2.A.51
GT51,9.B.186
