3.A.1,3.A.1,GH1
GH13_9,FeS,3.D.6,3.D.6,3.D.6,3.D.6
2.A.66,1.A.26,2.A.66,GH1,2.A.21
GH13_18,GH1,HTH_6,4.A.3,4.A.3
2.A.69,2.A.8,GH1
2.A.19,4.F.1,GT51,3.A.1
4.A.3,2.A.88,GH1
2.A.40,FMN_bind_2,GH1
GH13_20,2.A.66,2.A.66
3.A.1,3.A.1,FUR,1.A.62,HD,GH36,2.A.2,GH2
GH1,GH1,9.B.31
3.B.1,3.B.1,GH3,GH1
3.A.1,3.A.1,GH13_36,GH13
3.D.1,3.D.1,9.B.33,GH31,2.A.2
GH43_35,2.A.58
3.A.16,GH2
3.A.1,GntR,4.A.1,GH13_29
CE9,4.A.6,4.A.6,4.A.6
GH42,3.D.1,GT35
3.A.1,GT28
2.A.66,AAA,HTH_3,GH36,GH36,GH27,3.A.1,3.A.1,3.A.1
2.A.58,2.A.66,GH1
2.A.115,GH1
