3.A.1,4.C.1,4.C.1,GH13_8
9.B.157,CE12,PL11_1,1.B.14
3.A.1,GT2
GH3,GH3,CE1,8.A.46,1.B.14,HTH_AraC,GH9
9.B.174,GH53,CE8,2.A.27
2.A.13,GH25
GH53,3.A.1,3.A.1,3.A.1,GntR,3.A.1
GH106,3.B.1
9.B.18,GH97
8.A.59,LytTR,GH3,GH5_46,GH16_3,1.B.14
1.B.14,GH43_2
3.D.1,GT9
GT2,2.A.23
9.B.18,9.B.18,Aminotran_1_2,GT2
2.A.17,CBM50
3.A.1,CE15
3.A.1,2.A.2,LacI,1.B.14,8.A.46,GH13,1.B.14
9.B.146,2.A.103,GT28
2.A.1,GH32,1.B.14
9.B.27,CE4
GH97,1.B.14
GT5,2.A.16
GH73,3.A.12
1.B.3,GerE,GH43_4,GH43
2.A.35,GH25,1.A.62,AAA,3.A.10
2.A.1,GT2
9.B.125,Aminotran_1_2,3.A.1,GT2,2.A.107,GH36
2.A.7,3.A.24,CE12|CE12
GH2,1.I.1
9.B.14,GH77,GH97,GH13_14
1.B.14,8.A.46,GH105,PL33_1,GH154
GT2,9.B.146,9.B.146
9.B.186,GT51,2.A.7
GH35,2.A.66,3.A.1,3.A.1
GH5_7,CE7,GH26,GH130,2.A.2
9.B.18,GT4,GT4
2.A.2,GH43_1
2.A.109,GH51
9.B.145,GH2
