3.A.1,GH3
CE12|CE12,4.C.1,HTH_AraC,GH29
GT28,2.A.103,9.B.146
2.A.67,GH51,9.B.157
GT0,9.B.97,GT2
GH154,2.A.1,CBM2
1.C.39,GH127,1.I.1,2.A.53
GH43_24,3.A.1,3.A.1,3.A.1
3.A.1,Fez1,GH43_19
2.A.51,2.A.51,GH27|CBM51
3.A.1,Aminotran_1_2,GH95|GH16_3
GH51,2.A.21
CBM13,2.A.38,2.A.38
GH28,9.A.25,9.A.25
1.A.30,3.A.1,2.A.66,2.A.1,GH28,GH43_19,GH2
2.A.81,8.A.3,Pribosyltran,3.A.1,GH73
2.A.49,CBM67|GH78,CE6
3.A.7,GT51
GH10,3.D.5,3.D.5,3.D.5,3.D.5
3.A.1,GH105|CBM32,1.B.14
1.A.22,1.B.14,CE6|CE1
3.D.6,3.D.6,3.D.6,3.D.6,3.D.6,3.D.6,GH141
GH26,2.A.4
GH51,FUR,2.A.119,9.B.124
1.A.14,Aminotran_1_2,GH3,GH106
9.B.144,GH2
1.B.44,GT2
9.B.186,GT51
2.A.1,GH88
