3.A.1,3.A.1,3.A.1,3.A.1,3.A.1,HTH_AraC,GH38,GH0,GH36,GH2
3.A.1,SBP_bac_1,3.A.1,3.A.1,HTH_AraC,GH36
3.A.1,3.A.1,3.A.1,3.A.1,GH3
9.B.142,9.B.142,GT4
CBM50|GH23,3.A.6
1.E.40,GH13
3.A.1,2.A.115,GH120
3.A.1,GH51
9.B.146,2.A.103,GT28
GT2,GT2,3.A.1
GH3,3.A.1,3.A.1,3.A.1,3.A.1,3.A.1
GT4,GT4,GT2,3.A.1,3.D.1
GT4,2.A.66
9.A.40,GT4,GT4
GH38,2.A.1
CBM48|GH13_9,3.A.1,3.A.1,3.A.1
3.A.1,3.A.1,3.A.1,3.A.1,3.A.1,GH53|CBM61
3.A.3,GH3,Nitroreductase,3.A.1,3.A.1
2.A.115,GT35
GH32,3.A.1,3.A.1,3.A.1
CE8,3.A.1,3.A.1
2.A.88,HTH_11,GH94
GT2,PALP,2.A.115
9.B.97,GT4,GT0
3.A.1,GH13_4
GH4,PfkB,1.A.35
GH42,3.A.1,3.A.1,3.A.1
9.B.18,GT4
