1.B.14,GH32,GH32,2.A.1
9.B.144,CBM13
GH43_10,2.A.1,GH3,GH43_1,2.A.2,CE1,2.A.1
GH97,2.A.67,3.A.9,GH94,GH51
4.C.1,GT2,GH30_8
9.B.146,2.A.103,GT28
3.A.1,GT4,3.A.18
1.B.14,GH43_2,GH43_7|GH43_7,GH3,CE15,GH8,GH10|CE1,GH97,GH97,GH31,GH43_10,CE6|CE1
GH43_29|CBM6|GH43_29|CBM6,8.A.5
9.B.27,CE4
2.A.13,GH127,GH127,9.A.40
GH106,GT51,GH5_7,FUR,1.A.23,3.A.11,9.B.168,2.A.9
2.A.35,2.A.17,CBM50
GT2,4.C.1
GH28|GH105,PL1_2,CE8,1.B.14,8.A.46
CE7,1.A.22
GT26,9.B.198
GT2,3.A.1
GH10|CBM6|CBM6,3.A.1
3.D.5,3.D.5,3.D.5,3.D.5,GH25
CE2,1.A.8,2.A.1,1.B.14
GT9,3.D.1
9.B.18,GT2,GH16_3,GT4
GH51,8.A.5
1.A.11,GH38
9.B.20,GH3
8.A.46,1.B.14,GH98,GH43_35,1.B.79,GH92,2.A.25
2.A.62,GT2,GT2,GT2
3.D.1,3.D.1,3.D.1,3.D.1,3.D.9,Fer4,3.D.1,3.D.1,3.D.9,3.D.1,2.A.2,GH130,GH26,CE7,1.B.14,8.A.46,GH26,GH26,GT2
GT2,2.A.66,3.A.9
GH73,1.I.1
1.B.57,GH13,GH13_14,GH97,GH77,2.A.2,LacI,1.B.14,8.A.46
1.B.14,GH43_4,GH27,2.A.51,2.A.51,GH43_5
3.A.3,GH43_16
9.B.169,CE1
3.A.9,GH2
2.A.4,GH2|CBM32
CE12,GH2,9.B.126,2.A.1
GH9,3.A.5
GT27,3.A.18,1.B.42
9.B.55,3.A.1,GH5_4
2.A.66,CE1
GH115,3.A.1
1.B.14,GH115,GH20
GH89|GH89,GH35,3.D.2
GH28,1.B.14
GH92,GH92,1.A.14
CE6,GH31,3.A.16,GH5_2
2.A.5,4.C.1,GH67
GT19,8.A.3,TrmB,GH23,HD,CE8,LacI,GH2,GH31,GH2|CBM32
3.A.24,2.A.1,GT2
1.B.14,GH3
GH43_34,3.B.1,HD,1.B.42,AAA,1.C.105
GH13_8,3.A.1
9.B.186,GT51
8.A.58,GH43_19
GH51,1.A.1
9.A.40,3.A.7,CE15
GH2,9.B.10
1.C.105,CE1,2.A.1
