CE12,CE19,2.A.28
1.B.14,GH20
GH43_24,3.A.18
2.A.1,GH33
9.B.18,GT4
9.B.125,GT2
GH20,GH30_8,3.A.25
2.A.81,GH10|CE1
GH84|CBM32,9.B.104,2.A.6
1.B.14,GH2
1.B.14,GH18
3.D.10,GH27|CBM51
2.A.2,GH77,GH97
GH28,GH97,GH43_10,PL1_2,9.B.55
2.A.1,HTH_3,GH2|GH43_20,GH29
8.A.3,GH43_34
GH115,3.A.5
9.B.146,2.A.103,GT28
3.A.1,3.A.1,3.A.1,GH76,1.B.14
GH9,2.A.66
1.C.105,CE1
GT51,1.A.62,9.B.186
GH43_1,2.A.2
2.A.2,GH130,GH26
4.C.1,CE11
3.B.1,Peptidase_M23,3.B.1,GH29|CBM32
CE1,TPR_1|TPR_2,2.A.1
3.A.1,GH51
2.A.17,2.A.66,GH97
GH13_38,2.A.47
CE12|CE12,9.A.25
3.A.1,GH20,GH20
GH88,GH23,1.B.14
2.A.114,GH146
GH146,Nitroreductase,2.A.114
GH2,2.A.1,1.B.44,GH3,2.A.50
PL11_1,2.A.58,Trans_reg_C,HisKA|HATPase_c,1.C.105
GH85,8.A.46
9.B.158,GH29,1.A.14
