GH36,2.A.2,GH2
GH5_2|GT2,1.A.23
2.A.22,GH31,SpoIIE,Fer4|FeS|PAS,3.A.1
GH29,3.A.1,GH36
GT4,GT4,3.A.1,3.A.1,GT4
1.E.40,4.A.3,HTH_6,GH1,2.A.88,GH1
GH13_9,3.A.1,3.A.1,3.A.1,3.A.1,2.A.50
GT51,4.F.1
GH1,2.A.40,9.B.115
CE4,Glyoxalase,2.A.66
2.A.5,HTH_3,9.B.34,GH3
GH2,CBM67|GH78,GH43_28|CBM32,GH1,3.A.1,3.A.1,GH3,GH1
3.A.2,3.A.2,3.A.2,3.A.2,3.A.2,3.B.1,3.B.1,3.B.1,3.B.1,HTH_1,HTH_11,2.A.70,2.A.70,3.A.1,GH1,GH13_18,GH32,SBP_bac_1,3.A.1,3.A.1
GH32,SBP_bac_1,3.A.1,3.A.1
GH2,3.A.1,3.A.16
GH1,2.A.66
3.A.1,3.A.1,MarR,2.A.66,GH4
GH1,NUDIX,8.A.5
GH13_20,3.A.5,3.A.11
GH78,3.A.12,3.A.12
GH13_31,3.A.1,9.B.20
9.B.18,9.B.18,Pyr_redox,2.A.66,GT4,GT113
3.A.3,GT2
4.A.3,4.A.3,4.A.3,GH1,3.A.1,3.A.1,3.A.1,GH43_12
4.A.6,4.A.6,CE9
9.B.18,GT2
GH31,2.A.2,GH1
3.A.1,3.A.1,GH13_36,GH13
9.A.8,GH170
