4.A.3,GH170,GH4
4.A.3,GH1,GH1
3.A.1,3.A.1,GH5_2|GT2
GH1,GH1,TetR_N,9.B.158
GH1,HTH_AraC,HTH_AraC,GH78,4.A.1,GH1
GH1,2.A.21,GH13_5,Fer4,3.A.1,3.A.1
GH13,GH13_36,3.A.1,3.A.1,3.A.1
4.A.3,4.A.3,GH1
3.A.1,GH2
8.A.5,GH13_31,1.B.42
GH1,4.A.3
GH1,4.A.3
3.A.1,GH32
3.A.1,3.A.1,3.A.1,CE7
GT2,2.A.119
GH2,2.A.14
9.B.106,GH1
4.A.6,4.A.6,4.A.6,HhH-GPD,CBM48|GH13_9,GT35,GT5,GH13_39|GH77
2.A.86,GH3,LytTR,HATPase_c,3.A.1
3.A.5,3.A.5,3.A.16,GT2
9.B.146,2.A.103,GT28
GH1,NUDIX,SBP_bac_3,3.A.1,3.A.1
4.A.2,CE9,2.A.66,9.B.143
GT2,GT2,GT2,GT2,3.A.1
8.A.5,8.A.5,Pyr_redox_2,GH13_31,GH5_44
GH13_18,GH32,GH32,9.B.31,4.A.1
3.A.1,9.B.18,GT2,GT2
GH1,3.A.9,GH1
2.A.115,2.A.66,CBM67|GH78,4.A.1,HTH_AraC,CE1,GH2
4.A.3,GH1
4.A.2,3.A.1,3.A.1,SBP_bac_1,GH32,3.A.1,9.B.28,LacI,3.A.1,4.C.1
GH13_20,3.A.3
GH13_9,4.A.3
GH13,GH13_36,3.A.1,3.A.1,3.A.1
GH77,3.A.1
2.A.3,EAL|GGDEF|Response_reg,GH1
GT5,3.A.1
