2.A.7,GT51
GH92,3.A.1
9.B.18,3.A.1,GT2|GT2|GT2,GT2
3.A.1,2.A.58,GT5
GT35,1.B.33,GT2
1.A.14,GH89,GH20
GH50,PALP,2.A.38
GH20,2.A.1
9.B.146,GH97,GH95,GH2,2.A.115
2.A.22,GH2,3.A.1
9.B.106,GH2
GH89,3.A.1
GH43_18|CBM67|GH78,2.A.28
2.A.50,1.A.8,GH110,2.A.16
3.A.2,3.A.2,3.A.2,GT2|GT2
GH13_3|GH133,1.C.113,GH78,2.A.25
GH106,2.A.21
2.A.1,GH2,GH51
GH2,GH2,3.A.1
4.C.1,1.A.23,GT4
3.A.1,GH127
GH109,GH78,GH2,1.A.87
GH105,GH51|GH127,2.A.78
GH106,9.A.25
3.A.1,GH2,3.A.7
1.A.13,GH106,GH106
GH139|GH139|GH95,1.A.13,2.A.1
8.A.5,GH20
1.A.33,1.A.33,GH78
3.A.1,GH141
GH92,3.A.1
