GH2,2.A.66,3.A.1,3.A.1,3.A.1,GH13_36
GT2,4.D.2
GH42,3.A.1,3.A.1
3.A.1,3.A.1,3.A.1,3.A.1,GH130,GH130
3.A.1,3.A.1,GH66
2.A.66,GH13_4
3.A.1,GH32,3.A.1
CE4,3.A.1,3.A.1
GH154,GH88,3.A.1,3.A.1,SBP_bac_1,LacI,GH2,PL33_1,3.A.1,3.A.1,SBP_bac_1,GH13_29
GH94,3.A.1,3.A.1
2.A.66,GT2,GT2
GT4,9.B.18
GH2,1.A.35
GH43_11,3.A.1,3.A.1,SBP_bac_1,8.A.59
GH23,3.A.1
GH2,3.A.1,3.A.1
GH127,3.A.1,3.A.1
8.A.59,GH127
8.A.5,GH112,SBP_bac_1,3.A.1,3.A.1,HTH_AraC,GH28
GH43_22,2.A.19
4.D.2,GT4,3.A.1,3.A.1,3.A.1,Fer4,3.A.1,2.A.37
GH29,2.A.38,2.A.38
GT2,9.B.97
3.A.15,GH94
