GH67,2.A.22
GH32,3.A.1,3.A.1,3.A.1
3.A.1,GH106,GH95,HATPase_c,GH137
3.A.1,GH106
2.A.66,GH2,2.A.115,2.A.66
GH38,SBP_bac_1,3.A.1
GH20,Peripla_BP_2,3.A.1
GH95,9.B.33
GH3,2.A.7
3.A.1,3.A.1,3.A.1,HTH_1,GH3
GT2,3.A.1,3.A.1
3.A.1,3.A.1,GH77
CBM67|GH78,3.A.1,3.A.1,GH2
9.B.18,GT2,3.A.1,3.A.1,GT2|GT2,GT2
GH5_46,1.A.13
3.A.1,3.A.1,GH28,9.B.28
GH43_24,3.A.1
3.A.1,3.A.1,GH120
2.A.16,GH2,2.A.2
CBM34|GH13_39,3.A.16
GT2,3.A.1,3.A.1
GH2,2.A.2
GH13_4,3.A.3
3.A.1,3.A.1,3.A.1,GH51,GH51,2.A.66
GT2|GT2,GT2,9.B.18,GT2
GH2,HTH_AraC,2.A.108,3.A.1,3.A.1
3.A.1,3.A.1,8.A.59,GH78,HTH_AraC,SBP_bac_1,3.A.1
GH2,3.A.1,3.A.1,3.A.1
GH32,SBP_bac_1,3.A.1,3.A.1
GH31,GH105,SBP_bac_1,3.A.1,3.A.1,GH4,GH28,2.A.66
9.B.28,GH32
2.A.58,3.A.1,3.A.1,SBP_bac_1,GH2
3.A.1,3.A.1,SBP_bac_1,GH3
GH94,9.B.33
2.A.2,GT51
GH18,9.B.142
GH63,HTH_1,1.A.13
2.A.115,Fer4,CE1
3.A.1,GH13_36
3.A.1,3.A.1,PL27,GH112
GH120,SBP_bac_1,3.A.1,3.A.1,GH63,8.A.59
GH42,GH30_1,GH5_44,SBP_bac_1,3.A.1
PL33_1,3.A.1,3.A.1
3.A.1,3.A.1,PfkB,CBM48|GH13_9
3.A.1,3.A.1,GH3,GH43_24,GH43_2
