2.A.7,GH31
9.B.18,GT2,GT2,4.D.1
2.A.115,GH2,2.A.66
GH36|GH36,9.B.28,GH130,GH130,3.A.1,3.A.1
2.A.103,GH13_11
GH2,3.A.1
3.A.1,3.A.1,LacI,GH94
2.A.66,CBM67|GH78,2.A.66,2.A.40
2.A.6,9.A.40,GT2
2.A.119,8.A.7,PTS-HPr,4.A.1,GH13_4,LacI,GT2
9.B.31,GH3
GH42,9.B.28,GH94,3.A.1,3.A.1,HTH_AraC,3.A.1,8.A.59,GH13_20
GT28,Aminotran_1_2,9.B.104
3.A.1,3.A.1,3.A.1,GH32
GH43_35,3.A.9
3.A.1,3.A.1,GH36,3.A.1,3.A.1,3.A.1,HTH_AraC,3.A.1,3.A.1,3.A.1,3.A.1,HTH_3,8.A.3
2.A.66,GT101,GT2,GT2
GT2,GT2,8.A.3,9.B.18
9.B.18,GT4,9.B.183,GT4,GT2,GT2,GT2,GT32,2.A.66
2.A.107,2.A.7,3.A.1,3.A.1,SBP_bac_1,HTH_AraC,GH120,9.B.28,ATPase_2,GH42,8.A.59,HTH_AraC,3.A.1,3.A.1,3.A.1
9.B.28,GH77,3.A.1,3.A.1,LacI,SBP_bac_1,3.A.1,3.A.1,LacI,GH13_31,LacI,GH13_31,3.A.1
3.A.16,GH13_39
GT35,GH77,LacI,GH13,3.A.1,3.A.1
GH13_29,4.A.1
4.A.1,GH1
GT51,2.A.38
GH3,GH3,GH78,2.A.2
