9.A.23,Pribosyltran,GT2
3.A.11,3.A.7,1.A.33,2.A.19,GH31,2.A.58
8.A.59,GT2|GT2
GH77,3.A.1
3.A.11,GT5
CBM48|GH13_9,1.A.23,3.A.1,GH13_11
1.A.23,CE15,3.A.1
GH130,HTH_AraC,9.B.34,1.A.26
GH2,GH95,3.A.12
2.A.1,GT51
3.A.1,3.A.1,GT2
GH43_16|CBM6,3.A.1
GH120,3.A.1,HTH_3,GH10,4.A.1
2.A.1,GH18,2.A.37
GT2,9.B.105,HD,GT35,3.A.1,3.A.1
3.A.1,GH13_39
2.A.115,GH36
3.A.1,2.A.66,GH3,3.A.1,3.A.1,Trans_reg_C,HATPase_c|HisKA,2.A.58
3.A.1,GntR,GH39
GH3,SBP_bac_1,3.A.1,3.A.1
9.B.34,Sigma70_r4_2|Sigma70_r2,SBP_bac_1,GH43_1,3.A.1
