GH10|CBM6,1.B.79
GH146,GH9,9.A.25,9.A.25,CE7,GH26,GH130,2.A.2
GH92,3.A.11
1.A.8,GH5_4,1.B.14,GH5_7,1.B.42,3.A.1
9.B.169,GH29
GH2,GH29,GH146,GH97,2.A.66,GH73
9.B.14,1.B.3,1.B.14,GH146
2.A.119,GH43|CBM32,CBM13,GH128,GH28|GH105,PL1_2,CE8
GH31,GH16_3,3.D.10,3.D.10,GH154,GH43_4
9.B.27,GT113
GH115,GH106|GH43_24,2.A.6,2.A.6,2.A.6,1.B.14,8.A.46,GH16_3,GH3,3.A.1,3.A.1,GntR,3.A.1,3.A.1,3.A.1,3.A.1,3.A.1
1.B.14,GH16_3|GH18
1.B.14,GH35
GH9,Nitroreductase,1.C.105
GH31,GH27,GH31,GH31,GH43_3,1.B.14
1.B.14,GH32,HTH_AraC,1.B.14,8.A.46,GH32,HTH_AraC,1.B.14,GH32,GH30_5,GH32,2.A.1,PfkB,2.A.19
GH13_6,3.A.1
GH92,2.A.25
GH146,9.B.186
2.A.1,GH28,GH115,3.D.10,GH43_29|CBM6,GH98,1.B.14
2.A.114,GH97,GH43_16
1.A.23,GH13_14,PL11_1,PL1_2
GH35,2.A.28,3.D.10,GH51,2.A.58
GT32,GT4,GT4,GT26,9.B.18,GH51,3.D.2
GH28,2.A.49
8.A.46,1.B.14,GH28,3.D.1
GH5_38,GH13_36,GH133,GT4,GH57,2.A.1
9.B.174,GH43_10,GT35
GH95,4.C.1,GH95,GH29
9.B.146,2.A.103,GT28
3.A.11,CBM50,GH2
2.A.115,HD,GH23
GH31,GH127,2.A.22,CE6,GH36
2.A.1,GT2,GH105,PL11_1,PL11_2,2.A.7
2.A.17,GT2,GT2,2.A.1
PL11_1,GH3,2.A.1
2.A.7,GH26,GH3
9.B.18,9.B.18,GT2,HhH-GPD,3.A.1
3.D.6,3.D.6,3.D.6,3.D.6,3.D.6,3.D.6,CE11,GT51
CE8,Glucokinase,1.B.42
9.B.144,HTH_AraC,GH51
3.A.11,GT9
9.B.156,GH2,GH35
GH76,GH92,1.B.14,GH43_26,GH115|GH43_34
2.A.66,GH31
2.A.2,GH10,GH43_1,Sigma70_r4_2|Sigma70_r2,3.A.1
GT2,3.A.1
PL1,3.A.12
