GT51,9.A.25
3.A.1,3.A.1,9.B.18,GT4,GT2
GH32,SBP_bac_1,3.A.1,3.A.1,LacI,9.B.28
3.A.1,3.A.1,3.A.1,GH15,GH13_20
9.A.40,GT4,GT4,3.A.1,3.A.1,Peripla_BP_1,9.B.18,SBP_bac_5,3.A.1,3.A.1,3.A.1,3.A.1,3.A.1,3.A.1,3.A.1
3.A.1,3.A.1,3.A.1,GH13_16,GH13_4,2.A.16,3.A.1
9.B.146,2.A.103,GT28
9.B.142,9.B.142,GT4
3.A.1,3.A.1,GH3
GH36,HTH_AraC,3.A.1,3.A.1,SBP_bac_1,3.A.1
GH13,1.E.40
2.A.115,GT35
CE8,3.A.1,3.A.1
3.A.1,GH28
GT2,GT2,3.A.1,3.A.1
3.A.1,HTH_11,GH94,GH3
GT2,8.A.59
GH31,3.A.1,3.A.1
3.A.1,3.A.1,3.A.1,HTH_5,GT4,GT4,GT2,3.A.1,3.D.1
3.A.1,3.A.1,2.A.49,GH13
GH20,GH20,SBP_bac_5,3.A.1,3.A.1,3.A.1,3.A.1,3.A.1
3.A.1,3.A.1,3.A.1,GH13_36,3.A.1,3.A.1,3.A.1,GH4,3.A.1,3.A.1
CBM50|GH23,3.A.6
GT1,GT1,SpoVT_AbrB,3.A.1
2.A.50,GH13_5
9.B.149,3.A.1,GT2
GH36,GH2,3.A.1,3.A.1,3.A.1
3.A.1,3.A.1,SBP_bac_1,8.A.59,GH94,2.A.86
