GT2,2.A.87,3.A.15,3.A.15
GH77|GT35,HTH_AraC,8.A.59,3.A.1,3.A.1,3.A.1,Peripla_BP_2,3.A.1,1.A.11
GH25,1.E.19,GH18
3.A.1,GH2,3.A.1,3.A.1
2.A.86,TPR_2,CBM48|GH13_9
3.A.1,MCPsignal,GH3
2.A.66,GT2
GH94,HTH_AraC,3.A.1,3.A.1,GH3,GH94,9.A.8
2.A.66,GGDEF,3.A.1,3.A.1,LacI,GH94
GH13_39,3.A.16
3.A.1,3.A.1,3.A.1,MarR,GH51,GH43_4,GH43_26,3.A.3
GH36,2.A.115
9.B.18,GT4,GT2
GH5_2,3.A.1,3.A.1,1.A.22
3.A.1,3.A.1,3.A.1,GH77
4.A.2,PTS-HPr,8.A.7,GT2,9.B.18
3.A.9,GH53|CBM61
2.A.22,GH13_20
CBM34|GH13_20,3.A.1,3.A.1,4.A.1,GH32
3.A.1,GH42
3.A.1,3.A.1,LacI,9.B.28,EAL,CBM34|GH13_20
9.A.40,GT5,3.A.12
3.A.1,GH51,GH127,TPR_1|GGDEF,GH13_28|CBM74
GH32,3.A.1,3.A.1,3.A.1,LacI,9.B.28
