GT35,GH77,HD,GH36,3.A.1,GT2
3.A.1,GntR,GH31
CE2,1.C.82
GH113,9.A.11
GH16_21|CBM13|CBM13,GGDEF,Response_reg|HATPase_c|HisKA|dCache_1,8.A.59
2.A.103,GT28
2.A.6,2.A.6,2.A.50,GH74|GH74,GH36
GH5_4,GH130,2.A.107
CE2,1.C.39
3.D.1,GT2
3.A.1,GH5_2,3.A.1,9.B.160,3.A.1
3.A.1,CE1,2.A.23
1.A.1,GH26,GH95
9.B.144,GT2
GH51,4.C.1
4.F.1,GH3,9.A.8
3.A.1,3.A.1,3.A.1,GH42|GH164
GT2,2.A.7
GH43_35,8.A.5,HTH_11,3.A.5,8.A.59
2.A.66,GH59
4.A.1,GH32,PfkB,PTS-HPr,8.A.7
2.A.22,GH5_10,9.B.34
GH13_11,GH5_2,2.A.58
3.A.1,3.A.1,TetR_N,3.A.1,8.A.59,GH13_14,4.D.2
