GT35,3.A.1
CE9,GH2,Citrate_synt,GH43_24,2.A.66
GT5,2.A.1
2.A.35,GH106
GH2,ACT,2.A.30
9.B.1,3.A.2,2.A.35,3.A.1,3.A.1,3.A.1,CBM67|GH78,GT2
3.A.1,PfkB,3.A.1,HATPase_c,3.D.1,3.D.1,GH5_19
9.B.146,GH78,GH2
GH78,2.A.7
GH50,3.D.6
GH78,9.A.47
2.A.66,GH2
3.A.9,GH106
2.A.51,1.C.113,GH13_3|GH133,GT30,3.A.9
2.A.66,9.A.40,9.A.40,CE12|GH28
2.A.21,GH43_29|CBM6,GH43_1,2.A.2,GH2
GH2,3.B.1
2.A.21,STAS,GT4|GT26
2.A.19,GT2,8.A.7
GH2,CE7|GH2,1.A.30,1.A.30
GH97,3.A.1,3.A.11
3.A.1,GH127
GT2,2.A.66
2.A.2,GH2,CBM67|GH78
2.A.21,GH36
3.A.1,GH29
3.A.1,GH5_19
2.A.103,CE7
9.A.25,GH5_22
