GH78,GH35,2.A.115
3.A.1,GH92
GH35,2.A.64
3.A.1,3.A.1,3.A.1,GT2,GT2,4.C.1
3.D.1,3.A.1,GH5_38,GH13_8,2.A.62,2.A.1
9.B.126,GH2,CE1,PIG-L,CE1
1.C.113,4.C.1,GH92,1.A.8
2.A.81,GH20
GH2,3.A.3
1.A.11,GH92,CE1,GH9
9.B.146,2.A.103,GT28
CBM50,2.A.17
CBM67|GH78,9.B.14
2.A.51,2.A.51,GT2,GH50,GH30_3
2.A.114,2.A.35,CE1
3.A.1,Aminotran_1_2,GH73
1.A.26,3.A.25,GT19
GH16_3,CE1,2.A.35,2.A.76
CE1,9.B.2,2.A.114,3.A.8
2.A.58,GH31,GH127
GT2,GT4,9.B.104,9.B.104
3.A.2,3.A.2,3.A.2,GT3,GT35,9.B.18
GH109,9.A.25
2.A.1,GT2,2.A.21
