GH51,2.A.1
2.A.1,2.A.66,GH77
GH43_12,GH106,3.A.1
1.A.33,HTH_11,3.A.7,GT51
GH20,2.A.51,2.A.51,GH2
GH13_36,8.A.46,1.B.14,2.A.2
9.A.8,3.A.10,GH31
GT8,4.A.2
9.B.14,GH3,GH16_3,1.B.14,3.A.1
3.A.1,GH3
2.A.2,GH3,GH2,GH31,GH130
1.B.14,GH5_7,HTH_AraC,GH36
GT28,9.B.146
2.A.28,GH20
GH63,GH92,4.C.1,9.B.174,1.B.42
1.B.14,GH33
8.A.46,1.B.14,GH29,GH29,8.A.46,1.B.14,CBM9,GH92
GT2,2.A.38,3.B.1,3.B.1,3.B.1
1.B.14,GH26
9.B.115,GH29,2.A.118
2.A.16,GH31
1.B.14,PL1_2,GH105,CE12|CE8,GH28,LacI,GH43_10
1.C.105,1.B.14,GH32
GH171,2.A.7,GH33,GH109,3.A.1,3.A.1,3.A.1
GT5,3.D.1
2.A.21,GH92
CBM67|GH78,GH3,2.A.1
9.B.186,GH3,2.A.1,GT4
GT2,1.A.8
