GT35,GH3,GH13_31,3.A.1,3.A.1,SBP_bac_1,GH13_4,GH9,3.A.1,3.A.1,3.A.1,3.A.1
3.A.1,GH23
3.A.1,3.A.1,GH105,GH43_12,GH43_10
3.A.1,3.A.1,SBP_bac_1,GH2,3.D.1,3.D.1,HATPase_c,3.D.1
GT2,9.B.97,2.A.50
GT2,GH5_37,3.A.5
9.B.105,GT2
GH2,3.A.1,3.A.1,HTH_AraC,GH115,GH2,GH43_12
CE2,3.A.1,3.A.7,HTH_3,9.B.18
2.A.66,1.A.26,3.A.1,3.A.1,3.A.1,3.A.1,3.A.1,GH67,HTH_10,3.A.5
3.A.1,3.A.1,8.A.59,SBP_bac_1,GH127
GH43_27,2.A.115
3.A.1,3.A.1,3.A.1,3.A.1,GH29
2.A.7,Aminotran_1_2,GT2,GT2
GH2,4.D.2,GH38,3.D.1,3.D.1,GH2
2.A.40,Pribosyltran,GH27,2.A.1
GH3,3.B.1,3.B.1,3.B.1
GH130,GH130,3.A.1,3.A.1
GH2,3.A.1,2.A.37,CE4,2.A.21
3.A.1,3.A.1,3.A.1,3.A.1,3.A.1,3.A.1,3.A.1,GH3
2.A.66,GH43_22
GH13_39,3.A.3,GH13_8
GH31,9.A.8,HTH_AraC,3.A.1,3.A.1
1.A.1,GH2,3.A.1,3.A.1,3.A.1
3.D.6,2.A.66,GT2
2.A.88,CE2,GH36
GT28,GT2,9.B.34
2.A.78,2.A.78,9.B.120,GH51
3.A.18,GH28
GH20,3.A.7
3.A.1,GH10
3.A.1,3.A.1,PL33_1
GT1,GH13_36,GH53|CBM61,SBP_bac_1,3.A.1,3.A.1,3.A.1
3.A.1,3.A.1,SBP_bac_1,GH51,LacI,SBP_bac_1,3.A.1,3.A.1,GH88,GH2
3.A.1,3.A.1,GH32,GH32
GH112,GH105,3.A.1,3.A.1
3.A.15,GH94
GH2,HTH_AraC,3.A.1,3.A.1,CBM67|GH78,GH3,GH3,GH35
GH18,GH5_4,2.A.23,2.A.114
GH43_28,CBM67|GH78,GH2,2.A.2,GH36
CE8,2.A.115,2.A.66
3.A.1,3.A.1,3.A.1,GT2
3.A.1,3.A.1,GH13_5,3.A.1,3.A.1,3.A.1,3.A.1,3.A.1
3.A.1,GH130,GH29
