8.A.46,1.B.14,GH5_4,2.A.2,GH94,GH5_38,GH5_4,GH3,HTH_AraC,GT81
GT9,3.D.1,2.A.58,2.A.67
GH53,3.A.1
CBM50,GT2,GT4,1.B.14
GT0,9.B.18
3.A.16,GT19,8.A.3,HTH_3,GH23,HD,CE8
1.B.14,8.A.46,GH32,GH32,2.A.1
GT51,9.B.186
GH13,GH13_14,GH97,CBM20|GH77,2.A.2,LacI,1.B.14,8.A.46
3.D.10,PL1_2,LacI,GerE,1.B.14
CE8,1.B.14,3.A.7,1.B.6
GH2|GH105,GH106,HTH_AraC,2.A.6
GH149,GH30_1,2.A.2,GerE,1.B.14,8.A.46,GH16_3
GH81|CBM32|CBM32,GH3,9.B.14
CE1,2.A.69
3.A.3,GH28
CBM50,2.A.17
1.B.44,GH28
2.A.47,GH3
GH43_10,3.A.10
GH13_8,3.A.1
GH3,4.A.2
2.A.114,GH23
1.B.9,GH25
3.A.9,GH25
9.B.146,2.A.103,GT28
2.A.1,GT2
9.B.18,PL33_1,GT4
1.A.1,CE8,9.B.18
9.B.27,CE4
GT2,2.A.66
9.A.25,GH13_38,PL1_2,GH28|GH105
1.B.14,GT2
2.A.1,GH2
2.A.51,2.A.51,GH25
GH73,3.A.2,3.A.2
3.A.2,3.A.2,2.A.62,GT2
