3.A.12,GT5,9.A.40
3.A.1,3.A.1,3.A.1,3.A.1,GT5,Response_reg|Spo0A_C,3.A.1,3.A.1
GH53,2.A.66
GH13_31,9.B.74,9.B.74,3.A.1
3.A.9,GT2
3.A.1,3.A.1,3.A.1,HTH_AraC,8.A.59,GH3,GH43_12,CE17,GGDEF|Peripla_BP_3,CBM22|GH10|CBM9,CE1,GH8,GH115,3.A.1
1.C.105,GH42
1.C.113,2.A.55,HTH_AraC,GH13_31,CE4,GH31
1.A.11,GT51
9.B.18,GT2,3.A.1,3.A.1
9.B.104,GT28
GH16_3|CBM4|CBM4|CBM4,3.A.1,3.A.1,HTH_AraC,GH94,GH94,1.B.52,GT35
GH3,9.A.11,9.A.11
GH2,2.A.2,HTH_AraC,GT35
3.D.10,GT2,HhH-GPD,GH13_20,PspC,GH42,HTH_AraC,GT8,GT8
2.A.6,GH53
GH77,2.A.49,GH13_14
3.A.5,CE4,1.A.33
GH77,SBP_bac_1,3.A.1,3.A.1,GH13_36,1.B.52
3.A.3,GH5_2
CBM34|GH13_20,3.A.1,3.A.1
3.A.1,3.A.1,SBP_bac_1,HTH_5,GH43_4,GH51,GH43_4,GH43_26
GH13_18,GH36,3.A.1,3.A.1,3.A.1,HTH_AraC,2.A.114,3.A.1,3.A.1,3.A.1,3.A.1,GntR,HTH_AraC,3.A.1,8.A.59,2.A.66
CBM34|GH13_20,MCPsignal,8.A.59,2.A.45,GH51
3.D.1,Glucokinase,GT51
3.A.1,3.A.1,3.A.1,LacI,2.A.86,GH53
9.B.34,HTH_10,GH2,2.A.2,GH36
CBM48|GH13_9,2.A.86
3.A.1,3.A.1,GH130,GH130,CE2,CE17|CBM35inCE17,GH1
