3.B.1,GT5
3.A.1,3.A.1,GH43_28,3.D.10,GH2
CBM51|GH27,3.A.11
2.A.21,GT4|GT26,HATPase_c|HisKA|Response_reg,GT4
GH9,2.A.66
GH20,3.A.9
9.B.20,GH36
GH35,2.A.1,GH29
3.A.6,CbiA,9.B.18,CBM67|GH78
GH20,KilA-N,2.A.6,2.A.6
3.A.1,GH88,4.A.5
9.B.141,CBM67|GH78
3.A.1,GH78,3.A.2,3.A.2,3.A.2
9.B.146,CE9
GH109,GH2,CE7,Pribosyltran,3.A.1,SpoIIE,STAS,2.A.40
3.A.6,3.A.6,3.A.6,Sigma70_r4_2|Sigma70_r2,GH95,9.B.149
3.D.1,3.D.1,3.D.1,PL27
GH39,2.A.37
CBM51|GH27,2.A.37
1.I.1,GH2
3.A.5,GT19,3.A.2
2.A.1,GH13_3|GH133,GT2|GT2,GH97
3.A.1,GH29
GH81|CBM32,GH55,2.A.35
8.A.21,GH146
GH33,2.A.114,2.A.40
