GH2,8.A.46
PL1,3.A.2,3.A.2,3.A.2,3.A.2,3.A.2,3.A.2,GH28,2.A.25,3.A.1
CBM13,8.A.21,3.A.1
3.D.1,3.D.1,3.D.1,3.D.1,Fer4,3.D.1,3.D.1,3.D.9,3.D.1,GT2,GT2,2.A.115
3.A.9,GH10,GT2
9.B.171,PL11_1,GH28,GH2,GH115,1.B.14
1.B.14,GH13,GH13_14,GH97,GH77,2.A.2,LacI,1.B.14,8.A.46
GT11|GT2,3.A.1
3.D.1,GT9
CE1,2.A.28
GT2,2.A.1
9.B.183,GT8,GT2,9.B.18
2.A.21,PALP,2.A.37,1.B.42,HD,3.B.1,9.B.18,GT4
GH3,GH97|CE15,GH29,3.A.1,GntR,3.A.1,3.A.1,3.A.1
GH31,2.A.1,TPR_2|TPR_1,GH35,GH2
3.A.1,GH43_5
GT51,9.B.186,CE1
GH43_10,2.A.1
GH28|GH105,PL1_2,CE8,1.B.14
CE12|CE12,3.A.1
9.A.40,GH25
CE12,3.A.9
GT2,3.A.1
1.B.14,CE2,GH2
2.A.19,Response_reg,GH51,GH146
1.B.79,2.A.35,2.A.17,CBM50
GH128,2.A.53
GH24,9.B.186
GT28,2.A.103,9.B.146
1.A.23,PL1_2
GH2,9.A.25,3.D.10
GH97,2.A.109,Sigma70_r2|Sigma70_r4_2,GH43_1,2.A.2,GH67,GH51,GH51,GH105,GH154,PL33_1,GH53
2.A.16,3.B.1,Peptidase_M23,2.A.81,3.A.5,GH2,GH13_8,3.A.1,9.A.8
3.A.10,GH43_10,GH106,CE12
2.A.64,GT51,9.B.10
GH105,9.B.168
3.A.11,2.A.107,CE7
GH32,8.A.46,1.B.14
