GH76,GH43_8,SpoIIE|dCache_1,2.A.47
8.A.3,9.B.18,Aminotran_1_2,9.B.18,GT4,GT4
2.A.5,2.A.1,1.B.14,AraC_binding,CBM67|GH78
GH95,GH92,CBM50,1.B.14
9.B.158,GH78,GH3,CBM67|GH78,GH3,GH20,CBM67|GH78,GH95,GH43_2|GH106,GH3,2.A.1
2.A.47,2.A.66,GH109
GH5_13,1.A.33
1.B.44,GH123
8.A.46,GH63,2.A.1,1.A.8
9.B.146,HTH_11,GT0,9.B.18,GT4
9.B.196,2.A.2,LacI,GntR,GH32
1.B.14,GH97
2.A.37,GH42
GH3,3.A.9,GH3
3.A.5,3.A.1,3.A.11,HhH-GPD,GH146
1.B.14,GH2
GH29|CBM32,GH92,GH146,1.B.14
GH115,3.A.1,3.A.1
2.A.40,2.A.40,GT19,2.A.4
3.A.16,CBM67|GH78
GH23,2.A.13
GT51,9.B.186,2.A.81,Runt,3.A.1
2.A.1,GH92
2.A.1,GT2
2.A.123,3.A.7,GH95,3.D.10
3.A.1,2.A.1,GH109
GH27,3.A.3,GH95
GT28,2.A.103,9.B.146
GH97,8.A.46,1.B.14
2.A.51,2.A.51,GH2,GH2
GH2|GH43_18,1.B.42,3.A.1,3.A.1
GT27,2.A.47
GT5,3.B.1,GH25,2.A.35
GH76,9.B.14
GH25,1.B.9
GH92,CE15,3.A.18
9.A.25,GH109
