GH25,GH25,3.A.1
9.A.11,9.A.11,9.A.11,GH25
2.A.88,GH3
GT2,PIG-L,2.A.38,2.A.38
GH51,8.A.59
GH2,2.A.1
3.D.6,3.D.6,GH25
GH13_9,1.A.23
9.B.34,CBM22|GH10|CBM9,8.A.59
3.A.1,GT2
1.B.52,3.A.1,3.A.1,GH130,GH36,CE17|CBM35inCE17
GT1,9.B.34
3.A.1,GH29,GH2
GH38,3.A.1,3.A.1,3.A.1
GH127,3.A.1,3.A.1
9.B.18,GT2
3.A.16,GH13_39
GH43_1,2.A.53
9.A.40,GH115,CE17,GH8,3.A.1,3.A.1
9.A.8,3.A.1,3.A.1,3.A.1,CE8
3.A.7,GH5_4
3.A.1,GT39
2.A.38,GH27
GH36,2.A.2,GH2
3.A.1,CYTH,GH77,9.B.34,GGDEF,2.A.19
3.A.1,3.A.1,CE12,GH105,GH28
GT2,9.B.18
3.A.1,GntR,CE1
