2.A.13,GH9
9.B.160,GH51,2.A.66
2.A.7,GH35
GH5_4,CE15,GH10|CE1,GH43_10,GH31,GH43_35,GH43_29|CBM6|GH43_29|CBM6,GH97,GH43_7,GH43_2,CE6|CE1,1.B.14,1.B.14,GH10
GH36,2.A.66
GH94,3.A.7,3.D.4
2.A.1,GH32,GH2,GH32,8.A.46,1.B.14
3.A.3,GT2
GT28,2.A.103,9.B.146
2.A.17,CBM50
3.D.1,3.D.1,3.D.1,3.D.1,Fer4,3.D.1,3.D.1,3.D.9,3.D.1,2.A.2,GH130,GH26,CE7,GH5_7
1.B.14,GH140|GH33,CE19,GH57,GT4,GH133
GH25,3.D.5,3.D.5,3.D.5,3.D.5,3.D.5,3.A.1,3.A.5
3.A.24,GH3
2.A.1,GT2
3.D.1,GT9
1.A.13,TPR_1,GH2,2.A.66,9.B.14
9.B.186,GT51
GH3,2.A.23
GH115,1.B.14
1.A.1,8.A.9,SpoIIE,STAS,GH13_11
2.A.47,GT2|PL10_1|CE8,GT4,1.B.57
CBM20|GH77,3.A.1,3.A.1,GT51
2.A.1,GH51
1.B.14,LacI,2.A.2,CBM20|GH77,GH97,GH13_14,GH53
9.B.144,GH5_21,GH28
3.A.1,3.A.1,3.A.1,GT2,4.C.1
3.A.1,NUDIX,GH25,2.A.35
GH95,9.B.174
GH5_38,2.A.37,1.B.42,HD,3.B.1,GH43_35
9.B.27,CE4,2.A.62
3.A.16,GH5_2,2.A.40,GT19,8.A.3,GH23,HD,CE8,9.B.186,MerR,GH2
GH5_4|CBM72,1.I.1
1.B.14,GH43_4,GH43_5,GH43_10,2.A.51,2.A.51
GH43_1,2.A.2
GH3,HD,9.B.196
GH115,8.A.46,1.B.14
GT2,3.A.1,2.A.47
GT2,1.B.18,PALP,2.A.21
1.B.73,9.B.18,GT2,B12-binding,GT2
2.A.40,GT4
GH67,2.A.58,1.B.14
8.A.46,GH13_6
