GH5_37,GerE,9.B.31,2.A.66,3.D.1,3.D.1,3.D.1,2.A.107
3.A.1,GH11|CBM22|CE1,HTH_AraC,HTH_AraC,GH16_21|GH16_21|GH16_21,HTH_AraC,GH3,3.A.1,3.A.1
3.A.1,2.A.45,GH141|CBM6,GH43_10|CBM22
3.A.16,GH9,CBM35|GH26
2.A.6,2.A.6,3.A.2,3.A.2,3.A.2,3.A.2,3.A.2,3.A.2,GT4,GT4
3.A.1,3.A.1,GT4,GT4,GT2,9.B.102
GH10|CBM22|GH43_16,GH31,3.A.1,3.A.1
9.B.18,GT4,GT2
GH13_20,2.A.66
3.A.1,GH3
CBM22|CE1,2.A.21
GH43_29,CBM6|CBM22|CE1,8.A.3
GH9|CBM3,9.B.100
3.A.1,GH30_5|CBM62|CBM62,3.A.9
GT28,2.A.103,9.B.146
CE1|CE3,3.A.1
9.A.8,CBM4|GH9
1.A.23,9.B.18,CBM4|GH9
GH43_35,3.A.1,3.A.1,3.A.1,GH51
3.A.1,CE1
GH48,GH48,3.A.1,3.A.1
3.A.3,ACT,GH95|CBM32|CBM6,3.A.5
GT5,2.A.38,2.A.38
9.B.18,GH5_4|CBM80
3.D.1,CE8|PL1
3.A.1,8.A.21,GH105,3.A.1,3.A.1
9.B.34,GH44|CBM76
2.A.19,2.A.45,2.A.115,CBM35|GH26|CBM80
3.A.12,GH9|CBM3,CBM4|GH9
