GT28,9.B.146
GH3,3.A.1
9.A.25,GH109,2.A.28,3.A.1
1.B.42,AAA,9.B.174,4.C.1,GH92,GH63
2.A.1,GH43_10
1.B.14,GH33
2.A.1,GH3
2.A.1,2.A.66,GH77
GH20,2.A.51,2.A.51,GH2
2.A.1,3.A.1,3.A.1,3.A.1,3.A.1,GH13_36,1.B.14,2.A.2
GT2,4.C.1,3.D.1
3.A.1,SIS,CBM67|GH78,GH35
4.A.2,GT8
GH125,GH92,8.A.46,1.B.14,GH29,8.A.46,1.B.14,1.B.14,CBM9,GH92
GT27,2.A.38,3.B.1,3.B.1,3.B.1
2.A.2,GH3,GH31,GH130,GH26,GH5_4,GH26
1.B.14,GH5_7,HTH_AraC,GH36
GH171,2.A.7
GH20,GH109,8.A.59,LytTR,GH3,HTH_AraC,1.B.14,1.B.14,CE1,CE1,CE1,GH3,GH3,CE1,CE1,Rhodanese,GH3
3.A.10,GH31
GH43_12,9.B.14,2.A.119
8.A.46,1.B.14,GH20
GH29,2.A.115
GH26,1.B.14,9.B.55
2.A.23,2.A.118,GH5_26
