GH2,9.A.8
9.A.25,1.C.105,GH43_34
GT4,GT9,GT4,3.A.1
4.C.1,4.C.1,GH2
9.B.14,HisKA|HATPase_c,Trans_reg_C,2.A.58,PL11_1
3.A.1,PL11_1
3.A.1,GH53,GH20,GH2,Pkinase,1.E.43
3.A.1,GH20|GH33
3.D.7,2.A.5,GH20
GH51,GH92,9.A.25,9.A.25
9.B.146,2.A.103,GT28
GT2,2.A.22,1.B.14,GH43_19|GH43_34,1.B.14
1.B.14,GH105
9.B.186,GT51
GH43_1,2.A.2,2.A.1,4.A.5,CBM13,9.B.144
3.A.1,GH89
GT5,3.B.1,1.B.14
2.A.115,Reg_prop,GH109,9.A.25
1.B.9,GH25
GH13_6,8.A.46,1.B.14,LacI,2.A.2,9.B.196,GH77,GH97,GH13_14,GH13
9.A.25,GH27
GH25,8.A.58
GT2,2.A.1,2.A.1,2.A.47
GT5,2.A.66,1.A.14,GH92,GH92,GH28,ATPase_2,1.B.14,GH28,Arg_repressor,GH13_6
8.A.21,GH51,2.A.16
3.A.1,GH10,GH16_3
1.E.43,9.A.25,GH95,GH128
1.A.33,CE2,2.A.50
3.D.4,3.A.1,9.A.25,GH115
1.B.14,1.B.14,GH43_4
GT9,3.D.1
GH43_29,1.A.1
9.B.97,GH16_3|GH43_17
2.A.58,ATPase_2,GH109
CE3,GH97,2.A.67
GH73,2.A.13,GH23,3.A.9,GH106
2.A.47,GH127,GH127
