9.B.34,GH13_4,LacI,4.A.1,PTS-HPr,GH32,8.A.7
GH53|CBM61,LacI,3.A.1,3.A.1,GH77,CBM34|GH13_20,GH13_14,GH13_36
2.A.38,Peripla_BP_3|GGDEF,CE2,GH36,GH130
3.A.1,3.A.1,SBP_bac_1,9.B.28,CBM35|GH26,LacI,GH5_4,GH113,GH130
GH43_12,GH5_4,GH29,GH31,GH42,8.A.59,3.A.1,3.A.1
GT2,3.D.1,3.D.1
2.A.115,GT5
2.A.66,HTH_AraC,GH16_3|CBM4
2.A.37,1.A.8,HTH_3|LytTR,3.A.24,CBM4|GH9,2.A.21,3.A.7
GH53,GH42,4.C.1,2.A.66
GH36,2.A.2,GH2,TetR_N,9.B.18
3.A.1,3.A.1,3.A.1,3.A.1,3.A.1,8.A.59,HTH_AraC,GT35
9.B.125,GT2,2.A.66
2.A.66,GH9,PfkB,GH28,GH105,9.B.28,3.A.1,3.A.1,3.A.1
GH94,3.A.12
2.A.35,GH13_20
CBM48|GH13_9,1.A.23
GH13_5,Trp_repressor,9.A.40,3.A.1
3.A.1,GT51
2.A.53,GH3
2.A.45,GH27
