CBM35|GH26,GH9,3.A.16
9.B.102,GT4,GT2,GT4,GT4,3.A.1,3.A.1
GT4,GT4,3.A.2,3.A.2,3.A.2,3.A.2,3.A.2,3.A.2,3.A.2,2.A.6
2.A.50,8.A.21,GH105,3.A.1,3.A.1,3.A.1
2.A.21,GH43_4|CBM13
3.A.1,GH30_5|CBM62|CBM62
9.B.146,2.A.103,GT28
3.A.9,GH26,PL1|PL9_1|CBM77,GH2,GH43_24|CBM32
2.A.19,2.A.45,2.A.115,CBM35|GH26|CBM80
GH97|CBM35,Fez1,9.B.18,GH9
GH43_10|CBM22|CE1,2.A.66
CBM4|GH9,9.B.34
9.B.18,CBM80,GH5_4
GH94,2.A.1
3.A.1,3.A.1,GH31,CBM22|GH10|CBM22|GH43_16
3.A.1,3.A.1,GH3,HTH_AraC,GH11|CBM22|GH16_21,HTH_AraC,HTH_AraC,GH43_29|CBM6|CBM22|CE1,GH11|CBM22|CE3|CE1
GH3,1.A.16
CBM4|GH9,9.B.18,1.A.23
CBM48|GH13_9,GT5,8.A.59
CE8|PL1,Pribosyltran,2.A.40
4.D.2,CBM4|GH9
2.A.5,GH13_20
PL1_2|CBM6,3.A.1
GH9|CBM3,GH9,1.C.82
GT2,2.A.53
