GT51,9.B.186
GH29,Nitroreductase,3.A.1
GH51,3.A.5
CE12,2.A.16
2.A.72,1.A.11,3.A.1,3.A.1,1.B.9,GH25
1.I.1,GH13_8
1.B.14,GH32,2.A.1
GH97,3.A.9,1.A.33
2.A.35,GH25
2.A.53,1.C.105,GH89
9.B.146,2.A.103,GT28
GT2,GT4,1.B.57
3.B.1,HD,1.B.42,GH20,2.A.37
2.A.25,GH31,GH2,GH31
3.A.1,CE4
GH25,AAA,1.A.62
3.D.10,CE7,HATPase_c,9.B.174,2.A.28
2.A.2,GH130,GH26,CE7,1.B.14
3.D.1,GT9,GT2,GT2
GT2,2.A.115
GT2,GT4,GT4,2.A.15,2.A.15
3.A.1,GT2,GT113,GT2,GT4
GH28,1.B.14,GH92,GH92,1.A.14
3.A.1,GH43_1
3.A.1,GH2,GH51
GH115,3.A.1
GH13,GH13_14,GH97,CBM20|GH77,2.A.2
GT51,3.A.11
3.A.25,GT19
2.A.51,AAA,2.A.51,GH51,GH51
1.B.44,GH43_10
3.A.18,CE19
GH36,1.C.113
