GT2,3.A.1
GH97,8.A.5,2.A.1
GT2,3.B.1,Glyoxalase,1.B.14
GT2,9.B.18,2.A.53,Aminotran_1_2,GT35,GT3
GH32,HTH_AraC,1.B.14,GH32,HTH_AraC,1.B.14,GH32,GH32,2.A.1
GH43_10,GH31,9.B.10,ACT,3.D.6,3.D.6,3.D.6,3.D.6,3.D.6,3.D.6,2.A.49
GH105,1.B.14
GH95,3.A.9
3.A.2,3.A.2,GH2|CBM32
GH10,2.A.2,GH43_1,GH67
3.A.1,9.B.18,GT26
GH25,GH25,9.A.40
2.A.35,GH115,3.A.11
GH73,Pkinase,3.A.24
GH146,2.A.115
2.A.22,GH2
1.B.14,8.A.46,PL11
GH2,9.B.174
9.B.168,GH105,GT51,GT4,GT2,GT2,GT4,GT4
9.B.146,2.A.103,GT28
1.A.23,GH31,CE12|CE12
1.C.39,GH106,PL11_1
GH97,1.B.14
GH128,2.A.7,Fer4,3.A.1
GH2,2.A.16,GH10,3.D.1,3.D.1,3.D.1,3.D.1,3.D.9,Fer4,3.D.1,3.D.1,3.D.9,3.D.1
2.A.5,GH2,CE1
GH115,2.A.119
3.A.1,3.A.1,LytTR,2.A.47,HTH_AraC,GH3,GH5_4,GH5_38,GH94,GH3
GH27,2.A.107
9.B.126,CE8
GH43_4,1.B.14,3.A.1
1.B.14,GH2,GH28
1.B.14,GH30_5
GT19,8.A.3,HTH_3,GH23,HD,CE8
GT2,9.B.146
GH106,CE12,1.A.13
3.A.3,2.A.1,GH5_4,GH3,2.A.2
3.A.1,2.A.66,GH35
GH115,1.B.14,3.D.2,GH97
2.A.25,GH127,GH13
1.E.43,2.A.1,GT2
1.C.105,PL11_1
