3.A.24,GT5
GH1,GH3,GH2,3.A.1,3.A.1,3.A.1,3.A.1,3.A.1
1.C.82,GH94
GT35,GH13_39,2.A.23
4.D.1,GT2
GH32,NUDIX,3.A.1
2.A.66,2.A.58,Peripla_BP_2,3.A.1,3.A.1,GH43
3.D.6,Sigma70_r4,3.A.1,2.A.4,GH32,GH43_35,HTH_AraC,3.A.1,3.A.1,GH67,GH39,GH3
GH31,3.A.1,3.A.1,SBP_bac_1,9.B.33,HTH_AraC,HTH_AraC,3.A.1,3.A.1,3.A.1,GH4,GerE,GH4
GH2,9.B.10
2.A.66,9.B.120,GH51
GT2,2.A.66
GH3,HTH_3,3.A.12
3.A.1,3.A.1,3.A.1,SBP_bac_1,GH94
3.A.1,GH13_36
9.B.33,8.A.8,CE1,3.D.1,3.D.1,Fer4,GH29,GH31
3.A.15,GH13
GT4,Fer4,8.A.59
8.A.59,3.A.1,GH43_35,GH5_4,3.A.1,3.A.1
2.A.40,3.A.1,3.A.1,3.A.1,1.A.22,HATPase_c,GT2,3.A.1,3.A.1
3.A.16,GT51,3.A.9
GH51,GH43_4,3.A.1,3.A.1,3.A.1
3.A.7,GH5_4
3.A.1,GH42
GH3,3.A.1
