2.A.86,3.A.1,GT2
2.A.38,2.A.38,GH53
3.A.1,3.A.1,Peripla_BP_2,GH5_37
9.B.74,2.A.6,TetR_N,CE9
3.A.7,2.A.21,GH3,GH3
GT28,GH51,2.A.69
3.A.16,GH13_39
2.A.50,GT2
9.B.18,GT26
GT2,9.B.18
GT4,HTH_3,9.B.18,Aminotran_1_2,GT4
2.A.115,3.A.1,3.A.1,3.A.1,3.A.1,3.A.1,GH43_16|CBM6|CBM13|CE1,GH10|CBM13|CBM2,2.A.50,2.A.1,9.B.125
3.A.1,3.A.1,3.A.1,3.A.1,3.A.1,SBP_bac_1,GH36,HTH_AraC,HTH_1,3.A.1,3.A.1,3.A.1,3.A.1,3.A.1,3.A.1,3.A.1
GH11|CBM36|CE4,2.A.115
3.A.5,HTH_10,HTH_AraC,GH25,PALP|ACT,3.A.5
3.A.1,3.A.1,GntR,GH18,GT2
GT2,GT2,9.B.18
GT2,GT100,3.A.1
GT2,9.B.18,9.B.18,GT4
GH13,9.B.34
3.A.1,3.A.1,LacI,GH42
3.A.1,3.A.1,LacI,GH94
3.A.1,GT11,GT17,GT2,GT11,GH105
CE4,3.A.1
3.A.1,GH43_35
3.A.1,3.A.1,3.A.1,GH65
GH13_20,2.A.66
GT35,GH77,LacI,3.A.1,3.A.1,3.A.1
GH3,3.A.1,3.A.1,3.A.1,GH67,HTH_AraC,GH105,3.A.2,3.A.2,3.A.2,3.A.2,3.A.2,3.A.2
1.A.16,GH25
GH115,HTH_3,3.A.1,3.A.1,3.A.1,3.A.1,GntR,HTH_AraC,3.A.1,8.A.59
GT2,9.B.34,3.A.5,3.A.1,3.A.1,SBP_bac_3,3.A.1
3.A.1,GT2,GT2,GT2,GT2,9.B.18,GT2,CHASE3,1.A.34,EPSP_synthase,8.A.59,2.A.87
1.E.18,GH73,3.A.1,3.A.1,GH13_18
GT2,3.A.11
3.A.7,SBP_bac_3,3.A.1,3.A.1,3.A.1,GH3
2.A.50,GT2
9.B.18,GT2
GT2,3.A.1,3.A.1,3.A.1,HTH_AraC,9.B.33
3.B.1,3.B.1,GH13_11
