GH106,8.A.46,1.B.14
GH5_7,HTH_AraC,9.B.144,3.A.1,9.B.156
GH108,9.A.40
3.A.1,GH43_10,3.A.1,2.A.37,GH106
GH2,9.B.169
GT19,GH13_6,GT4,GT2,4.D.1,GT2,GT4,GT32,GT4,GT4,GT4,GT2,GT2
GT2,ATPase_2,3.A.1,3.A.1,8.A.3
PL11_1,1.B.14,GH2
3.D.4,GH31
1.B.14,GH95
3.A.1,3.A.1,3.A.1,GH3,GH125
GH32,2.A.1,PfkB,2.A.6,2.A.6
CE4,1.A.23
2.A.115,PL11_1
GH73,GH43_10,2.A.62
2.A.7,GH92
3.A.1,GT2
GH29,3.A.3
GH3,GH36,3.A.1,3.A.1,3.A.1,GntR,3.A.1
3.A.18,GH28
3.A.11,GT30
3.A.1,3.A.1,3.A.1,PL11_1
GH13_6,1.B.14
9.A.25,9.A.25,1.B.14,1.B.14,GH2
GH94,3.B.1
2.A.2,GH130,GH26,CE7,1.B.14,1.B.14,GH26,GH5_4
3.A.24,HATPase_c,GH146
GH35,HTH_3,9.A.25
GH2,2.A.38
GH133,GT4,GH57,1.A.22
3.A.9,GH28,CE12,GH2
GH43_1,GH10,2.A.2
2.A.22,CBM50,GH43_3,1.B.14
GH51,GH28,1.B.14,GH67
GT28,2.A.103,9.B.146
GH10|CBM6,GH97,GH31,GH3,CE1,CE15,GH43_29|CBM6|GH43_29|CBM6,1.B.14
1.B.14,GH32
2.A.1,CE19,4.C.1,4.C.1,GT2
GH27|CBM51,3.A.1
3.A.1,GH28
3.A.3,2.A.1,GH3
1.B.14,GH43_19
3.D.1,GH127
3.B.1,GH43_19|GH43_34,HTH_3,GH13|CBM48
CE12,3.A.1
CE8,MerR,HisKA|HATPase_c,9.B.18
