2.A.58,3.A.3,GH2
9.B.146,2.A.103,GT28
2.A.21,GT2,2.A.1,3.A.1,3.A.1
2.A.115,GH130
9.B.145,GH97,GH2,3.A.18
2.A.22,3.A.1,2.A.37,GH171
CBM50,2.A.17,GH27
2.A.7,GH3,3.A.1,GH51
CE2,3.A.9
9.B.126,GH31
1.A.33,GH92,1.A.8
8.A.5,Fer4,GH97,1.C.113,4.C.1
9.B.174,3.A.11,GH29
GH25,3.A.18
2.A.6,2.A.6,GH13,3.B.1,3.B.1,3.B.1,Glyoxalase,2.A.37
GH78,2.A.8,GH2|GH2,GH30_2
GH3,GH106,9.B.14,2.A.1
2.A.35,CE1
3.A.1,GH106,CBM67|GH78,9.A.40
2.A.1,GH32,2.A.23
CE1,GH16_3,1.B.14,8.A.46
CBM67|GH78,1.B.14
1.A.8,GH13
GH109,2.A.50
GT30,HD,3.A.11
GH43_34,1.B.14,1.B.14,8.A.46,2.A.58,GH31,GH127,GH13,CE1
2.A.6,9.B.104,9.B.104,GT4,GT2
GH3,2.A.25
2.A.36,2.A.36,GH2
2.A.2,CE4
GT2,3.A.1,GH5_38,GH92,GH13_8
GT19,3.A.25,1.A.26
GH13_14,3.A.1
3.A.1,3.A.1,PALP,2.A.38,TrkA_C,GH73,Aminotran_1_2,3.A.1
2.A.28,GH43_12
3.A.2,3.A.2,3.A.2,GT3,GT35,9.B.18,1.B.9
GH20,2.A.81
