9.A.11,3.A.10,GT4
GT2,2.A.66,GT2
GH3,9.B.14
9.B.55,PspC,GT35
3.A.1,3.A.1,3.A.1,GT5,GH13_9
GH171,GGDEF,9.B.158,2.A.66
GH3,3.A.1,3.A.1,3.A.1
9.B.157,1.A.33,3.A.3,HTH_5,GT2,HTH_3,GH77
GH5_4,3.A.1,3.A.1
GT2,2.A.66,GT4
GH10,9.B.149
GH53|CBM61,3.A.1,3.A.1,3.A.1
3.A.1,3.A.1,CBM22|GH10,dCache_1|GGDEF|EAL,3.A.1,3.A.1,3.A.1,3.A.1,4.A.1,PTS-HPr,8.A.7
GH94,3.A.1,3.A.1,1.A.22,HATPase_c,9.B.1
9.B.34,3.A.1,3.A.1,3.A.1,3.A.1,HTH_AraC,GH105,3.A.1
9.B.20,9.B.20,PL11
3.A.1,3.A.1,3.A.1,8.A.59,HTH_AraC,GH43_17
3.A.1,3.A.1,GH13_8
9.B.33,3.A.1,3.A.1,GH95
GH94,EAL,3.A.1,3.A.1
3.A.11,GT39
3.A.15,GH13_39
3.A.1,3.A.1,Rrf2,GH20
3.A.1,GH39
GH88,GH154,PL33_1,3.A.1,3.A.1
2.A.66,3.A.1,GH2,2.A.87,3.A.1,3.A.1,3.A.1,3.A.1,3.A.1
3.A.1,3.A.1,3.A.1,8.A.5,GH51,GT28
GH112,NUDIX,LacI,GH105,3.A.1,3.A.1
CE9,3.A.1,3.A.1,3.A.1,1.C.82
GH31,1.A.8
3.A.1,3.A.1,SBP_bac_1,GH105,CE8|CE12
3.A.1,3.A.1,SBP_bac_1,GH43_10,8.A.59,4.C.1,2.A.38,2.A.38,3.A.1,3.A.1
3.A.1,3.A.1,HTH_3,GH2
GH78,GH43_35,GH3,2.A.50,GH2,GH78
1.C.113,GT84|GH94
GH10,3.A.16,8.A.3
GH13,2.A.21
GH4,3.A.1,3.A.1,3.A.1,GH95
GT2,2.A.66
GH3,3.A.1,3.A.1
3.A.1,3.A.1,3.A.1,3.A.1,HTH_AraC,PfkB,GH13_4
3.A.1,3.A.1,GH32,GH32
GH130,GH26,LacI,3.A.1,3.A.1
