3.A.1,3.A.1,3.A.1,GH36,GH13_18,3.A.1,3.A.1
GH31,2.A.66
3.A.16,LacI,GH77,SBP_bac_1,3.A.1,3.A.1,GH13_36
GT28,3.A.1,3.A.1,3.A.1
9.A.40,GT5,3.A.12
3.A.1,3.A.1,GH2,GH53,2.A.66
GT8,GT8,Trans_reg_C,3.A.1
2.A.6,MCPsignal,GH13_20
4.C.1,GT2,3.D.10
3.A.1,CE1,GH8,GGDEF|Peripla_BP_3,CBM86|GH10|CBM9,CE17,GH43_12,HTH_AraC,8.A.59,HTH_AraC,3.A.1,3.A.1,3.A.1
3.A.1,2.A.79,2.A.79,9.A.11,GH94
GH23,3.A.7,1.A.34,3.A.7
GT28,9.B.104
GH18,CBM48|GH13_9,TPR_2,2.A.86
GT2,GT2,GT2,8.A.3,8.A.3,GH3
9.B.18,GT2,GT2,GT4|GT2,3.A.1,3.A.1
GH77,2.A.49,GH13_14
9.B.174,3.A.1,HTH_8,GT26
GT51,1.A.11
3.D.1,GT51
GT2,3.D.1
9.B.141,2.A.21,2.A.25,2.A.19,3.A.1,3.A.1,Fer4,CE4
2.A.66,9.B.18,Aminotran_1_2,9.B.18,GT2
CE4,2.A.6
2.A.38,2.A.38,8.A.59,3.A.1,9.B.34,MCPsignal,3.A.1,3.A.1,HTH_AraC,GH94,GH94,CBM4|GH16_3|CBM4|CBM4,HTH_AraC,GH3
9.B.158,2.A.35,2.A.115,HTH_AraC,GH13_31
3.A.1,3.A.1,Spo0A_C,GT5,3.A.1,3.A.1,3.A.1,HTH_3,GntR,3.A.1
3.A.1,3.A.1,Aminotran_1_2,2.A.66,GH25,CBM34|GH13_20
8.A.59,GT8,GT4,3.A.5,3.A.5
2.A.86,2.A.66,GH32,2.A.16
GH0,1.A.1
CE9,4.A.1,4.A.1
2.A.115,HTH_psq,GH5_2,3.A.3
