GH23,9.B.157
GT2,GT4,GT4,2.A.2,GH77,GH13_14,GH13,GH53,GH13_6,8.A.46,1.B.14
9.B.144,GH73
1.B.14,FUR,GT51,2.A.124
GT2,3.A.3
2.A.4,GH2
2.A.51,2.A.51,GH9|CE4,9.B.97
GT4,9.B.18
GH23,3.A.7
2.A.66,GT2
GH29,9.B.186,1.I.1,HTH_AraC,2.A.7
GH3,GH2,2.A.25
2.A.62,GH20,1.B.14
3.A.5,GH29
GH3,9.B.14,1.B.3,9.A.25
4.C.1,GH97
9.B.146,2.A.103,GT28
1.C.39,8.A.21,GT4
GH97,GH27,1.B.14
2.A.1,GH32,GH32,1.B.14
3.A.9,GT35,GT3,1.A.33,1.B.42,1.A.3
2.A.119,2.A.66,GT2
2.A.114,Fer4,CE4,GH3
2.A.81,GH13_6,1.B.14
GT2,2.A.66,1.B.14,GH16_3,GH3
GH171,2.A.21
3.A.11,GT51
GH89,9.B.120
