GT19,8.A.3,HTH_3,GH23
2.A.1,2.A.47,GH92
GH171,GT2,2.A.21,GH171,1.A.34
2.A.1,GH32,GH32,1.B.14,3.D.1
1.B.14,8.A.46,GH85
GH3,GH16_3,1.B.14
GH29,GT2,3.A.18
1.B.14,AraC_binding,GH23
GT4,GT4,GT2,3.A.5
CE4,2.A.66,2.A.115
GH73,3.A.1
2.A.35,GH25
9.B.186,GT51
2.A.17,CBM50,GT2
3.A.16,GT27
2.A.1,GH2
2.A.66,GT56
GT4,GT4,9.B.18,Aminotran_1_2,9.B.18,9.B.174
GT28,2.A.103,9.B.146
9.B.2,HTH_AraC,2.A.6,2.A.6,GH36
4.A.5,GH105,1.B.14
9.B.144,4.B.1,1.B.14,GH13,GH13_14,GH77,1.B.17,2.A.6,2.A.6
GT32,GT2,1.B.18
CBM32|GH92,CBM32,GH92,1.B.14
1.B.14,GH26,1.B.14
1.B.14,1.B.14,8.A.46,GH18
GH27,CE7,GH5_7,GH3,GH26,GH130,2.A.2
1.B.14,8.A.46,GH27
GH89|GH3,1.B.14
1.B.14,9.A.8,GT2
GH20,1.B.14
