GH95,FecR,1.B.14,1.B.14
GH2,GH3,PspC,1.A.62
1.A.34,GH171,2.A.21,GT2,GH171
GH20,GH92,GH31,8.A.46,1.B.14
9.B.186,GT51
GH27,8.A.46,1.B.14
GH133,GT4,GH57,3.A.1
GT4,GT2,3.A.5
GH89|GH3,1.B.14
9.B.18,9.B.146,GT4,GT4,GT2,GT0
GH23,AraC_binding,1.B.14
9.B.146,2.A.103,GT28
2.A.115,2.A.66,CE4
2.A.35,GH25
GH92,GH92,2.A.40,2.A.33
2.A.17,CBM50
3.A.16,GT27
8.A.46,1.B.14,GH3,GH18,GH29
GH130,2.A.2,1.B.14
GH20,GH20,GH33,3.A.1,3.A.1,3.A.1,3.A.1
2.A.37,2.A.115,1.B.14,GH85
3.A.18,GH29
GH18,8.A.46,1.B.14
1.A.14,GT30
GT4,GT4,GT2,GT19,8.A.3,HTH_3,GH23
