2.A.10,GH23
3.A.1,3.A.1,3.A.1,3.A.1,3.A.1,GH73
4.F.1,3.A.1,3.A.1,3.A.1,CBM50|GH23
CBM50|GH23,1.C.39
2.A.115,CBM68|GH13_14,LacI,3.A.1,3.A.1,3.A.1,GH77,GT35
8.A.3,8.A.3,9.B.18,GT4,GT4,GT2,GT2,2.A.66
2.A.86,9.A.40,GntR,4.A.1,GH13_29
2.A.103,GH25
3.A.3,GH53|CBM61,4.A.3,4.A.3,GH1
2.A.1,GH1,4.A.3
CBM48|GH13_9,GT5,GT35,3.A.2,3.A.2,3.A.2,3.A.2
1.A.8,GntR,GH35,4.A.6,4.A.6,4.A.6,4.A.6
3.A.1,3.A.1,3.A.1,Pencillinase_R,3.A.3,HMA,GT51
3.A.7,GH73
3.A.1,3.A.1,3.A.1,3.A.1,LacI,GH32,4.A.1
3.A.1,3.A.1,4.A.3,4.A.3,GH1,4.A.3,GntR,2.A.3,3.A.5
CE4,1.I.1,9.B.143
GT2,3.A.1
3.A.1,3.A.1,3.A.1,GT8
3.A.1,3.A.1,3.A.1,3.A.1,GH1
GT2,3.A.7
2.A.58,CE9
2.A.21,Trans_reg_C,GT4,GT4
3.A.1,GT4,GT0
