GH23,GH23,3.A.7
GT2,GT2,3.A.1
3.A.1,3.A.1,GH35,GH35
2.A.1,GH42,GH42,TetR_N,2.A.1,2.A.1,GH51,GH30_2,TetR_N,GH3
GH3,3.A.1,3.A.1,3.A.1
2.A.61,PfkB,LacI,GH2,GH2
3.A.1,GT2
3.A.1,GH20
3.A.1,3.A.1,GH31,GH31
3.A.1,3.A.1,GH32,2.A.1
CE9,3.A.1,3.A.1,3.A.1,3.A.1
3.A.1,GT5
2.A.20,2.A.114,2.A.114,2.A.114,GH13,TetR_N,1.I.1,2.A.40,2.A.40
2.A.2,GH2
3.A.1,3.A.1,GH13_9
GT2,Whib,3.A.7
2.A.28,Aminotran_1_2,GT4
GH51,GH51,2.A.45,3.A.1,3.A.1
3.A.1,3.A.1,3.A.1,3.A.1,3.A.1,GH42,GH42
GH32|GH32,Peripla_BP_3,9.B.28,3.A.1,3.A.1,3.A.1,2.A.1
GH42,3.A.1,3.A.1,SBP_bac_1,2.A.1,3.A.1,3.A.1,3.A.1,2.A.1,4.C.1
GH13_3,2.A.107
1.A.11,1.A.11,3.A.5,TetR_N,GT2
9.A.47,CbiA,9.B.27,Peripla_BP_3,LacI,3.A.1,GH43_32,3.A.1,3.A.1
3.A.9,1.A.33,GH13_14,CBM41,GH13_32
GH13_14,3.A.1,3.A.1,SBP_bac_1,GH13,GH77
GH13_30,2.A.88,3.A.1,3.A.1,2.A.1
2.A.1,2.A.1,GH13_18,1.A.43,1.A.43
GH93,GH120,3.A.1,3.A.1,TetR_N,3.A.3,3.A.3
GH32,3.A.1,3.A.1
GT2,3.A.1
3.A.1,3.A.1,GH13_31,GH13
3.A.1,3.A.1,GH0
