4.A.1,GH1
8.A.5,1.A.33,2.A.20,GH32,4.A.1,LacI,3.A.1
GT2,3.A.1
GT4,4.F.1
2.A.1,GT87
GT4,GT4,GT2,GT2,3.A.1,3.A.1
GT4,1.B.50
GT0,GT4,GT0,GT2,3.A.1,3.A.1,GT4,GT4
3.A.1,3.A.1,3.A.1,3.A.1,GH33,3.A.1,3.A.1,3.A.1
GT2,GerE,3.A.1
9.B.67,GT2,GT2,GT2
3.A.1,GH23,GH23
3.A.1,3.A.1,GH29
9.B.18,9.B.18,GT2,GT4
3.A.11,GT4
GH33,HTH_3,2.A.36
GH3,3.A.1,3.A.1
3.A.9,GT4,2.A.2,4.A.2,9.B.111
4.A.6,4.A.6,4.A.6,4.A.6,PspC,GH32|CBM38|CBM38
2.A.49,Nitroreductase,GH13_31,GH31
3.A.1,4.A.1,8.A.21,3.A.1,GT5
4.C.1,4.C.1,3.A.1,3.A.1,3.A.1,GH13_30
GH2,2.A.2
3.A.1,3.A.1,3.A.1,3.A.1,TetR_N,GT1
9.B.146,2.A.103,GT28
8.A.7,4.A.1,GH77,4.A.1,4.A.1,GntR,4.A.1
GT1,GT4,GT4,3.A.1
3.A.1,GH36
CE1,3.A.1
