GH29,2.A.1
3.A.1,3.A.1,3.A.1,GH1
3.A.1,3.A.1,2.A.45,GT4
GT5,3.A.1,3.A.1
4.F.1,GT4
GH18,1.E.19
1.A.1,GH49,3.A.1,3.A.9
3.A.1,3.A.1,3.A.1,GH5_44,2.A.1
3.A.1,3.A.1,3.A.1,3.A.1,GH3
GT28,2.A.103,9.B.146
3.A.1,3.A.1,3.A.1,3.A.1,3.A.1,GH2
GT2,GT83,9.B.55
GH23,2.A.40,3.A.1,3.A.1,3.A.1
2.A.2,GH2
GH31,9.B.28,3.A.1,3.A.1,GH13_31,3.A.1
3.A.1,3.A.1,3.A.1,GH31,3.A.1,3.A.1
CE4,GT2,2.A.3
GH13_14,2.A.69
GT2,GT2,3.A.1
GT2,GT2,GT2,GH25|CBM13|CBM13|CBM13,ATPase_2,9.B.18,GT111,2.A.3,2.A.3,2.A.1,GH13_18,GH13_31,3.A.1,3.A.1,SBP_bac_1,GH36
9.B.104,GT35
GT39,9.B.27
GH13_32|CBM25|CBM41|CBM41|GH13_14,3.A.1,3.A.1
GH13_30,3.D.1,CBS,9.B.146,9.B.28,3.A.1,3.A.1,3.A.1,3.A.1,3.A.1,SBP_bac_1,GH13
3.A.1,GH32|GH32,3.A.1,3.A.1,LacI,GH32,LacI,9.B.28,3.A.1,3.A.1,3.A.1
3.A.16,Pribosyltran,GT2,GT2
GH13_3,2.A.53,9.A.40
