AA3_2,1.A.30
1.A.30,GH23,1.A.104,3.A.6
3.A.1,3.A.1,3.A.1,3.A.1,GntR,3.A.1,3.A.1,3.A.1,3.A.1,GH103
PL0,9.B.105
2.A.69,GH23,3.A.12
GT2,3.A.1
GT2,3.A.1
3.D.4,3.D.4,3.D.4,3.A.11,3.A.7,GH23
8.A.59,CbiA,GT0
3.A.1,3.A.1,3.A.1,3.A.1,1.A.23,GT1,GT4,GT4,GT1
3.A.1,3.A.1,3.A.1,HTH_DeoR,3.A.1,IclR|HTH_IclR,SBP_bac_1,3.A.1,3.A.1,GH4
PL38,GT0,3.D.1,3.D.1,3.D.1,3.D.1,3.D.1,3.D.1
2.A.64,AAA,CBM50
3.B.1,2.A.1,HTH_3,AA3_2,2.A.7,2.A.75
GT14,2.A.46
1.A.11,GT51,3.A.1,3.A.1
GH108,1.E.54,9.B.14
9.B.125,GH103
CBM50,3.A.1,2.A.6,2.A.6,1.B.33
3.A.7,3.A.1,GH13_23,3.A.1,3.A.1,3.A.1,LacI,GH1,GH103,MarR,3.A.1,3.A.1,3.A.1
9.B.35,CE4,2.A.40
GH23,3.A.7,GH23
GT4,GT4,9.B.97,GT70
3.A.1,3.A.1,3.A.1,3.A.1,AA3_2
2.A.103,GT28
CE11,1.B.33,2.A.49
3.A.1,3.A.1,3.A.1,5.B.3,GH23
9.A.41,GT107|GT107
GT4,GT4,9.B.18
GT2,GT2,GT14,4.A.2,1.B.42
GH103,1.A.33
CBM50,1.A.8
3.A.1,3.A.1,3.A.1,GH103
