CBM47,GT2|GT2,9.B.27
GT2,GH16_21,9.B.18,9.B.97,GT2,GT2,1.B.14,3.A.1,3.A.1,3.A.1,SpoIIE,9.B.34,3.A.1,3.A.1,3.A.1,3.A.1,3.A.1
2.A.6,2.A.6,Rhodanese,GT4
GT4,GT4,9.B.34
1.B.42,2.A.1,GT4,GT2
GT83,GT2,2.A.123
9.B.126,GH16_5,3.A.1,3.A.1,3.A.1,3.A.1,3.A.1
GT51,3.A.1,3.A.1,3.A.1
3.D.4,3.D.4,3.D.4,3.D.4,2.A.1,GT2|GT2
GH25,Rrf2,3.A.1,3.A.1
GT30,2.A.89
GT4,GT4,GT4,2.A.66
GT2,HTH_AraC,3.A.1
2.A.66,GT4,GT2,GT4
CE11,3.A.1,3.A.1,3.A.1,2.A.21
1.C.113,GT4,9.B.18
AA3_2,3.A.1,3.A.1
3.A.1,8.A.59,GT1
9.B.35,9.B.35,2.A.1,2.A.39,CE4
3.A.1,GH23
GH13_20,9.A.4
2.A.95,CbiA,GT51
9.A.41,GT107
GH13_16,8.A.5
GT0,8.A.3
GT26,8.A.3,GT4
8.A.3,GT4
3.A.1,GT1,GT4
2.A.1,PIG-L,GT4
8.A.21,GT4
GH0,1.B.72
3.A.1,3.A.1,GT1
GH10,9.B.97
