PL1_5|PL1_5,PL1_2,TrmB,3.D.4,3.D.4,3.D.4,3.D.4
3.D.4,3.D.4,3.A.1,3.A.1,2.A.1,LacI,GH1,2.A.1,GH3,2.A.35,9.B.34,1.B.14,GH16_3,2.A.4,1.B.14,2.A.21,GH31
GH13_4,2.A.1,1.A.23,Glyoxalase,8.A.5
CE9,3.A.1
1.A.23,PL1_5
3.A.1,2.A.17,8.A.4,3.A.1,1.B.18,9.B.146,GT2,GT2,3.A.11
GT5,2.A.21,Trans_reg_C,GH2
2.A.21,GH36,3.A.7,2.A.21
1.B.19,2.A.1,2.A.62,CBM50
2.A.7,2.A.1,SIS,GT4
GT4,2.A.66,GT4,GT2,GT4
9.B.146,2.A.103,GT28
CE11,1.A.34,3.A.5
1.B.14,GH20,SIS,CE9,2.A.1
2.A.1,GT4
GT51,3.A.11
1.A.30,GH8,GT2|GT2
2.A.76,GH73
4.C.1,GH103
2.A.109,DUF24,GH13_18
2.A.21,CE8,GH28,GH105,1.B.14,CE12
8.A.59,1.B.6,9.B.169,LacI,2.A.2,GH1,1.B.14
3.A.18,1.A.23,AA2
2.A.40,CE4
GH37,2.A.1
1.B.14,1.B.14,CBM41|GH13_13
GH13_38,GH13,2.A.2,GH13_2
2.A.115,SIS,GH171,GH3,2.A.35
1.B.71,AA3_2
2.A.66,GH13_18,GT81
GH73,CBM9,1.A.1
