9.B.174,1.B.14,1.A.23,GT2
9.B.146,GT2
2.A.66,GT2
2.A.38,2.A.38,GH3,GH29,CE4
1.B.14,8.A.46,GH16_3,GH17,GH81|CBM6,GH149,GH30_1,GH16_3,2.A.1
3.A.1,GH23
3.A.1,GT20,GH15
2.A.33,2.A.1,9.B.20,2.A.23,GH130,GT4
1.B.23,9.B.18,GT19
2.A.25,3.A.1,GH74
GT4,9.B.144
GH20,9.B.158,HTH_3,GH2,GH92
9.B.18,Crp,2.A.4,GT4,GT4,2.A.66
CE11,3.A.1
1.B.14,2.A.66,GT4
9.B.146,2.A.103,GT28,9.B.157
GH65,GH13,GH13,2.A.2,GH13
GT51,1.A.62
1.B.14,GT2
1.B.14,GT51
2.A.21,GT2
3.A.1,TetR_N,2.A.36,3.A.1,GT2
2.A.66,GT2,GT2,GT4,GT2
GH23,2.A.16,2.A.64,1.B.42
1.B.14,GT2,GT83
GT2,4.C.1,GT2
