GH103,4.C.1
4.C.1,GT2
GH3,2.A.2
GT51,3.A.11
2.A.36,GT30,GT9,GT4
PL6|PL6_1,PL17_2|PL17,2.A.1
PL7_5,PL6_3,1.B.14,CBM32|PL7_5
GH13_31,2.A.2
GH146,2.A.2,GH43_4,GH43_29,GH51
CE8,1.B.14,CE7,CE12,1.B.14,GH105,GH43_10,GH28,CE8
3.A.1,2.A.17,3.A.1,1.B.18,9.B.146,GT2,GT2
2.A.66,GT4
GH43_26,9.B.34,9.B.34
9.B.146,2.A.103,GT28
CE11,1.A.34,3.A.5,NUDIX,1.B.52,3.A.18,9.B.42
9.B.34,GT9
1.B.14,GH3,HTH_AraC,GH43_18,CE12,CE12|CE12,1.B.14,GH42
PL26,GH105,2.A.2,PL22_2
GT4,GH16_3,1.B.14
2.A.47,GH3
9.B.34,2.A.1,CE9,SIS,GH20,1.B.14
GH108,1.E.54
GH2,1.B.14
AA2,2.A.3,HTH_1,1.B.14
2.A.102,GntR,2.A.21,5.B.3,GH43_26,GH43_5,2.A.47,1.B.33,CE8|PL1_5
GH2,GH13_18,2.A.6,3.A.1
1.B.14,GH106
4.F.1,GH97,9.B.34
2.A.76,GH73
GH9,1.B.14,GH10,GH3
2.A.79,GH105,PL42,4.C.1,2.A.66,1.I.1
2.A.35,GH3
GH171,SIS,2.A.21,2.A.5,2.A.115
GH106,HTH_AraC,CBM67|GH78,1.B.14
1.B.52,1.B.52,LacI,2.A.2,GH1
1.B.14,CBM41|GH13_13
CBM9,9.B.34,3.A.11,9.B.65,9.B.34
CBM50,3.A.11
2.A.1,GH43_1
2.A.6,GT2,GT83
GH13_38,2.A.102
2.A.35,GH5_46|CBM6|CBM13
2.A.21,GT5
2.A.4,GH3
1.A.13,CBM13|GH43_5
