GH130,GT4,2.A.6,2.A.6
GT4,1.A.33,3.D.10
GT4,9.B.144
1.B.42,9.A.25,9.A.25,9.A.25,9.B.174,GT9,3.A.1,3.A.1,1.A.14
GH13_18,2.A.2,CbiA,1.B.14
GT2,Pyr_redox_2|HMA,1.A.72,HTH_5,GH13_20,8.A.46,1.B.14
2.A.21,GT3|GT35,GH57,GT5,GH133
3.A.2,3.A.2,GT83,GT2
1.B.14,GH92,2.A.7
2.A.17,Response_reg,9.B.146,GT4,GT4,GT4,9.B.102
1.B.14,8.A.46,GH16_3,1.B.14
GT19,3.A.11
2.A.1,GH20,9.B.104,2.A.17,2.A.22,1.B.6
GH23,2.A.1,GH2,2.A.1,PIG-L,8.A.46,1.B.14
1.B.14,GH130,GH65
9.B.157,GT28,2.A.103,9.B.146
GH13_18,9.B.14,2.A.86
GH114,2.A.6,2.A.6
2.A.49,GT30
2.A.23,GT4,2.A.6
GH65,2.A.2
2.A.123,GT2,GT83
