GH73,1.B.42,1.A.43
2.A.30,Pyr_redox_2,GH25
GT4,3.A.1
5.B.3,GH37
3.A.1,HTH_8,GT9
2.A.1,GT5
GH13_6|CBM26,CBM20,2.A.81
GT4,9.B.146,2.A.21
9.B.186,GH149
GT4,2.A.28,2.A.3,1.A.10
GH65,3.A.1,3.A.1,3.A.1,3.A.1
GT89,2.A.56,2.A.56
GH158,2.A.1,GH16_3
GH13,3.A.1
GH32,2.A.1
3.A.1,GT51,3.D.1
1.A.2,GH3,HTH_11,GT105
3.A.1,CE11
GT4,cNMP_binding,2.A.2,9.B.18
1.B.14,GH92,2.A.1
9.A.40,PfkB,GH31
AA2,FUR,2.A.76
1.B.14,8.A.46,GH20,2.A.21
CBM47,2.A.21
2.A.103,GT28,9.B.157
9.B.33,CE1
2.A.3,GT51,GH13_10,9.A.25,9.A.25
GH13_14,9.B.169
1.C.39,GT51,1.B.14
2.A.21,GH63,1.B.14
3.A.1,GT19
GT2,1.B.6,2.A.6
CBM35,2.A.1
2.A.109,SIS,GT4,GT2
