3.A.12,AA2,2.A.35
GH125,2.A.21,GH92,9.B.158,GH2,8.A.46,1.B.14
1.B.14,8.A.46,CBM4|CBM4,GH16_3,GH16_3,GT30
GH23,1.A.34
2.A.66,9.B.67,GT4,GT4,9.B.18
GT9,9.A.25
GH43_1,2.A.2,GH10,PL9|CBM22|CBM22
GH30,1.B.14,HTH_AraC,GH5_4
2.A.21,GH2
2.A.7,HTH_AraC,GH50,GH136,GH2,1.B.14,8.A.46,GH136
2.A.23,GT4,GH3
GH73,Aminotran_1_2,PAS,8.A.59
3.A.1,GH171
3.A.1,GT2
3.A.1,GH23
GT4,3.A.18
2.A.21,GH10,GH128
GH3,GH10,9.A.25
GH15,GT20,1.C.113
1.B.14,8.A.46,GH5_46|CBM6|CBM6,GH16,GH30_1,2.A.1,1.B.14
1.B.44,CE14
GH16_3,2.A.53
9.B.146,2.A.103,GT28,9.B.157
GT2,9.B.210
GT4,9.B.144
GH149,GH30_1,GH17,2.A.102
1.B.57,GH43_12
2.A.62,GT2,1.B.14
GH10,GH151,9.B.169
