1.B.39,4.C.1,AA3_2
3.A.7,3.A.7,3.A.7,PSK_trans_fac,3.A.7,GH23
GH3,2.A.8
AA2,3.A.10
GH43_12,GH3,2.A.1
GT30,2.A.53
2.A.86,GH3,2.A.21
9.B.18,PL0
2.A.1,GH103
1.B.33,CE11
GH0,9.B.34
1.B.14,GH3
1.B.14,9.B.33,LytTR,GH3,GH16_3,1.B.14,1.B.14
2.A.21,GH67
GT2,1.B.14
AA3_2,1.B.14
2.A.37,1.B.71,1.A.1,9.B.8,9.B.124,1.A.26,GH24
GT81,9.B.157
2.A.1,GT20,2.A.59
1.A.1,GH23
2.A.102,2.A.2,GT2,9.B.18
1.A.43,GH51
GT2,GT83,1.B.14
1.B.14,GH10,GH43_18
2.A.7,GH28,GH28
GT2,3.A.1,9.A.41
9.B.146,2.A.103,GT28,2.A.1
1.A.62,LytTR,CE15
1.A.11,3.A.12,GH37,8.A.5
