1.E.43,GT2,2.A.21
4.A.1,4.A.1,SIS,CE9,GntR,GT4
2.A.21,GT2,1.B.39
2.A.6,2.A.6,GT5,GH13_10,GH77,GH13_26,CBM48|GH13_11,CBM48|GH13_9,GH37,1.A.23
GT4,GT4,9.B.18
GH73,3.A.6,3.A.6,3.A.6,3.A.6,3.A.6
3.A.6,3.A.6,2.A.7,3.A.1,3.A.1,3.A.1,3.A.1,GH23
3.D.4,3.D.4,3.D.4,3.D.4,2.A.4,3.A.3,CBM50
9.B.186,GT20
GT4,4.F.1
2.A.56,LacI,2.A.56,GH105,3.A.1,3.A.1,3.A.1,3.A.1,3.A.1,3.A.1,3.A.1,3.A.1,9.A.18
2.A.56,2.A.56,2.A.80,GH37
CBM50,Sigma70_r4|Sigma70_r2|Sigma70_r3,2.A.6
8.A.7,Pribosyltran,GH3
GT107|GT107,9.A.41
GT107,3.A.1,1.B.18
GT4,2.A.66,8.A.3,1.B.18
9.B.34,GH23
AA3_2,8.A.1,2.A.6,2.A.6,2.A.47
3.A.1,3.A.1,3.A.1,3.A.1,1.B.14,1.B.14,1.A.30,1.A.30,1.B.14,GT2,GT83,HATPase_c|HisKA,Trans_reg_C,GT83
3.A.11,1.B.75,GT51
3.A.1,GT51
GT28,2.A.103,9.B.146
2.A.1,GH23
2.A.118,HTH_6,3.A.1,3.A.1,3.A.1,3.A.1,CE4
CBM57,3.D.2
GH103,2.A.63,2.A.63
