9.B.126,GT19
8.A.59,GT4
GT4,3.A.1,3.A.1,GT14,GT2
GT4,GT0,9.B.183
2.A.16,CE4
GH5_4,3.A.16
2.A.1,GT4
2.A.21,GH67
CE15,8.A.5,GH10,2.A.2,GH43_11
2.A.6,2.A.7,GH2
1.B.14,2.A.1,1.A.23,GH33,PL10_2,9.B.8
4.A.1,4.A.1,1.B.14,GntR,SIS,CE9
1.B.14,2.A.21,GH171
GH171,2.A.1
GH16_3,2.A.1
1.A.23,GH105
GH43_1,3.A.18
3.A.1,3.A.1,GT2
9.B.146,2.A.103,GT28
CE11,3.A.5,GT2,9.B.102
3.A.11,GT51
GH23,2.A.102
CE2|CBM85,1.A.11
CBM50,9.B.55
GH103,2.A.103,9.B.157,9.B.157,PfkB,2.A.37,1.B.14,GH43_9
2.A.64,2.A.64,2.A.64,9.B.104,GT2
2.A.7,2.A.15,GH5_36
2.A.66,LacI,GH3,2.A.2,GH94,SKI,CBM9,3.A.1
GH43_29,GH43_5,GH43_26,GH146,GH43_26,2.A.2,GH43_4
2.A.1,PL17_2|PL17,PL6|PL6_1,1.B.14
1.B.14,GH13_11,GT35,CBM48|GH13_9,GT5
2.A.21,GH94,GH130
