2.A.3,GH4
2.A.56,2.A.56,2.A.56,AA3_2
3.A.6,3.A.6,GH23,3.A.1,3.A.1
GH23,2.A.103
GH106,9.B.186
3.A.2,3.A.2,3.A.2,3.A.2,3.A.2,3.A.2,3.D.9,2.A.111,3.D.1,3.D.1,3.D.1,3.D.1,3.D.1,3.D.1,3.D.1,3.D.1,3.D.1,3.D.1,GT2
3.A.1,GH127,3.A.1
1.A.23,GT2,3.D.1,9.B.146,3.A.1
CE9,3.A.7
CE7,9.B.157,9.B.157
GT2,9.B.174,3.A.1,3.A.1
2.A.37,2.A.37,4.A.2,3.A.1,3.A.1,3.A.1,3.A.1,3.A.1,GH4,Response_reg,3.A.1,3.A.1,3.A.1,3.A.1,3.A.1
2.A.6,GT51,2.A.86
8.A.5,PL17
GH165,2.A.102
PL8_2,3.A.1,3.A.1
2.A.6,2.A.6,1.A.30,1.A.30,GT2
GH165,2.A.1
3.A.1,GT4
9.B.142,9.B.158,PL15
