1.E.43,GH13_18,GT81,2.A.56,2.A.56
2.A.56,2.A.56,2.A.56,HTH_AraC,2.A.1,CBM50
GT9,GT4,GT2,GT9,PfkB,GT30,HTH_DeoR,2.A.41,1.B.10
3.A.11,CBM50
GH23,3.A.1,3.A.1,3.A.1,3.A.1
9.B.174,3.A.1,AA3_2,3.A.1,3.A.1,3.A.1,3.A.1
GT51,2.A.53
2.A.76,GH23
GH73,3.D.2,3.D.2,3.D.2
2.A.103,GH103
GH3,1.A.23
9.B.12,3.A.1,3.A.1,3.A.1,3.A.1,HTH_8,3.A.1,3.A.1,3.A.1,3.A.1,PL29,3.A.1,2.A.25
1.A.14,3.A.18,9.B.34,2.A.36,3.A.1,3.A.1,3.A.1,2.A.1,HTH_1,2.A.98,2.A.37,2.A.62,CBM50,GT4
2.A.8,GT2
GT4,2.A.40
GH23,9.B.34
3.A.1,GH13_23,GH13_23,3.A.1,GH13_23,3.A.1,3.A.1,3.A.1,1.B.3
3.A.1,3.A.1,3.A.1,CE4
1.B.18,8.A.3,GT2
CBM50,Sigma70_r3|Sigma70_r4|Sigma70_r2,2.A.6
GT32,2.A.15
AA3_2,2.A.15
3.A.5,CE11
GT28,2.A.103
2.A.56,DctP,AA3_2,2.A.98
GT2,GT4,GT4,1.B.18,8.A.3,GT2
9.B.186,GT4
1.B.39,1.B.39,3.D.4,3.D.4,GT2,GT76,1.A.23
GT107|GT107,9.A.41
GT2,2.A.123,GT83,GT83
3.A.1,3.A.1,3.A.1,GH63
GH73,3.A.6,3.A.6,3.A.6
