2.A.6,GT2,9.B.142,3.A.2,3.A.2,3.A.2
8.A.59,3.D.2,3.D.2,3.D.2,GH65,3.A.1,3.A.1,3.A.1,HTH_IclR,GH3
3.A.5,2.A.6,2.A.6,GH13_11
2.A.1,1.B.52,1.B.52,9.B.34,Rhodanese,GH13_18
GH13_31,9.B.34,2.A.69,1.B.56,3.A.1,3.A.1,3.A.1,3.A.1,3.A.1,3.A.1,3.A.1
GT81,3.A.1
3.A.1,3.A.1,GH127,GH127,3.A.1,3.A.1,3.A.1
2.A.1,GH1,2.A.2,2.A.1,3.A.1,3.A.1,MarR,8.A.5
CBM67|GH78,3.A.1,3.A.1,SBP_bac_1,HTH_AraC,8.A.59
3.A.1,3.A.1,3.A.1,GH51
2.A.53,3.A.1,3.A.1,3.A.1,3.A.1,TetR_N,9.B.34,GH65
2.A.19,GH1
3.A.1,3.A.1,GH13_20
3.A.1,3.A.1,SBP_bac_1,MarR,GH2,GH1
GH2,GH36,3.A.1,3.A.1,3.A.1
8.A.1,2.A.6,GT2
GH4,SBP_bac_1,HTH_AraC,3.A.1,3.A.1,SBP_bac_1,GH43_17
3.A.1,3.A.1,3.A.1,GT4
GT35,9.B.120
3.A.1,3.A.1,3.A.1,3.A.1,3.A.1,9.B.34,GH13_26,GH13_10,CBM48|GH13_11,Aminotran_1_2,3.A.1,3.A.1,3.A.1
3.A.1,3.A.1,3.A.1,HTH_5,CBM67|GH78,3.A.1,3.A.1
2.A.66,GT2
3.A.1,1.B.52,GH3,9.A.8,9.A.8
3.A.1,3.A.1,GH31,3.D.1,3.D.1,3.D.1
9.B.104,1.B.52,CE7
2.A.47,GH4
3.A.1,3.A.1,GH3,9.B.34,MarR,2.A.66,2.A.6,2.A.6
2.A.7,GH65
