3.A.9,Aminotran_1_2,3.A.12,GH23
PL0,9.B.105
GT14,3.A.1
GT51,1.A.11
3.A.1,GT30
2.A.64,AAA,CBM50
2.A.66,CBM50
2.A.103,GT28,2.A.3
CE11,1.B.33,2.A.49
3.D.4,3.D.4,3.D.4,Fer4,3.A.3,LacI,3.A.1,3.A.1,SBP_bac_1,GH5_13,MarR,3.A.1,3.A.1,3.A.1
3.A.1,3.A.1,3.A.1,3.A.1,GH2
3.A.1,3.A.1,3.A.1,GH13_23,3.A.1,GH4,3.A.1,3.A.1,3.A.1,3.A.1,3.A.1
9.B.18,GT26
1.B.42,4.A.2,GT14,GT2,GT2
9.B.43,HTH_1,9.B.35,CE4,2.A.40
8.A.5,GH43_11,8.A.7
9.B.14,1.E.54,GH108
3.A.1,SBP_bac_1,3.A.1,3.A.1,GH4
GH20,GntR,3.A.1,3.A.1,3.A.1,3.A.1
CE9,3.A.1,9.B.124
9.A.41,1.B.18,GT107|GT107
3.A.1,GH32,3.A.1,3.A.1
