3.A.1,HTH_1|LysR_substrate,AA3_2
CE4,2.A.86
3.A.1,3.A.1,3.A.1,GH33
GH5,9.B.140
CE9,GT20,2.A.1,GT4,2.A.1
GH88,8.A.5
3.A.1,3.A.1,SpoIIE,3.A.1,3.A.1,3.A.1,TPR_2,PAS|GAF|SpoIIE,GAF|SpoIIE,GH46
3.D.4,GH27|CBM13,GT1,TetR_N,GT1,MerR,GH5_43
2.A.39,CBM13,PSK_trans_fac,Sigma70_r2|Sigma70_r4_2,CBM4|GH9,PAS|GAF|SpoIIE,CBM13,AraC_binding|HTH_18,8.A.5
GH145,3.A.1,3.A.1,3.A.1,3.A.1
CBM67|GH78,3.A.1
GH35,GH35,3.A.1,3.A.3,3.A.1,3.A.1,2.A.1
3.A.1,3.A.1,3.A.1,GH20,CBM3|GH16
CE4,9.B.111
GH38,GH85,GH5_18,3.A.1,3.A.1,3.A.1,Peripla_BP_3|LacI,GH29,GH20
2.A.7,GT4,2.A.7,GH23|CBM50,3.A.1,MerR,GH109,Pkinase,GH2|GH2,1.A.23
CBM51,Peripla_BP_3|LacI,9.B.106
CBM35,MarR,2.A.85
2.A.40,HTH_5,3.A.3,CE1|CBM2,PL1_9,PL3_4
GH43_26|CBM42,3.A.1,GH2,3.A.1,3.A.1,3.A.1,GH51,GH43_22|CBM42,GH43_20|CBM42,GH43_10|CBM13,GntR,SBP_bac_1,3.A.1,3.A.1,8.A.5,GH141|CBM13|CBM13,3.A.1,3.A.1,3.A.1,Pyr_redox_2,3.A.1,MarR,2.A.23,3.A.1,3.A.1
9.B.27,SBP_bac_3,GH43_22|GH43_34
3.A.1,3.A.1,ACT,AA3_2
2.A.4,AraC_binding|HTH_3,2.A.7,CBM13
GH10,3.A.1,3.A.1,3.A.1,3.A.3,3.A.3,3.A.3
4.A.1,8.A.7,GH31,NUDIX,CBS|GGDEF|EAL,1.A.8
2.A.1,GT4,GT4,Aminotran_1_2|GntR,2.A.115,2.A.1,GT2
GH18,TetR_N,2.A.3,3.A.24,9.A.40,9.A.40,4.B.1,MarR,2.A.1,2.A.40,GH6,2.A.1,3.A.1
GT4,4.F.1,1.A.1
PL26,3.A.1,3.A.1,3.A.1
GT1,2.A.64
4.C.1,CBM32
3.A.1,3.A.1,Sigma70_r2|Sigma70_r4_2,TPR_1|TPR_2,2.A.113,9.B.106,GT2,GT2,CE4,GH0
1.A.6,2.A.1,GT76
3.D.2,NUDIX,CbiA,GH15,2.A.3,HTH_8,GT4,1.C.109,3.A.1,3.A.1,3.A.1
GH23,3.A.1
2.A.21,2.A.89,2.A.114,2.A.21,Sigma70_r4_2,GH15
3.A.1,Glyoxalase,GH25,2.A.20,9.B.125
2.A.40,Sigma70_r2|Sigma70_r4_2,PL3_4,PL9_3,GH43_22|GH43_34,CE8,PL1_6,CE12,3.A.1,3.A.1,3.A.1
2.A.7,GH114,CBM42,3.A.1
3.A.1,3.A.1,3.A.1,GH13_30,3.A.1,PadR,3.A.1
GH23,3.D.1,3.A.1,3.A.1,3.A.1,3.A.1,3.A.1
3.D.3,GH46
GT28,2.A.103,Pyr_redox,9.B.146
4.C.1,GT4
GH13_13|CBM41|CBM41|GH13_13,GH13_32,GH13_30,3.A.1,3.A.1,3.A.1
2.A.1,TetR_N,2.A.1,3.A.1,3.A.1,Trans_reg_C|BTAD,GH33,2.A.1,3.A.1,3.A.1,2.A.108,2.A.108
GH23,Sigma70_r2|Sigma70_r4_2,3.A.1,3.A.1,3.A.1,3.A.1
2.A.1,2.A.1,9.B.179,GH0,GT4
3.A.20,GT87
GH3,HTH_1|LysR_substrate,2.A.121
3.A.1,3.A.1,3.A.1,3.A.1,Peripla_BP_3|LacI,3.A.1,3.A.1,3.A.1,Aminotran_1_2,GH43_26|CBM13
2.A.102,GH51
GT2,GntR,2.A.101,4.C.1,9.B.157
2.A.7,HATPase_c|HisKA,Trans_reg_C|Response_reg,2.A.53,2.A.53,4.A.2,GH63,GH0,2.A.1,2.A.1,TetR_N,8.A.5,GH18,2.A.76,3.A.1,3.A.1,3.A.1
3.A.1,3.A.1,3.A.1,3.A.1,GH33,Response_reg|GerE,2.A.6,GH1,2.A.1
2.A.7,2.A.7,MarR,TetR_N,GH77,PadR,1.A.23
3.A.1,3.A.1,3.A.1,GH4
GH16,GT4,9.B.18,GT4,8.A.3,GH0,4.C.1,3.A.1,2.A.3
2.A.1,EPSP_synthase,GH3,3.A.1
GT83,2.A.21
3.A.1,Aminotran_1_2,Pyr_redox_2,GH20
3.A.1,3.A.1,3.A.1,GH1,CBM2|GH18
3.A.1,3.A.1,3.A.1,HTH_IclR|IclR,4.C.1,AA10,GntR,GT2,AA5,GH6,ANTAR,3.A.1,3.A.1,3.A.1,3.A.1
2.A.9,GH30_5
3.A.1,GT51,2.A.7
GH20,3.A.1,3.A.1
CE4|GT2,HTH_1|LysR_substrate,CE1,9.B.174,3.A.1,9.B.106,9.B.106,FHA,SBP_bac_1,3.A.1,3.A.1,GT2,GT2,GT2,MarR,GT83,GT2
3.A.1,GT2,GT2
9.B.98,4.A.2,2.A.4,2.A.14,GT2
GH23|CBM50,9.B.106
GT39,3.A.1,3.A.1
GT4,GT2,GT2,Trans_reg_C|BTAD|TPR_2,4.C.1,9.B.106,Glyoxalase,TetR_N,MarR|AsnC_trans_reg,2.A.76
9.B.106,Citrate_synt,TetR_N,4.C.1,3.B.1,2.A.7,GH5_1|CBM2,3.A.1,3.A.1
2.A.1,CSD,PALP,GT81,GT20,3.A.1,CE9,PfkB,9.B.34
9.B.122,AraC_binding|HTH_18,GT4
3.A.1,NUDIX,3.A.1,3.A.1,3.A.1,3.A.1,2.A.20,9.B.105,GH23,9.B.106,HTH_3,CE14
2.A.1,SpoIIE,Pyr_redox_2,TetR_N,CBM51
CE4,GH42,GH36,3.A.1,3.A.1,SBP_bac_1,9.B.62
2.A.1,TetR_C|TetR_N,2.A.1,GT83,GT2,2.A.21
GT51,PadR,2.A.1,HD,2.A.66
GH13_30,3.A.1,3.A.1
GH10|CBM13|GH62,CBM13|GH74,HTH_5,2.A.53,HATPase_c,HTH_5,3.A.1,SBP_bac_3,TetR_C|TetR_N,Sigma70_r2|Sigma70_r4_2,CBM13,CBM42
2.A.21,4.C.1,CBM13
3.A.9,GT76
3.A.1,GT2,3.A.9
2.A.1,TetR_N,GH13_30,HTH_1|LysR_substrate,2.A.7
3.A.1,2.A.78,2.A.78,HTH_3,CSD,1.A.87,GH18
GH23,2.A.17,3.A.1,CBM12,2.A.7
9.B.18,GT4
3.A.1,GH3,Peripla_BP_3|LacI,TetR_C|TetR_N,2.A.1
AA3,3.A.1,3.A.1
3.D.10,3.D.10,GH20
GT2,GT2,GerE,2.A.7,GntR,3.A.1,3.A.1,3.A.1,3.A.1,Glycos_trans_3N,2.A.69
3.A.1,3.A.1,CE14,TPR_2,GT2,GT2,TetR_N,2.A.1,1.C.113
2.A.8,GerE,2.A.55,Sigma70_r2|Sigma70_r4_2,CBM16|GH18,Response_reg|CbiA,9.A.47
3.A.1,PadR,GT51
3.A.1,3.A.1,3.A.1,3.A.1,3.A.1,3.A.1,3.A.1,3.A.1,3.A.1,3.A.1,3.A.1,3.A.1,3.A.1,3.A.1,3.A.1,8.A.51,CE14
3.A.1,3.A.1,3.A.1,3.A.1,GT4,GH135,3.A.25,2.A.1
2.A.21,2.A.114,GntR,3.A.1,3.A.1,3.A.1,GH3
2.A.20,GT83,3.A.1
9.B.146,1.A.77,3.A.2,3.A.2,3.A.2,CBM2|GH18
2.A.23,MarR,3.A.16,8.A.5,MarR|AsnC_trans_reg,MerR,CBM48|GH13_9,GH13_16,GH13_3,GT35,1.B.77,3.A.1,3.A.1,3.A.1,3.A.1,3.A.1,HATPase_c,Response_reg|GerE,CBM48|GH13_11
CBM11|GH3,2.A.1
PL8,3.B.1
3.A.1,3.A.1,3.A.1,CBM16|GH18
GH3,SBP_bac_1,3.A.1,3.A.1,GH31
GH0,NUDIX,3.A.1
AA10|CBM2,GT4,CE7,3.A.1,3.A.1,SBP_bac_1,GH42,GH67,CBM32|GH92,3.A.1,3.A.1,3.A.1,HTH_IclR,3.A.1,3.A.1,3.A.1,2.A.3
GH3,GH5_18,GH3,3.A.1,3.A.1,SBP_bac_1,GH38
3.A.1,3.A.1,SBP_bac_1,GT1,2.A.6
2.A.3,GH43_26,GH43_24,PL4_1,CE12,GH154
1.B.79,3.A.1,GH2,3.A.1,3.A.1,SBP_bac_1,CBM2
GT2,2.A.66,PIG-L,GT4,9.B.102,PL12_3,GT4,9.B.18,3.A.1
PL11,CBM2|GH48,CBM2|GH6,GH75,4.C.1,HTH_1|LysR_substrate,2.A.28,GH33,MarR,3.D.1,3.D.1,3.D.1
3.A.1,3.A.1,3.A.1,CBM6,CBM13|CBM32|CBM6
3.A.1,3.A.1,Pkinase,TetR_N,3.A.1,3.A.1,3.A.1,GH1,CbiA,SBP_bac_5,3.A.1,2.A.1,4.F.1,GT4
2.A.1,TetR_N,GT4,2.A.1
GH16_3|CBM6,2.A.6
GH2,3.A.1,3.A.1,SBP_bac_1,PfkB,HTH_DeoR|DeoRC,GH4,GH38,GH29,CBM16
3.A.1,3.A.1,3.A.1,GH13_30,GH87,3.A.1,3.A.1,3.A.1,SBP_bac_3,HTH_IclR|IclR,4.C.1,HTH_1,CBM32,2.A.7
2.A.4,GT2,3.A.1
PL7_3,SpoIIE,3.A.1
3.A.1,3.A.1,3.A.1,3.A.3,HMA,3.A.1,3.A.1,2.A.1,4.C.1,4.C.1,3.A.1,Pyr_redox_2,GH15
3.A.24,GT2
2.A.1,CBM13,3.A.24,3.A.24,3.A.24
3.A.1,1.A.13,3.A.1,3.A.1,3.A.1,GH31,CE3|CBM13,GH27|CBM13,CBM13|GH62,GH146|CBM13,GH3,GH74|GH74|GH74,GH12,GH36,3.A.1,3.A.1
3.A.1,3.A.1,PAS|GAF|SpoIIE,SpoIIE,GH64
GH30_5,PAS|GAF|SpoIIE,PAS|GAF|SpoIIE,3.B.1
GH35,3.A.1,3.A.1
3.A.1,3.A.1,3.A.1,GH5_8|CBM2
3.A.1,3.A.1,3.A.1,GH42,CBM61|GH53,HTH_11,1.A.43,1.A.43,GntR,2.A.3,GT87
3.D.1,3.D.1,GH65
GH65,3.A.1,3.A.3,3.A.3,Nitroreductase,Response_reg|GerE,2.A.49
2.A.72,2.A.7,HTH_1|LysR_substrate,GH65
3.A.1,3.A.1,3.A.1,3.A.1,3.A.1,3.A.1,MarR,GntR,Fer4,SBP_bac_3,3.A.1,3.A.1,3.D.10,GH19,8.A.5,1.C.67,Glyoxalase,HTH_1|LysR_substrate,8.A.5
GH27|GH27|CBM35,GH95,GerE,2.A.21
2.A.1,cNMP_binding,2.A.85,Pyr_redox_2,CBM48|GH13_9,GH13_16,GH13_3,CBM48|GH13_11
GH32,3.A.1,3.A.1,SBP_bac_1,GH32,2.A.6,HATPase_c,Response_reg|GerE,Trans_reg_C|BTAD,4.C.1
3.A.1,CBM63,GT4,GH29|CBM13,Peripla_BP_1,3.A.1,3.A.1
8.A.5,GntR,GH43_22|CBM42
