1.A.30,1.A.30,2.A.1,8.A.1,MarR,2.A.72,3.A.1,3.A.1,3.A.1,PfkB,LacI|Peripla_BP_3,1.B.55,GH8,4.D.3,GT2
GT2,Aminotran_1_2,9.B.18,9.B.18,1.A.8,2.A.3,1.A.8,9.B.34,HTH_11|AsnC_trans_reg,9.B.34,3.D.4,3.D.4,2.A.47,2.A.47,2.A.85,9.B.186,2.A.16,1.B.52,1.B.52,1.B.52,1.B.52,2.A.88,2.A.1,1.A.43,2.A.95,3.A.5,3.A.1,3.A.1,Sigma70_r4|Sigma70_r2,3.A.1,3.A.1,3.A.1,3.A.1,3.A.1,9.B.143,Rhodanese,9.B.104
GT51,1.B.22
1.A.22,2.A.38,CBM50,3.A.11
9.B.146,2.A.103,GT28,CE11,3.A.5
GT51,2.A.49
1.B.42,1.B.42,GH94,GH20,GH9,3.A.1,3.A.1,3.A.1,3.A.1,3.A.1
3.A.1,GH23,Trp_repressor,HTH_18|GyrI-like,GT51,GH23
1.B.33,CBS,2.A.68,GH23,HisKA|HATPase_c,3.A.23
1.E.1,SIS|HTH_6,SIS,4.A.1,1.B.52,GH18
2.A.86,1.B.33,GT84|GH94
8.A.1,9.B.32,GH63,3.A.23,3.A.23,3.A.23,3.A.23,3.A.23,3.A.23,3.A.23,3.A.23,3.A.23,3.A.23,3.A.23,3.A.23,GH19,2.A.1
1.B.22,3.A.15,3.A.15,3.A.15,3.A.15,3.A.15,AA10|CBM73,GH18|CBM73,CBM73,CBM73
GT0,Aminotran_1_2,9.B.18,3.A.23,3.A.23,3.A.6,3.A.6,3.A.6,3.A.6,3.A.6,3.A.6,3.A.6,3.A.6,3.A.5
1.A.1,9.B.34,HisKA|HATPase_c,Trans_reg_C|Response_reg,GH129,2.A.23
2.A.35,9.B.34,9.B.18,8.A.3,GT2,GT4,GT4
2.A.27,CBM73,3.A.1,3.A.1,3.A.1,3.A.1,3.A.1,3.A.23,9.B.100,PspC,3.A.23,2.A.1,LysR_substrate|HTH_1,1.B.1,3.D.1,Response_reg|GerE,4.F.1,Fer4,1.B.52
3.A.1,3.A.1,9.B.169,9.B.114,1.B.48,1.B.48,1.B.48,GerE,2.A.7,2.A.122,1.E.14,2.A.25,2.A.7,1.A.30,1.A.30,2.A.81,2.A.53,2.A.55,LacI|Peripla_BP_3,GH13_31,4.A.1,3.A.1,3.A.1,9.B.14,9.B.14,5.A.3,5.A.3,5.A.3,Trans_reg_C|Response_reg,Peripla_BP_1,2.A.21
3.A.1,3.A.1,AA2
GH2,1.B.14,3.A.1,3.A.1,3.A.1,3.A.1,GH73,1.A.23,2.A.3,GH23,3.A.1,3.A.1,3.A.1,3.A.1,3.A.1,CSD,3.A.1,3.A.1
1.B.52,EAL,CBM5,GH13_29,4.A.1,LacI|Peripla_BP_3,8.A.1,3.A.3,9.B.34,2.A.35,9.B.102,Glyoxalase,9.B.114,2.A.1,LysR_substrate|HTH_1,1.B.52,1.B.52
GT104,3.A.1
GH3,MCPsignal,4.A.1
3.D.7,3.D.7,3.D.7,3.D.7,3.D.7,AA10,2.A.40,NUDIX,2.A.42,LysR_substrate|HTH_1,3.A.7
2.A.34,5.A.2,GH103,CbiA,4.C.1
9.A.8,FeoA,CBM50,3.A.1,3.A.1,3.A.1,3.D.10,3.D.10
GH20,4.A.1,CE9,MarR,2.A.37,9.A.40,1.B.42,2.A.103,2.A.6,2.A.6,2.A.6
3.D.10,GH18,1.C.113,2.A.61
GH102,9.A.5,9.B.156,3.A.7,3.A.1,3.A.1,3.A.1,3.A.15,9.B.20,1.A.33,2.A.96,3.A.8,1.B.33
2.A.3,Trans_reg_C,GT19,1.B.33
GH23,2.A.41,2.A.118,2.A.3,Aminotran_1_2,2.A.3,3.A.1,2.A.6,2.A.6,9.B.34,1.I.1
9.B.105,2.A.66,HTH_5,LysR_substrate|HTH_1,2.A.33,2.A.58,2.A.102,8.A.7,NUDIX,2.A.109,8.A.5,2.A.23,GT2
9.B.34,GATase_2,Pyr_redox_2,3.A.1,1.A.62,Peripla_BP_1|LacI|Peripla_BP_3,GntR,ACT,4.C.1,GT1,2.A.7,2.A.7
GT9,GT9,GT2,GT4,GT4,GT9,GT4,GT4,4.D.1,GT30
GH1,LysR_substrate|HTH_1,1.B.52
2.A.36,GT26,9.B.128,GT56,2.A.66,Aminotran_1_2,GT0,9.B.146,3.A.6,1.I.1,2.A.64,2.A.64,2.A.64,2.A.1
