GT2,GT89,CE1,CE1,CE5,3.B.1,1.A.1,FHA,GT53,GT53,HTH_5,GT53,GT85
GT2,3.A.1
3.A.1,3.A.1,3.A.1,GH6,GH5_13
3.A.7,8.A.59,AAA,GT2,2.A.109
4.C.1,3.A.1,3.A.1,3.A.1,3.A.1,3.A.1,GT20
9.B.62,GerE,GT0,GT4
8.A.3,GT4
GT0,GT4,9.B.18
CE14,1.C.113
CE4,8.A.59,GT1,4.C.1
GT87,NUDIX,5.A.3,5.A.3,5.A.3,SBP_bac_5,TetR_N,CE14
4.C.1,GT81,GT5,9.B.110,3.A.1
3.A.1,GH23,CBS,3.A.1,3.A.1,3.A.1,3.A.1,1.A.35
8.A.59,Glyoxalase,CBM48|GH13_9,GH13_3,GT35,9.B.104
9.B.62,3.A.1,Pyr_redox_2,GH13_30
GH15,1.E.22,3.A.1,3.A.1,3.A.1,3.A.1,NIR_SIR_ferr|NIR_SIR,2.A.83
GT4,TetR_N,2.A.36
3.D.4,3.D.3,3.D.4,GT4,4.C.1,2.A.59,GT87,9.B.106
9.B.146,2.A.103,GT28
CE5,ANTAR,Response_reg|SpoIIE,CE5,3.A.1
9.B.126,CE5
3.A.24,GT1
3.A.24,3.A.24,3.A.24,3.A.24,3.A.24,9.B.96,3.A.24,3.A.24,GH77
GH15,ANTAR,3.A.1
GT83,2.A.1,9.B.106,3.A.1
9.B.97,CBM48|GH13_11,GH13_26,GH13_10
4.C.1,4.C.1,2.A.6,2.A.6,3.A.1,GT2
GT4,4.F.1,2.A.36,8.A.5,1.B.77
GT1,HTH_3,4.F.1,3.A.12
GT1,2.A.6
8.A.5,9.B.34,CBM48|GH13_11
GT2,3.A.3,2.A.4,Pkinase,3.A.1,3.A.1,SBP_bac_1,SBP_bac_1,3.A.1,3.A.1
2.A.1,CE9,2.A.7,9.B.126
3.A.24,GH65
3.A.24,3.A.24,3.A.24,CE5,CE5
3.A.1,TetR_N,9.B.15,GH38
3.A.7,2.A.1,GH92,ANTAR,2.A.85
2.A.20,GT2
2.A.4,GH76
2.A.116,2.A.116,GT83,GH16_9
GH3,3.A.1
GT4,2.A.109,TetR_N,4.C.1
3.A.1,3.A.1,CE1,9.B.143,GH13_16
2.A.6,3.A.24,3.A.24,GH23
