3.A.7,GH23
4.A.1,CE9
4.A.1,GH65,1.B.15
3.A.1,3.A.1,3.A.1,GT83,2.A.68
2.A.1,1.B.14,3.A.1,3.A.1,GH23,2.A.47
3.A.1,GT51
GH23,3.A.1
GT51,2.A.61,MerR,1.A.12
GT26,9.B.128,GT56,2.A.66,GT0,9.B.146,3.A.6,1.I.1
2.A.1,GT2
GT25,Trans_reg_C,2.A.66,GT2,GT25,GT2,GT2
5.A.3,5.A.3,5.A.3,GH8,9.B.34,1.B.55,GT2
1.B.22,GT51,3.A.1
GT4,MerR,1.A.72,1.A.72,1.A.72,MerR,1.A.72,2.A.7
4.A.1,2.A.22,3.D.1,2.A.21,HTH_6,9.B.97,9.B.20,2.A.1,LacI,5.A.3,5.A.3,HTH_AraC,2.A.1,3.A.1,3.A.1,4.A.3,4.A.3,4.A.3,HTH_AraC,GH4,1.B.6,3.A.1,3.A.1,3.A.1,3.A.1,3.A.1,GH33,2.A.80
9.B.104,9.A.8,9.A.8,9.A.8,GT0,2.A.40
1.B.22,3.A.6,3.A.6,3.A.6,3.A.6,1.C.36,1.C.36,1.B.14,3.A.1,3.A.1,LacI,2.A.8,2.A.50,GH73,AA10,4.C.1,2.A.15,2.A.1,4.C.1,2.A.8
3.A.1,3.A.1,2.A.1,2.A.1,1.B.14,GH23,3.A.7
1.B.11,3.D.1,3.D.1,3.D.1,3.D.1,3.D.1,3.D.1,3.D.1,3.D.1,3.D.1,GT2,3.A.1,3.A.1,3.A.1,3.A.1,3.A.1
3.A.7,GH102
1.B.33,GT19
GH32,2.A.7
GH154,HTH_DeoR,4.A.6,4.A.6,4.A.6,4.A.6,CE9,GH105,PL8_2,PL8_2
1.A.1,2.A.49,2.A.25,1.A.26,HTH_5,9.B.102,9.B.102,1.B.55,4.D.3,GT2
9.B.146,2.A.103,GT28,CE11,3.A.5,MerR,3.A.3,1.C.75,1.B.20,3.A.15,3.A.15
1.B.11,GH23,3.A.23,9.B.2,2.A.1
9.A.41,GT51
GH73,3.A.6,3.A.6,3.A.6,3.A.6,3.A.6,3.A.6,3.A.6,3.A.6
2.A.95,3.A.1,3.A.1,3.A.1,3.A.1,3.A.1,3.A.1,3.A.1,3.A.1,3.A.1,3.A.1,HTH_3,1.B.11,2.A.15,AA3_2,2.A.39
1.B.11,1.B.52,HTH_AraC,3.A.1,3.A.1,GH103,4.C.1,2.A.7,2.A.7,HTH_6,CBM50,3.A.1,3.A.1,3.A.1
2.A.7,2.A.7,GT83,GT2,3.A.1,3.A.1
2.A.95,GH23,3.A.1,3.A.1,3.A.1,3.A.1,2.A.23,9.B.1,1.B.25,9.B.174
3.A.1,3.A.1,3.A.1,GH3
