3.A.1,Aminotran_1_2|GntR,1.B.1,GH31,2.A.1,GH166,PAS|GGDEF|GAF|EAL,2.A.21
1.B.1,AA3_2
2.A.19,HTH_1|LysR_substrate,3.A.1,3.A.1,3.A.1,1.B.55,GH8,4.D.3,GT2,CbiA,CBM50,DeoRC|HTH_DeoR,NUDIX,HTH_18,GT4,GT0,9.B.18,8.A.3,1.B.18
AA3_2,2.A.1,8.A.5
GH13_11,TetR_N,5.A.3,5.A.3,Glyoxalase,1.B.39,2.A.1
GT9,3.B.1
3.A.1,3.A.1,3.A.1,GT0,TetR_N,9.B.34,AraC_binding,3.A.1,3.A.1,1.B.1,1.B.1
9.B.18,GT4,GT2,GT4,8.A.3
GT35,2.A.1,9.B.34,SBP_bac_3,2.A.1,2.A.1
GT51,2.A.21,HTH_1|LysR_substrate,1.B.1
1.B.1,GT2
2.A.7,GH23,GT2,2.A.6
9.A.47,GH23
9.B.160,Pribosyltran,Aminotran_1_2,HTH_18,HisKA,9.A.40,GH13_26,GH77,GH13_10,CBM48|GH13_11,CBM48|GH13_9,GH13_16,GH13_3|GH13_3
CE4,HTH_1|LysR_substrate,3.A.1
CBM50,2.A.55,2.A.72
GT4,1.A.16
3.A.1,3.A.1,3.A.1,SBP_bac_3,9.B.164,AA3_2,4.C.1,1.B.1,2.A.1,1.B.1
2.A.7,2.A.1,GntR,2.A.1,1.I.1,2.A.1,3.A.23,GH0,9.B.157,Citrate_synt,GH78
GT9,GT2,GT9,GT4,3.A.1,GT2,2.A.55
2.A.76,9.B.34,GH37,HTH_IclR,2.A.66,GT4,GAF,GH166
AA7,3.A.1,3.A.1,3.A.1,3.A.1,3.A.1,1.B.14,2.A.14
GT2,TetR_N,5.A.1
9.B.97,GH1,3.A.1,3.A.1,3.A.1,3.A.1
2.A.1,HTH_IclR|IclR,9.B.186,3.A.23,3.A.23,3.A.23,3.A.23,3.A.23,3.A.23,GH19
2.A.1,3.A.1,SBP_bac_3,3.A.1,2.A.102,AAA,HTH_IclR|IclR,5.A.3,5.A.3,5.A.3,2.A.1,4.C.1,HTH_IclR|IclR,2.A.1,AA3_2,HTH_IclR|IclR,2.A.3
3.A.1,3.A.1,3.A.1,GntR,9.B.34,2.A.53,1.B.1,GT35,3.A.1,3.A.1,3.A.1,3.A.1,3.A.1,LacI,2.A.1
8.A.5,2.A.1,HTH_1|LysR_substrate,2.A.1,2.A.1,GH36,GH35
3.A.1,3.A.1,3.A.1,SBP_bac_1,HTH_1|LysR_substrate,2.A.1,AA3,4.C.1
1.B.14,NUDIX,2.A.1,HTH_1|LysR_substrate,1.B.52,GT4,PIG-L,GT4,HTH_18,3.A.23
GT32,GT2,2.A.66,GH39,GT4,8.A.3,GT4,HTH_18,HTH_18,8.A.5
3.A.1,1.B.52,1.B.1,HTH_1|LysR_substrate,1.B.1,2.A.1,3.A.1,3.A.1,3.A.1,3.A.1,AA3_2
2.A.1,Hemerythrin,GT21,CBM32,FlhC,FlhD,HTH_1|LysR_substrate,2.A.1,HTH_1|LysR_substrate,2.A.21,9.B.136
PL1,1.B.22
3.A.7,3.A.7,3.A.7,3.A.7,3.A.7,3.A.7,GH23
GT2,Peripla_BP_1|LacI,2.A.6,2.A.6,2.A.6,3.A.1,3.A.1,GT2|GT2,CE4,HTH_1|LysR_substrate,HTH_1|LysR_substrate,3.A.23
3.A.1,MarR,GntR,CE9,SIS,4.A.1,4.A.1,3.D.4,3.D.4
3.A.9,9.B.105,1.A.23,3.D.10,3.A.1,3.A.1,3.A.1,3.A.1,3.A.1,5.B.1,2.A.3,9.A.4,GH23
2.A.49,GT9,2.A.1
GT2,2.A.6
2.A.37,2.A.1,TPR_2|TPR_1,HTH_5,2.A.4,3.D.1,3.D.1,HTH_1|LysR_substrate,GT4,1.B.6
GH103,3.A.1,3.A.1,3.A.1
GH3,3.A.23,GT104,4.F.1,GT20,3.A.1,GT4,GT2,GH23,2.A.1,9.A.55,3.A.16,3.A.1,3.A.1,3.A.1,3.A.1
GT2,2.A.7,GT83
3.A.9,GT51,MerR,2.A.66,9.B.142,3.A.6
3.A.1,3.A.1,CBM50
1.A.4,GT20,GT4
9.B.18,1.B.18,8.A.3,GT2,GT4,GT4,HTH_3,9.B.97,GT4|GT4
2.A.53,B12-binding,GT21
1.A.23,GT2,2.A.1
2.A.6,2.A.6,GT51
3.A.1,3.A.1,3.A.1,3.A.1,2.A.55,1.B.39,3.A.1,3.A.1,3.A.1,HTH_1|LysR_substrate,9.B.35,9.B.43,CE4,2.A.39
2.A.7,8.A.21,8.A.7,GT19,1.B.33
CBM32,2.A.7
2.A.1,9.B.97,GT4,GT0,GT4,GT4,GT2,9.B.97,8.A.3,1.B.18,9.B.18,2.A.1,TetR_N,4.C.1,AA4
GT5,HTH_18,2.A.1
2.A.40,2.A.1,2.A.1,HTH_1|LysR_substrate,HTH_1|LysR_substrate,Pyr_redox_2,HTH_1|LysR_substrate,2.A.75,GH166,2.A.66,GT4
GT4,3.A.1,GT2,Rhodanese,1.I.1
3.A.12,GH15,TetR_N,3.D.6
2.A.1,GT20,3.A.23,3.A.23,3.A.1,3.A.1,9.B.34,HisKA|HATPase_c,Response_reg|Trans_reg_C,3.A.1,3.A.1,3.A.1,3.A.1,1.B.1
1.A.46,3.A.1,GT41,9.B.22
9.B.97,GT2,MCPsignal,9.B.146,9.B.18,9.B.146,GT2,GT2|GT2,9.B.97
3.A.1,3.A.1,SBP_bac_1,GH42,3.A.1,Peripla_BP_3|LacI,MerR,9.B.34,2.A.21,8.A.5,2.A.1,HTH_1|CHASE3|LysR_substrate,3.A.1,3.A.1
GT2,GH8,AA3_2,3.A.1,3.A.1,3.A.1,3.A.1
2.A.1,HTH_1|LysR_substrate,2.A.53,GH63,GH133
1.A.30,2.C.1,2.C.1,bZIP_1,GT4,GT0,9.B.97,GT4,GT4,GT4,8.A.3,1.B.18,9.B.18
3.A.1,3.A.1,3.A.1,HTH_IclR|IclR,GT51
3.A.5,CE11
GT28,2.A.103,9.B.146
1.B.22,GT51,9.B.21,2.A.1,9.B.14,5.A.1
3.D.1,GH23
9.B.211,TPR_2|TPR_1,3.A.1,3.A.1,3.A.1,3.A.1,3.A.1,3.A.1,1.E.40,GT2,2.A.122,1.E.14
1.B.52,CheW,CheW|CheY-binding|HATPase_c|H-kinase_dim,Response_reg,1.A.30,1.A.30,FlhC,FlhD,GT4,1.A.8,8.A.5,GT41,GT41,GT41,GT41
9.B.18,3.A.1,3.A.11,SBP_bac_3,4.C.1,3.A.2,3.A.2,3.A.2,3.A.2,3.A.2,3.A.2,3.A.2,2.A.45,CbiA,3.A.1,3.A.1,3.A.1,3.A.1,3.A.1,3.A.1,3.A.1,3.A.1,AA3_2
9.B.10,GH23,1.B.22,3.A.15,3.A.15
