GH29,CBM32,8.A.46,1.B.14,FecR,Sigma70_r2|Sigma70_r4_2,GH92,1.B.14,BTAD,3.A.1
2.A.66,1.A.3,2.A.6,2.A.6,PL10_1,1.B.14,1.B.14,1.B.14,8.A.46,2.A.95
2.A.66,GH28
GH2|CBM32,3.A.23,Pyr_redox_2|Rhodanese,MarR,GH3
GH20,1.B.14
3.A.1,3.A.1,3.A.1,GT51
CBM67|GH78,CBM67|GH78,CE7,2.A.58,1.B.14
3.A.23,Response_reg|HATPase_c|HisKA,GH97,GH67,GH76,1.B.14,Y_Y_Y|Reg_prop|Response_reg|HTH_18|HATPase_c|HisKA,GH92,GH76,GH125
8.A.5,GH2,2.A.50,2.A.6,2.A.6
GT30,HD,GH123,3.A.11,2.A.13
2.A.21,NUDIX,TPR_1|TPR_2,1.B.14,GH16_3,GH18
GH36,GH43_10,GH3,GH2|CBM32,1.B.14,Y_Y_Y|Reg_prop|Response_reg|HTH_18|HATPase_c|HisKA,8.A.3,GT4,GT4,GT4,GT2,GT14,GT14,GT32,GT8,GT2,GT2,2.A.66,GT2,9.B.146,HTH_18,1.B.14,GH43_31,Y_Y_Y|Reg_prop|Response_reg|HTH_18|HATPase_c|HisKA,GH43_31,GH43_3,GH159,1.B.14,GH116,HTH_18|AraC_binding,GH146,GH43_26|GH106,GH88,GH154,1.B.14,GH105,GH2
GT4,GT4,HTH_18,2.A.6,2.A.6,2.A.6,GT0,GT4,GT2,GH92,GH76,1.B.14,Fer4,HTH_18|AraC_binding,GH115,GH43_24,GH105|PL33_2,PL8_3,GH2,GH29
GH3,Sigma70_r2|Sigma70_r4_2,FecR,1.B.14,CBM32,1.B.14,1.A.23,2.A.19,GH154,1.B.14,GH30_6,GH130,2.A.21,HATPase_c,9.B.174
GH30_4,1.B.14,Y_Y_Y|Reg_prop|Response_reg|HTH_18|HATPase_c|HisKA,GH18,HTH_AraC|HTH_18,3.D.10,3.D.10
GH27,3.A.11
GH32,GH31,GH31,GH66,8.A.46,1.B.14,GH2,GH43,GH51
1.B.14,GH43_31,2.A.1,GH2
1.C.39,HTH_18|AraC_binding,2.A.115,1.A.30,GH92,GH36,GH36|CBM35
GH95,1.B.14,GH110,GH97,GH31,Y_Y_Y|Reg_prop|Response_reg|HTH_18|HATPase_c|HisKA,GH95,1.B.14,8.A.46,GH20,GH2,2.A.53,3.D.10
1.B.14,1.B.14,Fer4,CE4,3.A.1
1.B.14,9.B.156,AAA,CE1,9.B.145,GH2,GH2|CBM32|CBM32,GH97,GH31,GH3,GH76,2.A.21,1.I.1
1.B.14,GH30_3,GH3
PL8_2,PL29,8.A.46,1.B.14,Y_Y_Y|Reg_prop|Response_reg|HTH_18|HATPase_c|HisKA,2.A.6,2.A.6,2.A.6,GH2,1.B.14,GH88,PL8_2
3.D.1,GT9,GT2,GT2,GT4,GT2,GT2,GT2,Aminotran_1_2,Aminotran_1_2,GT14,GT2,3.A.1,GT2
GT28,2.A.103,9.B.146
GH2,GH115,GH43_26,GH43_34|GH43_3,Sigma70_r2|Sigma70_r4_2,FecR,1.B.14,GH76,GH76,GH92,GH125,GH92|GH92,GH127
GH144,GH3,8.A.46,1.B.14
CE9,2.A.1,GH89,CBM51|GH27,GH20,GH2,SIS,1.B.14,2.A.1,CE15
2.A.1,2.A.1,GT2,2.A.21,3.A.1
GH35,GH43_19,GH43_9|GH43_19,GH51,GH31,HTH_18|Reg_prop|Y_Y_Y,GH97,GH43_34,GH43_10,GH97,GH29,HTH_18|AraC_binding,1.B.14,GH127,GH43_34,GH154,Y_Y_Y|Reg_prop|Response_reg|HTH_18|HATPase_c|HisKA,1.B.14,GH16_3|GH43_24,GH43_24,GH145,GH105,2.A.122,1.E.14,GT2,GH13_36,8.A.46,1.B.14,GH97,GH13
GH92,GH38|CBM32,GT32,GT32,GH130,GH125,GH76,GH92,Y_Y_Y|Reg_prop|Response_reg|HTH_18|HATPase_c|HisKA,1.B.14,GH76,GH36,GH29,Y_Y_Y|Reg_prop|Response_reg|HTH_18|HATPase_c|HisKA,3.A.23,2.A.66,Response_reg|HATPase_c|HisKA,3.A.1,9.B.157,2.A.103
1.B.14,GH92,GH99,9.B.14,GH20
2.A.16,2.A.49,3.A.11,HTH_18|Reg_prop|Y_Y_Y,1.B.14,GH29,HTH_18|Reg_prop|Y_Y_Y,1.B.14,GH92,GH92,GH92,LytTR|Response_reg,8.A.59,2.A.6
1.C.105,1.B.14,8.A.46,GH92,GH92,FecR,Sigma70_r2|Sigma70_r4_2,GH92,1.A.34,MerR,HD,GH23,HTH_3,CbiA,GT19,3.A.25
GH2|CBM32,1.A.23,HTH_18,GAF|HATPase_c|HisKA,3.D.9,3.D.1,3.D.9,3.D.1,Fer4,3.D.1,3.D.1,3.D.1,3.D.1,Sigma70_r2|Sigma70_r4_2,GH38,GH92,GH2,CBM67|GH78,CE1,1.B.14
1.B.14,GH92,GH92,GH130,GH43_8,2.A.38
2.A.1,4.A.5,GH105,CE8,CE12|CE8,Y_Y_Y|Reg_prop|Response_reg|HTH_18|HATPase_c|HisKA,1.B.14,PL1_2,PL1_2,9.B.116,LytTR,PL1_2,1.B.14,GH28
GH106,GH28,GH28,CE12,GH2,GH43_18|GH42,GH28,CE4,GH28,GH2,GH27|CBM35,GH35,1.B.14,8.A.46,1.B.14,PL9,PL26,CE12|CE12,GH105,PL11_1,GH105,Y_Y_Y|Reg_prop|Response_reg|HTH_18|HATPase_c|HisKA,CE4,CE6,GH2,Y_Y_Y|Reg_prop|Response_reg|HTH_18|HATPase_c|HisKA,PL9_1,GH43_10,GH28
9.B.171,Reg_prop|Response_reg|HTH_18|HATPase_c|HisKA,2.A.7,GH2,2.A.115,GH109,1.B.14,FecR,Sigma70_r4_2,GH110,GH109
GT4,GT2,GT4,3.A.1
9.B.104,GH133,GT4,GH57,GT5,Pyr_redox_2,2.A.1
3.A.1,2.A.1,3.A.12,Pyr_redox_2,GH20
2.A.21,Sigma70_r2|Sigma70_r4_2,FecR,1.B.14,GH89,3.A.5
GH20,GH84,HTH_18|AraC_binding,2.A.1,TPR_1,Sigma70_r2|Sigma70_r4_2,FecR,1.B.14,8.A.46,PL33_1,3.B.1,9.B.158
1.A.1,GH23
2.A.7,2.A.107,GT2
1.A.43,Peptidase_M23,GH97,2.A.37
CBM32,1.B.14,FecR,Sigma70_r2|Sigma70_r4_2,2.A.20,9.B.27
2.A.49,PL15_2,2.A.1,PL12_2,GH88,8.A.46,1.B.14,PL12_2,Y_Y_Y|Reg_prop|Response_reg|HTH_18|HATPase_c|HisKA,PALP,2.A.38,GH2,GH53,8.A.46,1.B.14,Y_Y_Y|Reg_prop|HTH_18|HATPase_c|HisKA,PL13,1.A.35,GH20,GH95,GH2,1.A.23,GH13_14,GH13_5,2.A.6,2.A.6
1.B.14,8.A.46,GH29,GH3,LysR_substrate|HTH_1,1.A.8,Sigma70_r2|Sigma70_r4_2,Sigma70_r2|Sigma70_r4_2,FecR,1.B.14,2.A.1
GT2,GT2,GT101,GT2,GT2,GT4,GT4,8.A.3,GH27
2.A.119,2.A.59,3.A.4,ArsD,8.A.46,3.D.1,Fer4,3.D.1,PL40,GH28,GH97,SIS,GH146,HTH_18|Reg_prop|Y_Y_Y,Sigma70_r2|Sigma70_r4_2,1.B.14,GH43_10,GH88,9.A.40,1.B.14
2.A.35,2.A.1,GT51
9.B.29,B12-binding|B12-binding_2,Nitroreductase,2.A.21,GH23
1.A.30,GH35,3.A.1,2.A.6,2.A.6,2.A.6,2.A.6,2.A.6,GH25
GH141,GH31,B12-binding|B12-binding_2,2.A.21
GH51,GH146,NUDIX,2.A.21,GH43_4,1.B.14,1.B.14,Y_Y_Y|Reg_prop|Response_reg|HTH_18|HATPase_c|HisKA,GH43_4,GH51,GH43_29,2.A.1
9.B.18,9.B.18,GT0
GT4,GT4,1.B.18,8.A.3
GT2,9.B.18,1.B.18,8.A.3,8.A.46
1.B.14,2.A.4,2.A.81,1.B.14,1.B.14,GH20,TetR_N,3.A.1,3.A.1
9.B.18,GT0
GT4,GT94,9.B.18,1.B.18,8.A.3,3.D.6,3.D.6,3.D.6,3.D.6,3.D.6,3.D.6
CBM62,2.A.6,CE9,CE9,2.A.6,HATPase_c|HisKA,Response_reg|Trans_reg_C,GH97,4.C.1,2.A.36,2.A.40,cNMP_binding,HATPase_c,3.A.23,3.A.1,2.A.66
2.A.68,Sigma70_r2|Sigma70_r4_2,FecR,1.B.14,GH2
3.A.23,3.A.1,CBM32,1.B.14
2.A.79,Sigma70_r2|Sigma70_r4_2,PL1_2,Y_Y_Y|Reg_prop|Response_reg|HTH_18|HATPase_c|HisKA,GH2,GH139,GH106,3.A.3,HATPase_c|HisKA,Response_reg|Trans_reg_C,GH2,GH2,HATPase_c|HisKA,HTH_18|AraC_binding,GH137|GH2|CBM57,GH138,2.A.21,GH78,GH141,GH127
GH95,GH105,GH140,CBM67|GH78|GH33,CE0,GH28,CBM67|GH78,GH143|GH142,GH43_18,PL1_2,1.B.14,1.B.14,GH92,GH130,GH163,8.A.46,1.B.14,1.B.14,8.A.46,1.B.14,8.A.46,GH20
GT35,2.A.37
GT2,2.A.66,GT101,GT4,GT2,Response_reg|HATPase_c|HisKA,3.A.1,GyrI-like,2.A.66,9.B.186,GT51,Sigma70_r2|Sigma70_r4_2,9.B.1,1.A.62,1.B.14,AAA,3.D.4,3.A.1,3.A.1
2.A.1,Sigma70_r2|Sigma70_r4_2,FecR,1.B.14,8.A.46,GH18,Response_reg|HTH_18,3.A.1,3.A.1,3.A.1,3.A.1,GT35,GT3,3.A.2,3.A.2,3.A.2,3.A.2
9.B.146,Pyr_redox,GT4,GT2,GT4,GT2
1.B.14,3.A.1,3.A.23,PAS|HATPase_c,GT2
GH73,HTH_18,Pyr_redox_2,3.A.1,NUDIX,cNMP_binding,9.B.97,Peptidase_M23,1.B.14,8.A.46,3.D.2
1.B.14,GH20,1.A.23,GH29|CBM32,GH2,GH20,1.B.14,GH18
9.B.18,GT2,GT2,GT2,GT25,2.A.66
2.A.21,3.A.1,GH13_14
9.B.18,GT2,GT4
2.A.1,GH32,GH32,8.A.46,1.B.14,GH32,GH2,GH92,8.A.46,1.B.14,GH2,GH95,GH3,GH3,GH43_2|GH43_2,2.A.37
GH29,FUR,HTH_18,1.I.1
GH97,GH3,GH43_17,1.B.14,FecR,Sigma70_r2|Sigma70_r4_2,GH92,GH76,CSD,1.I.1
3.A.7,B12-binding,2.A.81,2.A.115,Peripla_BP_3|GntR,GH127,3.A.1,3.A.1,3.A.1,2.A.66,cNMP_binding,GntR,GH92,2.A.1,1.B.14,GH92,GH43_24,GH38,2.A.6,2.A.6,HTH_18,2.A.66
