1.A.33,GH103,2.A.7,2.A.109,Pribosyltran,3.A.7,2.A.4,2.A.9
1.B.10,9.B.35,CE4,B12-binding_2,9.B.34
GT28,CE11,Peptidase_M23,2.A.106
1.B.1,HTH_5,GT30,1.A.23,4.C.1,GerE|Response_reg,2.A.21,9.B.136,2.A.21,1.A.1,2.A.15,1.B.1,9.B.34,2.A.109,2.A.1
3.A.1,3.A.1,9.B.146,GT51,3.A.11,1.B.22
GH3,9.B.174
CE4|GH153,GT2,9.A.18
2.A.20,1.B.14,3.A.1,3.A.1,9.B.104,GT51
GH23,3.A.1,3.A.1,3.A.1,3.A.1,2.A.3,9.B.34
GH103,3.A.1,3.A.1
GT51,Glycos_trans_3N,2.A.23
3.A.5,Nitroreductase,GH23,2.A.58,2.A.122,1.E.14
2.A.15,TetR_N,AA3_2,HATPase_c|HisKA,Trans_reg_C|Response_reg,5.A.1,9.B.153,9.B.186,3.A.7,3.A.23,3.A.23,3.A.23,3.A.23,3.A.23,3.A.23,3.A.23,9.B.102,9.B.102
GT81,2.A.40
2.A.114,PAS|EAL,2.A.28,Glyoxalase,2.A.1,HTH_1|LysR_substrate,CBM50
3.A.1,3.A.1,3.A.1,AsnC_trans_reg,GH23,GH23,9.B.1,1.A.26,2.A.6
GT2,PIG-L,GT20,1.A.22,2.A.40,2.A.3,1.B.6
GT4,1.B.11
9.B.27,1.A.11,1.B.25,4.C.1,2.A.1,1.A.62,2.A.109,2.A.1,GH25,2.A.1,1.B.14,CBM50,3.A.11
3.A.2,3.A.2,3.A.2,3.A.2,3.A.2,3.A.2,3.A.2,3.A.2,FUR,3.A.1,3.A.1,2.A.76,GH19,3.A.23
9.B.18,Aminotran_1_2,9.B.18,GT4,GT4,GT4,8.A.3,1.B.73,2.A.6
GH23,GH23,9.A.47,3.A.7
GH109,3.A.7
