1.B.22,GT51
1.A.62,2.A.81,Aminotran_1_2,1.B.20,3.A.1,3.A.1,3.A.1,3.A.1,3.A.1,9.B.126,Pyr_redox_2,HTH_11,1.B.19,GH1,4.A.1
3.A.5,1.C.82,2.A.61,1.B.35,GH105,CE9,4.A.6,4.A.6,4.A.6,4.A.6,SIS,HTH_DeoR|DeoRC,GH154,2.A.40,3.A.1,3.A.1,3.A.1,3.A.25,3.A.1
2.A.50,GH73
2.A.61,2.A.42,Aminotran_1_2,GT83,2.A.6,2.A.6,2.A.6
GT83,2.A.40,2.A.36,2.A.7
2.A.38,NUDIX,Response_reg|GerE,HATPase_c,GT2
4.B.1,3.A.1,HTH_3,GH23
3.A.11,AsnC_trans_reg|HTH_11,3.A.1,3.A.1,1.A.11,HHA,GH23
3.A.1,3.A.1,GT4|GT4,GT4,GT4
9.A.40,2.A.23,MarR,CE9,4.A.1
GH73,8.B.24,1.C.1,3.A.6,3.A.6,3.A.6,3.A.6,3.A.6,3.A.6,3.A.6,3.A.6
2.A.15,TetR_N,AA3_2,2.A.47,2.A.11,HD,2.A.47
2.A.78,2.A.78,2.A.23,3.A.9,Pkinase,3.A.1,3.A.1,3.A.1,3.A.1,GH23,2.A.95
3.A.1,3.A.1,Aminotran_1_2,GT2,GT83,2.A.7,2.A.7,HTH_18,1.B.14,4.A.1,2.A.86,3.A.1
2.A.79,3.A.1,3.D.4,GntR|Aminotran_1_2,2.A.76,AsnC_trans_reg|MarR,5.A.3,5.A.3,1.B.14,Peripla_BP_2,2.A.118,HTH_IclR|IclR,HTH_1|LysR_substrate,2.A.19,AA3_2,1.B.11
3.A.1,3.A.1,3.A.1,CBM50,HTH_1,1.B.11
2.A.1,AA10
3.A.1,3.A.1,3.A.1,Pyr_redox_2,1.B.25,GH3
GT51,9.A.41
2.A.56,2.A.56,2.A.56,1.B.11,2.A.1,Aminotran_1_2,3.A.23,HisKA|HATPase_c,Response_reg|GerE,MASE1|HATPase_c,2.A.1,3.A.1,3.A.1,3.A.1,HTH_DeoR|DeoRC,4.A.7,4.A.7,GH23,2.A.76
3.A.15,3.A.15,NUDIX,3.A.5,CE11,GT28,2.A.103,9.B.146
3.A.1,Aminotran_1_2,GT51
3.A.1,3.A.1,3.A.1,GH4,HTH_18|AraC_binding,4.A.3,4.A.3,4.A.3
GT19,1.B.33
GH102,3.A.7
GT51,Response_reg|HisKA|PAS|HATPase_c,Pyr_redox_2,1.A.12
8.A.3,1.B.18,GT4
CE4,2.A.1,1.A.1,GntR,HTH_6|SIS,4.A.6,4.A.6,4.A.6,4.A.6,HTH_DeoR|DeoRC,Peripla_BP_1,3.A.1,3.A.1,3.A.1
CBM50,2.A.25,1.A.23,2.A.16,2.A.7,2.A.3
2.A.3,GT26,9.B.128,GT56,2.A.66,Aminotran_1_2,GT0,3.A.6,1.I.1
2.A.66,GT52,GT2,1.B.18,8.A.3
1.A.34,Aminotran_1_2,GT9,GT9,GT52,GT0,GT30,GT4,GT8,GT8,GT4,GT9
