1.A.30,1.A.30,1.B.14,GT21,2.A.4
9.B.18,2.A.66,GT4,GT4
2.A.71,3.A.23,3.D.4,3.D.4,Pyr_redox_2,HhH-GPD,3.D.6,3.D.6,3.D.6,3.D.6,3.D.6,3.D.6,Aminotran_1_2,8.A.3,9.B.42,GT4,GT4,GT4,GT4,GT2,GT4,3.A.1,SIS,PfkB,GT2,GT4,2.A.50,GT2,GT2,1.B.14
3.A.1,3.A.1,3.D.2,3.D.2,1.B.25,ANTAR|Response_reg,3.A.1,3.D.1,NIR_SIR|Pyr_redox_2|NIR_SIR_ferr,9.B.106,2.A.1,9.A.47,Response_reg,9.A.47,TPR_2,9.B.34,AraC_binding,GH65,3.A.16
2.A.66,GT4,GT4,9.A.25
GT2,9.B.18
1.I.1,GT41
GT30,9.B.34
GT4,2.A.2
1.A.30,GH23,3.A.1,SIS|PALP,3.A.2,GGDEF|Response_reg,Citrate_synt,1.B.14
2.A.5,Rhodanese,9.A.8,HTH_3,9.B.34,2.A.72,GH23
GT35,5.B.3,3.A.3,GH65,2.A.53,Glyoxalase,GH57,2.A.1,GT28
3.A.1,3.A.1,3.A.1,3.A.1,GH15
2.A.89,GT2
GT2,GT2,3.A.1,GT2
GT2,Rhodanese,2.A.38,3.A.23,2.A.21,CBM50,3.A.11,3.A.7
3.A.2,3.A.2,GH1
4.C.1,GT1,9.B.106
9.B.69,MarR,9.B.36,1.A.23,MarR,GT4,GT4
2.A.6,3.A.16,GH57,GT2
GT5,CBM48|GH13_9,GH77,3.A.1,NUDIX,1.B.42,3.A.15,3.A.15,3.A.15
GH13_3,GT5,TPR_2|TPR_1,3.A.23,HATPase_c,9.B.18
1.B.33,GT2
3.D.1,GH13_11
CE4,9.B.106,2.A.6,2.A.6
9.B.18,GT4,GT4,GT4,GT2,PL1_2
4.C.1,2.A.1,Nitroreductase,CE7,2.A.1
GH133,TPR_1,1.B.14,FecR,Sigma70_r4_2,3.A.1,3.A.1
3.D.4,3.D.4,PAS|HisKA|GAF|HATPase_c,GH103
3.A.23,3.A.1,GT4,GT9,GT4,GT4,GT4,1.A.35,GT2,GT27,3.A.9,3.A.23,9.B.20,2.A.5,1.B.33,PfkB,3.A.1,3.A.1,3.A.1
3.A.3,9.B.157,9.B.157,9.B.157,2.A.103,GH103,1.A.26
2.A.6,2.A.6,GH23,3.A.1
9.B.42,9.B.186,1.A.8,MerR,9.B.62,1.B.76,GT4
GT1,4.C.1
CBM32,3.A.1,3.A.1,3.A.1
GT4,3.A.1,8.A.59
2.A.16,2.A.1,2.A.21,CheB_methylest,HATPase_c|HisKA|Response_reg,9.B.18,1.B.18,8.A.3,GT2,GT2,GT2
3.A.10,GT83
GT2,9.B.153,3.A.23
GT2|GT2,3.D.1,3.D.1,3.D.1,3.D.1,3.D.1,3.D.1,3.D.1,3.D.1,3.D.1,3.D.1,3.D.1,3.D.1,3.D.1,3.A.1,3.A.1
9.B.146,2.A.103,GT28
CE11,3.A.5,NUDIX,PAS|HisKA|HATPase_c,3.A.23,GT35
GH77|GH13_26,GH13_10,GT4,PAS|HisKA|Response_reg|HATPase_c,3.A.1,4.A.1,FecR,Sigma70_r2|Sigma70_r4_2,1.B.14,Trans_reg_C|Response_reg,HisKA|HATPase_c,FecR,Sigma70_r2|Sigma70_r4_2,3.A.1,3.A.1,3.A.1,FecR,Sigma70_r2|Sigma70_r4_2,2.A.6,2.A.6,3.A.1,Glycos_trans_3N,Pribosyltran,HisKA|HATPase_c,3.A.23,2.A.53,2.A.121,B12-binding,9.B.156,3.A.12
GT0,GT4,GH0,CBS,9.B.126
GH23,2.A.1,CBS,2.A.37,9.B.149,9.B.150,1.B.76
3.A.1,3.A.1,3.A.1,3.A.1,SBP_bac_3,GT0,2.A.66,GT4
2.A.1,1.B.66,3.A.1,2.A.38,GerE|Response_reg,GH23
2.A.1,GT51,1.B.22
GH144,3.A.1,2.A.37
GT2,PL12_3,GT26,9.B.146
