3.A.18,GH13_19
GT2,3.A.1
4.C.1,MarR,GH15,GT20,PL7_5,2.A.76,2.A.4
GT2,1.B.14
2.A.3,2.A.53,GH29,GH117
GT2,GT2,HD,9.B.172,9.B.172,9.B.172,1.B.6
GH95,GH97,GH141,GH168,GH29,GH107,GH29,GH43_2,GH43_2,GH141,GH29,GH141,GH43_2|CBM6,GH29,GH95,GH29,GH95,GH29,GH29,GH117,GH29,1.B.14,HisKA|HTH_18|Reg_prop|Y_Y_Y|Response_reg|HATPase_c,2.A.1
GH78,GH43_2,GH20,GH29,GH92,2.A.21,GntR,PL7_5,GntR,PL12,PL6|PL6_1
2.A.1,2.A.1,NUDIX,LacI|Peripla_BP_3,9.B.102,9.B.102,GH16_3,GH3,GH16_3,8.A.46,1.B.14
4.C.1,Response_reg,2.A.21,2.A.21,Sigma70_r4_2,GH114,2.A.6,2.A.6,2.A.6
2.A.15,Citrate_synt,GT5
1.B.6,GT2,3.A.1,3.A.1,9.B.145
1.A.33,2.A.103,9.B.174,GT19,3.A.11,2.A.17,2.A.6,9.A.40
9.A.24,Pyr_redox_2,GH13_38,GH65,LacI|Peripla_BP_3,1.B.14,GyrI-like,2.A.21,HD,2.A.21,3.A.23
9.B.18,8.A.3,GT4,GT4,GT4,GT4
GT4,GT26,9.B.18,8.A.3,3.A.2,SIS,GT5
2.A.7,PfkB,2.A.53,GT51,9.B.160
1.B.14,GH63,2.A.47
1.B.14,TetR_N,GT9,9.B.18
9.A.8,FeoA,GerE,1.B.14,GH144,GH144,CE1,GH3
1.B.14,TetR_N,9.B.196,HisKA|HATPase_c,GH37
2.A.41,1.B.14,3.A.10,GH64,1.C.105
9.B.146,2.A.103,GT28,9.B.157
2.A.9,2.A.66,GT83,GT2
GH5_2,3.D.1
2.A.36,GH15
3.A.3,9.B.20,3.A.1,3.A.1,GT2,GH5_42
1.B.42,Fer4,GH3,GT4,2.A.50
4.C.1,GH3
GH115,Reg_prop,HisKA|HTH_18|Reg_prop|Y_Y_Y|Response_reg|HATPase_c,1.B.14,8.A.46,GH29,GH168,GH28
9.B.14,Aminotran_1_2,CE14
9.B.153,9.B.144,GT4
9.B.210,GT2
CBM48|GH13_9,Response_reg,2.A.49
2.A.109,LacI|Peripla_BP_3,1.B.14,GH63,2.A.21,1.A.23,1.B.14
2.A.6,2.A.6,GH5_2,CSD,1.A.23
2.A.98,GT2
2.A.1,GntR,1.B.14,PL7
1.A.1,AAA,SKI,2.A.8,Response_reg|Trans_reg_C,2.A.21,GT2
