2.A.1,GH2
2.A.81,GntR,4.A.1,GH4,9.B.51,PALP,2.A.8,LysR_substrate|HTH_1,GH5,2.A.1,2.A.7
2.A.2,GH31,2.A.40,2.A.27
GT2,GT30,GT2,GT4,GT4,GT9,GT9,GT9,Aminotran_1_2,GT2,1.A.34
3.D.1,Aminotran_1_2,GH13_19,GH73,Peripla_BP_3|HTH_18,3.A.1,3.A.1
GH13_29,4.A.1,LacI|Peripla_BP_3,3.A.3
2.A.2,GH43_11
4.B.1,LysR_substrate|HTH_1,3.A.1,GH23
9.B.146,2.A.103,GT28,CE11,3.A.5,NUDIX,3.A.15,3.A.15,9.B.125,GH43_26,2.A.2,2.A.3
GT51,3.A.1,3.A.1,3.A.1,2.A.49,1.A.62,3.A.1
1.B.33,GT19
3.A.1,3.A.1,3.A.1,LysR_substrate|HTH_1,2.A.1,GH23,GntR,3.A.1,3.A.1,3.A.1,3.A.1,3.A.1
1.E.5,GH24,1.M.1
2.A.26,2.A.3,CBM34|GH13_21
2.A.115,LacI|Peripla_BP_3,GH2,2.A.113
AA3_2,TetR_N,2.A.15,3.A.1,3.A.1,3.A.1,1.B.14,4.C.1,3.A.1,3.A.1,3.A.1,2.A.1,3.A.1,2.A.1,2.A.114,HTH_3,3.A.1,3.A.1
CE9,4.A.1,1.B.25
3.D.10,3.D.10,GntR,4.A.2,GH38,3.D.4,3.D.4,9.B.85,8.A.79,1.A.30,1.A.30,2.C.1,2.C.1,2.C.1,2.C.1,4.B.1,2.A.4
3.A.1,HTH_1|TOBE,2.A.6,3.A.1,3.A.1,3.A.1,CE8
1.A.23,3.A.1,3.A.1,3.A.1,2.A.7,1.B.6,Fe_dep_repress|Fe_dep_repr_C,2.A.45,8.A.1,2.A.1,1.B.17,8.A.5,GH1,4.A.3,GntR,3.A.1,GH31,2.A.1
3.A.15,3.A.15,3.A.15,3.A.15,3.A.15,GH18,GH23,GH19|CBM73
2.A.39,GntR,CE4
AA6,2.A.7,2.A.40
GT2,2.A.1
GH73,2.A.1
4.A.1,GH3
9.B.99,GH18,Nitroreductase,3.A.7
4.A.3,4.A.3,4.A.3,AraC_binding|HTH_18,GH4,CE0,2.A.23
3.A.1,3.A.1,EAL,3.A.1,3.A.1,3.A.1,1.B.14,4.A.1,2.A.2,GH3,2.A.86,3.D.1
3.A.1,3.A.1,3.A.1,3.A.1,3.A.1,SIS|HTH_6,EAL|BLUF,PfkB,1.B.3,4.A.1,GH32,LacI|Peripla_BP_3,1.B.52,Sigma70_r2|Sigma70_r4_2,5.A.1,GH2,HATPase_c|HisKA|PAS|Response_reg,GT2
GH13_10,GH13_26,CBM48|GH13_11,9.B.211,2.A.1,LysR_substrate|HTH_1,2.A.21,Trans_reg_C|Response_reg,1.B.17,2.A.6,HTH_5,LysR_substrate|HTH_1,8.A.5,8.A.5
3.D.4,GH13_16
1.B.14,1.E.43,GH23,2.A.36,Pyr_redox,GntR,2.A.34,5.A.2
CBM50,3.A.1,3.A.1,3.A.1
9.B.158,3.A.6,3.A.6,CheZ,Response_reg,CheB_methylest|Response_reg,CheR|CheR_N,1.B.52,1.B.52,1.B.11,2.A.23,CheW,H-kinase_dim|CheW|HATPase_c|CheY-binding,1.A.30,1.A.30,FlhC,FlhD,GT20,3.A.1,3.A.1,3.A.1,2.A.13,2.A.42,3.A.1,3.A.1,3.A.1,3.A.1,3.A.1
GH19,1.E.56,1.E.43,4.F.1
3.A.1,3.A.1,PALP,3.A.1,Sigma70_r2|Sigma70_r3|Sigma70_r4,GH13_5,3.A.6,3.A.6,3.A.6,3.A.6,3.A.6,3.A.6,3.A.6,3.A.6
GT4,2.A.66,9.B.18,GT4,NUDIX,GT2,GT4,GT2,8.A.3,1.B.18,2.A.109,9.B.22,9.B.34,HhH-GPD|AlkA_N,8.A.1,2.A.6,2.A.6,2.A.1
GH32,2.A.1
1.B.18,2.A.113,3.A.1,LytTR|Response_reg,9.B.33,MerR,3.A.1,3.A.1,3.A.1,3.A.1,GH3,9.B.29,9.B.27,1.B.17,GH1,4.A.1,AraC_binding|HTH_18,1.E.14,2.A.122,9.B.114,3.A.1,3.A.1,3.A.1,LacI|Peripla_BP_3,9.B.169,1.B.14,2.A.3,LysR_substrate|HTH_1,2.A.98,4.A.2,PfkB,4.A.2,2.A.1
1.B.33,ACT,2.A.86,2.A.40,Pribosyltran,GH1,EAL|MASE1,9.B.209
5.A.3,GT51,4.A.1,GH4
2.A.113,2.A.1,Aminotran_1_2,3.A.23,HATPase_c|HisKA,GH23,4.A.1
1.M.1,GH24,1.E.25
3.A.1,3.A.1,3.A.1,GH103,4.A.4,4.A.4,4.A.4,HTH_DeoR|DeoRC,CBS|SIS,3.A.23,Pyr_redox_2,2.A.52,5.A.3,LacI|Peripla_BP_3,4.A.1,GH1,3.D.1,3.D.1,3.D.1,3.D.1,3.D.1,3.D.1
2.A.1,Sigma70_r2|Sigma70_r3|Sigma70_r4,CBM50
GH102,3.A.7
4.A.2,NUDIX,8.A.5,2.A.1,4.C.1,LacI|Peripla_BP_3,3.A.1,LysR_substrate|HTH_1,2.A.1,LysR_substrate|HTH_1,2.A.117,2.A.42,AsnC_trans_reg|MarR,2.A.76,HATPase_c|PAS,HTH_DeoR|Response_reg,SBP_bac_1,3.A.1,3.A.1,CBM50
1.C.113,SIS|HTH_6,GH1
GH23,2.A.1
1.B.55,CE4|GH153|GH153,3.A.1,3.A.1,3.A.1,3.A.1,3.A.1
2.A.109,2.A.23,2.A.1,GntR,9.B.27,1.E.34,9.B.124,LysR_substrate|HTH_1,2.A.42,2.A.42,PALP,GT2
3.A.1,3.A.1,3.A.1,3.A.1,3.A.1,2.A.19,CBS|SIS,1.B.42,1.B.42,1.B.42,4.A.2,8.A.8,GT51,HATPase_c|HisKA|PAS|Response_reg,1.B.42,1.B.42
1.B.22,GT51
2.A.21,Trans_reg_C|Response_reg,9.A.8,9.A.8,9.A.8,2.A.8,GH77,GT35,GerE,HTH_DeoR|DeoRC,9.B.104,Rhodanese,GT35,GT5,CBM48|GH13_11,CBM48|GH13_9,2.A.95,2.A.88,2.A.1,2.A.86,LysR_substrate|HTH_1,3.A.7,2.A.109,2.A.1
2.A.20,9.B.4,Pyr_redox_2,GH37
9.B.126,2.A.1,9.B.121,EAL,PfkB,2.A.23,EAL|GGDEF,1.B.55,GH8,HTH_11,2.A.38
2.A.3,GT26,9.B.128,GT56,2.A.66,Aminotran_1_2,GT0,9.B.146,3.A.6,1.I.1
3.A.23,2.A.21,1.B.35,2.A.2,2.A.2,GH31,PfkB,HTH_DeoR|DeoRC,1.B.12,Trans_reg_C,9.B.126,5.A.3,5.A.3,5.A.3,2.A.78,2.A.78,HTH_3,LacI|Peripla_BP_1,GH36,2.A.1
GT27,GT2,GT2,GT0,GT107|GT107,9.A.41
