GT4,AAA,9.B.31
CBM50|CBM50,2.A.38,2.A.38,9.B.14,HD,3.A.1,3.A.9,1.B.52
1.A.1,2.A.109,GT9
1.A.1,Aminotran_1_2,B12-binding,2.A.59,GT30
GT4,GT4,3.A.1,GT9,GT4
GT4,2.A.47,GT2,GT4,GT4,9.B.18
9.B.105,Sigma70_r2|Sigma70_r4|Sigma70_r3,GH73,3.D.1,3.D.1,3.D.1,3.D.1,3.D.1,3.D.1,3.D.1,cNMP_binding,3.D.1,3.D.1,3.D.9,3.D.1,3.D.1,3.D.1,3.D.1,1.B.14,GGDEF,2.A.6,2.A.6
1.B.80,3.A.1,3.A.1,3.A.1,AraC_binding,1.B.13,GT2
GT4,2.A.66,GH166
GH23,8.A.21
GT28,2.A.103
8.A.7,GH57,GH57,GT5,GH57
9.B.34,Rhodanese,1.B.13,CE11
3.A.9,GT9
3.A.5,CBM50,9.B.160,Sigma70_r2|Sigma70_r4|Sigma70_r3,1.A.30,1.A.30,1.A.30,1.B.14,2.A.66,3.A.15,HATPase_c|PAS|HisKA,3.A.23,Fer4,1.A.30,GH23
1.A.1,2.A.45,GT51
1.A.23,5.A.3,CBS,GH23,Fer4,3.A.1
GH114,1.B.33,HATPase_c|HisKA,2.A.86
GT2,GT83,GT83,3.A.5
3.A.1,GT66
GT2,GT4,3.A.11
3.A.2,3.A.2,3.A.2,3.A.2,2.A.3,1.C.39,GH114
