3.A.23,Pyr_redox_2,2.A.102,LysR_substrate|HTH_1,AA3_2,2.A.1
2.A.3,Response_reg|Trans_reg_C,2.A.21,9.B.34,GT9,GT9,GT4
3.A.23,5.A.1,1.B.52,9.B.34,NUDIX,2.A.66,GT51
2.A.106,4.C.1,9.B.164,9.B.159,Response_reg|TPR_2,HATPase_c,9.B.186,CbiA,GT4,1.B.52,2.A.121
1.B.76,GH23,2.A.64,3.A.15,1.B.22,3.A.15,3.A.15,3.A.15
GH17|GT2,2.A.36
1.B.33,GT19
GH17,3.A.1,9.B.136,2.A.21
1.A.35,1.B.14,2.A.1,LysR_substrate|HTH_1,GT104,MarR,LysR_substrate|HTH_1,2.A.102,LysR_substrate|HTH_1,1.I.1,9.B.1
1.B.10,1.B.10,2.A.40,9.B.43,CE4,9.B.35,2.A.40,GntR,1.A.8
2.A.86,3.A.3,3.A.3,3.A.3,HATPase_c|HisKA,Response_reg|Trans_reg_C,LysR_substrate|HTH_1,1.B.14,FecR,Sigma70_r2|Sigma70_r4_2,SBP_bac_1,1.B.14,3.A.1,3.A.1,3.A.1,3.A.1,3.A.1,GH23
3.B.1,4.C.1,1.C.107,GH13_3,GH13_16,CBM48|GH13_9,CBM48|GH13_11,GH13_26,GH77,GH13_10,GT5,GH15
2.A.117,GntR,2.A.3,2.A.1,GH13_33
3.A.11,3.A.15,GH23,HATPase_c|HisKA,HATPase_c|HisKA,3.A.23,2.A.8,SKI,Peripla_BP_3|LacI,1.B.52,HisKA|Response_reg|HATPase_c|CHASE3|SBP_bac_3,Response_reg|GerE,9.B.69,9.B.69,3.A.1,3.A.1,3.A.1,3.A.1,LysR_substrate|HTH_1,Peripla_BP_3|LacI,1.B.14,8.A.5,3.A.1,9.B.29
4.D.2,GntR,GntR,GH28,3.A.1,3.A.1,3.A.1,3.A.1,3.A.1,3.A.1,1.B.35,LysR_substrate|HTH_1,2.A.1
3.A.1,LysR_substrate|HTH_1,9.B.18,GT26,GT2,GT4,GT2,GT2,Pyr_redox_2,GH148,CbiA,1.B.18
3.A.1,Rhodanese,1.B.14,GntR,1.B.55,GH8,4.D.3,GT2
3.A.23,2.A.3,AA3_2
GT84|GH94,cNMP_binding,Sigma70_r2|Sigma70_r4_2,FecR,1.B.14
3.A.1,3.A.1,GH23,1.B.52
1.M.1,GH19
3.A.7,3.A.1,GH23
GT4,1.B.52,3.A.1,1.B.52,1.A.11
GH0,9.B.104
GT28,HTH_18,3.A.1,3.A.1,3.A.1,3.A.1,4.C.1,3.A.23,2.A.1,LysR_substrate|HTH_1,2.A.3
1.A.16,9.B.34,9.B.34,8.A.1,2.A.85,9.B.34,3.A.1,3.A.1,3.A.1,3.A.1,3.A.1,2.A.33,GH50,1.B.6
2.A.3,GT0,PadR,1.B.19
1.B.25,2.A.80,2.A.80,2.A.80,9.B.34,2.A.53,1.B.14,FecR,Sigma70_r2|Sigma70_r4_2,GH3,HATPase_c|HisKA|dCache_1,3.A.23,2.A.1
2.A.1,TetR_N,2.A.6,2.A.6,2.A.6,1.B.25,LysR_substrate|HTH_1,2.A.1,2.A.1,HTH_IclR|IclR,2.A.20,CbiA,1.B.52,GT4
2.A.1,2.A.1,1.A.23,2.A.21,NUDIX,3.A.5,CE11,GT28,2.A.103,9.B.146
GT2,1.B.13,PL5_1,2.A.50
2.A.4,9.B.72,Response_reg|Trans_reg_C,2.A.21,GT83,GT2,LysR_substrate|HTH_1,1.B.5,3.A.3,MerR,3.A.3,2.A.6,2.A.6,2.A.6,1.B.25,Response_reg|Trans_reg_C,2.A.6,2.A.6,HATPase_c|HisKA,Response_reg|Trans_reg_C,9.B.62,1.B.76,2.A.1,2.A.59
GT51,3.A.1,3.A.1,3.A.1
GH103,GH0,GH103,2.A.103
CBM50,Fer4,1.A.62,1.A.30,1.A.30
2.A.39,2.A.6,GT30,LysR_substrate|HTH_1,2.A.7,PfkB,3.A.1,9.B.67,GT4,PIG-L,GT4,2.A.21,2.A.7,LysR_substrate|HTH_1,2.A.1,1.I.1,Pyr_redox_2,2.A.85,SBP_bac_3,9.B.34
GH102,2.A.7,2.A.36,SBP_bac_3,1.I.1
2.A.64,1.B.52,1.B.52,3.A.1,3.A.1,3.A.1,GT2
GT35,HATPase_c|HisKA|PAS,3.A.23
9.B.174,2.A.15,TetR_N,AA3_2,2.A.36,1.A.23,CbiA,LysR_substrate|HTH_1,2.A.1
1.B.22,GT51,3.A.11,3.A.15,9.A.4
GT51,Sigma70_r4|Sigma70_r2,3.A.1,3.A.1,3.A.5
