AA3_2,3.D.7,3.D.7,2.A.99,3.D.7,HTH_3,3.D.7,3.D.7,3.D.7
2.A.1,2.A.1,Response_reg|Trans_reg_C,HATPase_c|HisKA,GT2
GH13_23,GH1,3.A.1,3.A.1,3.A.1,3.A.1,LacI|Peripla_BP_3,1.B.15
3.A.1,3.A.1,3.A.1,3.A.1,2.A.6,1.A.23,9.B.20,Pyr_redox_2,Hemerythrin,AA3_2
GT84|GH94,cNMP_binding,1.B.6
9.B.146,2.A.103,GT28,CE11,GT51,2.A.103
3.A.23,2.A.21,3.A.5,GT2|GT2,3.A.23
2.A.80,5.B.1,2.A.19,GH104
3.A.1,3.A.1,3.A.1,3.A.1,3.A.1,Response_reg,3.A.1,3.A.1,SBP_bac_3,2.A.40,CE4,GntR,9.B.35,9.B.43
3.D.1,3.D.1,3.D.1,3.D.1,3.D.1,3.D.1,3.D.1,3.D.1,3.D.1,3.D.1,3.D.1,3.D.1,3.D.1,3.D.1,NUDIX,3.A.1,3.A.1,3.A.1,3.A.1,3.A.1,3.A.1,3.A.1,3.A.1,3.A.1,MarR,1.B.17,8.A.1,2.A.1,GH103,2.A.5,3.A.1,TOBE,LysR_substrate|HTH_1,3.A.1,3.A.1,3.A.1,SBP_bac_3,3.A.1,3.A.1,3.A.1,3.A.1,2.A.4
3.A.11,GH103
GT51,GT0,HTH_18|AraC_binding,3.A.1,3.A.1,3.A.1,3.A.1,LacI|Peripla_BP_3,SKI,2.A.56,2.A.56,2.A.56,Response_reg|Trans_reg_C,2.A.21,MarR,2.A.66
GT4,2.A.5,HisKA|HATPase_c|PAS,HisKA|HATPase_c|PAS,9.B.102,2.A.56,2.A.56,2.A.56
2.A.1,HATPase_c,GH23
GT104,Guanylate_cyc|dCache_1,4.F.1
1.B.33,GT19
GH140,HisKA|HATPase_c|PAS,3.A.7
GT4,2.A.86,AsnC_trans_reg,IclR|HTH_IclR,3.A.1,3.A.1,3.A.1,9.B.34,GT4
9.B.18,4.C.1,GT4,4.C.1,GT2,9.B.42,GT26,2.A.1,CbiA,8.A.21,3.A.1,3.A.1,3.A.1,3.A.1
3.A.1,3.A.1,3.A.1,3.A.1,3.A.7,GH23,3.A.7
GH23,3.A.7,3.A.7,3.A.7,3.A.7,3.A.7,3.A.7,3.A.7,3.A.7,3.A.7
AA3_2,4.C.1,1.B.14,MCPsignal,GerE,4.C.1,Nitroreductase,4.C.1,2.A.53
CE3,3.A.9,1.A.30
2.A.6,2.A.6,GH23
3.A.7,3.A.7,GH23,3.A.16
GT25|GH16_21,GT0,2.A.6,2.A.6,1.A.72,1.A.72,MerR,2.A.80,Glyoxalase,LysR_substrate|HTH_1,9.B.99
CE4,2.A.6
1.I.1,9.A.62,2.A.80,GT4,GT2
3.A.1,3.A.1,Pkinase,GT2|GT2,GT2,9.B.18,9.B.18,9.B.97,1.I.1,2.A.20,9.B.1,9.B.125
2.A.36,AsnC_trans_reg,TetR_N,2.A.6,Rhodanese,2.A.6,GT30,GT2,Ada_Zn_binding|HTH_18|HhH-GPD|AlkA_N,2.A.7
GH3,1.A.63,9.B.160,RseA_N,Sigma70_r4_2|Sigma70_r2,3.D.1
1.B.22,GT51,2.A.1,9.B.14
GH23,3.D.1
2.A.4,CBM48|GH13_9,GH13_11,GH77,GT5,GT35,2.A.21
3.A.1,4.C.1,AA2,2.A.69,HTH_8|Response_reg,2.A.21
2.A.53,3.A.23,GT51,GAF|HATPase_c|HisKA,2.A.49,2.A.1
8.A.5,2.A.50,GT2
GT83,GT2,CBM50,2.A.6,2.A.6,3.A.5
