GT4,GT4,GT4,3.A.1,3.A.1,GT4,GT4,9.B.97,2.A.76,MarR|AsnC_trans_reg,Pyr_redox_2,3.A.3,3.A.1,3.A.1,3.A.1,9.B.10
3.A.5,3.A.1,3.A.1,Sigma70_r2|Sigma70_r4,GT51
2.A.4,9.B.72,Response_reg|Trans_reg_C,2.A.21,GT83,GT2,1.B.5,3.A.3,2.A.6,2.A.6,2.A.6,1.B.25
2.A.38,CBM50,3.A.11,2.A.53,3.A.1,LysR_substrate|HTH_1,2.A.11,2.A.109,2.A.58,3.A.1,3.A.1,9.B.156,2.A.23,3.A.23,HATPase_c|PAS|HisKA,EAL,9.B.34
8.A.1,2.A.6,1.B.55,CE4|GH153,GT2
GT73,3.A.1,3.A.1,3.A.1,3.A.1,2.A.3
GT2,1.B.52,2.A.64
3.A.11,GT51,3.A.11,1.B.22
2.A.6,GT2
2.A.21,3.A.23,9.B.34,GT9,GT9,GT4
GT4,PIG-L,GT4,9.B.67,3.A.1,PfkB,2.A.7,LysR_substrate|HTH_1,GT30,2.A.6,2.A.39
GT44,2.A.95
GT4,2.A.121
2.A.50,PL5_1,1.B.13,GT2
GH23,4.A.1,4.A.1,SIS,CE9
GT2,2.A.36
1.B.33,GT19
CBM50,Sigma70_r3|Sigma70_r2|Sigma70_r4,Fer4,HTH_3,1.E.20
GH19,1.M.1
1.B.6,1.B.6,GH50,9.B.186,2.A.33
9.B.34,3.A.1,3.A.1,GT4,2.A.80,2.A.80,2.A.80
2.A.3,2.A.1,Aminotran_1_2,3.A.23,GH73,GT2|GT2
GT2,9.B.18,Aminotran_1_2,GT28
GH17,3.A.1,9.B.136,2.A.21,Citrate_synt,3.D.10,3.D.10,Pyr_redox_2,2.A.26
1.B.10,1.B.10,2.A.40,9.B.43,CE4,9.B.35,2.A.40
3.A.3,Fer4,1.C.12,3.D.4,3.D.4,3.D.4,3.D.4,3.D.4,3.D.4,1.B.52,HTH_18,GH15,2.A.1,4.C.1,4.C.1,1.B.14,3.A.1,2.A.6,3.A.1,3.A.1,Sigma70_r2|Sigma70_r4_2,Pyr_redox_2,3.A.3,GerE|Response_reg,HATPase_c|SBP_bac_3|Response_reg|HisKA,1.A.23,2.A.40
GT2,GT2,GT4,CbiA,9.B.18
3.A.1,3.A.1,3.A.1,3.A.1,3.A.1,GH23
PL7_2,GH16_14,LysR_substrate|HTH_1,3.A.1,3.A.1,3.A.1,LysR_substrate|HTH_1,1.B.11
GH19,1.M.1
2.A.6,2.A.6,2.A.6,2.A.6,9.B.34,Aminotran_1_2|GntR,Fer4,9.B.20,GH13_3,GH13_16,CBM48|GH13_9,PIG-L,GT2,PIG-L,CBM48|GH13_11,GH13_26,GH77,GH13_10,GT5,9.B.27,1.B.52,2.A.1
2.A.7,LysR_substrate|HTH_1,2.A.6,2.A.6,2.A.6,8.A.1,2.A.21,Response_reg,HATPase_c|Response_reg|HisKA,CheB_methylest,CheR|CheR_N,2.A.21,Response_reg,GT0|GT2|GT4,HTH_18,3.A.1,3.A.1,3.A.1,3.A.1,PfkB,GH23,3.A.23
2.A.1,GntR,GH0
AA3_2,2.A.1,3.A.7,LysR_substrate|HTH_1,Cyanate_lyase,2.A.53,2.A.21,Response_reg|Trans_reg_C,2.A.42
3.A.1,2.A.66,9.B.34,Aminotran_1_2|GntR,2.A.7,HTH_18,2.A.21,2.A.53,NUDIX,AA10
GT4,8.A.3,GH0
GH3,TetR_N,LexA_DNA_bind,3.A.7,3.A.1,GH23,3.A.1,2.A.66
2.A.102,LysR_substrate|HTH_1,MarR,GT104
3.A.1,3.A.1,GH23
3.A.3,3.A.3,3.A.3,2.A.3,TetR_N,3.A.11,9.B.18,GT2,3.A.1,GT2|GT2
1.B.25,1.A.23,2.A.21,NUDIX,3.A.5,CbiA,MCPsignal|dCache_1,GT4
3.D.1,3.A.1,1.A.8,DeoRC|HTH_DeoR,Pyr_redox_2,LysR_substrate|HTH_1,2.A.1,3.A.1,3.A.1,3.A.1,3.A.1,HATPase_c|dCache_1|HisKA,3.A.23,9.B.72,LysR_substrate|HTH_1,2.A.76,NUDIX,9.B.142,2.A.3,GT0
9.B.62,4.A.1,1.B.3,GH13_29,4.A.1
3.D.4,3.D.4,3.D.4,3.D.4,3.A.23,CheW|Response_reg,2.A.6,2.A.6,Response_reg|Trans_reg_C,HATPase_c|HisKA,1.B.25,9.B.34,CE11,GT28,2.A.103,9.B.146
GT51,cNMP_binding,3.A.1,3.A.1,3.A.1
GH103,GH0,GH103,2.A.103
3.A.1,3.A.1,3.A.1,2.A.15,TetR_N,AA3_2,2.A.1,3.A.18,Pyr_redox_2,2.A.85,SBP_bac_3,9.B.34,PL7_1
GH102,2.A.1
