3.A.4,HTH_5,Glyoxalase,1.A.8,HisKA|HATPase_c,Trans_reg_C|Response_reg,CE4
CE9,SIS,GH3,1.B.14
GT2,2.A.6
2.A.7,9.B.8,9.B.8,SBP_bac_3,GH102
5.A.1,3.A.5,2.A.6,2.A.6,CBM50
GT4,Aminotran_1_2,9.B.18,9.B.18,1.B.22
3.A.15,3.A.15,GT4,9.B.97,GT4,GT4,GT2
GH23,1.E.33
1.A.30,1.A.30,Response_reg,CheZ,3.A.6,3.A.6,Sigma70_r2|Sigma70_r4|Sigma70_r3,SBP_bac_3,9.B.34,9.B.34,9.B.34,GH73
3.A.1,3.A.1,3.A.1,3.A.1,2.A.21,3.A.23,3.A.1,3.A.1,1.B.14,SBP_bac_3,3.A.1,3.A.1,3.A.1,3.A.1,GT35,CBM48|GH13_9,CBM48|GH13_11,GH77,HisKA|HATPase_c,9.B.105
3.A.11,GH103,AAA,1.A.23,SBP_bac_3,2.A.21,GH13_13
GT41,3.A.1,3.A.1,3.A.1,8.A.1,GT4
5.B.1,GT2,GntR,B12-binding,3.B.1
GT51,2.A.1,NUDIX,2.A.95,MarR|AsnC_trans_reg,1.B.39
9.B.43,9.B.35,GntR,CE4,9.B.126,2.A.6,2.A.6,NUDIX,3.D.1,3.D.1,3.D.1,3.D.1,3.D.1,3.D.1,3.D.1,3.D.1,3.D.1,3.D.1,3.D.1,3.D.1,3.D.1,3.D.1
3.A.1,GH23,Aminotran_1_2,3.A.15
1.B.52,GT30,9.B.33,Response_reg|LytTR,1.A.14,LysR_substrate|HTH_1,HTH_18|AlkA_N|Ada_Zn_binding|HhH-GPD,2.A.7,3.A.6,HATPase_c|HisKA|PAS,3.A.16
1.A.14,Sigma70_r2|Sigma70_r4|Sigma70_r3,1.A.34,Response_reg|GerE,4.F.1,GT104,1.B.6
GT25,3.A.1
GT4,2.A.50,9.B.97
GT2,9.B.42,8.A.3
9.B.34,3.A.9,CSD,2.A.25,GT4,Trans_reg_C,3.A.1,3.A.1,3.A.1
3.A.1,3.A.1,Trans_reg_C|Response_reg,HisKA|HATPase_c,CSD,2.A.6,2.A.6,GH23
8.A.7,GT19,1.B.33
2.A.21,GT51
3.A.23,2.A.21,3.A.5,3.A.5,3.A.1,3.A.1,Pyr_redox_2,3.A.1,3.A.23,HisKA|HATPase_c,CE11,GT28,2.A.103,9.B.146
1.B.22,3.A.11,GT51,9.B.21,3.A.1,3.A.1,3.A.1,3.A.1,1.B.1,1.B.1,PALP,3.A.15
2.A.76,B12-binding,2.A.56,DctP,GH23,9.B.34
GH23,3.D.1,HD,3.D.1,NIR_SIR_ferr|NIR_SIR|Pyr_redox_2,3.A.1,3.A.1,3.A.1,Response_reg|ANTAR,PALP,Hemerythrin,9.B.34,9.B.34
GT2,FHA,SpoIIE,9.B.106,2.A.109
2.A.103,9.B.157,3.A.9,Pribosyltran,1.B.14,3.A.1,9.B.34,3.A.1,2.A.17,2.A.111,9.B.143,GH13,9.B.34
