2.A.1,GntR,2.A.1,2.A.81,Aminotran_1_2,GH13_19,PfkB,LacI|Peripla_BP_3,9.B.186,HhH-GPD,2.A.1,4.A.2
2.A.1,GH18,3.A.1,3.A.1,3.A.1,3.A.1,3.A.1,CbiA,GT2,4.D.3,GH8,1.B.55,EAL|GGDEF,2.A.23,1.I.1,3.A.6,9.B.146,GT0,Aminotran_1_2,2.A.66,GT56,9.B.128,GT26,2.A.3,TPR_2,HEM4,9.B.21
CBM32|GH144,2.A.21,9.B.136,4.C.1,2.A.23,CBM50,TetR_N,5.A.1,2.A.13
2.A.7,3.D.10,3.D.10,1.A.23,2.A.25,CBM50
2.A.37,GH13_29,4.A.1,LacI|Peripla_BP_3,3.A.3,GH20
4.C.1,3.A.1,Peripla_BP_2,3.A.1,SIS|HTH_6,3.A.1,AA3_2,1.B.42,1.B.42
2.A.53,HTH_3,GH1,LacI|Peripla_BP_3,AraC_binding|HTH_18,2.A.1,4.C.1,9.B.10,2.A.114,GT20
4.B.1,LysR_substrate|HTH_1,3.A.1,1.B.6,GGDEF,GH23
2.A.25,3.A.7,2.A.96,1.A.33,2.A.33,LysR_substrate|HTH_1,9.B.105,LysR_substrate|HTH_1,GT1,2.A.1,2.A.1,GntR,2.A.37,2.A.37,2.A.76,2.A.79
9.B.146,2.A.103,GT28,CE11,3.A.5,NUDIX,3.A.15,3.A.15,9.B.125,2.A.49,1.A.62,3.A.1,HD,2.A.21,ACT,GerE,1.B.11
CBM50,Sigma70_r4|Sigma70_r2|Sigma70_r3,4.A.3,4.A.3,GH1,AraC_binding|HTH_18,CE0,2.A.1
GH24,1.E.25
GT2,2.A.6
2.A.1,GH23,2.A.39,GntR,CE4,1.B.14
2.A.26,2.A.3,HTH_3,1.A.23,CBM34|GH13_21,3.A.5,2.A.6,2.A.6,Response_reg|GerE,HATPase_c|HisKA,5.A.3,5.A.3,5.A.3
GH18|CBM12,MarR,CE9,4.A.1,1.B.25,GH20,2.A.1
3.A.1,9.B.29,3.A.1,Aminotran_1_2,LysR_substrate|HTH_1,GH3,3.A.1,3.A.1,3.A.1
2.A.1,AraC_binding|HTH_18,GH13_5,1.B.48,MarR,TetR_N,3.A.1,3.A.1,3.A.1
2.A.15,TetR_N,AA3_2,GerE,EAL,1.B.11
GT4,GT4,9.B.18,GH39,3.A.1,3.A.1,3.A.1,9.B.146,GT4,GT4,GT2
2.A.15,2.A.38,AA6,2.A.76,LysR_substrate|HTH_1,HTH_3,2.A.7,2.A.40
4.F.1,SIS|HTH_6,4.A.3,4.A.3,GH4,4.A.3,2.A.1,2.A.6,3.A.1,3.A.1,2.A.36,GT2
2.A.55,HxlR,3.A.1,GH3,Pyr_redox_2,Rrf2,2.A.6,2.A.6,HTH_18,2.A.17
1.E.25,GH24
3.A.1,3.A.1,3.A.1,3.A.1,GntR,3.A.1,5.B.3,GH63,LacI|Peripla_BP_3,GH2,2.A.3
2.A.53,9.B.34,PALP,3.A.1,3.A.1,3.A.1,Glucokinase,SIS|HTH_6,GH4,4.A.1
GH32,2.A.1,2.A.1
3.A.1,3.A.1,3.A.1,3.A.1,GH23,2.A.42,Peripla_BP_2,2.A.95,9.B.2
3.A.1,3.A.1,Aminotran_1_2,GT2,GT83,2.A.7,EAL,3.A.1,3.A.1,3.A.1,1.B.14,4.A.2,2.A.86,3.A.1
3.A.1,4.A.1,GH1
2.A.1,SIS|HTH_6,GH1
2.A.1,TetR_N,HTH_IclR|IclR,PALP,3.A.5,GGDEF|MASE1,GH13_31,3.A.1,GH4,3.A.1,3.A.1,3.A.1,LysR_substrate|HTH_1,1.A.23,3.A.1,2.A.4,1.A.26,3.A.1,3.A.1,3.A.1,3.A.1,2.A.7
GH123,SBP_bac_1,3.A.1,3.A.1,3.A.1
GH18,9.B.99,9.B.12,1.B.14,3.A.1,3.A.1,SBP_bac_5,3.A.1,2.A.1,Pyr_redox,GH24,1.E.1
2.A.34,5.A.2,GH103,CbiA,4.C.1,2.A.7,2.A.7,SIS|HTH_6,1.A.25,CBM50,3.A.1,3.A.1,3.A.1
9.B.158,Aminotran_1_2,2.A.66,2.A.1,8.B.24,3.A.18,GT2,NUDIX,EAL,2.A.109,4.A.6,4.A.6,4.A.6,2.A.107,2.A.1
1.B.11,GerE,5.A.3,5.A.3,5.A.3,GT2,GT2,GT2,GT4,2.A.66,8.A.3,1.B.18,9.B.146,Trans_reg_C,2.A.1,HATPase_c,Response_reg|GerE,1.B.54,3.A.15,3.D.1,NIR_SIR|Pyr_redox_2|NIR_SIR_ferr,3.A.1,3.A.1,3.A.1,NIT|ANTAR,SBP_bac_5,3.A.1,3.A.1,3.A.1,3.A.1
3.A.6,3.A.6,3.A.6,3.A.6,3.A.6,3.A.6,3.A.6,3.A.6,GH73
3.A.23,3.A.23,Pkinase,GH108|GH73
3.A.3,9.B.20,GH129
2.A.1,GH4,AraC_binding|HTH_18,AA10,2.A.66,HTH_18,AAA,2.A.1,AraC_binding|HTH_18,LacI|Peripla_BP_3,3.A.1,3.A.1,3.A.1,HTH_18,3.A.1,3.A.1,3.A.1,1.A.46,LysR_substrate|HTH_1,LysR_substrate|HTH_1,2.A.1
GT9,GT73,3.A.1,3.A.1,3.A.1,SBP_bac_5,LysR_substrate|HTH_1,2.A.7,NTP_transf_2,2.A.47
GH2,2.A.1,8.A.5
GT84|GH94,LacI|Peripla_BP_3,2.A.1,LysR_substrate|HTH_1,3.D.1,3.D.1,3.D.1,3.D.1,3.D.1,3.D.1,3.D.1,3.D.1,3.D.1,3.D.1,3.D.1,3.D.1,3.D.1,LysR_substrate|HTH_1,Aminotran_1_2,HD,2.A.47
1.B.9,3.A.1,9.B.14,3.A.1,9.B.14,3.A.1,3.A.1,1.A.16,LysR_substrate|HTH_1,2.A.7,1.B.1,GH103,Aminotran_1_2,9.B.33,Response_reg|LytTR,2.A.1,Glucokinase,2.A.49,2.A.117,LysR_substrate|HTH_1,8.A.5,2.A.55,2.A.41,3.A.1,2.A.1,3.A.1,3.A.1,3.A.1,2.A.1,1.B.14,3.A.1
2.A.28,2.A.121,PALP,8.A.8,8.A.7,4.A.3,HATPase_c|HisKA,Response_reg|Trans_reg_C,PALP,3.A.1,3.A.1,3.A.1,3.A.1,9.B.127,1.B.14,2.C.1,2.A.3,1.E.2,1.E.2,GH18,LysR_substrate|HTH_1,AA10,HTH_18,NUDIX,5.B.5,5.A.3,Fer4,HATPase_c,Response_reg|GerE,2.A.6,1.B.14,1.B.14
GH31,2.A.1,LacI|Peripla_BP_3,2.A.69,1.B.33
GT51,LacI|Peripla_BP_3,2.A.35,Aminotran_1_2,1.E.53,9.A.41
2.A.113,2.A.1,1.A.13,2.A.41,Aminotran_1_2,3.A.1,3.A.1,3.A.1,3.A.1,LysR_substrate|HTH_1,3.A.23,HATPase_c|HisKA,GH23,9.B.8,4.A.1
GT19,1.B.33
GH102,3.A.7
3.A.1,3.A.1,3.A.1,1.B.14,GT51
2.A.3,2.A.2,GH43_26
GH23,9.B.34
CBM32,LysR_substrate|HTH_1,2.A.68,PfkB,1.B.15,4.A.1,GH32,LacI|Peripla_BP_3,1.A.30,1.A.30,9.B.27,HTH_18,5.A.3,5.A.3,GH1,4.A.3,4.A.3,4.A.3,3.A.1,3.A.1,3.A.1,2.A.1,GH23,HTH_18,AA10|CBM73,8.A.2,3.A.15,3.A.15,3.A.15,3.A.15,3.A.15,3.A.15,3.A.15,1.B.22,Trans_reg_C,2.A.1,LysR_substrate|HTH_1,1.B.76
2.A.66,LexA_DNA_bind,2.A.1,LacI|Peripla_BP_3,1.B.3,3.A.1,GH13,3.A.1,3.A.1,3.A.1,1.B.73,ACT,2.A.28,1.B.20,1.C.75,2.A.58,3.A.1
2.A.85,Aminotran_1_2,Response_reg|LytTR,9.B.33,4.A.3,GH4,LacI|Peripla_BP_3,2.A.1,NIR_SIR|Pyr_redox_2|NIR_SIR_ferr,1.A.16
1.B.22,GT51
9.A.8,9.A.8,9.A.8,Pribosyltran,GT35,GerE,Rhodanese,9.B.104,HTH_DeoR|DeoRC,Pyr_redox_2,GT35,GT5,CBM48|GH13_11,CBM48|GH13_9,2.A.95,SKI,2.A.8
1.A.34,Aminotran_1_2,GT9,GT9,GT73,GT9,GT9,GT4,GT4,GT9,GT30,GT2
2.A.27,2.A.40,CBM5,9.B.126,HATPase_c|PAS|HisKA,3.A.23
