5.A.1,HisKA|HATPase_c,GAF|PAS|SpoIIE,GH13_11
9.B.143,Glyoxalase,3.A.1,3.A.1,3.A.1,GH1,LacI|Peripla_BP_3,CBM32|GH55,CBM32|GH158|CBM32,GH1,CBM13,GH16
2.A.40,2.A.6,HATPase_c,GerE|Response_reg,CBM13
GH87,LacI|Peripla_BP_3,GH13_30,3.A.1,3.A.1
2.A.1,2.A.1,GH18
CBM32,GH23,Pribosyltran,GAF|PAS|SpoIIE,3.D.1
9.B.18,GT4,PL12_3,GT4,PIG-L,2.A.66,GT2
2.A.1,LacI|Peripla_BP_3,GH36,3.A.1,3.A.1,SBP_bac_1,Glyoxalase,CBM32|PL31
2.A.76,4.C.1,3.A.1,3.A.1,3.A.1,2.A.15,5.A.3,PL1_5,Aminotran_1_2,SBP_bac_1,3.A.1,3.A.1,GH36,LacI|Peripla_BP_3,GntR,LacI|Peripla_BP_3,GH81,3.A.1,3.A.1,3.A.1,GH1,CBM12,HTH_1|LysR_substrate,CBM35|PL9_1,PL6_2
3.A.1,3.A.1,3.A.1,3.A.1,3.A.1,MerR,GntR,Fer4,SBP_bac_3,3.A.1,3.A.1,3.D.10,Glyoxalase,2.A.1,MarR,CBM25|CBM25|GH13_42,2.A.7
GH5_2,3.A.1,3.A.1,3.A.1
CE4,GT1,Trans_reg_C|BTAD,2.A.7
CE4,Sigma70_r4|Sigma70_r2,9.B.33,2.A.21
1.B.77,2.A.7,GH23|CBM50
CE7,9.B.36
3.A.1,3.A.1,3.A.1,GH42,CBM61|GH53
3.A.1,3.A.1,GH43_10,3.A.1,CE12,PL1_6,CE8,PL4_1
GH2,CE12,PL26,3.A.1,SBP_bac_1,GH51,CBM2|GH48,CBM2|GH5_40,CBM2|GH6,LacI|Peripla_BP_3,3.A.1,3.A.1,3.A.1,GH1
3.A.1,GT2,2.A.4
CBM6,3.A.1,3.A.1,3.A.1
4.C.1,3.A.1,3.A.1,CBM13
3.A.1,CBM13,2.A.1
CBM13,TetR_N,9.B.106,3.A.3,3.A.3,3.A.3
9.B.169,3.A.1,CBM13|GH74,GH10|CBM13|GH62,CBM42,PadR,9.A.25,HTH_11|AsnC_trans_reg,2.A.1,CBM3|GH16,2.A.3,2.A.38,3.A.3,Trans_reg_C|Response_reg,HisKA|HATPase_c,3.A.1
GT1,2.A.1
9.B.10,PAS|HATPase_c,Response_reg|HTH_11,2.A.21,HATPase_c,1.A.17,Sigma70_r4|Sigma70_r3|Sigma70_r2,GntR,3.A.1,NUDIX,GH0
2.A.7,HTH_8,CBM16|GH18,2.A.6,3.A.1,3.A.1,3.A.1,3.A.1
3.B.1,PL8,GH101|CBM51
9.B.34,8.A.5,GerE,2.A.6,CBM32,CBM13,9.B.34
CBM48|GH13_11,GerE|Response_reg,HATPase_c,3.A.1,3.A.1,3.A.1,2.A.1,TetR_N|TetR_C|GntR,GerE|Response_reg,HATPase_c,GT35,Pyr_redox,2.A.1,HTH_18|AraC_binding,GH13_3,GH13_16,CBM48|GH13_9
2.A.7,TetR_N,3.A.1,3.A.1,GerE|Response_reg,CBM2|GH18,3.A.2,3.A.2,3.A.2,3.A.2,1.A.77,9.B.146
3.A.1,TetR_N,TetR_N,GH3,Trans_reg_C|Response_reg,2.A.21,PadR,GH5_28,3.A.1,3.A.1,3.A.1
GH3,3.A.1,3.A.1,3.A.1,GntR,2.A.21
2.A.1,3.A.25,GH135,GT4,3.A.1,3.A.1,3.A.1,3.A.1
9.B.106,9.B.106,CE14,8.A.51,3.A.1,3.A.1,3.A.1,3.A.1,3.A.1,3.A.1,3.A.1,3.A.1,3.A.1,3.A.1,3.A.1,3.D.10,3.D.10
CBM13,SpoIIE,GT51,PadR,3.A.1,HTH_1|LysR_substrate,2.A.86,8.A.5,GT76
9.A.47,CbiA,CBM16|GH18
1.C.113,GH0
GT4,9.B.18,2.A.66,GT4,GH0
CE14,Pkinase,9.B.106,3.A.1,3.A.1
GT2,MerR|GyrI-like,2.A.76,Sigma70_r2|Sigma70_r4_2,3.A.9,GH20,3.D.10,3.D.10,MarR,2.A.1,TetR_N,3.A.1
GH154,HTH_DeoR|Peripla_BP_3,3.A.1,3.A.1,3.A.1
CBM12,2.A.17,CBM12,3.D.1,3.D.1,3.D.1,3.D.1,3.D.1,3.D.1,3.D.1,3.D.1,3.D.1,3.D.1,3.D.1,3.D.1,3.D.1,3.D.1
CBM13,Pyr_redox_2,2.A.1
3.A.1,NUDIX,3.A.1,3.A.1,3.A.1,3.A.1,2.A.20,9.B.105,GH23
3.A.1,GerE|Response_reg,MarR,2.A.1,SpoIIE,Pyr_redox_2,TetR_N,CBM51
2.A.1,TetR_N|TetR_C,2.A.1,GT83,GT2,2.A.21
GT51,PadR,2.A.1,HD,2.A.66
1.C.113,MerR,CBS,1.I.1,CSD,Pribosyltran,GH25
9.B.106,GT2,MerR,1.I.1,CSD,GT51
2.A.7,GT39
3.A.1,3.A.1,GH20
2.A.7,GT51,3.A.1
3.A.1,3.A.1,3.A.1,3.A.1,GH6,AA10,GerE|Response_reg,IclR|HTH_IclR,GH18
CBM2|GH18,3.A.1,3.A.1,3.A.1
3.A.1,GH3
3.A.1,GH4,3.A.1,3.A.1,3.A.1,MarR,1.A.23,GH84|CBM32,GH77,MarR,2.A.7,2.A.7
1.A.33,9.B.157,2.A.103,CYTH,GT2,GT2,GT4
2.A.1,GT87
CBM32,2.A.37
2.A.1,Trans_reg_C|BTAD,2.A.1,4.C.1,2.A.1,GAF,9.B.157,MarR,2.A.121,PL3_4,HTH_1|LysR_substrate,CBM12|CBM5,TetR_N,GH3
GT4,GH0,9.B.179
3.A.1,3.A.1,3.A.1,GH13_30,LacI|Peripla_BP_3,GH13_32|CBM20,GH13_13|CBM41|GH13_13
GH135,GH114,9.B.111
GT4,4.C.1,3.A.4
9.B.146,2.A.103,GT28
1.I.1,1.A.1,GH35
3.A.1,3.A.1,3.A.1,3.A.1,3.D.1,GH23
CBM32,2.A.1,2.A.1,MHYT,2.A.109,2.A.1
3.A.1,GH23,GAF|HATPase_c,GerE|Response_reg,3.A.1,8.A.21
3.A.1,3.A.1,3.A.1,1.C.109,GT4,HTH_8,2.A.3,GH15,CbiA,NUDIX,3.D.2
3.A.1,3.A.1,GT4,HTH_11,3.D.4,2.A.1,3.A.1,3.A.1,3.A.1,3.A.1,3.A.1
AA10,Response_reg,2.A.80,2.A.80
CE4,GT2,GT2,Pkinase,3.A.1,3.A.1
CBM13,TetR_N,3.D.1,2.A.11,2.A.7
8.A.5,1.A.35,GH31|CBM51,1.A.8,IclR|HTH_IclR,B12-binding_2|B12-binding,3.A.1,3.A.1,GerE|Response_reg,9.B.149,Fer4,3.A.25,LacI|Peripla_BP_3,2.A.1
1.A.1,4.F.1,GT4
2.A.3,AsnC_trans_reg,2.A.40,MarR,GH18,4.B.1
GT2,2.A.1,2.A.115,Aminotran_1_2|GntR,GT4
GH89,8.A.5,2.A.1,GH136,GT2,GT83
GH85|CBM32,LacI|Peripla_BP_3,3.A.1,3.A.1,3.A.1,GH5_18,GH38
GH3,2.A.7
GT2,9.A.40,9.A.40
3.A.1,3.A.1,GH109
3.A.24,GT2
9.B.34,PIG-L,GT4,GH15
2.A.3,PL11,GntR,Pyr_redox,HTH_5,3.A.3
9.B.15,HATPase_c,CBM63
3.A.1,3.A.1,3.A.1,IclR|HTH_IclR,GH9|CBM2,GH6,GH6,LacI|Peripla_BP_3,3.A.1,3.A.1,3.A.1,GH1,GH3,3.A.1,3.A.1,3.A.1,LacI|Peripla_BP_3,GH10|CBM13,LacI|Peripla_BP_3,CBM13|GH62,peroxidase,FUR,9.B.10
GH65,Nitroreductase,CBS,3.A.3
GH33,4.C.1,Hemerythrin,MarR,2.A.19,4.C.1
2.A.6,GT1
CBM3|GH16,GH20,3.A.1,3.A.1,3.A.1
2.A.7,HTH_1|LysR_substrate,AA3,3.A.1,3.A.1,1.A.23,GT1,GH64,HTH_18|AraC_binding,GH36,MarR,SBP_bac_1,3.A.1,3.A.1,GH5_51,GH35,GH38,CBM51
2.A.1,GH16_3|CBM13,GH30_3|CBM13,CBM11|GH3
CBM32,GH1,2.A.1
