1.B.19,GT0,TPR_2,2.A.86
1.B.33,GT19
2.A.21,GT104,2.A.1
GH23,3.A.1,3.A.1
3.A.1,3.A.1,3.A.1,3.A.1,3.A.1,GH23
9.B.146,2.A.103,GT28,CE11,3.A.5,NUDIX,2.A.21,1.A.23,2.A.1
2.A.20,HTH_IclR|IclR,2.A.1,2.A.1,1.B.25,2.A.6,2.A.6,2.A.6,TetR_N,2.A.7,2.A.1,HTH_18,2.A.1,3.A.23,HisKA|HATPase_c|dCache_1,GH3
3.A.1,3.A.1,3.A.1,SIS|HTH_6,CE4,2.A.21
2.A.33,GGDEF|EAL|CHASE4,GH1,GT4,2.A.56,2.A.56,3.A.1,3.A.1,3.A.1,3.A.1,2.A.1
GT2,HTH_1|LysR_substrate,HTH_1|LysR_substrate,2.A.1
GH23,3.A.1,3.A.7,LexA_DNA_bind,TetR_N,GH3,3.A.1,3.A.1,3.A.1,NIT|ANTAR,2.A.1,2.A.1,2.A.1,Response_reg,3.A.1,3.A.1,3.A.1,3.A.1
2.A.1,8.A.3,9.B.18,GH5_5,GT26,HTH_IclR|IclR,2.A.1,8.A.1,3.A.1,4.C.1,2.A.56,2.A.56,HTH_1|LysR_substrate,3.A.23,2.A.69,GAF|EAL,3.A.1
3.A.1,3.A.1,GT4,GT2
GT2,3.A.1,8.A.1,1.B.17,GT4,GT4,9.B.146,9.B.18,GT2,GT2,3.A.11,GT1,Response_reg,3.A.7,2.A.1,HTH_IclR|IclR,2.A.108,2.A.108,2.A.108,2.A.108
3.A.1,3.A.1,3.A.1,3.A.1,AraC_binding|HTH_18,SIS|HTH_6,GT0|GT2|GT4,Response_reg,2.A.21,CheR|CheR_N,CheB_methylest,HisKA|HATPase_c|Response_reg,Response_reg,GH102
GH13_33,HTH_IclR|IclR,4.C.1,3.A.1,3.A.1,3.A.1,2.A.85,3.A.1
9.B.35,3.A.3,2.A.40,1.A.14,GT2,9.B.176,3.A.1,3.A.1,3.A.1,2.A.8,SKI,LacI|Peripla_BP_3,HTH_18,GT4,2.A.1
GH3,8.A.1,3.A.1,3.A.1,3.A.1,3.A.1,2.A.1
GH15,GT5,GH13_10,GH77,GH13_26,CBM48|GH13_11,PIG-L,CBM48|GH13_9,GH13_16,GH13_3,GntR|Aminotran_1_2,2.A.1,2.A.73,HTH_1|LysR_substrate,8.A.5,2.A.7
GH65,1.A.30,1.A.30,3.A.23,3.A.1,3.A.1,3.A.1,3.A.1,3.A.1,3.A.1,3.A.1,8.A.5,3.A.1,3.A.1,9.B.20
2.A.7,2.A.109,2.A.6,2.A.6,2.A.6,HTH_1|LysR_substrate,9.B.35,CE4
2.A.1,3.A.1,3.A.1,3.A.1,GT1
9.B.34,9.B.34,CBM48|GH13_11
GT51,2.A.66
CBM50,1.A.62
9.B.42,SKI,1.B.22,3.A.11,GT51,3.A.11
2.A.64,1.B.52,3.A.1,3.A.1,3.A.1,GT2,3.A.1,3.A.1,3.A.1,GntR,GT35
GT51,Sigma70_r2|Sigma70_r4,3.A.1,3.A.1,3.A.5
3.A.1,CBM50,2.A.38
2.A.1,AA3_2,HTH_1|LysR_substrate,2.A.1
9.B.34,2.A.85,Pyr_redox_2,3.A.18,2.A.1,AA3_2,TetR_N,3.A.1,3.A.1,3.A.1
1.A.23,2.A.36,2.A.21,9.B.34,GT9,GT9,GT4
1.B.12,1.B.12,GT4,PIG-L,3.A.1,PfkB,8.A.5,2.A.7,GT30
1.B.18,GT4,GT4,GH39,GT4,8.A.3,GT2
2.A.103,GH103,GH0,GH103
2.A.106,2.A.76,9.B.164,9.B.186,CbiA,1.B.11,GT4,2.A.121
9.B.62,GH23,1.C.75,1.C.75,1.B.20
