3.A.1,3.A.1,GT51,Peptidase_M23,3.A.14,3.A.14
GT51,1.A.1
4.A.1,4.A.3,GH1
CE7,HD|ACT,HTH_8,3.A.1,HTH_DeoR|DeoRC,HTH_18|AraC_binding,GH13_31
GH73,HTH_11,1.A.33,PfkB,3.A.1,1.A.23
3.A.1,3.A.1,PAS|GGDEF,GT2,GT2
3.A.3,HMA,1.A.62,TetR_N,2.A.58,CE9,3.A.1
9.B.146,3.A.18,3.A.1,3.A.1,3.A.1,Pyr_redox_2,GT51
9.B.126,2.A.88,CBM48|GH13_9,GT5,3.A.2,3.A.2,3.A.2,3.A.2
3.A.1,3.A.1,SBP_bac_3,2.A.4,2.A.25,GH1,2.A.86
GH1,3.A.1,Pribosyltran,2.A.40
GH23,3.A.1,3.A.1,GH13_5
2.A.25,GH25,GH1,4.A.3,4.A.3,HTH_11|Mga,2.A.123,GH1,HTH_18|AraC_binding,2.A.49,3.A.1,3.A.1,3.A.1,3.A.1
CE4,3.A.9,2.A.3,AAA,2.A.6,1.C.113
3.A.1,3.A.1,LysR_substrate|HTH_1,8.A.5,GT4,GT4,9.B.18,8.A.3,8.A.3
GT11,GT32,GT4,3.A.1,3.A.1
3.A.1,3.A.1,3.A.1,GH73,4.A.2
GH25,GT2,GT4,GT2,GT2,GT2,3.A.1,GT2,GT4,Sigma70_r2|Sigma70_r4|Sigma70_r3,1.A.22,3.A.1,Aminotran_1_2,3.A.1,3.A.1,GT35,GH77,Peripla_BP_3|LacI,3.A.1,3.A.1,3.A.1,NUDIX,3.A.1,3.A.1
GH73,3.A.1
2.A.103,GH25,1.C.105
GT4,GT4,Peripla_BP_3|LacI,GerE,2.A.7,LysR_substrate|HTH_1,9.B.120
3.A.1,GT51,Peptidase_M23,3.A.14
3.A.5,4.A.1,GH32,Peripla_BP_3|LacI,3.A.11
3.A.1,2.A.1,2.A.24,LysR_substrate|HTH_1,GH16_21
