2.A.1,GH145,GH29,3.A.1,3.A.1,3.A.1,GntR,CE7,HTH_18,GerE,3.A.1,3.A.1,3.A.1
3.A.1,3.A.1,GH29,GH29,GH92|CBM47,GH20
3.A.1,3.A.1,3.A.1,GH3
3.A.3,2.A.49,GH65,CBS,3.A.3,3.A.1,Pribosyltran,GT2,HTH_1|LysR_substrate,ANTAR,2.A.66,PadR,CBM35,LacI|Peripla_BP_3,2.A.1
GH46|CBM32,2.A.1,SBP_bac_1,3.A.1,3.A.1,GH29,PL6_2,PL6_2
2.A.1,BTAD|Trans_reg_C,HTH_1|LysR_substrate,GH25
CBM16|GH18,3.A.9
1.A.6,MarR,TetR_N,GH154,TetR_N,2.A.1
3.A.1,TrkA_C,2.A.1,NUDIX,PL8
3.A.1,3.A.1,3.A.1,3.A.1,TetR_N,GT1,3.B.1,SpoIIE,GH92,PALP,3.A.1,NUDIX,2.A.1,HTH_18,4.C.1,GT2,Trans_reg_C|Response_reg,HisKA|HATPase_c,TOBE,3.A.1,3.A.1,SBP_bac_1,TOBE|MerR,HTH_1|LysR_substrate,3.D.1,2.A.85,2.A.3,Sigma70_r2|Sigma70_r4_2,Peripla_BP_2,3.A.1,3.A.1
3.D.1,GH15
CE4,2.A.3,3.A.1,3.A.1,HTH_IclR,Sigma70_r2|Sigma70_r4_2,9.B.33,2.A.21
3.A.1,3.A.1,3.A.1,GntR,TetR_N|TetR_C,GH29,GH20,5.A.1
2.A.1,AsnC_trans_reg,GT5,2.A.7,GH23|CBM50
GH141|CBM47,3.A.1,3.A.1,LacI|Peripla_BP_3,PL8,GH154
3.A.1,GT2,2.A.4
3.A.1,Whib,Glyoxalase,GH64
9.A.36,CBM32,GH4,Aminotran_1_2|GntR,Glyoxalase,2.A.1,3.A.1,3.A.1,GntR,2.A.1,GAF,GH63,GH42,3.A.1,3.A.1,3.A.1,GntR,GH31
CBM6,3.A.1,3.A.1,3.A.1
GH29,GH89,GH46,AAA,2.A.40,2.A.40
4.C.1,GAF|GerE,2.A.76,1.A.35,2.A.8,9.B.18,GT4,PL12_3,9.B.102,GT4,PIG-L,2.A.66,GT2
2.A.40,1.A.43,CE4,2.A.40
GH38,2.A.7,TrmB|GerE,GH95
AA3,SBP_bac_3,3.A.1,3.A.1,PAS|HATPase_c,HTH_IclR|Response_reg,GH84|CBM32
GH13_10,1.B.76
2.A.3,3.A.1,3.A.1,3.A.1,HTH_IclR,3.A.1,3.A.1,3.A.1,CBM32|GH92
3.A.1,3.A.1,3.A.3,3.A.3,3.A.3,GH2
3.A.1,NUDIX,GH0
3.B.1,SBP_bac_1,Pkinase,GH101|CBM51,3.A.1
2.A.6,CBM32,2.A.45,AraC_binding,9.B.34
CBM48|GH13_11,Glyoxalase,HTH_18,GerE|Response_reg,HATPase_c,3.A.1,3.A.1,3.A.1,GT35,Pkinase,Pkinase,GH13_3,GH13_16,CBM48|GH13_9
2.A.1,HTH_5,GH6,AA5,GT2
3.A.1,3.A.1,GerE|Response_reg,CBM2|GH18,3.A.2,3.A.2,3.A.2,1.A.77,9.B.146
GH3,3.A.1,3.A.1,3.A.1,GntR,2.A.21
2.A.7,TetR_N,CBS,AA2|AA2,FUR,3.A.1,3.A.1
2.A.1,3.A.25,GH135,GT4
3.A.1,3.A.1,CE14,8.A.51,3.A.1,3.A.1,3.A.1,3.A.1,3.A.1,3.A.1,3.A.1,3.A.1,3.A.1,3.A.1,3.A.1,3.D.10
CBM13,SpoIIE,AsnC_trans_reg|Sigma70_r4_2,2.A.1,GT51,PadR,3.A.1,HTH_1|LysR_substrate,2.A.86,8.A.5,9.B.106
1.C.113,2.A.1,TetR_N,GT2,GT2
CE14,3.A.1,3.A.1
CE4|GT2,3.A.1
GT2,TetR_N|TetR_C,2.A.76
GH20,3.D.10,3.D.10
2.A.7,Aminotran_1_2|GntR,3.A.1,AA3
GT4,9.B.106,9.B.106,9.B.106,9.B.106
9.B.145,GH0|CBM3,GT2
GH0,8.A.3,GT4,2.A.66,9.B.18,GT4
GT81,GT20,SBP_bac_1,CE9,PfkB,9.B.34
9.B.105,GH23,2.A.1
3.A.1,HATPase_c,GerE|Response_reg,MarR,2.A.1,SpoIIE,Pyr_redox_2,TetR_N,CBM51
2.A.1,TetR_N|TetR_C,2.A.1,GT83,GT2,2.A.21
GT51,PadR,2.A.1,HD,2.A.66
PL8,2.A.37
1.B.12,2.A.49,CBM13|CBM13,2.A.3
3.A.1,GerE,GerE,3.A.9,GT76
2.A.106,3.A.3,HTH_5,CBM32,TetR_N,GH1
2.A.6,3.A.1,3.A.1,2.A.7,GT39
GT2,2.A.14
GT2,GT2,GT2,3.A.1
GT2,MarR,GT2,GT2,3.A.1,3.A.1,3.A.1,FHA,9.B.106,9.B.106,3.A.1,9.B.174,2.A.1,HTH_1|LysR_substrate,CE4|GT2,2.A.1,HEM4|Trans_reg_C,9.B.15
2.A.7,GT51,3.A.1
GH6,AA5,GT2,AA10,4.C.1
CBM2|GH18,GH1,3.A.1,3.A.1,3.A.1
2.A.1,GH20,Pyr_redox_2,3.A.1
3.A.1,GH3
3.A.1,GH4,3.A.1,3.A.1
1.A.23,3.A.1,PadR,GH84|CBM32,GH77,TetR_N,HATPase_c,GerE|Response_reg,2.A.7
GT2,Trans_reg_C|Response_reg,9.B.157,2.A.103
1.A.11,HTH_3,2.A.1,GH1
3.D.1,HD,HTH_5,2.A.102,Pyr_redox_2,Sigma70_r3|Sigma70_r4|Sigma70_r2,3.A.1,3.A.1,GAF|dCache_1|SpoIIE,9.B.1,GT2,GAF,9.B.157,Pkinase|Trans_reg_C,AAA,2.A.7,3.A.1,3.A.1,3.A.1
2.A.1,GT87,3.A.1,3.A.1,3.A.1,3.A.1
GH23,3.A.1,3.A.1,3.A.1
GT4,GH0,9.B.179,2.A.1
GH89,GerE|Response_reg,HATPase_c,Trans_reg_C,8.A.59
GH20,TetR_N,9.B.160
GT4,4.C.1
9.B.146,Pyr_redox,2.A.103,GT28
2.A.1,GH101,GH35
3.A.1,3.A.1,3.A.1,3.A.1,3.A.1,3.D.1,GH23
2.A.1,9.B.15,TetR_N,GntR,2.A.39,GH6
2.A.109,2.A.19,3.A.1,3.A.1,3.A.1,PfkB,2.A.1,GH32,3.A.1,3.A.1,SBP_bac_1,GH32
9.B.125,2.A.20,GH25,3.A.1
3.A.1,3.A.1,3.A.1,1.C.109,GT4,HTH_8,GH15,CbiA,NUDIX,3.D.2
3.A.1,3.A.1,GT4,GT76,2.A.1
2.A.11,2.A.1,BTAD|Trans_reg_C,CBM57,2.A.1,HTH_5,TetR_N|TetR_C,9.B.44
CBM32,2.A.1,4.C.1,TetR_N,9.B.51,NUDIX,2.A.3,2.A.8
8.A.5,1.A.35,GH31|CBM51
1.A.1,4.F.1,GT4
2.A.3,AsnC_trans_reg,GH6,2.A.40,MarR,Sigma70_r2|Sigma70_r4_2,GH18,4.B.1,9.A.40,9.A.40,3.A.24,GH18
GT2,2.A.1,2.A.115,Aminotran_1_2|GntR,GT4,GT4
1.A.8,NUDIX,GH31,8.A.7,4.A.1
3.A.1,3.A.1,GH109,MarR,3.A.1,Pyr_redox_2,3.A.1,3.A.1,3.A.1
3.B.1,TetR_N,4.C.1,AsnC_trans_reg|MarR,LacI|Peripla_BP_3,3.A.1,3.A.1,3.A.1,GH13_30,GH13_32,GH13_13|CBM41|GH13_13,MerR,2.A.39
3.A.24,GT2
CE7,PL8,PL9,PL34,PL12,3.A.1,3.A.1
2.A.1,GerE,HTH_1|LysR_substrate,2.A.1,GH15,9.B.34,GH136,GH26|GT2,TetR_N|TetR_C,TetR_N,2.A.1
3.A.1,3.A.1,3.A.1,3.A.1,TetR_N,MerR,2.A.53,Rhodanese,HTH_5|Rhodanese,3.A.1,3.A.1,GH20,3.A.1,3.A.1,3.A.1
2.A.1,GntR,GT2,HTH_5,2.A.6
3.A.1,3.A.1,3.A.1,3.A.1,cNMP_binding,GH95
CBM13|CBM32,HTH_1,4.C.1,PALP,2.A.1,3.A.1,3.A.1,3.A.1
3.A.1,3.A.1,GH136
GH55,GH16_3|CBM13,1.A.23
2.A.7,TetR_N,TetR_N,2.A.1,GH3
2.A.1,3.A.1,3.A.1,CE14,2.A.1,PIG-L,4.C.1,3.A.1,3.A.1,3.A.1
