GH102,LysR_substrate|HTH_1,3.A.1
2.A.40,3.A.23,9.B.43,CE4,9.B.35,2.A.40
3.A.6,3.A.6,3.A.6,3.A.6,3.A.6,3.A.6,1.C.36,3.A.6,TPR_3,1.C.36,1.C.36,HTH_18,3.A.6,3.A.6,3.A.6,3.A.6,3.A.6,3.A.6,3.A.6,3.A.6,3.A.6,GH3
4.A.2,1.A.35,Sigma70_r2|Sigma70_r4,1.B.6,3.D.1,NIR_SIR|Pyr_redox_2|NIR_SIR_ferr,9.B.106,2.A.1,PL7_1,ANTAR|Response_reg,3.A.1
3.A.1,3.A.1,3.A.1,3.A.1,3.A.1,GH23
5.A.3,5.B.5,GH103,2.A.109,PL7_1,GH17|GT2,CSD,2.A.21
2.A.1,GT2,Glyoxalase,LysR_substrate|HTH_1,8.A.5
2.A.1,IclR|HTH_IclR,GT2
AA10|CBM73,PALP,Pyr_redox_2,9.B.34,2.A.121,CBM32,GT4
2.A.3,GT0,2.A.7,LysR_substrate|HTH_1,2.A.21
GT2,2.A.1
2.A.1,1.A.23,GGDEF|Response_reg,2.A.21,NUDIX,3.A.5,1.A.34,CE11,GT28,2.A.103,9.B.146
GT51,cNMP_binding,3.A.1,3.A.1,3.A.1,1.B.14
2.A.3,GerE,5.A.3,5.A.3,5.A.3,Pyr_redox_2,GT83,GT2,2.A.66,2.A.58,3.A.3
CBM50,9.B.34,GH1
1.A.6,HATPase_c,CBM50,Fer4,1.A.30,1.A.30
2.A.3,HisKA|HATPase_c|Response_reg,SBP_bac_3,Trans_reg_C|Response_reg,TetR_N,3.A.1,Pyr_redox_2,HTH_3|AraC_binding,GT30,LysR_substrate|HTH_1,2.A.7,8.A.5,PfkB,3.A.1,GT2,PIG-L,GT4,GT4,GT9,GT9,9.B.34,2.A.36,1.A.23,2.A.102,Aminotran_1_2,CbiA,LysR_substrate|HTH_1,2.A.1
9.B.42,SKI,1.B.22,3.A.11,GT51,3.A.11
2.A.64,MCPsignal,3.A.1,3.A.1,3.A.1,GT2,NUDIX,3.A.1
9.A.40,1.A.34,Response_reg,3.A.1,3.A.1,3.A.1,3.A.7,AA3_2,TetR_N,2.A.15,3.A.1,3.A.1,3.A.1,HTH_18,LysR_substrate|HTH_1,2.A.98,3.A.1
9.B.34,2.A.7,GT4,GT4,GT4,3.A.1,3.A.1,GT4,GT4
2.A.88,TPR_2,2.A.38,CBM50
3.A.5,3.A.1,3.A.1,Sigma70_r2|Sigma70_r4,GT51
2.A.1,2.A.21,LysR_substrate|HTH_1,8.A.59,LysR_substrate|HTH_1,AA3_2,2.A.1
2.A.103,GH103,GH0
2.A.1,HTH_18,9.B.62,2.A.42,GH23,4.A.1,4.A.1,SIS,CE9
CBM5,TetR_N,2.A.1
1.B.33,GT19,2.A.25
4.A.2,4.A.2,2.A.7,GT83,GT2,Aminotran_1_2,AraC_binding,2.A.50,PL5_1,1.B.13,GT2,3.A.1,1.B.12,3.D.1
3.D.6,3.D.6,3.D.6,3.D.6,3.D.6,3.D.6,3.A.23,3.A.1,GT1,GerE|Autoind_bind,SBP_bac_3,2.A.7,2.A.7,NUDIX,1.A.23,2.A.1,1.I.1,2.A.1
2.A.7,CBM32,3.A.1,3.A.1,3.A.1,3.A.1,9.B.34
GT2,9.B.18,9.B.146,9.B.18,Aminotran_1_2,2.A.1,8.A.1
9.B.104,9.B.164,GH0,HisKA,Trans_reg_C|Response_reg,1.B.12,TPR_1,1.A.13,GH166,GAF,GT4,2.A.66
GH23,3.A.1
3.A.7,LexA_DNA_bind,TetR_N,GH3,2.A.3,3.D.5,3.D.5,3.D.5,3.D.5,3.D.5,3.D.5
9.B.34,MCPsignal,GH23
3.A.1,3.A.1,GT104,MarR,LysR_substrate|HTH_1,2.A.102
3.A.7,GH23
1.B.52,GAF,HTH_3,CBM22
3.A.3,LysR_substrate|HTH_1,2.A.85,8.A.1,Sigma70_r2|Sigma70_r4_2,2.A.1,9.B.153,1.B.25,LysR_substrate|HTH_1,GH37
2.A.66,GT4,GH39,GT4,GT2,9.B.18,GH23
4.D.2,CBM48|GH13_9,GH13_16,GH13_3,9.B.20,GT35
