3.A.1,3.A.1,3.A.1,3.A.1,CE4
CE4,HhH-GPD,GH43_11,MarR,3.A.1,3.A.1,3.A.1,9.B.28,8.A.5,2.A.1,GerE,2.A.1
3.A.1,GH144
3.A.18,1.B.52,Peripla_BP_3|LacI,GH133,SBP_bac_1,3.A.1,3.A.1,Peripla_BP_3|LacI,3.A.1,3.A.1,3.A.1,GH3,GH94
2.A.40,Nitroreductase,HxlR,Peripla_BP_3|LacI,1.A.22,HATPase_c|HisKA,GH31
GH18,9.B.74,4.C.1,9.B.102
1.A.11,2.A.66,CBM34|GH13_20,3.A.1,3.A.1,3.A.1,GH13_1
2.A.120,9.B.176,CBM50,AAA,3.A.1,3.A.1,PTS-HPr,8.A.7,Aminotran_1_2,1.A.35
GT2,GT4,GT4,9.B.18,GT27,2.A.47
1.A.26,1.A.43,TetR_N,3.A.1,2.A.1,2.A.6,TetR_N,3.A.1,3.A.1,3.A.1,3.A.1,GT2
3.A.1,Sigma70_r2|Sigma70_r4_2,CE4
1.A.8,3.A.7,HATPase_c|PAS|HisKA,1.E.14,2.A.122,9.B.176,1.B.52,CBM50,2.A.15,GH23,1.B.52
2.A.88,3.A.1,3.A.1,3.A.1,GT2,2.A.40,2.A.1
GT28,GT2,2.A.66,2.A.1,MarR,9.B.174,9.A.11,8.A.42
GT4,CE14,2.A.115,3.D.3,3.D.3,3.D.3
GT4,2.A.16,Fer4,2.A.87,CBM50,Sigma70_r2|Sigma70_r4_2,HATPase_c|PAS|HisKA,Trans_reg_C|Response_reg,9.B.14,9.B.156,9.B.156
GT4,HTH_7,3.A.1,3.A.1,3.A.1,2.A.1,2.A.58,1.B.52,9.B.117,FUR,3.A.1,3.A.1,2.A.115,3.A.18
2.A.58,GH13_31,1.A.33
CBM50,3.D.10
9.B.34,CBM50
3.D.10,3.D.10,3.D.10,ACT,2.A.108,GT2
9.B.34,3.A.1,3.A.1,3.A.1,3.A.1,3.A.1,GT51,4.C.1,ACT|CBS,3.D.1,1.A.30,1.A.30
GT35,GT5,CBM48|GH13_9,2.A.7,9.B.20,4.A.2
CE9,2.A.45,Rhodanese,1.A.1
3.D.1,2.A.1,GT51,2.A.63,2.A.63,2.A.63,2.A.63,2.A.63,2.A.63,2.A.63,2.A.8
GT2,9.B.34,8.A.8
GT4,8.A.3,9.B.18,9.B.174
CBM50,HATPase_c|HisKA,Trans_reg_C|Response_reg,4.A.1,GH13_29
GT4,2.A.66,9.B.146,GT2,GT4
8.A.43,GT4
4.A.2,Mga|HTH_11,Peripla_BP_3|LacI,4.A.1,GH32,GH13_18,GH38,4.A.2,HTH_6|SIS,GH130,GT108,3.A.1,3.A.1,3.A.1,Peripla_BP_3|LacI,9.B.97,AraC_binding,GT4,GT26,9.B.18,8.A.3,8.A.3,CBM50
GT51,9.B.149
