2.A.6,2.A.6,GT2
2.A.86,GT4,9.B.144,9.B.153
2.A.66,GT4,GT4,GT0,9.B.18,CBM44,GT4,GH3,Fer4,1.B.42
GH3,2.A.21,4.C.1,2.A.1
GT2,Response_reg|LytTR,GT83,2.A.66
1.A.8,GH20,2.C.1,GT2,GT2
8.A.59,2.A.19,Penicillinase_R,Pribosyltran,9.A.25,GH0,GH31,1.B.14
2.A.7,PfkB,NUDIX,CBM13|CBM57|CBM6
2.A.21,GH127,GH51
9.B.153,TPR_1|TPR_2,3.A.1,PALP,GH63
1.B.14,HTH_1|LysR_substrate,2.A.6,2.A.6,GH109,2.A.53
GH43_34,3.A.5
GT2,1.B.33
CE1,9.B.114,1.B.6,9.B.172,Response_reg|LytTR,9.B.33,1.A.23,2.A.6,3.A.1,3.A.1,3.A.1,8.A.1,3.A.1,3.A.1
GT30,TPR_2|HTH_18,1.B.14,2.A.6
GH67,Y_Y_Y|HTH_18|Response_reg|HisKA|Reg_prop|HATPase_c,GH10,2.A.2,GH43_1,1.B.14,GH95,GH43_10,CE1,CE1,CE1,CE15,GH43_12,CE6|CE1|CE1
GH92,GH5_13,GH43_33,GH43_26,GH43_26,GH43_18,TPR_2,1.B.14,GH2
GH95,2.A.38
GT2,2.A.11
GH74,2.A.66,1.A.23
GT9,9.B.18,2.A.50
1.A.34,1.B.6,GH23
2.A.21,4.C.1,CE14,9.B.174
2.A.53,2.A.53,TPR_1,TPR_1,1.A.13,1.A.13,AAA,8.A.5,GH13_4
GT5,SIS,3.A.2
3.D.2,AsnC_trans_reg|HTH_5,2.A.47,HEM4,GT83,GT2
8.A.46,1.B.14,LacI|Peripla_BP_3,GH65,GH13_38
2.A.53,GH29,GT2,GT2,Fer4,Pyr_redox_2,GH113,GT2,Rhodanese,GH32
9.A.40,2.A.6,2.A.17,3.A.11,GT19,9.B.174,2.A.103,9.B.157
CE1,2.A.3
GT35,GH13,2.A.23,2.A.33
1.B.14,8.A.46,GH92,2.A.14,9.A.25,1.B.57
9.B.146,2.A.103,GT28,9.B.157
2.A.6,2.A.6,Pyr_redox_2,CBS,CBM67,GH13_14
GH5_13,2.A.95
CE1,1.B.6
9.B.99,GH113
CBM13|CBM32|CBM6,GAF,GT20,GH15,Aminotran_1_2,MarR,4.C.1
3.A.1,GT2
GH13_19,3.A.18
2.A.36,GH43_8,GH10,2.A.4
3.D.2,AAA,Response_reg|PglZ,HD,CE11
CE14,Aminotran_1_2,2.A.66,9.B.14
2.A.6,2.A.6,GH67
GH115,GH10,2.A.2,1.B.14
GT27,1.A.30,GH16_3
