9.A.4,YL1,GT28,9.B.146
9.B.211,2.A.7,3.A.1,2.A.3,4.A.1,SIS,3.A.1,2.A.3,2.A.35,3.A.1,3.A.1,3.A.1,3.A.3,GH1
GH1,4.A.1
GH1,4.A.1,9.B.117
1.B.42,3.A.1,3.A.1,3.A.1,2.A.103,LysR_substrate|HTH_1,2.A.98,GT2,3.A.7,TetR_N,2.A.1,Aminotran_1_2,2.A.3,2.A.1
9.B.14,3.A.1,2.A.86,GH13_29,3.A.1,Peripla_BP_3|LacI,PfkB,4.A.1,GH73,3.A.1
4.A.1,GH65,Peripla_BP_3|LacI,2.A.35,TetR_N,3.A.1
GH1,4.A.1,HTH_11,GH1,GH13_31,2.A.40
4.A.3,4.A.3,4.A.3,GH1,4.A.3,GntR,8.A.5
2.A.56,2.A.56,2.A.56,GH105,3.A.3,3.A.1,3.A.1,3.A.1,3.A.1,2.A.3,9.B.74,3.A.18
GH53|CBM61,4.A.3,4.A.3,GH1
2.A.87,HTH_11,3.A.1,3.A.1,3.A.1,Peripla_BP_3|LacI,GH13_18,3.A.1,3.A.1,3.A.1,GH65,3.A.11
GH73,2.A.1,GH23
3.A.1,Response_reg|Trans_reg_C,HisKA|HATPase_c,HTH_11|Mga,4.A.2,4.A.2,4.A.2,GH38,3.A.1,3.A.1,GH1,GntR,4.A.3
4.A.1,LysR_substrate|HTH_1,GH73,MarR,Nitroreductase,3.A.1,PadR,2.A.1
3.A.16,2.A.1,CE1,TetR_C|TetR_N,3.A.1,3.A.1,GH73|CBM50|CBM50,3.A.1,3.A.1
4.A.3,4.A.3,3.A.1,3.A.1,SBP_bac_1,9.B.28,8.A.59,Response_reg|HTH_18,GH92,Peripla_BP_3|GntR,GH125,GH38,GT51,3.A.1,CE12
3.A.1,3.A.1,SBP_bac_1,GH105,GH28,CE8,GH43_11,2.A.2,GH28
GH73,9.B.124
2.A.2,GH3,GH2
GH51,SBP_bac_1,3.A.1,3.A.1,GH51,GH43_26,Peripla_BP_3|GntR,2.A.1
3.A.1,3.A.1,3.A.1,GH1,3.A.12,3.A.1,3.A.1,3.A.1,3.A.1,3.A.1,NUDIX,2.A.3,2.A.88,3.A.1,3.A.1,3.A.1,3.A.1,AAA|HTH_11,4.A.6,4.A.6,4.A.6,4.A.6
3.A.1,3.A.1,GH88,GH154,GH88,3.A.1,HTH_DeoR,Response_reg|LytTR,3.A.1,2.A.79,2.A.79
GT51,2.A.55,3.A.1,3.A.1,4.A.1,SIS|HTH_6,GH4,GH1
1.C.24,8.A.3,8.A.3,9.B.18,GT4,GT4,GT32,GT2
2.A.86,MarR,Glyoxalase,CBM34|GH13_20,3.A.1,3.A.1,3.A.1,3.A.1,3.A.1,2.A.41
GH13_31,3.A.1
4.A.7,GH78,2.A.1,AraC_binding|HTH_18,3.A.7,Glyoxalase,3.A.1,3.A.1,3.A.1
GT51,HhH-GPD,2.A.1
2.A.40,Pribosyltran,3.A.1,3.A.1,GH73,2.A.85
GH1,4.A.3,GntR,Glyoxalase,4.A.5,4.A.5
4.A.7,HTH_DeoR|DeoRC,TPR_1|HTH_3,GT1,4.A.3,4.A.1,GH4,4.A.1
GT4,GT4,8.A.7,PTS-HPr,3.A.9,9.A.40,2.A.86
AA10,CSD,2.A.4,2.A.38,GerE|Response_reg,HATPase_c,9.B.116
GH32,4.A.6,4.A.6,4.A.6,3.A.23,4.A.1,4.A.1,GH32,3.A.1
9.B.18,GT14,GT4,GT2,9.B.18,GT2|GT2,3.A.1,3.A.1
GT2,9.B.126
4.A.3,4.A.3,GH1
3.A.1,3.A.1,SBP_bac_1,GH20,GH2,GH84
3.A.1,3.A.1,SBP_bac_1,GH32
GH1,4.A.3,4.A.3,HTH_DeoR|DeoRC,4.A.5,4.A.5
3.A.1,3.A.1,GH4,3.A.1,3.A.1,3.A.1,GH36,GH13_31,GH13_18
GH32,4.A.1
