GH37,2.A.1,HTH_18|AraC_binding,TetR_N,2.A.6,2.A.6,2.A.6
GH25,3.A.1,1.B.14,1.B.6,2.A.49,2.A.6
3.D.10,3.D.10,3.A.11,GH99,GT19
1.A.23,3.A.1,CE14
1.A.30,GT2,GT30
8.A.3,9.B.146,GT2
GT4,3.D.7,Fer4,AAA,2.A.86
2.A.3,1.B.14,GH13_10,3.A.1
9.B.146,2.A.103,GT28
3.A.9,GT9
5.A.3,GT51
1.B.14,8.A.46,GH130,GH92,GH125,GH18,GH92
GT2,3.A.25
2.A.53,2.A.53,GT4,GT4,GT2,2.A.50,GT2,GT2,GT2,GT2,GT2,GT2,GT2,GT2,Aminotran_1_2,3.A.1,3.A.1
3.A.1,9.B.153,GT1,1.E.43
GH19,3.D.9,3.D.1,3.D.1,3.D.9,3.D.1,3.D.1,3.D.1,3.D.1,3.D.1,3.D.1,3.D.1,3.D.9,3.D.1,3.D.1
2.A.17,2.A.17,2.A.17,GT35
GT5,SIS,9.A.25,9.A.25,9.A.25
GT2,1.B.14,2.A.114
3.A.9,GH23
GT2,3.A.18,2.A.20,1.I.1,AAA,Pribosyltran,3.A.1
2.A.1,8.A.59,Response_reg|LytTR,GH18|CE4|GT2
GH19,GT14,1.I.1
3.A.8,2.A.55,1.B.9,GT2,Aminotran_1_2,HTH_11|AsnC_trans_reg,1.A.46
3.A.1,GH20,9.B.158,GH2,3.A.11,Aminotran_1_2,3.A.1,3.A.1
8.A.1,1.B.14,HxlR,1.B.14,GH97
GH13,2.A.2
2.A.1,GH95,GH43_12,GH43_10,CE1|CE1,GH31,GH43_29|CBM6,CBM51|GH27,GH43_29|CBM6,GH43_29|CBM6,GH97,GH115,GH30_8,GH3,GH51,2.A.21,GH5_21|GH5_21,NUDIX,GH146,2.A.2,GH10,GH43_1,GH67
2.A.1,1.B.14,GH30_3,GH3,GH16_3,GH30_1
8.A.1,GT2
GT4,2.A.16,CBS|SIS,cNMP_binding,2.A.64
GH3,GH144,8.A.46,1.B.14
GH130,GT4,2.A.19
3.A.1,3.A.1,3.A.1,GH3,2.A.1
9.B.144,GT4
GH13,2.A.21
9.B.18,GT2,GT4,GT2,2.A.66
