2.A.88,TPR_2,2.A.38,CBM50,3.A.11,2.A.53,3.A.1
GH33,3.A.1
2.A.85,8.A.21,TetR_N,3.D.2,2.A.47,Pyr_redox_2,SBP_bac_3,9.B.34,3.A.18,2.A.1,Peripla_BP_1,AA3_2,TetR_N,3.A.1,3.A.1,3.A.1,3.A.1,3.A.1,HTH_18,3.D.7,HTH_18,3.A.1
3.A.11,GT51,3.A.11,1.B.22,SKI,GATase_2,Pyr_redox_2,3.A.23,3.A.1,3.A.1,3.A.1
2.A.47,1.A.23,2.A.36,2.A.1,LysR_substrate|HTH_1,HD,9.B.34,GT9,GT9,GT4
GT2,GT4,GT2,3.A.1
2.A.6,GT30,LysR_substrate|HTH_1,2.A.7,Pyr_redox_2,8.A.5
5.A.1,1.B.52,9.B.34,NUDIX,9.B.34,2.A.66,GT51,dCache_1|MCPsignal,9.B.34,2.A.7
9.B.146,2.A.103,GT28,CE11,Peptidase_M23,3.A.5,NUDIX,2.A.21,Response_reg|GGDEF,1.A.23,2.A.1,2.A.40,Pribosyltran,Pribosyltran,2.A.53,2.A.66,9.B.105,3.A.15,9.A.21,3.A.15,3.A.15,3.A.23,2.A.21,1.B.33,TetR_N,GT4,LysR_substrate|HTH_1,2.A.121
2.A.50,PL5_1,1.B.13,GT2
1.B.5,2.A.21,GT0
GH23,3.A.7,5.B.1
GH23,3.A.1
GH3,3.D.5,3.D.5,3.D.5,3.D.5,3.D.5,3.D.5
GT4,MASE2|Guanylate_cyc,HD,HTH_18,2.A.38,2.A.38
GT4,9.B.18,9.B.18,3.A.11,Aminotran_1_2,2.A.1,8.A.1,LysR_substrate|HTH_1,TetR_N,9.B.34
GH23,LysR_substrate|HTH_1,2.A.109,1.B.33,9.B.22,2.A.6,2.A.6,2.A.6,2.A.6,2.A.56,3.D.1,3.D.1,3.D.1,3.D.1,3.D.1,3.D.1,3.D.1,3.D.1,3.D.1,3.D.1,3.D.1,3.D.1,3.D.1
GT5,GH13_10,GH77,GH13_26,CBM48|GH13_11,4.D.2,GT35,CBS,CBM48|GH13_9,GH13_16,GH13_3,9.B.20
3.A.1,3.A.1,3.A.1,PL7_1,2.A.1,9.B.106,Pyr_redox_2|NIR_SIR|NIR_SIR_ferr,3.D.1,1.B.6,Sigma70_r4|Sigma70_r2,1.A.35,4.A.2
GH23,3.A.1,3.A.1,3.A.1,3.A.1,3.A.1
2.A.40,9.B.35,CE4,9.B.43,2.A.40,1.B.10,2.A.39
GT0,Aminotran_1_2,9.B.18,GH73
2.A.1,2.A.23,3.A.1,Peripla_BP_2,1.B.14,Pyr_redox_2,2.A.22,MarR|AsnC_trans_reg,2.A.7,LysR_substrate|HTH_1,TetR_N,2.A.6,2.A.6,GT2,2.A.50,PL5,PL7_1
1.A.13,TPR_1,GH0,9.B.164,9.B.104
GT19,1.B.33
3.A.23,Aminotran_1_2,GT20,3.A.1,GH13_23,GerE,3.A.1,3.A.1,3.A.1,GH13_19,GH13_6|CBM20,1.B.3,3.A.1,1.B.52,8.A.5,Response_reg,HTH_6|SIS,2.A.28,2.A.7,2.A.1,2.A.21
2.A.1,9.B.34,GT2,GH3,HTH_18,9.B.34
2.A.53,GH13_18
GH23,1.B.76,1.B.14,CbiA,CBS,1.B.14,2.A.117,LysR_substrate|HTH_1,1.A.34,1.A.23
GH103,GH0,GH103,2.A.103
1.C.82,3.A.5,HTH_11,CBM50
GT51,Sigma70_r4|Sigma70_r2,3.A.1,3.A.1,3.A.5
1.A.34,9.B.174,SBP_bac_3,SBP_bac_3,SBP_bac_3,GH88
GT2,3.A.1,3.A.1
