3.A.1,3.A.1,3.A.1,GH13_18,3.A.23
3.A.1,GntR,CBM50
GT2,NUDIX,9.B.98
9.B.20,GT81
GT51,9.A.11,9.A.11,9.A.11,9.A.11
9.B.34,PadR,3.A.1,GH23
GH38,4.A.2,4.A.2,4.A.2
GT28,2.A.103,9.B.146
CE4,2.A.58
2.A.106,3.A.18,3.A.1,GH5_25,TetR_N,3.A.1,3.A.1
2.A.115,GT26,9.B.67,GT4
CBM50,ANTAR|Response_reg,HTH_18|Response_reg,8.A.59,Peripla_BP_1,3.A.1,3.A.1,3.A.1,2.A.23
3.A.1,3.A.1,3.A.1,3.A.1,3.A.1,MarR,GH63,GH2
2.A.66,GH23
4.A.1,8.A.8,8.A.7,3.A.25,GT4,MarR,CBM41|CBM48|GH13_14|GH13_41
GH65,1.B.52,GT35,HTH_18,GGDEF,GH31,GH133,GH13_1,CBM41|GH13_14,LacI|Peripla_BP_3,3.A.1,3.A.1,3.A.1,CBM34|GH13_20,3.A.1,3.A.1,3.A.1,TetR_N,3.A.1,3.A.1,GerE|Response_reg,HATPase_c,Hemerythrin,3.A.1
GH18,8.A.59,CheZ,1.B.52,CheW,1.B.52
3.A.1,GT0
9.B.18,GT2,GT2,GT4,3.A.1
9.B.67,8.A.7,8.A.8,PfkB,GntR,CE9,4.A.6,4.A.6,4.A.6,4.A.6,SIS,SIS,4.A.7,4.A.5,4.A.7,8.A.8,CE9,4.A.1,GntR,4.A.1,8.A.8,4.A.7,4.A.7,4.A.7,8.A.8,4.A.2,4.A.2,4.A.2
9.B.14,LytTR|Response_reg,2.A.73,GT0,9.B.146,Pribosyltran,2.A.5,2.A.37,2.A.51,2.A.51
3.A.1,3.A.1,3.A.1,HTH_18,2.A.19,4.A.3,GH4,4.A.3,4.A.3,8.A.8,3.A.23
CBM50,1.B.12
