2.A.56,2.A.56,2.A.56,GH105
CE8|CE12,1.B.52,PL9,1.B.35,3.A.1,3.A.1,3.A.1,3.A.1,PL2_2,2.A.66,2.A.21,PL22|PL22,GH38,4.A.2,GntR,dCache_1|HATPase_c|HisKA|PAS,AA10,PAS|MCPsignal,PAS|GGDEF,2.A.1,LysR_substrate|HTH_1,Peripla_BP_3|LacI,PfkB,3.A.1,3.A.1,3.A.1,GH19,3.A.23,3.A.23,3.A.23,3.A.23,3.A.23,3.A.23,3.A.23,3.A.23,3.A.23,3.A.23,3.A.23,3.A.23
2.A.15,2.A.61,1.C.14,CE16,2.A.7
1.B.1,2.A.1,LysR_substrate|HTH_1,CBM50,2.A.53,9.A.5,9.B.34,3.A.1,3.A.1,3.A.1,SBP_bac_1,1.B.52,1.I.1,CBM50
2.A.23,GH13_11,3.A.1,3.D.1,IclR|HTH_IclR,1.B.52,3.A.1,GntR,GH18,8.A.59,2.A.47
3.A.23,CBM48|GH13_9,GH77,GT35,GerE,3.D.4,3.D.4,3.D.4,3.D.4,1.B.52
GH13_27,3.A.23,9.B.34
1.B.52,GH24
3.A.1,3.A.1,3.A.1,3.A.1,PfkB,HTH_18|AraC_binding,3.A.1,3.A.1,3.A.1,Peripla_BP_3|LacI,GH130,GH130,1.B.52,GH5_7|CBM27,SBP_bac_1,GH5_8,8.A.59,1.B.39,CBM5,GH13_19,HTH_3,8.A.5,9.B.33,LytTR|Response_reg,2.A.13,1.B.52,2.A.1,MarR|AsnC_trans_reg,1.B.52
1.A.46,3.D.1,2.A.1,Nitroreductase,2.A.15,LysR_substrate|HTH_1,1.B.52,3.A.1,3.A.1,3.A.1,GntR,1.B.14,3.A.1,3.A.1,3.A.1,3.A.1,2.A.15,NIR_SIR|Pyr_redox_2|NIR_SIR_ferr,1.A.16,2.A.1,2.A.6,2.A.6,9.B.18,1.B.18,8.A.3,GT2,GT4,GT4,Fer4,1.A.8
3.D.2,3.D.2,9.B.34,9.B.34,TetR_N,3.A.1,3.A.1,3.A.1,9.B.35,9.B.35,9.B.43,3.A.9,2.A.28,SIS|HTH_6,3.A.1,3.A.1,3.A.1,SBP_bac_3,CE4,2.A.40
GT2,2.A.6,2.A.7,PfkB,1.B.3,GH32,Peripla_BP_3|LacI,4.A.1,HisKA,Trans_reg_C|Response_reg,1.B.14,HTH_18|GyrI-like,2.A.1,2.A.1,1.B.17,TetR_N,3.A.1,3.A.1,3.A.1,3.A.1,GH1,Peripla_BP_3|LacI,3.A.1,1.B.14,3.A.1,3.A.1,3.A.1,2.A.1,4.C.1,2.A.1,2.A.37,2.A.37,9.B.33,LytTR|Response_reg,2.A.1,2.A.7,3.D.4,GntR|Aminotran_1_2,GGDEF|CHASE,5.A.3,5.A.3,5.A.3,HATPase_c|HisKA,Response_reg|GerE,1.I.1,GT9,2.A.6,2.A.6
GH1,2.A.69,LysR_substrate|HTH_1,9.B.34
GH23,HTH_18|GyrI-like,2.A.1,2.A.98
1.B.6,3.A.3,GH20
GT19,1.B.33
2.A.22,3.D.5,3.D.5,3.D.5,3.D.5,3.D.5,3.D.5,3.D.5,2.A.1,Nitroreductase,3.A.1,3.A.1,3.A.1,1.B.33,GH23,SBP_bac_1,9.B.34,Trp_repressor,GH23,3.A.1,9.B.33,LytTR|Response_reg,GH3,SIS,2.A.114,9.B.105,2.A.66,HTH_5,LysR_substrate|HTH_1,2.A.58,8.A.7,NUDIX,8.A.5,3.A.23,2.A.26,1.I.1,9.B.34
3.A.5,3.A.16,1.B.1,1.A.26,2.A.6,2.A.6,Aminotran_1_2,2.A.86,HATPase_c|Response_reg|dCache_1|PAS|HisKA,3.A.1,3.A.1,3.A.1,3.A.1,3.A.1,GH9,GH20,GH94,3.A.1,3.A.1,3.A.1,1.A.11
4.C.1,LysR_substrate|HTH_1,GT1
1.B.22,GT51
CBM41|CBM41|GH13_13,Response_reg|GerE,2.A.21,2.A.88,HD|ACT,2.A.40,HATPase_c|HisKA,Trans_reg_C|Response_reg,2.A.8,SKI,Peripla_BP_1|LacI,9.B.2
3.A.1,3.A.1,3.A.1,3.A.1,3.A.1,9.B.4,2.A.7,9.B.34,HTH_11|AsnC_trans_reg,2.A.1,LysR_substrate|HTH_1,TetR_N,AA3_2,3.A.1,3.A.1,3.A.1
1.C.113,2.A.38,CBM50,3.A.11
GT4,GT4,GT2,GT9,GT30,GT9,GT4,1.B.14,1.B.18,8.A.3,GT2,GT4,9.B.18,GT4,9.B.146,GH23
1.B.42,GH23,3.A.1,3.A.1
3.B.1,3.B.1,9.B.27,GH23,9.A.40,9.B.14,3.A.5,9.B.160
9.B.146,2.A.103,GT28,CE11
3.A.7,GH102,1.B.10,Sigma70_r4|Sigma70_r2,2.A.1
GH19,2.A.96,Trans_reg_C,1.B.11,2.A.28,2.A.25
2.A.68,LysR_substrate|HTH_1,GH23
2.A.17,2.A.37,MarR,CE9,4.A.1
PL8,PL8,HTH_DeoR|DeoRC,4.A.6,4.A.6,4.A.6,4.A.6,GH105,CBM9,GH154
3.D.4,3.D.4,1.A.30,1.A.30,2.C.1,2.C.1,TPR_2,dCache_1|HATPase_c|HisKA|Response_reg,2.A.104,HTH_DeoR|DeoRC,HTH_DeoR|DeoRC,SIS,4.A.6,4.A.6,4.A.6,4.A.6,CE9,9.A.5,9.B.156
GH43_26,2.A.2,3.A.1
GH20,3.A.1,3.A.1
3.A.1,3.A.1,3.A.1,GH53,GH42,1.B.3
GH73,3.A.1,3.A.1,3.A.1,3.A.1,3.A.1,1.A.11,5.A.3
2.A.80,3.A.1,3.A.1,3.A.1,GH2
2.A.42,3.A.1,3.A.1,3.A.1,3.A.1,3.A.1,2.A.22,8.A.1,2.A.6,PspC,9.B.100,3.A.23,3.A.1,3.A.1,3.A.1,3.A.1,3.A.1,GH36,5.A.3,5.B.5,3.A.1,1.A.16,2.A.117
5.A.3,Peripla_BP_3|LacI,GT5,GGDEF,3.A.7
