GH93|CBM13,LacI|Peripla_BP_3,3.A.1,3.A.1,SBP_bac_1,GH127,GH43_26|CBM13|GH5_35|CBM13,2.A.1
4.C.1,2.A.1,GH3,2.A.1,GH3
GH18,3.A.1,3.A.1,3.A.1
GT1,CE7,TetR_N,3.A.1
GH95,2.A.7,TetR_N,TetR_N,CE8|CE8|CE8|CE8|CE8,Sigma70_r4|Sigma70_r2,HTH_3,2.A.1,LacI|Peripla_BP_3,3.A.1
8.A.5,Peptidase_M23,GH13_30,8.A.5
GH35,SBP_bac_1,3.A.1,3.A.1,LacI|Peripla_BP_3,2.A.1,GT9,GH26,GH26
2.A.1,2.A.55,Fe_dep_repress|Fe_dep_repr_C|FeoA,8.A.5,LysR_substrate|HTH_1,GH13_4
9.B.126,8.A.7,1.A.22,GH5_1,9.B.185,LacI|Peripla_BP_3,3.A.1,3.A.1,3.A.1,GH51,8.A.5,2.A.1,Rhodanese,3.A.1,3.A.1,3.A.1,4.C.1,1.A.35,1.E.43,Aminotran_1_2,2.A.98,GT39,GH13_33,LysR_substrate|HTH_1,3.B.1,3.B.1,3.B.1,2.A.7,8.A.5
GT83,3.A.25
3.A.1,3.A.1,GT2
GT2,2.A.1,3.A.1,3.A.1,3.A.1,3.A.1,LysR_substrate|HTH_1,2.A.75
GT2,STAS,GH0|GH26,2.A.3,GH1,2.A.86,PALP|ACT,CE14,3.A.1,3.A.1,3.A.1,1.C.113
2.A.21,SBP_bac_5,3.A.1,3.A.1,3.A.1,SBP_bac_5,2.A.108,2.A.108,CE14,Fer4,Aminotran_1_2,Citrate_synt,9.B.106,AAA,3.A.7
GH2,3.A.1,3.A.1,3.A.1,2.A.1
2.A.40,2.A.55,GT2
2.A.15,AA3_2,2.A.1
9.B.146,2.A.103,GT28
GT5,3.A.1,GH13_16,GT4
CBM22|GH10,1.A.11
9.B.97,GT4,Pyr_redox,3.A.1,3.A.1,3.A.1,3.A.1,3.A.1
3.A.1,3.A.1,CBM48|GH13_11,GH13_26,GH13_10
GH13_11,GT35,GH13_3,CBM48|GH13_9,TPR_2,2.A.86,2.A.36,GH23
2.A.1,3.A.1,3.A.1,HTH_3,GT2,GT2,Aminotran_1_2,3.A.1
3.A.1,3.A.1,3.A.1,GH38
2.A.63,2.A.63,2.A.63,GT20,2.A.6,TetR_N,1.A.23,GH15,MarR,2.A.1,2.A.3
3.A.1,3.A.1,GT4
9.B.107,4.A.5,Glycos_trans_3N,3.A.1,3.A.1,3.A.1,3.A.1,3.A.1,GT4,3.D.10,3.D.10,2.A.1,2.A.1
3.A.7,9.A.47,GT51,GT51
9.B.169,2.A.1,LysR_substrate|HTH_1,MarR,GH1,HTH_3,3.A.1,3.A.1,3.A.1
GH15,MarR,2.A.102,GH10,GT94,GT2,GT83,8.A.3,CBM44|CBM44|CBM44|CBM44|CBM44|CBM44,GT4,GT4,9.B.18,PL0,PL0
3.A.1,3.A.1,3.A.1,3.A.1,3.A.1,GH127,CBM5,Peripla_BP_1,3.A.1,3.A.1
3.A.18,2.A.6,GH13_11,Aminotran_1_2|GntR,2.A.115,2.A.3
CE14,GT2,MarR,9.A.40,2.A.86,FUR,8.A.5
GT14,2.A.1
9.B.97,8.A.3,9.B.18,GT4,GT4
GH32,MarR,Glyoxalase,2.A.86
GH114,2.A.69,2.A.1
GT1,Pyr_redox_2,2.A.1,PL11
3.A.1,PadR,2.A.1,3.A.1,3.A.1,Peripla_BP_2,LacI|Peripla_BP_3,3.A.1,3.A.1,GH146,GH2,3.A.1,3.A.1,3.A.1,PfkB,HTH_DeoR|DeoRC,GH4,GH38
3.A.1,3.A.1,8.A.5,GH36,3.A.9,Pyr_redox_2,GH51
GH3,3.A.1,3.A.1,2.A.5
2.A.7,MarR,2.A.89,GH28,HTH_IclR|Response_reg,HATPase_c,2.A.11
