GH23,2.A.109
GH103,2.A.3
2.A.85,1.A.2,CBM47
GT0,2.A.21,SIS,GH20,3.A.1,3.A.1,Peripla_BP_2,1.B.14,2.A.36
GH23,9.A.40,GT21
8.A.5,NUDIX,GT0,GT20
GH73,8.A.5
3.A.1,3.A.1,3.A.1,3.A.1,3.A.1,HisKA|Response_reg|HATPase_c,GerE|Response_reg,GT0,CSD,2.A.6,2.A.6,2.A.6,2.A.3,HTH_18,3.A.1,1.B.5,3.A.1,3.A.1,3.A.1,2.A.3
2.A.21,2.A.1,9.B.157,2.A.103,1.A.30,1.A.30,1.A.30,GT51
2.A.1,CE9,GT2
GT4,3.A.12
2.A.6,GH23,HhH-GPD,HhH-GPD,3.A.1
3.A.18,Glyoxalase,3.A.5,3.A.2,GT2,GT83
3.A.1,GT2|GT4,GT4,3.A.1,3.A.1
3.A.1,GH23
2.A.14,GH23,2.A.1
2.A.23,HTH_1|LysR_substrate,2.C.1,1.A.30,1.A.30,1.B.14,HTH_18,1.A.11,GT0,1.B.14,Pyr_redox_2,2.A.66,2.A.6,2.A.6,2.A.6,CBS,3.D.1,3.D.1,3.D.1,3.D.1,3.D.1,3.D.1,3.D.1,3.D.1,3.D.1,3.D.1,3.D.1,3.A.1,3.A.1,3.A.1,HTH_3,2.A.21
CBM48|GH13_11,GT5,CBM48|GH13_9,GH13_10,GH13_26,3.A.9
2.A.3,Aminotran_1_2,GT4,GT94,3.A.18
4.A.2,1.B.33,CE11
GT28,2.A.103,9.B.146
GT4,Pribosyltran,GT2,GT2,2.A.21,3.A.23,2.A.21,3.A.23,NUDIX,3.A.9,5.B.7,2.A.53,GT19,GT4,GT9,2.A.1
GT2,GT83,3.D.4
GT4,Pyr_redox_2,HTH_1|LysR_substrate,2.A.69
2.A.39,AA3_2,HTH_1|LysR_substrate,Sigma70_r2|Sigma70_r4,FecR,1.B.14
9.B.121,TetR_N,2.A.6,1.B.17,3.A.1,1.B.14,PfkB,GT84|GH94,2.A.33,TetR_N,TetR_N,2.A.98,HTH_1|LysR_substrate,2.A.6,3.A.1,3.A.1,3.A.1,1.A.30,1.A.30,1.A.30,HTH_1|LysR_substrate,Pyr_redox_2,CE4,9.B.35,2.A.40
3.A.1,2.A.42,GH37,3.A.1,Sigma70_r4_2|Response_reg,Sigma70_r2|Sigma70_r4_2,Sigma70_r2|Sigma70_r4_2,HATPase_c,3.A.1,3.A.1,2.A.16,DeoRC|HTH_DeoR,1.A.8
