GT19,1.B.33
3.A.1,1.A.62,2.A.49,3.A.1,3.A.1,3.A.1,1.B.14,GT51
3.A.1,3.A.1,2.A.53,Pribosyltran,1.B.76,8.A.2,Peripla_BP_1|LacI,2.A.1,GH36
2.A.3,2.A.2,GH43_26,9.B.125,3.A.15,3.A.15,NUDIX,3.A.5,CE11,GT28,2.A.103,9.B.146
GH23,3.A.1,4.B.1
2.A.56,2.A.56,3.A.3,LacI|Peripla_BP_3,4.A.1,GH13_29,HTH_6|SIS,4.A.2,GH38,GH13_18,4.A.2
4.A.3,GH4,HTH_6|SIS,1.B.52,3.A.1,3.A.1,3.A.1,3.A.1,1.B.14,9.B.22,1.B.33
2.A.2,GH5_13,9.A.40
CBM50,2.A.25,1.A.23,2.A.3,3.D.10,3.D.10,HTH_1|LysR_substrate,2.A.7,GerE,9.B.13
2.A.3,2.A.13,5.A.1,TetR_N,HATPase_c|dCache_1|PAS,Response_reg,2.A.13,2.A.123,2.A.2,GH4,HTH_18|AraC_binding,HTH_18,2.A.3,Response_reg|Trans_reg_C,HisKA|HATPase_c,2.A.1,2.A.10,Glyoxalase,3.A.1,3.A.1,3.A.1,GntR,3.A.1,3.A.1,2.A.21,3.A.1,3.A.1,3.A.1,PfkB,Response_reg|Trans_reg_C,3.D.1,2.A.23,9.B.14,5.A.3,5.A.3,4.C.1,9.B.136,2.A.21,2.A.122,1.E.14,HTH_1|LysR_substrate,2.A.36,2.A.40
3.A.25,CSD,4.A.3,4.A.3,1.C.82,3.A.5,HTH_11,1.B.14,TetR_N,Pyr_redox_2,HTH_1|LysR_substrate,GH18|CBM5
GH31,2.A.2,2.A.2,1.B.35,HATPase_c|HisKA|PAS,3.A.23
9.B.21,HEM4,TPR_2,2.A.3,GT26,9.B.128,GT56,2.A.66,Aminotran_1_2,GT0,9.B.146,3.A.6,1.I.1
2.A.81,GntR,4.A.1,GH4,HTH_18|AraC_binding,2.A.21,9.B.51,PALP,2.A.8,HTH_1|LysR_substrate,GH5_25,2.A.1,2.A.7
2.A.1,GerE|Response_reg,MASE1|HATPase_c,2.A.1,2.A.1,HTH_3,2.A.1,GH1,3.A.1,2.A.7,HTH_1|LysR_substrate,HTH_18|GyrI-like,1.B.11
1.B.12,HTH_18,1.B.12,1.B.11,2.A.2,GH31,Mga|HTH_11,4.A.2,4.A.2,4.A.2,2.A.40,2.A.27
GT30,GT9,GT4,GT8,GT8,GT4,GT9,GT9,Aminotran_1_2,GT2,1.A.34
2.A.1,GntR,2.A.14,4.A.2,9.B.32,8.A.1,9.B.32,8.A.1,HTH_1|LysR_substrate,9.B.99,3.D.1,Aminotran_1_2,GH13_19,GH73,HTH_18|Peripla_BP_3,9.B.44,9.B.44,9.B.97
2.A.1,PfkB,Peripla_BP_1|LacI,9.B.186,5.A.3,2.A.1,3.A.1,3.A.1,3.A.1,3.A.1,3.A.1,3.A.23,2.A.42,Aminotran_1_2,EAL|GGDEF,2.A.23,PfkB,EAL,9.B.121,2.A.1,9.B.126,HTH_1|LysR_substrate,GerE,GH24,GH37,5.B.3,Pyr_redox_2,4.A.2,DeoRC|HTH_DeoR,4.A.2,4.A.2,Pyr_redox_2,Rrf2,2.A.17,9.B.4,2.A.20,Pyr_redox_2,1.A.26,3.A.1,3.A.1,3.A.1,HTH_1|LysR_substrate,2.A.86,2.A.1,2.A.88,3.A.3
2.A.8,2.A.95,CBM48|GH13_9,CBM48|GH13_11,GT5,GT35,Rhodanese,9.B.104
GT35,GH77,2.A.8,9.A.8,9.A.8,9.A.8,Response_reg|Trans_reg_C,2.A.21,9.B.65,NUDIX,GT51,1.B.22
1.A.12,2.A.61,GntR,2.A.1,Glucokinase,2.A.39,Pyr_redox_2,GATase_2,HATPase_c|Response_reg|HisKA|PAS,GT51,8.A.8,4.A.2,1.B.42,1.B.42,1.B.42,CBS|SIS,2.A.19,3.A.1,3.A.1,3.A.1,3.A.1,3.A.1
4.A.6,4.A.6,4.A.6,Aminotran_1_2,4.A.1,SIS,CE9,4.A.6,4.A.6,4.A.6,4.A.6,DeoRC|HTH_DeoR,2.A.1,HTH_1|LysR_substrate,PALP,2.A.42,2.A.42,HTH_1|LysR_substrate,9.B.124,1.E.34,9.B.27,GntR,2.A.1,2.A.23,2.A.109,Pyr_redox_2,3.A.1,LacI|Peripla_BP_3,SBP_bac_1,3.A.1,3.A.1,GH13_31,GH130,2.A.3,GH2,LacI|Peripla_BP_3,1.B.52
9.B.120,2.A.1,GH23
GH1,HTH_6|SIS,1.C.113
CBM50,GT4,1.B.18,3.A.1,3.A.1,8.A.4,1.B.55,CE4|GH153,GT2
3.A.7,GH102
3.D.1,3.D.1,3.D.1,3.D.1,3.D.1,3.D.1,GH1,4.A.1,LacI|Peripla_BP_3,5.A.3,Pyr_redox_2,3.A.23,CBS|SIS,DeoRC|HTH_DeoR,4.A.4,4.A.4,4.A.4,GH103
GT4,GT4,2.A.53,Aminotran_1_2,2.A.35,HTH_18,3.A.23,PALP,2.A.1,GerE|Response_reg,Response_reg|HisKA|HATPase_c|SBP_bac_3,2.A.6,8.A.1,Trans_reg_C,1.B.12,EAL,3.A.1,3.A.1,1.B.33,9.A.40,9.B.14,3.A.5,1.B.6,9.B.34
4.A.1,GH23,HisKA|HATPase_c,3.A.23
9.A.41,HTH_6|SIS,GH4,4.A.1,Rhodanese,GT51
1.B.33,2.A.17,CBS,9.B.209,EAL|MASE1,GH1,Pribosyltran,2.A.40,2.A.86,9.A.5,9.B.156,ACT,1.B.33
9.B.127,2.A.13,2.A.13,GntR,3.A.1,3.A.1,3.A.1,3.A.1,PALP,GntR|Aminotran_1_2,PfkB,4.A.1,8.A.7,8.A.8,PALP,2.A.121,2.A.28,HTH_1|LysR_substrate,HTH_3,HTH_3,2.A.41,2.A.55,Mga,CE9,4.A.1,8.A.5,2.A.49,Glucokinase,4.A.2,4.A.2,4.A.2,HTH_18,LytTR|Response_reg,9.B.33,Aminotran_1_2,2.A.1,HisKA|HATPase_c,Response_reg|HTH_8,1.B.52,1.A.16,3.A.1,1.B.9
2.A.7,2.A.7,GT83,GT2,Aminotran_1_2,NUDIX,1.B.68,IclR|HTH_IclR,2.A.1,Fer4,2.A.1
1.B.17,9.B.27,9.B.29,GH3,3.A.1,3.A.1,3.A.1,3.A.1,MerR,9.B.33,LytTR|Response_reg,3.A.1,2.A.113
2.A.124,1.A.8,3.A.1,3.A.1,CSD,3.A.9,Response_reg|Trans_reg_C,HisKA|HATPase_c,2.A.1,2.A.6,2.A.6,8.A.1,AlkA_N|HhH-GPD,9.B.34,9.B.22,2.A.109,1.B.18,8.A.3,GT2,GT4,GT2,NUDIX,GT4,9.B.18,2.A.66,GT4,GT4,GT2,GT4
3.A.1,3.A.1,3.A.1,3.A.1,CbiA,3.A.1,3.A.1,3.A.1,1.B.1,HD,2.A.7,GerE,3.A.6,3.A.6,3.A.6,3.A.6,3.A.6,3.A.6,3.A.6,3.A.6,9.B.102,GH13_5
3.A.4,1.A.72,HMA,2.A.42,2.A.1,3.A.1,3.A.1,3.A.1,GT20,FlhD,FlhC,1.A.30,1.A.30,H-kinase_dim|CheY-binding|HATPase_c|CheW,CheW,2.A.23,1.B.52
1.B.11,HTH_18|AraC_binding,2.A.1,CBM67|GH78,3.A.6,3.A.6,2.A.2,GH105,9.B.158
5.A.2,2.A.34,GntR,Pyr_redox,2.A.36,GH23,1.E.43,GH37,PTS-HPr,1.B.11
2.A.8,IclR,DeoRC|HTH_DeoR,4.A.5,4.A.5,4.A.5,3.A.1,3.A.1,3.A.1,3.A.1,Sigma70_r4,AraC_binding,GT51
9.B.34,EAL,3.A.1,3.A.1,3.A.1,3.A.1,3.A.1,3.A.23,9.B.100,PspC,GH13_18,3.A.1,3.A.1,3.A.1,GH65,3.A.1,1.B.21,Peripla_BP_1|LacI,Rhodanese,3.A.23,3.A.1,DeoRC|HTH_DeoR,Glyoxalase,AraC_binding,1.A.23
9.B.34,2.A.86,9.B.34,GH43_10,2.A.2,2.A.26,HTH_1|LysR_substrate,2.A.1,HTH_18,3.A.1,3.A.1,3.A.1
2.A.23,CE0,GH4,HTH_18|AraC_binding,4.A.3,4.A.3,4.A.3
3.A.7,Nitroreductase,2.A.1,DeoRC|HTH_DeoR,8.A.5,PfkB,2.A.1,GH18,8.A.5,9.B.99
1.M.1,GH24
CBM50,3.A.1,3.A.1,3.A.1,2.A.49,1.E.1
3.A.1,3.A.1,GT84|GH94,CSD,2.A.85,CSD,3.A.1,3.A.1,Glucokinase,3.A.1,3.A.1,3.A.1,TetR_N,1.B.14,Pyr_redox_2,GH3,1.B.14,2.A.66,HTH_1|LysR_substrate,HTH_1|LysR_substrate,2.A.1,4.A.1
2.A.1,GT2
2.A.108,2.A.108,2.A.108,2.A.21,TetR_N,2.A.7,AA6
3.A.15,3.A.15,3.A.15,Peptidase_M23,3.A.1,3.A.1,3.A.1,2.A.6,HTH_1|TOBE,3.A.1,GH4,HTH_18|AraC_binding,4.A.3,2.A.4,4.B.1,2.C.1,2.C.1,2.C.1,2.C.1,1.A.30,1.A.30,8.A.79,9.B.85,3.D.4,3.D.4
2.A.28,GH38,4.A.2,GntR,3.D.10,3.D.10,Citrate_synt,1.C.1,8.B.24,9.B.211,2.A.17,3.A.3,3.A.3,3.A.3,HisKA|HATPase_c,Response_reg|Trans_reg_C,2.A.3
2.A.1,1.B.25,3.A.1,3.A.1,4.A.1,CE9
CBM34|GH13_21,2.A.3,2.A.26,HATPase_c|HisKA|PAS,Response_reg|Trans_reg_C,2.A.1
GH2,2.A.1,4.C.1,Citrate_synt,3.A.23,2.A.76,9.B.34,Fer4,1.B.14,HTH_18,1.B.52,2.A.61,2.A.3,AraC_binding|HTH_3,3.D.7,3.D.7,3.D.7,3.D.7,3.D.7,3.D.7,3.D.4,3.D.4,2.A.1
GH32,GH32,2.A.1
GH23,2.A.1
