GH32,8.A.7,9.A.8
2.A.1,2.A.20,Nitroreductase,2.A.42,LysR_substrate|HTH_1,2.A.1,GH129
2.A.1,GT4,GT90,1.A.43,3.A.1,3.A.1,9.A.51
2.A.38,3.A.12,2.A.3,2.A.21,GT2,9.A.40
CBM73,CBM73,2.A.1
2.A.3,CBM5|GH18
GT2,CheR|CheB_methylest|CheR_N,9.B.34
GH33,GH23,3.A.1,3.A.1
2.A.1,2.A.1,3.A.1,2.A.17,9.B.142,9.B.146,2.A.103,GT2,GT83
2.A.42,Aminotran_1_2,GH18,Pribosyltran,ACT,2.A.1,HD,AA2|AA2,2.A.1,2.A.1,3.A.1,3.A.1,2.A.53,2.A.23,3.A.1,3.A.1
GH3,2.A.1
GH73,HTH_3,2.A.17,FUR,9.B.10,3.A.7,3.A.1,1.A.23
3.A.7,PfkB,GT4,GT2,GT2,GT4
GT4,9.B.18
2.A.17,GT4,GT8
1.B.33,GH73,3.A.1,3.A.1,2.A.17,4.C.1,HTH_18,2.A.1,8.A.1,1.B.17
1.A.33,3.A.8,GH102
3.A.23,2.A.1,GH37
GT2,3.A.1,3.A.1,2.A.102
3.A.6,2.A.66,Aminotran_1_2,GT2,9.B.18,9.B.18,9.B.18,4.C.1
GT30,GH3,GT19,1.B.33,CBM5|CBM73
3.D.10,3.D.10,Citrate_synt,2.A.1,GH18|CBM73,3.A.2,3.A.2,3.A.2,3.A.2,3.A.2,3.A.2,2.A.1,2.A.1
2.A.49,PALP,4.B.1,3.A.9,CBM73
