3.A.7,3.A.7,GH23,3.A.7,GH23
9.A.41,1.B.18,3.A.1,3.A.1,GT107
2.A.1,PL5
3.A.1,3.A.1,3.A.1,GH4,3.A.1,3.A.1,3.A.1,3.A.1,GH4,AraC_binding|HTH_18,PIG-L,MarR,3.A.1,3.A.1,3.A.1,3.A.1,PfkB,3.A.1,LysR_substrate|HTH_1,3.A.1,3.A.1,3.A.1,HTH_3,3.A.1,3.A.1,3.A.1,Peripla_BP_2,1.B.14
GT9,PfkB,GT4,3.A.1,3.A.12,3.A.1,3.A.1,3.A.1,3.A.1,3.A.1
3.A.1,3.A.1,3.A.1,3.A.1,MarR,3.A.9,EAL|GGDEF,3.A.1,3.A.1,CbiA,GntR,2.A.56,2.A.56,2.A.56,2.A.56,SBP_bac_3,HTH_5,3.A.1,IclR|HTH_IclR,3.A.1,3.A.1,3.A.1,2.A.6,8.A.5,GntR,3.A.1,3.A.1,3.A.1,3.A.1,GH31,3.A.1,3.A.1
3.A.23,2.A.21,2.A.23,2.A.7,TPR_2,GH8,GT2|GT2,GH26,GT2
CBM48|GH13_11,GntR,3.A.1,3.A.1
3.A.1,3.A.1,GH144
AA3_2,3.A.1,3.A.1,3.A.1,3.A.1
GT2,GT2,2.A.66,GH16_21,GT0,GT2,GT2,GT2,8.A.3,2.A.21,3.A.1,3.A.1
3.A.1,3.A.1,3.A.1,3.A.1,IclR|HTH_IclR,1.A.35,GT2,dCache_1,9.B.34,3.A.1,3.A.1,3.A.1,3.A.1,3.A.1,3.A.1,3.A.1,3.A.1,GH33
2.A.28,LysR_substrate|HTH_1,3.A.1,3.A.1,3.A.1,3.A.1,3.A.1,HTH_DeoR|DeoRC,5.A.3,NIR_SIR|Pyr_redox_2|NIR_SIR_ferr,3.A.1,3.A.1,3.A.1,3.A.1,ANTAR|Response_reg,GntR,2.A.55,GH13_5,MerR,1.B.14
GH23,3.A.7,2.A.1,2.A.59,9.B.105,5.A.1,3.A.3,MerR,HTH_5,3.A.7,3.A.7,3.A.7,3.A.7,3.A.7,LysR_substrate|HTH_1,HTH_5,2.A.4,HMA,9.B.27,3.A.3,2.A.4,MerR,5.B.1,3.A.3
GT2,3.A.1,3.A.1
GH103,1.B.66,SIS|CBS,8.A.21,CBM50,9.B.34,3.A.23
GT51,9.B.10
GH16_5,GT4,GT4,GT4,8.A.3
GH0,GT4,2.A.66,GT2
GH12,3.A.1,3.A.1
3.A.1,3.A.1,3.A.1,3.A.1,2.A.47,2.A.109,TetR_N,2.A.1,2.A.1,LacI,GH1,Nitroreductase,3.A.1,3.A.1,3.A.1
2.A.56,2.A.56,HTH_18,3.A.1,3.A.1,3.A.1,3.A.1,GH28,GH105,3.D.1
3.A.1,3.A.1,3.A.1,3.A.1,GH154,Peripla_BP_3|LacI,SBP_bac_1,HTH_5,GH51,3.A.1,3.A.1,3.A.1,3.A.1,3.A.1,3.A.1,3.A.1,3.A.1,3.A.1,3.A.1,SBP_bac_1,PAS|MCPsignal,GH23,GntR,3.A.1,3.A.1,3.A.1,3.A.1,3.A.1,3.A.1,LysR_substrate|HTH_1,2.A.40,1.B.52
GH23,1.B.52
9.B.34,3.A.1,CBM50,2.A.7
9.B.18,GT4
1.B.33,GT19
3.A.3,8.A.5,GH2,Peripla_BP_3|LacI,3.A.1,3.A.1,3.A.1
9.B.34,2.A.37,2.A.7,2.A.1,CBM50,2.A.64,GH3
2.A.6,GT25
2.A.7,1.B.33,CE11,2.A.1,GT28,2.A.103,9.B.146
GH23,GH23,GH25,GH103,HTH_5,3.A.1
9.B.34,GT4
GT83,2.A.123,GT2
2.A.46,Sigma70_r4_2|Sigma70_r2,2.A.99,2.A.4,3.A.1,HTH_5,3.A.1,3.A.1,3.A.1,Autoind_bind|GerE,1.B.14,8.A.59,GH13_23,PfkB,GT4,TPR_2,9.A.18,2.A.1
9.B.43,2.A.7,TetR_N,9.B.35,NTP_transf_2,CE4,Pyr_redox_2,HATPase_c|PAS|HisKA|Response_reg,1.I.1
1.B.52,GH10,GT2,GT26
3.A.1,3.A.1,3.A.1,3.A.1,3.A.1,8.A.59,HATPase_c|HisKA|Response_reg,GerE|Response_reg,CE4,3.A.1,3.A.1,3.A.1,3.A.1,3.A.1
2.A.7,GH23
2.A.80,2.A.80,Peripla_BP_2,3.A.1,3.A.1,8.A.5,2.A.1,LysR_substrate|HTH_1,LysR_substrate|HTH_1,2.A.6,2.A.6,PfkB,2.A.53,GH103,2.A.1,3.D.2,3.D.2
3.A.1,GT2,GT107
GH2,3.A.1,cNMP_binding,Guanylate_cyc,GT4,GT32,3.A.1,3.A.1,3.A.1,3.A.1,GT1,GT4,GT28,GH20,SIS|HTH_6,3.A.1,3.A.1,3.A.1,3.A.1,GntR,SIS,CE9
3.A.1,3.A.1,2.A.1,3.A.1,3.A.1,3.A.1,3.A.1,GT51,9.B.186,2.A.1,HTH_DeoR|DeoRC,3.B.1,Autoind_bind|GerE,3.A.1,GT84|GH94
2.A.1,GH103
9.B.18,GT51
GH25,2.A.7
CE7,4.C.1,3.A.1,3.A.1,3.A.1,1.B.14,HTH_18,9.B.12,HATPase_c|PAS|HisKA,3.A.1,3.A.1,3.A.1
1.A.8,GT2
3.A.6,GT26,Peripla_BP_3|LacI,3.A.1,3.A.1,3.A.1,GH13_23,3.A.1
2.A.20,NUDIX,GT4
2.A.37,GT30
GH108,3.A.3,Rrf2,3.A.1,3.A.1,3.A.1,3.A.1,TetR_N,AA3_2,2.A.49,MarR,2.A.1,GT32,3.A.3
2.A.75,LysR_substrate|HTH_1,1.B.13,GT51,9.B.143,3.A.3
1.B.70,GH24
