GH165,5.A.1,GT0,9.B.146
1.A.23,2.A.1,Fer4,GH23
2.A.113,2.A.25,GT9
CBM50,GT52,GT25,GT2,GT2,9.B.14,3.D.2,3.D.2,9.B.157,9.B.157,9.B.157,AAA,9.B.24,1.A.30,1.A.30,1.B.14,1.B.14
GH2,2.A.66,SpoVT_AbrB,SBP_bac_3,3.A.1,3.A.1,3.A.1,NUDIX,2.A.102
2.A.22,SKI,GT51,1.B.22,2.A.76,1.B.6,3.D.10,3.D.10,2.A.121,2.A.16,9.B.21
2.A.6,2.A.6,TetR_N,1.B.9,2.A.66,GT52,GT2,GT4,GT4,9.B.18,9.B.18,1.B.18,8.A.3
3.A.1,3.A.1,3.A.1,3.A.1,1.B.14,GT35,5.A.2,2.A.34,GntR,3.D.5
9.B.146,2.A.103,GT28,CE11,2.A.23
1.A.14,3.A.9,1.A.34,3.A.1,3.A.1,4.A.6,GH35,4.A.6,4.A.6,4.A.6,SIS,HTH_DeoR|DeoRC,3.A.1,3.A.1
GH77,3.A.1,3.A.1,3.A.1,3.A.1,1.B.46,Trp_repressor,GT51
5.A.3,5.A.3,5.A.3,2.A.108,CBM48|GH13_9,GH13_11,GT5
GH23,2.A.4,1.B.40,CbiA,1.I.1
1.E.7,GH24
GH102,2.A.42,2.A.42,GH103
GT35,2.A.75
3.A.1,3.A.1,GH23,3.A.1
4.A.1,8.A.7,8.A.8,GT19,2.A.6,2.A.6,3.A.5
GT2,2.A.37,AAA,3.A.1,3.A.1,3.A.1,3.A.1
GH32,HTH_3,9.B.24
GT9,3.A.11
GT2,ACT|HD,2.A.1
1.A.8,GT26,9.B.128,GT56,GT51,3.A.1,3.A.1,3.A.1,3.A.1,2.A.1
3.D.5,3.D.5,3.D.5,3.D.5,3.D.5,3.D.5,NTP_transf_2,3.A.1,5.A.3,5.A.3,GT32,3.A.1,3.A.1,3.A.1,3.A.1,2.A.22,2.A.38,CBM50
3.A.1,3.A.1,3.A.1,1.B.76,2.A.1,PALP,1.A.35,MetJ,2.A.21,2.A.13,CE9,2.A.7,2.A.7
1.B.42,1.B.42,GT30
3.A.1,3.A.1,3.A.1,GH29,4.A.3
