2.A.98,GT39
3.A.1,3.A.1,GH13_30
GT4,PIG-L,3.A.1
3.A.1,Glyoxalase,Aminotran_1_2,GT2,GT2,GH13_4
1.A.23,8.A.5,MerR,GH15,GT20
8.A.5,GH13_31
9.B.146,2.A.103,GT28
GT5,3.A.1,GH13_16,GT4
GH13_11,GT35,GH13_3,CBM48|GH13_9,TPR_2,2.A.36,GH23
3.A.1,3.A.1,3.A.1,TetR_N,2.A.1,GT51
GH32|CBM38|CBM38,Peripla_BP_3|LacI,3.A.1,3.A.1,3.A.1
9.A.24,HhH-GPD,3.A.2,3.A.2,3.A.2,3.A.2,9.B.146,GT4,GH145,GT4,GT4
1.A.26,3.A.1,GT76,GT76,Citrate_synt,Aminotran_1_2,Fer4,CE14,2.A.108,2.A.108,2.A.108,3.A.1,3.A.1,3.A.1,3.A.1,2.A.1
1.C.113,CE14,ACT|PALP,2.A.86
GT4,GT4,GT4,3.A.1,3.A.1,GT4,Peptidase_M23,Peptidase_M23,GT2,GT2
2.A.1,GH1
9.B.62,GH13_20,2.A.36,2.A.86,9.B.106
2.A.86,CSD,GH13_11
GT4,PL31,GT2,GT4,2.A.66,GT94
2.A.7,2.A.1,CE7
GH3,3.A.1,3.A.1,3.A.1
2.A.1,Peripla_BP_3|LacI,2.A.66,EAL|GGDEF,9.B.142,GT2
2.A.6,TetR_N,9.B.160,GH65,3.A.1
2.A.3,MarR,PadR,GT4,GT1
GH76,TetR_N,9.B.74,3.A.16
3.A.1,3.A.1,SBP_bac_1,GH0,5.A.1,9.B.14,HTH_5,2.A.1,GH15
3.A.1,GH23
GH13_30,2.A.63,2.A.63,2.A.63
1.E.43,CE14
3.A.1,3.A.1,3.A.1,3.A.1,2.A.55,CBS|PALP,Aminotran_1_2,GT4
8.A.5,NTP_transf_2,3.A.9,GT51,GT2,3.A.1,3.A.1,3.A.1,Peripla_BP_3|LacI,3.A.17,4.B.1
3.A.1,3.A.1,Peripla_BP_3|LacI,SBP_bac_1,3.A.1,3.A.1,GH31
9.B.18,8.A.3,GT51,4.C.1,9.A.47
