1.A.11,Response_reg|LytTR,GH102,HisKA|HATPase_c,3.A.23
1.A.23,GH3,9.B.44
2.A.4,9.B.10,3.A.1,HTH_1|LysR_substrate,EAL,2.A.3,GH23
1.B.14,1.I.1,3.A.15,CBS|PALP,3.A.1,3.A.1,GT2,GT4
2.A.7,1.B.42,GH18,1.B.40,3.A.15,3.A.11,3.A.15
3.A.15,GT0,GT2,1.B.11,GT0,GT2,2.A.40,3.A.1
9.B.146,2.A.103,GT28,CE11,Peptidase_M23,3.A.5,NUDIX,9.B.33
9.B.126,GT41,TPR_2,1.B.46,Pribosyltran,1.B.14,3.A.5,1.C.82
GT4,1.B.14,1.B.14
GT9,2.A.7
GH13_23,1.B.14,GH97,GH0|CBM35,2.A.2,GH13_2,3.A.1,3.A.1
2.A.66,GH5_48
2.A.1,9.B.34,1.B.14,2.A.4,2.A.12,TetR_N,1.B.14,GT51,GT2,CBS,1.C.113
2.A.3,2.A.1,GT83,Response_reg|Trans_reg_C,HisKA|HATPase_c,Glyoxalase,2.A.114,1.A.8,Sigma70_r2|Sigma70_r4_2,RseA_N,9.B.160
CE4,GT4,3.D.1,3.D.1,3.D.1,3.D.1,3.D.1,3.D.1,3.D.1,3.D.1,3.D.1,3.D.1,3.D.1,3.D.1,3.D.1,3.D.1
GT2,CE4|GH153|GH153,3.D.4,3.D.4,3.A.1,3.A.1,TPR_2,9.B.14,9.B.14,3.A.1,3.A.1,Aminotran_1_2,2.A.1
GH144,3.A.1,3.A.1,3.A.1,CBM32,2.A.5
2.A.1,3.A.7,3.A.7,3.A.7,3.A.7,GH23,3.A.7
GH3,HTH_1|LysR_substrate,2.A.1,HTH_18,2.A.14
2.A.1,GH92,HisKA|HATPase_c,Response_reg|Trans_reg_C,2.A.6,2.A.6
2.A.1,PL17_2|PL17,PL6,GntR,4.C.1,Response_reg|GerE,2.A.21,1.B.14
2.A.15,TetR_N,AA3_2,4.C.1,Response_reg|HisKA|HATPase_c,8.A.59
2.A.1,Peripla_BP_3|LacI,GH92,1.B.14,HMA,MerR,3.A.3,1.B.14,9.B.158
1.B.18,1.B.14,GT4,2.A.66,8.A.3,9.B.18
2.A.7,9.B.169,TetR_N,2.A.6,HTH_5|Rhodanese,2.A.1,HTH_1|LysR_substrate,EAL,TetR_N,CBM32,3.A.1,3.A.1
9.B.143,PfkB,HTH_1|LysR_substrate,1.B.14,2.A.1,1.B.6,CBM32
3.A.16,CBM50
GH23,3.A.7
1.A.12,3.D.3,3.D.3,GH23,HTH_11,3.A.1,3.A.1,9.A.40,1.A.35,3.A.1,3.A.1,3.A.1,3.A.1
1.E.33,GH23
1.B.33,GT19
GT51,GT2,2.A.16,9.B.62,1.B.76
1.B.14,GH15,GT20,1.B.33,HisKA|HATPase_c,3.A.23,3.A.15,3.A.15,3.A.15,3.A.15,3.A.15
3.A.11,GT51
2.A.6,2.A.6,TetR_N,2.A.6,GT30,GT4,GH92,2.A.23,2.A.21,Response_reg|GerE,SBP_bac_1,HisKA|HATPase_c,Response_reg|Trans_reg_C,2.A.11
2.A.7,AsnC_trans_reg|HTH_11,Peptidase_M23,1.B.14,1.B.14,GH23
1.B.12,CE9,SIS,Peripla_BP_3|LacI,2.A.1,Glucokinase,1.B.14,GH20
GH103,2.A.103,2.A.103,9.B.157,9.B.157
3.A.1,HTH_11,Response_reg|LytTR,8.A.59,GT2,1.B.14,1.E.55,1.B.52
GT2,GT4,GT83,CBM50,3.A.11,1.E.43,3.A.7
2.A.73,HTH_18,GH109,1.B.14,GH31|CBM51,SIS,Glucokinase,DeoRC|HTH_DeoR,CE9,2.A.1,2.A.49
3.A.1,3.A.1,9.B.34,AA10|CBM73,AA10|CBM73,3.A.1,3.A.1
2.A.6,GT2
GT1,HTH_1|LysR_substrate,2.A.6,2.A.6,2.A.6,2.A.123,GT2
2.A.1,1.B.70,4.C.1,Response_reg|GerE,2.A.107,2.A.21,9.B.22,1.B.33,3.A.15,2.A.64,1.B.52,2.A.46,GH103,9.B.34
CE4,2.A.9
