8.A.1,1.B.14,1.B.14,GH97,GH13,2.A.2
2.A.1,1.B.14,GH30_3,GH3,GH16_3,GH30_1
GH5_21|GH5_21,HxlR,2.A.1
GT4,2.A.16,SIS|CBS,2.A.64
GH67,GH43_1,GH10,2.A.2,GH146,NUDIX,2.A.21,GH51,GH3,GH30_8,GH115,GH97,GH43_29|CBM6,GH43_29|CBM6,CBM51|GH27,GH31,CE1|CE1,GH43_10,GH43_12,GH95,2.A.1
9.B.33,GT32,2.A.7,3.A.16
GH3,GH144,8.A.46,1.B.14
GH109,1.E.40,HTH_18,3.A.7,cNMP_binding,2.A.36,Glyoxalase,Glyoxalase,3.A.1,3.A.1,3.A.1,GH3,2.A.1
9.B.144,GT4
GH13,2.A.21,Trans_reg_C|Response_reg,1.B.14,AraC_binding|HTH_18,Aminotran_1_2,GH73
3.A.1,GH92,2.A.23
9.B.18,GT4
GH37,2.A.1,AraC_binding|HTH_18,TetR_N,2.A.6,2.A.6,2.A.6
GH25,3.A.1,1.B.6
3.D.10,3.D.10,3.A.11,GH99,GT19
CBM13,cNMP_binding,1.A.23,3.A.1,CE14
1.A.30,GT2,GT30
8.A.3,9.B.146,GT2,2.A.6
2.A.3,1.B.14,GH13_10
9.B.146,2.A.103,GT28
3.A.9,GT9
5.A.3,GT51
1.B.14,8.A.46,GH130,GH92,GH125,GH18,GH18,GH92
GT2,3.A.16
2.A.53,2.A.53,GT4,GT4,GT2,9.B.97,2.A.50,GT2,9.B.97,GT2,GT2,GT2,GT2,GT2,Aminotran_1_2,3.A.1
9.B.147,GH43_28|CBM32
3.A.1,9.B.153,GT1,1.E.43
2.A.17,2.A.17,GT35
GT5,SIS,9.A.25,9.A.25,9.A.25,2.A.123,2.A.6,2.A.6,2.A.6
GT2,1.B.14,2.A.114
3.A.9,GH23
GT2,3.A.1,3.A.1,8.A.1,3.A.18,2.A.20,1.I.1,AAA,Pribosyltran,3.A.1
8.A.3,GT0,GT2,GT4,9.B.18,1.B.14
2.A.1,8.A.59,Response_reg|LytTR,GH18|CE4|GT2
GT14,1.I.1,CSD,2.A.19,GT4,GH130
GT2,Aminotran_1_2,AsnC_trans_reg|HTH_11,1.A.46
3.A.1,GH20,Crp|cNMP_binding,2.A.102,Rhodanese,9.B.102,9.B.102,2.A.6,8.A.1,9.B.32,9.B.158,GH2,3.A.11
