2.A.107,3.A.3,HTH_5,4.A.3,4.A.3,4.A.3,3.A.23,CE9,GntR,2.A.1,3.A.1
1.A.16,CBM34|GH13_20,HTH_18,GT35,8.A.21
4.A.5,4.A.5,DeoRC|HTH_DeoR,SIS,2.A.6,MarR,4.A.1,GH13_31,LacI|Peripla_BP_3,GH77,3.A.1,3.A.1
2.A.120,GH0
2.A.20,4.A.3,4.A.3,4.A.3,GntR,GH1,2.A.102,2.A.53,1.A.11,Pox_VLTF3,2.A.25,HD,1.A.30,1.A.30,3.A.18,3.A.3,GntR,GH88,4.A.6,4.A.6,4.A.6,4.A.6,PL12_1
4.A.1,LacI|Peripla_BP_3,GH32,PfkB,3.A.23,Pyr_redox_2,GH73,9.A.40
4.A.1,4.A.1,CBM48|GH13_9,GT5,GH13_39
2.A.68,9.B.142,3.A.23,GH31,4.A.6,4.A.6,4.A.6,4.A.6
1.B.52,GH5_25,GT84|GH94
9.B.18,GT4,GT2,GT2,3.A.1
8.A.3,8.A.3,9.B.18,GT4,GT2,GT2,GT14,GT32,2.A.66,1.B.52,3.A.1
1.B.52,Peripla_BP_1,1.C.57,GH73,GH73
2.A.66,GH13_19|CBM26|CBM26|CBM26,SIS|HTH_6,2.A.21,2.A.7,GH4,GH1,1.B.52,GH1,1.A.11,TrkA_C|GntR,3.A.1,3.A.1,GH1,SIS|HTH_6,4.A.3,4.A.3,4.A.3,GH1,Aminotran_1_2|GntR,GH4,1.B.52,1.B.52,SIS|HTH_6,3.A.23,4.A.3,4.A.3,4.A.3,3.A.1,3.A.1,Sigma70_r4_2|Sigma70_r2,DeoRC|HTH_DeoR,3.A.1,Aminotran_1_2,GH16_3,3.A.3,Sigma70_r4_2|Sigma70_r2,dCache_1|GGDEF,GT2,GT2,9.B.18,HisKA,Response_reg|Trans_reg_C,1.B.52,9.B.18,2.A.26,3.A.1,3.A.1,Response_reg|Trans_reg_C,HisKA|HATPase_c,GT4,9.B.34
3.A.1,3.A.1,3.A.1,3.A.1,3.A.1,3.D.10,CE7,CE7,3.A.1,GH36
3.A.1,HisKA|HATPase_c,Response_reg|Trans_reg_C,Response_reg|LytTR,9.B.14,3.A.1,8.A.59,Response_reg|HTH_18,SBP_bac_1,3.A.1,3.A.1,3.A.1,3.A.1,GH130,1.B.52,SBP_bac_1,CE2,GH1
GT2,3.A.1
4.A.1,ACT,2.A.38,2.A.38,3.A.1,HTH_18|GyrI-like,3.A.1,PfkB,1.B.52,2.A.16,3.A.1,3.A.1,3.A.1,Response_reg|HTH_18,8.A.59,Peripla_BP_1,3.A.1,GH13_28|CBM26|CBM26,GH16_21,LacI|Peripla_BP_3,GH13_18,HTH_18|AraC_binding,GH36,3.A.1,3.A.1,3.A.1,1.B.52
3.A.1,3.A.1,3.A.1,GH42,1.B.52,dCache_1|HATPase_c,Response_reg|HTH_18,GH2,HTH_18|AraC_binding,TetR_N,2.A.23
1.B.52,STAS,SpoIIE|PAS,3.A.23,Pyr_redox_2,GH36,Response_reg|HTH_18,8.A.59,SBP_bac_1,3.A.1,3.A.1,2.A.1,TetR_N,3.A.23,2.A.7,Pyr_redox_2,9.B.158,4.A.3,3.A.1,3.A.1
2.A.25,3.A.1,3.A.1,3.A.1,3.A.1,HTH_3|AraC_binding,2.A.25,GT51
1.A.11,Response_reg|ANTAR,GATase_2,Pyr_redox_2,GH5_8|CBM35
GH23,8.A.59,9.B.74,9.B.74,HisKA|HATPase_c,HisKA|HATPase_c,9.A.24,3.A.7
1.E.29,3.A.1,3.A.1,CE4
GT26,2.A.66,GT0,GT4,CE4
2.A.109,CE4,CBM41|GH13_14,Aminotran_1_2,3.A.1,3.A.1,3.A.1,3.A.1,3.A.1,8.A.59,3.A.1,3.A.1,3.A.1,3.A.1,3.A.1,1.B.52,HTH_3,2.A.3,Response_reg,GH126,2.A.38,2.A.38,CE4,3.A.1,3.A.1
3.A.1,3.A.1,3.A.1,1.B.52,Response_reg|HTH_18,8.A.59,SBP_bac_1,3.A.1,3.A.1,3.A.1,GH133,GH13_14
GH13_11,SpoIIE,2.A.58,3.A.3,HD,TrkA_C,2.A.38
3.A.7,2.A.66,HTH_5,GH25
3.A.1,3.A.1,9.B.34,2.A.66,3.A.1,3.A.1,PadR,GH5_25,3.A.1,GntR,2.A.40,4.A.5,4.A.5,4.A.5,3.A.23
9.B.34,3.A.3,Trans_reg_C,3.A.3,GH13_28|CBM25|CBM25|CBM25
4.A.2,PfkB,DeoRC|HTH_DeoR,PfkB,GH28,2.A.2,GH105
3.A.18,PL9,NIR_SIR|NIR_SIR_ferr,Fer4,2.A.66,NUDIX,ACT,9.B.55
CBM61|CBM61|CBM61|GH53,2.A.49,HisKA|HATPase_c,Response_reg|Trans_reg_C,GT2
2.A.79,2.A.86,GH13_5,2.A.19,3.A.1
9.B.28,8.A.3,3.A.1,2.A.66,GT2,GT4,GT4,GT4,GT26,8.A.3,9.B.18,9.B.120
CBM48|GH13_9,GH25,3.A.1
3.B.1,CBM34|GH13_20,3.A.1,3.A.1,3.A.1,HTH_18,3.A.1,3.A.1
3.A.1,CBM27|GH26|CBM23
2.A.36,1.B.52,GH25,2.A.41
4.A.7,4.A.7,DeoRC|HTH_DeoR,2.A.22,2.A.5,AraC_binding,3.A.1,3.A.1,3.A.1,CBS|EAL|GGDEF,GH13_31,2.A.51,2.A.51,1.C.57
GH13_14,GH13_20,2.A.51,2.A.51
3.A.1,3.A.1,3.A.1,3.A.1,LacI|Peripla_BP_3,Aminotran_1_2,AsnC_trans_reg,3.A.9,2.A.22,Aminotran_1_2,HATPase_c,8.A.59,3.A.1,3.A.1,HATPase_c,Response_reg|Trans_reg_C,9.B.74,CE4
GT35,GH77,LacI|Peripla_BP_3,3.A.1
GT0,9.B.18
GT28,HATPase_c,GT2,9.B.104,2.A.50,4.C.1,3.A.1,3.A.1,FUR,2.A.107,TetR_N,3.A.1,9.B.34,2.A.40,CE4,9.B.34,PspC,2.A.87,Response_reg|Trans_reg_C,HisKA|HATPase_c,3.A.3,3.A.3,3.A.3,3.A.9
3.D.1,GT0,GT2,GT0,2.A.103
GH31,HTH_18|AraC_binding,2.A.87
3.A.2,3.A.2,3.A.2,3.A.2,3.A.2,GT0
GT28,3.A.6
GT4,GT4,4.A.3,9.B.160
CE4,4.A.6,SIS,GntR,4.A.6,4.A.6,4.A.6,CE9,SBP_bac_1,GH112,3.A.1,3.A.1
3.A.7,GH13_28
4.A.3,4.A.3,GH4,4.A.3
9.B.27,GntR,GH13_29,4.A.1
2.A.122,2.A.66,LacI|Peripla_BP_3,2.A.67,2.A.66,4.A.1,2.A.66,3.A.1,3.A.1,3.A.1,3.A.1,3.A.1,HTH_1|LysR_substrate,8.A.59,HTH_18,3.A.1,3.A.1,2.A.5,GGDEF,9.B.141,9.B.141,CE4,1.A.26
3.A.1,3.A.1,3.A.1,3.A.1,HTH_1|LysR_substrate,Nitroreductase|Fer4,MerR,3.A.1,1.A.16,GH5_44,HTH_18|AraC_binding,GH4,4.A.1
3.A.1,3.A.1,HTH_18|AraC_binding,GT2,2.A.114,3.A.1,2.A.66,3.A.1,3.A.1,HTH_18,3.A.1,3.A.1,3.A.1,4.C.1,4.C.1
4.A.1,GH32,Fer4,NIR_SIR|NIR_SIR_ferr,1.B.52
4.A.1,GH1
GH4,SIS|HTH_6,SIS|HTH_6,HTH_18|AraC_binding,2.A.66,2.A.66,3.A.1,3.A.1,3.A.1,Hemerythrin,8.A.59,Response_reg|HTH_18,3.A.1,3.A.1,GH42,GH53,Response_reg|LytTR,2.A.7
2.A.1,CE4,TetR_N,2.A.1,2.A.1
GH16_3|CBM4|CBM4|CBM4|CBM4,GH1,4.A.3,4.A.3,4.A.3,LacI|Peripla_BP_3,3.A.1,3.A.1,3.A.1,2.A.23,Nitroreductase,3.A.1,3.A.1,3.A.1,2.A.56,1.B.52,3.A.1
