GH114,GH135,GT4,GntR,2.A.55
3.A.1,PALP,3.D.1,9.B.104,9.B.106,9.B.106,2.A.103,FHA,FHA,GT2,GT2|GT2,CE4,GH16_5,3.D.2,3.D.2,1.A.11
GH15,2.A.1,2.A.86
GT53,GT53,1.A.26
2.A.1,TetR_N,GT87,PALP,4.C.1
3.D.1,GT2,CE1,CE1,CE5,4.C.1,3.B.1,GT53,GT53,GT85
GT2,2.A.109,GT2,3.A.1
2.A.7,GH65
1.A.26,2.A.63,2.A.63,2.A.63,GT51
4.C.1,HATPase_c|HisKA,GT2,HEAT_PBS,Response_reg,1.C.113,4.C.1,3.A.1,3.A.1,3.A.1,3.A.1
GT20,2.A.79
3.A.1,3.A.1,3.A.1,3.A.1,GT53,9.B.10
GH77,Peripla_BP_2,3.A.1,3.A.1
GH23|CBM50,CSD,2.A.1,2.A.40
3.D.4,3.D.4,3.D.3,3.D.4,Glycos_trans_3N,GT4,4.C.1,9.B.106
9.B.146,2.A.103,GT28
2.A.7,PALP,GH13_10,Nitroreductase,GH13_26,CBM48|GH13_11,9.B.97
3.A.1,Sigma70_r4_2,3.A.1,GT2
4.C.1,NUDIX,3.A.1,GH13_3,CBM48|GH13_9
GH23,3.A.1,9.B.160,Sigma70_r4_2|Sigma70_r2,GT5
CE14,SBP_bac_5,1.A.8,Peripla_BP_2,3.A.1,3.A.1,2.A.1,3.A.1,3.A.1,3.A.1
GH5,9.B.142,GT2,CE14
3.A.1,GntR,TetR_N,GH1|GH1,3.A.1,3.A.1,TetR_N,2.A.1,2.A.59,AraC_binding|HTH_18,Peripla_BP_2,3.A.1,3.A.1,3.A.1,9.B.169
3.A.1,3.A.1,GH23
3.A.1,GH23|CBM50,2.A.15,GT39,1.A.23,2.A.7
3.B.1,4.C.1,MarR,2.A.1,GT9,PfkB,GT4,GT0,GT9,GT2,GT2
9.B.55,GH0,GT4
3.A.1,3.A.1,GT4
2.A.7,GerE,GH29,Whib,GerE|Response_reg,9.B.115
2.A.21,4.C.1,GT4,3.A.1,2.A.9
3.A.1,3.A.1,3.A.1,3.A.1,3.D.4,GH25,9.B.185,4.D.2,2.A.6
2.A.1,TetR_N,GT4
2.A.3,GH3,1.A.62,CE14
2.A.1,3.A.1,3.A.1,3.A.1,3.A.1,2.A.4,1.A.6,TetR_N,2.A.6,GT81,4.B.1
4.C.1,3.A.1,3.A.1,3.A.1,TetR_N,2.A.6,3.A.1,3.A.1,3.A.1,GT4
2.A.78,Glyoxalase,2.A.1,GT87,HD,NUDIX,2.A.66,2.A.66
