CE9,4.A.1,1.B.25
1.A.14,AA3_2,TetR_N,2.A.15
2.A.124,3.A.1,3.A.1,CSD,3.A.9,3.A.1,3.A.1,Pyr_redox_2,MarR|AsnC_trans_reg,3.A.12,1.B.46,AAA,2.A.1,GT25,1.A.16,1.B.40,1.B.40,EPSP_synthase,3.A.11,3.A.1
5.A.3,5.A.3,3.A.1,3.A.1,3.A.1,GH103,GerE,GT60,3.A.23,3.A.23,1.B.11,1.B.11,3.A.23,3.A.23,HTH_7,AAA,3.A.23
1.B.52,3.A.1,3.A.1,3.A.1,2.A.7,1.B.6,3.A.1,3.A.1,Peripla_BP_1|LacI,LysR_substrate|HTH_1,2.A.15,1.B.20,1.C.75,1.C.75,1.C.75,3.A.1,Peripla_BP_3|LacI,SBP_bac_1,3.A.1,3.A.1,GH130,GT108,1.B.26,1.A.23
GH2,CSD,9.B.20,3.A.3,FlhC,1.A.30,1.A.30,HATPase_c|CheY-binding|CheW|H-kinase_dim,CheW,2.A.1,HTH_10,1.B.12,9.B.110,1.B.52,1.B.52,CheR|CheR_N,Response_reg,CheZ,1.B.40,1.B.40
9.B.174,9.B.1,1.B.11,2.A.1,PL22|PL22,IclR|HTH_IclR,2.A.23,1.B.35,3.A.1,3.A.1,3.A.1,3.A.1,PL2_2
3.A.1,3.A.1,3.A.1,3.A.1,GH23,2.A.95
3.A.1,3.A.1,Aminotran_1_2,GT2,GT83,2.A.7,2.A.7
GH103,CbiA,4.C.1,2.A.7,2.A.7,SIS|HTH_6,CBM50,3.A.1,3.A.1,3.A.1
GT2,CE4|GH153,1.B.55,3.A.1,3.A.1,3.A.1,2.A.108,DeoRC|HTH_DeoR,2.A.3,Aminotran_1_2,3.D.5,LysR_substrate|HTH_1,2.A.1
4.F.1,Response_reg|GerE,9.B.72,1.B.6,2.A.3,AA6,2.A.108,2.A.108,2.A.108,2.A.21,MarR,3.A.1,3.A.1
3.A.6,3.A.6,3.A.6,3.A.6,3.A.6,3.A.6,3.A.6,3.A.6,PfkB,3.A.1,3.A.1,3.A.1,3.A.1,Sigma70_r4_2,GH73
3.A.1,Peripla_BP_1|LacI,2.A.1,GH36,2.A.56,2.A.56,Response_reg|GerE,2.A.66
GH0,GH0,3.A.23,3.A.23,1.B.6,3.A.23
3.A.1,3.A.1,3.A.1,CE4,2.A.39,GH23,3.A.1,3.A.1,3.A.1
GT19,1.B.33
GH102,HTH_7,AAA,3.A.7
4.A.6,4.A.6,4.A.6,4.A.6,CE9,GH105,GH154,Peripla_BP_3|LacI,2.A.1,GH31,Peripla_BP_3|LacI,1.B.3,4.A.1,GH53,3.A.1,3.A.1,3.A.1,3.A.1,3.A.1,3.A.1,3.A.1
GH23,Peripla_BP_2,1.B.14,3.A.1,3.A.1,3.A.1
GH0,3.A.23,3.A.23,1.B.6,3.A.23,9.B.2
8.A.1,2.A.85,GH3,3.A.1,3.A.1,3.A.1,Peripla_BP_3|LacI,GH94,3.A.1,1.B.26,1.C.75,1.C.75,1.B.20
4.A.1,GH13_29
2.A.1,MarR,3.A.1,3.A.1,3.A.1,AA2,5.A.3,5.A.3,5.A.3,DeoRC|HTH_DeoR,Peripla_BP_1,3.A.1,3.A.1,3.A.1
3.A.1,1.A.62,2.A.49,3.A.1,3.A.1,3.A.1,GT51
3.A.5,CE11,GT28,2.A.103,9.B.146
GH23,3.A.3,9.B.34,1.B.6,3.A.1,4.B.1
9.B.34,CE8,2.A.6,9.B.67,GT9,Crp,3.A.1,3.A.1,3.A.1,3.A.1,4.A.2,4.A.2,4.A.2,4.A.2
3.A.1,3.A.1,PL38,3.A.1,3.A.1,3.A.1,SBP_bac_1,PL38,PL17_1,2.A.6,2.A.6,2.A.6,HTH_3,3.A.18
GT35,GT5,GH13_11,CBM48|GH13_9,9.B.33,1.B.54
2.A.8,1.B.12,9.B.126,9.B.121,EAL,PfkB,2.A.23,CBM32,PL2_1,1.B.35,GGDEF|EAL,GH8,4.D.3,3.A.1,3.A.1,3.A.1,3.A.1,1.B.20,1.C.75,2.A.1
CBM50,2.A.25,1.A.23,3.D.10,3.D.10,2.A.7
AA7,1.B.11,2.A.109
2.A.37,2.A.37,3.A.1,GT2,3.A.1,3.A.1,3.A.1,2.A.76
1.B.22,GT51
9.A.8,9.A.8,9.A.8,Pribosyltran,GH77,GT35,GerE,Rhodanese,9.B.104,DeoRC|HTH_DeoR,2.A.1
9.B.186,GH13_19,Aminotran_1_2,2.A.81
GT2,GT30,GT9,GT9,Aminotran_1_2,1.A.34
1.I.1,3.A.6,9.B.146,GT0,Aminotran_1_2,2.A.66,GT56,9.B.128,GT26,2.A.3
1.B.20,GT41
3.D.5,3.D.5,3.D.5,3.D.5,3.D.5,3.D.5,3.D.5,LysR_substrate|HTH_1,AA10,1.E.5
2.A.26,2.A.3,CBM34|GH13_21
GT4,GT2,PfkB,2.A.37,3.A.3,MerR,8.A.21,3.A.1,3.A.1
8.A.5,GH3,9.B.8,9.B.8,1.B.12
