2.A.66,GH102,AraC_binding,2.A.9
1.A.23,GT4,1.A.8
4.F.1,GT4,3.D.10
AA3_2,1.B.14,2.A.1,MarR,4.C.1,4.C.1
9.B.146,2.A.103,GT28
4.C.1,GT51,9.A.40,GT4
GT81,8.A.7,1.B.14
2.A.4,2.A.6,2.A.6,2.A.6,HTH_18,1.B.14,2.A.1,Hemerythrin,LysR_substrate|HTH_1,GH3,2.A.2,TetR_N,1.B.14,2.A.63,2.A.63,2.A.63,2.A.63,2.A.63,2.A.63,HTH_3,1.B.14,2.A.120
AA3_2,1.B.14
3.A.1,3.A.1,Peripla_BP_2,1.B.14,1.E.54,GH108
2.A.1,2.A.6,2.A.6,GT4,HTH_3,3.A.1,Hemerythrin,1.B.14,9.B.14,9.B.14,2.A.72
GT0,8.A.3,9.B.18
2.A.16,NTP_transf_2,Sigma70_r4_2,GH103
GH23,3.A.1,3.A.1,1.A.1
4.F.1,1.A.26,2.A.64,GH3
2.A.21,GH23
9.B.153,GT51
2.A.1,HTH_8|Response_reg,HisKA|HATPase_c,3.D.4,3.D.4,3.D.4,3.D.4,2.A.1,AsnC_trans_reg|MarR,GT87
1.B.14,GH29,LysR_substrate|HTH_1,4.C.1,1.B.14,2.A.1,9.B.125
PL0,Glyoxalase,Glyoxalase,3.A.1,2.A.1,2.A.1,1.B.17
GH130,GT4,9.B.8,3.D.4,cNMP_binding|Crp,9.B.62,Response_reg|Trans_reg_C,HisKA|HATPase_c,4.A.6
3.A.7,GH23
1.B.14,GT51,2.A.3,2.A.1,3.A.9
GH1,2.A.1,TetR_N,1.B.14,1.B.14
1.A.11,AA3_2
GT4,GT4,GT4,GT26,9.B.18,8.A.3
GT51,NIR_SIR|NIR_SIR_ferr,2.A.1
GT51,3.A.25
