GT4,GT2,GT89,CE1,CE1,CE1,CE5,4.C.1,3.B.1,GT53,GT53,HTH_3,1.B.24,GT85
GT2,GT2,GT83,GT2,3.A.1
9.B.143,CE1,Aminotran_1_2,3.A.1,HhH-GPD,1.A.11
3.A.1,3.A.1,3.A.1,GH13_30,LacI|Peripla_BP_3,3.A.1,Glucokinase,Whib,9.B.106,GerE,2.A.86,2.A.53,ACT,2.A.116,9.A.25
3.A.1,3.A.1,LacI|Peripla_BP_3,GH15
9.B.35,2.A.40,HTH_3,2.A.39,GntR,CE4
GH13_33,9.A.25,9.B.51,2.A.66,3.A.9
2.A.39,GntR,PadR,GT87
GT20,3.A.1,3.A.1,GGDEF|PAS,4.C.1,2.A.79
2.A.7,PAX,Trans_reg_C|Response_reg,HATPase_c|HisKA,GT2,GT83
3.A.1,3.A.1,2.A.1,CE1,9.B.55,CSD,2.A.1
2.A.1,2.A.86,Citrate_synt,HATPase_c|HisKA,Trans_reg_C|Response_reg,1.A.23,2.A.1,TetR_N,CE1
2.A.1,MarR,HTH_5,Rhodanese,GH65,9.B.18,GT4,GT2,GT4,4.C.1,2.A.109
9.B.97,9.B.18,9.B.18,GT26
3.A.1,HTH_DeoR|DeoRC,GH42,SBP_bac_1,3.A.1,3.A.1,GH36,1.A.33
4.C.1,5.B.1,CE1,3.A.9,Pribosyltran,2.A.1
GH76,9.B.10,9.B.27,9.B.27,2.A.4,HTH_11,2.A.1
2.A.15,GT39
3.A.1,3.A.1,GH23|CBM50,GH23|CBM50,CSD,HTH_11,2.A.23
9.B.18,9.B.34,2.A.108,2.A.108,GH23
GH23,CE14,1.C.113
2.A.49,3.D.1,3.D.1,3.D.1,3.D.1,3.D.1,3.D.1,3.D.1,3.D.1,3.D.1,3.D.1,3.D.1,3.D.1,3.D.1,MarR,GT87,NUDIX,3.A.1,CE14
4.C.1,2.A.3,4.C.1,GT81,GT5,Sigma70_r2|Sigma70_r4_2,2.A.64,3.A.1,GH23,GH23,CBS,3.A.1,3.A.1,3.A.1,3.A.1,2.A.1,1.A.35,3.A.1,3.A.1,3.A.1
4.C.1,Pribosyltran,1.I.1,GH13_16,3.A.1,4.C.1,3.A.1,3.A.1
GT2,2.A.3,2.A.1,4.C.1,HATPase_c,GerE|Response_reg,TetR_N,3.B.1,4.C.1,4.C.1
3.D.4,ACT,CBM48|GH13_11,3.A.1
GT1,3.A.1,3.A.1,3.A.1,3.A.1
5.A.3,GT87
4.F.1,GT4
3.A.1,3.A.1,GT51,Glyoxalase,1.A.33,HTH_5,Pyr_redox_2,3.A.1,3.A.1
4.C.1,4.C.1,GT2
GT2,2.A.64
GH1,2.A.76,3.D.10,NUDIX,TetR_N,9.B.148
CBM48|GH13_11,GH13_26,TetR_N,GH13_10,2.A.1
GT28,2.A.103,9.B.146
9.B.106,GT87,Glucokinase,3.A.4,4.C.1,GT4
3.A.1,3.A.1,3.A.1,3.A.1,1.E.22,GH15,1.A.8
GH13_30,3.A.1,9.B.62
3.A.1,9.B.110,GT35,GH13_3,CBM48|GH13_9,HTH_IclR|IclR,2.A.1
9.B.158,CE9,8.A.7,8.A.8,4.A.1,4.A.1,4.A.1,GntR,1.B.77
9.B.106,2.A.33,GH43_23
AA3_2,3.A.1,3.A.1,3.A.1,GT53,2.A.39
AA3_2,2.A.15
AA3,8.A.5
4.C.1,GT4,2.A.1,CE14
9.B.51,CE1,2.A.1
9.B.106,AA3_2,3.A.1,3.A.1,3.A.1,3.A.1
2.A.8,CBM2,HTH_IclR|IclR,2.A.1,2.A.3
GT4,Crp|AsnC_trans_reg,2.A.78,2.A.78
GT51,3.A.1,3.A.1,3.A.1,3.A.1
2.A.1,GerE|Response_reg,GAF|HATPase_c,GH88
GT1,GH25,HTH_3,2.A.3,GH63,2.A.3,HMA,3.A.3,3.A.3
AA2,9.B.106,2.A.3,4.C.1,TetR_N,2.A.1
2.A.37,3.A.3,9.A.40,CBS,2.A.109,HTH_11,CE5
CE5,3.A.7
