GT83|GT83,HEM4,3.A.1,3.A.1,9.B.106
9.B.106,GT51,9.A.15
9.B.153,CE1
CBM9,3.A.20,CbiA,9.B.125
3.A.1,NUDIX,FHA,CBM50,TPR_2,3.A.23,9.B.106
3.A.1,3.A.1,3.A.1,GT51,HTH_5,5.B.3
GH13_16,1.I.1,3.A.15
1.A.105,GT20,PL9_4,LacI|Peripla_BP_3,1.A.26
GH31,1.B.17,9.B.62
PL1_2,9.B.106,3.A.2
3.A.1,3.A.1,GH5_19
2.A.95,PAS,HTH_18,8.A.43,2.A.1,Pyr_redox_2,CBM2|GH10
9.B.106,HTH_1|LysR_substrate,STAS|PAS,GH67
CBM13|GH152,GH0,8.A.5,GH26,9.B.147,STAS|PAS,1.B.14,Response_reg,HATPase_c,3.A.1,2.A.21
9.B.18,GT4
GH12,CBM2,NUDIX,2.A.1
3.A.10,GH30_5
GT2,2.A.50
1.I.1,GH23
GH105,3.A.1,3.A.1,3.A.1,3.A.1
1.A.13,GT4,Pkinase,GT4,GT4
3.A.3,3.A.3,3.A.3,HATPase_c|HisKA,Response_reg|Trans_reg_C,GH43_15|CBM6
2.A.1,CBM2
GH5_2,3.A.23,2.A.21,2.A.1,GH43_5,Sigma70_r4_2|Sigma70_r2,CBM2|PL11
8.A.59,9.B.153,FecR,Pkinase,CBM13|CE1,AraC_binding|HTH_18,GT2
CBM13,Sigma70_r4_2|Sigma70_r2,1.A.87
GH23,AraC_binding,Pkinase,Pkinase,9.B.106
GH57,2.A.6,2.A.6
9.B.146,2.A.103,GT28
9.B.106,GT1,CE15,CE1,2.A.1
1.A.8,3.A.1,GH43_29|CBM6,CBM13|GH10,CBM13|GH62
GH43_16|CBM6,3.A.1,3.A.1,3.A.1,3.A.1,HTH_8,8.A.59,2.A.21
1.A.46,CBM4|GH9,9.B.140
3.A.1,3.A.1,GH31,GH3,1.B.14,Pkinase,9.B.102,9.B.102,TetR_N,CE1,CE3
GH43_26,GH43_20,NUDIX,STAS|PAS,Sigma70_r2,3.A.1,3.A.1,3.A.1
1.A.11,HTH_5,GH77,CBM48|GH13_11,3.A.1
2.A.16,GH13_26,GH13_10,2.A.21,3.A.3
GH133,FHA,3.A.3
GT51,3.B.1
GH3,8.A.5,Sigma70_r4|Sigma70_r2|Sigma70_r3,9.B.106
GH18,4.A.1,4.A.1,CE9,SIS,GH20
3.A.23,GH152
CBM13,STAS,9.B.106,9.B.15
9.B.104,Glyoxalase,B12-binding,GH11
CBM2|CBM63,V4R|STAS,3.A.23,9.B.106
9.B.106,GH5_10
2.A.1,CE1,2.A.6,4.F.1
GT89,Pyr_redox_2,3.A.23
1.A.14,GH5_5,5.A.3,3.A.23
GH43_29,Aminotran_1_2|GntR,3.A.23
CE6,9.B.15
2.A.63,2.A.63,2.A.63,2.A.63,2.A.63,GT20,9.B.145,HTH_1|LysR_substrate,2.A.33
GH115|GH115,HTH_1|LysR_substrate,GH5_53,HTH_18,8.A.5,Sigma70_r4_2|Sigma70_r2,FecR,3.A.1,3.A.1,3.A.1,3.A.1,GH10,HTH_18,9.B.106
2.A.1,3.A.23,9.B.106,2.A.56,2.A.56,2.A.56,2.A.1,PfkB,AraC_binding,PL10_2,PL1,1.A.87
3.A.23,GGDEF,HD,PL3_5,PL1_2,Response_reg,CheB_methylest|Response_reg,Response_reg|CheW|HATPase_c,1.B.52,CheW,CheR|TPR_2,CheW,SBP_bac_3,2.A.16,9.B.153,HATPase_c|HisKA|PAS,2.A.20
9.B.153,3.A.1,3.A.23,3.A.1,GH31,HTH_1|LysR_substrate,8.A.5,Aminotran_1_2|GntR,GH1,3.A.1,3.A.1,3.A.1,3.A.1
1.I.1,GH44,GH10
GT4,9.B.18
1.I.1,GH23,MarR,4.F.1
1.A.33,2.A.69,STAS|Response_reg,9.B.106,CBM13,2.A.7,2.A.6,2.A.6,2.A.6
2.A.1,HTH_DeoR|DeoRC,9.B.106,Pkinase,3.A.23,2.A.77,3.A.3,GH43_24|CBM13
2.A.21,HATPase_c|Response_reg|HisKA,GH15|CBM20,3.A.1,3.A.1,3.A.1,STAS|Pkinase|GAF,3.A.1,3.A.1,3.A.1,3.A.1
3.A.23,GH114,HTH_1|LysR_substrate,9.B.106,1.I.1,1.A.23,GH115
CBM2,HTH_18,TetR_N,2.A.1,STAS|Pkinase|GAF,2.A.1,4.C.1,STAS|PAS,GerE,CE1,3.A.20
4.C.1,2.A.1,1.B.14,GT4,GT4
GH1,8.A.5
GT4,GT4,1.A.23,3.A.15,1.A.30,1.A.30,1.A.30,1.B.14
GH3,3.A.15,GH1,3.A.1,3.A.1,3.A.1,3.A.1,3.A.1
2.A.66,CBM13
GT35,3.A.9
3.A.23,Response_reg,HATPase_c,GT51
1.B.3,Pyr_redox,Response_reg,CBM48|GH13_9
CBM2|CE15,TetR_N,9.B.106,9.B.106
GH52,3.A.1,STAS,GH26,3.A.1,3.A.1
GH1,GH2,GT4,3.A.23,3.A.23,3.A.23,3.A.23,GH23
3.A.23,GH43_12
3.A.23,GH13
3.A.1,Sigma70_r4_2|Sigma70_r2,CBM3,HTH_18,STAS|Pkinase|GAF,GH8,GH43_24
CE12,Guanylate_cyc|Pkinase,3.A.23
GH3,3.A.1
1.I.1,3.A.23,3.A.23,CE3
4.C.1,GH43_29|CBM6
9.B.186,1.I.1,GH9
GH10,HTH_1|LysR_substrate,8.A.5
9.B.31,GH8,Sigma70_r4_2|Sigma70_r2,3.A.1
GH5_17,CE2,Peripla_BP_1,3.A.1,3.A.1,3.A.1,GT4
3.A.1,3.A.23,GT2
1.B.14,PL1_11,PL10_1,GH43_9
2.A.7,PL1_2,9.B.106,2.A.1,3.A.1,3.A.1
PL1,GH5_7,3.A.1,2.A.21
9.A.8,4.A.2,GH9
GH94,9.B.153,9.A.41,Rhodanese,3.A.23
1.A.1,TPR_2,Pkinase,Pkinase,GH44,1.I.1
9.A.15,3.A.23,CBM2|GH11,GH11,GH13
9.B.106,3.A.23,GH3
3.A.1,3.A.1,STAS|PAS,HTH_1|LysR_substrate,2.A.21,3.A.23,Response_reg,3.A.9,HTH_18,8.B.9,PL9_4,1.A.22
8.A.59,GH16_3|CBM61,2.A.1,GT2,5.B.3,9.B.106
2.A.49,Response_reg,GH81
2.A.12,GH133,GH13_10,3.A.1,3.A.1
8.A.3,GT4,PL12_3,9.B.146,MerR,9.A.41
GT2,1.E.43,8.A.21,2.A.1
3.A.1,AAA,PALP,3.A.1,GT2,1.A.11
5.B.3,GT87
3.A.1,3.A.1,4.C.1,4.C.1,3.A.1,1.A.30,1.A.30,1.B.14,2.A.66,GH3,CBM2|CE3
GH35,3.D.9,3.D.1,3.D.1,8.A.59
3.A.1,3.A.1,3.A.1,GH13_1,1.I.1
GT2,GH62,LysR_substrate,Nitroreductase,3.A.23,CBM13|CBM13|GH10
9.B.1,3.A.1,9.B.149,GH15
1.A.26,MerR,GT2,Response_reg,3.A.1,3.A.1,3.A.1
GH6,Pkinase,2.A.113,9.B.10
1.B.14,3.A.3,2.A.6,2.A.6,1.B.76,TetR_N,3.A.3,3.A.23,2.A.21,2.A.6,9.A.40,2.A.1,GH43_36
9.B.34,3.A.23,HATPase_c|GAF|HisKA|PAS,2.A.21,CE4,2.A.50
CBM2|GH62,HTH_1|LysR_substrate,2.A.1,8.A.5,GH16_25
3.A.1,GH5_55
3.A.9,GH18,Response_reg,9.B.147
CE6,2.A.1,3.A.1,3.A.1,3.A.1,3.A.1,GH10,5.A.3
3.A.5,CBM9,3.A.1,3.A.1
GH3,3.A.1,3.A.1
3.A.1,3.A.1,Peripla_BP_1,GH114
9.B.106,GT4,3.A.23,9.B.106
GH11,STAS|Peripla_BP_3,GH0,B12-binding,GT0,8.A.5,GH5_4
2.A.51,Sigma70_r4_2,GT21
