2.A.1,2.A.21,3.A.23,9.B.34,3.A.1,3.A.1,3.A.1,3.A.1,3.A.1,HTH_1|LysR_substrate,2.A.49,GH135,1.B.4,2.A.55,HisKA|HATPase_c,GerE|Response_reg,2.A.6,2.A.6,2.A.6
GH5_5,2.A.66,4.C.1
3.A.23,9.B.153,9.A.31,2.A.1,GH13_26,GH77,GH13_10,GH13_11,GH13_16,GH13_3|GH13_3,GT5,1.B.14
GH37,CBM32,2.A.3,GT41,2.A.3
1.B.17,1.B.17,2.A.6,2.A.6,MCPsignal,GT2,GT0,1.A.23
2.A.76,HTH_7,AAA,GH6|CBM2,2.A.3,2.A.6,TetR_N,2.A.6,2.A.1,9.B.62,9.B.62,1.B.76,9.B.62,Trans_reg_C|Response_reg,HisKA|HATPase_c,3.A.3
3.D.4,3.D.4,HTH_11,HTH_DeoR|DeoRC,GH33
3.D.4,9.B.34,2.A.6,2.A.6,2.A.6,8.A.1,Trans_reg_C|Response_reg,HisKA|HATPase_c,GT83,GerE,2.A.8
9.B.34,TOBE|HTH_1,3.A.1,3.A.1,GerE,GerE,3.A.1,HTH_5,Glyoxalase,1.A.8,HTH_1|LysR_substrate,2.A.75,1.B.17,2.A.6,2.A.6,HTH_1|LysR_substrate,GH103,MarR,GT20
2.A.52,3.A.1,3.A.1,GT9,9.B.97
2.A.1,GH28,2.A.1
GH28,3.A.12
2.A.49,GH88,2.A.1,3.A.25,9.B.104,9.B.18,Aminotran_1_2,9.B.18,GT4,PL12,2.A.66,GT0,8.A.3,1.B.18
1.B.14,PfkB,4.A.1,1.B.3,GH32,4.A.1
3.A.6,3.A.6,GT32,4.D.1
9.B.34,3.A.6,3.A.6,3.A.6,3.A.6,9.B.143,GH73
3.A.3,MerR,AA3_2,3.A.1,3.A.1,3.A.1,2.A.102
9.B.34,9.B.105,MarR,GH166,dCache_2|MCPsignal,2.A.1,HTH_3,3.A.23
5.A.1,9.B.14,Sigma70_r2|Sigma70_r4_2,2.A.1,9.B.21,GT51,1.B.22,SKI,HD,1.B.39,GATase_2,Pyr_redox_2,3.A.1,3.A.1,3.A.1,3.A.1,STAS,3.A.1,3.A.1
2.A.64,3.A.1,3.A.1,HisKA|HATPase_c,Trans_reg_C|Response_reg,SBP_bac_1,1.B.1,1.A.22,3.D.3,3.E.2,3.D.3,1.A.12,HTH_1|LysR_substrate,HisKA|HATPase_c,1.B.14,1.B.14,FecR,Sigma70_r2|Sigma70_r4_2,3.D.4,3.D.4,3.D.4,3.D.4,3.A.1,GT2
GH102,3.A.1,3.A.1,3.A.1,3.A.1,3.A.1,3.A.1,4.A.2,PfkB,4.A.2,LacI|Peripla_BP_3,5.A.3,4.C.1,2.A.1,1.B.1
9.B.146,2.A.103,GT28
CE11,1.A.34,3.A.5
GH23,2.A.95,Pribosyltran,3.A.5,9.B.14,2.A.21,3.A.23,2.A.7
GT51,PL3_1,1.A.35,2.A.4
9.A.40,GH166,GT4,2.A.66,Pyr_redox,3.A.1,3.A.1,3.A.1,3.A.1,3.A.1
3.A.1,3.A.1,3.A.1,3.A.1,3.A.1,HTH_1|LysR_substrate,GH114
9.B.67,GT2,GT2,GT2,3.A.1
1.B.1,CE4,2.A.40,GntR,9.B.35,9.B.43
3.A.1,HTH_1,3.A.1,2.A.76,TetR_N,GT4
GH23,4.C.1,2.A.76,9.A.55,3.A.1,3.A.1,3.A.1,3.A.1
4.C.1,3.A.1,3.A.1,3.A.1,GH28,2.A.3,2.A.3
9.B.20,MCPsignal,GH15,3.A.1
GT19,1.B.33
GT83,2.A.7,GT2
1.A.14,Sigma70_r2|Sigma70_r4|Sigma70_r3,CBM50,TetR_N,3.A.1,3.A.1,SBP_bac_3,HTH_1|LysR_substrate,1.B.4
1.B.1,1.B.1,GH31,2.A.1
4.F.1,GT104,GH3
2.A.14,GH23,HATPase_c,3.A.1,3.A.1,2.A.49,1.I.1,2.A.109
3.A.1,3.A.1,3.A.1,GH103
CBM63,HxlR,2.A.76
1.I.1,4.C.1,TPR_2,Hemerythrin,AA2,9.B.121
2.A.6,GT30,GT9
3.A.7,CbiA|Response_reg,9.A.47,GT2
2.A.7,GT9
4.C.1,SKI,9.B.102,9.B.102,GT2
2.A.6,CE4
1.E.40,GH23,HD,3.A.1
2.A.21,2.A.76,CBM50,3.A.11,3.A.7,HTH_1|LysR_substrate,4.C.1,2.A.103,9.B.157,9.B.157
