GH1,4.A.3,4.A.3,GH53|CBM61
GH73|CBM50|CBM50,3.A.1,3.A.1
4.A.3,4.A.3,3.A.1,3.A.1,SBP_bac_1,9.B.28,8.A.59,HTH_18|Response_reg,GH92,Peripla_BP_3|GntR,GH125,GH38,GT51,3.A.1,CE12,Peripla_BP_3|LacI,HTH_18,3.A.1,3.A.1,SBP_bac_1,GH105,GH28,CE8,GH43_11,2.A.2,GH28
GH51,SBP_bac_1,3.A.1,3.A.1,GH51,GH43_26,Peripla_BP_3|GntR,2.A.1
3.A.1,3.A.1,3.A.1,GH1,3.A.12,3.A.1,3.A.1,3.A.1,3.A.1,3.A.1,NUDIX,2.A.3,2.A.88,3.A.1,3.A.1,3.A.1,3.A.1,AAA|HTH_11,4.A.6,4.A.6,4.A.6,4.A.6
3.A.1,3.A.1,GH88,GH154,GH88,3.A.1,HTH_DeoR,LytTR|Response_reg,3.A.1,2.A.79,2.A.79
GT51,2.A.55,3.A.1,3.A.1,4.A.1,HTH_6|SIS,GH4,GH1
2.A.2,GH3,GH2
2.A.86,MarR,Glyoxalase,CBM34|GH13_20,3.A.1,3.A.1,3.A.1
GH13_31,3.A.1
4.A.7,GH78,2.A.1,HTH_18|AraC_binding,3.A.7,Glyoxalase,3.A.1,3.A.1,3.A.1
GT51,HhH-GPD,2.A.1,MarR,Pyr_redox_2,FUR,PALP,GH73
2.A.40,Pribosyltran,3.A.1,3.A.1,SBP_bac_1,GH73,2.A.85
GH1,4.A.3,GntR,Glyoxalase,4.A.5,4.A.5
4.A.3,4.A.1,GH4,4.A.1
GT4,GT4,8.A.7,PTS-HPr,3.A.9,Trp_repressor,9.A.40,2.A.86,HhH-GPD,AA10
9.B.18,GT14,GT4,GT2,9.B.18,GT2|GT2,3.A.1,3.A.1
GT2,9.B.126
9.A.4,YL1,GT28,9.B.146
9.B.211,2.A.7,3.A.1,2.A.3,4.A.1,SIS,3.A.1,2.A.3,2.A.35,3.A.1,3.A.1,3.A.1,3.A.3,GH1
GH1,4.A.1
1.B.42,3.A.1,3.A.1,3.A.1,2.A.103,HTH_1|LysR_substrate,2.A.98,GT2,3.A.7,TetR_N,2.A.1,Aminotran_1_2,2.A.3,2.A.1,Pribosyltran,PL9_1
9.B.14,LytTR|Response_reg,3.A.1,2.A.86,GH13_29,3.A.1,Peripla_BP_3|LacI,PfkB,4.A.1,GH73,3.A.1
4.A.1,GH65
GH1,4.A.1,HTH_11,GH1,GH13_31,2.A.40
4.A.3,4.A.3,GH1,4.A.3,GntR,8.A.5
2.A.56,2.A.56,2.A.56,GH105,3.A.3,3.A.1,3.A.1,3.A.1,3.A.1,2.A.3,9.B.74,3.A.18
2.A.122,3.A.1,3.A.1,TetR_C|TetR_N,CE1,2.A.1
2.A.1,PadR,3.A.1,Nitroreductase,MarR,GH73,HTH_1|LysR_substrate,4.A.1
GH23,2.A.1,GH73
3.A.11,GH65,3.A.1,3.A.1,3.A.1,GH13_18,Peripla_BP_3|LacI,3.A.1,3.A.1,3.A.1,HTH_11,2.A.87
GH73,3.A.7,3.A.7,3.A.7,3.A.7
4.A.1,GH32
GH1,4.A.1,3.A.23
