GH31,2.A.2,2.A.2,1.B.35
GH2,CSD,1.B.52,9.B.20,3.A.3,FlhD,FlhC,1.A.30,1.A.30,CheW|H-kinase_dim|HATPase_c|CheY-binding,CheW,1.B.52,1.B.52,CheR|CheR_N,Response_reg|CheB_methylest,Response_reg,CheZ,3.A.6,3.A.6
GH73,3.A.6,3.A.6,3.A.6,3.A.6,3.A.6,3.A.6,3.A.6,3.A.6
3.A.1,3.A.1,3.A.1,2.A.21,2.A.108,2.A.108,2.A.108,AA6,2.A.3,GH13_5,Response_reg|GerE,4.F.1
1.A.12,9.B.34,GAF,9.B.174,9.B.1,2.A.1,PL22|PL22,IclR|HTH_IclR,2.A.23,1.B.35,3.A.1,3.A.1,3.A.1,3.A.1,PL2_2
3.A.1,3.A.1,3.A.1,3.A.1,GH23,2.A.95,9.B.120
3.A.1,3.A.1,Aminotran_1_2,GT2,GT83,2.A.7,3.A.1,1.B.14,8.A.7,2.A.86,3.A.1
4.A.1,Aminotran_1_2,2.A.28,HTH_18|AraC_binding,3.A.1,3.A.1,3.A.1,GH1,3.A.1,8.A.1,3.A.1,3.D.6,3.D.6,3.D.6,GyrI-like|HTH_18,3.D.6,3.D.6,3.D.6,HhH-GPD,2.A.114
9.B.99,2.A.7,9.B.34,2.A.1,Pyr_redox,GntR,2.A.34,5.A.2,GH103
4.C.1,2.A.7,2.A.7,SIS|HTH_6,CBM50,3.A.1,3.A.1,3.A.1,2.A.17
3.A.4,HTH_5,CBM50,3.A.1,3.A.1,3.A.1,GntR,1.B.1
3.D.4,HATPase_c,2.A.1,2.A.19,GT2,CE4|GH153,1.B.55
2.A.3,Glyoxalase,9.B.34,Response_reg|HisKA|HATPase_c|PAS|CHASE,GH2,GT2,HATPase_c,STAS,Response_reg|SpoIIE,GT35,2.A.1
1.E.2,1.E.5,Trans_reg_C,LacI|Peripla_BP_1,GH32,2.A.1,9.B.67
3.A.1,3.A.1,3.A.1,Pyr_redox_2,GH3,4.A.1
2.A.86,Rhodanese,GerE,2.A.1,2.A.17,GT2,2.A.36,Autoind_bind|GerE,1.A.23
2.A.37,PfkB,GT4,9.B.18,9.B.146,GT4,GT4,GT2,2.A.66
2.A.6,2.A.6,3.A.5,1.E.53,CBM34|GH13_21,2.A.3,2.A.26
3.D.5,3.D.5,3.D.5,3.D.5,3.D.5,3.D.5,3.D.5,SIS,GT41,1.B.20
GT19,1.B.33
GH102,3.A.7
GH105,2.A.2
2.A.1,GH31
1.A.12,9.B.160,EPSP_synthase,3.A.1,3.A.1,3.A.1,3.A.1,3.A.1,2.A.19,SIS|CBS,1.B.42,1.B.42,1.B.42,4.A.2,PTS-HPr,GH13_29,4.A.1,LacI|Peripla_BP_1,3.A.3
9.B.21,HEM4,TPR_2,2.A.3,GT26,9.B.128,GT56,2.A.66,Aminotran_1_2,GT0,9.B.146,3.A.6,1.I.1,1.B.11,8.B.24
1.A.34,Aminotran_1_2,GT9,GT9,GT30,GT2
1.B.12,2.A.3,Response_reg|GerE,HATPase_c|MASE1,2.A.1,3.A.1,3.A.1,3.A.1,3.A.1,3.A.1,CbiA,GT2,4.D.3,GH8,1.B.55,EAL,2.A.23,PfkB,EAL,9.B.121,9.B.126,1.B.12
2.A.8,SKI,2.A.95,3.A.1,3.A.1,HTH_1|LysR_substrate,9.B.33,CBM48|GH13_9,GH13_11,GT5,GT35,DeoRC|HTH_DeoR,9.B.104,Rhodanese,GerE,GT35,9.A.8,9.A.8,9.A.8
GT51,1.B.22
1.A.16,NIR_SIR_ferr|NIR_SIR|Pyr_redox_2,2.A.1,1.B.14,LacI|Peripla_BP_3,GH4
2.A.76,GT9,GT2,3.A.1,2.A.37,2.A.37
2.A.7,3.D.10,3.D.10,1.A.23,2.A.25,CBM50
3.A.1,3.A.1,3.A.1,3.A.1,Crp,GT9,9.B.67,2.A.3,2.A.6,2.A.6
8.A.7,GT0,HTH_8|PAS|GAF,LacI|Peripla_BP_1|Peripla_BP_3,GH32,4.A.1,1.B.3,PfkB,9.B.34,HTH_1|LysR_substrate,8.A.5
2.A.7,3.A.1,3.A.3,GH23
9.B.146,2.A.103,GT28,CE11,3.A.5,NUDIX,3.A.15,3.A.15,9.B.125,1.B.54,GH43_26,2.A.2,2.A.3
GT51,3.A.1,3.A.1,3.A.1,2.A.1,2.A.49,1.A.62,3.A.1
CBM50,Sigma70_r3|Sigma70_r4|Sigma70_r2,1.C.80,1.B.11
GT2,2.A.6
1.B.12,GH23
1.A.28,2.A.52,1.A.1,4.A.3,4.A.3,GH1,4.A.3
4.A.1,9.B.8,GH23,PfkB,HisKA|HATPase_c,3.A.23,9.B.118
9.A.41,GT51,1.C.73
3.A.1,3.A.1,3.A.1,GH103,2.A.3,TetR_N,2.A.1,3.A.1,3.A.1,Aminotran_1_2,2.A.35
CE9,4.A.1,1.B.25,GH20,FUR,1.B.52,2.A.7,Trans_reg_C|Response_reg,HisKA|HATPase_c,3.A.3,3.A.3,3.A.3
1.E.43,3.A.1,3.A.1,3.A.1,3.A.1,Rhodanese,3.A.1,3.A.1,3.A.1,3.A.1,2.A.7,1.B.1,1.A.8,Glycos_trans_3N,3.A.1,3.A.1,3.A.1,2.A.7,1.B.6,3.A.1,CBM5,2.A.1,3.A.1
2.A.1,9.B.169,LacI|Peripla_BP_3,3.A.1,3.A.1,3.A.1,3.A.23,3.D.1,3.D.1,3.D.1,3.D.1,3.D.1,3.D.1,3.D.1,3.D.1,3.D.1,3.D.1,3.D.1,9.B.114,2.A.122,1.E.14,2.A.1,Peripla_BP_1,3.A.1,9.B.22,2.A.61,2.A.109,AraC_binding,3.A.1,3.A.1,GT4
GT60,3.A.23,3.A.23,1.B.11,3.A.23,3.A.23,3.A.23,3.A.23,2.A.66
