8.A.5,GH125,LacI|Peripla_BP_1,SBP_bac_1,3.A.1,3.A.1,GH76,GH0|GH38
GH30_3|CBM13,GerE,Aminotran_1_2,4.C.1,4.C.1
GH13_30,2.A.6
8.A.5,GH10
AA3,3.A.1
3.D.10,3.D.10,GH20
2.A.76,TetR_N|TetR_C,GT2,GT2,3.A.1,3.A.1,3.A.1,3.A.1,3.A.1,Glycos_trans_3N,2.A.69,Sigma70_r4_2|Sigma70_r2,2.A.1
3.A.1,3.A.1,CE14,TetR_N,1.C.113
2.A.8,2.A.55,Sigma70_r4_2|Sigma70_r2,CBM16|GH18,CbiA|Response_reg,9.A.47
2.A.86,HTH_1|LysR_substrate,3.A.1,PadR,GT51,SpoIIE,CBM12
CE14,3.A.1,3.A.1
GT4,GH135,3.A.25,2.A.1
9.B.146,1.A.77,3.A.2,3.A.2,3.A.2,3.A.2,CBM2|GH18
2.A.23,MerR,CBM48|GH13_9,GH13_16,GT35,1.B.77,3.A.1,3.A.1,3.A.1,3.A.1,3.A.1,HATPase_c,GerE|Response_reg,CBM48|GH13_11
3.A.1,3.A.1,3.A.1,CBM16|GH18
2.A.1,3.A.1,DeoRC|HTH_DeoR,2.A.1,GntR,3.A.1,3.A.1,GH43_10,SBP_bac_1,PL1_6,CE8,2.A.40
GH15,Sigma70_r4_2,2.A.21,2.A.7,2.A.7,2.A.21
3.A.1,3.A.1,3.A.1,1.C.109,GT4,HTH_8,GH15,CbiA,NUDIX,3.D.2
GT76,2.A.1
4.F.1,GT4
2.A.3,AsnC_trans_reg,CE4|GT2,2.A.1,HxlR,GH6,2.A.40,2.A.1
9.A.40,9.A.40,3.A.24,TetR_N,GH18,AsnC_trans_reg|HTH_11,GT2,2.A.1,2.A.115
1.A.8,NUDIX,GH31,8.A.7,4.A.1
GT2,2.A.66,PIG-L,GT4,9.B.102,PL12_3,GT4,9.B.18,GntR,3.A.1,3.A.1,3.A.1,GH3
GH39,CBM32|GH92,3.A.1,3.A.1,3.A.1,HTH_IclR,3.A.1,3.A.1,3.A.1,2.A.76,2.A.3
3.A.1,3.A.1,LacI|Peripla_BP_3,GH43_12
GT2,Trans_reg_C|Response_reg,HisKA|HATPase_c,HisKA|HATPase_c,Trans_reg_C|Response_reg,3.A.1,3.A.1,3.A.1
GH13_10,FHA,GH13_26,GH13_11,3.A.1,3.A.1,2.A.6,3.A.1
CBM2,TetR_N,9.B.15
2.A.40,GH25
2.A.39,3.A.1,3.A.1,3.A.1,3.A.1,GntR,CE7,GH33,GH84|CBM32
8.A.21,2.A.36,GH2|GH2
1.A.33,HTH_3,HTH_3,CBM2|GH48,CBM2|GH6,4.C.1,HTH_1|LysR_substrate,2.A.28,3.D.1,3.D.1,3.D.1
3.A.1,3.A.1,3.A.1,CBM6
2.A.1,3.A.1,3.A.1,3.A.1,GH1
2.A.15,HD,4.F.1,GT4
3.A.1,3.A.1,3.A.1,GH13_30,GH87,3.A.1,3.A.1
CBM32|CBM6,3.A.1,Whib,3.A.1,3.A.1
2.A.3,2.A.15,Pyr_redox,3.A.1,HATPase_c,NUDIX,2.A.4,GT2,3.A.1
GH23|CBM50,CSD,1.I.1,CBS,MerR,2.A.1
GH11,CE4,LacI|Peripla_BP_3,3.A.1,3.A.1,3.A.1,GH3
2.A.1,3.A.1,3.A.1,TetR_N,CBM13|GH62,GH10|CBM13,GH3,3.A.1,3.A.1,Peripla_BP_2,GH23|CBM50,2.A.7,GT4,GH2
2.A.3,CE4,GerE|TrmB,2.A.7,9.B.34,HTH_1|LysR_substrate,3.D.10,3.D.10,3.D.10
8.A.5,GAF|PAS|SpoIIE,CBM4|GH9,PSK_trans_fac,CBM13
CBM32|GH55,3.A.1,3.A.1,3.A.1,GH42,3.A.1,3.A.1,3.A.1,LacI|Peripla_BP_3,1.I.1,GH5_2,GH31,3.A.1,GH1,SpoIIE,IclR|HTH_IclR,GH92,CBM3|GH16,GntR,GH64,2.A.86,4.C.1,CBM13|GH55,HxlR,AA10|CBM2,LacI|Peripla_BP_3,GH146|CBM13,Glyoxalase,HTH_5,3.A.1,2.A.109
3.A.1,3.A.1,3.A.1,GH1
3.A.1,CBM67|CBM67|GH78,SpoIIE,CBM32|GH2,TrmB,SBP_bac_1,3.A.1,GH27|GH27|CBM35,GH95,3.A.5
GH36,3.A.1,3.A.1,SBP_bac_1,GH27|CBM51,MerR,GerE|Response_reg,HATPase_c,9.B.27
GT28,2.A.7,CE4,GT84,GH1,3.A.1,3.A.1,3.A.1
GH3,3.A.1,3.A.1,3.A.1,LacI|Peripla_BP_3,2.A.21,Trans_reg_C|Response_reg,1.A.11
2.A.1,TetR_N,2.A.1,3.A.1,3.A.1,3.A.1,GH2,LacI|Peripla_BP_3,LacI|Peripla_BP_3,3.A.1,3.A.1,3.A.1,3.A.1,GH2|CBM42,GH2,TetR_N,3.A.1
CBM35,3.B.1
3.A.1,2.A.1,GT1,Sigma70_r4_2|Sigma70_r2,3.D.10,AA10,Sigma70_r2,Pyr_redox_2,Sigma70_r4_2|Sigma70_r2,4.A.1
CBM32,GH97|CBM51,SpoIIE,MASE1,GH87,GH154,3.A.1,3.A.1
3.A.3,CBM12|CBM13
CBM48|GH13_11,CBM48|GH13_9,2.A.21
8.A.5,HTH_1|LysR_substrate,Glyoxalase,GH19
GT2,GT76,9.A.40,9.A.40,2.A.21
GT2,3.A.24
GH15,3.A.3,9.B.105,HTH_IclR|Response_reg,2.A.80,2.A.1
3.A.1,3.A.1,SBP_bac_1,GH13_30,3.A.1,PadR,3.A.1
GH23,3.D.1,3.A.1,3.A.1,3.A.1,3.A.1
GH46,Pyr_redox_2,GATase_2,2.A.89
GT28,2.A.103,Pyr_redox,9.B.146
4.C.1,GT4
GH23|CBM50,9.B.106
GH13_13|CBM41|CBM41|GH13_13,GH13_32,GH13_30,3.A.1,3.A.1,3.A.1
2.A.1,2.A.1,9.B.179,GH0,GT4,TetR_N,3.A.1,3.A.1,3.A.1
GT87,2.A.1
3.A.1,3.A.1,3.A.1,Aminotran_1_2,GH23
GH1,9.A.40
GH77,GH84|CBM32,1.A.23,MarR,SBP_bac_1,3.A.1,3.A.1,GH4,3.A.1
GT4,9.B.18,2.A.66,GT4,8.A.3,GH0,Pyr_redox_2,3.A.1,MerR,HMA,3.A.3
2.A.1,2.A.7,HTH_1|LysR_substrate,GH3,3.A.1,2.A.21
3.A.1,3.A.1,3.A.1,GH1,CBM2
3.A.1,3.A.1,3.A.1,IclR,AA10,GT2,AA5,GH6
2.A.1,3.A.1,GT51,2.A.7
GH20,3.A.1,3.A.1
2.A.1,CE4|GT2,HTH_1|LysR_substrate,CE1,9.B.174,3.A.1,9.B.106,9.B.106,3.A.24,SBP_bac_1,3.A.1,3.A.1,GT2,GT2,GT2,MarR,GT2,TetR_N,3.A.1,GT2,GT2,3.A.5
2.A.14,GT0
GH23|CBM50,9.B.106
GT39,3.A.1,3.A.1,2.A.7,2.A.6
2.A.1,CSD,PALP,GT81,GT20,SBP_bac_1,CE9,PfkB,CBM35,9.B.34
3.A.1,Sigma70_r4_2|Sigma70_r2,3.A.1,NUDIX,3.A.1,3.A.1,3.A.1,3.A.1,2.A.20,AA7,9.B.105,GH23
2.A.1,ANTAR,STAS,TetR_N|TetR_C,2.A.1,GT83,GT2,2.A.21
GT51,PadR,2.A.1
