3.A.7,GH23
GT0,1.B.12,PapB,1.B.11
2.A.25,3.A.7,2.A.96,1.A.33,HTH_1|LysR_substrate,GH108,Trans_reg_C,GH18,2.A.33,HTH_1|LysR_substrate,GH31,2.A.2,9.B.105,4.A.6,4.A.6,4.A.6
9.B.146,2.A.103,GT28,CE11,3.A.5,NUDIX,3.A.15,3.A.15,9.B.125,GH43_26,2.A.2,2.A.3
GT51,1.B.14,3.A.1,3.A.1,3.A.1,2.A.49,1.A.62,3.A.1
1.B.33,GT19
1.B.1,3.A.1,3.A.1,3.A.1,1.B.12,HTH_1|LysR_substrate,GH23
GH108,1.E.56,1.E.43
2.A.17,1.B.12,3.D.4,1.B.12,3.A.23,Citrate_synt,4.C.1,2.A.1,GH2,3.A.1,HTH_18,3.A.1,3.A.1,3.A.1,2.A.1,MASE1|HATPase_c,Response_reg|GerE,3.A.1,3.A.1,3.A.1,1.B.12,Rrf2,9.A.18,2.A.1,9.B.34
2.A.1,Response_reg|Trans_reg_C,HisKA|HATPase_c|PAS,2.A.26,2.A.3,CBM34|GH13_21
CE9,4.A.1,1.B.25,2.A.1
3.D.10,3.D.10,3.D.4,3.D.4,9.B.85,8.A.79,1.A.30,1.A.30,2.C.1,2.C.1,2.C.1,2.C.1,4.B.1,2.A.4,Peripla_BP_2,3.A.1,3.A.1,4.A.3,HTH_18|AraC_binding,GH4,3.A.1,TOBE|HTH_1,2.A.6,3.A.1,3.A.1,3.A.1,HTH_1|LysR_substrate,2.A.47,CE8
3.A.1,3.A.1,3.A.1,3.A.1,3.A.1,GH5_13,LacI|Peripla_BP_3,DeoRC|HTH_DeoR,9.B.105,2.A.1,TetR_N,2.A.81,Nitroreductase,3.A.1,3.A.1,3.A.1,3.A.1,3.A.1,3.A.1,3.A.1,3.A.1,3.A.1
GH23,1.E.33
9.B.97,GH24
2.A.86,Fer4,AA6,TetR_N,2.A.21,2.A.108,2.A.108,2.A.108
GT2,2.A.1
4.A.1,1.B.14,GH3
9.B.99,8.A.5,GH18,2.A.1,PfkB,8.A.5
4.A.3,4.A.3,HTH_18|AraC_binding,GH4,CE0,2.A.23
4.A.2,2.A.2,GH3,2.A.86,3.A.1
3.A.1,3.A.1,3.A.1,3.A.1,3.A.1,2.A.1,2.A.7,HTH_18,MarR,2.A.95,2.A.1,2.A.47,GH33,2.A.109
CBM48|GH13_11,GH13_26,GH13_10,9.B.34
3.A.1,3.A.23,1.B.12,LacI|Peripla_BP_1,1.B.21,GH65,3.A.1,3.A.1,3.A.1,GH13_18,PspC,9.B.100,3.A.23,3.A.1,3.A.1,3.A.1,3.A.1,3.A.1,9.B.34
1.B.11,GH37,1.B.14,1.E.43,GH23,2.A.36,Pyr_redox,GntR,2.A.34,5.A.2
CBM50,3.A.1,3.A.1,3.A.1
9.B.158,GH105,2.A.2,3.A.6,3.A.6
1.B.52,1.B.11,2.A.23,CheW,CheY-binding|H-kinase_dim|HATPase_c|CheW,1.A.30,1.A.30,FlhC,FlhD,GT20,3.A.1,3.A.1,2.A.1,2.A.42,4.F.1,Response_reg|GerE,GerE|Autoind_bind,3.A.1,3.A.1,PALP,3.A.1
GH13_5,9.B.102,9.B.50,3.A.6,3.A.6,3.A.6,3.A.6,3.A.6,3.A.6,3.A.6,3.A.6,GerE,9.B.34,2.A.7,HD,1.B.1,3.A.7
GT4,GT2,2.A.66
GT4,2.A.66,9.B.18,GT4,NUDIX,GT2,GT4,GT2,8.A.3,1.B.18,2.A.109,9.B.22,9.B.34,HhH-GPD|AlkA_N,8.A.1,2.A.6,2.A.6,2.A.1
3.A.1,3.A.1,3.A.1,3.A.1,3.A.1,2.A.1,PfkB,GntR,PfkB,2.A.113,1.B.11,3.A.1,Response_reg|LytTR,9.B.33,MerR,3.A.1,3.A.1,3.A.1,3.A.1,2.A.1,2.A.2,GH3,9.B.29,9.B.27,1.B.17,AraC_binding,2.A.1,HTH_1|LysR_substrate,1.E.14,2.A.122,9.B.114,3.A.1,3.A.1,3.A.1,LacI|Peripla_BP_3,9.B.169,1.B.14,2.A.3,HTH_1|LysR_substrate,2.A.98,HTH_11|PfkB,2.A.41,PfkB,4.A.2,PfkB,4.A.2,2.A.1
GT2,Response_reg|GerE,9.B.14,3.A.1,9.B.14,3.A.1,3.A.1,5.B.5
3.A.23,HisKA|HATPase_c,GH23,HTH_18,4.A.1
3.D.1,3.D.1,3.D.1,3.D.1,3.D.1,3.D.1,3.D.1,3.D.1,3.D.1,3.D.1,3.D.1,3.D.1,3.D.1,HTH_1|LysR_substrate,Aminotran_1_2,HD,2.A.47,2.A.118,4.A.7,4.A.7,4.A.7,LacI|Peripla_BP_3,NUDIX,1.A.12,3.A.1,3.A.1,3.A.1,3.A.1,3.A.1,LacI|Peripla_BP_3,2.A.2,GH127,Pribosyltran,9.B.160,9.B.27,2.A.1,2.A.102
1.B.12,GH73,3.A.23,3.A.23,3.A.23,1.B.11,3.A.23,3.A.23,3.A.23,GT60,1.B.6,3.A.1,3.A.1,3.A.1,Aminotran_1_2,9.B.33,Response_reg|LytTR,HTH_18,CSD,4.A.2,4.A.2,4.A.2,Glucokinase,2.A.49,8.A.5,2.A.55,2.A.41,EAL|MASE1|GGDEF,HTH_3,Crp,3.A.23
GH102,3.A.7
4.A.2,NUDIX,2.A.109,8.A.5,2.A.1,4.C.1,LacI|Peripla_BP_3,HTH_1|LysR_substrate,AraC_binding,3.A.1,3.A.1,3.A.1,3.A.1,2.A.1,PL22|PL22,2.A.42,GerE,2.A.113
3.A.6,3.A.6,1.B.22,TPR_3,GH23,3.A.6,3.A.6,3.A.6
3.D.1,3.D.1,3.D.1,3.D.1,3.D.1,3.D.1,SpoVT_AbrB,GH1,4.A.1,LacI|Peripla_BP_3,5.A.3,Pyr_redox_2,3.A.23,CBS|SIS,DeoRC|HTH_DeoR,4.A.4,4.A.4,4.A.4,GH103
9.B.13,GerE,2.A.7,3.D.10,3.D.10,2.A.3,1.A.23,2.A.25,1.C.12,CBM50
GH13_29,4.A.1,LacI|Peripla_BP_3,3.A.3
GH18,9.B.31,HTH_1|LysR_substrate,2.A.47
1.B.15,HTH_3,2.A.78,2.A.78,3.A.23,GH88,4.A.6,4.A.6,4.A.6,5.A.3,5.A.3,5.A.3
2.A.102,GH31,2.A.2,2.A.2,HisKA|HATPase_c|PAS,3.A.23
9.B.21,HEM4,TPR_2,2.A.3,GT26,9.B.128,GT56,2.A.66,Aminotran_1_2,GT0,9.B.146,3.A.6,1.I.1,Diacid_rec,2.A.8
2.A.1,Pyr_redox_2,2.A.81,GntR,GntR,4.A.1,GH4,HTH_18|AraC_binding,2.A.21,9.B.51,PALP,2.A.8,HTH_1|LysR_substrate,2.A.1,2.A.7
3.A.1,3.A.1,2.A.1,4.A.3,GH1,4.A.3,4.A.3,LacI|Peripla_BP_1|Peripla_BP_3,2.A.7,1.B.11,1.B.12,Sigma70_r4_2,HTH_18,GerE,1.B.12,GerE,Trans_reg_C,9.A.47,3.A.7,3.A.7,9.A.47
GH23,2.A.2,GH31,2.A.40,2.A.27
GT30,GT9,GT4,GT4,GT8,GT8,GT73,GT4,GT9,GT9,Aminotran_1_2,GT2,1.A.34
GH127,2.A.2,HTH_18|AraC_binding,Trans_reg_C,3.D.1,Aminotran_1_2,GH13_19,GH73,HTH_18|Peripla_BP_3,9.B.44,9.B.97,1.E.53,CSD,HTH_3,2.A.1,9.B.186,5.A.3,2.A.1,3.A.1,3.A.1,3.A.1,3.A.1,3.A.1,2.A.42
GT2,4.D.3,GH8,1.B.55,EAL|GGDEF,2.A.23,PfkB,EAL,9.B.121,2.A.1,9.B.126,HTH_1|LysR_substrate,GerE,GH37,5.B.3,GntR,SIS,PfkB,2.A.13
2.A.6,GT2
2.A.8,2.A.95,CBM48|GH13_9,CBM48|GH13_11,GT5,GT35,Rhodanese,9.B.104,DeoRC|HTH_DeoR,GerE,GT35,GH77,2.A.8,9.A.8,9.A.8,9.A.8,Response_reg|Trans_reg_C,2.A.21
GT51,1.B.22
GH18|CBM5,GH18,3.A.15,3.A.15,3.A.15,3.A.15,3.A.15,1.B.22
1.A.12,GntR,2.A.1,Glucokinase,2.A.39,Pyr_redox_2,GATase_2,2.A.1,Response_reg|HisKA|HATPase_c|PAS,GT51,Pkinase,8.A.8,4.A.2,1.B.42,1.B.42,1.B.42,2.A.19,3.A.1,3.A.1,3.A.1,3.A.1,3.A.1
3.A.15,3.A.15,3.A.15,Peptidase_M23,3.A.5,GH18
3.A.1,3.A.1,2.A.1,GH105,HTH_1|LysR_substrate,2.A.23,2.A.1,HTH_18|AraC_binding,9.B.10,2.A.114,2.A.21,SIS|HTH_6,1.B.52,2.A.1,GntR,3.A.23,4.A.6,4.A.6,4.A.6
9.B.120,2.A.1,GH23
2.A.1,HTH_1|LysR_substrate,1.A.23,2.A.75,3.A.1,GH23
