2.A.95,HATPase_c|PAS|HisKA,3.A.23,1.B.52,Pribosyltran,GT51,3.A.1,3.A.1,3.A.1,9.A.55,3.A.2,3.A.2,3.A.2,3.A.2,3.A.2
GT28,Glyoxalase,4.C.1
GT9,GerE|Response_reg,HATPase_c|HisKA,2.A.3,3.A.3,3.A.3,3.A.3
2.A.86,3.A.7,9.B.34,GH13_10,GH13_26,GH13_16,GH13_16,9.B.34,9.B.34,GH13_3,9.B.34,Response_reg|HATPase_c|HisKA,8.A.59,TPR_1|TPR_2,3.A.1,GT2,GT2,GT2,3.A.23,HATPase_c,GT2,GT2,GT4,GT4|CE4,GT4,GT2,CE4,9.B.18,CbiA,Pyr_redox_2|HMA,MerR,1.A.23
GT4,GT4,9.B.18,3.A.1
4.D.1,GT2,4.D.1
GH0,CBS,Aminotran_1_2,9.B.34
GT5,Crp|cNMP_binding,GH23,TPR_1,3.D.1,8.A.59
9.B.186,3.A.1,2.A.1,GT35
1.B.42,GH133,3.A.1
9.B.142,GT2,GT9,GT83
GT4,CE4,GT9,GT9,GT9,GT2,GT9,GT2,GT30,3.A.1,GT4,GT2,GT2,GT19
GT2,1.B.55,1.B.55
GH23,3.A.12,2.A.4
GT21,B12-binding,1.B.33
GT28,2.A.103,9.B.146
9.B.18,GT4,GT4,3.D.1
GH15,GH15,HTH_18,8.A.5
CBM48|GH13_11,HD,9.B.43,1.I.1,GH3,3.A.1,GH23
3.A.23,3.A.23,2.A.6,GH57,GH57,GH57
