9.B.34,NIR_SIR_ferr|NIR_SIR,3.A.16,GT4
9.B.67,PALP,GT83,3.A.1
GT2,2.A.107
GH23,9.B.73,3.A.1,3.A.1
1.A.11,5.A.1,SIS,2.A.7,GT2,1.I.1,GT2,9.B.70
2.A.53,GH102
3.D.10,9.B.174,GT51,3.A.1,PAX,PAX,3.A.1
3.A.9,8.A.21,GT35
3.A.1,3.A.1,3.A.1,3.A.1,cNMP_binding,HEAT_PBS,GH38,GH116
3.A.1,3.A.1,3.A.1,3.A.1,3.D.1,HATPase_c,GT41,GT2,HTH_3,9.A.55
GT21,3.E.2,3.E.2
5.A.3,GT83,3.A.1,3.A.1,9.B.34
CE11,3.A.1
3.A.1,GT4,3.A.1,GT41,GT76,9.B.34,3.A.1,HEAT_PBS,9.B.106,B12-binding,3.A.1
GT4,GT2,3.A.5,1.B.42,1.B.42
GH57,CheW,1.B.23
2.A.23,3.A.3,CYTH,9.B.142,GT2
3.E.2,GH0
3.A.1,ACT,3.A.1,2.A.103,GH13_2|CBM20,GT2
3.A.1,2.A.1,3.D.10,1.B.42,GT83
3.A.18,GT2,2.A.45,3.A.1,2.A.37,3.A.1
3.A.17,9.B.31,3.A.1,3.E.2,MarR|cNMP_binding,PAS|GGDEF,1.I.1,1.I.1,SpoIIE,STAS,GT4,HEAT_PBS,2.A.114,GT41,3.A.25
2.A.109,GT4
3.A.11,GT0,3.A.1
3.A.3,FHA,GT28,9.B.142
2.A.71,9.B.149,HATPase_c|Response_reg|H-kinase_dim|CheW,3.A.1,9.B.18,3.A.1,1.A.35,GT0,2.A.19
1.E.40,3.A.1,3.A.11,GT2
GT4,Peptidase_M23,GT41,9.B.146,GH13_4
3.A.9,2.A.63,2.A.63,2.A.63,2.A.63,2.A.63,2.A.63,2.A.63,SIS,9.B.149,9.B.14,9.B.34,GT4,2.A.1,9.B.27
GT4,GT2,GT2,PAS|dCache_1|HisKA|HATPase_c|Response_reg,3.D.1,5.B.4,GT2
GH57,3.A.1,3.A.9,3.A.1,Sigma70_r2|Sigma70_r4|Sigma70_r3,3.A.1,EAL,1.A.23,1.A.11,GT2
3.D.1,3.A.1,9.A.61,CE9
1.A.26,8.A.3,1.B.18,GH13
GT19,GH13_20,9.B.106,HEAT_PBS,CBS,Citrate_synt,3.D.2,3.A.1
GT2,3.A.1,2.A.16,HATPase_c|HisKA|Response_reg,PAS|GAF|HATPase_c,2.A.66
3.A.16,3.D.1,GT4
9.B.102,9.B.102,HisKA,GT2,STAS,GH13_11
GT0,2.A.3,1.C.109,3.D.2,3.D.2,GT51,3.D.1,3.D.1,3.D.1
3.A.5,GH104,2.A.6,AAA,9.B.20,9.B.174,2.A.114,CBM48|GH13_9,9.B.34
9.B.34,GT4
GT2,GT2,GT4,3.A.1,3.A.3,3.A.3,3.A.3,1.A.11,9.A.40,HATPase_c|HisKA,Response_reg|GerE,3.D.1,3.A.1
GT4,3.A.1,3.A.1
9.B.146,GT2,SpoIIE,3.A.2,Sigma70_r2|Sigma70_r4|Sigma70_r3,Aminotran_1_2,3.A.1,3.A.1
GT26,9.B.55,3.A.3,2.A.7
2.A.37,GT2,GT4,1.C.82
2.A.56,GT51,3.A.1
GT2,Aminotran_1_2,3.A.1
GT4,NUDIX,2.A.1,Response_reg,CheW,1.B.52
2.A.27,SBP_bac_3,2.A.56,2.A.56,2.A.56,9.B.34,AA2,9.B.102,1.A.14
3.A.1,3.A.1,3.A.1,3.A.1,3.A.1,GT5,2.A.37,3.D.10,9.B.10,2.A.123
