2.A.56,GH43_9
2.A.1,2.A.102,GH103,2.A.1,PHY|GAF,GH5_5,GH5_5,GH5_5
4.C.1,GT1,9.B.97
3.A.7,1.E.43,3.A.11,CBM50,GT83,9.B.67
2.A.1,Peripla_BP_3|LacI,GH13_3|GH13_3,GH13_16,CBM48|GH13_9
3.A.1,2.A.1,NIR_SIR|Pyr_redox_2|NIR_SIR_ferr,3.D.1,CBM48|GH13_11,GH13_26,GH77,GH13_10,CBM48|GH13_9,GT5,Response_reg,HATPase_c|PAS|HisKA,GT2
9.B.157,9.B.157,2.A.103,GH28,GH103
GH98|CBM35,PfkB,2.A.41,8.A.5,1.B.14,3.A.1,3.A.1,Trans_reg_C|Response_reg,HATPase_c|HisKA,2.A.109
GT41,TPR_2,1.B.46
1.B.14,GT51
9.B.158,CBM13|CBM13,2.A.72,AAA,1.A.30,1.A.30,2.C.1,2.C.1
3.A.6,3.A.6,3.A.6,3.A.6,3.A.6,HTH_18,3.A.6,GH23,HTH_1|LysR_substrate,3.A.1,3.A.1,3.A.1,3.A.1,GH146,GH97,2.A.37,GH51,9.B.14,3.A.5
GH29,HTH_1|LysR_substrate,2.A.4,Sigma70_r2|Sigma70_r4_2,RseA_N,9.B.160
1.B.14,GH30_5,GH2
2.A.3,1.B.14,GH121,GH43_29,1.B.14,GH146,1.B.14
3.A.5,2.A.6,2.A.6,9.B.34,1.A.78,CE8,GH28
3.A.23,GH3,2.A.21
1.B.18,8.A.3,9.B.18,9.B.30,9.B.97,GT4,GT94,2.A.66,GT70,GT26
2.A.6,2.A.6,Pribosyltran,3.A.18,3.A.1,GH3,2.A.17
GH144,3.A.1,3.A.1,3.A.1,CBM32,Glucokinase,3.A.1,3.D.10,3.D.10,3.A.1,3.A.1,3.A.11,1.A.30,3.A.1,4.F.1
3.A.25,2.A.37,CBS,GH31,2.A.21,2.A.55,Fe_dep_repress|Fe_dep_repr_C,1.A.23,4.A.2
GT2,2.A.66
GT2|GT2,3.A.6,3.A.6,3.A.6,3.A.6,9.B.34,9.B.34,3.A.6,3.A.6
3.A.16,CBM50
GH108,2.A.53
1.A.12,3.D.3,3.E.2,GH23,9.A.40,1.A.35,3.A.1,3.A.1,3.A.1,2.A.6,2.A.1,8.A.1,3.A.1,Pyr_redox_2,9.B.34,2.A.1,9.B.133,2.A.1
1.B.33,GT19
2.A.2,GH127,2.A.114
1.C.113,9.B.121,CBS,GT2,GT51,1.B.14
2.A.12,AA3_2
8.A.21,2.A.7,NUDIX,1.B.14,Glucokinase,1.B.14,GH29,GH18,GH20,GH2,GH3,GH2,GH125,GH92,GH35
1.C.106,3.A.23,1.C.106,3.A.23,3.A.23,3.A.23,3.A.23,3.A.23,3.A.23,TPR_1,3.A.23,GH19,3.A.23
3.A.23,1.A.25,GH33
9.B.126,CBM5,3.D.2,3.D.2,Sigma70_r2|Sigma70_r4_2,3.D.2
1.B.14,GH15,GT20
3.A.23,3.A.15,3.A.15,3.A.15,3.A.15,HATPase_c|HisKA,Trans_reg_C|Response_reg,1.B.14,CBM32
9.B.34,TetR_N,2.A.6,GT30,GT4,HTH_3,3.A.1,3.A.1,HTH_3,2.A.23,1.B.5,2.A.21,GerE|Response_reg,SBP_bac_1,HATPase_c|HisKA,Trans_reg_C|Response_reg,1.B.5,2.A.11,Peripla_BP_3|LacI,2.A.2,GH13_4
1.B.14,GH23,HD,CE9,SIS,Peripla_BP_3|LacI,2.A.1,GntR,GH89,GH2,1.B.14
3.A.5,1.A.34,CE11,GT28,2.A.103,9.B.146
1.B.14,2.A.1,3.A.1,GT2,GT0,GH113,GT2,GT2,GntR,GT0,3.A.15
GT2|GT2,GT2,3.A.1
2.A.3,GH5_1|CBM2,GH37,GH23,HTH_18,1.A.35,2.A.3,2.A.7,GH42,GH30_8
3.B.1,3.B.1,GH15,Trans_reg_C|Response_reg,HATPase_c|HisKA,1.A.4,GT2,2.A.6
2.A.6,2.A.123,GT2
1.E.43,2.A.1,1.B.70,4.C.1,GerE|Response_reg,2.A.107,2.A.21,GH94,2.A.2,SKI,GT20,9.B.22,1.B.33
GH43_1,2.A.2,GH10,GH10
