GH13,2.A.1,2.A.49
CBM48,GH13_36,3.A.1,3.A.1,3.A.1,3.A.1
3.A.1,GH20,Aminotran_1_2,1.B.48,1.A.43,CE14,CE1,9.B.146,2.A.4,3.A.1,GH166,3.A.9,3.A.1,SBP_bac_3,1.B.52,2.A.115,3.A.1,CBM48|GH13_11
GT4,GT4,9.B.18
3.A.5,GT4,HTH_11,3.A.18,3.D.5,3.D.5,3.D.5,3.D.6,1.C.113,9.B.10,8.A.59
3.A.1,2.A.1,Pyr_redox_2,2.A.20,GH35,3.A.1,3.A.1,3.A.1,Peripla_BP_2,9.A.8
9.B.146,GT4,PfkB,3.A.1,3.A.1,3.A.1,GT4
GT5,3.A.1
3.A.1,3.A.1,3.A.1,GH30_3,CBM4|CBM4,SBP_bac_1,SBP_bac_1,3.A.1,3.A.1,TPR_2,3.A.1,3.A.1,GH3,GH161,GH16_3,Peripla_BP_3|LacI,Pyr_redox_2,1.B.52,2.A.51
3.A.1,GH13_20
9.B.34,2.A.19,2.A.66,2.A.124,GH65,3.A.1,3.A.1,3.A.1,Peripla_BP_3|LacI,8.A.59,3.A.1
3.A.3,2.A.108,9.B.34,PfkB,GH130,3.A.1,3.A.1,SBP_bac_1,Peripla_BP_3|LacI,CBM48,2.A.1
CBM41|GH13_14,3.A.1,3.A.1,3.A.1,3.A.1
3.A.11,2.A.66,3.D.6,3.A.11,GH31,3.A.1,3.A.1,3.A.1,3.A.1,3.A.1,GH130,GH5_25,Peripla_BP_3|LacI,GH1,3.A.1,3.A.1,3.A.1,3.A.1,3.A.1,GT4,GT2
2.A.103,GT28
GT4,9.B.174,2.A.38,TrkA_C,Pyr_redox,Response_reg,GH13_2
3.A.5,CBM50
1.A.30,1.A.30,3.A.6,GH1
8.A.5,GH38,3.A.1,3.A.1,3.A.1,CBM9,SIS|HTH_6,3.A.1,3.A.1,3.A.1,3.A.1,3.A.1,SIS,GH3,3.A.1,3.A.1,3.A.1,3.A.1,3.A.1,SIS,CE9
3.D.1,3.D.1,3.D.1,3.D.1,SpoIIE,GH4,9.A.40
3.A.11,GT51,2.A.35
9.B.34,3.A.1,3.A.6,2.A.1,GT2,9.B.31
GH57,3.A.1,3.A.1,3.A.1,2.A.69,3.A.1,3.A.1,3.A.1
