GT35,4.C.1
GH6,9.B.96,2.A.1
9.B.97,2.A.55,4.C.1,LysR_substrate|HTH_1,4.C.1,9.B.160,GH13_16,9.B.143,CE1,3.A.1,3.A.1
GH3,2.A.1,TetR_N,5.A.3,2.A.6,4.D.2,2.A.86,2.A.6
3.A.24,GH3
2.A.3,GH76,9.B.27,2.A.4
9.B.97,2.A.3,Hemerythrin,GT0,GT4
GT2,2.A.20
4.C.1,9.B.106,GT4
4.C.1,HTH_18,GAF|ANTAR,2.A.85,GH92,1.A.87,2.A.1,3.A.7
GT2,2.A.1
CE5,CE5,3.A.24,3.A.24,3.A.24
9.B.126,9.B.126,CE9,2.A.1
2.A.53,2.A.4,3.A.3,GT2
1.A.4,GH5_13
GT35,TetR_N,8.A.58,TetR_N,2.A.7
2.A.6,MarR,2.A.6,STAS,GT1
3.A.12,4.F.1,HTH_3,GT1
GT87,3.A.9
1.B.77,TetR_N,8.A.5,4.F.1,GT4
3.A.5,9.B.140,CE14
9.B.97,Fer4,GT4
GT4,GT2,GT2,GT2,GT2,GT2,2.A.6,GT1,2.A.116,GT2,GT1
GH13_10,GH13_26,CBM48|GH13_11,9.B.97
3.A.1,9.B.106,2.A.1,2.A.1,GT83
9.B.111,9.B.96,Guanylate_cyc,GH18|CBM16|CBM2
9.B.96,2.A.4,HTH_5,GH64,GH16_3
GH12,4.C.1,3.A.1,2.A.6,9.B.106,2.A.89,2.A.3,3.A.24,9.A.15,Pyr_redox_2,9.B.115,CBM48|GH13_11
GT4,2.A.6,GerE,Pyr_redox,8.A.59
GH77,3.A.24,3.A.24
GT28,2.A.103,9.B.146,9.B.96
9.B.106,GT87,3.A.4,4.C.1,GT4,3.D.4,3.D.3,3.D.4
8.A.7,GH65,PfkB,Pribosyltran,Nitroreductase,4.C.1
8.A.5,HATPase_c,3.A.1,3.A.1,GT1,TetR_N,3.D.1,3.D.1
CE1,3.A.24,3.A.24
2.A.83,NIR_SIR|NIR_SIR_ferr,3.A.1,3.A.1,3.A.1,3.A.1,1.E.22,GH15
GH13_30,Pyr_redox_2,3.A.1
GT35,GH13_3,CBM48|GH13_9,Glyoxalase,8.A.59
4.C.1,2.A.6,1.A.35,3.A.1,3.A.1,3.A.1,3.A.1,CBS,GH23,3.A.1
3.A.1,9.B.110,GT5,GT81,4.C.1,2.A.1,MarR,4.C.1
CE14,TetR_N,SBP_bac_5,5.A.3,5.A.3,5.A.3,GGDEF,NUDIX,GT87
2.A.6,8.A.59,CE4,9.B.96
1.C.113,CE14
3.A.3,3.A.3,3.A.3,2.A.21,Response_reg|Trans_reg_C,GH23
4.C.1,GH23
GT26,9.B.18,GT4,GT0,GT4,8.A.3
CBM2|CBM2,4.C.1
GT102,GT102,4.D.1,4.D.1,4.D.1,4.D.1
3.A.1,GT2,9.B.96
GT85,GT53,Trans_reg_C|FHA|BTAD,GT53,GT53,1.I.1,FHA,3.B.1,CE5,CE1,CE1,GT89,GT2
