2.A.23,CE4,2.A.38,3.A.1
2.A.37,HD,GT51
1.B.52,Aminotran_1_2,Pribosyltran,GT0
GT26,9.B.146,1.I.1,GntR,3.A.1,3.A.1,GT4,Sigma70_r4_2,AraC_binding,GT4,GT4,GT4,9.B.18
GT4,2.A.66,2.A.21,3.D.4,3.D.4
CBM50,CE4,4.C.1
CE4,2.A.47,2.A.1,Aminotran_1_2,2.A.73,HTH_18,2.A.21,GntR,2.A.1
9.B.146,2.A.103,GT28
2.A.78,2.A.21,GT2,TetR_N,2.A.7,2.A.7,2.A.3,9.A.11,2.A.26
3.A.1,3.A.1,2.A.6,Y_Y_Y,3.A.24,2.A.1,TetR_N,3.A.1,GT28,3.A.1
9.B.105,GT4,GT2
2.A.120,GH23,Peptidase_M23,GntR,2.A.122,1.E.14,HTH_1|LysR_substrate,Peripla_BP_2,Sigma70_r4,2.A.7,HTH_5,2.A.59
3.A.23,2.A.21,3.A.23,GT94,CBM50,2.A.7,1.B.6
GH18,2.A.115,HhH-GPD,4.C.1
1.E.40,HTH_3,2.A.25,9.B.10,3.A.23,3.A.1,3.A.1,3.A.1,3.A.1,GT28
3.A.23,2.A.3,CE4,2.A.21
3.A.18,HisKA|HATPase_c,Trans_reg_C|Response_reg,9.B.14,PTS-HPr,4.A.1,CE9,4.A.1,9.B.156,9.B.156,9.B.149,3.D.1,2.A.3,3.A.23,9.A.11,9.A.11,9.A.11,9.A.11,9.A.11,Sigma70_r2|Sigma70_r4|Sigma70_r3,HATPase_c,STAS,3.A.1,3.A.1,3.A.1,3.A.1,3.A.1
3.A.23,GT2,Rhodanese,9.A.40
2.A.20,GH23,4.C.1,HisKA|HATPase_c,Response_reg,2.A.21,HTH_8|Response_reg,Pyr_redox_2,TetR_N,CE4,3.A.1,2.A.27
9.B.136,2.A.21,TetR_N,9.B.34,PALP,GT51
3.A.12,2.A.67,9.B.159,HATPase_c,9.B.116,GT51
GH23,2.A.107,8.A.21,2.A.7
1.A.30,1.A.30,9.B.27,GT2,5.A.1
CE4,3.A.1,3.A.1,3.A.1,3.A.1
