GT83,2.A.7,GT2
GT4,1.A.23,8.A.28
GT51,TPR_2,1.A.22,CE4,2.A.39
GT19,1.B.33
9.B.106,EAL|GGDEF,2.A.66,GT4,GT4,3.A.23,GH2
9.B.18,1.B.18,GT4
8.A.5,2.A.1,AA3_2,3.A.6,3.A.6
GH73,2.A.40,9.B.143,1.B.1,GT21,1.B.19,2.A.55
3.A.5,CE11
GT28,2.A.103,9.B.146
1.B.52,CheW,Response_reg,1.A.30,FlhC,FlhD,GT4,1.A.8
2.A.76,1.B.48,1.B.52,AA7,AA10,3.A.1,2.A.1,2.A.4
AA3_2,3.A.1,3.A.1,3.A.1,3.A.1,3.A.1,3.A.1,3.A.1,3.A.1,CbiA,2.A.45,3.A.2,3.A.2,3.A.2,3.A.2,3.A.2,3.A.2,3.A.2,4.C.1
3.A.11,3.A.1,4.C.1,TetR_N,Aminotran_1_2,3.A.1,PadR,MerR,3.A.3,2.A.3,Whib,3.D.4,3.D.4,GH20,4.A.1,4.A.1,SIS,CE9,GntR,HTH_1|LysR_substrate,4.C.1
9.B.10,GH23,1.B.22,3.A.15,3.A.15,3.A.15
3.A.1,3.A.1,STAS,3.A.1,3.A.1,3.A.1,3.A.1,2.A.25,Pyr_redox_2,GATase_2,3.A.1,3.A.1,3.A.1,3.A.1,HD,SKI,1.B.22,GT51,Whib,Whib,9.B.21,2.A.1
9.B.27,GT107,GT4,1.B.18,8.A.4,3.A.1,3.A.1,GT4,GT4
9.A.41,CE11
GH103,3.A.1,3.A.1,3.A.1
GH3,Response_reg|HTH_8,GT104,4.F.1
GT20,3.A.1,GT4,Pyr_redox,3.A.1,3.A.1,3.A.1
3.A.1,HATPase_c,9.B.62,HTH_1|LysR_substrate,2.A.117,HTH_1|LysR_substrate,2.A.1,9.B.34,9.B.146,GT4,GT9,GT30
2.A.49,GT9,2.A.1
3.A.1,GT2,9.B.146,9.B.18,3.A.1,3.A.1,3.A.1,3.A.1,5.B.1
3.D.6,TetR_N,GH15,3.A.12,1.I.1,Rhodanese,3.A.1,GT4,GT9,GT4,GT9,GT2,2.A.1
3.A.9,2.A.1,TetR_N,GT4
GH87,1.A.12
2.A.1,2.A.7,GH23,2.A.1,HTH_18,2.A.76,9.A.55,3.A.16,3.A.1,3.A.1,3.A.1,3.A.1
1.B.40,1.B.6,AA5_2,3.A.23,3.A.23,2.A.6,2.A.6,TetR_N,2.A.49,2.A.98
1.A.14,Sigma70_r2|Sigma70_r3|Sigma70_r4,CBM50
2.A.1,2.A.21,FIST,Response_reg,AA5_2
GT4|GT4,9.B.97,AraC_binding,Aminotran_1_2,Pribosyltran,9.B.160
1.C.75,1.B.20,GH73,3.A.23,3.A.23,3.A.23,3.A.23,1.E.43,3.A.23,1.A.30,3.A.23
3.A.1,3.A.1,HTH_1|TOBE,HTH_1|LysR_substrate,2.A.7,HisKA,9.A.40,GH13_10
GH39,8.A.3,CBM32,HTH_18,3.A.23,2.A.1
1.B.1,GT51,5.A.3,5.A.3,5.A.3
2.A.1,3.D.10,3.A.1,GT9,GT2,GT9,3.A.23,3.A.23,GT2,PIG-L,HATPase_c|Response_reg|HisKA|PAS,GT4
GT2,2.A.7,1.B.1,HTH_IclR|IclR,3.A.18
3.A.23,3.A.23,3.A.23,GH73
3.D.4,HTH_1|LysR_substrate,GT51,1.A.62,3.A.1,3.A.1,3.A.1,1.B.14,HTH_1|LysR_substrate,3.A.1,SBP_bac_1,1.B.1,Sigma70_r4,3.A.1,3.A.1,3.A.1
2.A.21,Pyr_redox_2,AA10
3.A.23,3.A.23,3.A.23,3.A.23,3.A.23,3.A.23,GT1,2.A.1,GT2,8.A.1,GH32,GH68
1.B.1,HTH_1|LysR_substrate,CBM50,HTH_1|LysR_substrate,3.A.1,3.A.1,3.A.1,3.A.1,3.A.1,HTH_6,3.A.23,1.B.12,3.A.1,AraC_binding,2.A.55,9.B.44,1.A.46,3.D.1,Aminotran_1_2|GntR,HTH_IclR,9.B.153,3.A.3
2.A.21,9.B.157,HD,GH78
2.A.1,GH37
4.C.1,2.A.6,GT2
2.A.1,AA3_2
GT1,2.A.1,GT2,1.B.17,8.A.1
GH23,1.C.36,1.C.36,TPR_3,3.A.6,3.A.6,3.A.6,3.A.6,1.B.22
2.A.1,HTH_1|LysR_substrate,2.A.76,AsnC_trans_reg|MarR,2.A.20,4.C.1,Autoind_bind|GerE,3.A.1,3.A.1,GT2,CbiA,1.B.55,GH8,4.D.3
