GH23,3.A.15,3.A.15,3.A.15,1.B.22
2.A.1,HATPase_c|dCache_1|HisKA,3.A.23,3.A.23,GT20,MarR,9.A.8
2.A.102,8.A.21,8.A.21,1.A.1,3.A.1,3.A.1,3.A.1,FUR,1.B.5,9.B.10,1.B.14,HTH_1|LysR_substrate,3.A.7,3.A.11,CBM50,3.A.23,2.A.21,Fer4,3.D.1
CE4,2.A.6
9.B.27,PALP,Hemerythrin,9.B.108,GH23,GT51
3.A.3,Cyanate_lyase,AA3_2,HTH_1|LysR_substrate,2.A.21,peroxidase,2.A.106,TetR_N,3.A.1,3.A.1,3.A.1,3.A.1
9.B.20,GGDEF|EAL,9.B.34,GH103,CE4,GT4,GT4,GT9,GT4,GT4,GT4,3.A.1,1.B.14,3.A.1,3.A.1
GH23,9.B.18,1.B.18,8.A.3,GT4,GT2,GH51,Nitroreductase,GT4
9.B.21,GT51,1.B.22
1.A.26,GT51,2.A.7
2.A.6,2.A.6,Rhodanese,2.A.6,GT30,3.A.1
9.B.18,9.B.18,GT4
2.A.103,GT28,CE11,3.A.5
9.B.22,2.A.23,Glyoxalase,AA3_2,2.A.16
1.A.1,3.A.12,1.B.46,AAA,GH23,HATPase_c|PAS|HisKA,1.B.52,2.A.1,GGDEF|PAS|EAL,3.A.6,3.A.6,3.A.6,3.A.6,1.A.23,3.A.1,3.A.1,TrmB,3.A.6,3.A.6,3.A.6,2.A.21,3.A.23,2.A.56,2.A.1
3.A.24,HTH_1|LysR_substrate,9.B.145,1.B.42,GT2
GH23,Fer4,CBS,HTH_1|LysR_substrate,9.A.25,GT4,2.A.95,1.B.52,SBP_bac_3,9.B.34
GH3,4.F.1
9.B.34,3.A.1,HTH_1,3.A.1,3.A.1,1.B.52,3.A.11,4.A.2,1.A.34,8.A.21,GT83,GT83,GT2
2.A.53,GT19,1.B.33
9.B.34,GH23,3.A.1
2.A.21,GT83,GT2
2.A.37,GH73
4.C.1,2.A.66,GT2
GT4,GT4,GT4,9.B.42
3.A.1,1.B.1,Hemerythrin,GT4,1.A.12,3.E.2,3.D.3,AAA,2.A.5
3.A.1,1.B.52,GH23,TPR_2,3.A.23,HATPase_c,9.B.18,8.A.59,3.A.5,2.A.6,2.A.6,3.A.15
1.A.11,GH102,AAA,NUDIX,1.A.26
GH23,3.A.23,2.A.21
2.A.23,GT2
1.A.23,9.B.186,PAS,1.B.52,2.A.102,GT104,HTH_1|LysR_substrate,2.A.1,3.A.11,2.A.38,2.A.38,2.A.38,HTH_8|Response_reg,2.A.21,2.A.102,2.A.9
