2.A.103,GH103,GH0,GH103
GT4,1.B.52,2.A.121
9.B.146,2.A.103,GT28,CE11,3.A.5,NUDIX,2.A.21,1.A.23,2.A.1,2.A.1
GT4,1.B.52,2.A.20,IclR|HTH_IclR,2.A.1,Glucokinase,Response_reg|Trans_reg_C,HisKA|HATPase_c,3.A.1,3.A.1,3.A.1,3.A.1,1.B.19,HTH_6|SIS,1.A.34
1.B.52,1.B.52,GGDEF|EAL,9.B.62,GH23,1.C.75,1.B.20
GT2,2.A.36
1.B.33,GT19
2.A.7,3.A.1,HTH_1|LysR_substrate,2.A.6,2.A.6,2.A.6,TetR_N,2.A.1,2.A.1,3.A.23,HisKA|HATPase_c|dCache_1,GH3,2.A.7
GH17,3.A.1,9.B.136,2.A.21
1.B.52,GH23,3.A.1,3.A.1
GH23,3.A.1,3.A.7,LexA_DNA_bind,TetR_N,GH3,Response_reg|HisKA|HATPase_c,1.B.14
2.A.86,3.A.1,3.A.1,3.A.1,3.A.1,3.A.1,GH23
9.B.20,8.A.5,GGDEF|MHYT|EAL,9.B.34,CbiA,GH15,3.A.1,3.A.1,3.A.1,3.A.1,GGDEF|PAS|EAL|CHASE4,2.A.47,9.B.34,2.A.40,1.A.14
3.A.7,2.A.102,NUDIX,9.B.34,GH15,GT5,GH13_10,GH13_26,CBM48|GH13_11
8.A.21,HTH_18,CBM48|GH13_9,GH13_16,GH13_3,1.C.107,8.A.1,3.A.1,GH12,3.A.1,3.A.1,4.C.1,3.B.1
9.B.18,GT4,GT2,GT2
3.A.1,2.A.46,GT104,2.A.1,1.B.14,1.A.35,GerE,9.A.28,1.I.1,1.A.23
9.B.18,9.B.146,GT4,GT4,1.B.17,8.A.1,3.A.1,GT2,GT4
3.A.1,3.A.1,GT4|GT4
3.A.1,1.A.8,DeoRC|HTH_DeoR,3.A.1,3.A.1,3.A.1,3.A.1,HisKA|HATPase_c|dCache_1,3.A.23,9.B.72,HTH_1|LysR_substrate,NUDIX,GT0
GT51,2.A.66,NUDIX,5.A.1
CBM50,Fer4,1.A.62,1.A.30,1.A.30
2.A.39,2.A.6,2.A.76,GT30,HTH_1|LysR_substrate,2.A.7
3.A.1,GT2,2.A.21,2.A.1,3.A.18,Pyr_redox_2,2.A.85,9.B.34
GH102,2.A.36
2.A.64,3.A.1,3.A.1,3.A.1,GT2
GT35,HTH_18,8.A.1,2.A.1,3.A.1
9.B.174,2.A.15,TetR_N,AA3_2,2.A.36,1.A.23,HTH_3,HTH_1|LysR_substrate,2.A.1
1.B.22,GT51,3.A.11,3.A.15,9.A.4
GT51,Sigma70_r2|Sigma70_r4,3.A.1,3.A.1,3.A.5
2.A.1,AA3_2
