3.A.1,3.A.1,3.A.1,3.A.1,3.A.1,3.A.1,3.A.1,3.A.1,4.A.6,GH32,4.A.6,4.A.6,4.A.6
9.B.18,3.A.1,3.A.1,GT4,GT4
GT4,GT4,GT4,GT2,3.B.1,3.B.1,3.B.1
3.A.11,1.C.109,9.B.174,GT4,GT4
9.B.97,GT35
3.A.1,Pyr_redox_2,Fer4,3.A.1,3.A.1,3.A.1,Fer4,3.A.1,GH57
GT30,CheR,1.A.23,3.A.1,3.A.1
GT51,2.A.40,9.A.40,4.A.3,4.A.3
3.A.9,GH32
2.A.51,2.A.51,TPR_1,TPR_2|TPR_1,GH13_29,Pyr_redox_2,Pyr_redox_2,9.B.211
3.A.1,3.A.1,3.A.1,3.A.1,3.A.1,3.A.1,CE11,GT19,2.A.66,9.B.31,Sigma70_r2|Sigma70_r4|Sigma70_r3,3.A.1,Trans_reg_C|Response_reg,1.A.1
4.A.3,4.A.3,GH1,LacI|Peripla_BP_3,3.A.1,3.A.1,FUR,MarR,3.A.1,3.A.1
9.B.18,2.A.25,GT2,3.A.1,3.A.1,3.A.1
GH13_39,Pribosyltran,3.A.24
GH13_31,GH4,GntR,4.A.1,GH77
GT35,3.A.1,3.A.1,3.A.1,3.A.1,3.A.1
1.C.113,GT2
9.B.67,Pyr_redox_2,HTH_5|Rhodanese,GH135
1.B.3,GT9
3.A.7,GT28,2.A.103,9.B.146,GH1,Sigma70_r4_2,TPR_2,GT5,1.C.39,3.A.1,GT2|GT2,GT9,GT4,GT32,GT9
