3.A.1,3.A.1,8.A.4,GT4
9.A.41,GT107|GT107,GT2|GT2
GT2,GT83,2.A.102,2.A.40,HTH_1|LysR_substrate,3.A.1,3.A.1,3.A.1,2.A.56,2.A.56
2.A.6,GT2
1.B.33,GT19,3.A.6
GH23,HTH_1|LysR_substrate,2.A.21,Pyr_redox,2.A.64,2.A.64
3.A.11,GT51,1.B.22,SKI,1.A.8
2.A.114,2.A.63,2.A.63,2.A.63,2.A.63,2.A.63,GH103
3.D.7,Peripla_BP_3|LacI,2.A.1,GH32,2.A.15,3.D.1,3.D.1,GT4
1.A.35,GT51,HTH_8|Diacid_rec,2.A.8
CBM50,Sigma70_r4|Sigma70_r3|Sigma70_r2,9.B.176,3.A.1,3.A.1,3.A.1,Aminotran_1_2,GT81,GH13_18
GT4,GntR,CE9,SIS,4.A.1,4.A.1,Response_reg|Trans_reg_C,HisKA|HATPase_c,3.A.1,3.A.1,3.A.1,3.A.1,2.A.1,HTH_18,2.A.21,Aminotran_1_2,3.A.7
2.A.21,Peripla_BP_3|LacI,GerE,2.A.35,GntR,HTH_1|LysR_substrate,9.B.10,GntR|Aminotran_1_2,2.A.56,2.A.56,2.A.56,HTH_IclR|IclR,2.A.56,DctP,AA3_2,2.A.98,2.A.80
9.B.146,2.A.103,GT28,CE11,3.A.5,NUDIX,3.A.1,3.A.1,3.A.11,3.A.1
2.A.103,GH103
3.A.1,3.A.1,3.A.1,3.A.1,Pkinase,GntR,2.A.53,Pyr_redox_2,2.A.7,GGDEF,3.A.1,3.A.1,3.A.1,3.A.1,GH23
1.A.35,3.A.1,3.A.1,3.A.1,3.A.1,GntR,AA3_2,TetR_N,AA3_2,4.C.1
GT4,2.A.25
4.C.1,Pribosyltran,GH3,3.A.15
2.A.1,8.A.1,TetR_N,2.A.21,HTH_1|LysR_substrate,Aminotran_1_2,GT73,GntR,3.A.1,3.A.1
2.A.56,2.A.2,GH43_26,HTH_1|LysR_substrate,2.A.56,2.A.56
9.B.10,2.A.35,Glyoxalase,GT51,3.A.23
2.A.99,HTH_11|Trans_reg_C,GT4,GT4,GT4,GT4,PIG-L,9.B.18,GT2,GT2,GT14,GT2,3.A.1,3.A.1,CbiA,2.A.47,3.A.15,3.A.15
2.A.35,cNMP_binding,GT84|GH94
3.A.1,SBP_bac_5,3.A.1,3.A.1,TetR_N,AA3_2
3.A.1,Pyr_redox_2,NIR_SIR|NIR_SIR_ferr|Pyr_redox_2,9.B.34,CSD,AA3_2
2.A.23,HATPase_c,GH23,2.A.76
2.A.15,2.A.56,2.A.56,GntR,1.B.3,3.A.1,3.A.1,3.A.1,GH13_23,3.A.1,3.A.1
2.A.56,DctP,2.A.56,2.A.56,GntR,AraC_binding,2.A.118,CE4,2.A.39,2.A.39,GntR,9.B.43,9.B.35,2.A.14,2.A.25,2.A.56,2.A.56
2.A.7,9.B.34,GT4
GT30,PfkB,GT9,GT4,GT9,4.D.1,Glyoxalase,HTH_11,GT9
GH73,3.A.6,3.A.6,3.A.6,3.A.6,3.A.6,3.A.6,3.A.6
