9.B.34,Response_reg,GAF,GH23,2.A.38,2.A.38,CBM50
3.A.1,2.A.19,2.A.6,2.A.6,GT4,2.A.23
9.B.146,2.A.103,GT28,CE11,3.A.5,NUDIX,3.A.15,3.A.15,3.A.15
CBM50,Sigma70_r2|Sigma70_r4|Sigma70_r3,GntR,2.A.46
9.B.34,GT0
GH23,1.I.1
1.A.35,2.A.108,9.A.4,3.A.15,3.A.15,CBS,GH23,2.A.7
2.A.6,2.A.6,2.A.6,TetR_N,1.B.9,2.A.6,2.A.6,2.A.6,2.A.6,2.A.6,1.B.52,GT51
3.A.9,Pyr_redox_2,1.C.113,GT0|GT4,9.B.22,1.B.33,3.A.1,3.A.1,SBP_bac_3,Glyoxalase,HhH-GPD,3.D.6,3.D.6,3.D.6,3.D.6,3.D.6,3.D.6,EAL|GGDEF,2.A.66,2.A.6,2.A.6
GH73,2.A.25
GT104,Rhodanese,2.A.76
2.A.1,2.A.1,9.B.8,3.A.25,3.A.23,Hemerythrin,3.A.1,GT2,GT26,GT4,9.B.146,Response_reg|HTH_8,HATPase_c,1.B.14
3.A.15,3.A.15,3.A.15,GT2,GT2,9.B.18
9.B.18,NTP_transf_2,GT4,GT4,GT4,GT0,GT2
GT0,2.A.17,3.A.1,TPR_2,9.B.14,9.B.14,3.A.1,3.A.1
3.A.5,1.A.104,3.A.6,3.A.6,3.A.6,3.A.6,3.A.23,2.A.21,3.A.23,9.B.18,Aminotran_1_2,NTP_transf_2,GT0
3.A.5,9.B.14,9.A.40,GH23,1.B.52,3.A.9,1.B.33
1.I.1,2.A.69,Arc,CBM50
9.B.34,GT19,1.B.33
1.B.22,3.A.11,GT51,9.B.34
1.B.73,2.A.1,CE9,SIS,2.A.21,3.A.1
1.A.10,GH3,2.A.21,SIS,SBP_bac_3,2.A.35,TetR_N,2.A.6,2.A.6,1.B.14,2.A.58,MarR,GerE,1.B.14,2.A.118
2.A.6,GT2
