1.B.52,Response_reg|GerE,2.A.1,3.A.1,3.A.1,3.A.1,3.A.1,3.A.1,CbiA,GT2,4.D.3,GH8,1.B.55,EAL|GGDEF,2.A.23
3.A.5,3.A.1,3.A.1,Sigma70_r2|Sigma70_r4,Diacid_rec,2.A.8,3.A.1,3.A.1,3.A.1,3.A.1,Rhodanese,9.B.104,HTH_DeoR|DeoRC,GT35,GT5,CBM48|GH13_11,CBM48|GH13_9,GH77,GT35,GerE,2.A.76,Crp|cNMP_binding,2.A.85,9.A.8,9.A.8
5.A.3,5.A.3,NUDIX,GT51,1.B.22
4.A.3,4.A.3,4.A.3,Trans_reg_C,1.B.54,4.A.7,4.A.7,4.A.7,LacI|Peripla_BP_3,2.A.1,Peripla_BP_1,3.A.1,3.A.1,GH4,8.A.59,Response_reg|LytTR,2.A.1,2.A.3,3.D.7,3.D.7,3.D.7,3.D.7,3.D.7,3.D.7,3.D.7,3.D.4,3.D.4,LysR_substrate|HTH_1,2.A.1,2.A.1,4.B.1,cNMP_binding,2.A.61,LysR_substrate|HTH_1,2.A.56,2.A.56,2.A.56,GH1,2.A.1
PL8_2,PL8_2,LysR_substrate|HTH_1,3.A.23
CBM50,Sigma70_r3|Sigma70_r2|Sigma70_r4,GerE,1.B.52,2.A.3,2.A.3
GH104,1.E.3
1.B.33,3.A.9,GH23
GT35,2.A.72,1.B.6,LysR_substrate|HTH_1,1.B.11
2.A.1,2.A.15,4.C.1,4.C.1,GH23,2.A.52,8.A.5,2.A.64,2.A.103,1.B.42,3.A.1,3.A.1,3.A.1,3.A.1,3.D.2,9.A.40
CE9,4.A.1,1.B.25,GH20
2.A.59,2.A.7,HTH_DeoR|DeoRC,SIS,4.A.6,4.A.6,4.A.6,4.A.6,CE9,GH105,GH154,1.B.52,LysR_substrate|HTH_1,3.A.1,HTH_18,2.A.76,9.B.10,2.A.114,GH103
2.A.47,HD,Aminotran_1_2,Rhodanese,9.B.27,LysR_substrate|HTH_1,3.D.1,3.D.1,3.D.1,3.D.1,3.D.1,3.D.1,3.D.1,3.D.1,3.D.1,3.D.1,3.D.1,3.D.1,3.D.1,GH3,3.D.7,5.A.3,3.D.7,3.D.7
2.A.1,4.A.1,GH4,HTH_6|SIS,2.A.1,LysR_substrate|HTH_1,2.A.39
3.A.1,3.A.1,3.A.1,3.A.1,GT2,GH2
3.A.1,3.A.1,3.A.1,Aminotran_1_2,PALP,2.A.113,BTAD,AraC_binding|HTH_18,GH4,9.B.34
1.E.2,GH108
5.A.3,5.A.3,5.A.3,GAF,9.B.174,GH13_19,9.B.1,2.A.21,2.A.21,Trans_reg_C|Response_reg,1.B.17,2.A.6,2.A.1,LysR_substrate|HTH_1,3.A.1,3.A.1,LacI|Peripla_BP_3,3.A.7,2.A.8
9.B.100,3.A.23,3.A.1,3.A.1,3.A.1,3.A.1,3.A.1,1.A.23,2.A.42,3.A.1,3.A.1,3.A.1,2.A.3,3.A.1,GH3
9.B.124,3.A.1,3.A.1,3.A.1,3.A.1,3.A.1,2.A.42,GH23,2.A.23,IclR|HTH_IclR,2.A.1,2.A.66,EAL,2.A.109,4.A.6,4.A.6,4.A.6,CSD,LysR_substrate|HTH_1,3.A.7
CBM50,3.A.1,3.A.1,3.A.1
1.B.54,CSD,CSD,2.A.7,GT83,GT2,Aminotran_1_2,2.A.1,2.A.76,1.A.14
1.B.1,Aminotran_1_2,GH73
GT0,2.A.61,9.B.22,2.A.7,3.A.1,9.B.97,2.A.3,LysR_substrate|HTH_1,2.A.98,2.A.85,2.A.7,1.E.14,2.A.122,9.B.114,EAL,9.B.169,GT2,Glucokinase,2.A.55,2.A.41
2.A.6,2.A.6,3.A.5,GH13_21,1.A.23,2.A.3,2.A.26,EAL|MASE1,CBS,EAL|PAS|GGDEF|MASE1,2.A.3,TOBE,2.A.85,8.A.1,1.B.35,2.A.21,HTH_6|SIS,3.A.1,3.A.1,SBP_bac_1|SBP_bac_3,2.A.13,LysR_substrate|HTH_1,Nitroreductase,2.A.16,1.C.75,1.B.20
9.B.2,2.A.42,PALP,LysR_substrate|HTH_1,AA2,GyrI-like|HTH_18,GerE,2.A.1
3.A.23,HisKA|HATPase_c,GH23
2.A.17,2.A.3,Trans_reg_C,Glyoxalase,GT19,1.B.33
GH102,3.A.7
1.B.1,GT51
GT0,4.A.6,4.A.6,4.A.6,4.A.6,SIS,HTH_DeoR|DeoRC,3.A.1,3.A.1,Trans_reg_C|Response_reg,2.A.53,Pribosyltran,8.A.2,2.A.7
2.A.3,9.B.125,3.A.15,3.A.15,NUDIX,3.A.5,CE11,GT28,2.A.103,9.B.146
GH23,3.A.1
CBM50,2.A.25,1.A.23,3.D.10,3.D.10,2.A.7,2.A.14
GH23,2.A.3,SIS,2.A.47,5.A.3,5.A.3,5.A.3,MCPsignal,1.B.6
9.B.21,HEM4,TPR_2,GT26,9.B.128,GT56,2.A.66,Aminotran_1_2,GT0,9.B.146,3.A.6,1.I.1
2.A.1,Aminotran_1_2,GT9,GT9,GT2,GT4,GT4,GT9,GT4,GT4,GT30,GT2
