3.A.1,3.A.1,GH1,3.A.1,Response_reg|GerE,4.A.5,4.A.5,4.A.5,Mga|HTH_11,1.C.64
2.A.35,Peripla_BP_3|LacI,GH65,4.A.1
3.A.1,GH73,Peripla_BP_3|LacI,3.A.1,GH13_29,2.A.86,3.A.1,LytTR|Response_reg,9.B.14
GH78,2.A.2,HTH_18|AraC_binding,GH78
1.E.24,GH25,2.A.1,3.A.1,9.B.20,2.A.86,Mga|HTH_11,4.A.2,4.A.2,4.A.2,4.A.2,DeoRC|HTH_DeoR,GH29,4.A.6,4.A.6,4.A.6,FeoA,9.A.8,TrkA_C|GntR,3.A.1,3.A.1
GT2,2.A.98,2.A.16,HTH_1|LysR_substrate,2.A.103,3.A.1,3.A.1,3.A.1,1.B.42
GH35,4.A.6,4.A.6,4.A.6,4.A.6,GerE,2.A.3,MerR,3.A.1,3.A.1,Mga|HTH_11,2.A.1,4.A.1,GH1,1.A.16,GntR,4.A.3
GH1,3.A.1,3.A.1,3.A.1
9.B.146,GT28,9.A.4
9.B.126,GT2
3.A.1,3.A.1,GT2|GT2,9.B.18,GT2,GH25,GT2,GT2,9.B.116,HATPase_c,Response_reg|GerE,2.A.38
9.A.24,CBM12|CBM5,AA10
2.A.86,9.A.40,CBM32|PL8,GT0,3.A.9,PTS-HPr,8.A.7,GT4,GT4
4.A.3,GH1,HTH_6|SIS,PfkB,4.A.2,4.A.2
2.A.87,2.A.118,Fer4,2.A.16,4.A.1,GH32
GH29,GH20,GH29,3.A.1,3.A.1,GH1
3.A.3,2.A.85,2.A.85,GH73,Pribosyltran,2.A.40
3.A.1,PfkB,3.A.1,GH13_31
3.A.1,3.A.1,3.D.6,3.A.1,3.A.1,3.A.1,CBM34|GH13_20,4.C.1,MarR,2.A.86
GH1,4.A.3
GH123,GH1,Glucokinase,4.A.3
GT2,9.B.18,8.A.3
3.A.1,3.A.1,3.A.1,Peripla_BP_2,GT2
GH25,1.E.24
3.A.3,3.A.3,3.A.3,GH1,4.A.3,4.A.3,DeoRC|HTH_DeoR,GH1,GntR,4.A.3
2.A.49,HD,2.A.9,2.A.66,GT4,9.B.18,Aminotran_1_2,9.B.18,8.A.3,8.A.3
GH1,GH4,HTH_6|SIS,3.A.1,3.A.1,2.A.55,GT51,3.A.7
AA10,AA10,SIS,4.A.6,4.A.6,4.A.6,4.A.6,3.A.1,3.A.1,HTH_3,3.A.1,3.A.1,2.A.88,2.A.3
3.A.1,3.A.1,3.A.1,3.A.1,3.A.1,3.A.12,GH1,3.A.1,3.A.1,3.A.1,3.A.7,TetR_N,2.A.1
GT4,9.B.18,9.B.18,9.B.18,8.A.3,8.A.3,4.A.1,4.A.1
9.B.34,EAL,GT2
GT2,2.A.4,GT2
GH13_31,2.A.40
4.A.3,4.A.3,GH1,2.A.66,4.A.3,4.A.3,Mga|HTH_11,GH73
3.A.1,3.A.1,TetR_N|TetR_C,CE1,2.A.1,3.A.16,Pribosyltran,2.A.66
