3.A.1,HATPase_c,GerE|Response_reg,GH13,2.A.3
GT81,Rhodanese,2.A.1,Pribosyltran,1.I.1
GT51,GT51,Whib,1.A.1,HhH-GPD,3.A.7,8.A.5,2.A.1,3.A.7,AAA,2.A.1
2.A.8,GT4,5.A.3
2.A.1,3.A.16,TetR_N,GT4,CE14,2.A.26,GT39,GH23,3.A.1,MarR,3.A.1
2.A.86,CE14,1.C.113
GT2,3.A.1
GT2,Aminotran_1_2,3.A.1,GT0,3.A.1,3.A.1,GT0,4.D.1
GT0,9.B.98
8.A.5,3.A.1,3.A.1,3.A.1,GH4,DeoRC|HTH_DeoR,PfkB,SBP_bac_1,3.A.1,3.A.1,CBM9,3.A.1,3.A.1,3.A.1,2.A.53,2.A.40
2.A.8,GH33,3.A.12,4.F.1
9.B.146,2.A.103,GT28
2.A.98,FUR,3.A.1,3.A.1,9.B.141,HD,GT2|GT2,3.D.10,3.D.10,3.A.1,2.A.6
9.B.106,GH23
3.A.3,2.A.38,3.A.1,GT5,3.A.1,8.A.21
GH13_10,GH13_26,CBM48|GH13_11,2.A.7,4.C.1,GT4
2.A.64,GT2,3.A.1,TetR_N,3.A.3
GT4,2.A.66,1.B.50,1.C.109
2.A.1,HTH_IclR|IclR,GT4,2.A.88,3.A.16
4.A.1,GH77,3.A.1,1.A.43
3.A.1,3.A.1,HD,GH23,Rhodanese|Pyr_redox_2,3.A.1,Peripla_BP_2,GATase_2,Pyr_redox_2,1.A.11
9.A.40,9.A.40,Sigma70_r4_2|Sigma70_r2,CE9,Glucokinase,3.A.1,3.A.1,3.A.1,3.A.1
1.A.23,CBM5
3.A.1,3.A.1,3.A.1,2.A.63,2.A.63,2.A.63,3.D.7,3.A.1,3.A.1,3.A.1,8.A.5,GH15
3.A.7,GT51,2.A.86,2.A.1
