GH114,STAS,STAS,HATPase_c,AA10,GH19,NTP_transf_2,3.A.1,3.A.1,GH33,HTH_12,CE4,GH16_3,GerE|Response_reg,3.A.1,3.A.1,3.A.1
CBM35,TetR_N,MarR,2.A.1
9.B.75,4.C.1,2.A.19,GH10|CBM2,9.B.106
3.A.6,GT4,9.B.18,2.A.66,GT4
GH0,3.D.4,3.E.2,GH1,3.A.1,3.A.1,3.A.1,CBM32|GH158|CBM32,CBM32|GH55
CE4,GH11,GH13_30,3.A.1,3.A.1,SBP_bac_1,Peripla_BP_3|LacI,GH87,CBM67|CBM67|GH78,GH42,SBP_bac_1,3.A.1,3.A.1,Peripla_BP_3|LacI,Peripla_BP_3|LacI,3.A.1,3.A.1,3.A.1,GH127,GH2|CBM42,Peripla_BP_3|LacI,GH2,GH92,PL11
2.A.28,GH16_3|CBM13,NUDIX,GT2,TetR_N,1.A.8,3.A.24,HTH_DeoR|DeoRC,CBM2|GH5_2,CBM2,PALP,2.A.1
GH115|GH115,GH3,3.A.1,3.A.1,3.A.1
2.A.85,MarR|AsnC_trans_reg,9.B.106,8.A.5,GH16_3,1.A.8,9.A.25,HTH_IclR,3.A.1,3.A.1,3.A.1,GH43_3,GH74|GH74|CBM2,1.E.43,PAS|GAF|SpoIIE,Trans_reg_C|BTAD,2.A.15,2.A.1,TetR_N,3.A.1,3.A.1,3.A.1,9.B.102,TetR_N,9.B.106,TetR_N,1.B.76
3.A.1,MarR,GH109,3.A.1,3.A.1,3.A.1,3.A.1
4.A.1,8.A.7,GH31
2.A.115,2.A.1,GT2,HTH_11|AsnC_trans_reg,GH18,3.A.24,9.A.40,9.A.40,4.B.1,GH18,MarR,2.A.40
GT4,4.F.1,1.A.1,3.A.1,3.A.1
4.C.1,CBM32,MerR,TetR_N,9.B.44,TetR_N|TetR_C,HTH_IclR,2.A.7
3.A.1,3.A.1,3.A.1,2.A.1,GT4
3.D.2,NUDIX,CbiA,GH15,GT4,1.C.109,3.A.1
8.A.21,3.A.1,GerE|Response_reg,GAF|HATPase_c,GH23,3.A.1,ACT,2.A.1
CBM61|GH53,GH42,3.A.1,3.A.1,3.A.1,Peripla_BP_3|LacI,MarR,Pkinase,PL1_7
PL3_4,CE8,PL1_6,CE12,3.A.1,GH43_10,3.A.1,3.A.1
PL31,GH23,3.D.1,3.A.1,3.A.1,3.A.1,3.A.1,3.A.1
GH35,1.I.1,CSD,Pyr_redox_2,GATase_2,2.A.89
GT28,2.A.103,9.B.146
4.C.1,GT4
GH13_13|CBM41|GH13_13,GH13_32|CBM20,Peripla_BP_3|LacI,GH13_30,3.A.1,3.A.1,3.A.1
CBM13,CBS,9.B.62,2.A.1,2.A.1,TetR_N,2.A.1,3.A.1,3.A.1
2.A.1,GT2,3.A.1
2.A.1,2.A.1,IclR|HTH_IclR,2.A.39,9.B.179,GH0,GT4,TetR_N,3.A.1,3.A.1,3.A.1,GT87,2.A.1
2.A.1,TetR_N,HATPase_c,GerE|Response_reg,8.A.5,MerR,3.A.1,GT1
2.A.76,2.A.121,3.A.1,3.A.1,3.A.1,GH51,MarR,9.B.157,GAF,AsnC_trans_reg,2.A.1,4.C.1,2.A.1,3.A.1,3.A.1
GH77,GH84|CBM32,1.A.23,MarR,3.A.1,3.A.1,3.A.1,GH4
8.A.59,GAF,HTH_1|LysR_substrate,GH3,3.A.1
GH1,3.A.1,3.A.1,3.A.1,CBM2|GH18
3.A.1,3.A.1,3.A.1,3.A.1,IclR|HTH_IclR,AA10
2.A.1,3.A.1,GT51,2.A.7,2.A.1,4.A.1,4.A.1,4.A.1,PALP,2.A.3
GH20,3.A.1,3.A.1,3.A.1
CE4|GT2,HTH_1|LysR_substrate,9.B.174,3.A.1,9.B.106,9.B.106,FHA,3.A.1,3.A.1,3.A.1,GT2,GT4,GT2,GT2,GT2,GT2,TetR_N,3.A.1,3.A.5
GT2,9.B.15
GH2,3.A.1,3.A.1
GT39,2.A.7,3.A.1,3.A.1,2.A.6
3.D.1,2.A.1,HTH_11,Sigma70_r3|Sigma70_r4|Sigma70_r2,MarR,2.A.1,TetR_N,GT2
GT51,1.A.1,3.A.3,HTH_5,1.E.43
1.I.1,GH19,GH19,9.B.106
AA10|CBM2,CSD,1.I.1,CBS,MerR,3.A.1,GH65
2.A.66,HD,2.A.1,SBP_bac_3,PadR,GT51
5.A.1,1.I.1,2.A.3,GT76
CBM51,TetR_N,Pyr_redox_2,SpoIIE,2.A.1,MarR,GerE|Response_reg,3.A.1
GH23,9.B.105,2.A.20,3.A.1,3.A.1,3.A.1,3.A.1
GT4,2.A.7
CE9,3.A.1,GT20,GT81,PALP,CSD,CBM4|GH9|CBM2
2.A.1,3.A.3,2.A.40,MarR,8.A.5,GH31|CBM51
3.D.10,3.D.10,GH20
2.A.1,Sigma70_r2|Sigma70_r4_2,2.A.76,TetR_N|TetR_C,GT2,TPR_1,GT2
3.A.1,3.A.1,CE14
2.A.8,2.A.55,CBM16|GH18
9.B.186,SBP_bac_5,3.A.1,3.A.1,GT76,8.A.5,2.A.86,HTH_1|LysR_substrate,3.A.1,PadR,GT51
3.A.1,HATPase_c,GerE|Response_reg,GH65
GH1,3.A.1,3.A.1,3.A.1,CE7,Peripla_BP_3|LacI,MarR,2.A.1,SBP_bac_5,3.A.1,3.A.1,3.A.1,3.A.1,3.A.1,3.A.1,3.A.1,3.A.1,3.A.1,3.A.1,8.A.51,CE14,3.A.1,3.A.1,GerE|Response_reg,GH55
GT4,GH135,Rhodanese,2.A.1
2.A.21,GntR,3.A.1,3.A.1,3.A.1,GH3
9.B.146,1.A.77,3.A.2,3.A.2,3.A.2,CBM2|GH18
2.A.23,GH16_3
3.A.1,3.A.1,3.A.1,HATPase_c,GerE|Response_reg,CBM48|GH13_11
9.B.34,CBM32
GH30_3|CBM13,Peripla_BP_3|LacI,3.A.1,3.A.1,3.A.1,3.A.1,3.A.1,GH1,CBM32|CBM32|GH16_3,CBM11|GH3,3.A.1,3.A.1,3.A.1,3.A.1
GH64,GH101|CBM51,3.B.1
3.A.1,3.A.1,3.A.1,GerE|Response_reg,GT4,3.A.1
3.A.1,3.A.1,3.A.1,3.A.1,CBM16|GH18
3.D.4,3.B.1,GH23
GT4,9.B.18
GH43_26,3.A.24,3.A.24
GH1,3.A.1,3.A.1,SBP_bac_1,GH31,CBM32|GH92,3.A.1,3.A.1,3.A.1,HTH_IclR,3.A.1,3.A.1,3.A.1,2.A.3,GT4,PIG-L,CE12
GH1,FHA,GH13_26,GH13_11,3.A.1,3.A.1
2.A.1,GntR,GH33,CBM40,CE7,GntR,3.A.1,3.A.1,3.A.1,3.A.1
2.A.40,GH46,GH46,GH3,GH5_19,Peripla_BP_3|LacI,3.A.1,3.A.1
3.A.1,3.A.1,3.A.1,GH2,GH93|CBM13,8.A.5
2.A.106,NUDIX,3.A.1,3.A.1,3.A.1,3.A.1,GH87,PAS|GAF|SpoIIE,2.A.1,4.C.1
2.A.1,CE4|GT2,GH18,HTH_1|LysR_substrate,8.A.5,3.A.1
GH13_32,2.A.6,TetR_N,HTH_DeoR|DeoRC,2.A.8
4.C.1,2.A.28,3.A.1,3.A.1,3.A.1,CBM6
3.A.1,3.A.1,PfkB,GH18|AA10|CBM16|CBM5
GH12,GH95,GH42,3.A.1,3.A.1,GH3,GH31,AA3,3.A.1,3.A.1,3.A.1
GH23,9.B.74,CBM32,HTH_3,Glyoxalase,Whib,GH46
2.A.4,GT2,3.A.1,3.A.1
GT28,2.A.7,CE4
1.A.1,2.A.59,HTH_5,PL1_5,MerR,2.A.53,GT1
GH154,3.A.1,3.A.1,3.A.1,HTH_DeoR|Peripla_BP_3,2.A.102
GH27,SBP_bac_1,3.A.1,3.A.1,GH36
GH23|CBM50,2.A.7,Response_reg,HisKA|CHASE3|HATPase_c,Response_reg|SpoIIE,Sigma70_r3|Sigma70_r4|Sigma70_r2,2.A.1,1.B.77
2.A.21,9.B.33,Sigma70_r4|Sigma70_r2,CE4
3.A.1,3.A.1,HTH_3,HTH_3,3.A.1,3.A.1,3.A.1,9.B.139,MerR,1.B.12,GH13_31,SpoIIE,2.A.1,Glyoxalase,2.A.1,TetR_N,3.A.1,3.A.1,3.A.1,3.A.1
AA10,2.A.1
GH25,3.D.4
2.A.86,Aminotran_1_2|GntR,AA10,GH18
CBM13,Peripla_BP_3|LacI,SBP_bac_1,3.A.1,3.A.1,GH35,SBP_bac_3,3.A.1,3.A.1,PAS|HATPase_c,Response_reg|HTH_IclR,1.A.43
