1.B.22,GT51
GH13_29,4.A.1,Pyr_redox_2,DeoRC|HTH_DeoR,9.B.104
9.A.8,9.A.8,Response_reg|Trans_reg_C,HATPase_c|HisKA,3.A.1,3.A.1,3.A.1,3.A.1,3.A.1,3.A.1,3.A.1,2.A.40,GT0,3.A.23
3.A.7,GH102
2.A.8,2.A.50,GH73,2.A.109
GT51,CSD,Aminotran_1_2,HTH_3,2.A.46,3.A.23,3.A.1
9.B.146,2.A.103,GT28,CE11,3.A.5,3.A.1,NUDIX,3.A.15,3.A.15,9.B.125
1.A.8,GT1
1.E.1,GH24
GH23,HATPase_c|HisKA,3.A.23,Aminotran_1_2,2.A.1,3.A.1,3.A.1,3.A.1,4.C.1,Peripla_BP_2,1.B.14
9.A.41,GT51
2.A.47,HD,Aminotran_1_2,LysR_substrate|HTH_1,3.D.1,3.D.1,3.D.1,3.D.1,3.D.1,3.D.1,3.D.1,3.D.1,3.D.1,3.D.1,3.D.1,3.D.1,3.D.1,EAL,GGDEF,GT2,CE4|GH153,1.B.55
1.E.2,GT9
GH3,Pyr_redox_2,1.B.12,3.A.1,3.A.1,3.A.1
GT4,2.A.25,HTH_18,2.A.3,CSD,PfkB,2.A.1,Response_reg|Trans_reg_C,HATPase_c|HisKA,2.A.6,2.A.6,8.A.1,1.A.26
9.B.62,GAF,9.B.174,9.B.1,2.A.23,3.A.1,3.A.1,3.A.1,3.A.1,GH23
3.A.1,3.A.1,Aminotran_1_2,GT2,GT83,2.A.7,2.A.7,3.A.1,3.A.1,3.A.1,1.B.14,4.A.1,2.A.86,2.A.66,2.A.1
GH103,CbiA,4.C.1,2.A.7,2.A.7,SIS|HTH_6,CBM50,3.A.1,3.A.1,3.A.1
1.B.6,3.A.6,3.A.6,3.A.6,3.A.6,3.A.6,3.A.6,3.A.6,3.A.6,GH73
3.A.1,3.A.1,3.A.1,TOBE|HTH_1,3.A.1,2.A.75,4.B.1,2.A.1,LysR_substrate|HTH_1,2.C.1,2.C.1,2.C.1,2.C.1,1.A.30,1.A.30,8.A.79,3.D.4,3.D.4,3.D.10,3.D.10,Citrate_synt,HTH_18|AraC_binding,2.A.1,3.A.3,3.A.3,3.A.3,HATPase_c|HisKA,GH13_13,2.A.7
4.A.1,CE9,MarR,9.A.40,3.A.1,3.A.1,3.A.1,3.A.1,1.B.42,2.A.103,2.A.38,1.A.43,CSD,3.A.1,3.A.1,3.A.1,MarR,8.A.1,2.A.1
3.A.23,Sigma70_r2|Sigma70_r4|Sigma70_r3,CBM50
2.A.3,3.A.1,3.A.1,3.A.1,3.A.1,HTH_18,GH23
GT19,dCache_2,1.B.33
GT9,HTH_3,Sigma70_r2|Sigma70_r4,3.A.1,3.A.1,3.A.5,3.A.3,2.A.88,2.A.1,3.D.10,3.D.10,1.B.14,2.A.55,GntR,2.A.38
3.A.25,2.A.1,GerE,GT35,GH77,3.A.1,3.A.1,3.A.1,3.A.1,1.B.3,1.C.82,3.A.5
CBM50,2.A.25,1.A.23,2.A.16,2.A.7,2.A.1,LysR_substrate|HTH_1,1.A.35
9.B.21,HEM4,TPR_2,2.A.3,GT26,9.B.128,GT56,2.A.66,Aminotran_1_2,GT0,9.B.146,3.A.6,1.I.1
1.A.8,9.B.124,3.A.1,2.A.4,GT4
GT2,Aminotran_1_2,9.B.18,9.B.18,Rhodanese,1.A.34,Aminotran_1_2,GT9,GT9,GT9,GT9,GT4,GT4,GT30,GT2,GT4,GT4,GT9,GT4
