3.A.1,3.A.1,TetR_N,GH2,3.A.9
GH1,TetR_N,2.A.1,GH20
2.A.75,Sigma70_r4_2|Sigma70_r2,3.A.1,HATPase_c,Response_reg|GerE,AA10,AA10,2.A.3,Response_reg|GerE,PspC,PspC,1.A.1,GT4,GT4,GT4,9.B.18,GT2
3.A.1,3.A.1,3.A.1,GH13_30
3.A.1,B12-binding_2|B12-binding,GH13_13|GH13_13,9.B.14,5.A.1
3.A.1,3.A.1,PadR,GH39,SBP_bac_1,3.A.1,CE7,2.A.4
9.B.160,3.A.1,3.A.1,3.A.1,GH13_30
GH13_36,PfkB,3.A.1,3.A.1
1.A.35,TetR_N,GT94
GH65,FHA,2.A.103,9.B.106,9.B.106,9.B.104,3.D.1,NUDIX,8.A.5
GH3,3.A.1,3.A.1,3.A.1,3.A.1,3.A.1,Pyr_redox_2,3.A.1,3.A.1
4.C.1,3.D.10,3.D.10,3.D.10,2.A.47,Pribosyltran,Peripla_BP_3|LacI,GH92
2.A.1,Response_reg|GerE,3.A.1,3.A.1,GH23,2.A.14
3.A.1,3.A.1,GH3
GH3,2.A.89
GT21,GT1,3.A.1,3.A.1,3.A.1
3.A.1,3.A.1,GH3
2.A.1,Sigma70_r4_2|Sigma70_r2,CE9
3.A.1,3.A.1,GH20,GH20
GH18|CBM5,GH18,3.A.1,3.A.1,3.A.1,3.A.1
2.A.7,HTH_3,GT39
2.A.7,GH2,3.A.1
9.B.159,Pyr_redox_2,3.A.1,3.A.1,TetR_N,2.A.6,GT20,ACT,CBM5,Trans_reg_C|BTAD,9.B.158
GT51,GT51,2.A.109,FHA,9.B.106
3.A.5,9.B.76,GH1
GH23,3.A.1
GT5,3.A.1,GT4
GT28,2.A.103,9.B.146
GT2,GT2,GT2,3.A.1,GT2,GT0,GT2
3.A.7,GT0,2.A.66,GT2,GT2,GT2,4.C.1,4.C.1,4.C.1,GT2,9.B.18,GT51
GT4,GT26,8.A.3
3.A.1,GH4,MarR,3.A.1,3.A.1,3.A.1,HTH_IclR|IclR,GH6
2.A.1,HTH_IclR,SBP_bac_1,3.A.1,3.A.1,Peripla_BP_3|LacI,CBM22|CBM22|GH10|CBM9,GH10,2.A.4
