3.A.7,3.A.7,3.A.7,3.A.7,3.A.7,3.A.7,3.A.7,3.A.7,3.A.7,GH23
2.A.4,9.B.72,Trans_reg_C|Response_reg,2.A.21,GT83,GT2,HTH_1|LysR_substrate,1.B.5,3.A.3,2.A.6,2.A.6,2.A.6,1.B.25
3.A.23,Pyr_redox_2,2.A.102,HTH_1|LysR_substrate,AA3_2,2.A.1
GH12,8.A.1,3.A.1,2.A.6,2.A.53,2.A.53,3.D.4,3.D.4,3.D.4
GH5_48,MarR,2.A.1
GH17,3.A.1,9.B.136,2.A.21
GH104,2.A.7,Rhodanese,3.A.1,9.B.34
3.A.1,GT4,GT4,9.B.146,9.B.18,2.A.1,Aminotran_1_2|GntR,MCPsignal,2.A.46
1.A.35,1.B.14,2.A.1,HTH_1|LysR_substrate,HTH_1|LysR_substrate,GT104
9.B.104,GH0
3.A.1,MCPsignal,GT4
GH23,3.A.1,3.A.7
GH23,3.A.1,3.A.1
2.A.49,HTH_1|LysR_substrate,4.C.1,dCache_1|MCPsignal,4.C.1,HTH_3,3.B.1,3.B.1,4.C.1,GH13_3,GH13_16,CBM48|GH13_9,CBM48|GH13_11,GH13_26,GH77,GH13_10,GT5,GH15
8.A.21,PL7_2,2.A.21,Response_reg,CsrA,3.A.1,3.A.1
9.B.10,3.A.1,3.A.1,3.A.1,3.A.1,Aminotran_1_2,SBP_bac_3,3.A.1,HTH_18,AA3_2,1.B.76,9.B.62
1.B.25,GT0|GT2|GT4,1.B.14,2.A.1,HTH_1|LysR_substrate,Nitroreductase,2.A.1,HTH_1|LysR_substrate,2.A.109,HTH_3|AraC_binding,Pyr_redox_2,SBP_bac_1,2.A.39,2.A.7,9.B.29,2.A.76
2.A.8,3.A.23,HisKA|HATPase_c,HisKA|HATPase_c,GH23,3.A.15,3.A.11,9.B.34,2.A.6,2.A.6,2.A.6,2.A.6,2.A.42,2.A.1,Aminotran_1_2,SIS|HTH_6,3.A.1,3.A.1,3.A.1,3.A.1
2.A.1,Aminotran_1_2|GntR,AA3_2
9.B.34,3.A.1,3.A.1,3.A.1,3.A.1,3.A.1,2.A.33,GH50
2.A.3,GT0,PadR,1.B.19
2.A.53,GH3,HisKA|dCache_1|HATPase_c,3.A.23,2.A.1
2.A.1,TetR_N,2.A.6,2.A.6,2.A.6,1.B.25,2.A.1,2.A.1,HTH_IclR|IclR,2.A.20,dCache_1|MCPsignal,GT4
2.A.1,2.A.1,1.A.23,2.A.21,NUDIX,3.A.5,CE11,GT28,2.A.103,9.B.146
GT2,1.B.13,PL5_1,2.A.50,3.A.1,2.A.1,HTH_1|LysR_substrate,8.A.1,8.A.48,2.A.85,1.B.17
GH23,3.A.1,3.A.1,3.A.1,3.A.1,3.A.1,1.B.14,3.A.1,3.A.1,3.A.1,3.A.3
2.A.16,3.A.1,3.A.1,3.A.1,9.B.35,CE4,9.B.43,2.A.40,1.B.10,1.B.10
2.A.86,2.A.3,dCache_1|MCPsignal,2.A.3,GT25
1.M.1,GH19
9.A.33,1.E.20,HTH_3,HTH_1|LysR_substrate,2.A.3,Fer4,Sigma70_r3|Sigma70_r4|Sigma70_r2,CBM50
GT19,1.B.33
2.A.36,GH17|GT2
1.B.20,1.C.75,GH23,9.B.62
1.B.52,GT4,CbiA,9.B.186,SpoVT_AbrB,HATPase_c,Response_reg|TPR_2,9.B.159,9.B.164,4.C.1,2.A.106
3.A.25,TPR_2,1.B.46,Pribosyltran,2.A.23,Glyoxalase,HTH_1|LysR_substrate,9.B.18,GT26,GT4,GT2,Pyr_redox_2,GH148,CbiA,1.B.18,2.A.39,1.A.23,Ada_Zn_binding|HTH_18,HhH-GPD,2.A.1,HTH_1|LysR_substrate,2.A.53
3.A.7,3.A.7,Response_reg,GT51,2.A.66,NUDIX,9.B.34,MCPsignal,5.A.1
1.A.62,GT2,1.A.30,1.A.30
2.A.39,2.A.6,GT30,HTH_1|LysR_substrate,2.A.7,8.A.5,PfkB,3.A.1,PIG-L,GT4,2.A.21,2.A.1,1.I.1,Pyr_redox_2,2.A.85
GH102,2.A.7,2.A.36
2.A.64,MCPsignal,3.A.1,3.A.1,3.A.1,GT2,2.A.3
1.A.34,9.B.174,2.A.15,TetR_N,AA3_2,2.A.36,1.A.23
GT2,2.A.6
2.A.1,Pyr_redox_2,GATase_2,9.B.42,SKI,GT51,3.A.11,3.A.7,3.A.15,9.A.4
GT51,Sigma70_r4|Sigma70_r2,3.A.1,3.A.1,3.A.5
1.E.11,5.B.1,3.A.6,9.B.27,2.A.108,2.A.6,8.A.1,MarR,1.B.55,GH8,4.D.3,GT2
GT51,3.A.1,3.A.1,3.A.1
GH103,GH0,GH103,2.A.103
9.B.31,Sigma70_r3|Sigma70_r4|Sigma70_r2,9.B.34,GT73
GT4,GT9,GT9,9.B.34,2.A.21,Trans_reg_C|Response_reg,2.A.3
