3.A.7,GH23
GH92,GH92,GH92,GH92,4.A.2
CBM50,1.I.1,MCPsignal,SBP_bac_1,3.A.1,3.A.1,3.A.1
1.B.6,4.A.3,4.A.3,CBM5,Pyr_redox_2,5.B.1,2.A.6,2.A.6,3.D.1
2.A.21,PfkB,GH20,3.A.1,3.A.1,1.B.52,3.A.1,3.A.1,3.A.1
GH38,4.A.2,GntR,4.A.2,4.A.2
2.A.42,1.B.52,9.A.5,9.B.143,CBM50,GGDEF|GAF|EAL,HTH_1|LysR_substrate,2.A.1,2.A.7,1.B.1,AraC_binding|HTH_18,2.A.76,3.D.4,3.D.4,3.D.4,3.D.4,1.B.6,2.A.1,MCPsignal|PAS,TrmB,GH18,9.B.34,Rhodanese,3.A.25,2.A.55,2.A.49,HTH_3,8.A.5
9.B.34,TetR_N,AA3_2,3.A.1,3.A.1,3.A.1,Nitroreductase,8.A.21,8.A.21
GH13_5,9.B.34,NIR_SIR_ferr|Pyr_redox_2|NIR_SIR,1.A.16,2.A.13,1.B.14,HTH_18,2.A.1,2.A.6,HTH_18,8.A.1,2.A.86,1.A.1,2.A.1,HATPase_c|MASE1,Response_reg|GerE,2.A.1,HTH_18,1.B.23,Rhodanese|Pyr_redox_2,HTH_5,9.B.102,9.B.102,2.A.66
GH18,HTH_18,3.A.1,3.A.1,3.A.1,3.A.1,EAL,LacI|Peripla_BP_1,4.A.2,PfkB,4.A.2,Trans_reg_C,1.B.6,2.A.6
3.A.1,3.A.1,3.A.1,3.A.1,9.B.18,8.A.3,GT4
GT2,GGDEF,1.I.1
2.A.6,1.B.17,2.A.27,9.B.34,HTH_3,GerE,GH2,2.A.15
GH23,NUDIX,9.B.2,2.A.55,HTH_1,HTH_1|LysR_substrate,1.B.6
1.B.6,GntR,3.A.1,3.A.1,SBP_bac_1,Aminotran_1_2,LacI|Peripla_BP_3,4.A.7,4.A.7,4.A.7,CBM5,CE16
9.B.34,HTH_3,9.B.34,HTH_3,2.A.41,3.D.5,GH19,2.A.26,3.A.23,HisKA|HATPase_c,GH1
GH13_37,CBM69,1.B.3,GH13_11
GH13_38,3.A.1,GH133
2.A.21,GH88,1.B.3,PL29,CBS|cNMP_binding,3.A.1
2.A.66,AraC_binding|HTH_18,3.A.1,3.A.1,DeoRC|HTH_DeoR,DeoRC|HTH_DeoR,SIS,4.A.6,4.A.6,4.A.6,CE9,2.A.115,2.A.62,9.B.97,TetR_N,GH18
3.A.1,3.A.1,GH1,3.A.1,LacI|Peripla_BP_3,2.A.66,9.B.34,9.B.124
2.A.76,HTH_IclR|AsnC_trans_reg,AA10,2.A.7,HTH_18,EAL,AraC_binding,1.B.39,8.A.1,2.A.1
CBM41|GH13_13|CBM69|CBM69,HTH_3,2.A.3
2.A.23,4.A.1,GerE,GT35,GH77,GH13_9,GT51,GH13_19,9.A.5,9.B.156,2.A.23,1.B.33
3.A.1,GT8,3.A.11,3.A.1,3.A.1,3.A.1
GT2,2.A.6
2.A.41,HTH_1|LysR_substrate,GH103,CbiA,4.C.1
4.A.1,CE9,MarR,2.A.37,HTH_1,2.A.17
2.A.121,PALP,8.A.8,8.A.7,4.A.1,GH73
1.B.6,1.B.1,3.A.3,1.B.35,GH20
2.A.115,Trans_reg_C,GH13_29,4.A.1,LacI|Peripla_BP_3,3.A.1,3.A.1,3.A.1
GH23,2.A.68
3.A.1,Aminotran_1_2,1.A.23,HTH_1|LysR_substrate,Pyr_redox,2.A.25,2.A.96,GH19|CBM5,2.A.35,CBS,9.B.34,1.B.33
3.A.9,1.B.33,GH23,Trp_repressor,GH23,3.A.1,1.A.34,GH3
3.A.5,CE11,GT28,2.A.103,9.B.146
4.C.1,HTH_1|LysR_substrate,GT1
GT25,GT30,GT9,1.B.14
2.A.106,GH13_19
8.B.24,1.C.1,GGDEF,9.B.167,5.A.2,Fer4,1.C.113,2.A.38,2.A.38,CBM50,3.A.11
1.B.52,2.A.47,Fer4,CBM50
GT51,1.B.22
1.B.42,1.B.42,4.A.3,4.A.3,4.A.3,GH4,LacI|Peripla_BP_3,HD,1.B.52,GH23
3.B.1,3.B.1,GH23,9.A.40,9.B.14,3.A.5
GT51,1.A.11,3.A.1,3.A.1,3.A.1,GH94,GH20,GH9,3.A.1,3.A.1,3.A.1,3.A.1,3.A.1,Response_reg|HisKA|PAS|dCache_1|HATPase_c,2.A.86,Aminotran_1_2,2.A.6,2.A.6,CBM50,1.B.1,3.A.16,3.A.5
2.A.3,GH2,SBP_bac_5,4.A.1
GH36,LacI|Peripla_BP_3,GH23,DeoRC|HTH_DeoR,1.A.8,2.A.1
3.A.7,GH102,1.B.10,Sigma70_r2|Sigma70_r4,2.A.1,3.D.5,3.D.5,3.D.5,3.D.5,3.D.5,3.D.5,3.D.5,9.B.34,2.A.16,CBM73|GH18,2.A.22
1.B.33,GT19
9.B.127,HTH_18,GH4,2.A.2
AA10,HTH_1|LysR_substrate,3.A.23,2.A.25
2.A.21,FIST,3.D.4,3.D.4,3.D.4,3.A.3,5.A.1,Crp|cNMP_binding,GH73,3.A.1,3.A.1,3.A.1,3.A.1,3.A.1,5.A.3,5.A.3
1.B.52,3.A.7,9.B.34,Response_reg,2.A.66,STAS,1.B.18,3.A.23,GT4,GT4,GT4,9.B.18,1.B.17,1.B.6
CBM73,4.C.1
2.A.124,SIS|HTH_6,2.A.81,TetR_N,2.A.33,3.A.1,2.A.66,LacI|Peripla_BP_3,GH36,2.A.21,2.A.1
9.B.27,3.A.1,3.A.1,3.A.1,3.A.23,1.B.52,2.A.22,2.A.6,2.A.6,2.A.6,PspC,9.B.100,3.A.23,3.A.1,3.A.1,3.A.1,3.A.1,3.A.1,3.A.1,3.A.1,3.A.1,3.A.1,GH36,5.A.3,5.B.5,3.A.1,1.A.16,2.A.117
5.A.3,LacI|Peripla_BP_3,GT5,3.A.7
