2.A.38,HTH_5,2.A.38,2.A.38,CBM50
GT51,1.B.22
3.D.1,3.A.1,1.A.23,2.A.25,CBM50
GT51,1.A.1
3.B.1,3.A.1,3.A.1,3.A.1,1.B.25,2.A.23,9.B.27,GH23
9.B.186,GH23,3.D.4,3.D.4,2.A.6,TetR_N,9.B.155
GT28,Aminotran_1_2,9.B.18
GT5,GT5,GT35,GH13_11,CBM48|GH13_9,GH77,EAL|GGDEF,3.D.6,3.D.6,3.D.6,3.D.6,3.D.6
GH13,9.B.34,9.B.34,9.B.34
2.A.1,LysR_substrate|HTH_1,1.A.14,1.A.43,AAA,1.B.46,3.A.12,MarR|AsnC_trans_reg,3.D.2,9.B.34,2.A.1,GH13_23,1.B.14,GH13,GH13_38,GH97,2.A.2,GH15,9.B.124,Peripla_BP_3|LacI,1.B.52,8.A.8,8.A.7,4.A.1,9.B.156
3.A.1,3.A.1,3.A.11,3.A.1,3.A.1,3.A.1,GH3
9.B.34,5.B.7,GH23,AAA,3.A.7,SBP_bac_3,3.A.1,5.B.5,5.A.3,2.A.86
GH3,2.A.1,GH1,2.A.2
GH3,SBP_bac_3,3.A.1,3.A.1,ACT,2.A.76,1.B.52,3.A.1,GH18|CBM73
GT19,1.B.33
1.B.14,GH16_3,GT5,GH13_11,CBM48|GH13_9,GH77,2.A.23,Response_reg|CheW,9.B.10,1.I.1,2.A.79,9.B.10
9.B.146,9.B.146,2.A.66,GT26,GT0,GT4,GT2
GT4,3.A.1,3.A.1,GT2,1.B.22
CBM9,2.A.1,CE9,SIS,GH20,1.B.14
1.A.62,CBM50,1.A.8,2.A.49,GH73,2.A.62,9.B.42
2.A.103,GH103,1.B.14
3.D.1,9.B.34,PL1_11|PL1_11,MarR,9.B.34,GGDEF,2.A.19
3.A.5,1.A.34,CE11,GT28,2.A.103,9.B.146
GH23,2.A.68,8.A.59
GT25,GT9,TetR_N,Aminotran_1_2,1.B.52,9.B.34,Rhodanese,9.B.104
4.C.1,3.A.1,3.A.1,9.B.34,PfkB,2.A.1,GH13_18,Peripla_BP_3|LacI,2.A.13
