GH23,9.B.193
3.A.1,3.A.1,Sigma70_r4_2,8.A.5,AA3_2
GT51,AraC_binding|HTH_18,2.A.37,NIR_SIR|NIR_SIR_ferr,AA3_2,3.A.8,1.A.62
GT2,2.A.6,SIS|HTH_6,2.A.3
3.A.1,2.A.36,2.A.7,AA3_2,3.A.1,3.A.1,3.A.1,3.A.1
GH103,1.B.66,SIS|CBS,8.A.21,CBM50
GH23,3.A.6,3.A.6
1.B.40,3.A.1,3.A.1,3.A.1,GH23,9.B.34,AA3_2,GntR,AA3_2,3.A.1,3.A.1,3.A.1,3.A.1,3.A.1,2.A.102,8.A.1,3.A.1,Response_reg|GerE,GH16_5,TetR_N,2.A.6,2.A.6
GT9,GT9,2.A.76,PfkB,SIS,GT2,MarR|AsnC_trans_reg,Pyr_redox_2,HTH_1|LysR_substrate,9.B.34,AraC_binding,2.A.1
3.A.1,3.A.1,AA3_2,3.A.1,3.A.1,3.A.1,3.A.1,3.A.1,3.A.1,3.A.1,3.A.1
9.B.10,3.A.1,3.A.1,2.A.1,HTH_1|LysR_substrate,PfkB,3.A.1,Peripla_BP_1,3.A.1,AraC_binding|HTH_18,9.B.97,GH127,3.A.1,3.A.1,SBP_bac_1,Peripla_BP_3|LacI,9.B.34
8.A.3,GH5_39,GT4,GT4
3.A.1,GT2,GT2,9.B.97
3.A.1,3.A.1,GntR,GntR,2.A.1,Peripla_BP_3|LacI,3.A.1,3.A.1,3.A.1,SKI,Rrf2,3.A.1,3.A.1,3.A.1,3.A.1,3.A.1,GT51,1.B.33,3.A.1,3.A.1,3.A.1,3.A.1,GH23
2.A.7,GH103,GH25,HTH_3,9.B.97
9.B.146,2.A.103,GT28
CE11,1.B.33
GH3,2.A.64,CBM50,AAA,2.A.6
2.A.76,HTH_1|LysR_substrate,8.A.5,1.B.33,GT19
3.A.1,3.A.1,3.A.1,3.A.1,TetR_N,3.A.1,3.A.1,3.A.1,3.A.1,1.I.1,HTH_1|LysR_substrate,8.A.28,9.B.186,GT51
GH25,9.B.27
3.A.1,Aminotran_1_2,FMN_bind_2,GT83,1.A.34,MarR,3.A.1,Peripla_BP_1,3.A.1
3.A.1,3.A.1,GT4,9.B.18
1.B.33,GT2,3.A.10,3.A.1,3.A.1,3.A.1,3.A.1,2.A.1,9.B.72,Aminotran_1_2,2.A.36
8.A.5,GT90,GntR,2.A.1
3.A.1,HTH_1|LysR_substrate,HATPase_c,2.A.7,HTH_1|LysR_substrate,GT30
2.A.45,GT4,9.B.34,3.D.1,2.A.86,2.A.86
GT2,GT2,GH26,1.B.42
3.A.1,GerE,2.A.1,3.A.1,HTH_5,HTH_1|LysR_substrate,CBM50,HTH_1|LysR_substrate,1.A.35,2.A.7
GH25,GH23,1.B.70,1.B.70
3.A.1,3.A.1,3.A.1,3.A.1,GH13_23,GH13_11,GT5,CBM48|GH13_9,3.A.1,3.A.1,3.A.1
9.B.18,GT2,9.B.18,3.A.1,GT2
8.A.3,1.B.18,HTH_5,GT4,GT4,GT2,9.B.18,2.A.88,3.A.1,3.A.1,3.A.1,3.A.1
4.A.2,GT25
3.A.23,1.A.30,3.A.23,SpoIIE,Pkinase,CBM50,1.B.6,9.B.186,3.A.23
3.A.1,3.A.1,AA3,SIS|HTH_6,3.A.1,3.A.1,3.A.1,3.A.1,3.A.1
3.A.9,3.A.1,3.A.1,3.A.1,GntR,HTH_1|LysR_substrate,3.A.1,3.A.1,GntR,GT1,GT4,GT28,3.A.1,cNMP_binding,GT4,Guanylate_cyc,3.A.1,3.A.1,3.A.1,3.A.1
8.A.59,GT2|CE4,3.E.1,1.A.23,bZIP_1,3.A.5,9.B.149,GAF,HTH_18,3.A.1,3.A.1,3.A.1,3.A.1
GH23,3.A.7,3.A.7,3.A.7,3.A.7,3.A.7,3.A.7,3.A.7
3.A.1,3.A.1,Crp|cNMP_binding,8.A.3,GT4,3.A.1,3.A.1,2.A.66
CE1,9.B.126
GT26,GT0,4.A.5,4.A.5,9.B.62
GH4,3.A.1,3.A.1,3.A.1,3.A.1,GH4,AraC_binding|HTH_18,3.A.1,3.A.1,3.A.1,3.A.1
2.A.66,1.B.4,Response_reg|Trans_reg_C,2.A.21,GT2,HTH_1|LysR_substrate,3.A.1,3.A.1,3.A.1,3.A.1,Aminotran_1_2,GT21,GcrA,1.A.35
2.A.6,2.A.6,2.A.6,3.A.1,3.A.1,3.A.1,3.A.1,3.A.1,GH103
2.A.51,Rhodanese,3.A.1,GT81,HTH_1|LysR_substrate,3.D.1,3.D.1,3.D.1
8.A.5,3.A.3,ACT|HD,2.A.66,GT2
3.A.1,3.A.1,3.A.1,3.A.1,PTS-HPr,4.A.1,GT4,4.C.1,GntR,8.A.3,GT2,GT2,GT0,2.A.66,Pribosyltran,GH16_21,GT2
3.A.1,3.A.1,3.A.1,3.A.1,HTH_IclR|IclR,GH144
9.B.35,CE4
3.A.1,3.A.1,3.A.1,GH13_23,3.A.1
GT2,GT2,SpoVT_AbrB,9.B.160,1.B.12
3.A.1,3.A.1,3.A.1,SIS,GntR,SIS,CE9,4.C.1,GntR,1.A.33
9.B.124,9.B.124,GT4,1.A.46,3.A.5,GH103,2.A.76
1.A.11,3.A.12,GT0
GH15,GAF|HATPase_c,Response_reg,Peripla_BP_1,3.A.1,3.A.1,GerE,3.A.1,SBP_bac_1,3.A.1,3.A.1
GT1,3.A.1,3.A.1,3.A.1,3.A.1,GntR,GT1
GH5_39,1.A.30,1.A.30,2.C.1,2.C.1,TPR_2,3.A.16,1.B.6,1.B.6,2.A.7,3.A.1,3.A.1,3.A.1,3.A.1,Sigma70_r4|Sigma70_r2,3.A.1,3.A.1,3.A.1
3.A.1,3.A.1,3.A.1,2.A.56,HTH_IclR|IclR,GH23
2.A.6,2.A.6,TetR_N,MarR|AsnC_trans_reg,Peptidase_M23,3.A.1,Peripla_BP_3|LacI,3.A.1,3.A.1,GH1,2.A.20,3.A.1,3.A.1,3.A.1,3.A.1
2.A.88,2.A.7,3.A.1,GT2
1.B.22,GT20
3.A.1,3.A.1,GT2|GT2,CE4
