3.A.1,BLUF,DeoRC|HTH_DeoR,SIS,4.A.6,4.A.6,4.A.6,CE9,3.A.1,2.A.6,2.A.6
2.A.21,SBP_bac_3,9.B.105,2.A.7,GT83,GT2
9.B.146,2.A.103,GT28,CE11,3.A.5,NUDIX,3.A.15,3.A.15,3.A.15
2.A.47,SBP_bac_3,SBP_bac_3,4.A.1,GH1
9.B.34,GT5
3.A.1,3.D.7,CE16
3.A.1,GH13_29,4.C.1,4.C.1,2.A.1,8.A.1,GH65,4.A.1
2.A.109,GH5
1.B.52,ACT,GH23,Peripla_BP_3|LacI,GH23,8.A.59
GT35,2.A.3
3.D.2,AsnC_trans_reg|MarR,3.A.12,GT2
CE9,4.A.1,3.A.1,3.A.1,3.A.1,3.A.1
2.A.40,CbiA,GH103,2.A.113
GH5_41,9.B.124,HTH_1,2.A.1,2.A.1
3.A.1,3.A.1,3.A.1,3.A.1,GH73
1.A.30,2.A.66,PadR,SBP_bac_3,SBP_bac_3,SBP_bac_3,GH31
CBM73|GH19,2.A.38,2.A.38,Trans_reg_C|Response_reg,9.B.34
GH32,2.A.95,MarR,3.A.1,2.A.35
4.A.3,4.A.3,GH4,Peripla_BP_3|LacI,2.A.40
GH31,Peripla_BP_3|LacI,2.A.3,FUR,3.A.1,3.A.1,2.A.102
GH18|CBM5,Pribosyltran,9.B.160,Glyoxalase,4.F.1
3.A.15,9.B.158,GH3,HTH_1|LysR_substrate,GGDEF|EAL,3.A.1,3.A.1,3.A.1,Glucokinase,2.A.81
GH13_31,2.A.1,2.A.95
GH32,4.A.1
GH18,GH1,4.A.3,4.A.3,Peripla_BP_3|LacI,4.A.3,2.A.1,2.A.1,Aminotran_1_2,2.A.95,Response_reg,2.A.42,GH4
1.B.3,2.A.2,GH13_14
3.A.1,1.A.62,SBP_bac_3,CBM50,2.A.6,2.A.40
GH13_14,AraC_binding,HTH_18,2.A.1
GT19,1.B.33
2.A.103,GH103
8.A.21,HATPase_c,CBM50
3.A.1,3.A.1,3.A.1,2.A.42,GH13_2,HTH_18,1.B.42,1.B.42,2.A.42
1.B.22,3.A.11,GT51
AA3_2,Sigma70_r4|Sigma70_r3|Sigma70_r2,1.A.34
GH73,Trans_reg_C,2.A.22,GH20,5.A.1
2.A.21,2.A.7,1.I.1,SBP_bac_3,GH23,HTH_1|LysR_substrate,2.A.1
4.A.3,4.A.3,4.A.3,GH1,3.A.1
4.A.2,GH13_18,GH38,4.A.2
2.A.6,GT2
