3.A.11,Sigma70_r2|Sigma70_r4|Sigma70_r3,GT2,GT83,2.A.49
GT19,CE11,1.B.33
3.A.2,GT51
9.B.34,GT2,TPR_1|TPR_2,GT2,3.A.1,3.A.1,TPR_2,GT2,3.E.2,3.A.1,3.A.1
2.A.16,GH13_16,3.A.1,3.A.1,3.A.1,3.A.1,GT20,5.B.4,2.A.1,3.A.1,3.D.10
CE9,2.A.86,3.A.1
GH9,GerE,3.A.1
GT35,GAF,9.B.34,PAS|EAL|GGDEF,1.B.48,3.A.3,1.A.23
3.A.1,3.A.1,GT35,2.A.37
GT4,3.A.1,GT4,GT4,GT4
9.B.145,GT4,9.B.145,9.B.146
2.A.1,3.D.10,3.D.10,GT4,GH13_4
GT83,9.B.142,Sigma70_r2|Sigma70_r4|Sigma70_r3,1.A.26
3.A.1,3.A.1,3.A.5,3.A.1,GT4
GT2,4.D.1,GT4,GT4,9.B.18
9.B.34,4.C.1,9.A.40,GT26
9.B.146,1.A.62,GH38,2.A.64
3.D.3,Fer4,GH23,9.B.67
9.B.34,5.B.4,5.B.4,5.B.4,GT2
9.B.34,CBS|EAL,CBS,STAS,GerE,3.A.1,HD,9.B.174,3.E.2,3.E.2,GH100
3.A.1,9.A.4,GT19,1.E.34
GT4,9.B.18
3.A.16,2.A.9,8.A.21,2.A.7,GT4,GT83,9.B.100,Aminotran_1_2,Peptidase_M23,3.A.1,3.D.1
2.A.63,2.A.63,2.A.63,2.A.63,2.A.63,2.A.63,GH116,1.A.1,3.A.16,LexA_DNA_bind,9.B.55
2.A.83,3.D.1,9.B.27,HisKA,HATPase_c,GerE|Response_reg,3.A.1,3.A.1,3.A.1,3.A.1,2.A.19,9.B.34,Response_reg,GH23
GH57,3.A.1
GH13_11,AAA,GT2,GH3,FeoA,3.E.2
3.A.1,GT51
3.D.2,3.D.2,2.A.22,3.A.1,4.D.1,GH99,8.A.3,1.B.18
3.A.1,3.A.1,3.A.1,3.E.2,2.A.4,GH104,Glucokinase,3.D.1
3.A.1,3.A.1,GT2
CBM50,9.B.73
3.A.1,2.A.16,PspC,GH104
3.D.4,3.D.4,GH0
