GT2,3.A.1,3.A.1
3.A.1,3.A.1,3.A.1,3.A.1,3.A.11,3.A.7,3.A.1,3.A.1,3.A.1,TetR_N,AA3_2,HTH_3,2.A.1
2.A.56,HATPase_c,Trans_reg_C|Response_reg,GT1,GT4,GT4,3.A.1,4.C.1,3.A.1,3.A.1,3.A.1,3.A.1,3.A.1,3.A.1,3.A.1
GT51,1.A.34,2.A.1
1.E.54,GH3
3.D.4,3.D.4,GT2
GH103,2.A.56,2.A.56
3.A.1,3.A.1,3.A.1,GntR|Aminotran_1_2,2.A.56,2.A.40,CE4,9.B.35,3.A.1,3.A.1,3.A.1,2.A.102,2.A.15,2.A.66
GH23,3.A.7,CbiA,9.A.47
GH25,Pyr_redox_2,2.A.58,HTH_1|LysR_substrate,3.D.1,3.D.1
9.B.125,GH103
GH23,2.A.80
CE9,9.B.137
GT107|GT107,9.A.41
GT4,9.B.18,9.B.42
3.A.1,3.A.1,3.A.1,3.A.1,3.A.1,3.A.1,GH13_18,GT81,3.A.1,3.A.1,1.B.4,GH103,2.A.1
GT30,GT30,3.A.7,9.A.40
GT2,1.I.1,3.D.1,3.D.1,3.D.1,3.D.1,3.D.1,3.D.1,3.D.1,3.D.1,3.D.1,3.D.1,3.D.1,3.D.1,3.D.1,3.D.1,1.B.39,9.B.102,Rhodanese,3.A.1,3.A.1,3.A.1,3.A.1,3.A.1
3.A.11,Citrate_synt,dCache_1|HisKA|HATPase_c,3.A.23,GT2,2.A.56,2.A.56,2.A.56,GntR,Pyr_redox,3.A.1,3.A.1
1.B.33,CE11
GT28,2.A.103,9.B.146
9.B.102,GT8,3.A.11
AA3_2,3.A.1,3.A.1,3.A.1,3.A.1
GT30,3.A.18,9.B.102,HTH_5,5.A.1
GH23,1.A.104,3.A.6,3.A.1,3.A.1,3.A.1,3.A.1,HTH_1|LysR_substrate,2.A.122,9.B.43
1.A.30,Response_reg|HisKA|HATPase_c,GT51
GH23,3.A.12
2.A.59,MarR,GH103,1.A.30
3.D.1,Pyr_redox_2,GATase_2,GT51,GT14,GT2,GT4,GT2
GT2,GT4,9.B.18,CbiA,GT2,GT26
AA3_2,9.B.143,2.A.89
3.A.1,3.A.1,GT51,1.A.11,NUDIX,3.A.1,3.A.1,3.A.1,3.A.1,GT4
