GH23,2.A.35
2.A.86,3.A.1,3.A.1,PAS|HATPase_c|HisKA|Response_reg,2.A.47,GH3
GH103,4.C.1
9.B.18,GT4,GT2
GH3,CBM9,GH94,2.A.2,1.B.14,GH16_3,GH16_3,GH3,2.A.1,GH1,2.A.2
1.A.13,TPR_1,Sigma70_r2|Sigma70_r4_2,2.A.21,EAL,GT2,GT2,GT4,GT0,8.A.4,3.A.1,3.A.1,1.B.18,9.B.146,2.A.17
GT2,3.A.8
3.A.1,2.A.6,2.A.6,9.A.41,GT107|GT107,GT2,GT25|GT2,GT2,1.B.18,3.A.1,2.A.59,2.A.15,5.A.1,2.A.95,2.C.1,3.A.1,2.A.1
1.B.14,GH29
2.A.1,AraC_binding,PL17_2|PL17,PL6|PL6_1,1.B.14,GntR,1.B.14
3.A.7,GH23,2.A.22
9.B.100,GH0
9.B.1,TetR_N,GT9,GT30,Aminotran_1_2,Rhodanese,9.B.104,2.A.16,2.A.7
GH16_3|CBM44,HTH_18,2.A.122,1.A.23
GT2,GT4,GT4,9.B.18,8.A.3,9.B.42,3.A.23
1.B.14,GH136,CBM67|GH78,GntR,2.A.7,GH2,GH136,GH50,2.A.21,GH136,GH2,GH43_29,GH95
GH2,GH51|CBM16|CBM16,GH116,GH2,GH51,GH2,1.B.14
1.A.23,2.A.37,Glycos_trans_3N,2.A.1,Peripla_BP_3|LacI,2.A.2,GH97,GH13_13,1.B.14,8.A.5,2.A.2,HTH_3,GH13_13,GH77,CBM48|GH13_11,CBM48|GH13_9,GT35,2.A.21
1.B.14,CBM41|GH13_13,3.A.2,3.A.2,3.A.2,3.A.2,3.A.2,3.A.2,3.A.2,3.A.2
GH23,2.A.38,2.A.38,CBM50
1.B.39,PL7_5,PL7_5
GH16|CBM6|CBM6,1.B.14,CBM57,GH5_34|CBM6|CBM6,2.A.1,GH3,HTH_18,GH5_34|CBM6,PfkB,9.B.2
GT51,3.A.11,1.B.22
2.A.68,GH13
8.A.1,2.A.6,2.A.1,3.A.1,3.A.1,GT4
1.A.23,GT51,Aminotran_1_2,2.A.49,2.A.6,2.A.6
9.B.146,2.A.103,GT28,CE11,1.A.34,3.A.5
CBM50,1.A.62,Rhodanese,3.D.1,GH13_18,GT81
3.D.1,Nitroreductase,2.A.76,AA2|AA2
GH23,9.A.4,3.A.15,3.A.15
2.A.35,2.A.75,GH23,9.A.40,9.B.14,3.A.5,2.A.7,4.C.1
2.A.6,TetR_N,Peripla_BP_3|LacI,8.A.1,9.B.32,1.A.8,1.B.14,GH20,SIS,CE9,2.A.1,2.A.6,2.A.6,3.D.2,3.D.2,2.A.7,1.A.1,2.A.25,1.I.1,TPR_1|Trans_reg_C|TPR_2,2.A.37
GH73,1.A.1
1.B.33,GT19,2.A.23
3.D.10,3.D.10,GH81,ANTAR|Response_reg,3.A.1,3.A.1,3.A.1,3.A.1,NIR_SIR|Pyr_redox_2|NIR_SIR_ferr,5.A.3
3.D.6,3.D.6,3.D.6,3.D.6,3.D.6,3.D.6,EAL|GGDEF,9.A.40,GH23,Pkinase,Glyoxalase,HD,2.A.121,9.B.102,9.B.102
2.A.76,GH73,1.B.10,2.A.40,cNMP_binding|Crp,3.A.3,3.D.4,3.D.4,3.D.4,2.A.76,Sigma70_r2|Sigma70_r4_2,1.A.12,TetR_N,4.C.1
