GT1,Aminotran_1_2,4.C.1,3.A.1
GH33,CE7,GntR,3.A.1,3.A.1,3.A.1,3.A.1,3.A.1,3.A.1,3.A.1,HTH_3,3.A.24
3.A.1,3.D.10,3.D.10,3.D.10,HTH_1|LysR_substrate,9.B.34,CE4,Sigma70_r2|Sigma70_r4,HxlR,9.B.33,2.A.21
2.A.7,GH23|CBM50,CBM13|GH62,GH10|CBM13,3.A.1,Sigma70_r2|Sigma70_r4_2,8.A.5,2.A.69
2.A.102,9.B.1,GH1,3.A.1,3.A.1,3.A.1,1.A.1
4.A.1,8.A.7,GH31
2.A.115,2.A.1,GT2,HTH_11|AsnC_trans_reg,GH18,3.A.24,4.B.1
GT4,4.F.1
9.B.51,TetR_N,4.C.1,3.A.1,TetR_N,CBM32
9.B.106,GT2,GT2,CE4
GH0,AAA,GntR,AA10,1.A.6,2.A.1,GT76,HTH_11,GT4
3.D.2,NUDIX,CbiA,GH15,HTH_8,GT4,1.C.109
2.A.118,TPR_2,PL31,GH23,3.D.1,3.A.1,3.A.1,3.A.1,3.A.1
3.A.9,1.I.1,CSD,GH46,Pyr_redox_2,GATase_2,2.A.89
GT28,2.A.103,9.B.146
4.C.1,GT4
GH13_13,GH13_32|CBM20,Peripla_BP_3|LacI,GH13_30,3.A.1,3.A.1,3.A.1
2.A.1,2.A.1,9.B.179,GH0,GT4,3.A.1,3.A.1,3.A.1,GT87,2.A.1
GH3,TetR_N,2.A.121,MarR,2.A.1,9.B.157
2.A.102,4.A.2,GH63,GH0
9.A.40,CBM13,PfkB,GH4,TetR_N,GT1
3.A.11,GT87
GT1,4.C.1
2.A.1,TrmB,GH77,GH84|CBM32,CE1,1.A.23,HTH_IclR,GH4
3.A.3,Citrate_synt,3.A.7,GH3,3.A.1,Glyoxalase,2.A.21,2.A.4
3.A.1,3.A.1,3.A.1,GH1
CBM13,SpoIIE,GT51,PadR,3.A.1,HTH_1|LysR_substrate,2.A.86,8.A.5,1.A.78,2.A.1
9.A.47,Response_reg|CbiA,GH18,2.A.55
CBM12,CBM12,Aminotran_1_2,1.C.113
CE14,3.A.1,3.A.1
GT2,2.A.76,2.A.1
GT2,HTH_5,CE1,GH20,3.D.10,3.D.10
3.A.1,3.A.1,AA3
2.A.1,1.A.34,GT4
3.A.1,3.A.1,3.A.1,3.A.1,2.A.20,TetR_N,9.B.105,GH23
2.A.66,HD,2.A.1,PadR,GT51
CBM51,TetR_N,Pyr_redox_2,SpoIIE,2.A.1
3.A.1,GT51,Whib,2.A.59,NUDIX,1.A.1,HhH-GPD,NUDIX,9.B.160,2.A.33,2.A.53,CbiA,CbiA,9.A.47
3.A.1,3.A.1,PL17,PL34,PL7_3
CE9,SIS,3.A.1
2.A.1,HD,GT87,TetR_N|TetR_C,2.A.1
GH13_30,3.A.1,3.A.1
2.A.6,2.A.7,GT39,GH84,3.A.1,GerE|Response_reg,2.A.21
3.A.1,3.A.1,3.A.1,GH1,2.A.3
GT2,2.A.14
9.B.97,GT2,GT2,GT4,GT2,3.A.1,3.A.1,3.A.1,FHA,9.B.106,9.B.106,3.A.1,9.B.174,HTH_1|LysR_substrate,CE4|GT2
3.A.1,3.A.1,GH20
2.A.3,PALP,4.A.1,4.A.1,3.A.1,HATPase_c,GerE|Response_reg,2.A.1,2.A.7,GT51,3.A.1
GH6,AA5,GT2,AA10,HTH_IclR|IclR,3.A.1,3.A.1,3.A.1
3.A.1,3.A.1,3.A.1,3.A.1,3.A.1,3.A.1,3.A.1,3.A.1,3.A.1,3.A.1,3.A.1,8.A.51,CE14,Peripla_BP_2,3.A.1
GT4,GH135,3.A.25,2.A.1
2.A.114,GntR,3.A.1,3.A.1,3.A.1,GH3
3.A.1,Sigma70_r2|Sigma70_r4_2,TetR_N,2.A.1,AAA,CE4,GH25
9.B.146,1.A.77,3.A.2,3.A.2,3.A.2,3.A.2,CBM2|GH18,CBM2|GH18
CBM48|GH13_9,GH13_16,GH13_3,GT35,BTAD|Trans_reg_C,3.A.1,3.A.1,3.A.1,CBM48|GH13_11,GH25
GH23,8.A.5,2.A.1
2.A.1,TetR_N,3.A.3,CBM32|GH55,Pyr_redox_2,HTH_5,2.A.1
3.A.1,3.A.1,3.A.1,3.A.1,2.A.1,TetR_N,HATPase_c|GAF,GerE|Response_reg,GH19,GH114,AsnC_trans_reg|TrmB,GntR,2.A.14
2.A.63,2.A.63,2.A.63,2.A.63,2.A.63,GAF|ANTAR,ANTAR,GH81
3.A.1,3.A.1,3.A.1,HTH_IclR,3.A.1,3.A.1,3.A.1,2.A.3,GT83
GH13_10,FHA,GH13_26,GH13_11,MarR,1.A.23,3.A.1,3.A.1
2.A.1,GH32,Peripla_BP_3|LacI,Peripla_BP_3|LacI,GH32,3.D.4
3.A.1,3.A.1,GH2
4.C.1,2.A.25,HTH_1|LysR_substrate,2.A.28,MarR,3.A.1,3.A.1,3.A.1,CBM6
2.A.4,GT2,3.A.1
2.A.1,2.A.1,GH25,4.C.1
3.A.1,3.A.1,3.A.1,GH3,9.B.106,MarR|AsnC_trans_reg,2.A.85
3.A.1,CE4,2.A.7,GT28
GH19,TetR_N|TetR_C,2.A.1,SpoIIE,TetR_N,3.A.1,9.B.110
2.A.37,AA10,GH19
2.A.1,SBP_bac_1,3.A.1,3.A.1,Peripla_BP_3|LacI,GH5_19,GH3
