9.B.97,3.A.1,3.A.1,3.A.1,Peripla_BP_3|HTH_18,GerE|Autoind_bind,CE8,9.B.72
GT9,GT30,GT32,GT2,GT25,GT8,GT8,GT4,GT9,9.B.67,9.B.67,GT9,GT9,Aminotran_1_2,1.A.34
4.A.2,4.A.2,4.A.2,Mga|HTH_11,1.B.76,GntR,8.A.5,Nitroreductase,HTH_18,9.B.27,2.A.56,2.A.56,1.A.30,1.A.30,LacI|Peripla_BP_1|Peripla_BP_3,GH32,4.A.1,1.B.3
GH23,3.A.7
2.A.23,2.A.109,Pyr_redox_2,9.B.34,4.A.1,GH1
1.B.14,CBM32,8.A.5
3.A.1,3.A.1,3.A.1,SBP_bac_1,2.A.1,GH36,LacI|Peripla_BP_1,HD,1.C.113
9.B.149,PL4_4,2.A.21,9.B.136
1.B.33,2.A.55,2.A.1,NUDIX,3.A.1,3.A.1,3.A.1,3.A.1,GH53|CBM13,LacI|Peripla_BP_3,3.A.1,3.A.1,3.A.1,GH1,4.A.1,2.A.1
GH23,HhH-GPD,1.B.12,8.A.5,2.A.109,NUDIX,4.A.2
3.A.7,LacI|Peripla_BP_3,GH102,TetR_N,3.A.1,3.A.1,3.A.1,3.A.1,5.A.3
1.B.33,GT19
3.A.1,3.A.1,3.A.1,3.A.1,1.B.14,FecR,Sigma70_r2|Sigma70_r4_2,EAL,GH103,HTH_1|LysR_substrate,9.B.34
PL3_5,GH28,3.A.1,3.A.1,3.A.1
2.A.37,2.A.114,9.B.10,GH28,3.A.3,MerR,8.A.21
CE9,4.A.1
GT2,GT4,9.B.128,GT4,GT2
1.B.14,GH1,9.B.34
2.A.37,3.A.1,4.C.1,2.A.1,GH2,LacI|Peripla_BP_3,3.A.1,3.A.1,3.A.1,2.A.1,MASE1|HATPase_c,GerE|Response_reg,3.A.1,PL1_8,HTH_1|LysR_substrate,2.A.23,GntR,2.A.11,3.D.1,MCPsignal,2.A.108,2.A.108,3.A.1,3.A.1,2.A.7,AraC_binding|HTH_18,HTH_1|LysR_substrate,2.A.23,3.A.1,3.A.1,SBP_bac_3,3.A.1,3.A.1,PALP,2.A.13,3.A.1,3.A.1,3.A.1,1.B.14,1.B.14
3.A.7,3.A.7,3.A.7,GH23
GH73,3.A.6,3.A.6,3.A.6,3.A.6,3.A.6,3.A.6,3.A.6,3.A.6,GT41
2.A.15,TetR_N,AA3_2,1.B.6,2.A.85,9.B.55
4.A.1,2.A.1,GH3,Pyr_redox_2,2.A.1,TetR_N,3.A.1,3.A.1,3.A.1
3.A.1,3.A.1,LacI|Peripla_BP_1,SKI,2.A.8,EAL,3.A.1,3.A.1,3.A.1,GH4,4.A.1,GntR,GH13_31,4.A.1,2.A.86,3.A.1
4.A.1,GH1,1.B.3,5.A.3,5.A.3,9.B.14,TPR_1,3.A.1,3.A.1,9.B.14,3.A.1,9.B.14,TPR_2,5.B.5
2.A.114,8.A.5,3.D.1,HTH_1|LysR_substrate,LacI|Peripla_BP_3,2.A.1,GH31,Pyr_redox_2,3.A.1,3.A.1,3.A.1,3.A.1,3.A.1,HTH_1|LysR_substrate,GH5_2|CBM3,3.A.23,9.B.100,PspC,3.A.23,3.A.1,1.A.35
1.E.43,GT2,3.A.1,GntR|Aminotran_1_2,Aminotran_1_2,3.A.1,3.A.1,3.A.1,Aminotran_1_2,1.B.52,3.A.1,3.A.1,3.A.1,2.A.3,TetR_N,2.A.1,Pyr_redox_2,HTH_1|LysR_substrate,3.A.6,3.A.6,3.A.6,3.A.6,Sigma70_r2|Sigma70_r4_2,PAS|HATPase_c,GerE|Response_reg,3.A.23,EAL,3.A.6,1.B.22
PL3_1,GntR,1.B.20,1.C.75
1.C.75,SBP_bac_1,PL2_1,1.B.35,3.A.9,GntR,3.A.1,3.A.1,3.A.1,3.A.1,3.A.1,3.A.1,3.A.1,3.A.1
4.A.1,GH1
CBM63,TetR_N,2.A.1,1.B.52
GT81,Aminotran_1_2,2.A.1,CbiA,Fe_dep_repress,HTH_1|LysR_substrate,2.A.1,2.A.59,2.A.28,AraC_binding|HTH_18,3.A.1,3.A.1,3.A.1,3.D.6,3.D.6,3.D.6,3.D.6,3.D.6,3.D.6,HhH-GPD,2.A.17,HTH_1|LysR_substrate,3.A.7
PL2_2,3.A.1,3.A.1,3.A.1,3.A.1,1.B.35,2.A.23,2.A.7,3.A.1
2.A.3,HTH_IclR|IclR,PL22|PL22,9.B.1,3.A.1,2.A.1,Response_reg|LytTR,9.B.33,9.B.34
CBM50,3.A.1,3.A.1,3.A.1,LacI|Peripla_BP_3,4.A.3,4.A.3
PL9,3.A.1,3.A.11,3.A.1,3.A.1,Peripla_BP_2,2.A.3
1.M.1,GH108,1.E.3
GH23,1.E.33,1.B.17,3.A.1,3.A.1
GH12,1.E.14,2.A.122,3.A.1,3.A.1,3.A.1,3.A.1,3.A.25,Nitroreductase,9.B.34,GntR,2.A.47,9.B.12,1.B.14
3.A.1,4.A.1,GH13_29,3.D.1,3.D.1,3.D.1,3.D.1,3.D.1,3.D.1,3.D.1,3.D.1,3.D.1,3.D.1,3.D.1,3.D.1,3.D.1,HTH_1|LysR_substrate,HTH_1|LysR_substrate,Aminotran_1_2,HD,2.A.47
3.A.18,3.A.1,3.A.1,3.A.1,3.A.15,3.A.15,3.A.15,3.A.15,3.A.15,3.A.15,3.A.15,3.A.15,3.A.15,3.A.15,1.B.22,3.A.15,GH28,PL1_6,8.A.2,Aminotran_1_2,1.A.23,3.A.17,2.A.50,HTH_1|LysR_substrate,AraC_binding,4.A.3,3.A.1,3.A.1,3.A.1,2.A.7,GT83,GT2,Aminotran_1_2,9.B.34
1.A.26,LacI|Peripla_BP_3,1.B.3,3.A.1,3.A.1,3.A.1,3.A.1,GH53,GH42,4.A.1,8.A.5,2.A.41,8.A.1,2.A.6,2.A.6,2.A.1
4.A.1,GH4
3.A.1,3.A.1,MCPsignal,Peripla_BP_2,2.A.113,2.A.1,Aminotran_1_2,CE12,CE8,3.A.23,HATPase_c|HisKA,GH23
3.D.10,1.I.1,8.A.5,TetR_N,3.A.1,3.A.1,3.A.1,3.A.1,Diacid_rec,HD,3.A.1,GntR|Aminotran_1_2,3.A.1,3.A.1,3.A.1,GT51
GH23,3.A.9,1.B.33
2.A.95,9.B.34,2.A.1,HTH_1|LysR_substrate,GT1
2.A.1,3.A.1,3.A.1,3.A.1,Sigma70_r3|Sigma70_r4|Sigma70_r2,CBM50,3.A.1,3.A.1,3.A.1
3.A.1,GH28
GH105,2.A.2,HTH_1|LysR_substrate,3.A.1
2.A.1,4.C.1,MCPsignal,GntR,4.A.3,GH1,4.A.3,4.A.3,3.A.1
1.E.33,GH23
3.A.1,3.A.1,3.A.1,GH105,SBP_bac_1,3.A.1,3.A.1,3.A.1
GH33,Fer4,2.A.7,2.A.7,LacI|Peripla_BP_3,4.A.7,4.A.7,4.A.7,HTH_5,1.B.14
2.A.3,2.A.2,GH43_26,9.B.125,1.B.10,3.A.15,3.A.15,NUDIX,3.A.5,CE11,GT28,2.A.103,9.B.146
3.A.1,3.A.1,3.A.1,GH43_9,ACT,9.B.34,1.B.42
GH23,3.A.1
CBM50,Pyr_redox_2,9.B.65
PL1_3,PL1_3,PL1_3,PL1_2,3.A.1,3.A.1,3.A.1,3.A.1,3.A.1,Pyr_redox_2|NIR_SIR_ferr|NIR_SIR,3.A.1,3.A.1,3.A.1,3.A.1
1.B.22,GT51
1.B.14,1.B.52,Citrate_synt,HTH_IclR|IclR,2.A.10,3.A.1,2.A.6,GH77,GT35,DeoRC|HTH_DeoR,9.B.104,Rhodanese,Glyoxalase,Pyr_redox_2,3.A.23,GT35,GT5,CBM48|GH13_11,CBM48|GH13_9,9.B.33,HTH_3,2.A.95,2.A.8,GH3,Fer4,2.A.1,2.A.76,2.A.76,2.A.16,2.A.7,1.A.35
3.A.1,3.A.1,3.A.1,2.A.3,GT26,9.B.128,GT56,2.A.66,Aminotran_1_2,GT0,9.B.146,3.A.6,1.I.1,2.A.21
3.A.1,3.A.1,1.A.30,1.A.30,3.A.1,PL26,HTH_1|LysR_substrate,2.A.4,2.A.1
4.D.3,GH8,1.B.55,HTH_18,2.A.3,2.A.1,GntR,2.A.7,Aminotran_1_2,GH1,4.A.1,3.A.1,3.A.1,3.A.1,3.A.1,3.A.1,2.A.24,Response_reg,dCache_1|HATPase_c|PAS,2.A.47,2.A.81,GH1,4.A.3,4.A.3,3.A.1,3.A.1,3.A.1,2.A.1,GntR,3.A.1,3.A.1,3.A.1,3.A.1,HTH_1|LysR_substrate,GH1,4.A.3,4.A.3,4.A.3,LacI|Peripla_BP_3,2.A.1
GT2,CE4|GH153,1.B.55,2.A.1,3.D.1,3.D.1,2.A.40,3.A.1,3.A.1,3.A.1,2.A.46,HTH_3|AraC_binding,3.A.1,3.A.1,3.A.1,3.A.1,3.A.1,3.A.1,3.A.1
3.A.1,2.A.7,2.A.6,GT2
PL9,3.A.2,3.A.2,3.A.2,3.A.2,3.A.2,3.A.2,3.A.2,3.A.2,1.A.77
