2.A.55,3.A.1,2.A.3,CE4,8.A.3,GT2,GH25,GT2,GT0,9.B.18,GT32,GT2,3.A.1,3.A.1,3.A.1,3.A.1
2.A.4,HTH_5,GH13_39,GT35,GT5,CBM48|GH13_9,2.A.115,3.A.9
GT4,8.A.3,8.A.3,2.A.88,HTH_3,3.A.1,3.A.1,3.A.1,3.A.1,3.A.1,2.A.1,Fer4,4.A.3,4.A.3,GH36,GerE,3.A.7
4.A.1,GH13_31,Peripla_BP_3|LacI,GH32
1.B.42,GntR,3.A.1,3.D.2,PALP,2.A.67,Pyr_redox_2,2.A.1,TetR_N,GH1,4.A.1,3.A.1,3.A.1
GH23,2.A.66,GT2,GT4
9.B.120,4.A.2,PfkB,HTH_6|SIS,GntR,GH29,4.A.6,4.A.6,4.A.6,4.A.3,4.A.3,GH1,GH125,GH38,4.A.3,GntR,4.A.5,DeoRC|HTH_DeoR,GH13_31,GH136,PL12_1,4.A.6,4.A.6,4.A.6,GH88
GT2,9.B.105,9.B.27,HisKA|HATPase_c,Trans_reg_C|Response_reg,GH4,4.A.1,PL8
2.A.1,GH29
3.A.1,3.A.1,3.A.1,NUDIX,GH31|CBM32
3.A.1,3.A.1,3.A.1,9.B.98,AAA,GT4
2.A.8,3.A.1,2.A.26,DeoRC|HTH_DeoR,GT2,3.A.1,2.A.79,2.A.79,3.A.1,3.A.1,3.A.1,3.A.1,3.A.1,4.A.3
GH20,GntR,SIS,CE9,GH35,4.A.6,4.A.6,4.A.6,4.A.6,Aminotran_1_2,4.A.3,4.A.3,HTH_11|Mga,3.A.1,3.A.1,3.A.1,3.A.1,PfkB,2.A.3,SirB,Peripla_BP_3|LacI,3.A.1,3.A.1,3.A.1,PfkB,2.A.1,MarR,9.B.104,9.B.104,3.A.1,3.D.10,4.A.7,4.A.7
3.A.1,3.A.1,3.A.1,HTH_18,4.A.6,GH32
4.A.2,HxlR,Nitroreductase,2.A.1,GerE,GH25,TetR_N,3.A.1,Pyr_redox_2,Peripla_BP_3|LacI,4.A.6,4.A.6,4.A.6,GH31,4.A.6,GH13_31,3.A.1,3.A.1,9.B.74,3.A.1
2.A.2,4.A.1,GH25,Aminotran_1_2,3.A.1,3.A.1,2.A.26
2.A.7,3.A.1,PfkB,3.A.1,3.A.1,GntR,GH13_29,4.A.1,2.A.23,2.A.3,CSD,3.A.1,8.A.5,2.A.3,2.A.36,LytTR,3.A.1,1.A.11,9.B.20,3.A.1,3.A.1,1.A.8,GT2
GH3,3.A.1,3.A.1,3.A.1,3.A.3,GT2,GT83
4.C.1,2.A.50,1.A.8,CBS,1.A.23,HTH_11,Peripla_BP_3|LacI,GT51,9.B.141,9.B.141,9.B.27,Pyr_redox_2,3.D.1,Sigma70_r2,2.A.3,GT4,GT4
2.A.1,2.A.49,Peripla_BP_3|LacI,GH13_31,CBM34|GH13_20,GH65
2.A.3,GT8,GT8,GH36
2.A.1,2.A.1,GH25,3.A.18,4.A.3,2.A.16,TetR_N,9.B.126,GT2
GH1,4.A.1,9.B.144,GT2,2.A.85,CSD,GH73,Pribosyltran,2.A.40
9.B.146,GT28
GT51,3.A.11
3.A.1,HD,GT51
GH1,4.A.3,4.A.3,4.A.3,2.A.6
3.A.1,3.A.1,3.A.1,3.A.3,GntR,CE9,2.A.17,3.A.1,2.A.2,GH29,9.A.8
