1.B.52,GH18
3.A.1,CE4,2.A.53,2.A.28,GH3,4.A.1
2.A.3,4.A.1,GH1,HTH_11|Mga,GH38,4.A.2,4.A.2,4.A.2,2.A.3,2.A.115,PadR,2.A.1
2.A.1,HTH_IclR|IclR,SKI,LacI|Peripla_BP_3,2.A.1,HTH_1|LysR_substrate,CE7,2.A.45,3.A.1,3.A.1,AsnC_trans_reg|MarR,1.B.52,SBP_bac_1,3.A.1,3.A.1,3.A.1,4.C.1,4.C.1,4.C.1,4.C.1,GntR|Aminotran_1_2,2.A.115,SpoVT_AbrB,3.A.1,3.A.1,3.A.1,2.A.3,2.A.17,3.A.1,3.A.1,3.A.1,GAF|STAS,ACT,2.A.1,TetR_N,HTH_5,GntR|Aminotran_1_2,2.A.3,Y_Y_Y,4.A.2,4.A.2,1.B.52
3.A.7,GH126,GGDEF,GT2,2.A.3
3.A.7,GH23
GH16_21,TetR_N,2.A.1
4.A.1,GH4,Rrf2,Pyr_redox_2,GH4,HTH_6|SIS,2.A.1
GT0,GT2,GT0,2.A.1,2.A.47,2.A.3,GT2,3.A.1,MerR,2.A.1,3.A.1,3.A.18,9.A.25,HATPase_c|PAS,HTH_11|Response_reg,2.A.80,2.A.11
4.A.1,1.B.52,4.A.1,GH13_29,GntR,2.A.25,9.B.126,2.A.1,2.A.19,1.A.23,CE4,1.A.35
2.A.7,TetR_N,CE12,Pyr_redox_2,HTH_18|Peripla_BP_2,Peripla_BP_2,3.A.1,2.A.7
CBM50,Sigma70_r2|Sigma70_r4_2,9.A.40,MerR,9.A.40,1.A.43,CE4,3.A.1,3.A.1,3.A.1
2.A.88,3.A.1,3.A.1,3.A.1,GT51,TetR_N,9.B.74,2.A.23,4.C.1,1.B.52
2.A.1,HTH_1|LysR_substrate,CE6
CBM50,9.A.10,2.A.20,4.A.5,4.A.5
9.B.146,2.A.103,GT28
GH30_8,GH43_16|CBM6,GH4,3.A.1,3.A.1,SBP_bac_1,LacI|Peripla_BP_3,4.A.7,4.A.7,4.A.7,MarR,2.A.1,4.A.2,4.A.2,PfkB,HTH_6|SIS,2.A.7
2.A.66,CE8
5.A.3,GH11,MarR,GH43_11,2.A.2,9.B.102
2.A.3,GH23,Citrate_synt,CBM50,2.A.16
2.A.28,AAA,CBM50,2.A.66,PIG-L,2.A.7,HxlR,Nitroreductase,2.A.21,9.B.174,8.A.42
3.A.23,GT2,9.B.18
GT28,CSD,2.A.88
CE4,2.A.40
GT4,CE14,2.A.115,3.D.3,3.D.3,3.D.3
CBM63,2.A.1
GH1,4.A.3,4.A.3,4.A.3,2.A.7,2.A.9,CheW,3.B.1,Glyoxalase,2.A.85,3.A.1,3.A.1,3.A.1
CE4,2.A.1
CBM50,3.D.10
9.B.157,9.B.157,9.B.157,3.A.11,CBM50
1.E.19,GH73,GH23
2.A.11,HTH_1|LysR_substrate,3.D.10,3.D.10,3.D.10,ACT,GH51,TetR_N,4.C.1
2.A.40,HTH_DeoR,2.A.66,2.A.15,Rhodanese,9.B.28,GH105,3.A.1,HTH_18|dCache_1,HxlR,2.A.1,8.A.5,3.A.1,3.A.1
GT2,3.A.1,3.A.1
2.A.21,2.A.1,GT51,HATPase_c,HTH_11|Response_reg,3.A.1,3.A.1,3.A.1,3.A.1,2.A.24,2.A.63,2.A.63,2.A.63,2.A.63,2.A.63,2.A.63,2.A.63
9.A.11,2.A.3,GerE|Response_reg,HATPase_c,9.B.116,3.A.1,3.A.1,3.A.1,GH28
2.A.3,3.A.23,GntR,2.A.66,3.A.1,3.A.1,3.A.1,3.A.1,3.A.1,9.B.18,GT2,9.B.183,GT4,GT2,GT4,9.B.18,8.A.3,HTH_3,1.E.31,3.A.1,3.A.1,3.A.1,CE4,3.A.1,3.A.1,3.A.1,3.A.1,3.A.1,3.A.1,GT1,2.A.53,2.A.23
9.B.156,CE9,GntR,1.E.40
3.A.11,3.A.11,GerE|Response_reg,HATPase_c,9.B.146,GT4,GT2,GT4,2.A.66,9.B.18,GT0,3.A.1,3.A.1,GT4,GT2|GT4,GT0,GT26,GH73,3.A.1,3.A.1,3.A.1,HTH_18|Response_reg,8.A.59
9.A.11,2.A.3,GT2,2.A.1
GT51,9.B.149
GT28,Aminotran_1_2,GT2,2.A.40,GT2,PfkB,GH32,4.A.1,2.A.7,Nitroreductase,2.A.103,1.E.23,3.D.4,3.D.4,3.D.4
9.B.136,2.A.21,HTH_1|LysR_substrate,1.E.14,2.A.122,Glyoxalase,3.A.1,3.A.1,3.A.1,3.A.1,3.A.1,Peripla_BP_1,PL9_2,GH4,4.A.3,4.A.3,4.A.3
PL1_5,3.A.1,3.A.1,3.D.4,3.D.4,3.A.1,3.A.1,Peripla_BP_2,3.A.1,3.A.1,3.A.1,9.A.39,9.A.39,HxlR,Glyoxalase,Glyoxalase,CE4,4.A.3,4.A.3,GH1,4.A.3,HTH_11|Mga,2.A.35
2.A.8,GH1,4.A.1,PRD_Mga,MCPsignal,3.A.1,3.A.1,3.A.1
3.A.1,3.A.1,3.A.1,GH53,GH42,2.A.11,3.A.1,2.A.8,Diacid_rec,TetR_N,3.A.1,GH1,4.A.1
2.A.3,LacI|Peripla_BP_3,2.A.1,GH1
3.A.7,3.A.7,3.A.7,3.A.7,GH23,3.A.7,3.A.7,3.A.7
