GT2,2.A.6
GH108,HisKA,Trans_reg_C|Response_reg,2.A.41,LysR_substrate|HTH_1,GH103,4.C.1
4.A.1,CE9,MarR,2.A.37,2.A.17
8.A.21,2.A.121,8.A.8,8.A.7,4.A.1,GH73
1.B.1,3.A.3,GH20
2.A.115,GH13_29,4.A.1,Peripla_BP_3|LacI,3.A.1,3.A.1,3.A.1,TPR_1,9.B.34
GH23,LysR_substrate|HTH_1,2.A.68
2.A.15,1.A.1,LysR_substrate|HTH_1,Pyr_redox,2.A.25,2.A.96,GH19|CBM5,CBS,9.B.34,1.B.33
3.A.9,1.B.33,Trp_repressor,GH23,3.A.1,1.A.34,GH3,2.A.114,9.B.33,LytTR|Response_reg,9.B.105,2.A.66,HTH_5,LysR_substrate|HTH_1,2.A.58,2.A.102,8.A.7,NUDIX,8.A.5,3.A.23
3.A.1,1.A.62,LysR_substrate|HTH_1,2.A.102,NUDIX,3.A.5,CE11,GT28,2.A.103,Pyr_redox_2,9.B.146
9.B.34,ACT,4.C.1,LysR_substrate|HTH_1,GT1
9.B.18,9.B.18,PL12_3
GT0,8.A.3,1.B.18
1.B.14,GT9,GT30
1.C.113,2.A.38,2.A.38,CBM50
2.A.47,Fer4,CBM50
GT51,1.B.22
1.B.42,1.B.42,CE4|CBM12,4.A.3,4.A.3,4.A.3,GH4
1.B.52,GH23
3.B.1,3.B.1,9.B.27,GH23,9.A.40,9.B.14,3.A.5
GT51,2.A.8,Diacid_rec,1.A.11,3.A.1,3.A.1,3.A.1,GH94,GH20,GH9,3.A.1,3.A.1,3.A.1,3.A.1,3.A.1,Response_reg|PAS|HisKA|dCache_1|HATPase_c,Aminotran_1_2,2.A.6,2.A.6,1.A.34,1.B.1,3.A.16,3.A.5
GH63,2.A.3,2.A.3,GH2
3.A.7,GH102,1.B.52,HTH_18,Aminotran_1_2,1.B.10,Sigma70_r2|Sigma70_r4,2.A.1,3.D.5,3.D.5,3.D.5,3.D.5,3.D.5,3.D.5,3.D.5,9.B.34,2.A.16,CBM73|GH18,2.A.22
1.B.33,GT19
GH23,2.A.37,2.A.37,3.A.23
3.A.7,GT5,Peripla_BP_3|LacI,5.A.3
3.A.1,3.A.1,3.A.1,CBM34|GH13_21,9.B.34,5.A.2,2.A.34,GntR,2.A.56,2.A.56,dCache_2|HATPase_c,GerE|Response_reg,MarR,2.A.15,1.B.52,CBS|cNMP_binding,Aminotran_1_2,8.A.59
8.A.59,SBP_bac_3,2.A.42,Glyoxalase,8.A.59,3.A.1,3.A.1,2.A.25,9.B.18,GT2,GT4,GT4,SBP_bac_3,9.B.34,9.A.41,1.A.33,9.B.34
5.A.3,5.A.3,1.A.11,3.A.1,3.A.1,3.A.1,3.A.1,3.A.1,GH73,Crp|cNMP_binding,5.A.1,3.A.3,3.D.4,3.D.4,3.D.4
9.B.34,STAS,1.B.18,HATPase_c|Response_reg|HisKA,3.A.23,GT4,GT4,GT4,GT4,9.B.18
3.A.1,3.A.1,3.A.1,3.A.1,1.A.14,1.B.52,3.A.1,9.B.34,MCPsignal,NUDIX,CBM73,4.C.1
2.A.102,1.B.52,HD,3.A.1,3.A.1,3.A.1,3.A.1,HTH_DeoR|DeoRC,AA2,2.A.7,CSD,9.B.34
9.B.34,3.A.1,3.A.1,3.A.1,3.A.23,1.B.52,2.A.22,Aminotran_1_2,2.A.6,8.A.1,2.A.6,PspC,9.B.100,3.A.23,3.A.1,3.A.1,3.A.1,3.A.1,3.A.1,2.A.119,GH36,5.A.3,5.B.5,3.A.1,1.A.16,2.A.117,LysR_substrate|HTH_1,Pyr_redox,3.D.1
1.A.33,Rhodanese,GyrI-like,8.A.1,2.A.6,9.B.20,2.A.42,1.B.52,AA10|CBM73,2.A.7,9.B.196,2.A.118
2.A.1,HATPase_c|HisKA,Response_reg|HTH_8,HTH_18,GH18
GH13_27,1.B.52,1.B.52,CBM13,2.A.1,2.A.61,9.B.1
GT44,3.A.1,8.A.1,3.A.1
9.B.186,2.A.6,8.A.1,8.A.5,HTH_3,2.A.49,2.A.55,3.A.25,Rhodanese,9.B.34,GH18
1.B.1,9.B.34,2.A.7,2.A.1,LysR_substrate|HTH_1,9.B.34,GH20,2.A.21,SIS|HTH_6,3.A.1,3.A.1,TetR_N,2.A.4,MarR,Glyoxalase,Glyoxalase,1.I.1,1.C.67
3.A.7,GH23
5.B.5,SIS|HTH_6,2.A.56,2.A.56,2.A.56,CE9
2.A.1,1.B.6,4.A.3,3.A.1,3.A.1,3.A.1,3.A.1,CBM5,MASE1|EAL,CE2,SBP_bac_3,1.B.52,3.A.1,4.C.1,4.C.1,4.C.1,Peripla_BP_2,1.B.14
2.A.59,HTH_5,SBP_bac_3,9.B.156,9.A.5,GH13_19
8.A.1,9.B.34,3.A.1,3.A.1,3.A.1,3.A.1,3.A.1,3.A.1,GntR,1.B.14,CE9,4.A.6,4.A.6,4.A.6,4.A.6,SIS,HTH_DeoR|DeoRC,HTH_DeoR|DeoRC,2.A.7
3.A.1,PL8_3,GH112,GH88,2.A.53,1.B.52,3.A.1,3.A.1,3.A.1,3.A.1,GH154,PL8_3,AsnC_trans_reg|MarR,2.A.21
2.A.115,2.A.62,9.B.97,TetR_N,GH18
GH13_11,GH133,3.A.1,GH13_38,CBM41|CBM41|GH13_13,2.A.3,PfkB,2.A.23
GT35,GH77,GH13_9,MCPsignal,2.A.76,AsnC_trans_reg|MarR,B12-binding,AA10,1.B.52,EAL,8.A.59,2.A.58,Glyoxalase,LysR_substrate|HTH_1,LysR_substrate|HTH_1,2.A.19,9.B.27
3.A.1,3.A.1,GH1,3.A.1,Peripla_BP_3|LacI,SBP_bac_3,3.A.1,3.A.1,3.A.1,3.A.1,3.A.1,GH149,Peripla_BP_3|LacI,GH17,GH16_3,AraC_binding|HTH_18,GH3
2.A.6,TetR_N,Peripla_BP_3|LacI,3.A.1,3.A.1,3.A.1,GH2,1.B.3,GH36,2.A.2,Fer4,1.B.14,GyrI-like|HTH_18,3.A.23
4.A.2,HTH_18,PTS-HPr,4.A.2,4.A.2,GntR|Aminotran_1_2,4.A.2,3.D.1,GH2
9.B.34,SBP_bac_3,GH13_37|CBM69,9.B.55
CBM50,1.I.1,1.B.14,1.B.52,MCPsignal,SBP_bac_1,3.A.1,3.A.1,3.A.1,GGDEF,TPR_1,1.A.13
3.A.1,3.A.1,2.A.66,GT4,GT4,8.A.3,9.B.18,3.A.1,3.A.1,3.A.1,3.A.1
GH13_27,1.B.52,1.B.52,9.A.5,9.B.143,CBM50,2.A.1,2.A.41,GGDEF|CHASE,1.B.52,HTH_3,9.B.34
AA3_2,3.A.1,3.A.1
