2.A.3,GH92,GH92,LacI|Peripla_BP_3,1.C.82
1.B.14,FecR,Sigma70_r2|Sigma70_r4_2,GH0
3.A.23,Sigma70_r2,FecR,FecR,1.B.14,GH19
3.A.1,GT4
3.A.2,GT19,2.A.49,Aminotran_1_2|GntR,HTH_3,1.C.105,3.A.3,2.A.6,2.A.6,2.A.6,2.A.13
9.B.33,GerE|Response_reg,2.A.21,LacI|Peripla_BP_3,LacI|Peripla_BP_3,NUDIX,GH2,8.A.46,1.B.14,GH51,LacI|Peripla_BP_3,GH67,GH115,GH43_1,GH3,GH10,GH43_12,1.B.14,Pyr_redox_2,8.A.46
1.B.14,GH88,GerE|Y_Y_Y,1.B.14,8.A.46,3.A.1,3.A.1,1.B.14,FecR,Sigma70_r2|Sigma70_r4_2,9.B.8,9.B.8
3.A.5,Sigma70_r2|Sigma70_r4|Sigma70_r3,2.A.21,9.B.97,CbiA,GT2,Response_reg,9.B.18,GT2,GT2,3.A.2,3.A.2,1.A.13,Pribosyltran,GH73,2.A.4
GH31,Crp|cNMP_binding,9.B.116,9.B.33
9.B.172,GT4,Peptidase_M23,1.B.57,9.A.25
GT1,1.B.14,2.A.20
1.B.14,GH20,HisKA|PAS|HATPase_c,1.B.66,3.A.3,3.A.3,3.A.3,3.A.23
1.I.1,B12-binding,GH37,1.A.13
GT0,GT2,8.A.5,2.A.1
GT2,3.A.1,AsnC_trans_reg|HTH_11,3.A.1,3.A.1,8.A.46,1.B.14
GH25,1.B.33
4.B.1,GT83,GT51,GT2,GH0
2.A.7,MarR|AsnC_trans_reg,3.A.1,DeoRC|HTH_DeoR,1.B.14,GH20,PfkB,2.A.36,1.A.77
1.B.14,8.A.46,GH88,PL35,GT83,DeoRC|HTH_DeoR,1.B.14,2.A.1,2.A.1
2.A.21,Response_reg,GT2
1.B.14,8.A.46,GH144,GH3
GT2,1.B.42
2.A.16,3.A.3,3.D.2,3.A.1,CE11
1.B.14,CE2
2.A.1,GH130,1.B.14,8.A.46,FecR,GH92,GH2|CBM32,1.B.14,GH38,GH92
1.B.14,2.A.59,8.A.46,FecR,Sigma70_r2|Sigma70_r4_2,2.A.51,HTH_18,Sigma70_r2|Sigma70_r4_2,FecR,1.B.14,8.A.46,3.A.1,3.A.1,3.A.1,Sigma70_r2|Sigma70_r4_2,FecR,1.B.14,8.A.46,PL0,GH76,GH76,GH125
1.B.14,Sigma70_r2|Sigma70_r4_2,3.A.1,3.A.1,ACT|HD,1.B.14,1.B.14,GH23
1.B.14,3.A.1,9.B.18,3.A.1,GT4|GT2,GT4,GT4,GT2
9.B.146,2.A.103,GT28
1.B.14,2.A.98,HTH_1|LysR_substrate,3.A.1,3.A.1,GH26,2.A.21,2.A.23
2.A.6,2.A.6,2.A.6,8.A.5,SIS,1.B.14,1.B.14,GH97
2.A.3,2.A.23,9.B.27,2.A.1,GT9
1.B.14,LytTR|Response_reg,9.B.33,GH20
2.A.55,FeoA|Fe_dep_repress|Fe_dep_repr_C,GT35
GH18,Sigma70_r2|Sigma70_r4_2,Fer4,2.A.21,3.A.9
9.B.44,cNMP_binding,1.B.14,FecR,Sigma70_r2|Sigma70_r4_2,Sigma70_r2|Sigma70_r4_2,FecR,8.A.46,3.A.1,3.A.1,3.A.1,HisKA|HTH_18|Reg_prop|Y_Y_Y|HATPase_c|Response_reg,1.B.14,8.A.46,GH66,GH31,GH78,GH95
2.A.21,GH36,1.B.14,GH95,GH27,GH36,LytTR|Response_reg,3.A.3,AraC_binding|HTH_18,1.B.14,LytTR|Response_reg,9.B.33
2.A.7,GT9,HD,1.B.9,1.E.43
GH13_5,HATPase_c|HisKA|CHASE3,3.A.23
GH16_3|CBM6,8.A.46,1.B.14
GH16_3,GH3,GH26,1.B.14
2.A.1,GH110,LacI|Peripla_BP_1,1.B.14,8.A.46,GH97,GH2
9.B.169,GH29,1.A.1,HTH_18|Response_reg,HisKA|Reg_prop|Y_Y_Y|HATPase_c,1.B.14,GH2,LacI|Peripla_BP_3,GH146,Glyoxalase,DeoRC|HTH_DeoR,2.A.1,3.A.1,3.A.1,1.B.14,FecR,Sigma70_r2|Sigma70_r4_2,2.A.1,3.A.1,3.A.1,3.A.1
3.A.1,3.A.1,Sigma70_r2|Sigma70_r4_2,FecR,1.B.14,Sigma70_r2|Sigma70_r4_2,FecR,1.B.14,TPR_2,Sigma70_r2|Sigma70_r4_2,FecR,1.B.14,3.A.1,3.A.1,1.B.14,GH16_3,3.A.1,3.A.1,3.A.1
1.B.14,PL1_2,CE12,CE8,GH43_10
2.A.1,1.B.14,GH95,PL38,GH29,GH88,GH28,1.B.14,8.A.46,GH105,LacI|Peripla_BP_3,GH105,PL29,GH3,GH36,AraC_binding|HTH_18,HxlR,1.B.14,PIG-L,Sigma70_r2|Sigma70_r4_2,FecR,1.B.14,8.A.46,9.B.158
1.B.14,3.A.1,3.A.1,Sigma70_r2|Sigma70_r4_2,FecR,1.B.14,GT51,9.A.25
1.B.14,1.A.1,GH43_29,2.A.36,TetR_N,8.A.1,2.A.1,3.A.1,3.A.1,1.B.14,FecR,Sigma70_r4_2,GH5_13,GH43_34|CBM13,2.A.1,GH20,SIS,GH89,1.B.14,DeoRC|HTH_DeoR,HisKA|HATPase_c,GT2,AAA,GH26,9.A.40
1.B.14,8.A.46,3.A.1,3.A.1,3.A.1,Sigma70_r2|Sigma70_r4_2,FecR,8.A.46,GH163,Sigma70_r2|Sigma70_r4_2,FecR,1.B.14,8.A.46,GH163
GT2|GT4,GT2,Sigma70_r2|Sigma70_r4_2,FecR,1.B.14,8.A.46,9.B.186
GH29,Sigma70_r2|Sigma70_r4_2,FecR,1.B.14,8.A.46,3.A.1,3.A.1,3.A.1,3.A.1,3.A.1,Sigma70_r2|Sigma70_r4_2,1.B.14
1.A.8,3.A.1,GT2,GT2,3.A.1
GT2,GT4,9.B.144,2.A.88
9.B.36,CBM32,PL6_2|CBM32|CBM32,CBM32|CBM32,GH5_2|CBM32|CBM32,Pyr_redox_2,GH28,1.B.14
1.B.14,8.A.46,3.A.1,3.A.1,3.A.1,1.B.17,2.A.6,2.A.6,TetR_N,2.A.66,GntR,1.B.14,8.A.46,2.A.1,GH92,2.A.85
1.B.14,8.A.46,GH53,GH2,GH147,GH18,DeoRC|HTH_DeoR,GH9,CE9,Sigma70_r2|Sigma70_r4_2,FecR,1.B.14,8.A.46
9.B.174,HATPase_c,GerE|Response_reg,1.B.14,8.A.46,GntR,PL6|PL6_1,PL17_2|PL17,AraC_binding,2.A.1,Sigma70_r2|Sigma70_r4_2,FecR,1.B.14
2.A.1,GT5,1.B.14,FecR,Sigma70_r4_2,2.A.2,GH13,CBM48|GH13_9
2.A.1,MarR,GT20,GH15
GH77,1.A.23
GH89,GH89,8.A.46,1.B.14,HTH_5,Sigma70_r2|Sigma70_r4_2,FecR,1.B.14,HisKA|PAS|HATPase_c,GH5_2,Sigma70_r2|Sigma70_r4_2,FecR,1.B.14
1.B.14,GH130,MarR,1.B.14,8.A.46,GH20,2.A.21
3.A.3,GT2,Sigma70_r2|Sigma70_r4_2,FecR,8.A.46,3.A.1,3.A.1,3.A.1
GH130,8.A.46,1.B.14
GH110,3.A.1,3.A.1,3.A.1,8.A.46,1.B.14,FecR,Sigma70_r2|Sigma70_r4_2,1.B.6,3.A.1,3.A.1,3.A.1,8.A.46,1.B.14
2.A.21,LytTR|Response_reg,9.B.33,1.B.14,FecR,Sigma70_r2|Sigma70_r4_2,PL29,9.B.174,1.B.14
1.B.14,3.A.1,3.A.1,3.A.1,8.A.46,1.B.14,FecR,Sigma70_r2|Sigma70_r4_2,1.A.14,Fer4,1.B.14,8.A.46,GH3,2.A.21
GT5,9.B.14,3.A.1,3.A.1,1.B.14
CBM32,1.B.14,FecR,Sigma70_r2|Sigma70_r4_2,1.B.14,1.A.33
3.A.1,Rhodanese,9.B.102,9.B.102,Pyr_redox_2,AraC_binding|HTH_18,2.A.1,GH28,GH28,8.A.46,1.B.14
3.A.7,AraC_binding|HTH_18,1.B.14,FecR,Sigma70_r2|Sigma70_r4_2,8.A.5,HTH_1|LysR_substrate,PL9_2,GH31,1.B.14,FecR,Sigma70_r2|Sigma70_r4_2,3.A.1,3.A.1,1.B.14,FecR,Sigma70_r2|Sigma70_r4_2,8.A.46,1.B.14
1.B.14,8.A.46,Sigma70_r2|Sigma70_r4_2,3.A.1,3.A.1,3.A.1,GH2,8.A.46,1.B.14,FecR,Sigma70_r2|Sigma70_r4_2,GH2,1.B.14,FecR,Sigma70_r2|Sigma70_r4_2,2.A.21,NUDIX,GH43_29|CBM6,GH43_12,CE6,GH43_10,GH95,CE1|CE1,1.B.14,1.B.14,GH43_2,GH31,GH97,GH31,GH3,HisKA|HTH_18|Reg_prop|Y_Y_Y|HATPase_c|Response_reg,CE1,2.A.28,HTH_18,1.B.14,2.A.8,GH146,GH97,HTH_18,3.A.1,3.A.1,3.A.1
2.A.21,GH33,GH33,1.B.14,GntR,9.B.159
GH63,GH2,8.A.46,1.B.14
CE14,Pyr_redox_2,Peptidase_M23,1.B.14,8.A.46
2.A.7,GT2
2.A.81,LytTR|Response_reg,1.A.23,HisKA|HTH_18|Reg_prop|Y_Y_Y|HATPase_c|Response_reg,GH31,1.B.14,8.A.46,GH5_4,GH2,Sigma70_r2|Sigma70_r4_2,FecR,1.B.14,1.B.14,3.A.1,3.A.1,3.A.1,CBM32
8.A.51,GT2
GT4,3.A.1,1.B.14
8.A.7,3.A.1,Crp|cNMP_binding|Response_reg,3.A.3,3.D.4,5.A.1,HisKA|PAS|HATPase_c,Hemerythrin,9.B.33,GerE|Response_reg,2.A.7,Glyoxalase,GH5_46|CBM6
CBM32,GH43_2,GH43_2,GH92,2.A.1,GH130,8.A.46,1.B.14
8.A.46,1.B.14,GH109
PL9_2|PL9_2,1.B.14
