2.A.6,GerE,4.C.1,GT83,GT83,3.A.1,3.A.1,3.A.1,3.A.1
2.A.76,HTH_18|AraC_binding,3.A.1,3.A.1,3.A.1,3.A.1,3.A.1,GH23
4.C.1,GH0
1.B.52,1.B.14,PIG-L,GT2,PIG-L,CBM48|GH13_11,GH13_26,GH77,GH13_10,GT5,9.B.27,8.A.5,HTH_1|LysR_substrate,HTH_18,3.A.1,3.A.1,3.A.1
2.A.3,HTH_18,GH13_33,HTH_1|LysR_substrate,3.A.1,3.A.1,3.A.1,3.A.1
GT83,2.A.7,GT83,GT2,2.A.1
2.A.1,GntR,2.A.1,2.A.21,9.B.34,CBM48|GH13_9,GH13_16,GH13_3,9.B.20,Fer4,GntR|Aminotran_1_2,9.B.34,2.A.6,2.A.6,2.A.6,2.A.6,GT0|GT2|GT4,HTH_18,3.A.1,3.A.1,3.A.1,3.A.1,PfkB,1.B.12,2.A.102,Sigma70_r4_2|Sigma70_r2,HATPase_c|HisKA,Trans_reg_C|Response_reg,2.A.6,2.A.6,1.B.12,Peripla_BP_1|LacI,PfkB,2.A.1,MCPsignal,2.A.40
3.A.1,3.A.1,3.A.1,3.A.1,3.A.23,2.A.8,2.A.21,PfkB,IclR|HTH_IclR,3.A.1,3.A.1,3.A.1,3.A.1,2.A.109,Sigma70_r4,3.A.1,3.A.1,3.A.1,8.A.21,GH63,HTH_1|LysR_substrate,2.A.39
9.B.20,3.A.3,GH23,PAS|GerE,2.A.1
AA3_2,2.A.1,3.A.7
2.A.39,3.A.23,2.A.1,1.B.14,FecR,Sigma70_r4_2|Sigma70_r2,GH15,HTH_18,2.A.76,Sigma70_r4_2|Sigma70_r2,FecR,1.B.14,9.B.18,GT2,GT4,GH39,GT4,GT4,2.A.66
2.A.26,Pyr_redox_2,3.D.10,3.D.10,Citrate_synt,2.A.21,9.B.136,3.A.1,GH17
2.A.102,HTH_1|LysR_substrate,MarR,GT104
3.A.1,3.A.1,3.A.1,3.A.1,GH23
3.A.3,3.A.3,3.A.3,2.A.3,GntR,3.A.11,9.B.18,9.B.146,GT4,GT4,GT2
GH3,TetR_N,LexA_DNA_bind,3.A.7
3.A.1,GH23,3.A.1,2.A.66
1.B.14,GH3,HTH_IclR,3.A.9,2.A.1
2.A.33,GH50
GT19,1.B.33
2.A.36,Aminotran_1_2,GH17|GT2
1.M.1,GH19
2.A.3,GT0
1.B.11,2.A.1,GntR,3.A.1,3.A.1,3.A.1,3.A.1,1.I.1,1.B.12,GT2,1.B.13,PL5_1,2.A.50
1.C.107,1.C.107,HTH_1|LysR_substrate,2.A.1,8.A.1,8.A.48,2.A.85,1.B.17,HTH_1|LysR_substrate,Response_reg|CheW,3.A.1,2.A.6,2.A.6,Trans_reg_C|Response_reg,HATPase_c|HisKA,1.B.25,9.B.34,CE11,GT28,2.A.103,9.B.146
2.A.21,GT51,2.A.66,NUDIX,9.B.34,1.B.52
CBM50,Fer4,1.A.62,1.A.30,1.A.30
2.A.6,GT30,HTH_1|LysR_substrate,2.A.7,8.A.5,PfkB,3.A.1,GT2,GT4,PIG-L,1.B.14,GT4,GT9,GT9,9.B.34,3.A.23,2.A.21,MCPsignal,2.A.36,1.A.23
GT2,2.A.6
1.B.22,3.A.11,GT51,3.A.11
2.A.64,1.B.52,1.B.52,3.A.1,3.A.1,3.A.1,3.A.1,GT2,2.A.3,3.A.1,3.A.1,3.A.1,2.A.39
3.A.1,3.A.1,3.A.1,8.A.5,2.A.15,PALP,3.A.1,3.A.1,3.A.1,3.A.1,3.A.1,3.A.1,GH129,2.A.6,2.A.6,2.A.6,3.A.1,3.A.1,3.A.1,3.A.1,3.A.1,3.A.23,1.A.30,1.A.30,HTH_1|LysR_substrate,2.A.1,1.B.14,HTH_1|LysR_substrate,HTH_1|LysR_substrate,3.A.1,3.A.1,3.A.1,HTH_18,9.B.35,1.A.1,3.A.1,3.A.1,3.A.1,3.A.1,9.B.34,9.B.34
1.C.75,1.B.20,GT2,CE4|GH153,1.B.55,2.A.6,8.A.1
GT83,1.B.14,FecR,Sigma70_r4_2|Sigma70_r2,3.A.1,8.A.1,2.A.1,HTH_1|LysR_substrate,3.A.1,3.A.1,3.A.1
AA7,2.A.1
3.A.1,3.A.1,3.A.1,CBM50,9.B.10,PfkB,2.A.37,9.B.34,SIS|HTH_6,HTH_1|LysR_substrate,3.B.1,1.B.12,3.A.1,3.A.1
3.A.5,3.A.1,3.A.1,Sigma70_r4|Sigma70_r2,GT51
1.A.43,2.A.33,NUDIX,2.A.53,cNMP_binding|CBS,2.A.15,2.A.38,2.A.49,9.B.176,MCPsignal,2.A.7,GH102
PL7_1,9.B.34,SBP_bac_3,2.A.85,Pyr_redox_2,1.I.1,2.A.1,AA3_2,TetR_N,2.A.15,3.A.1,3.A.1,3.A.1
2.A.103,GH103,GH0,GH103
3.A.1,3.A.1,3.A.1,GT51
GT4,2.A.121
4.A.1,GH13_29,1.B.3,4.A.1,GH23,4.A.1,4.A.1,SIS,CE9
GT4,dCache_1|MCPsignal,3.A.5,NUDIX,2.A.21,1.A.23,1.B.25
3.A.25,2.A.7,GntR|Aminotran_1_2,4.A.2,1.A.35,Sigma70_r4|Sigma70_r2,1.B.6,3.D.1,Pyr_redox_2|NIR_SIR|NIR_SIR_ferr,9.B.106,2.A.1,Response_reg|ANTAR,1.B.22,Trans_reg_C,GH23,9.B.34,2.A.46
2.A.21,2.A.16,MarR,2.A.7,HTH_18,Aminotran_1_2,3.A.23,GH73
1.B.10,2.A.40,9.B.43,CE4,9.B.35,2.A.40,HTH_1|LysR_substrate,2.A.11
AA10,GH18,2.A.1
