3.D.3,3.D.4,Glycos_trans_3N,Peptidase_M23,1.A.1,Peptidase_M23,GT1,GT21
CE5,3.A.1,3.A.1
3.A.1,3.A.1,3.A.1,GT2
1.A.26,3.A.1,2.A.1,3.A.1,Citrate_synt,Aminotran_1_2,Fer4,GH65
CBM67|GH78,3.A.1,3.A.1,3.A.1,LacI|Peripla_BP_3,3.A.1,Aminotran_1_2|GntR,2.A.3,3.A.1,3.A.1,AsnC_trans_reg|HTH_11,1.A.11
3.D.10,CSD,HTH_11|Response_reg,HATPase_c,2.A.23,Pyr_redox_2,TetR_N,3.A.1,3.A.1,3.A.1,3.A.1,GT20,9.B.141,2.A.1,3.A.1,3.A.1,3.A.1,3.A.1,3.A.1,3.A.1,3.A.1,3.A.1
2.A.76,GT2
3.A.5,GT2
GT2,Pyr_redox,9.B.97,GT2,GT2,GT4,GT2,9.B.97,GT2,3.A.1,3.A.1,GT2,GT2,GT2,GT2,GT2,GH43_30,GT2,GT2,2.A.1,HTH_3,MarR,2.A.1
9.B.126,3.D.10,3.D.10,2.A.1,HTH_3,CE14,GT2
3.A.1,GH43_30
2.A.23,3.A.1,GntR,GerE|Response_reg,3.A.1,2.A.39,HisKA|HATPase_c,Trans_reg_C|Response_reg,GT2
2.A.1,GT4
AA2,FUR,Sigma70_r2|Sigma70_r4_2,2.A.4,GT4
3.A.1,3.A.1,3.A.1,1.A.33,MerR,GT4,GT4,8.A.43
GT2,3.A.16
2.A.89,9.B.14,2.A.7,GH3,3.A.1,3.A.1,SBP_bac_1,MarR,3.A.1,CE9,LacI|Peripla_BP_3,3.A.1,3.A.1,3.A.1,3.A.1,3.A.1
GT51,GT51,3.A.7,Peptidase_M23,3.A.7
GT39,3.A.3,HMA,9.B.44,9.B.124
2.A.20,2.A.86,PALP|ACT,CE14,2.A.16,HTH_3,1.C.113
9.B.146,2.A.103,GT28
