GH32,4.A.1,Peripla_BP_3|LacI,2.A.40
4.A.2,4.A.2,PfkB,SIS|HTH_6,GH1,4.A.1
3.D.10,Mga,3.A.1,3.A.1,GT2,Glyoxalase,9.B.10
3.A.1,3.A.1,TetR_C|TetR_N,2.A.40,2.A.3,GerE,3.A.1,GH2,3.A.1,3.A.1,SBP_bac_1,AraC_binding|HTH_18,GH65,GH125,GH76,3.A.1,3.A.1,3.A.1,Peripla_BP_3|GntR,PfkB,2.A.61
GH1,Peripla_BP_3|LacI,4.A.6,4.A.6,4.A.6,4.A.6
3.A.3,3.A.3,3.A.3,9.B.55,SIS,4.A.6,4.A.6,4.A.6,4.A.6,HTH_11|AAA,MarR,3.A.1,GntR,Mga|HTH_11,2.A.3,3.A.3,GH95,GH51,GH2,3.A.1,3.A.1,SBP_bac_1,2.A.7,GH105
3.A.1,2.A.66,GH18,GH18,LacI|Peripla_BP_1,Mga|HTH_11,4.A.2,4.A.2,4.A.2,HTH_3,3.A.3,Aminotran_1_2,4.A.3,4.A.3,Mga|HTH_11,SIS,4.A.6,4.A.6,4.A.6,3.A.23,1.A.16,HTH_3,Pkinase,3.A.1,GH130,GT108,GH13_23,3.A.1,3.A.1,Peripla_BP_3|LacI,9.B.34,EAL,GT2,3.A.23,SIS,4.A.6,4.A.6,4.A.6,3.A.1,3.A.1,3.A.1,3.A.1
9.B.97,3.A.1,3.A.1,3.A.1,3.A.1,GH43_4,GH51,GH43_26,GH43_4,3.A.1,3.A.1,SBP_bac_1,HTH_5,2.A.3,9.B.74,GntR,3.A.12,3.A.1,3.A.1,3.A.1,GntR,4.A.1
3.A.1,GH29,4.A.3,3.A.1,3.A.1,3.A.1,3.A.1,8.A.59,Response_reg|HTH_18,3.A.7
GH94,GH3,CE7,3.A.1,3.A.1
3.A.1,3.A.1,3.A.1,3.A.1,Glycos_trans_3N,3.A.1,NUDIX,PL8,4.A.6,4.A.6,4.A.6,GntR,GH35,GH88,GH154
4.A.5,4.A.5,4.A.5,HTH_11,SIS|HTH_6,4.A.3,GH1,HTH_3,2.A.98,LysR_substrate|HTH_1,HTH_DeoR|DeoRC,4.A.2,4.A.2,MarR,3.A.1,HTH_5,3.A.1
3.A.1,4.A.6,4.A.6,4.A.6,GntR,HTH_3,3.A.1,3.A.1,3.A.1,SBP_bac_3,cNMP_binding,TetR_N,3.A.1,4.A.1,2.A.7,SIS|HTH_6,4.A.3,4.A.3,GH1,2.A.1,MarR,2.A.1,4.A.7,Mga|HTH_11,3.A.3,GH1,4.A.1,3.A.3,2.A.47,GH33
2.A.66,GT8,GH4,3.A.1,3.A.1
CE4,TetR_N,3.A.1
1.A.22,4.F.1,ATPase_2,HD,GntR,GH65,4.A.1,2.A.1,PadR,GH13_14,GH1,3.D.4,3.D.4,3.A.1,3.A.1,Pyr_redox_2,GH73|CBM50,AraC_binding|HTH_18,SBP_bac_1,3.A.1,3.A.1,GH105
3.A.1,3.A.1,GH1,3.A.3,HMA,GntR,4.A.3,GH1,4.A.3,GntR,GT8,9.A.24,9.B.143,2.A.66,Pribosyltran,3.A.16,2.A.1,CE1,GH73|CBM50
GH65,4.A.1,2.A.38
2.A.86,dCache_1|HTH_18,GH20,GH29,GH20,GH29,3.A.1,3.A.1,3.A.1,GH38,GH3,GH1,SIS|HTH_6,HTH_DeoR|DeoRC,GH1,4.A.3,1.A.35
3.A.1,3.A.1,GH35,PL12_1,GH88,3.A.1,3.A.1,3.A.1,Trans_reg_C|Response_reg,8.A.5,2.A.115,9.B.97,3.A.3
GH78,2.A.2,Rhodanese,Mga|HTH_11,4.A.2,4.A.2,4.A.2
3.A.1,3.A.1,3.A.1,GH2,GH43_26,ACT,2.A.55,Mga|HTH_11,4.A.3,GH1,3.A.1,MarR,CBM34|GH13_20,2.A.1
3.A.1,3.A.1,SBP_bac_1,GH38,3.A.1,3.A.1
1.C.113,GT32,PglZ,3.A.1,3.A.1,GyrI-like,2.A.86,4.C.1
3.A.5,3.A.5,GT4
9.B.146,GT28,9.A.4
4.A.3,4.A.3,4.A.3,GH16_6|GH16_6,GH16_6|CBM40|GH33,MarR,4.A.3,AraC_binding|HTH_18,4.A.3,GH35
GH35,4.A.6,4.A.6,4.A.6,4.A.6
3.A.1,GntR,4.A.3,GH1
GH42,3.A.2,3.A.2,3.A.2,3.A.2,3.A.2,3.A.2
3.A.1,3.A.1,3.A.1,2.A.6,8.A.5,GH23
GT26,GT0,GT4,9.B.116,HATPase_c,GerE|Response_reg,2.A.38,GT2
9.B.174,4.A.1,GH1,3.A.11
CBM48|GH13_9,GT5,GT35,1.A.43,1.A.43,4.A.3,3.A.1
3.A.1,3.A.1,3.A.1,GntR,4.A.1,Pyr_redox,2.A.16,4.A.1,GH4
3.A.1,Aminotran_1_2,HTH_3,CE9,2.A.85,2.A.85,GH73,Pribosyltran,2.A.40
8.A.5,GT0,3.A.3
2.A.1,Aminotran_1_2,3.A.1,3.A.1,CBM50,ACT,3.A.11,HTH_Mga,2.A.3,3.A.11,3.A.11,2.A.20
GH73,2.A.45,Mga|HTH_Mga,Pyr_redox_2,3.A.1,3.A.1
GH25,1.E.16
2.A.49,GH13_5,HTH_DeoR|DeoRC,PfkB,4.A.2
1.A.33,LexA_DNA_bind,GH35,HTH_18,2.A.118,2.A.3
GT4,GT4,8.A.7,8.A.8,3.A.9
GH1,GH1,GH4,SIS|HTH_6,4.A.1,3.A.1,3.A.1,3.A.1,Mga,3.A.1
GH123,GH1,4.A.3,GH3,HTH_18,3.A.1,3.A.1,3.A.1,GntR,4.A.3,3.A.1,3.A.1
4.A.6,4.A.6,4.A.6,4.A.6,GT4,9.B.18,GT4,9.B.18,9.B.18,8.A.3,8.A.3
GH73|CBM50,TetR_N,2.A.87,Nitroreductase,MarR,3.A.3,2.A.4
2.A.3,3.A.1,3.A.1,GH36,3.A.1,3.A.1,3.A.1,Response_reg|HTH_18,8.A.59,Mga,HTH_3,GH3,3.A.1,2.A.1,cNMP_binding|Crp,3.A.1,3.A.1,3.A.1,3.A.1,3.A.1,3.A.1,Aminotran_1_2,2.A.88,3.A.1,3.A.1,2.A.3,Response_reg|HTH_18,8.A.59,SBP_bac_1,3.A.1,3.A.1,GH38,GH125,Peripla_BP_3|GntR,GH92
3.A.3,Nitroreductase,GH42,GH36,4.A.3,Peripla_BP_3|LacI|Peripla_BP_1,3.A.1,3.A.1,3.A.1
GH73,3.A.7
3.A.7,3.A.7,GH73,3.A.7,3.A.7,3.A.7
4.A.6,4.A.6,GH136,4.A.6,4.A.6,GH35,GntR,2.A.102
