2.A.1,2.A.102,GH33
4.C.1,IclR|HTH_IclR,2.A.15,GH114,Glyoxalase,2.A.102,TetR_N,2.A.55,2.A.15
GT0,9.B.18,GT4,3.A.1
GH79,2.A.1,GH79,2.A.23
2.A.21,GT2,GT2,PIG-L,TetR_N|TetR_C,1.E.43,1.A.43
3.A.1,GT51,1.A.1,HhH-GPD,NUDIX,3.A.1,3.A.1,TetR_N|TetR_C,4.C.1,9.A.47
GT2,GT83,Trans_reg_C|Response_reg,2.A.21
GT4,HTH_1|LysR_substrate,2.A.1,2.A.101
2.A.86,CE14,1.C.113
2.A.47,SBP_bac_5,3.A.1,3.A.1,3.A.1,CE14
GT76,3.A.1,1.A.26,1.I.1
2.A.39,GH15,AAA,2.A.1
GT4,2.A.63,2.A.63,2.A.63
3.A.1,4.C.1,3.A.1,3.A.1,3.A.1,3.A.1,GT4,2.A.1
GT28,AraC_binding,3.A.3
GT2,3.A.5,2.A.64
GT28,9.B.146
GT4,2.A.66,1.B.50,1.C.109,AA3,2.A.15,9.B.55
GH3,3.A.1,3.A.1,3.A.1,3.A.1
3.A.1,3.A.1,3.A.1,SIS,3.A.1,CBM5,GT4,3.A.1,2.A.88
GT2,3.A.1,3.A.1,3.A.1
3.A.18,3.A.1,3.A.1,3.A.1,3.A.1,TetR_N|HTH_3,GT4,GT2,GT2,GT4,1.A.35
2.A.1,9.B.106,GT20,Peripla_BP_3|LacI,Peripla_BP_3|LacI,3.A.1,2.A.3,2.A.22,2.A.3
2.A.7,HTH_1|LysR_substrate,2.A.28,GT4
2.A.21,GntR,8.A.5,3.A.1,GT4,GT4,GT1
9.B.18,GT2,8.A.3,8.A.3,9.B.18
GT81,ACT,2.A.36,3.A.9,9.A.31
3.A.1,3.A.1,CE9
3.A.3,Trans_reg_C|Response_reg,HisKA|HATPase_c,1.B.77,GH15
GT51,HD,NUDIX,2.A.66
