GT9,GGDEF,2.A.7
8.A.59,LytTR|Response_reg,2.A.1,1.B.14,3.A.16,9.B.34,Aminotran_1_2,TetR_N,CE4,9.B.67,GT25,GT9,GT9,4.A.7,4.A.7,4.A.7
2.A.66,HATPase_c|HisKA,Response_reg|Trans_reg_C,2.A.4,2.A.61,Peripla_BP_3|LacI,GH2,2.A.3,2.A.3,2.A.28
2.A.38,2.A.38,CBM50,3.A.11
2.A.1,8.A.1,LysR_substrate|HTH_1,2.A.23,2.A.95,LysR_substrate|HTH_1,GH23
9.B.146,2.A.103,GT28,CE11,Peptidase_M23,3.A.5,NUDIX,3.A.15,3.A.15,3.A.15
GH23,9.B.34,HTH_12,cNMP_binding,2.A.55
3.A.1,3.A.1,3.A.1,3.A.1,LysR_substrate|HTH_1,AA10|CBM73
GT2,4.D.3,GH8,1.B.55,2.A.4,GH13_13,3.A.3,3.A.18,1.B.52,3.A.1
1.B.52,AAA,3.D.4,3.D.4,1.A.30,1.A.30,2.C.1,2.C.1,2.C.1,1.B.52,GH77,CBM48|GH13_9,CBM48|GH13_11
2.A.25,CSD,1.B.52,CBM73|GH18,TPR_2,1.A.30,1.B.14,3.A.1,3.A.1,3.A.1,3.A.1,3.A.1
GH103,2.A.103
3.A.1,3.A.1,3.A.1,GT104,2.A.21,Response_reg|Trans_reg_C,4.C.1
GT51,3.A.11,1.B.22
2.A.1,LysR_substrate|HTH_1,3.A.7,1.B.52,GH20,GH9,3.A.1,3.A.1,3.A.1,3.A.1,3.A.1,8.A.59,HTH_5,2.A.59
1.B.52,GH84,2.A.36,2.A.61,2.A.13
CE9,4.A.1,GH20
2.A.7,MarR,GH103,3.A.1,3.A.1,Pyr_redox_2,1.B.33,9.B.22,9.B.34,GH23,Peripla_BP_3|LacI,GH23
3.A.1,2.A.124,3.A.1,3.A.1,3.A.1,3.A.1,9.B.34,Rhodanese|Pyr_redox_2,GT51,1.A.62
2.A.109,4.C.1,2.A.122,1.E.14,GH36,2.A.1,3.A.1
3.A.1,LysR_substrate|HTH_1,3.D.1,9.B.34,LysR_substrate|HTH_1,GH1,LysR_substrate|HTH_1,HTH_18,GH3
GH102,4.A.2,PfkB,4.A.2,Peripla_BP_1|Peripla_BP_3|LacI,2.A.42,1.I.1
3.A.1,3.A.1,HATPase_c|HisKA|Response_reg,2.A.47,GT35
GT9,LysR_substrate|HTH_1,1.B.14,9.B.34
GH1,4.A.1,SIS|HTH_6,2.A.35
1.A.30,1.A.30,3.D.1,3.D.1,3.D.1,3.D.1,3.D.1,3.D.1,3.D.1,3.D.1,3.D.1,3.D.1,3.D.1,3.D.1,3.D.1,GH23,1.B.33
1.B.14,8.A.3,1.B.18,9.B.18,9.B.18,GT2
1.A.1,2.A.6,2.A.6,9.B.34,2.A.6,9.B.102,9.B.102,HTH_5,9.B.20,Peripla_BP_1|Peripla_BP_3|LacI,GH32,4.A.1,PfkB,1.B.3,1.A.33,9.B.34,3.A.1,3.A.1,1.B.17
GH23,1.A.8
2.A.121,1.A.62,SBP_bac_3,GT2,GT76,GH13_19,Response_reg|GerE,TetR_N,2.A.37,9.B.34,3.A.1,2.A.3,2.A.42,LysR_substrate|HTH_1,2.A.66,GT19,1.B.33
GH18,2.A.21,2.A.1,1.B.14,3.A.1,3.A.1,3.A.1,2.A.115,GT83,2.A.123,GT2,GH23,3.A.1,2.A.40,1.B.42
CBM50,3.A.1,3.A.1,3.A.1,1.B.52
2.A.7,Glyoxalase,GT51
2.A.20,HD,9.B.42,9.B.42,HhH-GPD,GH23,CE16,1.B.6
GT5,2.A.35,LysR_substrate|HTH_1,3.A.1,3.A.1,3.A.1,3.A.1
4.A.1,GH13_29,HTH_IclR|AsnC_trans_reg,2.A.7
9.B.20,GH13_37
GT0,9.B.8,HTH_3,2.A.46,SBP_bac_1,1.B.52,1.B.39
2.A.50,GH8,GT2
2.A.118,1.B.52,3.A.1,3.A.1,3.A.1,GH2,Peripla_BP_3|LacI,8.A.5
9.B.34,MerR,3.A.3,Pribosyltran,GT30,GT9,GT2,GT9
