5.A.1,9.B.14,GT51
3.A.1,3.A.1,GT0,GT4,9.B.18,9.B.18
3.A.3,Response_reg|Trans_reg_C,HisKA|HATPase_c|SBP_bac_1,SBP_bac_1,3.A.1,3.A.1,GntR,3.A.1,3.A.1,3.A.1,Aminotran_1_2,GAF,2.A.3,AA3_2,2.A.111,9.B.150,2.A.7,2.A.1
GT9,GT30,3.A.1,3.A.1
GT4,1.E.40,2.A.80
GH23,1.I.1,HTH_1|LysR_substrate,2.A.1,HTH_18,FUR,2.A.33,HTH_5,9.B.102,9.B.102,3.A.1,3.A.1,3.A.1,3.A.1,4.C.1,cNMP_binding,3.A.1,3.A.1,3.A.1,3.A.1,HTH_1|LysR_substrate,2.A.75,HTH_1|LysR_substrate,2.A.80,Aminotran_1_2,3.A.1,3.A.11,GerE|Response_reg,HATPase_c|dCache_2,2.A.114
3.A.1,3.A.1,3.A.1,3.A.1,AA3_2
3.A.23,TetR_N,GT1
3.A.7,GH23
GT2,3.A.1,3.A.1,3.A.1,3.A.1,3.A.1,2.A.7,3.A.1
GT4,Peripla_BP_2,3.A.1,3.A.1,3.A.1
3.D.4,3.D.4,3.D.4,3.D.4,1.B.52,CBM50,3.A.1,3.A.1,3.A.1,3.A.1,3.A.1
2.A.56,4.C.1,2.A.80,8.A.5,3.A.1,3.A.1,3.A.1,3.A.1,3.A.1,3.A.1,TOBE|HTH_1,Trans_reg_C,2.A.6,2.A.6,2.A.6,GH3,4.F.1,2.A.1
2.A.80,2.A.80,CbiA,GH148|GH148,GT2,9.B.97,Pyr_redox_2,GT26,9.B.18,CbiA,GT2,4.D.3,4.D.3,GH8,1.B.55,2.A.50
3.A.1,3.A.1,3.A.1,3.A.1,DeoRC|HTH_DeoR,CBM32,HTH_1|LysR_substrate,2.A.1,1.B.14
9.B.31,CBM50,MerR,3.A.3
3.A.1,3.A.1,3.A.1,AA3_2,GT2,3.A.1,3.A.1,GT4,1.B.18,3.A.1,3.A.1,3.A.1,3.A.1,3.A.1,2.A.88,3.A.1,3.A.1,3.A.1,3.A.1,3.A.1,2.A.7,3.A.1,2.A.25,2.A.56,2.A.56,GntR,2.A.81,2.A.1,HisKA|SBP_bac_3|HATPase_c|Response_reg|PAS,GerE|Response_reg,Response_reg|EAL,2.A.109,1.B.14,FecR,Sigma70_r4_2|Sigma70_r2,EAL,3.A.1,3.A.1,3.A.1,3.A.1,3.A.1,3.A.1,3.A.1,2.A.80,2.A.80
9.B.34,8.A.21,8.A.7,GT19,1.B.33
3.A.6,3.A.6,3.A.6,3.A.6,3.A.6,3.A.6,1.B.52,1.B.52,1.B.52,1.B.52,GH73
3.A.5,3.A.6,3.A.6,1.B.52,CheZ,Response_reg,Response_reg|CheB_methylest,CheR|CheR_N,1.B.52,CheW,H-kinase_dim|HATPase_c|CheY-binding|CheW,Response_reg,1.A.30,1.A.30,FlhC,FlhD,Sigma70_r2|Sigma70_r3|Sigma70_r4,GT41
GT51,8.A.5,8.A.5,3.A.1
1.A.11,TetR_N,2.A.1,3.A.1,3.A.1,3.A.1,3.A.1,3.A.1,3.A.9,GT51,CSD,2.A.49
2.A.1,HTH_1|LysR_substrate,1.B.12,3.A.1,GT9,GT4,CE4,GT4,GT2,GT4
3.A.1,3.A.1,3.A.1,3.A.1,2.A.81,GH103
9.B.34,9.B.34,GH103,3.A.1
3.D.6,HhH-GPD,3.A.1,3.A.1,3.A.1,3.A.1,CBM32,3.A.1,3.A.1,3.A.1,3.A.1,2.A.88,3.A.1,3.A.1
1.A.23,HTH_18,2.A.7,1.B.14,GH23,GT104,1.B.1,3.A.23,3.A.7,9.A.47
3.A.1,3.A.1,3.A.1,3.A.1,TrmB,GT2,GT4,PL0,GT4|GT4,GT0,8.A.4,3.A.1,3.A.1,1.B.18,9.B.121
9.A.41,GT107|GT107,3.A.1,3.A.1,3.A.1,GH31,4.C.1,HTH_1|LysR_substrate,2.A.98,1.A.26,HTH_11|AsnC_trans_reg,2.A.80,3.A.5,1.A.34,CE11,GT28,2.A.103,9.B.146,3.A.1
1.A.30,1.A.30,2.C.1,2.C.1,TPR_2,AsnC_trans_reg|HTH_CodY,2.A.7,Aminotran_1_2|GntR,2.A.7,2.A.76,GT83,GT2,2.A.6,3.A.1,3.A.1,3.A.1,2.A.6,2.A.6,GH23,2.A.80
3.A.7,GH102
3.A.9,3.A.1,3.A.1,3.A.1,SIS,AsnC_trans_reg|MarR,GT4,2.A.1
