3.A.23,GH2,2.A.2,GH30_4,LacI|Peripla_BP_3,TetR_N,2.A.6,2.A.1,CE16,2.A.68,Rhodanese|Pyr_redox_2,HTH_5,9.B.102,9.B.102
2.A.56,2.A.56,HTH_5|AsnC_trans_reg,PALP,MCPsignal|PAS,9.B.34,SBP_bac_3,9.B.34,AA10,2.A.49
AA10,2.A.76
2.A.15,MarR,9.B.34,MarR|AsnC_trans_reg,2.A.1,AAA,NUDIX,Aminotran_1_2,GH18|CBM73,CheW|Response_reg,9.B.34,9.B.2
3.A.1,3.A.1,3.A.1,2.A.1,HTH_18,CBM50,SBP_bac_1,3.A.18,2.A.21,8.A.59,LacI|Peripla_BP_3,PfkB,3.A.1,3.A.1,3.A.1,GH18,1.E.43,1.A.11
2.A.113,3.A.1,Peripla_BP_2,3.A.1,CBM5,HTH_3,LacI|Peripla_BP_1,SKI,2.A.56
3.A.1,9.B.34,HATPase_c|HisKA,Trans_reg_C|Response_reg,2.A.1,2.A.1,4.C.1,4.C.1,2.A.66,3.A.1,3.A.1,3.A.1,3.A.1,GH13_38,GH13_21,2.A.76,LytTR|Response_reg,9.B.33,3.A.1
1.C.14,GT26,GT4,GT4,GT0,2.A.13,EAL,8.A.5,HTH_3,GH13_19,3.A.1,3.A.1,3.A.1,3.A.1,3.D.4,3.D.4,3.D.4,2.A.7,SBP_bac_3,4.A.2,9.A.5,2.A.6,2.A.6,2.A.1
9.B.10,CBM5
1.C.67,1.I.1,CBM50
3.A.1,GGDEF|EAL,3.A.1,GH18|CBM5,8.A.59
GH1,3.A.1,3.A.1,3.A.1,LysR_substrate|HTH_1,2.A.7,2.A.6,TetR_N,HTH_7,2.A.1
1.B.52,3.A.1,SIS|HTH_6,2.A.21,PfkB,GH20,3.D.4,3.D.4,3.D.4,GH19
2.A.40,2.A.40,9.B.35,CE4,9.B.43
4.A.2,GH38,GH13_18,4.A.2,3.A.1,3.A.1,3.A.1,Pyr_redox_2,1.B.14,2.A.15
3.A.23,HTH_18,Rhodanese,2.A.1,2.A.102,9.B.55,SBP_bac_3,3.A.1,Aminotran_1_2,LysR_substrate|HTH_1,SBP_bac_5,CBM5,1.A.11
CBM50,1.B.39,1.C.72,3.A.1
GH13_11,1.B.3,1.B.52,1.B.52
2.A.21,2.A.7,MarR,CBM41|GH13_13|GH13_37,HTH_3,2.A.88,GyrI-like|HTH_18,Aminotran_1_2,Pyr_redox_2,2.A.76
1.B.52,3.D.4,3.D.5,SBP_bac_3,9.B.34,2.A.115,2.A.6,MerR,2.A.6,TetR_N,GH129
GH13_27,SBP_bac_5,AA2,TetR_N,9.B.34,SBP_bac_3,1.I.1
3.A.1,3.A.1,3.A.1,3.A.1,LacI|Peripla_BP_3,SBP_bac_1,3.A.1,3.A.1,GH65,3.A.1,1.B.21,GH32,GH13_4
9.B.34,AraC_binding|HTH_18,GH13_27,1.B.52
1.B.52,STAS,STAS,HATPase_c,SpoIIE,2.A.21,8.A.59,Response_reg,PAS,2.A.122,SBP_bac_3,TetR_N,AA3_2,3.A.1,3.A.1,3.A.1,2.A.14,LysR_substrate|HTH_1,3.A.1
2.A.76,2.A.21,GH36
GH3,AraC_binding|HTH_18,GH16_3,LacI|Peripla_BP_3,SBP_bac_3,3.A.1,3.A.1,3.A.1,3.A.1,3.A.1,GH149,AraC_binding|HTH_18,GH13_32|CBM26
GT9,GT2,GT9,GT25,GT30,GT32,GT9,GT9,GT25,GT4,9.B.18,Aminotran_1_2,GT0
GT4,9.B.146
3.B.1,3.B.1,9.B.27,GH23
GT1,LysR_substrate|HTH_1,4.C.1,ACT,2.A.1
2.A.66,3.A.23,8.A.5,NUDIX,8.A.7,2.A.58,LysR_substrate|HTH_1,HTH_5,2.A.66,9.B.105,2.A.114,SIS,2.A.21,SIS|HTH_6,GH3,LytTR|Response_reg,9.B.33,1.A.34,3.A.1,GH23
GH23,1.B.33,3.A.9
GH4,2.A.2,GH63,TetR_N,2.A.3,GH2
3.A.1,3.A.1,3.A.1,9.B.158,TetR_N,2.A.6,2.A.6,LysR_substrate|HTH_1,3.A.7,GH102,3.A.16
1.B.33,9.B.34,CBS,GH19|CBM5,2.A.96,2.A.25,Pyr_redox,LysR_substrate|HTH_1,1.A.1,Aminotran_1_2,CheW|Response_reg,CBM5,2.A.15,1.A.23,1.B.52,1.B.33,3.A.8,2.A.23,1.A.33
2.A.68,GH23
GH20,2.A.17,2.A.37,MarR,CE9,4.A.1
8.A.21,1.I.1,HD,GH18
2.A.102,AAA,2.A.98,2.A.56,2.A.56,2.A.56,dCache_2,CBM5,GH3,GT2
3.A.1,3.A.1,3.A.1,8.A.21,8.A.21,AA10,1.B.52,1.B.52,9.B.34,1.B.9,3.A.1,3.A.1,3.A.1,3.A.1,3.A.1,9.B.34,AsnC_trans_reg,3.A.12,5.A.2,2.A.34,GntR,1.B.52,1.B.48
1.B.22,HATPase_c|HisKA|Response_reg,GerE|Response_reg,3.A.6,3.A.6,3.A.6,3.A.6,3.D.4,3.D.4,3.D.4,3.A.3,5.A.1,cNMP_binding|Crp,GH73,3.A.1,3.A.1,3.A.1,3.A.1,3.A.1,GGDEF,1.A.11,5.A.3,5.A.3
3.A.23,GT4,GT4
GT4,GT2,9.B.18,Pyr_redox_2,1.B.14,4.C.1,4.C.1,3.A.1,3.A.1,3.A.1,3.A.1,Diacid_rec,LysR_substrate|HTH_1,2.A.1,2.A.118,GntR,9.B.99,HATPase_c|HisKA,Trans_reg_C|Response_reg,LysR_substrate|HTH_1,9.B.50,5.B.7,1.A.16,NIR_SIR|Pyr_redox_2|NIR_SIR_ferr,MCPsignal|PAS,9.B.34
2.A.6,Trans_reg_C,GT2
4.A.1,GH32,1.B.15,LysR_substrate|HTH_1,2.A.1
2.A.21,LacI|Peripla_BP_3,HisKA,Trans_reg_C|Response_reg,2.A.6,1.B.17,Response_reg|PAS,3.A.1,Response_reg,2.A.1,GT27,9.B.18
3.A.1,3.A.1,3.A.1,SIS|HTH_6,LysR_substrate|HTH_1,2.A.66,LacI|Peripla_BP_3,PfkB,EAL,1.B.52,GH32,1.B.3,LacI|Peripla_BP_3,4.A.1
2.A.102,1.B.52,TetR_N,GT83,GT2
2.C.1,2.C.1,2.C.1,1.A.30,1.A.30,3.D.4,3.D.4,AAA,MCPsignal,GH36,SBP_bac_3,5.A.3,5.B.5,3.A.1,1.A.16,SBP_bac_3,3.A.9
5.A.3,LacI|Peripla_BP_3,GT5,3.A.7
1.A.23,2.A.41,LysR_substrate|HTH_1,GH103,CbiA,2.A.95,1.A.1,2.A.35
3.A.1,GT2,9.B.22,3.A.1
GH23,3.D.6,3.D.6,3.D.6,3.D.6,3.D.6,3.D.6,HhH-GPD,Glyoxalase,1.A.30,2.A.8,1.B.52,2.A.86
2.A.115,2.A.6,2.A.6,GH13_29,4.A.1,LacI|Peripla_BP_3,3.A.1,3.A.1,3.A.1,2.A.68
GT19,1.B.33
2.A.40,2.A.22,CBM73|GH18,1.I.1,9.B.34,3.D.5,3.D.5,3.D.5,3.D.5,3.D.5,3.D.5,3.D.5,2.A.1,Sigma70_r4|Sigma70_r2,1.B.10
2.A.102,NUDIX,3.A.5,CE11,GT28,2.A.103,Pyr_redox_2,9.B.146
2.A.26,1.I.1,9.B.34,3.A.16,1.B.1,CBM50,2.A.6,2.A.6,Aminotran_1_2,2.A.86,HATPase_c|HisKA|Response_reg|PAS,3.A.1,3.A.1,3.A.1,3.A.1,3.A.1,GH9,GH20,GH94,3.A.1,3.A.1,3.A.1,1.A.11,GT51
3.A.5,9.B.14,9.A.40,Sigma70_r4|Sigma70_r2|Sigma70_r3,CBM50
GH23,9.B.157,9.B.157,9.B.157
CBM50,2.A.47,1.B.52
1.B.22,GT51
