1.B.14,LytTR,9.B.157,2.A.103,GH2,GH88,8.A.46,1.B.14,HTH_18|Response_reg|Y_Y_Y|HisKA|HATPase_c|Reg_prop,3.A.1,3.A.1,GH3,CBS,GH88,PL6,8.A.46,1.B.14,PL8_3,PL8_2
1.B.14,FecR,Sigma70_r4_2|Sigma70_r2,Peripla_BP_3|LacI,CE9,2.A.1,GH109,PL1_2,1.B.14,CE12,8.A.46
1.B.14,FecR,Sigma70_r4_2|Sigma70_r2,GT51
1.B.14,FecR,Sigma70_r4_2|Sigma70_r2,GH28,1.B.14,FecR,Sigma70_r4_2|Sigma70_r2,3.A.1,1.A.8,Sigma70_r4_2|Sigma70_r2,GH18,8.A.46,1.B.14,FecR,1.A.62
GT32,1.A.78,GT0,3.A.1,Sigma70_r4_2|Sigma70_r2,FecR,1.B.14
1.B.14,Response_reg|LytTR,3.A.1,1.I.1,CE4,GH1,3.D.1,Peripla_BP_3|LacI,2.A.21,1.B.14,2.A.53,2.A.53,3.B.1,2.A.1,1.A.33
GH13_10,2.A.2,GH13_38,GH65,GH13_2
CBM32,GH105,PL29,8.A.46,1.B.14,Sigma70_r4_2|Sigma70_r2,FecR,1.B.14
3.A.1,GT2|GT2,3.A.2,3.A.2,3.A.2,TPR_2,GT51,9.A.25,9.A.25
1.B.14,FecR,Sigma70_r4_2|Sigma70_r2,GH63,GH2,8.A.46,TPR_1|TPR_2,9.A.25
GT0,3.A.23
1.B.6,CbiA,GT2,3.A.1,GT2
1.C.39,GT10
1.B.14,8.A.46,4.B.1,3.A.1,CE9
GH73,9.B.168,3.A.5
3.A.1,GT51,Pribosyltran,1.A.23
CE11,3.A.1,9.B.153
2.A.1,2.A.1,TetR_N,GH9,2.A.7
3.D.1,TPR_2,1.B.14,8.A.46,Response_reg|LytTR,1.A.8,GH3
GH95,AraC_binding|HTH_18,2.A.1,TPR_1|TPR_2,1.B.14,GH78,2.A.1,1.B.14,GH59
1.B.14,8.A.46,3.A.1,3.A.1,3.A.1,1.B.14,2.A.1,Peripla_BP_1|LacI,GH141,8.A.46,GH3,GH154,1.B.14,GH88,GH106,HTH_18|Response_reg|Y_Y_Y|HisKA|HATPase_c|Reg_prop,1.B.14,8.A.46
9.B.144,GT1
2.A.1,GH29
GH130,2.A.7,ACT,MarR,GH2,GH125,GH92,2.A.1,GH92
GT4,GT4,9.B.18,Aminotran_1_2,9.B.18,1.B.23
1.B.14,FecR,Sigma70_r4_2|Sigma70_r2,GT2|GH26,GH158,9.B.146,GT4,GT4,GT4,GT2,GH99,CE4|GT2,3.A.1,3.A.1,GT4,8.A.3,GT2,2.A.7,GntR|Peripla_BP_3,1.B.6,9.B.172
GH23,9.A.25,FeoA,9.A.8,Fer4,2.A.64
1.B.14,8.A.46,PL21,1.B.14
3.A.1,SKI,GH20,2.A.1
1.B.33,GH3,GH144,8.A.46,1.B.14,GerE|Y_Y_Y,Rhodanese,1.B.14,1.B.14
GT30,3.A.1
1.B.14,FecR,Sigma70_r4_2|Sigma70_r2,8.A.46,1.B.14,FecR,Sigma70_r4_2|Sigma70_r2,Sigma70_r4_2|Sigma70_r2,FecR,1.B.14,2.A.1,GH38,GH92,GH92,HTH_18,1.B.14,8.A.46,2.A.1,GH38
4.C.1,GT19,1.B.14
3.A.1,1.B.14,Sigma70_r4_2|Sigma70_r2,FecR,1.B.14,CBM51,Sigma70_r4_2,FecR,1.B.14,8.A.46
1.B.14,GH20,CBM67|GH78,CBM67|GH78
8.A.46,1.B.14,FecR,Sigma70_r4_2|Sigma70_r2,Sigma70_r4_2|Sigma70_r2,FecR,1.B.14,PL9_2,3.A.1
9.B.146,2.A.103,GT28
2.A.47,3.D.10,3.D.10,3.D.10,Sigma70_r4_2|Sigma70_r2,FecR,1.B.14,3.A.1,1.B.44,3.A.1,3.A.1,9.B.27,9.A.41,1.I.1,PL6_2,Response_reg|LytTR,2.A.6,2.A.6,2.A.6,9.B.14,9.B.14
1.B.14,GH16_3
CBM67|GH78,8.A.46,1.B.14,FecR,Sigma70_r4_2|Sigma70_r2,Sigma70_r4_2|Sigma70_r2,FecR,1.B.14
1.B.14,GH26,2.A.2,GH130
2.A.102,GT5,HATPase_c|HisKA,3.A.23,3.A.1,3.A.1
1.B.14,GH127,1.C.39,3.A.3,HMA,HMA,2.A.6,2.A.6,2.A.6
2.A.102,9.B.102,9.B.102,Rhodanese,HTH_5,2.A.1,1.B.14,8.A.46,HTH_5,GH20,1.B.14,8.A.46
CBM6,CSD,Response_reg|HATPase_c|HisKA,PL7_3,PL6_1|PL6_1,8.A.46,1.B.14,2.A.1,PL17_2|PL17
GT2,2.A.17,2.A.17,2.A.1
2.A.3,8.A.7,AraC_binding|HTH_18,Sigma70_r4_2|Sigma70_r2,FecR,1.B.14,8.A.46,GH141,HTH_18,PL21
PL12_2,GH88,1.B.14,8.A.46,PL21_1,Arc,Sigma70_r4_2|Sigma70_r2,FecR,1.B.14,Sigma70_r4_2|Sigma70_r2,FecR,1.B.14,Sigma70_r4_2|Sigma70_r2,FecR,1.B.14
1.B.14,GH105,PL15,HTH_18|Response_reg|Y_Y_Y|HisKA|HATPase_c|Reg_prop,2.A.1,2.A.7,GH138,GH142,GH28,GH95,GH2|CBM57
1.B.14,HTH_3,PL1_2,PL1_2,GH140,GH43_18,GH143,GH2,CBM67|GH78,GH33,CE0,GH141,2.A.21,GH78
8.A.46,IclR|HTH_IclR,CBM67|GH78,GH2,SBP_bac_1,3.A.1,2.A.1,GH106|GH106,GH139,GH105
1.B.14,GH97,Sigma70_r4_2|Sigma70_r2,FecR,1.B.14,8.A.46,GH129,GH95,GH95,GH29,GH18,AraC_binding|HTH_18,GH2,GH95,GH95,GH31,PL38,GH29,GH88,GH29,PL29
PL29,3.A.3,FUR,2.A.6,Sigma70_r4_2|Sigma70_r2,FecR,1.B.14,8.A.46,2.A.53,Sigma70_r4_2|Sigma70_r2,FecR,1.B.14
2.A.20,GyrI-like,CBM67|GH78,8.A.46,1.B.14,FecR,Sigma70_r4_2|Sigma70_r2,HATPase_c|HisKA,Response_reg|Trans_reg_C,9.B.196,GH137,GH127,Sigma70_r4_2|Sigma70_r2,FecR,1.B.14,1.A.23,9.B.172,HTH_1|LysR_substrate,9.B.156,2.A.9
GH20,2.A.8,3.A.1,3.A.1,3.A.1,1.B.14
2.A.1,GH29,1.B.14,Sigma70_r4_2|Sigma70_r2,FecR,1.B.14
CBM6,2.A.1
1.B.14,3.B.1,2.A.1,Sigma70_r4_2|Sigma70_r2,FecR,1.B.14,Peripla_BP_1|LacI,GH109
1.B.14,1.B.6,3.A.1,3.A.1,GH15,GT20,CBM13|CBM6,HD,Sigma70_r4_2|Sigma70_r2,FecR,1.B.14,1.B.14,8.A.46,CE7,GH109,2.A.21
GT2,1.A.35,1.A.26,2.A.85
1.B.14,FecR,Sigma70_r4_2|Sigma70_r2,GT35,HTH_18,8.A.5
1.B.14,FecR,Sigma70_r4_2|Sigma70_r2,1.B.14,FecR,Sigma70_r4_2|Sigma70_r2,Sigma70_r4_2|Sigma70_r2,FecR,1.B.14,TPR_1,8.A.46,1.B.14,FecR,Sigma70_r4_2|Sigma70_r2,HTH_18,1.B.14,8.A.3,HTH_3,9.B.18,GT4,PL1_7,GT4,GT4,9.B.18,GT4,GT2,2.A.66,8.A.5
4.C.1,4.C.1,GT2,GT2,GT14,Aminotran_1_2,3.A.1,GT4,GT2
GT14,GT2,1.B.33,GT2,CbiA,9.B.18
1.B.14,GT51
1.B.14,HTH_5,1.B.14,8.A.46,PL37,GH29,1.B.14
2.A.1,LacI,PL8_3,GH92,GH28,GH106,CE9,8.A.46,1.B.14,2.A.1,1.A.46,Crp|cNMP_binding,GH116
GH28,GH36,Sigma70_r4,TPR_2,1.B.14,FecR,Sigma70_r4_2|Sigma70_r2,LacI,CE9,2.A.1,8.A.46,1.B.14,CE6,CE7
CE15,8.A.46,1.B.14,1.A.105
GH0,CE2,2.A.1,GntR,8.A.5
2.A.6,2.A.6,3.A.1,HTH_18,GT83,HATPase_c|HisKA,3.A.7
3.A.9,GT4,GH130,1.B.6
3.A.11,GT2,2.A.7
1.B.14,FecR,Sigma70_r4_2|Sigma70_r2,1.B.14,FecR,Sigma70_r4_2|Sigma70_r2,1.B.14,FecR,Sigma70_r4_2|Sigma70_r2,GH20,1.B.14
GH33,2.A.1,8.A.46,1.B.14
9.B.186,Sigma70_r4_2|Sigma70_r2,GH65,8.A.46,1.B.14,GH13_36,AraC_binding|HTH_18,2.A.2
3.A.1,9.B.196,4.C.3,Response_reg|LytTR,1.B.14,2.A.37,GH20,2.A.6,2.A.6,2.A.6,HTH_11,2.A.7,8.A.5
1.B.14,HATPase_c|PAS,1.B.14,FecR,Sigma70_r4_2|Sigma70_r2,CE14
1.A.46,TetR_N,8.A.1,2.A.6,2.A.6,Response_reg|Trans_reg_C,HATPase_c|HisKA,HTH_18,GH20,Pribosyltran,TPR_2,1.A.30
GH28,Peripla_BP_3|LacI,2.A.6,9.B.196,CE8
GH0,3.A.9,3.A.1
3.A.18,1.B.66,1.A.11,GH20,GH16_3,1.B.14,GerE|Y_Y_Y,1.B.6,1.B.14,FecR,Sigma70_r4_2|Sigma70_r2,9.B.174,2.A.3,2.A.3,2.A.95
3.A.1,GT4
