2.A.6,2.A.6,2.A.6,HATPase_c|HisKA,Trans_reg_C|Response_reg,HATPase_c|HisKA,Trans_reg_C|Response_reg,1.B.33,GT27,GT2,3.A.1,GT2,GT2,GT0,GT0
3.A.1,9.B.18,CbiA,GT4,GT2,GT2
2.A.1,CBM48|GH13_9,GH13_16,GH13_3,9.B.20
3.A.1,3.A.1,3.A.1,Pyr_redox_2,2.A.1,GH3,TetR_N,LexA_DNA_bind,3.A.7,3.A.1,GH23,3.A.1,2.A.66,1.B.52,3.D.4,3.D.4,3.D.4,3.D.4,3.D.4,3.D.4,Fer4,3.A.3
GH23,Trans_reg_C,1.C.36,TPR_2|TPR_3,3.A.6,3.A.6,3.A.6,3.A.6,1.B.22,HTH_18,3.A.1,ANTAR|Response_reg,2.A.1,9.B.106,Pyr_redox_2|NIR_SIR_ferr|NIR_SIR,3.D.1,1.B.6,Sigma70_r4|Sigma70_r2,1.A.35,4.A.2
2.A.37,1.A.11,1.E.34,HD,GerE|Response_reg,Response_reg|HisKA|SBP_bac_3|PAS|HATPase_c,8.A.59,GAF,AAA,2.A.21,MarR,Aminotran_1_2,9.B.1,3.A.18,HTH_1|LysR_substrate,2.A.102,MarR,GT104
3.A.1,3.A.1,GH23
2.A.21,3.A.3,3.A.3,3.A.3,2.A.3,GntR,3.A.11,9.B.97,9.B.18,9.B.146,GT4,2.A.66,Aminotran_1_2,9.B.97
1.M.1,GH19
GT19,1.B.33
3.A.1,3.A.1,3.A.1,3.A.1,SBP_bac_5,2.A.56,9.B.159,9.B.164,4.C.1,GT2,2.A.76,2.A.106,1.B.52
CBM50,Fer4,1.A.62,1.A.30,1.A.30
2.A.39,2.A.6,GT30,HTH_1|LysR_substrate,2.A.7,8.A.5,PfkB,3.A.1,9.B.67,GT4,PIG-L,GT4
GT4,GT9,GT9,9.B.34,3.A.23,2.A.21,MCPsignal,2.A.36,1.A.23
GT2,2.A.6
2.A.1,3.A.15,3.A.15,3.A.15,3.A.15,3.A.15,3.A.15,1.B.22,AA10
1.B.22,3.A.11,GT51,3.A.11
2.A.64,1.B.52,GT2,3.A.1,3.A.1,3.A.1,3.A.1,2.A.39
1.A.13,HTH_1|LysR_substrate,3.A.7,Pyr_redox_2,GT2,CE4|GH153,1.B.55,HTH_1|LysR_substrate,3.D.2,3.D.2,3.D.2
2.A.7,TPR_2,2.A.38,CBM50,3.A.11,2.A.53,3.A.1,HTH_1|LysR_substrate,2.A.11,2.A.109,2.A.58,3.A.1,3.A.1,9.B.156,2.A.23,3.A.23,HATPase_c|PAS|HisKA,EAL,9.B.34
GT4,GT4,GT4,3.A.1,3.A.1,GT4,GT4,9.B.97
3.A.5,3.A.1,3.A.1,Sigma70_r4|Sigma70_r2,GT51
1.B.52,H-kinase_dim|CheW|Response_reg|HATPase_c,CheW,3.B.1,3.B.1,3.B.1,2.A.70,2.A.70,HTH_1|LysR_substrate,1.C.113,1.I.1,SBP_bac_3,1.A.16,2.A.1,2.A.7,GH102,2.A.76
PL7_1,PL7_1,9.B.34,SBP_bac_3,2.A.85,Pyr_redox_2,3.A.18,2.A.1,AA3_2,TetR_N,3.A.1,3.A.1,3.A.1
2.A.103,GH103,GH0,GH103
3.A.1,3.A.1,3.A.1,GT51
GT4,2.A.121
9.B.146,2.A.103,GT28,CE11,9.B.34,HATPase_c|HisKA,Trans_reg_C|Response_reg,2.A.6,2.A.6,HTH_1|LysR_substrate,1.B.17,2.A.85,8.A.48,8.A.1,2.A.50,PL5_1,1.B.13,GT2
GH23,4.A.1,4.A.1,SIS,CE9
GT0,2.A.3,2.A.21,HATPase_c,5.B.3,9.B.34,9.B.34,HD|Response_reg,NUDIX,2.A.76
GT4,3.A.5,NUDIX,2.A.21,1.A.23,1.B.25
1.B.10,9.B.43,CE4,9.B.35,2.A.76,2.A.40
GH15,CheR,4.C.1,4.C.1,1.B.14,3.A.1,9.A.25,2.A.6,3.A.1,3.A.1
3.A.1,2.A.1,PL7_1,2.A.14,HTH_1|LysR_substrate,2.A.37,2.A.37
GH37,9.B.34,Response_reg,9.B.34,dCache_1|HATPase_c,3.A.1,3.A.1,2.A.1,4.C.1,4.C.1,4.C.1,2.A.1,1.B.14,3.A.23,3.A.23,3.A.23,3.A.23,3.A.23
2.A.76,HTH_18|AraC_binding,GGDEF|GAF,3.A.1,3.A.1,3.A.1,3.A.1,3.A.1,GH23
3.A.4,9.B.104,GH0,GntR,2.A.1
GT2,GT0,2.A.56,2.A.56,2.A.56,SBP_bac_3,TetR_N,2.A.1,GerE|Response_reg,HATPase_c|dCache_2,2.A.114,1.B.52,1.B.14,3.A.1,3.A.1,3.A.1,3.A.1
1.A.14,HTH_IclR|AsnC_trans_reg,1.B.12,PIG-L,CBM48|GH13_11,GH13_26,GH77,GH13_10,GT5,9.B.27,1.B.52
GT2,2.A.123,GT83
3.A.1,9.B.147,LacI,2.A.1,HATPase_c|HisKA,Trans_reg_C|Response_reg,GH33,HTH_1|LysR_substrate,2.A.1,HTH_18,9.B.153,9.B.137,1.B.52,1.B.14,HATPase_c|HisKA,Trans_reg_C|Response_reg,HxlR,1.B.14,HTH_18|AraC_binding,1.B.25
2.A.6,2.A.6,2.A.6,TPR_2,2.A.21,Response_reg,HisKA|Response_reg|HATPase_c,CheB_methylest,CheR_N|CheR,2.A.21,Response_reg,GT0|GT2|GT4,HTH_18,3.A.1,3.A.1,3.A.1,3.A.1
4.C.1,GT1,4.C.1,GerE,2.A.6,2.A.6,3.A.1,3.A.1,2.A.3,TetR_N,3.A.1,3.A.23,3.A.1,3.A.1,3.A.1,3.A.1
3.A.1,3.A.1,3.A.1,2.A.1,PfkB,HTH_IclR|IclR,1.B.3,3.A.1,3.A.1,3.A.1,3.A.1,GH32
2.A.3,TetR_N,2.A.76,2.A.1,HTH_1|LysR_substrate,HTH_IclR,1.A.30,1.A.30,1.B.14,HTH_1|LysR_substrate,HTH_1|LysR_substrate,3.A.1,3.A.1,3.A.1,HTH_1|LysR_substrate,EAL,9.B.34,GH13_33,2.A.1,HTH_18|AraC_binding,2.A.1,8.A.1,HTH_18,3.A.1,3.A.1,3.A.1,HTH_IclR|IclR,HTH_1|LysR_substrate,3.A.1,3.A.1,3.A.1,2.A.1,3.A.1,3.A.1
8.A.5,AA3_2,HTH_1|LysR_substrate,2.A.1
