GH8,1.B.52,CE4,AraC_binding|HTH_3,GH73
2.A.122,1.E.14,Aminotran_1_2|GntR,PIG-L,GntR,GH1,CBM50
GT28,2.A.103,9.B.146
3.A.1,3.A.1,3.A.1,CBM34|GH13_20,GH13_31,3.A.1
9.B.34,Nitroreductase,8.A.7,PTS-HPr,4.A.1,GntR,CE9,3.A.11,3.D.1,9.A.11,9.A.11,9.A.11,9.A.11,9.A.11,9.A.11,9.A.11,2.A.22,Sigma70_r2|Sigma70_r3|Sigma70_r4,HATPase_c,STAS,GntR,3.A.1,MarR,2.A.40,1.A.35
3.A.14,3.A.14,HTH_11,2.A.23,GT28
GT35,GT5,CBM48|GH13_9,Sigma70_r2|Sigma70_r4_2,9.B.20,1.A.1
3.A.11,3.A.11,HxlR,GT0,9.B.146,CE4,AAA,2.A.51,GH4,4.A.3,4.A.3,4.A.3,4.A.3,4.A.3,4.A.3,2.A.23,Glyoxalase,LysR_substrate|HTH_1,GH126,2.A.45,2.A.14
2.A.41,GGDEF,GT2,2.A.15
GT4,GT2,9.B.18,8.A.3,8.A.3,8.A.3,1.A.33,HTH_10,1.A.34,3.A.1,3.A.1,EPSP_synthase,3.D.9,3.D.1,3.D.9,3.D.9,3.D.9,3.D.1,3.D.1,3.D.1,3.D.1,3.D.1,3.D.1,PAS|GGDEF|EAL,3.A.2,3.A.2,3.A.2,3.A.2,3.A.2,1.A.77
2.A.1,MerR,GT51,9.B.149,HD,Peripla_BP_2,3.A.1,3.A.1,3.A.1
9.B.34,2.A.114,LytTR|Response_reg,2.A.1,GT26,GT4,1.A.62,1.B.52,GT2,3.A.1,GT2,TetR_N,2.A.6,2.A.86,2.A.122,1.E.14,LytTR|Response_reg,9.B.33,2.A.15,1.A.29,1.C.113,3.A.18,9.B.97
3.A.1,3.A.1,3.A.1,3.A.1,CE4
CBM50,3.A.1,3.A.1,3.A.1,2.A.1,3.A.1,3.A.1,3.A.1,3.A.1,3.A.1,HTH_18,3.A.1,3.A.1,2.A.7,3.A.1,3.A.1,LysR_substrate|HTH_1,2.A.7
GT4|GT2,3.A.1,3.A.1,HATPase_c|HisKA,Trans_reg_C|Response_reg,2.A.7
3.A.1,3.A.1,3.A.1,1.B.52,Arg_repressor,2.A.3,TrmB|cNMP_binding,GH13_31,4.A.1,9.B.74,3.A.7,2.A.13,dCache_1|MCPsignal,3.A.1,3.A.1,3.A.1,3.A.1,GH18|CBM2
2.A.109,3.A.3,9.B.126,3.A.3,2.A.7,2.A.19,CE4,HhH-GPD,3.A.23,2.A.3
4.A.1,GT2,GT2|GT2,GT28
3.A.1,2.A.85,GATase_2,3.A.1,1.A.1,FUR,NUDIX,GT51
2.A.3,GntR,4.A.1,GH13_29,2.A.25,3.A.1,3.A.1,3.A.1,3.A.1,2.A.3
3.A.3,3.A.3,3.A.3,2.A.1,MarR,2.A.40,PfkB,GH32,4.A.1
4.C.1,9.B.27,MerR,2.A.53,3.A.5,2.A.66,GH73
4.A.1,GH1
1.A.11,GH13
2.A.103,GT2
2.A.20,GT51,2.A.21
3.D.3,3.D.3,3.D.3,2.A.115,CE14,GT4
3.A.3,9.B.18,GT2,GT4
GT2,TPR_1,GH23,3.A.6,3.A.6,1.A.104,3.A.5
2.A.1,2.A.1,PALP,2.A.22,CE4
3.D.4,3.D.4,3.A.1,3.A.1,GT2|GT2
3.A.1,Trans_reg_C|Response_reg,HATPase_c|HisKA,CE4
GH129,CE4,9.B.20
GT1,2.A.115
2.A.8,4.D.1,GT102,3.A.1,3.A.1,2.A.3,AAA,9.A.40
9.B.12,GT51,2.A.1
GT1,3.A.1,3.A.1,HATPase_c|HisKA,Pkinase,9.B.105,2.A.1
2.A.7,GH8
3.A.1,3.A.1,3.A.1,Sigma70_r2|Sigma70_r4_2,AA10
AA10,2.A.25,Pyr_redox,3.A.23
CE4,2.A.109,3.A.1,9.B.74
GT2,Glyoxalase,3.A.1,3.A.1,3.A.1,3.A.1
2.A.1,GT2,GT2,GT2
4.C.1,HxlR,HTH_5,GH18|CE4|GT2
9.B.31,GH18
3.A.1,CE4,2.A.1,NUDIX,4.C.1,2.A.88,4.C.1
1.E.27,GH25,Peptidase_M23,GH23
2.A.3,GH18,1.A.16,3.A.3,HMA,3.A.1,3.A.1,3.A.1,3.A.1,HTH_18|Ada_Zn_binding,HhH-GPD,2.A.115,Glyoxalase,9.B.34,GT28,9.B.18
