GH23,2.A.109
GH103,2.A.3
2.A.85,1.A.2,CBM47
2.A.86,GT0,2.A.21,SIS,GH20,3.A.1,3.A.1,Peripla_BP_2,1.B.14,2.A.36
GH23,9.A.40,GT21
9.B.72,GT0
2.A.3,GT2
8.A.5,NUDIX,GT0,GT20
3.A.1,3.A.1,3.A.1,3.A.1,3.A.1,HisKA|Response_reg|HATPase_c,Response_reg|GerE,GT0,CSD,2.A.6,2.A.6,8.A.1,2.A.3,HTH_18,3.A.1,1.B.5,3.A.1,3.A.1,3.A.1,2.A.3
2.A.21,2.A.1,9.B.157,2.A.103,1.A.30,1.A.30,1.A.30,GT51
2.A.1,CE9,GT2
GT4,3.A.12
2.A.6,GH23,HhH-GPD,HhH-GPD,3.A.1
3.A.18,Glyoxalase,3.A.5,3.A.2,GT2,GT83
3.A.1,GT2|GT4,3.A.1,3.A.1
3.A.1,GH23
2.A.14,GH23,2.A.1
CBM48|GH13_11,GT5,CBM48|GH13_9,GH13_10,3.A.9
2.A.3,Aminotran_1_2,GT4,GT94,3.A.18
4.A.2,1.B.33,CE11
GT4,Pribosyltran,GT2,GT2,2.A.21,3.A.23,2.A.21,3.A.23,NUDIX,3.A.9,5.B.7,2.A.53,GT19,GT4,GT9
GT2,GT83,3.D.4
GT25,3.A.6,1.A.30,1.A.30
AA3_2,2.A.39
