GH13_16,3.A.1,GH77,4.C.1
3.D.4,3.D.4,3.D.4,3.D.3,GT4,CE1,GT87|GT87,GT87,GT87,9.B.106
9.B.146,2.A.103,GT28
2.A.7,PALP,GH13_10
GH13_26,HxlR,3.A.1,3.A.1,3.A.1,LacI|Peripla_BP_3,CBM48|GH13_11,TetR_C|TetR_N,9.B.148,Aminotran_1_2,2.A.1
2.A.108,4.F.1,GT4
3.A.1,HTH_5,1.B.42,Aminotran_1_2,GH33,3.A.1,3.A.3
GT2,2.A.53,2.A.59,2.A.107,Pribosyltran,2.A.1
3.A.1,GH13_3,GH13_9,3.A.1,3.A.1,3.A.1
3.A.1,Sigma70_r4_2|Sigma70_r2,GT5,GH32,GT81,2.A.3
CE14,SBP_bac_5,2.A.120
GT2,9.B.34
CE1,2.A.22,2.A.22,2.A.86
GH23,1.B.41,1.B.41,2.A.3,3.A.1,3.A.1
3.A.1,3.A.1,3.A.1,3.A.1,3.A.1,2.A.6,TetR_N,CE1
3.A.1,GH23|CBM50,2.A.77
3.A.1,3.A.1,3.A.1,3.A.1,GT2,MarR,2.A.6
2.A.3,GT4
3.A.1,Trans_reg_C|Response_reg,GT4,4.C.1
3.D.10,3.D.10,3.D.10,HTH_3,Pyr_redox_2,GT2,9.B.97,GT2,EPSP_synthase,2.A.66,GT4,9.B.18,Aminotran_1_2,9.B.18,8.A.3,CE1
GT2,2.A.1
4.C.1,2.A.1,Whib,GT51
2.A.25,3.A.1,GT2
GT85,GT53,Pyr_redox_2,GATase_2,PAS,2.A.1
2.A.76,2.A.102,1.A.62,2.A.7,9.B.142,GT2
GT51,3.A.7,PadR,2.A.1,HMA,3.A.3
GT2,GT89,CE1,CE1,CE5,3.B.1,2.A.6
GH3,9.B.141
2.A.4,HTH_5,2.A.27,3.A.9,2.A.1,HTH_3,Rhodanese,Pribosyltran,GH76
3.A.1,3.A.1,3.A.1,3.A.1,GntR,GH33,CE9,4.A.1
3.A.1,LacI|Peripla_BP_3,GT20,2.A.79
GH16|GH16_3,2.A.1,TetR_N,2.A.1
2.A.23,CBM5,1.C.113
