8.A.59,Fer4,GT28
GT2,9.B.104,3.A.1,3.A.1
3.A.1,9.B.34,2.A.40,CE4
CE4,2.A.86,3.A.1,3.A.1,3.A.1,Response_reg|GerE,TetR_N,2.A.36,3.A.1,3.A.1
GH32,4.A.1,Peripla_BP_3|LacI,2.A.1
2.A.88,Pyr_redox_2,3.A.23,3.A.10,GH1,SIS|HTH_6,GH38,4.A.2
3.A.1,GH25
2.A.58,CYTH,4.A.3,GH2|CBM71|CBM71|CBM71,GH84|CBM32
GT2,9.B.55,HTH_11,MarR|HxlR,2.A.1
9.B.34,9.A.11,2.A.26,Sigma70_r2,3.A.3,GH1,4.A.7,4.A.7
GT14,GT2,GT4,GT4,GT4,9.B.18,8.A.3,8.A.3,GT4,GT2,9.B.18,Aminotran_1_2,9.B.18,8.A.3,8.A.3
GH13_14,GH77,3.A.1,3.A.1,3.A.1,3.A.25
2.A.115,GT2,TrkA_C,GH18|CBM5,HisKA|HATPase_c,Trans_reg_C|Response_reg,3.A.1,3.A.1,3.A.1,3.A.1,Peripla_BP_2,SIS|HTH_6,4.A.1
GH18|CBM5,9.B.211
1.E.27,1.C.8,1.C.8,3.A.1,SBP_bac_1,GH20,GH38,3.A.1,3.A.1,HTH_18|Response_reg,8.A.59,GH125,2.A.3,GH31,2.A.1
2.A.103,FHA,GH63,9.B.20,9.B.174,3.A.1,2.A.115,2.A.115
GH4,4.A.1,GT35,GT5,2.A.53,GT35,GT5,CBM48|GH13_9,HD,4.A.1,4.A.1,2.A.88,1.C.57,Aminotran_1_2,4.A.3,4.A.3,4.A.3
9.A.40,HMA,GT2,3.A.3
4.A.6,4.A.6,4.A.6,GH1,4.A.1
GT2,3.A.1,2.A.22,9.B.2,1.C.113,5.A.3,9.A.5
3.A.1,3.A.1,3.A.1,3.A.1,8.A.59,9.B.105,9.B.27,HTH_3,GH0,2.A.120
4.A.6,4.A.6,4.A.6,4.A.6,GH35
9.B.160,3.A.23,4.A.3,4.A.3,GH4,2.A.66,9.A.28,SBP_bac_1,GT4,3.A.1,3.A.1,3.A.1,3.A.1,GT4
4.A.2,NUDIX,CE9,3.A.7,Pribosyltran,3.A.5
GH4,4.A.3,CBM51|CBM51,MarR,2.A.1,cNMP_binding|Crp,2.A.23,HTH_18|AraC_binding,2.A.2,GH30_2,GH1
2.A.16,Aminotran_1_2,TetR_N,2.A.1,2.A.3,2.A.19,Nitroreductase,FeoA,FeoA,9.A.8,GH18,2.A.85
2.A.66,B12-binding,3.A.2,3.A.2,3.A.2,3.A.2,3.A.2,3.A.2,9.B.146,B12-binding_2|B12-binding,9.B.27,GT51,3.A.3
4.A.1,GH13_29
GH126,9.B.74,4.A.1,HisKA|HATPase_c,HisKA|HATPase_c,3.A.7,2.A.122,1.E.14,3.A.1,3.A.1
2.A.86,9.A.8,FeoA,3.A.11,Peripla_BP_1|Peripla_BP_3|LacI,SBP_bac_1,3.A.1,3.A.1,3.A.1,GH32
GH1,4.A.1
GH1,3.A.1,MerR,2.A.7,Trans_reg_C|Response_reg,HisKA|HATPase_c,3.A.1
3.A.1,3.A.1,3.A.1,GH136|CBM57|CBM32
4.A.3,4.A.3,GH1
1.A.22,3.A.1,3.A.1,SBP_bac_1,3.A.1,3.A.1,CE7,3.A.1,SIS|HTH_6,9.B.142,GH85|CBM32,2.A.23,GH1,4.A.3
3.A.1,2.A.102,4.A.1,3.A.1,GH32,PfkB,PfkB,3.A.1,3.A.1,3.A.1
GH3,3.A.1
2.A.3,4.A.1,GH1,Peripla_BP_3|LacI,GH36,2.A.2,GH42,3.A.1
CBM12,9.B.10
PL8,3.A.23,GH35,4.A.6,4.A.6,4.A.6,4.A.6,GH88,PL12_1
3.A.15,GH73
3.A.1,GH13_14,GH1
3.A.1,3.A.1,3.A.1,3.A.1,3.A.1,Aminotran_1_2,CE4
2.A.79,TPR_1,2.A.3,2.A.3,Pkinase,Peripla_BP_3|LacI,PL12_1,PfkB,4.A.6,4.A.6,4.A.6,4.A.6,GH88,2.A.40,3.A.18
GT51,2.A.25,HTH_3|AraC_binding,3.A.1,3.A.1,3.A.1,3.A.1,TPR_2,2.A.25
