2.A.103,2.A.1,4.C.1,3.A.1,3.A.1,3.A.1,1.A.23,GH25,3.A.7
CBM50|CBM50,NUDIX,9.B.141,LysR_substrate|HTH_1,GATase_2,Pyr_redox_2,4.A.1,GH13_29
GT4,9.B.97,CE6
2.A.7,2.A.63,2.A.63,2.A.63,2.A.63,2.A.63,2.A.63,2.A.36,3.A.1,3.A.1,3.A.1,FeoA|Fe_dep_repr_C|Fe_dep_repress,GT26,3.A.1,3.A.1,GT2,3.A.1,2.A.41,2.A.115,3.A.1,3.A.1,3.A.1,2.A.120
2.A.20,CBM50
3.A.1,3.A.1,MarR,9.B.10,8.A.5,2.A.1,DeoRC|HTH_DeoR,PfkB,4.A.2,CE9,9.A.40,GT2
2.A.79,2.A.79,GGDEF,9.B.146,3.A.11,3.A.5,CBM50
1.A.26,TrkA_C,2.A.86,2.A.25,2.A.1,GT28,2.A.109,2.A.38
GT28,9.B.174,4.A.1
2.A.88,2.A.7,bZIP_1,GT51
8.A.5,HTH_18,GH13_31,2.A.85
GT51,4.C.1
3.A.1,GH73
GT51,4.C.3,9.B.126
9.B.46,9.B.14,Response_reg|LytTR,PfkB,GH32,9.B.102,9.B.102,HTH_DeoR,3.A.1
3.A.2,3.A.2,3.A.2,3.A.2,1.A.77,GT0
3.A.1,3.A.1,3.A.1,SBP_bac_3,3.A.1,3.A.1,MarR,3.A.7,2.A.35,2.A.7,2.A.7,Pyr_redox_2,GH73,3.D.1
3.A.1,2.A.35,PadR,2.A.27,1.A.35,2.A.1,TetR_N,2.A.1,MarR,3.A.1,Response_reg|Trans_reg_C,HisKA|HATPase_c,GT4,2.A.14,2.A.1
GH2,2.A.2,HTH_18,2.A.120,2.A.8
2.A.118,2.A.122,1.E.14,LysR_substrate|HTH_1,2.A.35,2.A.6,2.A.15,2.A.1,2.A.1,GH0,2.A.6,TetR_N,2.A.15,2.A.47,3.A.1,3.A.1,2.A.53,3.A.3,HMA,Aminotran_1_2,GH23
2.A.8,3.A.1,2.A.1,Nitroreductase,GT2,AA3_2,2.A.15,9.A.23,2.A.3
3.A.3,GH1,GH1,GT4
9.B.18,GT4,2.A.66,9.B.18,8.A.3,8.A.3
