GT0,3.A.1,3.A.1
3.A.2,SIS,GT5
GT51,1.B.14
9.B.156,GT51,Rhodanese,GH23
9.B.18,GT2
GT9,9.A.25
GT51,Glyoxalase,9.B.174
2.A.6,2.A.17,2.A.17,3.A.11,9.B.174,GT19
CE4,GT2,Pyr_redox_2,TPR_2,2.A.6
GT51,3.D.1,3.D.1,3.D.1,3.D.1,3.D.1,3.D.1,3.D.1,3.D.1,3.D.1,3.D.9,3.D.1,3.D.1,3.D.1,3.D.1
3.A.1,3.A.1,GT2,GT2
9.B.18,9.B.18,Aminotran_1_2,9.B.18,8.A.3,3.A.1,Aminotran_1_2,GT0,GT2,9.B.97,GT4,GT2,GT2,GT4,GT2,GT4,GT4,9.B.67,9.B.18,GH25,1.B.42,2.A.64,SIS|CBS,2.A.16,1.A.23,HTH_3,1.A.1
GH73,Aminotran_1_2,1.B.14,8.A.46,1.B.14
1.B.14,3.A.1,GT2
GT2,3.A.1,3.A.1
5.B.3,2.A.66,CbiA,2.A.1,9.B.153,3.A.5,3.A.1,3.A.1,GT2
CE14,3.A.18,NUDIX,Pribosyltran,3.A.23,3.A.1
GT0|GT4,3.A.9,1.B.42
GH3,2.A.89,9.B.97,GT4,LysR_substrate|HTH_1,2.A.23,3.A.1
1.A.23,3.A.18,CBS|cNMP_binding,4.C.1,GH5_42,GT2,2.A.6,2.A.6,2.A.6
GT4,1.A.43,9.B.144,9.B.153
GT2,GT2,GT4,GT0,HD,1.A.62
1.A.2,3.A.1,GT4
2.A.16,AAA,EPSP_synthase,GH23,1.B.14,1.B.6,3.A.1,9.B.27,2.A.53,2.A.53
9.B.157,GT28,2.A.103,9.B.146
