1.A.26,Sigma70_r4_2|Sigma70_r2,3.A.1,3.A.1,PL33_2,GH154
CBM2,Penicillinase_R,2.A.6,TetR_N,HTH_1|LysR_substrate,2.A.1
3.D.10,3.D.10,3.D.10,GH18
3.A.1,3.A.1,3.A.1,GH9|CBM3,Peripla_BP_3|LacI,GH11
5.B.1,9.B.1,GT39
3.A.1,3.A.1,GH136
2.A.7,2.A.1,MarR,ACT|PALP,3.A.1,3.A.1,9.B.106,CE14,3.A.1
1.C.113,HTH_3,2.A.20,NUDIX,PAS|SpoIIE|GAF,2.A.76,3.D.10,Pkinase,1.I.1,CE14,GT4,3.A.1,Response_reg|GerE,Sigma70_r4_2|Sigma70_r2,2.A.1,TetR_N,3.D.10,3.D.10
9.B.106,3.D.9,3.D.1,3.D.9,3.D.1,3.D.1,3.D.1,3.D.9,9.B.1,GH5_51
GH29,3.A.1,3.A.1
GT83,GT2,HisKA|HATPase_c,Trans_reg_C|Response_reg,TetR_N,2.A.1,Aminotran_1_2,3.A.5,1.C.82
CBM32|CBM32|CBM32|GH2,3.A.5
GT89,9.B.146
3.D.1,CBM13|GH55,GH18|CBM13
GH2,Peripla_BP_3|LacI,2.A.7
GH154,Sigma70_r4_2|MarR,GH38,SBP_bac_1,3.A.1,3.A.1,HTH_1|LysR_substrate,GH87,PL7_4,CBM6|CBM6|CBM32|GH3,PALP,3.A.1,HATPase_c,Response_reg|GerE,9.B.106
2.A.3,HTH_1,TetR_N,Peripla_BP_3|LacI,3.A.1,3.A.1,3.A.1,Fe_dep_repress,Glyoxalase,2.A.21,Trans_reg_C|Response_reg,2.A.3,HTH_5,GH63,GH42,3.A.1,3.A.1,3.A.1
9.B.107,CBM13,MarR,2.A.1,9.B.62,Sigma70_r4_2|Sigma70_r2,NUDIX,3.A.1,3.A.1
GT2,TPR_2|TPR_1,3.A.25,HTH_1|LysR_substrate,8.A.5
3.A.1,3.A.1,3.A.1,GH13_30
GT4,GH0,9.B.106
3.A.1,3.A.1,3.A.1,3.A.1,GH15,3.A.1
9.B.20,GT87,CBS,9.B.141,2.A.7,9.B.62,2.A.109,HATPase_c,3.A.1,3.A.1,1.A.17
3.A.1,Peripla_BP_3|LacI,SBP_bac_1,3.A.1,3.A.1,GH5_18,GH38,8.A.5
4.F.1,GT4
GH130,GT4,HTH_5,2.A.1,Peripla_BP_3|LacI,3.A.1,3.A.1,3.A.1,3.A.1,3.A.1,GH1
8.A.5,GT20,Hemerythrin,2.A.1,2.A.85,GH36,MarR,GH27|CBM35,GH95
GH31,3.A.1,3.A.1
GH2,CBM35,Response_reg|GerE,2.A.6
9.B.140,3.A.1,3.A.1,SBP_bac_1,GH154
GT1,2.A.1,TetR_N,1.I.1
9.B.145,2.A.37,PALP,4.C.1,4.C.1,GerE,2.A.1,TetR_N|TetR_C,CBM2|GH54,CBM2|GH54,2.A.9,CBM13,CBM13,3.A.1,CBM2,GH30_7,2.A.1
3.A.1,3.A.1,3.A.1,3.A.1,5.A.3,3.A.1,3.A.1,3.A.1,TetR_N,HTH_3,2.A.1,3.A.1,3.A.1,3.A.1,3.A.1,TetR_N,GH30_8|CBM2
2.A.1,CBM13
3.A.1,3.A.1,2.A.1,9.B.62,3.A.1,CBM32
3.A.1,3.A.1,GT1
3.A.1,3.A.1,8.A.5,GH130,Hemerythrin,2.A.21
GH87,TetR_N,STAS,Sigma70_r3|Sigma70_r4|Sigma70_r2,1.A.87
4.C.1,Aminotran_1_2,Aminotran_1_2,4.C.1,GH28|CBM35,CBM32,GT1
CBM32|CBM32|GH55,CBM32|CBM32|CBM32|GH3,5.A.1,4.C.1,2.A.1,4.C.1
CE3|CBM13,GH59|CBM13,GH76|CBM13,GH3,Peripla_BP_3|LacI,SBP_bac_1,3.A.1,3.A.1,GH51,CE1|CBM2,Peripla_BP_3|LacI,3.A.1,3.A.1,GH63,GH43_12,Peripla_BP_3|LacI,GH6,GH12|CBM2,GH48|CBM2
8.A.5,GT87,GT2,CBM32|CBM32|GH64
3.A.1,3.A.1,GH13_30,3.A.1,3.A.1,SBP_bac_1,Peripla_BP_3|LacI,Peripla_BP_3|LacI,GH87,CBM35|CBM35|CBM35|GH87,GH13_30,GH15,GH35|CBM51,GH30_3|CBM32,Peripla_BP_3|LacI,GH30_3|CBM13,GH18|CBM5,CBM2|GH5_40,SBP_bac_1,3.A.1,3.A.1,GH2,Peripla_BP_3|LacI,GT20
5.B.6,GH78,CBM67|GH78,CE3|CBM13
2.A.6,Trans_reg_C|BTAD|TPR_2,3.A.1,3.B.1,Aminotran_1_2,SBP_bac_3,3.A.1,3.A.1,Rrf2,3.A.1,CBM48|GH13_9,GT4,GH63
3.A.1,3.A.1,GH95|CBM13,GH5|CBM13,3.A.1,3.A.1,SBP_bac_1,GH154
CE7,GH3,3.A.1,3.A.1,SBP_bac_1,GH39,GH67,1.I.1
2.A.116,2.A.53,CBM32|CBM32|GH3
GH3|CBM13|CBM13,HTH_1|LysR_substrate,2.A.7
2.A.37,Trans_reg_C|Response_reg,HisKA|HATPase_c,CBM13|CBM32|CBM32
2.A.1,2.A.1,TetR_N,HTH_3,2.A.37,TetR_N,CBM32
2.A.1,GH51|CBM2,3.A.1,PadR,9.B.34
GH5_1|CBM2,GntR,3.A.1,3.A.1,CBM16|GH18
3.A.1,3.A.1,3.A.1,3.A.1,SBP_bac_3,3.A.1,3.A.1,3.A.1,CBM32|GH55,CBM32|GH16_3|GH158|CBM32,GH79,GH51,3.A.1,3.A.1,3.A.1,Peripla_BP_3|LacI,GH3
GH127|CBM13,3.A.1,3.A.1,3.A.1,3.A.1
GH10|CBM2,Peripla_BP_3|LacI,3.A.1,3.A.1,SBP_bac_1,GH35,GH18,TetR_N,2.A.1
3.B.1,TetR_N,Peripla_BP_3|LacI,GH27,3.A.1
3.A.1,3.A.1,AA3_2,1.I.1
2.A.96,4.C.1,HTH_18,GH3
GH3,HTH_IclR,CBM13|GH19,3.A.1,Trans_reg_C|BTAD,GH87
GH42,GH3,3.A.1,3.A.1,GH31,CE7,GH13_32|CBM20|CBM20,2.A.76,HTH_IclR,SBP_bac_1,3.A.1,Y_Y_Y,PfkB,GH4,3.A.1,3.A.1,3.A.1,DeoRC|HTH_DeoR,PL9_2,GH114,3.A.1,3.A.1,Peripla_BP_1,Peripla_BP_3|LacI,ACT,9.B.34
3.A.1,PadR,Rrf2,GH20,1.A.11
2.A.1,Penicillinase_R,4.C.1,GH43_24|CBM13,CE1|CBM13,CBM13|GH30_3,HTH_1|LysR_substrate,GH59|CBM13,CBM13,CBM13,GH12
3.A.1,3.A.1,Peripla_BP_3|LacI,CBM13|CBM13,GH54|CBM13,GH10|CBM13,GntR,GH141|CBM13,GH54|CBM13,GH29|CBM13,Peripla_BP_3|LacI,Peripla_BP_3|LacI,GH42,3.A.1,3.A.1,GH3,GH11|CBM13,TetR_N,8.A.5,GH5_4|CBM46,GH29|CBM32,Pyr_redox,3.A.1,3.A.1,SBP_bac_1,GntR,GH30_7|CBM2,CE1|CBM13,CBM13,CBM63,GH2,CBM2
GH54,9.A.31,CBM32,PL8,SBP_bac_1,3.A.1,3.A.1,GH127,Peripla_BP_3|LacI,3.A.1,3.A.1,SBP_bac_1,HTH_IclR,CBM13,GH146,Peripla_BP_3|LacI,HTH_3,MarR,CBM35,HTH_1,TetR_N,CBM13|GH5_4,GH27|CBM51|CBM32,3.A.1,3.A.1
3.D.1,3.A.1,3.A.1,SBP_bac_1,Peripla_BP_3|LacI,GH95,HTH_1|LysR_substrate,9.B.159
CE14,4.C.1,4.C.1,GT4,2.A.1
CBM32,3.A.1
9.B.34,GH54|CBM42,Pyr_redox_2,SpoIIE|GAF,GH79|CBM13,2.A.72,Pyr_redox_2,PL38,3.A.1
GT51,2.A.52
2.A.3,8.A.7,PTS-HPr,4.A.2,PfkB,DeoRC|HTH_DeoR,GH78,3.A.1,3.A.1,3.A.1
2.A.1,9.B.126,GT4
2.A.1,GT2
3.A.1,3.A.1,3.A.1,GH1
3.A.1,3.A.1,3.A.1,3.A.1,3.A.1,GH25,GH25
1.A.35,2.A.1,NUDIX,GT4,1.B.50,GntR,HTH_5,Pyr_redox_2,2.A.1,HTH_5,1.A.8
1.C.109,GT87
GH3,2.A.20,3.A.1,SpoIIE,GH92
3.A.1,3.A.1,2.A.1,TetR_N,GT2
GH18|CBM5,Pyr_redox_2,3.D.1,9.B.110,3.A.1,MarR,2.A.76
2.A.1,GT4
GH130,HxlR,TetR_N,2.A.1
3.A.1,Trans_reg_C|BTAD|TPR_1|TPR_2,MarR,Nitroreductase,CE7
GH13_2|CBM20,3.A.1,3.A.1,3.A.1,Peripla_BP_3|LacI,GH13_21,GH13_30,3.A.1
8.A.5,TetR_N,CBM16|GH18
4.C.1,MarR,8.A.5,GT4,TetR_N,1.A.87
GT28,2.A.103,GT87
9.B.125,2.A.108,GH3,Sigma70_r4_2|Sigma70_r2,GH18|CBM5,GH18
2.A.1,GH27|GH27|CBM13|CBM13,2.A.86,2.A.116,2.A.108,Trans_reg_C|BTAD,CE4,GT2
2.A.21,GT2,GT4,GT4,GT2,GH39,GT4,Pyr_redox_2,CBM12|CBM5,GH65
3.B.1,Trans_reg_C|BTAD,GH18|CBM35
GH6|CBM2,2.A.116,2.A.6,TetR_N,3.A.1,3.A.1,3.A.1
9.B.126,GH51|CBM2
CBM56|CBM56|GH55,GH16_3|CBM56|CBM32,Peripla_BP_3|LacI,AsnC_trans_reg|MarR,2.A.1,GH55
2.A.1,TetR_N,TetR_N,8.A.5,GH74|GH74|GH74|CBM2,CBM2|GH6,3.A.1,CBM2|GH5_40
GH154,Peripla_BP_3|LacI,3.A.1,3.A.1,PL8,GH141,3.A.1,3.A.1,3.A.1,Peripla_BP_3|LacI,GH0
3.B.1,GH130
GH31|CBM35,GH43_24|CBM13,GH76|CBM13,GH2,3.A.1,3.A.1,GH27|CBM13,GH27,GH76|CBM13,GH28,GH3|CBM13
9.A.47,8.A.5,PL27,3.A.1,3.A.1,3.A.1,Peripla_BP_3|LacI,GH16|CBM35|CBM61,CBM13
3.A.1,MarR,GH13_30,3.A.1,3.A.1,SBP_bac_1,GH66|CBM2,CBM35|CBM2,CBM13,Response_reg|GerE,HATPase_c,2.A.6,8.A.5
GH35,3.A.1,HATPase_c,Response_reg|GerE,GH59|CBM13
CBM32|PL31,2.A.1,TetR_N,HTH_1|LysR_substrate,3.A.1,3.A.1,3.A.1,3.A.1,3.A.1,GH15,GH15,3.A.1
GH19,GH20,3.A.1,3.A.1,3.A.1,CBM3
2.A.3,2.A.6,SpoIIE|GAF,2.A.1,MarR,GH16_3|CBM13
3.A.1,3.A.1,HATPase_c,Response_reg|GerE,MarR,GH4
3.A.1,4.C.1,1.A.43,CBM32,2.A.1,NIR_SIR_ferr|NIR_SIR,GH25
CE14,Response_reg|GerE,Pkinase,3.A.1,3.A.1,3.A.1,2.A.1,GT4,2.A.6,2.A.1,TetR_N,8.A.5
2.A.1,HTH_1|LysR_substrate,GH54,CBM6|CBM6|GH55,2.A.108,2.A.108
GT2,NUDIX,9.B.102,GT0,GT2,3.A.1
CE9,Sigma70_r4_2|Sigma70_r2,SIS,GH3,3.A.1,3.A.1,SBP_bac_1,GntR,CbiA,HTH_3,8.A.5,3.B.1
CBM13,DeoRC|HTH_DeoR,3.A.1,3.A.1,SBP_bac_1,3.A.1
1.A.34,CE14,NTP_transf_2|HD|ACT,1.A.11,3.A.5
GH75|CBM35,9.B.14,5.A.1
2.A.95,2.A.1,TetR_N,GH20,4.A.1,GntR,4.A.1,4.A.1,PTS-HPr,8.A.7
GT81,HTH_5,CE9,3.A.1,3.A.1,3.A.7
3.A.1,GT2,GT2,GT2,GT2,GT2,GT2,GT2,9.B.36,2.A.23,HATPase_c,Response_reg|HTH_IclR,Trans_reg_C|Response_reg,9.A.47
2.A.1,GT2,Trans_reg_C|Response_reg,HisKA|HATPase_c,3.A.1,3.A.1,2.A.1,GH23
3.A.1,3.A.1,GH13_30
9.B.18,GT2,GT2
2.A.79,CE4
3.A.1,3.A.3,GT2,3.A.3,Sigma70_r4_2|Sigma70_r2,2.A.1,Sigma70_r4_2|Sigma70_r2,3.A.1,3.A.1,Peripla_BP_2,9.B.160
GH114,GntR,3.A.1
