9.A.18,3.A.6,3.A.6,3.A.6,3.A.6,FHA,3.A.6,Sigma70_r4_2|Sigma70_r2,PAS|HATPase_c,Response_reg|GerE,3.A.23,3.A.6,GH103
9.B.34,9.B.1,PL22|PL22
2.A.7,2.A.23,1.B.35,3.A.1,3.A.1,3.A.1,3.A.1,PL2_2
1.C.65,PL3_1,3.A.7,9.B.34,Sigma70_r4_2|Sigma70_r2,TPR_1,3.A.18,GH30_8
CBM63,9.B.97,GT81
8.A.5,9.B.99,3.A.1,3.A.1,3.A.1,3.A.1,1.E.43,1.C.4,PL10_1,FIST,2.A.21,Response_reg,Response_reg,9.B.62,9.B.62
CBM50,3.A.1,3.A.1,3.A.1,AAA,2.A.52,4.A.4,4.A.4
2.A.66,2.A.1,2.A.76,LysR_substrate|HTH_1,GH148|CBM4|GH148
PL9,3.A.1,3.A.11,2.A.3
3.A.4,HTH_5,9.B.34,HxlR,3.A.1,3.A.1,3.A.1,3.A.1,3.A.1,9.B.72,CE8,3.A.1,3.A.1
GH3,1.E.14,2.A.122,3.A.25,GT2,9.B.12,HTH_18,3.A.1,3.A.1,3.A.1,3.A.1,LysR_substrate|HTH_1,2.A.69,3.B.1,3.B.1,3.B.1
3.A.1,3.A.1,3.A.1,3.A.1,LysR_substrate|HTH_1,LysR_substrate|HTH_1,3.A.1,3.A.1,3.A.1,3.A.1,3.A.1,LysR_substrate|HTH_1,PL26,1.B.14,SBP_bac_3,1.A.30,1.A.30,3.A.1,9.B.34,2.A.6,2.A.6
2.A.1,GH36,Peripla_BP_1|LacI,5.A.3,5.A.3,5.A.3,3.A.1,3.A.1,3.A.1,3.A.1,2.A.1,1.B.14,3.A.1,3.A.1,3.A.1,3.A.1,LysR_substrate|HTH_1,3.A.1,3.A.1
2.A.13,PALP,3.A.1,3.A.1,1.A.12,2.A.23,LysR_substrate|HTH_1,2.A.7,HTH_18,3.D.1,3.D.1,3.D.1,3.D.1,3.D.1,3.D.1,3.D.1,3.D.1,3.D.1,3.D.1,3.D.1,3.A.23,2.A.23,LysR_substrate|HTH_1,Peripla_BP_3|LacI,GH2,3.A.1,3.A.1,3.A.1
2.A.66,GT2,9.B.18,GT2,GT4,GT4,GT4,8.A.3,1.B.18,2.A.109,9.B.22,3.A.1
4.A.1,CE9,MarR,2.A.7,9.A.40,3.A.1,3.A.1,3.A.1,3.A.1,1.B.42,2.A.103,2.A.64,1.A.43
8.A.21,MerR,3.A.3,GH28,1.B.52,2.A.37
GT19,1.B.33
GH23,2.A.3
5.A.3,PL4_4,HTH_3,2.A.88,LysR_substrate|HTH_1,2.A.1,SBP_bac_1,3.A.1,3.A.1,3.A.1,Peripla_BP_3|LacI,LysR_substrate|HTH_1,5.A.3,5.A.3,Pyr_redox_2,HhH-GPD,2.A.117,LysR_substrate|HTH_1,3.A.23,Pyr_redox_2,2.A.3,2.A.121,PALP,8.A.8,8.A.7,4.A.3,HATPase_c|HisKA,Response_reg|Trans_reg_C,3.A.1,3.A.1,PALP,GerE,GT1,3.A.1,2.C.1
3.A.1,8.A.1,3.A.1,GH113,3.A.7,3.A.7,3.A.7,3.A.7,3.A.7,3.A.7,3.A.7
3.A.1,2.A.1,LysR_substrate|HTH_1,2.A.1,LysR_substrate|HTH_1,GH103,PfkB,3.A.1,3.A.1,3.A.1
2.A.2,GH43_10
2.A.1,2.A.1,HTH_3,2.A.2,GT2,FecR,Sigma70_r4_2|Sigma70_r2,3.A.1,3.A.1,3.A.1,3.A.1,3.A.1,1.B.14,9.B.136,2.A.21,2.A.36,2.A.40,TOBE,3.A.1,3.A.1,3.A.1,3.A.1,9.B.18,9.B.18
2.A.1,2.A.1,MASE1|HATPase_c,Response_reg|GerE,PL1_8,2.A.109,2.A.1,GntR,9.B.27,1.E.34
GT4,GT4,GT2,CbiA,9.B.18,Peripla_BP_3|LacI,MerR,3.A.3,MarR,3.A.1,SBP_bac_1,3.A.1,3.A.1,2.A.1,3.A.9
GH1,4.A.1
1.B.3,4.A.1,GH32,Peripla_BP_1|Peripla_BP_3|LacI,1.A.30,1.A.30,9.B.27,HTH_18,Nitroreductase,8.A.5,1.B.76
2.A.7,Rhodanese,1.A.34,Aminotran_1_2,GT9,GT9,GT9,GT4,GT9,GT4,GT30,GT2,GT2
3.A.1,3.A.1,3.A.1,3.A.1,3.A.1,LysR_substrate|HTH_1,GH19
2.A.7,2.A.7,GT83,GT2,Aminotran_1_2,3.D.1,3.D.1,2.A.40,3.A.1,3.A.1,3.A.1,3.A.1,3.A.1,3.A.1,3.A.1,9.B.34
2.A.6,GT2
PL9,3.A.2,3.A.2,3.A.2,3.A.2,3.A.2,3.A.2,3.A.2,3.A.2,1.A.77
GH33,2.A.1,Peripla_BP_1|Peripla_BP_3|LacI,2.A.47,PAS|HATPase_c,Response_reg,2.A.24,3.A.1,3.A.1,3.A.1,3.A.1,3.A.1,HTH_3,Aminotran_1_2|GntR,Glyoxalase,HTH_11,2.A.7,CbiA,GT2,4.D.3,1.B.55,GH8,2.A.23,PfkB,9.B.126,2.A.1,2.A.88,3.A.5,3.A.1,3.A.1,Sigma70_r4|Sigma70_r2,3.A.1,3.A.1,3.A.1,3.A.1,3.A.1,Aminotran_1_2,2.A.1,LysR_substrate|HTH_1,1.B.52,1.B.52,1.B.52,1.B.52,1.B.52,3.A.1,3.A.1,3.A.1,3.A.1,2.A.69
2.A.21,GH28,1.I.1,3.A.6,9.B.146,GT0,Aminotran_1_2,2.A.66,GT56,9.B.128,GT26,2.A.3,3.A.1,3.A.1,3.A.1,3.A.1,3.A.1,3.A.1,3.A.1
2.A.8,2.A.95,CSD,9.B.33,CBM48|GH13_9,CBM48|GH13_11,GT5,GT35,Pyr_redox_2,Rhodanese,2.A.1,PfkB|HTH_DeoR,9.B.104,HTH_DeoR|DeoRC,GT35,GH77
GT51,1.B.22
PL1_2,PL1_3,PL1_3,1.A.9,dCache_1,GH19
2.A.47,2.A.58,dCache_1|MCPsignal,ACT,GH26,2.A.7,3.D.10,3.D.10,1.A.23,2.A.25,4.C.1
GT4,3.A.1
3.A.1,GH23
9.B.146,2.A.103,GT28,CE11,3.A.5,NUDIX,3.A.15,3.A.15,1.B.10,9.B.125,2.A.3
1.B.14,2.A.109,GH33
3.A.1,3.A.1,3.A.1,3.A.1,SBP_bac_1,GH105,3.A.1,3.A.1,3.A.1
3.A.1,LysR_substrate|HTH_1,3.A.1,4.A.3,4.A.3,GH1,4.A.3
GH1,GH1,4.C.1,2.A.1,9.A.4,3.A.15
2.A.1,2.A.21,ACT,2.A.2,GH105,GH28,3.A.1
CBM50,Sigma70_r3|Sigma70_r4|Sigma70_r2,3.A.1,3.A.1,3.A.1,2.A.1
2.A.1,8.A.1,MarR,2.A.78,2.A.78,2.A.1,3.A.1,3.A.1,3.A.1,GntR,2.A.39,GntR,CE4,3.A.9,SIS|HTH_6,SBP_bac_3,3.A.1,3.A.1,3.A.1
9.B.33,Response_reg|LytTR,2.A.114,9.B.10,HTH_18,3.A.1,3.A.1,3.A.1,3.A.1,CBM32
1.B.33,3.A.9,GH23
GT51,3.A.1,3.A.1,3.A.1,2.A.49,3.A.1,HD,Diacid_rec,3.A.1,3.A.1,3.A.1,3.A.1,1.I.1,3.D.10
3.A.1,3.A.1,ANTAR|SIS,GH23,HATPase_c|HisKA,3.A.23,CE8,CE12,PL1_6,PL1_6,PL1_6,Aminotran_1_2,2.A.1,2.A.113,Peripla_BP_2,3.A.1,3.A.1
PL3_5,3.A.1,3.A.1,3.A.1,3.A.1,GH53,GH42,4.A.1,1.B.3
5.A.3,5.A.3,5.A.3,2.A.1,2.A.1,TetR_N,2.A.6,2.A.6,2.A.6,PL1_4,ANTAR|NIT,3.A.1,3.A.1,3.A.1,Pyr_redox_2|NIR_SIR|NIR_SIR_ferr,3.D.1,3.A.1
3.A.7,3.A.7,3.A.7,3.A.7,GH23
1.E.43,1.E.56,GH19
1.M.1,GH104,1.E.3,PL9,GH5_2,2.A.66
GH73,3.A.6,3.A.6,3.A.6,3.A.6,3.A.6,3.A.6,3.A.6,3.A.6,GT41
1.B.52,TetR_N,AA3_2
GT2,2.A.1
4.A.1,GH3,Pyr_redox_2,Peripla_BP_3|LacI,2.A.1,GH31,EAL,3.A.1,3.A.1,3.A.1,Glucokinase,3.A.1,3.A.1
2.A.26,AsnC_trans_reg|MarR,4.A.1,GH1,1.B.3
