3.A.1,CE4,2.A.1,2.A.53,2.A.28,3.A.1,3.A.1,3.A.1,HTH_18|Peripla_BP_2,GH3,4.A.1
GH13_31,PadR,3.A.1,3.A.1,3.A.1,2.A.109,2.A.1,3.A.1,3.A.1,3.A.1,2.A.118,1.E.43,2.A.1,MarR,2.A.3,2.A.1,SKI,CE7,2.A.21
9.B.10,1.E.43,GH1,SIS,HxlR,4.C.1,4.C.1,Aminotran_1_2,2.A.115,3.A.1,3.A.1,3.A.1,LysR_substrate|HTH_1,2.A.17,9.A.11,2.A.3,3.A.1,3.A.1,3.A.1,3.A.1
3.A.7,GH126,GGDEF,2.A.3
2.A.1,GH26
GT1,2.A.1,GntR,GntR,2.A.1,2.A.7,2.A.7,TetR_N,2.A.3,2.A.1,3.A.1,2.A.64,2.A.64
GT0,GT2,GT0,2.A.1,2.A.3,1.B.52,GT2,3.A.1,MerR,2.A.1,3.A.1,3.A.18,PL1_6,2.A.47
4.A.1,GH13_29,GntR,Nitroreductase,9.B.141
2.A.1,9.B.126,2.A.1,2.A.19,1.A.23,CE4,1.A.35,HhH-GPD,3.A.1
3.A.23,GH4,SIS|HTH_6,4.A.1,GH0|GH55,3.A.1,3.A.1,Glyoxalase,PadR,9.B.97,2.A.1,MarR,2.A.1
2.A.1,9.A.32,GT2
CBM50,Rrf2,CBM50,LysR_substrate|HTH_1,Citrate_synt,2.A.3,2.A.22,Sigma70_r2|Sigma70_r4_2,9.A.40,MerR,Aminotran_1_2,9.A.40,1.A.43,1.A.23,CE4,TetR_N,3.A.1,3.A.1
2.A.88,3.A.1,3.A.1,3.A.1,2.A.45,GT51,TetR_N,9.B.74,2.A.23,4.C.1,9.B.1,2.A.7,3.A.1,2.A.88,1.B.52
3.D.3,3.D.3,3.D.3,AraC_binding,2.A.115,CE14,GT4
1.E.11,GH0|GH55
8.A.42,9.B.174,GntR,GH1,GH30_3,2.A.21
2.A.7,PIG-L,STAS,2.A.66,GT1,CBM50
2.A.16,CBM50,GH23
2.A.1,4.C.1,GH43_16|CBM6,GH30_8,Response_reg|Trans_reg_C,HATPase_c|HisKA,9.B.102,2.A.25,HATPase_c,9.B.31
GH11,MarR,GH43_11,2.A.2,GH11
9.B.106,SpoIIE,3.A.11,3.A.3,GH13_5,CbiA,2.A.20
GT28,2.A.103,9.B.146
1.A.26,GH18,3.A.1,3.A.1,3.A.1,STAS,cNMP_binding,2.A.1,GT2
2.A.7,2.A.7,3.A.1,3.A.1,3.A.1,3.A.1,3.A.1,2.A.1,9.B.160,GT2,9.B.142,Glyoxalase,2.A.3,2.A.20,9.A.10,CBM50,1.E.31
3.A.1,3.A.1,HEM4,GT1,3.D.1,9.B.20,MarR,9.B.72,DeoRC|HTH_DeoR,GH1,4.A.3,4.A.3,GH53,MarR,2.A.1
CE4,CBM50,2.A.1,Sigma70_r4|Sigma70_r2,CE6,PadR,Sigma70_r4,2.A.1
CBM50,3.D.10
9.B.157,9.B.157,9.B.157,1.A.54,CBM50
3.D.10,3.D.10,3.D.10,ACT,GH51,TetR_N,4.C.1
2.A.114,GH51,3.A.1,3.A.1,3.A.1,GH43_5
2.A.40,3.A.1,3.A.1,HTH_DeoR,2.A.15,LacI|Peripla_BP_3,3.A.1,3.A.1,3.A.1,GH4,Rhodanese,STAS|PAS,2.A.1,3.A.1,3.A.1,HATPase_c,Response_reg|Trans_reg_C,3.A.1
2.A.38,GH73
1.E.19,GH0,GH23
2.A.86,1.B.52,1.B.52,1.B.52,1.B.52,GH13_31,9.A.40,9.B.23,1.A.1
2.A.1,GT51,HATPase_c|PAS,Response_reg|HTH_11,3.A.1,3.A.1,3.A.1,2.A.63,2.A.63,2.A.63,2.A.63,2.A.63,2.A.63,2.A.63
GH23|GH73|CBM50,1.E.27,GH73
GH46,Aminotran_1_2,3.A.1,3.A.1,3.A.1,3.A.1
2.A.1,GntR|Peripla_BP_3,LysR_substrate|HTH_1,2.A.3,SIS|HTH_6,2.A.8,Aminotran_1_2,GntR,2.A.14,Aminotran_1_2,9.B.18,GT2,GT2,9.B.183,GT4,GT2,GT4,9.B.18,8.A.3,8.A.3
GH32,2.A.1,LacI|Peripla_BP_3,2.A.1,2.A.53,8.A.8,Sigma70_r4,NUDIX,Pyr_redox_2,3.A.7,HTH_psq,HATPase_c|HisKA,Response_reg|Trans_reg_C,3.A.1
CE9,GntR,TetR_N,1.E.40
2.A.1,9.B.174,PL9_2,3.A.1,3.A.5
3.A.11,3.A.11,Response_reg|GerE,HATPase_c,9.B.146,GT4,GT2,GT4,2.A.66,9.B.18,GT0,3.A.1,3.A.1,GT2|GT4,GT26,GH73,9.A.11,2.A.3,GT2,2.A.1
GT51,9.B.149,MarR,2.A.3
GT0,Aminotran_1_2,GT2,2.A.40,GT2,PfkB,GH32,4.A.1
2.A.108,2.A.108,2.A.108,LysR_substrate|HTH_1,1.E.14,2.A.122,MerR,Glyoxalase,4.A.3,1.B.12,GT8,2.A.50,GH4,4.A.3,4.A.3,4.A.3,HTH_11|Mga,3.A.1,3.A.1,Peripla_BP_2,HTH_5,2.A.45,4.A.3,4.A.3,4.A.3,GH1,GH26,2.A.39,3.A.1,3.A.1,3.D.4,3.D.4,2.A.24,CE4,3.A.1,2.A.115
2.A.41,2.A.11,GH16_21,2.A.1,3.A.18
PL1_8,GH1,4.A.1
GH43_4,2.A.3,Glycos_trans_3N,2.A.41
2.A.7,GH68,GH32,GntR,2.A.1,Nitroreductase,MarR,2.A.115,MarR,Aminotran_1_2|GntR,2.A.7,2.A.1
