3.A.1,9.B.18,8.A.3,GT4,GT4,2.A.66,3.A.1,3.A.1
1.A.13,3.A.1,3.A.1,3.A.1,1.B.52,1.B.14,1.I.1,CBM50
9.B.55,GH13_37|CBM69,9.B.34
4.A.1,LacI,GH2,3.D.1,4.A.2,4.A.2,GH92,GH92,GH92,4.A.2,4.A.2,HTH_AraC,4.A.2
1.B.14,2.A.2,GH36,GH2,3.A.1,3.A.1,3.A.1,LacI,2.A.6
GH3,HTH_AraC,GH16_3,GH17,LacI,GH149,3.A.1,3.A.1,3.A.1,3.A.1,3.A.1,LacI,3.A.1,GH1,3.A.1,3.A.1
2.A.58,8.A.59,1.B.52,AA10,MarR,2.A.76,GH13_9,GH77,GT35,GerE,3.A.1,CBM69,1.B.26,3.A.1,3.A.1,3.A.1,CBM34|GH13_20
2.A.23,2.A.3,CBM41|CBM41|GH13_13,GH13_38,3.A.1,GH133,GH13_11
GH18,9.B.97,2.A.62,2.A.115
4.A.6,4.A.6,4.A.6,4.A.6,CE9,1.B.14,GntR,3.A.1,3.A.1,3.A.1,3.A.1,3.A.1,3.A.1,9.B.34,8.A.1
GH13_19,9.A.5,9.B.156
1.B.14,4.C.1,4.C.1,4.C.1,3.A.1,1.B.52,CE2,CBM5,3.A.1,3.A.1,3.A.1,3.A.1,4.A.3,1.B.6,2.A.1
GH38,2.A.11
1.C.67,1.I.1,MarR,2.A.4,3.A.1,3.A.1,HTH_6,2.A.21,GH20,9.B.34,HTH_1,2.A.1,2.A.7,9.B.34,1.B.1
GH18,9.B.34,3.A.25,2.A.49,HTH_3,8.A.5,2.A.6,2.A.6,1.B.52,9.B.186
9.B.1,2.A.61,2.A.1,CBM13,1.B.52,1.B.52,GH13_27,3.D.1,3.A.1,3.A.1,3.A.1,9.B.34,1.I.1,HTH_11,9.B.34,2.A.21,1.A.16
GH18,HTH_AraC|AraC_N,HTH_8,2.A.1
2.A.118,9.B.196,2.A.7,AA10|CBM73,1.B.52,2.A.102,2.A.42,9.B.20,2.A.6,8.A.1
4.A.2,3.A.1,3.A.1,3.A.1,AA3_2
9.B.34,HTH_3,1.B.52,2.A.41,2.A.1,CBM50,9.B.143,9.A.5,1.B.52,1.B.52,GH13_27
3.A.1,3.A.1,3.A.1,3.A.1,9.B.18,8.A.3,GT4
3.A.1,9.B.34,CBM73,4.C.1
2.A.102,1.B.52,3.A.1,3.A.1,3.A.1,3.A.1,HTH_DeoR,AA2,2.A.7,CSD,9.B.34
9.B.34,3.A.1,3.A.1,3.A.1,3.A.23,1.B.52,2.A.22,2.A.6,8.A.1,2.A.6,PspC,9.B.100,3.A.23,3.A.1,3.A.1,3.A.1,3.A.1,3.A.1,2.A.119,GH36,5.A.3,5.B.5,3.A.1,1.A.16,2.A.117
GT2,2.A.6
2.A.41,HTH_1,GH103,4.C.1
4.A.1,CE9,MarR,2.A.37,2.A.17
8.A.21,2.A.121,8.A.8,8.A.7,4.A.1,GH73
1.B.1,3.A.3,GH20
2.A.115,Trans_reg_C,GH13_29,4.A.1,LacI,3.A.1,3.A.1,3.A.1,9.B.34
GH23,HTH_1,2.A.68
2.A.15,1.A.1,HTH_1,2.A.25,2.A.96,GH19|CBM5,9.B.34,1.B.33
3.A.9,1.B.33,Trp_repressor,GH23,3.A.1,1.A.34,GH3,2.A.114,9.B.33,LytTR,9.B.105,2.A.66,HTH_5,HTH_1,2.A.58
3.A.5,CE11,GT28,2.A.103,9.B.146
2.A.56,HTH_DeoR,GntR,9.B.34,4.C.1,HTH_1,GT1
9.B.146,GT4
8.A.3,1.B.18,1.B.14,GT9,GT30
GT0,9.B.18
1.C.113,2.A.38,2.A.38,CBM50
2.A.47,CBM50
GT51,1.B.22
1.B.42,1.B.42,CE4|CBM12,4.A.3,4.A.3,4.A.3,GH4
1.B.52,GH23
3.B.1,3.B.1,9.B.27,GH23,9.A.40,9.B.14,3.A.5
GT51,2.A.8,1.A.11,3.A.1,3.A.1,3.A.1,GH94,GH20,GH9,3.A.1,3.A.1,3.A.1,3.A.1,3.A.1,2.A.6,2.A.6,1.A.34,1.B.1,3.A.16,3.A.5
GH63,2.A.3,2.A.3,GH2
3.A.7,GH102,1.B.10,2.A.1,3.D.5,3.D.5,3.D.5,3.D.5,3.D.5,3.D.5,3.D.5,9.B.34,2.A.16,CBM73|GH18,2.A.22
1.B.33,GT19
GH23,2.A.37,2.A.37
3.A.7,GT5,LacI,5.A.3
3.A.1,3.A.1,3.A.1,CBM34|GH13_21,9.B.34,5.A.2,2.A.34
8.A.59,2.A.42,8.A.59,3.A.1,3.A.1,2.A.25,9.B.18,GT2,GT4,GT4,9.B.34,HTH_AraC,9.B.124,1.A.33,9.B.34
9.B.34,1.B.18,3.A.23,GT4,GT4,GT4,GT4,9.B.18
