GH23,9.B.18,GT2,GT4,GH39,GT4,GT4,2.A.66
GH18,4.C.1,3.A.1,3.A.1
GH37,HTH_1|LysR_substrate,1.B.25,9.B.153,2.A.1,Sigma70_r2|Sigma70_r4_2,8.A.1,2.A.85,HTH_1|LysR_substrate,3.A.3
1.A.16,HTH_3,CBM22,HTH_3,GAF,1.B.52
GH23,3.A.7,2.A.80
2.A.102,HTH_1|LysR_substrate,MarR,GT104,3.A.1,3.A.1
GH23,MCPsignal,9.B.34
3.D.5,3.D.5,3.D.5,3.D.5,3.D.5,3.D.5,2.A.3,GH3,TetR_N,LexA_DNA_bind,3.A.7
3.A.1,GH23
2.A.66,GT4,GAF,GH166,1.A.13
GH0,9.B.164,9.B.104
8.A.1,2.A.1,Aminotran_1_2,9.B.18,9.B.146,9.B.18,GT2
2.A.38,3.A.1,3.A.1,HTH_18,MASE2|Guanylate_cyc,GT4
9.B.34,3.A.1,3.A.1,3.A.1,3.A.1,CBM32,2.A.7
2.A.1,1.I.1,2.A.1,1.A.23,NUDIX,2.A.7,2.A.7,SBP_bac_3,Autoind_bind|GerE,GT1,3.A.1,3.A.23,3.D.6,3.D.6,3.D.6,3.D.6,3.D.6,3.D.6
3.D.1,1.B.12,3.A.1,GT2,1.B.13,PL5_1,2.A.50,AraC_binding,Aminotran_1_2,GT2,GT83,2.A.7,4.A.2,4.A.2
2.A.3,GT0,2.A.7,HTH_1|LysR_substrate,2.A.21
3.A.7,GH23
GT2,2.A.1
2.A.1,1.A.23,Response_reg|GGDEF,2.A.21,NUDIX,3.A.5,1.A.34,CE11,GT28,2.A.103,9.B.146
GH23,3.A.7
GT51,cNMP_binding,3.A.1,3.A.1,3.A.1,1.B.14
2.A.3,GerE,5.A.3,5.A.3,5.A.3,Pyr_redox_2,GT83,GT2,2.A.66,2.A.58,3.A.3
CBM50,9.B.34,GH1
1.A.6,HATPase_c,CBM50,Fer4,1.A.30,1.A.30
2.A.3,HATPase_c|HisKA|Response_reg,SBP_bac_3,Response_reg|Trans_reg_C,TetR_N,3.A.1,Pyr_redox_2,AraC_binding|HTH_3,GT30,HTH_1|LysR_substrate,2.A.7,8.A.5,PfkB,3.A.1,GT2,PIG-L,GT4,GT4,GT9,GT9,9.B.34,2.A.36,1.A.23,2.A.102,Aminotran_1_2,CbiA,HTH_1|LysR_substrate,2.A.1
9.B.42,SKI,1.B.22,3.A.11,GT51,3.A.11
2.A.64,MCPsignal,3.A.1,3.A.1,3.A.1,GT2,NUDIX,3.A.1
9.A.40,1.A.34,Response_reg,3.A.1,3.A.1,3.A.1,3.A.7,AA3_2,TetR_N,2.A.15,3.A.1,3.A.1,3.A.1,HTH_18,HTH_1|LysR_substrate,2.A.98,3.A.1
9.B.34,2.A.7,GT4,GT4,GT4,3.A.1,3.A.1,GT4,GT4
2.A.88,TPR_2,2.A.38,CBM50
3.A.5,3.A.1,3.A.1,Sigma70_r4|Sigma70_r2,GT51
2.A.1,2.A.21,HTH_1|LysR_substrate,8.A.59,HTH_1|LysR_substrate,AA3_2,2.A.1
2.A.103,GH103,GH0
2.A.42,GH23,4.A.1,4.A.1,SIS,CE9
CBM5,TetR_N,2.A.1
1.B.33,GT19,2.A.25
1.E.2,GH19
GT4,CBM32,2.A.121,9.B.34,Pyr_redox_2,PALP,AA10|CBM73
GT2,IclR|HTH_IclR,2.A.1
1.A.62,1.B.6,GH50,9.B.186,HTH_8|Diacid_rec,2.A.8,2.A.63,2.A.63,2.A.63,2.A.63,2.A.63,2.A.7
8.A.5,HTH_1|LysR_substrate,Glyoxalase,GT2,2.A.1
2.A.21,CSD,GH17|GT2,PL7_1,2.A.109,GH103,5.B.5,5.A.3
GH102,HTH_1|LysR_substrate,3.A.1
2.A.40,3.A.23,9.B.43,CE4,9.B.35,2.A.40
3.A.6,3.A.6,3.A.6,3.A.6,3.A.6,3.A.6,1.C.36,3.A.6,TPR_3,1.C.36,1.C.36,HTH_18,3.A.6,3.A.6,3.A.6,3.A.6,3.A.6,3.A.6,3.A.6,3.A.6,3.A.6,GH3
4.A.2,1.A.35,Sigma70_r4|Sigma70_r2,1.B.6,3.D.1,NIR_SIR_ferr|Pyr_redox_2|NIR_SIR,9.B.106,2.A.1,PL7_1,Response_reg|ANTAR,3.A.1
3.A.1,3.A.1,3.A.1,3.A.1,3.A.1,GH23
GT35,9.B.20,GH13_3,GH13_16,CBM48|GH13_9,4.D.2,CBS,CBM48|GH13_11,GH13_26,GH77,GH13_10,GT5
