2.A.1,3.A.1,3.A.1,3.A.1,3.A.1,CBS,GT4
1.C.109,1.B.50,GT4,NUDIX,2.A.1
GT4,3.A.1,2.A.28
GT2,2.A.1,2.A.86
GH36,Peripla_BP_3|LacI,3.A.1,3.A.1,3.A.1,3.A.1,3.A.1,3.A.1,3.A.1,3.A.1,3.A.1
GT4,3.A.1
GT2,2.A.80,2.A.80,2.A.80,2.A.35,Peripla_BP_2,3.A.1,3.A.1,3.A.1,3.A.1
3.A.1,3.A.1,3.A.1,GH3,CE9
8.A.5,9.B.97,SBP_bac_1,3.A.1,3.A.1,1.I.1,2.A.15,AA3_2,B12-binding,3.A.1,3.A.1,3.A.1,9.B.115,Peripla_BP_3|LacI,GH1,3.A.1,3.A.1,3.A.1
GT28,2.A.103,Pyr_redox_2,9.B.146
GH65,LexA_DNA_bind,2.A.21
GT2,9.B.106
2.A.55,GH77,1.A.23,CBM48|GH13_9,GH13_30,Sigma70_r2|Sigma70_r4_2,9.A.40,2.A.1,HTH_5,8.A.5,GH15,3.A.1
GH23,1.C.113,CE14,GT2,GT4,GT4
3.D.10,3.D.10,GT39
CBM57,Trans_reg_C,Aminotran_1_2,3.A.7,3.A.10
9.A.47,NUDIX,HhH-GPD,1.A.1,NUDIX,GT51,3.A.16,2.A.63,2.A.63
1.A.33,2.A.4,AA3_2
GH13_4,3.A.1,3.A.1,3.A.1,9.B.97,GH23|CBM50,MarR,3.A.7
3.A.1,3.A.1,SBP_bac_1,Peripla_BP_3|LacI,GH0,MerR|B12-binding_2|B12-binding,3.A.1,3.A.1,3.A.1
GH3,3.A.1,3.A.1,SBP_bac_1,Peripla_BP_3|LacI,4.C.1
GT2,HTH_5,2.A.21
9.B.97,GT51,GT4,GT0,3.A.1,GT4,GT2,GT2
9.A.25,GH13_20,Glyoxalase,MarR,2.A.1,2.A.8
CE14,2.A.47,Aminotran_1_2,GH32,8.A.5,Sigma70_r2|Sigma70_r4_2,MarR,2.A.1,9.B.35
2.A.16,HTH_1|LysR_substrate,3.D.1,3.D.1,2.A.1,CBM48|GH13_9
GT4,CBM44|CBM44|CBM44|CBM44|CBM44|CBM44|CBM44,GT4,8.A.3,PL0,2.A.47,CbiA,3.A.1,3.A.1,3.A.1
9.B.18,9.B.18,3.A.1,GT2,GT4,3.A.1,3.A.1
GT1,GT4,3.A.1
2.A.8,SKI,GH13_31,8.A.21
3.A.1,3.A.1,3.A.1,B12-binding_2|B12-binding,GH13_26,GH13_10
GH31,3.A.1,3.A.1,3.A.1,3.A.1,GH13_21,Peripla_BP_3|LacI,GT20,9.B.106,GH23|CBM50
GT2,TetR_N,GT4,3.A.1
GH13_13|GH13_13,GH13_13,HTH_5,2.A.86
2.A.37,3.A.1,3.A.1,3.A.1,3.A.1,3.A.1,NUDIX,CE14
GT1,Aminotran_1_2,Sigma70_r2|Sigma70_r4_2,8.A.59,HD,2.A.38,2.A.38
GT4,3.A.1,3.A.1,3.A.1,3.A.1
2.A.7,3.A.12,4.F.1,HTH_3,GH13,3.A.1,3.A.1,3.A.1,2.A.69
2.A.1,AraC_binding,CBM5,3.A.1
