GT2,3.A.1,3.D.4,3.D.4,3.D.4,3.D.4
3.A.1,3.A.1,STAS,3.A.1,3.A.1,3.A.1,2.A.80,Pyr_redox_2,GATase_2,1.B.39,HD,SKI,1.B.22,GT51,9.B.21,2.A.1,Sigma70_r4_2|Sigma70_r2,9.B.14,5.A.1
1.B.1,Response_reg|GerE,dCache_2|MCPsignal,GH166,MarR,Response_reg|GerE,TetR_N,2.A.1,9.B.105
2.A.102,3.A.1,3.A.1,3.A.1,3.A.1,AA3_2,MerR,3.A.3,HMA,1.B.39
AA3_2,3.A.1
1.E.40,GH23,HD,TetR_N,3.A.1,Aminotran_1_2,HTH_6|SIS,HTH_8|Response_reg,2.A.21,2.A.76,CBM50,3.A.11,3.A.7,HTH_1|LysR_substrate,4.C.1,2.A.103,9.B.157,9.B.157
AA7,FUR,9.B.10,9.B.10,3.A.1
3.A.1,3.A.1,CBM32
CE4,2.A.6,GT2,TetR_N,9.B.102,9.B.102,SKI,4.C.1
9.B.146,2.A.103,GT28
CE11,1.A.34,3.A.5
GH23,2.A.95,Pribosyltran,3.A.5,9.B.14,2.A.21,3.A.23,CBM32,2.A.7
GT51,1.A.35
2.A.109,3.A.15,GT9,2.A.7
GT2,9.A.47,3.A.7
2.A.66,9.B.183,GT2,GT0
GT9,GT30,2.A.6
GH23,3.A.7
GH103,3.A.1,3.A.1,3.A.1
2.A.109,1.I.1,2.A.49,3.A.1,3.A.1,HATPase_c,GH23,2.A.3,2.A.1,2.A.14,2.A.6,2.A.6,MASE1,Aminotran_1_2,2.A.7
3.D.1,Sigma70_r4_2|Sigma70_r2,RseA_N,9.B.160,1.A.63,GH3,GT104,4.F.1
2.A.1,GH31,1.B.1,HTH_1|LysR_substrate,2.A.98,Fer4,3.A.1,3.A.1,3.A.11
1.B.4,HTH_1|LysR_substrate,SBP_bac_3,3.A.1,3.A.1,TetR_N,CBM50,Sigma70_r4|Sigma70_r3|Sigma70_r2,1.A.14
GT2,2.A.7,GT83
1.B.33,GT19
9.B.20,MCPsignal,GH15,3.A.1,3.A.1,3.A.1
3.A.1,3.A.1,3.A.1,3.A.1,3.A.16,9.A.55,2.A.76,GH23
GT4,TetR_N,2.A.76,3.A.1,HTH_1,3.A.1
2.A.106,9.B.43,9.B.35,GntR,2.A.40,CE4,1.B.1,LysR_substrate,9.B.34,3.A.23
2.A.1,HTH_1|LysR_substrate,3.A.1,GT2
3.A.1,3.A.1,3.A.1,3.A.1,3.A.1,Pyr_redox,2.A.66,GT4,9.A.40
1.A.33,2.A.55,1.A.23,GT0,GT2,MCPsignal,TetR_N,2.A.1,2.A.6,2.A.6,1.B.17,Response_reg|Trans_reg_C,2.A.21
GT2,2.A.6
9.B.143,GH73
GT2,CE4|GH153,1.B.55,Response_reg|GerE,Aminotran_1_2,HTH_3,2.A.66,2.A.3,GGDEF|EAL,CBM32
3.D.4,3.D.4,Aminotran_1_2,3.A.1,GT4,GT9,GT2,GT9,GT2
2.A.40,2.A.21,GT4,GT4,3.A.23,3.A.23,9.B.126
2.A.19,GH135,HTH_1|LysR_substrate,2.A.37,1.B.17,9.B.62
3.A.1,3.A.1,3.A.1,GGDEF,HATPase_c|HisKA,2.A.1,GH13_26,GH77,GH13_10,CBM48|GH13_11,CBM48|GH13_9,GH13_16,GH13_3|GH13_3,GT5,Pyr_redox_2,HTH_1|LysR_substrate,2.A.1,FUR,TPR_4,9.A.8,FeoA,3.A.1,9.B.34
9.B.34,2.A.1,2.A.7,PfkB,3.A.1,3.A.1,3.A.1,3.A.1,Sigma70_r4,GH0
2.A.6,2.A.6,2.A.6,2.A.6,Response_reg|Trans_reg_C,HATPase_c|HisKA,GT83,HTH_1|LysR_substrate,2.A.1,2.A.8
9.B.34,HTH_1|TOBE,3.A.1,3.A.1,Autoind_bind|GerE,GH23,3.A.6,Autoind_bind|GerE,3.A.6,1.B.22,3.A.6,3.A.6
2.A.1,2.A.6,2.A.6,2.A.6,HTH_1|LysR_substrate,GT20
