3.A.15,3.A.15,3.A.15,1.B.22,GH23,9.B.10
AA3_2,3.A.1,3.A.1,3.A.1,3.A.1,3.A.1,3.A.1,3.A.1,3.A.1,3.A.1,CbiA,2.A.45,3.A.2,3.A.2,3.A.2,3.A.2,3.A.2,3.A.2,3.A.2,4.C.1,3.A.1,3.A.11,3.A.1,4.C.1,TetR_N,Aminotran_1_2,3.A.1,PadR,MerR,3.A.3,HTH_18|GyrI-like,2.A.3,HTH_1|LysR_substrate,2.A.1
1.A.8,GT4,FlhD,FlhC,1.A.30,1.A.30
5.A.1,9.B.14,2.A.1,9.B.21,GT51,1.B.22,SKI,HD,3.A.1,3.A.1,3.A.1,3.A.1
3.A.1,HTH_1|LysR_substrate,2.A.3,GH24
9.B.146,2.A.103,GT28
CE11,3.A.5
2.A.1,TetR_N|TetR_C,HATPase_c,9.B.27,GT107,GT4,1.B.18,8.A.4,3.A.1,3.A.1,GT2|GT4,GT2,GT2,9.A.41,CE11
3.A.1,3.A.1,3.A.1,1.B.19,GT2
3.A.1,3.A.1,GT4,GT4,9.B.18,9.B.146,GT4,GT9,GT30
1.A.43,9.A.4,GH23
2.A.49,GT9,2.A.1
GH103,3.A.1,3.A.1,3.A.1
GH3,Response_reg|HTH_8|AAA,GT104,4.F.1
GT20,3.A.1,GT4,GntR,3.A.1,CBM32,GT21,B12-binding,3.A.1,3.A.1,3.A.1
5.B.9,9.B.14,GH23,GerE|Response_reg,HATPase_c|PAS,GerE|Response_reg,3.A.15,3.A.15,3.A.15
2.A.1,2.A.7,GH23,2.A.1,2.A.76,9.A.55,3.A.16,3.A.1,3.A.1,3.A.1,3.A.1
2.A.66,4.C.1,CBM50
1.B.14,3.A.1,Peripla_BP_2,3.A.1,HATPase_c|HisKA,Response_reg|Trans_reg_C,GH23,1.B.1,Sigma70_r2|Sigma70_r4_2,FecR,1.B.14,HTH_1|LysR_substrate,Glyoxalase,HTH_1|LysR_substrate,2.A.11
4.F.1,GGDEF|GAF,4.D.3,GH8,1.B.55,CbiA,GT2,2.A.36
GT83,2.A.7,GT2
GT4,1.A.23
GT51,1.A.22,HTH_1|LysR_substrate,9.B.35,9.B.43
CE4,2.A.39
2.A.7,8.A.21,8.A.7,GT19,1.B.33
2.A.1,3.A.1,GT2,GT2,GT9,GT9,Rhodanese,1.I.1,3.A.12,GH15,TetR_N,3.D.6
2.A.1,GT20,3.A.1,HATPase_c|HisKA,Response_reg|Trans_reg_C,3.A.1,3.A.1,3.A.1,3.A.1,HTH_1|LysR_substrate,1.B.1
1.B.1,2.A.1,HTH_1|LysR_substrate,GT0
2.A.14,GT2
3.D.4,3.D.4,GH20,4.A.1,4.A.1,SIS,CE9
9.B.158,EAL,2.A.36,1.A.2,3.A.1,HTH_1|LysR_substrate,2.A.1,HTH_1|LysR_substrate,CBM32
3.A.1,3.A.1,3.A.1,3.A.1,1.B.66,Pyr_redox_2,1.B.1,9.B.143,HTH_1|LysR_substrate,2.A.40,GH73
CE16,HTH_3,HD,3.D.1,GH23
3.A.6,3.A.6,AA3_2
3.A.7,3.A.7,3.A.7,3.A.7,3.A.7,3.A.7,3.A.7,GH23
3.A.1,3.A.1,3.A.1,3.A.1,3.A.1,3.A.1,GntR,CBM32,HTH_1|LysR_substrate,2.A.14
GT9,GT2,GT9,3.A.23,3.A.23,GT2,PIG-L,HATPase_c|Response_reg|HisKA|PAS,GT4
2.A.76,GH3,2.A.86,HTH_18|Peripla_BP_3,3.A.1,3.A.1,3.A.1,GntR,3.A.1,3.A.1,3.A.1,3.A.1,1.B.1,PL5,3.A.23,2.A.1,1.B.14
GH13_26,GH77,GH13_10,CBM48|GH13_11,CBM48|GH13_9,GH13_16,GH13_3|GH13_3,2.A.1
3.A.23,MCPsignal,CheW,1.B.52,GH166,2.A.66,GT4
GT2,3.A.1,2.A.1
GT4,GT0,8.A.3,1.B.18,9.B.18,HTH_18,2.A.1,HTH_1|LysR_substrate,3.A.1
4.C.1,4.C.1,4.C.1,4.C.1,GT25,3.A.1
GH92,3.A.1,3.A.1,3.A.1,3.A.1,GntR,2.A.3
CBM50,HTH_1|LysR_substrate,3.A.1,3.A.1,3.A.1,3.A.1,3.A.1,HTH_6,AraC_binding,2.A.55,3.A.1,2.A.1,HTH_1|LysR_substrate,1.A.46,3.D.1,GntR|Aminotran_1_2,1.A.23,2.A.53,2.A.1
9.B.153,3.A.3,3.A.1,2.A.1,GT51,1.B.1,3.A.23,GH19,3.A.23,2.A.1,HTH_1|LysR_substrate,2.A.49,MarR,CBS,HTH_1|LysR_substrate,2.A.1,HTH_1|LysR_substrate,SBP_bac_3,2.A.19,8.A.5
3.A.16,GT20,MCPsignal,GH33
3.D.2,GT4,9.B.18
GH2,3.A.23,GT4
1.B.18,2.A.66,GT4,GH3
3.A.1,3.A.1,3.A.1,SIS|HTH_6,2.A.1,GH31,1.B.1,2.A.15
1.B.55,CE4|GH153,GT2
2.A.40,NUDIX,GH19
GT4|GT4,9.B.97,Aminotran_1_2,Pribosyltran,9.B.160
2.A.1,3.A.1,3.A.1,3.A.1,3.A.1,GntR|Aminotran_1_2,1.B.14,CBM50
3.A.1,3.A.1,HTH_1|TOBE,HTH_1|LysR_substrate,2.A.7,HisKA,9.A.40,GH13_10
3.A.1,3.A.23,HTH_18,2.A.1,HxlR,2.A.1,GT4,GT4,GT2,8.A.3,1.B.18,9.B.18
3.A.1,3.A.1,3.A.1,3.A.1,Response_reg|Trans_reg_C,HATPase_c|HisKA|MASE1,3.A.3,3.A.3,3.A.3,1.B.1,GntR,GT1,TetR_N,HTH_1|LysR_substrate,2.A.3,9.B.34,2.A.85,PL7_4,2.A.1,HTH_1|LysR_substrate,HTH_18|AraC_binding,2.A.76
9.B.18,1.B.18,8.A.3,GT4,GT4,GH71,1.C.39,HTH_18|GyrI-like,1.B.12,Peptidase_M23,1.A.23
2.A.23,GT4,CE4,AraC_binding,2.A.1,2.A.1
2.A.75,8.A.5,HTH_18,AA3_2,HTH_18,2.A.1,1.B.1
3.A.1,3.A.1,SBP_bac_1,GH42,3.A.1
2.A.25,GH74
GT2,2.A.7,2.A.17,HTH_3|AraC_binding,3.A.1,3.A.1,3.A.1,3.A.1,3.A.1,1.B.25
GT51,1.A.62,3.A.1,3.A.1,3.A.1,1.B.14,1.B.1,3.A.1,3.A.1,HTH_1|LysR_substrate,2.A.40,TetR_N,8.A.5,2.A.1
2.A.3,1.A.23,2.A.1,1.B.1,HTH_1|LysR_substrate,2.A.40,GT51,GntR|Aminotran_1_2,FMN_bind_2,5.A.1,Response_reg|Trans_reg_C,HATPase_c|HisKA,2.A.76,1.B.1,HTH_1|LysR_substrate,2.A.1,1.B.14,1.B.1,2.A.1
3.B.1,3.B.1,CBM32
3.A.3,GH23,3.A.1,3.A.1,HTH_18,3.A.1,1.A.62,2.A.117
GT21,2.A.1
GH23,3.A.1,3.A.1,3.A.1,3.A.1,3.A.1,GT51
GT28,AA3_2,TetR_N,GT1,2.A.1,GT2,1.B.17,8.A.1,GntR|Aminotran_1_2,CBM32
9.B.157,GH0
2.A.3,2.A.3,GH87,TetR_N,2.A.39
2.A.1,GH37,1.B.19,2.A.55,Autoind_bind|GerE,Autoind_bind|GerE,1.B.22,3.A.6,3.A.6,3.A.6,3.A.6,GH23,3.A.6,Trans_reg_C,HTH_18,GH26|GT2
