GT2|GT4,3.A.1,PSK_trans_fac,3.A.6,GT0,GT2,Aminotran_1_2,GT2,8.A.59,1.A.30,1.A.30,Response_reg,9.B.174
GT35,GT5,3.A.1,3.A.1,Response_reg|HATPase_c|HisKA,1.A.11
GT19,3.B.1,9.B.34,2.A.66,3.A.2
GH13_11,STAS,3.A.1,3.A.1,3.A.1,3.A.1,Pyr_redox_2,GT2
GT2,PAS|HATPase_c|HisKA,1.A.35,3.A.1,3.A.1,B12-binding,CbiA,1.E.54,GH108
9.B.34,1.B.52,2.A.109,2.A.6,2.A.6,Response_reg|HATPase_c|HisKA,2.A.56,DctP,GT25,CBM48|GH13_11,GH77,1.A.23
GT41,2.A.6,1.B.52,HTH_1|LysR_substrate,2.A.1
GT51,1.B.6,2.A.21,3.A.1,MerR,3.A.3,1.A.35,GH1,3.A.1,1.B.52
GH23,MCPsignal,Response_reg|CheB_methylest,CheR,Response_reg|H-kinase_dim|HATPase_c|CheW,Response_reg,9.B.34
GH13_11,CBM48|GH13_9,Rrf2,3.A.1
1.E.54,GH108
GT4,9.B.18,1.B.52,Glyoxalase,9.B.34,3.A.1,3.A.1,3.A.1
9.B.160,AAA,3.A.1,3.A.1,GT4,3.A.1
3.A.1,GT9,9.B.34,3.E.2,3.E.2
4.C.1,GT2
3.A.1,Response_reg,3.A.1,3.A.1,3.A.1,3.A.1,GH17|GT2
GT2,PALP,3.A.1
GH23,3.A.7,3.A.7,3.A.7,3.A.7
GT4,3.A.1,3.A.1,Trans_reg_C|Response_reg,Response_reg|HATPase_c|HisKA|dCache_1,3.A.1,2.A.1
2.A.115,3.A.1,TetR_N,1.I.1,4.F.1,GT4,Rhodanese,8.A.5,2.A.106
3.A.1,8.A.1,GT4,3.A.1,3.A.15,2.A.37
1.A.33,GT25
2.A.7,GT9,2.A.37
GT51,3.A.1,GT84|GH94,1.B.14,3.A.1,3.A.1,3.A.1,IclR|HTH_IclR,1.B.14,4.C.1,MarR,2.A.1,2.A.21
3.A.1,PAS,1.B.52,CE11
GT28,2.A.103,9.B.146
2.A.28,3.A.1,3.A.1,GGDEF,9.B.34,GH0,3.A.1,3.A.1,3.A.1,3.A.1,3.A.1
3.A.1,3.A.1,3.A.1,GT2|GT2
1.B.52,3.A.1,3.A.1,Peripla_BP_2,1.B.14,SBP_bac_3,PAS,2.A.21,GerE,GT51
GH3,9.B.149
2.A.1,3.A.1,GT30
GH108,1.E.54
GT2,3.A.1,3.A.1,3.A.1,3.A.1
3.A.1,3.A.1,3.A.1,3.A.1,3.A.1,MCPsignal,SBP_bac_3,9.A.8,FeoA,2.A.21,CheR|CheB_methylest|CheR_N,GH94|GT84
