2.A.1,2.A.1,2.A.81,Aminotran_1_2,GH13_19
9.A.25,Autoind_bind|GerE,HTH_1|LysR_substrate,4.A.1,GH1
2.A.1,GH18,3.A.1,3.A.1,3.A.1,3.A.1,3.A.1,CbiA,GT2,4.D.3,GH8,1.B.55,EAL|GGDEF,2.A.23,1.I.1,3.A.6,9.B.146,GT0,Aminotran_1_2,2.A.66,GT56,9.B.128,GT26,2.A.3,TPR_2,HEM4,9.B.21
GH23,3.A.7
2.A.7,3.D.10,3.D.10,1.A.23,2.A.25,CBM50
2.A.37,GH13_29,4.A.1,LacI|Peripla_BP_3,3.A.3,GH20
3.A.1,AA3_2,1.B.42,1.B.42
GH1,4.A.1,LacI|Peripla_BP_3,AraC_binding|HTH_18,9.B.10,2.A.114,GT20
4.B.1,HTH_1|LysR_substrate,3.A.1,1.B.6,GGDEF,GH23
2.A.25,3.A.7,2.A.96,1.A.33,2.A.33,HTH_1|LysR_substrate,9.B.105,HTH_1|LysR_substrate,GT1,2.A.37,2.A.37,2.A.76,2.A.79
9.B.146,2.A.103,GT28,CE11,3.A.5,NUDIX,3.A.15,3.A.15,9.B.125,2.A.49,1.A.62,3.A.1,HD,Diacid_rec,2.A.1,2.A.21
GH108|GH73,4.A.3,4.A.3,GH1,AraC_binding|HTH_18,CE0,2.A.1
9.B.27,9.A.40,9.B.14,3.A.5,Ogr_Delta,GH24,1.E.25,1.B.75,1.B.33,3.A.9
GT2,2.A.6
2.A.1,GH23,2.A.39,GntR,CE4,1.B.14
2.A.26,2.A.3,1.A.23,CBM34|GH13_21,3.A.5,2.A.6,2.A.6
GH18,MarR,CE9,4.A.1,1.B.25,GH20
3.A.1,Aminotran_1_2,HTH_1|LysR_substrate,GH3,3.A.1,3.A.1,3.A.1,CbiA,HTH_1|LysR_substrate,2.A.1,2.A.7,GH13_5
2.A.15,TetR_N,AA3_2,GerE,EAL,1.B.11
3.A.25,3.A.1,3.A.1,3.A.1,3.A.1,HTH_1|LysR_substrate,2.A.1,9.B.169,LacI|Peripla_BP_3,3.A.1,3.A.1,3.A.1,9.B.114,2.A.122,1.E.14,2.A.1,Peripla_BP_1,3.A.1,9.B.22,2.A.61,2.A.109,1.B.18,8.A.3,9.B.18,GT2,Pribosyltran,2.A.66,GT2,3.A.1,3.A.1,3.A.1,AraC_binding,3.A.1,3.A.1,GT4|GT4,GT4,GT4
3.A.23,1.B.14,2.A.1,2.A.1,1.B.11,GerE,2.A.38,AA6,2.A.76,HTH_1|LysR_substrate,AraC_binding|HTH_3,2.A.7,2.A.40
9.B.72,GerE|Response_reg,4.F.1,HTH_6,4.A.3,4.A.3,GH4,4.A.3,HxlR,2.A.1,1.B.17,3.A.1,3.A.1,2.A.36,GT2,AraC_binding|HTH_18,2.A.17,2.A.1
GH3,Pyr_redox_2,Rrf2,2.A.6,2.A.6,HTH_18,2.A.17
2.A.6,2.A.6,2.A.1,LacI|Peripla_BP_3,GH91,2.A.2,2.A.7
2.A.53,PALP,3.A.1,3.A.1,3.A.1,Glucokinase,3.A.1,HTH_6|SIS,GH4,4.A.1,3.A.1,3.A.1,3.A.1,HisKA|HATPase_c,Trans_reg_C|Response_reg,2.A.1
GH32,2.A.1,2.A.1
3.A.1,3.A.1,3.A.1,3.A.1,GH23,2.A.42,2.A.95,9.B.2
3.A.1,3.A.1,Aminotran_1_2,GT2,GT83,2.A.7,EAL,3.A.1,3.A.1,3.A.1,1.B.14,4.A.1,2.A.86,HTH_5,3.A.4,2.A.15,2.A.25,3.A.1
4.A.1,GH1
2.A.1,GT81,HTH_6,3.A.1,3.A.1,3.A.1,3.A.1,3.A.1,1.B.3,3.A.1,3.A.1,3.A.1,HTH_1|LysR_substrate,2.A.1,DeoRC|HTH_DeoR,2.A.1
3.A.1,3.A.1,3.A.1,3.A.1,2.A.1,HTH_6|SIS,GH1
2.A.1,2.A.1,HTH_IclR|IclR,PALP,2.A.89,3.A.5,9.B.34,Peripla_BP_2,GH13_31,3.A.1,GH4,3.A.1,3.A.1,3.A.1
9.B.99,9.B.12,1.B.14,2.A.1,Pyr_redox,GntR,2.A.34,5.A.2,GH103,CbiA,4.C.1,2.A.7,2.A.7,HTH_6|SIS,CBM50,3.A.1,3.A.1,3.A.1
9.B.158,Aminotran_1_2,2.A.66,2.A.1,8.B.24,3.A.18,CSD,GT2,NUDIX,EAL,2.A.109,4.A.6,4.A.6,4.A.6,2.A.107
3.A.1,3.A.1,3.A.1,3.A.1,3.A.1,GntR|Aminotran_1_2,3.D.4,5.A.3,5.A.3,5.A.3,GT2,GT4,GT2,2.A.66,8.A.3,1.B.18,9.B.146,Trans_reg_C,2.A.1,HATPase_c,GerE|Response_reg,1.B.54,3.A.15,3.D.1,NIR_SIR|Pyr_redox_2|NIR_SIR_ferr,3.A.1,3.A.1,3.A.1,NIT|ANTAR,SBP_bac_5,3.A.1,3.A.1,3.A.1,3.A.1,SBP_bac_5,HTH_1|LysR_substrate,2.A.19,1.B.14,2.A.108,2.A.108,2.A.108,2.A.21,3.A.1,3.A.1,3.A.1
3.A.6,3.A.6,3.A.6,3.A.6,3.A.6,3.A.6,3.A.6,3.A.6,GH73
3.A.23,3.A.23,Pkinase,GH108|GH73
2.A.1,GH4,AraC_binding|HTH_18,2.A.66,HTH_18,3.A.1,2.A.23
4.A.3,GH1,4.A.3,GntR,LacI|Peripla_BP_3,4.A.3,GH1,4.A.3,4.A.3
2.A.1,GH2,LacI|Peripla_BP_3,peroxidase,2.A.1,2.A.1,3.A.1,3.A.1,3.A.1,3.A.1,3.A.1,3.A.1,1.B.12,8.A.1,2.A.85,AraC_binding|HTH_18,2.A.1,HTH_1|LysR_substrate,2.A.39
GT84|GH94,LacI|Peripla_BP_3,2.A.1,HTH_1|LysR_substrate,HTH_3,3.D.1,3.D.1,3.D.1,3.D.1,3.D.1,3.D.1,3.D.1,3.D.1,3.D.1,3.D.1,3.D.1,3.D.1,3.D.1,HTH_1|LysR_substrate,Aminotran_1_2,HD,2.A.47
1.B.9,GH105,2.A.2,3.A.1,9.B.14,3.A.1,9.B.14,3.A.1,3.A.1,1.A.16
1.B.1,GH103,GT2,CE4|GH153
1.E.2,1.E.2,GH18,HTH_1|LysR_substrate,AA10,Sigma70_r4,2.A.1
1.B.12,GerE|Response_reg,HisKA|HATPase_c|Response_reg,HxlR,2.A.1,HTH_IclR|IclR,CBS,GH31,2.A.1
2.A.113,2.A.1,Aminotran_1_2,3.A.1,3.A.1,3.A.1,3.A.1,HTH_1|LysR_substrate,3.A.23,HisKA|HATPase_c,GH23,9.B.8,4.A.1
GT19,1.B.33
GT51,2.A.1
GH102,3.A.7
8.A.7,NUDIX,2.A.109,8.A.5,2.A.1,4.C.1,5.A.3,LacI|Peripla_BP_3,3.A.1,HTH_3,HTH_1|LysR_substrate,2.A.1,HTH_1|LysR_substrate,3.A.1,2.A.1,3.A.1,GerE,GerE|Response_reg,1.B.11,1.B.17,3.A.1,3.A.1,3.A.1,HTH_1|LysR_substrate,2.A.14,2.A.1,2.A.15,TetR_N,HTH_1|LysR_substrate,3.A.1,CBM50,9.B.36,9.B.186
3.A.1,3.A.1,3.A.1,1.B.14,GT51
2.A.3,2.A.2,GH43_26
GH23,9.B.34
9.B.34,1.B.21,GH27,2.A.7
CBM32,Peripla_BP_2,1.B.14,HTH_1|LysR_substrate,2.A.68,PfkB,1.B.15,4.A.1,GH32,Peripla_BP_1|LacI|Peripla_BP_3,1.A.30,1.A.30,2.A.56,2.A.56,9.B.27,HTH_1|LysR_substrate,HTH_18,GH1,4.A.3,4.A.3,4.A.3,GH23,GntR,PfkB,1.B.76
1.B.3,3.A.1,GH13,3.A.1,3.A.1,3.A.1,1.B.73,ACT,2.A.28,2.A.58,3.A.1
2.A.85,LytTR|Response_reg,9.B.33,4.A.3,GH4,LacI|Peripla_BP_3,2.A.1
1.B.22,GT51
9.A.8,9.A.8,9.A.8,GH77,GT35,GerE,Rhodanese,9.B.104,DeoRC|HTH_DeoR,Pyr_redox_2,GT35,GT5,CBM48|GH13_11,CBM48|GH13_9,2.A.95,SKI,2.A.8
1.A.34,Aminotran_1_2,GT9,GT9,GT73,GT9,GT9,GT4,GT4,GT9,GT30,GT2
