2.A.81,Aminotran_1_2,GH13_19,9.B.186
2.A.37,2.A.37,GT2,GT9,3.A.1,3.A.1,3.A.1,2.A.76
2.A.85,Aminotran_1_2,GH4,Peripla_BP_3|LacI,1.B.14,2.A.1,NIR_SIR_ferr|NIR_SIR|Pyr_redox_2,1.A.16
1.B.22,GT51
9.A.8,9.A.8,9.A.8,Pribosyltran,GH77,GT35,GerE,Rhodanese,9.B.104
2.A.8,1.B.12,9.B.126,9.B.121,EAL,PfkB,2.A.23,CBM32,PL2_1,1.B.35,EAL|GGDEF,GH8,3.A.1,3.A.1,3.A.1,3.A.1,3.A.1,1.B.20,1.C.75,2.A.1
GT2,GT30,GT9,GT9,Aminotran_1_2,1.A.34
4.A.1,GH13_29
1.I.1,3.A.6,9.B.146,GT0,Aminotran_1_2,2.A.66,GT56,9.B.128,GT26,2.A.3
2.A.109,1.B.11,AA7,1.B.12
2.A.7,3.D.10,3.D.10,1.A.23,2.A.25,CBM50
3.A.18,HTH_3,2.A.6,2.A.6,2.A.6,PL17_1,PL38,SBP_bac_1,3.A.1,3.A.1,3.A.1,PL38,3.A.1,3.A.1
GH23,Peripla_BP_2,1.B.14,3.A.1,3.A.1,3.A.1
GH0,GH0,3.A.23,1.B.6,3.A.23,9.B.2
GH102,3.A.7
4.A.6,4.A.6,4.A.6,4.A.6,CE9,GH105,GH154,Peripla_BP_3|LacI,2.A.1,GH31,Peripla_BP_3|LacI,1.B.3,4.A.1,GH42,GH53,3.A.1,3.A.1,3.A.1,3.A.1,3.A.1,3.A.1,3.A.1
1.B.33,GT19
3.A.1,3.A.1,3.A.1,GH23,2.A.39
GT25,1.A.16,1.B.40,1.B.40,EPSP_synthase,3.A.11,3.A.1
3.A.23,1.B.6,3.A.23,3.A.23,GH0,GH0
2.A.66,Response_reg|GerE,2.A.56,2.A.56,GH36,2.A.1
GH73,Sigma70_r4_2,3.A.1,3.A.1,3.A.1,3.A.1,PfkB,3.A.6,3.A.6,3.A.6,3.A.6,3.A.6,3.A.6,3.A.6,3.A.6
3.A.1,3.A.1,3.A.1,MarR,2.A.21,2.A.108,2.A.108,2.A.108,AA6,2.A.3,1.B.6,9.B.72,Response_reg|GerE,4.F.1
5.A.3,5.A.3,3.A.1,3.A.1,3.A.1,GH103,GerE,GT60,3.A.23,3.A.23,1.B.11,1.B.11,3.A.23,3.A.23,HTH_7,AAA,3.A.23,3.A.23
GH2,CSD,9.B.20,3.A.3,FlhC,1.A.30,1.A.30,H-kinase_dim|CheW|HATPase_c|CheY-binding,CheW,2.A.1,HTH_10,1.B.12,9.B.110,1.B.52,1.B.52,CheR|CheR_N,Response_reg|CheB_methylest,Response_reg,CheZ,1.B.40
9.B.174,9.B.1,2.A.1,PL22|PL22,HTH_IclR|IclR,2.A.23,1.B.35,3.A.1,3.A.1,3.A.1,3.A.1,PL2_2
3.A.1,3.A.1,3.A.1,3.A.1,GH23,2.A.95
3.A.1,3.A.1,Aminotran_1_2,GT2,GT83,2.A.7,2.A.7
GH103,CbiA,4.C.1,2.A.7,2.A.7
CBM50,3.A.1,3.A.1,3.A.1
1.B.25,4.A.1,CE9
1.B.12,9.B.8,9.B.8,GH3,8.A.5
GT4,GT2,PfkB,2.A.37,2.A.1,3.A.3,MerR,8.A.21,3.A.1,3.A.1
1.E.5,AA10,LysR_substrate|HTH_1,3.D.5,3.D.5,3.D.5,3.D.5,3.D.5,3.D.5,SIS,PapB,GT41,1.B.20
2.A.1,MarR,3.A.1,3.A.1,3.A.1,AA2,5.A.3,5.A.3,5.A.3,DeoRC|HTH_DeoR,Peripla_BP_1,3.A.1,3.A.1,3.A.1
3.A.1,1.A.62,2.A.49,3.A.1,3.A.1,3.A.1,GT51
4.C.1,4.C.1,2.A.1,3.A.1,3.A.1,2.A.8,1.B.12,3.A.23,2.A.47,Peripla_BP_3|LacI,GH5_13
8.A.1,2.A.85,GH3,3.A.1,3.A.1,3.A.1,Peripla_BP_3|LacI,GH94,3.A.1,1.B.26,1.C.75,1.C.75,1.B.20
3.A.5,CE11,GT28,2.A.103,9.B.146
GH23,3.A.3,9.B.34,1.B.6,4.B.1
CE8,2.A.6,9.B.67,GT9,3.A.1,3.A.1,3.A.1,3.A.1,4.A.2,4.A.2,4.A.2,4.A.2
