3.A.1,GH73
3.A.5,CE7,CBM40|GH33,SBP_bac_1,3.A.1,3.A.1,9.B.28
3.A.1,3.A.1,3.A.1,Peripla_BP_2,3.A.3,GT2
3.A.1,3.A.1,3.A.1,3.A.1,GH13_5
GT2,1.C.57,2.A.66,ACT,3.A.1,3.A.1
2.A.21,3.A.1,GH13_14,CBM48|GH13_9,GT5
GH1,4.A.3,4.A.3
GH25,3.A.1,3.A.1,3.A.1,TPR_1,2.A.86,3.A.2,3.A.2,3.A.2
GT4,GT4,Sigma70_r3|Sigma70_r2|Sigma70_r4,3.A.1,3.A.1,3.A.1,2.A.103
8.A.5,CE4,HATPase_c,2.A.103,3.A.1,3.A.1,3.A.9,NUDIX,3.A.18,4.A.1,3.A.1
GT8,GT4,GH1,3.A.5,3.A.5,3.A.5,3.A.5,GH2|CBM71|CBM71
2.A.22,3.A.3,Penicillinase_R,PfkB,2.A.88,3.A.1,3.A.1,3.A.1,3.A.1,3.A.1,3.A.1,3.A.1,Pribosyltran,GT28
2.A.4,TetR_N,3.A.1,3.A.1,MarR,9.B.67,GH13_18,3.A.1,3.A.1,3.A.1,GH36
GH85,2.A.58,3.A.1,3.A.1
GH13_29,4.A.1,GntR,9.B.146
GH1,3.A.1,3.A.1,3.A.1,SBP_bac_3,SIS,2.A.7
9.B.18,GT2,2.A.1
3.A.1,3.A.1,GH20,GH38,GH125,GH92,GH29,2.A.118,3.A.1,3.A.1,3.A.1,MarR,2.A.50,4.C.1,1.A.8
GH20|GH20,GntR,GH35,4.A.6,4.A.6,4.A.6,4.A.6
2.A.115,LacI|Peripla_BP_1,3.A.1,3.A.1,3.A.1,GH77,GT35,3.A.3,GT51,2.A.7
2.A.66,CBM50
1.E.26,CE9,3.A.14,3.A.14
3.A.1,3.A.1,3.A.9,3.A.1,Response_reg|Trans_reg_C,HATPase_c|HisKA,GH13_31,3.A.1,3.A.1,8.A.3,8.A.3,9.B.18,GT2,GT4,9.B.18,GT0,3.A.1,GT51
3.A.11,SpoIIE,9.B.106,2.A.79,2.A.6,Peripla_BP_3|LacI,GH32,4.A.1
3.A.1,3.A.1,3.A.1,3.A.1,CE1
