2.A.21,GH3,9.B.20,HisKA|PAS|HATPase_c,3.A.3,3.A.3,3.A.3,3.A.23,3.A.3
GT35,GH123,GH20,2.A.6,8.A.1,9.B.32,cNMP_binding,9.B.158,GH2,GH29,2.A.17,2.A.17,2.A.17,1.B.14
2.A.21,GH13
GH27|CBM13|CBM35,GT2,GH36,GH88,1.I.1,GerE,TPR_2,3.A.1,3.A.1,3.A.1,2.A.6,2.A.6,2.A.6,Pribosyltran,1.I.1,2.A.20,3.A.18
9.B.145,CBM32,3.A.1
CBM13,9.B.10,peroxidase,1.B.14,HTH_18,HTH_18,2.A.66,1.B.14
1.A.35,GH92,HTH_1|LysR_substrate,2.A.1,8.A.5,GH125,CBM48|GH13_9,GT5,GyrI-like,2.A.7,MarR|AsnC_trans_reg,GT2
1.B.14,8.A.46,GH63,GH97
GH31,3.A.1
2.A.6,2.A.6,1.B.17,1.A.22,AAA,ACT,GH43_28|CBM32
GH29,2.A.3,2.A.6,2.A.1
1.A.14,GH130
2.A.2,GH130,Pyr_redox_2,3.A.1,1.B.14,3.A.1,3.A.1
3.A.11,1.B.44,8.A.1,HTH_18,GH5_46|CBM6,4.C.1
GH20,2.A.49
GH37,2.A.1
2.A.109,HTH_3,GH65,NUDIX,AraC_binding|HTH_18,2.A.1,2.A.1,1.A.11,2.A.7,3.A.18
GH109,9.B.33,Response_reg|LytTR,9.B.155
2.A.50,1.B.14,3.A.2,GH29,GH2
GT51,LytTR,1.B.14,8.A.46,2.A.109,2.A.23,2.A.11,Response_reg|LytTR,2.A.1,1.B.72
GT2,FUR,1.B.9,2.A.55,3.A.5,HhH-GPD,1.B.14
GH1,HD,HTH_18,3.A.3,HMA,HTH_18,2.A.6,2.A.6,1.B.17,2.A.1,HMA,2.A.1,2.A.15
GH3,GH29,GntR,2.A.59,8.A.46
1.B.14,GH29|CBM32,Trans_reg_C|Response_reg,HisKA|HATPase_c,2.A.7
GT2,3.A.1,3.A.1,3.A.1
9.B.155,1.B.44,GT32,9.B.62,2.A.1,2.A.35,8.A.5,3.A.5
4.C.1,1.A.23,cNMP_binding,PL35,PL8_3,PL8_3
9.B.144,GT4
GT5,1.C.105
3.A.1,GT4,GT4,GT2,GT2,GT8,GT2,GT0,Aminotran_1_2,9.B.146
3.A.1,3.A.1,3.A.1,GH3,GH144,1.B.14
GH29,1.A.62
3.A.1,3.A.9,GH89,GH92
GH95,GH141,HTH_3,GH2,1.B.14,8.A.46,CBM0
GH13_5,8.A.46,1.B.14
9.B.168,1.C.63,GH2
GH0,2.A.1,8.A.46,1.B.14
1.B.14,1.B.14,8.A.46,1.B.14,1.B.14,8.A.46,1.B.14,GH97,2.A.53,2.A.53
GH3,GH30_2,1.B.14,1.B.14
9.B.146,2.A.103,GT28
3.A.9,GT9,1.A.30
GT2,3.A.16,3.A.1,3.A.6,Sigma70_r4_2|Sigma70_r2,PfkB,2.A.1
GT30,1.A.30,TPR_1|TPR_2,CE14,Trans_reg_C|Response_reg,HisKA|HATPase_c,1.B.14,3.A.1
GT19,3.A.11,3.D.10,3.D.10
2.A.25,3.D.1,CBM20|GH77,GT1,3.B.1,2.A.109
GH92,3.A.5,1.E.43,8.A.21,1.B.6
3.A.1,2.A.6,1.B.6,1.B.14,3.A.1,GH25
GH19,3.A.1,1.B.14,1.A.33
GH18,3.D.1,3.D.1,3.D.1,3.D.1,3.D.1,3.D.1,3.D.1,3.D.1,3.D.1,3.D.1,3.D.1,3.D.1,3.D.1,3.D.1,3.A.2,3.A.2,3.A.2,9.A.40,GH95
