1.B.52,MarR|AsnC_trans_reg,AA3_2,3.A.1,3.A.1,3.A.1,3.A.1,EAL,3.D.1,2.A.7,CbiA,3.A.2,3.A.2,3.A.2,3.A.2,3.A.2,3.A.2,3.A.2
2.A.21,8.A.59,CE1
1.B.14,2.A.2,GH43_26,GH51,GH43_5,3.A.1,3.A.1,3.A.1,3.A.1,GH43_29
1.E.40,GH23
1.B.14,GT28,2.A.37
GT84|GH94,2.A.106
5.A.1,Response_reg|Trans_reg_C,HATPase_c|HisKA,2.A.6,2.A.6,9.B.14,2.A.1,9.B.21,GT51
9.B.146,2.A.103,GT28
CE11,3.A.5
3.A.23,9.B.35,CE4,1.B.14,HTH_DeoR|DeoRC,NUDIX,3.A.1,3.A.1,3.A.1,3.A.1
3.A.23,3.A.23,1.B.10,3.A.1,HD,2.A.1,GH2,GH1
9.B.125,CBS,HTH_18|GyrI-like,GntR,1.B.14,1.B.14,3.A.1,3.A.1,3.A.1,3.A.1,SIS,CE9,GntR,9.B.42
3.A.1,3.A.1,GH1,3.A.1,1.B.14,1.A.30,3.A.10,1.B.14
2.A.50,3.A.1,9.B.18,8.A.3,CbiA,GT2,PL15,GT4,GT4
2.A.86,9.B.126,GT51
3.A.1,3.A.1,3.A.1,2.A.3,GH19,GH18,1.B.3,3.A.1,3.A.1,3.A.1,3.A.1
2.A.1,GT104,1.A.8,HTH_18|AraC_binding,2.A.1,3.A.18,1.B.14
2.A.1,2.A.21,HxlR,PL15
4.B.1,HTH_18|GyrI-like,Aminotran_1_2,PfkB,GH13_19,3.A.1,3.A.1,3.A.1,3.A.1,GH13_23,LacI|Peripla_BP_1,1.B.3,2.A.1
2.A.117,9.B.34,GT9
GH73,1.A.30
1.B.33,GT19,Aminotran_1_2,8.A.7,8.A.21
8.A.28,1.B.48,Response_reg|Trans_reg_C,HATPase_c|HisKA,Nitroreductase,8.A.5,HTH_1|LysR_substrate,HATPase_c|HisKA,Response_reg|Trans_reg_C,2.A.6,2.A.6,2.A.6,HTH_IclR|IclR,3.A.4,GT1
8.A.59,CheW,PAS|GGDEF,PAS|MCPsignal,2.A.3,2.A.1,CE9,HTH_DeoR|DeoRC,Glucokinase,SIS,GH31|CBM51,1.B.14,1.B.14,GH109,Sigma70_r4_2|Sigma70_r2,FecR,1.B.14,SirB,2.A.1,2.A.1,2.A.53,5.A.3,5.A.3,5.A.3,GAF|HATPase_c,Response_reg|GerE,9.B.8
1.A.23,GT20,GH15,HTH_1|LysR_substrate,3.B.1,3.B.1,3.B.1,2.A.70,2.A.70
1.B.14,1.B.14,Response_reg,CE4,2.A.1
2.A.7,LacI|Peripla_BP_1,GH3,HTH_18,2.A.6,TetR_N,2.A.6
3.A.1,3.A.1,3.A.1,3.A.1,PL0
PL21,2.A.67,GT51
2.A.40,GH19
9.B.34,GH23,1.I.1,4.C.3,GT1
1.A.14,HTH_1|LysR_substrate,GH18,Sigma70_r4|Sigma70_r2|Sigma70_r3,CBM50
GT2,2.A.1
3.A.6,3.A.6,3.A.6,3.A.6,3.A.6,3.A.6,3.A.6,2.A.75,HTH_1|LysR_substrate,2.A.1,MarR,GH73
3.A.1,GT9
9.B.97,9.B.18,Aminotran_1_2,PIG-L,GT4
1.A.35,GT51
9.A.4,3.A.23,9.B.14,SBP_bac_3,3.A.1,3.A.1,1.B.14,FecR,Sigma70_r4_2|Sigma70_r2,3.A.5,GH23,NUDIX,3.D.4,Hemerythrin,3.A.23
2.A.21,HTH_IclR|IclR,AA3_2,2.A.1,2.A.86
1.A.62,GT51,HTH_1,3.A.1,3.A.1,2.A.53,1.A.33
GH3,9.A.8,FeoA,2.A.2,GH13_4
