1.B.52,GH18
3.A.1,CE4,2.A.28,GH3
2.A.3,4.A.1,GH1,HTH_11|Mga,GH38,4.A.2,4.A.2,4.A.2,2.A.3,2.A.115,PadR,2.A.1,1.B.12,TetR_N,AraC_binding,MarR,4.C.1,2.A.3,Glyoxalase,2.A.25,HATPase_c,YcbB|Response_reg,HTH_psq,8.A.5,HATPase_c,Response_reg|LytTR,3.A.1,3.A.1,9.B.97,2.A.109
3.A.7,GH126,GGDEF,GT2,2.A.3
GH16_21,TetR_N,2.A.1
GH4,SIS|HTH_6,2.A.1
GT0,GT2,GT0,2.A.1
2.A.3,GT2,3.A.1,MerR,2.A.1,3.A.1,3.A.18,9.A.25
4.A.1,1.B.52,4.A.1,GH13_29,GntR,2.A.25,9.B.126,2.A.1,2.A.19,3.A.1,1.A.23,CE4,1.A.35
2.A.7,TetR_N,CE12,Pyr_redox_2,HTH_18|AraC_binding|Peripla_BP_2,Peripla_BP_2,3.A.1,2.A.7
CBM50,Sigma70_r2|Sigma70_r4_2,9.A.40,MerR,9.A.40,1.A.43,1.A.23,CE4,3.A.1,3.A.1,3.A.1
2.A.88,3.A.1,3.A.1,3.A.1,GT51,TetR_N,9.B.74,2.A.23,4.C.1,1.B.52
CBM50,9.A.10,2.A.20,4.A.5,4.A.5
9.B.146,2.A.103,GT28
GH9|CBM3,GH48,GH10,GH5_7,HTH_5,3.A.1
GH30_8,GH43_16|CBM6,GH4,3.A.1,SBP_bac_1,LacI|Peripla_BP_3,4.A.7,4.A.7
2.A.66,CE8
5.A.3,GH11,MarR,GH43_11,2.A.2,9.B.102
2.A.3,GH23
CBM50,2.A.16
2.A.28,AAA,CBM50,2.A.66
3.A.23,GT2,9.B.18
GT28,CSD,2.A.88
CE4,2.A.40
GT4,CE14,2.A.115,3.D.3,3.D.3,3.D.3
CBM63,2.A.1
GH1,4.A.3,4.A.3,4.A.3,2.A.7,2.A.9,CheW,3.B.1,Glyoxalase,2.A.85,3.A.1,3.A.1,3.A.1
CE4,2.A.1
CBM50,1.E.19,GH0,GH73,GH23
CBM50,3.D.10
2.A.11,HTH_1|LysR_substrate,3.D.10,3.D.10,3.D.10,ACT,GH51,TetR_N,4.C.1
2.A.40,HTH_DeoR,2.A.66,2.A.15,Rhodanese,9.B.28,GH105,3.A.1,HTH_18|dCache_1,HxlR,2.A.1,8.A.5,3.A.1,3.A.1
GT2,3.A.1,3.A.1
9.A.11,2.A.3,Response_reg|GerE,9.B.116,HTH_18|AraC_binding,3.A.1,Pyr_redox_2,3.A.1,3.A.1,3.A.1,GH28
2.A.3,3.A.23,GntR,2.A.66,3.A.1,3.A.1,3.A.1,3.A.1,3.A.1,9.B.18,GT2,9.B.183,GT4,GT2,GT4,9.B.18,8.A.3,HTH_3,1.E.31,3.A.1,3.A.1,3.A.1,CE4,3.A.1,GT1,2.A.53
9.B.156,CE9,GntR,1.E.40
3.A.11,3.A.11,Response_reg|GerE,HATPase_c,9.B.146,GT4,GT2,GT4,2.A.66,9.B.18,GT0,3.A.1,3.A.1,GT2|GT4,GT0,GT26,GH73,3.A.1,3.A.1,3.A.1,HTH_18|Response_reg,8.A.59
9.A.11,2.A.3,GT2,2.A.1
GT51,9.B.149
3.A.1,SBP_bac_3,3.A.1,3.A.1,HD,GT2
GT0,Aminotran_1_2,GT2,2.A.40,GT2,PfkB,GH32,4.A.1,2.A.7,Nitroreductase,2.A.103,1.E.23,3.D.4,3.D.4,3.D.4
1.E.14,2.A.122,Glyoxalase,3.A.1,3.A.1,3.A.1,3.A.1,3.A.1,Peripla_BP_1,PL9_2,GH4,4.A.3,4.A.3,4.A.3
PL1_5,3.A.1,3.A.1,3.D.4,3.D.4,3.A.1,3.A.1,Peripla_BP_2,3.A.1,3.A.1,3.A.1,9.A.39,9.A.39,HxlR,Glyoxalase,Glyoxalase,CE4,4.A.3,4.A.3,GH1,4.A.3,HTH_11|Mga,2.A.35
2.A.8,GH1,4.A.1,PRD_Mga,MCPsignal,3.A.1,3.A.1,3.A.1
3.A.1,3.A.1,3.A.1,GH53,GH42,2.A.11,3.A.1,2.A.8,Diacid_rec,TetR_N,3.A.1,GH1,4.A.1
2.A.3,LacI|Peripla_BP_3,2.A.1,GH1
