2.A.6,GT2
3.A.11,CBM50,2.A.38,2.A.38
GT0,PL12_3,GT4,GT4,GT26,GT4,9.B.18,2.A.6,2.A.6
2.A.6,NUDIX,HATPase_c,3.A.15,GH23,9.A.4,3.A.15,1.I.1,1.A.30,3.A.1,3.A.1,Peripla_BP_2,1.B.14,2.A.25
9.B.104,1.B.52,2.A.118,Arg_repressor,3.A.1,Rrf2,2.A.61,GT2
GT2,GT9,GT30,Rhodanese,GH2,2.A.3,AAA,HTH_1|LysR_substrate,2.A.118,1.B.42,1.B.42
2.A.8,GH73
9.B.146,2.A.103,GT28,CE11,1.A.34,3.A.5
GH23,9.B.124,1.I.1,1.B.52,1.B.52,1.B.52,2.A.66,2.A.36,2.A.98,MCPsignal,1.A.8,Response_reg|GerE,4.F.1,GH63
2.A.42,Trp_repressor,GH114,Glyoxalase,Glyoxalase,2.A.76
3.A.5,2.A.6,2.A.6,9.B.18,GT0
2.A.42,3.A.1,1.B.18,GT0,GT4,GT2,GT107|GT107,9.A.41,2.A.76,2.A.37
GH3,Pyr_redox_2,2.A.47
8.A.7,2.A.25,2.A.7,AsnC_trans_reg|HTH_11,GH23,2.A.42,2.A.7,4.A.1,SIS,HTH_6|SIS,2.A.95,2.A.17,1.B.52,Peripla_BP_2,3.A.1,3.A.1,Peripla_BP_3|LacI,2.A.21
9.B.8,2.A.37,9.B.34,GT19,1.B.33
3.A.1,3.A.1,3.A.1,3.A.23,2.A.21,3.A.23,GH154,GH105,4.A.6,4.A.6,4.A.6,4.A.6
2.A.41,1.B.10,Glycos_trans_3N,3.A.11,9.B.34,2.A.25,HhH-GPD,1.A.1,EAL|GGDEF|dCache_1,3.A.1,3.A.1,3.A.1,Peripla_BP_3|LacI,GH23,3.A.15,CE9,MarR,3.A.15,3.A.15
3.A.1,Pyr_redox_2,2.A.23,NUDIX,GH23
CE16,3.A.1
2.A.1,PfkB,2.A.22,MarR|AsnC_trans_reg,2.A.62,8.A.59,9.B.18,GT2
PL12,GT0,9.B.104,3.A.5,9.B.14,1.B.1,1.B.1,9.A.40,GH23,CsrA,ACT,2.A.16,CbiA,2.A.76,8.A.5
3.D.5,3.A.1,3.A.1,3.A.1,3.A.1,2.A.108,2.A.108,2.A.27,GT2,1.B.35,MarR,Rhodanese,3.A.23,3.D.1,3.D.1,3.D.1,3.D.1,3.D.1,3.D.1,3.D.1,3.D.1,3.D.1
1.B.22,3.A.11,GT51
