3.A.6,3.A.6,3.A.6,3.A.6,3.A.6,3.A.6,GH23,1.A.23
9.B.34,GT5,CBM48|GH13_9,GH13_10,GH77,GH13_26,CBM48|GH13_11
GH43_1,2.A.2,2.A.1,GH10,GH3,GH43_12,GH67
9.B.35,CE4
2.A.3,GT2,8.A.5
1.I.1,3.A.15,PALP|CBS,3.A.1,3.A.1,GT2|GT2
GH99,3.A.1,3.A.1,2.A.79
1.B.22,GT0,GntR,1.B.14,GT2
GT4,GT30,2.A.6
GH13_4,2.A.2,Peripla_BP_3|LacI,2.A.11
GT51,3.A.11,1.B.22
GH51,2.A.86,9.B.14,3.A.5
GH19,3.A.23,3.A.23
3.A.23,GH23
1.B.18,8.A.3,9.B.18,9.B.30,9.B.97,9.B.97,GT4,GT94,2.A.66,GT70,GT26
1.B.14,GH121,GH43_29
2.A.66,GT2,GT4,GT4,B12-binding,3.A.1,2.A.1,9.A.40,2.A.20
CBM50,3.A.16
GH31,2.A.1
GT32,HTH_11|AsnC_trans_reg,3.A.5,2.A.6,2.A.6
GH3,2.A.21,GAF|EAL|GGDEF,GH3
CBM32,3.A.1,3.A.1,SBP_bac_1,GH144
GT2,3.A.6,9.B.34,MHYT|EAL|GGDEF,3.A.6,3.A.6
1.A.12,3.D.3,3.D.3,GH23
1.B.33,GT19,1.B.14,3.A.1,3.A.1
1.C.113,GT2,GT51
1.B.14,GH29,GH18,GH20,GH2,GH3,3.A.1
GH125,GH92,GH35,GH33,9.B.158
1.C.106,1.C.106,1.C.106,3.A.23,3.A.23,3.A.23,3.A.23,3.A.23,3.A.23,TPR_1,3.A.23,GH19
1.B.14,GH15,GT20,1.B.33,HATPase_c|HisKA,3.A.23,3.A.15,3.A.15,3.A.15
GT83,3.A.1
1.B.46,TPR_2,GT41,9.B.126,GH30_8,CBM5
3.A.1,2.A.7,8.A.5,2.A.41,PfkB,GH98|CBM35
3.A.5,Peptidase_M23,CE11,GT28,2.A.103,9.B.146
CE4|GH153|GH153,GT2,CE9,SIS,Peripla_BP_3|LacI,2.A.1,GntR,GH89,GH2,1.B.14
8.A.59,GT2,2.A.53,GH5_1|CBM2
GH37,1.A.35,2.A.3,GH6,GH5_1|CBM63
GT2,9.B.67,GT83,CBM50,3.A.7
GT2,2.A.123
2.A.109,1.A.26,2.A.37,GH15,8.A.28,GT2
2.A.1,HTH_IclR|IclR,2.A.107,2.A.21,GH115,GH94,2.A.2
2.A.1,GH103,GH5_5,GH5_5,GH5_5
GH43_9,GerE|Response_reg,4.C.1,1.B.70,9.B.136,2.A.21,1.E.43
CE4,2.A.9
