2.A.15,TetR_N,8.A.59,GAF,2.A.68,Peptidase_M23,GT2
GH23,1.A.22
GT51,4.C.1
2.A.56,2.A.56,GH13_31,2.A.88
2.A.8,HTH_1|LysR_substrate,2.A.38,Rhodanese,PALP,2.A.1,GT4,3.A.1,3.A.1,3.A.1,2.A.36,4.A.7,4.A.7,4.A.7,9.B.51,EAL,2.A.115
3.A.1,3.A.1,HATPase_c,Trans_reg_C|Response_reg,4.C.1,Aminotran_1_2,Pkinase,GH13_31
4.C.1,9.B.34,9.B.44,PadR,2.A.115,LacI|Peripla_BP_3,2.A.7,GH63,GH2,3.A.1,3.A.1,3.A.1,3.A.1,3.A.1,3.A.1
2.A.27,MarR,GH42,GH36,3.A.1,3.A.1,3.A.1
GH13_31,LacI|Peripla_BP_3,3.A.1,3.A.1,SBP_bac_1,GH13_31,3.A.1,2.A.1,HTH_3,3.A.1,3.A.1
CE9,4.A.1,4.A.1,SIS,HTH_6|SIS,2.A.38
2.A.66,TetR_N,2.A.1,2.A.40,GT1,GT4,2.A.64,2.A.64,HTH_DeoR,3.A.1
9.B.104,3.A.18,2.A.7,2.A.7,2.A.103,HMA,3.A.3,2.A.1,GT4,2.A.9
3.A.1,1.A.35,NUDIX,2.A.64,CBM50,2.A.15,Pyr_redox_2,3.A.1,3.A.1,3.A.1,2.A.86,1.C.113
2.A.120,3.A.11,GT35,GT5,GH13_9
4.C.1,CBM50
9.B.182,8.A.5,MerR,Sigma70_r2|Sigma70_r4_2,CE4,3.A.1
2.A.15,Aminotran_1_2,2.A.1,TrmB,HTH_6|SIS,4.A.1,Pyr_redox_2,3.A.1,2.A.1,Cyanate_lyase,MarR|AsnC_trans_reg,2.A.21,Response_reg,GT2,9.B.34,3.A.1,3.A.1,HisKA|HATPase_c,Trans_reg_C|Response_reg,PAS|GGDEF,2.A.109,2.A.38,Trans_reg_C|Response_reg,HisKA|HATPase_c,3.A.3,3.A.3,3.A.3,Glyoxalase,9.B.34
3.A.1,2.A.1,2.A.63,2.A.63,2.A.63,2.A.63,2.A.63,2.A.63,2.A.63,2.A.17,HTH_3,2.A.16,GATase_2,Pyr_redox_2,8.A.59,3.A.18,Pyr_redox,GT2,HTH_6|SIS,3.A.1,3.A.1,3.A.1,CBS,TetR_N,3.A.1,3.A.1,3.A.1
9.B.144,GT2
2.A.21,2.A.25,GH73,2.A.66,GT4,GT26,Pyr_redox,GT4
9.B.97,2.A.7,GT81
2.A.25,GH126,GT2
GT2,2.A.66,GT2,2.A.66,Aminotran_1_2,2.A.66,GT2,GT4,9.B.18,8.A.3,8.A.3,1.A.8
3.A.5,CE4|CBM50|CBM50,2.A.6
9.B.169,SirB,GH13,Pyr_redox_2,3.A.9,3.A.1,3.A.1,3.A.1,3.A.1,3.A.1,3.A.1,3.A.1,3.A.1,3.A.1,3.A.1
3.D.3,3.D.3,3.D.3,2.A.115,GT4
9.A.40,GntR,GH4,4.A.3,4.A.3,4.A.3
9.B.174,9.B.10,2.A.66,GT28
