GH3,AraC_binding|HTH_18,GH42,2.A.1,GH30_2
3.A.3,CE4,9.B.97
GH8,GH25,GH3,3.A.1,3.A.1,3.A.1,3.A.1,2.A.7,8.A.5,3.A.1
2.A.1,GH73,2.A.109
2.A.16,GH51,2.A.1,GH43_26
1.A.8,2.A.1,2.A.3,2.A.8,SIS|HTH_6,GH25,2.A.8,GT2,GT0,9.B.126,2.A.86
3.A.3,3.A.9,PTS-HPr,8.A.7,GT4,GT4
1.E.16,1.E.26,GH25,EAL,GT2
GT51,1.A.11
GT28,9.B.146
3.A.12,2.A.86,9.B.158,GT4,GT4
GT51,Arg_repressor,1.C.105,4.A.7,8.A.7,4.A.7
GH65,2.A.1
3.A.1,3.A.1,3.A.1,3.A.1,HMA,GH31,3.A.3
9.B.105,GT2,HisKA|HATPase_c,Trans_reg_C|Response_reg,1.C.82
GT26,GntR,CE9,2.A.17,3.A.16,Pribosyltran,2.A.66
3.A.1,LytTR,3.A.1,GH1,TrmB,2.A.2,GH31
2.A.69,3.A.1,AraC_binding|HTH_18,2.A.1,LysR_substrate|HTH_1,2.A.98,2.A.77,HTH_5,1.B.76,3.A.3,GntR,3.A.1,8.A.5,2.A.1,HxlR,GT2|GT4,Rrf2,AraC_binding|HTH_18,GH43_11,2.A.1,2.A.102
GH65,2.A.2,Peripla_BP_1|LacI,HisKA|HATPase_c,Trans_reg_C|Response_reg,9.B.144,2.A.37,2.A.1,LysR_substrate|HTH_1,4.A.3,1.A.43
3.A.1,2.A.86,GH25,GT2,2.A.1,Peripla_BP_3|LacI,GH2,GH154,2.A.1
2.A.7,2.A.7,GH65,2.A.2,3.A.1,Peripla_BP_3|LacI,2.A.2,GH13_31
2.A.7,GH51,AraC_binding|HTH_18,GH30_9,8.A.7,8.A.7,4.A.6,4.A.6,LysR_substrate|HTH_1,Pribosyltran,2.A.1
CE4,8.A.5,2.A.40,SpoVT_AbrB,MarR,3.A.1,3.A.1,2.A.88,GH43_11
