2.A.4,9.B.72,Trans_reg_C|Response_reg,2.A.21,GT83,GT2,LysR_substrate|HTH_1,1.B.5,3.A.3,2.A.6,2.A.6,2.A.6,1.B.25
3.A.23,Pyr_redox_2,2.A.102,LysR_substrate|HTH_1,AA3_2,2.A.1
2.A.3,Trans_reg_C|Response_reg,2.A.21,9.B.34,GT9,GT9,GT4
2.A.66,GT51
2.A.106,4.C.1,9.B.164,9.B.159,Response_reg,HATPase_c,9.B.186,CbiA,GT4,1.B.52,2.A.121
9.B.62,GH23,2.A.64
GT2,2.A.36
1.B.33,GT19
GH5_48,MarR,2.A.1
GH17,3.A.1,9.B.136,2.A.21
3.A.1,3.A.1,GT4|GT4,GT2
GT4,GT2,3.A.1,8.A.1,1.B.17,GT4,GT4,9.B.146,9.B.18,GT0
1.A.35,2.A.1,LysR_substrate|HTH_1,LysR_substrate|HTH_1,GT104,MarR,LysR_substrate|HTH_1,2.A.102,LysR_substrate|HTH_1,1.I.1,9.B.1
9.B.104,GH0
1.A.11,1.B.52,3.A.1,1.B.52,GT4
GH23,3.A.1,3.A.7
GH23,3.A.1,3.A.1
1.B.14,cNMP_binding,GT84|GH94,Aminotran_1_2|GntR,1.B.52,3.A.3,2.A.1
AA3_2,2.A.3,3.A.23
2.A.72,SpoVT_AbrB,2.A.1,2.A.1,2.A.102,LacI|Peripla_BP_3,2.A.21,GH31
2.A.3,2.A.1,GH13_33,LysR_substrate|HTH_1,3.A.23,3.A.23
GT83,2.A.123,GT2
3.A.11,3.A.15,GH23,HisKA|HATPase_c,3.A.23,2.A.8,SKI,LacI|Peripla_BP_3,1.B.52,SBP_bac_3|HisKA|HATPase_c|Response_reg,GerE|Response_reg,9.B.69,9.B.69,1.B.14,3.A.1,3.A.1,3.A.1,3.A.1,LysR_substrate|HTH_1,LacI|Peripla_BP_3,1.B.14,8.A.5,3.A.1,2.A.76,9.B.29
GT9,3.A.7,3.A.16
3.A.1,LysR_substrate|HTH_1,9.B.18,GT26,GT2,GT4,GT2,Pyr_redox_2,GH148
GT73,PALP,2.A.117,GT2,9.B.34,HisKA|HATPase_c,Trans_reg_C|Response_reg,2.A.6,2.A.6,4.C.1
GH28,3.A.1,3.A.1,3.A.1,3.A.1,3.A.1,3.A.1,1.B.35,LysR_substrate|HTH_1,1.B.52
1.B.25,3.A.23,AA4,2.A.15,LysR_substrate|HTH_1,2.A.1,1.B.25
2.A.39,Pyr_redox_2,Fer4,TetR_N,Glyoxalase,GH15,GT5,GH13_10,GH77,GH13_26,CBM48|GH13_11,CBM48|GH13_9,GH13_16,GH13_3,4.C.1,3.B.1
GH23,3.A.1,3.A.1,3.A.1,3.A.1,3.A.1,1.B.14,LysR_substrate|HTH_1,Trans_reg_C|Response_reg,HisKA|HATPase_c,3.A.3,3.A.3,3.A.3,2.A.86
1.A.8,GntR,2.A.40,9.B.35,CE4,9.B.43,2.A.40,1.B.10,1.B.10
3.A.6,3.A.6,3.A.23,2.A.21,GT2|GT2,GT2
1.A.16,9.B.34,9.B.34,LysR_substrate|HTH_1,8.A.1,2.A.85,9.B.34,3.A.1,3.A.1,3.A.1,3.A.1,3.A.1,2.A.33,GH50,1.B.6,1.B.6
3.D.1,3.A.1,1.A.8,HTH_DeoR|DeoRC,3.A.1,3.A.1,3.A.1,3.A.1,HisKA|HATPase_c|dCache_1,3.A.23,9.B.72,LysR_substrate|HTH_1,NUDIX,2.A.3,GT0,PadR,1.B.19
1.B.25,2.A.80,2.A.80,2.A.80,9.B.34,2.A.53,GH3,HisKA|HATPase_c|dCache_1,3.A.23,2.A.1
2.A.1,TetR_N,2.A.6,2.A.6,2.A.6,1.B.25,LysR_substrate|HTH_1,2.A.1,2.A.1,HTH_IclR|IclR,2.A.20,CbiA,1.B.52,GT4
2.A.1,2.A.1,1.A.23,2.A.21,NUDIX,3.A.5,CE11,GT28,2.A.103,9.B.146
GT2,1.B.13,PL5_1,2.A.50,2.A.6,2.A.1,2.A.1,LysR_substrate|HTH_1,8.A.1,8.A.48,2.A.85,1.B.17,LysR_substrate|HTH_1,2.A.7,HTH_18|AraC_binding,1.B.14
GT51,3.A.1,3.A.1,3.A.1
GH103,GH0,GH103,2.A.103
CBM50,Fer4,1.A.62,1.A.30,1.A.30
2.A.39,2.A.6,GT30,LysR_substrate|HTH_1,2.A.7,8.A.5,PfkB,3.A.1,9.B.67,GT4,PIG-L,GT4,2.A.21
GH102,2.A.7,2.A.36,SBP_bac_3,1.I.1
2.A.64,1.B.52,1.B.52,3.A.1,3.A.1,3.A.1,GT2
GT35,HATPase_c|HisKA|PAS,3.A.23
9.B.174,2.A.15,TetR_N,AA3_2,2.A.36,1.A.23,CbiA,LysR_substrate|HTH_1,2.A.1
1.B.22,GT51,3.A.11,3.A.15,9.A.4
GT51,Sigma70_r4|Sigma70_r2,3.A.1,3.A.1,3.A.5
