GT51,3.A.11,1.B.22
1.B.14,TPR_4,1.B.14,GT51,GT2,CBS,9.B.121,1.C.113
GT83,HEM4,3.D.1
GH3,Pribosyltran,Pyr_redox_2,3.A.1,Sigma70_r2|Sigma70_r4,1.A.13,2.A.7
3.A.7,GH103
3.A.16,CBM50
2.A.4,1.B.33,GT19
3.A.7,GH23,3.A.7,3.A.7,3.A.7,3.A.15,9.A.21,9.B.33,2.A.95
3.D.3,3.D.3,GH23,9.A.40,1.A.35,2.A.67
9.B.125,1.B.14,3.A.9,1.B.33,9.B.145,HisKA|HATPase_c,3.A.23,3.A.15,3.A.15,3.A.15,NUDIX,3.A.5,Peptidase_M23,CE11,GT28,2.A.103,9.B.146
3.A.1,GT2
2.A.79,3.A.1,3.A.1,GT2|GT4
3.A.1,3.A.1,GT4,GT2|GT4
GT2,GT4|GT4,GT0,3.A.15
GH23,2.A.37
GH103,2.A.103,9.B.157,9.B.157
2.A.102,GH23
GT2,2.A.6
GT2,2.A.123,cNMP_binding,2.A.21
2.A.37,CBM50
3.A.7,1.E.43,1.E.43,3.A.11,CBM50,GT83,GT2,GT4
3.A.3,MerR,2.A.4,2.A.6,3.A.3,9.B.20,9.B.105,2.A.19,GH1,AAA,2.A.51,2.A.6,2.A.6,2.A.1
5.A.1,2.A.16,9.B.34,GH19
GT4,4.D.1,GT30,2.A.6,TetR_N,1.A.1,Pyr_redox_2,3.A.10
