GT51,2.A.15
3.A.1,3.A.1,3.A.1,3.A.1,3.A.1,ACT,CBM6
GT2,9.B.97,EAL,HTH_DeoR|BTAD,2.A.7,3.A.1,GT4,9.B.18
3.A.1,3.A.1,3.A.1,3.A.1,Response_reg|Trans_reg_C,HATPase_c|HisKA,2.A.59,8.A.46,HhH-GPD,2.A.38,3.A.3,3.A.3,CE14,2.A.38
2.A.1,2.A.15,4.C.1,GH3,3.A.1,3.A.1,3.A.1
GT4,LacI|Peripla_BP_3,GH36,3.A.1,3.A.1,3.A.1,3.A.1,3.A.1,GH1,GH2,GH5_8,GH77,GH13_26,CBM48|GH13_11,GH13_10,GH57,CBM48|GH13_9,GH13_16,GH13_3
CBM35|CBM35,HisKA|Response_reg,GGDEF|EAL,GT51,H-kinase_dim|HATPase_c|CheW,CheW,1.B.52,MCPsignal,1.B.52
3.A.6,3.A.6,GH23,1.A.30,1.A.30,3.A.6,3.A.6,3.A.6,3.A.6,1.A.104,3.A.1,3.A.1,3.A.1,GH1
8.A.5,GH13_20|CBM41|CBM41|CBM41|GH13_13,FHA|GerE,2.A.78,2.A.78
GT4,GT2|GT2,3.A.1
GT4,3.A.1
2.A.66,GT26,8.A.3,8.A.3
9.B.18,CbiA,3.A.1,GT4,9.B.18
2.A.66,3.A.1,GT2,3.B.1,2.A.63
2.A.58,Response_reg|Trans_reg_C,HATPase_c|HisKA,GT51
9.B.146,2.A.103,GT28
3.A.1,3.A.1,3.A.1,3.A.1,3.A.1,2.A.1,Penicillinase_R,3.A.1,2.A.15,HATPase_c|GAF|HisKA|Response_reg,CheR|CheR_N,CheB_methylest,Response_reg,CBM4|GH9,GT9,GT0,GT4,SIS,PfkB,GT9,GH3,Pyr_redox_2,GT35,2.A.86,2.A.21
9.B.141,3.A.18,GH65,3.A.25
3.A.16,CE7
3.A.5,3.A.5,HD,2.A.36,AAA,2.A.69,GT4
3.A.4,GT4
GH13_20,9.B.34,Hemerythrin,3.A.3
3.A.1,3.A.1,3.A.1,9.A.40,9.A.40,TetR_N,GT51
3.A.1,3.A.1,SIS,CE9
GH15,3.A.1
GT2,9.B.18
GT2|GT2,Response_reg,NUDIX,3.D.10,1.C.113,2.A.7,GH57,3.A.1
2.A.2,GH15,GH13_21,3.A.1,3.A.1,3.A.1
3.A.1,3.A.1,HTH_5,GH31,3.A.1,3.A.1
2.A.6,GH30_5,2.A.3
GH42,3.A.1,3.A.1,3.A.1
3.A.1,GH13_23,PfkB,3.D.1
3.D.4,3.D.4,3.D.4,3.A.1,3.A.1,3.A.1,SBP_bac_3,3.A.1,GT4
