GT2,GerE,CE9,GH20,Crp,Glucokinase,2.A.1,MarR,1.A.16,2.A.115,SBP_bac_1,3.A.1,3.A.1,2.A.20
3.A.1,HTH_DeoR|DeoRC,NUDIX,CE7
2.A.1,GH6,Response_reg|Trans_reg_C,GT2
GT81,3.A.1
GH4,HTH_IclR,3.A.1,3.A.1,SBP_bac_1,GH36,HTH_DeoR|DeoRC,CE9
3.A.1,3.A.1,GH65,3.A.1,GerE,2.A.27,Response_reg|LytTR,GH3,GH3,GH3,GT2
8.A.5,HTH_3,LysR_substrate|HTH_1,GH43_21,3.A.1
1.B.6,GH1,2.A.1
GH27|CBM51,Peripla_BP_3|LacI,Peripla_BP_3|LacI,GH127,3.A.1,3.A.1,3.A.1,9.B.28,GH31
GH43_26,GH1,3.A.1,3.A.1,3.A.1,Peripla_BP_3|LacI,1.B.52,2.A.1
GH154,HTH_DeoR|Peripla_BP_3,SBP_bac_1,2.A.115,3.A.1
3.A.1,3.A.1,3.A.1,GH3,TetR_N,2.A.7,Glyoxalase,3.A.1,3.A.1,Response_reg|GerE,Peripla_BP_3|LacI,3.A.1,3.A.1,3.A.1,GH42
3.A.24,3.A.1,3.A.1,3.A.1,HhH-GPD,3.A.1,Sigma70_r4_2|Sigma70_r2,4.B.1,GH30_5,Peripla_BP_3|LacI,GH43_24,GH3,AA10,CSD,1.A.33
GH43_5,9.B.146,Peripla_BP_2,3.A.1,3.A.1,2.A.40,3.A.1,3.A.1,3.A.1
3.A.1,2.A.47,2.A.13,GT51,1.A.1
GT4,PspC,2.A.21,3.A.9,2.A.102,Fer4,3.A.1,GntR,2.A.7,Peripla_BP_3|LacI,SBP_bac_1,3.A.1,3.A.1
GH95,2.A.1,SBP_bac_1,3.A.1,3.A.1,1.B.52,PAS,GH51,CE7
GH5_46,TetR_N,3.A.1,3.A.1,2.A.1
GH26,2.A.109,1.B.52,8.A.5
2.A.1,MarR,3.A.1,3.A.1,SBP_bac_1,Peripla_BP_3|LacI,GH0,Peripla_BP_3|LacI,3.A.1,3.A.1,3.A.1,3.A.1,GH94,Peripla_BP_2,3.A.1,3.A.1,3.A.1,GH42,3.A.1,3.A.1,3.A.1,Peripla_BP_3|LacI,Response_reg|GerE,GH42,Peripla_BP_3|LacI,9.B.10
3.A.1,3.A.1,3.A.1,GH51
2.A.86,ACT|PALP,CE14,1.C.113,GH20
GH1,3.A.1,3.A.1,3.A.1,HATPase_c,Whib,3.A.1,3.A.1
GT2,Aminotran_1_2,3.A.1,GT4,HTH_3,GT4,GT0,GT2,GT2,GT4,GT4|PL12,9.B.97,3.A.1,Pyr_redox,GT2,3.A.1,3.A.1
9.B.146,1.A.77,3.A.2,3.A.2,3.A.2,GH3,SBP_bac_1,3.A.1,3.A.1,Peripla_BP_3|LacI,GH42,GH31,GH2,GH1
3.A.1,3.A.1,3.A.1,GH3,Peripla_BP_3|LacI,3.A.1,3.A.1,3.A.1,3.A.1,GH42,GT2
GH35,3.A.1,3.A.1,3.A.1,Fe_dep_repr_C|Fe_dep_repress|FeoA,2.A.1,3.A.11
GH13_30,Peripla_BP_3|LacI,3.A.1,3.A.1,3.A.1,GH13_21
8.A.5,HTH_3,CBM67|GH78,GH35,Peripla_BP_3|LacI,3.A.1,3.A.1,3.A.1,3.A.1,GH2,8.A.5,HTH_3,2.A.23,GH43_22,SKI,3.A.1,GH18,GH92,9.B.169,TetR_N,TetR_N,8.A.5
2.A.59,HTH_5,2.A.59,MerR,Peripla_BP_2,2.A.1,Peripla_BP_3|LacI,3.A.1,3.A.1,3.A.1,GH5_18,GH38,2.A.1,TetR_N,2.A.102
2.A.114,NUDIX,SBP_bac_1,3.A.1,3.A.1,Peripla_BP_3|LacI,GH31,GntR,2.A.39
3.D.4,3.D.4,3.D.3,3.D.4,Glycos_trans_3N,AsnC_trans_reg,4.C.1,Glucokinase,9.B.106,GH23
3.A.1,3.A.1,SBP_bac_3,GntR,GH43_34
4.F.1,GT4,NUDIX,3.A.18
3.A.1,TetR_N,2.A.1,HTH_5,GT2,2.A.64
2.A.15,1.A.43,Nitroreductase,3.A.1,PIG-L,GT2,AraC_binding|HTH_18,Peripla_BP_2,3.A.1,3.A.1,3.A.1,HTH_5,3.A.1,3.A.1
3.A.1,3.A.1,3.A.1,TetR_N,GH3
3.A.1,GH15,3.A.1
2.A.1,LysR_substrate|HTH_1,2.A.53,TetR_N,2.A.1,Peripla_BP_3|LacI,GH10,SBP_bac_1,3.A.1,3.A.1,GH43_12,AraC_binding,1.B.52,HTH_5,Pyr_redox_2,3.A.1,3.A.1,3.A.1,3.A.1,3.A.1
3.A.1,3.A.1,3.A.1,GH43_12,Glyoxalase,GntR,2.A.75
GH154,PL33_1,HTH_DeoR|Peripla_BP_3,TetR_N|TetR_C,3.A.1
3.A.1,3.A.1,8.A.21,3.A.1,GT5
3.A.1,HTH_5,3.A.1,BTAD|Trans_reg_C,3.A.1,3.A.1,2.A.1,NUDIX,CbiA,GT4
2.A.96,PAS|HATPase_c|HisKA,Response_reg,GT2,CE14
GT28,2.A.103,9.B.146
GH13_20,GH77,1.A.23,4.A.1,4.A.1,8.A.7
PL11,9.B.51,Glycos_trans_3N,3.A.1,3.A.1,3.A.1,3.A.1,3.D.10,3.D.10
CE14,3.A.1,3.A.1,3.A.1,3.A.1,3.A.1,3.A.1,3.A.1,3.A.1,3.A.1
GH10,HATPase_c|HisKA,Response_reg|Trans_reg_C,2.A.1,Response_reg|GerE,2.A.63,2.A.63,2.A.63,2.A.63,2.A.33,Response_reg|Trans_reg_C,HATPase_c|HisKA,3.A.3,3.A.3
2.A.1,3.A.1,3.A.1,SBP_bac_1,GH13_30,Peripla_BP_3|LacI,2.A.6,1.B.52
3.A.1,3.A.1,GH35,1.I.1,MerR,2.A.95,1.A.26,3.A.1,3.A.1,3.A.1,TetR_N,3.A.1,3.A.1,3.A.1,MarR,3.A.1
3.A.1,3.A.1,3.A.1,TetR_N,CbiA,PL31,GT2,8.A.7,8.A.8,4.A.2,4.A.2
GT39,MarR,2.A.1,Peripla_BP_3|LacI,3.A.1,3.A.1,3.A.1,3.A.1
9.B.100,Response_reg|Trans_reg_C,HATPase_c|HisKA,GH13_31,3.A.1,3.A.1,SBP_bac_1,GH36,MarR,GH15
GT20,3.A.1
3.A.1,3.A.1,3.A.1,3.A.1,Response_reg|Trans_reg_C,HATPase_c|HisKA,GT4
3.A.1,3.A.1,CE7,Peripla_BP_3|LacI,GH3,3.A.1,3.A.1,SBP_bac_1,GH39,GH42,GH67
CBM5,2.A.20,3.A.1,2.A.1,MarR,2.A.1,Sigma70_r4_2|Sigma70_r2,TetR_N,2.A.1,3.A.18
GH43_24,TetR_N,3.A.1,3.A.1,3.A.1,3.A.1,SBP_bac_5,9.B.158
GH3,TetR_N,GerE,3.A.9,2.A.63,2.A.63,2.A.63
GH35,AraC_binding|HTH_18,TetR_N,2.A.6,NUDIX,GH15,3.A.1,3.A.1,3.A.1,Peripla_BP_2,HTH_18,3.A.1,3.A.1
GT51,PadR,2.A.1
