2.A.56,2.A.56,2.A.56,GH105
CE8|CE12,1.B.52,PL9,1.B.35,3.A.1,3.A.1,3.A.1,3.A.1,PL2_2,2.A.66,2.A.21,PL22|PL22,GH38,4.A.2,GntR,HATPase_c|HisKA|PAS|dCache_1,AA10,PAS|MCPsignal,GGDEF|PAS,2.A.1,LysR_substrate|HTH_1,Peripla_BP_3|LacI,PfkB,3.A.1,3.A.1,3.A.1,3.A.23,3.A.23,3.A.23,3.A.23,3.A.23,3.A.23,3.A.23,3.A.23,3.A.23,3.A.23,3.A.23,3.A.23,3.A.23,3.A.23,3.A.23
2.A.15,2.A.61,1.C.14,CE16,2.A.7
1.B.1,2.A.1,LysR_substrate|HTH_1,GAF|GGDEF|EAL,CBM50,2.A.53,9.B.34,3.A.1,3.A.1,3.A.1,SBP_bac_1,MCPsignal,1.I.1,CBM50
2.A.27,2.A.23,GH13_11,3.A.1,3.D.1,HTH_IclR|IclR,1.B.52,3.A.1,GntR,GH18,8.A.59,2.A.47
3.A.23,CBM48|GH13_9,GH77,GT35,3.D.4,3.D.4,3.D.4,3.D.4,1.B.52
GH13_27,3.A.23,9.B.34
GT51,3.A.1,3.A.1,3.A.1,3.A.1,3.A.1,PfkB,3.A.16
1.B.39,CBM5,HTH_3,8.A.5,9.B.33,Response_reg|LytTR,2.A.13,1.B.52,2.A.1,AsnC_trans_reg|MarR,1.B.52
2.A.15,LysR_substrate|HTH_1,1.B.52,3.A.1,3.A.1,3.A.1,GntR,3.A.1,3.A.1,3.A.1,3.A.1,2.A.15,NIR_SIR|NIR_SIR_ferr|Pyr_redox_2,1.A.16,2.A.1,2.A.6,9.B.18,1.B.18,8.A.3,GT2,GT4,Fer4,1.A.8
GH18,9.B.34,2.A.6,2.A.6
3.D.2,3.D.2,9.B.34,9.B.34,TetR_N,3.A.1,3.A.1,3.A.1,9.B.35,9.B.35,9.B.43,3.A.9,2.A.28,HTH_6|SIS,3.A.1,3.A.1,3.A.1,SBP_bac_3,GntR,CE4,2.A.40
GT1,LysR_substrate|HTH_1,4.C.1
GT51,1.A.11,3.A.1,3.A.1,3.A.1,GH20,GH9,3.A.1,3.A.1,3.A.1,3.A.1,3.A.1,HisKA|dCache_1|HATPase_c|PAS|Response_reg,2.A.86,Aminotran_1_2,2.A.6,2.A.6,1.A.34,1.A.26,1.B.1,3.A.16,3.A.5
1.I.1,2.A.26,3.A.23,8.A.5,NUDIX,8.A.7,2.A.58,LysR_substrate|HTH_1,HTH_5,2.A.66,9.B.105,2.A.114,SIS,GH3,Response_reg|LytTR,3.A.1,GH23,Trp_repressor,9.B.34,SBP_bac_1,GH23,1.B.33,3.A.9,3.A.1,3.A.1,3.A.1,Nitroreductase,2.A.1,3.D.5,3.D.5,3.D.5,3.D.5,3.D.5,3.D.5,3.D.5,GGDEF|CHASE4,2.A.22
1.B.33,GT19
GH20,3.A.3,1.B.6
4.C.1,2.A.98,2.A.1,GH23
9.B.34,LysR_substrate|HTH_1,2.A.69,4.A.1,GH1
2.A.6,2.A.6,GT9,1.I.1,Response_reg|GerE,HATPase_c|HisKA,5.A.3,5.A.3,GGDEF|CHASE,Aminotran_1_2|GntR,3.D.4,2.A.7,2.A.1,Response_reg|LytTR,9.B.33,2.A.37,2.A.37,2.A.1,4.C.1,2.A.1,3.A.1,1.B.14,3.A.1,Peripla_BP_3|LacI,GH1,3.A.1,3.A.1,3.A.1,3.A.1,TetR_N,1.B.17,2.A.1,2.A.1,HTH_18|GyrI-like,1.B.14,Response_reg|Trans_reg_C,HisKA,4.A.1,Peripla_BP_3|LacI,GH32,1.B.3,PfkB,2.A.7,2.A.6,GT2
3.A.7,GGDEF,GT5,Peripla_BP_3|LacI,5.A.3
2.A.117,1.A.16,3.A.1,5.B.5,5.A.3,GH36,2.A.119,3.A.1,3.A.1,3.A.1,3.A.1,3.A.1,3.A.23,9.B.100,PspC,2.A.6,8.A.1,2.A.22,3.A.1,3.A.1,3.A.1,3.A.1,3.A.1,2.A.42
GH2,3.A.1,3.A.1,3.A.1,2.A.80
5.A.3,1.A.11,3.A.1,3.A.1,3.A.1,3.A.1,3.A.1,GH73
1.B.3,GH42,GH53,3.A.1,3.A.1,3.A.1
3.A.1,2.A.2,GH43_26
9.B.156,9.A.5,CE9,4.A.6,4.A.6,4.A.6,4.A.6,SIS,DeoRC|HTH_DeoR,DeoRC|HTH_DeoR,2.A.104,Response_reg|HATPase_c|HisKA|dCache_1,TPR_2,2.C.1,2.C.1,1.A.30,1.A.30,3.D.4,3.D.4
GH154,2.A.1,GH88,2.A.41,LysR_substrate|HTH_1,GH103
4.A.1,CE9,MarR,2.A.37,2.A.17
2.A.115,2.A.6,2.A.6,2.A.1,Response_reg|GerE,2.A.1,GH13_29,4.A.1,Peripla_BP_3|LacI,3.A.1,3.A.1,3.A.1,TPR_1,9.B.34
GH23,LysR_substrate|HTH_1,2.A.68
2.A.25,2.A.28,1.B.11,Trans_reg_C,2.A.96,TrmB,3.A.1,3.A.1,3.A.1,1.B.26,CBM69,3.A.1,GH13_2|CBM20
2.A.1,Sigma70_r2|Sigma70_r4,1.B.10,3.A.16,GH102,3.A.7
3.A.5,CE11,GT28,2.A.103,9.B.146
1.A.12,3.D.3,3.E.2,9.B.160,3.A.5,9.B.14,9.A.40,GH23,3.B.1,3.B.1
3.A.1,3.A.1,GH23,1.B.42
GH23,9.B.146,GT2
1.B.18,1.B.14,GT9,GT9,GT30,GT4,GT9,GT2,GT4,GT4
3.A.11,CBM50,2.A.38,2.A.38,1.C.113
3.A.1,3.A.1,3.A.1,AA3_2,TetR_N,LysR_substrate|HTH_1,2.A.1,HTH_11|AsnC_trans_reg,2.A.7,9.B.4,Pyr_redox_2,3.A.1,3.A.1,3.A.1,3.A.1,3.A.1,3.A.1
2.A.66,Pyr_redox_2,TetR_N,GH13_37|CBM69
9.B.2,LacI|Peripla_BP_1,SKI,2.A.8,Response_reg|Trans_reg_C,HATPase_c|HisKA,2.A.40,ACT|HD,2.A.88,2.A.21,CBM41|CBM41|GH13_13
GT51,1.B.22
