3.A.7,GH23
GH23,3.A.15
2.A.2,GH31,HTH_18,2.A.1,9.B.34,1.E.43
GH3,1.B.14,4.A.1
2.A.1,GH73
2.A.1,GT2
2.A.40,2.A.7,AA6,1.A.26,GerE,1.A.23,Peripla_BP_2,3.A.1,3.A.1,3.A.1,1.A.14
GH19|CBM73,GH23,GH18,3.A.15,3.A.15,3.A.15,3.A.15,3.A.15,3.A.15,1.B.22
2.A.1,GH31,3.A.1,GntR,4.A.3,GH1,1.B.17,2.A.1,8.A.1,2.A.45,Fe_dep_repr_C|Fe_dep_repress,1.B.6,2.A.7,3.A.1,3.A.1,3.A.1,1.A.23
CE8,3.A.1,3.A.1,3.A.1,8.A.50,TOBE|HTH_1,3.A.1
2.A.4,4.B.1,2.C.1,2.C.1,2.C.1,2.C.1,1.A.30,1.A.30,8.A.79,9.B.85,3.D.4,3.D.4,GH38,4.A.2,GntR,3.D.10,3.D.10
1.B.25,4.A.1,CE9
3.A.1,3.A.1,HTH_3,2.A.114,2.A.1,3.A.1,2.A.1,3.A.1,3.A.1,3.A.1,4.C.1,1.B.14,3.A.1,3.A.1,3.A.1,3.A.1,HTH_3,2.A.15,TetR_N,AA3_2,SBP_bac_5,3.A.1,3.A.1,3.A.1,3.A.1
GH2,LacI|Peripla_BP_3,2.A.115
CBM34|GH13_21,2.A.3,2.A.26
1.M.1,GH104
GH23,2.A.1,LysR_substrate|HTH_1,3.A.1,3.A.1,3.A.1
GT19,1.B.33
3.A.1,1.A.62,2.A.49,3.A.1,3.A.1,3.A.1,1.B.14,GT51
2.A.3,2.A.2,GH43_26,9.B.125,3.A.15,3.A.15,NUDIX,3.A.5,CE11,GT28,2.A.103,9.B.146
GH23,3.A.1,LysR_substrate|HTH_1,4.B.1
2.A.1,AAA,2.A.2,GH5_13
GH43_11,2.A.2
AA10,GH20,3.A.3,LacI|Peripla_BP_3,4.A.1,GH13_29
2.A.3,GT26,9.B.128,GT56,2.A.66,Aminotran_1_2,GT0,9.B.146,3.A.6,1.I.1
1.A.34,GT2,GT4,Aminotran_1_2,GT9,GT9,GT9,GT2,GT9,GT4,GT4,GT2,GT30,GT2
2.A.27,2.A.40,GH31,2.A.2,HTH_5,ArsD,3.A.4,3.A.4,3.A.4
1.B.11,GerE,GerE,EAL,3.A.1,2.A.1,TetR_N,TetR_N,2.A.6,2.A.6,2.A.6,2.A.1,LacI|Peripla_BP_3,4.A.3,4.A.3,GH1,4.A.3,2.A.7,2.A.1,LysR_substrate|HTH_1,2.A.1,2.A.1
2.A.7,2.A.1,LysR_substrate|HTH_1,2.A.8,PALP,9.B.51,GH4,4.A.1,GntR,2.A.81,2.A.1
3.A.23,HATPase_c|HisKA|PAS,1.B.35,2.A.2,2.A.2,GH31
9.B.126,5.A.3,5.A.3,5.A.3,2.A.78,2.A.78,HTH_3,LacI|Peripla_BP_1,GH36,2.A.1,3.A.1,3.A.1,3.A.1,3.A.1,HTH_18|AraC_binding,HTH_18|AraC_binding,2.A.7,HATPase_c|HisKA,Trans_reg_C|Response_reg,2.A.4,3.A.1,9.B.124,1.A.8
2.A.1,GntR,2.A.14,1.B.11,4.A.2,GH127,2.A.2,HTH_18|AraC_binding,2.A.1
GH13_19,GH73,HTH_18|Peripla_BP_3,3.A.1,3.A.1,3.A.1,9.B.97
GT2,4.D.3,GH8,1.B.55,GGDEF|EAL,2.A.23,PfkB,EAL,9.B.121,2.A.1,9.B.126,LysR_substrate|HTH_1,GerE|Response_reg,GH24,GH37
2.A.6,GT2
2.A.8,2.A.95,CBM48|GH13_9,CBM48|GH13_11,GT5,GT35,Pyr_redox_2,Rhodanese,9.B.104,DeoRC|HTH_DeoR,GerE,GT35,GH77,2.A.8,9.A.8,9.A.8,9.A.8,Trans_reg_C|Response_reg,HATPase_c|HisKA,9.B.65,NUDIX,GT51,1.B.22
1.B.42,1.B.42,HATPase_c|HisKA|Response_reg|PAS,GT51,8.A.8,4.A.2,1.B.42,1.B.42,1.B.42,CBS|SIS,2.A.19,3.A.1,3.A.1,3.A.1,3.A.1,3.A.1
GH36,Aminotran_1_2,4.A.1,SIS,CE9,4.A.6,4.A.6,4.A.6,4.A.6
GH154,2.A.1,GH88
1.B.76,8.A.5,HTH_18,9.B.27,1.A.30,1.A.30,8.A.5,1.B.52,DeoRC|HTH_DeoR,GT2,CE4|GH153|GH153,1.B.55,GerE,1.B.12,GerE|Response_reg,HATPase_c|Response_reg|HisKA,9.B.120,HTH_IclR|Response_reg,HATPase_c|PAS,2.A.24
2.A.1,GH23
5.A.1,GH1,HTH_6|SIS,1.C.113
CBM50,1.B.9,1.B.6
GH13_16,3.D.4
2.A.42,2.A.117,LysR_substrate|HTH_1,PL0,PL22|PL22,2.A.1,3.A.1,3.A.1,3.A.1,3.A.1,AraC_binding,LysR_substrate|HTH_1,3.A.1,4.A.3,GH1,GntR,LacI|Peripla_BP_3,4.C.1,2.A.1,8.A.5,NUDIX,4.A.2
3.A.7,GH102
CBM50,Sigma70_r3|Sigma70_r2|Sigma70_r4,2.A.1
3.D.1,3.D.1,3.D.1,3.D.1,3.D.1,3.D.1,GH1,4.A.1,LacI|Peripla_BP_3,5.A.3,2.A.52,Pyr_redox_2,3.A.23,CBS|SIS,DeoRC|HTH_DeoR,4.A.4,4.A.4,4.A.4,GH103,3.A.1,3.A.1,3.A.1
3.A.1,3.A.1,LysR_substrate|HTH_1,GH2,HATPase_c|Response_reg|HisKA,GT2
4.A.1,GH23,HATPase_c|HisKA,3.A.23,Aminotran_1_2,2.A.1,2.A.113
GH4,4.A.1,GT51,5.A.3,5.A.3
9.B.209,MASE1|EAL,GH1,Pribosyltran,2.A.40,4.A.3,HTH_3,2.A.86,ACT,1.B.33
2.A.1,4.A.2,PfkB,4.A.2,2.A.98,LysR_substrate|HTH_1,2.A.3,1.B.14,2.A.1,9.B.169,LacI|Peripla_BP_3,3.A.1,3.A.1,3.A.1,HTH_3,9.B.114,2.A.122,1.E.14,1.B.17,9.B.27,9.B.29,GH3,3.A.1,3.A.1,3.A.1,3.A.1,MerR,9.B.33,LytTR|Response_reg,3.A.1,2.A.113,1.B.18,8.A.3
2.A.1,2.A.6,2.A.6,8.A.1,HhH-GPD|AlkA_N,9.B.34,9.B.22,2.A.109,1.B.18,8.A.3,GT2,GT4,GT2,NUDIX,GT4,9.B.18,2.A.66,GT4
2.A.1,LysR_substrate|HTH_1,2.A.47,Pyr_redox_2,Response_reg,HATPase_c|PAS,SIS,1.B.1,HD,2.A.7,9.B.34,GerE,3.A.6,3.A.6,3.A.6,3.A.6,3.A.6,3.A.6,3.A.6,3.A.6,GH13_5
3.A.1,PALP,3.A.1,3.A.1,GerE|Autoind_bind,GerE|Response_reg,4.F.1,LysR_substrate|HTH_1,3.A.1,3.A.1,3.A.1,3.A.1,3.A.1,2.A.42,2.A.1,2.A.13,3.A.1,3.A.1,3.A.1,GT20,FlhD,FlhC,1.A.30,1.A.30,CheY-binding|H-kinase_dim|CheW|HATPase_c,CheW,2.A.23,1.B.11,1.B.52,1.B.52,CheR|CheR_N,CheB_methylest|Response_reg,Response_reg,CheZ,3.A.6,3.A.6,2.A.2,GH105,9.B.158
1.E.43,1.E.56,GH19
3.A.1,3.A.1,3.A.1,CBM50
5.A.3,GT17,2.A.7,2.A.1
5.A.1,NUDIX,DeoRC|HTH_DeoR,GH28,8.A.5,8.A.5
2.A.1,9.B.211,CBM48|GH13_11,GH13_26,GH13_10
1.B.52,LacI|Peripla_BP_3,GH32,4.A.1,1.B.3,PfkB,BLUF|EAL,HTH_6,3.A.1,3.A.1,3.A.1,3.A.1,3.A.1
3.A.23,3.A.23,1.B.6,3.A.23,3.A.1,3.A.23,LacI|Peripla_BP_3,1.B.21,3.A.1,GH65,3.A.1,3.A.1,3.A.1,GH13_18,PspC,9.B.100,3.A.23,3.A.1,3.A.1,3.A.1,3.A.1,3.A.1,TetR_N,9.B.34,9.B.34
GH108|GH73,Pkinase,3.A.23,3.A.23
3.A.23,3.A.23,3.A.23,3.A.23,3.A.23,HTH_18,GH37,1.B.14,GH23,2.A.36,Pyr_redox,GntR,2.A.34,5.A.2
2.A.86,GH3,2.A.2,8.A.7,1.B.14,3.A.1,3.A.1,3.A.1,EAL,3.A.1,3.A.1
2.A.23,CE0,GH4,HTH_18|AraC_binding,4.A.3,4.A.3,4.A.3
3.A.7,Nitroreductase,GH18,9.B.99
