3.A.15,3.A.15,3.A.15,3.A.15,GH23,9.B.10
AA3_2,3.A.1,3.A.1,3.A.1,3.A.1,3.A.1,3.A.1,3.A.1,3.A.1,CbiA,2.A.45,3.A.2,3.A.2,3.A.2,3.A.2,3.A.2,3.A.2,3.A.2,4.C.1,3.A.1,3.A.11,3.A.1,4.C.1,TetR_N,Aminotran_1_2,3.A.1,PadR,MerR,3.A.3,GyrI-like,2.A.3
1.B.14,1.A.8,GT4,FlhD,FlhC,1.A.30,1.A.30
5.A.1,9.B.14,2.A.1,9.B.21,GT51,1.B.22,SKI,HD,3.A.1,3.A.1,3.A.1,3.A.1,GATase_2,Pyr_redox_2,2.A.25,Pyr_redox,2.A.1,3.A.1,3.A.1,3.A.1,3.A.1,STAS,3.A.1,3.A.1
9.B.146,2.A.103,GT28
CE11,3.A.5
9.B.27,GT107|GT107,9.A.41,8.A.4,1.B.18,3.A.1,GT2,GT2
3.A.1,3.A.1,GT4|GT4|GT4,GT4,GT4
9.B.18,9.B.146,GT4,GT9,GT30
1.A.43,9.A.4,GH23
2.A.49,GT9,2.A.1
GH103,3.A.1,3.A.1,3.A.1
GH3,AAA|Response_reg|HTH_8,GT104,4.F.1
GT20,3.A.1,GT4,GntR,3.A.1,CBM32,GT21,B12-binding,3.A.1,3.A.1,3.A.1
2.A.1,2.A.7,GH23,2.A.1,2.A.76,9.A.55,3.A.16,3.A.1,3.A.1,3.A.1,3.A.1
2.A.66,4.C.1,CBM50
1.B.1,2.A.1,1.B.6,HisKA|HATPase_c,Response_reg|Trans_reg_C,GH23,1.B.1,HTH_1|LysR_substrate,2.A.11
4.F.1,GAF|GGDEF,4.D.3,GH8,1.B.55,CbiA,GT2,2.A.36
1.A.14,Sigma70_r3|Sigma70_r4|Sigma70_r2,CBM50
GT83,2.A.7,GT2
GT4,1.A.23,8.A.28
GT51,1.A.22,HTH_1|LysR_substrate,9.B.35,9.B.43,CE4,2.A.39
2.A.7,8.A.21,8.A.7,GT19,1.B.33
2.A.1,3.A.1,GT2,GT2,GT9,GT9,Rhodanese,1.I.1,3.A.12,GH15,TetR_N,3.D.6
3.A.23,GH87,2.A.1,GT20,3.A.1,3.A.1,HisKA|HATPase_c,Response_reg|Trans_reg_C,3.A.1,3.A.1,3.A.1,HTH_1|LysR_substrate,1.B.1
2.A.1,HTH_1|LysR_substrate,HTH_18,1.B.1,2.A.1,HTH_1|LysR_substrate,HTH_1|LysR_substrate,GT0
2.A.14,GT2
2.A.6,CE4
3.D.4,3.D.4,4.A.1,4.A.1,SIS,CE9,GntR,3.A.1,3.A.1,3.A.1,3.A.1,1.B.52
9.B.158,EAL,2.A.36,1.A.2,3.A.1,HTH_1|LysR_substrate,2.A.1,1.B.14,CBM32
3.A.1,3.A.1,3.A.1,3.A.1,1.B.66,1.B.48,Pyr_redox_2,1.B.1,9.B.143,HTH_1|LysR_substrate,2.A.40,GH73
3.D.1,GH23
3.A.6,3.A.6,AA3_2,2.A.1,8.A.5
3.A.1,3.A.1,3.A.1,3.A.1,3.A.1,3.A.1,GntR,CBM32,HTH_1|LysR_substrate,2.A.14
CBM32,3.B.1,3.B.1
2.A.7,Aminotran_1_2|GntR,Aminotran_1_2,1.B.52,1.B.52,HTH_IclR|IclR,3.A.1,HTH_1|LysR_substrate,2.A.1,TetR_N,1.B.1,TetR_N,GH3,2.A.2,HTH_1|LysR_substrate,8.A.5,TetR_N,2.A.40,HTH_1|LysR_substrate,3.A.1,3.A.1,1.B.1,1.B.14,3.A.1,3.A.1,3.A.1,1.A.62
3.A.23,2.A.8,CBM32,Rhodanese,1.B.25,3.A.1,3.A.1,3.A.1,3.A.1,3.A.1,HTH_3|AraC_binding,2.A.17,2.A.7,GT2
GH28,AsnC_trans_reg,1.B.1,2.A.1,MarR,3.A.1,3.A.1,3.A.1
3.A.1,GH42,SBP_bac_1,3.A.1,3.A.1
1.B.1,2.A.1,HTH_18,AA3_2,HTH_18,8.A.5,2.A.75
1.B.20,9.B.97,GT4,8.A.3,1.B.18,9.B.18
8.A.5,1.B.1,3.A.1,3.A.1,3.A.1,AA3_2,2.A.1,HTH_1|LysR_substrate,HTH_1|LysR_substrate,2.A.1,8.A.5
3.A.1,3.A.1,3.A.1,HTH_1|LysR_substrate,CBM32,3.A.1,9.B.20
GT2,cNMP_binding,1.A.30,1.B.52,GT0,SIS,1.A.12,1.B.17,2.A.1,8.A.1
9.B.18,1.B.18,8.A.3,GT2,GT4,GT4,2.A.1,HxlR,2.A.1,HTH_18,3.A.23,3.A.1
GH13_10,9.A.40,HisKA|HATPase_c,2.A.7,HTH_1|LysR_substrate,HTH_1|TOBE,3.A.1,3.A.1
CBM50,1.B.14,Aminotran_1_2|GntR,3.A.1,3.A.1,3.A.1,3.A.1,2.A.1
9.B.160,Pribosyltran,Aminotran_1_2,9.B.97,GT4|GT4
3.A.1,1.A.29,GH3,2.A.66,1.B.18,8.A.3,GT2,GH87,GT4,3.A.23,GH2
9.B.18,GT4,3.D.2,2.A.37
GT84|GH94,8.A.21,9.A.8,FeoA,1.B.14
1.B.52,GT20,3.A.16
8.A.5,2.A.19,Peripla_BP_3|LacI,2.A.56,2.A.56,HTH_1|LysR_substrate,2.A.1,HTH_1|LysR_substrate,CBS,MarR,2.A.49,HTH_1|LysR_substrate,2.A.1,1.B.1,GT51,2.A.1
3.A.1,3.A.1,3.A.1,3.A.1,3.A.1,1.B.11,HTH_1|LysR_substrate,CBM50,HTH_1|LysR_substrate,8.A.5,HTH_1|LysR_substrate,1.B.1
2.A.55,GH37,2.A.1
GH0,9.B.157
2.A.7,HTH_1|LysR_substrate,8.A.1,1.B.17,GT2,2.A.1,GT1,TetR_N,AA3_2
3.A.1,AA3_2
GT51,3.A.1,3.A.1,3.A.1,3.A.1
2.A.1,GT21
