2.A.6,2.A.6,3.A.1,B12-binding,3.A.11,3.A.15,3.A.15,GH133,2.A.9,9.B.142
GH57,PALP,9.B.18,9.B.106
1.A.43,GT35
3.A.5,3.A.1,GT0,GH3
3.A.1,3.A.1,3.A.1,3.A.1,3.A.1,CbiA,GT4
GT4,GT4,GT2,GT4,GT2,GT2,HTH_1|LysR_substrate,3.D.1,3.D.9
GT2,GH102,9.A.40
3.A.1,2.A.103,3.A.1,GT4,B12-binding,GT26
4.F.1,GT51,ACT,3.A.1
GT2,Fer4,3.A.1,3.D.1
3.A.9,GT2,GT2
GT28,5.A.1
3.A.1,3.A.1,3.A.1,3.D.2,3.D.2,3.D.2,9.B.100,3.A.1,GT10,GT2,GT2,3.A.1,3.A.1
3.A.1,GT1
9.B.10,3.A.1,GH23,CbiA,3.A.1,3.A.3,GT2
9.A.40,GH0,GT0,8.A.21
3.A.1,TPR_1,1.E.43,GT2
3.A.11,Sigma70_r2|Sigma70_r4_2,3.A.1,GT51,1.A.33,GT83,GT19
1.A.25,2.A.53,GH38,3.D.10,TPR_2,GT4
9.A.25,GT2,3.D.1
3.A.11,GT2
3.A.11,FUR,GT4
GT51,3.A.9,2.A.27,1.B.48,3.D.10
2.A.38,2.A.38,GT4
2.A.16,GAF,GT4
GT9,SIS,GT0,8.A.59
GT4,SfsA,3.A.1,3.E.2
GT4,9.B.73,2.A.6,2.A.36,3.A.1
GT2,1.B.52,CheW,3.E.2,3.E.2
3.A.1,3.A.9,GT2
3.A.3,TPR_1,GH13_11
GT4,GT4,9.A.61,EPSP_synthase,3.A.1
1.B.23,CbiA,Pyr_redox_2,3.A.1,3.A.1,3.A.1,3.A.1,3.A.1,2.A.106,GT5
2.A.19,5.B.4,4.C.1,CBS,GT4,2.A.83,2.A.45,3.A.1
3.A.1,GT4
GT2,GT2,9.B.104
3.A.3,2.A.47,TPR_1,2.A.56,TPR_2|TPR_1,GT9,Peptidase_M23,GT83,3.A.1,9.B.27
GH57,9.B.106,GT2
3.A.1,GT2,3.A.1,HD|ACT,9.B.18,PIG-L,9.B.142
9.B.27,GH13_11,GH19
CE11,1.B.33
