3.A.1,3.A.1,GH39,GntR,Peripla_BP_2,3.A.1,3.A.1,3.A.1
2.A.114,3.A.4,2.A.1,Response_reg|GerE,2.A.116,HTH_DeoR|DeoRC,LacI|Peripla_BP_3,2.A.1,TetR_N,GH3
3.A.1,3.A.1,GH36
3.A.1,3.A.1,3.A.1,3.A.1,Aminotran_1_2,2.A.4,HTH_5,4.C.1,Rhodanese,1.I.1,GH2,GntR,3.A.1,3.A.1,9.B.169
GH33,GH33,3.A.1,3.A.1,3.A.1,3.A.1
GH65,2.A.1,3.A.1
9.B.146,2.A.103,GT28
GH5_18,GH38,SBP_bac_1,3.A.1,3.A.1,2.A.1,3.A.1,3.A.1,3.A.1,3.A.1
3.A.1,GT35,SBP_bac_1,1.A.23,9.B.106,3.A.1,3.A.1
3.A.1,3.A.1,CE14,GT4
1.A.33,MerR,GT4,GH13_30,3.A.1,3.A.1,3.A.1
GH29,3.A.9,HhH-GPD,1.A.22
GH13_10,GH13_26,CBM48|GH13_11,2.A.116,GerE,2.A.53,2.A.53,2.A.53
2.A.1,GH25,TetR_N,2.A.6
3.A.1,GT5
GT2,2.A.64
2.A.17,EPSP_synthase|HTH_3,TetR_N,3.A.1,3.A.1,3.A.1,3.A.1,3.A.1,3.A.1,3.A.1,Peripla_BP_2,GH127
GH32,2.A.16,NUDIX,3.A.1,3.A.1,3.A.1
GH13_11,GH13_3,CBM48|GH13_9,CE9,3.A.2,3.A.2,3.A.2,3.A.2,9.B.146
GH3,Peptidase_M23,3.A.1
3.A.1,3.A.1,GT2,Pyr_redox,GT2,GT2
GT4,GT4,3.A.1
GH18,9.B.62
9.B.185,GH3,3.A.1,3.A.1,3.A.1,LacI|Peripla_BP_3,2.A.5
4.A.2,GH92
2.A.109,GH23|CBM50,2.A.2,2.A.80,2.A.80,2.A.80
CE14,2.A.86,3.A.1,2.A.1
3.A.1,3.A.1,3.A.1,GH23|CBM50,Pkinase,1.C.82
2.A.19,3.A.1,3.A.1,3.A.1,HTH_IclR,SBP_bac_1,3.A.1,3.A.1,GH13_30,3.A.1,3.A.1,3.A.1,HTH_6|SIS,2.A.1,2.A.25
2.A.58,2.A.63,2.A.63,2.A.63,2.A.1,TetR_N,5.A.1,Aminotran_1_2,3.A.1,SIS,Pyr_redox_2,9.B.62,1.A.43,GH3,3.A.1,3.A.1,SBP_bac_1,2.A.1
1.A.1,Whib,HTH_18,3.A.1,3.A.1,3.A.1,3.A.1,GT51,GH20,3.A.1,3.A.1,3.A.1,3.A.1,3.A.1,3.A.1,3.A.1,GH2,GT2
2.A.3,CBM5
GT2,Response_reg,GT4,GT2,3.A.1,GT4,3.A.1,3.A.1,3.A.1
3.A.1,3.A.1,3.A.1,3.A.1,3.A.1,SBP_bac_1,3.A.1,GH125,AAA,2.A.23,2.A.25,8.A.5,MerR,3.A.1,3.A.1,2.A.38,2.A.38,2.A.68,2.A.22,HTH_5,2.A.59,3.A.1
3.A.1,3.A.1,3.A.1,3.A.1,HTH_DeoR|Peripla_BP_3,PL33_1,GH95
GH51,GH51,3.A.1,3.A.1,3.A.1,LacI|Peripla_BP_3,GH27|CBM51,GH30_4,GH43_24,HTH_IclR,GH35,3.A.1,3.A.1,3.A.1,SBP_bac_1,3.A.1,3.A.1,9.B.140
CBM67|GH78,LacI|Peripla_BP_3,3.A.1,3.A.1,3.A.1,3.A.1,3.A.1,SBP_bac_1,GH106,3.A.1,3.A.1
4.A.1,GH25
3.A.3,HTH_5,2.A.4,HTH_DeoR|DeoRC,2.A.1,8.A.5,Glyoxalase,TetR_N,TetR_C|TetR_N,2.A.1,2.A.1,Glyoxalase,PfkB,2.A.53,HTH_5,2.A.4,8.A.7,9.A.40,9.A.40,GH123
2.A.3,GT51
3.A.1,3.A.1,3.A.1,3.A.1,GH35,LacI|Peripla_BP_3,GH94,2.A.56,2.A.56
3.A.1,3.A.1,GH29
GH29,GH4,HTH_DeoR|DeoRC,SBP_bac_1,3.A.1,3.A.1
GH127,3.A.1,3.A.1
CE7,GH42,GH31,GH3,3.A.1,3.A.1,LacI|Peripla_BP_3,3.A.1,3.A.1,SBP_bac_1,8.A.5,2.A.1,HTH_IclR,3.A.1,3.A.1
9.B.74,2.A.89,3.A.1,3.A.1,GH13
3.A.1,3.A.1,9.A.40,8.A.3,CBS,GT4,GT2,GT4,GT2,GT4,GT2,GT2,3.A.1,9.B.18,9.B.18
2.A.1,GH23|CBM50,TetR_N,2.A.1,Aminotran_1_2,2.A.66,2.A.6
3.A.1,SBP_bac_1,3.A.1,3.A.1,GH15,SBP_bac_1,3.A.1,3.A.1,GH42,GH35,3.A.1,3.A.1
GH68,GH32,LacI|Peripla_BP_3,3.A.1,3.A.1,SBP_bac_1,GH32,GH32,LacI|Peripla_BP_3,SBP_bac_1,3.A.1,3.A.1,GH32,AraC_binding|HTH_18,GH4,SBP_bac_1,3.A.1,3.A.1
GH2,2.A.2
