2.A.3,HTH_1|LysR_substrate,2.A.26,2.A.1,2.A.1,GT8,GT8,GT8,Trans_reg_C|Response_reg,2.A.21,9.B.160,3.A.1,3.A.1,AraC_binding|HTH_18,2.A.45,GT2,GH8,3.A.1,3.A.1,2.A.109
GT2,Pribosyltran,2.A.3
2.A.36,9.B.141,9.B.141,GH31,GntR,SIS,CE9,4.A.6,4.A.6,4.A.6,4.A.6
2.A.1,SIS|HTH_6,PfkB,4.A.2,2.A.72,2.A.72,GH73,GH25,PfkB,2.A.37
GT2,2.A.1,2.A.7
GH1,4.A.3,GntR,GH1,GntR,4.A.3,4.A.3,4.A.3,GH1,3.A.11,3.A.3
GH13_31,CBM34|GH13_20,GH65,3.A.1,3.A.1,3.A.1,3.A.1,GH13_31,HD,EPSP_synthase,2.A.40
2.A.2,GH36,GH13_18,Aminotran_1_2,3.A.1,3.A.1,3.A.18
2.A.3,3.A.5,3.A.5,GT4,GT8,GT2
2.A.1,MarR,3.A.1,3.A.1,2.A.3,GH42,2.A.17,2.A.1,MarR,3.A.1,3.A.1,3.A.1,3.A.1,3.A.1,3.A.1,3.A.1,GH13_29,GntR,4.A.1
9.A.40,Pribosyltran,2.A.3,GH25,3.A.18,4.A.3,GT0,9.B.126,3.A.1,3.A.1
1.E.12,GH25,3.A.1
GT4,3.A.1
2.A.66,Pyr_redox,GT2,GT2,GT32,9.B.18,8.A.3,8.A.3
GT28,9.B.146
GH42,2.A.2,Peripla_BP_3|LacI,GH2
3.A.1,2.A.35,3.A.1,3.A.1,3.A.1,1.A.14,GT8|GT101,GT8|GT101,GT101
GH73,2.A.87,GT32,2.A.66,HTH_3,3.A.1,3.A.3,3.A.24,GT2,GT4,GT26
2.A.3,4.D.2,GT4,GT4
1.A.22,4.A.1,SIS|HTH_6,4.A.1,GH4,2.A.23,4.A.6,4.A.6,4.A.6,3.A.1
2.A.79,3.A.1,2.A.14,3.A.1,3.A.1,HTH_5,3.A.1,TetR_N,4.A.2,PfkB,DeoRC|HTH_DeoR,GH31,3.A.1,HisKA|HATPase_c,Trans_reg_C|Response_reg,3.A.1,3.A.1
GH1,4.A.1,3.A.1
2.A.1,3.A.1,4.A.1,GH32,Peripla_BP_3|LacI,PfkB,2.A.3,2.A.3,2.A.3,2.A.3,4.A.6,4.A.6,4.A.6,2.A.3,3.A.9,4.A.3,2.A.1,2.A.50,4.C.1,CBS,3.A.3,2.A.37,3.A.1,HTH_3,9.B.211,4.A.5,9.B.2,3.A.1,3.D.4,3.D.4,3.A.1,3.A.1,SBP_bac_3,3.A.1,SIS|HTH_6,SIS,4.A.1,4.A.5,DeoRC|HTH_DeoR,PfkB,8.A.5,2.A.40,MerR,2.A.40,HTH_18,2.A.40
