2.A.7,GT26
1.B.6,2.A.37,2.A.37,GT83,1.B.14,5.A.1
GT51,2.A.7
GT30,2.A.4,3.A.1
9.B.10,1.A.30,Nitroreductase,GT51,TOBE|HTH_1,SBP_bac_1,3.A.1,LytTR,TetR_N,1.B.14
GH16_3,2.A.1,GT9,Sigma70_r2|Sigma70_r4_2|TPR_2,4.C.1
1.B.14,CE9,SIS,GntR,1.B.14,GH20,4.A.1,4.A.1,2.A.33,GerE,GT4,GT2,GT4
GT4,1.B.14,2.A.76
GT2,GT83,GT2,3.D.3,3.D.3,3.D.3
GH92,CE9,SIS,GntR,4.A.1,4.A.1,1.B.14,GH89,GH115
GH28,LacI|Peripla_BP_1,GH92,2.A.118
1.B.52,H-kinase_dim|HATPase_c|CheW,CheW,Response_reg,CheB_methylest|Response_reg,CheR_N|CheR,2.A.23,GAF,Response_reg,GH99,3.A.1
2.A.68,1.B.6,1.A.30,cNMP_binding|Crp,GT4,GT4,Response_reg|GerE,HisKA|HATPase_c|PAS,3.A.1,3.A.1,3.D.4,3.D.4,CheW,2.A.9
2.A.6,2.A.6,2.A.6,TetR_N,CE12,GH43_9,2.A.1
CE1,2.A.7,8.A.7
4.C.1,AA3_2
9.B.62,1.B.76,4.C.1,GH3,LacI|Peripla_BP_3,1.B.14,CBM67|GH78,2.A.1,Sigma70_r2|Sigma70_r4_2,FecR,1.B.14,GntR,Glyoxalase,2.A.1,GH43_11,1.B.14,TetR_N,3.A.1,1.B.14
3.A.1,3.A.1,Aminotran_1_2,GT4,GT4,2.A.1,9.B.13
2.A.1,2.A.115,GT9,GT4
1.B.14,2.A.51,1.B.14,2.A.1,2.A.23,GH3,GT41
1.B.14,2.A.1,GH13_4
2.A.3,GT2,TetR_N,Peripla_BP_2,3.A.1,3.A.1,GH23,9.B.211,2.A.6,2.A.6,3.D.4
3.A.1,AA3_2,Glyoxalase,HTH_5,2.A.1,9.B.160,AAA,1.B.39
GH23,TPR_2,1.A.11
3.D.1,GH26
GH23,3.A.7,3.A.9,Pkinase,3.A.7,3.A.7,3.A.7
2.A.6,2.A.6,2.A.6,2.A.4,2.A.108,MerR,1.B.14,Response_reg,1.B.14,Trans_reg_C|Response_reg,HisKA|HATPase_c,GT4
GT51,1.B.14,3.A.1,3.A.1,3.A.1
3.A.23,2.A.21,3.A.23,2.A.2,1.B.14,CbiA,LacI|Peripla_BP_3,1.B.14,GH3,GH30_3,3.A.1
1.I.1,9.B.34,GT9
1.A.34,GT51
GT19,1.B.33
3.D.1,3.D.1,3.D.1,3.D.1,3.D.1,3.D.1,3.D.1,3.D.1,3.D.1,3.D.1,3.D.1,3.D.1,3.D.1,3.D.1,GT4
3.B.1,1.A.43,1.B.33,CE11,9.B.43,2.A.6,2.A.6,HTH_3,1.A.34,2.A.64,GH3
2.A.76,GT2,2.A.66
2.A.1,GH3
3.B.1,3.B.1,cNMP_binding,GH24,1.A.26,9.B.124,3.B.1
GT2,GAF,MCPsignal|dCache_1,GH15,2.A.2,LacI|Peripla_BP_3,GH13_23,GH13,1.B.14
2.A.1,LacI|Peripla_BP_3,GerE,GH39
2.A.1,GH23,3.A.7,3.A.7,3.A.7,3.A.7,9.B.18,2.A.66,GT2
9.B.31,3.A.11,CE2
GH146,GT28,2.A.103,CBS,9.B.146
CE4,9.B.43,TetR_N,FmdA_AmdA,3.A.9
8.A.5,AA3_2,2.A.67
GH35,GH43_12,GH10,1.B.14
GH67,GntR,1.B.14
1.B.6,1.B.52,2.A.21,GT0,GT14
2.A.2,CBM32
3.A.6,GH10
3.A.1,GT51,3.A.1,HTH_3,9.B.34
3.A.1,1.A.34,3.D.2,3.D.2,3.D.2,GT9
GT4,1.B.52
3.A.1,3.A.1,2.A.53,GT51,AsnC_trans_reg|MarR,3.D.2
8.A.1,2.A.1,TetR_N,GT41
