2.A.4,HTH_5,FeoA,9.A.8,9.A.8,GH13_20,2.A.4,3.D.4,3.D.4,5.A.1
GH23,3.A.7,3.A.7
3.A.1,CE4
3.A.1,GT28,CE4,3.A.1,3.A.1,3.A.1,3.A.1,Pyr_redox_2,2.A.1,3.A.1,3.A.1,HTH_18|Peripla_BP_2,3.A.1,4.C.1,3.A.1,SIS|HTH_6,4.A.1,GH4,Pyr_redox_2,PadR,2.A.21,2.A.1,HxlR,3.D.4,3.D.4,2.A.4,2.A.1
9.A.11,CE4,9.B.102,2.A.115
2.A.7,2.A.1,Nitroreductase,Trans_reg_C|Response_reg,HATPase_c,3.A.1,3.A.1,Trans_reg_C|Response_reg,HisKA|HATPase_c,3.A.1,3.A.1,GT2,CSD,MerR,2.A.1
2.A.40,2.A.4,HTH_5,Trans_reg_C|Response_reg,HisKA|HATPase_c,9.A.40,MerR,9.A.40,HisKA|HATPase_c,HTH_3,GT51
4.C.1,9.B.169,SirB,GGDEF|FIST|EAL|PAS,2.A.66,CBM34|GH13_20,3.A.1,3.A.1,3.A.1,GH13_1
3.A.1,Sigma70_r4_2|Sigma70_r2,3.A.1,3.A.1,3.A.1,3.A.1,3.A.1,3.A.1,2.A.64,4.A.1,GH13_31,GH13_29,2.A.41,2.A.35,2.A.6
2.A.15,CE4
9.B.146,2.A.103,GT28
3.A.1,3.A.1,3.A.1,GntR,Glucokinase,SIS,4.A.6,4.A.6,4.A.6,4.A.6,CE9,PfkB,GH31|CBM32
2.A.51,2.A.51,GntR,8.A.59,HTH_18|Response_reg,SBP_bac_1,3.A.1,3.A.1,9.B.28,GH43_11,GH23
GH13_31,9.B.34
9.B.18,GT4,HTH_7,GT2,GT2,GT2,2.A.102,CbiA,GT27
2.A.3,HATPase_c,CE4,3.A.1,3.A.1,SBP_bac_3,GT4,Hemerythrin,GH18
3.D.1,HD,GT51,Glyoxalase,GH18,8.A.5,CBM50,2.A.21
2.A.55,2.A.86,GT28,2.A.7,2.A.7
1.C.113,GH73
3.A.1,3.A.1,SIS,4.A.1,GH4,4.A.3,4.A.3,4.A.3,GntR,CE4,3.D.1,2.A.1,2.A.21,2.A.10,HTH_8,2.A.28
GT4,3.A.1,TetR_N,LysR_substrate,3.A.1,Glyoxalase,TrmB,2.A.15
GH32,4.A.1,Peripla_BP_1|LacI,2.A.21,PALP,9.A.11,9.A.11,9.A.11
GH18|CE4|GT2,GH1,SIS|HTH_6,Glyoxalase,2.A.1
5.A.3,NUDIX,2.A.115,2.A.5,GT2
4.A.1,GH3,3.A.1,2.A.79,2.A.79
3.A.7,CBM41|CBM41|GH13_14,CSD,2.A.88
GT4,CE14,2.A.115
GT2,2.A.22
GT4,GerE,3.A.1,3.A.1,3.A.1,2.A.1,2.A.58,9.B.117,FUR,3.A.1,3.A.1,3.A.18
CBM50,3.D.10
9.B.157,9.B.157,3.A.11,9.B.34,CBM50
2.A.7,2.A.26,TetR_N,GAF,Aminotran_1_2,9.B.34,GT51,4.C.1,CBS|ACT,1.A.30,1.A.30
GT35,GT5,GH13_9,2.A.7,9.B.20,Glyoxalase,1.A.1
GT4,GT4,GT2,HTH_3,Aminotran_1_2,9.B.18,GT4,GT4,9.B.183,GT2,GT4,GT4,9.B.18,8.A.3,3.A.1
3.D.1,GT51,2.A.63,2.A.63,2.A.63,2.A.63,2.A.63,2.A.63,2.A.63,3.D.2,CodY,2.A.25,9.B.105,MerR,2.A.8
9.B.156,4.A.1,SIS,CE9,GntR,1.E.40
GT4,9.B.146,PIG-L,GH73
GT4,GT4,GT2,9.B.146,GT2,9.B.97
GH25|GH73|CBM50,2.A.61
CBM50,1.B.52,9.B.118
1.A.33,HTH_11,cNMP_binding|CBS,2.A.21,1.A.34,LysR_substrate|HTH_1,2.A.80,2.A.80,Response_reg|HTH_11,HATPase_c|PAS,EPSP_synthase,3.D.9,3.D.1,3.D.9,3.D.9,3.D.9,3.D.1,3.D.1,3.D.1,3.D.1,3.D.1,3.D.1,CBM50,3.A.2,3.A.2,3.A.2,3.A.2,3.A.2,3.A.2,1.A.77,2.A.7
GT51,9.B.149
CBM41|GH13_41,cNMP_binding|Crp,3.A.1,3.A.1,TetR_N,2.A.73,3.A.1,3.A.1,9.A.5,GH13_31,Pyr_redox_2,GGDEF,2.A.17,AraC_binding,2.A.1,2.A.1,2.A.7,1.B.52
GH32,4.A.1,Peripla_BP_3|LacI,GntR,2.A.8,9.B.169,3.A.1,3.A.1,3.A.1
