GH23|CBM50,2.A.15,GT39
2.A.40,CSD,GH23|CBM50
GT4,Peripla_BP_2,3.A.1,3.A.1,3.A.1
3.A.1,3.A.1,3.A.1,3.A.1,Response_reg|Trans_reg_C,HisKA|HATPase_c,3.A.3,3.A.3,9.B.102,2.A.15,AA3_2
2.A.17,ACT,CE5,CE1,CE1,GT2,CE1
2.A.1,GT87,2.A.4
2.A.41,3.A.1,Sigma70_r4,GH25,NUDIX,GT53,GT85
GT2,GT2,3.A.1
GT51,Whib,1.A.1,HhH-GPD,NUDIX,1.E.34,9.A.47
3.A.7,9.B.169,HTH_3,8.A.59,AAA,2.A.1,2.A.1,GT2,GT2
GH65,3.D.10,3.D.10
4.C.1,GT4
3.A.1,3.A.1,3.A.1,3.A.1,3.A.1,PALP,Peripla_BP_2,3.A.1,3.A.1,GT4
1.A.26,PfkB,GH32,4.A.1,2.A.89,2.A.1
GT87,GH13_20,3.A.1,3.A.1
3.A.1,CE14,Fer4,Aminotran_1_2,2.A.3
CBM48|GH13_9,GH13_3,3.A.1
GT35,3.A.1,3.A.1,Peripla_BP_2,2.A.120
2.A.108,4.F.1,GT4
GT2,9.A.40,9.A.40
3.D.10,TetR_N|TetR_C,2.A.8,3.B.1,3.B.1,3.B.1,GH13_11,HTH_3,GH13_26,HTH_IclR,GH13_10
GT28,2.A.103,9.B.146
9.B.106,GT4,Glycos_trans_3N,3.D.4,3.D.3,3.A.1,3.D.4,3.D.4
4.C.1,GH77,GH13_16,3.A.1
