2.A.41,GT41
GT4,PfkB,2.A.21
2.A.66,Aminotran_1_2,9.B.146,9.B.18,PfkB,GT9,GT4,3.A.1
GT2,GT2,GT2,3.A.1
GT4,1.B.4,2.A.80
2.A.40,TetR_N,2.A.23,3.A.1,3.A.1,3.A.1,3.A.1,3.A.1,2.A.40,9.B.35,CE4
GT4,GT2,GT4,GT4,GT4,3.A.1,8.A.1,GT2,9.B.18,1.B.18
3.A.1,3.A.1,3.A.1,SBP_bac_3,3.A.1,GT5
2.A.1,1.B.33,CE11
GH103,3.A.1
GT2,Guanylate_cyc,3.A.1,3.A.1,3.A.1,3.A.1,HTH_3,2.A.21
GH79,2.A.1
2.A.80,HTH_1|LysR_substrate,AA6,GT2,GT2,CbiA,GT26,9.B.34
3.A.1,GH3
2.A.6,2.A.6,1.A.30,1.A.30,3.A.1,9.B.34,9.B.34,GH103
GT51,3.A.1,2.A.21,HTH_8|Response_reg,GH13_23,CE1,2.A.1
2.A.53,GT32
2.A.21,FIST,1.B.52,1.B.52,GT20
3.A.1,2.A.7,Ada_Zn_binding|HTH_18,2.A.36,GT4,3.A.1,3.A.1,3.A.1
1.B.4,3.A.1,3.A.1,MerR,HTH_1|LysR_substrate,HTH_1|LysR_substrate,CE4,GT2|GT2,3.A.1,3.A.1,GT23
3.A.1,3.A.1,3.A.1,3.A.1,HTH_18,9.B.34,GH16_5,GH1
GH23,3.A.7,3.A.7,3.A.7,3.A.7,3.A.7,3.A.7,3.A.7,HTH_1|LysR_substrate,3.A.1,3.A.1,3.A.1
GT4,GT4,GT4,GH39,1.B.18,GT4,GT4
9.B.34,TetR_N,AA3_2,9.B.34
3.A.1,3.A.1,3.A.1,3.A.1,3.A.1,GerE,GH103,GT2,9.B.1
3.A.1,3.A.1,GH23,Glyoxalase,9.B.43,3.D.4,3.D.4,3.D.4
2.A.56,2.A.56,GT4,3.A.1,GH0,2.A.1
AA3_2,2.A.20
GT51,2.A.1,2.A.21,GT2
3.A.1,3.A.1,3.A.1,3.A.1,3.A.1,3.A.1,3.A.1,3.A.1,3.A.1,FmdA_AmdA,2.A.39,MarR,3.A.1,3.A.1,3.A.1,3.A.1,GT4,GH5_25
GT4,GT4,3.A.1
3.A.1,2.A.1,MarR,2.A.85,8.A.1,4.C.1,GH103
2.A.7,GT4,3.A.1,GT4,2.A.6,TetR_N,1.A.34
GH103,3.A.1
GT76,CSD,9.B.97,GH17|GT2,GH17
3.A.1,SBP_bac_3,2.A.6,2.A.6,8.A.1,2.A.6,PALP,GT41,GT41,3.A.1,3.A.1,3.A.1,3.A.1,2.A.58,2.A.123,GT2,GT83
2.A.64,GH3,HD,2.A.21
8.A.59,GH23
3.A.1,3.A.1,3.A.1,GT19
8.A.3,GT4
3.E.1,2.A.55,8.A.59,2.A.4,Rhodanese,2.A.51,AA3,3.A.1
1.A.22,GH23,9.A.25,1.B.70
1.A.26,CE4,CE4
