9.B.174,GT19,3.A.11,2.A.17,2.A.17,2.A.6
PL12,9.B.18,9.B.18,8.A.3,9.A.25,1.B.57
GH3,2.A.28
9.B.153,9.B.144,GT4
GT2,GT2,GT25,GT11,HD,3.A.1,GT2
1.B.6,3.A.1,3.A.1,GT11,GT32
GT4,GT4,GT4,9.B.67,GT4,9.B.18,1.B.42,2.A.64,CBS|SIS,2.A.16,1.B.48
2.A.23,GT4
3.A.7,CE14,2.A.47
1.A.8,GT2
2.A.2,GH30_1,GH17,GH149,GH0,GH16_3,8.A.46,1.B.14,Y_Y_Y|Reg_prop|GerE,GH13_19,GH13_38,GH31,GH13,GH65,2.A.2,Peripla_BP_3|LacI,1.B.14,8.A.46,GH13_10
GH2,GH109,1.B.14
GT83,1.B.14
CE11,HD,PglZ|Response_reg,AAA,3.D.2
1.B.14,1.B.14,9.B.104,AAA,GT4
GH2,Y_Y_Y|HisKA|Response_reg|HATPase_c|HTH_18|Reg_prop,1.B.14,8.A.46,GH136,GH2,GH136,CBM16|GH136,GH136
9.B.157,GT28,2.A.103,9.B.146
GH73,PALP,3.A.1
9.A.25,9.A.25,9.A.25,GH3,3.A.23
1.A.30,PL6_2
2.A.50,Pyr_redox_2,HEM4,GT2
1.B.13,9.B.14,GT51
GT51,GH23,1.C.113,CYTH,1.B.14,HTH_18,1.B.14,1.I.1,MarR,2.A.6
GT2,GT4,GT4,9.B.18
4.C.1,PL6|PL6_1,PL7_5,PL17_2|PL17,1.B.14,PL7,GntR,2.A.1
GT5,SIS,Pyr_redox_2,2.A.95,9.B.33,9.B.33
9.A.25,GH13_18,PfkB,2.A.2,PfkB,8.A.46,1.B.14,GH32,2.A.1,LacI|Peripla_BP_1,1.B.14
GT30,9.B.102,9.B.102,3.A.25,9.A.40
1.A.22,GT4,2.A.36
