2.A.66,GH102
GH1,1.B.14,8.A.21
2.A.7,3.A.5,PL22_2,HTH_1|LysR_substrate,Aminotran_1_2,Aminotran_1_2,8.A.7,HTH_3,3.A.16,5.B.7
1.B.14,2.A.7,3.A.7,GT2,3.A.2,3.A.2,3.A.2,2.A.76,3.A.2,3.A.2,9.B.160,HTH_18|Ada_Zn_binding,9.B.34,1.B.6,3.A.11,1.B.14,1.B.17,2.A.6,2.A.6,2.A.4,3.A.3,1.A.46
3.A.1,3.A.1,3.A.1,HisKA|HATPase_c,GT4
GT4,GT107,9.A.41,3.A.1,3.A.1,3.A.1,GT4
GT51,2.A.1,HTH_1|LysR_substrate,2.A.102
9.B.18,GT2
9.B.97,Sigma70_r2|Sigma70_r4_2,AA6
2.A.21,GH25
1.B.4,GcrA,GT0,8.A.3,2.A.102,Aminotran_1_2,GH15
9.B.14,9.B.14,2.A.72,3.A.1,3.A.1,9.B.34,GH23
3.A.5,GH103
2.A.1,AA3_2,GT14
2.A.33,GT2,2.A.102,GH1,1.B.14
GT28,2.A.103,9.B.146
2.A.64,GH3
3.A.1,3.D.10,9.B.153,GT4,Sigma70_r2|Sigma70_r4_2,1.A.14
2.A.1,1.A.46,GntR,GH51,GH43_26,GH142,1.B.42
2.A.6,2.A.6,3.A.5,GH108,1.E.54
2.A.109,GT51
3.D.4,3.D.4,3.D.4,3.D.4,PALP,9.B.34,1.B.52,GH23,2.A.21
GT51,8.A.5,1.B.14,1.B.14,GT4
1.A.30,1.A.104,Sigma70_r3|Sigma70_r2|Sigma70_r4,GT2,3.A.23,3.A.6,3.A.6,3.A.6,3.A.6,3.A.6
2.A.6,2.A.6,2.A.6,AA4
2.A.6,2.A.6,2.A.6,GT4,GT4
2.A.6,2.A.6,2.A.1,1.B.17,2.A.6,2.A.6,MerR,3.A.3,MerR,2.A.108,GH130
GT26,8.A.3
3.D.2,3.D.2,4.B.1,3.A.1,3.A.1,1.B.14,2.A.1,TetR_N,1.B.19,Pyr_redox_2,Aminotran_1_2,2.A.1,9.A.25,GH3,GH3,1.B.14,LacI|Peripla_BP_3,MerR,1.B.14,1.B.14
2.A.1,GH18|CE4|GT2,MarR,1.A.13
1.B.14,LacI|Peripla_BP_3,GH13,GH13_23,GH97,2.A.2
GH15,2.A.21
1.B.14,TetR_N,GntR,GH39,2.A.1,GH51
GH51,GH3,GH43_1,GH146,CBM51,GH95,GH43_10,GH43_12,GH43_29,LacI|Peripla_BP_3,GH43_11,2.A.1,GH141
2.A.6,2.A.6,2.A.6,4.F.1,2.A.2,IclR|HTH_IclR,1.B.14,CE12,GH28,GH35,GH105,GH115,2.A.2,GH159,GH53,GH43_18,2.A.21
1.B.14,GH13,GH13_23,TetR_N,AA2
2.A.1,GH2,GH28
2.A.1,GH55,SKI,GntR,2.A.8,GerE,GH35,2.A.1,1.B.14,IclR|HTH_IclR,GH29,GH31,GH1,LacI|Peripla_BP_3,2.A.1,1.B.14,GH3
2.A.1,GH3,GH3,GH67
2.A.3,GH27|CBM51,GH2,1.B.14
3.A.6,3.A.6,3.A.6,GH23,3.A.6,1.B.22,3.A.6,3.A.6,GH24,1.B.14,2.A.36,EAL,GGDEF,GH136,2.A.2,GH3,3.A.1,1.B.14,GH144,1.B.14
4.C.1,GT4,HTH_1|LysR_substrate,3.A.1,1.B.14
2.A.1,MarR,9.B.157,GH37,2.A.21,1.B.14,1.B.14,1.B.14
GT4,GT4,1.B.18,3.A.1,GT4
