3.A.1,GT2
GH20,PL12_2,3.A.9
GH33,GH89,2.A.38,2.A.38,3.D.4,GH33
1.B.42,CE4,3.A.15,3.A.15,3.A.11
2.A.21,ACT,2.A.114,8.A.28,GH36
1.B.23,9.A.8,FeoA,2.A.79,Aminotran_1_2,9.B.169,2.A.7,HTH_18,GH84
9.B.174,3.A.1,SpoIIE,GT4,9.B.97,GH77,Response_reg|Trans_reg_C,HisKA|HATPase_c,3.A.1,3.A.1,3.A.1
GT4,3.A.11
2.A.111,2.A.1,8.A.5,2.A.47,2.A.21,PfkB,HhH-GPD,GH16_3
3.A.12,GH20,3.A.15,3.A.15
GT28,8.A.3,3.A.1,3.A.1
3.D.1,3.D.1,3.D.1,3.D.1,3.D.1,3.D.1,3.D.1,3.D.1,3.D.1,3.D.1,AraC_N,GH33,TetR_N,2.A.6,2.A.6
3.A.9,GH16_3,1.A.23
3.D.10,3.D.10,3.D.10,GT2,GH29
8.A.28,Nitroreductase,2.A.28,GH20,GH20,3.A.7
GT25,HTH_3,1.A.35,4.C.1,GT28,2.A.103,9.B.146
PL8_2,9.B.124,9.B.124
GH2,2.A.16,3.A.1
GH29,CE9,TetR_N,2.A.7
3.A.1,2.A.6,GH33,GntR|Peripla_BP_3,9.B.160
3.A.1,2.A.115,GT0,GT25,3.D.1,3.D.1
3.A.6,GT14
3.A.2,3.A.2,3.A.2,3.A.2,GH37
9.B.18,2.A.21,CBM51|GH110,2.A.109,3.A.1,3.A.1,HATPase_c,GH20,GT10,2.A.6,2.A.6,2.A.81,2.A.6
GT2,GT8,GT2,GT2,Fer4,GT8,3.A.1
GT26,HD,1.B.23
3.A.5,9.B.157,GH2,2.A.45
GH36,3.D.10,1.A.62,GT8,GT2,GH0|CBM35
9.A.25,GT25
2.A.53,3.A.18,GH43_24
8.A.28,Aminotran_1_2,GH3,1.A.14,2.A.64,GH2,GH2,GH33,2.A.1
GH18,Fe_dep_repress|Fe_dep_repr_C,2.A.53
3.A.1,2.A.98,GH95,TetR_N,3.A.1,2.A.6,4.A.2
8.A.8,8.A.7,GH29
GH109,1.A.22
GH3,HisKA|HATPase_c,Response_reg|Trans_reg_C,3.A.3,3.A.3,3.A.3,1.B.71,2.A.9,CE11
1.I.1,GH115,3.A.9
CBM32|GH123,PL38,9.B.106
GH20,1.B.12
2.A.6,2.A.6,MarR,GH13_8,GH2,4.F.1,1.A.54,GH31,GT2,GT2,GT2,GT2,GT2,GT2,GT2,GT2,GT2
GT51,5.A.1,GH89,GH33,GH20,3.A.1,3.A.1
1.A.30,TPR_1,GT51
GH109,GH27,1.A.1,1.I.1,9.B.125
GH3,Glyoxalase,GH36,2.A.17
CBM51|GH110,FUR,3.A.1
2.A.49,9.A.8,FeoA,GH13_38
1.I.1,GT2
