9.B.160,LytTR,2.A.1,4.A.1,GH1,GH92,Peripla_BP_3|GntR,GH125,GH38,3.A.1,HTH_8,HTH_18|AraC_binding,3.A.1,3.A.1,GH31,3.A.1,3.A.1,SBP_bac_1,8.A.59,Response_reg|HTH_18,Pyr_redox_2,3.A.1,3.A.1
GH125,GH38,4.A.3
4.A.1,GH1,GH4,4.A.1,SIS|HTH_6,4.A.1,9.B.74,GntR,4.A.3,GH1,3.A.3,HMA,Crp|cNMP_binding,CtsR,3.A.9,SBP_bac_1,3.A.11
4.A.3,GH1
3.A.3,2.A.37,2.A.45,3.A.1,2.A.1,2.A.79,2.A.79,SIS|HTH_6,GH4,SIS|HTH_6,4.A.3,GH1,2.A.23
3.A.16,NUDIX,2.A.17,CE9,GntR,GH73
GT2,GT4,2.A.66,GT2,3.A.3
4.A.3,GH25,1.I.1,4.A.3,GH1,HTH_11,2.A.1,2.A.7,2.A.89,TetR_N,GT0,GT2,9.B.126,8.A.3,8.A.3,9.B.18,GT4,GT2
9.B.158,GH73|CBM50|CBM50|CBM50,2.A.3,HxlR,2.A.1
GT4,2.A.7,2.A.1,GntR,4.A.1,GH13_29,4.A.1,2.A.89,2.A.89
1.A.8,GH1,2.A.72
2.A.3,3.A.9,9.B.97,HTH_DeoR|DeoRC,PfkB,4.A.2,AAA,MarR,GH32,4.A.1,GH13_31,Peripla_BP_3|LacI,3.A.1
2.A.1,Pyr_redox_2,HTH_18,3.A.7,GH43_11,2.A.2,MarR,2.A.1,CHASE3,9.A.4,GT28,9.B.146
GT51,Arg_repressor,4.A.2,4.A.2
9.B.14,HTH_18|AraC_binding,GH43_11,2.A.1,3.A.1,Response_reg|GerE,HATPase_c,3.A.1
GH3,4.A.3
3.A.3,MerR,2.A.1,GT51,Peripla_BP_3|LacI,1.A.23
2.A.1,GH38,4.A.2,4.A.2,3.A.1,3.A.1,3.A.1,3.A.1,3.A.1,3.A.1,TetR_N|TetR_C,2.A.1,PadR,2.A.15,8.A.5
GT2|GT2,MerR,8.A.5,HTH_3,2.A.36,3.A.1,MarR,4.A.1,GH1,GH1
9.B.141,2.A.3,3.A.1,GT2,2.A.2
GT8|GT8,3.A.1,3.A.1,3.A.1,GH38,4.A.2,4.A.2,4.A.2,HTH_11|Mga,Mga,GH1,4.A.1
1.A.43,TrkA_C,MarR,3.A.1,3.A.1,2.A.3,GH65,3.A.1,GH13_31,CBM34|GH13_20,3.A.1,3.A.1,3.A.1
