GT51,9.B.10,PAS,1.A.30,1.A.30,2.C.1,TPR_2,5.A.1,1.B.14,3.A.1,3.A.1,3.A.1,HTH_5|Rhodanese,Pyr_redox_2,3.A.1,3.A.1,9.B.102,2.A.21,3.A.23
CBM48|GH13_9,2.A.4
3.A.16,9.B.1,1.A.33,GH133,GH13_10
2.A.38,2.A.38,2.A.5,TrkA_C,GntR,AA3_2,3.A.1,1.B.13,1.I.1,9.B.34
GT5,9.B.14,2.A.56,HisKA|dCache_2|HATPase_c,3.A.23,2.A.96
GT35,2.A.86,3.D.2
1.A.35,GH13_26,GH57,GH13_10,GH13_16,GH13_3,CBM50,9.B.1
2.A.25,3.A.11,GH102
2.A.1,2.A.86,cNMP_binding,GH77,2.A.115
2.A.53,AA6,3.A.1
GH23,3.A.1,CbiA,1.A.30
3.A.23,TPR_2,9.B.18,1.B.18,8.A.3,9.B.42,GT4
3.A.1,3.A.1,GT4,GT9,GT4,GT4,PL0
1.B.6,GT4,1.A.23
2.A.21,2.A.69,HD,GAF|GGDEF|EAL,GT35,9.B.42,2.A.6,2.A.6,3.A.1,3.A.1
8.A.7,3.A.2,1.A.77,3.A.2,3.A.2,GH65
GH23,3.D.10
GT4,SIS,GT9,GT9,GT30,3.A.1,GT19
9.A.8,FUR,5.A.1,5.A.1,3.A.23,HisKA|HATPase_c,GT2
3.A.1,2.A.1,HTH_5,HTH_1,3.A.1,3.A.1,2.A.59,2.A.119,HTH_5,2.A.47,3.A.23,2.A.21,2.A.21,HTH_3,9.B.34,GH23,1.B.52,3.A.23,2.A.21,CBS,2.A.19
GH3,2.A.49
CE11,2.A.21,3.A.23
GT28,2.A.103,Pyr_redox,9.B.146
1.C.113,GT2,CE4|GH153,1.B.55,2.A.7
GH13,GT5,2.A.38,2.A.38
2.A.6,2.A.6,2.A.6,SpoIIE,Response_reg,3.A.9,3.A.23,GH103,3.A.1,3.A.1,3.A.1,dCache_1|PAS|HisKA|HATPase_c,Response_reg|Trans_reg_C,1.B.52,1.B.52,1.B.52,5.A.3,3.D.7,3.D.7,3.A.23
3.B.1,ACT,GT20
GH65,2.A.1
