9.B.146,2.A.103,GT28
CE11,1.A.34,3.A.5
9.A.40,2.A.38,GT51,3.A.11,1.B.22
2.A.6,GT30,PfkB,3.A.18
GT4,GT9,9.B.27,9.B.153
GT4,GT4,GT4,9.B.146,3.D.10,3.D.10,3.D.10,Sigma70_r4_2|Sigma70_r2,RseA_N,9.B.160
CBM48|GH13_9,GH77,1.A.34
GH13_3,3.A.1,3.A.1,3.A.1
3.A.1,3.A.1,GH3,3.A.1,GT2,GT2,GT2
GT2,3.A.6,3.A.6,3.A.6,3.A.6,3.A.6,3.A.6,3.A.5,CbiA,Sigma70_r4|Sigma70_r2|Sigma70_r3,2.A.109,1.A.23
2.A.86,2.A.72,GH15,1.B.6,9.B.10
9.B.153,2.A.1,3.A.1,3.A.1,GT2,GT2,GT2,GT4,5.A.3
1.A.26,HTH_1|LysR_substrate,3.A.1,9.B.1,2.A.6,2.A.6,GH133,GH0,1.B.14,3.A.1,8.A.1
GT1,3.A.1,3.A.1,3.A.1,3.A.1
9.B.34,Response_reg,HisKA|HATPase_c|PAS|dCache_1,Aminotran_1_2,GT19,2.A.6
9.B.126,8.A.21,8.A.21,Response_reg|GerE,cNMP_binding|Crp,2.A.53,HisKA|HATPase_c,3.A.23,TPR_2|AAA,GH15,9.B.34
2.A.1,GT4,GH0,8.A.7
9.B.62,2.A.6,2.A.6,2.A.6,3.A.1,3.A.1,3.A.3,2.A.6,GT4,2.A.62,1.B.14
5.A.1,GH15
3.A.1,3.A.1,1.A.30,1.A.30,GH13_16,GH13_3,4.C.1,1.B.33,1.B.33
CBM50,3.A.23,HisKA|HATPase_c,2.A.21
1.B.22,GT41,GT2,GT4
GT4,3.A.1
1.A.30,1.A.23,2.A.7,2.A.56,2.A.4,9.B.102,GT9,GT4
8.A.59,EAL|GGDEF,3.A.12,3.D.2,Pyr_redox_2,9.B.1,Fer4,CBM50,HATPase_c,9.B.34,HTH_1|LysR_substrate,3.A.24
GT2,TPR_2|TPR_1,9.B.42,2.A.66,GT4,9.B.18
3.A.3,HMA,MerR,GH0
GT4,3.A.15,3.A.11,3.A.15,2.A.25,1.B.76
2.A.6,2.A.6,TetR_N,GH73
3.A.7,3.A.11,CBM50,HisKA|HATPase_c,3.A.23,2.A.38,2.A.1,9.B.36
2.A.64,2.A.64,2.A.3,2.A.37,CbiA,GT4,GT4,PfkB,SIS,3.A.2,3.A.2,3.A.2,3.A.2,3.A.2,3.A.2,CbiA,1.C.39,2.A.9
