3.A.1,8.A.1,GT2,CE4|GH153,1.B.55,GerE,2.A.66,2.A.3,GGDEF,CBM32,GH37,PALP,GH18|CBM5
1.B.14,GT5,GH13_3|GH13_3,GH13_16,CBM48|GH13_9,CBM48|GH13_11,GH13_10,GH77,GH13_26,2.A.1,9.B.153,3.A.23
4.C.1,2.A.66,GH5_5,3.A.15,3.A.15,3.A.15,1.B.22,CE8,MerR,2.A.7
2.A.55,GH135,2.A.49,HTH_1|LysR_substrate,3.A.1,3.A.1,3.A.1,3.A.1,3.A.1,3.A.23,2.A.21,2.A.1
9.A.21,3.A.15,LacI|Peripla_BP_3,4.A.1,GH32,1.B.3,4.A.1,PfkB,2.A.1,2.A.7,GH0,HTH_1|LysR_substrate,4.C.1,3.D.10,HTH_1|LysR_substrate,2.A.1
3.D.4,3.D.4,MarR,GH103
3.D.4,9.B.34,2.A.6,2.A.6,2.A.6,8.A.1,Response_reg|Trans_reg_C,HATPase_c|HisKA,GT83,GerE,2.A.8,HTH_6|SIS,PfkB,3.A.1,3.A.1
1.B.18,8.A.3,GT0,2.A.66,PL12,GT4,9.B.18,9.B.18,9.B.104,HTH_1|LysR_substrate,2.A.23,3.D.4,3.D.4,2.A.1
3.A.1,GH15,MCPsignal,9.B.20
3.A.12,GH28,1.B.22,HTH_18,3.A.6,3.A.6,3.A.6,3.A.6,3.A.6
1.A.25,GH23
2.A.1,GH28,2.A.1
4.C.1,4.C.1,3.A.1,Sigma70_r4_2|Sigma70_r2,9.B.97,GT9,3.A.23,2.A.52
2.A.55,9.B.34,3.A.23,1.A.23,GT0,GT2
9.B.34,9.B.34,Rhodanese,3.A.6,3.A.6,GT32
9.B.143,GH73
1.B.39,HMA,3.A.3,MerR,AA3_2,3.A.1,3.A.1,3.A.1,3.A.1,2.A.102
GH24,1.C.75,1.B.20
GH166,2.A.1,HTH_3,3.A.23
5.A.1,9.B.14,Sigma70_r4_2|Sigma70_r2,2.A.1,9.B.21,GT51,1.B.22,SKI,HD,1.B.39,GATase_2,Pyr_redox_2,3.A.1,3.A.1,3.A.1,3.A.1,STAS,3.A.1,3.A.1
2.A.64,3.A.1,3.A.1,HATPase_c|HisKA,Response_reg|Trans_reg_C,SBP_bac_1,1.B.1,1.A.22,3.D.3,3.E.2,3.D.3,1.A.12,HATPase_c|HisKA,1.B.14,1.B.14,FecR,Sigma70_r4_2|Sigma70_r2,3.D.4,3.D.4,3.D.4,3.D.4,3.A.1,GT2
9.B.146,2.A.103,GT28
CE11,1.A.34,3.A.5
GH23,2.A.95,Pribosyltran,3.A.5,9.B.14,2.A.21,3.A.23,2.A.7
GT51,PL3_1,1.A.35
9.A.40,GH166,GT4,2.A.66,Pyr_redox,3.A.1,3.A.1,3.A.1,3.A.1,3.A.1
3.A.1,3.A.1,3.A.1,3.A.1,3.A.1,HTH_1|LysR_substrate,GH114
9.B.67,GT2,GT2,GT2,3.A.1
CE4,2.A.40,GntR,9.B.35,9.B.43,GntR,2.A.1,2.A.7,1.B.1,3.A.1,3.A.1,3.A.1,3.A.1,GntR,2.A.106
3.A.1,HTH_1,3.A.1,2.A.76,TetR_N,GT4
GH23,4.C.1,2.A.76,9.A.55,3.A.16,3.A.1,3.A.1,3.A.1,3.A.1
4.C.1,3.A.1,3.A.1,3.A.1,GH28,2.A.3,2.A.3
2.A.7,8.A.21,8.A.7,GT19,1.B.33
GT83,2.A.7,GT2
1.A.14,Sigma70_r3|Sigma70_r4|Sigma70_r2,CBM50,TetR_N,3.A.1,3.A.1,SBP_bac_3,HTH_1|LysR_substrate,1.B.4
1.B.1,1.B.1,GH31,2.A.1
4.F.1,GT104,GH3
2.A.7,Aminotran_1_2,MASE1,2.A.14,GH23,HATPase_c,3.A.1,3.A.1,1.I.1,2.A.109
3.A.1,3.A.1,3.A.1,GH103
1.B.20,GH24
CBM63,HxlR,2.A.76
4.C.1,TPR_2,Hemerythrin,peroxidase,9.B.121,GH3
2.A.6,GT30,GT9
2.A.7,GT9
4.C.1,SKI,9.B.102,9.B.102,GT2
2.A.6,CE4
AA3_2,3.A.1
1.E.40,GH23,HD,3.A.1
2.A.21,2.A.76,CBM50,3.A.11,3.A.7,HTH_1|LysR_substrate,4.C.1,2.A.103,9.B.157,9.B.157
