3.A.1,GT41,GT2,GT2,Aminotran_1_2,GT2,GT2
9.B.20,TPR_2|TPR_1,3.A.1,3.A.1,3.A.1,GH15
GT0,GT2,GT4,GT4,GT4,GT4,GT4,GT4,GT4,CBM13|CBM13,GT4,GT2|CE4,HTH_18,3.A.1
GT2,GT2,GH136,GT2,GT2,GT2,3.A.1,3.A.1,GT2,GH136
4.C.1,3.A.1,3.A.1,3.A.1,3.D.4,3.D.4,Pyr_redox_2,GH2
GH1,GH0|GT4,2.A.1,4.C.1,2.A.19
GT4,4.C.1,4.C.1,4.C.1,GT2,GT4,GT4,3.A.1,3.A.1
GH0|CBM35,2.A.21,Response_reg|Pyr_redox_2,STAS,CBM48|GH13_11,9.A.61
9.B.176,GH31
9.B.106,3.A.5,9.B.150,FHA,9.B.149,1.A.23,8.A.59,B12-binding,3.A.3,GT2,9.B.106
3.A.1,Sigma70_r4_2|Sigma70_r2,GT2
3.A.16,HTH_1|LysR_substrate,GT2
CE3,2.A.36
GH3,9.B.122
1.A.25,GT4
2.A.66,GT4,9.B.18,GT2,GH5_8,3.A.25
CE16,1.A.35
GT4,GH0,8.A.28
2.A.37,LysR_substrate,2.A.2,Rhodanese,Glyoxalase,GT2,PadR,GH13_11,2.A.21,3.A.1,3.A.1,3.A.1,3.A.1,3.A.1,3.A.1,3.A.1,3.A.1,CheW,H-kinase_dim|HATPase_c|Response_reg|CheW,1.B.52,1.B.52
3.A.1,3.A.1,3.A.1,GH77
2.A.21,5.A.1,5.A.1,GT39,3.A.1,GAF|Pkinase|PAS,HATPase_c|HisKA|Response_reg|GAF|PAS,9.B.34,2.A.21,Response_reg,Peptidase_M23,9.A.25,GT2,1.E.43
3.A.11,1.I.1,GH116,GT51
CBM48|GH13_9,3.D.10,1.C.109
GH57,9.A.61,GH73,3.A.1,2.A.109,9.B.51,2.A.77,2.A.77,HTH_1|LysR_substrate,3.A.1
CBM26|GH13_42,HATPase_c|HisKA|Response_reg|CHASE|GAF|PAS,9.B.34,3.D.4,3.D.4
2.A.114,GerE|Response_reg,GT4
2.A.103,3.A.1,GT2
9.B.97,GH57,HATPase_c|HisKA,9.A.24
3.A.1,3.A.1,1.B.23,1.B.23,HATPase_c|HisKA,Trans_reg_C|Response_reg,GT2,CbiA,2.A.103
3.A.1,GT2|CE4,CBS,GT4
GT4,GT4,3.D.2,3.D.2,3.D.2
GT83,2.A.21,3.A.1,3.A.1,SBP_bac_3,2.A.53
GT2,GT2,9.B.102,GT81,GT4,GT4,9.B.160
GT4,2.A.38,2.A.38
3.A.1,GT1
9.B.174,3.A.15,GT35
3.A.16,GH13
4.A.2,SBP_bac_3,HATPase_c|HisKA,HATPase_c|HisKA|Response_reg|PAS,9.B.27,CE4,Sigma70_r4|Sigma70_r3|Sigma70_r2,GT2,SpoIIE,3.A.1,3.A.1,9.B.142
GT5,1.A.1,9.A.40,HATPase_c|HisKA|Response_reg|PAS,3.A.1
1.E.43,GT2,9.B.142
GT4,3.A.1
1.B.23,3.A.1,GT60
1.A.23,2.A.49,9.B.34,Response_reg,HATPase_c|GAF|HisKA|PAS,1.E.43,CBM48|GH13_9,3.D.1,3.D.1
2.A.21,GT41,GT41
3.A.3,1.I.1,1.I.1,TPR_1,GT2|GT2,GT2,GT4,3.A.1,3.A.1
GT2,GT4,GT4,CBS|HATPase_c|HisKA|Response_reg|GAF|PAS,9.B.34,3.D.10,9.B.1,9.B.34,3.A.1
GT51,2.A.106,2.A.106
1.A.13,GH133
GT19,3.A.1
CBM48|GH13_11,3.A.15
2.A.51,TPR_2|TPR_1,TPR_1,GH38
2.A.6,2.A.6,GT2,Sigma70_r4|Sigma70_r3|Sigma70_r2,3.A.11
3.A.1,3.A.1,3.A.1,GT0
9.B.142,GGDEF|EAL|FHA,3.A.1,GT4,3.A.1,3.A.1,GT2,9.A.25,9.B.142
9.B.160,3.E.2,GT26
1.A.23,GT2,3.A.1,8.A.3
GT4,GT2,9.B.18,9.B.27,GerE|Response_reg|B12-binding,3.A.1,2.A.1,1.A.23,AAA,FHA,3.A.3,B12-binding,9.B.31,2.A.4,9.B.34,HATPase_c|dCache_1|HisKA|Response_reg|PAS,GT0,3.A.2
CE11,1.B.33,3.A.1
3.A.1,3.A.1,HTH_IclR,5.B.4,1.A.11,2.A.47,3.A.3,1.A.33,3.A.7,GT4,9.B.18
GT4,8.A.5,3.D.1
GT4,TPR_2,3.D.10,GH57
GH160,5.A.1,3.A.1
GT2,9.B.34,3.D.2,3.D.2
3.A.1,GH23
3.A.11,CBM50
GH10,5.B.4,5.B.4,5.B.4,5.B.4
2.A.1,Pkinase,GH63,GH13_10
GT1,2.A.19
GT28,GT0,3.A.1,SBP_bac_3,3.A.1,3.A.1,9.B.34
3.A.16,PALP,1.B.42,3.A.1,3.A.1,3.A.1,GT4,GT4,GT4,GT4,GT2
2.A.6,Response_reg,Fer4,3.A.1,GT2
GT28,GH1,3.D.1
