GH3,GH5_19,LacI|Peripla_BP_3,3.A.1,3.A.1,SBP_bac_1,2.A.1
3.A.1,3.A.1,3.A.1,3.A.1,IclR|HTH_IclR,GH65,GH3,LacI|Peripla_BP_3,GH158|CBM32
GH19,AA10,2.A.37
GT9,GT0,GT4,SIS,PfkB,GT9,GT2,Sigma70_r2|Sigma70_r3|Sigma70_r4,2.A.1,TetR_N|TetR_C,GH19
8.A.5,GT28,2.A.7,CE4,3.A.1
2.A.1,9.B.106,TetR_N,GH3,3.A.1,3.A.1,3.A.1
4.C.1,GH25,2.A.1
3.A.1,GT2,2.A.4
CBM6,3.A.1,3.A.1,3.A.1,MarR,2.A.28,LysR_substrate|HTH_1,2.A.25,4.C.1
4.C.1,GH2,3.A.1,3.A.1
3.D.4,GH32,LacI|Peripla_BP_3,GH32,2.A.1
1.A.23,MarR,GH13_11,FHA,GH13_10
GT83,2.A.3,3.A.1,3.A.1,3.A.1,HTH_IclR,3.A.1,3.A.1,3.A.1
2.A.14,GntR,AsnC_trans_reg|TrmB,GH114,GH19,GerE|Response_reg,HATPase_c|GAF,3.D.4,TetR_N,2.A.1,3.A.1,3.A.1,3.A.1
CBM32|GH55,3.A.3,GH87,TetR_N,2.A.1,CBM6,Peripla_BP_1,3.A.1,3.A.1
9.B.10,GH13_30,3.A.1,3.A.1,SBP_bac_1,LacI|Peripla_BP_3,2.A.21
GH18,3.A.1,3.A.1,3.A.1
CBM48|GH13_11,3.A.1,3.A.1,3.A.1,GT35,GH13_3,GH13_16,CBM48|GH13_9
CBM2|GH18,CBM2|GH18,3.A.2,3.A.2,3.A.2,3.A.2,1.A.77,9.B.146
GH25,CE4,AAA,2.A.1,TetR_N,Sigma70_r2|Sigma70_r4_2,3.A.1
GH3,3.A.1,3.A.1,3.A.1,GntR,2.A.114
3.A.25,GH135,GT4
3.A.1,3.A.1,3.A.1,3.A.1,GH2|CBM42,Peripla_BP_2,CE14,8.A.51,3.A.1,3.A.1,3.A.1,3.A.1,3.A.1,3.A.1,3.A.1,3.A.1,3.A.1,3.A.1,3.A.1
3.A.1,3.A.1,3.A.1,IclR|HTH_IclR,HTH_18,cNMP_binding,AA10,GT2,AA5,GH6
2.A.1,3.A.1,GT51,2.A.7,2.A.1,4.A.1,4.A.1
GH20,3.A.1,3.A.1
CE4|GT2,LysR_substrate|HTH_1,9.B.174,3.A.1,9.B.106,9.B.106,FHA,3.A.1,3.A.1,3.A.1,GT2,GT4,GT2,GT2,9.B.97
2.A.14,GT2
2.A.17,GT28
2.A.3,GH1,3.A.1,3.A.1,3.A.1
9.B.106,CBM13,LysR_substrate|HTH_1,8.A.5
2.A.21,GerE|Response_reg,3.A.1,GH84,GT39
2.A.1,TetR_N|TetR_C,GT87
3.A.1,SIS,CE9,MerR,AA10
9.B.105,GH23
2.A.66,HD,2.A.1,PadR,GT51
CBM51,TetR_N,Pyr_redox_2,SpoIIE,2.A.1
3.A.1,GT51,Whib,2.A.59,NUDIX,1.A.1,HhH-GPD,NUDIX,9.B.160,2.A.33,2.A.53,CbiA,CbiA,9.A.47
AA3,3.A.1,3.A.1,Glyoxalase,GH1,3.A.1,3.A.1,3.A.1,CE7,3.A.1
3.D.10,3.D.10,GH20,CE1,HTH_5,GT2,Sigma70_r2|Sigma70_r4_2,2.A.76,GT2
3.A.1,3.A.1,CE14
1.C.113,Aminotran_1_2,CBM12|CBM13,CBM12
2.A.55,GH18,Response_reg|CbiA,9.A.47
2.A.1,1.A.78,8.A.5,2.A.86,LysR_substrate|HTH_1,3.A.1,PadR,GT51,SpoIIE,CBM13
GH1,3.A.1,3.A.1,3.A.1
2.A.4,2.A.21,Glyoxalase,3.A.1,GH3,3.A.7,Citrate_synt,3.A.3
GH4,MarR,1.A.23,CE1,GH84|CBM32
GT87,3.A.11
GT1,TetR_N,GH4,PfkB,CBM13,9.A.40
GH0,GH63,4.A.2,2.A.102
9.B.157,2.A.1,MarR,2.A.121,TetR_N,GH3
2.A.1,GT87,3.A.1,3.A.1,GT4,GH0,9.B.179,2.A.1,2.A.1,GerE|Response_reg,HATPase_c,3.A.1
3.A.1,3.A.1,3.A.1,GH13_30,LacI|Peripla_BP_3,GH13_32|CBM20,GH13_13
GT4,4.C.1
9.B.146,2.A.103,GT28
2.A.89,GATase_2,Pyr_redox_2,GH46,CSD,1.I.1,3.A.9
3.A.1,3.A.1,3.A.1,3.D.1,GH23,PL31,TPR_2,2.A.118
1.C.109,GT4,HTH_8,GH15,CbiA,NUDIX,3.D.2
GT4,HTH_11,GT76,2.A.1,3.A.1,3.A.1,3.A.1,1.A.6,AA10,GntR,AAA,GH0
CE4,GT2,GT2,9.B.106
CBM32,TetR_N,3.A.1,4.C.1,TetR_N,9.B.51
4.F.1,GT4
4.B.1,3.A.24,GH18,AsnC_trans_reg|HTH_11,GT2,2.A.1,2.A.115
GH31,8.A.7,4.A.1
1.A.1,3.A.1,3.A.1,3.A.1,GH1,9.B.1
2.A.69,8.A.5,Sigma70_r2|Sigma70_r4_2,3.A.1,GH10|CBM13,CBM13|GH62,TetR_N,3.A.1,9.B.110,GH23|CBM50,2.A.7
2.A.21,9.B.33,HxlR,Sigma70_r2|Sigma70_r4,CE4,9.B.34,LysR_substrate|HTH_1,3.D.10,3.D.10,3.D.10,3.A.1
3.A.1,3.A.1,3.A.1,3.A.1,3.A.1,3.A.1,3.A.1,GntR,CE7,GH33
3.A.1,4.C.1,Aminotran_1_2,GT1
