GH106,2.A.1,1.I.1
GH1,3.A.1,3.A.1,3.A.1,Peripla_BP_3|LacI,3.A.1,3.A.1
GH29|CBM32|CBM13,3.A.1,3.A.1
2.A.1,Glyoxalase,CE14
GH43_17,PfkB,GH95,2.A.3,HTH_IclR|IclR,SBP_bac_3,3.A.1,3.A.1,3.A.1,PfkB,GH43_22|GH43_34,Trans_reg_C|BTAD,HxlR,3.A.1,3.A.1,3.A.1,3.A.1
GH32,SBP_bac_1,3.A.1
3.A.1,MarR,Sigma70_r3|Sigma70_r2|Sigma70_r4,CBM48|GH13_11,GH13_3,GH13_16,CBM48|GH13_9,4.C.1
2.A.21,GerE,GH95,GH27|CBM35
2.A.1,TetR_C,GH26|GT2,GH136,Aminotran_1_2|EAL|PAS|GGDEF,GH15
3.A.1,3.A.1,3.A.1,GH13_30,GH0,PL3_4,GH12
2.A.1,GH2,GH74,CBM63,CBM13,CBM32|GH53,GH43_37|CBM35,PL9,CE12,CE12,GH53,4.C.1,HTH_3,Pyr_redox_2,9.B.106,SBP_bac_5,3.A.1
GH136,Peripla_BP_3|LacI,3.A.1,3.A.1
GH15,4.C.1,4.C.1,4.C.1
GT87,2.A.3,GntR,1.A.43,1.A.43,GH42
GH29,2.A.39
GH53,GH30_5|CBM13,GH146,GH127,3.A.1,3.A.1,SBP_bac_1,Peripla_BP_3|LacI,GH121,CBM13|GH43_26,GT1,2.A.1
GT2,3.A.24
GH15,3.A.3,3.A.1,3.A.1
2.A.80,2.A.80,CE4|GT2,2.A.1,CE2|CE2,Pyr_redox,3.A.1,3.A.1
GH106,2.A.1,GntR,3.A.1,3.A.1,3.A.1,3.A.1,3.A.1
GH51,Peripla_BP_3|LacI,3.A.1,PadR,2.A.1,HTH_3,3.A.1
GH39|CBM35,MarR,2.A.85
2.A.40,HTH_5,CE1|CBM2,PL3_4,GT39
2.A.85,MarR|AsnC_trans_reg,AA7,GerE,GH146
GH115,GerE,GH5_8|CBM2,GH13,GH0,3.B.1,2.A.1,GntR,2.A.1
3.A.9,Peripla_BP_3|LacI,3.A.1,3.A.1,3.A.1,GH3
4.C.1,4.C.1,3.A.1,3.A.1,2.A.1,TetR_N|TetR_C,3.A.1,3.A.1,3.A.1,B12-binding,GH63,3.A.1,3.A.1,Peripla_BP_3|LacI,GH39|CBM35
GH10,3.A.1,3.A.1,3.A.1,GH43_12,TOBE|MerR,SBP_bac_1,3.A.1,3.A.1
4.A.1,8.A.7,GntR|Aminotran_1_2,GH31,NUDIX,CBS|EAL|GGDEF,1.A.8
2.A.3,GntR,2.A.1,GT4,GT4,GntR|Aminotran_1_2,2.A.115,2.A.1,GT2,HTH_IclR|AsnC_trans_reg,GH18,TetR_N,3.A.24,9.A.40,9.A.40,4.B.1,HTH_11,2.A.40,GH6,2.A.1,AsnC_trans_reg,2.A.3
GT4,4.F.1
PL26,3.A.1,3.A.1,3.A.1
3.A.1,3.A.1,3.A.1,GyrI-like|HTH_18,GH51,GntR|Aminotran_1_2,2.A.7
2.A.3,2.A.7,NUDIX,9.B.51,TetR_N,4.C.1,CBM32
3.A.1,3.A.1,Sigma70_r2|Sigma70_r4_2,TPR_2,2.A.113,Pkinase,GT2,GT2,CE4,GH0
1.A.6,3.A.1,3.A.1,2.A.1,GT76
3.D.2,NUDIX,CbiA,GH15,HTH_8,GT4,1.C.109,3.A.1,3.A.1,3.A.1,3.A.1
3.A.1,Glyoxalase,GH25,2.A.20,9.B.125
2.A.40,Sigma70_r2|Sigma70_r4_2,PL3_4,PL9_3,GH43_22|GH43_34,PL9_3,PL1_6,CE8,CE8,PL1_6,CE12,SBP_bac_1,PL1|CE8,GH43_10,PL1_6,3.A.1,3.A.1,GntR,2.A.1,DeoRC|HTH_DeoR,3.A.1,3.A.1,3.A.1,TetR_N,3.A.1,3.A.1
2.A.7,CBM42,3.A.1,HTH_5,3.A.1,3.A.1
GH23,3.D.1,3.A.1,3.A.1,3.A.1,3.A.1
GT28,2.A.103,Pyr_redox,9.B.146
4.C.1,GT4
GH13_13|CBM41|CBM41|GH13_13,GH30_7,GH13_32,GH13_30,3.A.1,3.A.1,3.A.1
GH35,3.A.1,3.A.1
2.A.1,2.A.1,9.B.179,GH0,GT4
GH3,TetR_N,LysR_substrate|HTH_1,2.A.121
3.A.1,3.A.1,3.A.1,Aminotran_1_2,GH43_26|CBM13,GH43_5
GH35,GH51,GH43_5,3.A.1,3.A.1
GH5,CBM63,PL7_3,Pkinase,9.B.169,GerE|Response_reg,3.A.1,9.B.169,2.A.1,3.A.1,3.A.1,Trans_reg_C|Response_reg,HATPase_c|HisKA,2.A.6,3.A.1,3.A.1,Sigma70_r3|Sigma70_r2|Sigma70_r4,Pyr_redox_2,HD,9.B.114,3.D.1
2.A.76,2.A.53,2.A.53,Trans_reg_C|Response_reg,HATPase_c|HisKA,4.A.2,GH63,GH0,2.A.1,3.A.3,TetR_N,8.A.5,2.A.76,3.A.1,3.A.1
GH33,GerE|Response_reg,HATPase_c,2.A.6,GH1,2.A.1,HTH_3,1.A.11,9.A.40
GH77,Sigma70_r2|Sigma70_r4_2,3.A.1,1.A.23,MarR,3.A.1,3.A.1,3.A.1,GH4
GT4,9.B.18,2.A.66,GT4,8.A.3,GH0
4.C.1,GT89,3.A.1
2.A.1,EPSP_synthase,GH3,3.A.1,GT83,2.A.21
3.A.1,3.A.1,3.A.1,GH1
3.A.1,3.A.1,HTH_IclR|IclR,AA10,GntR,GT2
3.A.1,3.A.1,AA3
2.A.1,MerR,CBM13
2.A.7,HxlR,CBM12,3.A.1,2.A.17,GH23,Peripla_BP_3|LacI,3.A.1,3.A.1,3.A.1,GH53,2.A.16,3.D.1,3.D.1,3.D.1,3.D.1,3.D.1,3.D.1,3.D.1,3.D.1,3.D.1,3.D.1,3.D.1,3.D.1,3.D.1,3.D.1
GH18|CBM2,1.A.87,CSD,HTH_3,2.A.78,2.A.78
2.A.1,3.A.1,3.A.1,9.B.106,TetR_N,GH92
3.A.9,Trans_reg_C|BTAD|TPR_2,GT2
CBM42,GH10|CBM13|GH62,CBM13|GH74,9.B.106
2.A.66,CE4
PL1_6,2.A.1
2.A.66,HD,2.A.1,PadR,GT51
GT83,2.A.1
CBM51,TetR_N,Pyr_redox_2,SpoIIE,2.A.1
1.E.43,GH23
2.A.20,3.A.1,3.A.1,3.A.1,3.A.1,NUDIX,3.A.1,GntR,Sigma70_r2|Sigma70_r4_2,3.A.1,3.A.1,GntR,TPR_4,3.A.25,PL1|CE8
9.B.34,PfkB,CE9,3.A.1,GT20,GT81
3.A.1,3.A.1,GH5_1|CBM2,2.A.7
3.A.1,3.A.1,3.A.1,3.A.1,3.A.1,3.A.1,GH43_22|CBM42
2.A.7,3.A.1,3.A.1,GT39
2.A.21,GH39,2.A.1,3.A.1,3.A.1,9.B.106,GH23|CBM50
GT2,2.A.14
GT2,GT2,GT2,3.A.1,3.A.1,3.A.1,FHA,9.B.106,9.B.106,3.A.1,9.B.174,GH3|CBM6,Peripla_BP_3|LacI,GH31,3.A.1,3.A.1,SBP_bac_1,LysR_substrate|HTH_1,CE4|GT2,2.A.1
3.A.1,3.A.1,GH20
2.A.7,GT51
3.D.10,3.D.10,GH20
3.A.1,3.A.1,CE14,GT2,GT2,TetR_N,2.A.1,1.C.113
CBM16|GH18,CbiA|Response_reg,9.A.47
2.A.86,3.A.1,PadR,GT51
3.D.10,3.A.1,3.A.1,3.A.1,3.A.1,3.A.1,3.A.1,3.A.1,3.A.1,3.A.1,3.A.1,3.A.1,8.A.51,CE14,3.A.1,3.A.1
3.A.1,3.A.1,3.A.1,3.A.1,GT4,GH135,3.A.25,2.A.1
2.A.21,2.A.114,GntR,3.A.1,3.A.1,3.A.1,GH3
9.B.146,1.A.77,3.A.2,3.A.2,3.A.2,CBM2|GH18
3.A.1,3.A.1,SBP_bac_1,HTH_IclR|Response_reg,HATPase_c|PAS,2.A.23,3.A.1,HTH_5,GT1,3.A.1,GT2|GT4,TetR_N,2.A.1,MarR,3.A.16,9.B.106,8.A.5
CBM48|GH13_9,GH13_16,GH13_3,GT35,1.B.77,3.A.1,3.A.1,3.A.1,3.A.1,3.A.1,HATPase_c,GerE|Response_reg,CBM48|GH13_11
GH25,4.C.1,2.A.1
CBM11|GH3,2.A.1,HTH_3,PL8,3.B.1
GH3,SBP_bac_1,3.A.1,3.A.1,GH74,GH42,GH95,GH12,GH31,Peripla_BP_3|LacI,1.I.1
GH0,NUDIX,3.A.1
GT2,GT2,3.A.1
GT4,AA10|CBM2,CE7,3.A.1,3.A.1,SBP_bac_1,GH42,GH67,CBM32|GH92,3.A.1,3.A.1,3.A.1,HTH_IclR,3.A.1,3.A.1,3.A.1,2.A.3,GT2,CBM3,Peripla_BP_3|LacI,GH2,SBP_bac_1,3.A.1,3.A.1
2.A.1,HTH_5,GH3,GH5_18,GH3,3.A.1,3.A.1,SBP_bac_1,GH38,HTH_6|SIS,SIS,GH84,2.A.1,3.A.1,3.A.1,3.A.1,3.A.1,GT2
3.A.1,3.A.1,3.A.1,3.A.1,HATPase_c,GH43_20|CBM42,3.A.1,3.A.1,3.A.1
3.A.3,AA10
3.A.1,3.A.1,SBP_bac_1,Trans_reg_C|Response_reg,HATPase_c|HisKA,GT1,2.A.6
2.A.7,Peripla_BP_3|LacI,GH43_11,3.A.1,3.A.1,SBP_bac_1,Peripla_BP_3|LacI,SBP_bac_1,3.A.1,3.A.1,GH28,Peripla_BP_3|LacI,2.A.3,GH43_26,GH43_24|CBM13,PL4_1,CE12,GH154,TetR_N,1.B.79,2.A.1,3.A.1,GH2,3.A.1,3.A.1,SBP_bac_1,CBM2
2.A.40,GT2,GH43_26|CBM42,GH43_26|CBM13,2.A.7
1.A.35,LysR_substrate|HTH_1,1.A.17,GerE,GAF|GerE,4.C.1,Peripla_BP_3|LacI,GH12|CBM2,GH3|CBM2,GH6|CBM3,AA10|CBM2
2.A.1,HTH_18,9.B.159,GH2|GH2,3.A.1,3.A.1,3.A.1,2.A.66,HTH_5,3.A.3
PL11,GH74|GH74|GH74|CBM2,CBM2|GH48,CBM2|GH6,GH75,4.C.1,LysR_substrate|HTH_1,2.A.28,GH33,LysR_substrate|HTH_1,3.D.1,3.D.1,3.D.1,Pyr_redox,GerE|Response_reg,2.A.6,GntR,3.A.1,3.A.1,3.A.1,CBM6,CBM13|CBM32|CBM6
3.A.1,2.A.1,4.F.1,GT4
GH16_3|CBM6,2.A.6
4.C.1,GH2,3.A.1,3.A.1,SBP_bac_1,DeoRC|HTH_DeoR,GH4,GH38,GH29
3.A.1,3.A.1,HTH_IclR,2.A.1,CBM32,9.A.36,2.A.7
2.A.4,GT2,3.A.1
GH23|CBM50,2.A.7,GT5,GH2
GH20,GH29,GntR,3.A.1,3.A.1,3.A.1
2.A.3,9.B.111,CE4
9.B.10,PL9_3
3.A.1,3.A.1,GH78,MarR,2.A.1
2.A.6,HTH_5,HATPase_c,GerE|Response_reg,CE1|CE1,CBM1,Peripla_BP_3|LacI,SBP_bac_1,3.A.1,3.A.1,GH42
GH36,Peripla_BP_3|LacI,3.A.1,3.A.1,CBM35,GntR,3.A.1,MarR,3.A.1,3.A.1,3.A.1,3.A.1,3.A.1,3.A.1,3.A.1,3.A.1,3.A.1,3.A.1
2.A.1,CBM67|GH78,3.A.1,3.A.1,3.A.1,3.A.1,GH145
8.A.5,HTH_18|AraC_binding,CBM13,GAF|SpoIIE|PAS,GH2,CBM4|GH9,3.A.1
GH5_43,MerR,GT1,TetR_N,GT1,2.A.1,3.A.1,3.A.1,3.A.1,3.A.1,3.A.1
GH65,2.A.52
2.A.1,9.A.61,GH30_5|CBM13,GH42,SBP_bac_1,3.A.1,3.A.1
GH65,2.A.53
4.C.1,CBM48|GH13_9,GH13_16,GH13_3,CBM48|GH13_11,Sigma70_r3|Sigma70_r2|Sigma70_r4,MarR,3.A.1
3.A.1,SBP_bac_1,GH32
3.A.1,3.A.1,3.A.1,3.A.1,HxlR,Trans_reg_C|BTAD,GH43_22|GH43_34,PfkB,3.A.1,3.A.1,3.A.1,SBP_bac_3,HTH_IclR|IclR,2.A.3,GH95,PfkB,GH43_17
CE14,Glyoxalase,2.A.1
3.A.1,3.A.1,GH29|CBM32|CBM13
3.A.1,3.A.1,Peripla_BP_3|LacI,3.A.1,3.A.1,3.A.1,GH1
1.I.1,2.A.1,GH106
