GT51,4.C.1
GH77,2.A.1
GH13_16,9.B.143,CE1,3.A.1,3.A.1
GH3,2.A.1,TetR_N,5.A.3,2.A.6,4.D.2,2.A.86,2.A.6
4.C.1,TetR_N,GT4
1.A.33,MarR,GH16_9,GH16_9,GT83,2.A.116
GH76,9.B.27,2.A.4
4.C.1,GT4
2.A.85,GH92,2.A.1
GT2,2.A.116,TetR_N,4.C.1
CE5,CE5,3.A.24,3.A.24,3.A.24
GH65,2.A.1
9.B.126,CE9,2.A.1,2.A.6
CE5,Pyr_redox_2,3.A.3,CBS,3.A.3
4.C.1,3.A.3,GT2
CBM48|GH13_11,PAS|GGDEF,8.A.5
GT35,2.A.7,1.A.33,2.A.114
2.A.6,MarR,GT1
4.C.1,GT1
3.A.12,4.F.1,HTH_3,GT1
1.B.77,4.F.1,GT4,NUDIX,9.B.96
3.A.1,3.A.1,3.D.10,STAS,CBM2
9.B.27,B12-binding,CbiA,GT1,GT1,GT1,GT1,GT1,GT1
GT2,3.A.1,2.A.6,2.A.6,8.A.35,2.A.1,4.C.1,4.C.1,4.C.1
GH13_10,GH13_26,GH13_11,9.B.97
3.A.1,2.A.1,GT83
GT4,4.C.1
CE5,TetR_N,TetR_N,3.A.18,4.C.1
GH77,3.A.24,3.A.24
AA3_2,2.A.76,9.B.10
2.A.108,2.A.108,2.A.108,TetR_N,GT1,3.A.24,2.A.39,CE4,3.A.1,3.A.1,3.A.1,SBP_bac_1,9.B.106
GT28,2.A.103,9.B.146,TetR_N,TetR_N,8.A.35,2.A.6
9.B.106,GT87,3.A.4,4.C.1,GT4,3.D.4,3.D.3,3.D.4
9.B.106,2.A.36,TetR_N,GT4
2.A.83,NIR_SIR|NIR_SIR_ferr,3.A.1,3.A.1,3.A.1,3.A.1,1.E.22,GH15
GH13_30,Pyr_redox_2,3.A.1,9.B.62,2.A.6
9.B.104,GT35,GH13_3,CBM48|GH13_9,Glyoxalase,8.A.59
1.A.35,3.A.1,3.A.1,3.A.1,3.A.1,CBS,GH23,3.A.1
3.A.1,9.B.110,GT5,HhH-GPD,GT81,4.C.1,2.A.1,4.C.1
2.A.98,2.A.116,2.A.6,2.A.3,Aminotran_1_2,Fer4,CE14
8.A.59,CE4,Aminotran_1_2,3.D.4,1.C.113,CE14
3.A.3,3.A.3,3.A.3,2.A.21,Trans_reg_C|Response_reg,GH23
9.B.18,GT0,GT4
GT39,cNMP_binding,GT26,SIS,8.A.5
GT20,3.A.1,3.A.1,3.A.1,3.A.1,3.A.1,4.C.1
2.A.109,GT2,GT2,AAA,8.A.59,3.A.7
3.A.1,GT2
GT85,GT53,Trans_reg_C|FHA|BTAD,GT53,GT53,FHA,1.A.1,3.B.1,CE5,CE1,CE1,GT89,GT2
GT9,GT9,3.A.24,3.A.24,3.A.24,3.A.24,3.A.24,3.A.24
