3.A.1,3.A.1,3.A.3,HTH_5,1.E.19,GH73,2.A.77,HTH_5,Penicillinase_R,HMA,3.A.3,HTH_5,3.A.3,3.A.7
GT81,3.A.1,3.A.1,3.A.1,TetR_N,CE4
3.A.1,3.A.1,3.A.1,3.A.1,Response_reg,dCache_1,2.A.24,2.A.49,AraC_binding|HTH_18,GH1,2.A.86
GT4,9.B.18,9.B.18,8.A.3,8.A.3
3.A.1,CE1,3.A.1,3.A.1,3.A.1,TPR_2,3.A.3,3.A.3,3.A.3
GT35,GH77,Peripla_BP_3|LacI,3.A.1,3.A.1,3.A.1,2.A.50,4.C.1,3.A.1,3.A.1,3.A.1
9.B.126,GntR|CBS,GH3
GH2,PfkB,2.A.2
1.I.1,CE4,8.A.7
3.A.1,3.A.1,3.A.1,3.A.1,GT8,GT4,3.A.5,3.A.5,3.A.5,3.A.5,3.A.5,Aminotran_1_2,1.B.42,3.A.1,3.A.1
CBM41|CBM41|GH13_12,GH13_31,3.A.1
3.A.14,Peptidase_M23,GT51,3.A.1,3.A.1,MarR,3.A.1,3.A.1,3.D.4,3.D.4,Pyr_redox_2,2.A.115
4.A.1,GH13_29
GT51,4.A.7,4.A.7,4.A.7
3.A.11,Peripla_BP_3|LacI,GH32,4.A.1,3.A.5,8.A.5
GH73,HTH_11,1.A.33
CE9,8.A.5
9.B.146,1.I.1,3.A.1,3.A.1,3.A.1,Pyr_redox_2,2.A.3,GT51
3.A.1,3.A.1,3.A.1,GH36,3.A.1,3.A.1,9.A.40,3.A.1,3.A.1,3.A.1,3.A.1,2.A.66,Pribosyltran,3.A.1,3.A.1,3.A.1,3.A.1,3.A.1
GH1,Mga|HTH_11,4.A.3,4.A.3,Peripla_BP_3|LacI,GH13_5,GT4,GT4,3.A.1
9.B.55,2.A.88,GH25,2.A.103
2.A.88,CBM41|GH13_14,CBM48|GH13_9,GT5,3.A.2,3.A.2,3.A.2,3.A.2
1.A.22,Sigma70_r3|Sigma70_r4|Sigma70_r2,GT4,GT2,GT2
2.A.66,GT4
4.A.2,GH73,GH73,3.A.1,3.A.1,3.A.1,2.A.6
