3.A.7,2.A.66,GT4,GT2,9.B.18,8.A.3
GH25,4.A.6,4.A.6,4.A.6,3.A.23,4.A.6,4.A.6
2.A.7,2.A.37,NUDIX,9.B.27,HTH_6,4.A.1,GH1
2.A.69,2.A.3,2.A.87,3.D.4,3.D.4,3.A.1,3.A.1,GH73,Pribosyltran,2.A.115
3.A.3,PadR,4.A.3,HTH_6|SIS,GH25,CSD,3.A.18
GT0,9.B.126,1.A.8,Pyr_redox,2.A.66,GT4,GT4,GT2,GT2
8.A.3,9.B.18,GT2,GT101
GT111,9.B.18
3.A.1,3.A.1,3.A.1,3.A.1,3.A.1,MarR,3.A.9,PTS-HPr,8.A.7,GT4,GT4
2.A.1,2.A.55,2.A.3,GT4,2.A.1
2.A.47,2.A.66,3.A.1,9.B.10,Aminotran_1_2|GntR,Aminotran_1_2,Arg_repressor,GT51,1.C.105
GT2,9.B.144
GT2,LysR_substrate|HTH_1,2.A.1
2.A.2,GH65,2.A.1
3.A.1,3.A.1,GT51
GT2,GH25,3.A.1
4.A.2,GT2,GT4,GT4,9.B.18,8.A.3,3.A.1,3.A.1
GH73|CBM50,Pribosyltran,3.A.7,TPR_2|TPR_1,2.A.38,2.A.38
9.A.4,GT28,9.B.146
3.A.1,3.A.1,CE4
3.A.1,GT4,3.A.1,2.A.7
2.A.7,GH73
CBM67|GH78,GH78,AraC_binding|HTH_18,2.A.1,2.A.7
3.A.1,3.A.1,4.A.4,4.A.4,HTH_11|Mga,PALP,GH1,GH1,4.A.3,4.A.3,GntR,GT2,2.A.7
2.A.3,MarR,8.A.5,LysR_substrate|HTH_1,3.A.1,GH25,9.B.120,2.A.23,3.A.1,2.A.88,2.A.37,2.A.1,2.A.1,2.A.98,LysR_substrate|HTH_1,GT4,GT4,3.A.1
4.A.3,4.A.3,GH1
2.A.1,9.B.10,Response_reg|LytTR,9.B.14,TetR_N,GH25,HxlR,TetR_N,8.A.5,2.A.1,TetR_N,Peripla_BP_2,3.A.1,3.A.1,3.A.1
4.A.7,4.A.5,LysR_substrate|HTH_1,GH1,4.A.1
2.A.36,AraC_binding,2.A.7,Peripla_BP_3|LacI,GH32,2.A.1,LysR_substrate|HTH_1,2.A.86
2.A.41,GT2,LysR_substrate|HTH_1,Aminotran_1_2,3.A.1,3.A.1,3.A.1,3.A.1,HTH_3,3.A.1
1.A.8,2.A.26,2.A.2,GH42
GH2,GH36,2.A.2,Peripla_BP_3|LacI,8.A.5,Pyr_redox_2,2.A.1,LysR_substrate|HTH_1,2.A.1,4.A.1,HTH_6|SIS,4.A.1,SIS,4.C.1
GH38,4.A.2,HTH_6|SIS,GH1,4.A.3,MarR,Aminotran_1_2,4.A.2,4.A.2,GH1,4.A.1,GH65,HTH_18,GH78,Peripla_BP_3|LacI,2.A.2,GH31,4.A.2,4.A.2,Mga,4.A.5,4.A.5,4.A.5
2.A.1,4.A.1,4.A.1,HTH_6|SIS,4.A.1,GH4,Bac_rhodopsin,4.A.1,GH4,Peripla_BP_3|LacI,GH13_31,GH1,GH38,GH125,Peripla_BP_3|GntR,GH92,3.A.1,Response_reg|HTH_18,9.B.33,GH13_31,SBP_bac_1,3.A.1,3.A.1,GH20,AraC_binding|HTH_18,3.A.1,3.A.1,Peripla_BP_3|GntR,HTH_8,4.A.3,2.A.7
GH31,2.A.2
3.A.7,GGDEF,2.A.1,3.A.1,CBM48|GH13_9,GT5,GT35,GH13_39,GH65
3.A.1,3.A.1,3.A.1,GntR,PadR,3.A.1,TetR_N,3.A.1,TetR_N,GH31,Peripla_BP_3|LacI,Peripla_BP_3|LacI,GH13_31,GH13,SBP_bac_1,3.A.1,3.A.1,3.A.1,GH65,GH85|CBM32,4.A.1,GH32,Peripla_BP_3|LacI,GH13_31,2.A.35,GH13_31,LysR_substrate|HTH_1,HTH_3,3.A.1,3.A.1,3.A.1,3.A.1,8.A.5,1.A.43,3.A.1,3.A.1,3.A.1
4.A.3,Aminotran_1_2,PALP,3.A.1,GntR,GH13_29,4.A.1,4.A.1,GT2
2.A.3,2.A.45,CE9,GntR,GT26,3.A.3
GH73,9.B.10
GH73,9.B.10
