2.A.81,9.B.51,PALP,2.A.8,HTH_1|LysR_substrate,GH5_25,2.A.1,2.A.7
2.A.1,2.A.1,2.A.1,4.A.3,GH1,4.A.3,4.A.3,LacI|Peripla_BP_3|Peripla_BP_1,3.A.1,2.A.7
3.A.17,GH31,2.A.40,2.A.27
GT30,GT4,GT8,GT8,GT8,GT9,GT2,9.B.67,GT9,GT9,Aminotran_1_2,GT2,1.A.34
2.A.1,GntR,2.A.14,4.A.2,9.B.32,8.A.1,9.B.32,8.A.1,HTH_1|LysR_substrate,9.B.99,GH127,2.A.2,HTH_18|AraC_binding,Fer4,Aminotran_1_2,GH13_19,GH73,HTH_18|Peripla_BP_3,9.B.44,9.B.97
5.A.3,5.A.3,5.A.3,GH37,5.B.3
2.A.6,GT2
2.A.8,2.A.95,CBM48|GH13_9,CBM48|GH13_11,GT5,GT35,Rhodanese,9.B.104,HTH_DeoR|DeoRC,GerE,GT35,GH77,2.A.8,9.A.8,9.A.8,9.A.8,Trans_reg_C|Response_reg,2.A.21,9.B.65,NUDIX,GT51
GT51,8.A.8,4.A.2,1.B.42,1.B.42,1.B.42,CBS|SIS,2.A.19,3.A.1,3.A.1,3.A.1,3.A.1,3.A.1
2.A.42,2.A.42,HTH_1|LysR_substrate,9.B.124,1.E.34,9.B.27,GntR,2.A.1,2.A.23,2.A.109,Pyr_redox_2,GH63,2.A.3,GH2,LacI|Peripla_BP_3,1.B.52
GH154,2.A.1,GH88
3.A.1,3.A.1,3.A.1,CBM48|GH13_9
GH0|GH104|GH19,GT2,GT4,3.A.1,3.A.1,GT2
9.B.120,2.A.1,GH23
GH1,HTH_6|SIS,1.C.113
CBM50,1.B.12,1.B.12,HTH_1|LysR_substrate,3.A.1,LacI|Peripla_BP_3,4.C.1,2.A.1,8.A.5,2.A.109,NUDIX,4.A.2
3.A.7,GH102
3.D.1,3.D.1,3.D.1,3.D.1,3.D.1,3.D.1,GH1,4.A.1,LacI|Peripla_BP_3,5.A.3,Pyr_redox_2,3.A.23,CBS|SIS,HTH_DeoR|DeoRC,4.A.4,4.A.4,4.A.4,GH103
GT4,GT4,2.A.53,Aminotran_1_2,2.A.35,HTH_18,3.A.23,PALP,2.A.1,2.A.1,CE9
1.E.43,1.E.56,GH19
4.A.1,GH23,HisKA|HATPase_c,3.A.23
1.E.56,GH19,1.A.23,9.B.209
GH1,Pribosyltran,2.A.40,2.A.86,9.A.5,9.B.156,ACT,1.B.33
2.A.102,2.A.1,9.B.27,9.B.160,Pribosyltran,GH127,2.A.2,LacI|Peripla_BP_3,3.A.1,3.A.1,3.A.1,3.A.1,3.A.1,1.A.12,NUDIX,2.A.118,2.A.47,HD,Aminotran_1_2,HTH_1|LysR_substrate,3.D.1,3.D.1,3.D.1,3.D.1,3.D.1,3.D.1,3.D.1,3.D.1,3.D.1,3.D.1,3.D.1,3.D.1,3.D.1
2.A.7,2.A.7,GT83,GT2,Aminotran_1_2,NUDIX,1.B.68,Fer4,2.A.1
2.A.1,3.A.1,3.A.1,3.A.1,3.A.1,EAL,3.A.7,GntR|Aminotran_1_2,5.A.3,5.A.3,2.A.1,4.A.2,PfkB,4.A.2,2.A.98,HTH_1|LysR_substrate,2.A.3,1.B.14,9.B.169,LacI|Peripla_BP_3,3.A.1,3.A.1,3.A.1,Fer4,Pyr_redox_2,9.B.114,2.A.122,1.E.14,1.B.17,9.B.27,9.B.29,GH3,3.A.1,3.A.1,3.A.1,3.A.1,MerR,9.B.33,LytTR|Response_reg,3.A.1,2.A.113
2.A.1,GT84|GH94
2.A.1,2.A.6,2.A.6,8.A.1,AlkA_N|HhH-GPD,9.B.34,9.B.22,2.A.109,1.B.18,8.A.3,GT2,GT4,GT2,NUDIX,GT4,9.B.18,2.A.66,GT4
5.B.1,Aminotran_1_2,2.A.66,GT2,GT2,GT4,GT4,9.B.18
GH24,1.M.1
5.A.2,2.A.34,GntR,Pyr_redox,2.A.36,GH23,1.E.43,GH37,4.A.2,1.B.11,1.B.12
2.A.86,GH3,2.A.1,2.A.1
2.A.23,CE0,GH4,4.A.3,4.A.3,4.A.3
GH3,1.B.14
CBM50,3.A.1,3.A.1,3.A.1
9.B.158,GH105,2.A.2,3.A.6,3.A.6,CheZ,Response_reg,CheB_methylest|Response_reg,CheR|CheR_N,1.B.52,2.A.23,CheW,1.A.30,1.A.30,FlhC,FlhD,GT20,3.A.1,3.A.1,3.A.1,2.A.1,2.A.42,HMA,1.A.72
GH19,1.E.56,1.E.43
GH13_5,9.B.102,3.A.6,3.A.6,3.A.6,3.A.6,3.A.6,3.A.6,3.A.6,3.A.6,GerE,2.A.7,HD,1.B.1
GT1,GT21,HTH_1|LysR_substrate,HTH_1|LysR_substrate,2.A.1,4.A.1
2.A.1,GH73
2.A.1,GT2
2.A.108,2.A.108,2.A.108,2.A.21,TetR_N,AA6,5.A.1,5.A.2,8.A.1,2.A.6,Aminotran_1_2,2.A.35,LacI|Peripla_BP_3,2.A.1,8.A.5,3.A.1,1.A.14
GT35,3.A.1,3.A.1,3.A.1,3.A.1
CE8,3.A.1,3.A.1,3.A.1,2.A.6,HTH_1|TOBE,3.A.1
3.A.23,4.A.6,4.A.6,4.A.6,4.A.6,1.B.25,4.A.1,CE9
1.B.10,2.A.6,2.A.6,3.A.5,CBM34|GH13_21,2.A.3,2.A.26,HATPase_c|HisKA|PAS,Trans_reg_C|Response_reg,2.A.1
GH2,2.A.1,4.C.1,Citrate_synt,3.A.23,2.A.76,9.B.34,Fer4,1.B.14
1.B.3,4.A.1,GH32
GH23,2.A.1,HTH_1|LysR_substrate,3.A.1,3.A.1,3.A.1
GT19,1.B.33
3.A.1,1.A.62,2.A.49,3.A.1,3.A.1,3.A.1,1.B.14,GT51
3.A.1,3.A.1,2.A.53,Pribosyltran,1.B.76,8.A.2,LacI|Peripla_BP_1,2.A.1,GH36
2.A.3,2.A.2,GH43_26,9.B.125,3.A.15,3.A.15,NUDIX,3.A.5,CE11,GT28,2.A.103,9.B.146
GH23,3.A.1,4.B.1
2.A.56,2.A.56,3.A.3,LacI|Peripla_BP_3,4.A.1,GH13_29
2.A.2,GH5_13,9.A.40
CBM50,2.A.25,1.A.23,2.A.3,3.D.10,3.D.10,2.A.7,GerE,9.B.13
1.B.25,5.A.3,MerR,CE11,HTH_18,3.A.3,MerR,MerR,3.A.3,2.A.4
2.A.13,2.A.2,GH4
9.B.21,HEM4,TPR_2,2.A.3,GT26,9.B.128,GT56,2.A.66,Aminotran_1_2,GT0,9.B.146,3.A.6,1.I.1
