8.A.5,LysR_substrate|HTH_1,AA10,3.A.1,3.A.1,2.A.1,LysR_substrate|HTH_1,1.B.14,3.A.1,GT1,2.A.1,LysR_substrate|HTH_1,2.A.1,SIS|HTH_6,PfkB,4.C.1
5.A.3,3.A.1,3.A.1,3.A.1,SBP_bac_1,3.A.1,GT81,1.B.54,Aminotran_1_2,GntR,3.A.1,3.A.1,3.A.1
2.A.20,2.A.1,1.B.14,LysR_substrate|HTH_1,2.A.1,2.A.2,PL22|PL22
2.A.37,CBS,GH31,2.A.1,Peripla_BP_3|LacI,1.B.33
2.A.76,2.A.1,2.A.42,HTH_AraC,GH1,4.A.1
2.A.40,9.B.35,3.A.1,3.A.1,3.A.1,3.A.1,SIS|HTH_6,3.A.9,4.A.3,4.A.3,GH4,4.A.3,CE4,GntR,2.A.39,GH23
2.A.6,GT2
GT19,1.B.33
GH102,3.A.7
4.A.2,NUDIX,8.A.5,2.A.1,4.C.1,5.A.3,Peripla_BP_3|LacI,GntR,4.A.3,GH1,4.A.3,4.A.3,LysR_substrate|HTH_1,LysR_substrate|HTH_1,TPR_1,3.A.1,GntR,4.A.1,2.A.6,2.A.6,2.A.6,2.A.6,2.A.6,2.A.6,8.A.1,GntR,3.A.1,3.A.1,3.A.1,3.A.1,3.A.1
1.B.14,9.B.156,9.A.5,LysR_substrate|HTH_1,4.A.7,4.A.7,4.A.7,Peripla_BP_3|LacI,2.A.2,GH105,2.A.86
2.A.75,1.A.23,2.A.1,GH2,Peripla_BP_3|LacI,2.A.3
2.A.1,GH42,AraC_binding|HTH_18,IclR|HTH_IclR,3.A.1,3.A.1,Peripla_BP_1,3.A.1,3.A.1,SIS|HTH_6,PfkB,GH123,SBP_bac_1,3.A.1,3.A.1,3.A.1
GT2,9.B.18,8.A.3,1.B.18,1.B.73,Response_reg|GerE,GH3,Pyr_redox_2,2.A.109,3.A.3
CBM50,2.A.25,1.A.23,2.A.40
2.A.13,5.A.1,GT2,3.A.1,2.A.1,3.A.1,3.A.1,3.A.1,2.A.1
1.B.22,GT51
9.A.8,9.A.8,Pribosyltran,GH77,GT35,Rhodanese,2.A.1,HTH_DeoR|PfkB,9.B.104,DeoRC|HTH_DeoR,GT35,GT5,GH13_11,CBM48|GH13_9,2.A.95
AA6,2.A.1,3.A.1,9.B.97,2.A.39
GT2,GT30,GT4,GT4,GT9,GT9,GT73,GT9,GT9,Aminotran_1_2,1.A.34
1.I.1,3.A.6,9.B.146,GT0,Aminotran_1_2,2.A.66,GT56,9.B.128,GT26,2.A.3,GH3
1.A.12,Pyr_redox_2,GATase_2,HisKA|HATPase_c|Response_reg|PAS,GT51
4.B.1,CBM73,LysR_substrate|HTH_1,3.A.1,1.B.17,3.A.1,3.A.1,GH23
9.B.146,2.A.103,GT28,CE11,3.A.5,NUDIX,3.A.15,3.A.15,9.B.125,GH43_26,2.A.2,2.A.3,GntR,Pyr_redox_2,3.A.1,8.A.2,1.B.76,Pribosyltran,2.A.53,3.A.1,3.A.1,3.A.1,3.A.1,3.A.1,3.A.1
GT51,1.B.14,3.A.1,3.A.1,3.A.1,2.A.49,3.A.1,HD,Diacid_rec,2.A.1
4.A.1,GH23
CE9,4.A.1
3.D.10,3.D.10,3.D.4,3.D.4,1.A.30,1.A.30,2.C.1,2.C.1,2.C.1,2.C.1,2.A.4,1.B.14,3.A.1,TOBE|HTH_1,3.A.1,3.A.1,3.A.1,CE8,3.A.1
2.A.15,TetR_N,AA3_2,1.B.10,3.A.1,HTH_DeoR,3.A.1,3.A.1,3.A.1,3.A.1,LysR_substrate|HTH_1,9.B.169,Peripla_BP_3|LacI,3.A.1,3.A.1,3.A.1,9.B.114,3.A.1,3.A.1,3.A.1,3.A.1,Aminotran_1_2,2.A.124,CSD,3.A.9,3.A.1,3.A.1,Pyr_redox_2,AsnC_trans_reg,3.A.12,1.B.46,AAA,2.A.1,1.A.16
GH24,2.A.85,2.A.1,2.A.85,2.A.1
2.A.1,8.A.1,GT2
4.A.1,GH3,Pyr_redox_2,3.A.1,3.A.1,3.A.1,3.A.1
3.A.1,3.A.1,GT2,GT83,2.A.7,2.A.6,2.A.1,2.A.1,TetR_N,3.A.1,3.A.1,3.A.1,4.A.1,2.A.86,3.A.1
2.A.95,3.A.9,3.A.1,3.A.1,3.A.1,3.A.1,3.A.1,2.C.1,GT9,1.B.39
1.B.3,2.A.2,GH78
4.C.1,4.C.1,4.C.1,GT1,2.A.66,2.A.3
3.A.1,CBM50
4.C.1,TetR_N,GH10,LysR_substrate|HTH_1,3.A.1,3.A.1,3.A.1,GH4,3.A.1,GH13_31,Peripla_BP_1|LacI,2.A.1,GH32,1.B.15
1.A.35,3.A.1,3.A.1,3.A.1,3.A.1,1.B.35,PL9,HTH_5,PL38,Aminotran_1_2,3.A.1,3.A.1,3.A.1,3.A.1,9.B.20
3.D.2,3.D.2,Crp|cNMP_binding,GT81,CBM48|GH13_11,LysR_substrate|HTH_1,3.A.1,Rhodanese,2.A.1,LysR_substrate|HTH_1,Peripla_BP_2,1.B.14,3.A.1,3.A.1,3.A.1,9.B.2,GntR,LysR_substrate|HTH_1,2.A.7,2.A.1
3.A.1,3.A.1,3.A.1,3.A.1,HTH_18,AraC_binding|HTH_18,2.A.1,LysR_substrate|HTH_1,3.A.1,3.A.1,MarR,3.A.1,3.A.1,3.A.1,LysR_substrate|HTH_1,2.A.6,2.A.6,2.A.6,PadR,3.A.1,3.A.1,3.A.1,3.A.1,GT9
4.A.3,4.A.3,4.A.3,GH1,GH1,3.A.1,3.A.1,3.A.1,5.A.3
GT84|GH94,2.A.7,GntR|Aminotran_1_2,FMN_bind_2,2.A.1,3.A.1,3.A.1,3.A.1,3.A.1,3.A.1,3.A.1,3.A.1,3.A.1,3.A.1,3.A.1,3.A.23,3.A.1,3.A.1,2.A.72
2.A.1,AraC_binding|HTH_18,GH4,2.A.1,3.A.1,3.A.1,3.A.1,3.A.1,3.A.1
3.A.1,3.A.1,3.A.1,3.A.1,2.A.21,peroxidase,3.A.1,3.A.1,3.A.1,GH1,4.A.1,2.A.55,PALP,3.A.1,3.A.1,3.A.1,3.A.1
2.A.81,1.B.22,Response_reg|GerE,HisKA|HATPase_c|Response_reg,3.A.6,3.A.6,3.A.6,3.A.6,3.A.6,3.A.6,GH23
GT2,GT4,GT2,GT111|GT8,3.A.1,3.A.1,2.A.109,9.B.22,3.A.1,IclR|HTH_IclR,3.A.1,3.A.1,3.A.1,3.A.1,3.A.1,3.A.1,3.A.1
2.A.3,AraC_binding|HTH_18,2.A.1,LysR_substrate|HTH_1,1.B.18,GT2,GT2,8.A.3
4.A.1,GH1,TetR_N,2.A.7,SBP_bac_5,3.A.1,3.A.1,3.A.1,3.A.1,3.A.1,3.A.1,3.A.1,3.A.1,Nitroreductase,3.A.1,3.A.1,3.A.1,3.A.1,GH15,2.A.7,2.A.7
2.A.3,AraC_binding,CBM5
1.B.3,4.A.1,GH32,Peripla_BP_3|LacI,LysR_substrate|HTH_1,2.A.1,3.A.3,3.A.3,3.A.3,Sigma70_r4,2.A.1,3.A.1,HTH_IclR,3.A.1,3.A.1,3.A.1
9.B.40,3.A.7,3.A.7,AraC_binding|HTH_18,2.A.2,CBM67|GH78
