GT2,2.A.108
9.B.149,2.A.66,2.A.6,GH13_14,9.B.34,Rhodanese,9.B.136,2.A.21,2.A.102,3.D.2
GT26,MarR,LacI|Peripla_BP_3,2.A.6,TetR_N,CBS,2.A.20
GT4,1.B.52,Rrf2,3.A.1,3.A.1,2.A.3,TetR_N,2.A.1
2.A.41,2.A.15,Nitroreductase,1.B.52,HMA,3.A.3,2.A.1,GH13_31
3.A.1,3.A.1,GH1,GH16_3|CBM4|CBM4|CBM4
9.B.74,MarR,SBP_bac_1,3.A.1,3.A.1,GH42,GH36
3.A.9,2.A.66,2.A.1,CE9
CE4|CBM50|CBM50,3.A.1,3.A.1,3.A.1,9.B.20,2.A.3,GGDEF|PAS|EAL,Aminotran_1_2,4.A.1,2.A.7,CE4
GT51,GT5,GT35,Rhodanese,8.A.5,3.A.1,3.A.1,3.A.1,1.A.35
1.A.22,GH32,GGDEF|dCache_1,3.A.1,1.A.8,4.C.1
2.A.37,CBM34|GH13_20,3.A.1,3.A.1,3.A.1,GH13_1,LacI|Peripla_BP_3,GH65,2.A.115,2.A.25,2.A.45
GT2,GT4,3.A.1,3.A.1,GT0,2.A.50,CBM41|CBM41|CBM48|GH13_14,2.A.23
2.A.58,GH13_5,3.A.1,3.A.1,3.A.1,GH57
2.A.25,3.A.1,3.A.1,3.A.1,3.A.1,HD,2.A.5,GH73,2.A.85
3.A.1,2.A.1,GH3
9.B.10,GH31,GH23
4.A.3,4.A.3,4.A.3,GH1,GntR,Peripla_BP_3|GntR,SBP_bac_1,3.A.1,3.A.1,GH43_4,GH51,GH43_26,GH43_26,9.B.34
8.A.28,2.A.23,2.A.109,2.A.1,HxlR,LysR_substrate|HTH_1,GH3,SIS,4.A.1
9.B.120,NUDIX,3.A.1,3.A.1,3.A.1,9.B.34,Glyoxalase,GntR,GH4,4.A.3,4.A.3,4.A.3,1.B.52,Glyoxalase,HTH_5,2.A.45,Rhodanese|Pyr_redox_2,2.A.53
2.A.1,TetR_N,9.A.40,4.A.1,GH1,2.A.1,GntR,4.A.1,GH1
PL9_2,PspC,Glyoxalase,1.B.52
GH42,3.A.1,3.A.1,3.A.1
CBM34|GH13_20,2.A.63,2.A.63,2.A.63,2.A.63,2.A.63,2.A.63,2.A.63,Rrf2,3.A.1,3.A.1,3.A.1
2.A.21,2.A.88,GH13_31,9.B.34,9.A.40,9.B.10,HD,2.A.22,3.A.1,3.A.1
GT4,2.A.115,3.D.3,3.D.3,3.D.3
GT28,9.B.146
2.A.86,GT2
GT51,4.C.1
GH13_14,2.A.1,HTH_DeoR,2.A.66,2.A.1
GT2,AsnC_trans_reg,Aminotran_1_2,2.A.86,8.A.7,2.A.1,4.A.1,4.A.1
3.A.1,HTH_3,3.A.1,HATPase_c,Response_reg|Trans_reg_C,3.A.1,3.A.1,4.A.1,9.B.34,CBS,1.B.52,HTH_18,GT2|GT4,2.A.55,2.A.21,3.A.1,9.B.34,3.A.1,3.A.1,3.A.1,3.A.1,AraC_binding|HTH_3,2.A.102
GH13_31,Aminotran_1_2,3.A.1,3.A.1,3.A.1,GH73,3.A.3,3.A.3
1.A.29,Aminotran_1_2,9.B.18,GT4,2.A.66,9.B.18
9.B.18,GT4,9.B.18,9.B.18,8.A.3,8.A.3
2.A.86,HATPase_c|HisKA,2.A.1,1.A.33,EPSP_synthase,3.A.2,3.A.2,3.A.2,3.A.2,3.A.2,GT0,Pribosyltran,3.A.1
3.A.1,GntR,GGDEF|PAS|EAL,4.A.1,GH13_29,2.A.25,9.B.34,3.A.1,3.A.1,3.A.1
1.A.1,GT4,1.A.26,3.A.1,3.A.1,3.A.1
GT2,3.A.11,3.A.7,3.A.7,GH23,3.A.7,3.A.7,3.A.7
