CBM20|GH77,1.A.9
GH73,9.B.33,Sigma70_r2|Sigma70_r4_2,8.A.43
3.A.1,CBM38
CBM67|GH78,1.I.1
3.A.1,1.I.1,2.A.28,GH74,9.B.102
4.B.1,GH13_10
2.A.16,GH32
2.A.1,GT4,GT4,GT4,3.A.11,3.A.1,MarR,1.B.14,1.B.14,8.A.46,GH95,CBS,MarR,2.A.1,2.A.21
9.B.33,LytTR|Response_reg,GH3,GT4,GH13_14,Sigma70_r2|Sigma70_r4,9.B.20,MarR,2.A.1
1.B.14,2.A.67,GT2,8.A.59,3.A.1,3.A.1
8.A.46,1.B.14,GH74
3.A.1,GH2
GH109,4.C.1,HTH_3,1.A.1
2.A.1,1.B.14,CBM67|GH78,CE1,3.A.3,Trans_reg_C|Response_reg,HATPase_c|HisKA,CBS,1.B.81
9.B.144,GT2,GT4,SIS,cNMP_binding|Crp,1.B.14
GH3,Sigma70_r2|Sigma70_r4,TPR_1,LytTR|Response_reg,9.B.33,GH9|CE4
GH30_1,GerE|Y_Y_Y,GH144,1.B.14,8.A.46
GT28,2.A.103,9.B.146
1.B.14,Penicillinase_R,GH146
3.A.1,3.A.1,GH140
2.A.109,TPR_1,1.B.14,GH30_3,GH95,2.A.102
GH43_1,GH10,ATPase_2,9.B.159,2.A.38,HATPase_c|HisKA|Response_reg,2.A.1,1.B.14,1.B.14,3.A.1,9.A.25,9.A.25,FeoA,9.A.8,1.A.35,8.A.46
9.B.33,LytTR|Response_reg,GT2
2.A.8,GH151
1.B.6,GT9,GH2,9.B.174
CE0,3.A.20
PL35,GH0,2.A.6,2.A.6,2.A.6
3.A.1,3.A.1,GH73
GH23,2.A.3
GH29,HEAT_PBS,1.B.14,8.A.46
9.B.104,GH73
2.A.8,3.A.1,CBM48|GH13_9
GH130,Glyoxalase,Aminotran_1_2|GntR,1.A.22
CBM47,3.A.1
3.A.23,2.A.21,GT2
1.A.46,2.A.21,CE9
3.D.2,1.B.6,CE4,FeoA|Fe_dep_repress|Fe_dep_repr_C,LytTR|Response_reg,9.B.174,1.B.14,1.B.77,GH25,2.A.23
GH31,9.A.25,2.A.6,2.A.6,HD,9.B.153
3.A.1,GT2,GT2,GT4,GT4,GT4,GT4
GT51,4.C.1,8.A.5,3.A.1,3.A.1,9.B.158,3.A.1
9.B.174,9.A.40,TPR_2,CBM85|GH10,3.A.1,GT2
3.A.2,GT2,HTH_3,3.E.1,GH23,Aminotran_1_2,CBS,1.B.33,cNMP_binding|Crp,Sigma70_r2|Sigma70_r4_2,FecR,1.B.14,8.A.46,GH92,GH137,CBM51|GH27,CBM51|GH27,GH28
1.A.23,GT4,5.A.3
GH33,2.A.21,8.A.46,1.B.14,1.B.6,3.A.1
CE15,2.A.122
1.B.14,GH106
1.B.23,GT35
1.B.14,PL35,PL33_1
1.B.14,FecR,3.A.1,GT4
1.B.14,8.A.46,2.A.21,GH2
GH151,GH141,CBM51,GH31,PL38,GH88,LytTR|Response_reg,3.A.1,TPR_2,NUDIX,2.A.70,2.A.70
1.B.14,GT20,2.A.21
GT4,2.A.66,2.A.36,Aminotran_1_2,TPR_2,9.B.104
1.B.44,Response_reg,LytTR|Response_reg,8.A.59,GH10
8.A.5,LacI|Peripla_BP_3,CBM6,GH43_34,GH23
2.A.113,HTH_DeoR|DeoRC,SIS,GH106
2.A.11,GH33,2.A.21,LacI|Peripla_BP_3,1.B.14,8.A.46,GH43_10,PL1_2,PL10_1,CE12|GH28
CE15,AAA,3.D.5,3.D.5,3.D.5,3.D.5,3.D.5,1.B.14
2.A.102,GH57
5.B.3,1.B.14,8.A.46,TPR_2,GH74,4.C.1,GH1,2.A.21,GH127
3.A.1,CE11
2.A.1,GT2
GH2|GH53,GH53,8.A.46,1.B.14
3.A.23,GH9,CBM67|GH78,9.A.25,9.A.25
CBM67|GH78,1.A.62
GT19,1.B.14
GH5,Reg_prop|HTH_18|HisKA|Y_Y_Y|Response_reg|HATPase_c,1.B.14
GT2,2.A.109,GT2
1.B.6,4.C.1,GH2,GH154
9.A.25,Sigma70_r2|Sigma70_r4_2,GH3,HTH_3,GH127
8.A.3,9.B.18,2.A.66,GT4,GT4,Aminotran_1_2,GT4,GT26
GH136,1.A.13
1.C.107,GH130
9.B.169,GH13
2.A.36,GT4,GH1,GH1
2.A.21,GH26
1.A.23,9.B.27,3.A.5,GT83
CBM6,1.A.1,9.B.33
3.A.16,GH16_3
3.A.1,3.A.1,1.A.33,GT2,2.A.39,1.I.1
GH13,TPR_2,1.B.6,2.A.6,Trans_reg_C|Response_reg,HisKA,HATPase_c,2.A.62,2.A.38,1.B.14,2.A.4
GH95,8.A.5,GH33,GH95,2.A.95,PfkB,GT30
3.A.9,3.A.24,CBM51,GH43_24
3.A.1,3.A.1,3.A.1,3.E.1,Sigma70_r2|Sigma70_r4_2,GH125,2.A.21,9.B.186
2.A.3,AA3_2
3.A.9,GH0,9.A.25
CE1,CE6|CE1,1.A.30
3.A.3,2.A.1,3.A.1,GT2,GT83
1.B.14,GH16_3,1.B.6,HATPase_c|TPR_1,GerE|Response_reg,9.B.115
8.A.43,GH20
1.B.14,LytTR|Response_reg,9.B.33,1.B.14,Sigma70_r2|Sigma70_r4,FecR,1.B.14,1.B.14,CBM85|GH10,GH10,GH28,GH36,AraC_binding|HTH_18,CE6,IclR|HTH_IclR,8.A.46
