GT1,GT4,GT4,3.A.1
4.F.1,3.A.12,PfkB,CE4,2.A.25,2.A.25,2.A.25,2.A.25,GyrI-like,PadR,2.A.3,9.B.55
GT4,3.A.1,3.A.1,GT2,GT0,GT4,GT4
3.A.1,GH68,GH32
GH3,Response_reg|GerE,HATPase_c,3.A.1
2.A.3,PfkB,2.A.69,1.A.23,PadR,GH3,3.A.1,3.A.1,3.A.1,3.A.1
GT87,1.A.62,2.A.4,9.B.158
1.A.78,3.A.1,HhH-GPD,1.A.1,Whib,GT51
3.A.1,3.A.1,3.A.1,3.A.1,ACT,GT81
GH13_4,HxlR,PfkB,PadR,3.A.1
GT51,2.A.13,3.D.1
2.A.66,NUDIX,HD,GH36
3.A.1,Response_reg|GerE,GH13_13
GH32|CBM38|CBM38,PspC,4.A.6,4.A.6,4.A.6,4.A.6
GT2,HTH_5,2.A.1,2.A.67,HTH_1|LysR_substrate,2.A.7,GT39,GH23,GH23|CBM50,3.A.1,FHA,FHA,9.B.106
9.B.18,GT4,GT4
3.A.9,GT4,2.A.2,4.A.2,9.B.111
3.A.1,3.A.1,3.A.1,GH112,HTH_IclR,3.A.1,3.A.1,9.B.160,3.D.1,3.D.1,3.D.1,3.D.1,3.D.1,3.D.1,3.D.1,3.D.1,3.D.1,3.D.9,3.D.1,3.D.9,9.B.186,9.B.186,9.B.186
3.A.1,3.A.1,GT2,GT2,GT4,GT4
GT0,9.B.98
4.C.1,4.C.1,SBP_bac_1,3.A.1,3.A.1,GH13_30,Peripla_BP_3|LacI,3.A.16,3.A.1,3.A.1,3.A.1,3.A.1,TetR_N,2.A.102
9.B.18,Aminotran_1_2,9.B.18,GT2,GT4
9.B.146,2.A.103,GT28
GT2,2.A.36,Aminotran_1_2,9.B.106
3.A.1,GT1,TetR_N,3.A.1,3.A.1,3.A.1,3.A.1,MarR,9.B.110,3.A.1
1.C.109,1.B.50,GT4,NUDIX,Peripla_BP_3|LacI,SBP_bac_1,3.A.1,3.A.1,GH32,GH32,HTH_5,3.A.1
GH13_10,GH13_26,CBM48|GH13_11,4.F.1,GT4
3.A.1,Peripla_BP_3|LacI,4.A.1,GH32,2.A.20,1.A.33,8.A.5
3.A.1,4.A.1,8.A.21,3.A.1,GT5,9.B.141,3.A.1,3.A.1,FUR,3.A.1,HTH_3,9.A.40,2.A.7,3.A.1,3.A.1
3.A.11,GT4
