CBM32,GT25,2.A.103,2.A.64
3.A.1,3.A.1,GH30_5
2.A.1,GT4
GH19,4.C.1,2.A.1,GH93|CBM66|CBM13,Peripla_BP_3|LacI,GH2,SBP_bac_1,3.A.1,3.A.1
9.B.15,TetR_N,GH18
GH92|CBM13,3.A.1,3.A.1,SBP_bac_1,9.B.20,GH23|CBM50
CBM16,3.A.1,GH88
2.A.102,Rhodanese,Pyr_redox_2,Penicillinase_R,GT28,CE4,9.B.27,GT76
GT2,4.C.1
3.A.3,HTH_5,1.E.43,Penicillinase_R,GH16
2.A.1,GH25,GH135,GT4,GH46,8.A.5,TrkA_C,9.B.27,2.A.1,MarR,2.A.1
2.A.1,3.A.1,MarR,CBM48|GH13_11,GH13_3,GH13_16,CBM48|GH13_9,Pyr_redox_2,2.A.85,cNMP_binding,2.A.1,2.A.75
2.A.3,HTH_IclR,GH2
GT87,2.A.3,GntR,1.A.43,1.A.43,HTH_IclR,GerE|Response_reg,HATPase_c,3.A.1
GT2,3.A.24
3.A.16,GH25
1.I.1,CSD,GH3
2.A.3,HTH_5,2.A.4,HTH_3,2.A.7,GT1,CBM13
4.A.1,8.A.7,GH31,NUDIX,GGDEF|EAL,1.A.8
2.A.115,2.A.1,GT2
GH18,TetR_N,2.A.3,3.A.24,9.A.40,9.A.40,4.B.1,MarR,2.A.1,PL38,2.A.40
GT4,4.F.1
2.A.8,2.A.7,NUDIX,9.B.51,TetR_N,4.C.1,CBM32
2.A.113,9.B.106,GT2,GT2,CE4,GH0
3.A.1,3.A.1,3.A.1,2.A.1,GT76,CBM50
3.D.2,NUDIX,CbiA,GH15,HTH_8,GT4,1.C.109,3.A.1,3.A.1,3.A.1
3.A.1,Glyoxalase,GH25,2.A.20,9.B.125
3.A.1,3.A.1,3.A.1,GH13_30,3.A.1,PadR,3.A.1
GH23,3.D.1,3.A.1,3.A.1,3.A.1,3.A.1
GT28,2.A.103,Pyr_redox,9.B.146
4.C.1,GT4
GH13_13|CBM41|CBM41|GH13_13,GH13_32|CBM20|CBM20,GH13_32,GH13_30,3.A.1,3.A.1,3.A.1,Peripla_BP_3|LacI,2.A.1
2.A.1,TetR_N,2.A.1,3.A.1,3.A.1,BTAD|Trans_reg_C,GH33
GH54|CBM42,GerE|Response_reg,Sigma70_r4_2|Sigma70_r2,2.A.1,9.B.179,GH0,GT4
3.A.1,3.A.1,3.A.1,9.B.143,GT87,2.A.1
GH3,TetR_N,2.A.121
4.A.2,GH63,GH0,2.A.1,2.A.1,TetR_N,8.A.5,GH18,3.A.1,3.A.1,3.A.1,FUR,3.A.1,3.A.1,3.A.1,3.A.1,1.C.71,GH33,3.A.1,3.A.1
GH1,2.A.1,HTH_3,1.A.11
2.A.7,2.A.7,MarR,GH77,1.A.23,MarR,SBP_bac_1,3.A.1,3.A.1,GH4
GT4,9.B.18,2.A.66,GT4,GH0
GH3,3.A.1
GT83,2.A.21
3.A.1,Aminotran_1_2,Pyr_redox_2,GH20
GT28,Peripla_BP_3|LacI,3.A.1,3.A.1,3.A.1,GH1,CBM2|GH18
3.A.1,3.A.1,3.A.1,IclR|HTH_IclR,4.C.1,AA10,GT2,AA5,GH6,3.A.1,3.A.1,3.A.1,3.A.1
2.A.1,GH30_5
2.A.7,GT51,3.A.1,4.A.1,4.A.1,4.A.1
GH20,3.A.1
9.B.174,3.A.1,9.B.106,9.B.106,FHA,SBP_bac_1,3.A.1,3.A.1,GT2,GT2,GT2,MarR,GT2,TetR_N,3.A.1,GT2,GT2
GH23|CBM50,9.B.106
GT39,3.A.1,3.A.1
GT81,GT20,SBP_bac_1,CE9,PfkB,CBM35,9.B.34
2.A.20,3.A.1,3.A.1,3.A.1,3.A.1,9.B.105,GH23,9.A.15
2.A.1,SpoIIE,Pyr_redox_2,TetR_N,CBM51
2.A.1,TetR_N|TetR_C,2.A.1,GT83,GT2
GT51,PadR,2.A.1,HD,2.A.66
GH13_30,3.D.4,1.A.8
9.B.106,Fer4,1.A.33,MerR,3.A.1,GerE,GerE,3.A.9,GT76,9.A.61
2.A.36,2.A.21,2.A.3,3.A.3,3.A.3,3.A.3,Trans_reg_C|Response_reg,HisKA|HATPase_c,2.A.3,GT51
3.A.1,GT2
2.A.1,LysR_substrate|HTH_1,AA3,3.A.1,3.A.1,Aminotran_1_2|GntR,2.A.7
9.B.126,SBP_bac_5,3.D.10,3.D.10,GH20
1.A.25,2.A.76,TetR_N|TetR_C,GT2
3.A.1,3.A.1,CE14,TPR_2,HTH_5,GT2,GT2,TetR_N,2.A.1,1.C.113
2.A.8,CBM16|GH18,CbiA,9.A.47
2.A.86,LysR_substrate|HTH_1,3.A.1,PadR,GT51
3.D.10,3.D.10,SBP_bac_5,3.A.1,3.A.1,3.A.1,3.A.1,3.A.1,Sigma70_r4_2|Sigma70_r2,3.A.1,3.A.1,3.A.1,3.A.1,3.A.1,3.A.1,3.A.1,3.A.1,3.A.1,3.A.1,CE14,3.A.1,3.A.1
3.A.1,3.A.1,3.A.1,3.A.1,GT4,GH135,3.A.25,2.A.1
9.B.146,1.A.77,3.A.2,3.A.2,3.A.2,CBM2|GH18
3.A.1,3.A.1,SBP_bac_1,HTH_IclR|Response_reg,HATPase_c|PAS,2.A.23,TetR_N,2.A.1,MerR,CBM48|GH13_9,GH13_16,GH13_3,GT35,HTH_3,1.B.77,3.A.1,3.A.1,GerE|Response_reg,HATPase_c,3.A.1,3.A.1,3.A.1,CBM48|GH13_11
2.A.39,TetR_N,2.A.1,Glyoxalase,GH30_3|CBM13,PL8,3.B.1
3.A.1,3.A.1,3.A.1,CBM16|GH18
GH0,NUDIX,3.A.1
2.A.1,GntR,3.A.1,3.A.1,3.A.1,GH3,2.A.1
GH92,CBM32|GH92,3.A.1,3.A.1,3.A.1,HTH_IclR,3.A.1,3.A.1,3.A.1,2.A.3
1.B.76,GH13_10,FHA,LysR_substrate,GH13_26,GH13_11,GT1,2.A.6,3.A.1
GH154,TetR_N,GH2,GH30_4|CBM13,CBM2,1.I.1
2.A.40,2.A.76,CE4
GH105,GH28|GH29|CBM32,GH27,CBM35,4.C.1,LysR_substrate|HTH_1,2.A.28
3.A.1,3.A.1,3.A.1,3.A.1,3.A.1,Sigma70_r4_2|Sigma70_r2,GH23,9.B.36,3.A.3
CBM13,GH10|CBM13|GH62,Sigma70_r4_2|Sigma70_r2,CBM63,GH43_24|CBM13,2.A.23,LysR_substrate|HTH_1,GntR,8.A.5
3.A.1,3.A.1,Peripla_BP_1,GH29|CBM13,HxlR,3.A.1,3.A.1,3.A.1,3.A.1,3.A.1,TetR_N|TetR_C,GT51
2.A.64,2.A.103,1.A.35,GH35|CBM51,GH51
2.A.1,3.A.1,GT2,GT2,9.B.106,3.D.2,3.D.2,GH3,2.A.36
GH87,GH87,Peripla_BP_3|LacI,SBP_bac_1,3.A.1,3.A.1,GH13_30,AsnC_trans_reg,2.A.85
GH92,4.C.1,3.A.1,3.A.1,3.A.1,GH1,4.F.1,GT4,2.A.1,TetR_N,TetR_N,2.A.1,TetR_N,Glyoxalase,9.B.142
CBM32,9.A.36,2.A.7
2.A.4,GT2,3.A.1
3.A.1,CBM13,CBM13|GH55,GH65,LytTR|Response_reg,2.A.21,8.A.59
GH23|CBM50,2.A.7,GT4
GH29,Peripla_BP_3|LacI,3.A.1,3.A.1,3.A.1,GH5_18,GH38,GntR,3.A.1,3.A.1,3.A.1
2.A.3,9.B.111,CE4,9.B.34,LysR_substrate|HTH_1,3.D.10,3.D.10,3.D.10
GH16_3|CBM13,9.B.142
GH114,8.A.5,CBM13,9.B.106,Sigma70_r4_2|Sigma70_r2,SpoIIE|GAF|PAS,GH2,PSK_trans_fac,CBM13,2.A.1,HTH_5,3.A.1,3.A.1
3.A.1,3.A.1,Pkinase,SpoIIE,3.D.3,3.D.4,2.A.1,MarR,GH5_43,TetR_N,GT1
3.A.1,3.A.1,PL8
9.B.27,2.A.108,2.A.108,2.A.52,Pyr_redox_2,GH15
3.B.1,PL7_4,GH18|CBM5,GH31
CBM13|CBM32,CBM32|GH55,9.B.97,FUR,AA2
2.A.108,CE4
GH92,GH54|CBM13|CBM13,2.A.3
2.A.7,TetR_N,CBM16,3.A.1,3.A.1,3.A.1,3.A.1
GT4,9.B.20,HTH_5,3.A.1,3.A.1
AA3_2,3.A.1,3.A.1,4.C.1
GH95,GH27|CBM35,TrmB,GH36,3.A.1,3.A.1,3.A.1
3.A.1,3.A.1,GH63,CBM13,8.A.5
3.A.1,3.A.1,GAF,2.A.1,CE1,9.B.149
GH32,SBP_bac_1,3.A.1,3.A.1,GH32
CE4,2.A.1
3.A.1,3.A.1,GH3,GH43_12,GH6,GH6,3.A.1,Peripla_BP_3|LacI,GH54|CBM13,GH141,CE3|CBM13,GH10|CBM13|CBM13,CBM13|GH54,CBM13,GH54|CBM13,CBM13,CE1|CBM13
