3.A.1,3.A.1,GT4
3.A.1,3.A.1,3.A.1,9.B.106,PAS,GH68,GH32,4.A.6,4.A.6,4.A.6,4.A.6,PspC,GH32|CBM38|CBM38,LacI|Peripla_BP_3,TetR_N,9.B.10,Aminotran_1_2,ArsD|Glyoxalase,HTH_5,3.A.9
9.B.67,GT2,GT2,GT2,GT4,GT4,9.B.18
9.B.106,FHA,FHA,3.A.1,GH23
1.I.1,GT4
3.A.1,3.A.1,3.A.1,Response_reg|Trans_reg_C,3.A.1,GT87,2.A.89,1.A.62,2.A.4,9.B.158
3.A.1,3.A.1,GH38,3.A.1
3.A.1,TetR_N,3.A.1,GerE|Response_reg,GH13_13
GH13_30,Aminotran_1_2,2.A.1
3.A.3,2.A.13,GT51
GH13_20,GH42,TetR_N,2.A.1,NUDIX,9.A.8
GT51,Whib,1.A.1
2.A.1,GH3,GT1,TetR_N,AAA,Fer4,3.A.1,3.A.1,3.A.1
1.A.1,3.A.1,3.A.1,3.A.1,3.A.1,GH3,PadR,GerE|Response_reg,1.A.23,2.A.7,1.I.1,NUDIX,3.A.1,3.A.1,3.A.1,3.A.1,2.A.20
3.A.9,GT4,4.A.2
GH36,PTS-HPr,2.A.21,2.A.102,LacI|Peripla_BP_3,2.A.1
9.B.146,3.A.2,3.A.2,3.A.2,9.B.169,CE9,LacI|Peripla_BP_3,SBP_bac_1,3.A.1,3.A.1,GH31
3.A.1,3.A.1,GH29,4.C.1,Glyoxalase,3.A.1,3.A.1,2.A.1
2.A.79,2.A.81,ACT,GH3,GH84,2.A.1,GH31,MarR,SBP_bac_1,3.A.1,3.A.1,GH13_31
GT35,CBM48|GH13_9,GH13_16,GH13_3,CBM48|GH13_11,3.A.1
3.A.1,8.A.7,4.A.1,GH77,4.A.1
3.A.1,GT4,GT4,GT1
2.A.33,GT4
GT5,3.A.1,8.A.21,4.A.1,3.A.1
2.A.7,GT2,9.B.142,2.A.109,3.A.3
3.A.1,Peripla_BP_2,3.A.1,3.A.1,3.A.1,4.A.1,GH1
GH91,3.A.1,3.A.1,3.A.1,GH32
8.A.5,1.A.33,2.A.20,GH32,4.A.1
GT2,2.A.64
3.A.1,3.A.1,3.A.1,2.A.7,HTH_3,2.A.21,2.A.1,3.B.1,3.B.1,3.A.1,3.A.1,SBP_bac_1,GH31
GT4,4.F.1,CBM48|GH13_11,GH13_26,GH13_10
GT2,GT2,2.A.6
8.A.5,MerR,3.A.1,3.A.1,LacI|Peripla_BP_3,3.A.1,3.A.1,SBP_bac_1,GH32,GH32,3.A.1,3.A.1,SBP_bac_1,LacI|Peripla_BP_3,NUDIX,GT4,1.B.50,1.C.109,2.A.3
GT28,2.A.103,9.B.146
9.B.76,HD,1.A.11,TetR_N,3.A.1,3.A.5,3.A.1,GntR,4.A.1,GH13_29,3.A.1,NIR_SIR_ferr|NIR_SIR,2.A.102,3.A.16,3.A.1,3.A.1,3.A.1,3.A.1,LacI|Peripla_BP_3,3.A.1,3.A.1,3.A.1,4.C.1,4.C.1
1.A.34,3.A.1,3.A.1,9.B.106,GT4,9.B.18,GT4,9.B.18
GH30_2,3.A.1,3.A.1,Peripla_BP_2,1.A.34,9.A.40,9.A.40
9.B.98,GT2,Whib,GT2,2.A.7,GT4,4.D.1,GT2,GT0,3.A.1,3.A.1
GT0,GT4,3.A.1,GT4,GT4,9.B.169
3.D.10,3.D.10,3.D.10,2.A.7,LysR_substrate|HTH_1,Citrate_synt,GH2
