1.E.3,GH104
GT51,Pkinase,8.A.8,4.A.2,1.B.42,1.B.42,1.B.42,SIS|CBS,2.A.19,3.A.1,3.A.1,3.A.1,3.A.1,3.A.1
4.A.6,4.A.6,4.A.6,SIS,CE9,4.A.6,4.A.6,4.A.6,4.A.6,DeoRC|HTH_DeoR,2.A.1
9.B.124,1.E.34,9.B.27,GntR,1.B.11,2.A.1,2.A.23,2.A.109,9.B.114,HTH_3,Pyr_redox_2,GH63,2.A.3,GH2,Peripla_BP_3|LacI,1.B.52
2.A.14,3.A.15,1.B.22,3.A.15,3.A.15,3.A.15,3.A.15,3.A.15,3.A.1,3.A.1,9.A.41,GT107|GT107,1.B.18,8.A.4
2.A.1,1.B.35,GntR,CE0,1.B.14
9.B.120,2.A.1,GH23
GH1,1.C.113
3.A.23,CBM50,2.A.42,2.A.1,HTH_1|LysR_substrate,Peripla_BP_3|LacI,4.C.1,2.A.1,8.A.5,2.A.109,NUDIX,4.A.2
3.A.23,3.A.23,3.A.23,9.B.186,3.A.23,GH102
GH32,4.A.1,1.B.3,PfkB,2.A.1,2.A.1
CBM50,Sigma70_r3|Sigma70_r2|Sigma70_r4,2.A.8
3.D.1,3.D.1,3.D.1,3.D.1,3.D.1,3.D.1,HTH_3,GH1,4.A.1,Peripla_BP_3|LacI,5.A.3,Pyr_redox_2,3.A.23,SIS|CBS,DeoRC|HTH_DeoR,4.A.4,4.A.4,4.A.4,GH103
GH23,HisKA|HATPase_c,3.A.23,Aminotran_1_2,MarR,TPR_1,3.A.1,3.A.1,3.A.1,2.A.1
2.A.69,SBP_bac_3|Response_reg|HATPase_c|HisKA,Response_reg|GerE,2.A.1,2.A.1,PALP,Peripla_BP_1|LacI,GH32,PfkB,2.A.1,1.A.16,3.A.1,1.B.9,1.C.80,1.B.11
2.A.7,2.A.7,GT83,GT2,Aminotran_1_2,NUDIX,1.B.68,HTH_IclR|IclR,2.A.1
2.A.1,3.A.1,3.A.1,3.A.1,3.A.1,EAL,3.A.7,2.A.1,4.A.2,PfkB,4.A.2,PfkB,2.A.41,cNMP_binding,PfkB|HTH_11,2.A.98,HTH_1|LysR_substrate,2.A.3,1.B.14,9.B.169,Peripla_BP_3|LacI,3.A.1,3.A.1,3.A.1,Fer4,Pyr_redox_2,9.B.114,2.A.122,1.E.14,1.B.17,9.B.27,9.B.29,GH3,3.A.1,3.A.1,3.A.1,3.A.1,MerR,9.B.33
3.A.1,1.B.11,2.A.113,2.A.113,PfkB,PfkB,GH25,GntR,PfkB,2.A.1,4.A.5,4.A.5,4.A.5
9.B.34,9.B.22,2.A.109,1.B.18,8.A.3,GT2,GT4,GT2,NUDIX,GT4
2.A.66,2.A.1,GT9,1.B.14,4.C.1,HTH_18,3.A.1,3.A.1,2.A.1
3.A.1,5.B.7,9.B.35,Response_reg|Trans_reg_C,HisKA|HATPase_c,1.B.1,HD,2.A.7,9.B.34,GerE,3.A.6,3.A.6,3.A.6,3.A.6,3.A.6,3.A.6,3.A.6,3.A.6,2.A.7,HTH_18,1.B.1,9.B.102,GH13_5
3.A.1,3.A.1,3.A.1,GT20,FlhD,FlhC,1.A.30,1.A.30,HATPase_c|CheW|CheY-binding|H-kinase_dim,CheW,1.B.52,CheR|CheR_N,Response_reg|CheB_methylest,Response_reg,CheZ,3.A.6,1.A.104,9.B.158,5.A.3
3.A.1,3.A.1,3.A.1,CBM50
4.A.3,4.A.3,4.A.3,AraC_binding|HTH_18,GH4,CE0,2.A.23
4.A.1,Peripla_BP_1|LacI,TetR_N,GH2,2.A.2,1.B.25
9.B.34,2.A.1,2.A.7,GntR,4.A.3,4.A.3,4.A.3,1.B.3,GH1,HTH_18,MarR,2.A.95,2.A.1,HTH_1|LysR_substrate,9.B.34
3.A.23,Peripla_BP_1|LacI,1.B.21,3.A.1,3.A.1,3.A.1,3.A.1,GH13_18,Rhodanese,PspC,9.B.100,3.A.23,3.A.1,3.A.1,3.A.1,3.A.1,3.A.1,2.A.1,2.A.6,2.A.6,2.A.6
4.A.2,GH37,Peripla_BP_2,3.A.1,3.A.1,1.B.14,1.E.43,GH23,2.A.36,Pyr_redox,GntR,2.A.34,5.A.2,1.C.10
1.M.1,GH24,1.E.1
GH3,1.B.14,4.A.1
2.A.1,GT2
1.B.48,1.B.48,1.B.48,9.B.34,1.B.55,CE4|GH153,GT2,2.A.108,2.A.108,2.A.108,2.A.21
2.A.40,AA6,5.A.3,5.A.3,5.A.3
1.M.1,GH24,1.E.25
CE8,2.A.47,HTH_1|LysR_substrate,3.A.1,3.A.1,3.A.1,8.A.50,HTH_1|TOBE,3.A.1
2.A.109,GH33,2.A.47,4.A.1,CE9
1.B.10,2.A.6,2.A.6,3.A.5,CBM34|GH13_21,2.A.3,2.A.26,HisKA|PAS|HATPase_c,Response_reg|Trans_reg_C,2.A.1
9.A.18,Rrf2,1.B.12,3.A.1,3.A.1,3.A.1,CE14,GT2,9.B.52
GH2,2.A.1,2.A.39,4.C.1,Citrate_synt,3.A.23,2.A.76
2.A.15,TetR_N,AA3_2,GerE,1.B.12
GT2,3.A.6,3.A.23,3.A.6,3.A.6,3.A.6,3.A.6,1.A.104
GH23,HTH_1|LysR_substrate,3.A.1,3.A.1,3.A.1
GT19,1.B.33
3.A.1,1.A.62,2.A.49,3.A.1,3.A.1,3.A.1,1.B.14,GT51
8.B.24,8.B.24,1.C.1,2.A.3,9.B.125,3.A.15,3.A.15,NUDIX,3.A.5,CE11,GT28,2.A.103,9.B.146
GH23,3.A.1,HTH_3,4.B.1
1.B.35,CE0
3.A.3,Peripla_BP_3|LacI,4.A.1,GH13_29
2.A.13,GH4,HTH_18,HTH_18,2.A.3,Response_reg|Trans_reg_C,HisKA|HATPase_c,2.A.1,Glyoxalase,3.A.1,3.A.1,3.A.1,GntR,3.A.1,3.A.1
9.B.42,1.B.22,3.A.15,3.A.15,3.A.15,3.A.15,3.A.15,GH18|CBM5
1.B.22,GT51,NUDIX,9.B.65,2.A.21,Response_reg|Trans_reg_C,9.A.8,9.A.8,9.A.8,2.A.8,GH77,GT35,GerE,3.A.23,DeoRC|HTH_DeoR,9.B.104
1.B.11,GT35,GT5,CBM48|GH13_11,CBM48|GH13_9,2.A.95,2.A.8
1.B.14,3.A.1,3.A.1,3.A.1,9.B.20,9.B.36,GerE,8.A.1,2.A.6,HTH_18,HTH_18,5.B.3,GH37,GerE,HTH_1|LysR_substrate,9.B.126,2.A.1,9.B.121,EAL,PfkB,2.A.23,EAL|GGDEF,1.B.55,GH8,4.D.3
2.A.42,3.A.1,3.A.1,3.A.1,3.A.1,3.A.1,1.B.11,1.C.80,2.A.1,5.A.3,9.B.186,HTH_3,CSD,1.E.53,9.B.97,9.B.44,9.B.44,3.A.1,3.A.1,3.A.1,HTH_18|Peripla_BP_3,GH73,GH13_19,Aminotran_1_2,3.D.1,HTH_IclR|IclR,2.A.56,2.A.56,2.A.56
1.A.34,GT2,Aminotran_1_2,GT9,GT9,9.B.67,GT2,GT8,GT8,GT8,GT4,GT9,GT30
2.A.27,2.A.40,Glucokinase,4.A.2,4.A.2,4.A.2,Mga|HTH_11,GH31,2.A.2,1.B.6
2.A.9,Aminotran_1_2,2.A.42,2.A.1,HTH_1|LysR_substrate,2.A.40,1.B.3,GH1,4.A.1,3.A.1,3.A.1,3.A.1,3.A.1,SIS,3.A.2,3.A.2,3.A.2,3.A.2,3.A.2,3.A.2,3.A.2,3.A.2,1.A.77
1.I.1,3.A.6,9.B.146,GT0,Aminotran_1_2,2.A.66,GT56,9.B.128,GT26,2.A.3
1.B.35,2.A.2,2.A.2,GH31,2.A.102
