2.A.7,GH43_5,HTH_3,HTH_3,8.A.5,2.A.1,CE14,9.B.159
2.A.1,GT1
3.A.1,3.A.1,GerE,TrmB,3.A.1,PadR,3.A.1,GH13_30,3.A.1,3.A.1,3.A.1
CBM35,3.A.1,3.A.1,SBP_bac_1,GH36
2.A.115,CBM67|CBM67|GH78,2.A.1,TetR_N,SBP_bac_3,3.A.1,3.A.1
PL31,GH2,Peripla_BP_2,1.A.1
9.B.140,CBM63
GH92,GntR,SBP_bac_1,3.A.1
3.A.3,HTH_5,GT39,CBM32,SpoIIE|PAS|GAF,SpoIIE|PAS|GAF,GH46
3.A.1,Sigma70_r2|Sigma70_r4_2,3.D.4,GT1,TetR_N,GH5_43,MarR,2.A.1,GT2
3.A.1,3.A.1,GerE|Response_reg,SpoIIE|PAS|GAF,2.A.1,STAS,CBM13
CBM4|GH9,GH2,SpoIIE|PAS|GAF,Sigma70_r2|Sigma70_r4_2,Pkinase,CBM13,8.A.5,GH114,SBP_bac_1,3.A.1,3.A.1,PfkB,GH4
GH145,3.A.1,3.A.1,3.A.1
GT1,3.A.1
CE4,9.B.111
GH38,GH85,GH5_18,3.A.1,3.A.1
GH92,GH127|CBM13,GH2,Peripla_BP_3|LacI,3.A.1,3.A.1,3.A.1,3.A.1,GT5,2.A.7,GH23|CBM50
3.A.1,GT2,2.A.4
2.A.1,TetR_N,2.A.7,9.A.36,CBM32
GH114,GH135,GT4,GH87,GH13_30,3.A.1,3.A.1,3.A.1
CBM16,GH38,GH4,DeoRC|HTH_DeoR,PfkB,3.A.1,3.A.1,3.A.1,GH2,GH16_3|CBM6
GT4,4.F.1,3.A.1,SBP_bac_5,CBM32|CBM32|GH16_3,GH1,3.A.1,3.A.1,3.A.1
CBM13|CBM32|CBM6,CBM6,3.A.1,3.A.1,3.A.1
2.A.1,4.C.1,GH75,CBM2|GH6,CBM2|GH5_40,CBM2|GH48,GH74|GH74|GH74|CBM2,PL11
GH10,3.A.1,Peripla_BP_2,3.A.1
GT1,9.B.97,HTH_IclR,GT1
CBM2,SBP_bac_1,3.A.1,3.A.1,GH2,1.B.79,TetR_N,GH154,CE12,PL4_1,GH43_24|CBM13,GH43_26
3.A.1,3.A.1,2.A.6,GT1,GH13_11,GH13_26,FHA,GH13_10
AA10,3.A.3
3.A.1,3.A.1,3.A.1,GT83
3.A.1,3.A.1,SBP_bac_1,GH2
GT83,2.A.3,3.A.1,3.A.1,3.A.1,HTH_IclR,3.A.1,3.A.1,3.A.1,CBM32|GH92,GH67,GH42,GH39,SBP_bac_1,3.A.1,3.A.1,CE7,GH92,AA10|CBM2
GT76,GT2,Sigma70_r2|Sigma70_r4_2,2.A.106
3.A.1,NUDIX,GH0
GH31,GH12,GH95,GH42,3.A.1,3.A.1,SBP_bac_1,GH3,HTH_8,CBM16|GH18,3.A.1,3.A.1,3.A.1
3.B.1,PL8,GH30_3|CBM13
GH25,GntR,3.A.1
CBM48|GH13_11,3.A.1,3.A.1,3.A.1,3.A.1,1.B.77,GT35,GH13_3,GH13_16,CBM48|GH13_9,MerR,2.A.1,TetR_N,2.A.23,HATPase_c|PAS,Response_reg|HTH_IclR,SBP_bac_1,3.A.1,3.A.1
CBM2|GH18,3.A.2,3.A.2,3.A.2,1.A.77
GH3,3.A.1,3.A.1,3.A.1,GntR,2.A.21
2.A.1,Rhodanese,GH135,GT4,3.A.1,3.A.1,3.A.1
3.A.1,3.A.1,CE14,3.A.1,3.A.1,3.A.1,3.A.1,3.A.1,3.A.1,3.A.1,3.A.1,3.A.1,3.A.1,3.A.1,3.A.1,3.A.1,3.A.1,3.A.1,3.A.1,3.D.10,3.D.10
GT51,PadR,3.A.1,2.A.86
CBM16|GH18,2.A.55,2.A.8
1.C.113,TetR_N,GT2,GT2
CE14,3.A.1
GH20,3.D.10,3.D.10
3.A.1,3.A.1,AA3
GT2,9.B.106,9.B.106
2.A.7,CBM12,3.A.1,2.A.17
3.A.9,GT2
GT76,3.A.9
1.I.1,TetR_N,PL9_1,9.B.2,GerE|Response_reg,HATPase_c,3.A.1
GH13_30,8.A.5
PL1_6,2.A.1,2.A.86,5.A.1,2.A.1
2.A.1,PadR,GT51
GT2,GT83,2.A.1,TetR_N|TetR_C,2.A.1
8.A.5,CBM51,TetR_N,Pyr_redox_2,SpoIIE,2.A.1
GH23,9.B.105,3.A.1,3.A.1,3.A.1,3.A.1,2.A.20
3.A.1,GH152|GH128
CBM13,2.A.1
9.B.34,CBM35,PfkB,CE9,SBP_bac_1,GT20,GT81
2.A.1,3.A.3,2.A.40,MarR,8.A.5,GH5_1|CBM2
2.A.1,3.A.1,3.A.1,SBP_bac_1,Peripla_BP_3|LacI,GH0
2.A.6,2.A.7,3.A.1,3.A.1,GT39
2.A.1,3.A.1,3.A.1,9.B.106,GH23|CBM50
GT2,2.A.14
GT2,GT2,GT2,3.A.1,3.A.1,3.A.1,3.A.24,9.B.106,9.B.106,3.A.1,9.B.174,Peripla_BP_3|LacI,GH31,3.A.1,3.A.1,SBP_bac_1,HTH_1|LysR_substrate,CE4|GT2
3.A.1,3.A.1,GH20
2.A.7,GT51
GH30_5,2.A.1
3.A.1,3.A.1,3.A.1,3.A.1,GH6,AA5,GT2,GntR,AA10,HTH_IclR|IclR,3.A.1,3.A.1,3.A.1
CBM2|GH18,GH1,3.A.1,3.A.1,3.A.1
GH20,Aminotran_1_2,3.A.1
GT83,3.A.1,GH3,HTH_1|LysR_substrate,2.A.7
GH0,8.A.3,GT4,2.A.66,9.B.18,GT4
3.A.1,GH4,3.A.1,3.A.1,3.A.1,HTH_IclR,1.A.23,GH77
GT87,3.A.11
GH1,GH33,3.A.1,3.A.1,3.A.1,3.A.1
3.A.1,3.A.1,GH18,8.A.5
2.A.1,GH0,GH63,4.A.2,2.A.102
9.B.157,4.C.1,CBM1
GH51,GH35,Rrf2,TetR_N,2.A.102,Aminotran_1_2,3.A.1,3.A.1,3.A.1
2.A.121,TetR_N,GH3
2.A.1,GT87,HTH_3,9.B.143,3.A.1,3.A.1,3.A.1
CBM13,9.B.179,2.A.1,2.A.1,GerE|Response_reg,GH54|CBM42
2.A.1,Peripla_BP_3|LacI,3.A.1,3.A.1,3.A.1,GH13_30,GH13_32,GH13_13|CBM41|CBM41|GH13_13
GT4,4.C.1
9.B.146,Pyr_redox,2.A.103,GT28
2.A.89,GATase_2,Pyr_redox_2,GH46
2.A.39,GH6
3.A.1,HTH_5,3.A.1,CBM42,2.A.7
3.A.1,3.A.1,GH43_10,SBP_bac_1,CE12,PL1_6,CE8,CE8,PL9_3,Sigma70_r2|Sigma70_r4_2,2.A.40
9.B.125,2.A.20,GH25,3.A.1
GH15,2.A.89,2.A.7,2.A.21
3.A.1,3.A.1,3.A.1,1.C.109,GT4,HTH_8,GH15,CbiA,NUDIX,3.D.2
GH23|CBM50,GT76,2.A.1,3.A.1,3.A.1,3.A.1
GH0,CE4,GT2,GT2,2.A.113
CBM32,4.C.1
2.A.7,GntR|Aminotran_1_2,GT2,TetR_N,2.A.6
3.A.1,3.A.1,3.A.1,PL26
4.F.1,GT4
GH6,2.A.40,2.A.1,TrmB,Sigma70_r2|Sigma70_r4_2,4.B.1,9.A.40,9.A.40,3.A.24,TetR_N,GH18,AsnC_trans_reg|HTH_11,GT2,2.A.1,2.A.115,GntR|Aminotran_1_2,GT4,GT4
GH31,8.A.7,4.A.1
3.A.1,3.A.1,SBP_bac_1,TOBE|MerR,2.A.3,3.A.1,3.A.1,3.A.1,GH10
2.A.1,MerR,CE7,SBP_bac_1,3.A.1,3.A.1,GH1,GT84,MerR,2.A.53,3.A.1,3.A.1
CBM13,2.A.11,Peripla_BP_3|LacI|Peripla_BP_1,GT1,Pyr_redox_2,GH29,3.A.1,3.A.1
GT4,TetR_N,2.A.37,4.C.1
3.A.1,3.A.1,3.A.1,3.A.1,3.A.1,GT2
GH76,GH2|CBM42,GH76,2.A.7
GH146,AsnC_trans_reg|MarR,2.A.85
PL3_4,PL1_7,CE1|CBM2,HTH_5,2.A.40
GT1,2.A.1,MarR,2.A.1,GH5_8|CBM2,CBM13|CBM13|GH55,CBM13
3.A.1,3.A.1,2.A.1,4.C.1,4.C.1,3.A.1,Pyr_redox_2,GH15
3.A.24,GT2
3.A.1,3.A.1,3.A.1,GH42,CBM61|GH53,TetR_N,Aminotran_1_2,2.A.1
1.A.43,GntR,2.A.3,GT87,CBM13|GH19
4.C.1,1.A.1,CBM48|GH13_9,GH13_16,GH13_3,CBM48|GH13_11,Sigma70_r2|Sigma70_r3|Sigma70_r4,MarR,3.A.1
GH5_51,3.D.1
CBM32|CBM32|GH55,GH43_26,3.A.1,3.A.1,3.A.1,GH2,Peripla_BP_3|LacI,9.B.20,HTH_18,2.A.1,MarR,2.A.1,DeoRC|HTH_DeoR,GT4,GH64,HTH_18|AraC_binding,3.A.1,3.A.1,3.A.1,Peripla_BP_2,HTH_18|AraC_binding,GH158|CBM32,GH3
GH18|CBM5,GH88,GH106,GntR,2.A.39,PfkB,GH36,8.A.5,3.A.1,3.A.1,SBP_bac_1,GH43_24,TetR_N,4.C.1,4.C.1
2.A.28,GH16,GH3,GH5_19,Peripla_BP_3|LacI,3.A.1,3.A.1
GH87,GH11,CE4,GT1,GT4,4.C.1,2.A.2,CBM67|GH78
GH135,2.A.1
3.A.1,Peripla_BP_1,3.A.1,PfkB,GH19,AA10
3.A.1,3.A.1,HTH_IclR|IclR,CE7,GH145
