3.A.1,GH23
9.B.142,9.B.18,3.A.1,2.A.3,GH3,2.A.23
GH73,9.B.102,9.B.102
GH23,GT2,3.A.1,3.A.1,3.A.1,3.A.1
2.A.4,2.A.1,GH18
1.A.30,1.A.30,2.C.1,GH23
GT19,2.A.103,2.A.17
9.B.150,8.A.1,3.A.1,GH64,3.A.25,3.A.1,TPR_1,9.B.36,HTH_8,HATPase_c,3.A.15,3.A.15,3.A.15,3.A.15,3.A.15,3.A.15
GH166,GT4,2.A.66,1.B.33
3.A.9,9.B.157,9.B.157,GT28,2.A.37,8.A.7,3.D.10,2.A.1
2.A.1,2.A.47,GH15
1.B.22,3.A.11,GT51,3.D.2
GT83,2.A.123,GT2,GT83,9.B.149
9.B.22,GH17,3.A.23,3.A.23,3.A.23,3.A.23,3.A.23
2.A.6,2.A.6,3.A.5,3.A.1,1.A.63,GH103,3.A.15,3.A.15
GT30,1.I.1,Pyr_redox_2,2.A.7,2.A.7
GH37,1.B.1,9.B.34,LysR_substrate|HTH_1,3.A.1
2.A.1,AA7,1.B.76,GH17
2.A.20,Sigma70_r2|Sigma70_r4,3.A.1,3.A.1,3.A.5,3.A.7,3.A.7,3.A.7,9.B.40,3.A.7,3.A.7,3.A.7,GT9,HATPase_c,CBM50,1.A.12,3.E.2,3.D.3
2.A.1,3.A.1,3.A.1,1.A.43,1.A.26,GH5_5
3.A.11,3.A.7,CE11
GT51,9.B.67
GH103,3.A.1,3.A.1,2.A.88,Pyr_redox_2,9.B.8,3.A.1,3.A.1
2.A.89,GH102
AA3_2,9.B.34
GT4,2.A.47,2.A.1,8.A.1,MarR,2.A.6,GerE,2.A.95
