2.A.1,8.A.5,GT2,Pyr_redox_2,3.A.1,2.A.109
GH88,PL12,8.A.59,Response_reg|HTH_18,3.A.1,3.A.1,GH29,GH35,9.A.11,MerR,2.A.116,CE4
GH2,GyrI-like|HTH_18,Glyoxalase,GH16_3|CBM13,2.A.35,1.I.1
GH13_29,4.A.1,GntR,9.A.11,2.A.3
2.A.5,GyrI-like|MerR,3.A.3,GH151,HTH_18|AraC_binding,2.A.3,9.A.11,2.A.3,Peripla_BP_2|HTH_18,Peripla_BP_2,GH130,SBP_bac_1,3.A.1,3.A.1,HATPase_c|dCache_1,Response_reg|HTH_18,GH3
9.A.11,GntR,HTH_18|dCache_1,3.A.1,3.A.1,SBP_bac_1,CE8,GH105,GH43_10,HTH_18|AraC_binding,GH28,PL1_2|CE8,Hemerythrin,1.B.52
GH8,2.A.3,GH136
9.A.11,Peripla_BP_3|GntR,GH38,3.A.1,3.A.1,3.A.1,GH106,GyrI-like|MerR,3.A.1,3.A.1
CE1,2.A.1,MarR,Glyoxalase,Sigma70_r2|Sigma70_r4_2,3.A.1,3.A.1,3.A.1,8.A.59,Response_reg|HTH_18,MarR|HxlR,2.A.1,3.A.1,HTH_5,3.A.3
3.A.1,HATPase_c|HisKA,Response_reg|Trans_reg_C,NTP_transf_2,HTH_18|dCache_1,3.A.1,3.A.1,3.A.1,GH88,GH154
CBM32,CBM32|GH20|CBM32,2.A.1
3.A.1,3.A.1,3.A.1,HTH_18|dCache_1,GH30_8,HTH_18|AraC_binding,SBP_bac_1,GH43_27,GH146,3.A.1,3.A.1,CE1,GH5_21|GH5_35,GH43_10,GH10,GH10,Response_reg|HTH_18,GH43_16|CBM6,Response_reg|HTH_18,8.A.59,3.A.1,3.A.1,3.A.1,3.A.1,3.A.1,SBP_bac_1,SBP_bac_1,Response_reg|HTH_18,Response_reg|HTH_18,8.A.59,3.A.1,3.A.1,3.A.1,TetR_N,8.A.59,Response_reg|HTH_18,SBP_bac_1,3.A.1,3.A.1,2.A.7,Sigma70_r2|Sigma70_r4_2,2.A.76
3.A.1,3.A.1,GyrI-like|HTH_18,Response_reg|HTH_18,3.A.1,3.A.1,GyrI-like|HTH_18,3.A.1,3.A.1,3.A.1,HTH_18|dCache_1,4.C.1,GT4
PL11,PL11,GH105,PL26,HTH_18|dCache_1,3.A.1,3.A.1,3.A.1
3.A.1,1.A.77,2.A.39,GH130,3.A.1,3.A.1,Response_reg|HTH_18,9.B.33,GH28|CBM66|CBM66
3.A.1,3.A.1,PL39
GH20,GH3,GH3,3.A.1,3.A.1,SBP_bac_1,Response_reg|HTH_18,9.B.33,GH105,3.A.1,3.A.1,HTH_18|dCache_1,2.A.6
PL9_2,3.A.1,TetR_N,2.A.36,2.A.38,2.A.38,GT1,TetR_N,GH11
8.A.7,8.A.8,SIS,4.A.7,4.A.7,4.A.7,PL8
3.A.1,3.A.1,2.A.1,3.A.1,3.A.1,3.A.1,Peripla_BP_3|LacI,HTH_18|dCache_1,GH151,3.A.1,3.A.1,3.A.1,GH151,GH2,GH43_32|CBM66|CBM66,3.A.1,3.A.1,3.A.1,Peripla_BP_3|GntR,GntR|Peripla_BP_1,GH93|CBM61
GH3,4.A.3,GH39,CE9
2.A.36,TetR_N,TetR_N,GH2
GH105,3.A.1,3.A.1,3.A.1,HTH_18|dCache_1,HTH_18|AraC_binding,PL15_1,PL17,HATPase_c|dCache_1,Response_reg|HTH_18,SBP_bac_1,3.A.1,3.A.1,GH88,HATPase_c|HisKA,Response_reg|Trans_reg_C,3.A.1,3.A.1,3.A.1,Peripla_BP_1,8.A.59,Response_reg|HTH_18,2.A.66,2.A.21
8.A.5,Aminotran_1_2|GntR,GT28
2.A.1,GH127,HTH_18|AraC_binding,8.A.5,2.A.1,HxlR,Peripla_BP_2,3.A.1,3.A.1,3.A.1,2.A.49,3.A.1
3.A.1,3.A.1,2.A.1,MerR,GH43_5,2.A.7,Sigma70_r2|Sigma70_r4_2,2.A.115,TetR_N,2.A.63,2.A.63,2.A.63,2.A.63,2.A.63,2.A.63
4.A.1,GH32,LacI|Peripla_BP_1,9.B.10,MarR,Nitroreductase,9.B.10
GH18,Glucokinase,9.B.158,3.A.1,3.A.1,3.A.1,3.A.1,3.A.1
GH35,HTH_18|AraC_binding,2.A.1,GH51,3.A.1,3.A.1,3.A.1,Sigma70_r4,Sigma70_r4|Sigma70_r2|Sigma70_r3,GH3,GerE,2.A.1,GerE|Response_reg,2.A.21
GH105,HTH_18|AraC_binding,3.A.12
CBM66|CBM66|GH32|CBM66,GH32,SBP_bac_1,3.A.1,3.A.1
3.A.5,Sigma70_r4,1.C.113,GT0,GT2,bZIP_1,3.A.5,3.D.1
GH161,Peripla_BP_3|LacI,2.A.1,MarR,2.A.1,2.A.1,1.B.52,2.A.85
9.A.11,2.A.3,CE12,9.B.33,Response_reg|HTH_18,3.A.1,3.A.1,3.A.1,GH105,NUDIX,1.A.1
GT4,GT2,4.F.1
3.A.1,TPR_2,HTH_18|AraC_binding,GH36,3.A.1,8.A.59,Response_reg|HTH_18,3.A.1,3.A.1,GH95,CBM35,GH36
3.A.1,3.A.1,3.A.1,Response_reg|HTH_18,8.A.59,GH3,GH29,SBP_bac_1,HTH_18|dCache_1,3.A.1,3.A.1,Sigma70_r4|Sigma70_r2,HTH_18|dCache_1,GH130,3.A.1,3.A.1,3.A.1
2.A.120,GT4,9.B.34,4.C.1,4.C.1
GH123,GH29|CBM32,3.A.1,3.A.1,3.A.1,HTH_18|dCache_1,3.A.1,3.A.1,9.B.33,Response_reg|HTH_18,SBP_bac_1,HTH_18|dCache_1,GH29,3.A.1,3.A.1,3.A.1
GH29,3.A.1,3.A.1,TetR_C|TetR_N,Glyoxalase,HTH_18,3.A.1,3.A.1,3.A.1,9.B.15,HTH_1|LysR_substrate,3.A.1,3.A.1,3.A.1,3.A.1,HTH_11,3.A.1,3.A.1,3.A.1,Peripla_BP_3|LacI,2.A.1,HTH_5,SBP_bac_1,2.A.1,GH109,CBM70|PL35|CBM32,9.B.169,Response_reg|Trans_reg_C,HATPase_c|HisKA,HD,8.A.5
GH43_1,HTH_5,TetR_N,2.A.1
3.A.1,3.A.1,HTH_5,GH43_26|CBM35,GH2,GH2,3.A.1,3.A.1,SBP_bac_1,GH43_26,9.A.25,TetR_N,SBP_bac_1,3.A.1,3.A.1
3.A.1,3.A.1,3.A.1,3.A.1,GntR,GH2,3.A.1,3.A.1,3.A.1,9.B.33,Response_reg|HTH_18,CE4
GH95,8.A.5
GH23,2.A.107,3.A.1,3.A.1,3.A.1,1.B.52,Response_reg|Trans_reg_C,HATPase_c|HisKA|PAS,2.A.28
3.A.1,3.A.1,3.A.1,Peripla_BP_3|LacI,GH4,SBP_bac_1,3.A.1,3.A.1,HTH_18|AraC_binding,GH16_21,HTH_18|AraC_binding,Rhodanese,3.A.1,SBP_bac_3,3.A.1
GH94,3.A.1,3.A.1,SBP_bac_1,3.A.1,9.B.33,Response_reg|HTH_18,SBP_bac_1,3.A.1,3.A.1,HATPase_c|HisKA,Response_reg|Trans_reg_C,9.B.160
9.B.74,TetR_N,GT28
CBM32|PL7_5,GH73,1.E.19
GH18,FUR,9.B.20
3.A.3,Aminotran_1_2,3.A.1,Sigma70_r2|Sigma70_r4_2,3.A.1,8.A.5,GH36,GH42,3.A.1,3.A.1,3.A.1,9.B.33,Response_reg|HTH_18,GH42,GH95,3.A.1,3.A.1,3.A.1,Response_reg|HTH_18,8.A.59,GH31,HTH_18|AraC_binding,CBM5|GH18,2.A.1,2.A.21
CE4,3.A.1,2.A.1
3.A.1,GntR,3.A.1,2.A.1,GAF|GerE|Pkinase,GH13_31,GH32,3.A.1,3.A.1,LacI|Peripla_BP_1,9.B.18,GT2,GT2,GT4,GT4,3.A.1,3.A.1
9.B.146,GT26
1.A.33,HTH_11,Peptidase_M23,3.A.2,3.A.2,3.A.2,3.A.2,3.A.2,1.A.77,GT0,Pribosyltran,Aminotran_1_2,2.A.107,2.A.103,2.A.103
GH94,GH3,Peripla_BP_3|LacI,3.A.1,3.A.1,SBP_bac_1,2.A.1,8.A.59,HTH_AraC|Response_reg|HTH_18,SBP_bac_1,3.A.1,3.A.1,5.A.3,1.A.16
3.A.1,3.A.1,MarR,CE4,HTH_1|LysR_substrate,1.E.14,2.A.122,9.A.40,3.A.1,3.A.1,3.D.4,3.D.4
2.A.64,2.A.64,HTH_18|dCache_1,GH18,CBM9,GH29,GH29,SBP_bac_1,3.A.1,3.A.1,GH18,HTH_1|LysR_substrate,2.A.98,GH13_5,3.A.1,GH127
3.A.3,HMA,GH67,GH10,3.A.1,3.A.1,3.A.1,8.A.59
GH92,9.A.11,2.A.3,2.A.45,Response_reg|Trans_reg_C,HATPase_c|HisKA,3.A.1,3.A.1
2.A.1,4.A.2,HTH_11,4.A.2,GH9,FHA|Trans_reg_C,CE4,GH126,TetR_N,3.A.1,3.A.1
GT2,9.B.97,GH18
3.A.18,Glyoxalase,9.B.169,HATPase_c,GerE|Response_reg,1.A.8,9.B.33,SBP_bac_1,3.A.1,3.A.1,Response_reg|HTH_18,8.A.59,3.A.4,MarR,GH16_3|CBM56,HTH_Mga|Mga,3.A.1,3.A.1,3.A.1,3.A.1,Response_reg|Trans_reg_C,HATPase_c|HisKA,TetR_N,2.A.1,GT2,GGDEF,GH126,HTH_3,1.A.78
2.A.21,1.A.30,1.A.30,3.A.7,3.A.3,HTH_5,GT51,3.A.1,3.A.1,3.A.1,GH105,HTH_18|dCache_1,PL22|PL22_2,GH105,GH95
3.D.10,TetR_N,3.A.1,3.A.1,HTH_5,GH2
3.A.1,3.A.1,GH30_3,HTH_8,2.A.10
3.A.1,3.A.1,HATPase_c,GerE|Response_reg,4.C.1,4.C.1,3.A.1,2.A.86,PL1|CBM77,8.A.59,Response_reg|HTH_18,3.A.1,3.A.1,3.A.1,Hemerythrin,1.A.23,HxlR,GH3,3.A.16
8.A.3,9.B.18,GT4,GT4,GT4
3.A.1,3.A.1,3.A.1,3.A.1,Sigma70_r2|Sigma70_r4_2,HTH_18|AraC_binding,GH20,CBM41|CBM41|GH13_12,3.A.1
3.A.1,3.A.1,3.A.1,3.A.1,3.A.1,HxlR,9.B.34,Response_reg|HTH_18,9.B.33,3.A.1,3.A.1,3.A.1,Peripla_BP_3|GntR,GT2,2.A.22,Sigma70_r2,GT2
GH3|CBM6,1.A.1,2.A.87,3.A.1,3.A.1,3.A.1
3.A.1,3.A.1,3.A.1,Ada_Zn_binding|HTH_18,2.A.1,HTH_18|AraC_binding,GH43_17,GH0,SBP_bac_1,3.A.1,3.A.1,Response_reg|HTH_18,8.A.59
GH65,HTH_18,3.A.1,3.A.1,3.A.1,TetR_N,2.A.2
3.A.1,3.A.1,HTH_18,GH8,GH43_4,Nitroreductase,3.A.1,3.A.1,3.A.1,9.B.97,GH5_46,CSD,3.A.1,3.A.1,8.A.59,Response_reg|HTH_18,HTH_5,HTH_18|AraC_binding,2.A.66
9.B.34,HMA,Nitroreductase,HTH_18|dCache_1,3.A.1,3.A.1,3.A.1,3.A.1,3.A.1,3.A.1,Glyoxalase,9.B.34,EAL,GH65,Peripla_BP_3|LacI,GH13_36,HTH_11,Response_reg|Trans_reg_C,HATPase_c|HisKA,3.A.1
3.D.4,3.D.4,3.D.4,9.A.22,GntR,3.A.1,3.A.1,3.A.1,3.A.1,3.A.1,HTH_1|LysR_substrate,HTH_18|AraC_binding,2.A.51,HTH_18|AraC_binding,8.A.59,Response_reg|HTH_18,3.A.1,3.A.1,GH51,9.A.40,9.A.40,GH2
2.A.25,AA10|CBM5,DeoRC|HTH_DeoR,3.A.1,3.A.1,3.A.1,SBP_bac_1,1.B.52,SBP_bac_3,3.A.1,3.A.1,3.A.1
3.A.1,3.A.1,3.A.1,2.A.1,8.A.59,Response_reg|HTH_18,3.A.1,3.A.1,3.A.1,GH42,GH53,MarR,3.A.1
3.A.1,3.A.1,Response_reg|Trans_reg_C,HATPase_c|HisKA,GH13_2|CBM20,PIG-L,3.A.1,3.A.1,SBP_bac_1,8.A.59,Response_reg|HTH_18,PL33_2,GH88,GH154,HTH_1|LysR_substrate,PALP,9.B.182
3.A.1,3.A.1,9.B.33,3.A.1,Response_reg|HTH_18,GH67
GT108,HTH_18|AraC_binding,3.A.1,3.A.1,SBP_bac_1,GH38,HTH_18,3.A.1,3.A.1,SBP_bac_1,2.A.108,Response_reg|HTH_18,9.B.33,3.A.1,3.A.1,3.A.1,Penicillinase_R,1.I.1
3.A.1,3.A.1,GH113,3.A.1
CBM67|GH78,Response_reg|HTH_18,HATPase_c|dCache_1,SBP_bac_1,3.A.1,3.A.1,SBP_bac_1,SBP_bac_1,3.A.1,3.A.1,3.A.1,3.A.1,GH140,GH51,GH3,GH2,GH2
GT2,HxlR,8.A.5,8.A.5,CYTH,GH19,2.A.66,3.A.1,3.A.1,3.A.1
GH63,HATPase_c|dCache_1,Response_reg|HTH_18,SBP_bac_1,3.A.1,3.A.1,GH2,HATPase_c,2.A.1,HxlR,2.A.37,Response_reg|HTH_18,8.A.59,3.A.1,3.A.1,3.A.1,CE9
3.A.1,3.A.1,3.A.1,GH26,GH2,SBP_bac_5,3.A.1,3.A.1,3.A.1,3.A.1,3.A.1,3.A.1,HATPase_c,GerE|Response_reg,2.A.37,2.A.37,9.B.97
3.A.1,3.A.1,3.A.1,3.A.1,2.A.1,HTH_1|LysR_substrate,3.A.1,TPR_2|TPR_1,3.A.1,3.A.1,3.A.1,HTH_18|AraC_binding,GH4,HATPase_c|HisKA,3.A.1,3.A.1,3.A.1,3.A.1,3.A.1,HATPase_c|PAS,GerE|Response_reg,1.B.52,HTH_18|AraC_binding,GH4,3.D.2
GT4,9.B.18,CE9,SIS|HTH_6,GerE,8.A.59,Response_reg|HTH_18,SBP_bac_1,3.A.1,3.A.1,9.A.8,9.A.8
1.B.52,9.A.11,2.A.3,2.A.86,CE4,8.A.5
4.A.1,PTS-HPr,8.A.7,GH13_14,3.A.1,DeoRC|HTH_DeoR,3.A.1,3.A.1,3.A.1,3.A.1,3.A.1
GH51,3.A.1,3.A.1,3.A.1,2.A.37,2.A.37,3.A.1,8.A.59,Response_reg|HTH_18,3.A.1,3.A.1
3.A.1,3.A.1,3.A.1,3.A.1,GH43_9,AraC_binding,3.A.1,Sigma70_r2|Sigma70_r4_2,GH76|CBM6|CBM6|CBM6,SBP_bac_1,3.A.1,3.A.1,GH125,Sigma70_r4|Sigma70_r2,HTH_18|dCache_1,3.A.1,3.A.1,3.A.1
CE7,3.A.1,3.A.1,2.A.1,9.A.11,9.A.11,9.A.11
GH23,2.A.109,2.A.109
2.A.103,GT28
2.A.1,TetR_N,CE4,2.A.86,9.B.33,Response_reg|HTH_18,SBP_bac_1,3.A.1,3.A.1,GH3,GH38,GH125,GH5,GH38
4.C.1,GT51,9.B.34,PTS-HPr,2.A.19,2.A.103
5.A.3,5.A.3,GAF,HATPase_c|PAS,GerE|Response_reg,2.A.1,GH38,HTH_18|AraC_binding,2.A.59,3.A.1,3.A.1,3.A.1,Peripla_BP_3|LacI,PfkB,3.A.1,3.A.1,3.A.1,Response_reg|HTH_18,HATPase_c|dCache_1,3.A.1,3.A.1,3.A.1
GT2,Response_reg,CE4|CE4,GT2,GH18,9.B.74,1.A.1,2.A.109
1.A.16,1.A.1,SBP_bac_1,3.A.1,3.A.1,Response_reg|HTH_18,GH3,FUR,3.A.1,3.A.1,3.A.1,5.A.1
3.A.1,3.A.1,GH43_26
3.D.3,3.D.3,3.D.3,2.A.115,TPR_2,CE14,GT4
3.A.1,3.A.1,3.A.1,HATPase_c,MarR,AA10
GT51,3.A.24
3.A.1,GH87,Response_reg|Trans_reg_C,1.A.62
3.A.7,HTH_5,2.A.1,3.A.1,Response_reg|Trans_reg_C,HATPase_c|HisKA,CBM48|GH13_9,GT5,CBM34|GH13_20,3.A.1,3.A.1,CE4,9.B.100
3.A.1,3.A.1,3.A.1,GH88
2.A.1,HTH_18|AraC_binding,CBM67|GH78,9.A.40
2.A.38,GT2,GT4,GT4
4.D.2,4.A.2,HTH_18|AraC_binding,GH88,HATPase_c|dCache_1,Response_reg|HTH_18,3.A.1,3.A.1,SBP_bac_1,GH97,3.A.1,3.A.1,HTH_18|dCache_1,3.A.1,GH28,CBM13,GH51
