3.A.1,3.A.1,3.A.1,3.A.1,2.A.1,3.A.1,GT2,Nitroreductase,Aminotran_1_2,3.A.1,3.A.1,3.A.1,GH20,GH31
3.A.1,3.A.1,GH32,2.A.1,Peripla_BP_1|LacI,2.A.1
9.B.146,2.A.103,GT28,1.E.24,HTH_3,GH38,GH38,GH38,3.A.1,3.A.1,3.A.1,GH5_18,GH31,GH85|CBM32,LacI|Peripla_BP_3,GH125,2.A.1
CE9,3.A.1,3.A.1,3.A.1,3.A.1
GH23,3.A.7
3.A.1,GT5,GH129,3.A.1
3.A.1,GerE|Response_reg,2.A.20,2.A.114,GH13_20,TetR_N,3.A.18,2.A.40
2.A.2,GH2,GyrI-like,HTH_3,CBM48|GH13_11
2.A.109,3.A.1,3.A.1,GH13_9
GH3,PALP,3.A.3,3.A.1,GntR,2.A.38,2.A.38,1.C.109
3.A.1,3.A.1,Pyr_redox_2,GH2,HhH-GPD,2.A.66
2.A.28,Aminotran_1_2,GT4
3.A.1,3.A.1,HTH_6|SIS,GH51,2.A.45
2.A.3,2.A.16,PALP,3.A.1,3.A.1,3.A.1,3.A.1,3.A.1,3.A.1,3.A.1,3.A.1,GH51,LacI|Peripla_BP_3,GH42,3.A.1,3.A.1,LacI|Peripla_BP_3,HTH_3,SIS,3.A.1,3.A.1,3.A.1,3.A.1,3.A.1
GT51,1.A.1
2.A.1,2.A.55,GH53|CBM61,LacI|Peripla_BP_3,GH42,3.A.1,3.A.1,SBP_bac_1,3.A.1,4.C.1,3.A.1
PL27,3.A.1,3.A.1
1.E.24,GH25
GH13_3,2.A.107,Trans_reg_C,HhH-GPD,3.A.1,3.A.6
1.A.11,3.A.5,TetR_N,GT2
9.B.74,TetR_N,3.A.1,3.A.1,3.A.1,2.A.108,2.A.108,9.B.143,GH101|CBM32,9.B.124
3.A.7,GT51
9.A.47,CbiA,9.B.27,LacI|Peripla_BP_3,3.A.1,GH43_32,3.A.1,3.A.1,2.A.40,MerR,1.A.33,GH31,3.A.1,LacI|Peripla_BP_3,CBM20|CBM25,GH77,LacI|Peripla_BP_3,GH13_30,MarR,2.A.1,Peripla_BP_1|LacI,GH13_18
GH51,Peripla_BP_1|LacI|Peripla_BP_3,1.A.43,2.A.49,Pyr_redox_2,3.A.3
GT35,2.A.21,2.A.79
GH23,9.B.106
GT2,3.A.1
3.A.3,2.A.36,GH36,SBP_bac_1,3.A.1,3.A.1,LacI|Peripla_BP_3,LacI|Peripla_BP_3,SBP_bac_1,SBP_bac_1,3.A.1,3.A.1,GH13_30,GH36,GH13_31,PALP|ACT,9.B.74,9.B.74,Nitroreductase,3.A.1,LacI|Peripla_BP_3,3.A.1,3.A.1,9.B.28,GH43_22,ATPase_2|HTH_IclR,2.A.3,TetR_N,3.A.1,2.A.3,GH30_5,GH43_24,MarR,3.A.1,3.A.1
GH127,HTH_18|AraC_binding,LacI|Peripla_BP_3,GH27,3.A.1,3.A.1,GH51,GH43_4,GH43_4,GH43_27,LacI|Peripla_BP_3,GH43_26,SBP_bac_1,3.A.1,3.A.1,2.A.72
GT2,GT2,3.A.1,3.A.1,GT4,GT2,Pyr_redox,2.A.69,HTH_IclR|IclR,3.A.9
CBM22|GH43_16|CBM6,GH43_10|CBM22,2.A.40
2.A.3,Fer4,Aminotran_1_2,2.A.7,GH77,GH13_11,2.A.1,Glyoxalase,2.A.1
2.A.1,4.A.1,3.A.1,3.A.1,3.A.1,GH112
GT2,GT2,3.A.1,Pribosyltran,3.A.16,3.A.1,3.A.1,MarR,3.A.1,3.A.1,3.A.1
2.A.1,LacI|Peripla_BP_3,3.A.1,3.A.1,GH43_11,GH43_12
GH3,MarR,3.A.1,3.A.1
