3.A.7,ACT,GT2,GH13_10,CBM48|GH13_11
3.A.1,3.A.1,3.A.1,Peripla_BP_3|LacI,2.A.1,MarR,CBM67|GH78
3.A.1,3.A.1,3.A.1,9.B.97,GT2,GT2
GH23,Aminotran_1_2,5.A.1,9.B.14
3.A.1,3.A.1,2.A.1,MarR,GH13_30
GT39,GH23|CBM50,3.A.1,MarR,3.A.1,3.A.1,3.A.1,3.A.1
1.I.1,3.A.7,GH23
2.A.86,ACT|PALP,CE14,HTH_5,1.C.113,2.A.53
2.A.101,NUDIX,CE14
3.A.1,2.A.7,HTH_1|LysR_substrate,2.A.1,GH6,PAS,1.B.52,HTH_5,3.A.1,3.A.1,3.A.1,3.A.1,3.A.1
1.A.33,2.A.103,2.A.19,2.A.1,GT2
3.A.5,1.A.11,HD|NTP_transf_2,2.A.114,9.B.76,HTH_IclR,GH3
9.B.146,2.A.103,GT28
3.A.1,3.A.1,4.C.1,TetR_N,GT2,GT83
PL31,PL31,GT2,4.C.1
2.A.1,2.A.86,MerR,2.A.1,3.A.1,3.A.1,3.A.1,3.A.1,3.A.1,1.A.1,2.A.86,Response_reg|GerE,GT2,2.A.3,9.B.143,3.A.3
GT51,GH65,9.A.40,9.A.40
2.A.1,GT2
3.A.1,3.A.1,3.A.1,SBP_bac_1,GH51,Peripla_BP_3|LacI,GH43_3,LysR_substrate,2.A.15
GH0,GT4,Pyr_redox_2,1.A.1,2.A.1
2.A.3,NUDIX,GH18
3.A.1,HTH_3,CBM5,CBM5,4.F.1,3.A.3,3.A.12
CBM48|GH13_11,GT35,GH13_3,GH13_16,CBM48|GH13_9,NUDIX,2.A.7,HTH_1|LysR_substrate,2.A.121
GH3,3.A.1
3.A.1,GT2,Pyr_redox,GT2,GT2
1.A.104,3.A.6,3.A.6,3.A.6,1.A.30,1.A.30,GH23,3.A.6,3.A.6
GT4,3.A.1,3.A.1,3.A.1,3.A.1,GH1,Peripla_BP_3|LacI,3.A.1,3.A.1,3.A.1
GT81,9.B.18
2.A.7,Sigma70_r4|Sigma70_r2|Sigma70_r3,PAS|GAF|ANTAR,GT9,PfkB,SIS,GT4,GT9,GT0,2.A.47
1.I.1,Pyr_redox_2,3.A.1,3.A.1,3.A.1,Aminotran_1_2,GH1
