3.A.1,3.A.1,3.A.9,3.A.1,Trans_reg_C|Response_reg,HATPase_c|HisKA,GH13_31,3.A.1,8.A.3,8.A.3,9.B.18,GT111,GT2,GT14,GT4,2.A.66,Pyr_redox,3.A.1,GH101,GH20|GH84,GT51
3.A.11,SpoIIE,9.B.106,2.A.79,2.A.6,LacI|Peripla_BP_3,GH32,4.A.1
3.A.1,9.B.145,1.A.1,9.B.145,Rrf2,3.A.1,3.A.1,3.A.1,3.A.1,CE1,3.A.1
3.A.1,3.A.1,3.A.1,3.A.1,3.A.1,3.A.1,3.A.1,2.A.88,PfkB,Penicillinase_R,3.A.3,GH1,2.A.22,MerR,Pyr_redox_2,TetR_N,3.A.11,Pribosyltran,3.A.1,3.A.1,3.A.1,3.A.1,3.A.1
3.A.9,3.A.1,3.A.1,HATPase_c,CE4,8.A.5
3.A.1,GAF,AAA,1.B.42,Aminotran_1_2,2.A.3,2.A.115,3.A.1,3.A.1,3.A.1,GH25
GH73,PadR,9.B.182
GT52|GT2,2.A.103,3.A.1,3.A.1,3.A.1,Sigma70_r4|Sigma70_r2|Sigma70_r3,GT4,GT4
2.A.21,3.A.1,HTH_3,GH13_14,CBM48|GH13_9,GT5
3.A.1,3.A.1,ACT,2.A.66,1.C.57,2.A.66,GT2,GT4
3.A.1,3.A.1,GH13_5,3.A.1,3.A.1,3.A.1,3.A.1,Aminotran_1_2|GntR,3.A.1,3.A.1,3.A.1,3.A.1,3.A.1
9.B.126,2.A.36,GH2|CBM71|CBM71
3.D.1,3.A.7,2.A.103,GH2|CBM71|CBM71
GT2,3.A.3,Peripla_BP_2,3.A.1,3.A.1,2.A.77,3.A.1
9.B.28,3.A.1,3.A.1,SBP_bac_1,CBM40|GH33
GH3,9.A.38,9.A.38
GH85,2.A.58,3.A.1,3.A.1
GH95,9.B.146
CBM50,2.A.66
2.A.7,GT51,3.A.1,3.A.1
3.A.14,3.A.14,3.A.14,GT51,GT35,GH77,3.A.1,3.A.1,3.A.1,LacI|Peripla_BP_1,2.A.115,3.A.1
GT2,2.A.38,2.A.38,Glyoxalase,2.A.21,SIS,4.A.6,4.A.6,4.A.6,4.A.6,GH35,GntR,GH20|GH20,9.B.106
1.A.8,2.A.50,4.C.1,2.A.50,MarR,3.A.1,3.A.1,3.A.1,GH92,GH125,GH38,GH20,3.A.1,3.A.1
