2.A.2,GH31,GH2,2.A.2
GH15,2.A.89
CE14,2.A.55,3.A.1,3.A.1
GH36,2.A.102
GH1,3.A.1,3.A.1,SBP_bac_1,LacI|Peripla_BP_3,2.A.56
3.A.11,Nitroreductase,CBM50,2.A.1,3.A.1,3.A.1,3.A.1,3.A.1
3.A.1,3.A.1,3.A.1,3.A.1,ACT|CBS,GH13_16,GT20,3.A.1,3.A.1,GH13_23
9.B.18,GT4,GT4,GT2,2.A.66,CbiA,2.A.47,3.A.1
2.A.1,PfkB,3.A.1,3.A.1,3.A.1,HTH_IclR,3.A.1,3.A.1,3.A.1,4.C.1,TPR_1,2.A.6,CBM50,HTH_5,3.A.3
CE14,3.A.11,9.B.34
9.B.120,CE4,GT2,GT4,GT2,Pyr_redox,GT4
3.A.1,GT55
3.A.1,3.A.1,3.A.1,GH63,SBP_bac_1,HxlR,3.D.10,2.A.1
9.B.146,2.A.103,GT28,1.A.33
GT4,AAA,2.A.109,3.D.7
3.A.1,3.A.1,GT35,2.A.38,2.A.38
CE14,NTP_transf_2,9.B.31,3.A.1,3.A.1,3.A.1
GH77,2.A.7,3.A.2,3.A.2,3.A.2,3.A.2,3.A.2,3.A.2,3.A.2,3.A.2
5.A.3,5.A.3,GH23,2.A.37,CBS,2.A.37,2.A.37
3.B.1,2.A.95,Arg_repressor,GH13_20,1.A.1
9.B.34,GH13_21,NTP_transf_2,3.A.1,3.A.1,3.A.1
GT4,Aminotran_1_2,9.B.34
