2.A.7,2.A.7,GT83,GT2,Aminotran_1_2,3.A.1,3.A.1
2.A.95,GH23,3.A.1,3.A.1,3.A.1,3.A.1
PL2_2,3.A.1,3.A.1,3.A.1,3.A.1,1.B.35,2.A.23,HTH_IclR|IclR,PL22|PL22,2.A.1,1.B.11,9.B.1,9.B.174
1.B.40,1.B.40,CheZ,Response_reg,CheR|CheR_N,1.B.52,1.B.52,9.B.110,1.B.12,HTH_10,2.A.1,CheW,H-kinase_dim|HATPase_c|CheW|CheY-binding,1.A.30,1.A.30,FlhC,3.A.3,9.B.20,CSD,GH2
1.A.23,1.B.26,GT108,GH130,3.A.1,3.A.1,SBP_bac_1,Peripla_BP_3|LacI,3.A.1,1.C.75,1.C.75,1.C.75,1.B.20,2.A.15,HTH_1|LysR_substrate,Peripla_BP_1|LacI,3.A.1,3.A.1,1.B.6,2.A.7,3.A.1,3.A.1,3.A.1,1.B.52
3.A.23,AAA,HTH_7,3.A.23,3.A.23,1.B.11,1.B.11,3.A.23,3.A.23,GT60,GerE,GH103,3.A.1,3.A.1,3.A.1,5.A.3,5.A.3
3.A.1,3.A.11,EPSP_synthase,1.B.40,1.B.40,1.A.16,GT25,2.A.1,AAA,1.B.46,3.A.12,AsnC_trans_reg|MarR,Pyr_redox_2,3.A.1,3.A.1,3.A.9,CSD,3.A.1,3.A.1,2.A.124
2.A.15,TetR_N,AA3_2,1.A.14
1.B.25,4.A.1,CE9
1.B.12,9.B.8,9.B.8,GH3,8.A.5
3.A.1,3.A.1,8.A.21,MerR,3.A.3,2.A.37,PfkB,GT2,GT4
CBM34|GH13_21,2.A.3,2.A.26
1.E.5,AA10,HTH_1|LysR_substrate,3.D.5,3.D.5,3.D.5,3.D.5,3.D.5,3.D.5,3.D.5
GT41,1.B.20
2.A.3,GT26,9.B.128,GT56,2.A.66,Aminotran_1_2,GT0,9.B.146,3.A.6,1.I.1
1.A.34,Aminotran_1_2,GT9,GT9,GT30,GT2
2.A.81,Aminotran_1_2,GH13_19,9.B.186
2.A.1,DeoRC|HTH_DeoR,9.B.104,Rhodanese,GerE,GT35,GH77,Pribosyltran,9.A.8,9.A.8,9.A.8
GT51,1.B.22
2.A.76,3.A.1,3.A.1,3.A.1,GT2,3.A.1,2.A.37,2.A.37
2.A.109,1.B.11,AA7
2.A.7,3.D.10,3.D.10,1.A.23,2.A.25,CBM50
2.A.1,1.C.75,1.B.20,3.A.1,3.A.1,3.A.1,3.A.1,4.D.3,GH8,EAL|GGDEF,1.B.35,PL2_1,CBM32,2.A.23,PfkB,EAL,9.B.121,9.B.126,1.B.12,2.A.8
9.B.33,CBM48|GH13_9,GH13_11,GT5,GT35
3.A.18,HTH_3,2.A.6,2.A.6,2.A.6,PL17_1,PL38,SBP_bac_1,3.A.1,3.A.1,3.A.1,PL38,3.A.1,3.A.1
4.A.2,4.A.2,4.A.2,4.A.2,3.A.1,3.A.1,3.A.1,3.A.1,Crp,GT9,9.B.67,2.A.6,CE8,9.B.34
4.B.1,3.A.1,1.B.6,9.B.34,3.A.3,GH23
9.B.146,2.A.103,GT28,CE11,3.A.5
GT51,3.A.1,3.A.1,3.A.1,2.A.49,1.A.62,3.A.1
3.A.1,3.A.1,3.A.1,Peripla_BP_1,DeoRC|HTH_DeoR,5.A.3,5.A.3,5.A.3,AA2,3.A.1,3.A.1,3.A.1,MarR,2.A.1
GH13_29,4.A.1
1.B.20,1.C.75,1.C.75,1.B.26,3.A.1,GH94,Peripla_BP_3|LacI,3.A.1,3.A.1,3.A.1,GH3,2.A.85,8.A.1
9.B.2,3.A.23,1.B.6,3.A.23,3.A.23,GH0
3.A.1,3.A.1,3.A.1,1.B.14,Peripla_BP_2,GH23
3.A.1,3.A.1,3.A.1,3.A.1,3.A.1,3.A.1,3.A.1,GH53,4.A.1,1.B.3,Peripla_BP_3|LacI,GH31,2.A.1,Peripla_BP_3|LacI,GH154,GH105,CE9,4.A.6,4.A.6,4.A.6,4.A.6
3.A.7,HTH_7,GH102
1.B.33,GT19
3.A.1,3.A.1,3.A.1,GH23,2.A.39,CE4,3.A.1,3.A.1,3.A.1
3.A.23,1.B.6,3.A.23,3.A.23,GH0,GH0
2.A.66,Response_reg|GerE,2.A.56,2.A.56,GH36,2.A.1,Peripla_BP_1|LacI,3.A.1
GH73,Sigma70_r4_2,3.A.1,3.A.1,3.A.1,3.A.1,PfkB,3.A.6,3.A.6,3.A.6,3.A.6,3.A.6,3.A.6,3.A.6,3.A.6
3.A.1,3.A.1,MarR,2.A.21,2.A.108,2.A.108,2.A.108,AA6,2.A.3,1.B.6,9.B.72,Response_reg|GerE,4.F.1
2.A.1,HTH_1|LysR_substrate,3.D.5,Aminotran_1_2,2.A.3,DeoRC|HTH_DeoR,2.A.108,3.A.1,3.A.1,3.A.1,1.B.55,CE4|GH153,GT2
3.A.1,3.A.1,3.A.1,CBM50,SIS|HTH_6,2.A.7,2.A.7,4.C.1,CbiA,GH103
