2.A.1,HTH_1|LysR_substrate,GT0,8.A.5
GT2,GT4,GT4,GT4,1.B.18,8.A.3,8.A.3,cNMP_binding,GH2,9.B.18
2.A.6,GT2
3.A.2,Trans_reg_C|Response_reg,9.B.34,GT4
GH3,Aminotran_1_2,HTH_1|LysR_substrate,3.A.1
2.A.80,MCPsignal,2.A.8,3.A.23,TetR_N,2.A.2,GH3,1.B.1,9.A.25
2.A.53,CBM32,HTH_DeoR|DeoRC,5.B.9
3.A.6,3.A.6,3.A.6,3.A.6,1.B.1,HTH_1|LysR_substrate,3.A.6,3.A.6,GT41
GT51,2.A.7
2.A.80,HTH_1|LysR_substrate,2.A.1,HTH_1|LysR_substrate,2.A.76,GT51,HTH_1|LysR_substrate,2.A.7
2.A.6,B12-binding,GT21,GT2,Response_reg|EAL,2.A.21,GerE,1.A.29,FmdA_AmdA,2.A.46,GntR|Aminotran_1_2,1.A.46,2.A.3,MerR,HTH_1|LysR_substrate,1.B.1
GT2,2.A.6
CBM32,GerE,3.A.1,PadR,HTH_IclR|IclR,2.A.80,4.C.1
CE4,2.A.6,GT2,HTH_IclR|IclR,AraC_binding,2.A.80,2.A.80
2.A.6,2.A.6,1.B.17,3.A.3,GT2,2.A.7,GT83,MCPsignal,3.A.1,9.B.34,2.A.6,3.A.1,3.A.1,3.A.1,9.B.20,MarR,2.A.85,8.A.1,2.A.6,3.A.1,2.A.73,HTH_1|LysR_substrate,2.A.80
GT2,4.D.3,GH8|GH8,HATPase_c|HisKA,GerE|Response_reg,2.A.6,2.A.6,zf-Dof,4.C.1,2.A.36,TetR_N,Trans_reg_C|Response_reg,GGDEF|EAL,1.B.52
1.A.1,4.C.1,1.A.11,2.A.1,GT2,HTH_3,9.A.40
2.A.80,Aminotran_1_2,SIS|HTH_6,GT51,FMN_bind_2,GntR|Aminotran_1_2,HTH_1|LysR_substrate,5.B.1,4.C.1
2.A.3,Aminotran_1_2,2.A.7,2.A.7,AraC_binding|HTH_18,3.A.1,3.A.1,3.A.1,3.A.1,SIS|HTH_6,CE4|GH153,GT2,GntR,2.A.80,3.A.1,3.A.1,3.A.1
1.B.22,GT51,9.B.21,2.A.1,9.B.14,1.A.35,5.A.1
3.A.1,3.A.11,3.A.2,3.A.2,3.A.2,3.A.2,3.A.2,3.A.2,3.A.2,1.A.77,CbiA,2.A.80,HTH_1|LysR_substrate,3.A.1,3.A.1,3.A.1,3.A.1,3.A.1,3.A.1,3.A.1,3.A.1,AA3_2,HTH_1|LysR_substrate,MerR,3.A.3,HMA,1.B.39,GT51
2.A.7,2.A.56,1.A.8,HTH_8|Response_reg,2.A.21,2.A.76,CBM50,3.A.7,HTH_1|LysR_substrate,2.A.114,HATPase_c|dCache_2,GerE|Response_reg,2.A.1,2.A.6,2.A.6,Pyr_redox_2,2.A.80,2.A.80,2.A.80,HATPase_c|HisKA,Trans_reg_C|Response_reg,TetR_N,2.A.6,2.A.6,2.A.6
GH23,3.D.1
1.B.42,SIS|CBS,2.A.37,Pribosyltran,2.A.76,2.A.58,2.A.1,9.B.62,9.B.62,1.B.76,9.B.62,Trans_reg_C|Response_reg,HATPase_c|HisKA,LexA_DNA_bind,3.A.1,SIS|HTH_6,Aminotran_1_2,Aminotran_1_2,2.A.6,3.A.1,3.A.1,TetR_N,1.B.4,MarR,3.A.1,PALP,GH15,GT20
3.A.15,9.A.47,GH23,1.B.6
GT9,2.A.80
3.D.1,3.D.1,GT51,2.A.47
GH18,2.A.7
1.B.18,8.A.3,GT0
PL12,GT4,9.B.18
GT2,GT2,9.B.97,Pyr_redox_2,GT26,9.B.18,GH148,AraC_binding,AAA|HTH_8|Response_reg,2.A.21,2.A.23,EAL|PAS|MASE1|GGDEF,9.B.34,Sigma70_r4_2|Sigma70_r2,2.A.6,8.A.1,2.A.6
3.A.7,CbiA|Response_reg,3.A.7,1.A.54,1.E.52,GT2,3.A.23,HTH_1|LysR_substrate,2.A.1
2.A.40,PALP,GH103,3.A.1,3.A.1,3.A.1
GT9,GT2,GT2,3.A.1
1.B.1,CE4,2.A.40,GntR,9.B.35,9.B.43,2.A.106
3.A.1,TetR_N,GT4
1.B.33,GT19,8.A.7,8.A.21,2.A.7,CBS,2.A.76,1.B.14,1.A.12,4.C.1,GerE,3.A.23,2.A.1,2.A.1,HxlR,2.A.6,HTH_18,PAS|GGDEF,1.B.52,Trans_reg_C|Response_reg,HATPase_c|HisKA,EAL,2.A.1
1.A.14,Sigma70_r3|Sigma70_r4|Sigma70_r2,CBM50,1.B.1,Trans_reg_C|Response_reg,HATPase_c|HisKA,3.A.1,3.A.1,SBP_bac_3,2.A.80
4.C.1,GH23
2.A.21,4.C.1,3.A.16,1.A.30,1.A.30,2.A.98,HTH_1|LysR_substrate,2.A.37,4.F.1,GT104,GH3
2.A.14,2.A.1,3.A.1,2.A.1,HTH_1|LysR_substrate,GH23,HATPase_c,2.A.1,3.A.1,2.A.46,2.A.7,1.I.1,2.A.109
2.A.1,3.D.4,3.D.4,3.D.4,3.D.4,TetR_N,8.A.1,2.A.6,Rhodanese,2.A.6,GT30,GT9,GT4,9.B.18,GT4,GT4,PIG-L,GT2,9.B.146,GT0,GT2,3.A.1
1.A.35,GT51
3.A.5,CE11
GT28,2.A.103,9.B.146
3.A.11,GH23,3.A.7,3.A.7
2.A.53,AAA,GT0
