GT2,GT4,GT4,GT4,2.A.40,8.A.59,1.A.54
9.B.18,GT4,GT4
GH5_19,LacI|Peripla_BP_3,GH1,3.A.1,3.A.1,3.A.1,3.A.1,3.A.1,9.B.72,2.A.1
2.A.88,GH5_25,3.A.1,3.A.1,9.B.120,5.A.1,1.A.11,2.A.102,AAA,1.B.42
3.A.23,3.A.1,3.A.1,3.A.1,FmdA_AmdA,GH13_36,3.A.1,3.A.1,3.A.1,3.A.1,3.A.1
3.A.10,3.A.1,3.A.1,Pyr_redox_2,GH130,3.A.9,GT26,4.A.2,3.B.1
3.A.1,3.A.1,Pribosyltran,3.D.1,3.D.1,3.D.1,GH13_39,2.A.7
9.B.18,3.D.1,2.A.66,CBM41|GH13_14,1.A.43
9.B.34,3.A.1,GH1,TPR_1,PfkB,8.A.59,2.A.4,GH13_36,3.A.15
3.B.1,3.A.1,3.A.1,3.A.1,PglZ,Pyr_redox_2,HhH-GPD,2.A.115,LexA_DNA_bind,9.B.146,2.A.103,GT28,2.A.45,Aminotran_1_2,3.A.1,1.A.33
3.A.5,GH57,Pribosyltran,Aminotran_1_2,GH13_14,3.A.1
3.B.1,3.B.1,HisKA|HATPase_c,GT0
9.B.31,Fer4,CSD,GH13_20,GH31
2.A.20,1.A.33,3.A.9,2.A.45,HMA,3.A.3,2.A.107,GH36
GH130,GH130,3.A.1,3.A.1
3.A.1,3.A.1,Aminotran_1_2,3.A.1,3.A.1,3.A.1,1.B.42,GH38,CE9,SIS,GntR,SBP_bac_1,3.A.1,3.A.1
GH130,3.A.1,3.A.1,3.A.1,PfkB,3.A.1,3.A.1,3.A.1,3.A.1,LacI|Peripla_BP_3,3.A.1
3.A.1,3.A.18,SIS|HTH_6,GT81,3.A.1,3.A.1,3.A.1
3.A.1,3.A.1,PfkB,GT4,3.A.1,3.A.1,3.A.1,3.A.1,B12-binding,2.A.27
GH13_2,GH84,MarR,3.A.1,3.A.1,3.A.1,GH13_23,3.A.1,3.A.1,3.A.1,LacI|Peripla_BP_3,LacI|Peripla_BP_3,GH133,3.A.1,3.A.1,3.A.1
9.B.174,GH57,2.A.38,2.A.38,2.A.38,Response_reg,9.A.8,FeoA,3.A.1
3.A.1,3.A.1,3.A.1,GH31,GH15,GH66
3.A.1,TetR_N,LacI|Peripla_BP_3,GH94,GH144|CBM9,3.A.1,3.A.1,3.A.1,GH2
1.B.42,3.A.1,GT4,4.D.2,GT4,B12-binding,GT2,GT2,CSD,HTH_5,3.A.3,2.A.66
3.A.1,3.A.1,MarR,GT4
