3.A.7,3.A.7,Response_reg,GT51,2.A.66,NUDIX,9.B.34,1.B.52,5.A.1
CBM50,Fer4,1.A.62,1.A.30,1.A.30
2.A.39,2.A.6,GT30,2.A.7,PfkB,3.A.1,GT2,GT4,PIG-L,GT4,1.B.14,GT4,GT9,GT9,9.B.34,2.A.21,2.A.36,1.A.23,HTH_3,2.A.47
GT2,2.A.6
1.B.22,GT51,3.A.11
2.A.64,1.B.52,3.A.1,3.A.1,3.A.1,GT2,2.A.3,GntR,2.A.16
3.A.17,3.A.23,2.A.6,8.A.1,MarR,GT83,GntR,1.B.52,LysR_substrate|HTH_1,3.D.2,3.D.2,3.D.2
AA3_2,2.A.1
3.A.5,3.A.1,3.A.1,Sigma70_r4|Sigma70_r2,GT51
1.B.52,CheW|Response_reg|H-kinase_dim|HATPase_c,CheW,1.C.113,1.A.16,1.I.1,3.A.1,LysR_substrate|HTH_1,2.A.36,2.A.7,GH102
2.A.85,3.A.18,2.A.1,AA3_2,TetR_N,2.A.15,3.A.1,3.A.1,3.A.1
2.A.103,GH103,GH0,GH103
9.B.146,2.A.103,GT28,CE11,9.B.34,1.B.25,HisKA|HATPase_c,Response_reg|Trans_reg_C,2.A.6,2.A.6,Response_reg|CheW,3.A.23,3.D.4,3.D.4,3.D.4,3.D.4,3.A.1,3.A.1
4.A.1,GH13_29,1.B.3,4.A.1,1.B.76
1.B.19,1.B.14,PadR,GT0,2.A.3,NUDIX,2.A.76,LysR_substrate|HTH_1,1.C.107,1.C.107,9.B.72,3.A.23,HisKA|HATPase_c|dCache_1,3.A.1,3.A.1,3.A.1,3.A.1,DeoRC|HTH_DeoR,1.A.8,3.A.1
1.B.6,GH50,2.A.33
3.A.7,GH23
3.A.16,2.A.1,GT104
GH23,3.A.1,3.A.7,LexA_DNA_bind,TetR_N,GH3,2.A.1,Pyr_redox_2,3.A.1,3.A.1,3.A.1
GH17,3.A.1,9.B.136,2.A.21,Citrate_synt,3.D.10,3.D.10
2.A.1,2.A.23,2.A.1,LysR_substrate|HTH_1,2.A.109,CbiA,2.A.1,LysR_substrate|HTH_1,3.A.1,3.A.1,2.A.23,CbiA,GT2,4.D.3,GH8,2.A.50,TetR_N,HTH_18|AraC_binding,2.A.76
9.B.211,LysR_substrate|HTH_1,HTH_11|AsnC_trans_reg,GH19
2.A.39,2.A.6,2.A.6,2.A.6,GntR|Aminotran_1_2,Fer4,CBM48|GH13_9,CBM48|GH13_11,GH77,GT5,2.A.42,Sigma70_r4_2|Sigma70_r2,FecR,1.B.14,3.D.4,2.A.6,2.A.6,2.A.6,2.A.6,9.B.34
9.B.97,9.B.18,Trans_reg_C,Response_reg|Trans_reg_C,9.B.14,1.B.18,GT26
GT0,8.A.3,Response_reg|GGDEF|EAL,GntR|Aminotran_1_2,1.B.20,1.C.75
3.A.1,3.A.1,3.A.1,3.A.1,HTH_18|AraC_binding,GH4,2.A.1,GntR,PfkB,2.A.1,LysR_substrate|HTH_1,GntR,1.B.52,3.A.1,3.A.1,3.A.1,3.A.1,3.A.1,HTH_6,1.B.11
1.B.25,PfkB,3.A.1,3.A.1,3.A.1,3.A.1,HTH_18|AraC_binding,9.B.97,GT0|GT2|GT4,9.B.10,AAA,3.A.23,9.B.153
GT83,2.A.7,GT83,GT2,2.A.108,2.A.108,2.A.108,2.A.108
1.B.15,2.A.1,GH32
GT2,4.D.3,GH8,1.B.55
GH23,3.A.15,3.A.11,LysR_substrate|HTH_1,2.A.1
1.B.11,2.A.21,Response_reg|EAL,Response_reg|GerE,GH28,3.A.1,3.A.1,3.A.1,3.A.1,3.A.1,3.A.1,1.B.35,GntR,HTH_18,3.A.1,LysR_substrate|HTH_1,9.B.97,1.B.14
2.A.40,9.B.35,CE4,9.B.43,2.A.40,1.B.10,1.B.10,TetR_N,2.A.1
GH23,3.A.1,3.A.1,3.A.1,3.A.1,3.A.1
2.A.1,Sigma70_r4|Sigma70_r2|Sigma70_r3,CBM50
GT19,1.B.33
2.A.36,Aminotran_1_2,GT2
2.A.121,GT4
GT51,3.A.1,3.A.1,3.A.1
1.B.19,GT83,1.B.52,2.A.53
