8.A.21,GH23
3.A.1,2.A.66,9.B.97,GT2,GT4,8.A.3,GT0,2.A.6,3.A.1,TetR_N,3.A.16
2.A.66,GH102,LytTR,AA2
1.A.30,1.A.30,2.C.1,Aminotran_1_2,2.A.47,GH16_3,ACT|HD,Glyoxalase,1.B.52
PL1_2,1.B.14,GH43_9,2.A.56,2.A.56
3.A.5,Glyoxalase,HxlR,AAA,GT51
2.A.7,GT4
1.E.54,3.A.5,2.A.6,2.A.6,GT4,HTH_3,3.A.1
2.A.37,GH103
GT51,4.F.1,2.A.66,3.D.10
2.A.21,2.A.37,ATPase_2,2.A.21,GH23,1.B.43
GT39,GT2,1.C.109
8.A.5,2.A.36,1.B.14,9.B.34,SIS,2.A.7,GT2,GT4,3.A.7,2.A.7,4.C.1,2.A.28,HD,3.D.2,3.D.2,3.D.2,3.A.23,2.A.19
GT28,2.A.103,9.B.146
GH24,1.B.33,ACT|PALP,2.A.64,GH3
1.B.52,GT4
3.A.1,3.A.1,3.A.1,3.A.1,2.A.102,GT2,2.A.33,Glyoxalase,1.B.71
GT51,2.A.4
3.A.1,9.B.160,GT51
2.A.1,4.C.1,CE14,HATPase_c,9.B.115,3.B.1,GAF|PAS,3.A.1,3.A.1,4.C.1
3.A.1,2.A.3,GT4
PL0,2.A.1,GH3,2.A.1,Peripla_BP_3|LacI,1.B.14,9.B.99
9.B.143,3.A.9,4.C.1,1.A.34,Peptidase_M23,9.B.174,9.B.18,GT4
GT4,2.A.66,8.A.3,2.A.4
1.A.11,1.B.14,9.B.143,AA3_2
