8.A.59,HisKA|dCache_1|HATPase_c|Response_reg|PAS,Response_reg,3.A.1,HTH_1|LysR_substrate,3.A.7,3.A.11,CBM50
GT9,GT4,3.A.1,GT4,GT9,GT4,GT9,GT4,GT9,9.B.28
GT51,1.B.22
GT51,3.A.23,3.A.23
GH33,1.B.52,Response_reg,3.D.1,3.D.1,3.D.1,3.D.1,2.A.53,Response_reg|Trans_reg_C,3.A.1,GT5,GT35,GH57,GH57,CBM48|GH13_9
9.B.150,3.A.15,3.A.15,3.A.15,9.A.40,9.B.14,3.A.5,GH23
GH73,3.A.6,3.A.6,3.A.6,3.A.6,3.A.6,3.A.6,HATPase_c|HisKA,3.A.23,3.A.6
GT41,TPR_1,9.B.34
2.A.1,GT51,3.A.23
GT4,GT2,GT4,9.B.18
GT2,GT0,GT4,9.B.18,9.B.18
1.A.1,3.A.12,1.B.46,AAA,GH23
3.A.1,3.A.1,3.A.1,GH23
1.B.33,GT19
GH3,GT104,4.F.1
9.B.104,ACT,Aminotran_1_2,3.A.1,1.B.18,CbiA,9.B.42,GT4,GT4,GT4,4.D.1,2.A.66,GT4,2.A.50
4.C.1,9.B.18,HATPase_c|HisKA,3.A.23,TPR_1|TPR_2,GH23
8.A.59,2.A.36,HATPase_c|HisKA|Response_reg|PAS,1.A.23,GT83,GT2,2.A.46,8.A.5
1.B.52,2.A.21,Aminotran_1_2,GH46,8.A.59
2.A.25,PL0,9.B.34,Peripla_BP_1,1.B.52,3.D.7,3.D.7
GT0,cNMP_binding,3.A.23,HATPase_c|HisKA,2.C.1
1.A.30,1.A.62,3.A.15,GH23,3.A.15,3.A.15,3.A.15
3.A.5,2.A.6,2.A.6,HATPase_c|HisKA|PAS,8.A.59,8.A.59,NUDIX,GT9
1.B.1,Glycos_trans_3N,GT83,GT2,2.A.86,3.A.5,Peptidase_M23,CE11,9.B.157,GT28,2.A.103,9.B.146
9.A.40,GH23
GT4,cNMP_binding,GT4,2.A.21,GT83,8.A.59,2.A.51,2.A.72
1.A.11,GH102
2.A.7,2.A.53,1.A.35,GT51
2.A.6,GT30,GT9,GT2
2.A.6,CE4,2.A.13
2.A.37,CBS,GT2
