4.A.1,SIS|ANTAR,GntR,CE9,2.A.1
3.A.1,3.A.1,3.A.1,GH42,GH53,3.D.2,2.A.25,1.B.52,Trans_reg_C|Response_reg,HisKA|HATPase_c,3.A.1,3.A.1,9.B.97,FeoA,9.A.8
GT2,GGDEF,GH126,Sigma70_r4_2,2.A.41
3.A.18,GH43_4,4.A.1,GH1,Trans_reg_C|Response_reg,HATPase_c,3.A.1,3.A.1,9.B.142,3.A.1,3.A.1,3.A.1,4.A.1,GH1,GyrI-like,2.A.41
GT2,9.B.142,Peripla_BP_3|LacI,3.A.1,3.A.1,3.A.1,2.A.1,GH32,3.A.25
4.A.3,GH1,Crp|cNMP_binding,2.A.3,Arg_repressor,2.A.115,2.A.24,GT2,Aminotran_1_2,CE4,3.A.1,3.A.1
2.A.35,1.A.16,3.D.4,3.D.4,3.A.1,3.A.1,PL1_5,3.A.1,HTH_3,3.A.1,9.A.29,3.A.1,3.A.1,FUR,2.A.1,Sigma70_r2|Sigma70_r4_2,3.A.1,2.A.1,CE12,3.A.1
4.A.3,4.A.3,4.A.3,GH4,2.A.50,2.A.1,HTH_IclR|IclR,PfkB,2.A.1,2.A.6,GerE|Response_reg,HATPase_c,GT8,Glyoxalase,2.A.21,2.A.122,1.E.14
2.A.21,9.B.136,3.D.4,3.D.4,3.D.4,GerE|Response_reg,3.A.1,3.A.1,1.E.23,9.A.5,2.A.103,2.A.103,Nitroreductase,2.A.7,4.A.1,GH32,PfkB,GT2,2.A.40,GerE|Response_reg,HATPase_c,3.A.1,2.A.38
9.B.149,GT51
2.A.10,GH73,GT26,GT2|GT4,GT4,3.A.1,3.A.1,GT0,9.B.18,2.A.66,GT4,GT2,GT4,9.B.146
1.E.40,2.A.1,MarR,9.B.156,PL3_1
2.A.53,HD,GH32,GH68
2.A.1,HTH_3,8.A.3,8.A.3,9.B.18,GT4,GT2,GT4,9.B.183,GT2,GT2,9.B.18,Aminotran_1_2,Sigma70_r4,2.A.14,GntR,3.A.1,2.A.3
3.A.3,4.A.2,4.A.2,PfkB,HTH_6|SIS,3.A.1,3.A.1,3.A.1,GH3|CBM6,GH31,3.A.1,3.A.1,3.A.3,1.A.62,Aminotran_1_2,8.A.5,2.A.1,2.A.3,3.A.1,3.A.1,3.A.1,Trans_reg_C|Response_reg,HisKA|HATPase_c,2.A.2,3.A.1,GH28,LysR_substrate|HTH_1,GntR,Peripla_BP_2,3.A.1,3.A.1,CE8,9.B.116,HATPase_c,GerE|Response_reg,2.A.3,9.A.11
GT51,2.A.1
9.A.24,1.A.1,9.B.23,9.A.40,GH12,TetR_N,GH13_31,1.B.52,1.B.52,1.B.52,2.A.86,GT28
2.A.38,2.A.38,TPR_1,2.A.88,GntR|Peripla_BP_3,CBM48|GH13_9,GT5,GT35
GT4,2.A.23,GntR,3.A.1,3.A.1,3.A.1,2.A.1
3.A.1,3.A.1,dCache_1|HTH_18,3.A.1,GH105,9.B.28,Rhodanese,2.A.15,HTH_DeoR,2.A.40
2.A.107,PL1_8
GH43_5,3.A.1,3.A.1,3.A.1,GH51,2.A.114
CBM50,1.A.54
GH73,1.E.31
3.D.10,CBM50
4.A.6,4.A.6,4.A.6,4.A.6,GH32|CBM66,2.A.102,1.B.12,HTH_18,2.A.66,GyrI-like|MerR,3.A.1,3.A.1,3.A.1,3.A.1,3.A.1
3.A.18,2.A.115,3.A.1,3.A.1,FUR,9.B.117,2.A.1,SBP_bac_1,3.A.1,3.A.1,3.A.1,3.A.1,GT4,9.A.11,Glucokinase,3.A.1
3.A.1,3.A.1,3.A.1,2.A.85,3.B.1,2.A.9,4.A.3,4.A.3,4.A.3,GH1
9.B.156,9.B.156,9.B.14,Trans_reg_C|Response_reg,HisKA|PAS|HATPase_c,HisKA|HATPase_c,CE4,Sigma70_r2|Sigma70_r4,Peptidase_M23,ACT,2.A.87,Fer4,2.A.16
3.D.3,3.D.3,3.D.3,2.A.115,CE14,GT4
CBM63,2.A.7,PIG-L,2.A.66,CBM50,AAA,2.A.28,2.A.22,2.A.1
2.A.16,CBM50,2.A.21,GT4,9.B.18,GH23,2.A.3
GT2,2.A.1,2.A.20
2.A.7,HTH_5,2.A.45,Peripla_BP_3|LacI,2.A.56,2.A.56,GH31,GntR,3.A.1,Mga|HTH_11,4.A.2
2.A.26,PL9_2
GH5_2|CBM3,Hemerythrin,3.D.4,1.A.1,2.A.1
2.A.7,2.A.7,TetR_N,GH18,2.A.3,GT1,2.A.1,2.A.36,9.B.143,9.B.10
GT28,2.A.103,9.B.146
1.E.31,CBM50
2.A.7,2.A.7,PadR,PL1_6,3.A.1,3.A.1,3.A.1,3.A.1,3.A.1,3.A.1,Glyoxalase,2.A.3,3.A.1,3.A.1,3.A.1,PL26,GH42,CE12,8.A.5,PL11,CE12,PL11,9.B.28,CE12,dCache_1|HTH_18,GH105,3.A.1,3.A.1,SBP_bac_1,Response_reg|HTH_18,8.A.59,2.A.20,9.A.10,2.A.1
2.A.1,CBM50,Glyoxalase,2.A.7
3.A.1,3.A.1,Trans_reg_C|Response_reg,HisKA|HATPase_c,4.C.1,GH4,3.A.1,3.A.1
1.B.52,3.A.1,3.A.1,3.A.1,2.A.7,2.A.7,HTH_3,4.C.1,2.A.23,9.B.74,TetR_N,GT51,2.A.45,3.A.1,3.A.1,3.A.1,2.A.88
2.A.35,CE4,1.A.23,1.A.43,9.A.40,MerR,9.A.40,TetR_N,9.B.124
2.A.22,Citrate_synt,LysR_substrate|HTH_1,CBM50
9.B.144,GT2
4.A.1,HTH_6|SIS,GH4,2.A.7,3.A.23
3.D.1,4.A.1,2.A.1,GT1
1.A.35,CE4,2.A.19,2.A.1,2.A.25
GH13_29,4.A.1
GH1,4.A.1
2.A.6,TetR_N,GH26,GerE,2.A.21,9.B.20,9.B.118
2.A.115,2.A.40,GH73|CBM50
GH13_31,GH65,3.A.1,3.A.1,3.A.1,CBM34|GH13_20,Peripla_BP_3|LacI,GH13_5,CE4,HTH_11,Glyoxalase,2.A.103,2.A.103,HTH_3,2.A.76,TrmB,9.B.100,2.A.1
3.A.1,2.A.23,2.A.86,2.A.35,GT1,2.A.55,AA10,2.A.3,3.A.7
3.A.1,MerR,2.A.3,9.A.11,2.A.17,GH42,MarR,2.A.1,3.A.1,3.A.1,3.A.1,Response_reg|HTH_18,8.A.59
4.C.1,4.C.1,4.C.1,3.A.1,3.A.1,3.A.1,SBP_bac_1,1.B.52,Pkinase,GH1,3.A.1,3.A.1,9.B.72,MarR,CE7,2.A.21,SKI,2.A.3,2.A.14,2.A.1,MerR,9.B.2,5.A.1,2.A.109
GH18,GntR,GH4,4.A.3,4.A.3,4.A.3
4.A.1,GH3,2.A.28,CE4,3.A.1
GH18,Diacid_rec,2.A.8
