9.B.169,GT4,GT4,GT4,9.B.18,GT4,GH39,3.A.1,3.A.1,3.A.1,3.A.1,3.D.1,HTH_18,3.A.1,9.B.106,9.B.106,2.A.103
3.A.1,HTH_3,GT53,GT85
GT2,3.A.1,2.A.25
GT51,Whib,2.A.1,4.C.1
GH3,2.A.1,GT2
CE1,GT4,GT4,3.A.1,GT2
4.C.1,GT4,HATPase_c|HisKA,Response_reg|Trans_reg_C,3.A.1
GT4,2.A.3
3.A.5,GH136,GT2
2.A.6,MarR,GT2,3.A.1,3.A.1,3.A.1,3.A.1
3.A.1,3.A.1,3.A.1,3.A.1,GT2
GH13,GT39,2.A.15
2.A.77,GH23|CBM50,3.A.1
CE1,TetR_N,2.A.6,3.A.1,3.A.1,3.A.1,3.A.1,3.A.1
1.E.18,TetR_N,3.A.1,3.A.1,2.A.3,1.B.41,1.B.41,GH23
2.A.1,MarR,2.A.86,2.A.22,2.A.22,CE1,8.A.5,2.A.53
2.A.120,SBP_bac_5,CE14
2.A.3,GT81,GH32,GT5,Sigma70_r4_2|Sigma70_r2,3.A.1
3.A.1,3.A.1,3.A.1,CBM48|GH13_9,GH13_3,3.A.1
GT4,4.F.1,2.A.108
CBM48|GH13_11,Peripla_BP_3|LacI,3.A.1,3.A.1,3.A.1,HxlR,GH13_26,GH13_10,PALP,2.A.7,3.A.1
GT28,2.A.103,9.B.146
9.B.106,GT87,GT87|GT87,GT4,3.D.3,3.D.4,3.D.4,3.D.4
4.C.1,GH77,3.A.1,GH13_16
9.B.169,GH25
1.C.113,CBM5,2.A.23
2.A.1,TetR_N,2.A.1,GH16_3|GH16_3,2.A.1
2.A.79,GT20,Peripla_BP_3|LacI,3.A.1,2.A.1,HTH_IclR|IclR,4.A.1,GH32,CE9,9.B.176
GH76,Pribosyltran,Rhodanese,2.A.1,3.A.9,2.A.27,HTH_5,2.A.4
9.B.141,GH3
2.A.6,3.B.1,CE5,CE1,CE1,GT89,GT2
2.A.89,HMA,3.A.3,HMA,2.A.1,PadR,3.A.7,GT51
