3.D.2,PALP,2.A.3,3.A.3,HTH_3,HTH_3,CBM50,GntR,GH1
GH13_31,3.A.1,3.A.1,3.A.1,3.A.1,2.A.37
3.A.1,GH101,GntR,SIS,PfkB,GH35,4.A.6,4.A.6,4.A.6,4.A.6,CE9,4.A.1
2.A.14,CbiA,Aminotran_1_2,GH20,9.B.97,CE4,GT2
3.A.5,3.A.5,3.A.5,3.A.5,GT4,GT8,4.C.1,2.A.1,3.A.1,3.A.1
3.A.1,Response_reg|HTH_18,9.B.33,3.A.1,2.A.13,2.A.1,2.A.2,GH2
2.A.55,2.A.15,AA3_2
4.A.2,GH73,9.B.74,3.A.1,3.A.1,3.A.1,3.A.1,3.A.1,GT2,GT2,Nitroreductase,3.A.1,3.A.1,3.A.1,2.A.4,1.A.28,9.B.10
5.A.3,5.A.3,5.A.3,GAF,HATPase_c,Response_reg|GerE,2.A.1,2.A.7,2.A.1,HTH_18,4.A.1,MarR,2.A.58,Pyr_redox_2,2.A.1,2.A.14,GT4,HATPase_c|HisKA,Response_reg|Trans_reg_C,3.A.1,3.A.1
4.A.3,4.A.3,GH1,3.A.1,2.A.15,2.A.1,2.A.1,3.A.1,3.A.1,3.A.1,9.A.5,1.C.113,2.A.1,2.A.1,3.A.1,4.A.2,Mga|HTH_11,4.A.2,SIS,3.A.1
GT0,1.A.77,3.A.2,3.A.2,3.A.2,3.A.2
3.A.1,HTH_DeoR,2.A.1,MarR,Peripla_BP_1|LacI,GH32,PfkB,Response_reg|LytTR,9.B.14,9.B.46
9.B.126,4.C.3,GT51
GH23,bZIP_1,1.E.31
GT51,bZIP_1,2.A.7,2.A.88
4.A.1,9.B.174,GT28
GT4,3.A.1,3.A.1,GT2
GH73,9.B.97
4.C.1,2.A.50,2.A.38,2.A.109,GT28,2.A.1,4.A.6,4.A.6,2.A.25,2.A.86,GH33,2.A.2,TrkA_C,1.A.26
2.A.102,9.A.40,1.E.11,GH73
2.A.17,2.A.17,Aminotran_1_2,3.A.1,3.A.1,2.A.16,3.A.1,2.A.5,3.A.1,GT2
GT2,9.A.40,4.A.2,PfkB,HTH_DeoR|DeoRC,GT0,2.A.1
CBM50,2.A.20,3.A.1
3.A.1,3.A.1,GT26
GH13_29,4.A.1,Pyr_redox_2,GATase_2,HTH_1|LysR_substrate,9.B.141,Crp,1.C.84,3.A.1
CBM50,Aminotran_1_2,PALP,2.A.22,Response_reg|Trans_reg_C,HATPase_c|HisKA,3.A.3,3.A.3,3.A.3,8.A.7,3.A.1,GH4,4.A.1
