1.B.14,9.B.34,2.A.1,AA10,GH82
1.A.62,CBS,GH11,1.B.52
2.A.6,2.A.6,Response_reg|Trans_reg_C,HisKA,CBM5,1.A.23,9.B.27
8.A.5,GH13
1.B.1,NUDIX,1.B.25,PfkB,Aminotran_1_2,2.A.81,HTH_1|LysR_substrate,8.A.1,HTH_1|LysR_substrate,2.A.83,9.B.34,1.B.14,CBM16|CBM32|PL7_5,2.A.114,EAL|GGDEF,HATPase_c|HisKA,Response_reg|HTH_8,HTH_1|LysR_substrate,2.A.117
GT2,GT83,SBP_bac_3,GT4,SBP_bac_3,9.B.34
GH103,2.A.103
2.A.1,AraC_binding,PL17_2|PL17,PL6|PL6_1,GntR,3.A.1,4.C.1
9.B.42,2.A.49,1.A.8,CBM50,1.A.62
1.B.14,GH20,SIS,CE9,2.A.1,CBM9,GH94,2.A.2
GT2,9.B.18,9.B.18
1.B.33,GT19,9.B.34,2.A.37,GT26,GT2
GH3,1.B.14,LacI|Peripla_BP_3,2.A.2,GH1,2.A.1,GH3,GH16_3
9.A.8,GH73
3.A.7,AAA,GH23,5.B.7,1.A.35,HD,HATPase_c,Response_reg|Trans_reg_C,2.A.76,2.A.23,3.A.7,HTH_1|LysR_substrate,Pribosyltran,2.A.8,1.A.30,1.A.30,1.A.30,2.C.1,2.C.1,2.C.1,4.C.1,2.A.21,1.B.14
GH43_11,9.B.34,MCPsignal|dCache_2,GH23
2.A.1,PfkB,GH50,GH50
GH16_13,GH82,2.A.36,2.A.22,MarR|AsnC_trans_reg,2.A.1
3.D.7,3.D.7,3.D.7,TPR_2|TPR_1,PglZ,2.A.6,2.A.2,GH43_1,1.B.14
GH10,GH10|CBM22|CBM22|CBM22|CBM22,2.A.66
1.B.14,GH117|GH117,PfkB,2.A.1,GH50,GntR,GH16_16|CBM13
2.A.59,2.A.95,GT5,GT35,CBM48|GH13_11,CBM48|GH13_9,GH77
1.A.43,AAA,1.B.46,3.A.12,MarR|AsnC_trans_reg,3.D.2,9.B.34,2.A.1,GH13_23,1.B.14,GH13,GH13_38,5.A.3,5.A.3,GH97,2.A.2,GH15,LacI|Peripla_BP_3,MCPsignal|dCache_2,8.A.8,8.A.7,4.A.1,2.A.53,Aminotran_1_2,2.A.86
2.A.34,5.A.2,GH103,CbiA,4.C.1
8.A.3,9.B.18,GT26,GT2,GT4,GT2
3.A.1,3.A.1,3.A.1,GH3
CBM41|GH13_13,1.B.14
GH23,9.B.27,2.A.23,3.A.1,3.A.1,3.A.1,3.B.1,3.B.1
3.A.1,3.A.1,GGDEF|PAS,1.I.1,3.A.18,3.A.1,3.A.1,Pribosyltran,GH9,TetR_N,1.A.1,1.B.14,Glyoxalase,1.I.1
1.B.14,GT51
CBM50,2.A.25,1.A.23
GT4,8.A.21,1.A.23
1.B.14,PL7_5
3.A.3,3.A.1,3.A.1,3.A.1,1.B.14,HTH_18|GyrI-like,9.B.34,TetR_N,2.A.6,2.A.6,HTH_1|LysR_substrate,GH16_17,1.B.3
1.B.22,GT51
3.A.11,CBM50,2.A.38,2.A.38,HTH_5,2.A.38
9.B.14,Rhodanese,5.A.3,5.A.3,3.A.1,3.A.1,Trans_reg_C,3.A.1,3.A.1,3.A.1,2.A.36,NUDIX,GH10
9.B.104,Rhodanese,Aminotran_1_2,TetR_N,GT30,GT9,GT9,GT25,GT4,GT0
2.A.6,2.A.6,2.A.68,GH23,2.A.106,2.A.4,MarR,9.B.34,GT81,GH13_18,1.B.52,9.B.34
1.B.14,2.A.66,CE4
2.A.6,GT2
9.B.146,2.A.103,GT28,CE11,1.A.34,3.A.5,NUDIX,3.A.15,3.A.15,3.A.15,9.B.125,GntR,Pyr_redox_2,9.B.34
