2.A.103,9.B.157,9.B.157,2.A.6,2.A.6,3.A.15,3.A.15,AA3_2
GH23,3.D.1,HD,3.A.1
1.B.39,GT51
2.A.1,GH3
1.B.1,2.A.1,LysR_substrate|HTH_1,EAL,2.A.1,AA3_2,HTH_IclR|IclR,HTH_IclR|IclR,AAA,2.A.102
1.B.22,Response_reg|GerE,3.A.6,3.A.6,3.A.6,3.A.6,3.A.6,3.A.6,GH23,2.A.6,2.A.6,3.A.5
3.A.1,3.A.1,3.A.1,GGDEF|EAL,2.A.3,GH23
3.A.1,GntR,AraC_binding,3.A.1,3.A.1,3.A.1,AA3_2
GT2,2.A.6
3.D.2,3.D.2,3.D.2,LysR_substrate|HTH_1,2.A.1,GntR,GntR,GH15,2.A.1,Response_reg|GerE,2.A.21,5.A.3,5.A.3,5.A.3,HTH_6|SIS,2.A.3,Aminotran_1_2,2.A.76,GntR,2.A.23
3.A.1,HATPase_c,GH23,LysR_substrate|HTH_1,2.A.1,Aminotran_1_2,2.A.7
9.B.153,GerE,SBP_bac_3,3.A.1,3.A.1,CBM50,Sigma70_r4|Sigma70_r2|Sigma70_r3,1.A.14
9.B.34,2.A.69,GntR,GH18
2.A.20,3.A.7,GT2,2.A.7,GT83
1.B.33,GT19,8.A.7,8.A.21,2.A.7
3.A.1,3.A.1,3.A.1,3.A.1,3.A.1,GntR,2.A.1,CE4
2.A.66,9.B.43,9.B.35,2.A.40,LysR_substrate|HTH_1,3.A.1,3.A.1,3.A.1,3.A.1,2.A.7,9.B.34,GGDEF|EAL,Pyr_redox_2,MerR,3.A.3,GT4,2.A.66,1.B.14,HTH_IclR,3.D.1,LysR_substrate|HTH_1,3.D.1,3.D.1,2.A.22,Pyr_redox_2,2.A.47,3.A.2,3.A.1,3.A.1,3.A.1,4.C.1,HTH_IclR|IclR,9.B.34,1.B.12,2.A.1,MarR,GGDEF|EAL,GT73,3.A.12,3.A.1,3.A.1,3.A.1,3.A.1,2.A.6,8.A.1,2.A.1,HxlR,9.B.34,1.A.23,9.B.34,2.A.1,2.A.66
2.A.6,2.A.6,2.A.6,GT83,HATPase_c|HisKA,Response_reg|Trans_reg_C,1.I.1
2.A.24,MerR,1.B.52,LysR_substrate|HTH_1,CE1,GT0
2.A.6,2.A.6,TetR_N,2.A.1,Pyr_redox_2,2.A.4,8.A.5,GT2,CbiA,TPR_2,GH8,4.D.3
2.A.102,1.A.35,1.B.11,3.A.1,3.A.1,3.A.1,AsnC_trans_reg|MarR,1.C.113,HATPase_c|Response_reg,MCPsignal,GT20,8.A.28
1.B.52,2.A.76,GT51,4.C.1,1.B.11
GT41,1.B.20
GT2,LysR_substrate|HTH_1,2.A.1,TetR_N,2.A.1,3.D.4,3.D.4,3.A.1,3.A.1,2.A.6
3.A.1,3.A.1,3.A.1,3.A.1,3.A.16,9.A.55,2.A.76,GntR,GH37,2.A.23
1.B.20,1.C.75,3.A.7,LysR_substrate|HTH_1,2.A.1,4.C.1,GH23,2.A.1,2.A.1,2.A.58,TetR_N,1.B.1,2.A.40,GntR|Aminotran_1_2,2.A.1,3.A.1,3.A.18,LysR_substrate|HTH_1,Pyr_redox,3.A.1,9.B.34,2.A.40,HTH_3,2.A.55,1.B.14,MerR,3.A.3,HMA,2.A.37
3.A.1,3.A.1,3.A.1,3.A.1,GT9
1.A.23,3.A.1,3.A.1,3.A.1,3.A.1,2.A.4,3.A.1,2.A.16,GT2,GT2,Rhodanese,1.I.1,2.A.28,LysR_substrate|HTH_1,AA6
9.A.40,3.A.7,Response_reg|GerE,2.A.6,2.A.6,2.A.6,8.A.1,Response_reg|Trans_reg_C,HATPase_c|HisKA,2.A.1,9.B.102,9.B.102,HTH_5,LysR_substrate|HTH_1,3.A.1,3.A.1,3.A.1,LysR_substrate|HTH_1,GT0
3.A.1,3.A.1,SBP_bac_1,1.B.1,GntR,HTH_18,4.F.1,1.A.1,GT104,GH3
9.A.40,GerE,2.A.76,CSD,CBM50,GT2,2.A.76,LysR_substrate|HTH_1,2.A.66,2.A.1,2.A.21,GntR,EPSP_synthase,Response_reg|HTH_18,Response_reg|HATPase_c|HisKA,2.A.1,LysR_substrate|HTH_1,GT2,2.A.98,1.B.6,GGDEF,PAS|GGDEF|EAL,2.A.20,2.A.3,AraC_binding,2.A.37,2.A.37,2.A.73,HTH_5,1.A.46,LysR_substrate|HTH_1,LysR_substrate|HTH_1,2.A.1,LysR_substrate|HTH_1,2.A.37,MarR,2.A.7,TetR_N,2.A.1,4.C.1,1.B.12
2.A.6,GT30,GT9,GT4,GT4,GT4,9.B.146
1.A.35,1.A.23,GT51
3.A.5,CE11,GT28,2.A.103,9.B.146
GH102,2.A.6,3.A.1,3.A.1,3.A.1,HATPase_c|HisKA,Response_reg|Trans_reg_C,5.A.1
GT2,2.A.1
GT2,GT0,3.A.23,2.A.1,2.A.1,HTH_6|SIS,2.A.1,LysR_substrate|HTH_1,1.C.75,1.C.75,1.B.20
3.A.1,3.A.1,STAS,3.A.1,3.A.1,3.A.1,3.A.1,2.A.1,2.A.1,Pyr_redox_2,GATase_2,1.B.39,HD,SKI,1.B.22,GT51,9.B.21,2.A.1,9.B.14,5.A.1
3.A.6,3.A.6,3.A.6,3.A.6,3.A.6,3.A.6,3.A.6,3.A.6,GH73
1.B.52,1.B.52,CheW,CheY-binding|CheW|HATPase_c|H-kinase_dim,Response_reg,1.A.30,1.A.30,FlhC,FlhD,2.A.1,4.C.1,3.A.2,3.A.2,3.A.2,3.A.2,3.A.2,3.A.2,3.A.2,1.A.77,2.A.45,CbiA,3.A.1,3.A.1,3.A.1,MarR,3.A.1,2.A.102,3.A.1,3.A.1,3.A.1,3.A.1,NUDIX,AA3_2,LysR_substrate|HTH_1,LysR_substrate|HTH_1,2.A.1
1.B.14,3.A.1,3.A.1,3.A.1,GT51
