2.A.3,3.A.1,CE4
GH3,LacI|Peripla_BP_3,GH13_31,4.A.1,1.B.52,AAA,2.A.40,GT2
2.A.28,2.A.21,2.A.86,2.A.20,GT4,GH32,GH68,3.A.1,Response_reg|HTH_18,9.B.33
3.A.1,3.A.1,ACT,LacI|Peripla_BP_3,4.A.1,GH32,PfkB,2.A.1,3.A.1,3.A.1,3.A.1,3.A.1,3.A.1,2.A.25,3.A.1,GntR,3.A.1
CE4,HhH-GPD,HMA,3.A.3,2.A.21,2.A.53,Trans_reg_C|Response_reg,HATPase_c|HisKA,3.A.18,GerE|Response_reg,2.A.7
GT28,3.A.1,GT2
3.A.1,3.A.1,GH32,GH91,2.A.64,2.A.64,LacI|Peripla_BP_3,3.A.1,3.A.1,3.A.1,GH32|CBM66|CBM66|CBM38|GH32|CBM66,GH91
2.A.8,HTH_18,3.A.1,3.A.1,3.A.1,8.A.59,Response_reg|HTH_18,Fer4,1.A.22,9.A.40,Response_reg|HTH_18,9.B.33,3.A.1,3.A.1,3.A.1,GH2,GH36,8.A.5,2.A.1,3.A.1,3.A.1,Peripla_BP_2,1.A.35,2.A.64,2.A.64
2.A.88,3.A.1,3.A.1,3.A.1,GntR,3.A.1,2.A.1,HTH_Mga|AsnC_trans_reg,2.A.51,2.A.51,2.A.45,GT51,Glyoxalase,2.A.8,2.A.8,SIS|HTH_6,2.A.8,TetR_N,9.B.74
4.C.1,3.A.1,3.A.1,STAS,CE9,4.A.1,GntR,SIS,HTH_3|AraC_binding,9.B.1
2.A.11,YcbB|Response_reg,HATPase_c,2.A.23,HTH_18|AraC_binding,CBM34|GH13_20,GH13
GT2,9.B.18
GH30_5|CBM13,Response_reg|HTH_18,8.A.59,3.A.1,GH43_22|GH43_34,3.A.1,3.A.1,3.A.1,3.A.1,GH43_22|GH43_22,1.E.43,HATPase_c|HisKA,Trans_reg_C|Response_reg,SIS|HTH_6,GH4,HTH_1|LysR_substrate,4.C.3,2.A.3,3.D.2
9.B.27,HTH_IclR|IclR,2.A.1,GntR,2.A.40,2.A.41,2.A.1,HTH_3,LacI|Peripla_BP_3,GH13_31,4.A.1
2.A.120,Peripla_BP_1,4.A.2,HTH_DeoR|DeoRC,2.A.64,2.A.64,HTH_18,GH2,2.A.2,HATPase_c,3.A.1,8.A.59,Response_reg|HTH_18,PfkB,3.A.1,3.A.1,3.A.1,3.A.1,9.B.150,HTH_18,GH3,2.A.11,GntR,4.A.7,4.A.7,AAA,8.A.8,2.A.7,HTH_1|LysR_substrate,HTH_1|LysR_substrate,2.A.1
3.A.1,3.A.1,3.A.1,3.A.1,PfkB,8.A.59,Response_reg|HTH_18,3.A.1,3.A.1,3.A.1,GH42,GH30_2,GntR,4.A.1,HTH_18,GH2,2.A.36,SIS|HTH_6,GH1,2.A.8,Peripla_BP_1|LacI,9.B.28,3.A.1,3.A.1,SBP_bac_1,8.A.59,Response_reg|HTH_18,8.A.5
3.D.4,3.D.4,3.D.4,3.D.4,GH13_31,3.A.23
3.A.1,3.A.1,3.A.1,GH51,2.A.21
2.A.3,1.A.35,PAS|EAL|GGDEF,2.A.3,3.A.1,2.A.4,LacI|Peripla_BP_3,2.A.56,2.A.56,2.A.56,GH31
2.A.21,GT51,PAS|STAS,2.A.2,2.A.56,2.A.56,8.A.59,Response_reg|HTH_18,GH3,2.A.1
2.A.21,Peripla_BP_1|LacI,GH32,PfkB,9.A.11,2.A.3
2.A.102,3.A.1,3.A.1,3.A.1,LacI|Peripla_BP_3,HTH_1|LysR_substrate,2.A.1,TetR_N,2.A.1,1.B.52,CBM50,2.A.1,HTH_1|LysR_substrate,TetR_N,2.A.1,HTH_18|AraC_binding,8.A.5,SBP_bac_1,3.A.1,3.A.1,8.A.59
3.A.1,3.A.1,GH32|CBM66|CBM66|CBM38|GH32|CBM66,HTH_18|AraC_binding,2.A.7,2.A.55
4.A.1,GH1,GH1,TetR_N,4.C.1,4.C.1
GH3,HTH_DeoR|DeoRC,4.A.2,4.A.2,GH3,GH3,Peripla_BP_1,8.A.59,Response_reg|HTH_18,3.A.1,3.A.1,3.A.1,2.A.101,GntR,3.B.1,3.B.1
2.A.64,2.A.64,3.A.1,Trans_reg_C|Response_reg,HATPase_c|HisKA,GH14|CBM20,2.A.102
3.A.23,Pyr_redox_2,3.A.1,2.A.1,LacI|Peripla_BP_3,3.A.1,3.A.1,3.A.1,GH32,GH32,1.B.76,2.A.1
2.A.78,2.A.78,GntR|Aminotran_1_2,2.A.7,GH14|CBM20
2.A.73,2.A.66,GntR,2.A.80,2.A.80,SBP_bac_1,Response_reg|HTH_18,dCache_1|HATPase_c,GH31,GH66,MarR,CBM61|CBM35|CBM61|GH31,HTH_1|LysR_substrate,2.A.11
3.D.1,2.A.1,MarR,GH18,9.A.11
GT28,9.A.11,9.A.11
3.A.18,STAS,CE12
3.A.1,3.A.1,3.A.1,3.A.1,3.A.3,2.A.66,9.A.11,CBM50
2.A.38,9.B.1,Sigma70_r2,2.A.109,GH13_31,3.A.1,3.A.1,3.A.1,3.A.1
3.A.1,3.A.1,3.A.1,Pkinase,Glyoxalase,Response_reg|HTH_18,8.A.59,3.A.1,GH127,LacI|Peripla_BP_3,3.A.1,3.A.1,3.A.1
GH4,3.A.1,3.A.1,SBP_bac_1,LacI|Peripla_BP_3,3.A.1,3.A.1
2.A.41,2.A.22,AAA,CBM50,2.A.66,PIG-L,2.A.7,HxlR,Nitroreductase,9.B.174
GT4,CE14,3.D.3,3.D.3,3.D.3
9.B.106,SpoIIE,3.A.11,3.A.3,GH73,CbiA,2.A.20
GT28,2.A.103,9.B.146
2.A.66,GT4,GT4,GT8,GT32,Aminotran_1_2,9.B.18,9.B.183,GT2,GT4,GT2,GT4,9.B.18,8.A.3,8.A.3
9.A.11,GT4,3.A.1,3.A.1,3.A.1,2.A.1,2.A.58,1.B.52,9.B.117,FUR,3.A.1,3.A.1,1.I.1
CBM50,3.D.10
9.B.157,9.B.157,9.B.157,1.A.54,CBM50
9.B.34,GT51,4.C.1
CBM68|GH13_14,2.A.122,1.E.14,PALP,2.A.40,HTH_DeoR,2.A.66,Pyr_redox_2,Rhodanese,2.A.8,3.A.23,2.A.1,3.A.1
3.A.1,3.A.1,3.A.1,3.A.1,GT4,1.B.52
CBM50,2.A.1,GAF,2.A.51,2.A.51
3.A.23,2.A.115,2.A.115,GH43_11,8.A.5,9.B.28,3.A.1,3.A.1,SBP_bac_1,Response_reg|HTH_18,8.A.59,HATPase_c|HisKA,Trans_reg_C|Response_reg,STAS,2.A.3
GT2,9.B.34,9.B.23,1.A.1
GT51,2.A.63,2.A.63,2.A.63,2.A.63,2.A.63,2.A.63,2.A.63
3.A.1,3.A.1,TetR_N,9.B.143,2.A.1,2.A.1,GT28,9.B.27,3.A.1,3.A.1
3.A.1,3.A.1,3.A.1,GH0,LacI|Peripla_BP_3,GntR,2.A.1
9.B.146,GT2,GT2,GT107,SIS|CBS,GT4,3.A.1,3.A.1,GH73
9.B.141,3.A.1,3.A.1,SBP_bac_1,GH3,GH94,LacI|Peripla_BP_3,GT84,HATPase_c|HisKA,Trans_reg_C|Response_reg,3.A.1
4.A.2,4.A.2,4.A.2,Mga|HTH_11,GT4,9.B.18,9.B.18,9.B.18,8.A.3,8.A.3
3.A.1,3.A.1,GntR,GH31,2.A.2,3.A.7
GT51,9.B.149
2.A.1,1.E.23,SBP_bac_1|LacI,3.A.1,3.A.1,SBP_bac_1,CBM6,Glyoxalase,3.A.7,3.A.1,2.A.3,STAS,GerE|Response_reg,HATPase_c,9.B.116
3.D.1,Pyr_redox_2|NIR_SIR|NIR_SIR_ferr,2.A.1,MarR,2.A.1,HEM4,ACT,2.A.79,2.A.79,4.A.1,GH13_29,GntR,1.C.1
2.A.15,9.B.34,GH18|CE4|GT2
