2.A.38,CBM50,3.A.11
3.A.1,3.A.1,3.A.1,3.A.1,3.A.1,HTH_1|LysR_substrate,2.A.1,8.A.1,GT83,8.A.21
8.A.1,2.A.6,1.B.55,CE4|GH153,GT2,Pyr_redox_2,1.A.13
GT2,3.A.1,3.A.1,3.A.1,1.B.52,2.A.64
3.A.11,GT51,3.A.11,1.B.22
2.A.6,GT2
2.A.21,3.A.23,9.B.34,GT9,GT9,GT4
GT2,3.A.1
2.A.7,HTH_1|LysR_substrate,GT30,2.A.6,2.A.39
GT44,2.A.95
1.B.52,GT83,2.A.7
GT4,2.A.121
2.A.50,PL5_1,1.B.13,GT2
GH23,4.A.1,4.A.1,SIS,CE9
GT2,2.A.36
1.B.33,GT19
GH19,1.M.1
1.B.6,1.B.6,GH50,9.B.186,8.B.24,2.A.33
GH3,2.A.7
2.A.3,HTH_3,2.A.1,Aminotran_1_2,3.A.23,GH73,GT2|GT2
GT2,9.B.18,Aminotran_1_2,GT0
GH17,3.A.1,9.B.136,2.A.21,Citrate_synt,3.D.10,3.D.10,Pyr_redox_2,2.A.26
1.B.10,1.B.10,2.A.40,9.B.43,CE4,9.B.35
GH19,1.M.1
GH15,2.A.1,4.C.1,4.C.1,1.B.14,4.C.1,3.A.1,9.A.25,2.A.6,3.A.1,3.A.1,Sigma70_r4_2|Sigma70_r2,Pyr_redox_2,3.A.3,9.B.20
3.A.15,1.B.22,3.A.15,3.A.15,PL1_6,GntR,1.B.35,3.A.1,3.A.1,3.A.1,3.A.1,3.A.1,3.A.1,GH28,3.A.23
1.A.23,HTH_1|LysR_substrate,3.A.11,3.A.15,GH23
GT2,GT2,GT4,9.B.18,3.A.1
2.A.42,Response_reg|Trans_reg_C,2.A.21,1.B.14,2.A.53,Cyanate_lyase,HTH_1|LysR_substrate,3.A.7,2.A.1,AA3_2,HTH_1|LysR_substrate,HTH_5,3.A.4
GH0,GntR,2.A.1
3.A.23,1.B.25,GH23,PfkB,3.A.1,3.A.1,3.A.1,3.A.1,AraC_binding|HTH_18,GT0|GT2|GT4,Response_reg,2.A.21,CheR_N|CheR,CheB_methylest,Response_reg|HisKA|HATPase_c,Response_reg,2.A.21,8.A.1,2.A.6,2.A.6,2.A.6
2.A.104,HTH_1|LysR_substrate,1.B.19,3.A.1,1.A.46,GH16_14,GT2,GT4,GT4,GT26,9.B.18,8.A.3,1.B.18,9.B.140
1.B.3,3.A.1,3.A.1,3.A.1,3.A.1,GH32,Peripla_BP_1|LacI,1.B.14,FecR,Sigma70_r4_2|Sigma70_r2,HTH_18,3.A.1,Aminotran_1_2,GT2,GT83,2.A.7,2.A.1
2.A.1,1.B.52,9.B.27,GT5,GH13_10,GH77,GH13_26,CBM48|GH13_11,PIG-L,GT2,PIG-L,CBM48|GH13_9,GH13_16,GH13_3,9.B.20,Fer4,GntR|Aminotran_1_2,9.B.34,2.A.6,2.A.6,2.A.6,2.A.6
1.B.62,1.A.30,1.A.30,1.B.20,9.B.32,8.A.1,2.A.85,HTH_IclR|AsnC_trans_reg,1.A.14,GGDEF,1.M.1,GH19
AA2,9.B.104,3.A.4
GH23,3.A.1,3.A.1,3.A.1,3.A.1,3.A.1
2.A.39,2.A.1,1.B.14,FecR,Sigma70_r4_2,2.A.1,AA3_2
GT4,8.A.3,GH5
GH3,TetR_N,LexA_DNA_bind,3.A.7,3.A.1,GH23,3.A.1,2.A.66
2.A.102,HTH_1|LysR_substrate,MarR,GT104
3.A.1,3.A.1,GH23
3.A.3,3.A.3,3.A.3,2.A.3,TetR_N,3.A.11,9.B.18,GT2,3.A.1,GT2|GT2,GT2,9.B.146
1.B.25,1.A.23,2.A.21,NUDIX,3.A.5,CbiA,dCache_1|MCPsignal,GT4
3.D.1,3.A.1,1.A.8,HTH_DeoR|DeoRC,3.A.1,3.A.1,3.A.1,3.A.1,dCache_1|HATPase_c|HisKA,3.A.23,9.B.72,HTH_1|LysR_substrate,2.A.76,NUDIX,HD|Response_reg,9.B.34,9.B.34,5.B.3,HATPase_c,2.A.21,2.A.3,GerE,2.A.3,GT0
9.B.62,4.A.1,1.B.3,GH13_29,4.A.1
2.A.6,2.A.6,Response_reg|Trans_reg_C,HATPase_c|HisKA,1.B.25,9.B.34,CE11,GT28,2.A.103,9.B.146
GT51,cNMP_binding,3.A.1,3.A.1,3.A.1
GH103,GH0,GH103,2.A.103
3.A.1,3.A.1,3.A.1,2.A.15,TetR_N,AA3_2,2.A.1,3.A.18,Pyr_redox_2,2.A.85,SBP_bac_3,9.B.34,PL7_1
GH102,2.A.7,2.A.1,2.A.36,1.A.16,SBP_bac_3,1.I.1
GT51,Sigma70_r2|Sigma70_r4,3.A.1,3.A.1,3.A.5
GH19,3.A.23,Pkinase,SpoIIE,3.A.23,3.A.23,3.A.23,FHA,3.A.23,3.A.23,3.A.23,3.A.23
9.B.10,CBM50,3.A.1,3.A.1,3.A.1
3.A.3,Pyr_redox_2,AsnC_trans_reg|HTH_CodY,2.A.76,GT4,GT4,3.A.1,3.A.1,GT4,GT4,GT4
