3.A.3,HTH_6|SIS,GH38,4.A.2,4.A.2,1.A.8
9.B.31,3.A.1,3.A.1,3.A.1,3.A.1,HTH_3,CE9
4.A.1,HTH_6|SIS,GT2
GH1,4.A.1
GH65,GH13_31,CBM34|GH13_20,SBP_bac_1,3.A.1,3.A.1
4.A.6,4.A.6,4.A.6,3.A.1,3.A.1,3.A.1,3.A.1,3.A.1,GH1,1.A.8
3.A.1,3.A.1,2.A.7,9.B.27,3.A.1,3.A.1,GT28,3.A.1,3.A.1,HisKA|HATPase_c,Trans_reg_C|Response_reg,4.A.2,PfkB,HTH_DeoR|DeoRC,1.A.33
3.A.2,3.A.2,3.A.2,3.A.2,CE1,3.A.11,3.A.11,2.A.45,3.A.1,Aminotran_1_2,3.A.1,9.B.146
2.A.3,2.A.1,2.A.86,4.A.1,GH32,LacI|Peripla_BP_3,3.A.1,3.A.1
GH65,3.A.1,3.A.1,3.A.1,GH65,LacI|Peripla_BP_3,3.A.1,GT51,3.A.1,4.A.3,4.A.3,GH1,GH1,4.A.3,4.A.3,3.A.18
GT51,2.A.36,2.A.1,2.A.98,2.A.3,SBP_bac_3,2.A.3
1.A.22,2.A.66,9.B.97,GT51,3.A.1,3.A.14,3.A.14,CBS,GH25,2.A.66,GT2,GT2,GT4,GT2,3.A.1,GT2,GT4,3.A.3,FeoA,9.A.8
2.A.1,GH13_8,3.A.1,GT4,GT4
GT2,Pyr_redox_2,3.A.1,3.A.1,8.A.5,3.D.2,PALP,Aminotran_1_2,2.A.3,2.A.3,3.A.1,3.A.1,3.A.1
4.A.1,GH1,GH1,GH73
3.A.1,EAL,EAL,GGDEF,GT0,2.A.72
4.A.3,4.A.3,GH1
GH13_31,2.A.8,2.A.35,Pribosyltran,2.A.40,3.A.1,HTH_3,HTH_3,3.A.1,3.A.1
4.A.1,4.A.1,GH13_29
2.A.86,TPR_1,AA10,9.A.24,4.A.1,3.A.3
2.A.1,Rhodanese,Rhodanese,GH1,GH18,GH125,GH38,4.A.3,GntR,Fe_dep_repr_C|Fe_dep_repress,2.A.55,2.A.36,2.A.1,3.A.9,Rrf2,9.B.36,2.A.1,3.A.1,1.A.78,4.A.3
GH1,4.A.3,4.A.3,PfkB,Glycos_trans_3N,HTH_DeoR|DeoRC,4.A.2,4.A.2
GH23,2.A.1
