GH2,2.A.1
GH24,3.A.1,3.A.1,Aminotran_1_2,SIS|HTH_6,HTH_3,2.A.42
GH2,2.A.1
2.A.109,GH33,2.A.47,2.A.1,2.A.95,MarR,HTH_18,2.A.7,2.A.1,HTH_3,3.A.1,3.A.1,3.A.1,3.A.1,3.A.1
GH2,2.A.1
4.A.1,Aminotran_1_2,9.B.102,3.A.1,GH1,HHA,3.D.6,3.D.6,3.D.6,3.D.6,3.D.6,3.D.6,HhH-GPD,2.A.17
3.A.7,2.A.1,3.A.1,LysR_substrate|HTH_1,2.A.1,2.A.66,3.D.4,GH13_16,LacI|Peripla_BP_1,GH13_31,4.A.1,1.B.3,2.A.53,2.A.76,DeoRC|HTH_DeoR,Glyoxalase,3.A.1,3.A.1,3.A.1,3.A.1,3.A.1,1.B.11
GH3,2.A.2,GH37,GH23,2.A.36,Pyr_redox,GntR,2.A.34,5.A.2
4.C.1,PL38,3.A.1,3.A.1,3.A.1,SBP_bac_1,PL38,PL17_1,NUDIX,EAL,2.A.109,4.A.6,4.A.6,4.A.6,2.A.107
CBM50,3.A.1,3.A.1,3.A.1
9.B.158,GH105,2.A.2,GT20,3.A.1,3.A.1,3.A.1,2.A.2,2.A.1,2.A.42,4.F.1,GerE|Response_reg,Autoind_bind|GerE,3.A.1,3.A.1,PALP,3.A.1,GH13_5,GerE,9.B.34,2.A.7,HD,1.B.1,GT2
1.C.80,1.B.11,EAL,GH4,4.A.1,GntR,9.B.34,2.A.1
GT2,GT4,GT2,GT111|GT8,3.A.1,3.A.1
GT4,GT4,9.B.18,8.A.3,1.B.18,1.B.73,2.A.109,9.B.22
2.A.40,LysR_substrate|HTH_1,2.A.113,3.A.1,LytTR|Response_reg,9.B.33,MerR,3.A.1,3.A.1,3.A.1,3.A.1,GH3,9.B.27,1.B.17,GH1,4.A.1
1.B.33,2.A.86,2.A.40,Pribosyltran,GH1,GH28,2.A.2,GH105,EAL|MASE1,9.B.209,LysR_substrate|HTH_1,GH19,1.E.56
3.A.23,HATPase_c|HisKA,GH23
GH19,1.E.56,1.E.43
3.A.1,3.A.1,3.A.1,GH103,4.A.4,4.A.4,4.A.4,DeoRC|HTH_DeoR,SIS|CBS,3.A.23,Pyr_redox_2,2.A.52,5.A.3,Peripla_BP_3|LacI,4.A.1,GH1,3.D.1,3.D.1,3.D.1,3.D.1,3.D.1,3.D.1
3.A.23,GH1,GH5_41|CBM35,1.B.3,4.A.3,4.A.3,4.A.3,4.A.3,Glucokinase,Peripla_BP_3|LacI,3.A.1,3.A.1,3.A.1,3.A.1,1.B.14,3.A.1,3.A.1,3.A.1,2.A.1
1.B.11,1.E.53,MarR,LysR_substrate|HTH_1,2.A.1,Sigma70_r2|Sigma70_r4|Sigma70_r3,CBM50
GH102,CbiA,3.A.1,3.A.1,3.A.1,3.A.1
4.A.2,NUDIX,2.A.109,8.A.5,2.A.1,4.C.1,Peripla_BP_3|LacI,GntR,GH1,4.A.3,3.A.1,LysR_substrate|HTH_1,1.B.11,AraC_binding,3.A.1,3.A.1,3.A.1,3.A.1,PL22_1|PL22,1.B.15,GH32,2.A.1,LacI|Peripla_BP_1,2.A.1,PL22|PL22,PL0,LysR_substrate|HTH_1,2.A.117,2.A.42
3.A.23,4.A.6,4.A.6,4.A.6,4.A.6,1.C.113,SIS|HTH_6,GH1
3.A.15,9.A.4,2.A.56,2.A.56,HhH-GPD,GH23,2.A.1,9.B.120
GH43_10,2.A.2,1.A.30,1.A.30,9.B.27,HTH_18,8.A.5,1.B.76
GH2,2.A.3,2.A.3
3.A.1,3.A.1,3.A.1,3.A.1,Sigma70_r4,Pyr_redox_2,2.A.2,HTH_18,GH43_11,2.A.109,2.A.23,2.A.1,GntR,9.B.27,1.E.34,9.B.124
AA10|CBM73,3.A.3,Peripla_BP_3|LacI,4.A.1,GH13_29,4.A.3,GH4,4.A.3
3.A.1,3.A.1,3.A.1,3.A.1,9.B.22,1.B.33,9.A.40,2.A.1,GH42
CBM50,3.A.1,2.A.25,1.A.23,2.A.3,3.D.10,3.D.10,2.A.7,9.B.13
2.A.3,2.A.13,5.A.1,GT2,TetR_N,2.A.109,2.A.1
1.B.33,HTH_18,1.B.14,GH23
2.A.1,9.B.21,HEM4,TPR_2,2.A.3,GT26,9.B.128,GT56,2.A.66,Aminotran_1_2,GT0,9.B.146,3.A.6,1.I.1,GntR,2.A.39,PfkB,4.B.1
3.A.1,3.A.1,3.A.1,3.A.1,1.B.15,GH91,GH32,2.A.2,Peripla_BP_3|LacI,GerE,1.A.23
1.B.11,2.A.1,GH36,LacI|Peripla_BP_1,2.A.1,HTH_3,2.A.78,4.A.7,4.A.7,5.A.3,5.A.3,5.A.3,9.B.126,2.A.21,3.A.23
1.A.77,3.A.2,3.A.2,3.A.2,3.A.2,3.A.2,3.A.2,3.A.2,3.A.2,PL9_1,SIS,3.A.1,3.A.1,3.A.1,3.A.1,1.B.3,2.A.40,LysR_substrate|HTH_1,2.A.1,2.A.1,SIS|HTH_6,1.B.11,2.A.9
2.A.1,2.A.81,GntR,4.A.1,GH4,9.B.51,PALP,2.A.8,LysR_substrate|HTH_1,2.A.1,2.A.7
2.A.2,GH31,Mga|HTH_11,4.A.2,4.A.2,4.A.2,Glucokinase,SIS|HTH_6,GH4,4.A.1,2.A.40,2.A.27,1.A.8,3.A.1,9.B.124
GT2,GT30,GT2,GT4,GT4,GT9,GT9,GT73,GT9,GT9,Aminotran_1_2,GT2,1.A.34
2.A.14,4.A.2,9.B.32,8.A.1,GH127,2.A.2
2.A.1,IclR|HTH_IclR,3.D.1,Aminotran_1_2,GH13_19,GH73,HTH_18|Peripla_BP_3,3.A.1,3.A.1,3.A.1,9.B.44,9.B.44,9.B.97
1.E.53,3.A.1,CSD,HTH_3,2.A.1,2.A.1,PfkB,LacI|Peripla_BP_1,9.B.186,5.A.3,2.A.1,3.A.1,3.A.1,3.A.1,3.A.1,3.A.1,CbiA,GT2,4.D.3,1.B.55,GH8
GT2,4.D.3,GH8,1.B.55,GGDEF|EAL,2.A.23,PfkB,9.B.121,2.A.1,9.B.126,LysR_substrate|HTH_1,GerE,GH24,GH37,Pyr_redox_2,2.A.21,Trans_reg_C|Response_reg,9.A.8,9.A.8,9.A.8,Pribosyltran,2.A.8,2.A.17,9.B.4,2.A.20,Pyr_redox_2,3.A.23,2.A.47,HTH_1,1.A.26,3.A.1,3.A.1,3.A.1,3.A.1,3.A.1,LysR_substrate|HTH_1,Aminotran_1_2,GT2,GT83,2.A.7,2.A.7,2.A.86,2.A.1,2.A.88,3.A.3,3.A.5,3.A.1,3.A.1,Sigma70_r2|Sigma70_r4,GntR|Aminotran_1_2,Aminotran_1_2,2.A.42,3.A.1,3.A.1,3.A.1,3.A.1,3.A.1,3.A.1,2.A.1,IclR|HTH_IclR,3.A.1,3.A.1,3.A.1,3.A.1
2.A.8,CBM48|GH13_9,CBM48|GH13_11,GT5,GT35,Rhodanese,9.B.104,DeoRC|HTH_DeoR,GerE,GT35,GH77
GT51,1.B.22
GT51,8.A.8,4.A.2,1.B.42,1.B.42,1.B.42,SIS|CBS,2.A.19,3.A.1,3.A.1,3.A.1,3.A.1,3.A.1
GH36,SIS,CE9,4.A.6,4.A.6,4.A.6,4.A.6,DeoRC|HTH_DeoR,2.A.1
4.B.1,3.A.1,GH23
2.A.25,3.A.7,2.A.96,1.A.33,LysR_substrate|HTH_1,GH108,Trans_reg_C,GH18,CBM5,2.A.33,LysR_substrate|HTH_1,9.B.105,LysR_substrate|HTH_1,2.A.47,2.A.47,9.B.124,LysR_substrate|HTH_1,Response_reg,dCache_1|HATPase_c,3.B.1,3.B.1,2.A.24
9.B.146,2.A.103,GT28,CE11,3.A.5,NUDIX,3.A.15,3.A.15,9.B.125,GH43_26,2.A.2,2.A.3
3.A.15,3.A.15,3.A.15,3.A.15,3.A.15,3.A.15,3.A.15,3.A.15,3.A.15,3.A.15,3.A.15,1.B.22,3.A.15,CBM41|GH13_13,8.A.2,GT51,1.B.14,3.A.1,3.A.1,3.A.1,2.A.49,1.A.62,3.A.1
1.B.33,GT19,GH19|CBM73
3.A.1,3.A.1,3.A.1,LysR_substrate|HTH_1,2.A.1,GH23
GT4,GT4,GT2,1.B.18,1.B.14
2.A.26,2.A.3,CBM34|GH13_21
2.A.115,3.A.5,2.A.113,EAL,3.A.1,3.A.1,3.A.1,3.A.1,GH53,GH42,4.A.1,1.B.3
2.A.1,9.B.20,GH28,LysR_substrate|HTH_1,Trans_reg_C,2.A.3,2.A.17
3.A.1,3.A.1,3.A.1,4.A.1,GH1,HTH_3,Peripla_BP_3|LacI|Peripla_BP_1,GH32,4.A.1,1.B.3,PfkB,3.A.1,3.A.1,Peripla_BP_2,3.A.1,8.A.5,1.B.14,2.A.3,2.A.1
GH32,2.A.2,Peripla_BP_3|LacI,3.A.3,8.A.1,2.A.6,3.A.1,3.A.1,3.A.1,3.A.1,3.A.1,2.A.7,GntR|Aminotran_1_2,2.A.76,GntR|Aminotran_1_2,SBP_bac_3,3.A.1,3.A.1,3.A.1,AA3_2,TetR_N,2.A.15,1.E.53,3.A.1,3.A.1,3.A.1,MarR,1.B.14,4.C.1,3.A.1,3.A.1,3.A.1,2.A.1,GH18,3.A.1
CE9,4.A.1,1.B.25,2.A.1
CE8,GntR,2.A.3
1.A.14,4.D.2,9.B.15,3.A.1,3.A.1,3.A.1,3.A.1,TetR_N,LysR_substrate|HTH_1,2.A.1,1.I.1,Glycos_trans_3N,1.B.14,1.A.23,3.A.1,3.A.1,3.A.1,2.A.7,1.B.6,Fe_dep_repress|Fe_dep_repr_C,2.A.45,8.A.5,GH1,GntR,3.A.1,GH31,2.A.1,Peripla_BP_3|LacI,3.A.25,3.A.1,3.A.1,3.A.1,3.A.1,2.A.1,DeoRC|HTH_DeoR,9.B.105,2.A.1,2.A.1,TetR_N,2.A.81
1.B.6,2.A.85,9.B.55,3.A.1,3.A.1,3.A.1,GT4
1.A.14,3.A.1,GH88,SIS,4.A.6,4.A.6,4.A.6
3.A.1,3.A.1,3.A.1,GntR,2.A.1,TetR_N|TetR_C,HTH_18,GH4,HTH_18|AraC_binding,TetR_N,2.A.6,2.A.6,2.A.1
5.A.1,LysR_substrate|HTH_1,3.A.1,3.A.1,3.A.1,LysR_substrate|HTH_1,2.A.40,9.B.35,2.A.39,GntR,CE4,3.A.9,SIS|HTH_6,SBP_bac_3,3.A.1,3.A.1,3.A.1,PL2_1,1.B.35,GerE,9.B.34,HTH_18,4.A.2,4.A.2,4.A.2,4.A.2
2.A.3,AA6,2.A.40
GT2,2.A.1
4.A.1,1.B.14,GH3,Pyr_redox_2,1.B.14,TetR_N,3.A.1,3.A.1,3.A.1
2.A.1,HTH_18|AraC_binding,9.B.34,GT9,9.B.99,8.A.5,GH18,2.A.1,PfkB,8.A.5,DeoRC|HTH_DeoR,2.A.1
4.A.3,4.A.3,4.A.3,HTH_18|AraC_binding,GH4,CE0,2.A.23,1.B.14,2.A.49,1.B.39
2.A.2,GH3,HTH_18|AraC_binding,3.A.7
GH4,3.A.23,3.A.1,3.A.1,3.A.1,3.A.1,2.A.1
1.E.2,GH24,1.M.1
3.A.23,1.B.6,3.A.23,3.A.23,Sigma70_r4_2,Sigma70_r4_2,1.C.106,3.A.23,GH43_11,2.A.2
1.A.35,3.A.18,9.B.50,1.B.1,Fer4,1.E.43,1.E.56,GH108
CE8,3.A.1,2.A.7
1.B.3,2.A.2,GH78,HTH_18|AraC_binding,3.A.1,3.A.1,3.A.1,5.A.3,5.A.3,5.A.3,2.A.1,TetR_N,2.A.1,2.A.7,5.A.3,5.A.3,5.A.3,2.A.1,3.A.1,3.A.1,3.A.1,SBP_bac_5,MarR,3.A.1
2.A.6,EAL,3.D.5,9.B.12,GH13_10,GH13_26
