1.B.43,GH23,2.A.21
3.A.1,HTH_3,GT4,2.A.6,2.A.6,peroxidase,1.E.54
GH23,4.C.1,9.B.29,3.A.1,3.A.1,1.B.52,9.B.34
2.A.76,GT4,1.B.33
3.D.1,3.D.1,3.D.1,3.D.1,3.D.1,3.D.1,3.D.1,3.D.1,3.D.1,3.D.1,3.D.1,3.D.1,3.D.1,3.D.1,3.A.11,1.A.11,GT51,YL1,3.D.10
GT51,2.A.6,2.A.6,2.A.6
3.A.1,3.A.1,9.B.18,GH12,1.B.18,8.A.3,GH74,GT26,9.B.97,9.B.97,2.A.4
1.B.14,2.A.1,2.A.1,1.B.17,TetR_N,4.C.1,2.A.1,1.B.70,4.C.1,GerE|Response_reg,2.A.21,2.A.64,GH3
GT0,1.B.14
GT4,1.B.18,GT4|GT2,3.A.1,3.A.1,8.A.4,CBS|SIS,GT107,GT4,1.A.105,9.A.41
GT4,3.A.1
3.D.4,3.D.4,3.A.1,3.A.1,TetR_N,2.A.20,9.B.72,GT4,1.B.14,9.B.124
3.A.3,MerR,2.A.6,2.A.6,2.A.6,HTH_1|LysR_substrate,3.A.7,3.A.7,3.A.7,3.A.7,3.A.7,3.A.7,GH23
1.B.17,9.B.33,LytTR|Response_reg,9.B.34,GH24
GH25,3.D.1
3.A.16,CHASE3,2.A.9,GH102,2.A.66,3.A.12,AsnC_trans_reg|HTH_IclR,3.D.2,9.B.34
3.B.1,2.A.6,2.A.6,8.A.1,Nitroreductase,HTH_1|LysR_substrate,1.B.14,1.B.14,GT4,TetR_N,AA4,GH13_11,GT5,CBM48|GH13_9,GT35,1.B.14
1.B.22,3.A.15,3.A.15,3.A.15,GT2,2.A.102
3.A.1,GT2,GT2
8.A.21,GT51,9.B.160,3.A.1,AAA,1.A.26
2.A.86,1.B.16,1.C.109,9.A.24,PAS,GT39
2.A.7,GT4,1.B.33
2.A.37,PALP|ACT,1.B.33,GT4
9.B.146,2.A.103,GT28
4.F.1,HTH_1|LysR_substrate,3.D.1,1.B.14,AA3_2,4.C.1
2.A.1,1.B.14,2.A.21,GerE|Response_reg,1.B.20,1.C.75,3.A.1,3.A.1,1.B.4,AA4,MarR,1.B.14
1.A.13,GT2,HTH_1|LysR_substrate,2.A.1,1.B.76,9.B.62,Aminotran_1_2,9.B.20,2.A.89
9.B.149,AA2|AA2,Nitroreductase,Aminotran_1_2,9.B.31,3.A.11,GT22
2.A.3,GH65,2.A.1
9.B.34,1.B.14,MarR,AA6
9.B.34,GH84,CE9,SIS,1.B.14
1.B.14,AsnC_trans_reg|MarR,4.C.1,1.B.14,TetR_N,1.B.14,GH2,PfkB,9.B.211
1.B.14,FecR,Sigma70_r2|Sigma70_r4_2,GH31,2.A.1,GntR,8.A.5,HTH_1|LysR_substrate,1.B.14,4.C.1,GH31
1.B.14,GntR|Aminotran_1_2,2.A.7,GerE,1.B.14,1.B.14,9.B.159,GH68|GH68
2.A.56,1.B.14,GntR,Peripla_BP_3|LacI,2.A.1,2.A.1,1.B.14,1.B.14,HD,CBM32
2.A.1,2.A.37,GH146,CBM51,GH95,GH51,2.A.1,GH43_1,CHASE2,GH43_7,GntR,GH8|GH8,GH3,1.B.14,2.A.1
1.B.14,GerE,GAF|HTH_8,1.B.14,1.B.14,1.B.14,AraC_binding|HTH_18,HTH_5,2.A.59,1.B.14,2.A.1,9.A.25,GH3,1.B.14
1.B.14,Sigma70_r2|Sigma70_r4_2,Peripla_BP_3|LacI,GH68|GH68,2.A.2
9.B.34,GH84,CE9
1.B.76,9.B.62,GH130
GH1,1.B.14
