2.A.56,GH43_9,LacI|Peripla_BP_3,CE12,MarR|AsnC_trans_reg,1.B.14,3.A.1
1.A.11,1.B.20,1.C.75,GH102,PAS|HisKA|HATPase_c,3.A.23
1.A.23,GH3,9.B.44
2.A.4,9.B.10,3.A.1,HTH_1|LysR_substrate,EAL,2.A.3,GH23
3.A.1,GT2,GT2|GT2,GT2
2.A.7,1.B.42,GH18,1.B.40,3.A.15,3.A.11,3.A.15
3.A.15,GT0,GT2,1.B.11,GT0,GT2,TPR_2,2.A.40,3.A.1
9.B.146,2.A.103,GT28,CE11,Peptidase_M23,3.A.5,NUDIX,9.B.33
9.B.126,GT41,TPR_2,1.B.46,Pribosyltran,1.B.12,GerE|Response_reg,HisKA|HATPase_c|Response_reg,EAL|Response_reg,2.A.21,1.B.14,3.A.5,1.C.82
GT4,1.B.14
GT9,2.A.7
GH13_23,1.B.14,GH97,GH0|CBM35,2.A.2,GH13_2,3.A.1,3.A.1,LacI|Peripla_BP_3,3.A.1,8.A.1,GT9,CBM13
1.I.1,9.B.34,9.B.34,9.B.34,Glyoxalase,3.A.1,PL5,HTH_1|LysR_substrate,2.A.7
GT19,1.B.33
3.A.1,3.A.1,HTH_11,GH23,3.D.3,3.D.3,1.A.12
CBM32,2.A.1,HTH_1|LysR_substrate,PfkB,9.B.143
3.A.1,3.A.1,CBM32
9.B.158,3.A.3,MerR,HMA,1.B.14,GH92,LacI|Peripla_BP_3,2.A.1,PfkB,GH2,2.A.3,2.A.3
8.A.59,HisKA|HATPase_c|Response_reg,4.C.1,AA3_2,TetR_N,2.A.15
GH43_1,2.A.2,GH3,GH43_12,GH67,LacI|Peripla_BP_3,GH3,2.A.1,1.B.14,LytTR,3.A.1,3.A.1
1.B.6,3.A.23,9.B.153,2.A.4,GGDEF|PAS|GAF,GH13_16,3.A.1,3.A.1
2.A.6,2.A.6,Trans_reg_C|Response_reg,HisKA|HATPase_c,GH92,2.A.1
CBM48|GH13_11,GH13_26,GH77,GH13_10,CBM48|GH13_9,GT5,PAS,3.A.1,3.A.1,3.A.1
2.A.1,HTH_1|LysR_substrate,GH3
3.A.7,GH23,3.A.7,3.A.7,3.A.7,3.A.7,2.A.1
2.A.5,CBM32,3.A.1,3.A.1,3.A.1,GH144
3.A.1,3.A.1,9.B.14,9.B.14,TPR_2,3.A.1,3.A.1,3.D.4,3.D.4,CE4|GH153,GT2
3.D.1,3.D.1,3.D.1,3.D.1,3.D.1,3.D.1,3.D.1,3.D.1,3.D.1,3.D.1,3.D.1,3.D.1,3.D.1,3.D.1,GT4,CE4
9.B.160,RseA_N,Sigma70_r4_2|Sigma70_r2,1.A.8,2.A.114,HisKA|HATPase_c,Trans_reg_C|Response_reg,GT83,2.A.1,2.A.3
1.C.113,CBS,GT2,GT51,1.B.14,TetR_N,2.A.12
GT51,GT2,2.A.16,9.B.62,1.B.76
1.B.14,GH15,GT20,1.B.33,HisKA|HATPase_c,3.A.23,3.A.15,3.A.15,3.A.15,3.A.15,3.A.15
1.B.22,3.A.11,GT51,1.B.11
2.A.6,2.A.6,TetR_N,2.A.6,GT30,GT4,GH92,2.A.23,2.A.21
2.A.7,AsnC_trans_reg|HTH_11,Peptidase_M23,1.B.14,1.B.14,GH23
1.B.12,CE9,SIS,LacI|Peripla_BP_3,2.A.1,Glucokinase,1.B.14,GH20
GH103,2.A.103,2.A.103,9.B.157,9.B.157
3.A.1,HTH_11,LytTR|Response_reg,8.A.59,GT2,1.B.14,1.E.55,1.B.52,MarR,2.A.1,TetR_N,Glyoxalase,1.B.12
GT2,9.B.67,GT83,CBM50,3.A.11,1.E.43,3.A.7
2.A.73,GH109,1.B.14,GH31|CBM51,SIS,Glucokinase,HTH_DeoR|DeoRC,CE9,2.A.1,2.A.49
3.A.1,3.A.1,9.B.34,AA10|CBM73,AA10|CBM73,3.A.1,3.A.1
2.A.6,GT2
GT1,HTH_1|LysR_substrate,2.A.6,2.A.6,2.A.6,2.A.123,GT2
2.A.46,GH103,9.B.34
2.A.76,HTH_1|LysR_substrate,8.A.5,2.A.3,2.A.109,CE4,2.A.9
