2.A.66,GT4
2.A.66,Rhodanese,GT51,4.A.6,4.A.6,4.A.6
GT28,9.B.146
3.A.1,Pyr_redox_2,3.D.10,Mga,GT35,GH77,2.A.6,SIS,3.A.1,3.A.1,HhH-GPD,3.A.1,2.A.86,4.A.1
CBM40|GH33,3.A.1,3.A.1
GT4,GH29,1.C.109,1.A.26,3.A.3,GH32,3.A.1,3.A.1,3.A.1,LacI|Peripla_BP_3,3.A.7
GH2,GH85,GH29,4.A.5,4.A.5,4.A.5,Mga|HTH_11,CYTH,1.A.35,1.A.35,Aminotran_1_2,GT2,9.B.18,CoiA,4.A.5,4.A.5,3.A.1,GT1,8.A.5,GH35,4.A.3,4.A.3,4.A.3
GH36,3.A.1,3.A.1,3.A.1,AraC_binding|HTH_18,GH36,2.A.3,2.A.49
9.B.18,9.B.18,Response_reg|HTH_18,8.A.59,GH92,3.A.1,3.A.1,GH1
GT2,9.B.211
3.A.1,3.A.1,3.A.1,CE4
3.A.1,3.A.1,3.A.1,3.A.1,3.A.1,GH32,4.A.1,LacI|Peripla_BP_3,3.A.1,2.A.88,3.A.1,3.A.1,3.A.1,3.A.1,3.A.1,3.A.1,3.A.1,3.A.1,3.A.1,3.A.1,3.A.1
3.A.1,3.A.1,2.A.9,4.A.1,GH13_29,GntR,1.C.39,NUDIX,GH13_5,3.A.1
3.A.1,3.A.1,GH112,Glucokinase,SIS,CE9
2.A.40,GT2,Response_reg|GerE,HATPase_c,3.A.1,3.A.1
CBM41|CBM41|GH13_12,8.A.3,8.A.3,GT111,GT4,GT2,2.A.66
3.A.1,3.A.1,4.A.1,3.A.1,GH125,GH38,GH20,FUR,CbiA,8.A.5,GT4,3.A.1,3.A.1
3.A.7,AraC_binding|HTH_18,3.A.1,3.A.1,3.A.1,GH2,4.A.7,4.A.7
4.A.3,4.A.3,4.A.3,SBP_bac_1,3.A.1,3.A.1,LacI|Peripla_BP_3,GH31,ACT,2.A.98
GT1,CE4,2.A.78,2.A.78,PALP,3.A.1,Mga|HTH_11,4.A.3,4.A.3,4.A.3,9.B.158,3.A.1,3.A.1,3.A.3
9.B.14,CBM50,CBM50|GH73,TetR_N,3.A.1
CBM34|GH13_20,GH13,3.A.1,3.A.1,3.A.1,HTH_DeoR|DeoRC,4.A.7
GH13_9,GT5,GT35,PALP,3.A.1,3.A.1,HATPase_c,Response_reg|Trans_reg_C,CSD,1.A.43,4.A.1
3.A.11,3.A.11,3.A.1,GT51,5.A.1,AAA,2.A.1,Sigma70_r2|Sigma70_r4|Sigma70_r3,9.B.97
2.A.66,GT2,9.B.105
