1.A.35,GerE,2.A.6,2.A.6,9.B.1,HTH_1|LysR_substrate,3.A.3,3.A.1,3.A.1,CBM50,3.A.7
3.A.23,HATPase_c|PAS|HisKA,YL1,Rhodanese,GT51
GT4,GT4,4.D.1
GT2,GH99,2.A.50,GT0,Pyr_redox,GT4,9.B.18,9.B.186
GT83,2.A.7,GT2
2.A.53,9.B.102,3.D.6,3.D.6,3.D.6,3.D.6,3.D.6,3.D.6,GT51,Pyr_redox_2,2.A.66,GT4,GH166
2.A.4,2.A.119,GH23,3.A.1
2.A.52,1.A.11,TPR_2|TPR_1,GH103
1.B.18,GT2|GT2,GT2,3.A.1,3.A.1,8.A.4,GT4,GT107
3.A.1,3.A.1,3.A.1,3.A.1,3.A.1,EPSP_synthase,GT9,GT2,GT4
5.A.3,9.B.43,3.A.1,3.A.1,3.A.1,9.B.35,Pribosyltran,GntR,CE4,2.A.4,9.B.62,1.B.76,1.B.10,3.A.1,3.A.1,3.A.1
GT4,GH13_4,1.A.23,2.A.1
3.B.1,3.A.1,GH23,1.A.30,1.A.30,Sigma70_r4|Sigma70_r3|Sigma70_r2,CbiA,1.A.104,3.A.6,8.A.59
1.B.52,Response_reg|CheW,1.B.52,8.A.59,1.B.52,CheW,H-kinase_dim|HATPase_c|CheY-binding|CheW,GH73
GT35,GT5,CBM48|GH13_9,GH77,GH57,Glucokinase,FeoA,9.A.8,1.A.30
1.A.14,GT0
9.B.121,GT51,2.A.6,9.B.62,GT19,1.B.33
8.A.5,GT2
9.B.31,GT4,3.A.15
3.A.23,Peptidase_M23,3.A.23,3.A.23,3.A.23,3.A.23,3.A.23,3.A.23,3.A.23,3.A.23,3.A.23,GH19
2.A.72,4.F.1,GH3
1.B.22,GT51,9.B.14
1.B.6,3.A.5,CE11
GT28,2.A.103,9.B.146
5.A.3,5.A.3,9.A.40,3.A.15,3.A.15,3.A.15,DeoRC,PALP,GH23,3.A.6,GH102,9.B.34
1.B.6,GGDEF|EAL|PAS|Response_reg,GT84|GH94
GT35,8.A.21,GH13_11,3.A.3,3.A.3,9.B.34,Response_reg,1.A.1
GT4,3.A.11
3.A.1,3.A.1,2.A.37,CE4
CE4|GH153,GT2,5.A.1
