3.A.7,CBM50,2.A.21,3.A.23,3.A.11,Sigma70_r4_2,3.D.2,3.D.2
GH13_16,9.B.150,GT4
9.B.146,2.A.103,GT28
CE11,1.A.34,3.A.5,NUDIX,3.A.1,3.A.1
2.A.28,HATPase_c,Response_reg|Trans_reg_C,GH65,1.A.23
1.B.71,GT2
GT9,GT30,Glyoxalase,2.A.6,Rhodanese,9.B.34,3.A.10
GT7,1.B.73
3.A.1,3.A.1,3.A.1,Sigma70_r4_2|Sigma70_r2,2.A.27,2.A.53,Response_reg,HhH-GPD,3.D.6,3.D.6,3.D.6,3.D.6,3.D.6,3.D.6,3.A.15,3.A.15,9.B.106,3.A.1,4.F.1,GH23
9.B.106,AAA,HTH_3,GH23
GT4,GT4,Aminotran_1_2,9.B.18,9.B.18
GT2,Aminotran_1_2,2.A.7,GT83,GT83,GT2,2.A.123,Sigma70_r4_2|Sigma70_r2,FecR,2.A.1
GH103,2.A.103,9.B.157,9.B.157
9.B.146,PL12_3,SIS,1.B.18,8.A.3,GT4,GT4
GT19,1.B.33
3.A.1,GT4,GT2,GT2,GT2,GT4,GT2,GT4,GT2,CbiA,1.B.18,3.A.23,GAF|HisKA|HATPase_c,9.B.18,2.A.25,3.A.3,HTH_3,CbiA,1.B.14,9.B.106,Pribosyltran,9.B.160
3.A.1,FHA,GH23,3.A.1,3.A.1,1.B.14
3.A.6,3.A.18,1.A.23,2.A.6,2.A.6,PALP,GT5
GT2,4.C.1
AA3_2,SBP_bac_3,3.A.1,2.A.1,8.A.1,2.A.6
GT20,CheB_methylest|Response_reg,CheR_N|CheR,Response_reg,1.B.52,CheW,1.B.52,CheW|HATPase_c|H-kinase_dim,STAS,2.A.53,HhH-GPD,2.A.21,9.B.34,EAL|Response_reg,2.A.21,GerE|Response_reg,GerE|Response_reg,Response_reg|PAS|HATPase_c,EAL|Response_reg,2.A.21,1.B.14,3.A.1,3.A.1,3.A.1,1.B.14,3.A.2,1.A.77,3.A.2,3.A.2,HisKA|HATPase_c,Response_reg|Trans_reg_C,1.B.14
5.B.1,Response_reg|Trans_reg_C,HisKA|HATPase_c,2.A.123,GT2,GT83
3.A.3,GH13_11,GT35,HMA,2.A.6,2.A.6,2.A.6,2.A.6
8.A.59,Response_reg,GH77,CBM48|GH13_11,CBM48|GH13_9,GT35,GT51
3.A.1,4.C.1,HD,SKI,1.B.22,GT51
2.A.38,2.A.38,GT51,TPR_2,2.A.64,2.A.17,2.A.67,1.E.40,9.B.174
