3.A.1,3.A.1,ACT,GH29,4.F.1,GH109,2.A.1
GH84,3.A.1,3.A.1,3.A.9,GH89
3.A.1,3.A.1,3.A.1,3.A.1,3.A.15,3.A.15,2.A.21,GT51
GH36,2.A.6,2.A.47
GT35,1.A.1
GH37,2.A.9
2.A.35,GT51,TPR_2,1.A.30
2.A.67,GH89,GH0,5.A.3
GH29,GntR,3.A.1
1.B.22,3.A.3,5.B.3,FeoA,FeoA,9.A.8,1.B.23,3.A.3,Fe_dep_repr_C|Fe_dep_repress,3.D.10,GT4,GT0,2.A.16,Pyr_redox,GT2
GH20,AraC_binding,2.A.7,3.A.1,3.D.1,2.A.95
GH31,HTH_18,8.A.5
9.B.146,GT28
GH43_24,HTH_1|LysR_substrate,2.A.98
2.A.4,2.A.37,2.A.3,2.A.86,GH16_3
GT8,GT2,GT9,GT2,GT4,GT10,9.B.97,GT10,2.A.47,Nitroreductase,GH35,2.A.1,PL38
9.B.31,SpoIIE,Fer4,HxlR,CBM32|GH123,2.A.38
GH2|CBM32,HisKA|HATPase_c,Response_reg|Trans_reg_C,1.B.71,3.A.3,3.A.3,3.A.3,3.A.9,2.A.53
2.A.81,Response_reg,cNMP_binding|HATPase_c,2.A.47,GH105,GH105,GH20,1.A.22,3.A.3,GT26
GT8,GT2,GT11,GT2,GT2,CE9,3.D.1,2.A.114
3.A.1,9.B.18,2.A.21,GT28,3.D.1
GT4,GT0,2.A.66,GT8,GT2,GT2
GH33,2.A.7
GH36,3.A.2,3.A.2,3.A.2,3.A.2
GT2,3.A.1
3.A.11,GT4
GH84,SBP_bac_3,3.A.1,3.A.1,3.A.1,CbiA,GH20,GH29|CBM32
GH20,2.A.49,3.A.23,3.A.1,3.A.1
CBM32|GH2,1.A.30
GT4,1.A.33
CE4,2.A.6,1.A.54
GT0,GH33,3.D.1,2.A.1
GT2,GT2,3.A.11,3.A.15,3.A.15,Aminotran_1_2,2.A.66
2.A.17,3.D.1,3.D.1,3.D.1,3.D.1,3.D.1,3.D.1,3.D.1,3.D.1,3.D.1,3.D.1,2.A.111,GH77
GH13_38,1.B.22
9.B.125,CbiA|Aminotran_1_2,SBP_bac_5,GH35
GH13_8,8.A.7,8.A.8,3.A.1,GT2
GH13_5,2.A.66,GH20
2.A.1,GH33,Sigma70_r4_2|Sigma70_r2,3.A.3
CE11,GH20,9.B.14,Peripla_BP_2,3.A.1,3.A.1
GH20,GH20,CbiA,NUDIX,1.I.1,MarR,2.A.6,2.A.6,3.B.1,2.A.66,3.A.1,8.A.1,2.A.6,2.A.6,NUDIX,2.A.49,GT19
8.A.3,9.B.18,GT2,2.A.66,GT2,GT101,GT2,GT4,GT4,GT0,GT4,GT4,GT2,GT2,9.B.97
GT51,1.B.23,3.D.7,3.D.7
GH20,3.A.5,3.D.1,3.D.1
