1.B.12,3.A.1,2.A.88,3.A.1,3.A.1,3.A.1,3.A.1,3.A.1,3.A.1,dCache_1|HATPase_c,HTH_18|Response_reg,Peripla_BP_2,3.A.1,GyrI-like,GH43_12,HTH_18|AraC_binding,3.A.1,HTH_5,3.A.1,GH43_12,HTH_5,3.A.1,GntR,3.A.1
GH43_11,GH120,HTH_18|AraC_binding,3.A.1,3.A.1,3.A.1
5.A.3,5.A.3,Hemerythrin,2.A.1,HTH_18|AraC_binding,GH43_11
CE4,SBP_bac_3,2.A.66,3.A.1,3.A.1,3.A.1,3.A.1,GT5,GH13_9,HisKA|HATPase_c,Response_reg|Trans_reg_C,3.A.1,HTH_5,3.A.7
3.A.24,GT51
3.A.1,3.A.1,GH43_3,GH43_26,3.A.1,3.A.1,SBP_bac_1,HTH_18|AraC_binding,TetR_N,8.A.5,3.A.1,GntR,3.A.1
CE2,3.A.1
GT4,CE14,TPR_2,2.A.115,3.D.3,3.D.3,3.D.3
2.A.103,PTS-HPr,9.B.34,GT51,4.C.1
GH24,1.E.19
GT28,2.A.103,9.B.146
2.A.109,Aminotran_1_2,GH23
3.A.1,Sigma70_r2|Sigma70_r4,HTH_18|dCache_1,3.A.1,3.A.1,3.A.1,GH88,GH154,HTH_18,GH43_1,3.A.1,3.A.1,3.A.1,HTH_18|Response_reg,8.A.59,3.A.1,GH16_3,3.A.1,3.A.1,SBP_bac_1,8.A.59
CE4,1.B.52
2.A.109,3.A.1,3.A.1,SBP_bac_3,GerE,GT4,GT4|GT2,GT4,GT2
3.A.1,3.A.1,3.A.1,SBP_bac_1,SBP_bac_1,Peripla_BP_3|LacI,GH113,HisKA|HATPase_c,HisKA|HATPase_c,GH94
3.A.1,3.A.1,3.A.1,3.A.1,GT2,GT28
2.A.16,Rhodanese,GH43_26,3.A.1,3.A.1
3.A.1,9.A.11,2.A.1,2.A.3,HTH_18,GH4,HTH_18|AraC_binding,3.A.1,3.A.1,3.A.1,3.A.1
2.A.1,GH36,3.A.1,3.A.1,3.A.1,3.A.1,3.A.1
3.A.1,HisKA|HATPase_c,Response_reg|Trans_reg_C,CBM35|GH26
3.A.1,3.A.1,3.A.1,8.A.59,HTH_18|Response_reg,GT2,GT2,GT2,Arg_repressor,GT2,GH94,3.A.1,3.A.1,3.A.1
9.B.74,TetR_N,GT28,3.A.1
3.A.1,3.A.1,3.A.1,HTH_18|Response_reg,HATPase_c,GH42,3.A.1,3.A.1,3.A.1,HTH_18|Response_reg,8.A.59,3.D.1,PL1_2|CE8,HTH_18|AraC_binding,2.A.1
GH51,HisKA|HATPase_c|Response_reg|PAS,9.B.27,1.A.16,NIR_SIR|Pyr_redox_2|NIR_SIR_ferr,ANTAR,GH2,3.A.1,3.A.1,3.A.1,9.B.33,HTH_18|Response_reg,9.A.40,1.B.52,GH18,2.A.63,2.A.63,2.A.63,2.A.63,2.A.63,2.A.63
3.A.1,3.A.1,3.A.1,GH25,2.A.115,9.A.11,9.A.11,3.A.3,3.A.3,3.A.3
3.A.1,3.A.1,3.A.1,HTH_5,GH51,Rrf2,CBM34|GH13_20,3.A.1,3.A.1,3.A.1,GH13_36,Peripla_BP_3|LacI,GH65,3.A.1,3.A.1,3.A.1,Nitroreductase,3.A.3,HMA,2.A.66,9.B.62,CSD,3.A.1,3.A.1,3.A.1,3.A.1,GT28,2.A.37,2.A.37
3.A.1,3.A.1,GH161,GH30_1,Peripla_BP_3|LacI,2.A.21
CBM66|PL9_1,Response_reg|Trans_reg_C,2.A.21,GH43_4,2.A.4
GH13_12,4.A.2,Mga|HTH_11,4.A.2
9.B.34,HisKA|HATPase_c|Response_reg,GH8,Aminotran_1_2,Response_reg|Trans_reg_C,HTH_18|Response_reg,GH43_10,GH43_27,GH10,HTH_18|AraC_binding,GH146,GH10,3.A.1,3.A.1,TPR_2,3.A.1,3.A.1,SBP_bac_1,SBP_bac_1,GH43_16|CBM6,8.A.59,3.A.1,HTH_18|Response_reg,9.B.34,GH2,9.B.100,3.A.1,GT4,GT4,GT4,GT4,GT4,GT4,GT2,8.A.3,8.A.3,GH3
1.A.23,1.B.52,CE4
GT51,HTH_5,3.A.3,3.A.7,1.A.30,1.A.30
GH3,GH3,GT2,GH3,LysR_substrate|HTH_1,GH3,9.B.34,3.A.1
9.B.34,9.B.34,dCache_1|HATPase_c,Glyoxalase,GH43_4,3.D.4,3.A.1,3.A.1,3.A.1
2.A.7,LysR_substrate|HTH_1,8.A.5,2.A.45,HATPase_c|PAS,Response_reg|GerE,Response_reg,1.B.52,CheW,CheW|HATPase_c|H-kinase_dim,CheB_methylest|Response_reg,CE9,SIS|HTH_6,2.A.17,Pyr_redox_2,GT4,SBP_bac_5,GH26,GH2,Peripla_BP_3|LacI,3.A.1,3.A.1,3.A.1,GH32
GH115,HTH_18|Response_reg,8.A.59,3.A.1,3.A.1,3.A.1,GH10,GH67,GH43_12,3.A.18,2.A.22
9.B.34,GH13_5,Nitroreductase,3.A.1,3.A.1,3.A.1,3.A.1,3.A.1,8.A.59,HTH_18|Response_reg,PALP,1.B.52,4.C.1,HTH_18|dCache_1,SBP_bac_1,3.A.1,3.A.1,3.A.1,GH105,3.D.2,3.A.7,3.A.1,3.A.1,Peripla_BP_2,GT4,GH9,1.B.52,3.D.4,3.D.4,3.A.1,3.A.1,3.A.1,3.A.1,Peripla_BP_3|LacI,GH130,GH113,GH2,1.B.52,2.A.122,1.E.14,LysR_substrate|HTH_1,MarR,3.A.1,3.A.1,1.B.52,8.A.5
2.A.6,TetR_N,PL33_2,2.A.103
GT0,1.A.77,3.A.2,3.A.2,3.A.2,3.A.2,3.A.2,3.A.2,EPSP_synthase,Peptidase_M23,HTH_11,1.A.33
GT26,9.B.146
GT2,GT2,TPR_1,GT2,GT2,GT2,4.D.1,GT2|GT2,GT4,GT2,GT2,CSD,3.A.5,2.A.115
3.A.1,3.A.1,GT4,GT4
GT2,GT2,GT2,9.B.18
3.A.1,CE4,9.B.98
3.A.1,3.A.1,3.A.1,1.B.52,1.A.1,Peripla_BP_3|LacI,3.A.1,3.A.1,3.A.1,GH30_5,GH35
2.A.1,8.A.59,HTH_18|Response_reg,3.A.1,3.A.1,3.A.1,SBP_bac_1,3.A.1,3.A.1,8.A.59,3.A.1,HTH_18|Response_reg,3.A.1,3.A.1,3.A.1,GH95
9.B.20,FUR,GH18
8.A.59,HTH_18|Response_reg,SBP_bac_1,3.A.1,3.A.1,CE12,GH105
CE4,AAA,2.A.40,3.A.7
GH2,HTH_5,3.A.1,3.A.1,3.A.1,GH2,GH43_32|CBM66
2.A.37,2.A.37,3.A.1,8.A.59,HTH_18|Response_reg,3.A.1,3.A.1,3.A.1,3.A.3,3.A.1,HTH_18|Response_reg,8.A.59,3.A.1,3.A.1,GH3,GH94
CBM41|CBM41|GH13_12|GH13_41,2.A.85,3.A.1,3.A.1,SBP_bac_1,Sigma70_r4,8.A.5,PALP,HMA,3.A.3,HTH_18|AraC_binding,8.A.5
1.I.1,3.A.1,3.A.1,3.A.1,Peripla_BP_3|LacI,GH51,3.A.1,HTH_18|Response_reg,8.A.59,3.A.1,3.A.1,3.A.1,3.A.1,3.A.1
3.A.1,3.A.1,3.A.1,3.D.4,3.D.4,3.D.4,3.A.1,3.A.1,3.A.1,3.A.1,3.A.1,GH36
2.A.28,HisKA|dCache_1|HATPase_c|PAS,Response_reg|Trans_reg_C,3.A.1,2.A.107,GH23,9.B.159
GH2,GT4,HTH_18|dCache_1,3.A.1,3.A.1,SBP_bac_1,GH105,GH28,CE8,GH43_11,2.A.4,HTH_5,1.B.52
9.B.34,GT4,2.A.120
2.A.7,2.A.7,GH27,HTH_18|AraC_binding,CE2,4.C.1,Homeobox,GH43_35,GH95,GH43_16|CBM6,GH43_10,SBP_bac_1,3.A.1,GH27,HTH_18|AraC_binding,HTH_18,GntR,3.A.1,PfkB,1.E.14,2.A.122
1.I.1,HTH_18|AraC_binding,GH2,HTH_3,8.A.5,GH42|GH164,1.B.52
3.A.1,3.A.1,3.A.1,GH32
2.A.86,2.A.85,HTH_18|AraC_binding,GH31,GH3|CBM6
3.A.1,3.A.1,3.A.1,3.A.1,GT35,2.A.1,3.A.1,3.A.1,3.A.1,CE4,MarR,3.A.1,3.A.1,3.A.1,3.A.1,GH43_26,HTH_18|AraC_binding,GH127,Peripla_BP_3|LacI,3.A.1,3.A.1,3.A.1,GH130,1.B.52,GH42
2.A.40,PadR,3.A.1,3.A.1,SBP_bac_1,8.A.59,HTH_18|Response_reg,GH88,GH154,3.A.1,3.A.1,9.A.40,GH5_4|CBM46,3.A.1,3.A.1,Peripla_BP_3|LacI,2.A.1,2.A.38,GH18,PIG-L,GH3,8.A.21,3.A.1,3.A.1,2.A.86
GH126,GT2,GGDEF,CBM35,2.A.1,GT4,2.A.49
3.A.1,3.A.1,3.A.1,3.A.1,TetR_N,2.A.1,3.A.1,PadR,3.A.1,FmdA_AmdA,3.A.5,Rhodanese,HTH_18|AraC_binding,GH36,3.A.1,2.A.1,CE12,Response_reg|Trans_reg_C,HisKA|HATPase_c,3.A.1,2.A.86
