CBM50,2.A.1
CE4,3.A.1,2.A.102,HTH_18,3.A.1,3.A.1,3.A.1,3.A.1,2.A.15
1.A.30,1.A.30,9.B.126,3.A.3,2.A.1,CE4
2.A.88,3.A.1,3.A.1,GT2,Response_reg|Trans_reg_C,HATPase_c|HisKA,TetR_N,9.B.74,Response_reg|Trans_reg_C,HATPase_c,3.A.1,3.A.1,4.C.1,9.B.27,2.A.115
9.B.18,GT4
3.A.1,3.A.1,3.A.1,CE4|CE4,GT2,GH18,HTH_1|LysR_substrate,3.A.1,Aminotran_1_2,3.A.1,8.A.59
3.A.1,3.A.1,3.A.1,3.A.1,2.A.20,2.A.63,2.A.63,2.A.63,2.A.63,2.A.63,2.A.63,2.A.63,GT51,3.D.1
4.C.1,Aminotran_1_2,GT51
GH18,9.B.34
CE4,2.A.6,1.B.52
2.A.118,CE9,GntR,PTS-HPr,4.A.3,4.A.3,4.A.3
1.B.52,CE4
3.A.3,3.A.3,3.A.3,3.A.18,3.A.1,3.A.1,FUR,GH126,GGDEF,GT2,9.B.74
9.B.18,GT2,GT4,3.A.1,3.A.1,3.A.1
1.A.22,GH23
2.A.109,3.A.1,9.A.11,Sigma70_r4_2|Sigma70_r2,2.A.102,2.A.115,PL9_2
CE4,2.A.27
AA10,9.B.62
2.A.1,3.A.7,2.A.1,3.A.1,AraC_binding|HTH_18,2.A.76,Aminotran_1_2|GntR,3.D.4,3.D.4,HTH_3|AraC_binding,2.A.3,HATPase_c|HisKA,Response_reg|Trans_reg_C,GH73,9.A.11,2.A.3
GT28,2.A.66,9.A.11,9.B.174,CE4,2.A.76
3.A.7,2.A.41,Mga|HTH_Mga,GH3
2.A.20,2.A.35,1.B.76,5.A.1,8.A.7,PTS-HPr,CE9,4.A.1,3.A.1,3.A.1
2.A.7,2.A.7,HTH_3,3.A.1,3.A.1,GH73,3.A.1,3.A.1,3.A.1,3.A.1,3.A.1,2.A.25,1.B.52,1.B.52
3.A.1,3.A.1,3.A.1,HTH_1|LysR_substrate,MerR|GyrI-like,2.A.1,CBM50,2.A.1
GT4,2.A.115,3.D.3,3.D.3,3.D.3
2.A.3,TetR_N,9.B.97,Fer4,GH5_48
GT2,GT4,GT4,8.A.3,8.A.3,HD,ATPase_2,4.F.1
3.A.1,3.A.1,3.A.1,9.A.39,3.A.1,HTH_8,3.A.1,SIS,PfkB,GntR,CE9,3.A.1,3.A.1,3.A.1,3.A.7,3.A.1,3.A.1,3.A.1
9.A.11,9.A.11,1.A.26,CYTH,GH23
3.A.9,Crp|cNMP_binding,GH13,9.B.169
9.B.146,3.A.5,CBM50,2.A.26,9.B.174
GH73,GT26,2.A.66
3.A.2,3.A.2,3.A.2,3.A.2,3.A.2,1.A.77,GT0,Pribosyltran,GGDEF|PAS|EAL,Aminotran_1_2,1.B.52
3.A.1,3.A.1,Peripla_BP_2,4.C.1,MerR,2.A.9,GT51
3.A.1,3.A.1,3.A.1,3.A.1,3.A.1,2.A.3,HTH_8,Aminotran_1_2,3.A.1,3.A.1,3.A.1,Aminotran_1_2,2.A.115,3.B.1,4.C.1,TetR_N,3.A.7,GT2,GT0,3.A.1
3.A.1,3.A.1,2.A.7,GGDEF|PAS|EAL,2.A.79,2.A.79,CE4
2.A.35,CBM50,Response_reg|BTAD|Trans_reg_C,9.B.34,Response_reg|Trans_reg_C,HATPase_c|HisKA,3.A.1,3.A.1
