2.A.1,2.A.21,3.A.23,dCache_1|GGDEF|PAS,3.A.1,3.A.1,3.A.1,3.A.1,3.A.1,LysR_substrate|HTH_1,2.A.49,GH135,2.A.55
2.A.7,MerR,CE8,1.B.22,3.A.15,3.A.15,3.A.15
GH5_5,2.A.66,4.C.1
3.A.23,9.B.153,2.A.1,GH13_26,GH77,GH13_10,CBM48|GH13_11,CBM48|GH13_9,GH13_16,GH13_3|GH13_3,GT5,1.B.14
GH18|CBM5,PALP,GH37,CBM32,GGDEF,2.A.3,2.A.66,GerE,1.B.55,CE4|GH153,GT2,8.A.1,3.A.1
GH73,9.B.143
GT32,3.A.6,3.A.6,Rhodanese,9.B.34,9.B.34
GT2,GT0,1.A.23,3.A.23,9.B.34,2.A.55
2.A.52,3.A.23,GT9,9.B.97,Sigma70_r2|Sigma70_r4_2,3.A.1,4.C.1,4.C.1
2.A.1,GH28,2.A.1
GH23,1.A.25
3.A.6,3.A.6,3.A.6,3.A.6,3.A.6,HTH_18,1.B.22,GH28,3.A.12
2.A.1,3.D.4,3.D.4,2.A.23,LysR_substrate|HTH_1,9.B.104,9.B.18,9.B.18,GT4,PL12,2.A.66,GT0,8.A.3,1.B.18
3.A.1,3.A.1,PfkB,HTH_6|SIS,2.A.8,GerE,GT83,HisKA|HATPase_c,Response_reg|Trans_reg_C,8.A.1,2.A.6,2.A.6,2.A.6,9.B.34,3.D.4
GH103,MarR,3.D.4,3.D.4
3.D.10,4.C.1,LysR_substrate|HTH_1,GH0,2.A.7,2.A.1,PfkB,4.A.1,1.B.3,GH32,4.A.1,Peripla_BP_3|LacI,3.A.15,9.A.21
1.B.39,HMA,3.A.3,MerR,AA3_2,3.A.1,3.A.1,3.A.1,3.A.1,2.A.102
3.A.23,HTH_3,2.A.1,MCPsignal|dCache_2,GH166
GH24,1.B.20
5.A.1,9.B.14,Sigma70_r2|Sigma70_r4_2,2.A.1,9.B.21,GT51,1.B.22,SKI,HD,1.B.39,GATase_2,Pyr_redox_2,3.A.1,3.A.1,3.A.1,3.A.1,STAS,3.A.1,3.A.1
2.A.64,3.A.1,3.A.1,HisKA|HATPase_c,Response_reg|Trans_reg_C,SBP_bac_1,1.B.1,1.A.22,3.D.3,3.E.2,3.D.3,1.A.12,HisKA|HATPase_c,1.B.14,1.B.14,FecR,Sigma70_r2|Sigma70_r4_2,3.D.4,3.D.4,3.D.4,3.D.4,3.A.1,GT2
9.B.146,2.A.103,GT28
CE11,1.A.34,3.A.5
GH23,2.A.95,Pribosyltran,3.A.5,9.B.14,2.A.21,3.A.23
GT51,PL3_1,1.A.35
GT9,GT30,2.A.6
GH3,9.B.121,peroxidase,Hemerythrin,TPR_2,4.C.1
2.A.76,HxlR,CBM63
GH24,1.C.75,1.B.20
GH103,3.A.1,3.A.1,3.A.1
2.A.109,1.I.1,3.A.1,3.A.1,HATPase_c,GH23,2.A.14,MASE1,Aminotran_1_2,2.A.7
GH3,GT104,4.F.1
2.A.1,GH31,1.B.1,1.B.1
1.B.4,LysR_substrate|HTH_1,SBP_bac_3,3.A.1,3.A.1,TetR_N,CBM50,Sigma70_r3|Sigma70_r2|Sigma70_r4,1.A.14
GT2,2.A.7,GT83
1.B.33,GT19,8.A.7,8.A.21,2.A.7
3.A.1,GH15,MCPsignal,9.B.20
2.A.3,2.A.3,GH28,3.A.1,3.A.1,3.A.1,4.C.1
3.A.1,3.A.1,3.A.1,3.A.1,3.A.16,9.A.55,2.A.76,GH23
GT4,TetR_N,2.A.76,3.A.1,HTH_1,3.A.1
2.A.106,GntR,3.A.1,3.A.1,3.A.1,3.A.1,1.B.1,2.A.7,2.A.1,GntR,9.B.43,9.B.35,GntR,2.A.40,CE4
3.A.1,GT2,GT2,GT2,9.B.67
GH114,LysR_substrate|HTH_1,3.A.1,3.A.1,3.A.1,3.A.1,3.A.1
3.A.1,3.A.1,3.A.1,3.A.1,3.A.1,Pyr_redox,2.A.66,GT4,GH166,9.A.40
2.A.7,GT9
4.C.1,SKI,9.B.102,9.B.102,GT2
2.A.6,CE4
AA3_2,3.A.1
1.E.40,GH23,HD,3.A.1
2.A.21,2.A.76,CBM50,3.A.11,3.A.7,LysR_substrate|HTH_1,4.C.1,2.A.103,9.B.157,9.B.157
