GH103,9.B.34,2.A.37
GH13_11,GT5,CBM48|GH13_9,GT35,GH77,GerE|Response_reg,1.B.18,9.B.18,8.A.3,GT4,GT0,GT4
2.A.66,GH16_7
2.A.21,GH36,9.B.149,2.A.68
3.A.7,3.A.7,3.A.7,GH23,TPR_2,1.B.14
GH13_13,GH13_23,1.B.14
GH2,GH16_3,1.B.14
GH68|GH68,2.A.118
GH16_3,2.A.47
AA2,GH102,2.A.66
4.C.1,9.B.145,1.B.14,GH42,GH13,2.A.2
3.A.1,GT51
PL0,2.A.1,Peripla_BP_3|LacI,1.B.14,9.B.99
3.A.9,GT4,4.C.1,1.A.34,9.B.174
1.A.11,AA3_2
CBM85|CBM85,3.A.3,Fer4,3.D.4,3.D.4,3.D.4,Crp|cNMP_binding,1.B.39
2.A.4,GT51
2.A.33,GT2,2.A.102,3.A.1,3.A.1
GH3,2.A.64,ACT|PALP,1.B.33,GH24,HTH_3,2.A.19
9.B.146,2.A.103,GT28
1.C.109,9.A.24,GT2,GT39
