2.A.1,3.A.1,HTH_5,CBM50,2.A.7
GH25,GH23,1.B.70,1.B.70,Aminotran_1_2,TetR_N,3.B.1,Glyoxalase,3.A.1,3.A.1
1.B.70,HxlR,GT51,4.A.6,ROS_MUCR,AraC_binding|HTH_18,2.A.1
2.A.39,TetR_N,AA3_2,3.A.1,3.A.1,3.A.1,3.A.1,GH13_23,GH13_11,GT5,CBM48|GH13_9,GT35,3.A.1,3.A.1,3.A.1
3.A.1,3.A.1,3.A.1,3.A.1,3.A.1,3.A.1,3.A.1,3.A.1,AA3_2,3.A.1,GntR|Aminotran_1_2,3.A.1,3.A.1,3.A.1,3.A.1,Peripla_BP_3|LacI,GerE|Response_reg,2.A.21,2.A.21,1.B.12
9.B.43,HTH_1|LysR_substrate,9.B.35,CE4,3.A.1,3.A.1,3.A.1,3.A.1,3.A.1,3.A.1,GH16_5
3.A.1,GH13_23,3.A.1,3.A.1,3.A.1
3.A.1,3.A.1,Sigma70_r4_2,8.A.5,AA3_2,2.A.99
GT2|GT2,9.B.34,TPR_1|Trans_reg_C,3.A.1,3.A.1,3.A.1,3.A.1
3.A.1,3.A.1,Peripla_BP_3|LacI,1.B.14,3.A.1,3.A.1,3.A.1,3.A.1,PL12_3,GH5_39,GT4,GT26,GT0,GT4,PALP,3.A.1,3.A.1,3.A.1,3.A.1
1.B.70,3.A.1,3.A.1,3.A.1,3.A.1,3.A.1,SIS|HTH_6,TetR_C|TetR_N,3.A.1,3.A.1,3.A.1,3.A.1,PfkB,GH4,GntR,3.A.1,3.A.1,3.A.1,3.A.1,3.A.1,AA3_2
3.A.1,GH4,SBP_bac_1,3.A.1,3.A.1,Peripla_BP_3|LacI,1.B.70,MarR,2.A.19
GT8,GH19,1.B.14,Peripla_BP_2,3.A.1,3.A.1
3.A.1,3.A.1,3.A.1,SIS|HTH_6,GH1
3.A.1,3.A.1,3.A.1,3.A.1,3.A.1,3.A.1,3.A.1,3.A.1,SIS,GntR,SIS,CE9,HTH_1|LysR_substrate,1.A.12,3.A.3,MerR,HTH_3,3.A.1,3.A.1,3.A.1,2.A.40,3.A.2,2.A.21,GerE|Response_reg,3.A.1,3.A.1,3.A.1,3.A.1,8.A.5,HTH_18,2.A.1
GH5_48,HATPase_c,2.A.9,TetR_N,2.A.1,2.A.1
3.A.1,3.A.1,GerE,1.A.1,Guanylate_cyc,3.A.1,HTH_3,GH103
2.A.76,MHYT|EAL|GGDEF,GH103,3.A.5,HTH_1|LysR_substrate,9.B.34,1.A.46,9.B.34,9.B.34,3.D.10,3.D.10,Pyr_redox_2,2.A.1
3.A.2,3.A.2,3.A.2,3.A.2,3.A.2,1.B.14,Peripla_BP_2,3.A.1,3.A.1,3.A.1,FecR,Sigma70_r2|Sigma70_r4_2,8.A.3,GT2,GT2,GT2,GT0,GH16_21,GT2,GT2,9.B.18,1.B.18,9.B.97,3.A.1,3.A.1,3.A.1,3.A.1
GH25,AAA,2.A.109,HTH_5,3.A.1,3.A.1,3.A.1
3.A.1,3.A.1,3.A.1,3.A.1,AA3_2,3.A.1,3.A.1,3.D.4,3.D.4,9.B.34,HTH_18,HTH_18,9.B.10
3.A.1,TetR_N,3.A.1,3.A.1,3.A.1,3.A.1,GH2,GT2,8.A.3,9.B.30,GH5_5,GT4,HisKA|PAS|HATPase_c|Response_reg,3.A.1,3.A.1,3.A.1,Trans_reg_C|Response_reg,3.A.1,3.A.1,3.A.1
GH23,3.A.7,3.A.7,3.A.7,3.A.7,3.A.7,3.A.7
GH144,3.A.1
GT51,MarR,2.A.49,2.A.37,NIR_SIR_ferr|NIR_SIR,AA3_2,3.A.8,1.A.62,2.A.21
3.A.1,3.A.1,GntR,3.A.1,3.A.1,SBP_bac_1,3.A.1,AA3_2,3.A.1,3.A.1,3.A.1,3.A.1
GT2,SIS|HTH_6,2.A.3
2.A.76,GATase_2,GH103,1.B.66,SIS|CBS,8.A.21,CBM50,4.A.5,4.A.5
2.A.4,2.A.113,HTH_1|LysR_substrate,3.A.9,1.A.14,Sigma70_r2|Sigma70_r4_2,9.B.34,GH1,3.A.1,3.A.1
GH23,3.A.6,3.A.6
AA3_2,HxlR,9.A.40,2.A.7,TPR_2,GT9,GT9,PfkB,SIS,GT2
GH23,2.A.25
AA6,Aminotran_1_2,HTH_1|LysR_substrate,3.A.1,3.A.1,3.A.1,3.A.1,3.A.1,2.A.7
9.B.186,CBM50,Pkinase,SpoIIE,3.A.23,1.A.30,FHA,3.A.23
3.A.1,3.A.1,3.A.1,3.A.1,3.A.1,3.A.1,3.A.1,GH20,MarR,3.A.1,3.A.1,3.A.1
3.A.1,3.A.1,3.A.1,3.A.1,3.A.1,GT51,1.B.33,3.A.1,3.A.1,3.A.1,GH23
2.A.7,GH103,GH25
9.B.146,2.A.103,GT28,3.A.1,3.A.1,2.A.1,TetR_N,CE11,1.B.33
3.A.1,Pyr_redox_2,ACT,2.A.76,2.A.6,2.A.6,TetR_N,2.A.1,GT21,Aminotran_1_2,3.A.1,3.A.1,Glyoxalase,HTH_18,3.A.1,3.A.1,3.A.1,3.A.1,HTH_1|LysR_substrate,Peripla_BP_1|LacI,SBP_bac_1,3.A.1,3.A.1,3.A.1,3.A.1,GntR|Aminotran_1_2,3.A.1,3.A.1,3.A.1
2.A.1,TetR_C|TetR_N,2.A.1,GntR,GT90
2.A.1,3.A.1,2.A.58,HTH_1|LysR_substrate,2.A.36,3.A.1,Aminotran_1_2,AAA,2.A.107,AA3_2,1.A.43,2.A.7
GH114,HATPase_c,9.B.34,3.D.2
GT30,HTH_1|LysR_substrate,2.A.7
3.A.1,3.A.1,3.A.1,FmdA_AmdA,3.A.1,9.B.97,GT2
3.A.1,3.A.1,3.A.1,3.A.1,3.A.1,SBP_bac_1,HTH_18,3.A.1,GH4,9.B.158
2.A.6,AAA,CBM50,2.A.64,GH3,2.A.7,2.A.1
1.I.1,9.B.186,GT51
GT4,GH0,GT20,2.A.1,HTH_5|Rhodanese,HTH_IclR,3.A.1,8.A.5,GntR,3.A.1,3.A.1,3.A.1,3.A.1,HTH_18,1.B.14,Peripla_BP_2,Glyoxalase,HTH_18,9.B.27,1.B.76
GT83,2.A.123,GT2,1.A.34,3.A.1,3.A.1,3.A.1
