3.A.1,Peripla_BP_3|LacI,GH32,PfkB,4.A.1
9.B.169,CBM50,4.A.2,HTH_11|Mga,4.A.2,cNMP_binding,2.A.3
GH5_54,GntR,2.A.1
2.A.47,HTH_11,Aminotran_1_2,3.D.10,GH101,GntR,SIS,PfkB,GH35,4.A.6,4.A.6,4.A.6,4.A.6,CE9,4.A.1,IclR|HTH_IclR,2.A.3,PALP,3.D.2,HTH_3,2.A.14
3.A.5,3.A.5,3.A.5,3.A.5,3.A.5,GT4,GT8,4.C.1,3.A.1,3.A.1
3.A.1,2.A.1,HTH_18|Response_reg,9.B.33,SBP_bac_1,GT4,2.A.13,2.A.2,2.A.52,2.A.1,HTH_3,9.B.27,2.A.55,2.A.15,AA3_2
4.A.2,GH73,9.B.74,3.A.1,3.A.1,3.A.1,3.A.1,3.A.1,GT2,GT2,2.A.80
2.A.1,HTH_18,MarR,2.A.58,2.A.1,2.A.14,GT4,HisKA|HATPase_c,Trans_reg_C|Response_reg,3.A.1
9.B.211,3.D.1,GH73,2.A.7,2.A.7,3.A.7,2.A.35,3.A.7
GT0,1.A.77,3.A.2,3.A.2,3.A.2,3.A.2,3.A.2
3.A.1,HTH_DeoR,9.B.102,9.B.102,GH32,LytTR|Response_reg,9.B.14,9.B.46
9.B.126,4.C.3,GT51,3.A.1,HhH-GPD,3.A.1,2.A.85
4.C.1,GT51
GT51,bZIP_1,2.A.7,2.A.88
4.A.1,9.B.174,GT28
1.E.11,4.A.3,GH1
GT4,3.D.4,3.D.4,3.D.4,GT4,3.A.1,GT4,GT2,3.A.1,GH73,9.B.97
4.C.1,2.A.50,2.A.38,2.A.109,GT28,2.A.1,2.A.25,2.A.86,TrkA_C,1.A.26
GT2,9.A.40,4.A.2,PfkB,HTH_DeoR|DeoRC,GT0,2.A.1,8.A.5,MarR,3.A.1,3.A.1
CBM50,2.A.20,3.A.1,3.A.1,HATPase_c,Trans_reg_C|Response_reg,2.A.120,3.A.1,3.A.1,3.A.1,2.A.115,2.A.41,FeoA,9.A.8,3.A.1,3.A.1,3.A.1,GT26,Fe_dep_repress|FeoA|Fe_dep_repr_C,3.A.1,3.A.1,3.A.1,2.A.63,2.A.63,2.A.63,2.A.63,2.A.63,2.A.63,2.A.7
GH13_29,4.A.1
9.B.141,TetR_N,CBM50|CBM50,Aminotran_1_2,PALP,2.A.22,8.A.7
