8.A.3,1.B.18,8.A.3,GT4
GT2,HTH_3,3.A.1,3.A.1,3.A.1
GT4,9.B.18,9.B.18,9.B.18,GT4,GT2
GH43_11,8.A.5,GH2,3.A.1,3.A.1,3.A.1,3.A.1,Peripla_BP_3|LacI,GGDEF,3.A.3,3.D.4,3.D.4
2.A.6,2.A.6,GT25
3.A.18,9.B.34,1.B.33,CE11
GT28,2.A.103,9.B.146
GH23,GH23,9.B.34,GH25,GH103,HTH_5,3.A.1
9.B.106,SpoIIE,GH5_5,9.B.30
3.A.1,3.A.1,3.A.1,3.A.1,BLUF,GT4,3.A.1,TetR_N,3.A.1,ANTAR,3.A.1,3.A.1,3.A.1,FmdA_AmdA,3.A.1
2.A.1,GT4
GH13_23,GT4,9.A.18,2.A.1
GT41,1.A.1,3.A.1
GT21,Glyoxalase,2.A.23,2.A.21,3.A.23
GH23,3.D.4,ACT,1.B.6,1.B.52
CBM50,MCPsignal,8.A.21,SIS|CBS,1.B.66,GH103
GT35,CBM48|GH13_9,GT5,HTH_IclR,1.A.8,CBM48|GH13_11
GH1,3.A.1,3.A.1,3.A.1
9.B.34,9.B.158,GH20
3.A.1,3.A.1,3.A.1,3.A.1,GntR,SIS,CE9,Glucokinase,3.A.1,3.A.1,GntR,GntR,3.A.1,3.A.1,3.A.1,3.A.1,CbiA,GerE,GT2,2.A.50,PL5
2.A.1,B12-binding,GH13_10,GntR,8.A.5,2.A.56,2.A.56,2.A.98,AraC_binding|HTH_3,3.A.1,3.A.1,3.A.1,3.A.1
CBM48|GH13_11,HTH_1|LysR_substrate,GT51,2.A.109,Sigma70_r2|Sigma70_r4_2,1.A.14,3.A.1,3.A.1,GerE|Response_reg,2.A.7,2.A.56,2.A.56,2.A.56
1.A.1,PAS,2.A.80,2.A.80,cNMP_binding|CBS,2.A.21,GT2|GT2
3.A.1,3.A.1,3.A.1,GH2,3.A.1,3.A.1,3.A.1,Peripla_BP_3|LacI,3.A.1,3.A.1,3.A.1,3.A.1,GH33,GntR,Pyr_redox_2,3.A.1,3.A.1,3.A.1
GT4,GT4,GT4,8.A.3,GT0,9.B.18,GT8,GerE,cNMP_binding|Crp,4.C.1,GntR,3.A.1,3.A.1,3.A.1,3.A.1,HTH_1|LysR_substrate,2.A.6,2.A.6,CSD,3.A.1,3.A.1,3.A.1,3.A.1,3.A.1,LacI|Peripla_BP_1,GerE,3.A.1,3.A.1,GntR,2.A.56,2.A.56
AA3_2,3.A.2,3.A.2,3.A.2,3.A.2,3.A.2,3.A.11
GT51,Aminotran_1_2,9.B.186,2.A.1,2.A.7,TetR_N,GT84|GH94,3.B.1,GerE|Autoind_bind,3.A.1,GH42,3.A.1,GH36,3.A.1,3.A.1,3.A.1,AraC_binding|HTH_18,GntR,8.A.5,Peripla_BP_3,3.A.1,3.A.1
3.A.1,3.A.1,3.A.1,HTH_1|LysR_substrate,GH103,2.A.53,PfkB,PL12_3,4.C.1,4.C.1
3.A.1,3.A.1,3.A.1,GH51,HTH_5,Pyr_redox_2|NIR_SIR_ferr|NIR_SIR,3.A.1,3.A.1,3.A.1,3.A.1,Response_reg|ANTAR,2.A.1,3.D.4,3.D.4,3.D.4,3.D.4,HTH_1|LysR_substrate,3.A.1,3.A.1,3.A.1
2.A.1,GH103
1.A.33,GT51
3.A.1,3.A.1,Peripla_BP_2,GntR|Aminotran_1_2,2.A.7,8.A.5,8.A.5,GT81
GT2,3.A.1
GH32,2.A.21,1.A.22,Aminotran_1_2,AA2
GT4,4.F.1
2.A.55,GntR,GH25,GH13_10
3.A.6,1.A.30,GH23
3.A.6,GT26,Peripla_BP_3|LacI,3.A.1,3.A.1,3.A.1,GH13_23,3.A.1
3.A.1,Rrf2,AA3_2
3.D.4,3.D.4,Peripla_BP_1,3.A.1,3.A.1,Sigma70_r4_2,8.A.5,AA3_2,2.A.6
3.A.1,3.A.1,3.A.1,3.A.1,AA3_2
2.A.20,NUDIX,GT4
GH23,Rhodanese,2.A.51,9.B.34
2.A.37,GT30
9.A.40,Ada_Zn_binding,Peripla_BP_3|LacI,2.A.56,DctP,AA3_2
GT51,HTH_3,3.A.3,MerR,HMA,9.B.34,Glyoxalase,GH19
1.B.70,1.B.70,GH23
9.B.34,3.A.1,CBM50,2.A.7,HTH_1|LysR_substrate,2.A.1,9.B.34,2.A.7
CE1,9.B.18,GT4
AA6,AAA,3.A.16
GH3,3.A.1,2.A.64,CBM50,AAA,2.A.6
