2.A.3,Arg_repressor,2.A.53,GT8,GT4,3.A.5,3.A.5,3.A.5,3.A.5,3.A.1,3.A.1,3.A.1,3.A.1,3.A.1,MerR,8.A.5
3.A.1,2.A.6,GH73,9.B.74
2.A.13,2.A.15,AA3_2,2.A.1,4.C.1,8.A.7,GntR,4.A.1,GH1
2.A.3,GH19,9.B.97,3.A.7
2.A.8,GT4
2.A.108,2.A.108,2.A.108,2.A.64,GT2,2.A.14,GT4
3.D.1,GH73,2.A.7,2.A.7,2.A.35,3.A.7
4.A.3,4.A.3,GH1,2.A.15,2.A.1,3.A.1,3.A.1,3.A.1,9.A.5,1.C.113,2.A.1,3.A.1,4.A.2,HTH_11|Mga,4.A.2,SIS,2.A.4
GT0,1.A.77,3.A.2,3.A.2,3.A.2,3.A.2,3.A.2
3.A.1,9.B.102,9.B.102,Peripla_BP_1|LacI,GH32,PfkB,Response_reg|LytTR,9.B.14,9.B.46
9.B.126,4.C.3,GT51
4.C.1,GT51,MarR,2.A.1,4.A.1
2.A.85,GH13_31,HTH_18,8.A.5
4.A.1,9.B.174,GT28,Response_reg|Trans_reg_C,HATPase_c|HisKA,3.A.1
2.A.38,2.A.109,GT28,2.A.1,2.A.25,2.A.86
CBM50,3.A.5,3.A.11,3.A.11,9.B.146,9.B.34,2.A.79,2.A.79
GT2,9.A.40,CE9,4.A.2,PfkB,HTH_DeoR|DeoRC,2.A.1,2.A.47,8.A.5,9.B.10,MarR,3.A.1,3.A.1
CBM50,2.A.20,3.A.1,3.A.1,HATPase_c,Response_reg|Trans_reg_C,2.A.120,3.A.1,3.A.1,3.A.1,2.A.115,2.A.41,3.A.1,GT2,3.A.1,3.A.1,GT26,FeoA|Fe_dep_repr_C|Fe_dep_repress,3.A.1,3.A.1,3.A.1,2.A.36,2.A.63,2.A.63,2.A.63,2.A.63,2.A.63,2.A.63,2.A.7
9.B.10,2.A.1,GT2
GH13_29,4.A.1,Pyr_redox_2,GATase_2,LysR_substrate|HTH_1,9.B.141,NUDIX,GT4,CBM50|CBM50,CSD,1.B.54
2.A.77,9.B.10,CBS,2.A.40,Pribosyltran,GT4,2.A.23,Nitroreductase,LytTR,3.A.1
3.A.7,GH25,1.A.23
GH2,2.A.2,PfkB,GH3,9.B.10
