GH36,3.A.1,3.A.1,SBP_bac_1,3.A.1,3.A.1,3.A.1,3.A.1
3.A.1,GT4,GT4,GT1
GH1,4.A.1,2.A.22
2.A.64,GT2
3.A.1,Peripla_BP_3|LacI,4.A.1,GH32,2.A.20,1.A.33
2.A.19,GT2
GT2,GT4,GT4,8.A.3,9.B.18,4.B.1,Sigma70_r2|Sigma70_r3|Sigma70_r4,9.B.106
3.A.1,4.A.1,3.A.1,GT4,9.B.141,3.A.1
2.A.111,HD,3.A.1,3.A.1,3.A.1,GH13_21,Peripla_BP_3|LacI,8.A.5
1.B.42,HTH_5,GH32,GH32,3.A.1,3.A.1,SBP_bac_1,Peripla_BP_3|LacI,NUDIX,GT4,1.B.50,1.C.109
GT28,2.A.103,9.B.146
GH13_29,TetR_N,3.A.1,AsnC_trans_reg|HTH_11,3.A.16,4.C.1,4.C.1
2.A.7,SBP_bac_1,3.A.1,3.A.1,Peripla_BP_3|LacI,GH2
3.A.1,GH68,GH32
CE9,9.B.169,GT1,3.A.2,3.A.2,3.A.2,9.B.146
GH13_5,2.A.7,2.A.7,TetR_N,GH3,9.B.120,8.A.5,3.A.1
GH20,3.A.5
2.A.38,2.A.38,GH2,3.A.1,3.A.1,3.A.1,Peripla_BP_3|LacI,3.A.1,3.A.1,3.A.1,GH51
GH31,3.A.1,3.A.1,SBP_bac_1,Peripla_BP_3|LacI,GH31,3.A.1,3.A.1
2.A.69,1.A.23,GH3,3.A.1,2.A.37,3.A.1,3.A.1,3.A.1,1.A.1
2.A.1,GT87,2.A.89,1.A.62,2.A.4,3.A.1,3.A.1,9.B.158
3.A.1,GerE|Response_reg,GH13_13,GH13_13
3.A.1,3.A.1,GH38,3.A.1
GT81,3.A.7
GH2,2.A.2,Peripla_BP_2,3.A.1,3.A.1,3.A.1,2.A.86,Response_reg,HATPase_c|cNMP_binding,2.A.47
GH36,GH42,GH30_2,TetR_N,2.A.1,2.A.1,3.A.3,HTH_3,2.A.13,GT51
2.A.3,PfkB,HxlR,GH13_4,GH13_30,9.A.23
GT51,Whib,1.A.1,HhH-GPD,2.A.78,3.A.7
2.A.1,CBM67|GH78
2.A.2,GH3,GH43_9,GH106
2.A.40,GT2,GT2,GT26
3.A.1,GT39
9.B.18,GT4,GT4,9.B.67
GH3,3.D.10,3.D.10
3.A.1,GT4,GT4,GT0
CBM32,GT0,GT2,3.A.1,3.A.1,GT0
GT2,GT2,GT2,Whib,GT0,9.B.98
GH84,3.A.1,3.A.1,3.A.1,Peripla_BP_3|LacI,GH31,Peripla_BP_3|LacI,GH13_31,3.A.1,3.A.1
GT35,GH13_20,CBM48|GH13_9,GH13_16,GH13_3,CBM48|GH13_11,GntR,3.A.1
GT0,GT2,GT2,3.A.1,GT4
