CE1,MarR,4.C.1
3.D.1,9.B.104,9.B.106,9.B.106,2.A.103,FHA,FHA,AraC_binding,3.A.1,3.A.1,3.A.1,3.A.1,3.A.1,GH3
3.A.1,3.A.9,MerR,1.A.33,PL14,3.D.7,TetR_N,3.A.1
2.A.9,GT4
GH42,GH95,GH74|GH74|CBM2,3.A.1,3.A.1,SBP_bac_1,GH3
3.A.1,3.A.1,GH36,GH2,PfkB,TetR_N,9.B.169,3.A.1,HATPase_c,GerE|Response_reg,3.A.1,GH31,3.A.1,3.A.1,3.A.1,2.A.102,3.A.1,3.A.1
5.A.1,9.B.14,Peripla_BP_3|LacI,PL1_6
GT2,2.A.39
5.A.3,Trans_reg_C|Response_reg,HisKA|HATPase_c,GT4,9.B.160,GerE|Response_reg,SpoIIE|GAF,2.A.21,Response_reg,GAF,ANTAR,STAS,GT4
CE14,9.B.106,Sigma70_r4_2|Sigma70_r2,GH23
2.A.121,3.A.1,3.A.1,3.D.4,3.D.4,AsnC_trans_reg,CBM2
2.A.3,CBM48|GH13_9,GH13_16,GH13_3,GT51,3.A.1
GT51,GH0,GT4,TetR_N,NUDIX,3.A.1,3.A.1,3.A.1
2.A.38,2.A.38,2.A.4,HTH_5,2.A.6,Sigma70_r3|Sigma70_r2|Sigma70_r4,HATPase_c,3.A.1,3.A.1,3.A.1,3.A.1,PL1,GT4
GH151,SBP_bac_1,3.A.1,3.A.1
GH20,2.A.7,GT4,HTH_1|LysR_substrate,Aminotran_1_2,GT4,2.A.25
GT0,3.D.2,9.B.62,3.A.1,3.A.1,3.A.1,3.A.1,3.A.1
3.A.12,4.F.1,HTH_3,Rrf2,GH3,3.A.1,3.A.1
3.A.11,3.A.1,3.A.1,SBP_bac_1,GH13_30
3.A.1,3.A.1,GT2,PadR,1.C.113,4.A.2
3.A.1,3.A.1,GH51,3.A.1,3.A.1,3.A.1,Sigma70_r3|Sigma70_r2|Sigma70_r4,GH18,GH114,CE15
3.A.1,Aminotran_1_2,GT1,CE4,CE4,3.A.1,3.A.1,3.A.1,GH1
4.F.1,GT4
9.B.146,2.A.103,GT28
2.A.7,HTH_1|LysR_substrate,2.A.78,AraC_binding|HTH_18,CBM2|PL11
2.A.1,9.B.169,SpoVT_AbrB,HTH_18,GH43_5,2.A.21,Sigma70_r4_2|Sigma70_r2,2.A.1,2.A.80,2.A.80
CBM35|PL9_1,Peripla_BP_3|LacI,2.A.1
3.A.1,GerE|Response_reg,GH43_26,3.A.1,3.A.1,3.A.1,GH2
3.A.3,HATPase_c|GAF,CBS,GH65,2.A.1
8.A.5,GH5_2|CBM5,3.A.9,2.A.1,Trans_reg_C|BTAD,3.A.1,3.A.1,3.A.1
3.A.1,CE8
GH15,2.A.115
4.C.1,CBM13,4.F.1
2.A.1,3.A.1,3.A.1,TetR_N|TetR_C,3.A.1,3.A.3,GH16_3|CBM13
3.A.1,3.A.1,3.A.1,3.A.1,TetR_N,2.A.1,2.A.1,MarR,Pyr_redox_2,AraC_binding|HTH_3,GT9,CBS,GT9,GT0,GT4,SIS,PfkB,GT2,GT2,2.A.1,3.D.1,SpoIIE|GAF|PAS,GH16_3,Peripla_BP_2,3.A.1,3.A.1
2.A.1,TetR_N|TetR_C,Rhodanese,Rhodanese,2.A.102,HTH_3,2.A.1,HTH_5,GT2
3.A.1,3.A.1,3.A.1,SBP_bac_1,TetR_N,3.D.4,CE4,MarR,2.A.114,9.A.40,9.A.40,2.A.3
3.A.1,3.A.1,3.A.1,Peripla_BP_2,2.A.102,Glyoxalase,2.A.1,HTH_1|LysR_substrate,9.B.106,GH10
GH13_10,GH13_26,3.A.1,GT2,2.A.1
8.A.5,8.A.5,GH13_21
3.A.1,3.A.1,3.A.1,CBM6
GH20,3.A.1,SBP_bac_1,HTH_3,2.A.1,2.A.27
AA10|CBM2,GH5_8|CBM2,GH10|CBM2,CBM2|GH48,CBM2|GH6,HTH_1|LysR_substrate,2.A.8,DeoRC|HTH_DeoR,GH43_12,3.A.1,Peripla_BP_2,3.A.1,AraC_binding|HTH_18,2.A.15,Peripla_BP_3|LacI,2.A.1
GH1,1.A.35
CBM32,NUDIX,3.A.1,3.A.1
2.A.1,4.C.1,FUR,GH11
3.A.1,3.A.1,GT2
3.A.1,3.A.1,3.A.1,Peripla_BP_2,GH13_31
1.A.23,2.A.109,GT4,1.B.50,1.C.109
GT4,3.D.4,PfkB,3.A.1,3.A.1,3.A.1,3.A.1
2.A.1,GH1,TetR_N,3.B.1,Glycos_trans_3N,3.A.1,3.A.1,3.A.1,3.A.1
3.A.1,3.A.1,3.A.1,3.A.1,Peripla_BP_3|LacI,GH13_30
9.B.106,8.A.21,CBM32,9.B.125
3.A.1,3.A.1,MerR,2.A.53,TetR_N,TetR_N,2.A.1,4.C.1,IclR|HTH_IclR,PL11
GT4,CE3,CE9,8.A.5
3.A.1,GH3,4.A.1,4.A.1,SIS,GntR,4.A.1,2.A.76,AsnC_trans_reg|HTH_IclR,3.A.5
2.A.36,GH18,9.B.102,GT4,GT2,3.D.1
GT2,3.A.1,3.A.1,GT2,2.A.1,TetR_N,3.A.1,9.B.160
GT2,GH26,2.A.7,9.B.18,TetR_N,Peripla_BP_3|LacI,GH10
2.A.6,GT39,CSD,2.A.64
GH6|CBM2,NUDIX,3.A.1,3.A.1,3.A.1,3.A.1,PadR,PALP,GT20
3.A.1,3.A.1,Peripla_BP_2,CBM32,2.A.15,AA10,MerR,TetR_N|TetR_C,9.B.2
CBM4|GH9|CBM2,9.B.140,GH15,2.A.1
GT1,GT1,3.A.1,3.A.1,GT1,GT1,GT1,GT1,8.A.5,4.C.1
GT1,GT1,Pkinase,3.A.1
3.A.1,3.A.7,GT51,2.A.1,HD,2.A.66,2.A.66
