2.A.1,GH32,LacI|Peripla_BP_3,9.B.97,CE4,GT2,GH20,2.A.11,3.A.1
2.A.26,2.A.1,2.A.7,PfkB,MarR,3.A.1,3.A.1,TetR_N,3.A.1,3.A.1,3.A.1,3.A.1,3.A.1,2.A.1,HD,9.B.2,SBP_bac_5,3.A.1,3.A.1,3.A.1,cNMP_binding,2.A.3,Arg_repressor,GT8,GT4,3.A.5,3.A.5,3.A.5,3.A.5
3.A.1,2.A.6,GH73,9.B.74
3.A.7,2.A.13,2.A.15,AA3_2,4.C.1,8.A.7,GH1
GT2,Pyr_redox,Aminotran_1_2,HMA,3.A.3
2.A.8,GT2,GT4
2.A.108,2.A.108,2.A.108,2.A.64,GT2,2.A.14,GT4
3.D.1,GH73,2.A.7,2.A.7,2.A.35
4.A.3,4.A.3,GH1
3.A.1,HTH_DeoR,9.B.102,9.B.102,Peripla_BP_1|LacI,GH32,PfkB,LytTR|Response_reg,9.B.14,9.B.46
9.B.126,4.C.3,GT51
4.C.1,GT51,MarR,2.A.1,4.A.1
2.A.85,GH13_31,HTH_18,8.A.5
4.A.1,9.B.174,GT28
2.A.38,2.A.109,GT28,2.A.1,2.A.25,2.A.86,TrkA_C,1.A.26
CBM50,3.A.5,3.A.11,3.A.11,9.B.146,GGDEF,2.A.79,2.A.79
GT2,9.A.40,CE9,4.A.2,PfkB,HTH_DeoR|DeoRC,2.A.1,2.A.47,Pyr_redox_2,8.A.5,9.B.10,MarR,3.A.1,3.A.1
CBM50,2.A.20,3.A.1,3.A.1,HATPase_c,Trans_reg_C|Response_reg,2.A.120,3.A.1,3.A.1,3.A.1,2.A.115,2.A.41,3.A.1,GT2,3.A.1,3.A.1,GT26,Fe_dep_repr_C|Fe_dep_repress|FeoA,3.A.1,3.A.1,3.A.1,2.A.36,2.A.63,2.A.63,2.A.63,2.A.63,2.A.63,2.A.63,2.A.7
9.B.10,2.A.1,GT2
GH13_29,4.A.1,Pyr_redox_2,GATase_2,HTH_1|LysR_substrate,9.B.141,NUDIX,GT4,CBM50|CBM50,3.A.1,3.A.1,3.A.1
9.B.10,CBS,2.A.40,Pribosyltran,GT4,2.A.23
2.A.76,3.A.7,GH25,1.A.23
GH2,2.A.2,PfkB,HTH_18,GH3,3.A.1,3.A.1,3.A.1
2.A.45,Pyr_redox_2,Rrf2,Hemerythrin,2.A.4,2.A.2,3.A.1,GH13_31
