3.A.1,3.A.1,3.A.1,3.A.1,CE4
GT2,AAA,2.A.40,4.A.1
GH18|CE4|GT2,2.A.3,1.A.11
4.C.1,GT2
2.A.26,9.B.72,2.A.16,GH18,3.A.1,3.A.1,3.A.1
2.A.114,1.A.11,2.A.1,GT4,3.A.1,3.A.1,2.A.79,2.A.79,HTH_18,3.A.1,3.A.1,3.A.1,SBP_bac_1,3.A.1,3.A.1
1.A.30,1.A.30,MCPsignal,9.B.126,3.A.3,2.A.1,2.A.19,CE4
GT51,3.D.4,3.D.4,3.A.1,3.A.1
9.A.40,MerR,9.A.40,HATPase_c|HisKA,2.A.4,FeoA,9.A.8,HTH_3,GT51,3.A.1
9.B.169,SirB,GerE|Response_reg,3.A.1,CBM34|GH13_20,GH13_1,GH31,2.A.115
9.B.146,2.A.103,GT28
2.A.1,2.A.21,9.B.31,GH18
1.A.8,3.A.1,3.A.1,3.A.1,3.A.1,GyrI-like|HTH_18,GT1
2.A.88,2.A.1,GT2,3.A.1
1.E.43,CBM50,2.A.1
2.A.64,2.A.64,PALP,2.A.109,HEAT_PBS,3.A.1,HD,GT28,Fe_dep_repress|Fe_dep_repr_C,3.A.7
GT4,CE14,2.A.115,3.D.3,3.D.3,3.D.3
GH57|GT4,HTH_7,3.A.1,2.A.1,3.A.3
CBM50,3.D.10
9.B.34,CBM50
9.B.34,GT51,4.C.1
CBM68|GH13_14,PALP,3.A.1,3.A.1,HTH_DeoR,2.A.66,Pyr_redox_2,9.B.136,2.A.21,Rhodanese,2.A.1
4.C.1,GT35,GT5,GH13_9,2.A.7,9.B.20
9.B.156,CE9,1.E.40,2.A.6,TetR_N,2.A.3,9.B.174,HxlR,Peptidase_M23,3.A.1,3.A.5,TPR_2,2.A.51,2.A.51
3.A.1,3.A.1,3.A.1,3.A.1,3.A.1,CBM54
GT4,GT4,GT2,Pyr_redox,2.A.66,9.B.18,8.A.3,8.A.3,3.A.16
GT51,9.B.149
3.A.1,3.A.1,3.A.1,3.A.1,TetR_N,3.A.1,3.A.1,3.A.1,3.A.1,GT83,GT28
3.A.7,GT4,9.B.105,1.A.23,9.B.120,HTH_3,CbiA,HTH_3,1.C.39,2.A.9
