2.A.66,GH102
9.B.146,2.A.103,GT28
2.A.7,GH3
GH13_3|GH13_3,GH13_16,CBM48|GH13_9,GH13_11,GH13_10,GH77,GH13_26,2.A.21,1.A.10
GH23,2.A.21,EAL,3.A.1,2.A.86
GH23,Glyoxalase,4.C.1,3.A.1,3.A.1
GT51,AAA,3.A.18
GT2,Peripla_BP_3|LacI,PL1_2,3.D.4,3.D.4,2.A.55
1.I.1,GT4,3.A.9,9.B.34,4.C.1
GH108,1.E.54
GH15,GT20,1.A.23,2.A.66
3.A.9,1.B.14,Peptidase_M23,1.A.13,2.A.41,2.A.88,2.A.95,GT2,GT2,2.A.66
3.A.1,9.B.160,GH130,GT4,Rhodanese,1.A.23,1.B.14
GT4,GT4,1.B.14
GH37,2.A.21
2.A.4,1.E.43,1.E.43,2.A.6,2.A.6,3.A.1,3.A.1,3.A.1,3.A.1,3.A.3,3.A.1,3.A.1,3.A.1,SBP_bac_1,GH51,GntR,2.A.1,GH43_5,GH51,GH146
3.A.1,2.A.16,AA3_2,1.A.11
8.A.3,Pyr_redox,GT26
9.B.18,3.A.1,3.D.10,2.A.36,PL0
GT51,3.A.16,HTH_1|LysR_substrate,1.A.26
3.D.1,Peptidase_M23,2.A.102,GT2,GT51,TetR_N,1.B.14,2.A.1
2.A.6,2.A.6,GH23,2.A.4
GT51,3.A.1,3.A.1
3.A.1,GH43_5,3.A.11,9.B.31
2.A.6,2.A.6,GT4
GT4,2.A.47
1.B.22,3.A.15,3.A.15,GH43_5,3.A.15
GH43_9,2.A.1,4.F.1,HTH_1|LysR_substrate,Pyr_redox_2,2.A.102
