GH74|GH74|CBM46,3.A.1,HATPase_c,LytTR|Response_reg,GH9|CBM3|CBM3,GH48,3.A.3
GT35,PL11|CBM13|CBM2,Pribosyltran,9.B.146,SBP_bac_1,8.A.59,Response_reg,SpoVT_AbrB,9.B.156,9.B.156,2.A.120,HD,1.A.11,GH42
GH25,Sigma70_r2|Sigma70_r4_2,3.A.1,3.A.1,3.A.1,3.A.1,3.A.1,GT4,GT4,GT4,GT4,GT0,3.A.1,3.A.1,9.B.18
9.A.11,LacI|Peripla_BP_3,GT35,GH77,3.A.1,3.A.1,3.A.1,LacI|Peripla_BP_3,PfkB,4.A.2
PL10_1,9.B.141,GGDEF,1.B.52,AAA,2.A.66
GH1,4.A.1,4.B.1,4.B.1,NUDIX,Sigma70_r2|Sigma70_r4_2,1.A.30,1.A.30,3.A.1,2.A.1,Trans_reg_C|Response_reg,HATPase_c|HisKA,5.A.1,HMA,3.A.3,GH30_8|CBM13|CBM2,GH43_16|CBM6|CBM13|CBM2,MarR,2.A.66
2.A.37,TetR_N,3.A.1,MerR,AraC_binding|HTH_18,GH4,2.A.66,GH5_2,GH16_21|CBM13,SLH|CBM54|GH16_3|CBM4|CBM4|CBM4|CBM4|CBM4|CBM4,GH16_21,SBP_bac_1,3.A.1,3.A.1,SBP_bac_1,8.A.59,HTH_18|Response_reg,GH94,GH94,1.B.52
2.A.66,GH9,LacI|Peripla_BP_3,4.A.1,GH32,PfkB,3.A.1,3.A.1,3.A.1,3.A.1
GH73,3.A.1,TetR_N,1.A.13,HTH_18,3.A.1,3.A.1
3.A.1,3.A.1,3.A.1,GH65,GH65
GT4,HTH_1|LysR_substrate,HTH_1|LysR_substrate,2.A.27
3.A.1,3.A.1,GH2,Hemerythrin,Diacid_rec|HTH_8,2.A.8
PL9_1,2.A.1,2.A.38,2.A.38,2.A.66,HTH_3|Cyanate_lyase,1.A.16,LacI|Peripla_BP_3,3.A.1,3.A.1,3.A.1,CBM34|GH13_20
GH126,GT2,HTH_18,3.A.1,3.A.1,3.A.1,3.A.3,3.A.3,3.A.3
GT2,GT2,TPR_2,2.A.107,Trans_reg_C|Response_reg,HATPase_c,3.A.1,3.A.1
3.A.1,3.A.1,HTH_18,9.B.211,Sigma70_r4|Sigma70_r2,GH133,TOBE,SBP_bac_1,3.A.1,3.A.1
GH31,GH9|CBM3|CBM3,2.A.115,3.D.1
3.A.1,3.A.1,3.A.1,8.A.59,HTH_18|Response_reg,CBM22|CBM22|GH10|CBM9,MarR,8.A.59,HTH_18|Response_reg,3.A.1,3.A.1,3.A.1,GH8,GH43_12
8.A.59,HTH_18|Response_reg,SBP_bac_1,3.A.1,3.A.1,GH10
GH4,3.A.18,CSD,Pyr_redox_2,1.B.52,1.C.113,1.B.52
GT4,4.D.2,8.A.59,BTAD|GGDEF|Response_reg,9.B.10,2.A.66,GT39,MarR,2.A.1,3.A.1,3.A.1,3.A.1,3.A.1,1.B.52,TetR_N,3.A.1,3.A.1,SBP_bac_1,GH105,GH28
CBM32,3.A.1,3.A.1,3.A.1
CBM4|GH9,GH3,AraC_binding|HTH_18,3.A.1,Trans_reg_C|Response_reg,HATPase_c|HisKA,GH9,PL9_1,PL1,LacI|Peripla_BP_3,3.A.1,3.A.1,3.A.1,GH35,1.B.52,CBM61|CBM61|GH53|CBM61,GyrI-like|HTH_18,2.A.66
GH9|CBM3|CBM3,2.A.86,LacI|Peripla_BP_3,GH13_31,4.A.1,2.A.86,8.A.21
3.A.1,3.A.1,3.A.1,2.A.56,2.A.35,2.A.102,CE4
GH95,3.A.1,3.A.1,3.A.1,GH31,8.A.59,HTH_18|Response_reg,Fer4,9.A.5,9.A.11
GT28,1.B.52
9.A.23,GT5,3.A.7
1.A.14,GH18
3.A.1,3.A.1,3.A.1,2.A.115,1.B.52,CheW|Response_reg,GH13_19|CBM26|CBM26|CBM26|CBM26,8.A.5
3.A.1,HTH_18,3.A.1,3.A.1,3.A.1,Peripla_BP_2,1.B.52,GH18
CE8,SBP_bac_1,SBP_bac_1,3.A.1,3.A.1,GH28
3.A.1,GT51
GH13,3.A.1,Peripla_BP_3,8.A.59,HTH_18|Response_reg,3.A.1,3.A.1,3.A.1,3.A.1
3.A.2,3.A.2,3.A.2,3.A.2,HD,2.A.119,FUR,2.A.86,GH105,9.B.34,3.A.18,9.B.20
9.B.120,SBP_bac_3,3.A.1,GT2
GT51,8.A.5
3.A.1,3.A.1,3.A.1,CE4,Trans_reg_C|Response_reg,HATPase_c,3.A.1
3.A.6,CBM35|GH26,9.A.40,2.A.5,GH3,GH2
GH18,HATPase_c,2.A.40,Trans_reg_C|Response_reg,2.A.21
3.A.1,3.A.1,GH0,GT2,3.A.11,3.A.15,3.A.11,3.A.15
3.A.1,GH5_2,3.A.1,2.A.22,LacI,3.A.1,3.A.1,3.A.1,CBM34|GH13_20,3.A.7
2.A.5,CE3|CBM2,GH5_55|CBM32|CBM3,2.A.35,2.A.86,2.A.40
GT2,CE4,3.A.9,SBP_bac_1,8.A.59,HTH_18|Response_reg,3.A.1,3.A.1
3.A.1,ACT,2.A.86,GH13_11
1.E.19,CBM2|CBM2
9.B.115,GH43_12,1.B.52,1.A.62
CBM48|GH13_9,3.A.3
3.A.16,Pkinase,2.A.66,GH113,AraC_binding|HTH_18,8.A.59,3.A.1,3.A.1
3.A.18,2.A.115,NIR_SIR|NIR_SIR_ferr,CE4
2.A.6,2.A.6,3.A.1,3.A.1,3.A.1,TetR_N,GH94,2.A.38,2.A.38
GH5_1,CBM3|cohesin,ACT,3.A.18
2.A.37,HTH_1|LysR_substrate,3.A.1,GT2|GT2
3.A.1,1.B.52,FIST,GH31,GH74
2.A.58,2.A.58,Rrf2,GH3,1.B.52
GH5_4|CBM2,GH10|CBM2,CE1,3.A.7,3.A.1,3.A.1
3.A.1,3.A.1,3.A.1,3.A.1,AraC_binding|HTH_3,3.A.1,3.A.1,3.A.1,CBM41|CBM41|CBM48|GH13_14,9.B.124,9.A.40
GH13_36,3.A.1,3.A.1,3.A.1,1.B.52,GH13_20,TetR_N,8.A.7,8.A.8,2.A.3
2.A.66,3.A.1,3.A.1,GT5,3.A.1,Response_reg|GerE,HATPase_c,3.A.1,9.B.34
GH1,HTH_18,3.A.10,5.A.1,HxlR,1.B.52,CE2,2.A.66
3.A.11,NUDIX,2.A.7,GH94,9.B.143,CE8|PL1,2.A.36,3.A.1,3.A.1,3.A.1
3.A.1,3.A.1,3.A.1,9.A.8,FeoA,FeoA,3.A.1,HATPase_c|HisKA,3.A.1,Trans_reg_C|Response_reg,2.A.66,CE9,TetR_N,GyrI-like|HTH_18,9.B.143,GT2,9.B.104
3.A.3,1.B.52,2.A.66,CE9,CE2,3.A.1,3.A.1,3.A.1,GH20
GH2,2.A.2,GH36
9.A.8,3.A.1,3.A.1,GH5_7|GH5_7,GH113,GH130,GH130,AraC_binding|HTH_18,LacI|Peripla_BP_3,GH36,GH36
2.A.85,GH130,3.A.1,3.A.1,SBP_bac_1,3.A.5,1.B.52,CBM22|GH10,GyrI-like|HTH_18,3.D.1,Aminotran_1_2,9.B.125,CbiA,CbiA,3.A.1
9.B.174,Peptidase_M23,3.A.1,HTH_8,3.A.1,GT26
9.B.18,1.C.82,GT2,GT2
3.A.7,9.B.157,HTH_10,CBM26|CBM26|GH13_42,2.A.50
3.A.2,3.A.2,3.A.2,3.A.2,3.A.2,3.A.2,3.A.2,3.A.2,1.A.77,GT0,9.B.34
