3.A.1,3.A.1,GntR,2.A.34,GH23,2.A.95,3.A.1,1.B.14,2.A.42
9.B.14,9.B.14,3.A.1,3.A.1,GH13_29,4.A.1,Peripla_BP_3|LacI,2.A.1
2.A.86,4.F.1,2.A.47,GT19,1.B.33
2.A.14,PfkB,GH32,Peripla_BP_1|Peripla_BP_3|LacI,4.A.1,GT9,GT9,3.A.18,4.B.1
GT2,2.A.38,1.A.22,1.B.40,AsnC_trans_reg|HTH_11,4.A.1,SIS,HTH_6|SIS,SBP_bac_3,2.A.95,3.A.1,Sigma70_r2|Sigma70_r4,2.A.47,2.A.16
CBM50,9.B.126,2.A.75
2.A.41,2.A.115,GT9,2.A.61,3.A.1,GT9,GT30,GT2,9.A.4,1.A.35,HhH-GPD,GH23,3.A.1,3.A.1,3.A.1,3.D.5,3.D.5,3.D.5,3.D.5,3.D.5,3.D.5,3.D.5,2.A.4,2.A.1,HATPase_c|MASE1,GerE|Response_reg,2.A.1
GT51,1.B.22,SKI,3.A.5
GT9,GT25,GT4,GT4,3.A.11,TetR_N,2.A.6,GAF,2.A.6,2.A.86
GT32,TPR_2,1.I.1,3.A.1,SBP_bac_1,2.A.68
GH33,3.A.1,3.A.1
5.B.3,1.A.62,2.A.61,GH102,3.A.1,4.C.1
3.A.1,3.A.1,3.A.1,3.A.1,3.A.1,3.A.23,HATPase_c,CBM50,8.A.8,8.A.7,4.A.1,Pyr_redox_2,2.A.23,3.A.1,8.A.21
1.E.14,2.A.122,HD,3.A.1,4.A.1,CE9,ACT,2.A.35,ACT,Peripla_BP_1|LacI,9.B.114,3.A.11,3.A.1,4.F.1,3.A.7,3.A.7,9.A.47,9.A.47,9.A.47,3.A.7,3.A.7,3.A.7,9.A.47,9.A.47,3.A.7,3.A.7,3.A.7
1.B.6,3.A.1,3.A.1,8.A.4,1.B.18,GT2,GT2|GT2,GT107|GT107,9.A.41
GT35,GT5,GH13_11,CBM48|GH13_9,GH77,5.B.7,5.A.3,5.A.3,2.A.25,1.B.17,9.B.158,CBS|SIS,1.A.12,3.A.7,2.A.40,GH103,GT2,GT2,GT25,GT52
GT51,2.A.108,2.A.108,3.A.1
2.A.21,1.B.14,1.B.14,2.A.23,3.A.8,1.B.39,GH23,Trp_repressor,GT51,9.A.41
3.A.1,3.A.1,3.A.1,PfkB,Peripla_BP_3|LacI,ACT,CE11,GT28,2.A.103,9.B.146
1.A.16,GH3,2.A.4
