2.A.7,2.A.7,GT83,GT2,Aminotran_1_2,NUDIX,1.B.68,Fer4,Pyr_redox_2,2.A.1
5.B.5,3.A.1,3.A.1,9.B.14,3.A.1,9.B.14,Response_reg|GerE,GH24
1.B.17,9.B.27,9.B.29,GH3,3.A.1,3.A.1,3.A.1,3.A.1,MerR,9.B.33,Response_reg|LytTR,3.A.1,1.B.11,2.A.113,PfkB,GntR,PfkB,2.A.1
2.A.1,2.A.6,2.A.6,8.A.1,HhH-GPD|AlkA_N,9.B.34,NUDIX,GT4,9.B.18,2.A.66,GT4,2.A.66,9.B.67,GT2,GT4,GT2
1.B.1,HD,2.A.7,9.B.34,GerE,3.A.6,3.A.6,3.A.6,3.A.6,3.A.6,3.A.6,3.A.6,3.A.6,GH13_5
GT20,FlhD,FlhC,1.A.30,1.A.30,HATPase_c|CheY-binding|H-kinase_dim|CheW,CheW,1.B.52,CheR|CheR_N,Response_reg|CheB_methylest,Response_reg,CheZ,3.A.6,3.A.6,2.A.2,GH105,9.B.158
3.A.1,3.A.1,3.A.1,CBM50
5.A.2,2.A.34,GntR,Pyr_redox,2.A.36,GH23,1.E.43,GH37,3.D.4,3.D.4,3.D.7,3.D.7,3.D.7,3.D.7,3.D.7,3.D.7,1.B.35,DeoRC|HTH_DeoR,4.A.6,4.A.6,4.A.6,GH105,GH154
GH13_10,GH13_26,CBM48|GH13_11,Aminotran_1_2,2.A.35,Peripla_BP_3|LacI,MarR,2.A.1,2.A.1
2.A.23,CE0,GH4,AraC_binding|HTH_18,4.A.3,4.A.3,4.A.3
2.A.1,1.E.43,9.B.2,2.A.76,MerR,GerE,NTP_transf_2,3.A.1,1.A.23,3.A.1,3.A.1,3.A.1,3.A.1,3.A.1,GH33
CBM13,1.B.12,9.B.50
GH3,4.A.1
2.A.1,GT2
2.A.1,1.B.35,2.A.21,SIS|HTH_6,2.A.21,TetR_N,AA6,5.A.1
2.A.1,GH31,3.A.1,2.A.45,Fe_dep_repress|Fe_dep_repr_C,1.B.6,2.A.7,3.A.1,3.A.1,3.A.1,1.A.23,Glycos_trans_3N,1.I.1,TetR_N,3.A.1,3.A.1,3.A.1,3.A.1,9.B.15,4.D.2,1.A.14
CE8,2.A.1,3.A.1,3.A.1,3.A.1,2.A.6,HTH_1|TOBE,3.A.1
2.A.1,1.B.25,4.A.1,CE9
1.B.10,2.A.6,2.A.6,3.A.5,CBM34|GH13_21,2.A.3,2.A.26,HATPase_c|HisKA|PAS,Response_reg|Trans_reg_C,2.A.1
1.B.6,GH23
3.A.23,3.A.23,3.A.23,3.A.23,3.A.23,3.A.23,3.A.23,3.A.23,3.A.23,3.A.23,GH73,3.A.1,3.A.1,3.A.1
GH19|CBM73,GT19,1.B.33
3.A.1,1.A.62,2.A.49,3.A.1,3.A.1,3.A.1,1.B.14,GT51
8.B.24,2.A.3,2.A.2,GH43_26,9.B.125,3.A.15,3.A.15,LysR_substrate|HTH_1,8.A.5,NUDIX,3.A.5,CE11,GT28,2.A.103,9.B.146
GH18,Trans_reg_C,GH108,LysR_substrate|HTH_1,1.A.33,2.A.96,2.A.25
GH23,3.A.1,4.B.1
4.A.6,4.A.6,4.A.6,4.A.6,GH105,GH154,PL8
3.A.3,Peripla_BP_3|LacI,GH13_29
CBM50,3.A.1,2.A.25,1.A.23,1.B.11,HTH_18,1.B.6,2.A.3,3.D.10,3.D.10,2.A.7,GerE,9.B.13
1.B.14,3.A.1,3.A.1,3.A.1,HATPase_c|dCache_1|PAS,Response_reg,2.A.13,2.A.2,GH4,AraC_binding|HTH_18,HTH_18,2.A.3,Response_reg|Trans_reg_C,HATPase_c|HisKA,2.A.1,8.A.1,2.A.85,1.B.17,3.D.1,2.A.23,4.C.1,9.B.136,2.A.21,2.A.122,1.E.14,LysR_substrate|HTH_1,2.A.36,2.A.40,MerR,HTH_18,EAL,3.A.1,3.A.1,3.A.1,1.A.30,1.A.30
GH31,2.A.2,2.A.2,1.B.35,HATPase_c|HisKA|PAS,3.A.23
GT1,3.A.1,1.B.14,2.A.52,HATPase_c|HisKA,Response_reg|Trans_reg_C,2.A.80,2.A.80,2.A.80,2.A.3,GntR,9.B.12,HTH_5,Rhodanese,2.A.104
GH103,4.A.4,4.A.4,4.A.4,DeoRC|HTH_DeoR,SIS|CBS,3.A.23,Pyr_redox_2,5.A.3,3.D.1,3.D.1,3.D.1,3.D.1,3.D.1,3.D.1
GH23,1.C.36,1.C.36,1.C.36,TPR_3,3.A.6,3.A.6,3.A.6,3.A.6,3.A.6,3.A.6,1.B.22,HTH_18,2.A.1,LysR_substrate|HTH_1,2.A.8
2.A.7,GH102,3.A.7
4.A.2,NUDIX,2.A.109,8.A.5,2.A.1,4.C.1,Peripla_BP_3|LacI,LysR_substrate|HTH_1,2.A.1,LysR_substrate|HTH_1,2.A.117,2.A.42,CBM50
1.C.113,GH1
GH23,9.B.120,3.A.23,3.A.23
2.A.3,GT44,2.A.1,GH43_10,2.A.2,1.B.52,3.A.1,3.D.7,3.D.7,5.A.3,3.D.7,1.B.52,1.A.30,1.A.30,9.B.27,HTH_18,8.A.5,2.A.47,1.B.76
2.A.109,2.A.23,2.A.1,GntR,9.B.27,1.E.34,9.B.124,LysR_substrate|HTH_1,2.A.42,2.A.42,PALP,LysR_substrate|HTH_1,DeoRC|HTH_DeoR,CE9
3.A.1,3.A.1,3.A.1,3.A.1,3.A.1,2.A.19,SIS|CBS,1.B.42,1.B.42,1.B.42,4.A.2,8.A.8,Pkinase,GT51
1.B.22,GT51,NUDIX,9.B.65,2.A.21,Response_reg|Trans_reg_C,9.A.8,9.A.8,9.A.8,2.A.8,GH77,GT35,GerE,DeoRC|HTH_DeoR,9.B.104,Rhodanese,GT35,GT5,CBM48|GH13_11,CBM48|GH13_9,2.A.8
3.A.1,3.A.1,3.A.1,3.A.1,3.A.1,3.A.1,3.A.1,3.A.1,3.A.1,3.A.1,Sigma70_r4|Sigma70_r2,3.A.1,3.A.1,3.A.5,3.A.3,1.B.52,2.A.88,2.A.1,2.A.86,3.A.1,3.A.1,3.A.1,Pyr_redox_2,2.A.20,9.B.4,2.A.17,Pyr_redox_2,GH37,GH24,Response_reg|GerE,LysR_substrate|HTH_1,9.B.126,2.A.1,9.B.121,EAL,PfkB,2.A.23,EAL|GGDEF,1.B.55,GH8,4.D.3,GT2
9.B.97,Peripla_BP_3|HTH_18,GH73,GH13_19,Aminotran_1_2,IclR|HTH_IclR,2.A.1,AraC_binding|HTH_18,2.A.2,GH127
1.A.34,GT2,Aminotran_1_2,GT9,GT9,GT73,GT8,GT8,GT4,GT52,GT4,GT9,GT30
2.A.27,2.A.40,GH31,2.A.2
3.A.3,9.B.20,2.A.7,4.A.6,4.A.6,4.A.6,4.A.6,3.A.23,GH1,2.A.1,2.A.1,2.A.1,HATPase_c|MASE1,Response_reg|GerE,2.A.1
2.A.1,1.B.35,PL38,PL17_1
2.A.9,2.A.40,3.A.1,3.A.1,3.A.1,3.A.1,GH1,1.B.3,4.A.3,4.A.3,4.A.3,GntR,SIS,3.A.2,3.A.2,3.A.2,3.A.2,3.A.2,3.A.2,3.A.2,3.A.2,1.A.77
4.B.1,1.I.1,3.A.6,9.B.146,GT0,Aminotran_1_2,2.A.66,GT56,9.B.128,GT26,2.A.3,TPR_2,HEM4,9.B.21
4.A.1,GH23,HATPase_c|HisKA,3.A.23,2.A.17,2.A.3,Trans_reg_C,Aminotran_1_2,2.A.1,2.A.113
GT51,5.A.3,5.A.3
GH1,4.A.1,HTH_6,Aminotran_1_2|GntR,9.B.209
