GH63,GH25,3.A.1,3.A.1,3.A.3,3.A.1
3.A.1,3.A.1,3.A.1,GT51,GyrI-like,PadR,GT51
2.A.1,GATase_2,Pyr_redox_2,CE5,9.B.111,9.B.106
GT2,GT89,CE1,CE1,CE1,CE1,CE1,CE1,CE1,CE1,CE5,4.C.1,3.B.1
GT2,3.A.1
2.A.52,CE1
2.A.1,AA3_2
3.A.1,3.A.1,GH15
GT1,3.A.1,3.A.1,3.A.1,3.A.1
3.A.1,3.A.1,3.A.1,3.A.1,GT20
1.A.34,Aminotran_1_2,TetR_N,CE1,2.A.3,8.A.21,2.A.6
GT87,9.B.44
GT2,4.C.1
2.A.76,2.A.76,GH5_27
4.C.1,4.C.1,CE1,2.A.55,TetR_N,3.A.1
GH20,HTH_DeoR|DeoRC,3.A.1,3.A.1,SBP_bac_1,SIS,CE9,PfkB,PfkB,3.A.1,9.B.35,9.B.35
8.A.5,CE1,3.D.1
GT2,GAF,4.C.1,4.C.1
GT39,4.C.1
GH23|CBM50,3.A.3,HMA,TetR_N,3.A.1
GH23,2.A.17
GT81,2.A.1,2.A.1
4.C.1,MarR,2.A.1,GH3
4.C.1,GT81
3.A.1,9.B.110,GT5
3.A.1,GH23,GH23,CBS,1.A.35
4.C.1,Glyoxalase,2.A.1,PadR,9.B.34,3.A.24,GH5_28,CE1,GT1
GT2,TetR_N,2.A.4,2.A.4
3.D.4,3.A.1,3.A.1,3.A.1,Pkinase,TPR_2,TetR_N,Glyoxalase,CE1,GH65
2.A.1,4.C.1,GAF|GerE,Glyoxalase,HTH_1|LysR_substrate,GT28
3.A.1,GT1,GT4
CE5,MarR,HTH_18,AA3_2,2.A.1,4.C.1,TetR_N,3.A.1,3.A.1,3.A.1,9.B.97,TetR_N,HTH_18,3.D.2,Sigma70_r4_2|Sigma70_r2,9.B.125
CE1,GT53,Glyoxalase,9.B.105
GH5,9.B.142,GT2
4.C.1,Aminotran_1_2,GT2,TetR_N,3.A.1,3.A.1,1.B.76,HATPase_c|HisKA,Response_reg|Trans_reg_C,GT2
2.A.1,HTH_1|LysR_substrate,2.A.1,TetR_N,GH3,2.A.1,FHA,Pkinase,3.A.1
GH129,2.A.6,ACT,CE1,HTH_1|LysR_substrate,2.A.75,Peripla_BP_3|LacI,3.A.1,3.A.1,3.A.1
9.B.18,GT4
PL12_3,9.B.18,TetR_N,HTH_3,2.A.79
9.B.107,Peptidase_M23,HTH_5,GT9,2.A.1
2.A.3,HTH_IclR|AsnC_trans_reg,3.D.2,HTH_3,GT4
2.A.6,3.A.1,3.A.1,3.A.1,8.A.5,GT0
9.B.159,GH1|GH1,GH1|GH1
9.B.110,3.A.1,Response_reg|GerE,3.D.1,3.D.1,2.A.1,1.A.1,GH65
1.B.77,GT87
GT89,TetR_C|TetR_N,3.A.1,3.A.1,4.C.1
CE9,8.A.7,PTS-HPr,4.A.1,4.A.1,4.A.1
3.A.1,GH23
5.A.3,HxlR,CE1,4.C.1,4.C.1
CE5,Sigma70_r4,3.A.3,3.A.1,3.A.1,9.B.110
GT1,PIG-L,HTH_IclR,3.A.1,3.A.1,3.A.1
4.F.1,Hemerythrin,CE1
CE1,Glyoxalase,9.B.106,3.A.12
2.A.1,MarR,GntR,2.A.39,CE4
CBM2,2.A.1
2.A.1,2.A.3,GH5_51,HTH_1|LysR_substrate,AAA,MarR,4.C.1
4.C.1,GH43_26
GH57,GT4,TetR_C|TetR_N,HTH_1|LysR_substrate,HTH_1|LysR_substrate,Glyoxalase,2.A.1,2.A.6
2.A.40,9.B.10,3.A.11,TetR_N,3.A.1,3.A.1,3.A.1,3.A.1,1.I.1,1.E.22,GH15,1.A.8
GH32,4.C.1,GH1
GH13_30,HTH_3,2.A.1,Pyr_redox_2,Sigma70_r4_2|Sigma70_r2,2.A.78
2.A.3,CE1,1.I.1
2.A.40,4.C.1,GT35,GH13_3,CBM48|GH13_9
9.B.142,HTH_1|LysR_substrate,GT83,GT2,PfkB,9.B.10
9.B.27,9.B.27,GH76
1.A.33,GerE,9.B.66,3.D.7,GT2
