4.C.1,2.A.1,9.A.41,GT107,8.A.4,3.A.1,GT4,3.A.1
GT4,1.B.18,GT4,GT4
2.A.102,GT2
GT2,2.A.95
GH43_30,3.A.1,3.A.1,3.A.1,4.F.1
1.E.54,GH108,1.B.63
9.B.72,GH1,GT4,3.B.1
GT1,9.B.99
2.A.3,CE1,2.A.19,Aminotran_1_2,9.B.31,3.A.11
2.A.66,GH102
GT4,EAL|CHASE2,3.D.2,3.D.2
GT4,8.A.3
GT4,GT4,3.A.1
2.A.37,GT51,Hemerythrin,3.A.1,3.A.1,2.A.72,3.D.2,9.B.14,9.B.14
2.A.20,GT81
3.A.11,TPR_2,Ada_Zn_binding|HTH_18,3.A.2,3.A.2,3.A.2,3.A.2,3.A.7,Response_reg,1.I.1,GT2
AA2,4.F.1,2.A.1
3.A.1,Response_reg,2.A.21,GH23
2.A.64,GH3
2.A.5,GT28,2.A.103
