3.A.1,3.A.1,3.A.1,GH1,3.A.1,3.A.1
9.B.18,GT4,GT4
5.A.3,GH15
GH65,3.A.1
3.A.16,HTH_6,3.A.1,SBP_bac_1,3.A.1,LysR_substrate|HTH_1,FUR,AA2
9.B.18,GH18|CBM13|CBM2,TetR_N,3.A.1,PadR,2.A.1,2.A.1
2.A.7,GT28
AA10,2.A.1
2.A.1,GH92,GH130,1.A.29
2.A.3,GntR,CE14|CBM9
3.A.9,Pribosyltran,GH25
GH15,2.A.1,2.A.1,LysR_substrate|HTH_1,2.A.69,GT53
9.A.25,CBM67|GH78,LacI|Peripla_BP_3,LacI|Peripla_BP_3,2.A.1
2.A.109,GT2
GT2,2.A.1
4.F.1,4.C.1,GH20,4.C.1,GntR,2.A.3,HTH_3,2.A.1
GT4,GerE|Response_reg,GT2,GH18,GT4,9.B.18
GH23,Pyr_redox_2,GATase_2,GT87,Rrf2,3.A.1,HTH_6,3.A.1,3.A.1
2.A.6,2.A.6,2.A.1,CE4|GT2,3.A.1,3.A.1,3.A.1,3.A.1
2.A.20,CBM32,NUDIX,3.A.3
2.A.3,AA3_2,GT2,HTH_3,2.A.46
GH18,2.A.109,3.A.1
2.A.1,HxlR,HTH_3,2.A.1,GT2,GT53
3.A.1,GH3
1.A.1,GH18|CBM13,HEM4,3.A.25
1.C.113,CE14
3.A.1,3.A.1,3.A.1,3.A.1,3.A.1,GH23,TPR_4,GH23,GH23,2.A.15,TetR_N,9.B.34
3.A.1,3.A.1,3.A.1,3.A.1,GH23|CBM50
2.A.21,GT4,GT4,GH25
GH84,9.B.106
CBM12|CBM13,GntR,3.A.1,3.A.1,3.A.1
GH15,GT20,2.A.79,GH18
9.A.47,GH3
3.A.1,GT2,GT53
GT2,MerR,2.A.7
9.B.34,2.A.86,GT87,GGDEF|PAS,PadR,GT51,PspC,3.A.1
9.B.27,CE9
2.A.36,GH23
GH25,9.B.34
GT4,MarR,LysR_substrate|HTH_1,2.A.11,3.D.1,3.D.1,3.D.1,3.D.1,3.D.1,3.D.1,3.D.1,3.D.1,3.D.1,3.D.1,3.D.1,3.D.1,3.D.1,3.D.1
GH16_3,PspC,HATPase_c,GerE|Response_reg,2.A.7,LysR_substrate|HTH_1,9.B.106,9.B.106,CE14
GT1,8.A.5
9.B.146,1.A.77,3.A.2,3.A.2,3.A.2,EPSP_synthase,SBP_bac_3,3.A.1,3.A.1,3.A.1,NUDIX,GH13_30
GT35,2.A.1
GT83,GT2,9.B.142,Trans_reg_C|Response_reg,HATPase_c|HisKA,3.A.3,3.A.3,3.A.3
9.B.146,2.A.103,GT28,4.C.1
GT85,9.B.148,NUDIX,3.D.10,GntR,2.A.1,3.A.1,3.A.1,3.A.1,3.A.1,3.A.1,9.A.40
CBM32,CBS,2.A.23
3.A.1,3.A.1,3.A.1,GATase_2,Pyr_redox_2,GH23
2.A.1,GH64
CBM38|GH116,2.A.1
8.A.51,GT2,2.A.1
2.A.1,2.A.1,2.A.1,GH15
