3.D.4,3.D.4,GT0,Pribosyltran,3.A.1,3.A.1,Rhodanese,LysR_substrate,2.A.23,MCPsignal|PAS,HD|Response_reg,2.A.21
2.A.1,GT4,1.B.18,9.B.18
GH2,3.A.23,GT4,GT4,2.A.66,GGDEF|EAL,9.B.106
3.D.4,3.D.4,GH20,4.A.1,4.A.1,SIS,CE9,GntR,HTH_1|LysR_substrate,4.C.1
2.A.55,1.B.19,GT21,1.B.1,9.B.143,HTH_1|LysR_substrate,2.A.40,GH73
3.A.6,3.A.6,AA3_2,2.A.1,8.A.5
3.A.15,3.A.15,3.A.15,1.B.22,GH23,9.B.10,Pyr_redox,2.A.37
AA3_2,3.A.1,3.A.1,3.A.1,3.A.1,3.A.1,3.A.1,3.A.1,3.A.1,CbiA,2.A.45,3.A.2,3.A.2,3.A.2,3.A.2,3.A.2,3.A.2,3.A.2,4.C.1,SBP_bac_3,3.A.11,3.A.1,4.C.1
AA10,AA7,dCache_1|MCPsignal,1.B.48,2.A.76
1.A.8,GT4,FlhD,FlhC,1.A.30,1.A.30
5.A.1,9.B.14,2.A.1,9.B.21,GT51,1.B.22,SKI,HD,3.A.1,3.A.1,3.A.1,3.A.1,GATase_2,Pyr_redox_2,2.A.25,3.A.1,3.A.1,3.A.1,3.A.1,STAS,3.A.1,3.A.1
9.B.146,2.A.103,GT28
CE11,3.A.5
9.B.27,GT4,1.B.18,8.A.4,3.A.1,3.A.1,GT4,GT4
9.A.41,CE11
9.B.18,1.B.18,8.A.3,GT0,GT4
3.A.1,GT2,9.B.146,9.B.18,9.B.146,GT4,GT9,GT30
1.A.43,9.A.4,PALP,GH23
2.A.49,GT9,2.A.1
GH103,3.A.1,3.A.1,3.A.1
GH3,HTH_8|Response_reg,GT104,4.F.1
GT20,3.A.1,Pyr_redox,3.A.1,CBM32,GT21,B12-binding,3.A.1,3.A.1,3.A.1
1.B.33,GT19,8.A.7,8.A.21,2.A.7
2.A.1,GntR,2.A.39,CE4,9.B.43,9.B.35,HTH_1|LysR_substrate,1.A.22,TPR_2,GT51
8.A.28,1.A.23,GT4
GT2,2.A.7,GT83
CBM50,Sigma70_r2|Sigma70_r4|Sigma70_r3,1.A.14
GH18,AAA,9.B.10,2.A.52,CbiA,1.B.14,4.C.1,4.C.1,3.A.1,3.A.1,3.A.1,3.A.1
GH39,2.A.1,CBS,9.B.126
GH3,5.B.3,2.A.1,2.A.1,3.A.1,GerE|Response_reg,HATPase_c|HisKA|Response_reg,1.B.11
1.C.106,1.C.106,3.A.23,3.A.23,3.A.23,3.A.23,AA5_2,1.B.6,1.B.40
3.A.1,3.A.1,3.A.1,3.A.1,3.A.16,9.A.55,2.A.76,HTH_18,2.A.1,GH23,2.A.7,2.A.1
1.A.12,GH87
GT4,TetR_N,2.A.1,3.A.9,2.A.7,Trans_reg_C|Response_reg,2.A.21,3.A.3,3.A.3,3.A.3
2.A.1,GT2,GT9,GT4,GT9,GT4,3.A.1,Rhodanese,1.I.1,3.A.12,GH15
2.A.1,GT20
3.A.3,9.B.153,HTH_IclR,GntR|Aminotran_1_2,3.D.1,1.A.46,9.B.44,2.A.55,AraC_binding,3.A.1,1.B.12,3.A.23,HTH_6,3.A.1,3.A.1,3.A.1,3.A.1,3.A.1,HTH_1|LysR_substrate,CBM50,HTH_1|LysR_substrate,1.B.1
GT51,CheC,Response_reg,2.A.21
3.A.1,3.A.1,SBP_bac_1,3.A.1,HTH_IclR|IclR,2.A.1,HTH_1|LysR_substrate,2.A.1,HTH_1|LysR_substrate,GH129
GT2,2.A.6,dCache_1|MCPsignal,4.C.1
GH37,2.A.1
GH78,HD,9.B.157,2.A.21,Trans_reg_C|Response_reg,3.A.1,3.A.1,1.B.17
GH68,GH32,8.A.1,1.B.17,GT2,2.A.1,GT1,3.A.23,3.A.23,3.A.23,3.A.23,3.A.23,3.A.23,3.A.23
2.A.1,HTH_18,HTH_18,cNMP_binding|Pyr_redox_2,9.B.143,HTH_1|LysR_substrate,GT2,GT9,GT9,GT2,2.A.66,1.B.18,1.B.14
3.A.1,3.A.1,3.A.1,Sigma70_r4,1.B.1,SBP_bac_1,3.A.1,HTH_1|LysR_substrate,1.B.14,3.A.1,3.A.1,3.A.1,1.A.62,GT51,HTH_1,3.D.4
GH73,3.A.23,3.A.23,3.A.23,3.A.23,3.A.23
3.A.7,3.A.18,GH15|CBM20,3.A.1,3.A.1
2.A.1,GerE|Response_reg,1.B.11,GerE|Response_reg,HATPase_c|dCache_1|HisKA|Response_reg,3.A.23,3.A.23,GT60,3.A.23,1.B.6,3.A.23,3.A.23,3.A.23,1.B.11
1.B.1,GT51,5.A.3,5.A.3,5.A.3
2.A.1,3.D.10,3.A.1,GT9,GT2,GT9,3.A.23,3.A.23,GT2,PIG-L,GT4
2.A.1,GntR,2.A.3,1.B.1,Aminotran_1_2,MarR|AsnC_trans_reg,9.A.47,CbiA|Response_reg,3.A.7,1.E.52,GT2
GT2,2.A.7,1.B.1
3.A.23,1.A.30,3.A.23,1.E.43,3.A.23,3.A.23,3.A.23,3.A.23,GH73
3.A.1,SBP_bac_1,3.A.1,3.A.1,GH36
2.A.109,HTH_1|LysR_substrate,GT0,GT2,9.B.52
2.A.4,Whib,8.A.3,GH39
9.B.18,1.B.18,8.A.3,GT2,GT4,GT4
GH13_10,9.A.40,HisKA,2.A.7,HTH_1|LysR_substrate,HTH_1|TOBE,3.A.1,3.A.1
CBM50,1.B.14,GntR|Aminotran_1_2,3.A.1,3.A.1,3.A.1,3.A.1
9.B.160,Pribosyltran,Aminotran_1_2,AraC_binding,9.B.97,GT4|GT4,1.B.1,9.B.126,3.A.1,3.A.1,3.A.1,5.A.3,5.A.3,5.A.3
1.E.7,GH24
GH3,2.A.1
AA5_2,Response_reg,FIST,2.A.21,2.A.1
4.D.3,GH8,1.B.55,CbiA,GT2,3.A.1,3.A.1,3.A.1,GerE|Autoind_bind,4.C.1,2.A.20,MarR|AsnC_trans_reg,2.A.76,HTH_1|LysR_substrate,2.A.1
1.B.22,3.A.6,3.A.6,3.A.6,3.A.6,TPR_3,1.C.36,1.C.36,GH23
AA3_2,TetR_N,GT1,2.A.1,GT2,1.B.17,8.A.1
