3.A.1,3.D.1,2.A.16,SIS|CBS,2.A.64,1.B.42,2.A.109,9.B.18,GT4,9.B.67,GT4,GT4,GT2,GT4
GT0,GT2,2.A.50,GT2,GT2,GT4,GT2,GT4,3.A.1,8.A.3,1.B.18,3.A.1,3.A.5
PL7_3,GT2,2.A.123,GT83,2.A.66
GT2,2.A.21,HATPase_c,HATPase_c|Response_reg|TPR_2|HisKA,3.B.1
GH13_7,2.A.25,1.A.1
1.A.8,GT2
9.B.157,GT28,9.B.146
3.A.1,9.B.174,GT19,3.A.11,2.A.17,2.A.17,2.A.6,9.A.40
3.A.1,GT51
9.A.25,3.A.1,PadR,GT9
GT2,9.B.18,9.B.18,Aminotran_1_2,9.B.18,9.B.18
GT4,2.A.66
3.A.2,SIS,GT5
GT0,3.A.1
GH13_10,8.A.46,1.B.14,Peripla_BP_3|LacI,2.A.2,GH65,GH31,GH13_19,GH13,2.A.102
2.A.1,CE4
PL6|PL6_1,PL12,SKI,PL6|PL6_1,PL17_2|PL17,AraC_binding,1.B.14,GntR,2.A.1,PfkB,GT30
GH73,Aminotran_1_2,9.B.44,9.B.8
3.A.1,4.B.1,2.A.66,GT0,GT4,GT2,GT2,3.A.1
CBM9,MarR,4.C.1
3.A.1,GT2
3.A.1,GH23,4.C.3,3.A.1,3.A.1,3.A.1
9.B.14,1.A.22,Aminotran_1_2,CE14
1.A.30,GT2
9.B.153,9.B.144,GT4
2.A.23,1.B.6,GT4,GH3
GH5_2|PL31,HD,TPR_1,3.A.9
2.A.35,cNMP_binding,PL7_5,GH9
1.A.1,Response_reg|Trans_reg_C,HATPase_c|HisKA,GT2
