3.D.1,3.A.1,3.A.1,AA3_2
9.B.97,ACT,3.A.1,GT2
2.A.38,GT1
2.A.1,GT4,GH0
9.B.142,GT2,NUDIX,1.C.109
GT2,Whib,3.A.1,GT2,GT2,GT2
GT4,3.D.10,3.D.10,9.B.126,1.A.8
2.A.1,TetR_N,GT4,GH13_31,8.A.21
CE14,NUDIX,9.B.51,2.A.3
3.A.1,GT39,9.B.185,2.A.52,1.A.22
GT4,Pkinase,3.A.9
GT20,9.B.142
8.A.3,CbiA,GT2,CbiA,GT4,GT4,GT4,GH99,9.B.97,GT4,GT4,GT4,GT4
9.B.18,GT4,GT2,GT2,8.A.3
2.A.1,Nitroreductase,9.B.111,GH16_3,3.D.2,3.D.2
9.B.97,PadR,GT51
CBM13,3.B.1,TetR_N,2.A.6,2.A.51,CBM32,GntR,3.A.1,3.A.1
GT83,NUDIX,9.B.124,3.A.7
CBM5,2.A.89,4.C.1
9.B.126,GntR|Aminotran_1_2,2.A.115,GH6,GH6
4.C.1,GH23,3.A.1,3.A.1,3.A.1
GT2,GT2,GT2,3.D.10,GerE,3.A.9
3.A.1,3.A.1,3.A.1,3.A.1,GH23,TetR_N,GH39
2.A.108,TetR_N,GH16_3,Aminotran_1_2,TrkA_C,2.A.86,ACT|PALP,CE14
2.A.109,AA3_2,4.C.1,1.C.113,9.B.104
1.A.33,2.A.103,2.A.1,B12-binding,GT2,GT2
3.A.1,3.A.1,3.A.1,CbiA,Aminotran_1_2,GT87
9.B.146,2.A.103,GT28
AA3_2,3.A.1,3.A.1
CE4,2.A.122
