2.A.40,CSD,GH23|CBM50
GT2,3.A.1,3.A.1,3.A.1
GH33,3.A.5,3.A.1,3.A.1,3.A.1
GT4,2.A.61,9.B.14,3.A.1,Peripla_BP_2,3.A.1,5.A.1
GT4,4.C.1
3.D.10,3.D.10,HTH_3,Pyr_redox_2,CE1
3.A.7,9.B.160,NUDIX,HhH-GPD,1.A.1,Whib,GT51,2.A.63,2.A.63,2.A.63,HisKA|HATPase_c,Response_reg|Trans_reg_C,2.A.1,3.A.1,3.A.1
2.A.7,GT76
3.A.1,3.A.1,3.A.1,3.A.1,3.A.1,3.A.1,GT2
GT85,GT53,1.A.8
2.A.89,GH25
GH13,1.A.26
3.A.1,3.A.1,3.A.1,3.A.1,GntR,CE9,Response_reg|GerE,HATPase_c,3.A.1,3.A.1,9.B.74,9.B.27
GT51,3.A.7,2.A.1,3.A.3
GT87,2.A.1,2.A.1
3.A.1,Pyr_redox,2.A.1,GT2,GT89,CE1,GT87,CE1,CE5,3.B.1,2.A.6,GT4,GH3
3.A.1,3.A.1,MarR,Fer4,2.A.20,3.A.1,3.A.1,3.A.1,3.A.1,2.A.86,1.A.33,MerR,GH18
GH76,PadR,3.A.1
GT87,2.A.63,2.A.63
4.C.1,MarR,2.A.23,Rhodanese,Pribosyltran,3.A.25,9.B.148,AA3_2,2.A.15,2.A.23
GT20,2.A.79,2.A.79,2.A.40,CE1,TetR_N,Response_reg|Trans_reg_C,2.A.21,2.A.38,2.A.38
GH77,4.C.1
3.D.4,3.D.4,3.D.4,3.D.3,GT4,Glucokinase,9.B.106
9.B.146,2.A.103,GT28
4.F.1,GT4
GT2,2.A.1,Pyr_redox_2,1.A.35,1.I.1,9.A.40,9.A.40
3.A.1,GH13_3,CBM48|GH13_9
3.A.1,CBS,3.A.1,Sigma70_r2|Sigma70_r4_2,GT5,GH32,GT81,2.A.3,2.A.3,Aminotran_1_2,Fer4,CE14
2.A.1,LysR_substrate,TetR_N,2.A.1,CE14
GH23,2.A.3
4.B.1,3.A.1,GH23|CBM50,2.A.120,2.A.15,GT39
