2.A.6,2.A.6,2.A.6,3.A.1,3.A.1,3.A.1,3.A.1,3.A.1,GH103
2.A.121,2.A.7,PfkB,8.A.5,3.A.3,GT25,GT25,HD|ACT,2.A.66
4.C.1,8.A.3,GT2,GT2,GT2,GT0,2.A.66,Pribosyltran,GH16_21,GT2
3.A.1,3.A.1,3.A.1,3.A.1,HTH_IclR|IclR,GH144,Pyr_redox_2,GT32|GT62
9.B.35,CE4,AraC_binding,3.A.1,3.A.1,3.A.1,3.A.1,3.A.1
3.A.1,3.A.1,3.A.1,GH13_23,3.A.1
3.A.1,3.A.1,3.A.1,3.A.1,4.C.1,3.A.1,3.A.1,3.A.1,3.A.1,GT2,GT4|GT2,3.A.1,FmdA_AmdA,3.A.1,3.A.1,3.A.1,ANTAR,3.A.1,3.A.1,3.A.1,TetR_N,3.A.1
3.A.1,3.A.1,3.A.1,SIS,GntR,SIS,CE9,3.A.1,4.C.1,GntR,1.A.33
3.A.1,GH102
GT83,GT2,3.A.1,3.A.1,2.A.21,Response_reg|Trans_reg_C,3.A.1,3.A.1,3.A.1,3.A.1
3.A.5,GH103,3.A.1,3.A.1,3.A.1,GntR,PfkB,2.A.76,2.A.49
2.A.1,Aminotran_1_2,ROS_MUCR,GH15,Peripla_BP_1,3.A.1,3.A.1,TetR_N,2.A.1,GerE,3.A.1,SBP_bac_1,3.A.1,3.A.1
GT1,3.A.1,3.A.1,3.A.1,3.A.1,GntR,GT1
GH5_39,1.A.30,1.A.30,2.C.1,2.C.1,TPR_2,3.A.16,1.B.6
3.A.1,3.A.1,3.A.1,2.A.56,HTH_IclR|IclR,GH23,HATPase_c|Response_reg|HisKA,GT51,AsnC_trans_reg|Sigma70_r4,3.A.1,3.A.1,3.A.1
GT51,HTH_18|AraC_binding,2.A.37
AA3_2,3.A.8,2.A.21
GT2,2.A.6,SIS|HTH_6,2.A.3
3.A.1,2.A.36,2.A.7,2.A.1,AA3_2,3.A.1,3.A.1,3.A.1,3.A.1
GH103,CBS|SIS,8.A.21,Pyr_redox_2,CBM50
GH23,3.A.6,3.A.6
GT9,GT9,2.A.76
GH23,9.B.126
8.A.3,GH5_39,GT4,GT4
2.A.1,LacI|Peripla_BP_3,3.A.1,3.A.1,3.A.1,SKI,Rrf2,3.A.1,SpoVT_AbrB,3.A.1,3.A.1,3.A.1,3.A.1,GT51,1.B.33,SBP_bac_5,3.A.1,3.A.1,3.A.1,GH23
2.A.7,GH103,GH25
9.B.146,2.A.103,GT28
CE11,1.B.33
GH3,2.A.64,CBM50,HTH_18|AraC_binding,AAA,2.A.6
3.A.1,3.A.1,3.A.1,3.A.1,3.A.1,GT4,GH0,GT20,9.B.31
2.A.76,HTH_1|LysR_substrate,8.A.5,1.B.33,GT19
1.I.1,9.B.186,GT51
GH25,9.B.27
3.A.1,FMN_bind_2,GT83,2.A.123,GT2,1.A.34,MarR,3.A.1,Peripla_BP_1,3.A.1
8.A.3,GT4,9.B.18
1.B.33,GT2,3.A.10,3.A.1,3.A.1,3.A.1,3.A.1,2.A.1
8.A.5,GT90,GT90,GntR,2.A.1
9.B.14,3.A.1,GT84|GH94
2.A.7,HTH_1|LysR_substrate,GT30
1.C.12,TetR_N,3.A.1,TetR_N,GT90
2.A.45,GT4,9.B.34,3.D.1,2.A.86,2.A.86
GT2,2.A.7
GH25,GH23,1.B.70,1.B.70
3.A.1,3.A.1,3.A.1,3.A.1,HTH_1|LysR_substrate,GT51
3.A.1,3.A.1,3.A.1,3.A.1,GH13_23,GH13_11,GT5,CBM48|GH13_9,GT35,3.A.1,3.A.1,3.A.1
9.B.18,9.B.18,3.A.1,3.A.1,GT4|GT4,GT2,GT2,GT4,GT4,2.A.88
GT9,4.A.2,HTH_1|LysR_substrate,3.A.1
CE4,3.A.1
3.A.23,FHA,3.A.23,SpoIIE,Pkinase,CBM50,1.B.6
3.A.1,3.A.1,3.A.1,HisKA,AA3,3.A.1,3.A.1
2.A.66,GT4,4.C.1
3.A.1,3.A.1,3.A.1,AA3_2,3.A.1,3.A.1,Peripla_BP_1,3.A.1,3.A.1,3.A.1,3.A.1
GT26,GT0,4.A.5,4.A.5,9.B.62,3.A.1,3.A.1,3.A.1,3.A.1,SIS|HTH_6,9.B.147,TPR_2,3.A.7,3.A.15
3.A.7,3.A.7,3.A.7,3.A.7,3.A.7,3.A.7,3.A.7,3.A.7,3.A.7,GH23
GH23,2.A.1
2.A.76,FMN_bind_2,CE4,GntR|Aminotran_1_2,3.A.1,3.A.1,GT2|GT2
GT23,3.A.23,dCache_1|HATPase_c|HisKA,2.A.23,LacI,3.A.23,3.D.10
1.A.22,2.A.21,GerE|Response_reg,2.A.66,9.B.97,1.B.12,HATPase_c,GerE|Response_reg,HTH_1|LysR_substrate,3.A.1,3.A.1,3.A.1,HTH_1|LysR_substrate,Aminotran_1_2,GT21,Aminotran_1_2,GcrA,1.A.35
