3.A.1,GT4
9.B.34,2.A.23,GT35,3.A.5,2.A.38
1.B.3,GH23,1.B.6,1.B.33
GT2,GT2,3.A.1,3.A.1,GT2|GT4,GT2,Aminotran_1_2,9.B.18
GT4,Pyr_redox_2,GntR|Aminotran_1_2,3.A.1,3.A.15,9.B.34,5.B.3,1.A.30,1.A.30,1.B.14,3.A.1,3.A.1,3.A.1,3.A.1,1.B.14,2.A.21
2.A.21,Response_reg,9.B.34,GT1,1.A.11,1.A.11
1.B.14,9.B.10,1.B.52,2.A.21,Response_reg,2.A.21,PAS,PAS,Response_reg,8.A.59,GT19,1.B.52,3.A.3
3.A.1,3.A.1,3.A.1,GT9,GT9,HD,8.A.1,2.A.6,2.A.6,9.B.34,8.A.59
GH17,9.A.40,Response_reg,3.A.25,3.A.3
GT1,2.A.38,2.A.6,Pyr_redox_2,2.A.62,CSD,2.A.7
GH17|GT2,CbiA,1.A.26,1.B.42,1.B.42,SIS|CBS,3.A.1,3.A.1,3.A.1
8.A.59,SpoIIE|Response_reg,3.A.1,GT2,3.B.1
GT26,GT4,GT4,GT2,GT2,9.B.18
GH63,5.A.3
1.B.76,GH17,9.B.34,9.B.34
1.A.1,TrkA_C,3.A.11,Nitroreductase,GT2
2.A.62,MarR,GT81,1.B.81,2.A.49,2.A.37,GH5_54,GH13_4,9.B.34,GT4,Trans_reg_C|Response_reg,HisKA|HATPase_c,2.A.6,2.A.6,3.A.3,1.A.78
9.A.40,2.A.6,2.A.6,NUDIX,1.B.52,3.A.18,3.A.1,GH5_45
8.A.21,AAA,3.A.15,GH103
2.A.21,GT51
GT28,2.A.103,9.B.146
9.B.174,NIR_SIR_ferr|NIR_SIR,2.A.62,2.A.1,GT51,1.B.22
1.A.30,1.A.30,CbiA,CheW,CheW,GT2,GT2,GT9,3.A.1
3.A.2,GH23,3.A.2,9.B.97,3.A.2,3.A.23,2.A.102,1.B.76,5.A.1
GT41,9.B.1,2.A.16,9.B.157,9.B.157,9.B.157,2.A.103,GH103,2.A.50,FHA,GH73
9.A.40,9.B.34,3.A.1,GT5,CBM48|GH13_9,GH57,GH77
9.B.18,1.B.18,8.A.3,GT2,GT2,GT4,GT2
3.A.23,2.A.21,CBM50,3.A.11,3.A.7
3.A.23,GT51
9.B.34,4.A.2,GT30
1.B.6,4.F.1,TetR_N,GT2,CE4,Rrf2,3.A.1
GT2,GT4,GT4,GT2,3.A.1,3.A.1,TPR_1,GT4,GT2,1.A.35,9.A.40,3.A.23,9.B.20,3.A.15
3.A.1,HTH_1|LysR_substrate,GH3,2.A.1,CheB_methylest|Response_reg,CheD,CheR|CheR_N,1.B.52,Response_reg,STAS,CheW|H-kinase_dim|HATPase_c,1.B.52
2.A.6,1.B.17,HisKA|HATPase_c,Trans_reg_C|Response_reg,GT84|GH94
2.A.53,CE4|GH153,GT2,3.B.1,3.B.1,GT4,NTP_transf_2,GT2,GT4,GT11,GT6,3.A.1,3.A.1
3.A.1,9.B.34,GH23,3.A.1,9.B.34,GGDEF|EAL|Response_reg,2.A.21,1.B.14,1.B.14
GH30_3,GH161,2.A.6,2.A.6,2.A.6
CE7,2.A.6,2.A.6,3.A.16,3.A.1,3.A.1,9.B.14,9.B.14
GT2,Rhodanese,CE4,4.C.1
1.B.13,3.A.1,PL12,PL12,GT4,GT28
