3.A.7,3.A.7,GH23,EAL,3.A.7
3.A.1,3.A.1,3.A.1,3.A.1,AA3_2
GH23,3.A.7
GT30,HATPase_c|HisKA,Response_reg|Trans_reg_C,2.A.6,Rhodanese,2.A.6
CBM13,2.A.80,LysR_substrate|HTH_1,2.A.56,2.A.56,2.A.56,SKI,LacI|Peripla_BP_3,3.B.1,CbiA,B12-binding,GntR,2.A.1
2.A.1,TPR_2,GT0,GT2,TPR_2,4.C.1,1.B.1,3.A.1,3.A.1,3.A.1
3.A.1,1.I.1,9.B.34,TetR_N,1.B.17,TetR_N,2.A.6,Pyr_redox_2,Pyr_redox_2,AA3_2
4.F.1,2.A.80,LysR_substrate|HTH_1,GT104,2.A.66,PHB_acc_N,2.A.39
1.E.6,GH24
3.D.4,3.D.4,3.A.1,3.A.1,1.A.23,AAA,GH103,GGDEF|EAL,ANTAR|NIT,3.A.1,3.A.1,3.A.1,CBS,MCPsignal|PAS,Pyr_redox_2,3.D.1
2.A.80,LysR_substrate|HTH_1,GntR,CE4,2.A.40,Glyoxalase,1.B.1,LysR_substrate|HTH_1,GT83,TetR_N,2.A.1,3.A.9,9.B.10
1.I.1,ACT|HD,GH103,Aminotran_1_2|GntR,2.A.3,2.A.1,LysR_substrate|HTH_1,3.A.1,1.B.1
1.E.6,GH24
2.A.103,GT51,CE11,GT28,2.A.103,9.B.146
GT2,3.A.1,1.B.22
9.A.40,AsnC_trans_reg|MarR,4.C.1,1.B.14,GH23
2.A.4,2.A.21,Response_reg|GerE,9.B.34,9.B.34,3.A.1,3.A.1,AA3_2
1.E.43,GT51,3.A.7,2.A.80
2.A.21,Response_reg|GerE,9.B.186,GH102,2.A.1,AsnC_trans_reg|HTH_IclR,3.A.5,2.A.6,2.A.6,CBM50
GT0,9.B.67,GT4,GT2,GT0,2.A.1,LysR_substrate|HTH_1,HATPase_c|HisKA,Response_reg|Trans_reg_C,2.A.1,HTH_18|AraC_binding,3.A.1,3.A.1,cNMP_binding,3.D.2,3.D.2,3.D.2
3.A.9,9.B.157,9.B.157,3.A.1,3.A.1,3.A.1,2.A.102,LysR_substrate|HTH_1,AA3_2,3.A.1,3.A.1,2.A.95
2.A.69,GT2,3.A.11
3.A.6,3.A.6,CheZ,Response_reg,1.A.30,1.A.30,GT41
2.A.21,9.B.136,2.A.1,1.B.1,2.A.1,LysR_substrate|HTH_1,2.A.1,AA3_2,IclR|HTH_IclR,2.A.56,2.A.56,2.A.21,1.B.11,9.B.97,GT2,3.A.3,3.A.3,3.A.3,HATPase_c|HisKA,Response_reg|Trans_reg_C,1.C.109
3.A.1,GT4,GT4
3.A.1,3.A.1,3.A.1,3.A.1,PfkB,HTH_18|AraC_binding,9.B.14,2.A.1,GT51
GH166,GT4,2.A.66,3.A.1,3.A.1,3.A.1,3.A.1,3.A.1,3.A.1,STAS,3.A.1,3.A.1
GH135,2.A.1,1.A.22,3.D.3,3.D.3,1.A.12,3.A.5
2.A.5,Response_reg|GerE,dCache_2|HATPase_c,LytTR|Response_reg,9.B.33,2.A.80,2.A.15,HTH_18|AraC_binding,3.A.1,3.A.1,3.A.1,3.A.1,GT51,MarR,2.A.14
3.D.1,Sigma70_r2|Sigma70_r4_2,RseA_N,9.B.160,1.A.63,GH3,CSD,9.B.34,9.A.4
2.A.1,HATPase_c,GH23,MCPsignal,3.A.11,2.A.1,GntR,HATPase_c|HisKA,Pyr_redox_2,1.B.14,LysR_substrate|HTH_1,4.A.2,2.A.21
4.C.1,2.A.7,Pyr_redox_2,2.A.27,9.B.34,CBM50
1.B.33,GT19
GH23,1.B.1
