3.A.1,3.A.1,3.A.1,3.A.1,CE4
2.A.1,3.A.1,3.A.1,3.A.1,1.B.52,Arg_repressor,2.A.3,1.A.1,GH13_31,4.A.1,9.B.74,3.A.7,3.A.1,3.A.1,Peripla_BP_2,2.A.13,1.B.52,4.C.1,3.A.1,3.A.1,3.A.1,GH18|CBM2,TetR_N,2.A.1
9.B.126,3.A.3,2.A.7,2.A.19,CE4
4.A.1,GT28
4.A.1,GH1
3.A.1,3.A.1,3.A.1,GT51
GH13,2.A.115,3.A.9
2.A.20,GT51,2.A.21
3.D.3,3.D.3,3.D.3,2.A.115,CE14,GT4
GT2,GT4,GT4,GH23,3.A.6,3.A.6,1.A.104,3.A.5,3.A.1
GH73,3.A.1,3.A.1,2.A.1,PALP,2.A.22
CE4,9.B.20
8.A.21,GT1,GT1
2.A.8,TPR_2,GT102,2.A.3
GT28,9.B.105
3.B.1,4.C.1,GT2|GT2
CBM50,3.A.5
CE4,4.A.7,4.A.7,4.A.7,3.A.1
1.B.52,AA10,9.B.20
9.B.31,GH18
5.A.1,2.A.7,LysR_substrate|HTH_1,1.E.14,2.A.122,HTH_IclR|IclR,2.A.3,CBM50,3.A.1,3.A.1,3.A.1,3.A.1,3.A.1
GT28,2.A.103,9.B.146
CE4,GGDEF,1.E.31,2.A.1
3.A.1,3.A.1,3.A.1,CBM34|GH13_20,GH13_31,3.A.1
9.B.34,Nitroreductase,8.A.7,PTS-HPr,4.A.1,GntR,CE9,3.A.11,3.D.1,9.A.11,9.A.11,9.A.11,9.A.11,9.A.11,9.A.11,9.A.11,2.A.22,Sigma70_r3|Sigma70_r2|Sigma70_r4,HATPase_c,STAS,GntR,3.A.1,MarR,2.A.40,1.A.35
3.A.14,GH25,1.E.19
2.A.1,HTH_5,GT2
2.A.7,Mga|HTH_Mga,CBM5,GH73,HTH_5,3.A.1,3.A.1
GT35,GT5,CBM48|GH13_9,9.B.20,1.A.1
GT0,9.B.146,CE4,AAA,GH4,4.A.3,4.A.3,4.A.3,4.A.3,2.A.23,GH126,2.A.14,2.A.41,GT2,2.A.15
2.A.1,MerR,GT51
2.A.114,LytTR|Response_reg,2.A.1,GT26,GT4,1.A.62,1.B.52,Sigma70_r4_2|Sigma70_r2,4.C.3,GT2,GT2,GT2,3.A.1,TetR_N,2.A.6,2.A.86,2.A.122,1.E.14,LytTR|Response_reg,9.B.33,2.A.1
