2.A.21,GH30_3,GH1,GntR,9.B.174,8.A.42
GT4,CE14,2.A.115,AraC_binding,3.D.3,3.D.3,3.D.3
CE4,2.A.1
CBM50,3.D.10
9.B.157,9.B.157,9.B.157,1.A.54,CBM50
3.D.10,3.D.10,3.D.10,ACT,GH51,TetR_N,4.C.1
2.A.114,GH51,3.A.1,3.A.1,3.A.1,GH43_5
2.A.40,3.A.1,3.A.1,HTH_DeoR,2.A.15,LacI|Peripla_BP_3,3.A.1,3.A.1,3.A.1,GH4,Rhodanese,PAS|STAS,2.A.1,3.A.1,3.A.1,HATPase_c,Response_reg|Trans_reg_C,3.A.1,3.A.1,GntR,HTH_5,2.A.1
2.A.38,GH73
2.A.86,1.B.52,1.B.52,1.B.52,1.B.52,GH13_31,9.A.40,9.B.23,1.A.1
2.A.1,GT51,HATPase_c|PAS,HTH_11|Response_reg,3.A.1,3.A.1,3.A.1,3.A.1,2.A.63,2.A.63,2.A.63,2.A.63,2.A.63,2.A.63,2.A.63
GH46,Aminotran_1_2,3.A.1,3.A.1,3.A.1,3.A.1
2.A.14,Aminotran_1_2,9.B.18,GT2,GT2,9.B.183,GT4,GT2,GT4,9.B.18,8.A.3,8.A.3,HTH_3,2.A.115
GH32,2.A.1,LacI|Peripla_BP_3,HTH_1|LysR_substrate,2.A.1,2.A.53,8.A.8,Sigma70_r4,NUDIX,Pyr_redox_2,3.A.7,HATPase_c|HisKA,Response_reg|Trans_reg_C,3.A.1
CE9,GntR,TetR_N,1.E.40
2.A.1,9.B.174,PL9_2,3.A.1,3.A.5
3.A.11,3.A.11,GerE|Response_reg,HATPase_c,9.B.146,GT4,GT2,GT4,2.A.66,9.B.18,GT0,3.A.1,3.A.1,GT2|GT4,GT2,GT26,GH73,9.A.11,2.A.3,GT2,2.A.1,3.A.7,9.A.11,LacI|Peripla_BP_3,PfkB,3.A.1,3.A.1,3.A.1,HTH_1|LysR_substrate,2.A.45
8.A.3,8.A.3,HTH_DeoR|DeoRC,3.A.7,1.A.22,1.A.33,HTH_11,MarR,2.A.1,2.A.39,2.A.1,1.A.11,2.A.103,9.B.105,1.A.34,GH11
GT51,9.B.149,MarR,2.A.3
GT0,Aminotran_1_2,GT2,2.A.40,GT2,PadR,PfkB,GH32,4.A.1,Nitroreductase,2.A.103,1.E.23,3.D.4,3.D.4,3.D.4
2.A.108,HTH_1|LysR_substrate,1.E.14,2.A.122,MerR,Glyoxalase,4.A.3,1.B.12,GT8,2.A.50,GH4,4.A.3,4.A.3,4.A.3,HTH_11|Mga,3.A.1,3.A.1,Peripla_BP_2,HTH_5,2.A.45,4.A.3,4.A.3,4.A.3,GH1,GH26,2.A.39,3.A.1,3.A.1,3.D.4,3.D.4,2.A.24,CE4,3.A.1,2.A.115
2.A.41,2.A.11,GH16_21,2.A.1,3.A.18
PL1_8,GH1,4.A.1,NUDIX,GH43_4,2.A.3,Glycos_trans_3N,2.A.41
2.A.7,GH68,GH32,GntR,2.A.1,GerE,2.A.7,HTH_1|LysR_substrate,2.A.1,HTH_1|LysR_substrate,Nitroreductase,MarR,2.A.115
3.A.1,CE4,2.A.1,2.A.53,2.A.28,3.A.1,3.A.1,3.A.1,Peripla_BP_2|HTH_18,GH3,4.A.1
GH13_31,3.A.1,3.A.1,3.A.1,2.A.109,2.A.1,3.A.1,3.A.1,3.A.1,2.A.118,GH13_28|CBM26,2.A.1,MarR,2.A.3,2.A.1,SKI,CE7,2.A.21,Pyr_redox_2,HEM4,NIR_SIR|Pyr_redox_2|NIR_SIR_ferr,3.D.1,NIR_SIR|Pyr_redox_2|NIR_SIR_ferr,2.A.1,9.B.10,1.E.43,GH1,SIS,HxlR,4.C.1,4.C.1,Aminotran_1_2,2.A.7,Aminotran_1_2|GntR,2.A.115,3.A.1,3.A.1,3.A.1,HTH_1|LysR_substrate,2.A.17,9.A.11,2.A.3,3.A.1,3.A.1,3.A.1,3.A.1
3.A.7,GH126,GGDEF,GT2,2.A.3,NUDIX,2.A.55,2.A.7,AraC_binding,2.A.56,HATPase_c,HTH_11|Response_reg,2.A.23,2.A.86,3.A.1
GT1,2.A.1,GntR,GntR,2.A.1,2.A.7,2.A.7,TetR_N,2.A.3,2.A.1,3.A.1,2.A.64,2.A.64
3.A.1,GT0,GT2,GT0,2.A.1,2.A.3,1.B.52,GT2,3.A.1,MerR,2.A.1,3.A.1,3.A.18,PL1_6,2.A.47
4.A.1,GH13_29,GntR,Nitroreductase,9.B.141
2.A.1,9.B.126,2.A.1,2.A.19,1.A.23,CE4,1.A.35
3.A.23,GH4,HTH_6|SIS,4.A.1,GH0|GH55,3.A.1,3.A.1,Glyoxalase,PadR,9.B.97,2.A.1,MarR,2.A.1
2.A.1,9.A.32,GT2
CBM50,Rrf2,CBM50,HTH_1|LysR_substrate,Citrate_synt,2.A.3,2.A.22,Sigma70_r4_2|Sigma70_r2,9.A.40,MerR,Aminotran_1_2,9.A.40,1.A.43,1.A.23,CE4,TetR_N,3.A.1,3.A.1
2.A.88,3.A.1,3.A.1,3.A.1,2.A.45,GT51,TetR_N,9.B.74,2.A.23,4.C.1,2.A.7,3.A.1,2.A.88,1.B.52,3.D.3
2.A.1,MarR,GH53,4.A.3,4.A.3,GH1,HTH_DeoR|DeoRC,9.B.20,3.D.1,GT1,HEM4,3.A.1,3.A.1,Pyr_redox_2,2.A.2
1.E.31,CBM50,9.A.10,2.A.20,2.A.3,Glyoxalase,9.B.142,GT2,9.B.160,2.A.1,3.A.1,3.A.1,3.A.1,3.A.1,3.A.1,3.A.1,2.A.7,2.A.7
GT2,2.A.1,cNMP_binding,STAS,3.A.1,3.A.1,3.A.1,GH18,1.A.26
GH18,2.A.66,3.A.3,LacI|Peripla_BP_1,4.A.1,PTS-HPr,8.A.7,1.B.52,2.A.21
9.B.146,2.A.103,GT28
3.A.24,MerR,2.A.2,GH43_11
2.A.1,3.A.1,GH5_2|CBM3,HATPase_c|HisKA,Response_reg|Trans_reg_C,GH30_8,GH43_16|CBM6,4.C.1,4.C.1,2.A.1,2.A.8
GH23,CBM50,2.A.16
CBM50,GT1,2.A.66
