GH13_32|CBM20,Aminotran_1_2,3.A.1,3.A.1,3.A.7
2.A.38,CBM50,3.A.11,1.A.30,1.A.30,GT2,2.A.8,9.B.34,2.A.66,3.D.4,3.D.4,3.D.4
1.A.23,GntR,2.A.14,Fer4,3.D.2,3.D.2,3.D.2,Nitroreductase,5.B.3,Rhodanese,2.A.16,3.A.15,CBM50,HTH_18,5.A.3,Fer4,5.A.3,Fer4,3.A.1
3.A.1,3.A.1,3.A.1,2.A.66,GT4,TPR_2,GH166,2.A.122
1.B.71,1.A.26,GT4,GT9,PfkB,SIS,GT9,GT2,GT4,GT4,GT2,GT4,GT4,GT30,2.A.6
3.A.11,GT51,3.A.11,1.B.22
9.B.146,2.A.103,GT28,CE11,1.A.34,3.A.5
GT4,8.A.5
3.A.23,CBM50,9.B.122,2.A.86
CBM41|GH13_13,1.B.3
GH13_19,3.A.1,3.A.1,3.A.1,3.A.1,GH13_23,9.B.159,3.A.1,1.B.52
4.F.1,GT4
9.B.18,CbiA,GT2,GT2,9.B.97,GT4,GT4,GT4,GT2,GT4,GT5,GT2,GT2
3.A.1,3.A.1,3.A.1,3.A.1,GH23
1.B.52,2.A.16,GT35,GT5,CBM48|GH13_9,GH57,GH77,GT35,2.A.38,Trans_reg_C|Response_reg,HATPase_c|HisKA,3.A.3,3.A.3,3.A.3,2.A.38,2.A.38,2.A.38,2.A.19
2.A.6,2.A.6,3.A.5,GH73
3.A.1,3.D.6,3.D.6,3.D.6,3.D.6,3.D.6,3.D.6,HhH-GPD,Sigma70_r2|Sigma70_r4|Sigma70_r3,CBM50
GH23,9.B.174
9.B.34,1.B.52,3.A.7,Trans_reg_C|Response_reg,FecR,HATPase_c|HisKA|CHASE2|PAS,GT19,1.B.33
GH13_18,GT81,2.A.1
9.B.18,9.B.18,GT2,GT2,2.A.66
GT4,GT4,GT4,GT2,3.A.15,3.A.15,1.A.54
GH73,9.B.159,9.B.164
CBM50,Fer4,1.A.30,1.A.30,2.A.25
2.A.22,3.A.1,GH23,LysR_substrate|HTH_1,4.C.1
2.A.23,GH23
GT51,9.B.10
2.A.37,2.A.53,GH84,2.A.56,2.A.56,2.A.56
AA3_2,4.C.1,1.B.39,Pyr_redox_2,AA3_2
