GT1,2.A.1
3.A.9,GT76
9.B.110,3.A.1,MarR,1.I.1,3.A.1,AlkA_N,MarR,GH19
3.A.1,3.A.1,3.A.1,3.A.1,Sigma70_r2|Sigma70_r4_2,GH23
CBM13,9.B.106
GT2,5.B.1
2.A.1,GT2,GH26
3.A.1,3.A.1,GH20
2.A.7,GT51,3.A.1
AA10,4.C.1,GerE|Response_reg,IclR|HTH_IclR,3.A.1,3.A.1,3.A.1,SBP_bac_3,GH18
CBM2|GH18,3.A.1,3.A.1,3.A.1
GH20,Pyr_redox_2,3.A.1
3.A.1,GH3,HTH_1|LysR_substrate,2.A.7
3.A.1,GH4,3.A.1,3.A.1,SBP_bac_1,HTH_IclR,1.A.23,GH84|CBM32,GH77,MarR,2.A.7,2.A.7
2.A.1,GT87,3.A.11
3.A.1,3.A.1,CBM13
2.A.121,TetR_N,GH3
GT4,GH0,9.B.179,GT1,Sigma70_r2|Sigma70_r4_2,2.A.1,GerE|Response_reg,HATPase_c,3.A.1,3.A.1
2.A.3,LacI|Peripla_BP_3,GH13_30,3.A.1,3.A.1,3.A.1,GH13_30,LacI|Peripla_BP_3,GH13_32|CBM20,GH13_13|CBM41|CBM41|GH13_13
GT4,GH135,9.B.111
2.A.66,GT4,4.C.1,3.A.4
9.B.146,Pyr_redox,2.A.103,GT28
2.A.1,GH35
3.A.1,3.A.1,3.A.1,3.A.1,3.D.1,GH23
CBM32,2.A.1,2.A.1,MHYT,2.A.109,2.A.1
3.A.1,3.A.1,3.A.1,1.C.109,GT4,HTH_8,2.A.3,GH15,CbiA,NUDIX,3.D.2
3.A.1,3.A.1,GT4,3.D.4,2.A.1
AA10,Response_reg,2.A.80,2.A.80,GntR,AAA,CE4,GT2,GT2,Pkinase,3.A.1,3.A.1
8.A.5,1.A.35,GH31|CBM51,1.A.8,IclR|HTH_IclR,B12-binding_2|B12-binding,3.A.1,3.A.1,GerE|Response_reg,9.B.149,Fer4,3.A.25
1.A.1,4.F.1,GT4
2.A.3,AsnC_trans_reg,2.A.40,MarR,GH18
GT2,2.A.1,2.A.115,GntR|Aminotran_1_2,GT4,GT4
GH31,GntR,8.A.7,4.A.1
2.A.7,2.A.7,FMN_bind_2,GntR|Aminotran_1_2,2.A.7,HTH_1|LysR_substrate,GH89,3.A.1
3.A.1,3.A.1,GH109,MarR,3.A.1
GH5_43,2.A.1
4.C.1,2.A.1,3.A.1,3.A.1,3.A.1,3.A.1,3.A.1,LacI|Peripla_BP_3,TetR_C|TetR_N,GerE|Response_reg,HATPase_c,3.A.1,3.A.24,TetR_N,Pkinase|TPR_2,1.I.1,HTH_5,2.A.1,GH38,GH5_18,3.A.1,3.A.1,SBP_bac_1,LacI|Peripla_BP_3,GH85|CBM32,3.A.1
3.A.24,GT2
GH15,9.B.145
1.I.1,9.B.106,CBM32,DeoRC|HTH_DeoR,SIS,GH1,3.A.1,3.A.1,3.A.1
GH65,Nitroreductase,CBS,3.A.3
1.A.1,CBS,GH64
1.B.79,GH9|CBM2,GH6,GH6,LacI|Peripla_BP_3,3.A.1,3.A.1,3.A.1,GH10|CBM13,GH43_12,GH3,LacI|Peripla_BP_3,3.A.1,3.A.1,3.A.1,GH30_7,GH10,CBM13|CBM13|GH62,CBM42,GH10|CBM13|GH62,CBM13|GH74,GerE|Response_reg,9.B.169,3.A.1,HxlR,CBM13|GH62,GH27|CBM13,CE3|CBM13
3.A.1,3.A.1,3.A.1,SpoIIE,GT2,AsnC_trans_reg,2.A.1
3.A.1,3.A.1,3.A.1,GH42,CBM61|GH53,GAF|PAS|SpoIIE,Pyr_redox_2,1.A.35
3.A.1,3.A.1,GH43_10,3.A.1,CE12,PL1_6,CE8,PL4_1,Sigma70_r2|Sigma70_r4_2,LacI|Peripla_BP_3,CBM2|GH48,CBM2|GH5_40,CBM2|GH6,GH32,GH91,3.A.1,3.A.1
CBM13,GH63,3.A.1,3.A.1,SBP_bac_1,LacI|Peripla_BP_3,CE7,GH3,HTH_18,CBM63,SpoIIE|PAS,HTH_18,GH36,GH43_12,LacI|Peripla_BP_3,GH12,GH42,GH74,3.A.1,3.A.1,SBP_bac_1,GH31,3.A.1,GH13_11
9.B.122,GT4
3.A.1,PadR,3.A.1,GH13_30,3.A.1,3.A.1,3.A.1
GH16,Sigma70_r2,MerR,CBS,1.I.1
GH2,CE12,PL26,3.A.1,3.A.1,3.A.1,GH51,IclR|HTH_IclR,3.A.1,3.A.1,3.A.1
CBM25|CBM25|GH13_42,STAS,3.A.1,3.A.1,3.A.1,3.A.1,SBP_bac_5,3.A.1,3.A.1
3.A.1,CBM3|GH16,GH20,3.A.1,3.A.1,3.A.1
CE4,Sigma70_r4|Sigma70_r2,9.B.33
2.A.7,GH23|CBM50,2.A.114
9.B.36,GH71,9.B.18,GT4
3.A.1,GT2,2.A.4
3.A.1,3.A.1,3.A.1,GH1,1.C.67
4.C.1,2.A.1,Glyoxalase,GH4
CBM6,3.A.1,3.A.1,3.A.1
2.A.28,HTH_1|LysR_substrate,4.C.1,3.A.1,CBM13
4.C.1,GH35,GH30_5|CBM13|CBM13,LacI|Peripla_BP_3,LacI|Peripla_BP_3,3.A.1,3.A.1
GH6,2.A.40
CBM38|GH32,3.A.1,3.A.1,3.A.1
3.A.1,3.A.1,8.A.5,GT1,SBP_bac_1,3.A.1,3.A.1
2.A.3,3.A.1,3.A.1,3.A.1,HTH_IclR,3.A.1,3.A.1,3.A.1,CBM32|GH92
GT2,2.A.1,PglZ,8.A.8,GntR,Peptidase_M23,9.B.10,PAS|HATPase_c,HTH_11|Response_reg,2.A.21,GerE|Response_reg,HATPase_c,HATPase_c,1.A.17,Sigma70_r3|Sigma70_r4|Sigma70_r2,GntR,3.A.1,NUDIX,GH0
2.A.7,HTH_8,CBM16|GH18,3.A.1,3.A.1,3.A.1,3.A.1
3.A.1,3.A.1,3.A.1,AA3,3.A.1,3.A.1,3.A.1
3.B.1,PL8,GH101|CBM51
2.A.6,CBM32,HxlR,2.A.1
CBM48|GH13_11,3.A.1,3.A.1,TetR_C,GT35
8.A.5,GH16_3,2.A.23
CBM2|GH18,3.A.2,3.A.2,3.A.2,3.A.2,1.A.77,9.B.146
GH3,3.A.1,3.A.1,3.A.1,GntR,2.A.114
2.A.1,3.A.25,GH135,GT4
CE14,8.A.51,3.A.1,3.A.1,3.A.1,3.A.1,3.A.1,3.A.1,3.A.1,3.A.1,3.A.1,3.A.1,3.A.1,3.D.10,9.B.100
CBM13,SpoIIE,GT51,PadR,HTH_1|LysR_substrate,2.A.86,8.A.5,GT76
9.A.47,CbiA|Response_reg,CBM16|GH18
1.C.113,TetR_N,GH0|GH26
GT4,9.B.18,2.A.66,GT4,8.A.3,GH0
CE14,Pkinase,9.B.106,3.A.1,3.A.1
GT2,GyrI-like|MerR,2.A.76,Sigma70_r2|Sigma70_r4_2,8.A.21,Sigma70_r2|Sigma70_r4_2,3.A.9,GH20,3.D.10,3.D.10,MarR,2.A.1
1.B.76,GH154,Peripla_BP_3|HTH_DeoR,3.A.1,3.A.1,3.A.1
CBM13,2.A.1
GT81,GT20,3.A.1,CE9,PfkB,CBM35
3.A.1,NUDIX,3.A.1,3.A.1,3.A.1,3.A.1,2.A.20,9.B.105,GH23
3.A.1,GerE|Response_reg,MarR,2.A.1,SpoIIE,Pyr_redox_2,TetR_N,CBM51
GT2,1.I.1,5.A.1
2.A.1,TetR_C|TetR_N,2.A.1,GT83,GT2
GT51,PadR,2.A.1,HD,2.A.66
