3.A.1,3.A.1,8.A.4,1.B.18,GT38,TPR_2,GT107|GT107,9.A.41
9.B.24,PfkB,2.A.56,2.A.56,GH31
2.A.103,3.A.1,3.A.1,3.A.1,3.A.1,2.A.38,1.A.22,2.A.66,2.A.15,2.A.1,2.A.1,2.A.7,3.D.10,3.D.10,GT19
9.B.146,Aminotran_1_2,GT56,9.B.128,GT26,GT2
GT9,GT9,3.A.11,2.A.25,3.A.17
CBM50,3.D.1,3.A.1,3.A.1,3.A.1,9.A.4,2.A.64,2.A.64,2.A.64,1.A.35,1.B.40
GT51,GH2,CE11,GT28,2.A.103,9.B.146
2.A.47,1.B.40,4.B.1,GH77
GH3,2.A.109,LexA_DNA_bind,2.A.96,AraC_binding|HTH_18,Rhodanese,4.A.1,1.A.14,4.F.1,2.A.16,9.B.21,GT25,1.B.33,2.A.42
5.A.2,2.A.34,GntR,GT0,GT9
2.A.7,4.A.2,PfkB,4.A.2,CBM48|GH13_9,CBM48|GH13_11,GT5,GT35,3.D.2,3.D.2
GT2,GT9,9.B.160,Pribosyltran,GH102
GH58,1.B.46,Trp_repressor,GT51,Nitroreductase,2.A.113,2.A.25,3.A.1,1.A.34
GH23,GH103,1.I.1,TPR_1,HisKA|PAS|HATPase_c,Response_reg|Trans_reg_C,3.A.1,3.A.1,4.A.1
GH33,Pribosyltran,SirB,9.B.120,HTH_18,1.B.14
GH19,1.E.2
2.A.95,3.A.1,3.A.1,3.A.3,HMA,MerR,CBM50,GT30,1.B.42,1.B.42,PALP,3.A.6,TPR_2,HTH_11|Mga,4.A.6,4.A.6,4.A.6,4.A.6
2.A.41,GT2,GT2,GT25,GT52
5.A.3,5.A.3,5.A.3,Pyr_redox_2,Nitroreductase,3.A.1,2.A.22,SKI,GT51,1.B.22,2.A.76,AAA,3.A.1,3.A.1,3.A.1,3.A.1,5.A.1,4.C.1
GT9,HTH_8,1.B.14,1.B.14
2.A.37,3.A.1,3.A.1,3.A.1,3.A.1,GH13_19,9.B.159,GT35,GH77,2.A.81,2.A.8,1.B.42,1.B.42,Pyr_redox,3.A.1,3.A.1,3.A.5
2.A.55,3.B.1,3.B.1,CE9
9.B.18,GT14
GH32,PfkB,4.A.1,8.A.7,8.A.8,3.A.1,3.A.1,4.A.1,2.A.88,1.B.12,1.I.1,2.A.22,9.A.40,9.B.14
4.A.1,HTH_6|SIS,4.A.3,GH29
2.A.8,HTH_DeoR|DeoRC,3.A.5,GH23,Glyoxalase,2.A.7,SfsA,AAA,3.A.1,1.C.11,3.A.1,8.A.1,3.A.1,3.A.1,3.A.1,1.A.8,2.A.13,2.A.7,3.A.1,3.A.1,3.A.1,2.A.47,4.A.2
