9.B.158,TPR_1,PspC,GT2
GH23,9.A.25
1.B.57,GT2,2.A.35,2.A.37
2.A.7,GT2
GH13_38,Rrf2,3.A.1,3.A.1
3.A.2,3.A.2,3.A.2,Peptidase_M23,GT51,9.A.25,9.A.25,9.A.25
GH37,2.A.1
2.A.66,GT2,GT4,GT4
9.B.33,GH23,1.E.34
GT1,HMA,3.A.3,1.B.14,8.A.46
3.D.7,ATPase_2,1.B.6,Glyoxalase,2.A.6,2.A.6,GH23,MarR,3.A.1,3.A.1,3.A.1
2.A.49,2.A.53,GT2,3.A.12
1.I.1,GH133,GT4,GH57
GH53,GH147,1.B.14,8.A.46
1.B.44,9.B.104,9.B.104,HATPase_c,GH3,GT4
9.B.146,2.A.103,GT28
2.A.21,NUDIX,GH146,GH51,GH43_29
3.A.1,1.I.1,GT2,GT2,3.A.1
3.D.10,3.D.10,3.D.10,2.A.21,GT2,SpoIIE,CE4,GT21,HTH_3,1.A.30,2.A.1,2.A.1
3.A.1,GT19
1.A.1,Rhodanese,Pyr_redox_2,Fer4,GT2,GT2
3.B.1,1.B.42,9.B.146,9.B.18,9.B.18,1.B.44,Y_Y_Y|GerE,1.A.1,GT4
GH43_26,1.B.14,GH10,GH5_21,GH10,GH43_10,GH43_2|CBM6,GH95,CE6,GH43_12,GH43_35,GH97,GH43_29|CBM6,GH10,CE1,HTH_3,GH10,GH67,Peripla_BP_3|LacI,GH115,GH43_1
GH97,9.B.145,Response_reg,3.A.1,3.A.1
GT25,2.A.66,GT2,GT2,GT2,1.B.73
3.A.1,GT2,GT32,GT2,GT2,GT4,NTP_transf_2,GT4,1.F.1
1.B.14,GH13_8
GT2,GT83,9.A.25,LytTR|Response_reg,2.A.86,1.I.1
3.A.10,Response_reg,3.A.1,GT4
GH33,2.A.21,8.A.46,1.B.14,Reg_prop|HATPase_c|Response_reg|HTH_18|HisKA|Y_Y_Y,PIG-L,1.B.14,8.A.46,CBM32,GH109,PfkB,PfkB,SIS,2.A.21,GH20,GH0,9.A.25,3.A.18
GH43_3,GH2,GH43_31,GH5_13,GH43_31,1.B.14
1.A.22,GH13_36,GH13_10,Peripla_BP_1|LacI,GH31,2.A.2
2.A.1,GH32
3.A.23,HATPase_c,GT1,GH63
2.A.21,Response_reg,3.D.2,AAA,PglZ|Response_reg,HD,CE11,3.A.1,1.A.13,9.B.28
1.B.14,GH74
GT4,Aminotran_1_2,MarR,Pyr_redox_2,9.B.145
