9.B.186,3.A.7,CBM50,2.A.21,Response_reg|HTH_8,2.A.38,2.A.38
1.B.22,GT51
AA3_2,3.A.1,3.A.1,NUDIX,3.A.1,3.A.1,3.A.1,5.A.1,2.A.49,9.A.4,3.A.15,3.A.15,3.A.15
9.B.34,HD,5.A.3,5.A.3,3.A.18,3.A.6,GT35,2.A.102,AsnC_trans_reg|TrmB,9.B.34
3.A.18,CSD,2.A.16,2.A.66,GT4
GH166,1.I.1
3.A.1,3.A.1,FeoA,FeoA,9.A.8,GT4
8.A.59,GGDEF|GAF|EAL|PAS,3.A.1,3.A.1,3.A.1,AA6,B12-binding|B12-binding_2,Rhodanese,2.A.75,2.A.75,NUDIX,1.B.52,2.A.6,1.A.30,1.A.30,2.A.1,9.B.27,2.A.4,GT2|GT83,2.A.49
2.A.66,CbiA,3.A.1,CE4,2.A.4,9.B.105,GT2,GGDEF|GAF|EAL,ANTAR|Response_reg,3.A.1,NIR_SIR_ferr|Pyr_redox_2|NIR_SIR,HEM4,1.B.52
GT4,FHA,3.A.1,2.A.1,3.A.1,3.A.1,3.A.1
2.A.21,FHA,SpoIIE,9.B.106,GH23,2.A.22,1.B.33,FUR,3.A.8,1.A.33
9.B.102,3.A.23,HATPase_c|HisKA,2.A.53,GT51
GT35,PfkB,Pyr_redox_2,9.B.20
GT1,3.A.1,GT4,GT4,Aminotran_1_2,1.A.14,2.A.1
2.A.6,2.A.6,GH15,9.B.160,3.A.1,3.A.1,3.A.23,HATPase_c|HisKA,3.D.4,3.D.4,3.D.4,2.A.1
GH23,9.B.34
3.A.1,3.A.1,3.A.11,2.A.55,1.A.30,1.A.30,3.A.1,GT51
2.A.76,HATPase_c|HisKA|PAS,HTH_3,2.A.46,cNMP_binding,3.A.3,3.A.3,2.A.1,GAF,9.B.145,Pyr_redox_2,GH144
CBM50,3.D.4,3.D.4,GT83,1.B.52
GT19,1.B.33
3.A.1,3.A.1,GT4,HTH_1|LysR_substrate,9.B.34
GT4,GT4,GT4,9.B.42,CbiA,1.B.33,9.B.22,CheB_methylest|Response_reg,CheD,CheR|CheR_N,CheW,1.B.52,HATPase_c|CheW|H-kinase_dim,STAS,Response_reg,1.B.52
9.B.18,GT4,GT4,GT2|GT2|GT4,3.A.1,3.A.1,GT4
GT83,1.B.6,9.B.34
GH103,2.A.103,1.B.42
GT2,Trans_reg_C|Response_reg,2.A.6,2.A.6,1.B.20,1.A.11,3.A.1
2.A.21,3.A.23,GT2,GT4,GT4,GT4,3.A.15,3.A.15,3.A.15
3.A.5,Peptidase_M23,CE11
GT28,2.A.103,9.B.146
GT4,GT4,PfkB,9.B.14
2.A.6,GT2,5.B.9,8.A.59,3.A.1,3.A.1,3.A.1,3.A.1,3.A.1,GGDEF|PAS,2.A.7,HATPase_c|HisKA,Trans_reg_C|Response_reg,3.A.1
