2.A.1,3.D.4,Aminotran_1_2,HTH_1,GT51,1.A.62,3.A.1,3.A.1,3.A.1,1.B.14,1.B.1,3.A.1,9.B.97,3.A.1,LysR_substrate|HTH_1,2.A.1
1.B.14,1.B.18,2.A.66,GT2,GT9,GT9,GT2
2.A.117,2.A.1,4.C.1,Pyr_redox_2,AA10
3.A.23,3.A.23,3.A.23,3.A.23,3.A.23,3.A.23,3.A.23,GT1,2.A.1,GT2,1.B.17,8.A.1,GH32,GH68
2.A.21,9.B.157,1.B.12,GH0
2.A.1,GH37
2.A.21,Response_reg,CheC,GT51,9.B.186
3.A.1,MerR,2.A.1,MCPsignal,BetR|Response_reg,1.A.1,1.B.1,LysR_substrate|HTH_1,CBM50,LysR_substrate|HTH_1,3.A.1,3.A.1,3.A.1,3.A.1,3.A.1,HTH_6,3.A.23
3.D.1,3.D.1,3.D.1,3.D.1,3.D.1,9.B.143,GH73,PTS-HPr,2.A.1,5.A.3,5.A.3,5.A.3
9.B.102,9.B.102,HTH_5,8.A.1,1.B.17,GT2,2.A.1,GT1,TetR_N,AA3_2,2.A.1
3.B.1,3.B.1,TetR_N,3.D.4,GT35,GT5,CBM48|GH13_9,CBM48|GH13_11|GH77,3.A.23,Response_reg,4.C.1,3.D.2
1.B.40,GT0,1.B.40,Trans_reg_C|Response_reg,MASE1|HATPase_c,3.A.23,3.A.23,3.A.23,3.A.23,3.A.23,3.A.23,3.A.23
GH23,1.C.36,1.C.36,TPR_3,3.A.6,3.A.6,3.A.6,3.A.6,1.B.22
GT2,CbiA,1.B.55,GH8,4.D.3
2.A.1,2.A.21,FIST,HD|Response_reg,2.A.1,HTH_IclR|IclR,GH3
GT4|GT4,9.B.97,Aminotran_1_2,Pribosyltran,9.B.160
3.A.1,3.A.1,3.A.1,3.A.1,Aminotran_1_2|GntR,1.B.14,CBM50
GH23,1.E.33
3.A.1,3.A.1,TOBE|HTH_1,LysR_substrate|HTH_1,2.A.7,HisKA,9.A.40,GH13_10
GT4,GT4,GT2,8.A.3,1.B.18,9.B.18
AA3_2,Pyr_redox_2,2.A.49
GH39,8.A.3,2.A.4
9.B.52,GT2,GT0,2.A.1,HTH_18,LysR_substrate|HTH_1,1.B.1,2.A.1
GH73,3.A.23,3.A.23,3.A.23,3.A.23,1.E.43,3.A.23,1.A.30,3.A.23
GH92,LysR_substrate|HTH_1,3.A.1
GT2,9.B.34,1.I.1,GH15|CBM20,3.A.1,3.A.1,Peripla_BP_1,9.B.34
3.A.23,3.A.23,GT60,3.A.23,3.A.23,3.A.23,3.A.23,3.A.23,1.B.6,1.B.11,1.B.40,2.A.85,8.A.1,2.A.6,LysR_substrate|HTH_1,LysR_substrate|HTH_1,1.B.1
CBM32,2.A.51,1.B.20,1.C.75,2.A.4
9.B.34,GerE|Response_reg,dCache_2|HATPase_c,2.A.6,1.B.1,GT51,Nitroreductase,CBS,2.A.53
2.A.1,GntR,2.A.3,1.B.1,Aminotran_1_2,MarR|AsnC_trans_reg,9.A.47,CbiA|Response_reg,3.A.7,1.E.52,GT2
GT2,2.A.7,1.B.1,HTH_IclR|IclR,2.A.1,2.A.1
GT4,TetR_N,2.A.1,3.A.9,2.A.7,Trans_reg_C|Response_reg,HisKA|HATPase_c,3.A.3,3.A.3,3.A.3
2.A.1,Sigma70_r2|Sigma70_r4_2,2.A.1,GT2,GT9,GT4,GT9,GT4,3.A.1,Rhodanese,1.I.1,3.A.12,GH15,TetR_N,3.D.6
2.A.1,GT20,3.A.1,3.A.1,HisKA|HATPase_c,Trans_reg_C|Response_reg,3.A.1,3.A.1,3.A.1,3.A.1,LysR_substrate|HTH_1,1.B.1,2.A.1,2.A.1
GT0,Pribosyltran,3.A.1,3.A.1
2.A.1,GT4,1.B.18,9.B.18
GH2,3.A.23,GT4,GT4,2.A.66,EAL|GGDEF,9.B.106
3.D.4,3.D.4,GH20,4.A.1,4.A.1,SIS,CE9,GntR,3.A.1,3.A.1,3.A.1,3.A.1
2.A.55,1.B.19,GT21,1.B.1,9.B.143,LysR_substrate|HTH_1,2.A.40,GH73
3.A.15,3.A.15,3.A.15,1.B.22,GH23,9.B.10,2.A.37
AA3_2,3.A.1,3.A.1,3.A.1,3.A.1,3.A.1,3.A.1,3.A.1,3.A.1,CbiA,2.A.45,3.A.2,3.A.2,3.A.2,3.A.2,3.A.2,3.A.2,3.A.2,4.C.1,SBP_bac_3,3.A.11,3.A.1,4.C.1,TetR_N,Aminotran_1_2,3.A.1,PadR,MerR,3.A.3,2.A.3,LysR_substrate|HTH_1,2.A.1,HTH_18,GT9
GT41,dCache_1|MCPsignal,1.B.48,2.A.76
1.A.8,GT4,FlhD,FlhC,1.A.30,1.A.30
5.A.1,9.B.14,2.A.1,9.B.21,GT51,1.B.22,SKI,HD,3.A.1,3.A.1,3.A.1,3.A.1,GATase_2,Pyr_redox_2,2.A.25,3.A.1,3.A.1,3.A.1,3.A.1,STAS,3.A.1,3.A.1
9.B.146,2.A.103,GT28
CE11,3.A.5
9.B.27,GT107,GT4,1.B.18,GT4,GT4,GT4,3.A.1,3.A.1,8.A.4,9.A.41,CE11
9.B.18,1.B.18,8.A.3,GT0,GT4
3.A.1,GT2,9.B.18,9.B.146,GT4,GT9,GT30
1.A.43,9.A.4,PALP,GH23
2.A.49,GT9,2.A.1
GH103,3.A.1,3.A.1,3.A.1
GH3,HTH_8|AAA|Response_reg,GT104,4.F.1
GT20,3.A.1,GT4,Pyr_redox,3.A.1,CBM32,GT21,B12-binding,3.A.1,3.A.1,3.A.1
1.B.33,GT19,8.A.7,8.A.21,2.A.7
2.A.39,CE4,9.B.43,9.B.35
1.A.22,TPR_2,GT51
8.A.28,1.A.23,GT4
GT2,2.A.7,GT83
CBM50,Sigma70_r4|Sigma70_r2|Sigma70_r3,1.A.14
GH18,AAA,9.B.10,2.A.52,CbiA,1.B.14,Pyr_redox_2,4.C.1,3.A.1,3.A.1,3.A.1,3.A.1
GH39,2.A.1,CBS,9.B.126
GH3,5.B.3
CBM50,2.A.1,2.A.66
3.A.1,3.A.1,3.A.1,3.A.1,3.A.16,9.A.55,2.A.76,HTH_18,2.A.1,GH23,2.A.7,2.A.1
