9.B.62,2.A.15,3.A.1,3.A.1,3.A.1,3.A.1,8.A.5,MerR,GT4
GT2,GT2,Pyr_redox,Pyr_redox,GT2,GT2,3.A.1
CBM5,HTH_DeoR|DeoRC,3.A.1,3.A.1,3.A.1,8.A.5,GH33
3.A.1,3.A.1,3.A.1,GH43_23,AAA,3.A.1,3.A.1,3.A.1,3.A.1,3.A.1
2.A.121,GT51
GH3,CbiA,9.A.47
3.A.10,3.A.7,AAA,CBM51,MarR,2.A.1
3.A.1,3.A.1,3.A.1,3.A.1,3.A.1,Peripla_BP_3|LacI,Peripla_BP_3|LacI,GH15,GT20,2.A.79,8.A.5
3.A.1,3.A.1,3.A.1,GH3
2.A.1,GT4
9.B.169,HATPase_c,Response_reg|GerE,GT39,GH23
2.A.55,Pribosyltran,9.B.34,TetR_N,1.A.1,2.A.8,GntR,GH23,GH23,GH23,TPR_2|TPR_4,GH23
3.A.1,3.A.1,3.A.1,GH43_5,GH51
3.A.1,3.A.1,Response_reg|GerE,3.A.1,3.A.1,3.A.1,GT4,NUDIX,2.A.1,MarR,3.A.1
3.A.1,3.A.1,3.A.1,3.A.1,CE14
2.A.1,GT5,Sigma70_r2|Sigma70_r4_2,2.A.64,3.A.1,MarR,3.A.1,3.A.1,3.A.1,3.A.1,Sigma70_r2|Sigma70_r4_2,1.A.35
GH64,3.A.1,3.A.1
9.B.104,1.A.35,GT35
3.A.1,Trans_reg_C|BTAD,GT4,GH57
2.A.7,GH77,2.A.7,3.A.1,3.A.1,3.A.1,GH1,GH19
2.A.1,GH5_29,2.A.64,2.A.4
CBM48|GH13_9,GH13_3,NUDIX,3.A.3,HMA,NUDIX,CBM4|GH9|CBM2,GH3,Peripla_BP_3|LacI,GH31,SBP_bac_1,3.A.1,3.A.1,GH42
GH13_9,GH13_16,GH13_3,8.A.28,8.A.5,2.A.1,HTH_1|LysR_substrate,8.A.28
2.A.36,CSD,MerR,9.B.62,3.A.1,GH13_30,1.A.23
3.A.1,3.A.1,3.A.1,3.A.1,3.A.1,GH2
9.B.146,2.A.103,GT28
9.B.106,TPR_2|Sigma70_r2|Sigma70_r4_2,GH8
3.A.1,3.A.1,GT0,GT4,GT2,GT2,GT9,SIS,PfkB,GT9
GT4,NUDIX,AA10,HTH_3,2.A.78,2.A.78
2.A.1,GT1,9.B.75
CBM57,1.A.17,HxlR,3.A.1,3.A.1,3.A.1,3.A.1,TetR_N|TetR_C,3.A.1,3.A.1
3.A.1,Pkinase,FHA,9.B.106,2.A.109,GT9,GT4
3.A.9,MarR,GH1
3.A.1,2.A.1,AA10|CBM2
CBM6,2.A.3,TetR_N,2.A.6,GH33
3.A.1,3.A.1,Trans_reg_C,GH5_8|CBM2,Sigma70_r2|Sigma70_r4_2,8.A.5,CE3,3.A.1,3.A.1,3.A.1,GT1,GT1
2.A.28,Trans_reg_C|BTAD|TPR_1,Pkinase,3.A.1,3.A.1,2.A.98,HTH_1|LysR_substrate,3.A.1,3.A.1,3.A.1,3.A.1,3.A.1,3.A.1,PL26,2.A.19,HTH_5,PL9_3,TetR_N,3.A.1,3.A.1,3.A.1
CBM6,3.A.1,3.A.1
GH16_3,2.A.1,3.A.1,3.A.1,3.A.1,3.A.1,3.A.1
2.A.1,3.A.1,GH25,2.A.8
2.A.1,2.A.69,GH43_22,GH84
GT2,2.A.1,9.B.34
GT1,4.C.1,4.C.1,4.C.1,3.A.1
GT2,3.A.1
3.A.1,3.A.1,3.A.1,3.A.1,3.A.1,GH127,CBM2|GH62
3.A.1,3.A.1,Peripla_BP_2,9.B.62,HTH_3,3.A.3,PL11_2,GT1,GT1
2.A.1,GT1
GH43_29,Peripla_BP_3|LacI,GH127,3.A.1,3.A.1,SBP_bac_1,Peripla_BP_3|LacI,GH121
9.B.102,CBM67|GH78
AA10,Fe_dep_repress,TetR_N,2.A.6,MerR,GH13_30,Peripla_BP_3|LacI,GH114,Nitroreductase,3.A.1,Response_reg|GerE,HATPase_c,GH13_32|CBM20,SBP_bac_1,3.A.1,3.A.1,CE14
9.B.10,GH95,3.A.1,3.A.1
3.A.1,3.A.1,3.A.1,3.A.1,GH2,HTH_DeoR|DeoRC,GH16_10,Trans_reg_C|BTAD|TPR_1,8.A.5
3.A.1,3.A.1,3.A.1,GH3
2.A.6,TetR_N,CE1,CBM32|GH158|CBM32
2.A.1,GH5_35|GH43_26,HTH_DeoR|DeoRC,PfkB,SIS,2.A.1,GH20|CBM32
CE7,3.A.1,3.A.1,3.A.1
3.A.1,3.A.1,3.A.1,GH33,TetR_N,2.A.1,GH65,CBM67|CBM67|GH78
CBM6,Response_reg|Trans_reg_C,HATPase_c|HisKA,9.B.97,3.A.1,3.A.1,3.A.1
2.A.6,GT4
CBM2|GH48,GH1,3.A.1,3.A.1,3.A.1,Peripla_BP_3|LacI,2.A.14
8.A.5,GT4,TetR_N,3.A.1
GH13_11,GH13_26,GH13_10,GT51,2.A.53
3.A.1,3.A.1,Peripla_BP_2,AA10,MarR,AraC_binding,GntR,GH35,SBP_bac_1,3.A.1,3.A.1
PL11,NUDIX,TPR_4,2.A.1
3.D.4,3.A.1,3.A.1,PL11
GH1,9.B.115
3.A.1,3.A.1,PL1_6,PL1,GH43_10,3.A.1,GH154,3.A.1
PL33_1,3.A.1,3.A.1,3.A.1,GH154,GH42,SBP_bac_1,3.A.1,3.A.1
3.A.4,4.C.1,GT4,AsnC_trans_reg,3.E.2,3.D.4,Response_reg,Glycos_trans_3N,3.D.4,3.D.4
1.A.1,1.A.1,GT0
CBM6,Peripla_BP_1,3.A.1,3.A.1
3.A.1,3.A.1,3.A.1,3.D.10,3.D.10,9.B.126,CBM13
CE14,9.B.106,HTH_1|LysR_substrate,2.A.7
3.A.1,3.A.1,2.A.1,MarR,2.A.40,2.A.1,GH141
GH15,9.B.34,GH25
GH76,5.A.1,MerR,1.A.33,Fer4,3.A.1,3.A.1,3.A.1
GT51,3.A.7,Arc,3.A.1,3.A.1
