GT51,3.A.14,3.A.14,3.A.14
3.A.1,3.A.1,3.A.1,GH36,2.A.98,3.A.1
5.A.1,3.A.7,CBM50,GH13_29,4.A.1
1.A.1,MerR,3.A.9,GH77,GT35,GntR,4.A.1,PadR,Rhodanese,GT51
GH35,4.A.6,4.A.6,4.A.6,4.A.6
3.A.9,3.A.1,3.A.1,1.C.109,Arg_repressor,GH73,2.A.6,Glyoxalase,CE4,1.I.1
CBM34|GH13_20,3.A.1,3.A.1,GH13_2|CBM20,HTH_11,3.A.11,EPSP_synthase,9.B.126,2.A.88
GT4,GT4,3.A.1,3.A.1,3.A.1,3.A.1,Response_reg|Trans_reg_C,2.A.21
GH13_31,Pribosyltran,3.A.1,3.A.1,3.A.1,3.A.1,3.A.1,CBS|ACT,2.A.115
4.A.6,GH88,4.A.6,4.A.6,4.A.6,CBM70|PL8_1,PL12_1
3.A.2,3.A.2,3.A.2,3.A.2,3.A.2,EPSP_synthase,2.A.2,PfkB,GH2
2.A.8,DeoRC,GT35
GH36,3.A.1,3.A.1,3.A.1,GH13_18,3.A.1,3.A.1
3.A.1,CBM48|GH13_9,GT5
4.A.3,4.A.3,GH1
4.A.7,4.A.7,GH23
3.A.1,4.A.2,PfkB,HTH_DeoR|DeoRC,2.A.66,3.A.1,HhH-GPD,3.A.1,3.A.1,3.A.1,3.A.1,CE4,3.A.1,3.A.1
GH13_14,4.A.3,4.A.3,4.A.3
2.A.87,GT2|GT2
3.A.1,3.A.1,3.A.1,CE9
3.A.1,CE1,3.A.1,3.A.1,3.A.1,TPR_1,2.A.86
3.A.11,3.A.11,3.A.1,3.A.1,3.A.1,3.A.1,2.A.50,4.C.1,Arg_repressor,GH16_8,2.A.118
2.A.66,GT0,GT4,GT4,9.B.18,8.A.3,8.A.3
1.C.82,Glyoxalase,3.A.12,GH32,3.A.1,3.A.1,3.A.1,LacI|Peripla_BP_3,Glyoxalase,3.D.1,CE7,9.B.28,3.A.1,3.A.1,SBP_bac_1,3.A.1,3.A.1,3.A.1,TetR_N,3.A.3
CBM34|GH13_20,Sigma70_r2|Sigma70_r4_2,2.A.103,GH25,2.A.88
3.A.5,4.A.1,GH32
3.A.7,GH1,GH1,Glyoxalase,GH1,AraC_binding|HTH_18,4.A.3,4.A.3,Mga|HTH_11,2.A.123,GH1,Pyr_redox_2,1.A.62
4.A.7,4.A.7,4.A.7,CBM41|CBM41|GH13_41|CBM41|CBM41|GH13_12,GT2,LacI|Peripla_BP_3,3.A.1,3.A.1,3.A.1,4.A.3,4.A.3,4.A.3,Mga|HTH_11,GH1,3.A.1,3.A.1,3.A.1,3.A.1
GH77,3.A.1,3.A.1,3.A.1,LacI|Peripla_BP_1,CBM68|GH13_14,2.A.115,8.A.5,GT2,GH3,GH3,Response_reg|LytTR,3.D.10,HTH_3,3.A.1
