2.A.1,GH95,GH31,GH35,1.B.14
GH5_8,2.A.21,GH3,3.A.23
3.A.7,GH23,3.A.7,3.A.7,3.A.7
1.A.12,3.D.3,3.E.2,GH23
1.B.14,Pribosyltran,GH9
1.B.14,GH27|CBM35|CBM51,GH146,1.B.14,GH43_29,GH121,1.B.14,2.A.3
1.B.42,4.A.6,8.A.8,8.A.7,1.A.26,2.A.45,2.A.3,1.B.52,PL1_3
1.C.113,9.B.121,CBS,GT2,GT51,1.B.14,TetR_N,2.A.12,AA3_2,GT51,GT2
1.B.46,TPR_2,GT41
2.A.1,GT84|GH94,GntR,PL6,PL17_2|PL17,2.A.1,GH3
GH15,GT20,MCPsignal,1.B.33,3.A.1,3.A.1
3.A.23,HTH_3,3.A.15,NTP_transf_2,3.A.15,3.A.15,3.A.15,HisKA|HATPase_c,Trans_reg_C|Response_reg,1.B.14,CBM32,9.B.34
2.A.109,HisKA|HATPase_c,Trans_reg_C|Response_reg,3.A.1,3.A.1,3.A.1,3.A.1,1.B.14,8.A.5,2.A.41,PfkB,1.B.55,GH8,4.D.3,GT2,GH113,GT2,GT2
GT0,3.A.15
GT4,Pkinase,3.A.1,3.A.1,GT0,PALP|CBS,3.A.15,1.I.1,1.B.14
CBM48|GH13_9,GH13_16,GH13_3|GH13_3,GH92,Peripla_BP_3|LacI,2.A.1
4.C.1,TetR_N,9.B.67,GT83,CBM50,3.A.11,1.E.43,3.A.7
1.B.14,2.A.3,1.B.14,GH3
3.D.4,3.D.4,3.D.4,9.B.174,Peptidase_M23,2.A.46,2.A.1,GH103,9.B.34,2.A.102
GH43_9,2.A.56
1.B.14,Aminotran_1_2,GH24
CE4,2.A.9
2.A.6,GT2,1.A.4,GH15,3.A.1,2.A.37
1.E.43,CbiA,GT2,2.A.123
GH42,2.A.37
2.A.19,2.A.63,2.A.63,2.A.63,2.A.63,Sigma70_r4_2|Sigma70_r2,Fer4,2.A.1,GH19
9.B.34,PfkB,GH23,GH37,2.A.3
PL3_1,Response_reg|ANTAR,3.A.1,2.A.1,Pyr_redox_2|NIR_SIR|NIR_SIR_ferr,3.D.1,CBM48|GH13_11,GH13_26,GH77,GH13_10,CBM48|GH13_9,GT5,Response_reg,HisKA|HATPase_c|PAS,GT2
3.A.23,PfkB,9.B.157,9.B.157,2.A.103,GH28,3.D.2,3.D.2,3.D.2,GH103
9.B.174,GH53
1.B.14,GH2,GH89,GntR,2.A.1,Peripla_BP_3|LacI,SIS,CE9,HD,GH23,1.B.14
CE4,Aminotran_1_2,3.A.1,8.A.1
GH13_4,2.A.2,Peripla_BP_3|LacI,2.A.11,1.B.5,Trans_reg_C|Response_reg,HisKA|HATPase_c,SBP_bac_1,9.B.34,GerE|Response_reg,2.A.21,1.B.5,2.A.23,HTH_3,3.A.1,3.A.1,HTH_3,GT4,GT30,2.A.6,TetR_N,9.B.34
GT2,Aminotran_1_2,1.B.14
GT51,3.A.11,1.B.22,1.B.71,3.A.3,3.A.3,3.A.3
9.B.146,2.A.103,GT28,CE11,1.A.34,3.A.5
1.B.14,Glyoxalase,3.A.1,Rhodanese,PALP,CE4,Pyr_redox_2,9.B.35
GT4,CE4,2.A.25,Peripla_BP_3|LacI,1.A.22,2.A.47
3.D.2,3.D.2,CBM5
3.A.1,SpoVT_AbrB,3.A.23,GT51
9.B.158,GH33,GH29,GH35,GH92,GH125,GH3,GH2,GH20,GH18,GH29,1.B.14
1.I.1,2.A.10,Glyoxalase,Peripla_BP_3|LacI,GH30_3,1.B.14,GH3,3.A.1,2.A.7,LysR_substrate|HTH_1,2.A.7
GT19,1.B.33
3.A.6,3.A.6,3.A.6,3.A.6,3.A.6,HTH_18,1.B.22,GH23
GH2,GH53,1.B.14,LysR_substrate|HTH_1,2.A.4,Sigma70_r4_2|Sigma70_r2,RseA_N,9.B.160
GH3,Pribosyltran,CSD,1.B.18,8.A.3,9.B.18,9.B.30,9.B.97,GT4,GT94,2.A.66,GT70,GT26,8.A.1
GH3,2.A.17
GH28,CE8,2.A.3
3.A.1,3.A.1,3.A.1,3.A.1,GH95,3.D.4,3.D.4,3.A.1,3.A.1,TPR_2,9.B.14,9.B.14,3.A.1,3.A.1
GH144,3.A.1,3.A.1,3.A.1,CBM32,Glucokinase,3.A.1,3.D.10,3.D.10,3.A.1,3.A.1,TetR_N,3.A.11,1.A.30,3.A.1
CBM50,3.A.16,2.A.1
GH13_23,1.B.14,GH97,GH0|CBM35,2.A.2,GH13_2
3.A.6,3.A.6,3.A.6,3.A.6,3.A.6,3.A.6,3.A.6,GT2|GT2
2.A.66,GT2
GT4,GT4,B12-binding,3.A.1,8.A.1
2.A.6,2.A.6,2.A.6,TetR_N,PL3_1
