2.A.4,9.B.62,Trans_reg_C|Response_reg,HATPase_c|HisKA,HMA,3.A.3,1.C.113,GH23,2.A.53,9.B.145,2.A.76
3.A.1,2.A.1,3.A.1,GerE|Response_reg,3.A.1,3.A.1,CE14
GH3,2.A.6
GT4,2.A.35,3.A.1,3.A.1,3.A.1,3.A.1,2.A.22,AraC_binding|HTH_18,2.A.1,HTH_5,2.A.1
2.A.78,GT2
GH13_30,1.A.23
3.A.1,CBM48|GH13_9,GH13_16,GH13_3,GH13_11
GH25,3.A.1,3.A.1,3.A.1,2.A.102
9.A.40,FUR,3.A.1,3.A.1,2.A.75,LysR_substrate|HTH_1,Rhodanese,8.A.5,HD,GT4,3.B.1
2.A.15,2.A.109,2.A.7,GH15
GT2,2.A.86
GT4,4.F.1
GT28,2.A.103,9.B.146
2.A.63,2.A.63,2.A.63,2.A.63,4.C.1,8.A.7,8.A.8,CE9,4.A.1,SIS,4.A.1,4.A.1,3.A.1,3.A.1,3.A.1,3.A.1,2.A.55
GH63,3.A.1,3.A.1,3.A.1
GT87,GT87,Trans_reg_C|Response_reg,HATPase_c|HisKA,2.A.115,3.A.1,3.A.1,3.A.1,3.A.1
3.D.10,3.D.10,GT39
CE14,TetR_N,2.A.116,3.A.1
9.A.47,3.A.1,3.A.1,3.A.1,Peripla_BP_2,NUDIX,HhH-GPD,1.A.1,NUDIX,GT51
GT4,GT2,9.B.97,9.B.97,GT2,GT2,GT0,3.A.1,GT4,9.B.97,GT0,GT4
GT2,3.A.1
3.A.1,3.A.1,3.A.1,Peripla_BP_3|LacI,GT20,9.B.106,GH23|CBM50,GH23|CBM50
