9.B.42,3.A.23,TPR_1,GT2,GT4,GT4,GT2,GT9
GT10|GT74|GT2,3.A.23,3.A.23,3.A.6,3.A.6
1.A.30,1.A.30,HD|Response_reg,GH23,9.A.40
GT2|GT2,3.A.1,GT2,5.A.3
2.A.56,DctP,3.A.23,GH23
1.C.109,1.A.14,SpoVT_AbrB,NTP_transf_2,9.B.18,9.B.146,GT4,GT2,8.A.5,Fer4,2.A.66
9.B.18,8.A.3,GT4,PL9,GT4,GT2,GT26,CBS,ACT,3.A.1,3.A.1,1.A.1
GT9,GT4,GT2,GT2,Pkinase,Pkinase,GT9,1.B.42,2.A.109
2.A.49,Aminotran_1_2,1.A.23,9.B.153,SIS|CBS,GT30
GH17,9.B.141
GT2,GH158,HATPase_c,HD,HisKA|dCache_1|PAS|HATPase_c,Trans_reg_C|Response_reg,3.A.1,3.A.1,3.A.1
8.A.7,GH130,GH130,GT4,GT4,3.A.23,9.B.34
8.A.59,GT5,3.A.1,3.A.1,3.A.1,2.A.6,2.A.6,2.A.6,3.A.23,AAA,HTH_7,2.A.6,2.A.6,2.A.6
GT2,2.A.66
GT19,2.A.21,3.A.15
3.A.23,Fer4|Nitroreductase,AraC_binding,1.A.1,GT51,4.C.1,3.D.7,IclR|HTH_IclR,Fer4,3.D.7,Fer4|Pyr_redox_2,TrmB,3.D.1
8.A.59,GT35,TetR_N,2.A.6,2.A.6,2.A.6,2.A.1,GT1
CE4,9.B.106,9.B.174,FHA,3.A.1,3.A.25,3.A.1,3.A.1,3.A.1,3.A.1,3.A.1
2.A.21,9.B.34,3.A.5,9.B.149,GAF,GT4,MarR,2.A.6,2.A.1,HTH_18,1.B.14
3.A.23,2.A.21,3.A.23,GH13_6
GH3,NUDIX,2.A.21,4.C.1,5.A.3,5.A.3
GT5,8.A.59,3.A.1
1.B.52,Sigma70_r2|Sigma70_r4_2,3.A.12,CBM32|CBM32,CBM32|CBM32|CBM32,GT2,GT2,CbiA,1.B.18,9.B.146,PL12_3,GT4,PL9|CBM32,GT4,GT26,GT4,CBM32|CBM32|CBM32|CBM32,9.B.18,GT2,2.A.50,CBM32|CBM32|CBM32|CBM32|CBM32,3.A.1,3.A.1,GH59|CBM32
GT28,2.A.103,9.B.146
3.A.1,3.A.1,3.A.1,SBP_bac_1,GH5_45,GerE|PAS,1.B.52,1.B.52,dCache_2|HisKA|Response_reg|HATPase_c,3.A.1,3.A.1,3.A.1,3.A.1,3.A.1,3.A.1,3.A.1,2.A.5,2.A.7,Pyr_redox_2,Citrate_synt,FUR,3.D.5,3.D.5,3.D.5,3.D.5,3.D.5,3.D.5
1.C.113,CSD,8.A.7,GH130,GH130,GT4,GT4,3.A.23,3.A.16,HTH_8,9.B.34
9.B.34,1.B.6,GT84|GH94
3.A.1,GT2,9.B.174,Peptidase_M23,3.A.1
GH0,HTH_IclR,Pyr_redox_2,GATase_2,8.A.7,1.A.23
1.A.23,3.A.23,Fer4,2.A.21,GH23,1.A.30,1.A.30,1.B.14
3.A.1,4.C.1,2.A.56,DctP,GT51,3.A.1,3.A.1
GH102,9.B.42,3.A.23
2.A.102,3.A.15,2.A.40,GH23
9.A.61,1.B.52,3.A.23,Response_reg,HisKA|Response_reg|PAS|HATPase_c,GT51
1.B.14,Peripla_BP_2,3.A.1,3.A.1,2.A.1,GH13_3|GH133,GT35,GT5,GH13_8,2.A.21,2.A.76,3.A.23,2.A.1
GT5,3.A.23,3.A.1,3.A.1,3.A.1,3.A.1,GAF,3.A.1,3.A.1,9.B.34,3.A.1,3.A.1,3.A.1,3.A.1,3.A.1,B12-binding,3.A.1
3.A.1,3.A.1,GT2,GT2,Rhodanese,9.B.102
2.A.96,dCache_2,2.A.76,FeS,3.A.1,3.A.1,3.A.1,3.A.1,3.A.1,GH23,2.A.58
3.A.23,HisKA|PAS|HATPase_c,CE11,MarR,3.A.23,5.A.3,Rhodanese,3.A.1
GH23|CBM50,1.C.82
CBM44,2.A.6,3.A.1,3.A.1,Trans_reg_C|Response_reg,GAF|HisKA|Response_reg|HATPase_c,1.B.14,3.A.1
1.B.20,1.A.30,1.B.62,TPR_2|TPR_1,9.B.42,CbiA,TPR_2|TPR_1,9.B.18,9.B.18,Aminotran_1_2,GT4,GT4
GT4,8.A.59,GT51,9.B.34,Pyr_redox_2,Fer4,3.D.1,IclR|HTH_IclR,3.A.25,HisKA|PAS,3.A.1,3.A.1,3.A.1,2.A.6,2.A.6,SpoIIE|dCache_1,CE1
GT28,GT4,GT4,GT1,3.A.23,3.A.1,cNMP_binding,3.A.1
