GT2,2.A.1,NUDIX,2.A.6,2.A.6,3.D.10,4.F.1,2.A.114,HATPase_c|PAS,GH31
3.A.1,3.A.1,3.A.1,TOBE,4.C.1,NUDIX,2.A.76,3.A.5,GH103,3.A.25
2.A.66,GT51,HATPase_c|HisKA|PAS|Response_reg,Response_reg,GT51
GH103,3.A.1,GT2,2.A.102,Response_reg,9.B.149,3.D.4,3.D.1
GT4,2.A.86,2.A.86
GT25,8.A.1,3.A.1,GT2,GT102,1.A.34
GT4,GT2,GT2,Aminotran_1_2,9.B.97,GT0,GT4,9.B.18
GT19,GT4,2.A.55
3.A.1,3.A.1,HD,3.D.1,Fer4,GT4,4.A.2,9.B.126
4.A.6,HisKA|HATPase_c,Trans_reg_C|Response_reg,GT83
3.D.3,3.A.3,1.I.1,GT2
CE4,GntR,2.A.56,9.B.10,SIS,LysR_substrate|HTH_1,2.A.7,MCPsignal,CheB_methylest|Response_reg,CheR|CheR_N,CheW,1.B.52
3.A.1,3.A.1,3.A.1,3.A.1,3.A.1,HTH_5,GH10,GT94,GT4,GT26,9.B.18,GT2
2.A.14,GntR,Pyr_redox_2,3.A.1,3.A.1,3.A.1,9.A.40,GH103,9.B.174
9.B.149,GT35,CBM48|GH13_9,GT5,GH13_11|GH77
9.A.40,GT25,3.A.1,3.A.1,3.A.1,3.A.1
1.B.4,GH15
GT20,CBS|SIS,GH103,3.A.23,2.A.21,2.A.21
3.A.1,3.A.1,CE4
GT8,AA3_2,GAF|PAS|Response_reg,9.B.105
1.B.4,GT30,5.B.7
9.B.137,3.A.1,3.A.1,3.A.1,GH103
9.B.8,GH3,9.B.108
2.A.107,1.B.33,CE11
GT28,2.A.103,9.B.146
1.B.9,GT4,PALP,GH18|CE4|GT2,ROS_MUCR,1.I.1
9.A.41,1.B.18,GT4,TPR_2,3.A.1,3.A.1,GT4
3.A.6,Response_reg,GH23,1.A.30,3.A.6,1.B.52
GH102,3.A.1,GT2,Rrf2,1.I.1
GH94,GH15,GH144,3.A.1,GH3,GH0,AAA,3.A.1,3.A.1,3.A.1,3.A.1,Sigma70_r2|Sigma70_r4_2,2.A.6,2.A.6,TetR_N,GT83,GT2,3.A.9,8.A.7
GT2,2.A.21
5.A.1,GT2
GT4,FUR,3.A.1,3.A.1
GT4,9.B.124
3.A.1,3.A.1,3.A.1,5.B.5,5.B.5,TPR_1,9.B.14,GT4
3.A.23,Aminotran_1_2|GntR,2.A.46,2.A.21,GT4,1.A.30,1.A.30,3.A.1
GT4,ACT,2.A.21,3.D.1,GT25,3.D.1,3.D.1,3.D.1,3.D.1,3.D.1
