2.A.21,1.A.30,1.A.30,3.A.7,3.A.7,Sigma70_r4,GT51
GH20,9.B.33,Response_reg|HTH_18,SBP_bac_1,3.A.1,3.A.1
2.A.7,3.A.1,3.A.1,3.A.1,3.A.1,2.A.66,Nitro_FeMo-Co,GT4,GT2,3.A.1,3.A.1,3.A.1
2.A.1,SIS,GT4,GT2,GH13_14,Pyr_redox_2,3.A.1,3.A.1,3.A.1,2.A.109,1.A.16,Rhodanese,HTH_1|LysR_substrate,9.B.34,GGDEF,1.B.52,8.A.59,Response_reg|LytTR,2.A.1,HTH_3,8.A.5,PadR,2.A.1,GGDEF|HD,HMA,3.A.3,Nitroreductase,3.A.1,3.A.1,3.A.1
GT2,GH26,GH32,LacI|Peripla_BP_3,PfkB,4.A.1,8.A.59,2.A.87,3.A.1,3.A.1,3.A.1
4.A.6,4.A.6,4.A.6,4.A.6,GH13_31,SIS|HTH_6,TetR_N,8.A.5,2.A.1,HTH_18,8.A.5,GH32,SBP_bac_1,3.A.1,3.A.1,8.A.59
GT83,GT2,2.A.66
9.B.33,Response_reg|HTH_18,3.A.1,GH31,GH31
3.A.1,3.A.1,3.A.1,GH65,2.A.7,HxlR,Glyoxalase,AsnC_trans_reg|HTH_5,3.A.1,3.A.1,3.A.1
GT35,GAF,HTH_12,MarR,2.A.1,3.A.1,Pyr_redox_2,2.A.21
2.A.1,CE4,2.A.40,CBM16|GT39,GT2,3.A.7
3.A.1,3.A.1,3.A.1,3.A.1,3.A.1,9.B.33,Response_reg|HTH_18,3.A.1,3.A.1,SBP_bac_1,2.A.66,HTH_18|AraC_binding,Fer4|Nitroreductase,3.A.1,GntR,LacI|Peripla_BP_3,GH36,2.A.1,3.A.1,3.A.1,SBP_bac_1,8.A.59,Penicillinase_R,GT26
4.C.1,3.A.1,SLH,8.A.3,9.B.18,GT4,GT2,GT4,GT2,9.B.183,GT32,9.B.18,Aminotran_1_2,GT4,GT2,GT4,GT4,GH105,GT2,2.A.66
2.A.7,PadR,2.A.49,LacI|Peripla_BP_3,GH32,GH32,CBM66|CBM66|CBM66|CBM66|GH32|CBM66
3.A.1,3.A.1,3.A.1,1.B.52,3.D.4,3.D.4,CE4,TetR_N,2.A.1,GntR,3.A.1
8.A.3,9.B.18,GT2,GT26,GT4,GT4,GT4,GH26,GH26,CBM32,2.A.36,HTH_11,3.A.1,3.A.1,3.A.1,3.A.1,3.A.1,3.A.1,3.A.1
GT28,TetR_N,9.B.74,GATase_2,3.A.1,1.A.34,2.A.115
2.A.7,GntR|Aminotran_1_2,4.A.2,9.A.8,9.A.8,FeoA,3.A.1,3.A.1,HATPase_c|HisKA,Response_reg|Trans_reg_C,2.A.3,9.A.11,3.A.1,GH13_31,LacI|Peripla_BP_1,GH66|CBM35|CBM35,GH66|CBM61,3.A.1,LacI|Peripla_BP_3,3.A.1,3.A.1,3.A.1,GH32,GH32
2.A.1,TetR_N,GT8
3.A.1,3.A.1,3.A.1,3.A.1,SBP_bac_1,3.A.1,3.A.1,Aminotran_1_2,3.A.1,3.A.1,GT28,8.A.59,Response_reg|HTH_18,3.A.1,3.A.1,3.A.1,GH13_31,GntR|Aminotran_1_2,Aminotran_1_2,1.B.52
GT2,3.A.1,3.A.1,3.A.1,3.A.1
GH13_31,SBP_bac_1,3.A.1,3.A.1,SIS|HTH_6,3.A.1
3.A.1,3.A.1,3.A.1,HTH_18|AraC_binding,GH13_31,4.A.1,5.B.6,TetR_N,IclR|HTH_IclR,3.A.1,3.A.1,3.A.1,3.A.1,3.A.1,3.A.1,SBP_bac_1,9.B.33,Response_reg|HTH_18,GH136|CBM66,LacI|Peripla_BP_3,3.A.1,3.A.1,3.A.1,GH125
3.A.1,3.A.1,3.A.1,GH3
1.B.52,2.A.86,CE4,GH1,8.A.5
4.A.1,PTS-HPr,8.A.7,GH13_14,9.B.34,9.B.34,1.E.40,2.A.1,1.A.22
2.A.21,HTH_18|GyrI-like,GH65,LacI|Peripla_BP_3,CBM34|GH13_20,3.A.1,3.A.1,3.A.1
3.A.1,3.A.1,8.A.59,HD,9.A.40,CE4
3.A.1,2.A.107,GH23
GT8,3.A.1,GT4,LacI|Peripla_BP_3,3.A.1,3.A.1,GH13_31,CHASE3,TetR_N,2.A.1,8.A.5,GT4,MerR,GntR,3.A.1,3.A.1,3.A.1
3.A.23,4.A.6,4.A.6,4.A.6,4.A.6,PfkB,3.A.1,3.A.1,3.A.1,HATPase_c|Response_reg|HisKA|PAS,8.A.59,Nitroreductase,HTH_1|LysR_substrate,GT2,GT4,GT2
GH18,TetR_N,2.A.1,cNMP_binding|Crp,Pyr_redox_2,3.A.1,HATPase_c|dCache_1,Response_reg|HTH_18,GH32,3.A.1,3.A.1,CBM66|CBM66|CBM66|GH32|CBM66,1.B.52,9.B.10,Aminotran_1_2,3.A.1,3.A.1,3.A.1,1.B.52,2.A.21,9.B.10
GT4,1.C.105
2.A.1,8.A.5,GH13_29,4.A.1,GntR,3.A.1
3.A.1,3.A.1,GH66,MarR,2.A.1
4.A.1,8.A.7,LacI|Peripla_BP_3,4.C.1,GT51,9.B.34,PTS-HPr,2.A.19,2.A.103
GH13_31,Response_reg|HTH_18,HATPase_c|dCache_1,3.A.1,3.A.1,3.A.1,LacI|Peripla_BP_3,3.A.1,3.A.1,3.A.1,GH31,2.A.1,TetR_N,1.B.52,TetR_N,1.B.52
2.A.1,HTH_18|AraC_binding,GH4,GT28,Rrf2,HATPase_c|HisKA,3.D.7,3.D.7,2.A.64,2.A.64,2.A.52,MarR,HTH_5,2.A.45,ArsD,3.A.4
2.A.1,5.A.3,TetR_N,2.A.1,MerR,AraC_binding,HTH_1|LysR_substrate,2.A.9,GT28,Response_reg|Trans_reg_C,HATPase_c|HisKA,3.A.1
9.B.100,CE4,CBM50,3.A.1,3.A.1,3.A.1,CBM34|GH13_20,GT5,GH13_9,HATPase_c|HisKA,Response_reg|Trans_reg_C,3.A.1,HTH_5,3.A.7
3.A.24,GT51
GH3,SBP_bac_1,3.A.1,3.A.1
GH32,GH68,GH68,4.A.1,4.A.2
GT4,CE14,TPR_2,2.A.115,3.D.3,3.D.3,3.D.3
3.A.1,GH13_39
1.A.1,1.A.16,NIR_SIR|NIR_SIR_ferr|Pyr_redox_2,Hemerythrin,TetR_N,GT1,GT1
2.A.3,9.A.11,CBM35|CBM61,LacI|Peripla_BP_3,GH13,3.A.1,3.A.1,3.A.1,Response_reg|HTH_18,HATPase_c,GH13,SBP_bac_1,3.A.1,3.A.1
GT28,2.A.103,9.B.146
2.A.109,GH23
4.A.1,GH32,LacI|Peripla_BP_3,1.A.33,3.A.8
3.A.1,3.A.1,3.A.1,PL15_1,PL17,8.A.59,Response_reg|HTH_18,3.A.1,3.A.1,CBM32,SBP_bac_1,GntR|SBP_bac_1,3.A.11,3.A.11,2.A.86,GH13_31,2.A.2,LacI|Peripla_BP_3,Rrf2,AAA,2.A.40
2.A.66,GT4,GT4,GT4,9.B.18,9.B.18,8.A.3,8.A.3
2.A.109,4.A.1,SIS|HTH_6,HTH_5,GH4,4.A.1,GerE,2.A.23,SIS|HTH_6,CE9,GT2,GT4,GT0,GT4,GT2
2.A.1,Hemerythrin,GT2,GT2,2.A.25
CBM35|GH31,SBP_bac_1,Response_reg|HTH_18,9.B.33,2.A.1
3.A.1,3.A.1,3.A.1,AraC_binding,3.A.1,3.A.1,SBP_bac_1,8.A.59,Response_reg|HTH_18,GH32,3.A.1,3.A.1,SBP_bac_1,HTH_18|AraC_binding,GH1,LacI|Peripla_BP_3,CBM35,3.A.1,3.A.1,3.A.1,3.A.1,3.A.1,3.A.1,SBP_bac_1,GntR,GH32|CBM66|CBM66|CBM38|GH32|CBM66|CBM38,2.A.38
9.B.116,PspC,3.A.1,Response_reg|HTH_18,HATPase_c|dCache_1,GH66,GH31,GH13_36
CE4,HTH_18,2.A.1
CE4,3.A.1
3.A.9,CtsR,2.A.1,3.A.1,9.B.18,GT2,GT2,GT2,3.A.1,3.A.1,9.B.67
9.B.146,GT26
1.A.33,HTH_11,1.A.34,EPSP_synthase,3.A.2,3.A.2,3.A.2,3.A.2,3.A.2,3.A.2,GT0,Pribosyltran,Aminotran_1_2,2.A.107,2.A.103
1.I.1,Pkinase,HEM4,1.B.52,FUR,9.B.34,3.A.1,3.A.1,MarR,HTH_1|LysR_substrate,1.E.14,2.A.122,MarR,1.B.52,9.B.34,GH31,Response_reg|HTH_18,9.B.34,8.A.5,3.A.1,2.A.1
3.A.1,3.A.1,3.A.1,3.A.1,9.B.34,GH13_5,2.A.88,3.A.1,3.A.1,2.A.1,2.A.7,2.A.1
2.A.7,HTH_1|LysR_substrate,8.A.5,cNMP_binding,8.A.59,GGDEF|EAL,GH13_18
GH97,3.A.1
