CBM50,HTH_DeoR|DeoRC,1.B.20,1.C.75,1.C.75
1.C.75,GT9,2.A.7,GT9,1.B.1
3.A.1,3.A.1,3.A.1,PfkB,2.A.1,GT51,1.B.22,3.A.1,3.A.1,3.A.1,3.A.1,3.A.1,3.A.1,3.A.1,3.A.1,3.A.1,2.A.7
2.A.1,3.A.1,3.A.1,GT2,GT2,GT111,9.B.18,3.A.1,3.A.1,1.B.14
GT9,AraC_binding|HTH_18,3.A.1
2.A.25,1.B.14,GH23,1.I.1
4.A.1,Glucokinase,SIS|HTH_6,CE9
2.A.9,GH3,3.A.1,3.A.1,3.A.1,3.A.1
CBM50,8.A.8,8.A.7,4.A.1,2.A.47
1.B.6,1.B.17,3.A.1,3.A.1,HTH_psq,CBM48|GH13_9,GH13_11,GT5,GT35,2.A.76
GH32,2.A.1
GT51,2.A.108,2.A.108,3.A.1,3.A.1
2.A.37,3.A.1,3.A.16,GH102,4.F.1
CE11,GT28,2.A.103,9.B.146
2.A.1,Glyoxalase,2.A.8,3.A.23,Peripla_BP_2,3.A.1,3.A.1,1.A.34,3.A.1,3.A.1,HTH_psq,PfkB,2.A.95,1.B.9,1.B.39,GH23,Trp_repressor,GT51,1.B.33,Trans_reg_C|Response_reg,HisKA|HATPase_c,3.A.3
9.B.24,2.A.47,GT19,1.B.33
2.A.42,GH23
1.A.30,HTH_8,2.A.7,2.A.21,9.B.24,GT25
1.B.76,2.A.88,1.B.14,1.B.14,Pyr_redox_2,GT9,GT25
GT9,2.A.115,2.A.16,9.B.21,2.A.38
2.A.49,4.B.1,GT30,GT2
GH77,GT35,4.A.1,GT25|GT4,1.B.40,9.B.1
9.B.20,GT41,9.B.27,9.B.22,1.B.33,9.B.126,CbiA,2.A.1
GT2,2.A.38,1.A.22
