9.B.126,GT0,4.A.3,3.A.18,2.A.3,Pyr_redox_2,Pribosyltran,9.A.40,Nitroreductase,4.A.1,SIS|HTH_6,4.A.1
GH73,GT32,2.A.66,3.A.3,GT4,GT26,GntR,3.A.1
3.A.3,SIS|HTH_6,GH4
4.A.3,HTH_6,SIS,GH38,HTH_11|Mga,GH38,4.A.2,4.A.2,4.A.2,GH125,GH68
GT2,GT111,9.B.18,8.A.3,8.A.3
3.A.1,3.A.1,3.A.1,3.A.1,GH65,CBM34|GH13_20,GH13_31
2.A.3,ATPase_2,2.A.3,2.A.3,3.A.9,PTS_EIIC,3.A.1,GH25,2.A.50,CBS,3.A.3,2.A.37,3.A.1,HTH_3,2.A.1,HTH_3,9.B.2,3.A.1,3.A.1,3.A.1,3.A.1,3.A.1,3.A.1,8.A.5
GT8,GT8,GT8,Trans_reg_C|Response_reg,2.A.21
3.A.1,HTH_18,2.A.45,GT2,GH8,3.A.1,3.A.1,2.A.109
3.A.1,3.A.1,9.B.141,9.B.141,GH31,CE9
GH73,1.C.105,2.A.37
2.A.3,GH13_31,3.A.18
3.A.1,LacI|Peripla_BP_3,GH32,4.A.1
9.B.27,Pyr_redox_2,GT4,GT4,4.D.2
1.A.8,8.A.7,GT51
3.A.1,SIS|HTH_6,2.A.37,2.A.21,CE7
4.A.1,GntR,GH13_29
GH25,3.A.1
GH13_14,2.A.3,2.A.1
4.A.3,4.A.3,GntR,GH1
GT28,9.B.146
3.A.3,GT2
3.A.7,GH25,1.E.12
2.A.3,9.B.34,GT2,EAL,GH1,4.A.1
