GH127,GH112,Sigma70_r4_2|Sigma70_r2,2.A.66,3.A.1,GT108,GH106,3.A.1,3.A.1,3.A.1,GntR,GntR,Aminotran_1_2,3.A.1,3.A.1,3.A.1,3.A.1,3.A.1,8.A.59,HTH_18|Response_reg,3.A.1,3.A.1,GT4
1.A.33,3.A.1,3.A.1,3.A.1,Trans_reg_C|Response_reg,HATPase_c|HisKA,GH95,GH29,HTH_18|AraC_binding,CBM48|GH13_9
3.A.7,GT2,MarR,9.B.67,Aminotran_1_2,9.B.18,PALP,GT2,GT2,Trp_repressor,9.B.18,2.A.66,GH2
1.A.22,AAA,PL9_1
3.A.1,3.A.1,Penicillinase_R,CheB_methylest|Response_reg,3.A.1,3.A.1,HTH_18,SLH|CBM54,HTH_18|Response_reg,8.A.59,SBP_bac_1,3.A.1,3.A.1,PL26,HTH_18|dCache_1,3.A.1,3.A.1,3.A.1,3.A.1,HTH_18|AraC_binding,SBP_bac_1,3.A.1,3.A.1,GT2,Peripla_BP_3|LacI,3.A.1,3.A.1,GH2,2.A.38,2.A.38,HATPase_c|HisKA,GH3
1.B.52,GT2,GH127,GH15
9.B.34,3.A.2,3.A.2,3.A.2,3.A.2,3.A.2,3.A.1,Diacid_rec,3.A.1,Peptidase_M23,9.B.174,2.A.88,AAA,GH18
GH36,3.A.17,2.A.66,8.A.59,HTH_18|Response_reg,3.A.1,3.A.1
GH10,8.A.59,HTH_18|Response_reg,3.A.1,3.A.1,GH43_10,3.A.1,3.A.7,SBP_bac_1,3.A.1,3.A.1
1.B.52,GH51,HTH_5,PL11,HTH_18|dCache_1,3.A.1,9.A.11,GH2,GT5
8.A.59,HTH_18|Response_reg,3.A.1,3.A.1,3.A.1,CBM22|GH10|CBM9
GH39,GH43_10|GH43_16|CBM6,HTH_5,3.A.3,1.A.104,3.A.5,3.A.1
GH10,SBP_bac_5,3.A.1,3.A.1,3.A.1,3.A.1
GT4,2.A.107,2.A.87,9.A.5,1.E.12
3.A.1,GT28,3.A.11
GH28,CYTH,3.A.1,3.A.1,3.A.1
3.A.1,3.A.1,3.A.1,GH43_35
GH39,HTH_18,GH105,3.A.1,3.A.1,3.A.1,3.A.1,3.A.1,Trp_repressor,EAL|GGDEF|Response_reg|PAS,3.A.1,3.A.1,Trans_reg_C|Response_reg,HATPase_c|HisKA,3.A.1
GT35,AsnC_trans_reg,Aminotran_1_2,3.A.1,3.A.1,3.D.1,HATPase_c,3.D.1,3.D.1,GH43_10,GH105,GH28,3.A.3
GH23,GH115,Trans_reg_C|Response_reg,HATPase_c|HisKA,Peripla_BP_3|LacI,Trp_repressor,3.A.1,3.A.1,3.A.1,GH13,GT35,GH13_21,GH2
GH38,HTH_18|dCache_1,3.A.1,3.A.1,GH105,2.A.1,GH105,CE12,GH105,GH140
GH142,Peripla_BP_3|LacI,Crp|cNMP_binding,4.C.1
2.A.58,2.A.20,GH43_26,GH43_4,SBP_bac_1,3.A.1,3.A.1,3.A.1,3.A.1,SBP_bac_1,Peripla_BP_3|LacI,SBP_bac_1,3.A.1,3.A.1,3.A.1,SBP_bac_1,CBM35|GH26,GH130
9.B.156,9.B.156,Trans_reg_C|Response_reg,2.A.21,CBM50
9.B.174,PfkB,HMA,Sigma70_r4,3.B.1,GH3|CBM6,GH31
1.A.23,GH3,3.A.11
3.A.7,CE4,GH2
GH133,PALP,9.B.142,GT2
PL11,3.A.1,3.A.1,8.A.59,HTH_18|Response_reg,3.A.1,9.A.40,MarR,2.A.4,2.A.1,2.A.21,HTH_18|AraC_binding,GH36,3.A.1,3.A.1,3.A.1
4.C.1,Pyr_redox_2,4.C.1,2.A.66,HATPase_c|HisKA,Trans_reg_C|Response_reg,GH27,MCPsignal|dCache_1,Aminotran_1_2,3.A.1,3.A.1,3.A.1,HTH_18|Response_reg,8.A.59,SBP_bac_1,3.A.1,3.A.1,3.A.1,2.A.120
CBM61|CBM61|CBM61|GH53|CBM61,1.B.52
3.A.1,AraC_binding,GH18,AraC_binding,GH23,Sigma70_r4_2|Sigma70_r2,GT4
1.B.52,CheW,3.A.3,9.B.74,GH13_41|CBM41|CBM41|GH13_12,Peripla_BP_2,3.A.1,3.A.1
GH48|CBM3,2.A.25,3.A.16
1.E.19,GH18
3.A.1,CbiA,2.A.66,1.A.26,9.A.8,FeoA,Fe_dep_repress|Fe_dep_repr_C,CE9,1.A.34,9.B.31,1.C.82
GH106,9.B.106
GH154,3.A.11,SBP_bac_5,3.A.1,3.A.1
2.A.6,2.A.6,HTH_3,GT51
GH94,HD,2.A.79,CheW,9.B.34,HhH-GPD,GT5,GH2,3.A.1,3.A.1,LysR_substrate,3.A.1,3.A.1,3.A.1,Trans_reg_C|Response_reg,HATPase_c|HisKA|PAS,8.A.5,3.A.1,3.A.1,3.A.1,3.A.1,ATPase_2,3.A.1,3.A.1,SBP_bac_1,HTH_18|Response_reg,8.A.59,2.A.66,Arg_repressor,1.C.109
3.A.1,3.A.1,SBP_bac_1,GH13_18
1.A.30,1.A.30,HD,GH35
GH106,Nitroreductase,3.A.1
GH67,2.A.49
GT4,9.B.67
8.A.5,GH43_12,3.A.11,Pribosyltran,3.A.1,HTH_DeoR|DeoRC,Trp_repressor,3.A.1,3.A.1,3.A.1,2.A.5
CE8,SBP_bac_1,3.A.1,3.A.1,HTH_18|Response_reg,8.A.59
3.A.1,3.A.1,3.A.1,2.A.115,3.A.1,3.A.1,3.A.1,CE9,3.A.1,3.A.1,3.A.1
