2.A.115,Trans_reg_C,GH13_29,4.A.1,LacI|Peripla_BP_3,3.A.1,3.A.1,3.A.1,TPR_1,9.B.34
2.A.40,GH23,HTH_1|LysR_substrate,2.A.68
1.A.33,3.A.1,1.B.5,2.A.23,3.A.8,1.B.33,2.A.7,MarR,2.A.15,1.A.1,HTH_1|LysR_substrate,Pyr_redox,2.A.25,2.A.96,GH19|CBM5,CBS,9.B.34,1.B.33
3.A.9,1.B.33,Trp_repressor,GH23,3.A.1,1.A.34,GH3,2.A.114,9.B.33,LytTR|Response_reg,9.B.105,2.A.66,HTH_5,HTH_1|LysR_substrate,2.A.58,2.A.102,8.A.7,NUDIX,8.A.5,3.A.23
3.A.1,1.A.62,HTH_1|LysR_substrate,2.A.102,NUDIX,3.A.5,CE11,GT28,2.A.103,9.B.146
9.B.34,ACT,4.C.1,HTH_1|LysR_substrate,GT1
1.B.22,GT51
9.B.146,HTH_11,1.E.54,GT4,GT4,GT2,8.A.3,1.B.18,1.B.14
CBM50,2.A.38,1.C.113
2.A.47,Fer4,CBM50
3.A.1,3.A.1,3.A.1,Response_reg|Trans_reg_C,HATPase_c|HisKA,1.B.14,1.A.11,3.A.1,3.A.1,3.A.1,GH94,GH20,GH9,3.A.1,3.A.1,3.A.1,3.A.1,3.A.1,PAS|Response_reg|dCache_1|HisKA|HATPase_c,Aminotran_1_2,2.A.6,2.A.6,1.A.34,1.B.1,3.A.16,3.A.5
3.A.7,GH102,1.B.10,Sigma70_r2|Sigma70_r4,2.A.1,3.D.5,3.D.5,3.D.5,3.D.5,3.D.5,3.D.5,3.D.5,2.A.16
1.B.33,GT19
3.A.1,3.A.1,3.A.1,3.A.1,3.A.1,9.B.20,3.A.1,3.A.1,3.A.1,GH13_21,5.A.2,2.A.34,GntR,3.A.1
1.A.16,5.B.5,5.A.3,GH36,2.A.119,3.A.1,3.A.1,3.A.1,3.A.1,3.A.1,3.A.23,9.B.100,PspC,2.A.6,8.A.1,2.A.6,Aminotran_1_2,2.A.22
2.A.21,peroxidase,GH1,3.A.1
3.A.1,1.A.11,3.A.1,3.A.1,3.A.1,3.A.1,3.A.1,GH73,Crp|cNMP_binding,5.A.1,3.A.3,3.D.4,3.D.4,3.D.4
5.A.3,LacI|Peripla_BP_3,GT5,3.A.7
3.A.23,2.A.56,2.A.56,3.A.1,3.A.1,3.A.1,3.A.1,HATPase_c|HisKA,Response_reg|Trans_reg_C,2.A.41,HTH_1|LysR_substrate,GH103,CbiA,4.C.1
2.A.122,HTH_1|LysR_substrate,FUR,4.A.1,CE9,MarR,2.A.37,2.A.17
8.A.21,1.B.1,2.A.121,PALP,8.A.8,8.A.7,4.A.1,GH73
3.A.3,GH20
4.A.1,GH3
GH13_27,1.B.52,1.B.52,9.A.5,9.B.143,CBM50,9.B.34,HTH_1|LysR_substrate,2.A.1,2.A.7,1.B.1
2.A.76,1.B.6,HTH_18,3.A.18,HTH_3|AraC_binding,2.A.46,3.A.1,3.A.1,3.A.1,TetR_N,AA3_2,3.A.1,3.A.1,3.A.1,5.B.3,4.A.2
2.A.42,EAL,2.A.1,CBM13,1.B.52,1.B.52,3.A.1,3.A.1,3.A.1,3.A.1
1.I.1,EAL,1.A.16,HTH_1|LysR_substrate,2.A.109,2.A.7,1.B.9,SBP_bac_5,GH13_31
1.B.52,PAS,3.D.4,3.D.4,TetR_N,GH31
3.D.1,HTH_1|LysR_substrate,GH3,AraC_binding|HTH_18,GH16_3,GH16_3,GH17,LacI|Peripla_BP_3,GH149,3.A.1,3.A.1,3.A.1,3.A.1,3.A.1,SBP_bac_3,Glyoxalase,HTH_1|LysR_substrate,GGDEF|SBP_bac_3,1.B.52
1.B.52,8.A.5,HTH_3,2.A.49,3.A.25,Rhodanese,9.B.34,GH18
3.A.1,3.A.1,3.A.1,3.A.1,MCPsignal|dCache_1,1.A.13,1.A.13,GGDEF,3.A.1,3.A.1,3.A.1,SBP_bac_1,MCPsignal,1.B.14,1.I.1,CBM50
GH129,1.B.52,3.A.1,5.B.1,2.A.63,2.A.63,2.A.63,2.A.63
2.A.58,CBM5,1.B.39,3.A.23,HATPase_c|dCache_1|HisKA,3.D.4,HTH_1|LysR_substrate,HTH_5,2.A.59,ATPase_2,2.A.7,4.A.1,LacI|Peripla_BP_3,GH32
1.B.52,1.B.52,AA10,HTH_IclR|AsnC_trans_reg,CBM48|GH13_9,GH77,GT35,GerE,DeoRC|HTH_DeoR,4.A.7,4.A.7
3.A.1,GH13_38,3.A.1,GH133,GH13_11,GGDEF,GH18,TetR_N,2.A.62,2.A.115
2.A.23,CBM41|CBM41|GH13_13,TrmB,CBM34|GH13_20,3.A.1,3.A.1,3.A.1,1.B.26,CBM69,3.A.1,GH13_2|CBM20,4.C.1,GntR|Aminotran_1_2,2.A.102
