1.B.14,FecR,Sigma70_r4_2|Sigma70_r2,CBM57
GT19,3.A.1,Peripla_BP_2,2.A.1,2.A.1,TetR_N,1.I.1
GT2,HhH-GPD,9.A.40,2.A.1,2.A.1,2.A.3,2.A.7
GH1,9.B.18
GT4,9.B.115,HD,2.A.102
GH23,9.A.25
1.B.14,8.A.5,GH29
3.A.5,GT4,GH1
GH13_8,1.B.33,GT4,GH31,1.A.11,ACT,9.B.158,1.A.23,GT3
GT9,4.D.1,GH0|GH39
8.A.5,HTH_18,2.A.4,2.A.6,GT2
2.A.40,GH2
9.B.169,GH78
9.B.144,PALP,GT2,1.B.14
1.A.8,1.B.44,GH20,Glyoxalase,8.A.5
CE11,9.B.8
GT9,1.A.105,SKI,3.A.1
GH20,2.A.21
2.A.1,8.A.46,1.B.14,HTH_DeoR|DeoRC,GH20,GH33,2.A.1,8.A.46
9.B.18,GT26,GT26
8.A.3,Pyr_redox_2,GH158,GT2|GH26|GH158,HATPase_c|HisKA|PAS|Response_reg,Response_reg,9.B.18,GT2,GT2,GT2,CBM6,GT2|GT2
GT4,1.B.6
CBM57|CBM57|CBM57,2.A.1,8.A.3
GT4,3.D.1,3.D.1,3.D.1,3.D.1,3.A.2,3.A.2
GT51,9.A.25,9.A.25,HEM4,9.B.146
GH88,GH43_26,8.A.46,1.B.14,3.A.1,3.A.1,SBP_bac_5,9.B.174,Trans_reg_C|Response_reg,HATPase_c|HisKA,1.B.6,9.B.172,3.A.1
2.A.72,2.A.3,9.A.25,CBM35|CBM57|CBM6,HATPase_c,3.A.23,2.A.7,1.B.14
9.A.40,HATPase_c|HisKA,Trans_reg_C|Response_reg,9.B.126,Glyoxalase,1.B.42,9.B.126,SIS,GT5
9.A.25,GH130,cNMP_binding,8.A.5
GH18,2.A.17,3.A.1,GH5_26
GH140,1.B.14,1.B.14,Peripla_BP_3|LacI,2.A.1,GH16_3,GerE|Y_Y_Y,8.A.46,1.B.14
GH109,LacI,1.B.14,8.A.46,GH20,GH20
GH1,GT1,1.B.14,8.A.46
1.B.14,8.A.46,CBM47,GH95
2.A.1,GH43_1,GerE|Response_reg,GH26,1.A.11
1.B.14,8.A.46,3.A.1,CBM6,1.B.14,FecR,Sigma70_r4_2|Sigma70_r2,8.A.46,1.B.14
CBM6,9.A.25,GH0,3.A.1
CE14,HD,1.B.14,1.B.16,2.A.51
1.B.14,GH20
3.A.1,GyrI-like,1.B.14,8.A.46,CBM38,2.A.1,CE15,GH20,SIS,PfkB,2.A.7,1.B.14
8.A.46,2.A.37,FeoA,9.A.8,CBM51,CBM13|CBM32|CBM57|CBM6,Response_reg,2.A.21,2.A.47
1.B.14,GH144,GH144,GH3,2.A.53
GH105,HATPase_c,3.D.4,Fer4,5.A.1
GH5_13,2.A.6,2.A.6
CBM57|CBM6,HxlR,2.A.6,2.A.6,1.B.17,CBM6
GT0,3.A.10,Pribosyltran,3.A.1,1.A.46
2.A.1,Y_Y_Y,GH63
1.A.23,2.A.49,GH32
CBM38,3.A.1,3.A.1
CBM57|CBM57|CBM57|CBM57|CBM57,CBM57,9.B.174
2.A.115,3.A.1,3.A.1,CBM35|CBM57|CBM6,9.B.186,Sigma70_r4_2|Sigma70_r2,FecR,1.B.14,GH2,2.A.8,GH43_34,GH43_8,GH127,9.B.172
2.A.6,TetR_N,CBM35|CBM57|CBM6,HTH_1,1.B.14
9.B.146,2.A.103,GT28,2.A.3,GH113,3.A.1,CBM35
GH67,GH10,2.A.1,1.B.14
8.A.46,1.B.14,2.A.7,LacI,1.B.14,1.B.14,GH29,CBM9
GH43_18,3.A.18,CBM47,CBM35|CBM57|CBM6,CBM35|CBM57|CBM6,GT2,GT4,GT9,GT51,9.B.196
2.A.109,GT2
3.D.1,Fer4,3.D.1,3.D.1,3.D.1,3.D.1,GT2|GT2,3.A.1,SpoIIE,GT4,CE4,GT2,Y_Y_Y,2.A.1
GH36,1.B.14,CE15,1.B.14,MarR,8.A.5
1.B.44,Pyr_redox_2|Response_reg,2.A.21,1.B.14,8.A.46,Peripla_BP_1|LacI,GH109,GH9,Trans_reg_C|Response_reg,HATPase_c|HisKA,2.A.6,2.A.6,CE6,Glyoxalase,GH43_10,GH97,GH95,GH43_12,GH39,CE1,CE1,CE1,CE1|CE1
2.A.5,3.D.1,GT30
GT2,2.A.123,GT83,HTH_18|AraC_binding,2.A.1
4.D.1,GT2,GT4,9.B.67,GT4,9.B.18,PspC,GT2
1.A.26,CBM57,GT51,2.A.86
1.B.14,CE0,GH88
9.B.33,9.B.116,CBM35|CBM57|CBM6
GH43_8,Rhodanese,2.A.6,2.A.6
GH88,Sigma70_r4_2|Sigma70_r2,FecR,1.B.14,CbiA,2.A.9,3.A.1
GT51,2.A.21
3.A.1,GT35,3.A.1
GH43_3|GH43_30,1.A.46,FecR,1.B.14,8.A.46
GT4,GT0,GH5_7,3.D.2,1.A.1,2.A.1
GH140,1.B.66,Citrate_synt,1.B.6
CBM35|CBM57|CBM6,LytTR,3.A.1,2.A.16,cNMP_binding|Crp,2.A.102,Rhodanese,9.B.102,9.B.102,Glyoxalase,HisKA,2.A.1,3.A.1,CE2
3.D.1,2.A.2,GH13_38,GH65
1.A.35,2.A.3,9.B.115,1.B.33,GH37,8.A.5
1.B.14,8.A.46,CBM6,2.A.1
GH43_18,GH9,1.B.14,GH15,GT20,GT51,CE15
