2.A.81,GntR,4.A.1,GH4,HTH_18|AraC_binding,2.A.21,9.B.51,PALP,2.A.8,HTH_1|LysR_substrate,GH5_25,2.A.1,2.A.7
2.A.1,Response_reg|GerE,HATPase_c|MASE1,2.A.1,2.A.1,2.A.1,GH1,3.A.23,4.A.6,4.A.6,4.A.6,4.A.6,3.A.1,2.A.7,HTH_1|LysR_substrate,GyrI-like|HTH_18,1.B.11
1.B.15,HTH_3,2.A.78,4.A.2,4.A.2,HTH_11,3.A.23,GH88,4.A.6,4.A.6,3.A.1,3.A.1
9.B.34,HTH_18|AraC_binding,HTH_18|AraC_binding,4.A.2,4.A.2,GH38,4.A.2,2.A.1,2.A.7,2.A.10
GH18|CBM5,HTH_1|LysR_substrate,Pyr_redox_2,TetR_N,1.B.14,HTH_11,3.A.5,1.C.82,4.A.3,4.A.3,CSD,3.A.25
1.E.43,1.E.56,GH19
2.A.40,2.A.36,HTH_1|LysR_substrate,1.E.14,2.A.122,2.A.21,9.B.136,4.C.1,5.A.3,5.A.3,9.B.14,2.A.23,3.D.1,Trans_reg_C|Response_reg,PfkB,3.A.23,3.A.1,3.A.1,3.A.1,2.A.21,3.A.1,3.A.1,GntR,3.A.1,3.A.1,3.A.1,Glyoxalase,2.A.10,2.A.1,HATPase_c|HisKA,Trans_reg_C|Response_reg,2.A.3,HTH_18,HTH_18|AraC_binding,GH4,2.A.2,2.A.123,2.A.13
GH13_31,4.A.1
GH23,3.A.7
GH2,2.A.1,9.B.160,2.A.37
9.B.13,GerE,2.A.7,HTH_1|LysR_substrate,3.D.10,3.D.10,2.A.3,1.A.23,2.A.25,CBM50
9.A.40,GH5_13,2.A.2
3.A.23,3.A.23,3.A.23,3.A.23,GH13_29,4.A.1,LacI|Peripla_BP_3,3.A.3,2.A.56,2.A.56
4.B.1,3.A.1,GH23
2.A.25,3.A.7,2.A.96,1.A.33,2.A.33,HTH_1|LysR_substrate,GH31,2.A.2,GH18,Trans_reg_C,9.B.105,4.A.6,4.A.6,4.A.6
9.B.146,2.A.103,GT28,CE11,3.A.5,NUDIX,3.A.15,3.A.15,9.B.125,GH43_26,2.A.2,2.A.3
GH36,2.A.1,Peripla_BP_1|LacI,8.A.2,1.B.76,Pribosyltran,2.A.53,3.A.1,3.A.1
GT51,1.B.14,3.A.1,3.A.1,3.A.1,2.A.49,1.A.62,3.A.1
1.B.33,GT19
3.A.1,3.A.1,3.A.1,HTH_1|LysR_substrate,2.A.1,GH23
2.A.61,1.B.52,HTH_18,1.B.14,Fer4,9.B.34,2.A.76,3.A.23,Citrate_synt,4.C.1,2.A.1,GH2
2.A.1,Trans_reg_C|Response_reg,PAS|HATPase_c|HisKA,2.A.26,2.A.3,CBM34|GH13_21
GH32,4.A.1,1.B.3
CE9,4.A.1,3.A.1,3.A.1,1.B.25,2.A.1
2.A.3,Trans_reg_C|Response_reg,HATPase_c|HisKA,3.A.3,3.A.3,3.A.3,2.A.17,9.B.211,8.B.24,1.C.1,Citrate_synt,3.D.10,3.D.10,GntR,4.A.2,GH38,2.A.28
AA6,2.A.7,TetR_N,2.A.21,2.A.108,2.A.108,2.A.108
GT2,2.A.1
2.A.66,2.A.1,HTH_1|LysR_substrate,1.B.14,GH3,Pyr_redox_2,1.B.14,TetR_N,3.A.1,3.A.1,3.A.1,Glucokinase,3.A.1,3.A.1,CSD,2.A.85,CSD,GT84|GH94,3.A.1,3.A.1
3.A.1,3.A.1,3.A.1,CBM50
9.B.99,8.A.5,GH18,Nitroreductase,3.A.7
4.A.3,4.A.3,4.A.3,HTH_18|AraC_binding,GH4,CE0,2.A.23
2.A.26,2.A.2,GH43_10,9.B.34,2.A.86,9.B.34
1.A.23,AraC_binding,Glyoxalase,HTH_DeoR|DeoRC,3.A.1,3.A.23,Rhodanese,Peripla_BP_1|LacI,1.B.21,3.A.1,GH65,3.A.1,3.A.1,3.A.1,GH13_18,PspC,9.B.100,3.A.23,3.A.1,3.A.1,3.A.1,3.A.1,3.A.1,EAL,9.B.34
1.B.11,PTS-HPr,GH37,1.E.43,GH23,2.A.36,Pyr_redox,GntR,2.A.34,5.A.2
9.B.158,GH105,2.A.2,3.A.6,3.A.6,CBM67|GH78,2.A.1,HTH_18|AraC_binding,1.B.11,CheZ,Response_reg,CheB_methylest|Response_reg,CheR|CheR_N,1.B.52,1.B.52,2.A.23,CheW,HATPase_c|H-kinase_dim|CheY-binding|CheW,1.A.30,1.A.30,FlhC,FlhD,GT20,3.A.1,3.A.1,3.A.1,2.A.1,2.A.42,HMA,1.A.72,3.A.4
GH13_5,9.B.102,3.A.6,3.A.6,3.A.6,3.A.6,3.A.6,3.A.6,3.A.6,3.A.6
GT4,2.A.66,GT4,2.A.66,9.B.18,GT4,NUDIX,GT2,GT4,GT2,8.A.3,1.B.18,2.A.109,9.B.22,9.B.34,HhH-GPD|AlkA_N,8.A.1,2.A.6,2.A.6,2.A.1,HATPase_c|HisKA,Trans_reg_C|Response_reg,3.A.9,CSD,3.A.1,3.A.1,1.A.8,2.A.124
2.A.113,3.A.1,Response_reg|LytTR,9.B.33,MerR,3.A.1,3.A.1,3.A.1,3.A.1,GH3,9.B.29,9.B.27,1.B.17
2.A.1,IclR|HTH_IclR,1.B.68,NUDIX,Aminotran_1_2,GT2,GT83,2.A.7,2.A.7
1.B.52,HTH_8|Response_reg,HATPase_c|HisKA,2.A.1,Aminotran_1_2,9.B.33,Response_reg|LytTR,HTH_18,4.A.2,4.A.2,4.A.2,Glucokinase,2.A.49,8.A.5,4.A.1,CE9,Mga,2.A.55,2.A.41,HTH_3,HTH_3,HTH_1|LysR_substrate,2.A.28,2.A.121,PALP,8.A.8,8.A.7,4.A.1,PfkB,Aminotran_1_2|GntR,PALP,3.A.1,3.A.1,3.A.1,3.A.1,GntR,2.A.13,2.A.13,9.B.127
1.B.33,ACT,9.B.156,9.A.5,2.A.86,2.A.40,Pribosyltran,GH1
GT51,Rhodanese,4.A.1,GH4,SIS|HTH_6,9.A.41
3.A.23,HATPase_c|HisKA,GH23
1.E.3,GH104
2.A.53,GT4,GT4
GH103,4.A.4,4.A.4,4.A.4,HTH_DeoR|DeoRC,SIS|CBS,3.A.23,Pyr_redox_2,5.A.3,LacI|Peripla_BP_3,4.A.1,GH1,3.D.1,3.D.1,3.D.1,3.D.1,3.D.1,3.D.1
GH102,3.A.7
GT2,CE4|GH153,1.B.55,8.A.4,3.A.1,3.A.1,1.B.18,GT4,CBM50
1.C.113,SIS|HTH_6,GH1
GH23,2.A.1,9.B.120
1.B.52,LacI|Peripla_BP_3,GH2,2.A.3,GH130,GH13_31,3.A.1,3.A.1
3.A.1,3.A.1,3.A.1,3.A.1,3.A.1,2.A.19,SIS|CBS,1.B.42,1.B.42,1.B.42,4.A.2,8.A.8,GT51,PAS|HATPase_c|HisKA|Response_reg,GATase_2,Pyr_redox_2,2.A.39,Glucokinase,2.A.1,GntR,2.A.61,1.A.12
1.B.22,GT51,NUDIX,9.B.65,2.A.21,Trans_reg_C|Response_reg,9.A.8,9.A.8,9.A.8,2.A.8,GH77,GT35,GerE,HTH_DeoR|DeoRC,9.B.104,Rhodanese,GT35,GT5,CBM48|GH13_11,CBM48|GH13_9,2.A.95,2.A.8
3.A.1,3.A.1,3.A.1,3.A.1,3.A.1,3.A.1,3.A.1,3.A.1,3.A.1,3.A.1,4.A.6,4.A.6,4.A.6,Sigma70_r2|Sigma70_r4,3.A.1,3.A.1,3.A.5,3.A.3,2.A.88,2.A.1,2.A.86,HTH_1|LysR_substrate,3.A.1,3.A.1,3.A.1,1.A.26,Pyr_redox_2,2.A.20,9.B.4,2.A.17,Rrf2,Pyr_redox_2,4.A.2,4.A.2,HTH_DeoR|DeoRC,4.A.2,Pyr_redox_2,5.B.3,GH37,GH24,GerE,HTH_1|LysR_substrate,9.B.126,2.A.1,9.B.121,EAL,PfkB,2.A.23,EAL|GGDEF,Aminotran_1_2,2.A.42,3.A.23,3.A.1,3.A.1,3.A.1,3.A.1,3.A.1,2.A.1,5.A.3,9.B.186,Peripla_BP_1|LacI,PfkB,2.A.1
9.B.97,9.B.44,9.B.44,Peripla_BP_3|HTH_18,GH73,GH13_19,Aminotran_1_2,3.D.1,9.B.99,HTH_1|LysR_substrate,8.A.1,9.B.32,8.A.1,9.B.32,4.A.2,2.A.14,GntR,2.A.1
1.A.34,GT2,Aminotran_1_2,GT9,GT9,GT4,GT8,GT8,GT4,GT9,GT30
2.A.27,2.A.40,4.A.2,4.A.2,4.A.2,HTH_11|Mga,GH31,2.A.2
9.B.21,HEM4,TPR_2,2.A.3,GT26,9.B.128,GT56,2.A.66,Aminotran_1_2,GT0,9.B.146,3.A.6,1.I.1
