3.A.11,9.B.146,GT0,3.A.2,3.A.2,3.A.2,3.A.2,3.A.2,Fer4,2.A.14
3.A.5,3.A.16,2.A.47,3.A.1,3.A.1,3.A.1,2.A.37,2.A.37,GT26,3.A.1,Peptidase_M23,9.B.174,3.A.1,3.A.1,3.A.1,3.A.1,3.A.1,3.A.1
3.A.1,3.A.1,3.A.1,3.A.1,GH3,PIG-L,GH20
GT51,3.A.23,2.A.22
3.A.1,3.A.1,3.A.1,3.A.1,3.A.11,1.E.40,GH18
1.A.33,CE14,CE14
GH18,1.A.26,1.A.43,3.A.1,3.A.1
9.B.34,3.A.1,3.A.1,3.A.1,3.A.1,GH26
3.A.1,SIS,CE9,3.A.1,3.A.1
3.A.1,3.A.1,3.A.1,2.A.21,Response_reg|Trans_reg_C,GT28,2.A.7,3.A.1,SBP_bac_3,3.A.1,3.A.1,3.A.1
3.A.1,PfkB,3.A.1,GT4,GT4
GH23,3.A.1,3.A.1
1.B.52,SfsA,HTH_11|Mga,PTS_EIIC,GH1,PTS-HPr,9.A.40
2.A.51,CE4
2.A.38,2.A.38,2.A.38,9.B.67,GT4,2.A.66,3.A.1,3.A.1,3.A.1,3.A.1,3.A.1,3.A.1
GT4,GT51,3.A.25
9.B.146,2.A.103,GT28
3.A.23,4.A.6,4.A.6,4.A.6,SIS,CE9,3.A.1,3.A.1,3.A.1,3.A.1
3.A.1,3.A.1,GH130,GH130
3.A.1,3.A.1,3.A.1,3.A.1,GT81,9.B.20
3.A.12,Rrf2,CBM50
3.D.1,3.D.1,3.D.1,3.D.1,3.D.1,3.D.1,3.D.1,3.D.1,3.D.1,3.D.9,3.D.1,3.D.1,HTH_18,3.A.1,3.A.1,Peripla_BP_2,9.B.143,3.A.1,3.A.1,3.A.1,3.A.1,CE4,TPR_2,GT4,3.A.3,HTH_5,Penicillinase_R,3.A.1
3.A.7,CE1,GT2,9.B.31
9.B.34,GT2,3.A.1,8.A.5
CE4,TPR_1|TPR_2,Glyoxalase,2.A.1
3.A.1,9.B.156,9.B.156,CE4,GH18
CE4,9.B.70,9.B.70,9.B.70,9.B.104
9.B.125,3.A.1,CbiA,3.A.1,3.A.1,3.A.1,SIS,CE9,4.A.6,4.A.6,4.A.6,4.A.6
3.A.1,3.A.1,Sigma70_r2|Sigma70_r4,3.A.1,CBS,4.A.1,3.A.1,3.A.1,3.A.12,3.A.1,3.A.1,2.A.5,CBM50|GH18
GT51,9.B.151,CBM50,9.B.34,9.A.8,FeoA,HATPase_c|GAF,Response_reg|GerE,9.B.27,HD,8.A.59
CE4,2.A.81,3.A.1,3.A.1,3.A.1,3.B.1,MerR,AAA,TetR_N,4.C.1,3.A.1,3.A.1,3.A.1,3.A.1
2.A.6,2.A.6,HD,SpoIIE,4.A.1,GH4,9.A.11,2.A.115
GT4,GT4,9.B.18,9.B.42,3.A.1,3.A.1
GT2,3.A.9,3.A.1,3.A.1
