2.A.1,TetR_N,AA3_2
1.A.22,SpoIIE|HATPase_c,GerE,CBM13
GH3,CBM67|GH78,3.A.1,3.A.1,3.A.1
GH16_3,Whib,3.D.2,3.D.2,CBM13|GH62
3.A.1,3.A.1,3.A.1,3.A.1,CBM32|GH64,TetR_N,2.A.1,2.A.1,HxlR,GH10|CBM13|GH62,GH43_10|CBM13,GH141|CBM13,GH29
GH141,GntR,TetR_N,9.B.106,2.A.1,Glyoxalase,4.C.1
GH141,3.A.3
3.A.1,2.A.7,GH3,LacI|Peripla_BP_3,3.A.1,3.A.1,3.A.1,DctP,9.B.169,9.B.126
3.A.1,2.A.5,Penicillinase_R,Sigma70_r2|Sigma70_r4_2,CE4
2.A.1,CBM2|GH6,CBM2|GH48,GH12|CBM2,LacI|Peripla_BP_3,CBM63
2.A.108,2.A.108,NUDIX,CE1|CBM2,GH27|CBM13,GH43_36,GH10|GH62,LacI|Peripla_BP_3,GH127,3.A.1,3.A.1,CBM13
1.B.79,GH43_20|CBM42
8.A.5,HTH_3,SpoIIE,2.A.6,Pyr_redox_2,2.A.52,GH65
3.A.1,MarR,GT1,TetR_N,GH5_43,GT2
CBM13,PSK_trans_fac,Sigma70_r2|Sigma70_r4_2,3.D.4,CBM4|GH9,SpoIIE|PAS|GAF,2.A.45,CBM13,AraC_binding|HTH_18,8.A.5
GH145,3.A.1,3.A.1,3.A.1,3.A.1
GH35,GH35,LacI|Peripla_BP_3,GntR|Aminotran_1_2,2.A.7,CBM13|GH55,CBM13|GH19,GntR,GH29,CE14
GT4,2.A.7,GH23|CBM50
GT2,2.A.66,PIG-L,GT4,9.B.102,PL12_3,GT4,9.B.18,3.A.1,GH59,2.A.53
3.A.1,3.A.1,Peripla_BP_1,PfkB,GntR,GH15,GT4,9.B.18,GT0,CbiA,9.B.18,TetR_C|TetR_N,NUDIX,2.A.1,2.A.102,Whib,1.A.1
3.A.1,GT2,2.A.4
2.A.7,9.A.36,CBM32,2.A.1,HTH_IclR,3.A.1,3.A.1,SBP_bac_1,GH18,SBP_bac_3,3.A.1,3.A.1,3.A.1,GH87,GH13_30,3.A.1,3.A.1,3.A.1
CBM16,GH29,GH38,GH4,DeoRC|HTH_DeoR,PfkB,SBP_bac_1,3.A.1,3.A.1,GH2,4.C.1
2.A.6,GH16_3|CBM6,2.A.1
GT4,4.F.1,3.A.1
2.A.28,LysR_substrate|HTH_1,HTH_IclR|AsnC_trans_reg,2.A.1,4.C.1,CBM35,GH27,GH29|CBM32,GH105,CBM2|GH6,CBM2|GH48,GH74|GH74|GH74|CBM2
3.A.3,HTH_5,GH2|GH2
GH46,2.A.40,9.B.35
CBM2,GH30_4|CBM13,SBP_bac_1,3.A.1,3.A.1,GH2,3.A.1
3.A.1,2.A.6,GT1,SBP_bac_1,3.A.1,3.A.1
GH84,SIS|HTH_6,GH38,SBP_bac_1,3.A.1,3.A.1,GH3,GH5_18,GH3
3.A.1,3.A.1,SBP_bac_1,GH2,LacI|Peripla_BP_3,2.A.3,3.A.1,3.A.1,3.A.1,HTH_IclR,3.A.1,3.A.1,3.A.1,CBM32|GH92,GH67,SBP_bac_1,3.A.1,3.A.1,CE7,AA10|CBM2
3.A.1,NUDIX,GH0
GH31,GH12,GH95,GH42,GH74,3.A.1,3.A.1,SBP_bac_1,GH3
3.B.1,PL8,CBM11|GH3
GT2,GH26,1.B.76
2.A.1,GH93,GH42,3.A.1,3.A.1,SBP_bac_1,GH25,GntR,3.A.1
CBM48|GH13_11,Response_reg|GerE,HATPase_c,3.A.1,3.A.1,3.A.1,3.A.1,3.A.1,1.B.77,GT35,GH13_3,GH13_16,CBM48|GH13_9
CBM2|GH18,3.A.2,3.A.2,3.A.2,1.A.77,9.B.146
GH3,3.A.1,3.A.1,3.A.1,GntR,2.A.21
2.A.1,3.A.25,GH135,GT4,3.A.1,3.A.1,3.A.1,3.A.1
1.I.1,2.A.95,2.A.1,1.A.35,CBS,3.A.1,GT2,2.A.64
3.A.1,3.A.1,CE14,3.A.1,3.A.1,3.A.1,3.A.1,3.A.1,3.A.1,3.A.1,3.A.1,3.A.1,3.A.1,3.A.1,3.D.10
GT51,PadR,3.A.1,2.A.86
9.A.47,CbiA|Response_reg,CBM16|GH18,2.A.55
1.C.113,2.A.1,TetR_N,TPR_2,CE14,3.A.1,3.A.1
GT2,TetR_C|TetR_N,2.A.76
GH20,3.D.10,3.D.10
2.A.7,GntR|Aminotran_1_2,3.A.1,3.A.1,AA3
9.B.145,GT2,GT83,GH26,GT2
2.A.7,CBM12,3.A.1
3.A.1,3.A.1,3.A.1,GH53
CE4|GT2,GH18|CBM2,1.A.87
3.A.9,TPR_1|BTAD|Trans_reg_C,GT2,TetR_N,2.A.1
3.A.1,GT76,3.A.9
1.I.1,SpoIIE|PAS|GAF,CE4
GH15,2.A.1,2.A.6,CBM35|PL9_1
GH13_30,HTH_5,2.A.52
3.D.1,GH0,HTH_3,9.B.106
2.A.1,PadR,GT51
2.A.1,TetR_N,Response_reg|PAS,GH26|CBM23
GT2,GT83,2.A.1,TetR_C|TetR_N,2.A.1
CBM51,TetR_N,Pyr_redox_2,SpoIIE,2.A.1
GH23,9.B.105,3.A.1,3.A.1,3.A.1,3.A.1,2.A.20
9.B.34,CBM35,PfkB,CE9,SBP_bac_1,GT20,GT81
3.A.3,HTH_6,2.A.40,MarR,8.A.5,GH5_1|CBM2
3.A.1,3.A.1,GT39
9.B.106,GH23|CBM50
GT2,3.A.1,3.A.1,SBP_bac_1,FHA,9.B.106,9.B.106,3.A.1,9.B.174
GH31,3.A.1,3.A.1,SBP_bac_1,LysR_substrate|HTH_1,CE4|GT2,CBM13,2.A.1
2.A.7,GT51,3.A.1,2.A.1
GH6,AA5,GT2,AA10,HTH_IclR|IclR,3.A.1,3.A.1,3.A.1
3.A.1,3.A.1,3.A.1,GH36,GH1,3.A.1,3.A.1,3.A.1
GT83,3.A.1,GH3,EPSP_synthase,2.A.1
GH0,8.A.3,GT4,2.A.66,9.B.18,GT4
GH4,3.A.1,3.A.1,3.A.1,MarR,1.A.23,3.A.1,PadR,GH77
1.A.11,HTH_3,2.A.1,GH1,2.A.6
3.A.1,3.A.1,8.A.5,TetR_N,2.A.1,Aminotran_1_2,2.A.1,LysR_substrate|HTH_1,3.A.3,2.A.1,GH0,GH63,4.A.2
3.A.1,3.A.1,HisKA|HATPase_c,SBP_bac_3,3.A.1,3.A.1,HATPase_c|PAS,HTH_IclR|Response_reg,2.A.28,9.B.27,CE4,GT28
3.A.1,3.A.1,3.A.1,LacI|Peripla_BP_3,3.A.1,3.A.1,3.A.1,3.A.1,GH141,MarR,2.A.121,LysR_substrate|HTH_1,TetR_N,GH3
2.A.106,2.A.1,2.A.1,GT87
GT4,GH0,9.B.179,2.A.1,2.A.1
GH51,GH54|CBM13,LacI|Peripla_BP_3,Peripla_BP_1,3.A.1,3.A.1,8.A.5,3.A.1
2.A.7,LysR_substrate|HTH_1,LacI|Peripla_BP_3,3.A.1,3.A.1,3.A.1,GH13_30,GH13_32,GH13_13|CBM41|CBM41|GH13_13
GH114,9.B.111
2.A.66,GT4,4.C.1
9.B.146,Pyr_redox,2.A.103,GT28
2.A.89,GATase_2,Pyr_redox_2,MarR,2.A.1,GH35
3.A.1,3.A.1,3.A.1,3.A.1,3.A.1,3.D.1,GH23
3.A.1,HTH_5,3.A.1,CBM42,2.A.7
3.A.1,3.A.1,3.A.1,LacI|Peripla_BP_3,PfkB,GH32|CBM38|CBM38,LacI|Peripla_BP_3,TetR_N,3.A.1,3.A.1,3.A.1,DeoRC|HTH_DeoR,2.A.1,GntR,3.A.1,3.A.1,3.A.1,CE12,PL1_6,CE8,CE8,PL9_3,GH43_22|GH43_34,Sigma70_r2|Sigma70_r4_2,2.A.40,HTH_IclR|IclR,2.A.1
GH15,2.A.89
3.A.1,3.A.1,3.A.1,1.C.109,GT4,HTH_8,GH15,CbiA,NUDIX,3.D.2
GH0,CE4,GT2,GT2,9.B.106,2.A.113,TPR_2,Sigma70_r2|Sigma70_r4_2,3.A.1,3.A.1
CBM32,4.C.1,TetR_N,9.B.51,Trans_reg_C|Response_reg,HisKA|HATPase_c,NUDIX,2.A.7,2.A.3,2.A.8
2.A.7,GntR|Aminotran_1_2,GH51
3.A.1,3.A.1,3.A.1,PL26
1.A.1,4.F.1,GT4
3.A.1,2.A.1,GH6,2.A.1,MarR,4.B.1,9.A.40,9.A.40,3.A.24,TetR_N,GH18
GT2,2.A.1,2.A.115,GntR|Aminotran_1_2,GT4,GT4,2.A.1
1.A.8,NUDIX,GH31,8.A.7,4.A.1
3.A.1,3.A.1,3.A.1,GH10
CBM13,2.A.7,AraC_binding|HTH_3,HTH_6,2.A.4,HTH_5,2.A.3
GH43_24|CBM13,GH29|CBM32|CBM13,GntR,8.A.5
3.A.1,3.A.1,Peripla_BP_1,GH29|CBM32|CBM13
AA3_2,3.A.1,3.A.1
GH39|CBM35,LacI|Peripla_BP_3,SBP_bac_1,3.A.1,3.A.1,GH63,HATPase_c,TPR_4,1.I.1
GH152|GH128,BTAD|Trans_reg_C|TPR_2,YL1,2.A.1,2.A.7
GT4,MerR,Aminotran_1_2,3.B.1,GH0,GH13,2.A.1
PL3_4,PL1_9,CE1|CBM2,HTH_5,2.A.40
2.A.85,MarR,GH39|CBM35
2.A.1,HTH_18,2.A.8,9.B.106,Pkinase,3.A.1,LacI|Peripla_BP_3,2.A.6,8.A.5,HTH_18,B12-binding,LacI|Peripla_BP_3,GH5,3.A.1,3.A.1,3.A.1,3.A.1,3.A.1,GntR,2.A.1,GH106
3.A.3,GH15
3.A.24,GT2
1.A.8,LacI|Peripla_BP_3,SBP_bac_1,3.A.1,3.A.1,CBM67|GH78,GH43_5|CBM13,MarR,Glyoxalase,3.A.1,3.A.1,3.A.1,GH1,ANTAR,GH42,3.A.1,3.A.1,SBP_bac_1,LacI|Peripla_BP_3,1.E.43
GH42,TrmB,1.A.43,1.A.43,GntR,2.A.3
GH15,9.B.106,4.C.1,4.C.1
GH27|CBM35,GH95,GerE,2.A.21
CBM48|GH13_9,GH13_16,GH13_3,CBM48|GH13_11,ANTAR,Sigma70_r2|Sigma70_r4|Sigma70_r3,MarR,3.A.1,2.A.1
GH32,3.A.1,3.A.1
3.A.1,ANTAR,HTH_18,CE5,4.C.1,3.B.1,2.A.21,GH53,GH38,3.A.1,3.A.1,SBP_bac_1,MarR,2.A.6
8.A.5,GH16,SpoIIE|Response_reg,HisKA|HATPase_c|CHASE3,Response_reg,GH46,SpoIIE|PAS|GAF,2.A.109
GH2,LacI|Peripla_BP_3,GH5_4|CBM46,GH43_12,GH36,TetR_N,8.A.5
GH141|CBM13,GH141|CBM13,8.A.5
3.A.1,3.A.1,SBP_bac_1,GntR,Sigma70_r2|Sigma70_r4_2,GT2,GT76,Rrf2,CBM35|CBM35,3.A.1,3.A.1,SBP_bac_1,MarR,CE1,GH95,CBM13
3.A.1,3.A.1,GH43_18,GH136|CBM16|CBM16,GH29|CBM13,GT2,HATPase_c|NIT,GH30_8
3.A.1,3.A.1,3.A.1,CBM13|CBM32|CBM6
GH93|CBM13,8.A.5
GH39|CBM35|CBM35|CBM13,GH63,3.A.1,3.A.1
CBM32|CBM32|CBM32|GH2,3.A.1,3.A.1
2.A.6,3.A.1,3.A.1,SBP_bac_1,GH2
