GT2,GH1,8.A.5
GT2,4.A.5
GH31,2.A.2
2.A.3,HTH_6|SIS,3.A.23,4.A.6,4.A.6,4.A.6,4.A.6,SIS,3.D.1,2.A.41,2.A.40,HTH_IclR,Glycos_trans_3N,2.A.1,GH43_26
GT4,GT4,Nitroreductase,PfkB,4.A.3
2.A.1,3.A.1,3.A.1,3.A.1,GntR,4.A.3,4.A.3,GH1,HTH_6|SIS,Pyr_redox_2,2.A.3,cNMP_binding,2.A.118,3.A.1,3.A.1,3.A.1,Pribosyltran,TetR_N,3.A.1
GT8|GT8,Pyr_redox_2,2.A.1
AA10,PfkB,2.A.16,8.A.3,8.A.3,9.B.18,GT4,GT4,GT2,GT32
4.A.2,Penicillinase_R,3.A.3,2.A.3,GH25,1.I.1,3.A.9,PTS-HPr,8.A.7,GT4,GT4,2.A.1
GH23,GH113,GH25,2.A.21,GH3,4.A.3,GH1,GH123,4.A.2,4.A.2,Peripla_BP_3|GntR,2.A.1,3.D.2,PALP,2.A.3,2.A.67,AraC_binding|HTH_18,GH78,GH29,4.A.3,GH18,HTH_DeoR|DeoRC,2.A.1
2.A.1,4.A.2,4.A.2,GH38,HTH_6|SIS,GH1,HTH_18,2.A.1,4.A.6,4.A.6,4.A.6,4.A.6,GntR,4.A.3,GH38,GH125,4.A.7,HTH_11|Mga,LacI|Peripla_BP_3,2.A.2,GH2,HTH_3,2.A.3,8.A.5,cNMP_binding,Arg_repressor,GT51
2.A.1,GH78,2.A.9
1.A.33,9.A.24,3.A.1,HTH_1|LysR_substrate,2.A.1,Pyr_redox,2.A.88,AraC_binding|HTH_18,2.A.3,GH2
GH1,4.A.1,2.A.3,9.B.174
CBM50,4.A.2,PfkB,HTH_DeoR|DeoRC,Pribosyltran,3.A.7
9.A.4,GT28,9.B.146,3.A.12,2.A.86,9.B.158,1.A.26
2.A.8,HTH_6|SIS,GT4,3.A.5,3.A.5,3.A.5
1.E.19,GH25
4.A.6,3.A.23,4.A.6,4.A.6,4.A.6,3.A.3,GT26,GntR,CE9,2.A.17,3.A.16
2.A.50,4.C.1,3.A.1,2.A.87,MerR,2.A.1,GT2,3.A.1,3.A.1,GT2,GT2
GH31,2.A.2,2.A.1,2.A.15,Pyr_redox_2,EAL,2.A.7,MarR,3.A.1,2.A.40,3.A.1,3.A.3,3.A.1,3.A.1,3.A.1,3.A.1,3.A.1
3.A.1,3.A.1,MerR,AraC_binding,HTH_1|LysR_substrate,2.A.7,PfkB,LacI|Peripla_BP_3,2.A.55,GT2|GT2,GT2
3.A.1,3.A.1,9.B.27,9.B.97,3.A.1,3.A.1,HhH-GPD,EAL,GH43_11,2.A.2,AraC_binding|HTH_18,HTH_IclR,2.A.1,CE9,SIS,GntR,4.A.6,4.A.6,2.A.88
4.A.3,GH1,GntR,9.B.74
2.A.2,GT4,GT26,9.B.18,GT0,9.B.160,2.A.21
9.B.124,GH29,4.A.3,LacI|Peripla_BP_1,2.A.7,1.A.22,PadR,3.A.1
