GH35,4.A.6,4.A.6,4.A.6,4.A.6
2.A.115,LacI|Peripla_BP_1,3.A.1,3.A.1,3.A.1,GH77,GT35,GT51,2.A.7
2.A.66,CBM50,MarR,CE9,3.A.14,3.A.14,3.A.14
9.B.146,GntR,4.A.1,GH13_29
3.A.5,CE7,SBP_bac_1,3.A.1,3.A.1,9.B.28
3.A.1,3.A.1,Peripla_BP_2,3.A.3,GT2
3.A.7,GT0,GT2,GH8,3.D.1
CE4,8.A.5
3.D.2,3.A.11,3.A.11,3.A.1,1.A.33,Glyoxalase,GH73
2.A.103,3.A.1,3.A.1,3.A.1,Sigma70_r3|Sigma70_r4|Sigma70_r2,GT4,GT4
3.A.2,3.A.2,3.A.2,2.A.86,TPR_1,3.A.1,3.A.1,3.A.1,GH25
4.A.3,4.A.3,GH1,HTH_DeoR|DeoRC,PTS-HPr,8.A.7,3.A.1
GH23,2.A.1,3.A.1
GH1,4.A.3,4.A.3,GH13_18,GntR,3.A.1,CBM34|GH13_20
GT5,CBM48|GH13_9,GH13_14,HTH_3,3.A.1,1.A.1,2.A.21
3.A.1,3.A.1,ACT,2.A.66,1.C.57,GT2
GH13_5,3.A.1,3.A.1,3.A.1,3.A.1,Aminotran_1_2|GntR,3.A.1,3.A.1,3.A.1,3.A.1,3.A.1
2.A.103,3.A.1,3.A.1,3.A.9,NUDIX,1.I.1,4.A.1,3.A.1,CBS,3.A.1,3.A.1,3.A.1,3.A.1,3.A.1,Pribosyltran,3.A.11,TetR_N,Pyr_redox_2,NUDIX,MerR,2.A.22,3.A.1,Glyoxalase,3.A.3,Penicillinase_R,PfkB,PfkB,2.A.88,3.A.1,3.A.1,3.A.1,3.A.1,3.A.1,3.A.1,3.A.1,Pribosyltran,GT28,3.A.1
GH73,3.A.1
CE1,3.A.1,3.A.1,3.A.1,3.A.1
4.A.1,GH32,Peripla_BP_3|LacI,2.A.6,2.A.79,9.B.106,SpoIIE,3.A.11
GT8,GT4,3.A.5,3.A.5,3.A.5,3.A.5,GT8,GT8
GT51,3.A.1,Pyr_redox,2.A.66,GT2,GT4,GT111,9.B.18,8.A.3,8.A.3,3.A.1,3.A.1,GH13_31,3.A.9
CBM41|CBM41|GH13_12,3.A.1,3.A.1,3.A.1,SIS,2.A.7,GH1
9.B.124,9.B.18,GT2,2.A.1
3.A.1,3.A.1,GH20,GH38,GH125,GH92,GH29,3.A.1,3.A.1,3.A.1,MarR,2.A.50,4.C.1,1.A.8
