3.A.1,PadR,1.A.22,2.A.7,LacI|Peripla_BP_1,4.A.3,GH29,9.B.124
2.A.21,9.B.160,GT0,9.B.18,GT26,GT4,2.A.2
9.B.74,GntR,GH1,4.A.3
2.A.88,4.A.6,4.A.6,4.A.6,GntR,SIS,CE9
GT2,GT2|GT2,2.A.55,LacI|Peripla_BP_3,PfkB,2.A.7
3.A.1,3.A.1,3.A.1,3.A.1,3.A.1,3.A.3,3.A.1,2.A.40,3.A.1,MarR,2.A.7,EAL,Pyr_redox_2,2.A.15,2.A.1,2.A.2,GH31
GT2,3.A.1,3.A.1,GT4,2.A.1,MerR,2.A.87,3.A.1,4.C.1,2.A.50
3.A.16,2.A.17,CE9,GntR,GT26,3.A.3,4.A.6,4.A.6,4.A.6,3.A.23,4.A.6
3.A.5,3.A.5,GT4,HTH_6|SIS,2.A.8
9.B.146,GT28,9.A.4
3.A.7,Pribosyltran,HTH_DeoR|DeoRC,PfkB,4.A.2,CBM50
1.A.33,9.A.24,3.A.1,HTH_1|LysR_substrate,2.A.1,Pyr_redox,2.A.88,HTH_18|AraC_binding,2.A.3,GH2
GH1,4.A.1,2.A.3,9.B.174
2.A.9,GH78
GT51,Arg_repressor,cNMP_binding,8.A.5
2.A.3,HTH_3,GH2,2.A.2,LacI|Peripla_BP_3,HTH_11|Mga,4.A.7,GH125,GH38,4.A.3,GntR,4.A.6,4.A.6,4.A.6,4.A.6,2.A.1,HTH_18,4.A.7,HTH_11,GH1,HTH_6|SIS,GH38,4.A.2,4.A.2,2.A.1,HTH_18|AraC_binding,HTH_7,GH78,HTH_18|AraC_binding,2.A.67,2.A.3,PALP,3.D.2,2.A.1
GH123,GH1,GH3,2.A.21
4.A.1,GntR,GH13_29
2.A.1,GT4,GT4,8.A.7,PTS-HPr,3.A.9,1.I.1,GH25,2.A.3
GH1,4.A.3,GH63,GT14,2.A.66,Pyr_redox,GT2,GT111,9.B.18,8.A.3,8.A.3,2.A.16,PfkB,AA10
GT8|GT8,2.A.1
GH1,4.A.3
2.A.69,2.A.98,HTH_1|LysR_substrate,GT2,GH126,2.A.40,1.A.1,1.A.8,Pribosyltran,3.A.1,3.A.1,3.A.1
3.A.1,3.A.1,3.A.1,2.A.118,cNMP_binding,2.A.3,Pyr_redox_2,HTH_6|SIS,GH1,4.A.3,4.A.3,GntR,3.A.1,3.A.1,3.A.1,2.A.1
4.A.3,PfkB,Nitroreductase,GT4,GT4,GT8|GT8,HTH_5,GH43_26,2.A.1,Glycos_trans_3N,HTH_IclR,2.A.40,2.A.41,3.D.1,SIS,4.A.6,4.A.6,4.A.6,4.A.6,HTH_6|SIS,2.A.3,HTH_18,MarR,2.A.2,GH31
4.A.5,GT2
8.A.5,GH1,GT2
