2.A.122,1.E.14,LytTR|Response_reg,9.B.33,CbiA,GH13_28,GH13_28,1.A.23,3.A.1
CBM41|CBM41|GH13_12,GH13_31,3.A.1
3.A.14,Peptidase_M23,GT51,3.A.1,3.A.1,MarR,3.A.1,3.A.1,3.D.4,3.D.4
4.A.1,GH13_29
GT51,1.C.12,4.A.7,4.A.7,4.A.7
1.A.8,Glyoxalase,Peripla_BP_3|LacI,3.A.1,3.A.1,3.A.1,GH13_21,3.A.7
3.A.7,3.A.11,Peripla_BP_3|LacI,GH32,4.A.1,3.A.5,GH73,8.A.43,3.A.1,3.A.1,3.A.1,3.A.1,3.A.1,3.A.1,3.A.1,3.A.1,8.A.5
8.A.7,2.A.7,GH73,HTH_11,1.A.33
3.A.3,HMA,DeoRC|HTH_DeoR,4.A.5,PfkB,1.A.62,TetR_N,2.A.58,CE9
9.B.146,3.A.18,SBP_bac_3,3.A.1,3.A.1,Pyr_redox_2,2.A.3,GT51
4.C.1,GH38,GH125,Peripla_BP_3|GntR,GH84,GH1,GH92,3.A.1,3.A.1,SBP_bac_1,8.A.59,Response_reg|HTH_18,GH2
3.A.3,Peripla_BP_1|Peripla_BP_3|LacI,PL12_1,4.A.6,4.A.6,4.A.6,GH88,4.A.6,PfkB,PL8_1
3.A.1,GntR,SIS,GntR,GH35,4.A.6,4.A.6,4.A.6,4.A.6
1.C.61,Nitroreductase,3.A.1,3.A.1,3.A.1,2.A.88,CBM41|CBM48|GH13_14,CBM48|GH13_9,GT5,3.A.2,3.A.2,3.A.2,3.A.2
3.A.1,Aminotran_1_2,3.A.1,1.A.22,Sigma70_r3|Sigma70_r4|Sigma70_r2,GT4,GT2,3.A.1,GT2,GT0,GT2,GT4
4.A.2,GH73,GH73,3.A.1,3.A.1,3.A.1,3.A.1,3.A.1
3.A.4,Pyr_redox_2|Rhodanese,3.A.1,3.A.1,3.A.3,HTH_5,1.E.19,GH73,2.A.77,HTH_5,HMA,3.A.3,HTH_5,3.A.3
GH23,3.A.1,3.A.1
3.A.1,3.A.1,Trans_reg_C|Response_reg,HisKA|HATPase_c,GH73,3.A.1,3.A.1,3.A.1,3.A.1,3.A.1,3.A.1,Sigma70_r4_2,2.A.37,GntR,Sigma70_r4,3.A.5
3.A.1,CE1,3.A.1,3.A.1,3.A.1
2.A.16,Rhodanese,GT35,GH77,Peripla_BP_3|LacI,3.A.1,3.A.1,3.A.1,LacI,CBM34|GH13_20,3.A.1,2.A.50,4.C.1,3.A.1,3.A.1
9.B.126,CBS|GntR,GH3
GH2,2.A.2,EPSP_synthase,8.A.43
CE4,8.A.7,PTS-HPr,9.B.2
GH73,1.E.11,PL0
3.A.1,GT2
2.A.103,GH25,2.A.88,9.B.55
GH73,1.A.11
3.A.1,GT4,GT4,GH13_5,Peripla_BP_3|LacI,Nitroreductase,Glyoxalase,GT2
