9.B.146,2.A.103,GT28,CE11,1.A.34,3.A.5,NUDIX,3.A.15,3.A.15,3.A.15
1.A.30,1.A.30,2.A.22,2.A.35,GH23,9.A.40,9.B.14,3.A.5,2.A.7,4.C.1,2.A.6,2.A.6
2.A.17,1.B.18,9.B.146,NUDIX,9.B.18,GT2,GT4,GT26
CBM50,Sigma70_r3|Sigma70_r4|Sigma70_r2,3.A.1,3.A.1,3.A.1,3.A.1,3.A.1,3.A.23,9.B.100
3.A.23,GH13_2,GH13_2,1.B.14,CBM41|GH13_13,2.A.47,2.A.102,1.B.14,1.A.30,1.A.30
GH23,9.A.4,3.A.15,3.A.15,2.A.69
1.A.23,CBM6
GH103,1.B.71,AA3_2,TetR_N,3.A.1,3.A.23,HATPase_c|PAS,Trans_reg_C,3.A.1,1.A.33,cNMP_binding,9.B.34,3.A.1,TetR_N,8.A.59,LytTR|Response_reg,GH16_3,1.B.14,2.A.1,GH3,1.I.1,3.D.1,1.E.43
1.A.11,3.A.1,GH73,1.B.10,9.B.34,cNMP_binding|Crp,5.A.1,3.A.3,3.D.4,3.D.4,3.D.4,2.A.76,2.A.66
2.A.56,DctP,GH77,GH13_11,GT35,CBM48|GH13_9,GT5
1.B.52,NUDIX,GH13_38,GH31,2.A.6,2.A.4,2.A.25
1.A.30,9.B.34,8.A.59,2.A.49,Aminotran_1_2,1.A.12,3.D.3,3.D.3,GH73,9.B.160,EPSP_synthase,STAS,3.A.1,3.A.1,3.A.1,3.A.1,2.A.19,CBS|SIS,1.B.42,4.A.2,PTS-HPr,1.A.26
9.A.5,3.A.1,3.A.1,CBM50,1.A.16,3.A.7
9.B.104,Rhodanese,Aminotran_1_2,AsnC_trans_reg|HTH_11,GT30,NUDIX,GT9
1.A.23,9.B.34,SBP_bac_3,LysR_substrate|HTH_1,3.A.7,1.I.1,1.I.1,4.C.1,3.A.11,CBM50,2.A.38,2.A.38,GH23
9.B.176,AA2
1.A.23,GH73,Sigma70_r4_2|Sigma70_r2,1.B.6
1.I.1,CSD,9.B.18,Aminotran_1_2,9.B.18,GT4,GT4,GT4,1.B.14
GT51,3.A.11,1.B.22
1.B.14,2.A.6,HATPase_c,3.A.23,9.B.42,1.B.66,8.A.3,9.B.18,GT2,GT4,CE4,GT4,GT2
9.B.34,GH13_18,GT81
9.B.34,1.B.14,GT51
2.A.7,GAF|FHA,9.B.106,HATPase_c,GerE|Response_reg,4.C.1,HTH_18,9.B.164,AA3_2
9.B.14,PL17_2|PL17,GntR,1.B.14
PL6|PL6_1,PL17_2|PL17,AraC_binding,2.A.1
3.A.5,2.A.6,2.A.6,2.A.7,GH63,1.B.14,2.A.35,GH2,GntR,Pyr_redox_2,2.A.21
AA3_2,2.A.66,9.B.105
3.A.15,1.B.33,3.A.9,CBM5
2.A.6,2.A.6,TPR_1,1.B.14,2.A.15,MarR,2.A.55,MarR,8.A.1,TetR_N,GH3,2.A.47,5.A.2,2.A.34,HD,2.A.7
2.A.2,GH13_18
GH13,GH77,GT35,Peripla_BP_3|LacI,2.A.2,2.A.1
1.B.33,GT19,2.A.23
2.A.1,1.I.1,AraC_binding,2.A.39,CE4,GntR,2.A.39,1.B.14,1.B.14,FecR,Sigma70_r4_2,2.A.21,9.B.153
9.B.35,CE4,2.A.40,9.B.43,TetR_N,GntR,3.A.5,1.A.46
