GH73,2.A.21
2.A.1,GH33,GntR,GH33,GH33,1.B.14,1.B.14,2.A.1
GH31,GH95,GH154,GH88,2.A.1,LacI|Peripla_BP_3,Response_reg|LytTR,8.A.59
CE9,1.B.14
8.A.46,1.B.14,GH76,GH29|CBM32,GH95
9.B.146,3.A.1,GT2,GH99,GT2,GT8,GT32,GT14,GT14,GT2,GT4,GT4,3.A.1,8.A.3,1.A.46,GH25,2.A.109
1.B.16,GT19
8.A.3,GH2,GH144,GH3
GH163,GT2,HTH_18,HTH_18|HTH_6,HTH_18,3.A.3
8.A.5,GT1,1.B.14,1.B.6,GH144
1.A.23,GT20
GT2,2.A.17,2.A.17,2.A.17
1.C.105,GH31,PfkB,3.A.1,3.A.1
1.B.14,CBM32,Sigma70_r4_2|Sigma70_r2,2.A.7,GH16_3,8.A.46
2.A.1,HTH_18|AraC_binding,2.A.33,CBS,GT0,GT4,2.A.6
1.B.33,2.A.1,GH0,9.A.25
9.B.62,GH29,9.B.126,2.A.6,8.A.1,2.A.6
2.A.1,1.B.23,GH125
GT28,2.A.103,9.B.146
2.A.2,GH65,GH13,1.B.14,GH13,LacI|Peripla_BP_3,2.A.21,GH29,1.B.14,MarR,1.B.14,GH92,Peripla_BP_1|LacI|Peripla_BP_3,5.A.3,3.D.4,3.D.4
1.B.14,GH30_3,GT51
2.A.1,GT2,2.A.7
GH2,1.B.42,2.A.37,2.A.37
2.A.6,2.A.6,GH109,9.A.25,1.B.14,8.A.46,GH20
3.A.5,3.D.9,3.D.1,GT4
1.C.82,9.B.20,PfkB,GH33,GH20
1.B.14,GT5,2.A.1,GT51,GT4
GT2,GT4,GT32,GT4,GT9,3.D.1,3.D.1,3.D.1,3.D.1,3.D.9,Fer4,3.D.1,3.A.1,3.A.1
GH116,cNMP_binding|Crp,3.A.1
1.B.14,GT4,GT4,1.B.79,1.B.79,2.A.86
1.B.14,GH109,GH2|CBM32
3.A.9,3.A.1,PAS|HisKA|HATPase_c,cNMP_binding|Response_reg|Crp,3.A.3,2.A.6,2.A.6,GH23,3.D.4
9.B.102,9.B.102,Rhodanese,cNMP_binding|Crp,2.A.6,2.A.6,3.A.1,3.A.1,3.A.1,2.A.53,3.A.1,GT4,GH130
GH29|CBM32,CBM32,1.B.14,GH29,Pyr_redox_2,2.A.1
GH43_34,HTH_18|AraC_binding,1.A.11,2.A.102,GH123,GH92,1.B.14,9.B.196
CBM32,1.B.14,8.A.46,1.B.14
8.A.28,GT2,GT2,GH31,CBM48|GH13_9,GT5,2.A.7,AsnC_trans_reg|MarR,1.B.14,CE4
GH92,2.A.23
8.A.46,CE7,PHY|HisKA|GAF|HATPase_c,3.A.1,2.A.36,CE9,LacI,GH20,2.A.1,LacI|Peripla_BP_3,1.B.14,8.A.46
GT51,3.A.1,1.B.14,8.A.46,1.B.14,8.A.46,1.B.14
3.A.1,CE11
3.A.1,9.B.18,TPR_2,GH20,TPR_1|TPR_2|HATPase_c,GerE|Response_reg,1.B.14
2.A.15,Sigma70_r4_2|Sigma70_r2,2.A.21,GH43_33
9.B.174,GT2
