AA3_2,3.A.1,3.A.1,3.A.1,2.A.1,2.A.1,2.A.1,Pyr_redox_2,9.B.102,9.B.102
2.A.1,CBM5,GntR,1.A.26
3.A.1,GT51
AA2,FUR,GH13_30,3.A.1,3.A.1,3.A.1
2.A.86,CE14,1.C.113
2.A.47,SBP_bac_5,3.A.1,3.A.1,3.A.1,CE14
GT76,CE4,3.A.1,1.A.26,1.I.1
3.A.1,1.A.23,GH15,AAA,2.A.1
GT4,2.A.63,2.A.63,2.A.63,2.A.108,2.A.108,2.A.108
3.A.1,3.A.1,4.C.1,3.A.1,3.A.1,3.A.1,3.A.1,GT4,2.A.1,EAL,Peripla_BP_2,3.A.1,3.A.1,3.A.1
GT2,3.A.5,2.A.64
GT28,2.A.103,9.B.146
GT4,1.B.50,1.C.109,AA3_2,2.A.15
GT4,3.A.1,2.A.88
3.A.18,3.A.1,3.A.1,3.A.1,3.A.1,HTH_3|TetR_N,GT2,GT4,4.D.1,GT4,GT2,1.A.35
2.A.1,9.B.106,GT20,Peripla_BP_3|LacI,Peripla_BP_3|LacI,3.A.1,2.A.3,2.A.22,Glyoxalase,2.A.3
2.A.7,LysR_substrate|HTH_1,2.A.28,GT4
2.A.3,3.A.1,GH13_30,3.A.1,3.A.1
2.A.21,GntR,8.A.5,3.A.1,GT4,GT4,GT1
3.A.1,3.A.1,3.A.1,3.A.1,2.A.25,2.A.15,2.A.1,HTH_5,TetR_N,3.A.1,9.B.110,GerE,4.D.1,GT4,8.A.3,Aminotran_1_2,9.B.18,9.B.18
GT81,ACT,3.A.9,9.A.31
CE9,HTH_DeoR|DeoRC,PfkB,SIS,2.A.1
2.A.1,2.A.1,GT51
3.A.3,MerR,9.B.107,Response_reg|Trans_reg_C,HisKA|HATPase_c,1.B.77,HTH_3,GH15,Peptidase_M23,2.A.16
3.A.1,3.A.1,3.A.1,TetR_N,Aminotran_1_2,GH25,2.A.102,Rrf2,LysR_substrate|HTH_1,Aminotran_1_2,2.A.1
GT51,HD,NUDIX,2.A.66
3.A.1,NUDIX,PALP,2.A.1,2.A.1,TetR_N,GT2
2.A.25,Pyr_redox_2,3.A.1,GT0,GT0,9.B.18,9.B.146,GT4,3.A.1,3.A.1,GT2,GH79,2.A.23,PAS|HATPase_c|dCache_1,Response_reg|HTH_IclR,GT20,1.E.43,TetR_N|TetR_C,PIG-L,9.A.40,9.A.40,GT2
