9.A.47,3.A.7,3.A.7,GH23,PAS|HATPase_c,3.A.11,3.D.4,3.D.4,3.D.4
1.A.23,3.A.3,MerR,9.B.62,GntR,8.A.5,2.A.56,2.A.56,5.B.3,GH1,Peripla_BP_3|LacI,3.A.1,3.A.1,GH13_23,3.A.1,1.B.33,4.C.1,DctP,2.A.56,GT4,3.A.1,3.A.1,4.F.1,PL9_2
2.A.1,3.A.1,3.A.1,3.A.1,3.A.1,3.A.1,3.A.1,3.A.1,SBP_bac_1,GntR,3.A.1,3.A.1,3.A.1,3.A.1,HTH_DeoR|DeoRC,SIS,PfkB,CE4,3.A.1,SBP_bac_1,3.A.1,3.A.1,CE4
GH23,3.A.1,3.A.1
3.A.1,IclR|HTH_IclR,SBP_bac_1,3.A.1,3.A.1,GH36,GH42,GH77,CBM48|GH13_11,GT5,CBM48|GH13_9,GT35
GT30,GT4,3.A.1,3.A.1,3.A.1,3.A.1,3.D.2,3.D.2
2.A.49,1.B.33,CE11
GT28,2.A.103,Pyr_redox_2,9.B.146
GT81,GH13_18,3.A.1,3.A.1,SBP_bac_1,3.A.1,Peripla_BP_3|LacI,3.A.1,3.A.1,8.A.1,1.A.23,PfkB,3.A.1,3.A.1,3.A.1
2.A.66,PL9_2,GT4
3.A.1,9.B.18,AraC_binding|HTH_3,AA3_2,3.A.1,3.A.1,3.A.1,3.A.1
3.A.1,SBP_bac_1,3.A.1,LysR_substrate|HTH_1,CBM50,2.A.66
9.B.186,4.F.1,2.A.19,3.A.1,3.A.1,Fer4,AA3_2,DctP,2.A.56
3.D.1,LysR_substrate|HTH_1,9.B.43,LysR_substrate|HTH_1,9.B.35,CE4,2.A.40
3.A.1,3.A.1,GT0,9.B.34
GH23,3.A.12
1.A.23,Fer4,GT51,GATase_2,Pyr_redox_2,3.D.1,1.A.23
2.A.1,Pyr_redox_2,NUDIX,GH23,1.A.104,3.A.6
3.A.1,3.A.1,3.A.1,3.A.1,GntR,Aminotran_1_2,3.A.1,3.A.1,3.A.1,3.A.1,GH103
AA3_2,TetR_N,3.A.1,3.A.1,3.A.1,3.A.1
GT2,1.A.30,Rhodanese,3.A.1,3.A.1
GT2,2.A.25
1.A.11,GT51
1.B.6,GH23,5.A.3,5.A.3
GT1,GT4,GT4,GT1,1.A.23,3.A.1,3.A.1,3.A.1,3.A.1,4.C.1
2.A.21,4.C.1,2.A.7,GH103,3.A.1,3.A.1,3.A.1
3.A.5,LysR_substrate|HTH_1,HTH_5,1.A.77,3.A.2,3.A.2,3.A.2,3.A.2,GntR,GH103,9.B.125
GT2,GT2,AA3_2,2.A.6,2.A.6
9.B.34,2.A.56,2.A.56,2.A.56,GntR,3.A.1,3.A.1,CE9,SIS,GntR,SBP_bac_1,3.A.1,3.A.1,3.A.1,3.A.1,1.B.17
GT2,HTH_11,3.D.4,3.A.1,4.C.1,3.A.1,3.A.1,3.A.1,3.A.1
1.A.26,2.A.47,2.A.47,2.A.7,TetR_N,AA3_2,HTH_3,2.A.1,3.B.1
3.A.1,3.A.1,GT2,GT4
GH23,3.A.7,3.A.7,3.A.7,3.A.7,2.A.15,2.A.27,3.A.7
