2.A.1,2.A.1,2.A.1,HATPase_c|MASE1,GerE|Response_reg,GT52,ACT,2.A.7,2.A.1,GH5_25,HTH_1|LysR_substrate,2.A.8,PALP,9.B.51,2.A.21,AraC_binding|HTH_18,GH4,4.A.1,GntR,2.A.81,2.C.1,1.B.14
4.B.1,1.I.1,3.A.6,9.B.146,GT0,Aminotran_1_2,2.A.66,GT56,9.B.128,GT26,2.A.3,TPR_2,HEM4,9.B.21
GH23,HATPase_c|HisKA,3.A.23,Aminotran_1_2,TPR_2,2.A.1,2.A.1,2.A.113
GH1,Pribosyltran,2.A.40
2.A.1,4.A.2,PfkB,4.A.2,PfkB,2.A.41,PfkB|HTH_11,2.A.98,HTH_1|LysR_substrate,2.A.3,1.B.14,2.A.1,HTH_3,9.B.169,Peripla_BP_3|LacI,3.A.1,3.A.1,3.A.1,9.B.114,2.A.122,1.E.14,HTH_1|LysR_substrate,2.A.1,AraC_binding,1.B.17,9.B.27,9.B.29,GH3,3.A.1,3.A.1,3.A.1,3.A.1,MerR,9.B.33,LytTR|Response_reg,3.A.1,1.B.11,2.A.113,PfkB,GntR,PfkB,2.A.1
2.A.1,2.A.6,2.A.6,8.A.1,HhH-GPD|AlkA_N,9.B.34,9.B.22,2.A.109,1.B.18,8.A.3,GT2,GT4,GT2,NUDIX,GT4,9.B.18,2.A.66,GT4,2.A.66,GT111,9.B.18
3.A.7,3.A.7,3.A.7,3.A.7,GH23
1.B.1,HD,2.A.7,9.B.34,GerE,3.A.6,3.A.6,3.A.6,3.A.6,3.A.6,3.A.6,3.A.6,3.A.6,9.B.102,GH13_5,GT41
3.A.1,3.A.1,3.A.1,GT20,FlhD,FlhC,1.A.30,1.A.30,H-kinase_dim|CheW|HATPase_c|CheY-binding,CheW,2.A.23,1.B.52
1.B.11,3.A.6,3.A.6,2.A.2,GH105,9.B.158
3.A.1,3.A.1,3.A.1,CBM50
5.A.2,2.A.34,GntR,Pyr_redox,2.A.36,GH23,1.E.43,1.B.14,1.B.14,3.A.1,3.A.1,Peripla_BP_2,GH37,4.A.2
2.A.23,CE0,GH4,AraC_binding|HTH_18,4.A.3,4.A.3,4.A.3
GH3,1.B.14,4.A.1
2.A.1,GT2
1.B.48,1.B.48,1.B.48,2.A.21,TetR_N,AA6,HTH_IclR,3.A.1,3.A.1,2.A.108,2.A.108,3.D.5,5.A.1
GH19|CBM73,GH23,GH18,3.A.15,3.A.15,3.A.15,3.A.15,3.A.15,3.A.15,3.A.15,1.B.22
2.A.1,GH31,3.A.1,2.A.45,Fe_dep_repr_C|Fe_dep_repress,1.B.6,2.A.7,3.A.1,3.A.1,3.A.1,1.A.23
CE8,2.A.47,HTH_1|LysR_substrate,3.A.1,3.A.1,3.A.1,2.A.6,TOBE|HTH_1,3.A.1,3.A.1,3.A.1,Peripla_BP_2,1.B.14,2.A.4,4.B.1,2.C.1,2.C.1,2.C.1,1.A.30,1.A.30,8.A.79,9.B.85,3.D.4,3.D.4,GH38,4.A.2
3.D.10,3.D.10,Citrate_synt,1.C.1,8.B.24,GH88,2.A.1,GH154,AraC_binding|HTH_18,9.B.211,2.A.17,3.A.3,3.A.3,3.A.3,HATPase_c|HisKA,Trans_reg_C|Response_reg,2.A.3
1.B.25,4.A.1,CE9
2.A.114,2.A.1,3.A.1,2.A.1,3.A.1,3.A.1,3.A.1,4.C.1,1.B.14,2.A.15,TetR_N,AA3_2,1.B.14
CBM34|GH13_21,2.A.3,2.A.26
9.B.34,Peripla_BP_3|LacI,2.A.1,2.A.1,9.A.18,Rrf2,1.B.12,3.A.1,3.A.1,3.A.1,GerE|Response_reg,HATPase_c|MASE1,2.A.1,3.A.1,3.A.1,3.A.1,Peripla_BP_3|LacI,GH2,4.C.1,Citrate_synt,3.A.23,2.A.76,2.A.1,2.A.6,2.A.6,2.A.6,TetR_N,HTH_6|SIS,Peripla_BP_2,3.A.1,3.A.1,3.A.1,1.B.14,Aminotran_1_2,2.A.42,1.A.30,1.A.30
GT2,GT9,GT2,3.A.6,3.A.23,3.A.6,3.A.6,3.A.6,1.A.104
GH32,4.A.1,1.B.3,PfkB,1.B.1
GT19,1.B.33
3.A.1,1.A.62,2.A.49,3.A.1,3.A.1,3.A.1,1.B.14,GT51
2.A.3,2.A.2,GH43_26,9.B.125,3.A.15,3.A.15,NUDIX,3.A.5,CE11,GT28,2.A.103,9.B.146
GH23,3.A.1,4.B.1
2.A.56,3.A.3,Peripla_BP_3|LacI,4.A.1,GH13_29,HTH_6|SIS,4.A.2,GH38,GH13_18,4.A.2
CBM50,2.A.25,1.A.23,2.A.3,3.D.10,3.D.10,2.A.7,GerE,9.B.13
3.A.1,3.A.1,3.A.1,GH103,4.A.4,4.A.4,4.A.4,DeoRC|HTH_DeoR,CBS|SIS,3.A.23,Pyr_redox_2,5.A.3,Peripla_BP_3|LacI,4.A.1,GH1,3.D.1,3.D.1,3.D.1,3.D.1,3.D.1,3.D.1
GH102,3.A.7
2.A.117,2.A.42,Trans_reg_C,GerE,2.A.113,1.B.11,2.A.14,Fer4,CBM50
1.C.113,HTH_6|SIS,GH1
GH23,2.A.1,9.B.120
GH88,2.A.1,GH154
4.A.6,4.A.6,4.A.6,4.A.6,CE9,SIS,4.A.1
3.A.1,3.A.1,3.A.1,3.A.1,3.A.1,2.A.19,CBS|SIS,1.B.42,1.B.42,1.B.42,4.A.2,8.A.8,Pkinase,GT51
1.B.22,GT51
2.A.21,Trans_reg_C|Response_reg,9.A.8,9.A.8,9.A.8,2.A.8,GH77,GT35,GerE,DeoRC|HTH_DeoR,9.B.104,Rhodanese,GT35,GT5,CBM48|GH13_11,CBM48|GH13_9,2.A.95,2.A.8
GT2,2.A.6
5.B.3,GH37,HTH_1|LysR_substrate,9.B.126,2.A.1,9.B.121,EAL,PfkB,2.A.23,GGDEF|EAL,1.B.55,GH8,4.D.3,GT2
9.B.97,3.A.1,3.A.1,3.A.1,HTH_18|Peripla_BP_3,GH73,GH13_19,Aminotran_1_2,3.D.1,IclR|HTH_IclR,2.A.1
1.A.34,GT2,Aminotran_1_2,GT9,GT9,9.B.67,GT2,GT9,GT8,GT8,GT8,GT4,GT30
