GH23,3.A.7,3.A.7,3.A.7,LacI,SBP_bac_1,3.A.1,3.A.1,3.A.1,3.A.1,3.A.7
GT20,2.A.76,PALP,3.A.1,3.A.1,3.A.1,3.A.1
1.A.33,GT51
2.A.1,GH103
8.A.5,GT2
GH3,3.A.1,3.A.1,3.A.1,3.A.1,3.A.1
4.C.1,3.B.1,Autoind_bind|GerE,3.A.1,GT84|GH94,2.A.1,PfkB,2.A.53,GH103,2.A.1
GT51,9.B.186,2.A.1
8.A.5,GT41,3.A.1,3.A.1,9.B.62
2.A.1,ACT,8.A.7,CheR,3.A.9,1.A.34,8.A.3,GT2,GT2,GT2,GT0,GH16_21,2.A.66,GT2,GT2,9.B.18,1.B.18
GH105,1.A.30,1.A.30
GH5_5,9.B.30,GT4,GT70,GH2
1.B.52,3.A.1,cNMP_binding,GT4,GT32,3.A.1,3.A.1,3.A.1,3.A.1,GT1,GT4,GT28,MCPsignal,GT51,2.A.1,GntR,2.A.7
2.A.56,2.A.56,GH13_11,GT5,CBM48|GH13_9,GT35
GH103,1.B.66,CBS|SIS,8.A.21
3.D.4,GH23,1.B.14,HTH_18,3.A.1,Peripla_BP_2,3.A.1,1.B.14
3.A.1,3.A.1,3.A.1,3.A.1,GT2,Sigma70_r4,1.C.27
1.I.1,PAS|Response_reg|HisKA|HATPase_c,CE4
2.A.1,9.A.18,GT4,GH13_23,3.A.1
2.A.75,HTH_1|LysR_substrate,HNOB,9.B.34,GT41
2.A.7,3.A.1,1.B.52,MCPsignal|NIT,HTH_5,HTH_18,GH103,GH25,GH23,GH23
9.B.146,2.A.103,GT28,2.A.1,CE11,1.B.33
GH3,2.A.64,CBM50,AAA,2.A.6
GT41,3.A.1,3.A.1
1.B.33,GT19
3.A.1,PALP,GT2
2.A.1,GT41,GT41,GH43_11,8.A.5,GH2,3.A.1,3.A.1,3.A.1,3.A.1,LacI|Peripla_BP_1,3.A.3,3.A.3,2.A.95
GT2,2.A.123,GT83
1.B.18,GT4,9.B.18,GT4,CE1
3.A.1,CE4,1.B.42,1.B.42
2.A.7,CBM50,3.A.1
1.B.52,Ada_Zn_binding|HTH_18,GH23,1.B.70,1.B.70
GT2,GT83,PadR,3.A.1,3.A.1,3.A.1,3.A.1,2.A.1,1.A.26
AA3_2,9.B.111,2.A.49,2.A.49
2.A.37,GT30
2.A.24,3.A.1,GH13_23,3.A.1,3.A.1,3.A.1,Peripla_BP_3|LacI,GT26,3.A.6,3.A.6
GH23,1.A.30
3.A.6,1.A.30,3.A.6,1.B.14,SIS|HTH_6,3.A.1,GT0,GT2,3.A.1
CBM48|GH13_11,4.C.1
3.A.7,3.A.7,GH23,3.A.7,GH23
GH42,3.A.1,GH36,3.A.1,3.A.1
4.C.1,2.A.66,Aminotran_1_2,Autoind_bind|GerE,GT1
3.A.1,3.A.1,3.A.1,GH51,HTH_5,GntR,3.A.1,3.A.1,3.A.1,3.A.1,8.A.1,2.A.85
3.A.1,3.A.1,3.A.1,SBP_bac_1,GH38
GH77,GH13_3|GH13_3,GH13_16,CBM48|GH13_9,MerR,3.A.3,GntR,2.A.6,2.A.6,8.A.1,CheW,MCPsignal,LacI|Peripla_BP_1,3.A.1,3.A.1,Pyr_redox_2,2.A.21
3.A.1,3.A.1,3.A.1,3.A.1,Pyr_redox_2,GH13_26,GH13_10,3.A.1,3.A.1,3.A.1,3.A.1,TetR_N,Glyoxalase,3.A.1,3.A.1,3.A.1,3.A.1,3.A.1
3.A.1,3.A.1,3.A.1,1.A.16,MarR,GH2,HTH_1|LysR_substrate,3.A.1,3.A.1,3.A.1,3.A.1,3.A.1,3.A.1,3.A.1,Peripla_BP_3|LacI,3.A.1,3.A.1,3.A.1,3.A.1,2.A.1,HATPase_c,Response_reg|GerE,HisKA|CHASE3|Response_reg|PAS|HATPase_c,Response_reg,3.A.1,3.A.1,3.A.1,3.A.1,GerE,GntR,2.A.56,4.C.1,2.A.101
3.A.1,3.A.1,3.A.1,2.A.20,GT4,GH130
2.A.6,2.A.6,Response_reg|Trans_reg_C,HisKA|HATPase_c,SBP_bac_3,3.A.1,3.A.1,Peripla_BP_3|LacI,2.A.1,peroxidase,2.A.21,Response_reg|GerE,1.B.12,3.A.1,3.A.1,3.A.1,3.A.1,3.A.1,3.A.1,3.A.1,3.A.1,3.A.1,3.A.1,Peripla_BP_3,Peripla_BP_1,3.A.1,3.A.1,Peripla_BP_1,8.A.5,MCPsignal,3.A.1,3.A.1,3.A.1,3.A.1,Peripla_BP_3|LacI,GH151,GH95,3.A.1,3.A.1,3.A.1,SBP_bac_1,GntR,3.A.1,3.A.1,3.A.1
GH4,3.A.1,3.A.1,3.A.1,3.A.1,GH4
9.B.34,IclR|HTH_IclR,3.A.1,3.A.1,GH1,3.A.1
2.A.28,GT5,3.A.1,Peripla_BP_2,3.A.1,3.A.1,3.A.1,3.A.1,3.A.1
GH3,TetR_N,9.B.158,GH20
3.A.1,3.A.1,3.A.1,3.A.1,GntR,SIS,CE9,TetR_N,3.A.23,2.A.21,2.A.23,GH16_5,1.A.14,Sigma70_r2|Sigma70_r4_2,3.D.4,3.D.4,3.D.4,3.D.4,9.B.143,Response_reg|Trans_reg_C,HisKA|HATPase_c,3.A.1,1.A.23,3.A.1,3.A.1,3.A.1,3.A.12
3.A.1,3.A.1,3.A.1,GH28,GH105,SBP_bac_1,3.A.7
2.A.76,MarR,3.A.1,3.A.1,SBP_bac_1,GH38
4.C.1,2.A.1,4.C.1,Rrf2,1.B.52,3.A.1,3.A.1,3.A.1,3.A.1,3.A.1,SIS|HTH_6,TrmB,MarR,GH38,3.A.1,3.A.1,3.A.1,GH154,SBP_bac_1,3.A.1,GH88,3.A.1,3.A.1,PL33_1,GntR,3.A.1,3.A.1,3.A.1,PfkB,3.A.1,3.A.1,3.A.1
