GT51,3.A.7
GH23,3.A.7,3.A.7
1.A.8,CE1,NUDIX,2.A.69,GH13_14
GH23,3.A.7
GT2,CE4,GT2,GT2,3.A.6,3.A.1,HhH-GPD,LacI|Peripla_BP_3,SBP_bac_1,3.A.1,3.A.1,GH31,3.A.1,3.A.1
GH51,SBP_bac_1,3.A.1,3.A.1
3.A.1,GH13_31,3.A.1,3.A.1,9.B.28,LacI|Peripla_BP_3,GH2,2.A.2
2.A.1,3.A.1,3.A.1,3.A.1,2.A.40,GH23
GH5_44,3.A.1,3.A.1,3.A.1
3.A.9,3.A.1,GH49,1.A.1
9.B.111,2.A.33,Fer4,3.D.10,PfkB,9.B.55,GT83,GT2,HTH_3,2.A.1
GH2,3.A.1,3.A.1,3.A.1,3.A.1,3.A.1
9.B.146,2.A.103,GT28
8.A.7,8.A.8,4.A.1,4.A.1,GH3,3.A.1,3.A.1,3.A.1,3.A.1,PfkB,2.A.1,3.A.1,3.A.1,3.A.1,3.A.1
3.A.1,3.A.1,GT5,1.A.62,4.C.1,9.A.40,2.A.40,Aminotran_1_2,3.A.1
2.A.109,3.A.1,3.A.1,CBM48|GH13_9
GT4,2.A.45,3.A.1,3.A.1,Pyr_redox_2,GH1,3.A.1,3.A.1,3.A.1
2.A.1,GH29,2.A.7,3.A.1,3.A.1,SBP_bac_1,HTH_IclR,GH105
3.D.1,CBS,9.B.146,9.B.28,3.A.1,3.A.1,3.A.1,3.A.1,3.A.1,SBP_bac_1,GH13
3.A.1,GH32|GH32,3.A.1,3.A.1,LacI|Peripla_BP_3,GH32,LacI|Peripla_BP_3,9.B.28,3.A.1,3.A.1,3.A.1
3.A.16,Pribosyltran,GT2,GT2
GT2,1.A.1,GT51,2.A.26
3.A.1,3.A.1,GH13_32|CBM25|CBM41|CBM41|GH13_14
3.A.1,3.A.2,3.A.2,3.A.2,GT8,GT8,2.A.1,GT1,3.A.7
3.A.3,GH13_3,2.A.53,9.A.40
GT2,GT2,3.A.1
GT2,GT2,GT2,GH25|CBM13|CBM13|CBM13,ATPase_2,9.B.18,GT111,2.A.3,2.A.3,2.A.1,GH13_18,GH13_31,3.A.1,3.A.1,SBP_bac_1,GH36,HTH_3,FHA,FHA,2.A.103,9.B.106,9.B.106
GT35,PALP,GT8,GT39,9.B.27
