1.A.14,GH130
1.B.81,8.A.5,HTH_18,2.A.6,2.A.6,HATPase_c|HisKA,Response_reg|Trans_reg_C,GH3,GH20,2.A.49
GH37,2.A.1
2.A.109,HTH_3,GH65,NUDIX,HTH_18|AraC_binding,2.A.1,1.A.11,2.A.7,3.A.18
GH109,9.B.33,Response_reg|LytTR,9.B.155
2.A.50,1.B.14,3.A.2,GH29,GH2
GT51,9.B.33,Response_reg|LytTR,HTH_18,2.A.1
GT2,FUR,1.B.9,2.A.55,Pyr_redox_2,2.A.15
8.A.5,CBM32
GT2,3.A.1,3.A.1,3.A.1
4.C.1,1.A.23,cNMP_binding,PL35,PL8_3,PL8_3
9.B.144,GT4
9.B.145,GH123,GH20
9.B.18,GT4,GT2,GT2,8.A.3,9.B.18,8.A.3,3.A.1,GT4,GT4,GT2,GT14,GT14,9.B.97,GT8,GT4,GT101,GT2,Aminotran_1_2,9.B.146,1.B.14,3.A.1,3.A.1,3.A.1,GH3,GH144,8.A.46,1.B.14
2.A.37,1.B.14,8.A.46,GT32,8.A.46,1.B.14
3.A.1,3.A.9,GH89,GH92
GH13_5,8.A.46,1.B.14
GH95,2.A.1
GH0,2.A.1,8.A.46,1.B.14
1.B.14,HTH_3,1.B.14,1.B.14,8.A.46,1.B.14,1.B.14,GH97,2.A.53,2.A.53
GH30_3,8.A.46,1.B.14
9.B.146,2.A.103,GT28
3.A.9,GT9,1.A.30
GT2,3.A.16,3.A.1,3.A.6,Sigma70_r4_2|Sigma70_r2,PfkB,2.A.1
CE14,Response_reg|Trans_reg_C,HATPase_c|HisKA,1.B.14,3.A.1
GT19,3.A.11,3.D.10,3.D.10,3.D.10
2.A.25,3.D.1,GH77,GT1
GH92,3.A.5,1.E.43,8.A.21,2.A.16
3.A.1,2.A.6,1.B.6,1.B.14,3.A.1,GH25
GH19,3.A.1,1.A.33
GH18,3.D.1,3.D.1,3.D.1,3.D.1,3.D.1,3.D.1,3.D.1,3.D.1,3.D.1,3.D.1,3.D.1,3.D.9,3.D.1,3.D.1,3.A.2,3.A.2,3.A.2,9.A.40
2.A.21,GH3,9.B.20,PAS|HATPase_c|HisKA,3.A.3,3.A.3,3.A.3,3.A.23,3.A.3
GH20,GH2,GH29,2.A.17,2.A.17,2.A.17,1.B.14
1.B.14,Response_reg|Trans_reg_C,2.A.21,GH13
GH18,GH27|CBM13|CBM35,GT2,GH36,GH88,3.A.1,3.A.1,3.A.1,Pribosyltran,1.I.1,2.A.20,3.A.18
1.B.14,GH29|CBM32,GH16_3
8.A.46,1.B.14,GerE,CBM13,1.B.72,9.B.10,GH2,peroxidase,1.B.14,HTH_18,HTH_18,2.A.66,1.B.14
1.A.35,GH92
GH125,CBM48|GH13_9,GT5,2.A.7,MarR|AsnC_trans_reg,GT2
1.B.14,8.A.46,GH63,GH97,GH13,2.A.2
GT32,GH31,3.A.1
2.A.6,2.A.6,2.A.6,3.A.1,1.B.14,3.A.1,3.A.1,1.A.22,AAA,ACT,GH43_28|CBM32
GH29,2.A.3,2.A.6,2.A.1
