3.A.1,LysR_substrate|HTH_1,2.A.39,AA3_2
2.A.6,2.A.6,3.A.9,3.A.1,3.A.1,3.A.1,TetR_N,3.A.1,3.A.1,GntR,TetR_N,2.A.6,2.A.6,2.A.6,TetR_N,2.A.1,AA3_2,3.A.1,3.A.1,3.A.1,3.A.1
2.A.1,Citrate_synt,3.A.23,HTH_18,GT4,PIG-L,GT4,LysR_substrate|HTH_1,2.A.1,1.B.1,1.B.1,3.A.1,3.A.1
1.B.52,LysR_substrate|HTH_1,2.A.1,GH104
GT0,GntR|Aminotran_1_2,2.A.3,3.A.1
GH63,2.A.1,Pyr_redox_2,3.A.1,3.A.1,3.A.1,3.A.1
3.A.1,GH35,GH36,2.A.1,2.A.1,LysR_substrate|HTH_1,3.D.3,Glyoxalase,2.A.1,LysR_substrate|HTH_1,2.A.1
AA3_2,AraC_binding|HTH_18,GT0,HTH_IclR|IclR,1.B.1,2.A.8,1.A.30
GH102,Pkinase,TPR_2,1.B.20,SpoIIE,3.A.23,3.A.23,3.A.23,3.A.23,3.A.23,3.A.23,3.A.23,FHA,3.A.23,3.A.23,3.A.23
4.C.1,2.A.1,LysR_substrate|HTH_1,LacI|Peripla_BP_3,3.A.1,SBP_bac_1,3.A.1,3.A.1,GH42,GH35,LysR_substrate|HTH_1,Pyr_redox_2,3.A.1,3.A.1,3.A.1
GH23,2.A.23
GT51,5.B.1
2.A.1,LysR_substrate|HTH_1,2.A.23,1.B.1,GH19
3.A.1,3.A.1,1.B.1,3.A.23,1.B.22,3.A.15,3.A.15,3.A.15,Response_reg|GerE,HATPase_c|PAS,Response_reg|GerE,GH23
2.A.1,LysR_substrate|HTH_1,GH0
1.B.14,3.A.1,3.A.1,3.A.1,CBM12,Glyoxalase,3.A.1,LysR_substrate|HTH_1,2.A.1
2.A.1,HTH_18,HTH_IclR|IclR,2.A.1,1.B.22,3.A.15,3.A.15,3.A.15,GH2|CBM32|CBM32|CBM32,2.A.1
GH19,LysR_substrate|HTH_1,1.A.78
2.A.21,Response_reg,GH23,9.B.164,4.C.1
9.B.34,GT4
1.B.1,LysR_substrate|HTH_1,AA3
3.A.7,3.A.7,3.A.7,3.A.7,3.A.7,3.A.7,GH23
3.A.1,MarR,GntR,CE9,SIS,4.A.1,4.A.1,3.D.4,3.D.4
2.A.49,GT9,2.A.1
GT2,2.A.6
2.A.37,2.A.1,TPR_1|TPR_2,HTH_5,2.A.4,3.D.1,3.D.1,LysR_substrate|HTH_1,GT4,1.B.6
GH103,3.A.1,3.A.1,3.A.1
GH3,3.A.23,GT104,4.F.1,GT20,3.A.1,GT4
GH23,2.A.1,9.A.55,3.A.16,3.A.1,3.A.1,3.A.1,3.A.1,Response_reg|Trans_reg_C,HisKA|HATPase_c|PAS,1.B.40
2.A.16,CBM32
1.B.33,GT19,8.A.7,8.A.21,2.A.7
2.A.39,CE4,9.B.43,9.B.35,LysR_substrate|HTH_1,3.A.1,3.A.1,3.A.1,3.A.1,1.B.39,2.A.55,3.A.1,3.A.1,3.A.1,3.A.1
GT51,2.A.6,2.A.6
2.A.1,GT2,1.A.23,1.B.1,1.A.16
1.B.55,CE4|GH153,GT2
GT21,B12-binding,FUR,2.A.53
GT4|GT4,9.B.97,HTH_3,GT4,GT4,GT2,8.A.3,1.B.18,9.B.18
GT4,GT20,1.A.4
CBM50,3.A.1,3.A.1
3.A.6,MerR,9.B.142,2.A.66,MerR,GT51,3.A.9
GT83,2.A.7,GT2
GT2,2.A.1,GT2,2.A.66,9.B.97,9.B.97,GT4,GT0,GT4,GT4,9.B.97,8.A.3,1.B.18,9.B.18,2.A.1
4.C.1,AA4
GT5,3.A.1,HTH_18,2.A.1
2.A.40,2.A.1,2.A.1,LysR_substrate|HTH_1,2.A.39,LysR_substrate|HTH_1,Pyr_redox_2,LysR_substrate|HTH_1,2.A.75,GH166,2.A.66,GT4
GT4,3.A.1,GT2,Rhodanese,1.I.1
3.A.12,GH15,TetR_N,3.D.6
2.A.1,GT20,3.A.23,3.A.23,3.A.1,3.A.1,9.B.34,HisKA|HATPase_c,Response_reg|Trans_reg_C,3.A.1,3.A.1,3.A.1,3.A.1,1.B.1
1.A.46,1.B.48,3.A.1,GT41,9.B.22
3.A.16,MCPsignal,9.B.146,GT4,9.B.18,GT4,GT2,GT4|GT4,3.A.1,3.A.1
3.A.1,3.A.1,SBP_bac_1,GH42,3.A.1,LacI|Peripla_BP_3,MerR,9.B.34,2.A.21,8.A.5,GH63,GH133
1.A.30,2.C.1,2.C.1,GT4,GT0,9.B.97,GT4,GT4,GT4,8.A.3,1.B.18,9.B.18
3.A.1,3.A.1,3.A.1,HTH_IclR|IclR,GT51
3.A.5,CE11
GT28,2.A.103,9.B.146
1.B.22,GT51,9.B.21,2.A.1,9.B.14,5.A.1
3.D.1,GH23
9.B.211,TPR_1|TPR_2,3.A.1,3.A.1,3.A.1,3.A.1,3.A.1,3.A.1,1.E.40,GT2,2.A.122,1.E.14,LysR_substrate|HTH_1,AA3_2
3.A.6,3.A.6,3.A.6,3.A.6,3.A.6,3.A.6,GH73
1.B.52,CheW,HATPase_c|CheW|H-kinase_dim|CheY-binding,Response_reg,1.A.30,1.A.30,FlhC,FlhD,GT4,1.A.8
8.A.5,GT41,GT41,GT41,GT41
9.B.18,3.A.1,3.A.11,3.A.1,4.C.1,3.A.2,3.A.2,3.A.2,3.A.2,3.A.2,3.A.2,3.A.2,2.A.45,CbiA,3.A.1,3.A.1,3.A.1,3.A.1,3.A.1,3.A.1,3.A.1,3.A.1,3.A.1,AA3_2
9.B.10,GH23,1.B.22,3.A.15,3.A.15,3.A.15
2.A.6,GT2,GH23,2.A.7
GT2,1.B.1
AA3_2,3.A.1,3.A.1,3.A.1,3.A.1
8.A.3,GT4,GT2,GT4,9.B.18
CE4,LysR_substrate|HTH_1,3.A.1
CBM50,2.A.55,2.A.72
8.A.5,3.A.23,2.A.1,AA3_2
1.B.18,8.A.3,GT4,2.A.66,GH148,GT4,9.B.18,HTH_18,1.B.1,NUDIX,DeoRC|HTH_DeoR,CBM50
GT2,4.D.3,GH8,1.B.55,3.A.1,3.A.1,3.A.1,LysR_substrate|HTH_1,2.A.19
2.A.21,GAF|PAS|GGDEF|EAL,GH166,2.A.1,GH31,1.B.1,GntR|Aminotran_1_2,3.A.1
3.A.1,3.A.1,3.A.1,3.A.1,GH1,9.B.97
5.A.1,TetR_N,GT2
2.A.21,AsnC_trans_reg,PALP,GH28,2.A.1,1.B.1
2.A.14,LysR_substrate|HTH_1,2.A.7,1.B.14,3.A.1,3.A.1,3.A.1,3.A.1,3.A.1,AA7
1.B.1,AraC_binding,GntR|Aminotran_1_2,2.A.86,GerE,CBM32,Response_reg,GT5,CBM48|GH13_11
GH166,GT4,2.A.66,8.A.5,HTH_IclR,GH37,9.B.34
4.C.1,Glyoxalase,GH0,Citrate_synt,9.B.157,2.A.1,AraC_binding|HTH_18,PadR,2.A.1,3.A.1,3.A.1,EAL,2.A.21,1.B.1
9.B.115,3.A.1,3.A.1,3.A.1,3.A.1,3.A.1,3.A.1,3.A.1,LacI,GT35,TetR_N,1.B.1
GT21,3.A.1,3.A.1,3.A.1,HTH_11,9.B.34,1.A.34
GT9,3.B.1,TetR_N,LysR_substrate|HTH_1,2.A.1
3.A.1,3.A.1,3.A.1,GT0
GT35,2.A.1,9.B.34,SBP_bac_3,2.A.1,2.A.1
AA3_2,2.A.1,9.B.27,Rhodanese,9.B.34,LysR_substrate|HTH_1,2.A.20
4.C.1,GT51,2.A.21,LysR_substrate|HTH_1,1.B.1
GT4,GT9,GT9,1.B.42,1.B.33
GH13_3|GH13_3,GH13_16,CBM48|GH13_9,CBM48|GH13_11,GH13_10,GH77,GH13_26,9.A.40,HisKA,HTH_18,Aminotran_1_2,Pribosyltran,9.B.160
2.A.76,AsnC_trans_reg|HTH_11,GH23
3.A.1,3.A.1,2.A.6,3.A.1,3.A.1,3.A.1,3.A.1,GntR|Aminotran_1_2,CBM50,3.A.3,1.B.52
