3.A.9,GT2
2.A.47,GT4,GT2,GT5,GT2,GT4,3.E.2,3.E.2,3.A.1,3.A.1
3.A.1,GT4
2.A.7,GT51,1.A.46
GT0,3.A.1
CE11,1.B.33,3.A.1,3.A.1,CbiA,1.A.1
5.B.4,Sigma70_r4,9.B.160,GT2
8.A.21,3.D.10,GH0
9.B.104,9.B.106,CBM48|GH13_9
2.A.37,GT2,9.B.174
3.A.25,GT9
GH13_11,1.A.35
GT1,MarR,CheR,3.D.10,TPR_1,2.A.51
GT2,GT2,3.A.1,Fer4,1.B.52
3.A.1,1.A.23,8.B.9,1.A.23,3.A.1,GT21,3.D.3,3.D.3
1.B.52,1.B.52,H-kinase_dim|CheW|Response_reg|HATPase_c,CheB_methylest|Response_reg,TPR_1|CheR_N|CheR,CheW,3.A.9,CE4,3.A.1,3.A.1,3.A.1,3.D.1
9.B.10,9.B.10,CE4
3.A.1,GT4,2.A.16,EPSP_synthase,3.D.1,3.D.1,3.D.1,CBM48|GH13_11,2.A.37
9.B.55,3.A.1,9.B.160,GT5
3.A.3,GT2,TPR_1,GH3
3.A.20,HisKA|HATPase_c,GH57,HisKA|HATPase_c,1.A.23
9.B.145,GT83
3.A.9,GT2,9.B.34,ACT|HD,1.A.43,1.B.52
3.A.1,3.A.1,1.B.23,FeoA,GT76,9.B.142,9.B.150,FHA,9.B.149
2.A.1,GH77
2.A.37,9.B.34,Response_reg,HisKA|GAF|HATPase_c|PAS,3.A.16,GH148
2.A.7,GT2,1.C.82
GT26,9.B.34,4.C.1,TPR_1|TPR_2,2.A.1,FUR,Response_reg,3.A.16
3.A.9,GT51,3.A.16
GT2,3.A.1,3.A.1
9.B.34,2.A.21,CE9,TOBE,SBP_bac_1,3.A.1
GT39,3.A.1,GT4,GT4,SIS,2.A.59
1.B.23,LysR_substrate|HTH_1,Aminotran_1_2,1.B.76,GT35,Aminotran_1_2,Response_reg|Trans_reg_C,9.B.10
9.B.62,1.B.76,MerR,3.A.3,3.A.1,GT26,GT4
1.B.23,3.A.16,GT4,9.B.142
3.D.1,3.E.2,3.E.2,GT41
GH13_32,HisKA|HATPase_c|PAS,Response_reg|Trans_reg_C,2.A.21,2.A.36
GH133,Glyoxalase,3.A.1
5.B.4,9.B.104,GT35
2.A.86,9.B.18,GT26,GT4,GT4,GT2,NTP_transf_2,GT4,3.A.1
GT41|GT2,8.A.1,3.A.1,GAF|GGDEF,1.A.30,3.A.1,4.A.2,GT0,GT2
GT83,3.A.2,3.A.2,3.A.2,3.A.2,3.E.2,HMA,3.D.7,3.D.7
9.B.100,3.A.1,GT2
2.A.86,CBM48|GH13_11,3.A.1
2.A.37,Aminotran_1_2,GT2|GT4,GT4
9.B.31,GT4
2.A.114,9.B.18,GT4,3.A.15
2.A.109,2.A.5,1.A.23,GH13_32,3.A.1,HisKA|dCache_1|HATPase_c,3.A.2,3.A.2,3.A.2,3.A.2,3.A.2,1.A.77
2.A.86,9.A.4,9.B.2,GT83,8.A.3,Aminotran_1_2,3.A.1
3.A.1,3.A.1,9.A.25,GT2,1.A.12
2.A.107,9.B.10,1.A.1,GH38
9.B.102,HhH-GPD,GH23
GH88,2.A.49,GT2,Glyoxalase,GT2,3.A.1,3.A.1,3.A.1
9.A.61,Aminotran_1_2,CE4
GT4,GT2,3.A.1,GT2,3.A.1,3.A.1,MerR,9.B.142
3.A.1,2.A.103,3.A.1,1.A.9,CheR,GT0,5.A.1
1.C.111,HisKA|HATPase_c,9.B.27,CE1,5.B.4,5.B.4,9.A.40,2.A.51
GT28,9.B.142
3.A.9,TPR_1,CBM26|GH13_42
3.A.1,TPR_1|TPR_2,3.A.1,GT2,CSD,3.D.1,2.A.53,3.D.1,3.A.3,9.B.174,2.A.108
3.A.1,3.A.1,GT1,GT4,GT4,3.A.1,cNMP_binding,3.A.18,Rhodanese,9.B.102,1.B.76,Response_reg,Response_reg,CheW,1.B.52,CheW|Response_reg|HATPase_c,2.A.64
3.A.1,ACT,2.A.16,GT81,GT2,9.B.18,3.D.1,3.A.1,3.A.1,3.A.1,3.A.1,2.A.77,8.A.21,LysR_substrate|HTH_1,2.A.77,PAS,2.A.47,2.A.109,2.A.77,1.A.4,GT4,TrkA_C,2.A.2
9.A.4,GT2,3.A.1
