9.B.153,9.B.144,GT4
2.A.50,GT4,GT4,GT2,GT4,GT4
CBM3,HTH_3,9.B.169
GH139,3.A.9
GH29,1.B.14
3.A.1,GT2
2.A.2,GH43_1,GH10,8.A.46,1.B.14,GH3,Response_reg|HisKA|Reg_prop|HATPase_c|HTH_18|Y_Y_Y,GH97,GH2|CBM57,GH3,GH144,GH144,1.B.14,GerE,1.B.14
CBM47,CE14,2.A.47,Glyoxalase,2.A.66,9.B.14
GH29,GH2,GH29,2.A.1
GH95,GH31,2.A.21,GH3,GH139
9.B.18,GT4,9.B.67,GT4,GT4,GT2,GT2,GT4,GT4,GT2,GT4,GT2,3.A.1,3.A.1,8.A.3,1.B.18,3.A.1,3.A.5,1.A.11,GH88,GH29
GH13_7,2.A.25,1.A.1
3.A.1,GT2,GT2
1.A.8,GT2
2.A.6,CBM62,Glyoxalase,HTH_18,GH31,GH117|GH117,GH88,PL40,GH2,2.A.21,GH31,PL29
1.A.25,1.A.25,9.B.157,GT28,2.A.103,9.B.146
3.A.1,9.B.174,GT19,3.A.11,2.A.17,2.A.17,2.A.6,9.A.40
9.B.8,9.B.44,Aminotran_1_2,GH73,PALP,1.A.46
2.A.1,GntR,PL7,PL7,1.B.14,PL6,8.A.46,1.B.14,AraC_binding,PL17_2|PL17,PL12,PL6|PL6_1
GH142,GH31,GH20,GH20,GH105,GH105,GH89,PIG-L,2.A.1
8.A.46,1.B.14,HTH_18,Aminotran_1_2,GT30,8.A.46,1.B.14,HTH_18,GH3,2.A.2,HTH_18,2.A.21
GH115,8.A.46,1.B.14
3.D.4,1.B.23,9.A.25,GH37,2.A.1
CE4,1.B.14
1.B.14,GH86|CBM6
GT5,SIS,1.B.14,3.A.2
GH105,8.A.46,1.B.14
9.A.40,3.A.1,GT51
9.A.25,3.A.1,1.B.14,8.A.46,Response_reg|HisKA|Reg_prop|HATPase_c|HTH_18|Y_Y_Y,GT9
9.B.18,GT26,GT2
GH0,GH16_3,GH149,GH17,GH30_1,2.A.2,GH17
2.A.53,GH31,CBM48|GH13_9,GT5
GH92,9.B.158
GT51,3.A.1
2.A.8,GH16,GH16_3,GH117,GH117|GH117,GH2,GH117|GH117,2.A.21,8.A.46,1.B.14,3.A.1
GH16_3,Response_reg|HisKA|Reg_prop|HATPase_c|HTH_18|Y_Y_Y,1.B.14,8.A.46,GH3
GT0,3.A.1
GH92,GH125,2.A.1,GH20,2.A.1,Response_reg|LytTR,2.A.21,GH130,CBM9,GH92,GH97,GH65,GH92,GH85,GH92,1.B.14,8.A.46
GT2,GT2,Fer4,Pyr_redox_2,GH113,3.B.1,GT2,2.A.20
9.B.145,CBM32|PL7_3,3.A.1,3.A.1,GT2,GT2
3.A.5,GH130,GT4
3.A.1,GH138,GH29,GH43_2|CBM6,GH2,GH28,GH28,GH29,GH2
1.B.14,GH2,GH97,2.A.1,GntR,2.A.1,CBM6,Sigma70_r4_2|Sigma70_r2,FecR,1.B.14,GH88
GH92|CE3,GntR,1.B.14
GH97,1.B.14,Response_reg|HisKA|Reg_prop|HATPase_c|HTH_18|Y_Y_Y,GH3,GH29|CBM47,GH141,GH29,GH29,Pyr_redox_2,4.C.3
1.B.14,TPR_2,GH139,8.A.46,1.B.14,FecR,Sigma70_r4_2,Sigma70_r4_2|Sigma70_r2,FecR,1.B.14,8.A.46,GH139,GH0,2.A.119,8.A.46,Sigma70_r4_2,FecR,1.B.14,1.B.14,GH13_10,8.A.46,1.B.14,Peripla_BP_3|LacI,2.A.2,GH65,GH97,GH13_36,GH13
3.A.1,GT2
3.A.1,3.A.1,GH23
GH29,GH31,3.A.18,9.B.1
1.B.9,3.A.6,3.A.1,GH43_12
1.B.14,GT1,GH1
2.A.51,2.A.25,2.A.21,4.C.1,GH16_11,cNMP_binding|CBS,2.A.76,GH43_10,3.A.1,1.A.1,TPR_1,2.A.1
GH5_38,Sigma70_r4_2|Sigma70_r2,1.B.14,TPR_1,GH3,GH3,GH95
1.B.14,FecR,Sigma70_r4_2|Sigma70_r2,Sigma70_r4_2|Sigma70_r2,FecR,1.B.14,GH31,GH29,GH29,Sigma70_r4_2|Sigma70_r2,FecR,1.B.14,TPR_1|GerE,CE17
GH3,GT4,3.A.1,1.B.6
GH43_29,2.A.23,Rhodanese,1.B.14,TPR_1|TPR_2,1.C.12
