9.B.160,Pribosyltran,Aminotran_1_2,9.B.97,GT4|GT4,1.B.1,9.B.126,5.A.3,5.A.3,5.A.3
GH3,IclR|HTH_IclR,2.A.1,AA5_2,HD|Response_reg,FIST,2.A.21,2.A.1
4.D.3,GH8,1.B.55,CbiA,GT2,3.A.1,3.A.1,3.A.1,GerE|Autoind_bind,2.A.20,AsnC_trans_reg|MarR,2.A.76,HTH_1|LysR_substrate,2.A.1
1.B.22,3.A.6,3.A.6,3.A.6,3.A.6,TPR_3,1.C.36,1.C.36,GH23
3.A.23,3.A.23,3.A.23,3.A.23,3.A.23,3.A.23,HATPase_c|MASE1,Trans_reg_C|Response_reg,1.B.40,GT0,1.B.40
CBM48|GH13_11|GH77,GT5,GT35,2.A.1,3.D.4,TetR_N,3.B.1,3.B.1
2.A.1,AA3_2,TetR_N,GT2,8.A.1,HTH_5,9.B.102,9.B.102
3.A.23,HTH_6,3.A.1,3.A.1,3.A.1,3.A.1,3.A.1,HTH_1|LysR_substrate,CBM50,HTH_1|LysR_substrate,1.B.1,1.A.1,BetR|Response_reg,MCPsignal,2.A.1,MerR,3.A.1
9.B.186,GT51,CheC,Response_reg,2.A.21
GH37,2.A.1
GH68,GH32,GT2,GT1,3.A.23,3.A.23,3.A.23,3.A.23,3.A.23,3.A.23,3.A.23
AA10,Pyr_redox_2,4.C.1,2.A.1,2.A.117
GT2,GT9,GT9,GT2,2.A.66,1.B.18,1.B.14
3.A.1,9.B.97,3.A.1,1.B.1,1.B.14,3.A.1,3.A.1,3.A.1,1.A.62,GT51,HTH_1,Aminotran_1_2,3.D.4,2.A.1
2.A.1,2.A.1,IclR|HTH_IclR,1.B.1,2.A.7,GT2
GT2,1.E.52,3.A.7,CbiA|Response_reg,9.A.47,AsnC_trans_reg|MarR,Aminotran_1_2,1.B.1,2.A.3,GntR,2.A.1
2.A.53,CBS,Nitroreductase,GT51
2.A.4,2.A.51,CBM32,HTH_18,3.A.1,3.A.1,3.A.1,3.A.23
1.B.1,HTH_1|LysR_substrate,HTH_1|LysR_substrate,2.A.6,8.A.1,2.A.85,1.B.40,1.B.11,1.B.6,3.A.23,3.A.23,3.A.23,3.A.23,3.A.23,GT60,3.A.23,3.A.23,HisKA|HATPase_c|Response_reg|dCache_1,GerE|Response_reg,GerE|Response_reg,HisKA|HATPase_c|Response_reg|SBP_bac_3,GT2
9.B.34,Peripla_BP_1,3.A.1,3.A.1,GH15|CBM20,1.I.1,1.B.1,3.A.7
3.A.1,Pyr_redox_2,HTH_1|LysR_substrate,GH92
3.A.23,1.A.30,3.A.23,1.E.43,3.A.23,3.A.23,3.A.23,3.A.23,GH73
2.A.1,1.B.1,HTH_1|LysR_substrate,HTH_18,2.A.1,GT0,GT2,9.B.52
2.A.4,8.A.3,GH39
9.B.18,1.B.18,8.A.3,GT2,GT4,GT4
GH13_10,9.A.40,HisKA,2.A.7,HTH_1|LysR_substrate,TOBE|HTH_1,3.A.1,3.A.1
CBM50,1.B.14,Aminotran_1_2|GntR,3.A.1,3.A.1,3.A.1,3.A.1
1.A.14,Sigma70_r4|Sigma70_r2|Sigma70_r3,CBM50
GT83,2.A.7,GT2
GT4,1.A.23,8.A.28
GT51,TPR_2,1.A.22
9.B.35,9.B.43,CE4,2.A.39,GntR,2.A.1
2.A.7,8.A.21,8.A.7,GT19,1.B.33
3.A.1,3.A.1,3.A.1,B12-binding,GT21,CBM32,3.A.1,GT4,3.A.1,GT20
4.F.1,GT104,AAA|HTH_8|Response_reg,GH3
3.A.1,3.A.1,3.A.1,GH103
2.A.1,GT9,2.A.49
GH23,PALP,9.A.4,1.A.43
GT30,GT9,GT4,9.B.146,9.B.18,GT2,3.A.1
GT4,GT0,8.A.3,1.B.18,9.B.18
CE11,9.A.41,8.A.4,3.A.1,3.A.1,GT4,GT4,GT4,1.B.18,GT4,GT107,9.B.27
3.A.5,CE11
GT28,2.A.103,9.B.146
3.A.1,3.A.1,STAS,3.A.1,3.A.1,3.A.1,3.A.1,2.A.25,Pyr_redox_2,GATase_2,3.A.1,3.A.1,3.A.1,3.A.1,HD,SKI,1.B.22,GT51,9.B.21,2.A.1,9.B.14,5.A.1
1.A.30,1.A.30,FlhC,FlhD,GT4,1.A.8
2.A.76,1.B.48,MCPsignal|dCache_1,GT41
3.A.7,3.A.11,2.A.76,2.A.1,HTH_18,GT9
2.A.3,3.A.3,MerR,PadR,3.A.1,Aminotran_1_2,TetR_N,4.C.1,3.A.1,3.A.11,SBP_bac_3,4.C.1,3.A.2,3.A.2,3.A.2,3.A.2,3.A.2,3.A.2,3.A.2,2.A.45,CbiA,3.A.1,3.A.1,3.A.1,3.A.1,3.A.1,3.A.1,3.A.1,3.A.1,AA3_2
2.A.37,9.B.10,GH23,1.B.22,3.A.15,3.A.15,3.A.15
GH73,2.A.40,HTH_1|LysR_substrate,9.B.143,1.B.1,GT21,1.B.19,2.A.55
3.A.1,3.A.1,3.A.1,3.A.1,GntR,CE9,SIS,4.A.1,4.A.1,GH20,3.D.4,3.D.4
9.B.106,GGDEF|EAL,2.A.66,GT4,GT4,3.A.23,GH2
9.B.18,1.B.18,GT4,2.A.1
3.A.1,3.A.1,Pribosyltran,GT0
2.A.1,2.A.1,1.B.1,HTH_1|LysR_substrate,3.A.1,3.A.1,3.A.1,3.A.1,Trans_reg_C|Response_reg,HisKA|HATPase_c,3.A.1,3.A.1,GT20,2.A.1
3.D.6,TetR_N,GH15,3.A.12,1.I.1,Rhodanese,3.A.1,GT4,GT9,GT4,GT9,GT2,2.A.1
2.A.1,2.A.7,GH23,2.A.1,HTH_18,2.A.76,9.A.55,3.A.16,3.A.1,3.A.1,3.A.1,3.A.1
2.A.66,2.A.1,CBM50
5.B.3,GH3
9.B.126,CBS,2.A.1,GH39
3.A.1,3.A.1,3.A.1,3.A.1,4.C.1,4.C.1,Pyr_redox_2,1.B.14,CbiA,2.A.52,9.B.10,AAA,GH18
