2.A.20,2.A.40,2.A.40,GT2,2.A.1,HTH_3,AraC_binding,2.A.1
9.B.146,2.A.103,GT28
3.A.1,3.A.1,5.A.3,5.A.3,5.A.3,2.A.1,GT4
1.B.77,3.A.11,3.A.1,3.A.1,3.A.1,TetR_N,3.A.1,3.A.1,SBP_bac_1,GH13_30,2.A.1
3.A.3,GH3,2.A.1,GH3,2.A.1
2.A.102,GH4,3.A.1,3.A.1,SBP_bac_1,GH4
GH15,2.A.89,GH18|CBM16|CBM5,GH18|CBM16|CBM5
1.C.113,CE14,PALP|ACT,2.A.86,2.A.21
GH36,HTH_DeoR|DeoRC,3.A.1,3.A.1,3.A.1,GH2,2.A.1,GT39
GT2,8.A.5,MerR,4.B.1,HTH_5,4.C.1,2.A.78
GH51,TetR_N,2.A.1,3.A.1,3.A.1,3.A.1,3.A.1,3.A.1
3.A.1,3.A.1,3.A.1,3.A.1,9.B.97,GH1,TetR_N,2.A.1,2.A.86
2.A.1,CE9,GH3,Crp,3.A.1,3.A.1,3.A.1,GH4,3.A.1,3.A.1,SBP_bac_1,MarR,GH20,3.A.3,NUDIX,GH38,3.A.1,3.A.1
GH35,LacI|Peripla_BP_3,CBM32,GH18,3.A.1,3.A.1
9.B.18,GT4,GT2,3.A.1,GT4,GT2,8.A.3,9.B.18,GT4,GT2
GH29,3.A.1,SBP_bac_1,MarR,2.A.6,LacI|Peripla_BP_3,GH76
GH2,3.A.1,3.A.1,3.A.1,3.A.1
2.A.1,MarR,3.A.1,3.A.1,3.A.1,3.A.1,GH3,TetR_N,1.I.1,2.A.6
2.A.36,GH23,2.A.19,3.A.1,Arc,2.A.39,2.A.86,TetR_N,2.A.1
2.A.1,MarR,HTH_5,2.A.1,GH1,GH20
GH3,GH29,2.A.7,9.B.15,TetR_N,2.A.53
GH29,GH154,LacI|Peripla_BP_3,MerR,1.A.33,2.A.6,3.A.1,3.A.1,3.A.1,3.A.1,3.A.1,GH27,LacI|Peripla_BP_3,TetR_N,GH3,LacI,2.A.1
2.A.102,TrkA_C,2.A.1,Aminotran_1_2,3.A.1,3.A.1,3.A.1,3.A.1,3.A.1,3.A.1,MarR,LacI|Peripla_BP_3,GH92,2.A.108,GH92,GH92,CBM32|GH92
9.B.143,GT2,3.A.1,3.A.1,3.A.1,3.A.1,3.A.1,PfkB,HTH_DeoR|DeoRC,GH4,CE14,3.A.1,3.A.1,SBP_bac_1,4.B.1,2.A.76,Citrate_synt,3.A.1,TetR_N,MarR,2.A.1
GH3,2.A.17,CE7
CBM67|GH78,LacI|Peripla_BP_3,NTP_transf_2,3.A.1,3.A.1,SBP_bac_1,CBM67|GH78,LacI|Peripla_BP_3,2.A.1,2.A.1,2.A.1
CBM6|CBM6|CBM6,HTH_IclR,SBP_bac_1,3.A.1,3.A.1,Response_reg|GerE,3.A.1,3.A.1,2.A.1
GH43_32,GH1,3.A.1,3.A.1
3.A.1,3.A.1,3.A.1,GH116,2.A.23,GH3
CBM32|GH20,TetR_N,Pyr_redox_2,2.A.1,1.A.35,HTH_5,2.A.1,2.A.1,3.A.1,GH13_30,3.A.1,3.A.1,Peripla_BP_3,GH87,2.A.3,2.A.7,3.A.1,3.A.1,3.A.1,Response_reg|GerE,HATPase_c,2.A.1,9.B.160,2.A.108,TetR_N,8.A.5,MarR,3.A.1,2.A.3,8.A.5,MarR,9.B.141,LacI|Peripla_BP_3,3.A.1,3.A.1,3.A.1,GH130,HxlR,3.A.1,3.A.1
3.A.1,3.A.1,Peripla_BP_2,AraC_binding|HTH_18,3.A.1,3.A.1,SBP_bac_1,3.A.1,3.A.1,GntR,GntR,9.B.124,LacI|Peripla_BP_3,GH13_30,3.A.1,3.A.1,3.A.1,GH13_21
3.A.1,3.A.1,Response_reg|Trans_reg_C,HATPase_c|HisKA,MarR,2.A.1,AraC_binding|HTH_18,MarR,2.A.1,LacI|Peripla_BP_3,3.A.1,3.A.1,3.A.1,3.A.1,3.A.1,3.A.1,GntR,Fe_dep_repress|FeoA|Fe_dep_repr_C,CBS|PALP,Aminotran_1_2,GH31|CBM51,MarR,2.A.1,3.A.1,GH20,GH9,2.A.3,GntR,3.A.1,3.A.1,3.A.1,3.A.1,3.A.1
GH154,HTH_DeoR|Peripla_BP_3,PL33_1,3.A.1,3.A.1,3.A.1,TetR_N,2.A.1
GH3,3.A.1,3.A.1
GH1,2.A.1,HTH_IclR,PfkB,2.A.1
GH27,3.A.1
2.A.98,LacI|Peripla_BP_3,SBP_bac_1,3.A.1,3.A.1,GerE,GT51,GT51,GT51,4.C.1,9.A.47,3.A.7
9.B.126,4.A.2,3.D.10,3.D.10,1.A.35,GT4,3.A.1,3.A.1,3.A.1,4.A.5,Pyr_redox_2,2.A.3
3.B.1,GH25
