3.D.10,GT51
GH102,2.A.66
3.D.4,3.D.4,GH16_3,2.A.47,Aminotran_1_2,2.C.1,2.C.1,1.A.30,1.A.30
GT28,2.A.103,9.B.146
GH24,1.B.33
2.A.37,ATPase_2,2.A.21,GH23
3.A.1,4.F.1,HTH_3,GT4,2.A.6,2.A.6,GH35,GH42,GH43_19,1.B.14,GH30_5,GH27
GH146,2.A.1,GntR,GH2,GH51,GH43_5,GH43_26,GH43_29,GH29,GH5_13,FMN_bind_2,1.B.14,GH92,GH47
2.A.1,GT4
GT4,8.A.3,4.D.1
2.A.1,GH13_23
2.A.1,2.A.1,GH50
3.A.1,9.B.160,GT51
2.A.109,AA3_2,1.A.11
3.A.9,GT4,4.C.1,1.A.34,8.A.5,Peptidase_M23,9.B.174,GT0,9.B.18,8.A.3
4.C.1,PL0
GT2,GT4,4.C.1,2.A.66,GT4,8.A.3,9.B.18
GH3,HTH_18,PAS|GerE,1.A.23
1.B.14,9.B.124,3.A.1,GT2,2.A.33,GT2,2.A.102,3.A.1,3.A.1,3.A.1,3.A.1
GH3,2.A.64,9.B.62,1.B.76,3.A.3
2.A.4,GT51
2.A.62,GT39
GT4,1.B.33
1.E.54,LacI|Peripla_BP_3,GH97,GH13_23,GH13,1.B.14,LacI|Peripla_BP_3,2.A.2,GH13,1.A.34,TPR_1,9.A.47,CbiA,3.A.7
