GH4,GT4,8.A.5,GH13_10,GH13_26,CBM48|GH13_11,SIS,1.A.22
2.A.1,HTH_5,2.A.53,8.A.5,GH13_30,HTH_IclR,1.I.1,GT87
GT4,GT4,9.B.18
4.C.1,9.B.160,1.A.1,GT51,3.A.1,3.A.1
2.A.66,4.C.1,GH16,GT2,GT2,GT2,TetR_N,9.B.51,GH36,SBP_bac_1,3.A.1,3.A.1,3.A.1
2.A.1,9.B.140,CE9
1.A.33,TetR_N,2.A.6,MarR,9.A.5,IclR|HTH_IclR,GH26,GH0|GH26,2.A.76,4.C.1,2.A.1
3.A.1,3.A.1,2.A.63,2.A.63,2.A.63,2.A.1,TrkA_C,2.A.37,2.A.1,HTH_1|LysR_substrate,2.A.3,HTH_1|LysR_substrate,2.A.69,GH15
GH3,2.A.4,HTH_5,3.A.25,AsnC_trans_reg|HTH_IclR,AsnC_trans_reg|HTH_IclR,2.A.76,TetR_N,2.A.1,2.A.1,4.A.2,TetR_N,8.A.7,3.D.2
3.A.1,IclR|HTH_IclR,1.A.22,ACT,GT26|GT2,2.A.66,GT2,9.B.18
2.A.1,GH13_16
2.A.7,GT2,3.D.1,9.B.106,9.B.106,2.A.103
GH65,2.A.1,5.A.3,5.A.3,2.A.1,9.B.110,3.A.1,2.A.78
2.A.56,2.A.56,GntR,3.A.3,4.A.2,3.A.3,CE4,GH65,9.B.126
GH15,Pyr_redox_2,3.A.1,3.A.1,1.A.1
2.A.1,GerE|GAF,MarR,CSD,GT2
GT4,GH0,2.A.1
3.A.1,3.A.1,3.A.1,GH76
2.A.1,CBM5,PadR,2.A.114
3.A.3,2.A.1,GH16
GH13_11,GT35,GH13_3,GH13_16,CBM48|GH13_9,3.A.1,GT20
GH38,3.A.1,3.A.1,NUDIX,9.B.34
2.A.109,MarR,9.B.115,GH13_31,1.A.23,3.A.1,2.A.16,HTH_8,3.A.1,3.A.1,3.A.1,2.A.1
9.B.34,GT4,TetR_N,4.C.1,2.A.1,9.B.102,2.A.1,9.B.106,3.A.1,3.A.1,3.A.1,3.A.1
2.A.7,Pyr_redox_2,3.A.1,3.A.1,3.A.1,3.A.1,3.A.1,2.A.86,2.A.86,PALP|ACT,CE14,1.C.113
4.C.1,GT39
GH23|CBM50,3.A.1
2.A.7,2.A.73,9.B.115,9.B.141,HD,2.A.1,1.E.34,4.F.1,2.A.7,GT4
9.B.106,GH23
9.B.146,2.A.103,GT28
8.A.5,GH32,PfkB,3.A.1,3.A.1,3.A.1,3.A.1,3.A.1,LacI|Peripla_BP_3,LacI|Peripla_BP_3,3.A.1,3.A.1,GH32
2.A.64,GT2
GH65,3.A.3,CBM48|GH13_11,HMA,3.A.3,HMA,5.A.1,9.B.62
2.A.6,2.A.6,1.A.8,Sigma70_r4,GT4
3.A.1,GT5|GH57,GT51,9.A.40
9.B.146,9.B.18,GT2,GT2
9.A.47,GH25
9.B.18,GT2,3.A.1,GT2,Pyr_redox,3.A.7
CE14,9.B.100
