AA10|CBM73,3.A.3,Peripla_BP_3|LacI,4.A.1,GH13_29,4.A.3,GH4,4.A.3,SIS|HTH_6,3.A.23
3.A.1,3.A.1,3.A.1,9.B.22,1.B.33,9.A.40,2.A.1,GH42
CBM50,3.A.1,2.A.25,1.A.23,2.A.3,3.D.10,3.D.10,2.A.7,9.B.13
1.B.33,HTH_18,1.B.14,GH23
2.A.3,GT26,9.B.128,GT56,2.A.66,Aminotran_1_2,GT0,9.B.146,3.A.6,1.I.1,GntR,2.A.39,PfkB,4.B.1
2.A.4,Trans_reg_C|Response_reg,HisKA|HATPase_c,2.A.7,HTH_18|AraC_binding,HTH_18|AraC_binding,3.A.1,3.A.1,3.A.1,3.A.1,1.B.15,GH91,GH32,2.A.2,Peripla_BP_3|LacI,GerE,1.A.23
1.B.11,2.A.1,GH36,Peripla_BP_1|LacI,2.A.1,HTH_3,2.A.78,4.A.7,4.A.7,5.A.3,5.A.3,5.A.3,9.B.126,2.A.21,3.A.23
1.A.77,3.A.2,3.A.2,3.A.2,3.A.2,3.A.2,3.A.2,3.A.2,3.A.2,PL9_1,SIS,3.A.1,3.A.1,3.A.1,3.A.1,1.B.3,2.A.40,LysR_substrate|HTH_1,2.A.1,2.A.9
2.A.1,2.A.81,GntR,4.A.1,GH4,9.B.51,PALP,2.A.8,LysR_substrate|HTH_1,2.A.1,2.A.7
2.A.2,GH31,HTH_11|Mga,4.A.2,4.A.2,4.A.2,Glucokinase,SIS|HTH_6,GH4,4.A.1,2.A.40,2.A.27,1.A.8,3.A.1,9.B.124
GT2,GT30,GT2,GT4,GT4,GT9,GT9,GT73,GT9,GT9,Aminotran_1_2,GT2,1.A.34
2.A.14,4.A.2,9.B.32,8.A.1,GH127,2.A.2,HTH_18|AraC_binding,2.A.1,IclR|HTH_IclR,3.D.1,Aminotran_1_2,GH13_19,GH73,Peripla_BP_3|HTH_18,3.A.1,3.A.1,3.A.1,9.B.44,9.B.97,1.E.53,3.A.1,CSD,HTH_3,2.A.1,2.A.1,PfkB,Peripla_BP_1|LacI,9.B.186,5.A.3,2.A.1,3.A.1,3.A.1,3.A.1,3.A.1,3.A.1,CbiA,GT2,4.D.3,1.B.55
GT2,4.D.3,GH8,1.B.55,GGDEF|EAL,2.A.23,PfkB,9.B.121,2.A.1,9.B.126,LysR_substrate|HTH_1,GerE,GH24,GH37,Pyr_redox_2,2.A.21,Trans_reg_C|Response_reg,9.A.8,9.A.8,9.A.8,Pribosyltran,2.A.8,2.A.17,9.B.4,2.A.20,Pyr_redox_2,3.A.23,2.A.47,HTH_1,1.A.26,3.A.1,3.A.1,3.A.1,3.A.1,3.A.1
GT83,2.A.7,2.A.7
2.A.6,GT2
2.A.8,CBM48|GH13_9,CBM48|GH13_11,GT5,GT35,Rhodanese,9.B.104,DeoRC|HTH_DeoR,GerE,GT35,GH77
GT51,1.B.22
GT51,8.A.8,4.A.2,1.B.42,1.B.42,1.B.42,SIS|CBS,2.A.19,3.A.1,3.A.1,3.A.1,3.A.1,3.A.1
9.B.124,1.E.34,9.B.27,GntR,2.A.1,2.A.23,2.A.109,GH43_11,HTH_18,2.A.2,Pyr_redox_2,Sigma70_r4,3.A.1,3.A.1,3.A.1,3.A.1
GH63,2.A.3,2.A.3,GH2
2.A.47,9.B.120,2.A.1,GH23,HhH-GPD,2.A.56,2.A.56,2.A.56,9.A.4
GH1,SIS|HTH_6,1.C.113,4.A.6,4.A.6,4.A.6,4.A.6,3.A.23
9.B.120,LysR_substrate|HTH_1,CBM50,LysR_substrate|HTH_1,4.A.2,4.A.2,4.A.2,4.A.2,HTH_18,4.A.2,4.A.2,8.A.5,8.A.5,Nitroreductase,2.A.1,8.A.5,2.A.1
2.A.42,2.A.117,LysR_substrate|HTH_1,PL0,PL22|PL22,2.A.1,Peripla_BP_1|LacI,2.A.1,GH32,1.B.15,PL22|PL22,3.A.1,3.A.1,3.A.1,3.A.1,AraC_binding,1.B.11,LysR_substrate|HTH_1,3.A.1,4.A.3,GH1,GntR,Peripla_BP_3|LacI,4.C.1,2.A.1,8.A.5,2.A.109,NUDIX,4.A.2
3.A.1,3.A.1,3.A.1,3.A.1,CbiA,GH102
CBM50,Sigma70_r4|Sigma70_r2|Sigma70_r3,2.A.1,LysR_substrate|HTH_1,MarR,1.E.53,1.B.11
3.A.1,3.A.1,3.A.1,1.B.14,3.A.1,3.A.1,3.A.1,3.A.1,Peripla_BP_3|LacI,Glucokinase,4.A.3,4.A.3,4.A.3,4.A.3,1.B.3,GH5_41|CBM35,GH1,3.A.23
3.D.1,3.D.1,3.D.1,3.D.1,3.D.1,3.D.1,GH1,4.A.1,Peripla_BP_3|LacI,2.A.52,Pyr_redox_2,3.A.23,SIS|CBS,DeoRC|HTH_DeoR,4.A.4,4.A.4,4.A.4,GH103,3.A.1,3.A.1,3.A.1
GH23,HisKA|HATPase_c,3.A.23
9.B.209,EAL|MASE1,GH105,2.A.2,GH28,GH1,Pribosyltran,2.A.40,2.A.86,1.B.33
4.A.1,GH1,1.B.17,9.B.27,GH3,3.A.1,3.A.1,3.A.1,3.A.1,MerR,9.B.33,LytTR|Response_reg,3.A.1,2.A.113,LysR_substrate|HTH_1,2.A.40
9.B.22,2.A.109,1.B.73,1.B.18,9.B.18,GH43_24,GT14,GT2,2.A.66
3.A.1,3.A.1,GT111|GT8,GT2,GT4,GT2
1.B.73,GyrI-like,2.A.85,2.A.1,4.A.2,Peripla_BP_3|LacI,LysR_substrate|HTH_1,2.A.1,9.B.34,GntR,4.A.1,GH4,1.B.11,1.C.80
3.A.7,GH23
GT2,1.B.1,HD,2.A.7
GH13_5,3.A.1,PALP,3.A.1,3.A.1,Autoind_bind|GerE,Response_reg|GerE,4.F.1,2.A.42,2.A.1,2.A.2,3.A.1,3.A.1,3.A.1,GT20,2.A.2,GH105,9.B.158
3.A.1,3.A.1,3.A.1,CBM50,Response_reg,2.A.24
2.A.107,4.A.6,4.A.6,4.A.6,2.A.109,EAL,NUDIX,PL17_1,PL38,3.A.1,3.A.1,3.A.1,PL38,4.C.1
5.A.2,2.A.34,GntR,Pyr_redox,2.A.36,GH23,2.A.2,1.B.15,GH3
GH13_16,3.D.4,2.A.66,2.A.1,LysR_substrate|HTH_1,3.A.1,2.A.1,3.A.7
2.A.17,HhH-GPD,3.D.6,3.D.6,3.D.6,3.D.6,3.D.6,3.D.6,HHA,GH1,3.A.1,9.B.102,Aminotran_1_2,4.A.1
2.A.1,GH2
9.B.159,Pyr_redox_2,CBM48|GH13_11,GH13_26,GH13_10,9.B.12,3.D.5,EAL,2.A.6
3.A.1,3.A.1,3.A.1,2.A.1,5.A.3,5.A.3,5.A.3,2.A.7,2.A.1,TetR_N,2.A.1,5.A.3,5.A.3,5.A.3,3.A.1,3.A.1,3.A.1,HTH_18|AraC_binding,GH78,1.B.3
2.A.7,3.A.1,CE8
GH108,1.E.56,1.E.43,Fer4,1.B.1,9.B.50,3.A.18,1.A.35
2.A.2,GH43_11,3.A.23,3.A.23
3.A.7,HTH_18|AraC_binding,GH3
1.B.39,2.A.49,1.B.14,2.A.23,CE0,GH4,HTH_18|AraC_binding,4.A.3,4.A.3,4.A.3
2.A.1,DeoRC|HTH_DeoR,8.A.5,PfkB,2.A.1,GH18,8.A.5,9.B.99,GT9,9.B.34
2.A.1,HxlR,Trans_reg_C|Response_reg,HisKA|HATPase_c,3.A.1,3.A.1,3.A.1,3.A.1,2.A.10,4.A.4,Sigma70_r4,Glucokinase,3.A.1,3.A.1,3.A.1,TetR_N,1.B.14,Pyr_redox_2,GH3,1.B.14,4.A.1
2.A.1,GT2
2.A.40,AA6,2.A.3
4.A.2,4.A.2,4.A.2,4.A.2,HTH_18,9.B.34,GerE,PL2_1,3.A.1,3.A.1,3.A.1,SBP_bac_3,SIS|HTH_6,3.A.9,CE4,GntR,2.A.39,9.B.35,2.A.40,LysR_substrate|HTH_1,3.A.1,3.A.1,3.A.1,LysR_substrate|HTH_1,5.A.1
GH4,HTH_18,TetR_C|TetR_N,2.A.1,GntR,3.A.1,3.A.1,3.A.1
GT4,3.A.1,3.A.1,3.A.1
GH19,1.E.56,1.E.43
2.A.1,3.A.1,3.A.1,3.A.1,3.A.1,3.A.25,Peripla_BP_3|LacI,2.A.1,GH31,3.A.1,GntR,GH1,8.A.5,2.A.45,Fe_dep_repr_C|Fe_dep_repress,1.B.6,2.A.7,3.A.1,3.A.1,3.A.1,1.A.23,1.B.14,Glycos_trans_3N,1.I.1,2.A.1,LysR_substrate|HTH_1,TetR_N,3.A.1,3.A.1,3.A.1,3.A.1,9.B.15,4.D.2,1.A.14
2.A.3,GntR,CE8
2.A.1,1.B.25,4.A.1,CE9
3.A.1,3.A.1,HTH_3,2.A.114,3.A.1,GH18,2.A.1,3.A.1,3.A.1,3.A.1,4.C.1,1.B.14,MarR,3.A.1,3.A.1,1.E.53,2.A.15,TetR_N,AA3_2,SBP_bac_5,3.A.1,3.A.1,3.A.1,3.A.1,3.A.1,3.A.1,3.A.1,SBP_bac_3,GntR|Aminotran_1_2,2.A.76,3.A.1,3.A.1,3.A.1,3.A.1,3.A.1,2.A.6,8.A.1,3.A.3,1.B.14,HTH_18,TetR_N,Nitroreductase,3.A.15,3.A.15,3.A.15,3.A.15,3.A.15,3.A.15,3.A.15,3.A.15,3.A.15,1.B.22,3.A.15,4.A.6,4.A.6,4.A.6,8.A.2,AAA,2.A.1,1.A.23
2.A.1,2.A.3,1.B.14,8.A.5,3.A.1,Peripla_BP_2,3.A.1,3.A.1,PfkB,1.B.3,4.A.1,GH32,Peripla_BP_3|Peripla_BP_1|LacI,HTH_3,GH1,4.A.1,3.A.1,3.A.1,3.A.1
2.A.17,2.A.3,Trans_reg_C,LysR_substrate|HTH_1,GH28
1.B.3,4.A.1,GH42,GH53,3.A.1,3.A.1,3.A.1,3.A.1,EAL,2.A.113,3.A.5,2.A.115
CBM34|GH13_21,2.A.3,2.A.26
3.A.1,3.A.1,3.A.1,Response_reg|GerE,HATPase_c|MASE1,2.A.1,3.A.1,3.A.1,3.A.1,2.A.3,GH28,2.A.3,3.A.1,3.A.1,3.A.1,3.A.1,3.A.1,3.A.1,3.A.1,3.A.1
1.B.14,1.B.18,GT2,GT4
GH23,2.A.1,LysR_substrate|HTH_1,3.A.1,3.A.1,3.A.1
GH19|CBM73,GT19,1.B.33
3.A.1,1.A.62,2.A.49,3.A.1,3.A.1,3.A.1,1.B.14,GT51,8.A.2,CBM41|GH13_13,1.B.22,3.A.15,3.A.15,3.A.15,3.A.15,3.A.15,3.A.15,3.A.15,3.A.15,3.A.15,3.A.15,3.A.15
2.A.3,2.A.2,GH43_26,9.B.125,3.A.15,3.A.15,NUDIX,3.A.5,CE11,GT28,2.A.103,9.B.146
2.A.24,3.B.1,3.B.1,HATPase_c|dCache_1,Response_reg,LysR_substrate|HTH_1,2.A.47,2.A.47,LysR_substrate|HTH_1,9.B.105,LysR_substrate|HTH_1,2.A.33,CBM5,GH18,Trans_reg_C,GH108,LysR_substrate|HTH_1,1.A.33,2.A.96,2.A.25
GH23,3.A.1,4.B.1
