GT2,GT89,CE1,CE1,CE5,3.B.1
GT2,3.A.1
3.A.1,3.A.1,3.A.1,GH6
3.A.7,8.A.59,AAA,GT2,2.A.109
GT53,5.A.1
4.C.1,3.A.1,3.A.1,3.A.1,3.A.1,GT20,3.A.1,3.A.1
GT4,GH0,3.A.3
8.A.3,GT4
CE14,1.C.113
CE4,8.A.59
GT87,NUDIX,5.A.3,5.A.3,5.A.3,SBP_bac_5,TetR_N,CE14
4.C.1,GT81,GT5,9.B.110,3.A.1
3.A.1,9.B.106,2.A.1,9.B.20,GT83
3.A.1,ANTAR|PAS,GH15
CE5,TetR_N,TetR_N,3.A.18,4.C.1
GH77,3.A.24,3.A.24
GT1,3.A.24,CE5,9.B.126
CE5,Sigma70_r4_2|Sigma70_r2,HTH_1|LysR_substrate,9.B.34,Pyr_redox_2,HTH_1|LysR_substrate,2.A.1
GT28,2.A.103,9.B.146
GT87,2.A.59,4.C.1,GT4,3.D.4,3.D.3,3.D.4
2.A.36,GT4
2.A.83,NIR_SIR_ferr|NIR_SIR,3.A.1,3.A.1,3.A.1,3.A.1,1.E.22,GH15
GH13_30,Pyr_redox_2,3.A.1,9.B.62
9.B.104,GT35,GH13_3,CBM48|GH13_9,Glyoxalase,8.A.59,2.A.1
9.B.97,CBM48|GH13_11,GH13_26,GH13_10
GT4,4.F.1,8.A.5,1.B.77
GT1,HTH_3,4.F.1,3.A.12
GT1,3.B.1,4.C.1
3.A.5,HD,1.A.11,3.A.5,CE14
2.A.1,HTH_18,GT4
8.A.5,CBM48|GH13_11
GT2,3.A.3,Pkinase,3.A.1
3.D.10,3.D.10,Sigma70_r4_2|Sigma70_r2,2.A.1,CE9,2.A.7,9.B.126
3.A.24,GH65
3.A.24,3.A.24,3.A.24,CE5,CE5
3.A.1,TetR_N,9.B.15,GH38
3.A.7,3.A.1,3.A.1,3.A.1,GntR,2.A.1,GH92,ANTAR,2.A.85,2.A.55
GT4,4.C.1
2.A.20,4.C.1,GT2
2.A.4,9.B.27,GH76,Pribosyltran,3.A.9
2.A.116,2.A.116,GT83,GH16_9,1.A.33
GT4,TetR_N,4.C.1
AA3,HTH_18,5.A.3,TetR_N,2.A.1
3.A.1,CE1,GH13_16
4.C.1,CE5
2.A.6,3.A.24,3.A.24,GH23
