GH57,Response_reg,3.A.23
9.B.20,3.A.16,Response_reg,AsnC_trans_reg,GT30,2.C.1,Glucokinase,2.A.66
8.A.21,CBS,3.A.11,GT30,4.C.1
GT28,9.B.146
9.B.18,GT0
1.A.43,GT83
GT20,GT4,1.A.23,ATPase_2,PfkB,2.A.69,1.B.33,3.A.1,3.A.1
GT2,GT2,3.A.1,9.A.40,1.B.42
GT4,GT4,Aminotran_1_2,9.B.18
GH23,9.B.10,CbiA,1.C.109,CBS,GT51
3.A.1,SpoVT_AbrB,3.A.1,GH57,3.A.12
1.B.52,GH23,Ada_Zn_binding,ACT,2.A.38,2.A.38,2.A.3
2.A.37,HTH_3,CbiA,3.A.1,3.A.1,3.A.1,3.A.1,3.A.1,CE11
1.B.52,2.A.21,CBM50,3.A.23
2.A.21,HD,9.B.14,HATPase_c|Response_reg|HisKA,Nitroreductase,3.A.1,3.A.1,GT4,CE4
GT5,PALP,2.A.45,3.A.5,1.A.30,3.A.1,3.A.1,3.A.1
3.A.2,TPR_2,GT9,GT9,9.B.34
GT4,GT4,3.A.3
2.A.56,2.A.56,Fer4,2.A.56,2.A.106,GT83
9.B.149,NIR_SIR,Fer4,GH57,1.A.23,2.A.64
GT66,3.A.1,3.A.1
GT2,3.A.15,3.A.15,3.A.15
3.A.15,2.A.19,B12-binding,3.A.15,3.A.15,3.A.1,Peptidase_M23,9.B.174,Aminotran_1_2,GT2,2.A.7,Pyr_redox_2,3.A.1,3.A.1
