3.A.1,Peripla_BP_1,3.A.1,3.A.1,3.A.1,3.A.1,3.A.1,3.A.1,3.A.1,SBP_bac_1,3.A.1,3.A.1,GntR,CE9
CE9,EPSP_synthase,SIS,GntR,3.A.1,3.A.1
GT1,GT4,Guanylate_cyc,cNMP_binding,3.A.1,3.A.1,3.A.1,3.A.1,GT4,GT1,3.A.1,3.A.1,SBP_bac_1,3.A.1
2.A.109,GH102
2.A.1,GT51
GT26,GH10,GT0,2.A.7
3.A.1,3.A.1,3.A.1,AA2
1.B.52,8.A.1,MarR,3.A.1,3.A.1,3.A.1,3.A.1,3.A.1,3.A.1,1.B.52,3.A.1,3.A.1,HTH_IclR|IclR,SBP_bac_1,AA3_2
2.A.88,GntR,3.A.1,3.A.1,3.A.1,3.A.1,4.C.1,3.A.1,3.A.1,3.A.1,3.A.1,Glyoxalase,CE4,3.A.1,SBP_bac_1,3.A.1,3.A.1,3.A.1,3.A.1,3.A.1,Aminotran_1_2,3.A.1,3.A.1,3.A.1,3.A.1,GntR,2.A.6,2.A.6,2.A.6
9.B.1,3.A.1,GT2
3.A.1,GT4,GH13_23,CSD,GH130,GT4
9.B.125,Aminotran_1_2,1.B.12,AA3_2
2.A.76,TPR_1|TPR_2,GH15,GT20,8.A.7
GT21,2.A.109,2.A.109,2.A.66,GT2,1.B.52
GH51,3.A.1,3.A.1,3.A.1,3.A.1,3.A.1,3.D.2
GT51,SpoVT_AbrB,4.A.2,HTH_5,CSD,1.I.1,2.A.1
GT0,TetR_N,2.A.4
2.A.80,9.B.110,GT2,GT4,1.B.18,Response_reg|GerE,9.B.18,GT4,GT4,2.A.66,GT4,GH16_7
2.A.80,GH23
2.A.80,Glyoxalase,1.B.33,1.B.70,GH23
9.B.18,2.A.7,2.A.7,GT4
GT2,3.D.1,GT83,GT2,2.A.123,SBP_bac_3,3.A.1,3.A.1,3.A.1,3.A.1,3.A.1,3.A.1,3.A.1
4.C.1,4.C.1,1.B.18,GT26,9.B.18,CbiA,3.A.1,8.A.1
1.A.23,GT51,1.A.34
9.B.34,1.I.1,HTH_1,HATPase_c,GT4,2.A.66
2.A.80,2.A.80,2.A.80,2.A.80,LysR_substrate|HTH_1,2.A.36,Peripla_BP_3|LacI,SBP_bac_1,3.A.1,3.A.1,3.A.1,GH31
3.A.1,3.A.1,3.A.1,3.A.1,SIS|HTH_6,Peripla_BP_3|LacI,SBP_bac_1,3.A.1,3.A.1,3.A.1,GH63
2.A.80,GT19,1.B.33
AA3,HTH_IclR|IclR,3.A.1,3.A.1,3.A.1,3.A.1
GH33,3.A.1,3.A.1
GT4,GT4,GT27,8.A.1,3.A.1,MarR,GT4
2.A.6,2.A.6,AAA,CBM50,2.A.64,3.A.1,GH3,2.A.56,HD,CSD,2.A.76
2.A.80,GT51
1.B.20,FecR,PAS|EAL|CHASE2|GGDEF,1.A.26,GH25,GH25,2.A.20,1.A.35
CE1,3.A.6
9.B.107,AAA,GT4,2.A.7
9.B.43,9.B.35,CE4,GT35,GH13_11,GT5,CBM48|GH13_9,GH77,LysR_substrate,LysR_substrate|HTH_1,3.A.1,3.A.1,3.A.1,2.A.40
3.A.18,3.A.1,1.B.33,CE11
GT28,2.A.103,9.B.34,9.B.146
2.A.7,CSD,GH3,2.A.115,3.A.1
GT4,Aminotran_1_2,GT4,4.F.1,4.C.1
3.A.1,GH103
1.B.4,GT2
3.A.1,9.B.97,Glucokinase,GT2,GT4
1.B.6,3.A.16,TPR_2,2.C.1,1.A.30,1.A.30,TetR_N,GT2|GT2
4.C.1,3.A.1,3.A.1,3.A.1,3.A.1,HTH_IclR|IclR,2.A.80,GT51,2.A.6,2.A.6,TetR_N,3.A.1,SBP_bac_3,3.A.1,3.A.1,GntR,3.A.1,3.A.1,GT4
