4.C.1,GT2
2.A.45,AA2
2.A.35,GntR,GH13_29,4.A.1
2.A.21,4.A.2,DeoRC|HTH_DeoR,8.A.59,SpoVT_AbrB,9.A.8,FeoA,2.A.28,2.A.35,GntR,GH1,4.A.3,4.A.3,4.A.3,MerR,2.A.1,3.D.1
CE12,2.A.28
GH18,9.B.51,2.A.1,Pyr_redox_2|Rhodanese,3.A.1
GT4,CE14,2.A.115,3.D.3,3.D.3,3.D.3
9.B.125,3.A.1,3.A.1,3.A.1,4.A.1,GntR,CE9,HisKA|HATPase_c|PAS,Trans_reg_C|Response_reg,9.B.14,9.B.156,9.B.156
CBM50,3.D.10
3.D.10,3.D.10,3.D.10,GT81
CBM68|GH13_14,2.A.1,HTH_DeoR,2.A.66
GT35,GT5,CBM48|GH13_9,2.A.4,2.A.76,3.A.1
GH5_7|CBM27,CE7,3.A.1,3.A.1,3.A.1,GH113
GT2,9.B.174
2.A.1,TetR_N,3.A.1,3.A.1,3.A.1,Response_reg|HTH_18,8.A.59,3.A.1,GH4
GT108,2.A.38,GH130,GT108,3.A.1,2.A.7
GT51,2.A.40
GT2,2.A.1,GH32,4.A.1,4.A.1,HTH_8,3.D.2
3.A.1,3.A.1,3.A.1,3.A.1,CE4
3.A.1,2.A.38,2.A.3,2.A.107,GT28,CE4,GT28,3.A.18
GT4,9.B.159,STAS,1.E.43,1.B.52,Aminotran_1_2,2.A.1
2.A.1,2.A.19,CE4
3.D.4,2.A.7,2.A.109,2.A.114,GH13_31,2.A.1,3.A.1,3.A.1,3.A.1,Pyr_redox_2,9.A.40,3.A.1
CBM34|GH13_20,3.A.1,3.A.1,3.A.1,GH13_1
2.A.103,GT4,GT4,Pyr_redox,GT4
3.A.25,2.A.7,GH1,3.A.3
CBM50,2.A.21,2.A.37,4.A.1,PTS-HPr,8.A.7,1.B.52
GH25|CBM50,2.A.1,1.B.52,3.A.24,4.C.1,4.C.1,2.A.7,1.A.62
3.A.1,3.A.1,5.A.1,Response_reg,CBM50
