1.C.67,1.I.1,Glyoxalase,Glyoxalase,MarR,2.A.4,TetR_N,3.A.1,3.A.1,SIS|HTH_6,2.A.21,GH20,9.B.34,HTH_1|LysR_substrate,2.A.1,2.A.7,9.B.34,1.B.1
GH18,9.B.34,Rhodanese,3.A.25,2.A.55,2.A.49,HTH_3,8.A.5,2.A.6,2.A.6,1.B.52,9.B.186
3.A.1,8.A.1,3.A.1,GT44,1.B.52
9.B.1,2.A.61,2.A.1,CBM13,1.B.52,1.B.52,GH13_27
GH18,HTH_18,HTH_8|Response_reg,HisKA|HATPase_c,2.A.1
2.A.118,9.B.196,2.A.7,AA10|CBM73,1.B.52,2.A.102,2.A.42,9.B.20,2.A.6,8.A.1,GyrI-like,Rhodanese,1.A.33
4.A.2,3.A.1,3.A.1,3.A.1,AA3_2
9.B.34,HTH_3,1.B.52,GGDEF|CHASE,2.A.41,2.A.1,CBM50,9.B.143,1.B.52,1.B.52,GH13_27
3.A.1,3.A.1,3.A.1,3.A.1,9.B.18,8.A.3,GT4,GT4,2.A.66,3.A.1,3.A.1
1.A.13,TPR_1,GGDEF,3.A.1,3.A.1,3.A.1,SBP_bac_1,1.B.52,1.B.52,1.B.14,1.I.1,CBM50
9.B.55,GH13_37|CBM69,SBP_bac_3,9.B.34
4.A.1,LacI|Peripla_BP_1,GH2,3.D.1,4.A.2,4.A.2,PTS-HPr,HTH_18,4.A.2
3.A.23,GyrI-like|HTH_18,1.B.14,Fer4,2.A.2,GH36,GH2,3.A.1,3.A.1,3.A.1,Peripla_BP_3|LacI,TetR_N,2.A.6
GH3,HTH_18|AraC_binding,GH16_3,GH17,Peripla_BP_3|LacI,GH149,3.A.1,3.A.1,3.A.1,3.A.1,3.A.1,SBP_bac_3,Peripla_BP_3|LacI,3.A.1,GH1,3.A.1,3.A.1
4.C.1,Response_reg|Trans_reg_C,HisKA|HATPase_c,SBP_bac_3,9.B.27,2.A.19,HTH_1|LysR_substrate,HTH_1|LysR_substrate,Glyoxalase,2.A.58,8.A.59,EAL,1.B.52,AA10,B12-binding,MarR|AsnC_trans_reg,2.A.76,1.B.52,GH13_9,GH77,GT35
2.A.23,PfkB,2.A.3,CBM41|CBM41|GH13_13,GH13_38,3.A.1,GH133,GH13_11
GH18,TetR_N,2.A.62,2.A.115
2.A.21,MarR|AsnC_trans_reg,PL8_3,GH154,3.A.1,3.A.1,3.A.1,3.A.1,1.B.52,2.A.53,GH88,GH112,PL8_3,3.A.1
2.A.7,HTH_DeoR|DeoRC,HTH_DeoR|DeoRC,SIS,4.A.6,4.A.6,4.A.6,4.A.6,CE9,3.A.1,1.B.14,GntR,3.A.1,3.A.1,3.A.1,3.A.1,3.A.1,3.A.1
PL2_2,PL2_2,2.A.21,1.B.35,PL9_1,2.A.21,PL22|PL22,GH13_19,9.A.5,9.B.156
3.A.1,1.B.52,SBP_bac_3,CE2,EAL|MASE1,CBM5,3.A.1,3.A.1,3.A.1,3.A.1,4.A.3,1.B.6,2.A.1
2.A.7,AA2,HTH_DeoR|DeoRC,3.A.1,3.A.1,3.A.1,3.A.1,HD,1.B.52,2.A.102
9.B.18,GT4,GT4,GT4,GT4,3.A.23,HisKA|HATPase_c|Response_reg,1.B.18
3.D.4,3.D.4,3.D.4,3.A.3,5.A.1,Crp|cNMP_binding,GH73,3.A.1,3.A.1,3.A.1,3.A.1,3.A.1,1.A.11
9.B.34,1.A.33,9.B.34,SBP_bac_3,GT4,GT4,GT2,9.B.18,2.A.25,3.A.1,3.A.1,8.A.59,Glyoxalase,2.A.42,SBP_bac_3,8.A.59
2.A.34,5.A.2,CBM34|GH13_21,3.A.1,3.A.1,3.A.1
5.A.3,Peripla_BP_3|LacI,GT5,3.A.7
2.A.37,2.A.37,GH23
GT19,1.B.33
2.A.22,CBM73|GH18,2.A.16,9.B.34,3.D.5,3.D.5,3.D.5,3.D.5,3.D.5,3.D.5,3.D.5,2.A.1
3.A.16,GH102,3.A.7
1.A.8,HTH_DeoR|DeoRC,1.A.35,9.B.8,Peripla_BP_3|LacI,MCPsignal|dCache_2,2.A.2,GH5_13
GH2,2.A.3,2.A.3,GH63
3.A.5,3.A.16,1.B.1,1.A.34,2.A.6,2.A.6,Aminotran_1_2,HisKA|HATPase_c|Response_reg|dCache_1|PAS,3.A.1,3.A.1,3.A.1,3.A.1,3.A.1,GH9,GH20,GH94,3.A.1,3.A.1,3.A.1,1.A.11,Diacid_rec,2.A.8,GT51
3.A.5,9.B.14,9.A.40,GH23,9.B.27,3.B.1,3.B.1
GH23,1.B.52
GH4,4.A.3,4.A.3,4.A.3,CE4|CBM12,1.B.42,1.B.42
1.B.22,GT51
CBM50,Fer4,2.A.47
CBM50,2.A.38,2.A.38,1.C.113
GT9,GT2,GT9,Pkinase,9.B.18,Aminotran_1_2,GT0,GT30,GT9,1.B.14,1.B.18,8.A.3
GT4,9.B.18,9.B.18
GT1,HTH_1|LysR_substrate,4.C.1,ACT,9.B.34
9.B.146,Pyr_redox_2,2.A.103,GT28,CE11,3.A.5,NUDIX,2.A.102,HTH_1|LysR_substrate,1.A.62,3.A.1
3.A.23,8.A.5,NUDIX,8.A.7,2.A.102,2.A.58,HTH_1|LysR_substrate,HTH_5,2.A.66,9.B.105,LytTR|Response_reg,9.B.33,2.A.114,GH3,1.A.34,3.A.1,GH23,Trp_repressor,1.B.33,3.A.9
1.B.33,9.B.34,CBS,GH19|CBM5,2.A.96,2.A.25,Pyr_redox,HTH_1|LysR_substrate,1.A.1,2.A.15
2.A.68,HTH_1|LysR_substrate,GH23
9.B.34,TPR_1,3.A.1,3.A.1,3.A.1,Peripla_BP_3|LacI,4.A.1,GH13_29,2.A.115
GH20,3.A.3,1.B.1
GH73,4.A.1,8.A.7,8.A.8,PALP,2.A.121
1.B.52,2.A.17,2.A.37,MarR,CE9,4.A.1
4.C.1,CbiA,GH103,HTH_1|LysR_substrate,2.A.41
2.A.6,GT2
3.D.1,Pyr_redox,HTH_1|LysR_substrate,2.A.117,1.A.16,3.A.1,5.B.5,5.A.3,GH36,2.A.119,3.A.1,3.A.1,3.A.1,3.A.1,3.A.1,3.A.23,9.B.100,PspC,2.A.6,8.A.1,2.A.6,Aminotran_1_2,2.A.22,1.B.52,3.A.23,3.A.1,3.A.1,3.A.1,9.B.34
