1.B.14,8.A.46,GH97,GH13,2.A.2
CBM48|GH13_9,GT5,2.A.7
3.A.1,3.A.1,3.A.1,3.A.1,3.A.3,2.A.6,2.A.1,GT2,GH13_19,3.A.18,2.A.20,1.I.1
9.A.40,GT2
3.A.1,3.A.1,1.B.6,3.A.5,3.A.2,3.A.2,3.A.2,9.A.40,9.B.104,GT32,GT4
2.A.3,1.A.23,GT2,GT2
2.A.17,2.A.17,2.A.17,3.A.16,HTH_3,2.A.109,2.A.3,GT2
GT4,2.A.16,SIS|CBS,2.A.64,2.A.102,GT2
GT51,3.A.1,GT2,1.B.9,2.A.55
8.A.46,9.B.27,GT35,GH0,1.C.113,1.A.34,3.A.7,1.A.23,9.B.176,9.B.176
2.A.6,TetR_N,8.A.46,1.B.14,GH13,GT32,1.A.28
GT4,9.B.144
GH13_10,9.B.35
GH13,HisKA|HATPase_c,Trans_reg_C|Response_reg,1.B.14
3.A.1,GT4,GT2,GT2
3.D.10,3.D.10,3.D.10,3.A.11,GT19
GT2,GT2,GT2,GT4,GT4,2.A.53,2.A.53
GT2,3.A.16,2.A.37
9.B.146,2.A.103,GT28,2.A.36,9.B.104,HATPase_c,9.B.156,GT9,3.A.9
3.D.7,GT4
9.B.114,9.B.33,GT2,9.B.146
CE14,3.A.1,GT4,GH3
9.B.126,2.A.37,3.A.1,9.B.153,2.A.23,GH92,3.A.1,9.A.25,CBM20|GH77
GT2,GT2,GT4,GT4,9.B.146
GH25,3.A.1,2.A.3,1.B.14
GT5,SIS,9.A.25,9.A.25,9.A.25,3.D.10,3.D.10
