GH23,8.A.59,3.A.7
GT4,3.A.1,3.A.1,3.A.1,3.A.1,3.A.1,3.A.1,3.A.1,3.A.1,Response_reg|Trans_reg_C,HisKA|HATPase_c,GH51,LacI|Peripla_BP_3,2.A.1,MerR,2.A.20
GH67,2.A.21,HisKA|PAS|HATPase_c,GT2
3.A.3,3.A.3,3.A.3,CE4,8.A.5,2.A.1,GH18,3.A.1,3.A.1,3.A.1
9.B.18,GT4,GT4,3.A.1,3.A.1,GT4
3.A.3,4.C.1,Sigma70_r4_2|Sigma70_r2,2.A.64,GT108,TPR_1|TPR_2,3.A.11,3.A.15
3.A.15,3.A.11,3.A.23,GH130,3.A.23,2.A.3,GH73,GH3,2.A.1
9.B.74,GT51,AraC_binding,1.E.40
8.A.5,GT4,GH36,GH113,Glyoxalase,GT84|GH94,2.A.1,LacI|Peripla_BP_3,3.A.1,SBP_bac_1,3.A.1,GH4
3.A.1,HxlR,CE9,MarR,8.A.5,2.A.1,HTH_18,2.A.1
GH0,SBP_bac_1,3.A.1,3.A.1,9.B.146
3.A.1,3.A.1,GH2
9.B.146,2.A.103,GT28
CE4,3.A.11
GT4,9.A.5,2.A.120,2.A.115
2.A.1,Rhodanese,3.D.10,3.D.10,3.D.10,Aminotran_1_2,9.B.150,2.A.19,GT2
2.A.7,2.A.4,9.B.142,GT81,GH1,3.A.1,3.A.1,3.A.1,3.A.1,3.A.1,Fer4,HTH_3,3.A.1,GT28,CE4,GT28,3.A.1,3.A.1,SBP_bac_1,4.C.1,3.D.1,2.A.7,PfkB,3.A.1,3.A.1,3.D.4,3.D.4,2.A.1,MarR,3.A.1,3.A.1
2.A.2,CE14,8.A.5
GT51,1.E.40
9.B.104,GT4,3.A.1,3.A.1
3.A.1,3.A.1,3.A.1,LacI|Peripla_BP_3,LysR_substrate|HTH_3,3.A.1,3.A.1,Rrf2,GH18,2.A.3,3.A.1,3.A.1,2.A.35,3.A.1,3.A.1,3.A.1,3.A.1,3.A.1,3.A.1
GH10,2.A.89,GT2,8.A.21,HTH_11,GH23
2.A.1,GT2
2.A.1,9.B.62,9.B.62,GH28,3.A.1,3.A.1
1.A.11,3.A.1,3.A.1,3.A.1,3.A.1,3.A.1,GH9
2.A.3,GT2,3.A.1
2.A.3,2.A.3,HTH_8|PAS,2.A.14,HTH_IclR|IclR,3.D.7,GT2
3.A.5,GT2,GT2
GT26,2.A.1
2.A.1,2.A.1,FUR,3.A.1,9.B.34,2.A.1,2.A.20,MarR,GH3,9.B.105
CE4,3.A.1
3.A.9,CtsR,GerE|Sigma70_r2,4.F.1,1.A.33,HTH_11,1.A.34,EPSP_synthase,3.A.2,3.A.2,3.A.2,3.A.2,GT0
9.B.34,GH31,GH13_20,LacI|Peripla_BP_3,3.A.1,3.A.1,3.A.1,CBM34|GH13_39,NUDIX,HTH_5,2.A.1,9.B.211,GH31,3.A.1,AraC_binding|HTH_18,GH42,1.A.11,GH51,MarR,2.A.1,GntR|Peripla_BP_3,3.A.1,3.A.1,3.A.1,GntR|Peripla_BP_3,GH127,Nitroreductase,2.A.1,EAL,PAS|GGDEF,2.A.16,LysR_substrate|HTH_1,9.B.160
