GT2,2.A.109
4.C.1,3.A.1,3.A.1,3.A.1,3.A.1,3.A.1,GT20
2.A.39,CE4
GH23|CBM50,9.B.55,CSD,2.A.1
4.A.1,4.A.1,CE9
GH23|CBM50,Pkinase,4.C.1,2.A.3
2.A.108,2.A.108,GH23
CE14,1.C.113
CE4,2.A.1
2.A.1,2.A.21,2.A.21,Response_reg|LytTR,9.B.33,HhH-GPD,GT87,NUDIX,2.A.1,5.A.3,5.A.3,5.A.3
CE14,3.D.4
4.C.1,GT81,GT5,9.B.110,3.A.1
3.A.1,GH23,1.A.26,3.A.1,3.A.1,3.A.1,3.A.1,1.A.35
CBM48|GH13_9,GH13_3,GT35,1.B.58
GH39,2.A.1,TetR_N,3.B.1
GH15,1.E.22,3.A.1,3.A.1,3.A.1,3.A.1
GT51,GH65,8.A.7
4.C.1,8.A.5,FmdA_AmdA,Pyr_redox_2,2.A.6,3.A.1,2.A.3,TetR_C,2.A.81,GT35,2.A.40,8.A.59,CE1
3.D.4,3.D.4,3.D.3,3.D.4,GT4,4.C.1,3.A.4,GT87,9.B.106
9.B.146,2.A.103,GT28
2.A.19,2.A.1,GT83
9.B.106,GH77
1.A.23,dCache_1|Guanylate_cyc,GH13_20,3.A.1,3.A.1,TPR_2,3.A.9,GntR,3.A.1,2.A.1
3.A.1,3.A.1,3.A.1,CE5,3.A.1,3.A.1,3.A.1,3.A.1
2.A.7,HTH_1|LysR_substrate,TetR_N,3.A.1,3.A.1,3.A.1,GT4,GH0,TetR_N,2.A.8
9.B.97,CBM48|GH13_11,GH13_26,GH13_10,PALP,2.A.1,2.A.7
3.A.5,GT2
4.C.1,NUDIX,GT4
3.A.1,3.A.1,3.A.1,3.A.1,GT1,HTH_3,4.F.1,3.A.12,2.A.106,2.A.6,8.A.35
4.C.1,CE1,1.A.26,TetR_N,2.A.40,9.B.35,9.B.35
GT2,9.B.67,GT4
4.C.1,GT2,GT26
2.A.7,CE5,CE5,CE5
9.A.25,9.B.142,GT2
2.A.1,GT2
4.C.1,GntR,4.C.1,PIG-L,GT2
3.A.1,Pkinase,GT2,9.B.142,Aminotran_1_2,2.A.3
9.B.27,2.A.33,IclR|HTH_IclR,GH76,9.B.34,Pribosyltran,3.A.9,2.A.116,5.B.1,MerR,1.A.33
GT4,4.C.1
CE1,3.A.7
3.A.1,SBP_bac_1,CE1
GH13_33,5.A.3
2.A.3,CE5,3.A.1,2.A.88,3.A.1,2.A.1,TetR_N,2.A.1,4.C.1,HATPase_c,GT1,GT1,4.C.1,2.A.6,2.A.6,8.A.35,3.A.1,SBP_bac_3,3.A.1
2.A.3,GH6,3.A.1
3.A.1,3.A.1,Peripla_BP_2,GT51
3.A.1,3.A.1,MarR,GH63
GT2,GT89,CE1,CE1,CE1,CE5,3.B.1,Pyr_redox,GT53,GT53,GT53,GT85
GT2,3.A.1
