3.A.1,3.A.1,CBM32
2.A.1,4.C.1,GT4
3.D.2,3.D.2,3.D.2,3.A.23,3.A.9,1.A.14,3.A.1,2.A.1,AA3_2
3.A.1,9.B.160,9.B.105,GT2,MerR,Ada_Zn_binding|HTH_18,2.A.102
GH102,2.A.66
1.B.12,HTH_5,GT2
2.A.7,EPSP_synthase,GT51,8.A.28
2.A.36,9.B.176,TetR_N,1.B.14,2.A.3,9.B.34,1.I.1,9.B.34,1.B.14,CBM50,3.A.1,3.D.10
2.A.95,GT2
GT20,GH15,1.C.82,2.A.86,2.A.1,GT4,9.B.34,9.B.34
3.B.1,1.B.14,1.B.14,TetR_N,4.C.1,2.A.2,PALP,HTH_18,4.C.1,1.B.14,2.A.28,GT2
GT51,1.A.23
GT4,1.A.23
4.F.1,GT51
5.A.1,1.A.30,9.B.34,1.E.54,GH108,TPR_2,3.A.23,HATPase_c,9.B.18
GH23,Sigma70_r2|Sigma70_r4_2,FecR,1.B.14,2.A.1
1.B.33,GT4,2.A.6,2.A.6,AAA,2.A.47,9.B.145,2.A.6,3.A.1,3.A.1,TetR_N,2.A.3,1.B.14
2.A.64,GH3,9.B.34
GT28,2.A.103,9.B.146
1.A.11,4.F.1,B12-binding,2.A.51,GH84,HTH_18,HTH_18,2.A.17,1.A.1,GT4
