CE4,CBM5,GH19,9.B.169
AA2|AA2,1.B.14,NUDIX,1.B.14
2.A.6,4.A.3,GT104
2.A.76,Peripla_BP_3|LacI,2.A.2,GH1,2.A.1,GH3
8.A.59,FecR,TPR_2,2.A.79,GT0|GT2|GT4
4.C.1,CbiA,GH103,PfkB,2.A.1,GH92,SBP_bac_3,2.A.25,9.B.110,SBP_bac_3,3.A.1,3.A.23
1.B.14,MarR,Peripla_BP_3,3.A.1,3.A.1,GH3,1.B.14,SBP_bac_3,GH97,1.B.14
GH20,FecR,Sigma70_r2|Sigma70_r4_2,GH20,PAS|HATPase_c|Response_reg|HisKA,3.A.1,HATPase_c|CHASE|MASE1|HisKA,dCache_1|MCPsignal,1.B.10
3.A.16,3.A.5,1.B.3,GH18,AA10,GH18|CBM5,9.A.40,9.B.14,3.A.5,3.A.1,3.A.1,3.A.1,3.A.1,3.A.1,3.A.23,9.B.100
GH13,LytTR,9.B.169
CBM5,1.B.14,HATPase_c|Response_reg|HisKA,1.B.14
9.B.18,1.B.18,8.A.3,2.A.40,1.B.52,GH13_23,1.B.14,GH13,GH13_38,2.A.2,GH15
1.B.14,2.A.47,GH3
2.A.1,GH37,LysR_substrate|HTH_1,2.A.21
1.B.14,2.A.118,1.B.14,GH16_3,HATPase_c|HisKA,Response_reg|Trans_reg_C,2.A.38,2.A.38,1.B.52,CSD,LysR_substrate|HTH_1,2.A.37
1.B.14,EAL,GH19
GH20,PfkB,2.A.21,HTH_6|SIS,1.B.14
GH13_18,2.A.1,PfkB,1.B.52
2.A.37,9.B.34,GT19,1.B.33
GH23,3.A.9,1.B.33,3.A.15,9.A.21
1.B.39,3.A.23,GT2,GH16_14,GT4,2.A.66
GT26,GT4,9.B.18,9.B.42,3.A.1,2.A.17,Glyoxalase,Peptidase_M23,3.D.1,2.A.1,9.B.34
3.D.10,CBM50
8.A.51,MCPsignal,3.D.5,3.D.5,3.D.5,3.D.5,3.D.5,3.D.5,3.D.5,2.A.56,2.A.56,2.A.56,2.A.1,HTH_3,2.A.6,2.A.6,2.A.49,Aminotran_1_2,GT51,8.A.5,LytTR|Response_reg,Penicillinase_R,1.A.11,8.A.59,LytTR|Response_reg,9.B.34
1.B.14,HATPase_c|dCache_1|Response_reg|HisKA,9.B.34,CBS,AA10|CBM73,ATPase_2,Sigma70_r4|Sigma70_r2|Sigma70_r3,CBM50
9.B.174,Sigma70_r2|Sigma70_r4,3.A.1,3.A.1,3.A.5,8.A.59,LysR_substrate|HTH_1,9.B.104,Rhodanese,Aminotran_1_2,GT9,PfkB,SIS,1.B.73,GT30
GH23,PfkB,2.A.25
1.B.22,3.A.11,GT51
GH63,HTH_18,2.A.6,2.A.6,HTH_3,3.A.1,3.A.23
2.A.21,GH23,2.A.38,2.A.38,CBM50,3.A.11
2.A.3,MarR|AsnC_trans_reg,Fer4,9.B.34,GT83,GT2,3.A.23,3.A.1
GH73,8.A.21
9.B.146,2.A.103,GT28,CE11,1.A.34,3.A.5,NUDIX,SBP_bac_3,GH20,2.A.1,BLUF,1.B.52
GT1,1.B.52,AAA,3.A.11,1.A.23,1.B.75,1.B.18,9.B.146,3.A.15,3.A.15
3.A.15,TPR_2|TPR_1,2.A.66,GT4,GT4,GT2,GT26
GT2,GT2,9.B.97,Sigma70_r4,4.B.1,1.B.14
