2.A.66,GH102,9.B.34
GH43_18,GH43_26,2.A.17,GntR,GH146,GH43_29
2.A.3,GH27|CBM13|CBM35|CBM51,1.B.14
GH105,GH106,1.B.14,1.B.52,CheW,HTH_3,GT2,9.B.18
GT26,GT2,GT2,GH10,GH16,LacI|Peripla_BP_3,GH28,PL1_2,1.B.14
1.B.14,PL1_2,9.B.140,1.C.82
GT51,Sigma70_r4|Sigma70_r2,1.B.14
GH5_7,1.A.14
GT4,3.A.11
GH31,2.A.6,2.A.6,2.A.6
2.A.2,GH97
GH115,GH43,1.B.14,GH43_18
2.A.23,3.A.1,GH23,1.B.14,2.A.21
9.B.169,Trans_reg_C|Response_reg,HATPase_c|HisKA,2.A.53,GT2
2.A.20,HTH_18,GH29
GH55,GH55,SKI,GerE,2.A.1
3.A.6,3.A.6,3.A.6,3.A.6,GH23,3.A.6,3.A.6,3.A.6
2.A.1,3.A.1,TetR_N,2.A.1,2.A.1,1.B.14,2.A.21,Trans_reg_C|Response_reg,MASE1|HATPase_c|HisKA,3.A.3,3.A.3,3.A.3,1.B.14,CE9,1.B.14,GntR,GH18,GH20
2.A.1,AsnC_trans_reg|HTH_11,HTH_1|LysR_substrate,GH43|GH43,1.B.14
1.B.14,GH43_10,2.A.1,HTH_IclR|IclR,GH35,1.B.14,2.A.6,2.A.6,2.A.6,TetR_N,TetR_N,3.A.1,3.A.1,3.A.1,3.A.1,2.A.6,GntR,4.A.1,4.A.1,1.B.14,GntR,SIS,CE9,2.A.21
2.A.64,GH3
GT28,2.A.103,9.B.146
1.B.19,3.A.1,3.A.1,3.A.1,GT2
2.A.1,LacI|Peripla_BP_3,GH3,GH9,GH43_12,1.B.14,GH67,GH10
1.B.14,GH3,HATPase_c|PAS|GAF|HisKA|Response_reg,2.A.2,GH3,LacI|Peripla_BP_3,GH144,1.B.14
GH27,GH146,GH51,1.B.14,GH43_5,2.A.1,GntR,GH51,SBP_bac_1,3.A.1,3.A.1,3.A.1,2.A.47
2.A.120,1.B.14,HTH_3,2.A.1,Trans_reg_C|Response_reg,HTH_1|LysR_substrate,AA6
GH35,2.A.3
GH28,1.B.14,SpoIIE,FHA,9.B.106,EAL,GH105,Pribosyltran,3.D.3,3.E.2,3.D.3
9.B.62,1.B.76,GH43_26,GH16_3
PL26,1.B.14
2.A.1,GH43_10,3.A.1
3.A.1,9.B.160,2.A.67,GH130,GT94,Rhodanese,1.A.23
3.D.1,1.A.34,2.A.102,GT2,GT51
2.A.76,9.B.121,9.B.34,Response_reg,1.A.35,2.A.1,9.B.110,TetR_N,HTH_1|LysR_substrate,2.A.1,Fer4,1.B.14,3.A.1,3.A.1,GH5_13,GH1,GT4
1.B.14,GT2,2.A.95
GT51,2.A.7
GT4,GT4,1.B.14
3.D.4,3.D.4,GerE,3.D.4,3.D.4,PALP,3.A.1,3.A.1,3.A.1,GH3
GH2,1.A.11,AA3_2,2.A.16,3.A.1
2.A.2,LacI|Peripla_BP_3,1.B.14,GH13,GH13_23
GT51,3.A.1,3.A.1
GH36,2.A.7,1.B.14,CBM51
GH2,3.D.10
3.A.10,4.D.1,GT32,Rhodanese,Hemerythrin,2.A.1,3.D.4,3.D.4,3.D.4,3.D.4
CE12,GH43_9,GH43,1.B.14
3.A.7,3.A.2,3.A.2,3.A.2,3.A.2,TPR_2,1.I.1,GH43_11,2.A.1,HTH_18|Ada_Zn_binding,9.B.160,3.A.11,1.B.81,GAF,9.B.27
GH2,GH159,2.A.2,PL22_2,GH2,GH115,GH28,GH105,GH53,GH35,GH28,CE12,PL11_1,1.B.14,CE12
2.A.1,GH43_17,GH145,GH105,1.B.14,GH5_13,GH43_34,MCPsignal|CHASE3,GntR,2.A.21,2.A.6,2.A.6,2.A.6
3.A.1,3.A.1,GH24,1.C.109,9.A.24
CE1,3.A.5
GT4,8.A.3,GT0
