2.A.1,Pyr_redox_2,2.A.81,GntR,4.A.1,GH4,9.B.51,PALP,2.A.8,LysR_substrate|HTH_1,2.A.1
2.A.1,2.A.1,4.A.3,GH1,4.A.3,4.A.3,Peripla_BP_3|LacI,2.A.7,2.A.2,GH31,2.A.40,2.A.27
GT30,GT9,GT4,GT9,GT4,GT8,GT8,GT73,GT4,GT9,GT9,Aminotran_1_2,3.A.23,HATPase_c|PAS|HisKA,GntR,2.A.1,HTH_DeoR|DeoRC,PfkB,2.A.1,2.A.1,9.B.126
1.E.1,GH24,1.M.1
9.B.13,2.A.7,3.D.10,3.D.10,2.A.3,1.A.23,2.A.25,3.A.1,CBM50
GH13_29,4.A.1
4.A.6,4.A.6,4.A.6,SIS,CE9,4.A.6,4.A.6,4.A.6,4.A.6
1.E.1,GH24
4.B.1,3.A.1,GH23
9.B.146,2.A.103,GT28,CE11,3.A.5,NUDIX,3.A.15,3.A.15,9.B.125,2.A.3
8.A.2,1.B.76,Pribosyltran,2.A.53,3.A.1,3.A.1,CE4
GT51,1.B.14,3.A.1,3.A.1,3.A.1,2.A.49,1.A.62,3.A.1
1.B.33,GT19
CBM50,Sigma70_r3|Sigma70_r4|Sigma70_r2,MarR,2.A.8
3.D.1,3.D.1,3.D.1,3.D.1,3.D.1,3.D.1,GH1,4.A.1,Peripla_BP_3|LacI,5.A.3,Pyr_redox_2,3.A.23,SIS|CBS,GH103
GH23,HATPase_c|HisKA,3.A.23,PfkB,2.A.37,2.A.1
1.E.56,GH19,9.B.209
2.A.1,3.A.1,3.A.1,3.A.1,3.A.1,EAL,3.A.7,2.A.1,4.A.2,PfkB,4.A.2,PfkB,2.A.41,cNMP_binding,2.A.41,HTH_11|PfkB,2.A.98,LysR_substrate|HTH_1,2.A.3,1.B.14,9.B.169,Peripla_BP_3|LacI,3.A.1,3.A.1,3.A.1,Fer4,Pyr_redox_2,9.B.114,2.A.122,1.E.14,9.B.27,9.B.29,GH3,3.A.1,3.A.1,3.A.1,3.A.1,MerR,9.B.33
GH25,GntR,PfkB,2.A.1,2.A.1
9.B.34,9.B.22,2.A.109,1.B.18,8.A.3,GT2,GT4,GT2,NUDIX,GT4,9.B.18,2.A.66,GT4
GH24,1.M.1
1.E.53,1.E.1,GH24,1.M.1
1.E.1,1.B.6,1.C.98,1.C.98,2.A.38,1.B.1,1.B.1,HD,2.A.7,9.B.34,GerE,3.A.6,3.A.6,3.A.6,3.A.6,3.A.6,3.A.6,3.A.6,3.A.6,GT4,2.A.21,2.A.108,2.A.108,2.A.108,GT2,CE4|GH153,1.B.55,9.B.34,Trans_reg_C,2.A.3,2.A.17,1.B.48,1.B.48,1.B.48
GT2,2.A.1
4.A.1,GH3,Pyr_redox_2,2.A.76,1.E.43,GAF|GGDEF,2.A.1
1.B.54,5.A.2,2.A.34,GntR,Pyr_redox,2.A.36,GH23,1.E.43,GH37,2.A.53,Pribosyltran,1.B.46
1.E.33,GH23
2.A.23,CE0,GH4,HTH_18|AraC_binding,4.A.3,4.A.3,4.A.3
CBM50,3.A.1,3.A.1,3.A.1
GH13_5,9.B.102,4.D.3,GT2,GGDEF,EAL,TetR_N,AA6
1.B.52,1.B.11,CheW,CheY-binding|HATPase_c|H-kinase_dim|CheW,1.A.30,1.A.30,FlhC,FlhD,GT20,3.A.1,3.A.1,3.A.1,2.A.42,3.D.7,3.D.7,3.D.7,3.D.7,3.D.7,3.D.7,1.A.14
1.B.68,NUDIX,Aminotran_1_2,GT2,GT83,2.A.7,2.A.7
1.C.80,1.B.9,3.A.1,1.A.16,CE8,GH19,1.C.36,3.A.1,3.A.1,3.A.1,2.A.6,TOBE|HTH_1,3.A.1
2.A.4,4.B.1,2.C.1,2.C.1,2.C.1,2.C.1,1.A.30,1.A.30,8.A.79,9.B.85,3.D.4,3.D.4,GH38,4.A.2
1.B.25,4.A.1,CE9
1.B.10,2.A.6,2.A.6,3.A.5,CBM34|GH13_21,2.A.3,2.A.26
3.A.1,3.A.1,3.A.1,CE14,GH2,4.C.1,Citrate_synt,3.A.23,2.A.76,9.B.34,GntR,2.A.1,EAL,GerE|EAL,8.A.5
1.B.12,TetR_N,AA3_2
8.A.4,1.B.18,GT107|GT107,9.A.41,GT2,GT2|GT2,3.A.1,3.A.1
4.A.2,NUDIX,2.A.109,8.A.5,2.A.1,4.C.1,Peripla_BP_3|LacI,LysR_substrate|HTH_1,2.A.42,GerE,Trans_reg_C,GT2,TPR_2,2.A.39
CBM50,SBP_bac_3,3.A.1
1.C.113,GH1,9.B.153
GH23,2.A.1,9.B.120,3.A.15,1.B.22,3.A.15,3.A.15,3.A.15,3.A.15
3.A.1,3.A.1,3.A.1,3.A.1,3.A.1,2.A.19,SIS|CBS,1.B.42,1.B.42,1.B.42,4.A.2,8.A.8,Pkinase,GT51
1.B.22,GT51,NUDIX,9.B.65,2.A.21,Response_reg|Trans_reg_C,9.A.8,9.A.8,9.A.8,2.A.8,GH77,GT35,GerE,3.A.23,HTH_DeoR|DeoRC,9.B.104
GT35,GT5,CBM48|GH13_11,CBM48|GH13_9,2.A.95,2.A.8
GT2,2.A.6
3.A.4,HTH_5,2.A.119,GH37,GerE,9.B.126,2.A.1,9.B.121,EAL,PfkB,2.A.23,EAL|GGDEF,1.B.55,GH8,4.D.3,GT2
2.A.42,3.A.23,3.A.1,3.A.1,3.A.1,3.A.1,3.A.1,2.A.1,5.A.3,9.B.186,Peripla_BP_1|LacI,PfkB,2.A.1,2.A.1,HTH_3,CSD,1.E.53,9.B.97,9.B.44,Peripla_BP_3|HTH_18,GH73,GH13_19,Aminotran_1_2,3.D.1,IclR|HTH_IclR,2.A.56,2.A.56,2.A.56,HTH_18|AraC_binding,2.A.2,GH127,8.A.1,9.B.32,4.A.2
1.A.34,GT2
2.A.3,GT26,9.B.128,GT56,2.A.66,Aminotran_1_2,GT0,9.B.146,3.A.6,1.I.1
1.A.77,3.A.2,3.A.2,3.A.2,3.A.2,3.A.2,3.A.2,3.A.2,3.A.2,1.A.14,SIS,3.A.1,3.A.1,3.A.1,3.A.1,4.A.1,GH1,1.B.3,2.A.40,LysR_substrate|HTH_1,2.A.1,2.A.42,Aminotran_1_2,2.A.9
1.B.76,GH24
