3.A.7,GH23
3.A.23,2.A.21,9.B.126,5.A.3,5.A.3,5.A.3,GH43_10,4.A.6,4.A.6,4.A.6,GH88,3.A.23,4.A.7,4.A.7,2.A.78,HTH_3,2.A.1,Peripla_BP_1|LacI,GH36,2.A.1
1.A.23,GerE,LacI|Peripla_BP_3,2.A.2,GH32,GH91,1.B.15,3.A.1,3.A.1,3.A.1,3.A.1,AraC_binding|HTH_18,AraC_binding|HTH_18,2.A.7
GH90,9.A.33
4.B.1,PfkB,2.A.39,GntR,1.I.1,3.A.6,9.B.146,GT0,Aminotran_1_2,2.A.66,GT56,9.B.128,GT26,2.A.3,TPR_2,HEM4,9.B.21,2.A.1
GH23,1.B.14,HTH_18,1.B.33
9.B.13,2.A.7,3.D.10,3.D.10,2.A.3,1.A.23,2.A.25,3.A.1,CBM50
GH42,2.A.1,9.A.40,1.B.33,9.B.22,3.A.1,3.A.1,3.A.1,3.A.1
3.A.23,HTH_6|SIS,4.A.3,GH4,4.A.3,GH13_29,4.A.1,LacI|Peripla_BP_3,3.A.3,AA10|CBM73
4.B.1,3.A.1,GH23
2.A.25,3.A.7,2.A.96,1.A.33,HTH_1|LysR_substrate,GH108,Trans_reg_C,GH18,CBM5,2.A.33,HTH_1|LysR_substrate,9.B.105,HTH_1|LysR_substrate,2.A.47,2.A.47,HTH_1|LysR_substrate,Response_reg,dCache_1|HATPase_c,3.B.1,3.B.1,2.A.24
9.B.146,2.A.103,GT28,CE11,3.A.5,NUDIX,3.A.15,3.A.15,9.B.125,GH43_26,2.A.2,2.A.3
3.A.15,3.A.15,3.A.15,3.A.15,3.A.15,3.A.15,3.A.15,3.A.15,3.A.15,3.A.15,3.A.15,1.B.22,3.A.15,CBM41|GH13_13,8.A.2,GT51,1.B.14,3.A.1,3.A.1,3.A.1,2.A.49,1.A.62,3.A.1
1.B.33,GT19,GH19|CBM73
3.A.1,3.A.1,3.A.1,HTH_1|LysR_substrate,2.A.1,GH23
GT4,GT4,GT2,1.B.18,9.B.18,1.B.14
3.A.1,3.A.1,3.A.1,3.A.1,3.A.1,3.A.1,3.A.1,3.A.1,2.A.3,GH28,2.A.3,3.A.1,3.A.1,3.A.1,2.A.1,HATPase_c|MASE1,GerE|Response_reg,3.A.1,3.A.1,3.A.1,9.A.18,2.A.1
2.A.26,2.A.3,CBM34|GH13_21
2.A.115,2.A.113,EAL,3.A.1,3.A.1,3.A.1,3.A.1,GH53,GH42,4.A.1,1.B.3
GH28,HTH_1|LysR_substrate,Trans_reg_C,2.A.3,2.A.17
3.A.1,3.A.1,3.A.1,4.A.1,GH1,Peripla_BP_1|LacI|Peripla_BP_3,GH32,4.A.1,1.B.3,PfkB,3.A.1,3.A.1,Peripla_BP_2,3.A.1,8.A.5,1.B.14,2.A.3,2.A.1
1.A.23,2.A.1,AAA,8.A.2,4.A.6,4.A.6,4.A.6,4.A.6,GH32|CBM38|CBM38,3.A.15,1.B.22,3.A.15,3.A.15,3.A.15,3.A.15,3.A.15,3.A.15,3.A.15,3.A.15,3.A.15,Nitroreductase,TetR_N,HTH_18,1.B.14,3.A.3,8.A.1,2.A.6,3.A.1,3.A.1,3.A.1,3.A.1,3.A.1
3.A.1,3.A.1,3.A.1,3.A.1,3.A.1,3.A.1,3.A.1,SBP_bac_5,AA3_2,TetR_N,2.A.15,1.E.53,3.A.1,3.A.1,3.A.1,MarR,1.B.14,4.C.1,3.A.1,3.A.1,3.A.1,2.A.1,GH18,3.A.1,2.A.114,HTH_3,3.A.1,3.A.1,Peripla_BP_1,2.A.1,LacI|Peripla_BP_3,HTH_8,2.A.39,PfkB,3.A.1,3.A.1,3.A.1,Peripla_BP_1,5.A.3
CE9,4.A.1,1.B.25,2.A.1
CE8,GntR,2.A.3
1.A.14,4.D.2,9.B.15,3.A.1,3.A.1,3.A.1,3.A.1,TetR_N,HTH_1|LysR_substrate,2.A.1,1.I.1,Glycos_trans_3N,1.B.14,1.A.23,1.B.12,3.A.1,3.A.1,3.A.1,2.A.7,1.B.6,Fe_dep_repress|Fe_dep_repr_C,2.A.45,8.A.5,GH1
3.A.1,GH31,2.A.1,LacI|Peripla_BP_3,3.A.25,3.A.1,3.A.1,3.A.1,3.A.1,2.A.1
1.B.6,2.A.85,9.B.55,3.A.1,3.A.1,3.A.1,GT4
1.A.14,3.A.1,GH88,SIS,4.A.6,4.A.6,4.A.6
3.A.1,3.A.1,3.A.1,GntR,2.A.1,TetR_C|TetR_N,HTH_18,GH4,AraC_binding|HTH_18,TetR_N,2.A.6,2.A.6
5.A.1,HTH_1|LysR_substrate,3.A.1,3.A.1,3.A.1,HTH_1|LysR_substrate,2.A.40,9.B.35,2.A.39,GntR,CE4,3.A.9,HTH_6|SIS,SBP_bac_3,3.A.1,3.A.1,3.A.1,PL2_1,1.B.35,GerE,9.B.34,HTH_18,4.A.2,4.A.2,4.A.2,4.A.2
2.A.3,AA6,2.A.40
GT2,2.A.1
4.A.1,1.B.14,GH3,Pyr_redox_2,1.B.14,TetR_N,3.A.1,3.A.1,3.A.1,Glucokinase,Sigma70_r4,4.A.4,2.A.10,3.A.1,3.A.1,3.A.1,3.A.1,HATPase_c|HisKA,Response_reg|Trans_reg_C,HxlR,2.A.1
9.B.34,8.A.59,3.A.1,3.A.1,3.A.1,3.A.1,1.B.14,FecR,Sigma70_r2|Sigma70_r4_2,2.A.76,9.B.34,2.A.1,AraC_binding|HTH_18,9.B.34,GT9,9.B.99,8.A.5,GH18,2.A.1,PfkB,8.A.5,DeoRC|HTH_DeoR,2.A.1
4.A.3,4.A.3,4.A.3,AraC_binding|HTH_18,GH4,CE0,2.A.23,1.B.14,2.A.49,1.B.39
2.A.2,GH3,AraC_binding|HTH_18,3.A.7
1.E.5,GH108
3.A.23,1.B.6,3.A.23,3.A.23,GH43_11,2.A.2
1.A.35,3.A.18,9.B.50,1.B.1,Fer4,1.E.43,1.E.56,GH108
CE8,3.A.1,2.A.7
1.B.3,2.A.2,GH78,AraC_binding|HTH_18,3.A.1,3.A.1,3.A.1,5.A.3,5.A.3,5.A.3,2.A.1,TetR_N,2.A.1,2.A.7,5.A.3,5.A.3,5.A.3,2.A.1,3.A.1,3.A.1,3.A.1
3.D.5,9.B.12,GH13_10,GH13_26,CBM48|GH13_11,Pyr_redox_2,9.B.159
GH2,2.A.1
4.A.1,Aminotran_1_2,9.B.102,3.A.1,GH1,HHA,3.D.6,3.D.6,3.D.6,3.D.6,3.D.6,3.D.6,HhH-GPD,2.A.17
3.A.7,2.A.1,3.A.1,HTH_1|LysR_substrate,2.A.1,2.A.66,3.D.4,GH13_16
GH3,1.B.15,2.A.2,GH37,GH23,2.A.36
9.A.33,GH90
4.C.1,PL38,3.A.1,3.A.1,3.A.1,SBP_bac_1,PL38,PL17_1,NUDIX,EAL,2.A.109,4.A.6,4.A.6,4.A.6,2.A.107
2.A.24,Response_reg,CBM50,3.A.1,3.A.1,3.A.1
9.B.158,GH105,2.A.2,GT20,3.A.1,3.A.1,3.A.1,2.A.2,2.A.1,2.A.42
1.E.1,GH23
4.F.1,GerE|Response_reg,Autoind_bind|GerE,3.A.1,3.A.1,PALP,3.A.1,GH13_5,GerE,9.B.34,2.A.7,HD,1.B.1,GT2
1.C.80,1.B.11,EAL,GH4,4.A.1,GntR,9.B.34,2.A.1,HTH_1|LysR_substrate,LacI|Peripla_BP_3,4.A.2,2.A.1,2.A.85,GyrI-like,1.B.73
GT2,GT4,GT2,GT111|GT8,3.A.1,3.A.1,GH39,GT4,GT4,GT4,2.A.66,9.B.18,8.A.3,1.B.18,1.B.73,2.A.109,9.B.22
2.A.40,HTH_1|LysR_substrate,2.A.113,3.A.1,Response_reg|LytTR,9.B.33,MerR,3.A.1,3.A.1,3.A.1,3.A.1,GH3,9.B.27,1.B.17,GH1,4.A.1
1.B.33,2.A.86,2.A.40,Pribosyltran,GH1,GH28,2.A.2,GH105,MASE1|EAL,9.B.209
3.A.23,HATPase_c|HisKA,GH23
1.E.3,GH104
GH23,3.A.7,3.A.7,3.A.7,3.A.7
3.A.1,3.A.1,3.A.1,GH103,4.A.4,4.A.4,4.A.4,DeoRC|HTH_DeoR,CBS|SIS,3.A.23,Pyr_redox_2,2.A.52,5.A.3,LacI|Peripla_BP_3,4.A.1,GH1,3.D.1,3.D.1,3.D.1,3.D.1,3.D.1,3.D.1
3.A.23,GH1,GH5_41|CBM35,1.B.3,4.A.3,4.A.3,4.A.3,4.A.3,Glucokinase,LacI|Peripla_BP_3,3.A.1,3.A.1,3.A.1,3.A.1,1.B.14,3.A.1,3.A.1,3.A.1,2.A.1
1.E.53,MarR,HTH_1|LysR_substrate,2.A.1,Sigma70_r4|Sigma70_r2|Sigma70_r3,CBM50
GH102,CbiA,3.A.1,3.A.1,3.A.1,3.A.1
4.A.2,NUDIX,2.A.109,8.A.5,2.A.1,4.C.1,LacI|Peripla_BP_3,GntR,GH1,4.A.3,3.A.1,HTH_1|LysR_substrate,1.B.11,AraC_binding,3.A.1,3.A.1,3.A.1,3.A.1,PL22|PL22,1.B.15,GH32,2.A.1,Peripla_BP_1|LacI,2.A.1,PL22|PL22,PL0,HTH_1|LysR_substrate,2.A.117,2.A.42
CBM50,HTH_1|LysR_substrate,9.B.120
3.A.23,4.A.6,4.A.6,4.A.6,4.A.6,1.C.113,HTH_6|SIS,GH1
3.A.15,9.A.4,2.A.56,2.A.56,2.A.56,HhH-GPD,GH23,2.A.1,9.B.120,2.A.47
GH2,2.A.3,2.A.3,GH63,3.A.1,3.A.1,3.A.1,3.A.1,Sigma70_r4,Pyr_redox_2,2.A.2,HTH_18,GH43_11,2.A.109,2.A.23,2.A.1,GntR,9.B.27,1.E.34,9.B.124
2.A.1,DeoRC|HTH_DeoR,4.A.6,4.A.6,4.A.6,4.A.6,CE9,SIS,GH36
3.A.1,3.A.1,3.A.1,3.A.1,3.A.1,2.A.19,CBS|SIS,1.B.42,1.B.42,1.B.42,4.A.2,8.A.8,GT51
1.B.22,GT51
GH77,GT35,GerE,DeoRC|HTH_DeoR,9.B.104,Rhodanese,GT35,GT5,CBM48|GH13_11,CBM48|GH13_9,2.A.8
GT2,2.A.6
2.A.7,2.A.7,GT83,GT2,Aminotran_1_2,HTH_1|LysR_substrate,3.A.1,3.A.1,3.A.1,3.A.1,3.A.1,1.A.26,HTH_1,2.A.47,3.A.23,Pyr_redox_2,2.A.20,9.B.4,2.A.17,2.A.8,Pribosyltran,9.A.8,9.A.8,9.A.8,Response_reg|Trans_reg_C,2.A.21,Pyr_redox_2,GH37,GH24,GerE,HTH_1|LysR_substrate,9.B.126,2.A.1,9.B.121,PfkB,2.A.23,EAL|GGDEF,1.B.55,GH8,4.D.3,GT2
GH8,1.B.55,4.D.3,GT2,CbiA,3.A.1,3.A.1,3.A.1,3.A.1,3.A.1,2.A.1,9.B.186,Peripla_BP_1|LacI,PfkB,2.A.1,2.A.1,HTH_3,CSD,3.A.1,1.E.53,9.B.97,9.B.44,3.A.1,3.A.1,3.A.1,Peripla_BP_3|HTH_18,GH73,GH13_19,Aminotran_1_2,3.D.1,IclR|HTH_IclR,2.A.1,AraC_binding|HTH_18,2.A.2,GH127,8.A.1,9.B.32,4.A.2,2.A.14
1.A.34,GT2,Aminotran_1_2,GT9,GT9,GT73,GT9,GT9,GT4,GT4,GT2,GT30,GT2
9.B.124,3.A.1,1.A.8,2.A.27,2.A.40,4.A.1,GH4,HTH_6|SIS,Glucokinase,4.A.2,4.A.2,4.A.2,HTH_11|Mga,GH31,2.A.2
2.A.7,2.A.1,HTH_1|LysR_substrate,2.A.8,PALP,9.B.51,GH4,4.A.1,GntR,2.A.81,2.A.1
2.A.9,2.A.1,HTH_1|LysR_substrate,2.A.40,1.B.3,3.A.1,3.A.1,3.A.1,3.A.1,SIS,PL9_1,3.A.2,3.A.2,3.A.2,3.A.2,3.A.2,3.A.2,3.A.2,3.A.2,1.A.77
