1.B.14,Sigma70_r4_2|Sigma70_r2,FecR,HTH_18,GH2,HTH_18,3.A.18
GH2,9.B.143,HATPase_c|HisKA,2.A.1,3.A.23,HATPase_c|TPR_2,HATPase_c|TPR_1,HATPase_c|TPR_1|TPR_2,1.B.14
GH2,1.B.14
3.A.1,GT51
9.B.143,GH3
PL36_2,CBM6,1.B.14,CBM6,HATPase_c|HisKA,Response_reg|Trans_reg_C,1.B.14,GH43_26,1.B.14
1.A.22,2.A.7,9.B.146,3.A.1,3.A.1,GT81
8.A.51,GT4,GT4,GT0,CbiA,2.A.49,3.D.4,3.D.4,5.A.3
1.B.66,1.A.11,PfkB,1.B.6,9.B.172,2.A.49,2.A.37,2.A.37,2.A.1,8.A.1,TetR_N,PfkB,CBM9,8.A.46,1.B.14
2.A.115,GT0,PL3_1,GT51
9.A.25,GH0
3.D.10,HATPase_c,3.A.23,3.A.1,3.A.1,GH92,1.B.14,8.A.46,3.A.18,FecR,Sigma70_r4_2,1.B.14,8.A.46
1.B.14,9.A.32,GT2,3.A.1,GT4
2.A.66,GT4,GT2,GT0,1.B.23,3.A.1,Sigma70_r4_2,FecR,1.B.14
4.C.1,2.A.1,GntR,2.A.95,GT2
2.A.109,Response_reg|LytTR,9.B.33,Peptidase_M23,9.A.25,1.B.57,TPR_1|TPR_2,Peptidase_M23,GT4,9.B.172,Pribosyltran,1.A.13
3.A.1,3.A.1,CE11
2.A.21,GT83,Sigma70_r3|Sigma70_r4|Sigma70_r2,3.A.5
GH23,2.A.37,3.A.7,Pyr_redox_2|Response_reg,2.A.21,HTH_18,3.A.23,3.A.23,HTH_18|AraC_binding,1.B.14,FecR,3.A.1,3.A.1
8.A.5,GH92,1.B.14,8.A.46,Peripla_BP_1|LacI,GH5_13,1.B.14
GH29,1.A.23,GH20,9.B.111,LytTR,GerE|Response_reg,1.B.14,8.A.46
9.B.44,GH105,2.A.7,Sigma70_r4_2|Sigma70_r2,FecR,1.B.14,PL0,GH76
GT9,2.A.109,GH127,CBM67|GH78,GerE|Response_reg,HATPase_c,1.B.14
8.A.1,8.A.46,CBM6|CBM6,1.B.14
9.A.25,GH1,9.B.33
1.A.26,1.A.46,MarR,GH5_2|CBM32
1.B.14,GH43_10
3.A.7,GH139,GH13_5
1.B.6,GH18|GH18,GH18|CBM6,GH16_3|CBM6,Sigma70_r4_2|Sigma70_r2,FecR,1.B.14
9.B.14,HTH_18|AraC_binding,3.A.1,3.A.1,HATPase_c|HisKA,GT2,GH51,1.B.14,GH163,TPR_2,GT2,GT2,Response_reg,2.A.21
GH2,GT4,9.B.18,GT4,GT0,8.A.3,1.B.18
1.B.76,HTH_18|AraC_binding,HTH_18,3.A.9,GH23
2.A.7,GT2
GT4,GT4,GT4,GT4,9.B.18,NIR_SIR_ferr,Pyr_redox_2,2.A.1
9.B.196,Glyoxalase,GntR,GH38,2.A.1
8.A.46,1.B.14,FecR,Sigma70_r4_2|Sigma70_r2,2.A.3,Sigma70_r4_2|Sigma70_r2,FecR,1.B.14,8.A.46,CBM13,1.I.1
1.C.105,TPR_2,CBM62
GH2,1.B.14
GH43_33,2.A.1
GH13_26,GH13_10,GH13_31,CBM48|GH13_11,GH5_46|GH18,CBM6,2.A.6,2.A.6,2.A.6
3.A.18,GH2,Rhodanese,9.B.102,9.B.102
GH2,1.B.14,HATPase_c|Y_Y_Y|HisKA|Response_reg|HTH_18,GH76|CBM13,2.A.6,GH2,CE0,GH141,GH78,GH127
GH15,9.B.160
2.A.66,1.B.14,1.B.14,GH43,GH5_13,HATPase_c|Reg_prop|Y_Y_Y|HisKA|Response_reg|HTH_18,Sigma70_r4_2|Sigma70_r2,FecR,1.B.14,GH2|CBM32,GH3,GyrI-like,GH43_34|CBM13
GH92,Pyr_redox,HTH_18|AraC_binding,MarR,1.A.23,2.A.1,HTH_18|AraC_binding,GH127|CBM66,HD,GH43_32|CBM66|CBM6|CBM66
9.B.14,CE14,3.A.5,3.A.18,CBM48|GH13_9,GH31
GT94,GT2,Sigma70_r4_2|Sigma70_r2,FecR,1.B.14,8.A.46,GH89,HxlR,GT2|GH26,GH158,1.B.14
GH2,1.B.14
1.B.14,GH29,PfkB,GH32,GT8
GH43_19,HTH_11|AsnC_trans_reg,2.A.39,Pyr_redox_2,Fer4,1.B.14,FecR,Sigma70_r4_2|Sigma70_r2,PL37
2.A.1,GH64|CBM6,Peripla_BP_1|LacI,1.B.14,8.A.46,2.A.21
PL9_2,8.A.46,1.B.14
GT1,HTH_18,TetR_N,2.A.6,2.A.6,2.A.6
1.B.14,8.A.46,GH30_3,2.A.1
GH76,3.B.1
GT5,1.B.33
GT2,Response_reg,9.B.18,GT2,GT2,GT4
1.B.14,2.A.4,ACT,CBM6
3.D.4,9.B.14,TetR_N,CE6,8.A.5,8.A.5
GH18|CBM32|CBM6|CBM32,FecR,Sigma70_r4|Sigma70_r2,1.B.14,3.D.1,3.D.1,3.D.1,3.D.1,3.D.1,3.D.1,3.D.1,3.D.1,3.D.1,3.D.1,3.D.1,3.D.1
GH20,CSD,2.A.21,2.A.23,9.B.186,1.B.14
3.A.23,GT4,Response_reg,1.I.1,1.A.23,Glyoxalase,1.B.6,GH92,FecR,2.A.36,GerE|Response_reg,2.A.6
2.A.6,2.A.6,9.B.196,2.A.49,8.A.5,GT20,GH15
1.B.14,HTH_18,GH5_46|CBM6
8.A.46,1.B.14,FecR,Sigma70_r4_2|Sigma70_r2,PL9_2,9.B.97,2.A.1,CBM67|GH78,2.A.7,HTH_11|AsnC_trans_reg,cNMP_binding,8.A.54,Glyoxalase,3.A.1
1.A.1,HxlR,GH5_2
1.B.14,GH110,CBM13|CBM57|CBM6
1.B.14,FecR,Sigma70_r4_2|Sigma70_r2,GH43_2,1.B.14
1.B.14,PL33_1,PL38,1.B.14,TetR_N,8.A.5
GH35,GH30_4,1.B.14,HATPase_c|Reg_prop|Y_Y_Y|HisKA|Response_reg|HTH_18,9.B.97
GH43_18,Sigma70_r4_2|Sigma70_r2,FecR,1.B.14
2.A.88,GT2,HTH_18,GT2,GT2,GT0,GT4
3.A.23,2.A.41,GT5,2.A.21,9.B.8
9.B.18,GT4,2.A.66,Aminotran_1_2,8.A.3,9.B.18
2.A.6,2.A.6,2.A.6,PadR,2.A.1,GntR|Peripla_BP_3,GntR|Aminotran_1_2,GH2|CBM32,1.B.14,8.A.46,1.B.14,GH92,GH38,8.A.46,FecR,Sigma70_r4_2,GH92,HTH_5,1.A.77
GH35,Peripla_BP_3|LacI,GH115,GH43_1,8.A.46,1.B.14,HTH_18|Response_reg,HATPase_c|TPR_1,HATPase_c|TPR_2,3.A.23,3.A.23,CE2|CBM13,CBM13
9.B.20,GerE,HD,3.A.1,3.A.1,HTH_3,GH51,HMA,3.A.3,HTH_18,1.B.14
1.B.14,GH87|CBM9|CBM9
2.A.37,HxlR,Sigma70_r4_2|Sigma70_r2,1.B.14,GH20,GH127
1.A.46,GT2,GT9,GT9,PfkB,GT4
2.A.2,GH65,GH13,8.A.46,1.B.14,Peripla_BP_1|LacI,CBM32|CBM32
GH16_3,GerE|Y_Y_Y,Sigma70_r4_2|Sigma70_r2,FecR,8.A.46,GH16_3|CBM32,CBM6|CBM6
1.B.14,FecR,Sigma70_r4_2|Sigma70_r2,GH39
2.A.1,8.A.46,1.B.14,HTH_18|AraC_binding,2.A.1,3.A.1,3.A.1,3.A.1,1.B.14,3.A.1,2.A.1,8.A.1,MarR,Response_reg|LytTR,9.B.33,Sigma70_r4_2|Sigma70_r2,FecR,1.B.14,GH127
9.B.33,Response_reg|LytTR,1.B.39,HTH_18|AraC_binding,HTH_18|AraC_binding,HATPase_c|Reg_prop|Y_Y_Y|HisKA|Response_reg|HTH_18,GH5,1.B.72,GH26,1.B.14,GH130,2.A.2
GH105,GH97,GH35,1.B.33
GH105,CE12|GH28,8.A.46,1.B.14,GH43_10
GH95,HATPase_c|Reg_prop|Y_Y_Y|HisKA|Response_reg|HTH_18,GH31,1.B.14,GH19
GH92,9.B.169
GH13_16,2.A.21,GntR|Peripla_BP_3,GH36,GH36,8.A.46,1.B.14
1.A.25,GH84,GH55
9.B.33,3.A.1,GH51,GH27,HTH_18,4.B.1,1.B.14,HATPase_c|GAF|HisKA,GH9,1.B.6
9.B.160,Response_reg|LytTR,9.B.33,1.B.9,HD,GT4,GH76
1.B.14,FecR,Sigma70_r4_2|Sigma70_r2,GH130,GH43_26|CBM13
1.B.14,8.A.46,GH53,GH147,GH2,GH2,HTH_18,8.A.5
GH5_38,2.A.6
1.B.14,HTH_18,HD,GH144,9.B.97
GH63,2.A.21
GH51,1.B.14
GT2,HTH_1|LysR_substrate,9.B.31,3.A.1
GH29|CBM32,GH109,2.A.1,2.A.1,Glucokinase,9.B.158,1.B.14
9.A.25,GT51,2.A.9,CbiA,4.C.3
8.A.5,HTH_18,8.A.46,1.B.14,GH43_34,Sigma70_r4_2|Sigma70_r2,FecR,1.B.14,8.A.46,GH30_1,GH30_3,GH16_3,1.B.14
CBM6,1.B.14,FecR,Sigma70_r4_2|Sigma70_r2,HTH_18|AraC_binding,1.B.14,GH95,GH29,1.B.14,DeoRC|HTH_DeoR,ANTAR|SIS,2.A.21,GH9,GH92,HATPase_c,GerE|Response_reg,GH154,GH88,Peripla_BP_3|LacI,2.A.1
1.A.13,Pribosyltran,GH73,9.B.172,Citrate_synt,GT2
9.B.146,2.A.103,GT28
GH29,GH2,GT19,3.A.1
9.B.33,Response_reg|LytTR,GH128,8.A.5
1.A.13,1.B.14,GH33,8.A.46,1.B.14,FecR,Sigma70_r4_2|Sigma70_r2,AraC_binding,2.A.1,HTH_18|AraC_binding,8.A.5,GH95,GH39,HTH_18,3.A.1
8.A.59,1.B.14,1.B.14,3.A.1,3.A.1,3.A.1,1.B.14,FecR,Sigma70_r4_2|Sigma70_r2,GH127,8.A.46,1.B.14,FecR,Sigma70_r4_2|Sigma70_r2,2.A.66
1.B.14,CBM13|CBM57|CBM6,GT2,3.A.5
