1.E.19,CBM54
CE4,9.B.160,Glyoxalase,MarR,9.B.34
GH3,3.A.1,3.A.1,MerR,1.A.43,2.A.72,PadR,1.A.16,Peripla_BP_2,3.A.1,3.A.1
3.A.1,3.A.1,GT2,GT2|GT2,GH73,GT2,GT2,9.B.18,GT2,9.B.142,GT2,3.A.1,3.A.1,3.A.1,GT2,3.A.18,2.A.66,GT4
2.A.25,4.A.1,GH4
9.B.18,GT4,GT4,2.A.66,GT2
3.A.1,GH13_20
2.A.66,2.A.115,3.A.1,3.A.1,HTH_1|LysR_substrate,3.A.1,3.A.1,Fer4,2.A.1,3.A.23,2.A.15,2.A.3,Pribosyltran,9.B.18,GT0,GT4
3.A.25,2.A.21,GT51
3.A.1,3.A.1,3.A.1,3.A.1,3.A.1,9.B.18,9.B.18,GT4,GT56,2.A.66
9.B.146,2.A.103,GT28
2.A.15,GntR,3.A.3,CBM13
3.A.1,3.A.1,3.A.1,3.A.2,3.A.2,3.A.2,3.A.2,9.B.18,GT2,GT2,2.A.66
3.A.1,GT39,2.A.4
3.A.1,3.A.1,2.A.35,GT2
1.A.8,TrmB,4.F.1,3.A.12,GT28
GT0,GT4,GT2,9.B.18,2.A.14,GntR,3.A.1,2.A.78,2.A.78
2.A.25,MerR,GH25
2.A.7,GT2,Aminotran_1_2,3.A.1,3.A.1
1.A.22,TetR_N,1.A.22,1.A.35,GH13_5
2.A.1,HTH_3,3.A.3,GH13_8
3.A.1,3.A.1,3.A.1,3.A.1,3.A.1,HhH-GPD,AraC_binding,GT51,MarR,9.B.74,TetR_N,1.A.33
GH77,3.A.1
8.A.59,GT28,2.A.21
3.A.23,2.A.55,MerR,GH3,3.A.1,3.A.1
CE4,HTH_18|Response_reg,8.A.59,2.A.25,Aminotran_1_2,PALP,HisKA|HATPase_c,Trans_reg_C|Response_reg,3.A.10
3.A.11,3.A.15,CBM48|GH13_9
3.A.1,3.A.1,3.A.1,3.A.23,2.A.120,GyrI-like,GT2
9.B.120,MerR,Glucokinase,2.A.88,GntR,1.B.52,2.A.21,2.A.4,2.A.5,GH13_5,5.A.1,HTH_DeoR,2.A.1
3.A.1,3.A.1,HTH_18,GH23|CBM50,3.A.7
3.A.1,3.A.1,3.A.1,CE9
