3.A.1,3.A.1,3.A.1,GT9,GT25,GT25,GT2,GT2,GT8,GT4,3.A.11,TetR_N,2.A.6,GAF,2.A.6,2.A.86
GT32,TPR_2,1.I.1,3.A.1,3.A.1,SBP_bac_1,2.A.68
GH33,3.A.1,3.A.1
5.B.3,1.A.62,2.A.61,GH102,3.A.1,4.C.1
9.A.41,GT51,Trp_repressor,GH23,1.B.39,3.A.8,2.A.23,1.B.14,2.A.21
3.A.1,3.A.1,3.A.1,2.A.22,HhH-GPD,3.D.6,3.D.6,3.D.6,3.D.6,3.D.6,3.D.6,1.B.1,1.B.1,2.A.85,9.B.55,3.A.1,3.A.1,3.A.1,3.A.1,1.A.14,5.A.3,5.A.3,5.A.3,GT45|GT45
3.A.1,2.A.108,2.A.108,GT51
GT52,GT25,GT2,GT2,GH103,2.A.40,3.A.7,1.A.12,SIS|CBS,9.B.158,1.B.17,2.A.25,5.A.3,5.A.3,5.B.7,GH77,CBM48|GH13_9,GH13_11,GT5,GT35
3.A.25,9.A.41,GT107|GT107,GT2|GT2,GT2,1.B.18,8.A.4,3.A.1,3.A.1,1.B.6
3.A.7,3.A.7,3.A.7,9.A.47,9.A.47,3.A.7,3.A.7,3.A.7,9.A.47,9.A.47,9.A.47,3.A.7,3.A.7,4.F.1,3.A.1,3.A.11,9.B.114,Peripla_BP_1|LacI,ACT,2.A.35,ACT,CE9,4.A.1,3.A.1,HD,2.A.122,1.E.14
8.A.21,3.A.1,2.A.23,Pyr_redox_2,4.A.1,8.A.7,8.A.8,CBM50,HATPase_c,3.A.23,3.A.1,3.A.1,3.A.1,3.A.1,3.A.1,3.A.1,3.A.1,3.A.1
2.A.1,GerE|Response_reg,MASE1|HATPase_c,2.A.1,2.A.4,3.D.5,3.D.5,3.D.5,3.D.5,3.D.5,3.D.5,3.D.5,3.A.1,3.A.1,3.A.1,GH23,HhH-GPD,1.A.35,9.A.4,3.A.1,3.A.1,3.A.1,GT2,GT30,GT9,3.A.1,1.B.14,2.A.61,GT9,2.A.115,2.A.41
2.A.75,9.B.126,CBM50
2.A.16,2.A.47,Sigma70_r2|Sigma70_r4,3.A.1,2.A.95,SBP_bac_3,SIS|HTH_6,SIS,4.A.1,HTH_11|AsnC_trans_reg,1.B.40,1.A.22,2.A.38,GT2
4.B.1,3.A.18,GT9,GT9,4.A.1,Peripla_BP_1|LacI|Peripla_BP_3,GH32,PfkB,2.A.14
1.B.33,GT19,2.A.47,4.F.1,2.A.86
2.A.42,1.B.14,3.A.1,2.A.95,GH23,2.A.34,GntR,3.A.1,3.A.1
2.A.4,GH3,1.A.16
9.B.146,2.A.103,GT28,CE11,ACT,LacI|Peripla_BP_3,PfkB,3.A.1,3.A.1,3.A.1
GT51,1.B.22,SKI,3.A.5,NUDIX,1.B.42,1.B.14,1.A.72,1.A.72
