GH2,2.A.66,1.A.43
CE9,HTH_18|AraC_binding,3.A.1,3.A.1,3.A.1,Pyr_redox,CBM40|GH33
9.A.23,8.A.3,9.B.18,GT2,GT2,GT32,2.A.66
GH77,LacI|Peripla_BP_3,GT35,2.A.51,2.A.51,Aminotran_1_2,HTH_18|AraC_binding,9.B.10,2.A.66,2.A.4
2.A.2,GH2,GH53|CBM13
GH73,3.A.1
3.A.1,2.A.86,Peripla_BP_1,3.A.2,3.A.2,3.A.2,3.A.2,3.A.2,3.A.2,PfkB,3.A.1,3.A.1,3.A.1,MarR,GH94,GH43_12,HTH_18|AraC_binding,HTH_18,3.A.1,3.A.1,3.A.1,GH88,3.A.1,3.A.1,3.A.1,2.A.87,NUDIX,2.A.86,2.A.38,1.A.16,LacI|Peripla_BP_3,3.A.1,3.A.1,GH32
3.A.1,3.A.1,Response_reg|Trans_reg_C,HisKA|HATPase_c,1.A.35,9.B.156,CE4,BTAD,2.A.8,2.A.37
3.A.1,3.A.1,3.A.1,GH36,GH13_18,LacI|Peripla_BP_3,SBP_bac_1,3.A.1,3.A.1,GH32,PfkB,GH91,3.A.1,3.A.1,HATPase_c,Response_reg|LytTR,GH18
3.A.16,GH13_39,2.A.40
2.A.98,HTH_18|dCache_1,PL8,3.A.1,3.A.1,3.A.1,GH43_24,GH88,3.A.1,3.A.1,3.A.1,3.A.1,3.A.1,GH88,8.A.59,HTH_18|Response_reg,3.A.1,3.A.1,2.A.38
2.A.122,GntR,9.A.8,FeoA,GH13_31,HTH_18|AraC_binding,9.B.143,2.A.87
3.A.1,3.A.1,3.A.16,GT51
CE9,3.A.1,3.A.1,3.A.1
9.B.18,9.B.18,GT2,GT2,GT4,2.A.66,GH25,4.A.2
3.A.1,3.A.1,CE4,AAA,Aminotran_1_2,MarR,3.A.1,3.A.1
3.A.1,PTS-HPr,LysR_substrate|HTH_1,GT2
GH95,3.A.1,3.A.1,3.A.1,3.A.1,3.A.1,1.A.35
2.A.49,GH13_11,2.A.40
3.A.1,GH38
1.A.23,CBM48|GH13_9,3.D.1,3.D.1,Fer4,3.A.1
GT5,Response_reg|Spo0A_C,Arg_repressor,1.C.109
GH31,3.A.1,3.A.1,3.A.1
3.A.1,2.A.66,MarR,GT28,2.A.7
2.A.2,GH2
2.A.66,HTH_18|AraC_binding,GH112,2.A.35,2.A.115,3.A.1,3.A.1,3.A.1,3.A.1,HATPase_c,Response_reg|Trans_reg_C,GH13_31,HTH_18|AraC_binding,B3,3.A.1
3.A.1,GH2,2.A.2,9.B.174,Peptidase_M23,3.A.1
GH2|CBM32,HTH_8,5.A.1
3.A.3,3.A.3,3.A.3,GH125,9.B.55
3.A.5,GH85
3.A.1,CE4,3.A.1,Peripla_BP_1,8.A.59,HTH_18|Response_reg,3.A.1,3.A.1,GT28,Sigma70_r2,HisKA|HATPase_c,9.B.104,FHA,1.E.52,3.A.7,2.A.66,2.A.22,1.A.62,3.A.2,3.A.2,3.A.2,3.A.2
3.A.1,3.A.1,GH163,9.A.8,FeoA,2.A.3,GntR|TrkA_C,9.B.156
CBM48|GH13_9,TetR_N,2.A.86,3.A.3,2.A.25,2.A.66,GH20,HTH_5,9.A.8,3.A.3,HMA,9.B.74,9.B.74,GH13_20,HisKA|HATPase_c,Response_reg|Trans_reg_C,2.A.45
2.A.66,GH29,8.A.59,dCache_1,HTH_18,Response_reg,PL12_1,GH95,PL8
GT35,1.C.82,3.A.1,GH3,GH38,GH130,3.A.1,3.A.1,LacI|Peripla_BP_3,GH13_4,PfkB,GH32,PTS-HPr,3.A.1,3.A.1,3.A.1,3.A.1,LacI|Peripla_BP_3|Peripla_BP_1,8.A.59
