2.A.21,1.A.30,1.A.30,3.A.7,Sigma70_r4,GT51
8.A.5,PL1|CBM77
GH3,GH18,GyrI-like|HTH_18,HTH_3,2.A.66,3.A.1,3.A.1
GH4,3.A.1,3.A.1,3.A.1,3.A.1,GT2,GT2
8.A.59,SBP_bac_1,3.A.1,3.A.1,SBP_bac_1,CBM35,GH3,GH105
3.A.9,GT0,3.A.1,3.A.1,3.A.1,3.A.1,3.A.1,2.A.86
1.A.16,CBM32|GH92|CBM6|CBM6|CBM6,Rhodanese,LysR_substrate|HTH_1,9.B.34,9.B.34,1.B.52,9.B.33,Response_reg|LytTR,2.A.1
8.A.5,PadR,2.A.1,HD|GGDEF,HMA,3.A.3,GntR|Aminotran_1_2,Nitroreductase,GH30_3,3.A.1,3.A.1,HATPase_c,GerE|Response_reg,3.A.1,3.A.1,3.A.1,Sigma70_r2|Sigma70_r4_2,2.A.1,EAL,Trans_reg_C|Response_reg,HATPase_c|HisKA,3.A.1,HTH_5,2.A.4,3.A.3,1.B.52,3.A.1,3.A.1,3.A.1
GH30_1,GH161,3.A.1,3.A.1
2.A.21,TetR_N,2.A.102,GH31
GT35,GAF,2.A.1,MarR,3.A.1,Pyr_redox_2,2.A.21
2.A.1,HTH_11,9.B.27,CE4,2.A.40,CBM16|GT39,GT2
GH5_1|CBM3,1.A.78
GH105,GH112,2.A.2,GH2,HTH_18,GH11,9.A.25,dCache_1|HTH_18,3.A.1,3.A.1
3.A.1,3.A.1,2.A.3,GH94,Peripla_BP_3|LacI,4.A.7,AraC_binding,3.A.1,3.A.1,3.A.1,3.A.1,3.A.1,3.A.1,3.A.1
8.A.59,3.A.1,3.A.1,3.A.1,SLH|CBM54|GH16_3|CBM4|CBM4|CBM4|CBM4|CBM32|CBM32,3.A.1,Pyr_redox_2,Sigma70_r2|Sigma70_r4_2,9.B.120,2.A.1
3.A.1,3.A.1,HTH_18,GH18|CBM2,GH141,dCache_1|HTH_18,Response_reg|HTH_18,9.B.33,3.A.1,3.A.1,SBP_bac_1,GH2,GH36,SBP_bac_1,3.A.1,3.A.1,3.A.1
3.A.1,3.A.1,3.A.1,3.A.1,GH26,GH5_4|CBM46,HTH_3,AraC_binding|HTH_18,GH31,Response_reg|HTH_18,9.B.33,3.A.1,3.A.1,3.A.1,GH42,LysR_substrate|HTH_1,AraC_binding|HTH_18,GH42,2.A.3,9.A.11
3.A.1,3.A.1,2.A.1,GT26
3.A.1,3.A.1,1.B.52,3.D.4,3.D.4,CE4,GntR,3.A.1
GH20,AraC_binding|HTH_18,HATPase_c,GerE|Response_reg,8.A.3,9.B.18,GT2,GT26,GT4,GT4,GT4,AraC_binding,GH26,CBM32,2.A.36
3.A.1,3.A.1,3.A.1,3.A.1,3.A.1,3.A.1,3.A.1,Response_reg|HTH_18,8.A.59,SBP_bac_1,3.A.1,3.A.1,PL12,HTH_18,CE4,HD,1.B.52,GT28,TetR_N,9.B.74,GATase_2,3.A.1,1.A.34,2.A.115
9.B.33,Response_reg|HTH_18,SBP_bac_1,3.A.1,3.A.1,9.B.158,GH29,Peripla_BP_2|HTH_18,3.A.1
GH87,AsnC_trans_reg,AraC_binding|HTH_18,3.A.1,3.A.1,3.A.1,3.A.1,3.A.1,3.D.2,Response_reg|HTH_18,HATPase_c|dCache_1,SBP_bac_1,3.A.1,3.A.1,3.A.7
9.B.74,GT4,TetR_N,3.A.1,3.A.1,3.A.1,3.A.1,PALP,2.A.3,9.A.11,2.A.16
GT28,GT2,3.A.1,3.A.1,3.A.1,3.A.1
GH66|CBM35|CBM35,GH66|CBM35|CBM5,HATPase_c|dCache_1,Response_reg|HTH_18,3.A.1,3.A.1,SBP_bac_1,GH66,GH13_31
GT8,4.C.1,B12-binding,3.A.1,3.A.1,GT2,GT2
3.A.1,3.A.1,2.A.1,9.B.33,Trans_reg_C|Response_reg|BTAD,GH28,2.A.115,CE2,PadR,dCache_1|HTH_18,3.A.1,3.A.1
2.A.21,AraC_binding|HTH_18,GH105,PL26,GH28,CE12,3.A.1,3.A.1,3.A.1,dCache_1|HTH_18,GH43_12,AraC_binding|HTH_18,3.A.1,AraC_binding|HTH_18,TPR_2|TPR_1,GH2,GH35,GH43_12,HTH_5,3.A.1,3.A.1,3.A.1,3.A.1
GH3|CBM6,HTH_18,GH3,2.A.7,2.A.7,8.A.5,4.A.2,HTH_11|Mga,4.A.2,9.A.11,9.A.11
GH51,3.A.1,3.A.1,3.A.1,GH43_26,Sigma70_r2|Sigma70_r4_2,AraC_binding|HTH_18,3.A.1,3.A.1,3.A.1,GH146,GH146,9.B.74,8.A.5,Response_reg|HATPase_c|HisKA|GAF,9.B.33,Response_reg|HTH_18,GH130,SBP_bac_1,3.A.1,3.A.1,GH130,9.B.33,Response_reg|HTH_18,3.A.1,3.A.1,3.A.1,GH130,GH106,3.A.1,3.A.1,TetR_N,CBS,MarR,MarR,2.A.1,MarR,GH27,dCache_1|HTH_18,3.A.1,3.A.1,3.A.1,GH110,GH36|CBM35,GH95,Response_reg|HTH_18,3.A.1,3.A.1,3.A.1,SBP_bac_3,TetR_N,9.B.33,3.A.1,3.A.1,3.A.1,GH95,AraC_binding|HTH_18,LysR_substrate|HTH_1,2.A.7,2.A.7,3.A.1,3.A.1,3.A.1
3.A.1,3.A.1,3.A.1,GH88,dCache_1|HTH_18,SBP_bac_1,4.A.1,GH1,FIST,1.B.52,GH42,3.A.1,3.A.1,3.A.1,dCache_1|HTH_18,PL26,PL11,LysR_substrate|HTH_1,SBP_bac_1,3.A.1,2.A.66,CBM22|CBM22|GH10|CBM9
1.B.52,Peripla_BP_3|LacI,GH130,GH113,GH130,1.B.52,2.A.86,CE4
3.A.1,4.A.1,PTS-HPr,8.A.7,2.A.1,GH13_14|CBM41,MerR,9.B.34,3.A.1,3.A.1,3.A.1,8.A.59,Response_reg|HTH_18,3.A.1,3.A.1,3.A.1,GGDEF,1.E.40,2.A.1,HATPase_c|dCache_1|PAS,Response_reg,3.D.10
GH51,HTH_5,3.A.1,3.A.1,3.A.1
9.B.116,HATPase_c,GerE|Response_reg,9.B.160,Trans_reg_C|Response_reg,HATPase_c|HisKA,GH94
GH1,4.A.1
3.A.1,3.A.1,dCache_1|HTH_18,GH43_12,GH28,AraC_binding|HTH_18,CE8,GH105,SLH|SLH|CBM54,GT2,Trans_reg_C|Response_reg,HATPase_c|HisKA,3.A.1,2.A.21,GyrI-like|HTH_18,GH13_31,GH65,Peripla_BP_3|LacI,CBM41|CBM41|GH13_12|GH13_41,CBM34|GH13_20,3.A.1,3.A.1,3.A.1,dCache_1|MCPsignal,AraC_binding|HTH_18,GH4
8.A.7,Response_reg|BTAD,HxlR,8.A.5,CheR,GH2,9.B.33,Response_reg|HTH_18,3.A.1,3.A.1,GH35,3.A.1,3.A.1,8.A.59,Response_reg|HTH_18,GH36
2.A.86,Citrate_synt,CBM54
GH13_1,GH119,HATPase_c|HisKA|PAS,Trans_reg_C|Response_reg,3.A.1,2.A.107,GH23
3.A.1,3.A.1,3.A.1,HATPase_c,Response_reg|HTH_18,PL11,2.A.3,Glyoxalase,GT2,GntR|SBP_bac_1,3.A.1,3.A.1,3.A.1,GT4
GH16_3|CBM13,3.A.1
3.A.1,3.A.1,3.A.1,HTH_11,Response_reg|HATPase_c|HisKA|PAS,8.A.59,MerR,GT4,GH20,3.A.1,3.A.1,SBP_bac_1,8.A.59,Response_reg|HTH_18,CE9,Glyoxalase,HTH_11,1.B.52,Sigma70_r2|Sigma70_r4_2,2.A.1,TetR_N,AraC_binding|HTH_18,Peripla_BP_2|HTH_18,3.A.1,3.A.1
GH18,2.A.28,1.B.52,Peptidase_M23,3.A.1,3.A.1,3.A.1,GH43_26,3.A.1,8.A.59,Response_reg|HTH_18,GH2,HD,1.I.1,3.A.1,2.A.1,Peripla_BP_2,AraC_binding|Peripla_BP_2|HTH_18,2.A.76,MarR|AsnC_trans_reg,2.A.1,TetR_N|TetR_C,Sigma70_r2|Sigma70_r4_2,3.A.1
3.A.1,3.A.1,SBP_bac_1,HATPase_c,Response_reg|HTH_18,GH136|CBM66,2.A.1
GT4,2.A.120
8.A.59,3.A.1,3.A.1,3.A.1,9.B.126,GH5_4,3.A.1,3.A.1,3.A.1,dCache_1|HTH_18,GH94,GH2
GH115,GH28,GH28,GH2,3.A.1,3.A.1,SBP_bac_1,Response_reg|HTH_18,8.A.59,GH63
GH8,GH43_35,GH95,3.A.1,3.A.1,3.A.1,Response_reg|HTH_18,8.A.59,Response_reg|HTH_18,GH43_16|CBM6,GH43_10,HTH_18,GH120,CE1,3.A.1,GH27,AraC_binding|HTH_18,GH30_8|CBM35,Peripla_BP_1,Response_reg|HTH_18,8.A.59,3.A.1,3.A.1,3.A.1,3.A.1,3.A.1,GH43_16|CBM6|CBM36,GH10,AraC_binding|HTH_18,HATPase_c|CheB_methylest|CheR_N|CheR,3.A.1,3.A.1,SBP_bac_1,Response_reg|HTH_18,HATPase_c|dCache_1,Response_reg|HTH_18,9.B.33,3.A.1,3.A.1,3.A.1,GH50,8.A.59,Response_reg|HTH_18,GH51,3.A.1,3.A.1,GH159,GH43_24|GH43_24,HTH_AraC|Response_reg|HTH_18,9.B.33,3.A.1,3.A.1,3.A.1,GH43_24|CBM32
9.A.11,9.B.34,PadR,3.A.1,3.A.1,2.A.1,CE12
GH16_3|CBM56,Response_reg|HTH_18,8.A.59,SBP_bac_1,3.A.1,3.A.1,GH16_3,GH2,AraC_binding|HTH_18,GH29,AraC_binding|HTH_18,PfkB,GT2,GH30_1,AraC_binding|HTH_18,GT4,CE7,HxlR,Nitroreductase,1.E.14,2.A.122,GH51
GH9,9.B.34
1.B.52,NTP_transf_2,CBM35|GH87
GT14,2.A.36,2.A.79,2.A.79,2.A.115,HTH_18,GH127,GH94,Peripla_BP_3|LacI,8.A.59,Response_reg|HTH_18,3.A.1,3.A.1,SBP_bac_1,GH0,GH43_17
4.C.1,GT51,9.B.34,PTS-HPr,2.A.19,2.A.103
3.A.1,GH43_4
2.A.7,4.A.1,GH1
3.A.1,GntR,3.A.1,dCache_1|GGDEF,GH73
PL9_1,8.A.5,9.A.11
GH42,AraC_binding|HTH_18,3.A.1,GH3,2.A.4
3.A.1,GH26|CBM23,3.A.1,3.A.1,SBP_bac_1,Response_reg|HTH_18,8.A.59,GH36
CBM35|GH87,3.A.1
3.A.1,3.A.1,3.A.1,3.A.1,3.A.1,3.A.1,3.A.1,3.A.1,8.A.59,Response_reg|HTH_18,GH2
8.A.59,Response_reg|HTH_18,3.A.1,CBM30|GH9|CBM46|CBM46|CBM3,3.A.1,3.A.1,SBP_bac_1,NUDIX,TetR_N,8.A.5,PL11|CE12|CE12,GH145,MerR,GH4,AraC_binding|HTH_18,NUDIX,9.B.20
2.A.1,B12-binding,Pyr_redox_2,Pyr_redox,TetR_N,dCache_1|HTH_18,3.A.1,3.A.1,3.A.1,CBM9|GH167,GH39|CBM9,GH38,8.A.59,Response_reg|HTH_18,3.A.1,3.A.1,3.A.1,GH9,Response_reg|HTH_18,3.A.1,3.A.1,SBP_bac_1,GH88,GH92,PL8,PL8,3.A.1,3.A.1,3.A.1,MarR,2.A.66,TetR_N,9.A.11,2.A.3,PL9_2,Peripla_BP_3|LacI,PfkB,3.A.1,3.A.1,3.A.1,3.A.1,1.A.13,3.A.1,3.A.1,3.A.1,GH84
3.A.1,3.A.1,SBP_bac_1,CE9,GH20,GH3,GH146,PL3_1
3.A.1,3.A.1,HATPase_c,Response_reg|HTH_18,3.A.1,GH136|CBM16|CBM16,GH53|CBM61|CBM61
9.B.100,CE4,CBM50,3.A.1,3.A.1,3.A.1,CBM34|GH13_20,GT5,CBM48|GH13_9,HATPase_c|HisKA,Trans_reg_C|Response_reg,3.A.1,2.A.1,HTH_5,3.A.7,1.B.52
3.A.24,GT51
8.A.59,2.A.85,3.A.1,GH13_36
9.A.11,2.A.3,GH43_11,AraC_binding|HTH_18,GH88,GH52,AraC_binding|HTH_18,AraC_binding,3.A.1,3.A.1,3.A.1,3.A.1
GH42,AraC_binding|HTH_18,3.A.1,3.A.1
2.A.1,HTH_5,CBM35|GH26|CBM46|CBM3,HTH_6|SIS,4.A.1
2.A.7,2.A.7,TetR_N,CE2,3.A.1,Response_reg|HTH_18,9.B.33,3.A.1,3.A.1,3.A.1,GH93|CBM66,GH2,HTH_5,3.A.1,3.A.1
1.B.52,2.A.2,CE14
9.B.105,8.A.5,Response_reg|HATPase_c|HisKA|PAS,Response_reg,9.B.34,ACT,Sigma70_r2|Sigma70_r4_2,2.A.1,MarR,2.A.1,3.A.1,Response_reg|HTH_18,HATPase_c,3.A.1,3.A.1,GyrI-like,CBM56,3.A.1,3.A.1,3.A.1,3.A.1,3.A.1
GT4,CE14,2.A.115,3.D.3,3.D.3,3.D.3
3.A.1,3.A.1,SBP_bac_1,3.A.1,3.A.1,Response_reg|HTH_18,8.A.59,GH65,GH65,1.A.1,NUDIX,1.A.16
CBM67|GH78,AraC_binding|HTH_18,3.A.1,AAA,GH38,Peripla_BP_3|LacI,Response_reg|HTH_18,9.B.33,3.A.1,3.A.1,3.A.1,GH5_46,3.A.1,3.A.1,SBP_bac_1,Response_reg|HTH_18,8.A.59,TetR_N,GH31,3.A.1,3.A.1,GH13,LacI|Peripla_BP_1,3.A.1,HATPase_c|dCache_1,Response_reg|HTH_18,Peripla_BP_2,GH30_3,3.A.1,3.A.1,Peripla_BP_3|LacI,2.A.66
GH2,3.A.1,GH67
GH43_11,HTH_IclR|IclR,HTH_8|Diacid_rec,2.A.8,2.A.1
2.A.1,TetR_N,GH127,AraC_binding|HTH_18,8.A.59,Response_reg|HTH_18,3.A.1,3.A.1,3.A.1,HTH_3,2.A.1,HTH_11,AraC_binding|HTH_18,GH30_2,GH42,3.A.1,3.A.1,SBP_bac_1,8.A.59,Response_reg|HTH_18,GH115,MarR,2.A.1,GH154,GH88,PL33_2,GH154,AraC_binding|HTH_18,GH59,3.A.1,3.A.1,SBP_bac_1,8.A.59,Response_reg|HTH_18,3.A.1,3.A.1,SBP_bac_1,Response_reg|HTH_18,HATPase_c|dCache_1,Peripla_BP_3|LacI,GH36
GH20,GH38,GH130,GH125,GH38,GH3,3.A.1,3.A.1,SBP_bac_1,Response_reg|HTH_18,HATPase_c|dCache_1,GH85,GH43_1,GH43_12,3.A.1,Trans_reg_C|Response_reg,HATPase_c|HisKA,GntR,4.A.1,GH13_29
GH43_26|CBM35|CBM35|CBM35|CBM35,GH65,3.A.1,3.A.1,3.A.1,HATPase_c|dCache_1,Response_reg|HTH_18,GH32,GH32,GH32,3.A.1,3.A.1,3.A.1,LacI|Peripla_BP_1,3.A.1,3.A.1,3.A.1,GH115,AraC_binding|HTH_18,2.A.86,Trans_reg_C|Response_reg,HATPase_c|HisKA,3.A.1,3.A.1,4.A.2,2.A.24,Response_reg,HATPase_c|PAS,9.B.34,CE7,GH130,3.A.1,3.A.1,SBP_bac_1,Response_reg|HTH_18,SBP_bac_1,8.A.59,SLH|CBM54|GH26|CBM23|CBM59|CBM35,GH43_10,3.A.1,3.A.1,3.A.1,Response_reg|HTH_18,9.B.33,dCache_1|HTH_18,3.A.1,3.A.1,3.A.1,2.A.21,2.A.3,GH43_26,GH43_22|GH43_34,GH51,HATPase_c|HisKA,9.B.33,GntR,3.A.1,3.A.1,3.A.1,3.A.1,3.A.1,3.A.1,3.A.1,2.A.2,HATPase_c|HisKA,Trans_reg_C|Response_reg,1.B.52,2.A.1,Sigma70_r4,4.A.4,4.A.4,CBM62|CBM62,CBM13|CBM42,GH28,3.A.1,3.A.1,3.A.1,dCache_1|HTH_18,GH130,SBP_bac_1,3.A.1,3.A.1
9.B.154,GH26
GT28,2.A.103,9.B.146
2.A.109,2.A.109,GH23
3.A.1,3.A.1,GH13_18,PfkB,AraC_binding|HTH_18,GH33,3.A.1,3.A.1
3.A.11,3.A.11,2.A.86,GH16_21,3.A.1,8.A.59,Response_reg|HTH_18,CBM54|GH16_3|CBM4|CBM4|CBM4|CBM4
CBM34|GH13_20,3.A.1,3.A.1,3.A.1,Aminotran_1_2,3.A.1,3.A.1,3.A.1
GH48|CBM3,GH9|CBM3|CBM3,AAA,1.B.52,2.A.40
GH88,AraC_binding|HTH_18,2.A.9,GH141,SBP_bac_1,3.A.1,3.A.1,HTH_18,AraC_binding|HTH_18,GH151
9.B.34,9.B.34,GT4,9.B.34
3.A.1,3.A.1,GH94,GH3,DeoRC|HTH_DeoR,8.A.59,GH36,9.B.33,Response_reg|HTH_18,3.A.1,3.A.1,3.A.1,GH94,GH130,GH50|CBM9,3.A.1
GT2,GT2,9.B.18,9.B.18,8.A.3,8.A.3
8.A.21,GH18|CBM12
2.A.109,3.A.1,3.A.1,3.A.1,3.A.1,SBP_bac_1,SBP_bac_1,GH51,3.A.1,3.A.1,9.A.11,GH5_4|CBM46,2.A.7,MarR,HxlR,2.A.37,Nitroreductase,GerE,Peripla_BP_3|LacI,2.A.108,2.A.108,2.A.108,HTH_6|SIS,CE9,GT4,GT2,GT2
GT2,GT2,2.A.25
CBM9,SBP_bac_1,3.A.1,3.A.1,9.B.33,Response_reg|HTH_18,GH38,GH43_2,CBM6,3.D.10,3.D.10,3.D.10,LysR_substrate|HTH_1,3.A.1,3.A.1,dCache_1|HTH_18,GntR,3.A.1,2.A.38,2.A.38
9.B.67,PL9_1
9.A.5,9.B.174,Peptidase_M23,CBM34|GH13_20
GT2,GT2,GT2,GH43_34,GH127,3.A.1,3.A.1,SBP_bac_1,dCache_1,Response_reg|HTH_18,3.A.1,3.A.1,3.A.1,CBM54|GH16_3|CBM4|CBM4|CBM4|CBM4|CBM4
GH28,GH105,3.A.1,3.A.1
2.A.3,3.A.1,3.A.1,3.A.1,dCache_1|HTH_18,GH32,3.A.1,3.A.1,3.A.1
3.A.1,HxlR,Peripla_BP_3|LacI,GH1,GH38
4.A.1,4.A.1,HTH_IclR|IclR,2.A.1,HTH_IclR|IclR,HxlR,3.A.1,3.A.1,3.A.1,3.A.1,GH1,4.A.1
9.B.116,PspC,GT2,HTH_3,2.A.7,MarR|AsnC_trans_reg,3.A.1,3.A.1,SBP_bac_1,2.A.7,3.A.1,3.A.1,3.A.1,GH10,3.A.1,3.A.1,3.A.1,Response_reg|HTH_18,8.A.59,Response_reg|HTH_18,3.A.1,3.A.1,3.A.1
3.A.1,3.A.1,2.A.66,AraC_binding|HTH_18,GH2,MerR,8.A.5,GH18
GH95,3.A.1,3.A.1,3.A.1,8.A.59
3.A.3,GH94,GH2
9.B.98,CE4,3.A.1
3.A.9,CtsR,2.A.1,GT51
9.B.18,GT2,GT2,GT2,GT2,GT4,3.A.1,3.A.1,9.B.67,9.B.160,1.A.30,1.A.30
9.B.146,GT26
1.A.33,HTH_11,Peptidase_M23,EPSP_synthase,3.A.2,3.A.2,3.A.2,3.A.2,3.A.2,3.A.2,GT0,Pribosyltran,Aminotran_1_2,2.A.107,2.A.103,2.A.103
3.A.1,3.A.1,3.A.1,3.A.1,9.B.34,GH13_5,2.A.88,3.A.1,3.A.1,Nitroreductase,2.A.1,2.A.7,2.A.1
3.A.1,3.A.1,3.A.1,3.A.1,AraC_binding,3.A.1,3.A.1,3.A.1,2.A.7,LysR_substrate|HTH_1,8.A.5,cNMP_binding,9.B.34,Peripla_BP_3|LacI,GH65,3.A.1,3.A.1,3.A.1
9.B.34,GGDEF,GT2,GH126
2.A.1,Trans_reg_C|Response_reg|BTAD,9.B.33,2.A.40,Pribosyltran,Response_reg|HATPase_c|HisKA|GAF,Response_reg|HATPase_c|HisKA,HxlR,2.A.1,8.A.5,HxlR,2.A.1,MarR,CE4
2.A.1,NUDIX,4.B.1,MarR|AsnC_trans_reg,Glyoxalase,CBM2|CBM2,TetR_N,2.A.1,Sigma70_r2|Sigma70_r4,3.A.1
3.A.1,CBM32
