GT2,GT2|GT2,Sigma70_r4|Sigma70_r2|Sigma70_r3,3.A.1,PALP,3.A.1,3.A.1,Autoind_bind|GerE,GerE|Response_reg,4.F.1,2.A.42,2.A.1,3.A.1,3.A.1,3.A.1,GT20,FlhD,FlhC,1.A.30,1.A.30,CheY-binding|CheW|H-kinase_dim|HATPase_c,CheW,MCPsignal,1.B.52,CheR|CheR_N,CheB_methylest|Response_reg,Response_reg,CheZ,9.B.2,3.A.6,3.A.6,2.A.2,GH105,9.B.158
3.A.1,3.A.1,3.A.1,CBM50
5.A.2,GntR,Pyr_redox,2.A.36,GH23,1.E.43,GH37,3.A.23,3.A.23,3.A.23,3.A.23,3.A.23
3.A.23,3.A.23,Pkinase,GH108|GH73
3.A.1,GH28,HTH_18,2.A.6,2.A.6
2.A.1,GT9
9.B.34,3.A.1,3.A.1,2.A.7,5.A.3,5.A.3,5.A.3,2.A.1,3.A.1,PL5_1,1.B.52,EAL|BLUF,2.A.1
2.A.16,CBM48|GH13_11,GH13_26,GH13_10,5.A.3,5.A.3,5.A.3
2.A.86,GH3,2.A.2,4.A.2,EAL,3.A.1,3.A.1
GT9,1.B.75
GH3,4.A.1
2.A.1,GH73
2.A.1,GT2
2.A.7,AA6
CE4,GntR,2.A.39,9.B.35,2.A.40
3.A.1,3.A.1,3.A.1,3.A.1,3.A.1,HTH_IclR|IclR,GH43_11,2.A.2,3.A.1,3.A.1,3.A.1,3.A.1,Nitroreductase,2.A.81
2.A.1,GH31,3.A.1,GntR,4.A.3,GH1,8.A.5,1.B.17,2.A.1,8.A.1,2.A.45,Fe_dep_repr_C|Fe_dep_repress,1.B.6,2.A.7,3.A.1,3.A.1,3.A.1,1.A.23
CE8,3.A.1,3.A.1,3.A.1,2.A.6,HTH_1|TOBE,3.A.1
GH20,1.B.25,4.A.1,CE9
4.A.3,GH4,4.A.3,4.A.3
2.A.1,GH32,GH32
3.A.1,3.A.1,3.A.1,3.A.1,3.A.1,Autoind_bind|GerE,GerE,1.B.35,PL2_1
3.A.1,3.A.1,3.A.1,3.A.5,GH2,Peripla_BP_3|LacI,2.A.115,GntR|Aminotran_1_2,1.A.11,3.A.1,3.A.1
1.B.10,HTH_11,Glyoxalase,2.A.6,2.A.6,3.A.5,CBM34|GH13_21,2.A.3,2.A.26
2.A.1,9.A.18,2.A.3,GT8,3.A.1,3.A.1,3.A.1,3.A.1,3.A.1,HTH_1|LysR_substrate,2.A.7
1.A.30,1.A.30,FlhD,Sigma70_r4|Sigma70_r2|Sigma70_r3,1.B.52,GH73
1.B.52,FlhD,FlhC,GT0
GT19,1.B.33
3.A.1,1.A.62,2.A.49,3.A.1,3.A.1,3.A.1,GT51
2.A.3,9.B.125,3.A.15,3.A.15,NUDIX,3.A.5,CE11,GT28,2.A.103,9.B.146
GH23,3.A.1,4.B.1
GH24,1.B.42,1.B.42
3.A.3,Peripla_BP_3|LacI,4.A.1,GH13_29
CBM50,2.A.25,1.A.23,3.D.10,3.D.10
9.B.21,HEM4,TPR_2,2.A.3,GT26,9.B.128,GT56,2.A.66,Aminotran_1_2,GT0,9.B.146,3.A.6,1.I.1
4.A.3,4.A.3,GH1,4.A.3,2.A.7,2.A.1,ACT,2.A.7,2.A.1,GH5_25,PALP,9.B.51,2.A.81,2.A.1
2.A.9,2.A.40,2.A.2,GH31,2.A.40
2.A.14,4.A.2,3.D.1,Aminotran_1_2,GH13_19,GH73,HTH_18|Peripla_BP_3,3.A.1,3.A.1,3.A.1,HTH_18,9.B.97,9.B.34
2.A.1,PfkB,Peripla_BP_1|LacI,5.A.3,2.A.1,3.A.1,3.A.1,3.A.1,3.A.1,3.A.1,CbiA,GT2,4.D.3,1.B.55,GH8,CbiA,GT2,4.D.3,GH8,1.B.55,EAL|GGDEF,2.A.23,PfkB,EAL,9.B.121,2.A.1,9.B.126,HTH_1|LysR_substrate,GH37
9.B.4,2.A.20,Pyr_redox_2,GH108|GH73
2.A.69,3.A.1,3.A.1,3.A.1,3.A.1,3.A.1,HTH_1|LysR_substrate,Aminotran_1_2,GT2,GT83,2.A.7,2.A.7,2.A.86,2.A.1,2.A.88,3.A.3,3.A.5,3.A.1,3.A.1,Sigma70_r4|Sigma70_r2,GntR|Aminotran_1_2,Aminotran_1_2,3.A.1,3.A.1,3.A.1,3.A.1,3.A.1,3.A.1,3.A.1,3.A.1,3.A.1,3.A.1
2.A.8,2.A.95,CBM48|GH13_9,CBM48|GH13_11,GT5,GT35,Rhodanese,9.B.104,DeoRC|HTH_DeoR,GerE,GT35,GH77,2.A.8,9.A.8,9.A.8,9.A.8,Trans_reg_C|Response_reg,2.A.21
GT51,1.B.22
GT51,8.A.8,4.A.2,1.B.42,1.B.42,1.B.42,SIS|CBS,2.A.19,3.A.1,3.A.1,3.A.1,3.A.1,3.A.1
3.A.1,3.A.1,3.A.1,CE8
2.A.1,GH23
2.A.1,HTH_1|LysR_substrate,GH1,SIS|HTH_6,1.C.113
GH8,9.B.34,1.B.55,4.D.3,GT2,EAL|PAS|GGDEF,Aminotran_1_2,PALP|CBS,3.A.1,3.A.1,3.A.1,1.B.35,PL22|PL22,2.A.1,PL22|PL22,3.A.1,3.A.1,3.A.1,3.A.1,AraC_binding,HTH_1|LysR_substrate,3.A.1,4.A.3,GH1,GntR,Peripla_BP_3|LacI,4.C.1,2.A.1,8.A.5,2.A.109,NUDIX,4.A.2
3.A.7,GH102
GH1,4.A.1,Peripla_BP_3|LacI,5.A.3,3.D.1,Pyr_redox_2,3.A.23,SIS|CBS,DeoRC|HTH_DeoR,4.A.4,4.A.4,4.A.4,GH103,Mga|HTH_11,4.A.2,4.A.2,4.A.2,Glucokinase,3.A.1,3.A.1,3.A.1
GH32,4.A.1,1.B.3,PfkB,3.A.1,3.A.1,3.A.1,3.A.1,SBP_bac_1,3.A.1,Sigma70_r4|Sigma70_r2,5.A.1
2.A.1,GH23,HisKA|HATPase_c,3.A.23,Aminotran_1_2,2.A.113,2.A.1,2.A.113
GH4,4.A.1,GT51
2.A.102,GH1,9.B.27,9.B.160,Pribosyltran,3.A.1,3.A.1,3.A.1,3.A.1,3.A.1,1.A.12,NUDIX,Peripla_BP_3|LacI,4.A.7,4.A.7,4.A.7
2.A.1,4.A.2,PfkB,4.A.2,2.A.98,HTH_1|LysR_substrate,2.A.3,2.A.1,9.B.169,Peripla_BP_3|LacI,3.A.1,3.A.1,3.A.1,9.B.114,2.A.122,1.E.14,4.A.1,GH1,HTH_1|LysR_substrate,9.B.27,9.B.29,GH3,3.A.1,3.A.1,3.A.1,3.A.1,MerR,9.B.33,LytTR|Response_reg,3.A.1,2.A.113,3.A.1,3.A.1,3.A.1,3.A.1,GH53,GH42,4.A.1,1.B.3
2.A.1,2.A.6,2.A.6,8.A.1,AlkA_N|HhH-GPD,9.B.34,9.B.22,NUDIX,DeoRC|HTH_DeoR,2.A.109,1.B.18,8.A.3,GT2,GT4,GT2,NUDIX,GT4,9.B.18,2.A.66,GT4
GT4,GT2,GT4,GT4,9.B.18
