3.A.1,3.A.1,AsnC_trans_reg|HTH_5,3.A.1,3.A.1,3.A.1,3.A.1,GH100,HATPase_c|HisKA,3.A.23,5.B.5
GH23,2.A.1,3.A.3,3.A.3,2.A.4
GT9,HATPase_c|HisKA,Response_reg|Trans_reg_C,GT35,GT5,GH77,CBM48|GH13_11,2.A.1,1.A.11,2.A.106
9.B.42,GT4,GT4,GT4,PL14,9.B.97,GT2,Aminotran_1_2,2.A.66
2.A.72,GT83,GT2,1.B.42
GH103,MerR,3.A.3,2.A.1,3.A.1,3.A.1,3.A.1,3.A.1,3.A.1
GT51,Response_reg|GerE,dCache_1|HATPase_c|HisKA|PAS,2.A.47,CheW,1.B.52,SIS|HTH_6,3.A.1,3.A.1,3.A.1,3.A.1
GH23,HD,Response_reg|Trans_reg_C,HATPase_c|HisKA,9.B.34,3.A.1,3.A.1,3.A.1,3.A.1,2.A.37,SBP_bac_1,3.A.1,3.A.1,GH1,3.A.1,GH5_47,GH30_3,3.A.1,3.A.1,GH1,LacI|Peripla_BP_3,GH3,1.B.14,1.A.30,1.A.30,1.A.30
3.A.3,GH144,2.A.111,2.C.1,MarR,2.A.49,1.A.30,1.A.30,3.A.2,1.A.77,3.A.2
9.B.34,AAA,SBP_bac_3,GH23,2.A.47
3.A.1,3.A.1,3.A.1,MerR,Pyr_redox_2,GT2,1.I.1
GH3,2.A.1,3.A.1,3.A.1,3.A.1,3.A.1,TetR_N,9.B.34,PAS|HATPase_c|Response_reg|HisKA,3.A.1,3.A.1,3.A.1,TOBE,3.A.1,3.A.1,3.A.1,3.A.1,3.A.1,9.A.4
1.B.33,GT19,2.A.76,3.A.16,9.B.34
CE4,GT4,GT2,3.A.1,GT2,2.C.1,2.C.1,TPR_2,2.A.1
2.A.62,4.C.1,2.A.86,8.A.21,1.A.23,GH77|GH13_26,GH13_10,CBM48|GH13_11,GH13_16,GH13_3,CBM48|GH13_9,GT20
GT104,4.F.1,2.A.7,2.A.102
2.A.72,Response_reg|Trans_reg_C,HATPase_c|HisKA,2.A.37,9.B.34,GH103
1.A.14,Sigma70_r2|Sigma70_r4,1.A.34,GT2,3.A.23,HATPase_c|HisKA,1.B.52,2.A.1,2.A.1,5.A.3,5.A.3,5.A.3
3.A.5,1.A.34,2.A.1,GT51,3.A.11,1.B.22
9.B.126,GT0,LexA_DNA_bind,GT30,GT9,AlkA_N|HTH_18|Ada_Zn_binding|HhH-GPD,2.A.7
CE11,GT51,GT28,2.A.103,9.B.146
2.A.1,GT25|GH16_21,2.A.59,3.A.4
GH73,GntR|Aminotran_1_2,2.A.7
CBM32,HTH_DeoR|DeoRC,Cyanate_lyase,3.A.1,3.A.1,3.A.1,Response_reg|GerE,PAS|HATPase_c,1.A.35,4.C.1,3.D.2,3.D.2,NUDIX,Pyr_redox_2,2.A.6,3.A.1,GGDEF|EAL,GH23,3.A.1,3.A.1,2.A.1,4.C.1,Response_reg,2.A.21,9.B.136,2.A.21
3.D.7,3.D.1,CBM50,3.A.11,2.A.6,2.A.6,3.A.5,1.C.113
9.B.34,GT35,TetR_N,4.C.1
2.A.53,3.A.1,3.A.1,AA3_2,2.A.102,9.B.157
9.B.34,9.B.34,GH15,1.E.40,2.A.109
3.D.2,9.B.34,GT51,TetR_N,3.A.1,3.A.1,3.A.1,3.A.1,4.C.1
