GT51,2.A.21,HTH_8|Response_reg,2.A.1,LysR_substrate|HTH_1,8.A.5,HTH_11,2.A.1,PadR|Fe_dep_repress,9.B.34
GT4,3.A.1,3.A.1,9.B.18,1.A.8,3.A.7,3.A.7,3.A.7,3.A.7
9.B.158,HTH_11,Rhodanese,8.A.5,GT8,GT8
3.A.1,AraC_binding|HTH_3,3.A.1,3.A.1,3.A.1,3.A.1,1.B.33,GerE,GT26,GT2,GT2
2.A.1,8.A.1,MarR,GerE|Autoind_bind,GT2,3.A.1,TrkA_C,2.A.66
2.A.102,GerE|Response_reg,2.A.21,1.A.22,GerE|Response_reg,Aminotran_1_2,1.B.52,AraC_binding|HTH_18,GH4,9.B.186,8.A.3
GH15,Peripla_BP_3|LacI,3.A.1,3.A.1,3.A.1,GH38,3.A.1,3.A.1,3.A.1,3.A.1
3.A.1,3.A.1,3.A.1,3.A.1,GH4
GH13_23,AraC_binding,2.A.69
3.A.1,GH1,3.A.1,3.A.1,3.A.1,Peripla_BP_3|LacI,GH13_23,3.A.1,3.A.1,3.A.1,3.A.1,3.A.1,3.A.1,3.A.1
GT2,2.A.102
GT4,GT26,GT2,GT94,9.B.97,GT51,9.B.102,Rhodanese,5.A.1,HTH_5,9.B.102,9.B.102,2.A.53,1.B.12,GerE|Response_reg,HATPase_c|HisKA|PAS,3.A.1
3.A.1,HisKA|HATPase_c,3.A.1,3.A.1,3.A.1,GH2,2.A.7,Hemerythrin,2.A.1
8.A.46,3.A.1,2.A.6,PadR,Peripla_BP_3|LacI,GH2,3.A.1,SBP_bac_1,3.A.1,3.A.1,3.A.1
3.A.24,3.A.1,3.A.1,3.A.1,3.A.1,3.A.1,GntR,8.A.5,3.A.1,MerR,2.A.1,3.A.1,3.A.1,3.A.1,3.A.1,SIS|HTH_6,GH20
2.A.63,2.A.63,2.A.63,2.A.63,2.A.63,2.A.63,HTH_18,3.A.1,3.A.1,3.A.1,AA3_2
CE9,SBP_bac_1,3.A.1,3.A.1,3.A.1,2.A.80,2.A.80,SBP_bac_1,Response_reg|Trans_reg_C,HisKA|HATPase_c,3.A.1,3.A.1,3.A.1,SBP_bac_1,Peripla_BP_3|LacI,3.A.3,3.A.3,3.A.3
3.A.1,3.A.1,3.A.1,3.A.1,3.A.1,3.A.1,3.A.1,3.A.1,GT2|GT2,GH8,GntR|Aminotran_1_2,MarR,3.A.1,3.A.1,3.A.1,3.A.1,PIG-L,3.A.1,3.A.1,3.A.1
CE4,GntR,GntR,3.A.1,3.A.1,3.A.1,3.A.1,3.A.1,Sigma70_r4,3.A.1,3.A.1,3.A.1,3.A.1,3.A.1,3.A.1,3.A.1,3.A.1,GntR,1.B.12
3.A.1,3.A.1,3.A.1,GH33,CE9
CE9,1.B.6,GH23
9.B.18,GT4,1.B.18
2.A.23,GT1
9.B.36,GT4
1.B.33,GT19,Citrate_synt,GH42
3.A.1,3.A.1,Peripla_BP_1,MarR,GT2|GT2,PIG-L,GH63,3.A.1,3.A.1,3.A.1,SBP_bac_1,Peripla_BP_3|LacI,3.A.1,3.A.1,3.A.1,AraC_binding,PALP,Pyr_redox_2,SIS|HTH_6,3.A.1,2.A.66,2.A.21,Response_reg,HTH_3,3.A.1,3.A.1,3.A.1,3.A.1,3.A.1,SBP_bac_1,CBM67|GH78,Peripla_BP_3|LacI,AsnC_trans_reg,3.A.1,3.A.1,3.A.1,3.A.1,3.A.1,HTH_18,3.A.1,3.A.1,3.A.1
1.B.17,GH38,3.A.1,3.A.1,3.A.1
1.A.34,GT51
1.B.18,GH16_21,GT2,9.B.18,8.A.3,GT2,GT2,3.A.1,3.A.1,3.A.1,3.A.1,3.A.1
3.A.1,3.A.1,3.A.1,3.A.1,3.A.1,HTH_3,Glyoxalase,GH51
CE4,3.A.1,3.A.1,3.A.1,3.A.1
3.A.1,9.B.34,2.A.1,Glyoxalase,GT4,GH3,4.C.1,2.A.109,3.A.1,3.A.1,3.A.1,3.A.1,1.A.23
2.A.88,9.A.41,TetR_N,3.A.1,GntR,GT51
1.B.33,CE11
GT28,2.A.103,9.B.146
GH13_11,GT5,CBM48|GH13_9,GT35,2.A.37,2.A.76,GT2,GT2,9.B.97,CE7,3.A.1,9.B.34,LysR_substrate|HTH_1,2.A.1,Peripla_BP_3|LacI,3.A.1,3.A.1,3.A.1,HTH_5,2.A.47,2.A.68
2.A.1,GT32
3.A.1,3.A.1,3.A.1,MarR,9.B.34,9.B.34,9.B.43,3.A.1,3.A.1,3.A.1,9.B.35,CE4,CBM50
2.A.19,Glyoxalase,GT8,3.A.1,3.A.1,3.A.1
3.A.1,3.A.1,3.A.1,3.A.1,3.A.1,Peripla_BP_3|LacI,8.A.1,2.A.6,Pribosyltran,8.A.1,3.A.1,9.B.10,2.A.117,LysR_substrate|HTH_1,2.A.1,HxlR,TetR_N,3.A.1,3.A.1,3.A.1,SBP_bac_1,GH29,Peripla_BP_3|LacI,LysR_substrate|HTH_1,2.A.56,2.A.56,3.A.1,3.A.1,3.A.1,3.A.1,Pyr_redox_2,3.A.1,LysR_substrate|HTH_1,HTH_18,3.A.1,3.A.1,SBP_bac_1,3.A.1
GH3,3.A.1,3.A.1,3.A.1,3.A.1,3.A.1
1.A.30,1.A.30,LysR_substrate|HTH_1,3.D.1,CBS,3.A.16,TPR_2,2.C.1,1.A.30,1.A.30,AAA,GH23,2.A.36
GH103,8.A.21,1.A.30,1.A.30,2.A.55
1.A.23,Peripla_BP_3|LacI,3.A.1,3.A.1,3.A.1,3.A.1,3.A.1,GH38,GntR,2.A.56,2.A.56
3.A.1,3.A.1,GntR,2.A.1,GH33,3.A.1,3.A.1,3.A.1
GH3,HxlR,2.A.66
3.A.1,GT51
3.B.1,9.B.34,3.A.1,3.A.1,3.A.1,3.A.1,3.A.1,1.B.52,1.B.52,1.B.52,1.B.52,1.B.52,3.A.2,3.A.2,3.A.2,3.A.2,3.A.11,9.B.34,GH127,Peripla_BP_3|LacI,3.A.1,3.A.1
2.A.95,GH25,3.A.1,3.A.1
1.A.13,GH20,3.A.1,3.A.1,3.A.1,3.A.1
2.A.66,HD|ACT|NTP_transf_2,GH43_11,LacI,8.A.5
