1.B.14,GH20,GT2,3.A.3,3.A.1,Aminotran_1_2,Rrf2,1.C.105
GT4,GT2,9.B.18,9.B.146
1.B.18,8.A.3,9.A.25,2.A.1,GH130,1.B.14
9.B.18,GT2,2.A.66,GT101,GT4,GT4,GT2,2.A.21,Response_reg|HisKA|HATPase_c,9.B.18
1.B.14,Peripla_BP_3|LacI|Peripla_BP_1,GH92,GH92,HisKA|HATPase_c,Response_reg|Trans_reg_C,1.B.14,GH92,2.A.6,2.A.6,1.B.14,GH30_3
9.B.18,Pyr_redox,3.A.1,Response_reg|PglZ,HD,CE11,3.A.1,Sigma70_r4_2,GT30,GH117,Rhodanese,2.A.102,9.B.102,9.B.102
GH95,GH88,Response_reg|Y_Y_Y|HisKA|HATPase_c|HTH_18,1.B.14,TPR_2,GH154,GH88
GH109,9.A.25,GH20,1.C.105,4.B.1
9.B.160,Sigma70_r2,GH2|CBM32,2.A.1,2.A.7
GH29,8.A.46,1.B.14
1.B.14,8.A.46,1.B.14,8.A.46,PL8_3,GH88,PL33_1,1.B.14,1.B.14,Sigma70_r4_2|Sigma70_r2,FecR,1.B.14,GH3,GH33,GH29,1.B.14,MarR,8.A.46,1.B.14
GH92,Peripla_BP_3|LacI,5.A.3,3.D.4,3.D.4,GT51
2.A.1,GT2,2.A.7
3.A.5,3.D.1,3.D.1,GT4
GH29,GH141,CBM32,1.B.14
1.B.14,8.A.46,Response_reg|LytTR,1.B.14,8.A.46,1.B.14,TPR_2|TPR_1,1.B.14,GH27|CBM13|CBM35,GntR,1.B.14,8.A.46,GH20,GH33,GH16_3
9.B.146,2.A.103,GT28
1.B.14,8.A.46,HTH_18|AraC_binding,CBM67|GH78,9.B.155,Response_reg|LytTR,9.B.33
1.B.14,GH16_3|GH43_24,GH2,Y_Y_Y|Response_reg|HisKA|HATPase_c|HTH_18|Reg_prop,GH105,GH154,GH145
GH2,GH2,Y_Y_Y|Response_reg|HisKA|HATPase_c|HTH_18|Reg_prop,1.B.14,8.A.46
1.B.14,GH29
1.B.14,FecR,Sigma70_r4_2|Sigma70_r2,GH110,GH92,1.B.14,3.A.1,3.A.1,2.A.1,PfkB,1.B.14,GH32,GH32,Sigma70_r4_2|Sigma70_r2,FecR,1.B.14,GH88|GH29,GH29,Peripla_BP_3|LacI,GH13_10,1.B.14,8.A.46,GH13_2,GH65,2.A.2,Y_Y_Y|Response_reg|HisKA|HATPase_c|HTH_18|Reg_prop,1.B.14,Sigma70_r4_2|Sigma70_r2,FecR,1.B.14,8.A.46
8.A.46,HTH_18,TPR_2|GerE,2.A.6,HD,1.A.46,9.B.20,3.A.3,1.B.14,GH66,GH31,GH97,2.A.4
GH97,GH146,3.D.7
GH32,HxlR,2.A.37,HTH_18,Response_reg|Trans_reg_C,HisKA|HATPase_c,2.A.6,2.A.6,2.A.6,2.A.3,HTH_18|AraC_binding,1.B.14,8.A.46
3.D.4,3.D.4,1.B.14,GH3,GH144,1.B.14,Y_Y_Y|GerE|Reg_prop,1.B.14,GH29,GH2,GH95,PL38,GH88|PL29,Y_Y_Y|Response_reg|HisKA|HATPase_c|HTH_18|Reg_prop,2.A.1,HTH_18,1.B.14,PL21
CE8,1.B.14,PL1_2,GH28,GH95,GH43_10,CE8,TPR_2,GT2,CE4
1.B.14,GH31,CBM48|GH13_9,GT5,GH123
3.A.1,3.A.3,2.A.53,1.B.14,Y_Y_Y|Response_reg|HisKA|HATPase_c|HTH_18|Reg_prop,GH31,1.B.14,8.A.46,GH2,Pribosyltran,4.C.1,1.B.14,GT1
GH43_19|GH43_29,GH142,HTH_18,HTH_18,3.A.1,3.A.1,CBM32
1.B.14,2.A.114,Y_Y_Y|Response_reg|HisKA|HATPase_c|HTH_18|Reg_prop,1.B.14,8.A.46,GH88,GH29
GH38,GH92,GH2,GH92,1.B.14
1.B.14,3.A.1,3.A.1,3.A.1,HTH_18,2.A.21,CHASE3|Response_reg|HisKA|HATPase_c|GAF,Response_reg,CheR_N|CheR,Response_reg,NUDIX,GH3,GH3,2.A.6
8.A.5,HTH_18,8.A.5,B12-binding_2,GH43_34,1.B.14,CE4
1.A.77,GT4
GH29,2.A.21
3.D.1,3.D.1,GT2
3.A.1,3.A.1,3.A.1,CE14
GH163,Response_reg,2.A.7,HxlR,2.A.1
2.A.6,2.A.6,1.B.33,2.A.1,GH0,9.A.25
GT20,1.A.23
2.A.102,2.A.7,Aminotran_1_2|GntR,CBM67|GH78
3.A.25,GT2
GH92,GntR,2.A.1,CBM47,GH95
2.A.6,2.A.6,2.A.6,8.A.59,Response_reg|LytTR,2.A.6,2.A.6,2.A.6,1.I.1,2.A.33,3.A.1,1.B.79,GT4,GT4,2.A.1,8.A.1
3.A.1,9.B.210,2.A.1,2.A.8,GH130,GT4,GH18|CE4|GT2
1.B.23,GH125
3.A.1,GT4,GT2
GT19,2.A.1
1.A.4,GH43_3,GH2,GH127,1.B.14,HATPase_c|Y_Y_Y|HisKA|Reg_prop,Response_reg|HTH_8|HTH_18,GH76,9.B.143
GH29,8.A.5,8.A.5
CBM51,GH92,cNMP_binding,GH2,GH43_19|GH43_34,1.B.14,Y_Y_Y|Response_reg|HisKA|HATPase_c|HTH_18|Reg_prop,GH20,PIG-L,2.A.102,Response_reg|LytTR,9.B.33,9.B.10
GH67,GH43_1,GH10,2.A.2,GH43_35,GH43_29|CBM6,GH43_10,GH95,CE1,Y_Y_Y|Response_reg|HisKA|HATPase_c|HTH_18|Reg_prop,1.B.14,GH10,GH5_21|GH5_21,CE6,GH29,1.B.14,GH43_34|CBM32
GH2,GH53,8.A.46,1.B.14,GH147
8.A.28,9.B.126,GH76,GH76,1.B.14
2.A.2,GH130,CE1,GH30_3,GH5_10,GH26,GH5,GH26,1.B.14
1.B.14,8.A.46,GH97,1.A.25,GH2,GH29,1.B.14
9.B.10,1.B.14,GH2,9.B.143,2.A.6,2.A.6,2.A.6
GH29,2.A.1
GH92|GH92,Sigma70_r4_2|Sigma70_r2,FecR,1.B.14,5.B.3,3.A.1,3.A.1
3.A.18,NUDIX,LysR_substrate|HTH_1,1.B.14,4.C.1,9.B.126,GT2
9.B.150,2.A.51,9.B.186,GH144|GH144,GH29
GH109,9.A.40,2.A.17,2.A.17,2.A.1,8.A.46,1.B.14,Rhodanese,GH25,1.A.46
2.A.3,2.A.4,Aminotran_1_2,GH18
CBM9,CbiA,2.A.9
3.A.1,3.A.1,2.A.72,2.A.3,3.A.12,GH23
3.D.1,3.D.1,3.D.9,3.D.9,3.D.1,3.D.1,3.D.1,GT9,GT4,GT32,GT2
1.C.39,GT0,1.B.14
2.A.23,9.B.14,MarR,GT4,2.A.37,2.A.37,8.A.46,1.B.42
8.A.46,1.B.14,GT51,GT5
GH28,GH117|GH117,1.B.14,1.B.14,GH106,GH2,GH105,CE12,CE12,PL11_1,GH28,GH28,GH2,GH43_18,GH115,GH51,1.B.14,1.B.14,CE12,2.A.7,cNMP_binding|CBS,GH43_19|GH43_34,GH43_19,GH51,GH51,2.A.21,NUDIX,3.A.2
GH76,8.A.46,1.B.14,1.B.14
GT51,3.A.1
2.A.21,SIS,1.B.33,1.B.14,1.B.14,CE9,1.B.14,8.A.46
2.A.66,GT2,GT2,Rhodanese,1.B.14
3.A.1,CE8,GH28,GH105,PL10_1,PfkB,2.A.1,CE12,1.B.14
9.B.111,GT4,8.A.28,GH2,TPR_2,2.A.1,HTH_18|AraC_binding,3.D.1,3.D.1,3.D.1,3.D.1,3.D.1,3.D.1,3.D.1,3.D.1,3.D.1,3.D.1,3.D.1,3.D.1,3.D.1,3.D.1,TPR_2,1.A.30
2.A.21,9.B.168,GH73
