8.A.3,1.B.66,9.B.42,GT4,GT4,GT4
GT2,3.A.1,GT2,4.C.1
2.A.6,2.A.6,2.A.1,EAL,GH100,GT4
9.B.186,3.A.7,3.A.11,CBM50,HisKA|HATPase_c,3.A.23,2.A.38,2.A.38
GT51,1.B.22,SKI,PfkB,8.A.8,4.A.6,4.A.2,1.B.42,SIS|CBS,2.A.19,3.A.1,3.A.1,3.A.1
9.B.146,2.A.103,GT28
CE11,Peptidase_M23,3.A.5,NUDIX,3.A.15,3.A.15,3.A.15,3.A.5,1.C.82
3.A.1,3.A.1,3.A.23,HisKA|HATPase_c,GT5,1.B.9,GH23
9.B.18,GT0
2.A.53,2.A.21,3.A.23,CBM48|GH13_9,GH57,GH77,1.A.23,GT51
3.A.1,3.A.1,1.E.43,3.A.5,2.A.6,2.A.6,GT51
1.B.39,CBS,9.B.34,GT10
GT19,1.B.33
9.B.34,AA6
3.A.1,1.A.62,GT84|GH94,9.B.34
GT2,2.A.59
GT2,9.B.34
3.D.1,3.D.1,3.D.1,3.A.3,2.A.19,GGDEF|PHY|GAF,3.A.1,GT2
GH23,3.A.1,3.A.1
2.A.6,3.A.23,GT4,4.F.1,2.A.40
GH103,2.A.103,1.B.42
2.A.22,GH23,HATPase_c,CBM50,Fer4,9.B.34
2.A.6,GT2
3.A.25,9.B.157,9.B.157,GT30,GT4,GT9,3.A.1,3.A.1,3.A.1,1.B.33,9.B.22,1.B.6
3.A.15,3.A.15,3.A.15,GH23
