9.B.143,3.A.9,GT4,4.C.1,1.A.34,Peptidase_M23,9.B.174,GT0,2.A.4
1.A.11,1.B.14,AA3_2,2.A.109
8.A.21,GH23
1.B.14,GH3,2.A.1
2.A.23,HhH-GPD,1.A.1,3.A.25,GT51,9.B.160,3.A.1
1.B.14,GH43_9,2.A.56
8.A.5,Trans_reg_C|Response_reg,1.B.14,TPR_4,GH23,3.A.7,3.A.7,3.A.7,1.B.14,PAS|HisKA|HATPase_c|Response_reg,GT2,GGDEF|Response_reg,GH113
1.I.1,1.A.23,Pyr_redox_2,GH140
1.B.14,Peripla_BP_2,3.A.1,3.A.1,GH24,9.B.34
1.B.43,GH23,2.A.21
2.A.37,Aminotran_1_2,9.B.18,9.B.18,GT4,GT4,GT4,8.A.3
3.A.1,3.A.1,4.C.1,GH23
3.D.10,GT51
GH103,2.A.37
2.A.33,2.A.19,2.A.2,Peripla_BP_3|LacI,1.B.14,GH13,GH13_23,GH97,1.B.14,4.C.1,9.B.34
3.A.1,HTH_3,GT4,2.A.6,2.A.6
GT4,2.A.7
GT28,2.A.103,9.B.146
GH24,1.B.33,PALP|ACT,2.A.64,GH3
3.A.1,3.A.1,3.A.1,3.A.1,2.A.102,GT2,2.A.33,Glyoxalase,1.B.71,9.B.34
GT51,2.A.4
GT2,GT4,GT4,GT0,MarR,8.A.3,1.B.14,2.A.15,TetR_N,1.B.14,1.A.1
GT2,TetR_N,8.A.1,2.A.6
GH25,3.A.16
AA2,GH102,2.A.66
