2.A.6,CSD,GH114,3.A.1,3.A.1,2.A.67,9.B.97,Glycos_trans_3N,CE1,3.A.1,3.A.1,3.A.1
3.A.1,3.A.1,3.D.4,3.D.4,2.A.6,HTH_1|LysR_substrate,3.D.4,CE1,2.A.1
3.A.1,3.A.1,3.A.1,GT2,CE1,1.C.113,CE1,CE1,CE1,CE1,CE5,3.B.1,2.A.1,HTH_1|LysR_substrate,4.D.2,2.A.6
9.B.27,2.A.1,GT4,3.A.1,3.A.1,3.A.1
GH3,2.A.1
GT4,GT2,8.A.3,9.B.18
GH76,3.A.1,3.A.1,3.A.1
3.A.1,LacI|Peripla_BP_3,GT20,2.A.79,2.A.1,2.A.33
2.A.6,3.A.1,3.A.1,3.A.1,3.A.1,TetR_N,CBM48|GH13_11,GT5,GH13_30,TetR_N,2.A.68,3.A.1,MarR,GT87,4.C.1,2.A.1
3.D.4,3.D.4,Glycos_trans_3N,3.D.4,3.D.3,GT4,Glucokinase,GT87,9.B.106
9.B.146,2.A.103,GT28
1.A.26,GT2
AA3_2,2.A.15
GT4,4.F.1
2.A.21,1.I.1,2.A.3,1.A.35,CBS,3.A.1,Sigma70_r2|Sigma70_r4_2,9.B.27,GH32,2.A.3,Aminotran_1_2,Fer4,CE14
GH23,Fe_dep_repr_C|FeoA|Fe_dep_repress,3.A.1,3.A.1,3.A.1
3.A.1,GH23|CBM50
9.A.47,9.B.160,NUDIX,HhH-GPD,1.A.1,TetR_N,Whib,GT51,2.A.63,2.A.63
3.A.1,3.A.1,2.A.7,GT76
AA3_2,3.A.1,3.A.1,3.A.1
3.D.10,3.D.10,GH65,Pyr_redox_2,CE1,CE1,2.A.1,9.B.55
GT85,GT53,GH25,Glyoxalase,2.A.76
GH3,2.A.1,SKI,2.A.8,2.A.3
