2.A.1,2.A.81,GntR,4.A.1,GH4,9.B.51,PALP,2.A.8,LysR_substrate|HTH_1,2.A.1,2.A.7
2.A.2,GH31,HTH_6|SIS,GH4,4.A.1,2.A.40,2.A.27,1.A.8,3.A.1,9.B.124
GT2,GT30,GT2,GT4,GT4,GT9,GT9,GT73,GT9,GT9,Aminotran_1_2,GT2,1.A.34
2.A.1,HTH_IclR|IclR,3.D.1,Aminotran_1_2,GH13_19,GH73,Peripla_BP_3|HTH_18,3.A.1,3.A.1,3.A.1,9.B.44,9.B.44,9.B.97,1.E.53,3.A.1,CSD,HTH_3,2.A.1,2.A.1,PfkB,LacI|Peripla_BP_1,9.B.186,5.A.3,2.A.1,8.A.28,3.A.1,3.A.1,3.A.1,3.A.1,3.A.1,CbiA,GT2,4.D.3,1.B.55,GH8,CbiA,GT2,4.D.3,GH8,1.B.55,2.A.23,PfkB,9.B.121,2.A.1,9.B.126,LysR_substrate|HTH_1,GH37
2.A.17,9.B.4,2.A.20,Pyr_redox_2,1.A.26,3.A.1,3.A.1,3.A.1,3.A.1,3.A.1,LysR_substrate|HTH_1,Aminotran_1_2,GT2,GT83,2.A.7,2.A.7,2.A.86,2.A.1,2.A.88,3.A.3,3.A.5,3.A.1,3.A.1,Sigma70_r2|Sigma70_r4,GntR|Aminotran_1_2,Aminotran_1_2,2.A.42,3.A.1,3.A.1,3.A.1,3.A.1,3.A.1,3.A.1,3.A.1,3.A.1,3.A.1,3.A.1
2.A.8,CBM48|GH13_9,CBM48|GH13_11,GT5,GT35,HTH_3,Rhodanese,9.B.104,HTH_DeoR|DeoRC,GerE,GT35,GH77,2.A.8,Pribosyltran,9.A.8,9.A.8,9.A.8,Response_reg|Trans_reg_C,2.A.21
GT51,1.B.22
1.A.12,Pyr_redox_2,GATase_2,2.A.1,Response_reg|PAS|HATPase_c|HisKA,GT51,8.A.8,4.A.2,1.B.42,1.B.42,1.B.42,CBS|SIS,2.A.19,3.A.1,3.A.1,3.A.1,3.A.1,3.A.1
1.B.76,HTH_18,9.B.27,1.A.30,1.A.30,2.A.2,GH43_10
9.B.120,2.A.1,GH23,HhH-GPD,3.A.1,3.A.1,3.A.1,9.A.4,3.A.15
5.A.1,GH1,HTH_6|SIS,1.C.113
CBM50,2.A.1,LysR_substrate|HTH_1,8.A.5,2.A.37
2.A.42,2.A.117,LysR_substrate|HTH_1,PL0,PL22|PL22,2.A.1,LacI|Peripla_BP_1,2.A.1,GH32,1.B.15,3.A.1,3.A.1,3.A.1,AraC_binding,LysR_substrate|HTH_1,3.A.1,4.A.3,GH1,GntR,LacI|Peripla_BP_3,4.C.1,2.A.1,8.A.5,2.A.109,NUDIX,4.A.2
3.A.1,3.A.1,3.A.1,3.A.1,CbiA,GH102
CBM50,Sigma70_r3|Sigma70_r2|Sigma70_r4,2.A.1,LysR_substrate|HTH_1,MarR,1.E.53,3.A.1,3.A.1,3.A.1,1.B.14,2.A.69,LysR_substrate|HTH_1,3.A.1,3.A.1,3.A.1,3.A.1,LacI|Peripla_BP_3,Glucokinase,4.A.3,4.A.3,4.A.3,4.A.3,GH5_41|CBM35,GH1,3.A.23
3.D.1,3.D.1,3.D.1,3.D.1,3.D.1,3.D.1,GH1,4.A.1,LacI|Peripla_BP_3,5.A.3,2.A.52,Pyr_redox_2,3.A.23,CBS|SIS,HTH_DeoR|DeoRC,4.A.4,4.A.4,4.A.4,GH103,3.A.1,3.A.1,3.A.1
GH23,HATPase_c|HisKA,3.A.23
CBM61|GH53,1.B.1,GH35,2.A.1,MarR,TPR_2,2.A.1,2.A.1,2.A.113
GH1,Pribosyltran,2.A.40,2.A.86,ACT,1.B.33
1.E.43,1.E.56,GH19
2.A.1,4.A.2,PfkB,4.A.2,2.A.98,LysR_substrate|HTH_1,2.A.3,1.B.14,9.B.169,LacI|Peripla_BP_3,3.A.1,3.A.1,3.A.1,9.B.114,2.A.122,1.E.14,4.A.1,GH1,1.B.17,9.B.27,9.B.29,GH3,3.A.1,3.A.1,3.A.1,3.A.1,9.B.33,LytTR|Response_reg,3.A.1,2.A.113,LysR_substrate|HTH_1,2.A.40
9.B.22,2.A.109,1.B.73,1.B.18,8.A.3,GT2,GT4,GT26,GH16,GT2,9.B.18,3.A.1,3.A.1,GT111|GT8,GT2,GT4,GT2
9.B.34,2.A.66,1.C.58,GT1,3.A.1,3.A.1,9.B.2
1.B.1,HD,2.A.7,9.B.34,GerE,GH13_5,3.A.1,PALP,3.A.1,3.A.1,Autoind_bind|GerE,GerE|Response_reg,4.F.1,2.A.42,2.A.1,2.A.2,3.A.1,3.A.1,3.A.1,GT20,2.A.2,GH105,9.B.158
3.A.1,3.A.1,3.A.1,CBM50
5.A.2,2.A.34,GntR,Pyr_redox,2.A.36,GH23,1.B.14,GH37
2.A.17,HhH-GPD,3.D.6,3.D.6,3.D.6,3.D.6,3.D.6,3.D.6,HHA,GH1,2.A.1
1.B.14,2.A.3,LysR_substrate|HTH_1,3.A.1,3.A.1,3.A.1,SBP_bac_3,HTH_3,1.B.3,2.A.2,GH78,AraC_binding|HTH_18,3.A.1,3.A.1,5.A.3,5.A.3,5.A.3,2.A.1,TetR_N,2.A.1
9.B.34,2.A.39,GntR,CE4
4.A.1,GH4,2.A.1,4.A.2
GH2,2.A.1
GT2,Response_reg|HATPase_c|HisKA,GH2,2.A.1,LysR_substrate|HTH_1,3.A.1,3.A.23,GH4
GH19,1.E.56,1.E.43
2.A.1,LysR_substrate|HTH_1,MarR,1.B.14,1.B.39,1.B.14,2.A.23,CE0,GH4,AraC_binding|HTH_18,4.A.3,4.A.3,4.A.3
GH18,8.A.5,9.B.99
2.A.1,LysR_substrate|HTH_1,GT9,HTH_18,2.A.1,9.B.34,2.A.76,8.A.59,9.B.34
1.B.14,Pyr_redox_2,GH3,4.A.1
2.A.1,GT2
2.A.40,2.A.7,AA6
2.A.15,4.A.2,4.A.2,4.A.2,4.A.2,HTH_18,9.B.34,3.A.1,3.A.1,3.A.1,EAL,STAS,GT35,3.A.1,1.A.14
GT4,3.A.1,3.A.1,3.A.1,9.B.55,2.A.85,1.B.6
2.A.1,GH31,3.A.1,GntR,GH1,2.A.45,Fe_dep_repr_C|Fe_dep_repress,1.B.6,2.A.7,3.A.1,3.A.1,3.A.1,1.A.23
CE8,3.A.3,2.A.6
1.B.25,4.A.1,CE9
5.A.3,Peripla_BP_1,3.A.1,3.A.1,3.A.1,PfkB,2.A.39,HTH_8,LacI|Peripla_BP_3,2.A.1,Peripla_BP_1,3.A.1,3.A.1,HTH_3,2.A.114,3.A.1,2.A.1,3.A.1,3.A.1,3.A.1,4.C.1,1.B.14,MarR,3.A.1,3.A.1,3.A.1,LysR_substrate|HTH_1,1.A.23,2.A.15,TetR_N,AA3_2,3.A.1,3.A.1,3.A.1,3.A.1,3.A.1,3.A.1,3.A.1,3.A.1,SBP_bac_3,GntR|Aminotran_1_2,GntR|Aminotran_1_2,2.A.7,2.A.6,8.A.1,3.A.3
3.A.1,3.A.1,8.A.1,9.B.32,Rrf2,PfkB,1.B.3,4.A.1,GH32,LacI|Peripla_BP_3|Peripla_BP_1,3.A.1,3.A.1,3.A.1
1.B.3,4.A.1,GH42,GH53,3.A.1,3.A.1,3.A.1,3.A.1,EAL,2.A.113,2.A.115
CBM34|GH13_21,2.A.3,2.A.26
3.D.5,3.D.5,3.D.5,3.D.5,3.D.5,3.D.5,3.D.5,SIS,2.A.76,LysR_substrate|HTH_1,GH23,2.A.1,LysR_substrate|HTH_1,3.A.1,3.A.1,3.A.1
GT19,1.B.33
3.A.1,1.A.62,2.A.49,Aminotran_1_2,3.A.1,3.A.1,3.A.1,1.B.14,GT51,8.A.2,CBM41|CBM48|GH13_13,3.A.15,1.B.22,3.A.15,3.A.15,3.A.15,3.A.15,3.A.15,3.A.15,3.A.15,3.A.15,3.A.15,3.A.15,3.A.15
2.A.3,2.A.2,GH43_26,9.B.125,3.A.15,3.A.15,NUDIX,3.A.5,CE11,GT28,2.A.103,9.B.146
GH23,3.A.1,4.B.1
2.A.2,GH43_11,GT2
3.A.3,LacI|Peripla_BP_3,4.A.1,GH13_29,4.A.3,GH4,4.A.3
3.A.1,3.A.1,3.A.1,3.A.1,9.B.22,1.B.33,9.A.40,2.A.1,GH42
CBM50,3.A.1,1.A.23,2.A.3,3.D.10,3.D.10,2.A.7,9.B.13
1.B.55,CE4|GH153,GT2,2.A.109
2.A.2,GH4,HTH_18,2.A.1
3.A.1,LacI|Peripla_BP_3,1.B.33,HTH_18,1.B.14,GH23
9.B.21,HEM4,TPR_2,2.A.3,GT26,9.B.128,GT56,2.A.66,Aminotran_1_2,GT0,9.B.146,3.A.6,1.I.1,LysR_substrate|HTH_1,9.B.120
2.A.4,Response_reg|Trans_reg_C,HATPase_c|HisKA,2.A.7,AraC_binding|HTH_18,AraC_binding|HTH_18,3.A.1,3.A.1,3.A.1,3.A.1,2.A.1,GH36,LacI|Peripla_BP_1,HTH_3,2.A.78,2.A.78,4.A.7,4.A.7,5.A.3,5.A.3,5.A.3
