9.B.18,GT4,GT2,GT4,GT4,GT2,GT2
3.A.1,3.A.1,3.A.1,3.A.1,LysR_substrate|HTH_1,CE4
3.A.7,GH14|CBM20,3.A.1
3.A.3,HTH_5,2.A.4,2.A.1,2.A.19,CE4,2.A.3,2.A.21
2.A.23,2.A.86,2.A.3,GH36,3.A.1,3.A.1,3.A.1,3.A.1
2.A.88,PadR,9.B.97,3.A.1,3.A.1,3.A.1,2.A.45,GT51,TetR_N,3.A.1,8.A.59,Response_reg|HTH_18,4.C.1
1.A.11,GH13,LacI|Peripla_BP_3,Aminotran_1_2,2.A.3,3.A.23,2.A.115,1.A.1
2.A.39,2.A.8,AsnC_trans_reg|MarR,3.A.18,9.B.158,2.A.3,TetR_N,HTH_11|Mga,4.A.3,4.A.3,4.A.3,GH4,3.A.23,9.B.33,LytTR|Response_reg,1.E.14,2.A.122,NIR_SIR_ferr|Pyr_redox_2|NIR_SIR,5.A.3,2.A.1
9.A.8,FeoA,9.B.74,HxlR,3.A.1,3.A.1,2.A.21,9.B.136,HTH_IclR|IclR,AraC_binding,GH38,4.A.2,SIS|HTH_6,MarR,Peptidase_M23,2.A.1
3.A.1,3.A.1,3.A.1,3.A.1,3.A.1,3.A.1,9.B.34,GT2
2.A.40,SKI,4.A.1,GH13_29,GntR,2.A.55,1.C.113,Nitroreductase,2.A.86,LysR_substrate|HTH_1,3.A.9,2.A.3
4.A.3,GH4,4.A.3
PL12,9.B.211
9.B.18,GT2,GT4,1.B.52,CBM35|GH26,9.B.18,GT4,GT4,PL12,GT4,9.B.18,Aminotran_1_2,8.A.3,8.A.3,Y_Y_Y,9.B.18,GT26,8.A.3,8.A.3
CE9,4.A.1,9.B.120
CBM50,2.A.40
2.A.115,CE14,GT4
9.B.116,HATPase_c,GerE|Response_reg,GH13_31,3.A.1,3.A.1,SBP_bac_1,3.A.1,Pribosyltran,2.A.40
9.B.140,GH18,GT1,2.A.1,2.A.7,MarR,2.A.1,MarR,HTH_3,3.A.1,3.A.1,3.A.1,3.A.1,Pyr_redox_2,Aminotran_1_2,2.A.1
3.A.1,3.A.1,3.A.1,GAF|CHASE3|Response_reg|HATPase_c|HisKA,CheR|CheR_N,SpoIIE|Response_reg,2.A.76,2.A.3,Rrf2|cNMP_binding,GH68,GH32,2.A.1,Aminotran_1_2,2.A.1,2.A.3
2.A.5,2.A.3,LacI|Peripla_BP_3,2.A.1,GH32,GH68,TrmB|AAA,4.A.6,4.A.6,4.A.6,4.A.6,GH32|CBM66|CBM66|CBM38|GH32|CBM66,8.A.5
GT28,CE4,2.A.3,9.A.11
2.A.19,4.C.1,2.A.6,TetR_N,2.A.109,GntR,4.A.3,4.A.3,GH1,4.A.3,AsnC_trans_reg|MarR,2.A.7
GH18,2.A.98
3.A.23,2.A.11,3.D.4,3.D.4,3.D.4,3.D.4,Pyr_redox_2,2.A.40,2.A.45,Pyr_redox_2,3.A.23,Aminotran_1_2,MarR,9.A.11,Glyoxalase,2.A.86,2.A.64,2.A.2,LacI|Peripla_BP_3,GH28,GH42,2.A.2
3.A.1,HEAT_PBS,CE4
2.A.66,Pyr_redox,GT2
CE4,2.A.36,2.A.21,2.A.23,CBM41|CBM41|GH13_14,Pkinase,1.A.30,1.A.30,Pyr_redox_2,2.A.35,GntR,2.A.3
1.E.14,2.A.122,STAS,9.B.142,GT2
2.A.7,GH2,AraC_binding|HTH_18,3.A.1
CBM50,AAA,B12-binding_2|B12-binding,2.A.21
GH25,2.A.7
2.A.55,GH13_36
2.A.1,CBM50
9.B.8,3.A.1,GH4,3.A.1,3.A.1,3.A.1
2.A.1,PfkB,GT2,2.A.113
CBM50,Nitroreductase,GT28,CE4,GT51,2.A.66,2.A.7,Aminotran_1_2|GntR,3.A.1
9.A.40,CBS,CE1
2.A.102,CBS,3.A.3,3.A.3,3.A.3,GT28
GT1,2.A.6
3.A.3,CBM50,2.A.76,2.A.3
3.A.1,3.A.1,CBM50
4.A.1,GH1,2.A.39,HTH_3,2.A.76,HTH_Mga,LysR_substrate|HTH_1,2.A.1,2.A.76,LysR_substrate|HTH_1,Glyoxalase,9.B.34
GH31,2.A.2
GT1,2.A.15,2.A.36,2.A.1,2.A.1,TetR_N,GH32,GH13_31,LacI|Peripla_BP_3,2.A.1
9.B.34,CE4,GT2,SpoVT_AbrB,3.A.1
8.A.5,9.B.2,MerR,2.A.1,GH32
GT2|GT2,GT2,3.A.7,1.B.52,MarR,Sigma70_r4_2|Sigma70_r2,CE4,2.A.3,9.A.11,2.A.3,2.A.38,2.A.38
2.A.37,3.A.1,3.A.1,2.A.1,TetR_N,3.A.1,3.A.1,3.A.1,GH133,LacI|Peripla_BP_3,HATPase_c|HisKA,2.A.23,9.B.143
2.A.3,GT2
2.A.76,2.A.25,1.A.23,CBM50,9.A.40
GT2,2.A.3,MerR,1.A.62,3.A.24,HATPase_c,2.A.3
GH57|GT4,3.A.1,2.A.1,2.A.58,2.A.1,9.B.117,FUR,3.A.1,3.A.1,1.I.1
CBM50,3.D.10
GT4,3.A.1,3.A.1,NUDIX,1.E.19,9.B.10,3.A.1
GT35,GT5,CBM48|GH13_9,4.C.1,9.B.20,CbiA,2.A.20,Glyoxalase,1.A.1,2.A.63,2.A.63,2.A.63,2.A.63,2.A.63,2.A.63,2.A.63
GT28,9.B.105
9.B.146,GT26,CBM50,3.A.7,HTH_3,1.A.33,HTH_11,1.A.34,EPSP_synthase,3.A.2,3.A.2,3.A.2,3.A.2,3.A.2,1.A.77,GT0,Pribosyltran,Aminotran_1_2,2.A.107
GT51,9.B.149
3.D.2,PfkB,4.A.1,GT4,GT81,2.A.66,3.A.1,3.A.1,3.D.4,3.D.4,2.A.79,2.A.79,LacI|Peripla_BP_3,2.A.1,2.A.114,GH13_5,2.A.47
3.A.7,3.A.7,3.A.7,GH23,3.A.7,3.A.7
