GT9,GGDEF,2.A.7
GT9,GT2,GT9,GT30,Pribosyltran,3.A.3,MerR,9.B.34,Fer4,3.A.1,3.A.1,3.A.1
8.A.5,LacI|Peripla_BP_3,GH2,3.A.1,3.A.1,3.A.1,1.B.52,2.A.118
1.B.39,1.B.52,SBP_bac_1,GH13_37
GH23,9.B.34,HTH_12,cNMP_binding,2.A.7,2.A.55
3.A.1,3.A.1,3.A.1,3.A.1,LysR_substrate|HTH_1,AA10|CBM73
GT2,4.D.3,GH8,1.B.55,2.A.4,GH13_13,3.A.3,1.I.1,1.B.52,3.A.1
3.D.4,3.D.4,1.A.30,1.A.30,2.C.1,2.C.1,2.C.1,GH77,CBM48|GH13_9,GH13_11
1.B.52,3.A.1,3.A.1,3.A.1,CBM50
1.B.42,2.A.40,3.A.1,GH23,GT2,2.A.123,GT83,2.A.115,3.A.1,3.A.1,3.A.1,1.B.14,2.A.1,2.A.21,GH18,CBM5
GH5_13,3.A.1,3.A.1,3.A.1,3.A.1,GH43_26,1.B.3
1.B.33,GT19,LysR_substrate|HTH_1,2.A.42,2.A.3,3.A.1,9.B.34,2.A.37,TetR_N,GerE|Response_reg,GH13_19,GT76,GT2,SBP_bac_3,1.A.62,2.A.121
1.A.8,GH23
1.B.52,2.A.36,GH84,2.A.36
CE9,4.A.1,GH20
2.A.7,MarR,GH103,3.A.1,3.A.1,Pyr_redox_2,1.B.33,9.B.22,9.B.34,GH23,LacI|Peripla_BP_3,GH23,8.A.59
2.A.124,3.A.1,3.A.1,3.A.1,3.A.1,9.B.34,Rhodanese|Pyr_redox_2,2.A.1,8.A.1,1.B.17,GT51,1.A.62
2.A.109,4.C.1,2.A.122,1.E.14,GH36
1.A.16,2.A.7,CSD,3.A.9,9.B.34,Pyr_redox_2,3.D.2,AsnC_trans_reg,3.A.12,1.B.46,AAA,9.B.160,Pribosyltran,GH1,4.A.1,LacI|Peripla_BP_3,3.A.1,3.A.1,3.A.1,3.A.1,3.A.1,3.A.23,9.B.100
3.A.23,GGDEF,1.B.6,2.A.7,GH13_42
3.A.1,3.A.1,3.A.1,3.A.1,LysR_substrate|HTH_1,LysR_substrate|HTH_1,3.D.1,9.B.34,LysR_substrate|HTH_1,GH1,LysR_substrate|HTH_1,HTH_18,GH3,9.B.34,NUDIX,2.A.7,1.I.1,Glyoxalase,2.A.102
2.A.76,GH19|CBM5
1.I.1,2.A.42,LacI|Peripla_BP_1,4.A.2,PfkB,4.A.2,GH102
1.B.9,1.B.9,EAL,1.B.9,MerR,2.A.23,GH103,CbiA,GT51
3.A.1,3.A.1,HATPase_c|Response_reg|HisKA,2.A.47,GT35,NUDIX,2.A.42,2.A.23,2.A.16,GntR,2.A.34,5.A.2,9.B.27,2.A.81,GH23,2.A.80,HTH_11|Response_reg,HATPase_c,Fe_dep_repress,1.B.52
GT9,LysR_substrate|HTH_1,1.B.14
1.A.30,1.A.30,3.D.1,3.D.1,3.D.1,3.D.1,3.D.1,3.D.1,3.D.1,3.D.1,3.D.1,3.D.1,3.D.1,3.D.1,3.D.1,GH23,1.B.33
1.B.14,8.A.3,1.B.18,GT4,HTH_3,GT4,GT4,GT2
1.A.1,2.A.6,2.A.6,9.B.34,2.A.6,9.B.102,9.B.102,HTH_5,9.B.20,LacI|Peripla_BP_1|Peripla_BP_3,GH32,4.A.1,PfkB,1.B.3,3.A.5,1.A.33
3.A.1,3.A.1,3.A.1,3.A.1,3.A.1,GH9,1.B.52,3.A.7,LysR_substrate|HTH_1,2.A.1
1.B.22,3.A.11,HTH_3,GT51
2.A.21,GT104
2.A.103,GH103
2.A.6,GT2
3.A.1,3.A.1,3.A.1,3.A.1,3.A.1,1.B.14,1.A.30,TPR_2,CBM73|GH18,1.B.52,CSD,2.A.25
2.A.123,LacI|Peripla_BP_3,GH5_13
2.A.7,Glyoxalase,GT51
2.A.20,HD,9.B.42,9.B.42,HhH-GPD,GH23,CE16,1.B.6
GT5,2.A.35,LysR_substrate|HTH_1,3.A.1,3.A.1,3.A.1,3.A.1
1.B.15,4.A.3,GH1,4.A.3,4.A.3,4.A.3,LacI|Peripla_BP_1,4.A.1,GH13_29,HTH_IclR|AsnC_trans_reg,2.A.7,1.B.6,9.B.31,2.A.1,9.B.10,2.A.76
3.A.15,3.A.15,3.A.15,NUDIX,3.A.5,Peptidase_M23,CE11,GT28,2.A.103,9.B.146
1.B.42,1.B.42,1.B.42,CBS|SIS,3.A.1,3.A.1,3.A.1,3.A.1,STAS,EPSP_synthase,GT0,9.B.8,HTH_3,2.A.46
GH23,LysR_substrate|HTH_1,2.A.95,2.A.23,LysR_substrate|HTH_1,8.A.1,2.A.1
3.A.11,CBM50,2.A.38,2.A.38
2.A.28,2.A.3,2.A.3,GH2,LacI|Peripla_BP_3,2.A.61,2.A.4,Trans_reg_C|Response_reg,HATPase_c|HisKA,2.A.66
GT4,TetR_N,Aminotran_1_2,9.B.34,Aminotran_1_2,3.A.16,2.A.38
