3.A.1,3.A.1,3.A.1,CBM50,9.B.10
3.A.5,3.A.1,3.A.1,Sigma70_r4|Sigma70_r2,GT51
1.I.1,SBP_bac_3,1.A.16,2.A.1,2.A.7,GH102
PL7_1,9.B.34,SBP_bac_3,2.A.85,Pyr_redox_2,3.A.18,2.A.1,AA3_2,TetR_N,2.A.15,3.A.1,3.A.1,3.A.1
2.A.103,GH103,GH0,GH103
3.A.1,3.A.1,GT51
GT4,2.A.121
2.A.50,PL5_1,1.B.13,GT2
GH23,4.A.1,4.A.1,SIS,CE9
4.A.1,GH13_29,1.B.3,4.A.1,9.B.62
1.B.33,GT19
CBM50,Sigma70_r3|Sigma70_r4|Sigma70_r2,Fer4,HTH_3,1.E.20
GH19,1.M.1
1.B.6,1.B.6,GH50,9.B.186,2.A.33
GH3,2.A.7
2.A.3,2.A.1,Aminotran_1_2,3.A.23,GH73,GT2|GT2
GT2,9.B.18,Aminotran_1_2,GT28
2.A.3,HTH_18,MarR|AsnC_trans_reg,1.B.25,2.A.3,TetR_N,GH17,3.A.1,9.B.136,2.A.21,Citrate_synt,3.D.10,3.D.10,Pyr_redox_2,2.A.26
1.B.10,2.A.40,9.B.43,CE4,9.B.35,2.A.40
3.A.3,Fer4,3.D.4,3.D.4,3.D.4,3.D.4,3.D.4,3.D.4,1.B.52,2.A.66,3.A.1,GH23,3.A.1,3.A.7,LexA_DNA_bind,TetR_N,GH3
2.A.76,HTH_18,GH15,2.A.1,4.C.1,4.C.1,4.C.1,1.B.14,4.C.1,3.A.1,9.A.25,2.A.6,3.A.1,3.A.1,Sigma70_r4_2|Sigma70_r2,3.A.3,Response_reg,GerE|Response_reg,1.A.23,2.A.1,2.A.1,Sigma70_r4_2,FecR,1.B.14,2.A.1,2.A.39
GT2,GT2,GT4,9.B.18,3.A.1
2.A.53,Cyanate_lyase,HTH_1|LysR_substrate,3.A.7,2.A.1,AA3_2
3.A.1,3.A.1,3.A.1,3.A.1,3.A.1,GH23
3.A.4,9.B.104,GH0,GntR,2.A.1
3.D.4,NIR_SIR|NIR_SIR_ferr,1.C.1,8.B.24,2.A.6,2.A.6,2.A.6,2.A.6,9.B.34,GntR|Aminotran_1_2,Fer4,GH13_3,GH13_16,CBM48|GH13_9,PIG-L,CBM48|GH13_11,GH13_26,GH77,GH13_10,GT5,9.B.27,8.A.5,HTH_1|LysR_substrate,2.A.1
3.A.1,3.A.1,3.A.1,3.A.1,HTH_18,GT0|GT2|GT4,Response_reg,2.A.21,CheR|CheR_N,HisKA|HATPase_c|Response_reg,Response_reg,1.A.46,8.A.1,2.A.6,2.A.6,2.A.6,HTH_11,2.A.1
GT83,GT83,3.A.1,3.A.1,3.A.1,Aminotran_1_2,GT2,GT83,2.A.7,GT83,HTH_1|LysR_substrate,3.A.1,3.A.1,3.A.1,2.A.1
1.B.18,8.A.3,9.B.18,GT26,GT4,GT4,GT2
GT2,4.D.3,GH8,2.A.50
3.A.1,3.A.1,3.A.1,3.A.1,1.B.25,IclR|HTH_IclR,2.A.1,AA3_2
AA3_2,HTH_18,2.A.6,TetR_N,2.A.6
4.C.1,3.A.16,1.A.1,cNMP_binding|Crp,HATPase_c,8.A.5,GT2,2.A.123,GT83,2.A.66,HTH_1|LysR_substrate,2.A.102
PL14_3,8.A.3
3.A.1,3.A.1,GH23
3.A.3,3.A.3,3.A.3,2.A.3,GntR,3.A.11,9.B.18,9.B.146,GT4,GT4,5.B.1
GT2,GT4,3.A.1,3.A.1
1.B.25,1.A.23,2.A.21,NUDIX,3.A.5,MCPsignal|dCache_1,GT4
2.A.76,NUDIX,HD|Response_reg,9.B.34,9.B.34,5.B.3,HATPase_c,2.A.21,GT2,2.A.3,GT0
2.A.6,2.A.6,Trans_reg_C|Response_reg,HisKA|HATPase_c,1.B.25,9.B.34,CE11,GT28,2.A.103,9.B.146
3.A.7,1.B.25,2.A.1,1.B.52,GT73,MCPsignal|PAS,3.A.7,2.A.73,2.A.53
3.A.17,2.A.1,4.C.1,PAS|GerE,2.A.7,GT83,1.B.52,Glyoxalase,SIS|HTH_6,2.A.8,2.A.53
2.A.95,GT44
CBM50,Fer4,1.A.62,1.A.30,1.A.30
2.A.39,2.A.6,GT30,HTH_1|LysR_substrate,2.A.7
GT4,GT9,GT9,9.B.34
GT2,2.A.6
2.A.1,Pyr_redox_2,GATase_2,9.B.42,SKI,1.B.22,3.A.11,GT51,3.A.11
2.A.64,1.B.52,3.A.1,3.A.1,3.A.1,GT2,3.A.1,2.A.3,3.A.1,3.A.1,3.A.1
1.A.13,Pyr_redox_2,GT2,CE4|GH153,1.B.55,2.A.6,8.A.1
GT83,9.B.149,3.A.1,8.A.1,2.A.1,HTH_1|LysR_substrate,3.A.1,3.A.1,3.A.1,3.A.1,1.B.17
3.A.23,2.A.23,9.B.156,3.A.1,3.A.1,2.A.58,2.A.109,2.A.11,HTH_1|LysR_substrate,3.A.1,2.A.53,3.A.11,CBM50,2.A.38
