5.A.1,9.B.14,GT51,SKI,HD,2.A.1,1.B.14,AraC_binding,2.A.80,GntR,LysR_substrate|HTH_1,2.A.80,GT4,LysR_substrate|HTH_1,3.A.1,3.A.1,3.A.1
2.A.3,AA3_2,2.A.111,9.B.150,2.A.7,2.A.1
2.A.66,GT4,9.B.18,9.B.18
GT9,GT30,3.A.1,3.A.1
GT4,1.E.40,2.A.80,LysR_substrate|HTH_1,2.A.1,GH23,1.I.1
2.A.33,GT4,HTH_5,9.B.102,9.B.102,3.A.1,3.A.1,3.A.1,3.A.1,4.C.1,cNMP_binding,2.A.75,LysR_substrate|HTH_1,2.A.80,Aminotran_1_2,3.A.1,3.A.11
2.A.80,GT1
9.B.10,HTH_IclR|IclR,Aminotran_1_2,3.A.1,3.A.1,3.A.1,HTH_IclR|IclR,CE4,2.A.56
1.B.14,CBM50
GT2,CE4|GH153,TPR_2,MarR,3.A.1,3.A.1,3.A.1,3.A.1
GT104,LysR_substrate|HTH_1,GH23,1.B.14
2.A.1,MarR,2.A.53,2.A.1,3.A.1,3.A.1,GntR,2.A.56,4.C.1,2.A.80,3.A.1,3.A.1,3.A.1,HTH_1|TOBE,2.A.6,2.A.6,2.A.6,GH3,4.F.1,2.A.1,2.A.122,Aminotran_1_2,Aminotran_1_2,3.A.3,3.D.4,3.D.4
2.A.95,3.A.23,2.A.80,2.A.3,EAL,1.B.52,9.B.34,1.B.12,1.B.12,LysR_substrate|HTH_1,2.A.80,3.A.1,8.A.5,8.A.5,GT51
2.A.40,9.B.31,CBM50
GT2,3.A.1,GT4,1.B.18,GT107|GT107,9.A.41,Aminotran_1_2,3.A.1,3.A.1,3.A.1,3.A.1,3.A.1,2.A.88,3.A.1,3.A.1,3.A.1,3.A.1,3.A.1,2.A.7,3.A.1,2.A.25
2.A.21,GH13_26,GH77,GH13_10,CBM48|GH13_11,CBM48|GH13_9,GH13_16,GH13_3|GH13_3,GT5,1.A.23,3.A.23,3.A.23
3.A.1,GT4,GT9,GT2,GT9,PIG-L,GT2
9.B.34,8.A.21,8.A.7,GT19,1.B.33
3.A.6,3.A.6,3.A.6,3.A.6,3.A.6,3.A.6,1.B.52,1.B.52,1.B.52,1.B.52,GH73
3.A.1,3.A.1,SBP_bac_3,AA3_2,2.A.80
1.A.11,TetR_N,2.A.1,3.A.1,3.A.1,3.A.1,3.A.1,3.A.1,3.A.9,GT51,CSD,2.A.49
3.A.1,GT9,GT4,CE4,GT4,GT2,GT4
3.A.1,3.A.1,3.A.1,3.A.1,GH103
3.A.1,3.A.1,SBP_bac_3,2.A.1,9.B.34,GH103,3.A.1
2.A.1,1.B.14,2.A.80,2.A.80,HTH_IclR|IclR,GT2,CE4|GH153,1.B.55,9.B.34
3.A.1,3.A.1,3.A.1,3.A.1,3.A.1,HTH_6|SIS,3.A.12,Pyr_redox_2,2.A.7,2.A.21,3.A.3,3.A.3,3.A.3,HATPase_c|HisKA,Trans_reg_C|Response_reg,GT9
3.A.1,3.A.1,3.A.1,3.A.1,3.A.1,3.A.1,GT2
9.B.121,MerR,HTH_IclR,3.A.1,3.A.1,3.A.1,3.A.1,3.A.1,3.A.1,3.A.1,GH31,4.C.1,LysR_substrate|HTH_1,2.A.98,1.A.26
2.A.80,3.A.5,1.A.34,CE11,GT28,2.A.103,9.B.146,3.A.1
2.A.80,4.C.1,LysR_substrate|HTH_1,2.A.80,2.A.109,9.B.20,Aminotran_1_2|GntR,2.A.7,2.A.76,2.A.117,GT83,GT2,2.A.27,2.A.73,2.A.6,2.A.6,GH23
2.A.80,3.A.1,3.A.1,GntR,2.A.80,GntR,2.A.16,AA3_2
2.A.80,SIS,AsnC_trans_reg|MarR,2.A.7,AraC_binding|HTH_18,GT4,2.A.1
