CE5,3.A.1,2.A.36,3.A.1,3.A.1,3.A.1,3.A.1,3.A.1,9.B.34,9.B.111
2.A.3,GT2,GT89,CE1,CE1,CE5,4.C.1,3.B.1,LysR_substrate|HTH_1,GT53,GT53,HTH_3,1.B.24,TetR_N,GT85
4.C.1,9.B.160,GT2,GT2,GT2,GT2,3.A.1
GH43_23,1.B.58
2.A.1,Aminotran_1_2,2.A.76,CE1,Aminotran_1_2,HTH_18|AraC_binding,3.A.1,3.A.1,3.A.1,3.A.1
GT87,HhH-GPD,LysR_substrate|HTH_1,2.A.98,HTH_18,2.A.1,4.C.1,1.A.11
3.A.1,3.A.1,Peripla_BP_3|LacI,GH15
GH71,3.A.1,3.A.1
CE9,4.C.1,3.A.1,3.A.1,3.A.1,3.A.1,3.A.1,GT20,3.A.1,3.A.1,2.A.6,4.C.1,Pyr_redox_2,2.A.79,GAF|ANTAR,2.A.7
GT2,9.B.142,3.A.1,3.A.1,3.A.1,3.A.1,3.A.1
9.B.142,GH5,HTH_3,GT2,GT26,GT26,GT2,2.A.66,GT26,GT4,GT4,GT26,8.A.3,9.B.141,Aminotran_1_2,3.D.7,9.B.66,GerE,1.A.33,2.A.1,1.A.33,MerR,3.A.1,3.A.1,3.A.1,3.A.1
GH76,9.B.10,9.B.27,9.B.27,2.A.4,HTH_11,2.A.1
3.A.1,3.A.1,3.A.1,3.A.1,3.A.1,3.A.1,3.A.1,CE1,9.B.51,Pkinase,3.A.1
CE1,CE1,Pyr_redox_2,3.A.1,HxlR,2.A.1
CE14,2.A.1,GT4,4.C.1
GT2,GAF,2.A.3,2.A.1,4.C.1,HTH_8|GAF,2.A.6,2.A.23,TetR_N,3.B.1
4.C.1,4.C.1,4.C.1,CE1,3.A.1,GT2
3.A.1,3.A.1,GT2
3.D.4,ACT,GH13_11,3.A.1
CE5,3.D.7,3.D.7
2.A.116,GH5_29
3.A.12,2.A.109,4.F.1,HTH_3,3.A.1,2.A.88,PIG-L,TetR_N,GT1,3.A.1,3.A.1,3.A.1,3.A.1
5.A.3,GT87,GH1
4.F.1,GT4
3.A.1,HTH_11,3.A.1,Aminotran_1_2,CE1,3.A.1
CE1,4.C.1,2.A.1,CBS,4.A.2
GH65,3.A.3,8.A.21,3.A.3
2.A.1,Aminotran_1_2,GT53,GH1|GH1,HTH_18|AraC_binding,Nitroreductase,2.A.76
4.C.1,Peripla_BP_2,MarR,GT83,LysR_substrate|HTH_1,3.D.10,NUDIX,TetR_N,9.B.148,TetR_C|TetR_N,2.A.78,2.A.78
2.A.6,9.B.34,CbiA,Aminotran_1_2,CBM48|GH13_11,GH13_26,TetR_N,2.A.7,LysR_substrate|HTH_1,TetR_N,2.A.1,TetR_N,2.A.59,HTH_5,HTH_5,Pyr_redox_2,GH13_10,2.A.1
GT28,2.A.103,9.B.146
4.C.1,GT4
2.A.20,CE1
9.B.106,HD,GT2
3.A.1,3.A.1,3.A.1,3.A.1,GH15,Peripla_BP_2,1.A.8
3.A.1,3.D.1,TetR_N,GH3,2.A.1
GH13_30,3.A.1,3.A.1,MarR,9.B.62
9.B.158,CE9,8.A.7,PTS-HPr,4.A.1,4.A.1,4.A.1
2.A.23,CE1
3.A.1,3.A.1,3.A.1,3.A.1,CBS,GH23,GH23,3.A.1
GT5,GT81,4.C.1,2.A.3,3.A.1,4.C.1
1.C.113,CE14,GH23
9.B.34,GT2,GH23,2.A.108,2.A.108,GT4,GT4,GT4,GH39,GH39,GT26,GH2
4.B.1,TetR_C|TetR_N,3.A.1,3.A.1,Peripla_BP_2,2.A.1,TetR_N,Peripla_BP_2,Peripla_BP_2,3.A.1,3.A.1,3.A.1,3.A.1,3.A.1,HTH_18|AraC_binding,TetR_N,3.A.1,3.A.1,3.A.1,HTH_11,CSD,HMA,3.A.3,GH23|CBM50,GH23|CBM50,3.A.1,3.A.1,GT39,2.A.15
2.A.1,GerE,GntR,2.A.39,2.A.1,CE4
GT2,9.B.145,GerE,4.C.1
3.A.1,2.A.1,MerR,HTH_8,CE1
CBM32,GH5_28,HxlR,TetR_N,2.A.36,9.B.143
9.A.61,GerE,GT51
GT51,3.A.1,3.A.1,3.A.1,3.A.1
3.A.1,3.A.1,GH25,GH63
2.A.53,GT87,MerR,2.A.53,TetR_N,2.A.1
