1.A.35,2.A.40,MarR,3.A.1,GntR,STAS,HATPase_c,Sigma70_r2|Sigma70_r4|Sigma70_r3,2.A.22,9.A.11,9.A.11,9.A.11,9.A.11,9.A.11,9.A.11,9.A.11,3.D.1,3.A.11,CE9,GntR,4.A.1,PTS-HPr,8.A.7,Nitroreductase,9.B.34
3.A.1,GH13_31,CBM34|GH13_20,3.A.1,3.A.1,3.A.1
9.B.146,2.A.103,GT28
CBM50,GH1,GntR,PIG-L,GntR|Aminotran_1_2,1.E.14,2.A.122,9.B.18,GT28,GGDEF|PAS|EAL,Glyoxalase,2.A.115
3.A.3,1.A.16,GH18,2.A.3,DeoRC|HTH_DeoR,PfkB,4.A.2
3.A.1,3.A.1,3.A.1,3.A.1,3.A.1,GH25,CBM50,NUDIX,2.A.122,1.E.14,LysR_substrate|HTH_1,3.A.1,2.A.7,5.A.1
4.C.1,2.A.88,4.C.1,NUDIX,2.A.1,CE4,3.A.1
GH18,9.B.31
2.A.1,TetR_N,GH113
2.A.41,HTH_18,GH3
3.A.1,2.A.1,TetR_N,CE4
3.A.23,Pyr_redox,2.A.25,HD,AA10
9.A.25,GT1,AA10
2.A.21,GT1,3.A.1,3.A.1
3.A.1,Aminotran_1_2,4.C.1,Nitroreductase,CBM41|GH13_14,3.A.5,2.A.7
3.A.1,3.A.1,AA10,TetR_N,HTH_5,9.A.11
CBM5,1.C.41,1.C.41,1.C.41
2.A.1,GT51,9.B.12
2.A.115,GT1
9.B.20,CE4,HATPase_c|HisKA,Response_reg|Trans_reg_C,GH129
CE4,HATPase_c|HisKA,Response_reg|Trans_reg_C,3.A.1
CE4,2.A.22,NTP_transf_2,PALP,2.A.1,2.A.1,2.A.1,GH73,NUDIX,9.B.102
3.A.5,1.A.104,3.A.6,3.A.6,GH23,3.A.1,1.A.16,3.D.1,2.A.109,9.B.34
GT4,GT2,2.A.66,9.B.18,3.A.3
GT4,CE14,2.A.115
2.A.21,GT51,2.A.20
GT2,GT2,2.A.103
GH13,1.A.11
GH1,4.A.1
2.A.50,3.A.5,2.A.53,MerR,9.B.27,4.C.1,CBM50,GT2,GT2
9.B.97,1.I.1,1.C.113,2.A.66,GT4,GH166,1.A.29,2.A.15,2.A.1,9.B.33,Response_reg|LytTR,1.E.14,2.A.122,2.A.86,2.A.6,TetR_N,3.A.1,TetR_N,GT2,GT2,GT2,1.B.52,1.A.62,GT4,GT26,2.A.1,Response_reg|LytTR,2.A.114,9.B.34
3.A.1,3.A.1,3.A.1,Peripla_BP_2,HD,9.B.149,GT51,MerR,2.A.1
3.A.1,3.A.1,1.A.34,HTH_10,1.A.33,8.A.3,8.A.3,8.A.3,9.B.18,GT4,GT2,GT2
2.A.15,GT2,GGDEF,2.A.41
2.A.14,2.A.45,GH126,LysR_substrate|HTH_1,9.B.74,Glyoxalase,2.A.23,4.A.3,4.A.3,4.A.3,4.A.3,4.A.3,4.A.3,GH4,AAA,CE4,9.B.146,GT0,HxlR,3.A.11,3.A.11,CSD,3.A.5,3.A.1,9.B.174,3.A.1,3.A.1,MerR,LysR_substrate|HTH_1,2.A.98
2.A.3,3.A.1,3.A.1,3.A.1,3.A.1,2.A.25,9.B.2,GerE|Response_reg,GAF|HATPase_c,9.A.11,GH13_29,4.A.1,GntR,2.A.3
3.A.1,3.A.1,3.A.1,1.B.52,Arg_repressor,2.A.3,cNMP_binding|TrmB,GH13_31,4.A.1,9.B.74,3.A.7,2.A.13,1.B.52,3.A.1,3.A.1,3.A.1,3.A.1,GH18|CBM2
2.A.109,3.A.3,9.B.126,3.A.3,2.A.7,2.A.19,CE4,HhH-GPD,3.A.23,2.A.3,HTH_3,4.A.1,GT2,Pyr_redox,GT2|GT2,GT28
GT2,1.C.57
CBM32,CBM32,1.C.57,1.C.42,1.C.42
3.A.1,3.A.1,3.A.1,3.A.1,CE4
GT2,3.A.1
2.A.1,GH73
