3.A.24,3.A.24,3.A.24,CE5,CE5
3.A.1,TetR_N,9.B.15,GH38
2.A.1,GH92,ANTAR,2.A.85,2.A.55,Pyr_redox_2,2.A.53
GT4,4.C.1
2.A.20,4.C.1,GT2
2.A.4,9.B.27,GH76
2.A.116,2.A.116,GT83,GH16_9,1.A.33
3.A.24,GT1,2.A.116,TetR_N,3.D.1,9.B.106,9.B.106,2.A.103
GT2,GT89,CE1,CE1,CE5,3.B.1
GT2,3.A.1
3.A.1,3.A.1,GH6,GH5_13
3.A.7,8.A.59,AAA,HTH_7,GT2,2.A.109
4.C.1,3.A.1,3.A.1,3.A.1,3.A.1,3.A.1,GT20,3.A.1,3.A.1
GT4,GH0,3.A.3
8.A.3,GT4
GH13_10,GH13_26,CBM48|GH13_11,9.B.97
3.A.1,9.B.106,9.B.20,GT83
CE5,TetR_N,TetR_N,3.A.18
GH77,3.A.24,3.A.24
GT1,CE5,9.B.126,9.B.34
CBM2,HD,4.C.1
GT28,2.A.103,9.B.146
9.B.106,GT87,2.A.59,4.C.1,GT4,3.D.4,3.D.3,3.D.4
CE5,TetR_N,9.B.106
2.A.36,GT4
2.A.83,NIR_SIR_ferr|NIR_SIR,3.A.1,3.A.1,3.A.1,3.A.1,1.E.22,GH15
GT35,GH13_3,CBM48|GH13_9,Glyoxalase,8.A.59,2.A.1
1.A.35,3.A.1,3.A.1,3.A.1,3.A.1,CBS,GH23,3.A.1
3.A.1,9.B.110,GT5,GT81,4.C.1
CE14,TetR_N,SBP_bac_5,5.A.3,5.A.3,5.A.3,NUDIX,GT87
8.A.59,CE4
GT4,4.F.1,2.A.36,8.A.5,1.B.77
GT1,HTH_3,4.F.1,3.A.12
GT1,3.B.1,4.C.1
3.A.5,HD,1.A.11,3.A.5,CE14
2.A.1,HTH_18,GT4
8.A.5,CBM48|GH13_11
GT2,3.A.3,Pkinase,3.A.1
3.D.10,3.D.10,Sigma70_r2|Sigma70_r4_2,2.A.1,CE9,2.A.7,9.B.126
3.A.24,GH65,CE5,4.C.1
GH13_16,9.B.143,CE1,3.A.1,3.A.1
4.C.1,TetR_N,GT4
GH23,3.A.24,2.A.6
