3.A.1,3.A.1,GH42
1.A.1,Sigma70_r4_2|Sigma70_r2,Pyr_redox_2,GT2
GH63,3.A.1,3.A.1
GH51,SBP_bac_1,3.A.1,3.A.1,GH43_30,Trans_reg_C,2.A.1,TetR_N,TrmB,4.C.1,2.A.101
2.A.76,Rrf2,2.A.1,HTH_18|AraC_binding,GH16_3
GH36,NUDIX,2.A.1
2.A.1,TetR_N,2.A.76,2.A.21,GH20
3.A.1,3.A.1,GerE,4.C.1,GH141
2.A.45,Response_reg|Trans_reg_C,HisKA|HATPase_c,CE14
GT2,CE3,9.B.143,NUDIX,3.A.1,3.A.1,SBP_bac_1,HTH_IclR|IclR,PL31
PL8,Trans_reg_C|BTAD,3.A.1,3.A.1,3.A.1,3.A.1
GH26,2.A.1,AsnC_trans_reg,2.A.7
9.B.51,3.A.1,3.A.1,Rhodanese,3.A.1,3.A.1,3.A.1,2.A.7,LacI|Peripla_BP_3,3.A.1,3.A.1,3.A.1,3.A.1,Sigma70_r4_2|Sigma70_r2,2.A.1,GH35,GAF|SpoIIE,2.A.21,Response_reg,STAS,GT51
2.A.89,GerE,GH3
3.A.1,3.A.1,3.A.1,GH13_11
GH101,3.A.1,3.A.1,3.A.1,3.A.1,3.A.1,9.B.97,9.B.97
2.A.1,Glyoxalase,GH13_32
9.B.106,CBM44
2.A.86,AA10,9.B.98
3.A.1,3.A.1,3.A.1,GH75
AA2,Response_reg|GerE,3.A.1,3.A.1,HTH_5,1.C.107
GH3,MarR,2.A.7,TetR_N,GntR,GH5_2,5.A.3,NUDIX,HxlR,2.A.1,MarR,2.A.6
PL33_2,GH5_18,LacI|Peripla_BP_3,SBP_bac_1,3.A.1,3.A.1,GH18
GH92,9.B.106,9.B.106,3.A.1,3.A.1
3.A.5,3.A.24,9.B.106,GH15
4.A.2,4.A.2,8.A.8,8.A.7,9.B.106,9.B.169,1.C.107,3.A.9,1.A.23,2.A.108,HTH_18|AraC_binding,2.A.7,GT4,2.A.1
CBM12,2.A.1
2.A.53,GT4
3.A.1,3.A.1,AA3_2,2.A.36,TetR_N,4.F.1,GT4,GT4
2.A.1,TetR_N,2.A.21,PALP,2.A.7,HTH_5,3.A.1,GH84
1.I.1,TetR_N,CBM5,2.A.69
3.A.1,TetR_N,TetR_N,3.A.1,3.A.1,3.A.1,3.A.1,3.A.1,GH3,GH16_3,GH64
2.A.1,HxlR,Response_reg|GerE,9.B.169,9.B.169,TetR_N,GT4
GT51,1.A.33,HTH_18,GH43_30,GntR|Aminotran_1_2,2.A.115,HTH_18,CBM2,CBM12
3.A.1,3.A.1,3.A.1,GH42,GH63
3.A.1,3.A.1,3.A.1,Peripla_BP_2,SIS|HTH_6,GH16,SIS|HTH_6,3.A.1,3.A.1,3.A.1,PIG-L,2.A.7,MarR,TetR_N,2.A.1,GH73
3.A.1,3.A.1,3.A.1,Peripla_BP_2,GH43,3.A.1,3.A.1
3.A.1,3.A.1,SIS|HTH_6,3.A.1,3.A.1,3.A.1,GH38
2.A.80,2.A.80,Peptidase_M23,3.A.1,3.A.1,3.A.1,1.A.33,CE7
2.A.3,PadR,HTH_3|EPSP_synthase,AA10
2.A.1,HTH_1|LysR_substrate,GH3,3.A.1,3.A.1,3.A.1
GH106,2.A.1,LacI|Peripla_BP_3,8.A.5
GH13_23,3.A.24
8.A.5,GntR|Aminotran_1_2,GH92,Response_reg|GerE,9.B.169,2.A.6,TetR_N,LacI|Peripla_BP_3,GH16,TPR_4|Trans_reg_C|BTAD,PL6_2,PL7_3
2.A.1,HxlR,Response_reg|GerE,HATPase_c,9.B.2,GH30_3,TetR_N,2.A.1
2.A.75,HTH_1|LysR_substrate,TetR_N,GH25
3.A.1,3.A.1,3.A.1,3.A.1,PALP,GH93,MarR,3.A.1,3.A.1,3.A.1,GerE,GH26
GT1,9.B.106
3.A.1,3.A.1,3.A.1,GH32
GH89,3.A.1,NIT|HATPase_c,GH13_30,3.A.1,LacI|Peripla_BP_3,3.A.1,3.A.1,3.A.1
GT28,2.A.103,9.B.146
GH18,2.A.1,3.A.1,3.A.1
3.A.1,8.A.5,CBM2|GH18
GH1,2.A.1,2.A.1
3.A.1,HTH_3,GH18|CBM5
9.B.106,GH18,2.A.7
2.A.76,GH18|CBM16|CBM2|CBM5
3.A.1,GT20,GH15,3.A.1,3.A.1,3.A.1,3.A.1,3.A.1,3.A.1,3.A.1,3.A.1,3.A.1,3.A.1,HTH_IclR,1.B.76,HATPase_c,Response_reg|GerE,GT51,GH92|CBM32,MerR,2.A.59,2.A.1,GerE,3.A.1
GH13_30,SBP_bac_1,3.A.1,3.A.1,2.A.1
3.A.1,GT2,9.B.20
3.A.1,GH19,CbiA,3.A.1
GT83,GT2,9.B.107
CE14,3.A.1,3.A.1,3.A.1,3.A.1,3.A.1,3.A.1,3.A.1,3.A.1,3.A.1,3.A.1,3.D.10,2.A.1,2.A.21,Response_reg|Trans_reg_C,3.A.1,3.A.1
3.A.1,GT4,PIG-L,3.A.1
9.B.140,Arc,TetR_N,GH33,3.A.3,HMA,2.A.1
9.A.47,CbiA,2.A.109,1.A.43,GH20
3.A.1,3.A.1,3.A.1,LacI|Peripla_BP_3,GH13_30,Pyr_redox_2,9.A.40
3.A.1,3.A.1,HTH_IclR|IclR,3.D.9,3.D.1,3.A.1,GT4
GT4,1.E.34
CBM13,3.A.1,3.A.1
GH43_26,8.A.5
GH1,3.A.1,3.A.1,3.A.1,3.A.1,3.A.1,TetR_N,3.A.1,3.A.1
9.B.34,3.A.1,3.A.1,Peripla_BP_2,GH6
3.A.1,3.A.1,GH154
9.B.18,GT4
GH18,ACT,9.A.40,9.A.40,2.A.15,3.B.1
