3.A.1,3.A.1,3.A.1,3.A.1,GH5_25,Trans_reg_C,4.A.2,1.B.42,GT22,2.A.1,3.D.1
3.A.1,2.A.21,3.D.10,3.D.10,4.C.1,2.A.1,2.A.53,GT32
2.A.21,FIST,1.B.52,1.B.52,2.A.1,GT20,HTH_7,PAS,2.A.63,2.A.63,2.A.63,2.A.63,2.A.63,2.A.63
GT35,HTH_1|LysR_substrate,2.A.102
3.A.9,GH24,1.A.34,2.A.56
9.B.34,GT26,CbiA,GT2,GT2,AA6
GH103,Response_reg,2.A.76,9.B.34,Sigma70_r2|Sigma70_r4,3.A.1,3.A.1,3.A.1,3.A.1
GT83,1.C.113
1.A.1,3.A.1,3.A.1,3.A.1,4.C.1,8.A.59,GH10
GH23,2.A.1,3.A.7,3.A.7,3.A.7,3.A.7
2.A.6,2.A.6,TetR_N,3.A.1,3.A.1,3.A.1,3.A.1,1.B.52,AA3_2
2.A.1,GH79
3.A.1,GH103
9.B.146,2.A.103,GT28
CE11,1.B.33,2.A.1
GT5,SBP_bac_3,SBP_bac_3,3.A.1,3.A.1
3.A.1,3.A.1,3.A.1,2.A.56,GntR,CE4,SBP_bac_3,3.A.1,3.A.1,3.A.1
3.A.1,8.A.1,GT2,GT26,GT0,2.A.66,Aminotran_1_2,GT2,GT2,GT2,3.A.1,3.A.1
1.B.14,GH1
CE4,9.B.35,3.A.1,3.A.1,3.A.1,2.A.23
3.A.1,GT0
2.A.1,3.A.1,GT4,GT9,PfkB,9.B.18,9.B.146,Aminotran_1_2,2.A.66
GT4,PALP,2.A.58,2.A.1,3.A.1,3.A.1,2.A.21,2.A.21
GT41,2.A.41
3.A.1,3.A.1,3.A.1,3.A.1,GT83,2.A.1
GT2,9.B.34,Pribosyltran,3.D.1
3.D.4,3.D.4,GH13_23
2.A.4,CE4,CE4,1.A.26
3.A.9,2.A.1,8.A.5,GH23
1.B.70,GH23,1.A.22
3.A.1,AA3,2.A.51,Rhodanese,2.A.4,2.A.1,8.A.59,2.A.55
9.B.18,GT4,8.A.3
GT19,3.A.1,3.A.1,3.A.1
GH23,8.A.59
2.A.21,HD,GH3,2.A.64,Response_reg,CBM50,AAA,3.A.5,2.A.6,2.A.6,PALP|ACT,1.B.48
2.A.6,2.A.6,8.A.1,2.A.6,PALP,GT41,GT41,GT41,3.A.1,3.A.1,3.A.1,3.A.1,2.A.58,2.A.123,GT2,GT83,GT51
3.A.1,MarR,GH103
GT4,2.A.80
3.A.1,2.A.7,2.A.1,1.A.34,2.A.7,GT51,2.A.23,2.A.88
2.A.6,2.A.6,GH103,Pyr_redox_2,4.C.1,3.A.1,3.A.1
GH0|GH39,GH0,B12-binding,GT4,GT0,1.B.14,2.A.52,Fer4,5.A.3
GT4,3.A.1,3.A.1,3.A.1
2.A.21,2.A.1,GT51,2.A.66
3.A.1,GT4,2.A.56,2.A.56
GH33,3.A.16,GntR,2.A.56,2.A.56,2.A.56,4.C.1,GH17,TetR_N,3.A.1,3.A.1,3.A.1,3.A.1
9.B.160,2.A.6,GH15
3.A.1,3.A.1,3.A.1,cNMP_binding|MarR,GH15
GH13_23,3.D.1,3.D.1,NUDIX,3.D.10
9.B.1,GH103,3.A.1,TetR_N,3.A.1,3.A.1,3.A.1,3.A.1,3.A.1
2.A.6,2.A.1,1.B.6,GT39
AA3_2,TetR_N,9.B.34,GntR,GH23,GT4,GT4,GH39,GT4,9.B.97,2.A.66,GT4,8.A.3,9.B.18,TPR_1|TPR_2,3.A.7
GT2,GT4,GT4,2.A.66,GH16_7,GT4,8.A.3,9.B.18
GT4,SBP_bac_3,9.B.18,GT4,GT2,GH16_14,GT4,8.A.3,1.B.18
3.A.23,GT23,3.A.1,3.A.1,CheR,GT2|GT2,CE4,HTH_1|LysR_substrate,HTH_1|LysR_substrate,MerR,3.A.1,1.B.4
AA3_2,3.A.1,3.A.1,3.A.1,SBP_bac_3,2.A.1,2.A.66,3.A.1
GT2,3.A.16,2.C.1,9.B.34,2.C.1,1.A.30,1.A.30
2.A.6,2.A.6,1.A.30,1.A.30,3.A.1,9.B.34,9.B.34,GH103
2.A.21,Aminotran_1_2,GH5_39
9.B.34,2.A.80,2.A.80,9.B.34,GT51
GT51,3.A.1,2.A.21,Response_reg|HTH_8,GH13_16,GH13_23,HxlR,CE1,2.A.1,EAL|GGDEF,3.A.23,2.A.1,3.A.1,3.A.1,3.A.1,9.B.34,9.B.34
