2.A.53,2.A.8,SIS|HTH_6,1.B.52,GT83
3.A.1,3.A.1,3.A.1,GT51
GT4,2.A.121
GH33,Trans_reg_C|Response_reg,HisKA|HATPase_c,8.B.24
4.A.1,GH13_29,1.B.3,4.A.1,GH23,4.A.1,4.A.1,SIS,CE9
1.B.33,GT19
CBM50,Sigma70_r4|Sigma70_r3|Sigma70_r2,CSD,3.A.1,3.A.1,3.A.1,3.A.1
1.B.6,GH50
2.A.1,3.A.9,HTH_IclR,GH3,2.A.7,1.B.14
2.A.1,1.B.9,2.A.21,2.A.16,MarR,2.A.7,HTH_18,Aminotran_1_2,3.A.23,GH73
8.A.1,2.A.6,2.A.6,2.A.6,2.A.85,GH17,3.A.1,9.B.136,2.A.21,Citrate_synt,3.D.10,3.D.10,Pyr_redox_2,2.A.26
1.B.10,2.A.40,9.B.43,CE4,9.B.35,2.A.40,MarR,Aminotran_1_2,LysR_substrate|HTH_1,2.A.11
2.A.66,GT2,9.B.146,9.B.18,3.A.11,GntR,2.A.3,3.A.3,3.A.3,3.A.3
GH23,3.A.1,3.A.1,3.A.1
3.A.1,3.A.1,3.A.1,3.A.1,GntR,HisKA|HATPase_c,Trans_reg_C|Response_reg,GT83,GT83,3.A.1,3.A.1,MarR,2.A.6,GerE,2.A.1,HTH_18,2.A.1,4.C.1,3.A.1,3.A.1,GerE,AsnC_trans_reg|HTH_11,GntR|Aminotran_1_2,9.B.34,2.A.6,2.A.1,LysR_substrate|HTH_1,1.A.23,1.B.14,GT4
3.A.1,SBP_bac_1,Pyr_redox_2,Pyr_redox_2,3.A.1,3.A.1,3.A.1,HTH_IclR|IclR,2.A.66,2.A.76,3.A.1,3.A.1,3.A.1,SIS|HTH_6,CE4,Sigma70_r2|Sigma70_r4_2,FecR,1.B.14,2.A.1,2.A.1
9.B.1,2.A.1,GerE|PAS,GH23,AsnC_trans_reg,3.A.1,3.A.1,3.A.1,3.A.1
4.C.1,GH0
9.B.27,GT5,GH13_10,GH77,GH13_26,CBM48|GH13_11,PIG-L,GT2,PIG-L,CBM48|GH13_9,GH13_16,GH13_3
2.A.6,2.A.6,2.A.6,2.A.6,GT0|GT2|GT4,HTH_18,3.D.4
3.A.9,Pkinase,GT2,GT83,2.A.7,GT83,3.A.1,3.A.1,3.A.1,AraC_binding|HTH_18,LysR_substrate|HTH_1,8.A.5,4.C.1,1.A.46,TPR_2,2.A.21,Response_reg,HisKA|Response_reg|HATPase_c,CheB_methylest,CheR_N|CheR,2.A.21,Response_reg,3.A.1,3.A.1,3.A.1,3.A.1,PfkB,1.A.8
GH23,3.A.1,3.A.1,3.A.1,3.A.1,3.A.1,AraC_binding|HTH_18,2.A.76,GntR,2.A.1,1.B.25
2.A.1,Aminotran_1_2,TOBE,SBP_bac_3,3.A.1,3.A.1,1.B.14,FecR,Sigma70_r2|Sigma70_r4_2,2.A.21,PALP,AA3_2,2.A.1,LysR_substrate|HTH_1,LysR_substrate|HTH_1,2.A.1,8.A.5
2.A.102,2.A.49,AA10,3.A.5
2.A.76,Pyr_redox_2,Peripla_BP_1|LacI,3.A.23,3.A.1,3.D.1,LysR_substrate|HTH_1,3.A.1,GerE,3.A.1,3.A.1,3.A.1,Trans_reg_C|Response_reg,HisKA|HATPase_c,AA3,LysR_substrate|HTH_1,AsnC_trans_reg|MarR,2.A.3
9.B.51,LysR_substrate|HTH_1,4.C.1,LysR_substrate|HTH_1,9.B.164,3.A.1,3.A.1,3.A.1,3.A.1,LysR_substrate|HTH_1,HTH_18,2.A.1,AA3_2
3.A.1,3.A.1,3.A.1,3.A.1,3.A.23,2.A.8,2.A.21,PfkB,HTH_IclR|IclR,3.A.1,3.A.1,3.A.1,3.A.1,2.A.109,Sigma70_r4,3.A.1,3.A.1,3.A.1,LysR_substrate|HTH_1,2.A.1,8.A.21,GH63,Pyr_redox_2,3.A.1,3.A.1,3.A.1
2.A.6,8.A.1,2.A.6,2.A.39,Pyr_redox_2,Fer4,TetR_N,9.B.62,9.B.62,2.A.56,2.A.56,8.A.1,3.A.1,1.B.14,4.C.1,4.C.1,2.A.1,2.A.1,8.A.1,2.A.6,AraC_binding|HTH_18,GH15,HTH_18,2.A.76,9.B.18,GT2,GT4,GH39,GT4,GT4
3.A.3,2.A.6,2.A.6,2.A.6,CBM32,1.M.1
GT4,8.A.3,GH0,STAS,Response_reg|SpoIIE,3.A.1
3.A.1,3.A.1,3.A.1,Pyr_redox_2,2.A.1,GH3,TetR_N,LexA_DNA_bind,3.A.7,3.A.1,GH23,3.A.1,2.A.66,1.B.52,3.D.4,3.D.4,3.D.4,3.D.4,3.D.4,3.D.4,Fer4,3.A.3,5.A.1
2.A.46,9.B.34,GH23,Trans_reg_C,1.B.22,3.A.1,Response_reg|ANTAR,2.A.1,9.B.106,NIR_SIR_ferr|NIR_SIR|Pyr_redox_2,3.D.1,1.B.6,Sigma70_r4|Sigma70_r2,1.A.35,4.A.2,GntR|Aminotran_1_2,2.A.7,3.A.25
2.A.3,GT0
1.B.11,2.A.1,GntR,3.A.1,3.A.1,3.A.1,3.A.1,1.I.1,1.B.12,GT2,1.B.13,PL5_1,2.A.50
2.A.6,2.A.6,Trans_reg_C|Response_reg,HisKA|HATPase_c,1.B.25,9.B.34,9.B.34,CE11,GT28,2.A.103,9.B.146
GH103,GH0,GH103,2.A.103
3.A.1,3.A.1,3.A.1,2.A.15,TetR_N,AA3_2,2.A.1,1.I.1,Pyr_redox_2,2.A.85,SBP_bac_3,9.B.34,PL7_1
GH102,2.A.7,GT83,GT2
GT51,Sigma70_r4|Sigma70_r2,3.A.1,3.A.1,3.A.5
1.B.12,3.B.1,LysR_substrate|HTH_1,SIS|HTH_6,9.B.34,2.A.37,PfkB,9.B.10,CBM50,3.A.1,3.A.1,3.A.1
GT51,SIS,HTH_DeoR|DeoRC,3.A.2,3.A.2,3.A.2,3.A.2,3.A.2,3.A.2,3.A.2,1.A.77,HTH_3,CbiA,2.A.9
2.A.1,AA7
3.A.1,3.A.1,3.A.1,3.A.1,3.A.1,LysR_substrate|HTH_1,2.A.1,8.A.1,3.A.1,GT83,MarR,8.A.1,1.B.17,1.B.55,CE4|GH153,GT2,1.B.20
3.A.1,3.A.1,3.A.1,LysR_substrate|HTH_1,LysR_substrate|HTH_1,1.B.14,2.A.1,LysR_substrate|HTH_1,1.A.30,1.A.30,3.A.23,3.A.1,GT0,3.A.1,3.A.1,3.A.1,3.A.1,2.A.6,2.A.6,2.A.6,GH129,3.A.1,3.A.1,3.A.1,3.A.1,3.A.1,3.A.1,PALP,2.A.15,LysR_substrate|HTH_1,1.B.25,8.A.5,3.A.1,3.A.1,3.A.1
3.A.1,3.A.1,3.A.1,3.A.1,2.A.3,2.A.59,2.A.6,3.A.1,8.A.1,GH12
2.A.39,3.A.1,3.A.1,3.A.1,2.A.3,3.A.1,GT2,3.A.1,3.A.1,3.A.1,3.A.1,1.B.52,1.B.52,2.A.64
3.A.11,GT51,1.B.22
2.A.6,GT2
1.A.23,2.A.36,MCPsignal,bZIP_1,2.A.21,3.A.23,9.B.34,GT9,GT9,GT4,1.B.14,GT4,PIG-L,GT4,GT2,3.A.1
2.A.7,LysR_substrate|HTH_1,GT30,2.A.6,2.A.39,NUDIX,2.A.1
1.A.30,1.A.30,1.A.62,Fer4,CBM50
2.A.66,2.A.7,LysR_substrate|HTH_1,GT51,2.A.21
