GH5_5,GH5_5,GH5_5,Peptidase_M23,9.B.174
GH103,2.A.1,GAF|PHY,2.A.46,GH13_3|GH13_3,GH13_16,CBM48|GH13_9
GT25,Rhodanese,1.B.1,HATPase_c|HisKA,3.A.23,2.A.1
GH94,GH115,2.A.21,2.A.107,HTH_IclR|IclR,Response_reg|GerE,4.C.1,1.B.70,9.B.136,2.A.21,1.E.43
GT2,8.A.28,GH15,2.A.37,1.A.26,2.A.109
2.A.28,9.B.126,GH3,9.B.44,2.A.3
GH5_1|CBM63,2.A.3,1.A.35,GH37
2.A.53,GT2,8.A.59
1.B.14,GH2,GH89,GntR,2.A.1,LacI|Peripla_BP_3,SIS,CE9,GT2,CE4|GH153|GH153
9.B.146,2.A.103,GT28
CE11,Peptidase_M23,3.A.5,NUDIX,GH158
9.B.126,GT41,TPR_2,1.B.46
1.B.6,Aminotran_1_2,3.A.1,3.A.1,3.A.1,3.A.1,1.B.71,1.B.14,CBM32
3.A.1,GT83
1.B.18,8.A.3,9.B.18,9.B.30,9.B.97,9.B.97,GT4,GT94,2.A.66,GT70,GT26
2.A.3,GH35,1.B.14,GH121,GH43_29,GH146
GT32,HTH_11|AsnC_trans_reg,3.A.5,2.A.6,2.A.6
GH23,3.D.3,3.D.3,1.A.12,1.B.52
GH95,2.A.1
GH3,2.A.21,GAF|GGDEF|EAL,GH5_8,HTH_8|Response_reg,HATPase_c|HisKA,3.A.7,2.A.7
3.A.6,3.A.6,EAL|GGDEF|MHYT,9.B.34,9.B.34,3.A.6,3.A.6,3.A.6,3.A.6,GT2
CBM32,3.A.1,3.A.1,SBP_bac_1,GH144
3.A.16,CBM50
2.A.20,9.A.40,2.A.1,3.A.1,B12-binding,GT4,GT4,GT2,2.A.66
GH3,2.A.1,8.A.1,1.B.17
1.B.33,GT19
1.C.113,CBS,GT2,GT51
1.B.14,GH29,GH18,GH20,GH2,GH3,3.A.1,GH125,GH92,GH35,GH33,9.B.158,1.A.13,CheW,CheB_methylest,CheW|H-kinase_dim|Response_reg|HATPase_c,1.B.52
2.A.1,CBM32,LysR_substrate|HTH_1,3.A.1,1.B.14,Glyoxalase,1.B.14,1.B.14,2.A.37,1.B.14,2.A.1
3.A.5,9.B.14,GH51,2.A.21,2.A.21
1.B.14,GH15,GT20
1.B.22,3.A.11,GT51
2.A.6,GT30,GT4,2.A.23,2.A.21,2.A.1
2.A.11,LacI|Peripla_BP_3,2.A.2,GH13_4
PL4_1,GH113,GT2,GT2,1.B.14,GntR,GT0,1.B.22
2.A.79,3.A.1,3.A.1,GH99
GH99,3.A.1
8.A.5,GT2,2.A.3
1.B.20,GH103,3.A.1,3.A.1
GT2,9.B.67,GT83,CBM50,3.A.7
GT2,2.A.123
CBM48|GH13_11,GH13_26,GH77,GH13_10,CBM48|GH13_9,GT5,9.B.34,1.A.23,GH23,3.A.6,3.A.6,3.A.6,3.A.6,3.A.6,3.A.6
1.C.65,GH3,GH43_12,GH67
GH43_1,2.A.2,2.A.1,GH10
9.B.35,CE4
CE4,2.A.9
3.A.7,3.A.7,3.A.7,GH23,3.A.7
