CE5,9.B.111
GT2,CE1,CE1,CE5,3.B.1
3.A.1,3.A.1,3.A.1,HxlR,GT2,3.A.1
2.A.1,1.A.35,CE1,Aminotran_1_2,1.A.8,2.A.36
2.A.1,TetR_N|TetR_C,GT76
3.A.1,GT2,GT2
GT20,2.A.79,9.A.25
GH23,HTH_18,9.B.15
2.A.1,ANTAR,HTH_11,CE1
GT2,9.B.142,GH0,3.A.1,3.A.1,TetR_N,GT4,4.C.1,2.A.3
2.A.20,LysR_substrate|HTH_1,GT26,GT26,GT4,GT4,GH6,GH2
2.A.1,GT87,3.A.1,3.A.1,3.A.1,3.A.1
GH1,2.A.78,HTH_3,3.A.18
2.A.1,GntR,2.A.15,GT39
3.A.1,3.A.1,GH23,3.D.1,GH25,3.A.1,3.A.1,PadR,3.A.1,3.A.1,2.A.47,2.A.1
2.A.108,2.A.108,GH23
CE1,2.A.6
3.A.1,GH23,1.A.26,3.A.1,3.A.1,3.A.1,3.A.1
2.A.1,CBM48|GH13_9,GH13_3
9.B.104,GT4
9.B.62,3.A.1,GH13_30,2.A.23
CE4,3.A.1,3.A.1,3.A.1
3.A.12,2.A.109,4.F.1,HTH_3,GT1,3.A.1,3.A.1,3.A.1,3.A.1
GT87,HTH_7,GT87,4.F.1,GT4
3.A.25,3.A.1,GT35
GT2,2.A.109
3.A.1,GT87
AA2,Pribosyltran,3.A.1,HTH_5,TetR_N,3.A.1,3.A.1,3.A.1,2.A.59,GerE|Response_reg,3.A.1
9.B.97,GH13_11,GH13_26,3.A.1,3.A.1,3.A.1,GH13_10,PALP,9.B.106,9.B.105
GT28,2.A.103,9.B.146
9.B.106,GT87
4.C.1,GT4
GT5,GT81,4.C.1
CE14,3.A.1,2.A.7,3.A.1,3.A.1,SBP_bac_1,2.A.1
2.A.89,4.C.1,TetR_N,GH27,3.A.1,1.A.23
2.A.1,GH77,Pyr_redox,MarR,2.A.1
2.A.1,3.A.1,3.A.1,Sigma70_r2|Sigma70_r4_2,CE1
4.C.1,4.C.1,3.A.1,GT2
9.B.106,HATPase_c,GH13
2.A.39,GT2
3.A.1,3.A.1,3.A.1,3.A.1,GH16_3,GT2
GT4,3.A.1,3.A.1
3.A.3,HMA,3.D.10,CE1,3.A.1
