GT2,3.A.7
CE4,3.A.1,3.A.1,HTH_3,3.A.7,GH23
3.A.1,3.A.1,3.A.1,GT4,2.A.36,Ada_Zn_binding|HTH_18,2.A.7
3.A.7,GH23
3.A.1,3.A.1,3.A.1,3.A.1,3.A.1,3.A.1,3.A.1,3.A.1,2.A.1,HTH_1|LysR_substrate,GT20,2.A.1,1.B.52,1.B.52,FIST,2.A.21
9.B.34,AA3
GT32,2.A.53,2.A.1,4.C.1,HTH_1|LysR_substrate,3.D.10,3.D.10,2.A.21,3.A.1
2.A.1,CE1,GH13_23,GH13_16,Response_reg|HTH_8,2.A.21,3.A.1,GT51
GT51,9.B.34,2.A.80,9.B.34
2.A.1,GH88
3.A.6,3.A.6,GH23
2.A.1,GH79
2.A.21,HTH_3,3.A.1,3.A.1,3.A.1,3.A.1,Guanylate_cyc,GT2,9.B.34
3.A.1,GH103
9.B.146,2.A.103,GT28
CE11,1.B.33,2.A.1
GT5,3.A.1,SBP_bac_3,3.A.1,3.A.1,3.A.1,3.A.1
1.B.18,8.A.1,3.A.1,GT4,Aminotran_1_2,9.B.18
GH1,2.A.95
CE4,9.B.35,2.A.40,3.A.1,3.A.1,3.A.1,3.A.1,3.A.1,2.A.23,TetR_N,2.A.40
3.A.1,GT4,GT9,PfkB,9.B.18,9.B.146,Aminotran_1_2,2.A.66
GT41,2.A.41
3.A.1,3.A.1,GT2|GT2,GT4,GT4,9.B.18
CE4,CE4,1.A.26
2.A.6,2.A.6,1.B.70,9.A.25,GH23,1.A.22
3.A.1,AA3,2.A.51,Rhodanese,2.A.4,8.A.59,2.A.55,3.E.1
9.B.18,GT4,8.A.3
GT19,3.A.1,3.A.1,3.A.1
2.A.80,Response_reg,Response_reg|GerE,PAS|HATPase_c|HisKA,GH23,8.A.59,1.B.14,2.A.21,HD,GH3,2.A.64,Response_reg,CBM50,9.A.25,AAA,3.A.5,2.A.6,2.A.6
3.A.1,SBP_bac_3,2.A.6,2.A.6,8.A.1,2.A.6,GT41,GT41,GT41,3.A.1,3.A.1,3.A.1,3.A.1,2.A.58,2.A.123,GT2,GT83,GT51
3.A.1,MarR,GH103
1.B.52,1.A.34,TetR_N,2.A.6,2.A.6,2.A.6,GT4,3.A.1,GT4,2.A.7,GT51,HTH_3,2.A.1,Pyr_redox,HTH_3,2.A.23,2.A.88
GH103,Pyr_redox_2,4.C.1,8.A.1,2.A.85,MarR,2.A.1,3.A.1
2.A.49,8.A.7,GH50,GH1
GH5_25,GT4,3.A.1,3.A.1,3.A.1,3.A.1,3.A.1,MarR,2.A.39,FmdA_AmdA,3.A.1,3.A.1,3.A.1,3.A.1,3.A.1,3.A.1,3.A.1,3.A.1,3.A.1
GT2,2.A.21,2.A.1,GT51,3.A.1,3.A.1,3.A.1,3.A.1
2.A.20,AA3_2
2.A.1,GH0,3.A.1,GT4,2.A.56,2.A.56
3.D.4,3.D.4,3.D.4,9.B.43,Glyoxalase,GH23,3.A.1,LysR_substrate,2.A.1
GT1,2.A.1,2.A.1
9.B.1,GT2,GH103,GerE,3.A.1,3.A.1,3.A.1,3.A.1,3.A.1
9.B.34,AA3_2,TetR_N,9.B.34
GT4,GT4,1.B.18,GH39,GT4,GT4,GT4
GH10,Guanylate_cyc,4.C.1
9.B.34,2.A.76,Response_reg,GH103
3.A.23,GT23,3.A.1,3.A.1,CheR,GT2|GT2,CE4
2.A.6,2.A.6,1.A.30,1.A.30,3.A.1,9.B.34,9.B.34,GH103
GH1,GH16_5,9.B.34,HTH_18,3.A.1,3.A.1,3.A.1,3.A.1,3.A.1
2.A.80,HTH_1|LysR_substrate,AA6,GT2,GT2,CbiA,GT26,9.B.34
3.A.1,GH3
