9.B.106,GntR,GH35,4.A.6,4.A.6,4.A.6,4.A.6
3.A.1,3.A.1,9.B.28,HTH_6|SIS,3.A.2,3.A.2,3.A.2,3.A.2,3.A.2,3.A.2,3.A.2,CBM50,2.A.1
2.A.58,CE9,8.A.5,2.A.3,9.B.146,1.I.1,3.A.1
3.A.1,3.A.1,3.A.1,GH92,GH125,GH38,GH20,3.A.1,3.A.1,SBP_bac_1,9.B.28,8.A.59,Response_reg|HTH_18,TetR_N,HxlR,3.A.1,LytTR,GT51,GT0,GT2,GH8,3.A.14,3.A.14
3.A.1,3.A.1,3.A.1,DeoRC|HTH_DeoR,Sigma70_r4_2,4.A.3,4.A.3,4.A.3,3.A.1,MarR,3.A.1,3.A.1,HhH-GPD,GH1,SIS,3.A.1,3.A.1,3.A.1,3.A.1
3.A.1,GH13_31
1.A.33,GH20|GH20
3.A.9,3.A.1,3.A.1,3.A.1,3.A.1,GH32,1.C.109
8.A.7,CBM48|GH13_9,GT5,3.A.2,3.A.2,3.A.2
3.A.1,3.A.1,3.A.1,3.A.1,LytTR|Response_reg,3.A.1,3.A.1,Trans_reg_C|Response_reg,HATPase_c|HisKA,Glyoxalase,CE4,1.I.1,GT2,GT2,GT2,GT2,GT4,GT2,3.A.1,GT2,GT0
2.A.88,GH13_14
GH23,GntR,GT1,Sigma70_r4,3.A.5,CE7
GH1,4.A.3,4.A.3,PfkB,4.A.5,4.A.5
3.A.1,3.A.1,3.A.1,3.A.1,ACT,CE4,HD,TetR_N,3.A.1,3.A.1,GH13_5,3.A.1
3.A.1,GH3,GH13_18,3.A.1,3.A.1,3.A.1,GH36,AraC_binding|HTH_18,LacI|Peripla_BP_3,HTH_11,GT2|GT8,HATPase_c|HisKA,Trans_reg_C|Response_reg,3.A.1,3.A.1,3.A.1,3.A.1
2.A.103,GH25,3.A.1,3.A.1,3.A.1
2.A.21,Trans_reg_C|Response_reg,GT4,GT4
GH13_29,4.A.1,GntR,3.A.1,3.A.1,9.A.40,HTH_Mga|Mga,2.A.86,3.A.1,2.A.36,3.A.1,2.A.38,2.A.38
4.A.1,GH32
2.A.3,BTAD,GH13_31,2.A.38,2.A.38
2.A.4,TetR_N,2.A.69,3.A.1,3.A.1,3.A.1,HATPase_c|HisKA,Trans_reg_C|Response_reg,GH1,GH2,2.A.2,AraC_binding|HTH_18,GH3,CBM67|GH78,GH43_12
2.A.9,2.A.16,GT8,GT4,3.A.5,3.A.5,3.A.5,3.A.5,GT2,GT101|GT2,GT0,GT2,CE1,3.A.1,3.A.1
4.B.1,3.A.9,CtsR,GH29,GH2|CBM71|CBM71
GT51,GH25,2.A.66,GT0,GT2,GT26,9.B.18,8.A.3,8.A.3
GT35,GH77,3.A.1,3.A.1,LacI|Peripla_BP_1,GH13_14,2.A.115,2.A.50,4.C.1
