GH23,2.A.38,2.A.38,CBM50,3.A.11
3.A.23,HisKA|HATPase_c|PAS,CBM9,9.B.126
1.B.14,2.A.21,GH36
GT1,1.B.52,AAA,3.A.11,MetJ,GT51,3.A.11,1.B.22
1.A.23,1.B.75,1.B.18,9.B.18,GT4,Aminotran_1_2,GT56,TetR_N,1.B.18,8.A.3,GT2,GT4,GT4,GT4,GT4,9.B.18,9.B.18
CBM16|PL18,1.A.35
3.A.18,GH13_32
3.B.1,3.B.1,8.A.5,CBM50
1.B.14,HTH_1|LysR_substrate,HTH_1|LysR_substrate,HTH_1|LysR_substrate,8.A.5,GH13
GH23,GT30,SIS,PfkB,GT4,GT9,Aminotran_1_2,Rhodanese,9.B.104
9.B.34,1.A.11,GT51,1.B.52,Aminotran_1_2,2.A.49,HTH_3,2.A.1
1.B.52,1.B.3,1.B.11,GerE,1.B.14,1.B.33,3.A.9,1.B.52,GH23,9.A.40,9.B.14,3.A.5
8.A.21,2.A.23,3.A.7,GH13_23,1.B.14,GH13_36,GH13_38,2.A.2,GH15
2.A.66,GH9,GH3,HTH_18,1.B.14,GH3,2.A.1,Trans_reg_C|Response_reg,HisKA,2.A.38,2.A.38,2.A.1,Peripla_BP_3|LacI,GH43_11
GH10,AraC_binding,GH10|CBM22,GH10,GH8,1.B.14,GH43_1,2.A.2
2.A.22,Trans_reg_C|Response_reg,HATPase_c,2.A.86,9.B.34,GH3,2.A.1,GH1,2.A.2,Peripla_BP_3|LacI,GH73,HD,1.B.14
1.B.14,GH3,GH1,2.A.2,Peripla_BP_3|LacI,HisKA|HATPase_c,9.B.34
1.B.14,1.B.14,PL6_3,PfkB,2.A.1,PL17_2|PL17,PL6|PL6_1
2.A.37,9.B.34,GT19,3.D.4,3.D.4,3.A.1,3.A.1,1.B.33
1.B.39,3.A.23,CbiA,GT2,4.D.3,GH8,1.B.55,2.A.17,Glyoxalase,2.A.21,EAL,3.A.1,TPR_1,9.B.14,9.B.14,3.A.1,3.A.1
2.A.122,1.A.23,Trans_reg_C,9.B.34,1.A.26,Pkinase,MarR,1.B.52,GH166,GT4,2.A.66
2.A.68,Response_reg|GerE,4.C.1,1.B.70,1.B.14,Sigma70_r3|Sigma70_r2|Sigma70_r4,CBM50
2.A.21,2.A.21,9.B.110,9.B.34,2.A.6,2.A.6,HTH_5,2.A.119,AraC_binding|HTH_18,GH2,GGDEF,9.B.72
PL7_5,NUDIX,4.C.1,MCPsignal,HisKA,Trans_reg_C|Response_reg,2.A.6,2.A.6,2.A.66,HTH_1|LysR_substrate,2.A.37,2.A.37
CE11,GT28,2.A.103,9.B.146
CBM50,5.A.1
9.B.99,2.A.76,3.A.1,9.B.186,1.A.23,1.B.52,GH97
2.A.64,2.A.64,2.A.64,9.B.34,GT2,Response_reg|HTH_11,HATPase_c,2.A.80,1.B.5
AA10|CBM73,2.A.6
1.B.14,2.A.21,GH31,2.A.102,GntR,2.A.98
GH3,9.B.34,CSD,SBP_bac_3,SBP_bac_3,2.A.41
2.A.1,GH37,GerE,CE4,9.B.43,9.B.35,9.B.35,3.A.1,3.A.1,3.A.1,2.A.40,1.B.10,1.B.14
2.A.39,PfkB,2.A.114,PfkB,2.A.1,GH13_18
1.B.14,GH16_3,3.A.1,3.A.1,Pyr_redox_2,1.B.14
9.B.34,TetR_N,2.A.79,GT0|GT2|GT4,Peripla_BP_1|LacI,2.A.76
1.B.14,2.A.1,2.A.7,GntR,HTH_18,AA3_2
2.A.40,GT81,GH13_18
2.A.1,1.I.1,Fer4,EAL|GGDEF,1.B.71,AA3_2
GH77,CBM48|GH13_9,CBM48|GH13_11,GT35,GT5,EAL,9.B.169,2.A.6,2.A.6,HTH_1|LysR_substrate,1.C.113
9.B.34,9.B.34,Aminotran_1_2,GT25
GH103,HTH_11,1.B.14,SBP_bac_3,2.A.1,MCPsignal|dCache_1,9.B.34,1.A.30,TPR_2,1.B.14,GGDEF,1.A.1
