3.A.1,3.A.1,3.A.1,Penicillinase_R,HMA,GT51,Peptidase_M23,3.A.14,3.A.14
3.A.1,3.A.1,3.A.1,GH36,2.A.98
3.A.1,GH1,HTH_11,4.A.7
3.A.7,CBM50,GH13_29,4.A.1
1.A.1,MerR,3.A.9,GH77,GT35,GntR,4.A.1,3.A.1,Rhodanese,3.A.1,3.A.1,CSD,GT51
GH35,4.A.6,4.A.6,4.A.6,4.A.6
2.A.88,GH25,2.A.103
GT4,GT4,3.A.1,3.A.1,3.A.1,3.A.1,Trans_reg_C|Response_reg,2.A.21
3.A.3,3.D.1,Glyoxalase,Peripla_BP_3|LacI,3.A.1,3.A.1,3.A.1,GH32,3.A.12,Glyoxalase,1.C.82,2.A.66
GH73,GT4,GT2,3.A.1,GT8,GT2,GT4,GT2
CE9,3.A.1,3.A.1,3.A.1
4.A.6,GH88,4.A.6,4.A.6,4.A.6,CBM70|PL8_1,PL12_1
3.A.2,3.A.2,3.A.2,3.A.2,3.A.2,EPSP_synthase,2.A.2,PfkB,GH2
4.A.3,4.A.3,GH1,Aminotran_1_2,3.A.1,3.A.1,3.A.1,NUDIX,3.A.1,CBM48|GH13_9,GT5
3.A.1,4.A.2,PfkB,DeoRC|HTH_DeoR,Aminotran_1_2,2.A.66,HhH-GPD,2.A.49,3.A.1,3.A.1,3.A.1,3.A.1,ACT,CE4,3.A.1,3.A.1
GH16_8|GH20,2.A.118
GT0,9.B.18,GT2,GT4,9.B.18,9.B.18,8.A.3,8.A.3
3.A.1,CE1,3.A.1,3.A.1,3.A.1,GH1,4.A.1,TPR_1,2.A.86
2.A.49,3.A.1,3.A.1,3.A.1,3.A.1,3.A.1,Pribosyltran,GH13_31,GH13_18,3.A.1,3.A.1,3.A.1,GH36
1.I.1,CE4,Glyoxalase,2.A.6
3.A.5,4.A.1,GH32
4.A.7,4.A.7,4.A.7,CBM41|CBM41|GH13_41|CBM41|CBM41|GH13_12,Peripla_BP_3|LacI,3.A.1,3.A.1,3.A.1,3.A.1,3.A.1,3.A.1,3.A.1
GH77,3.A.1,3.A.1,3.A.1,LacI|Peripla_BP_1,CBM68|GH13_14,2.A.115,8.A.5,GT2,3.D.10
