9.A.40,9.A.40,3.A.1,3.A.1,3.A.1,Pribosyltran,GH94,SBP_bac_1,3.A.1,3.A.1,GH43_11,LacI|Peripla_BP_3,9.B.1,9.B.174,GT26,3.A.23
3.A.1,GH95,3.A.1,3.A.1
GH10,LacI|Peripla_BP_3,9.A.23
GT2,1.A.11
GH3,HTH_18|AraC_binding,4.A.2
1.A.16,GH77,GH13
2.A.66,GT2,GT2
GH3,2.A.66,8.A.59
9.A.8,2.A.25,Sigma70_r4_2|Sigma70_r2,GH13_11,GT35,1.B.9
GH23,TPR_1,2.A.6,2.A.6,3.A.1
9.B.106,Trans_reg_C,GH3
3.A.6,GT51
3.A.23,HATPase_c|PAS|HisKA,AAA,GT28,3.A.1,3.A.1,AAA,GT4,3.A.18,2.A.86,1.A.14,3.D.10
3.D.10,MCPsignal|dCache_1,GT2,2.A.121,2.A.66
GH57,Fer4,3.D.6
GT5,Aminotran_1_2,HTH_11,3.A.1,3.A.1,LacI,GH94
GH13_28,GH31,3.A.11,2.A.40,3.A.1,9.B.55,HTH_3,GT4
GH53|CBM61,2.A.66
GT4,9.B.18,3.A.2,3.A.2,3.A.2,3.A.2
1.B.52,GT4,3.A.11,3.A.5
GH2,3.A.1,3.A.1,3.A.1,3.A.1,3.A.1,3.A.1,SBP_bac_1,3.A.1,3.A.1,3.A.1
2.A.58,GT104,2.A.16
GH35,3.A.1,3.A.1,3.A.1,LacI|Peripla_BP_3,2.A.114
4.C.1,MerR,8.A.7,GGDEF|Peripla_BP_3,GH23
GH73,Pyr_redox|TrkA_C,2.A.38,3.B.1,1.B.1,HTH_3,1.B.1,1.A.34,9.B.34,9.B.104,1.B.52
GH23,2.A.37
9.A.25,CE4
CBM4|GH9,GH77,LacI|Peripla_BP_3,3.A.1,3.A.1,3.A.1,2.A.21,3.A.1,3.A.1,2.A.23,3.A.1,3.A.1,3.D.10
GT4,3.A.12,GH18,3.A.1
