PL5,2.A.1
PL7,5.A.1,GH5,2.A.6,2.A.6
5.A.1,1.A.35,9.B.14,2.A.1,9.B.21,GT51,1.B.22,SKI,HD,1.B.42,SIS|CBS,2.A.37,3.A.1,HisKA|HATPase_c,2.A.1
1.B.1,1.A.62,GT51,LysR_substrate|HTH_1,1.B.14,2.A.1,LysR_substrate|HTH_1,1.B.14,GATase_2,Pyr_redox_2,3.A.1,3.A.1,3.A.1,3.A.1,STAS,3.A.1,3.A.1
3.A.1,2.A.23,FMN_bind_2,GH92|CBM13|CBM32,GH92,PfkB,LacI|Peripla_BP_3,3.A.1
1.B.1,GH31,2.A.1
GT51,1.A.35
2.A.66,9.B.18,9.B.18,GT9,9.B.102
5.A.3,5.A.3,5.A.3,GT30,GT8,2.A.6,2.A.6,2.A.6,TetR_N,1.B.17
GH73,3.A.6,3.A.6,3.A.6,3.A.6,3.A.6,3.A.6,3.A.6
1.I.1,LysR_substrate|HTH_1,Rhodanese,3.A.1,GT0,GT9,GT8
1.A.11,CBM32
2.A.76,9.A.41,1.B.1,LysR_substrate|HTH_1,3.A.1,3.A.1,3.A.1,8.A.5,2.A.1,AA3
1.B.14,1.A.30,1.A.30,1.A.30,GntR,CE9,SIS,GH3,GH0|CBM3|CBM5,GH18|CBM5,GH18|CBM12|CBM5,2.A.3
3.A.1,3.A.1,Peripla_BP_1,1.B.1,GH95|CBM32
3.D.1,Sigma70_r2|Sigma70_r4_2,RseA_N,9.B.160,1.A.63,2.A.46,GH3,4.F.1
2.A.1,1.B.1,3.A.9,2.A.1,LysR_substrate|HTH_1,3.A.11,2.A.1,4.C.1,Peripla_BP_2,3.A.1,3.A.1,3.A.1,HTH_18,1.B.14,GT51
2.A.1,GT104,3.D.4,3.D.4
2.A.1,HTH_IclR|IclR,GH35,Pyr_redox_2,3.A.12,1.B.46,Fer4,AAA,Sigma70_r2|Sigma70_r4_2,FecR,1.B.14
2.A.7,2.A.1,3.A.1,3.A.1,3.A.1,3.A.3,1.B.1,SIS,CE9,3.A.1,3.A.1,SBP_bac_1,3.A.1
2.A.7,Aminotran_1_2,GH23
GT2,2.A.7,GT83,Aminotran_1_2,ACT,1.I.1
GH0,1.B.6,3.A.23,1.C.106
1.B.6,Trans_reg_C,1.B.6,1.B.40,GH78|CBM67
2.A.118,1.B.1,2.A.1,HTH_18,1.B.13,GH18|CBM12|CBM5,GH46|CBM5
CBM32,HTH_18,Aminotran_1_2|GntR,2.A.6,3.A.1,2.A.6,2.A.1
1.A.14,Sigma70_r2|Sigma70_r4|Sigma70_r3,CBM50
2.A.6,GT2
2.A.7,HTH_18,9.B.34,CBM50
1.B.33,GT4
9.B.97,GT26,GH5,GT4,9.B.30,9.B.18,3.A.1,3.A.1,3.A.1,3.A.1,AsnC_trans_reg,PALP,GT51,HTH_5,9.B.102,9.B.102,2.A.1
CBM5,GntR,3.A.1,3.A.1,3.A.1,3.A.1,3.A.1,MarR,2.A.1,1.B.17,8.A.1,GH18|CBM12|CBM5,2.A.72
GH23|CBM50,1.I.1,2.A.7,3.A.1,3.A.1,3.A.1,3.A.1
2.A.6,3.A.1,GT2
8.A.21,TPR_1|TPR_2|BTAD,8.A.7,GT19,1.B.33
2.A.1,2.A.6,8.A.1,2.A.6,Trans_reg_C|Response_reg,HisKA|HATPase_c,GH23,3.A.1,3.A.1,3.A.1,3.A.1
9.B.33,LytTR|Response_reg,LysR_substrate|HTH_1,2.A.1,AA3,TetR_N,2.A.15,2.A.40
3.A.3,MerR,LysR_substrate|HTH_1,8.A.5,LysR_substrate|HTH_1,9.B.34,GT4,GT4,GT4,3.A.1,3.A.1
GT4,GT4,3.A.1,3.A.1,3.A.1,9.B.10,B12-binding,FeoA,9.A.8,PALP|Sigma70_r4,3.A.1,3.A.1,3.A.1,3.A.1,1.B.40
CE0,Trans_reg_C|Response_reg,HisKA|HATPase_c,9.B.160
GH108,3.A.23
9.B.35,CE4,1.B.1,9.B.43,LysR_substrate|HTH_1,2.A.40
GT0,4.D.1
1.A.30,1.A.30,9.A.4,3.A.23,HisKA|HATPase_c,9.B.14,3.A.5,GH23
3.A.5,1.A.34,3.A.1,3.A.1,CE11
GT28,2.A.103,9.B.146
GH23,1.E.40
3.A.1,3.A.1,3.A.1,B12-binding,PfkB,LacI|Peripla_BP_3,3.A.1,3.A.1,3.A.1,Aminotran_1_2,3.A.7,3.A.11,CBM50,3.A.1,3.A.1,3.A.1,2.A.103,9.B.157,9.B.157
GT28,GntR,2.A.114
2.A.102,3.A.1,3.A.1,3.A.1,3.A.1,AA3,LysR_substrate|HTH_1,9.B.121
GH23,3.A.7,3.A.7
