GH5_19|GH5_19,1.A.34
3.A.1,2.A.6,TetR_N,9.B.67,GT4,9.B.146,bZIP_1,HD,9.B.67
9.B.67,8.A.3,9.B.146,9.B.18,GT4,GT4,GT4
8.A.21,8.A.21,3.A.1,CE4,2.A.66
GT2,9.B.34
GH23,3.A.25,2.A.21,3.A.23,5.A.3,3.D.1,3.D.1,3.D.1
9.A.11,GT4
8.A.59,Fer4,CBM25
9.B.20,GT5,GT51
9.B.146,2.A.103,GT28,EPSP_synthase,9.B.157
GT81,1.B.50
3.A.1,3.A.1,3.A.1,3.A.1,Aminotran_1_2,2.A.59,3.A.1,GH23
GH133,3.A.1,3.A.1
3.D.1,3.D.1,3.D.1,CBM50|CBM50
3.A.1,3.A.1,3.A.1,3.A.1,GT4
3.A.1,3.A.1,3.A.1,GT28
CBM50,1.E.19,CE4|GH18
GH18,AAA,2.A.40
3.A.1,3.A.1,3.A.1,GH77,GT4,GH13_10,GH13_10
3.A.16,SpoIIE,GH18
2.A.39,3.A.23,1.A.33,3.A.1,GntR,Fe_dep_repr_C|Fe_dep_repress,NUDIX,2.A.1,3.D.1,2.A.53,3.A.1,3.A.1,3.A.2,3.A.2,3.A.2,3.A.2,3.A.2,3.A.2,GT0
1.A.23,GH130,GT4,3.A.1,3.A.1
