1.B.33,2.A.121,GT4
1.B.52,Response_reg|CheW|H-kinase_dim|HATPase_c,CheW,1.B.14,NUDIX,5.A.1,BLUF,3.A.1,3.A.1,GH100,GT4,2.A.89,GT4,3.A.1,3.A.1,SBP_bac_1,HTH_1|TOBE,2.A.6,3.A.1,3.A.1,3.A.1
1.B.42,2.A.103,GH103
1.B.22,GT51
GT4,4.D.2,GH23,2.A.102,1.B.52,2.A.4
GH73,3.D.1
GH23,3.A.11
1.A.62,3.A.1,3.A.1,HhH-GPD,GT35
3.D.1,HTH_1|LysR_substrate,GAF,EAL|CBS|GGDEF,2.A.6,9.B.72,Pribosyltran,2.A.3,GH23,Nitroreductase,1.A.12,9.B.102
3.A.1,Aminotran_1_2,GT2,GT4,GT4,GT4,GT4,9.B.18,9.B.18,GT25,1.B.9,3.A.18,9.B.34
9.B.160,Pribosyltran,FMN_bind_2,GT2
GT83,3.A.25,GT2
3.A.1,4.A.2,9.B.102,2.A.58,AA2,1.A.11,9.B.34,1.B.52,PALP,1.A.35,2.A.5,2.A.7
3.A.1,3.A.1,3.A.1,3.A.1,9.B.34,GT51,ACT,Aminotran_1_2,1.B.52,2.A.15
GH3,dCache_1,3.D.6,3.D.6,3.D.6,3.D.6,3.D.6,3.D.6,2.A.6,2.A.6,Pyr_redox_2,9.B.20,3.A.3,2.A.1,4.C.1,8.A.59,GT19,1.B.33
GT28,2.A.103,9.B.146
3.A.5,Response_reg,CE11
2.A.53,GT2
2.A.1,GT51,2.A.66,GT2,3.A.15
2.A.1,2.A.7,2.A.6,GT30,GT4,9.B.34,3.A.1,3.A.1
