2.A.7,3.A.1,Nitroreductase,HxlR,2.A.122,1.E.14,Peripla_BP_3|LacI|Peripla_BP_1,GT8
GH2,2.A.2
GH13_31,4.A.6,4.A.6,4.A.6,HTH_6|SIS,3.A.1,TetR_N,3.A.1
2.A.3,2.A.115,GH13_31,2.A.2,GH13_31
3.A.12,2.A.86,2.A.26,Pribosyltran,CE1
3.A.1,GT51
1.E.29,GH25
3.A.1,3.A.1,3.A.1,SBP_bac_3,SBP_bac_3,3.A.1,2.A.3,3.A.1,3.A.1,3.A.1,3.A.1,3.A.1,Pribosyltran,2.A.26,2.A.87,2.A.87,4.A.3,9.A.4,GT28,9.B.146
GH73,3.A.1,3.A.1,3.D.4,3.D.4,2.A.3,2.A.8,HTH_6|SIS,9.B.97
GH43_26,2.A.1
4.A.1,GH1,3.A.1,GntR,3.A.1,3.A.1,MarR,3.A.1,3.A.1
2.A.1,Pribosyltran,Response_reg|Trans_reg_C,2.A.21,PfkB,2.A.1,HhH-GPD,2.A.86,PadR,9.B.182,3.A.9,GntR,4.A.1,GH65
GH73,2.A.7,9.B.144
3.A.1,3.A.1,3.A.1,GT4,GT4
GH32,HTH_3,HTH_5,2.A.1,Pyr_redox_2,PadR,3.A.1,3.A.1,3.A.1,2.A.38,2.A.38,TetR_N,Rrf2,2.A.1,2.A.1,TetR_N,2.A.1,3.A.1,3.A.1,3.A.1,HTH_5,2.A.1,HxlR,3.A.1,3.A.1,3.A.1,2.A.77,HTH_5,HTH_6|SIS,GH31,2.A.1,PL1_6,2.A.3,8.A.1,3.A.1,Response_reg|LytTR,9.B.14,1.C.113,3.A.1,3.A.1,3.A.1,3.A.1,2.A.40,3.A.2,3.A.2,3.A.2,3.A.2,3.A.1,3.A.1,2.A.1,GT4,3.A.5,3.A.9,2.A.1,3.A.1,3.A.1,3.A.1,3.A.1
GH25,3.A.18,HTH_3,1.B.42
3.A.1,2.A.3,LacI|Peripla_BP_3,2.A.1,GH13_31,3.A.7,8.A.8,8.A.7
3.A.1,3.A.1,CE9,GntR,3.A.1,3.A.1,3.A.1,3.A.1,3.A.3,FUR,2.A.89,2.A.89
3.A.1,3.A.1,GT2,GT2,GT4,3.A.11,3.A.1,GntR|TrkA_C,3.A.1,3.A.1,8.A.5,3.A.1,HTH_3,8.A.58,3.A.7
2.A.36,3.A.5,Sigma70_r4,3.A.5,GH1,Mga|HTH_11,4.A.3,4.A.3
2.A.1,GH13_18,3.A.18,4.C.1,2.A.50
4.A.5,4.A.5,4.A.5,PfkB,4.A.2,HTH_3,GH70,GT2,9.B.18,GT4,3.A.1,3.A.1,GT2,GT2
9.B.18,GT111,GT2,GT2,2.A.40
1.A.14,MerR,2.A.115,LacI|Peripla_BP_1,4.A.1,GH32
3.A.1,3.A.11,4.A.6,HTH_3,GH70,Peripla_BP_3|LacI|Peripla_BP_1,2.A.2,GH13_31
2.A.77,LacI|Peripla_BP_3,2.A.1,GH32
