1.B.52,Fer4|cNMP_binding,8.A.28,HD,GH23,HisKA,3.A.11
3.A.12,GT51
3.A.23,3.A.3,4.C.1,AAA,GT2
CBM50,3.D.7,Fer4,3.D.1,3.D.1,HATPase_c|HisKA,Response_reg|Trans_reg_C,3.A.23,2.A.21,4.C.1
3.A.1,Response_reg,GT81,1.B.33
GT4,2.A.6,2.A.6,HisKA|HATPase_c|PAS,TetR_N,3.A.1,3.A.1,3.A.1,3.A.1,cNMP_binding,B12-binding_2|B12-binding,2.A.1,2.A.1,3.A.23,Glyoxalase,Response_reg,GGDEF|Response_reg,9.B.34,2.A.21,MerR,3.A.1,3.A.1,3.A.1,HTH_18,9.A.25
2.A.86,9.A.40,GT5,3.A.1,3.A.7,GT21,GH13_11
GH23,9.B.160
2.A.36,3.A.1,GT0
GT41,1.C.57,3.A.23,2.A.21,3.A.23
4.C.1,3.A.1,3.A.1,3.A.1,3.A.23,HisKA|HATPase_c|PAS,GT4,GH3,2.A.6,2.A.6,CE4,PL12_3,GT4,1.B.52,1.B.52,2.A.47
GT4,GT4,GT4,9.B.18
9.B.156,Fer4,GT2,B12-binding,GT2,8.A.28,TetR_N,8.A.1,2.A.6
3.A.3,2.A.109,9.B.149,GT2,Aminotran_1_2,3.A.1,3.D.2,3.A.1,1.B.22,2.A.6
GT30,2.A.87
GT35,GT19,TrmB,LytTR|Response_reg,9.B.33,2.A.114,2.A.1,GT9,3.A.1
GH13_26,GT4,GH23,Fer4,3.D.9,Glyoxalase,3.A.1,3.A.1,4.C.1,3.A.1,3.A.1
GT4,TPR_1,TrkA_C,2.A.38
GT4,3.D.7
9.B.149,GT2
GH77,1.A.33
3.A.23,HATPase_c|HisKA,GH15,3.D.4,3.D.4,HTH_8|PAS,4.C.1
GT89,HisKA|HATPase_c|PAS,1.E.43,2.A.6,2.A.6
8.A.28,GT83,PadR,2.A.4,2.A.107
1.A.23,GH13_10,GH57,5.A.3
9.B.34,9.B.14,HEM4,GT4,GT2,ACT,1.A.26,2.A.55,3.D.10,3.D.10,Citrate_synt,3.B.1,cNMP_binding,8.A.59
9.B.14,GH3
3.A.1,GT51,GT2
3.A.1,9.B.18,GT4,GT2,GT4,GT4,9.B.18
GT2,GT9,3.A.1,3.A.1,SBP_bac_3,Aminotran_1_2,1.A.1
2.A.21,PL12_3,2.A.21,GT4
4.F.1,GH23,2.A.21
GT9,3.A.1,1.B.33,3.A.1,3.A.1,3.A.11,3.A.15,3.A.15,Fer4,Pribosyltran,8.A.59
GT2,GT4,3.A.1,3.A.1,GT5,9.B.149,GT2,3.A.1,3.A.1,3.A.23
AA7,3.A.1,3.A.1,4.C.1,3.A.1,3.A.1
GT2,3.D.7,3.D.7
2.A.9,3.B.1,HTH_3,GH23
8.A.7,8.A.8,4.A.6,CE11,3.B.1
4.C.1,8.A.28,3.A.23,Response_reg,GT81,2.A.45
GT51,2.A.64,3.A.3,3.A.3
GT2,GT4,GT2,8.A.3,GT2
1.A.11,CBM48|GH13_9
3.A.15,9.B.149,3.A.1,9.B.27,9.B.18,CE4
9.B.146,2.A.103,GT28,9.B.143,3.A.4,2.A.59,2.A.114,GT4,B12-binding,2.A.7
3.A.11,3.A.15,3.A.1,3.A.1,3.A.1,HTH_7,1.A.4,Response_reg|HATPase_c|HisKA,GerE|PAS,Guanylate_cyc,Aminotran_1_2,GT2
8.A.28,3.A.3,2.A.56,2.A.56,GT51
2.A.7,2.A.1,RseA_N,Sigma70_r2|Sigma70_r4_2,GT51
GT35,2.A.37,2.A.109
3.A.23,B12-binding_2|B12-binding,3.A.23,3.A.1,3.A.1,3.A.1,AA4
3.A.1,3.A.1,3.A.1,3.A.1,GT4
