GT83,PALP,3.A.23
2.A.56,DctP,GT2,3.A.16,3.A.11,2.A.7,2.A.102,2.A.66,SBP_bac_3,Glucokinase,1.B.17,3.A.1,3.A.1,8.A.1,GT4,HTH_11|PAS,3.A.1,3.A.1,3.A.1,3.A.1,3.A.1,Pribosyltran,1.A.11
CE11,1.C.82,2.A.6,2.A.6
2.A.7,CheC,GH3,LysR_substrate,PAS|HisKA|dCache_1|Response_reg|HATPase_c,1.I.1
GH33,3.A.1,9.B.97
3.D.10,3.D.10,3.D.10,SBP_bac_3,2.A.7,AraC_binding|HTH_18,GT9
1.A.1,GT2
GT9,HD,AAA,2.A.21,GAF,1.A.33
3.A.15,3.A.15,4.F.1,GH23,3.A.1
GT4,GT4,GT2,9.B.34,2.A.88
GT5,NUDIX,3.A.23,Response_reg,2.A.47
2.A.63,3.D.1,2.A.63,cNMP_binding,3.A.1,1.B.52,GT35,HhH-GPD,Peptidase_M23,9.B.174,3.A.1,3.A.1,HD,3.A.1
GT4,NUDIX,SBP_bac_3,3.A.1
2.A.6,2.A.6,MarR,9.B.34,GT4,Rhodanese,Fer4,5.A.1,3.A.3,GH23
2.A.64,CBS,3.A.1,3.A.1,3.A.1,3.A.1,TPR_2,9.B.14,3.A.1,9.B.14,9.A.40,GT9,GT9
GT4,GT2,Response_reg,9.B.149,FecR,3.A.11,GT19,2.A.21
3.D.9,1.C.75,1.B.20,GT19,2.A.1
GT28,2.A.103,9.B.146
GT9,1.A.30,1.A.30
GH57,3.A.1,2.A.35,1.A.35,1.A.23
9.B.34,2.A.58,2.A.21,Response_reg,2.A.21,3.A.23,Response_reg,2.A.21,Response_reg,2.A.102,Nitro_FeMo-Co,GT2
5.A.3,3.A.1,3.A.1,3.A.1,3.A.1,GT2,GT4,GT2,GT2,9.B.18,9.B.18,GT4,GT4,GT4,GH55,9.B.42,8.A.3,1.B.18
GH23,9.B.31
GH23,SfsA,Aminotran_1_2,2.A.21,3.A.23
1.A.1,dCache_1,GT4,GGDEF,9.B.34
2.A.6,2.A.6,2.A.21,SBP_bac_3,GH77,GH13_16
2.A.49,Crp|cNMP_binding,9.B.120,Trans_reg_C|Response_reg,HisKA|HATPase_c,3.A.23,3.A.1,3.A.1,3.A.1,GerE|Response_reg,2.A.50,Hemerythrin,3.D.1,3.D.1,3.D.1,3.D.1,3.D.1,1.B.52,3.A.3,9.B.146,9.B.18,9.B.18,GT4,2.A.50,GT4,GT2
3.A.1,SBP_bac_3,CBS|cNMP_binding,2.A.21,GT2
2.A.113,Response_reg,Aminotran_1_2,3.A.1,3.A.1,3.A.1,SBP_bac_1,3.A.1,3.A.1,2.A.20,TetR_N,3.A.1,HisKA|PAS|HATPase_c,Trans_reg_C|Response_reg,2.A.76,TPR_2|TPR_1|Response_reg,CBM48|GH13_9,GH77,3.A.1,2.A.6,2.A.6,2.A.6
3.A.23,3.A.1,3.A.1,3.A.1,3.A.1,3.A.1,3.A.1,3.A.1,AA3_2,GntR,TOBE,2.A.56
