GT84|GH94,2.A.36,HTH_1|LysR_substrate,3.A.1,Rhodanese,2.A.3,3.D.10
1.B.14,NUDIX,GT0,9.B.143
CE9,AAA,Crp|cNMP_binding,9.B.34
GT4,3.A.18,Aminotran_1_2,2.A.3
2.A.89,2.A.8,GT9,GT19,3.A.1
GH103,1.A.23,Rhodanese,1.C.113,2.A.1
2.A.109,GH23
GT83,AsnC_trans_reg,Pyr_redox_2,HTH_1|LysR_substrate,8.A.21,ROS_MUCR,HTH_5,2.A.102,2.A.85
9.B.146,2.A.103,GT28
CE11,1.B.33,3.A.1,3.A.1,3.A.1,1.B.14
GT4,2.A.66
2.A.108,2.A.108,3.A.1,3.A.3,9.B.62,1.B.76,1.B.55,GT2,TetR_N,TetR_N,2.A.2,TetR_N,2.A.1
GH23,9.A.40,GT21
GT107,GT4,GT4,9.A.41,3.A.1,1.B.18
3.A.25,1.A.8,2.A.6,3.E.2,2.A.1,3.A.1,3.A.1,GT83,GT2,3.A.2,4.A.2,PTS-HPr,4.A.6
2.A.1,GT2
8.A.5,GT51,1.A.30
3.A.1,3.A.1,GT2,GT4,3.A.1
3.A.1,9.B.160,HTH_1,GT2,2.A.1
GH23,2.A.72,GT4
GT4,9.B.10,GT4,2.A.49,2.A.4,2.A.4,3.A.11
GH8,GT2,1.B.55,GH3
CE4,9.B.35
1.A.22,2.A.6,2.A.6,3.A.1,GT20,Response_reg,Sigma70_r2|Sigma70_r4_2,Sigma70_r2|Sigma70_r4_2,HATPase_c,3.A.1,3.A.1,2.A.16
2.A.1,Pyr_redox_2,GH5_5,9.B.30,GT70,GT2,GT4,GT2,9.B.18,GT26,8.A.3,GT4,2.A.66,1.B.18
2.A.49,2.A.1,GntR|Aminotran_1_2,GH20,3.A.1,3.A.1
