3.A.1,3.A.1,3.A.1,SBP_bac_3,2.A.38,CBM50,3.A.11
GT4,Pyr_redox,GH1,3.A.1,1.B.14,2.A.21
GT2,Response_reg,PAS|CHASE3|HisKA|HATPase_c|Response_reg,9.B.34
2.A.58,dCache_2,3.A.7,GGDEF,3.A.1,3.A.1,3.A.1,LysR_substrate|HTH_1,2.A.7,2.A.40,2.A.115,GT35
GT51,3.A.11,1.B.22,SKI,9.B.42
2.A.3,3.A.16,Fer4,CBM50
GT20,2.A.53
1.B.10,2.A.37,3.A.3,9.B.43,CE4,9.B.35,2.A.40
3.A.23,Peripla_BP_2,3.A.1,3.A.1,3.A.1,1.B.14,2.A.1,TetR_N,1.B.10,1.B.48,GerE,2.A.76,8.A.5,LysR_substrate|HTH_1,GH23,2.A.1,2.A.1,2.A.47,2.A.62,1.B.42,1.B.42,CSD,3.A.5,2.A.6,2.A.6
3.A.1,3.A.1,3.A.1,CSD,GT2,1.B.5,5.B.5,2.A.1,9.B.29
GH73,3.A.11,HTH_3,EAL|GGDEF|CBS,9.B.174
GH17,9.B.136,2.A.21,2.A.1
5.B.1,2.A.1,2.A.46,1.B.25,1.B.18,GT26,GT2,GH5_5,8.A.3,9.B.18,CheW|Response_reg,GH23,3.A.1
GH23,3.A.1,3.A.1
3.D.4,3.D.4,MCPsignal|dCache_1,9.B.34,2.A.3,HTH_18,3.A.1,3.A.1,3.A.1,3.A.1,3.A.1,GH23
1.B.52,Glyoxalase,Pyr_redox_2,GH13_3,GH13_16,CBM48|GH13_9,9.B.43
1.A.34,CBM48|GH13_11,GH13_26,GH77,GH13_10,GT5,1.A.23
3.A.1,3.A.1,9.B.18,9.B.18,GT4,GT4,GT4|GT4,3.A.1,3.A.1,2.A.56
3.A.1,ANTAR|Response_reg,2.A.1,9.B.106,Pyr_redox_2,3.D.1,PfkB,3.D.1,3.D.1,3.D.1,3.D.1,3.D.1,3.D.1,3.D.1,3.D.1,3.D.1,3.D.1,3.D.1,3.D.1,3.D.1,GH0,9.B.104
GT2,8.A.3,GT4,GH39,GT4,GT4
3.A.7,3.A.7,3.A.7,3.A.7,Response_reg|HTH_18,9.B.34,3.A.4,AA3_2,2.A.15
2.A.122,Rhodanese,1.A.23,4.C.1,1.I.1,1.B.52,2.A.47,GT104,1.A.30,1.A.30,2.A.5,3.A.1,3.A.1,2.A.53,Rhodanese,9.B.102,9.B.102,HTH_5,1.A.12,Aminotran_1_2,9.B.1,3.A.23,2.A.21,3.A.23,TPR_2,9.B.14,9.B.14,3.A.1,3.A.1
2.A.21,NUDIX,Sigma70_r3|Sigma70_r4|Sigma70_r2,CBM50
2.A.25,GT19,1.B.33
1.B.25,GH23,9.B.126,2.A.86
3.A.7,GH23
2.A.53,9.B.20,CE11,GT28,2.A.103,9.B.146
3.A.1,GH13_23,GerE,3.A.1,3.A.1,3.A.1,GH13_19,MCPsignal,GH13_6|CBM20,1.B.3,3.A.1,8.A.5
1.C.82,3.A.5,HTH_11,CBM50,3.A.16
GH103,GH0,GH103,2.A.103
2.A.6,GT30,2.A.7
3.A.1,GT2,GT4,GT9,GT9,9.B.34
9.B.12,GH37,2.A.7,ACT,cNMP_binding|CBS,2.A.21,1.I.1,2.A.85,Pyr_redox_2,9.B.34
GT51,9.B.34,CHASE|HisKA|Response_reg|HATPase_c,Sigma70_r4|Sigma70_r2,3.A.1,3.A.1,3.A.5
GT2,4.D.3,1.B.55,2.A.20,CYTH,3.A.15,PAS|GAF|HisKA|HATPase_c|Response_reg,2.A.56,2.A.56,2.A.56
2.A.8,GT35
