8.A.46,1.B.14,GH36,GH165,8.A.5,2.A.1,CE7,GH33,GH33,GH33,GH36,CE2,1.B.14,8.A.46,8.A.5
8.A.7,2.A.21,1.B.14,GH95,GH28,CE8,GH2,1.B.14,8.A.46,2.A.1,GH32,2.A.1,9.A.25,LacI|Peripla_BP_1,GH109,GH2,1.B.14,8.A.46,9.B.158,GH92,GH29,GH29,GH27,GH95,GH20,GH2,1.B.14,1.B.14,GH145,GH2,GH16_3,GH43_19|GH43_34,GH30_4,GH15,3.D.4,3.D.4,3.D.3,3.D.3,2.A.5,GT4,GH78
1.B.14,8.A.46,2.A.1,GH33,GH20
1.A.8,GT2
GH31,2.A.1,1.B.14,8.A.59
3.A.1,Response_reg,CE14,ACT,2.A.3
GH13_31,1.B.14,8.A.46,3.A.5,Sigma70_r4|Sigma70_r3|Sigma70_r2,1.B.42,2.A.4
GT11,GT2,3.A.1,1.B.14
PL10_1,5.A.1,3.D.4,3.A.3
GT4,GT2,1.B.18,8.A.3,GT4,GT14,GT2,GT2,GT2,3.A.1,3.A.1,3.A.1,GT2,GT2,GT2,GT2,GT4,GT2,GT4,9.B.97,GT8,GT2
GT4,GT4,GT2,3.A.23
1.A.33,GH77,SKI,3.A.12
CBM48|GH13_9,1.C.105,GH13,2.A.2,GT5,2.A.1
2.A.88,9.B.144,GT2,GT4,GT20
1.E.43,GT4,GH1,3.A.5
GH105,GntR,GH43_5,CE12,CE12,PL11_1,GH2,GH28,GH43_18,GH2,GH127,GH51,GH106,PL22|PL22_2,1.I.1
3.A.1,GT2,2.A.33
1.B.14,GH2,1.B.14,1.B.14
2.A.1,1.B.33,GH130,2.A.8,PfkB,GH37,2.A.4,GH65,LytTR|Response_reg,9.B.33,9.B.116
GT9,GH2,8.A.46,1.B.14,Reg_prop|HATPase_c|HisKA|HTH_18|Response_reg|Y_Y_Y,GH128,GH43_24,GH29
5.A.3,5.A.3,GH27|CBM51,LacI|Peripla_BP_3,1.B.14,2.A.21,GH28,GH92
9.B.18,3.A.1,GH89
GH139,GH127,GH106,2.A.1
1.B.14,GH2,2.A.28,GH78,2.A.21,GH141,CE0,GH33,CBM67|GH78,GH2,GH143,GH43_18,GH140,PL1_2,PL1_2,1.B.14,GH2,GH137,CBM67|GH78,GH2|CBM57,GH95,GH28,GH142,GH138
1.B.14,2.A.1,3.A.1,8.A.46,1.B.14,GntR,PL6|PL6_1,PL38,1.A.23,AAA,2.A.1,PL31,AraC_binding,PL17_2|PL17,LacI|Peripla_BP_3,PL4|PL4,AAA,3.A.1,1.B.33
1.B.14,GH5_13
GT2,3.A.1,Pyr_redox_2,GH9,CE9,2.A.9,9.B.33,9.B.33
2.A.103,SpoIIE,CBM48|GH13_11,GH13_10,GH13_26|GH77
9.B.99,GT2,Hemerythrin,1.B.6
GT28,2.A.103,9.B.146
GH43_26,GH43_26,1.B.14
2.A.1,HTH_18|AraC_binding,GH28,PL29,GH105,GH27,GH29,PL6_2,GH29|GH88,PL38,GH2,GH3
2.A.21,3.A.1,3.A.1,3.A.1,HTH_DeoR|DeoRC,GH2,GH154,GH88,GH35,8.A.46,1.B.14
GT9,9.B.27,2.A.23,2.A.3
GH115,GH43_24,1.B.14,GH43_12,GH43_10,GH92,GH89,GH89,PL8,GH88,TPR_2|TPR_1,2.A.1,GH36,GH31,8.A.46,1.B.14,HTH_18|AraC_binding,CE7,GH97
GH20,GH10,8.A.46,1.B.14,GH28,GH163|CBM9,GH163,8.A.46,1.B.14
8.A.5,GH3,2.A.21,1.B.14,LacI|Peripla_BP_3,GH67,GH115
2.A.89,GH13,GH28,2.A.55,Fe_dep_repress|Fe_dep_repr_C|FeoA,GT35,HisKA|HATPase_c,3.A.2,3.A.2
GH18|CE4|GT2,AAA,3.A.1
3.A.1,HisKA|HATPase_c|PAS,GH43_37|CBM61
8.A.3,GH19
1.A.13,Pribosyltran,GH73,2.A.21
3.A.1,GT4,GT2,GT4
2.A.49,GH28,CE15,3.A.1,GH16_3
9.A.25,FHA,GH23
GH63,2.A.53,2.A.53,4.C.1
GT4,9.B.168,9.B.160,GT83,2.A.64,9.A.40
2.A.6,2.A.6,TetR_N,8.A.1,2.A.1,3.A.1,CE11
PL1_2,2.A.59,8.A.46
GH13,Aminotran_1_2,3.A.11,2.A.1,1.A.35
1.C.39,FeoA,3.A.1,GH78
GT2,1.A.1,GT2,GT51,GT83,Peptidase_M23,2.A.86
GT1,1.B.73,9.B.18,GT2,GT4,GT17,GT10,GT2,GT2,GT2,8.A.5
3.D.1,ATPase_2,AraC_binding,GH3,9.B.157
GT2,3.A.1
4.C.1,GH2|GH53,GH53,1.B.14,NUDIX,GH13_10
GH2|GT2,3.A.1
1.A.2,1.I.1,3.A.18,GH2,1.B.14
GT1,GH1,1.B.14,Glyoxalase,HisKA|HATPase_c,Trans_reg_C|Response_reg,3.A.1,3.A.2,3.A.2,GT2
1.B.14,HisKA|HATPase_c|PAS,3.A.1,3.A.1,3.A.23,HATPase_c,TPR_2,3.A.1,GH106
1.B.14,PL35,PL8_3,GH2,8.A.28
9.B.35,9.B.35,9.B.43,2.A.3,LacI|Peripla_BP_1,1.B.14,8.A.46,PL1_2,CE12,CE12,CE8,CE8,GH43_10,2.A.49,GH28,GH105,CE8
3.A.1,Rrf2,3.A.1,3.A.1,GT51
GT2,GT4,3.A.1,1.B.14,Response_reg,2.A.109
3.D.1,2.A.16,GH3,GH43_28|CBM32,GH144,GH144,GH30_1,GH30_3
3.A.2,3.A.5,1.B.14,8.A.46,GH105,GH51,CE12,PL0,GH43_5,GH43_29
2.A.3,PfkB,GT51
