2.A.1,2.A.81,GntR,4.A.1,GH4,9.B.51,PALP,2.A.8,2.A.1,2.A.7
GH4,4.A.1,2.A.40,2.A.27,1.A.8,3.A.1,2.A.2
GT2,GT30,GT2,GT4,GT4,GT9,GT9,GT73,GT9,GT9,Aminotran_1_2,GT2,1.A.34
2.A.14,4.A.2,9.B.32,8.A.1,3.D.1,Aminotran_1_2,GH13_19,GH73,Peripla_BP_3|HTH_18,3.A.1,3.A.1,3.A.1,9.B.97,3.A.1,CSD,HTH_3,2.A.1,2.A.1,PfkB,LacI|Peripla_BP_1,9.B.186,5.A.3,2.A.1,3.A.1,3.A.1,3.A.1,3.A.1,3.A.1,CbiA,GT2,4.D.3,1.B.55,GH8,GT2,4.D.3,GH8,1.B.55,EAL|GGDEF,2.A.23,PfkB,9.B.121,2.A.1,9.B.126,LysR_substrate|HTH_1,GH37
2.A.17,9.B.4,2.A.20,Pyr_redox_2,1.A.26,3.A.1,3.A.1,3.A.1,3.A.1,3.A.1,LysR_substrate|HTH_1,Aminotran_1_2,GT2,GT83,2.A.7,2.A.7
2.A.6,GT2
2.A.8,CBM48|GH13_9,CBM48|GH13_11,GT5,GT35,Rhodanese,9.B.104,DeoRC|HTH_DeoR,GerE,GT35,GH77,2.A.8,9.A.8,9.A.8,9.A.8,Trans_reg_C|Response_reg,2.A.21
GT51,1.B.22
GT51,8.A.8,4.A.2,1.B.42,1.B.42,1.B.42,CBS|SIS,2.A.19,3.A.1,3.A.1,3.A.1,3.A.1,3.A.1
GH36,SIS,CE9,4.A.6,4.A.6,4.A.6,4.A.6,DeoRC|HTH_DeoR,2.A.1,1.A.23,LysR_substrate|HTH_1,9.B.124,1.E.34,9.B.27,GntR,2.A.1,2.A.23,2.A.109
9.B.120,2.A.1,GH23,HhH-GPD,3.A.1,3.A.1,Peripla_BP_3,9.A.4,3.A.15
5.A.1,GH1,HTH_6|SIS,1.C.113
2.A.42,2.A.117,LysR_substrate|HTH_1,PL0,PL22|PL22,2.A.1,LacI|Peripla_BP_1,2.A.1,GH32,1.B.15,3.A.1,3.A.1,3.A.1,3.A.1,AraC_binding,LysR_substrate|HTH_1,Peripla_BP_3|LacI,4.A.3,GH1,GntR,Peripla_BP_3|LacI,4.C.1,2.A.1,8.A.5,2.A.109,NUDIX,4.A.2
3.A.7,Aminotran_1_2,9.B.125,CbiA,GH102
CBM50,Sigma70_r2|Sigma70_r3|Sigma70_r4,2.A.1
2.A.1,3.A.1,3.A.1,3.A.1,1.B.14,3.A.1,3.A.1,3.A.1,3.A.1,Peripla_BP_3|LacI,Glucokinase,4.A.3,4.A.3,4.A.3,4.A.3,1.B.3,GH5_41|CBM35,GH1,3.A.23
3.D.1,3.D.1,3.D.1,3.D.1,3.D.1,3.D.1,GH1,4.A.1,Peripla_BP_3|LacI,5.A.3,2.A.52
GH23,HisKA|HATPase_c,3.A.23
GH1,Pribosyltran,2.A.40,2.A.86,ACT,1.B.33
2.A.2,GH43_11
4.A.1,GH1,1.B.17,9.B.27,9.B.29,GH3,3.A.1,3.A.1,3.A.1,3.A.1,MerR,9.B.33,LytTR|Response_reg,3.A.1,2.A.113,LysR_substrate|HTH_1,2.A.40
9.B.22,2.A.109,1.B.73,1.B.18,8.A.3,GT0,GT26,9.B.18
3.A.1,3.A.1,GT111|GT8,GT2,GT4,GT2
3.A.7,3.A.7,3.A.7,3.A.7,GH23
1.B.1,HD,2.A.7,9.B.34,GerE,GH13_5,3.A.1,PALP,3.A.1,3.A.1,GerE|Autoind_bind,GerE|Response_reg,4.F.1,9.B.124,2.A.42,2.A.1,2.A.2,3.A.1,3.A.1,3.A.1,GT20,2.A.2,GH105,9.B.158
3.A.1,3.A.1,3.A.1,CBM50,Response_reg,2.A.69,2.A.24
5.A.2,2.A.34,GntR,Pyr_redox,2.A.36,GH23,1.B.14,GH37
GH24,1.M.1
GT84|GH94,Glyoxalase,1.B.14,2.C.1
2.A.17,HhH-GPD,3.D.6,3.D.6,3.D.6,3.D.6,3.D.6,3.D.6,HHA,GH1
9.B.50,2.A.1,GH2
3.A.1,3.A.1,3.A.1,3.A.1,3.A.1,4.A.3,GH1,4.A.3,4.A.3,Peripla_BP_3|LacI,CBM4|GH9,GH3
2.A.1,LysR_substrate|HTH_1,3.A.1,3.A.1,3.A.1,GH78,2.A.2,1.B.3,Peripla_BP_3|LacI,2.A.1,SBP_bac_3,3.A.1,3.A.1,3.A.1
GH13_31,4.A.1,1.B.3,Fer4,1.B.1,1.B.12,3.A.18,1.A.35,3.A.1,3.A.1,3.A.1,3.A.1
2.A.23,CE0,GH4,HTH_18|AraC_binding,4.A.3,4.A.3,4.A.3
GH18,2.A.47,8.A.5,9.B.99
2.A.1,Aminotran_1_2,2.A.42,GH13_31,GH4,4.A.1
5.A.3,5.A.3,GT9,HTH_18|AraC_binding,2.A.1,HTH_3,2.A.42,9.B.34
GH104,1.E.56,1.E.43
4.A.2,4.A.2,Mga|HTH_Mga,3.A.1,3.A.1,3.A.1,3.A.1,Glucokinase,3.A.1,3.A.1,3.A.1,TetR_N,1.B.14,Pyr_redox_2,GH3,1.B.14,4.A.1
2.A.1,GT2
2.A.40,2.A.7,AA6
4.A.2,4.A.2,4.A.2,4.A.2,HTH_18,3.A.1,3.A.1,3.A.1,SBP_bac_3,HTH_6|SIS,3.A.9,CE4,GntR,2.A.39,9.B.35
2.A.1,GH31,3.A.1,GntR,GH1,8.A.5,2.A.45,Fe_dep_repress|Fe_dep_repr_C,1.B.6,2.A.7,3.A.1,3.A.1,3.A.1,1.A.23,1.B.14,Glycos_trans_3N,1.I.1,TetR_N,3.A.1,3.A.1,3.A.1,3.A.1,9.B.15,4.D.2,1.A.14
2.A.3,GntR,CE8,TPR_2,Sigma70_r2|Sigma70_r4_2,3.A.1,3.A.1,3.A.1,2.A.6,TOBE|HTH_1,3.A.1
2.A.1,1.B.25,4.A.1,CE9
3.A.1,2.A.114,3.A.1,2.A.1,3.A.1,3.A.1,3.A.1,4.C.1,1.B.14,MarR,3.A.1,3.A.1,3.A.1,SBP_bac_5,3.A.1,3.A.1,3.A.1,3.A.1,3.A.1,3.A.1,3.A.1,SBP_bac_3,GntR|Aminotran_1_2,3.A.1,3.A.1,3.A.1,3.A.1,3.A.1,2.A.6,8.A.1,3.A.3,1.B.14,HTH_18,TetR_N,Nitroreductase,9.B.8,HTH_3,2.A.1,1.A.23,Peripla_BP_3|LacI,2.A.1,2.A.3,1.B.14,Pyr_redox_2,8.A.5,3.A.1,Peripla_BP_2,3.A.1,3.A.1,8.A.1,9.B.32,Rrf2,PfkB,1.B.3,4.A.1,GH32,Peripla_BP_3|LacI|Peripla_BP_1,GH1,4.A.1,LysR_substrate|HTH_1,3.A.1,3.A.1,3.A.1,3.A.1,3.A.1,9.B.34,3.A.1,3.A.1,3.A.1
1.B.3,4.A.1,GH42,GH53,3.A.1,3.A.1,3.A.1,3.A.1,3.A.5,2.A.115
CBM34|GH13_21,2.A.3,2.A.26
2.A.1,9.A.18,Rrf2,1.B.12,3.A.1,3.A.1,3.A.1,2.A.3,GH28,2.A.3,3.A.1,3.A.1,3.A.1,3.A.1,3.A.1,3.A.1,3.A.1,3.A.1,3.A.1,3.A.1,LysR_substrate|HTH_1,1.B.1
2.A.6,2.A.6,TetR_N,2.A.6,2.A.2,GH91
GH23,2.A.1,LysR_substrate|HTH_1,3.A.1,3.A.1,3.A.1
GT19,1.B.33
3.A.1,1.A.62,2.A.49,Aminotran_1_2,3.A.1,3.A.1,3.A.1,1.B.14,GT51,8.A.2,CBM41|GH13_13,3.A.15,1.B.22,3.A.15,3.A.15,3.A.15,3.A.15,3.A.15,3.A.15,3.A.15,3.A.15,3.A.15,3.A.15,3.A.15
2.A.3,2.A.2,GH43_26,9.B.125,3.A.15,3.A.15,NUDIX,3.A.5,CE11,GT28,2.A.103,9.B.146
GH23,3.A.1,4.B.1
3.A.1,3.A.1,3.A.1,SBP_bac_1,HTH_IclR|IclR,GH43_11,2.A.2,2.A.1
GH20,3.A.3,Peripla_BP_3|LacI,4.A.1,GH13_29,4.A.3,GH4,4.A.3
CBM50,3.A.1,1.A.23,3.D.10,3.D.10,2.A.7,9.B.13
2.A.3,2.A.13,5.A.1,TetR_N,2.A.109,GH4,HTH_18,2.A.1
GH23,1.B.15,2.A.2,GH5_13
GT26,9.B.128,GT56,2.A.66,Aminotran_1_2,GT0,9.B.146,3.A.6,1.I.1
2.A.4,Trans_reg_C|Response_reg,HisKA|HATPase_c,2.A.7,HTH_18|AraC_binding,HTH_18|AraC_binding,3.A.1,3.A.1,3.A.1,3.A.1,1.B.15,2.A.1,GH36,LacI|Peripla_BP_1,HTH_3,2.A.78,2.A.78,4.A.7,4.A.7,5.A.3,5.A.3,5.A.3,9.B.126,HisKA|PAS|HATPase_c,3.A.23
1.A.77,3.A.2,3.A.2,3.A.2,3.A.2,3.A.2,3.A.2,3.A.2,3.A.2,PL9_1,SIS,HTH_18|GyrI-like,3.A.1,3.A.1,3.A.1,3.A.1,2.A.40,LysR_substrate|HTH_1,2.A.1,2.A.9
