2.A.49,GT9,2.A.1
GH103,3.A.1,3.A.1,3.A.1
GH3,HTH_8|AAA|Response_reg,GT104,4.F.1
GT20,3.A.1,GT4,GntR,3.A.1,CBM32,GT21,B12-binding,3.A.1,3.A.1,3.A.1
2.A.1,2.A.7,GH23,2.A.1,2.A.76,9.A.55,3.A.16,3.A.1,3.A.1,3.A.1,3.A.1
2.A.66,4.C.1,CBM50
9.B.52,GT2,GT0
1.B.14,3.A.1,Peripla_BP_2,3.A.1,HATPase_c|HisKA,Trans_reg_C|Response_reg,GH23,1.B.1,Sigma70_r4_2|Sigma70_r2,FecR,1.B.14,HTH_1|LysR_substrate,Glyoxalase,HTH_1|LysR_substrate,2.A.11
1.C.75,1.B.20,4.F.1,GGDEF|GAF,4.D.3,GH8,1.B.55,CbiA,GT2,2.A.36
2.A.11,HTH_IclR|IclR,GH18|CBM2|CBM5
GT1,3.A.1,9.B.121,3.A.1,3.A.1
1.A.14,Sigma70_r3|Sigma70_r2|Sigma70_r4,CBM50
GT83,2.A.7,GT2
GT4,1.A.23,8.A.28
1.B.1,GH0|GH19
GT51,1.A.22,HTH_1|LysR_substrate,9.B.35,9.B.43,CE4,2.A.39,GntR,2.A.1,GntR,Fer4,SBP_bac_3,3.A.1,3.A.1
2.A.7,8.A.21,8.A.7,GT19,1.B.33
2.A.1,3.A.1,GT2,GT2,GT9,GT9,Rhodanese,1.I.1,3.A.12,GH15,TetR_N,3.D.6,HhH-GPD,2.A.7,AAA,2.A.46,Glyoxalase,2.A.21
2.A.1,GT20,3.A.1,3.A.1,HATPase_c|HisKA,Trans_reg_C|Response_reg,3.A.1,3.A.1,3.A.1,3.A.1,HTH_1|LysR_substrate,1.B.1,GH3,HTH_18,2.A.1
GT9,3.A.23,2.A.109
3.D.4,3.D.4,GH20,4.A.1,4.A.1,SIS,CE9
3.A.1,3.A.1,3.A.1,3.A.1,1.B.66,1.B.48,Pyr_redox_2,1.B.1,9.B.143,HTH_1|LysR_substrate,2.A.40,GH73
3.D.1,GH23
3.A.6,3.A.6,AA3_2,8.A.5
3.A.1,3.A.1,3.A.1,3.A.1,3.A.1,GntR,CBM32,HTH_1|LysR_substrate,2.A.14
3.A.15,3.A.15,3.A.15,3.A.15,GH23,9.B.10
AA3_2,3.A.1,3.A.1,3.A.1,3.A.1,3.A.1,3.A.1,3.A.1,3.A.1,3.A.1,CbiA,2.A.45,3.A.2,3.A.2,3.A.2,3.A.2,3.A.2,3.A.2,3.A.2,4.C.1,3.A.1,3.A.11,3.A.1,4.C.1,TetR_N,Aminotran_1_2,3.A.1,PadR,MerR,3.A.3,HTH_18|GyrI-like,2.A.3,HTH_1|LysR_substrate,2.A.1
1.A.8,GT4,FlhD,FlhC,1.A.30,1.A.30
2.A.3,1.A.23,2.A.1,1.B.1,HTH_1|LysR_substrate,2.A.40,GT51,Aminotran_1_2|GntR,FMN_bind_2,5.A.1,Trans_reg_C|Response_reg,HATPase_c|HisKA,2.A.76,1.B.1,1.B.14,3.A.9,MarR,TetR_N,3.B.1,3.B.1,CBM32
3.A.1,3.A.1,3.A.1,3.A.1,NUDIX,3.A.1,GT51,MCPsignal,4.C.1
AA3_2,TetR_N,GT1,2.A.1,GT2,1.B.17,8.A.1,Aminotran_1_2|GntR,CBM32
9.B.157,1.B.12,GH0
3.A.2,2.A.1,TetR_N,GH37,1.B.19,2.A.55,GerE|Autoind_bind,GerE|Autoind_bind,3.A.6,1.B.22,3.A.6,3.A.6,3.A.6,GH23,3.A.6
3.A.1,3.A.1,GH0|GH19,3.A.23,HTH_6|SIS,2.A.23
1.B.1,HTH_1|LysR_substrate,8.A.5,HTH_1|LysR_substrate,CBM50,HTH_1|LysR_substrate,3.A.1,3.A.1,3.A.1,3.A.1,3.A.1,HTH_6,HTH_3,AraC_binding,2.A.55,3.A.1,2.A.1,HTH_1|LysR_substrate,1.A.46,3.D.1,Aminotran_1_2|GntR,1.A.23,2.A.53,HTH_1|LysR_substrate,2.A.1
3.A.3,3.A.1,2.A.1,GT51,1.B.1,2.A.1,HTH_1|LysR_substrate,2.A.49,MarR,CBS,HTH_1|LysR_substrate,2.A.1,HTH_1|LysR_substrate,2.A.56,2.A.56,LacI|Peripla_BP_3,2.A.19,8.A.5
3.A.16,GT20
GH68,GH32,HTH_1|LysR_substrate,Aminotran_1_2|GntR,1.B.1
GH2,3.A.23,GH99,GT4,GT4,8.A.3,1.B.18,GH3
3.A.1,3.A.1,3.A.1,3.A.1,HTH_6|SIS,2.A.1,GH31,1.B.1,2.A.15,2.A.1
1.B.55,CE4|GH153,GT2
2.A.1,2.A.39,HTH_1|LysR_substrate,3.A.1,GT2,SBP_bac_3,3.A.1,3.A.1,3.A.1,3.A.1,3.A.1,HTH_1|LysR_substrate,2.A.3,2.A.1
GT4|GT4,9.B.97,Aminotran_1_2,Pribosyltran,9.B.160
2.A.1,3.A.1,3.A.1,3.A.1,3.A.1,Aminotran_1_2|GntR,1.B.14,CBM50
3.A.1,3.A.1,HTH_1|TOBE,HTH_1|LysR_substrate,2.A.7,HisKA,9.A.40,GH13_10
3.A.1,3.A.23,HTH_18,2.A.1,HxlR,2.A.1,GT4,GT4,GT2,8.A.3,1.B.18,9.B.18
3.A.1,HTH_1|LysR_substrate,3.A.1,3.A.1,3.A.1,1.B.1,GntR,GT1,TetR_N,HTH_1|LysR_substrate,2.A.3,9.B.34,2.A.85,2.A.1,HTH_1|LysR_substrate,HTH_1|LysR_substrate,AraC_binding|HTH_18,2.A.76
GT26,GT0,8.A.3,1.B.18,9.B.18,1.B.20,1.B.11
2.A.23,TetR_N,GT4,CE4
2.A.75,3.A.23,8.A.5,HTH_18,2.A.1,1.B.1,HTH_18,AA3_2,9.B.106
2.A.6,TetR_N,GerE|Response_reg,HATPase_c|dCache_2,9.B.34,1.I.1,HTH_1|LysR_substrate,3.A.1,3.A.1,SBP_bac_1,GH42,3.A.1,LacI|Peripla_BP_3,TetR_N,GH5_27,GH1,9.A.25,1.B.1
3.A.1,3.A.1,3.A.1,MarR,2.A.1,1.B.1,AsnC_trans_reg|MarR,PALP,GH28
GT2,2.A.7,2.A.17,AraC_binding|HTH_3,3.A.1,3.A.1,3.A.1,3.A.1,3.A.1,1.B.25,Rhodanese,CBM32,2.A.8,3.A.23
GT51,1.A.62,Glyoxalase,3.A.1,3.A.1,3.A.1,1.B.14,1.B.1,3.A.1,3.A.1,HTH_1|LysR_substrate,HTH_18,2.A.40,TetR_N,8.A.5,2.A.1
5.A.1,9.B.14,2.A.1,9.B.21,GT51,1.B.22,SKI,HD,3.A.1,3.A.1,3.A.1,3.A.1,GATase_2,Pyr_redox_2,2.A.25,Pyr_redox,2.A.1,3.A.1,3.A.1,3.A.1,3.A.1,STAS,3.A.1,3.A.1
9.B.146,2.A.103,GT28
CE11,3.A.5
2.A.1,TetR_C|TetR_N,HATPase_c,9.B.27,GT107,GT4,1.B.18,8.A.4,3.A.1,3.A.1,GT2,GT2,9.A.41,CE11
3.A.1,GT2|GT2,GT4|GT4,4.D.1,GT4,9.B.18,9.B.146,GT4,GT9,GT30
1.A.43,9.A.4,GH23
GH33,HTH_DeoR|DeoRC,2.A.3,2.A.1,HTH_3,3.A.1,3.A.1,3.A.1
1.B.1,3.A.1,GH3,GH3,2.A.1,AA3_2,HTH_18,2.A.76
3.A.1,GT9,GT2,GT9,3.A.23,3.A.23,GT2,PIG-L,PAS|HATPase_c|Response_reg|HisKA,GT4
GH13_26,GH77,GH13_10,CBM48|GH13_11,CBM48|GH13_9,GH13_16,GH13_3|GH13_3,9.B.20,3.D.10
GT2,3.A.1,2.A.1
