GT51,3.A.1,3.A.1,HTH_1|LysR_substrate,HTH_1|LysR_substrate,3.A.1,3.A.1,3.A.1
GT2,GntR,9.B.100,GH51
GH127,2.A.2,2.A.66,HTH_1|LysR_substrate,GH146,AraC_binding|HTH_18,Sigma70_r2|Sigma70_r4_2,GH2,3.A.1,3.A.1,3.A.1,9.B.33
2.A.3,9.A.11,GH65,LacI|Peripla_BP_3,4.A.1
2.A.23,1.B.52,3.A.1,3.A.1,3.A.1,3.A.1,AraC_binding|HTH_18,HxlR,2.A.1,LacI|Peripla_BP_3,GH32,4.A.1,AraC_binding|HTH_18,9.B.124,GH43_4
3.A.1,LacI|Peripla_BP_3,GH94,GH3,3.A.1,3.A.1,3.A.1,GH51
3.A.1,3.A.1,GH84
8.A.59,Response_reg|BTAD|Trans_reg_C,Nitroreductase,HxlR,GH18,GGDEF|HD,2.A.1,Sigma70_r2|Sigma70_r4,HMA,3.A.3,Nitroreductase,3.A.1,3.A.1,3.A.1,EAL,GH13_31,CE4,3.A.1,3.A.1,8.A.5,9.B.33,Response_reg|BTAD|Trans_reg_C,HTH_3,3.A.23,4.A.6,4.A.6,4.A.6,4.A.6,CBM34|GH13_20,Response_reg|Trans_reg_C,HisKA|HATPase_c,3.A.1
GH26,Nitroreductase,2.A.1,GyrI-like,2.A.1
GH36,8.A.59,Response_reg|HTH_18,3.A.1,3.A.1,3.A.1,CBM35|CBM35|GH26
1.A.22,Sigma70_r2|Sigma70_r4_2,GT28
2.A.28,AraC_binding|HTH_18,GH35,GH5_8,GH2,HTH_5|Rhodanese,2.A.1,MarR,Pyr_redox_2,AraC_binding|HTH_3,2.A.76,GH13_29,4.A.1,GntR,2.A.3,9.A.11,NIR_SIR_ferr|NIR_SIR|Pyr_redox_2,CBM32,9.A.11,2.A.3,PadR,HxlR,GH30_2,Response_reg|Trans_reg_C,HisKA|HATPase_c,2.A.86
GH42,8.A.59,Response_reg|HTH_18,SBP_bac_1,3.A.1,3.A.1
3.A.1,3.A.1,2.A.1,GH68,GH32,MarR,2.A.3,SIS,PfkB,GntR,2.A.118,2.A.21
2.A.3,AraC_binding|HTH_18,GH36,4.A.1
8.A.59,Response_reg|HTH_18,SBP_bac_1,3.A.1,3.A.1,CE12,GH105,3.A.1,2.A.3,9.A.11
3.A.1,3.A.1,3.A.1,PALP,GH43_5,3.A.1,3.A.1
GH105,GH112,HTH_11,Glyoxalase,2.A.3
2.A.1,HTH_1|LysR_substrate,2.A.1,SKI,PL3_1,2.A.1,PALP,8.A.5
3.A.1,3.A.1,3.A.1,3.A.1,GH3,GH30_3
PL11,PTS-HPr,1.A.16,4.C.1,2.A.1,3.A.1
GH4,Sigma70_r2|Sigma70_r4_2,PL11,LacI|Peripla_BP_3,3.A.1,3.A.1,3.A.1,GH32,CBM66|CBM66|GH32|CBM66
3.A.1,3.A.1,2.A.1,TetR_N,AraC_binding|HTH_18,2.A.1,Response_reg|HTH_18,8.A.59,Peripla_BP_1,GH4,GH6|CBM3,2.A.21,GntR,3.A.1,8.A.5,3.D.2,9.A.40,1.B.52,9.B.20,1.I.1,2.A.1,2.A.7
4.A.1,GH3,GH32
1.E.19,GH25,3.A.1,3.A.1,3.A.1,3.A.1
8.A.3,CbiA,9.B.18,GT2,GT26,GT4,GT4,GT4,GH26,CBM32|CBM35,HTH_3,8.A.3,8.A.3,9.B.18,GT4,GT4,GT26,3.A.1,2.A.86,1.A.34,2.A.115
2.A.76,AraC_binding|HTH_18,CE4,3.A.1,3.A.1,3.A.1,TetR_N,3.A.1,3.A.1,1.B.52,2.A.7,3.A.1
GT28,GT2,3.A.1,3.A.1,3.A.1,3.A.1
9.B.34,PL1_8,3.A.1,1.E.40,2.A.1
3.A.1,2.A.78,AraC_binding|HTH_3,GH43_24|CBM13,GH18
2.A.13,GT2,GT0
3.A.1,3.A.1,3.A.1,PL10_1,2.A.86
3.A.1,2.A.107,GH23
4.A.2,HTH_1|LysR_substrate,4.A.1,GH1
CE4,1.E.19
9.B.34,GT4,2.A.120
3.A.1,3.A.1,GH43_4,GH43_26,Glyoxalase,MarR,2.A.1
3.A.1,LacI|Peripla_BP_3,GH2,GT4,2.A.85,cNMP_binding,3.A.1,1.B.52,2.A.1,2.A.26,AraC_binding|HTH_18,GH31,1.B.52,2.A.1,2.A.1,MarR,CBS|HTH_11,4.C.1,1.B.52
GH42,AraC_binding|HTH_18,2.A.3
GT35,9.B.74,8.A.5,2.A.63,2.A.63,2.A.63,2.A.63,2.A.63,2.A.63,9.B.10,HTH_1|LysR_substrate,3.A.1,3.A.1
3.A.1,3.A.1,3.A.1,3.A.1,2.A.1,HTH_5,HTH_5,3.A.1,3.A.1,3.A.1,3.A.1,3.A.1,PL33_2,GH88
9.B.97,CE12,3.A.1,3.A.1,CBS|HTH_11,3.A.1,3.A.1,4.C.1
GT4,AraC_binding,3.A.1,Rhodanese,GH27
1.B.52,Response_reg|HisKA|HATPase_c,Response_reg|Trans_reg_C,2.A.37,9.B.34,GH94,GH48|CBM3,4.C.1
2.A.3,9.A.11,GH36,LacI|Peripla_BP_3,dCache_1|HATPase_c,Response_reg|HTH_18,SBP_bac_1,3.A.1,3.A.1,GH13_36
2.A.1,HTH_1|LysR_substrate,2.A.1,LacI|Peripla_BP_3,GH5_2|CBM59,8.A.5
GH115,2.A.115,MarR,3.A.16,9.B.10,MarR,3.A.1,3.A.1
4.C.1,TPR_1|TPR_2,GH43_16|CBM36|CBM36,GH16_21,Response_reg|LytTR,LacI|Peripla_BP_3,2.A.1,GH32,LacI|Peripla_BP_1,2.A.2,Penicillinase_R,GH26
2.A.1,HTH_1|LysR_substrate,2.A.4,GH5_21
GH2,MarR,CBM38|CBM38|GH32|CBM38,GH32,GH32,3.A.1,3.A.1,3.A.1,LacI|Peripla_BP_3,GT28,CE4,GT28,3.A.1,3.A.1,3.A.1,Response_reg|HTH_18,HATPase_c,PL9_2,Nitroreductase,Rrf2,CBM32|CBM13|GH5_8
2.A.7,GH36
9.B.100,CE4,3.A.1,3.A.1,GT5,GH13_9,HisKA|HATPase_c,Response_reg|Trans_reg_C,3.A.1,2.A.1,3.A.7
CBM12,4.C.1,4.C.1,4.C.1,2.A.1,2.A.1
GT2,2.A.7,2.A.7
3.A.24,GT51
CBM26|GH13_42,3.D.1,3.D.1,Fer4,3.D.1
GT4,CE14,TPR_1|TPR_2,2.A.115
GH51,2.A.109,2.A.7,GT51,2.A.7,AraC_binding|HTH_18,2.A.2
2.A.103,2.A.19,PTS-HPr,9.B.34,HTH_18|GyrI-like,GT51,4.C.1
5.A.3,NIR_SIR|Pyr_redox_2,2.A.1,1.B.52,GH53,GH42,3.A.1,3.A.1,3.A.1,Response_reg|HTH_18,8.A.59
2.A.7,GH26
GH25,HTH_1|LysR_substrate,GH43_11,CE8,GH28,3.A.1,3.A.1,3.A.1,HTH_18,CE12
GT28,2.A.103,9.B.146
2.A.109,2.A.109,GH23,2.A.7
9.A.11,9.A.11,CBM63,HTH_18|dCache_1,SBP_bac_1,3.A.1,3.A.1
2.A.1,CBM67|GH78
1.B.52,HTH_18,9.B.34,1.B.52,GH1,4.A.1
3.A.1,HTH_18|Ada_Zn_binding,GH46,2.A.1
3.A.1,3.A.1,SBP_bac_1,Response_reg|HTH_18,8.A.59,AraC_binding,4.A.7,LacI|Peripla_BP_3,GH5_1
PL1_6,3.A.1
CBM44,2.A.53,HTH_5,9.A.62,2.A.1,3.A.1,3.A.1,3.A.1,2.A.1,CE7,GH5_2|CBM3
1.I.1,2.A.1,Response_reg|LytTR,9.B.33,1.B.52,GH13_14|CBM41,3.A.1,3.A.1,4.A.2,HTH_11,4.A.2,8.A.7,PTS-HPr,4.A.1
CE4,2.A.86,1.B.52
GH1,LacI|Peripla_BP_3,1.A.8,4.A.1,SBP_bac_1,3.A.1,3.A.1,2.A.25,GH1,LacI|Peripla_BP_3,4.A.1
GT2,9.B.18,CE2,1.B.52
3.A.1,3.A.1,GT4,4.A.1,GH140,LacI|Peripla_BP_3,Pyr_redox_2,Rrf2,Mga|HTH_11,4.A.3,4.A.3,GH1,4.A.3,GT4,GT2,GT2,GT2,9.B.18,GT4
GT2,GT2,GT2,Response_reg|HATPase_c|GerE,GT4,2.A.25,AraC_binding|HTH_18,Aminotran_1_2,HisKA|HATPase_c,3.A.1,3.A.18
2.A.25,4.A.1,GH1,Mga|HTH_11,4.A.3,4.A.3,4.A.3,GH140,Sigma70_r2|Sigma70_r4_2,CE4,3.A.1,3.A.1,3.A.1,3.A.1
2.A.38,9.B.159,HATPase_c,9.B.116,PspC,2.A.1,TetR_N,GH18,FUR,9.B.20
2.A.5,bZIP_1,2.A.1,3.A.3,3.A.3,HTH_5,3.D.4,3.D.4,3.D.4,3.D.4,GH1,GH95,3.A.1,3.A.1,3.A.1,3.A.1,3.A.1,3.D.4,3.D.4,Response_reg|HTH_18,8.A.59,GT2,GT2,9.A.40,8.A.5,Peripla_BP_2,3.A.1,3.A.1,Response_reg|Trans_reg_C,HisKA|HATPase_c,3.A.1,3.A.1,3.A.1
9.B.143,2.A.45,GT1,PL1_2|CE8,AraC_binding|HTH_18,Aminotran_1_2,MarR,2.A.6,Response_reg|GerE,HATPase_c,GT1,GH32,3.A.1,3.A.1,SBP_bac_1,LacI|Peripla_BP_3,GH11,4.C.1,3.A.1,3.A.1,4.C.1,4.C.1
CE4,3.A.1
9.B.18,GT2,GT2
GT2|GT2,3.A.1,3.A.1,GT2,9.B.160,NIR_SIR_ferr|NIR_SIR,1.A.30,1.A.30,GH44|CBM35|GH26|CBM3,9.B.174,Peptidase_M23,3.A.1,9.B.142,9.B.142,GT2,GT2
2.A.6,9.B.146,GT26
1.A.33,HTH_11,1.A.34,EPSP_synthase,3.A.2,3.A.2,3.A.2,3.A.2,3.A.2,3.A.2,GT0,Pribosyltran,3.A.1,3.A.1,3.A.1,Aminotran_1_2,2.A.107,2.A.103,2.A.7,cNMP_binding,TetR_N,2.A.7,2.A.7
2.A.3,9.A.11,9.B.34,Rrf2,GH3
2.A.1,Trans_reg_C,2.A.1,PfkB,LacI|Peripla_BP_3,2.A.66,Sigma70_r2|Sigma70_r4_2,3.A.1,3.A.1,2.A.1,CE7,GH130,3.A.1,3.A.1,3.A.1,GH130,LacI|Peripla_BP_3,2.A.115,GH43_4,Pyr_redox_2,Rhodanese,GH13_5,1.B.52,SIS,GH43_12,CBM22|CBM22|GH10,3.A.1,3.A.1,3.A.1,3.A.1
3.A.1,3.A.1,HTH_18,AraC_binding|HTH_18,GH52,GH67,GH14|GH13_1,3.A.1,Response_reg|HTH_18,8.A.59,3.A.1,3.A.1,PL9_1,2.A.2,GH105,CE4,9.B.97,2.A.22,GntR,GH1,4.A.3,4.A.3,4.A.3
2.A.8,GntR,2.A.8,2.A.7,TetR_N,GH10,TetR_N,3.A.18
GH5_4|CBM46,9.B.160
