9.B.97,9.B.97,GT4,9.B.18,CSD,2.A.1
9.B.36,GH3
3.D.3,1.A.12,CBM50,HATPase_c,GT9,3.A.7,3.A.7,3.A.7,3.A.7,3.A.7,3.A.5,3.A.1,Sigma70_r4|Sigma70_r2,4.C.1,GH166,GT4,2.A.66
9.B.1,GT30
GH23,5.A.1
GT83,GT2,Glyoxalase,2.A.86
3.D.2,GT83,GT51,3.A.11,1.B.22
3.A.1,GT83,GH3
3.A.1,HD,3.A.15,3.A.15,GH103,1.A.63,3.A.1
2.A.1,CE4
GH102,2.A.1,GH64
2.A.3,GH28,Response_reg,9.B.150,2.A.1
GT51,3.A.7
GH28,2.A.1
GT2,3.A.9
9.B.157,GT28,2.A.37,8.A.7,3.D.10
GH45,Aminotran_1_2,AA10,8.A.1,1.B.17
2.A.1,Pribosyltran,2.A.42,GH18
3.A.7,3.A.7,3.A.7,3.A.7,3.A.7,3.A.7,3.A.7,3.A.7,3.A.7,3.A.7,3.A.7,3.A.7,CSD,2.A.6,GH15,2.A.1
GT2,1.A.43
GT2,GT89,GT2|GT2,3.A.1,3.A.1,1.B.17,LysR_substrate|HTH_1,GT4,4.C.1,Aminotran_1_2,GT2,GT4
GH17,2.A.45
1.B.52,CheW|HATPase_c,Response_reg|CheB_methylest,8.A.59,GH5
GH103,LysR_substrate|HTH_1,3.A.1,3.A.1
