GT51,HxlR,2.A.1,2.A.1,DeoRC|HTH_DeoR,3.B.1,3.A.1,3.A.1,3.A.1,3.A.1,3.A.1,3.A.1,GntR,MarR,3.A.2,3.A.2,3.A.2,3.A.2,3.A.2,3.A.11
3.A.5,GH103,2.A.53
GH103,HTH_1|LysR_substrate,2.A.98,EPSP_synthase,2.A.7
3.A.1,AraC_binding|HTH_18,MarR,3.A.1,3.A.1,3.A.1,GH23,1.C.113
9.B.34,3.A.1,3.A.1,3.A.1,3.A.1,GT84|GH94,2.A.76,PfkB,GT51,1.B.4,3.A.18
2.A.6,3.A.1,3.A.1,3.A.1,3.A.1,TetR_N,NUDIX,3.A.1,3.A.1,3.A.1,3.A.1,Aminotran_1_2,GntR,8.A.5,PfkB,GntR,SBP_bac_1,3.A.1,3.A.1,3.A.1,Fer4,Pyr_redox_2,2.A.7,4.C.1,TetR_N,2.A.6,2.A.6,3.A.1,GT2,HisKA|HATPase_c,GT2,GH148,GT4,GT4,GcrA,GH148
2.A.66,Response_reg|GerE,2.A.21,1.A.22,Aminotran_1_2,MerR,Aminotran_1_2,GT2,CE4,GT25,HTH_1|LysR_substrate,1.E.14
2.A.1,2.A.66,dCache_2|HATPase_c,Response_reg|GerE,2.A.56,2.A.56,2.A.56,1.B.70,CE4,9.B.35,HTH_1|LysR_substrate,9.B.43
CBM50,8.A.46,3.A.1
2.A.88,9.B.35,9.B.18,1.B.12,3.A.1,3.A.1,GT2,GT0,GT0,GT2,GT0
GT20,AA3_2,TetR_N,SpoVT_AbrB,1.A.35,GntR,2.A.1
2.A.115,Aminotran_1_2,1.B.70,1.B.70,GH23
9.B.18,GT4
GH3,2.A.64,CBM50,AAA,2.A.6,9.B.8
GT51,1.A.34,2.A.7,3.A.1
2.A.28,TPR_1,9.B.34,Rhodanese,PALP,1.I.1,PALP,AA6
3.A.1,3.A.1,GT4
GT19,1.B.33
9.B.186,GH23
2.A.102,2.A.7,9.B.10,9.B.69,CbiA,GT83
1.B.33,CE11
GT28,2.A.103,9.B.146,2.A.55,GH23
GH25,GH103,2.A.69,HTH_5,2.A.1,3.A.1,GT2,2.A.123
9.B.15,TetR_N,Aminotran_1_2,3.A.1,3.A.1,3.A.1,SBP_bac_1,HTH_1|LysR_substrate,Pyr_redox_2,2.A.38,MarR|AsnC_trans_reg,GT4,2.A.7,1.E.20
CE9,SIS,GntR,2.A.6,2.A.6,2.A.6,3.D.1
3.A.1,3.A.1,3.A.1,3.A.1,3.A.1,3.A.1,3.A.1,GntR,3.A.1,Peptidase_M23,MarR|AsnC_trans_reg,HTH_1|LysR_substrate,3.A.1,3.A.1,3.A.1,3.A.1,AA3_2,3.A.1,3.A.1,3.A.1
4.C.1,3.A.1,3.A.1,3.A.1,IclR|HTH_IclR,GT2,3.A.1,3.A.1,3.A.1,1.B.14,AraC_binding|HTH_18,3.A.1,3.A.1,SBP_bac_5,HTH_1|LysR_substrate,3.A.1,3.A.1,3.A.1,3.A.1,3.A.1,3.A.1,3.A.1
3.A.1,3.A.1,3.A.1,IclR|HTH_IclR,3.A.1,3.A.1,3.A.1,Pyr_redox_2,SBP_bac_1,2.A.56,2.A.56,2.A.56,Glyoxalase,TetR_N,GT2,GH26
2.A.3,GH103,2.A.8,CBS|SIS,HTH_18,8.A.21
3.A.23,Rhodanese,3.A.1,3.A.1,3.A.1,2.A.113,HTH_1|LysR_substrate,3.A.9,GT26,GT0
3.A.6,3.A.6,GH23
9.B.97,GH19
3.A.1,3.A.1,3.A.1,SBP_bac_1,GntR,3.D.4,3.D.4,3.A.1,3.A.1,HTH_5,2.A.63,2.A.63,2.A.63,2.A.63,2.A.63,Pyr_redox_2,Nitroreductase,3.A.1,3.A.1,3.A.1,3.A.1,3.A.1,Response_reg|Trans_reg_C,HisKA|HATPase_c,3.A.1,3.A.1,SBP_bac_3,Aminotran_1_2|GntR,3.A.1,3.A.1,3.A.1,3.A.1,3.A.1,3.A.1,3.A.1,AsnC_trans_reg,Aminotran_1_2|GntR,GH25,2.A.1,9.B.158,Glyoxalase,MarR,Pyr_redox_2,2.A.23,2.A.21,3.A.23
GT51,GT4,GT4,MarR,3.A.1,8.A.1,GT27,GT4,GT4,CBS,HTH_1|LysR_substrate,2.A.80,2.A.80,3.A.1,3.A.1,3.A.1,Peripla_BP_1|LacI,3.A.1,3.A.1,3.A.1,HTH_1|LysR_substrate,2.A.1,GntR,2.A.3
GH140,GT4,GT2,9.B.146,4.D.1,GT4,GT4,8.A.3,GerE,Crp|cNMP_binding,GAF|LytTR,2.A.1,TetR_N,2.A.7,HTH_1|LysR_substrate,9.B.34,9.A.40,3.A.1,3.A.1
GT30,2.A.37
