9.B.156,MerR|GyrI-like,GH25,3.A.1,3.A.1
2.A.118,cNMP_binding,GntR,Aminotran_1_2,SBP_bac_1,3.A.1,3.A.1,GH38,GH13_31,GH36
3.A.25,GH13_39,LacI|Peripla_BP_3,SBP_bac_1,3.A.1,3.A.1
CBM48|GH13_9,GH13_20,HTH_5,3.A.7
9.B.104,Sigma70_r4_2,GT28
2.A.66,MerR|GyrI-like,3.A.23,3.A.1,3.A.1,3.A.1,3.A.1,3.A.1,HTH_18|AraC_binding,GH4
1.A.30,3.A.6,3.A.6,3.A.6,3.A.6,3.A.6,3.A.1,GT4
3.A.1,3.A.1,3.A.1,3.A.1,GH137,8.A.59,HTH_18|Response_reg,PfkB,3.A.1,3.A.1,3.A.1,HTH_18|AraC_binding,Mga|HTH_11,4.A.2,4.A.2,4.A.2
2.A.56,2.A.56,HTH_IclR,GntR,4.A.1,GH13_29,HATPase_c|HisKA|Response_reg,2.A.66,GT2,GT8,Aminotran_1_2,GT2
3.A.1,GT27
2.A.3,3.D.1,3.D.1,3.D.1,3.D.1,3.D.1,Sigma70_r4_2,Nitro_FeMo-Co,GH2,3.A.1,3.A.1,SBP_bac_1,HTH_18|Response_reg,8.A.59,3.A.1,3.A.1
3.A.23,GH3,2.A.40
3.A.1,3.A.1,3.A.1,Pyr_redox_2,2.A.40,LacI|Peripla_BP_3,GH32,3.A.1,3.A.1,3.A.1,LacI|Peripla_BP_3|Peripla_BP_1,SBP_bac_1,3.A.1,3.A.1
3.D.6,Peptidase_M23,3.A.1,3.A.1,3.A.1,GH106
2.A.66,GT2,HTH_18,2.A.2,GH3
GH25,3.A.7
2.A.56,2.A.56,CE4,GntR,GntR,SIS,4.A.6,4.A.6,4.A.6,2.A.16,2.A.66
GH77,4.A.1,LacI|Peripla_BP_3,LacI|Peripla_BP_3,3.A.1,3.A.1,3.A.1,9.B.34,2.A.21,2.A.115,GH0
4.A.6,GH88,4.A.6,4.A.6,4.A.6,PL12_1,LacI|Peripla_BP_3|Peripla_BP_1,DeoRC|HTH_DeoR,2.A.8
3.A.1,3.A.1,3.A.1,Fer4,9.A.23,Pyr_redox_2,2.A.66,PfkB,4.B.1,GntR,2.A.66,MerR,3.A.1,HxlR,8.A.5,8.A.59,HTH_18|Response_reg,SBP_bac_1,3.A.1,3.A.1,PL12_1,GH88
2.A.37,LysR_substrate|HTH_1,3.A.1,HATPase_c|HisKA,4.A.1,GH1
2.A.23,MerR,3.A.1,3.A.1,3.A.1,CE9,1.B.52
9.B.33,HTH_18|Response_reg,SBP_bac_1,3.A.1,3.A.1,GH43_10,LacI|Peripla_BP_3,PfkB,3.A.1,3.A.1,3.A.1,3.A.1,3.A.1,3.A.1
9.B.125,Aminotran_1_2,CbiA,Pribosyltran,CE8,HTH_18|Response_reg,8.A.59,Peripla_BP_1,3.A.1,3.A.1,3.A.1
8.A.3,9.B.18,Trans_reg_C,9.B.18,9.B.18,GT0,GT2
8.A.59,SBP_bac_1,3.A.1,3.A.1,GH31,GH31,2.A.66
1.E.19,GH73
3.A.2,3.A.2,3.A.2,3.A.2,LysR_substrate|HTH_1,1.B.52,Penicillinase_R,9.B.20,GT1
GH25,2.A.114,HEM4,9.B.34,4.B.1,2.A.120,1.A.11,2.A.49,PALP|ACT,3.A.5
3.A.3,4.A.1,GH13_31
2.A.66,3.A.1,3.A.1,GH4,3.A.1,3.A.1,SBP_bac_1,8.A.59
4.A.1,PTS-HPr,4.A.1,8.A.7,PTS-HPr,GH13_11
GH32,4.A.1,LacI|Peripla_BP_3,9.B.55
3.A.18,2.A.11,LacI|Peripla_BP_3,9.B.10,MerR,2.A.38,2.A.38,3.A.1,3.A.1,3.A.1,9.B.34,B12-binding|B12-binding_2,Aminotran_1_2,GT35
2.A.115,Rrf2,9.A.11,3.A.1,3.A.1,3.A.1,MarR,2.A.23,3.A.23,2.A.67,dCache_1|GGDEF,3.D.1,2.A.4,GH18,2.A.66
GH105,2.A.56,2.A.56,2.A.56
2.A.47,GntR,3.A.1,3.A.1,Rhodanese,GT2
3.A.1,3.A.1,Trans_reg_C|Response_reg,HATPase_c|HisKA,GH13_4,GH36,3.A.1,3.A.1,3.A.1
2.A.45,2.A.40,GntR,GH105,3.A.1,3.A.1,3.A.1,GH4,GntR,PTS-HPr,3.A.1,HTH_18|Response_reg,8.A.59,2.A.6,LysR_substrate|HTH_1,Trans_reg_C|Response_reg,HATPase_c|HisKA,2.A.1,HisKA,Trans_reg_C|Response_reg,3.A.1,3.A.1,2.A.66,PadR,2.A.1
GT5,Spo0A_C|Response_reg,Arg_repressor,1.C.109
CBM5|GH18,4.A.5,4.A.5,4.A.5,3.A.23,1.A.35,Aminotran_1_2,3.A.1,3.A.1,3.A.1,3.A.1,3.A.1
3.D.1,HATPase_c,3.D.1,Fer4,HTH_11,4.A.3,4.A.3,4.A.3,GH1,DctP,2.A.56,GntR,3.D.1,3.D.1
3.A.1,3.A.1,Peripla_BP_1,LacI|Peripla_BP_3,CE4
2.A.2,GH78,GntR|Aminotran_1_2,2.A.21
3.A.23,GH1,8.A.5,4.A.3,4.A.3,4.A.3
2.A.120,MerR|GyrI-like,GH51,3.A.1,3.A.1,GH2,HTH_5,3.A.1,3.A.1
2.A.56,2.A.56,GH1,3.A.1,3.A.1,3.A.1
9.B.18,GT2,GT2|GT2,GT2,1.C.57,2.A.115
2.A.56,2.A.56,Fer4,Sigma70_r4,LytTR,GH24
3.A.1,GT4,3.A.1,GT4,GT4,9.B.18
GH26,GT2,3.A.7
1.A.22,AAA,CE4,GH25,1.C.57
3.A.11,3.A.11,3.A.11,3.A.9,CE4,HD,HTH_7,2.A.56,2.A.56,2.A.56,HTH_18|Response_reg,8.A.59,CBM48|GH13_9,3.A.3,GH13_11,3.A.1,3.A.1,3.A.1,3.A.1,3.A.1,3.A.1,3.A.1,3.A.1,3.A.1,3.A.1,2.A.66,2.A.68,2.A.23
GH28,3.A.1,3.A.1,3.A.1,GH105,DeoRC|HTH_DeoR,DeoRC|HTH_DeoR,PfkB,3.A.1,3.A.1,3.A.1,3.A.1,3.A.1,3.A.1,SBP_bac_1,3.A.1,SBP_bac_1,GH112,HTH_18|AraC_binding,3.A.1,3.A.1,3.A.1
9.B.34,HTH_18|AraC_binding,GH31,2.A.56,2.A.56,3.A.1,3.A.1,3.A.1
