4.A.2,GT35
3.A.23,PfkB,3.A.1,3.A.1,3.A.1,3.A.1,HTH_18,GT0|GT2|GT4,Response_reg,2.A.21,CheR|CheR_N,CheB_methylest,HisKA|Response_reg|HATPase_c,Response_reg,2.A.21,2.A.6,2.A.6,2.A.6
2.A.6,2.A.6,2.A.6,2.A.3,SBP_bac_3,9.B.34,2.A.114,dCache_2|HATPase_c,Response_reg|GerE,2.A.6,8.A.1,1.A.23,HTH_18,3.A.1,3.A.1,3.A.1,3.A.1,Aminotran_1_2,GT2,GT83,2.A.7,GT83,HTH_1|LysR_substrate,3.A.1,3.A.1,3.A.1
2.A.1,Aminotran_1_2,MCPsignal,HTH_8|Diacid_rec,2.A.1,HTH_1|LysR_substrate,8.A.5,GT5,GH13_10,GH77,GH13_26,CBM48|GH13_11,PIG-L,GT2,PIG-L,CBM48|GH13_9,GH13_16,GH13_3,9.B.20,Fer4,GntR|Aminotran_1_2,PALP,9.B.34,2.A.6,2.A.6,2.A.6,2.A.6
2.A.1,GntR,GH0,9.B.104,3.A.4
GH23,3.A.1,3.A.1,3.A.1,3.A.1,3.A.1
AA3_2,2.A.1,3.A.7
3.A.1,AraC_binding|HTH_18,3.A.1,HTH_1|LysR_substrate,GT0,GT2
2.A.39,HTH_1|LysR_substrate,9.B.133,NUDIX,GH18,AA10
3.A.1,3.A.1,2.A.6,3.A.1,1.B.14,4.C.1,2.A.1,GH15
2.A.102,HTH_1|LysR_substrate,MarR,GT104
1.M.1,GH19
2.A.7,GH3
2.A.33,9.B.186,GH50,1.B.6,1.B.6
1.M.1,GH19
1.E.20,HTH_3,Fer4,Sigma70_r4|Sigma70_r3|Sigma70_r2,CBM50
GT19,1.B.33
2.A.36,GT2
CE9,SIS,4.A.1,4.A.1,GH23
GT2,1.B.13,PL5_1,2.A.50
3.A.1,3.A.1,3.A.1,Pyr_redox_2,2.A.121,GT4
2.A.66,GT4,GH166
9.B.102,GT83,1.B.52,Glyoxalase,SIS|HTH_6,2.A.8,2.A.53
CBM50,Fer4,1.A.62,1.A.30,1.A.30
2.A.39,2.A.6,GT30,HTH_1|LysR_substrate,2.A.7,PfkB,3.A.1,GT2,GT4,PIG-L,GT4
GT4,GT9,GT9,9.B.34
GT2,2.A.6
2.A.1,Pyr_redox_2,GATase_2,9.B.42,SKI,1.B.22,3.A.11,GT51,3.A.11
2.A.64,1.B.52,GT2,3.A.1,3.A.1,3.A.1,3.A.1,2.A.39
GT2,1.I.1
GT83,9.B.149,3.A.1,8.A.1,HTH_1|LysR_substrate,3.A.1,3.A.1,3.A.1
9.B.34,EAL,PAS|HisKA|HATPase_c,3.A.23,2.A.23,9.B.156,3.A.1,3.A.1,2.A.58,2.A.109,2.A.11,HTH_1|LysR_substrate,3.A.1,2.A.53,3.A.11,CBM50,2.A.38
GT4,GT4,GT4,3.A.1,3.A.1,GT4,GT4,9.B.97,2.A.76,HTH_CodY|AsnC_trans_reg,Pyr_redox_2,3.A.3
3.A.1,3.A.1,3.A.1,CBM50,9.B.10
3.A.5,3.A.1,3.A.1,Sigma70_r4|Sigma70_r2,GT51
3.B.1,3.B.1,2.A.70,2.A.70,HTH_1|LysR_substrate,1.C.113,HTH_1|LysR_substrate,Pyr_redox,3.A.1,Pyr_redox,1.I.1,SBP_bac_3,1.A.16,2.A.36,2.A.1,2.A.7,GH102
PL7_1,9.B.34,SBP_bac_3,2.A.85,Pyr_redox_2,3.A.18,2.A.1,AA3_2,TetR_N,2.A.15,3.A.1,3.A.1,3.A.1
2.A.103,GH103,GH0,GH103
3.A.1,3.A.1,3.A.1,GT51
9.B.146,2.A.103,GT28,CE11,9.B.34,1.B.25,HisKA|HATPase_c,Trans_reg_C|Response_reg,2.A.6,2.A.6
4.A.1,GH13_29,1.B.3,4.A.1,9.B.62
GT0,2.A.3
GT4,MCPsignal|dCache_1,CbiA,3.A.5,NUDIX,2.A.21,1.A.23,1.B.25
3.A.23,GH73,GT2
GH17,3.A.1,9.B.136,2.A.21,Citrate_synt,3.D.10,3.D.10,Pyr_redox_2,2.A.26
1.B.10,1.B.10,2.A.40,9.B.43,CE4,9.B.35,2.A.40
3.A.3,Fer4,1.C.12,3.D.4,3.D.4,3.D.4,3.D.4,3.D.4,3.D.4,1.B.52,2.A.66,3.A.1,GH23,3.A.1,3.A.7,LexA_DNA_bind,TetR_N,GH3
GH0,8.A.3,GT4
GH19,1.M.1
1.A.23,HTH_1|LysR_substrate,3.A.11,3.A.15,GH23
GT2,GT2,GT4,9.B.18,3.A.1
2.A.1,GH13_33,2.A.12,8.A.5
3.A.1,GerE,8.A.5,2.A.1,HTH_1|LysR_substrate,HTH_1|LysR_substrate,2.A.1,AA3_2
