AA3_2,2.A.39
GT2,CE9,2.A.1
GT51,1.A.30,1.A.30,1.A.30,2.A.103,9.B.157,2.A.1,2.A.21
GT0,Response_reg|GerE,HATPase_c|Response_reg|HisKA,3.A.1,3.A.1,3.A.1,3.A.1,3.A.1
GT20,GT0,NUDIX,8.A.5
GT2,2.A.3
GT0,9.B.72
GT21,9.A.40,GH23
2.A.36,1.B.14,Peripla_BP_2,3.A.1,3.A.1,GH20,SIS,2.A.21,GT0
AA3_2,2.A.1,1.B.19
CBM47,1.A.2,2.A.85
2.A.3,GH103
2.A.109,GH23
1.A.8,DeoRC|HTH_DeoR,2.A.16,3.A.1,3.A.1,HATPase_c,Sigma70_r4_2|Sigma70_r2,Sigma70_r4_2|Sigma70_r2,Response_reg|Sigma70_r4_2,3.A.1,GH37,2.A.42,3.A.1
2.A.40,9.B.35,CE4,Pyr_redox_2,HTH_1|LysR_substrate,1.A.30,1.A.30,1.A.30,3.A.1,3.A.1,3.A.1,1.B.17,HTH_1|LysR_substrate,2.A.98,TetR_N,TetR_N,2.A.33
3.D.4,GT83,GT2
2.A.1,GT9,GT4,GT19,2.A.53,5.B.7,3.A.9,NUDIX,3.A.23,2.A.21,3.A.23,2.A.21,GT2,GT2,Pribosyltran,GT4
GT17|CBM47,1.A.11,3.A.11
9.B.146,2.A.103,GT28
CE11,1.B.33,4.A.2
3.A.18,GT94,GT4,Aminotran_1_2,2.A.3
3.A.9,GH13_26,GH13_10,CBM48|GH13_9,GT5,CBM48|GH13_11
2.A.1,GH23,2.A.14
GH23,3.A.1
3.A.1,3.A.1,GT4,GT2|GT4,3.A.1
GT83,GT2,3.A.2,3.A.5,Glyoxalase,3.A.18
3.A.1,HhH-GPD,HhH-GPD,GH23,2.A.6
3.A.12,GT4
