GH23,2.A.6,2.A.6,8.A.1,HTH_1|LysR_substrate,Glyoxalase,Pyr_redox_2,2.A.1,2.A.41,1.B.52,3.A.3,2.A.76
1.B.33,GT19
GT51,HTH_1|LysR_substrate,2.A.75,GAF|EAL|GGDEF,HTH_1|LysR_substrate,Peptidase_M23,2.A.39
1.C.36,1.C.36,TPR_3,3.A.6,3.A.6,3.A.6,3.A.6,3.A.6,1.B.22,HTH_18,Trans_reg_C,GH23,1.A.14,2.A.21
1.B.55,GH8,4.D.3,GT2,CbiA,2.A.7,2.A.117,HTH_1|LysR_substrate,3.A.1,3.A.1,3.A.1
2.A.95,2.A.3,8.A.1,2.A.6,2.A.6,2.A.6,GH18
3.A.18,GH9,3.A.1,3.A.1,3.A.1,3.A.7
3.A.1,3.A.1,3.A.1,GH73,Crp|cNMP_binding,1.A.30
9.B.10,3.A.1,Peripla_BP_2,3.A.1,CbiA,Nitroreductase,CE2
1.C.67,GH24,9.B.136,2.A.21,4.C.1,MCPsignal|dCache_1,9.A.33
3.D.6,HhH-GPD,2.A.3,GH13_29,4.A.1,GntR,HTH_1|LysR_substrate,1.A.12
2.A.21,AA10,2.A.37,CBS|SIS,1.B.42,1.B.42,4.A.2,2.A.21,8.A.59,1.C.113,1.A.30,HTH_5,Peptidase_M23,9.B.174,3.A.1,SBP_bac_3,CBM50,2.A.109,3.D.10,3.D.10,2.A.13
9.B.20,2.A.7,AraC_binding|HTH_18,HTH_1|LysR_substrate,2.A.7,Glyoxalase,Rrf2,AA10,GH15|CBM20,3.D.4,2.A.113
1.A.26,GT51,Rhodanese,2.A.42,HisKA|PAS|HATPase_c,3.A.23
2.A.4,CBM50,Sigma70_r4|Sigma70_r3|Sigma70_r2,AAA,9.B.31
2.A.17,HTH_1|LysR_substrate,GH102
GT0,Aminotran_1_2,9.B.18,1.B.14,Peripla_BP_2,3.A.1,3.A.1
2.A.6,2.A.6,2.A.6,Aminotran_1_2,3.D.10,GH46,HTH_1|LysR_substrate,1.B.52,1.B.52
2.A.56,2.A.56,2.A.56,9.B.142,CBM32,2.A.21
2.A.1,Response_reg|HTH_8,HisKA|HATPase_c,1.B.14,HisKA|HATPase_c,Response_reg|Trans_reg_C,GT4,8.A.59,2.A.21
GT51,1.B.22,SKI,3.A.1,GT9,GT4,GT9,8.A.7,8.A.8,4.A.6,9.B.34,Rrf2,AraC_binding|HTH_18,2.A.1,2.A.108,2.A.108,2.A.108,SBP_bac_3,2.A.1
GT83,2.A.7,GT2,9.B.124
GH23,2.A.72
4.A.1,4.A.1,SIS,CE9,GntR,AA10,2.A.7,1.A.30,CBS|SIS,3.A.1,3.A.1,8.A.4,1.B.18,GT2,GT31,GT2|GT2,GT2,GT107|GT107,9.A.41,9.A.41
2.A.96,GT4,8.A.1,3.A.1
3.A.1,SBP_bac_3,2.A.49,zf-BED,8.A.59,CE16,CE16,8.A.59
1.B.52,3.A.1,3.A.1,3.A.1,GH3,3.A.1,1.B.52,2.A.1,1.A.8
9.A.40,GT2,GT9,GT30
9.B.146,2.A.103,GT28,CE11
3.A.7,CBM50,2.A.21,3.A.23
9.B.102,1.B.52,9.A.40,GH18,9.B.34,MerR|GyrI-like,1.B.42
2.A.37,2.A.7,HTH_1|LysR_substrate,GyrI-like|HTH_18,GT2
GT4,GT4,Aminotran_1_2,9.B.18,9.B.18
3.A.6,3.A.6,3.A.6,3.A.6,3.A.6,3.A.6,GH23,HisKA|HATPase_c|Response_reg,GerE|Response_reg,1.B.22
9.B.65,Pyr_redox,HTH_1|LysR_substrate,2.A.7,2.A.3,HTH_1|LysR_substrate,8.A.5,9.B.34,SBP_bac_3,9.B.34,HTH_1|LysR_substrate,1.E.14,2.A.122,MerR,3.A.3,3.A.15,GT2,GT83,2.A.17
4.C.1,2.A.85,GH23
1.B.11,2.A.1,AA3_2,HTH_1|LysR_substrate,GyrI-like|HTH_18,CBS,4.F.1
3.A.1,3.A.1,Peripla_BP_2,1.B.14,GH20
3.A.1,3.A.1,GT0,2.A.1,Cyanate_lyase,2.A.53
3.A.1,9.B.186,2.A.1,Glyoxalase,GH19,Aminotran_1_2|GntR,2.A.7,HTH_18,3.A.1,3.A.1,3.A.1,1.B.52,AsnC_trans_reg|MarR,Pyr_redox,1.B.52,1.B.20,1.C.75
