GT51,2.A.20,HATPase_c,Pyr_redox_2,9.B.1,1.B.60
GH103,2.A.76,3.A.1,3.A.1,3.A.1,3.A.1,3.A.1,ACT,Fer4,2.A.53,9.B.34,3.A.1
5.A.3,CE4
1.B.42,GH103,GH102,3.A.7
2.A.7,MCPsignal,2.A.21,Response_reg|HisKA|PAS|HATPase_c,2.A.19,GT51
GT4,SBP_bac_3,9.B.42,3.A.9,2.A.7
3.A.1,GT4,GH13_4,PfkB,1.A.26
1.B.52,GT2
4.F.1,GH23
2.A.21,3.A.1,3.A.1,1.B.14,Peripla_BP_2,GT2
GT35,3.A.23,1.B.52,3.A.1,dCache_1|HATPase_c|HisKA|Response_reg|PAS,2.A.21,SBP_bac_3|HisKA|Response_reg|HATPase_c,SBP_bac_3,HisKA|Response_reg|HATPase_c,2.A.1,2.A.102,Fer4,3.A.1,3.A.1,3.A.1,3.A.1
GT2|GT2,GH8,Response_reg|SpoIIE,2.A.6,2.A.6,1.B.71
8.A.28,2.A.89,SKI,GT5
9.B.146,GT26,PL12_3,GT4
3.A.1,GT28,GT4,GT4,GT1,2.A.1,HATPase_c|HisKA|Response_reg|GAF,1.B.52
GT21,GT2,3.A.1,3.A.1,GT4,B12-binding,GT4,GT4,1.B.17,3.A.1,3.A.1,GT2,3.A.1,GT2,GT2,GT4,GT2,GT2,B12-binding,GT4,GT2,B12-binding,GT2,9.B.142
3.A.23,9.B.34,Nitroreductase,9.B.126,HisKA|Response_reg|HATPase_c,HD,GH23
GT35,2.C.1
3.A.23,1.A.23,2.A.50,8.A.7,Aminotran_1_2,3.A.15,GT9,GT2,GT2,Pkinase,9.B.67,3.A.1,GT30,3.A.23,2.A.21,2.A.21,2.A.30,2.A.53,3.A.1,1.A.35,1.A.26,2.A.49
3.A.1,3.A.1,GT2,GT2,GT4,9.B.18
9.B.97,2.A.6,2.A.6,3.A.1,3.A.1,GT2,GT2,GT2,9.B.18,CbiA,1.A.14
GT2,3.A.1,PAS|Response_reg|HATPase_c,EAL,TPR_2|TPR_1,GT9,3.A.1,3.A.1,3.A.1
GH23,Pyr_redox_2|Fer4,3.D.1
CBM48|GH13_9,2.A.21
GT19,3.A.1,3.A.1,3.A.1,3.A.1,3.A.1,CE11
2.A.6,2.A.7,CBS,5.A.3,3.D.1,3.A.1,3.A.1,3.A.1,GT35
3.A.1,dCache_2|HATPase_c|HisKA|Response_reg|PAS,GT30,3.A.11,3.A.15
GT2,GT2,2.A.66,GT2,9.B.18
9.B.34,GH3,Response_reg|HisKA|PAS|HATPase_c,8.A.59,2.A.21,1.B.14,3.A.1,3.A.1,3.A.1
GT28,9.B.146
