2.A.3,3.A.1,CE4,3.D.4,3.D.4,3.A.1,3.A.1
3.A.1,3.A.1,4.A.1,4.A.1,GH13_29,GntR,2.A.8
GT2,2.A.7,2.A.7,2.A.7,2.A.102,3.A.1,3.A.1,3.A.1,3.A.1
2.A.39,Pyr_redox_2,Fer4,2.A.3,1.A.11,HATPase_c|PAS,Response_reg,2.A.11,GT2
8.A.3,8.A.3,9.B.18,9.B.18,GT4,GT2
4.A.3,4.A.3,4.A.3,2.A.2,2.A.3,GH39,Aminotran_1_2,MarR,2.A.1,Peripla_BP_3|LacI,GH42,3.A.1,3.A.1,3.A.1,3.A.1
2.A.1,3.D.10,1.A.16,1.B.52,2.A.8,3.A.23,GH31
4.A.3,4.A.3,4.A.3,GH1,HTH_11|Mga,CBS|SIS,3.A.1,Aminotran_1_2,Aminotran_1_2,GH65,3.A.1,3.A.1,SBP_bac_1,HTH_18,GT26,2.A.4,3.A.1,3.D.4,3.D.4,3.D.4,3.A.1,3.A.1
8.A.5,2.A.66,Aminotran_1_2,GH36
2.A.1,CE9,GntR,1.B.52,9.B.146,HATPase_c,GerE,2.A.3,3.A.11,3.A.11
3.A.1,3.A.1,3.A.1,3.A.1,GT2
GT2|GT4,3.A.1,GT4,1.E.40
2.A.2,GH65,2.A.1
9.B.146,2.A.103,GT28
2.A.9,2.A.115,3.A.7,Rhodanese,2.A.88,CBS,CBM50,3.A.7,2.A.3,1.A.35
3.A.1,3.A.1,HATPase_c,Response_reg|Trans_reg_C,HTH_5,2.A.1,2.A.3,2.A.1,3.A.1,3.A.1,1.E.14,2.A.122,4.C.1,GH23
2.A.1,GT5,CBM48|GH13_9,GH15,NUDIX,2.A.55,3.A.1
GT4,CE14,2.A.115,3.D.3,3.D.3,3.D.3
9.B.98,NUDIX,8.A.5,GH18
CE4,2.A.49,Rhodanese,3.A.7,4.A.1,2.A.1,Peripla_BP_3|GntR,3.A.1,3.A.1,3.A.1,Peripla_BP_3|GntR,1.B.52,GT2
2.A.103,2.A.6,EAL,9.B.105,CE4,GT28,Sigma70_r2|Sigma70_r4_2,GT28,GH25,PfkB,2.A.8
3.D.1,1.B.52,GT51,3.A.1,3.A.1,3.A.1,3.A.1,3.A.1,1.A.35
3.A.1,3.A.1,3.A.1,3.A.1,3.A.1,Response_reg|GerE,HATPase_c,GT35,1.B.52
2.A.26,STAS,1.A.14,2.A.1,Response_reg|LytTR,9.B.33,TetR_N,9.B.74,1.B.52,HTH_3,2.A.23,2.A.1,1.B.52,AAA,3.A.1,MarR,HhH-GPD,CE4,2.A.19,2.A.1,9.B.126,1.A.30,1.A.30,2.A.1,9.B.157
3.A.1,3.A.1,3.A.1,3.A.1,3.A.1,4.A.1,GH4,4.A.1,HTH_6|SIS,2.A.69,HTH_1|LysR_substrate,PALP,2.A.23
2.A.7,2.A.7,GH3,3.A.1,3.A.1,MarR,CBM50,HTH_8,3.A.9
2.A.115,4.A.1,HTH_6|SIS,4.A.1,GH4,2.A.23,4.A.1,2.A.40,Fez1,3.A.1,2.A.1,Response_reg|GerE,HATPase_c,3.A.1
GT2,2.A.64,HTH_DeoR,3.A.1
GH13_31,CBM34|GH13_20,3.A.1,3.A.1,3.A.1,GH65,GH13_31,9.A.40,MerR,9.A.40,3.A.7,1.A.33,HTH_10,1.A.34,EPSP_synthase,3.A.2,3.A.2,3.A.2,3.A.2,3.A.2,3.A.2,1.A.77,Pribosyltran,Aminotran_1_2,1.B.52,2.A.107
GT51,9.B.149
2.A.16,HTH_6|SIS,2.A.122,1.E.14,HTH_1|LysR_substrate,2.A.47,2.A.79,2.A.79,2.A.114,Response_reg|LytTR,9.B.33,3.A.1,3.A.1,3.A.1,3.A.1,GT8,2.A.1,2.A.40,3.A.1,2.A.88,2.A.6,GH13_5,GGDEF,GntR,STAS,3.A.1,3.A.1,3.A.1,3.A.1,3.A.1,3.A.1,3.A.1
