3.A.1,3.A.1,GH15
GH23,3.A.23,9.B.106
1.B.14,1.A.30,1.A.30,GT87
GT1,8.A.5
GH13_11,2.A.6,2.A.6
9.B.106,2.A.6,2.A.6,GH77,Aminotran_1_2,2.A.12,2.A.16,AAA,GH13_10,CBM32
GT1,3.A.1,3.A.1,3.A.23,1.A.23,2.A.21,1.I.1
8.A.21,GT4
8.A.3,GT4,GT4,GT4,GT4,GT4,GT4,GT2,GT2,GT4,9.B.146
3.A.23,HATPase_c|HisKA,9.B.147,GT20
3.A.23,NUDIX,1.B.52,2.A.21,CBM8|GH18,1.E.43
GT5,1.I.1,9.A.40
GT2,3.A.11
9.B.106,CE4|CBM8,3.A.9
4.C.1,GH13_26,CBM48|GH13_11,2.A.109
CBM8|GH18,2.A.3,GH0
2.A.1,CE4
2.A.67,GT2,GT4
GT2,2.A.21
CBM9,3.A.11
9.B.106,CheW,CheR,1.B.52,Response_reg,CheW,HATPase_c|Response_reg|CheW,HisKA,PL12_3
GT4,GT4,9.B.18,GH18
GT4,GH57,9.B.160,9.B.34,CBM50,1.A.30
2.A.4,PL9_2
2.A.7,GAF,Pkinase,3.A.1,HATPase_c|GAF|HisKA,GH23
8.A.59,2.A.67,Sigma70_r4|Sigma70_r2,AAA,GH23
GT2,1.A.33,2.A.109,CBM32,GT2
CBM63,1.A.13
GT4,4.C.1,4.C.1,4.C.1,2.A.1,4.C.1,3.A.1,3.A.1
3.A.23,9.B.106,GH13
9.B.34,CBM56,9.B.106
9.B.34,GH23
3.A.25,HATPase_c,GerE|Response_reg,GH5_7,3.A.1,3.A.1,4.C.1,1.I.1,cNMP_binding,2.A.5,Sigma70_r4|Sigma70_r2,2.A.86
3.A.3,GH128
4.C.1,2.A.1,CBM13|GH19
2.A.21,3.A.23,2.C.1,3.A.1,TPR_4,9.A.15,2.A.1,2.A.1,GT4,GT4|GT2,GT2,GT2,GT2|GT2,3.A.1,3.A.1,4.F.1,TPR_2,GH23,3.D.10
GT9,PfkB,GT4,GT4,GT30,3.A.1,Response_reg|TPR_2,GT19,GT2,2.A.95
2.A.53,2.A.53,3.A.23,HATPase_c|HisKA,Trans_reg_C|Response_reg,SBP_bac_1,3.A.1,3.A.1,3.A.1,GT21,Response_reg,9.A.40
9.B.153,3.A.23,3.A.23,3.A.23,3.A.23,3.A.23,GH16_3|CBM61,3.A.1,3.A.1,3.A.1,3.A.1,3.A.9,3.A.9,3.A.9
3.A.9,2.A.1,CBM4|GH6,HTH_1|LysR_substrate,2.A.16,3.A.5
PL9,3.A.1,3.A.1
3.A.1,3.A.1,GT9,9.B.106,TPR_2,GT51,SBP_bac_5,HATPase_c|HisKA,2.A.7
2.A.1,CBM32
2.A.1,GH13_9,3.A.23,HATPase_c|Response_reg|HisKA,9.B.34,GT2,GT76,GH13_2,GH13_11,3.A.1,3.A.1,3.A.1
3.A.1,3.A.1,GT83,9.B.104
GT28,2.A.103,9.B.146
3.A.23,9.B.8,9.B.8,3.A.23,2.A.5,1.B.48,1.A.23,Response_reg,GH23,AAA,9.A.15,3.A.1,2.A.21
3.A.5,GT2,9.B.174,Peptidase_M23,3.A.1,1.A.30,1.A.30,2.A.1,9.B.42
9.B.142,1.A.34,GT35
2.A.64,2.A.64,2.A.1,1.B.52,GT51,2.A.7
3.A.1,3.A.1,3.A.1,GH18,9.B.106
2.A.21,PIG-L,CE14,GT4
8.A.59,GH1,9.B.149,2.A.49,GT4
GH23,4.C.1
1.I.1,1.B.14,HTH_IclR,GH16_3,3.A.1,3.A.1,3.A.1,3.A.1,GH1,GH0
9.B.139,9.A.31,3.A.18,Response_reg,GH3
GT2,2.A.37,1.A.33,HTH_1|LysR_substrate,1.A.46,Glyoxalase,HTH_3,2.A.28,4.A.1,2.A.66,CE1
1.A.30,1.A.30,2.A.21,PAS|GAF|HisKA,PL9,2.A.88
2.A.1,PAS|GAF|HisKA|HATPase_c,CBM32|CBM32|GH3|CBM32,2.A.114
GH15,PAS|HisKA|HATPase_c,3.A.23,3.A.1,3.A.1,3.A.1,4.C.1
GH15,1.B.6
GT2,1.A.13,2.A.6,2.A.6,2.A.6,HATPase_c|HisKA,3.A.23,GT4,1.A.26,PAS|Response_reg|HisKA|HATPase_c,GT4,GT2,GH44,GT26
