3.D.1,GT51,HTH_5,2.A.59
3.A.7,GT51,MerR,GT51,PadR,2.A.1,MerR,HD,2.A.66,2.A.66
4.C.1,4.C.1,GT1
2.A.1,cNMP_binding,GH5_28
9.B.51,PIG-L,GT2|GT2
3.A.1,3.A.1,HTH_3,AA3,3.A.1,3.A.1
GT4,GT4,2.A.6,4.C.1,Aminotran_1_2,MarR,2.A.1,2.A.1,HTH_5,HTH_5,3.D.1,Pyr_redox_2,Pyr_redox_2,3.A.1
4.F.1,GT4
3.A.24,GT20
GT4,HATPase_c|HisKA,Trans_reg_C|Response_reg,9.B.111
2.A.64,1.A.1,CSD,GT39,2.A.6,9.B.106,MerR,3.A.1
9.B.18,GH26,GT2
CE14,9.B.106
9.B.106,AA10
2.A.1,AA3
9.B.169,GT4,GT2,GT0
9.B.106,CE4,3.A.7,NUDIX,3.A.1,Penicillinase_R,5.A.1,5.A.1
3.D.10,LysR_substrate|HTH_1,3.D.10,3.D.10,3.D.10,2.A.1,CE14
3.A.11,2.A.1,HTH_5,CBM32
2.A.15,9.B.125,CbiA,3.A.1,3.A.1,3.A.1,3.A.1,CBM32,8.A.21,9.B.106
3.A.11,GH13_30
3.A.1,3.A.1,GH3,4.C.1
GH13_32,2.A.7
9.B.146,2.A.103,GT28
AA2,2.A.14,2.A.1
9.B.20,GH15,Aminotran_1_2|GntR,4.C.1
2.A.64,GH13_30,GT4,3.A.1,3.A.1,3.A.1,3.A.1,3.A.1,2.A.1,BTAD,Trans_reg_C,2.A.1,3.A.3,HTH_5,3.A.1,GH13_26,GH13_10,8.A.5,3.A.24
GH65,TetR_N,9.B.149,TPR_2,Trans_reg_C|BTAD,2.A.1
CBM44,TPR_4|GerE,3.A.1,Pyr_redox_2,3.D.1,2.A.1,3.A.1,3.A.1,3.A.1,TetR_N,8.A.5
2.A.1,HTH_5,2.A.4,2.A.7,Aminotran_1_2|GntR,TetR_N,Pyr_redox,TetR_N,GT1,TetR_N|TetR_C,2.A.22,B12-binding,2.A.76,AsnC_trans_reg,4.A.2,4.A.2
3.A.18,TetR_N,CE14
3.A.1,3.A.1,3.A.1,3.A.1,CE4
2.A.1,DeoRC|HTH_DeoR,GT2,Glyoxalase,2.A.1,3.A.1,3.A.1,Response_reg|GerE,NUDIX,GH129
1.A.23,2.A.109,GT4
GT4,4.F.1
3.A.1,3.A.1,3.A.1,CE4,2.A.38
GH18,Sigma70_r3|Sigma70_r4|Sigma70_r2,SBP_bac_1,3.A.1,3.A.1,1.C.113,4.A.2,HD,GT2,3.A.1,3.A.1
3.A.1,3.A.1,3.A.1,3.A.1,3.A.1,3.A.1,HD,3.A.1,SBP_bac_1,3.A.1,3.A.1,GH3,Rrf2,HTH_3,4.F.1
2.A.1,GH81,3.A.1,3.A.1,3.A.1,GH1
2.A.25,GT4,Aminotran_1_2,LysR_substrate|HTH_1,GT4,2.A.7,AsnC_trans_reg,GH20
3.A.1,3.A.1,3.A.1,3.A.1,GT2,8.A.5,HATPase_c,2.A.6,HTH_5,2.A.4,2.A.33,2.A.38,2.A.38,3.A.1
GH38,3.A.1,3.A.1,3.A.1,Peripla_BP_3|LacI,PfkB,Trans_reg_C|BTAD,2.A.53,STAS,2.A.59
3.A.1,GT35,GH13_3,CBM48|GH13_9,9.B.169,2.A.6,3.A.1,3.A.1,3.A.1,3.A.1
GT51,3.A.1,3.A.1
CBM2|GH18,CbiA,Glyoxalase,2.A.21
GT2,4.A.2,GT4
CE9,GT4,3.A.1,3.A.1
2.A.1,GH3,8.A.7,8.A.8,4.A.1,4.A.1,SIS,GntR,4.A.1,3.A.5
9.B.97,1.E.43,GT2,Whib,Nitroreductase,GH18,GT4,GT4,GT4,GT2
GT4,GT4,Nitroreductase,GT2,3.A.1,3.A.1,GT2,1.C.67
2.A.15,PfkB,GH4
