1.B.14,9.B.34,3.A.15,GH13_10,GH57,GH13_26,GH13_3,GH13_16
GH23,3.A.15,GT51,1.I.1,3.A.11
2.A.21,Response_reg,GT51,8.A.59,dCache_1|GGDEF|PAS,T2SSE,3.A.15
GH15,GT20,TPR_1|TPR_2,3.A.11,8.A.59,1.B.55
3.A.23,GT4,3.A.7
2.C.1,1.A.30,1.A.30,1.A.33,GT51
GT39,GT2,9.B.14
9.B.14,GT2,MarR,GT0,9.B.97,GT4,GT2,GT2,GT4,9.B.144,3.A.5
3.A.23,5.A.1,5.A.1,Glyoxalase,1.B.42,Crp|cNMP_binding,HATPase_c|GAF|HisKA,Response_reg,GH57,GT5,9.B.160,HTH_3|AraC_binding,1.B.52,HATPase_c|HisKA|Response_reg,HD,2.A.7,GH13_11
3.A.1,3.A.1,3.A.1,1.B.33,GT19,3.A.1,GT30,GT9,9.B.18
2.A.21,CE11,Pkinase,3.A.15
9.B.42,GT4,CBM57,3.D.3,3.D.3
GT4|GT4|GT4,GH99,GT4,GT2,2.A.47,GT11,3.A.1,3.A.1,GT2,GT2,5.B.8
3.D.4,3.D.4,AAA,AAA,GT2,3.A.15,3.A.15,1.B.22,3.A.15,3.A.1,3.A.1,Peptidase_M23,9.B.174
3.A.1,GT84|GH94
GT4,GT4,9.B.18,GT4,9.B.18,9.B.18,9.B.18,1.B.73,9.B.42
GT4,TOBE|HTH_1,3.A.1,3.A.1,3.A.1,2.A.107,HTH_18,2.A.59,HTH_5,3.A.1,3.A.1,3.A.1,3.A.1,HATPase_c|HisKA|PAS,Trans_reg_C|Response_reg,3.A.1
GT4,GT2,GT94,GT2,GT4,PL12_3,GT26,9.B.146,TPR_1|TPR_2,1.B.18,CbiA,GT0
3.A.1,GT4,GT4,GT4,GT4,GT4,GT2
3.A.23,Rrf2,3.A.1,CbiA,3.A.1,3.A.1,3.A.1,4.F.1,GH23,3.D.10
3.A.23,3.A.3,2.A.37,GT35
GT9,3.A.23
3.A.25,NIR_SIR_ferr|NIR_SIR,3.A.1,3.A.1,MCPsignal,9.B.18,GH5,GT4,GT4,Nitroreductase,8.A.3,1.B.18
9.B.34,LysR_substrate,GH100,2.A.4,TPR_1|TPR_2,2.A.6,2.A.6,3.A.5,GAF|HD,3.A.1,3.A.1,HTH_5,GT35
2.A.102,SIS,1.A.33,Pyr_redox_2,3.A.20,8.A.7,GT2,8.A.21,3.A.23
5.A.1,GH13_10,9.B.34
GT2,GT9,GT2,GT4,3.A.1,3.A.1,GT2,GT2,GT2,TPR_2,3.A.1,3.A.23,HATPase_c|HisKA|PAS,3.A.11,3.A.15,3.A.15,2.A.64,GH23,9.B.2,MarR,8.A.1,2.A.1
2.A.7,CBM48|GH13_9
2.A.76,1.B.52,5.B.9,5.B.3,GT21,2.A.6
GH77,3.A.16
GT2,1.B.14,3.A.1,HATPase_c|HisKA|Response_reg|PAS,2.A.21,PadR,HTH_5,9.B.34,1.A.30,2.A.96,1.B.73
5.A.3,CheW|Response_reg,GT2
3.A.1,AAA,GH13,Response_reg,MCPsignal,2.A.81,5.A.3,Response_reg,3.A.23,2.A.21,3.A.23,Response_reg,5.A.3,3.D.1
9.B.31,Sigma70_r2|Sigma70_r4,3.A.9,9.B.1,GT5,3.A.10,Fer4,3.B.1,Glyoxalase,1.B.61
2.A.21,HTH_5,GH13_27
GT28,2.A.103,9.B.146
9.B.34,TPR_2,GH23,Fer4,HATPase_c|GAF|HisKA,1.B.52,PAS,2.A.40
GT4,5.A.3
GT35,HATPase_c|dCache_1|HisKA,Trans_reg_C|Response_reg,9.B.18
2.A.21,3.A.23,GT35,3.A.6,3.A.6,3.A.6,3.A.6
GT2,2.A.123,GT83
GT51,9.B.156,9.B.156
GH19,3.D.9,3.D.1,3.D.1,3.D.1,3.D.1,3.D.1,3.D.1,3.D.1,3.D.1,3.D.1,3.D.1,3.D.1,3.D.1,3.D.1,Aminotran_1_2,1.A.77,1.A.77,3.A.2,3.A.2,2.A.7,GH23,3.A.23
