GH13,Peripla_BP_1,3.A.1,3.A.1,3.D.1,9.B.106,9.B.106,2.A.103
8.A.3,9.B.18,9.B.18,GT4,GT25,2.A.66,GT4,9.B.18
GT85,GT53,3.A.3
2.A.15,AA3_2,2.A.25
3.B.1,2.A.1,HTH_1|LysR_substrate,2.A.6,GT4
3.A.1,Peripla_BP_3|LacI,GT20,2.A.79,2.A.79,2.A.40,2.A.1,Trans_reg_C|Response_reg,HisKA|HATPase_c,2.A.38,2.A.38
3.B.1,9.B.111,3.B.1,3.A.1,3.A.1,3.A.1,GT2
GT39,2.A.15,GH23|CBM50,3.A.1
3.A.1,3.A.1,4.B.1,GH13_14,Pribosyltran,1.B.76,TetR_N,2.A.108,GH23
CE14,2.A.1
2.A.86,2.A.22,2.A.22,2.A.5,3.A.1,3.A.1,3.A.1,3.A.1,3.A.1,3.A.1,3.A.1,CE14,Fer4,Aminotran_1_2,2.A.3,GT81,GH32,GT5
CBM48|GH13_9,GH13_3,3.A.1
3.A.1,3.A.1,SBP_bac_3,4.A.1,2.A.1,GH33
3.A.5,FHA,MerR,1.A.8,9.A.40,9.A.40,1.I.1,1.A.35,Pyr_redox_2,2.A.1,GT2
GT4,4.F.1
2.A.6,CBM48|GH13_9
CBM48|GH13_11,GH13_26,GH13_10,PALP,2.A.7
GT28,2.A.103,9.B.146
9.B.106,GT87,GT4,3.D.3,3.D.4,3.D.4,3.D.4
4.C.1,GH77
GH1,2.A.120,4.A.2
CE9,GntR,3.A.1,3.A.1,3.A.1,3.A.1,4.A.1,GH13_29
GT4,4.C.1
3.D.10,3.D.10,HTH_3,Pyr_redox_2,CE1
9.A.47,CbiA,1.E.34,9.B.160,NUDIX,HhH-GPD,1.A.1,Whib,GT51,2.A.63,2.A.63,3.A.1,3.A.1,3.A.1
2.A.7,GT76
3.A.1,GT2,GH15,3.A.7,GT51
