GH4,3.A.1,3.A.1,SBP_bac_1,SIS,GH114
GH92,2.A.1,2.A.1
GH1,3.A.1,3.A.1,3.A.1,LacI|Peripla_BP_3,GT1
GH12|CBM2,AA10|CBM2,4.C.1,Aminotran_1_2,2.A.86,GH64,GntR,GH92,IclR|HTH_IclR,SpoIIE,CBM2|GH5_2,1.I.1
8.A.5,Glyoxalase,GH64
3.A.1,3.A.1,ACT,AA3_2
9.A.25,3.A.1,3.A.1,3.A.1,3.A.1,GerE,GH1
CBM13,PSK_trans_fac,Sigma70_r2|Sigma70_r4_2,CBM4|GH9,GAF|SpoIIE|PAS,8.A.5
GH145,3.A.1,3.A.1,3.A.1,3.A.1
GH2,GT4,2.A.7,GH23|CBM50
3.A.1,3.A.1,3.A.1,4.C.1,3.A.1,3.A.1,3.A.1,Pyr_redox_2,3.A.1,2.A.33,GH3,3.A.1,3.A.1,3.A.1,LacI|Peripla_BP_3,CE4,GH11
3.A.9,4.C.1,GH23|CBM50
3.A.1,GT2,2.A.4
3.A.1,3.A.1,3.D.10,Trans_reg_C,Rrf2,SBP_bac_3,PL27,SBP_bac_3,3.A.1,3.A.1,3.A.1,GH87,GH13_30,3.A.1,3.A.1,3.A.1
GH4,IclR|HTH_IclR,HATPase_c,GerE|Response_reg,2.A.6,GH16_3|CBM6
GT4,4.F.1,CbiA,HD,2.A.15,AA3
GH81,HTH_3,GH1,3.A.1,3.A.1,3.A.1,GH55,3.A.1
CBM6,3.A.1,3.A.1,3.A.1,9.B.106
2.A.28,LysR_substrate|HTH_1,4.C.1,CBM2|GH6,CBM2|GH48
GH2|GH2,8.A.21
GH88,3.A.1
3.A.1,3.A.1,GH5_18,GH85,GH38,CBM13
GH25,2.A.40,9.B.35
1.A.17,GT9,GT9,GT2,2.A.40
CBM2,HTH_IclR,3.A.1,3.A.1,3.A.1,GH2
3.A.1,3.A.1,2.A.6,GT1,GH13_11,FHA,GH13_10
AA10,Peripla_BP_1,NIT|HATPase_c,3.A.1,3.A.1,3.A.1,3.A.1
3.D.3,GH76,GH76
2.A.3,3.A.1,3.A.1,3.A.1,HTH_3,3.A.1,3.A.1,3.A.1,CBM32|GH92,GH67,GH39,SBP_bac_1,3.A.1,3.A.1,CE7,HTH_3|EPSP_synthase,GH26,GH5_41|CBM23,LacI|Peripla_BP_3,GH2,3.A.1,3.A.1,SBP_bac_1,CBM38|GH32,LacI|Peripla_BP_1,SBP_bac_1,3.A.1,3.A.1,GH32
GH3,3.A.1,3.A.1,3.A.1,GntR,GT2,9.B.102,GT2,Trans_reg_C|BTAD,GH3,2.A.1,Pkinase,9.B.18,GT4
9.B.102,GT4,PIG-L,2.A.66,GT2
9.B.1,CBM13|GH62,GH10|CBM13
4.A.7,4.A.7,8.A.7,HTH_IclR,GH11
3.A.1,3.A.1,3.A.1,3.A.1,3.A.1,GH32,CBM66|CBM66|CBM66|GH32|CBM66,2.A.3,PfkB,2.A.38,3.A.3,Trans_reg_C|Response_reg,3.A.1
CBM16|GH18,3.A.1,3.A.1,3.A.1
CBM48|GH13_11,3.A.1,3.A.1,3.A.1,3.A.1,HATPase_c|HisKA,Trans_reg_C|Response_reg,9.B.97,1.B.77,LysR_substrate|HTH_1,GT35,GH13_3,GH13_16,CBM48|GH13_9,MerR,2.A.23
CBM2|GH18,3.A.2,3.A.2,3.A.2,3.A.2,1.A.77,9.B.146
2.A.1,GH135,GT4
CBM12,SpoIIE,GT51,PadR,3.A.1,LysR_substrate|HTH_1,2.A.86
9.A.47,CbiA|Response_reg,CBM16|GH18,9.B.106,2.A.55,2.A.8
1.C.113,2.A.1,TetR_N,GT2,GT2
CE14,3.A.1,3.A.1
2.A.1,Sigma70_r2|Sigma70_r4_2,Glycos_trans_3N,3.A.1,3.A.1,3.A.1,3.A.1,GT2,GT2
GH20,3.D.10,3.D.10,TetR_N,2.A.6,Trans_reg_C|Response_reg,HATPase_c|HisKA,9.B.126
3.A.1,3.A.1,AA3
GH10,8.A.5
3.A.1,GT2
GH13_11,STAS,SpoIIE,CbiA,GH13_3,CBM48|GH13_9,TrkA_C,2.A.1,2.A.1,GT5
3.A.9,Trans_reg_C|TPR_1|BTAD,GT2
3.A.12,8.B.24,CE14,TrkA_C,2.A.37,2.A.36
4.A.2,1.A.8,IclR|HTH_IclR,PTS-HPr,CE4
2.A.6,GH13_30
2.A.1,PadR,GT51
3.A.1,3.A.1,GH23,9.B.105
9.B.34,CBM35,PfkB,CE9,3.A.1,GT20,GT81
2.A.6,2.A.7,3.A.1,3.A.1,TetR_C|TetR_N,GT39
3.A.5,GT2,GT2,3.A.1,TetR_N,GT2,MarR,GT2,GT2,GT2,3.A.1,3.A.1,SBP_bac_1,3.A.24,9.B.106,9.B.106,3.A.1,9.B.174,CE4|GT2,2.A.1
2.A.25,PALP,4.A.1,4.A.1,4.A.1,CBM13
2.A.7,GT51,3.A.1,MerR,2.A.1
GH6,AA5,GT2,AA10,IclR|HTH_IclR,3.A.1,3.A.1,3.A.1
CBM2|GH18,GH1,3.A.1,3.A.1,3.A.1
GT4,GerE,2.A.1
GH20,Pyr_redox_2,Aminotran_1_2,3.A.1
GH3,LysR_substrate|HTH_1,2.A.7,2.A.1
2.A.6,3.A.1,Pyr_redox_2,GH0,GT4,2.A.66,9.B.18,GT4
2.A.1,GT1
GH4,MarR,1.A.23
9.A.40,GH1
3.A.1,IclR|HTH_IclR,GT1,GH51,GH35,Aminotran_1_2,3.A.1,3.A.1,3.A.1
2.A.1,GT87
3.A.1,3.A.1,TetR_N,GT4,GH0
3.A.1,3.A.1,3.A.1,GH13_30,GH13_32,GH13_13|CBM41|CBM41|GH13_13
GT4,4.C.1
9.B.146,Pyr_redox,2.A.103,GT28
2.A.89,GATase_2,Pyr_redox_2,GH46,GH46
3.A.1,3.A.1,3.A.1,3.A.1,3.D.1,TetR_N,GH23
3.A.1,PadR,3.A.1,GH13_30,SBP_bac_1,3.A.1,3.A.1
GH15,Sigma70_r4_2,2.A.21,2.A.7,2.A.7,2.A.21
3.A.1,3.A.1,3.A.1,1.C.109,GT4,HTH_8,GH15,CbiA,NUDIX,3.D.2
GH23|CBM50,3.A.1
GT76,2.A.1,1.A.6
CE4,GT2,GT2,9.B.106,2.A.113,Sigma70_r2|Sigma70_r4_2,3.A.1,3.A.1
4.F.1,GT4
2.A.3,AsnC_trans_reg,2.A.1,GH6,2.A.40,2.A.1,HTH_11,GH18,4.B.1,9.A.40,9.A.40,3.A.24,TetR_N,GH18,AsnC_trans_reg|HTH_11,GT2,2.A.1,2.A.115
1.A.8,NUDIX,GH31,8.A.7,4.A.1
AA3_2,2.A.1
2.A.1,2.A.80,Response_reg,3.A.3,GH15
3.A.24,GT2
2.A.3,MerR,CE4,GT28,Sigma70_r2|Sigma70_r3|Sigma70_r4,GAF|SpoIIE|PAS,2.A.6
GH19,Glyoxalase,LysR_substrate|HTH_1,8.A.5
CBM12,3.A.3,Peripla_BP_2,3.A.1,3.A.1,Nitroreductase,3.A.1,3.A.1,2.A.53
AA10,2.A.6
GT4,HTH_DeoR|Peripla_BP_3,GH154,3.A.1,3.A.1,3.A.1,GH51,LacI|Peripla_BP_3,GH43_12
CBM67|CBM67|GH78,8.A.5,TetR_N,9.B.106,GH16_3|CBM13
3.B.1,CBM35,Glyoxalase,Pribosyltran,3.A.1,GH2,GH2|CBM42,3.A.1,3.A.1,3.A.1,3.A.1,LacI|Peripla_BP_3,GH2,2.A.1,TetR_N,2.A.1,HxlR,GAF|SpoIIE,4.A.2
GH5_51,CBM6|CBM13,CBM13,GAF|SpoIIE|PAS,1.E.43,Glyoxalase,GH43_26,8.A.5
3.A.1,3.A.1,GH3
