GH18,GH18,GH92,8.A.46,1.B.14,Sigma70_r4_2|Sigma70_r2,FecR,1.B.14
8.A.59,GH28,8.A.46,1.B.14,GH36,9.B.111,cNMP_binding,2.A.6,2.A.6,2.A.6,HMA,HTH_18,HMA,3.A.3,GntR,PL17_2|PL17,AraC_binding,2.A.1,1.B.14,8.A.46,1.B.14,8.A.46,PL6_1|PL6_1,FecR,LytTR|Response_reg,9.B.155
3.A.1,GH95,8.A.46,1.B.14,GH20,GH29,1.A.105
GH20,Pyr_redox_2,3.B.1
2.A.23,GH2
9.B.18,GT4,PL1_7,GT4,Aminotran_1_2,GT4,9.B.18,GT4,GT2,Aminotran_1_2,2.A.66,9.B.97,8.A.3,2.A.3
2.A.3,1.B.14,FecR,Sigma70_r4_2|Sigma70_r2,GT83,8.A.46,1.B.14,GH130,2.A.21,HTH_18,3.A.7
3.A.9,2.A.1,GT4,GT4,GH130
3.A.1,GT2,GT2,GT2
GH78,cNMP_binding,9.B.10,3.A.1,FUR,8.A.46,1.B.14
GT2,2.A.7
GH92,9.B.105
1.B.14,FecR,Sigma70_r4_2|Sigma70_r2,GH5_46|CBM6,GH30_1,8.A.46,1.B.14
3.B.1,Peptidase_M23,3.A.1,3.A.1,3.A.1,3.A.1,GH116,GH117,9.B.174,2.A.1,GH130,8.A.46
GH2,GH29,PL33_1,1.B.14,1.B.14
2.A.6,2.A.6,2.A.6,GH29|CBM32,LytTR|Response_reg,8.A.59,1.A.26
3.A.1,GH13_5,9.B.196,4.C.3
1.B.14,FecR,GH30_6
1.B.14,PL9_2,Peripla_BP_1|LacI,GH89,GH35,3.A.1,1.B.14,2.A.21,8.A.46,1.B.14,Peripla_BP_3|LacI,CBM67|GH78,Reg_prop|Y_Y_Y|HisKA|HATPase_c,HTH_18|Response_reg,GH92,1.B.14,GH2,GH127|CBM66,2.A.21,GH36,GH36,GH95,1.B.14,GntR,3.A.1,3.A.1
CBM13,1.B.14
1.B.14,8.A.46,2.A.1,GntR,GH92,2.A.6
8.A.46,1.B.14,FecR,Sigma70_r4_2|Sigma70_r2,9.B.174,CE14
GH18,GH18,8.A.46,1.B.14,FecR,8.A.46,1.B.14
GH73,GH73,9.B.168,3.A.5
3.A.1,GT51,Pribosyltran,1.A.23
CE11,3.A.1
2.A.1,2.A.1,TetR_N,GH9
3.D.1,1.A.8,GH3
9.B.144,GT1
GH29,2.A.1
2.A.66,GT4,9.B.18
9.B.18,1.B.23,GH154,GH125,GH20
GH23,9.A.25,FeoA,9.A.8
3.A.1,HxlR,2.A.1,HTH_18|AraC_binding,2.A.1,GH37,2.A.21,3.A.23,Rrf2,1.B.54,9.B.172,1.B.6,GAF,3.A.1,2.A.6,2.A.6,4.C.1,9.B.153
3.A.1,SKI,TetR_N,GH20,2.A.1
GH3,GH43_28|CBM32,GH144,8.A.46,1.B.14
GT30,3.A.1
2.A.49,GH29,GH3,3.A.1
3.A.5,4.C.1,GT19,1.B.14,8.A.46,8.A.28,HTH_18|AraC_binding,FecR,1.B.14
3.A.2,3.A.2,1.B.14,GH5_4,GH43_9,GH2,GH2,GH42,Reg_prop|Y_Y_Y|HTH_18|HisKA|Response_reg|HATPase_c,GH31,GH3
3.A.1,2.A.1,PfkB,1.B.14,GH32,GH32,8.A.46,1.B.14
GT4,GT4,9.B.18
2.A.1,HTH_5,1.B.14,HD,3.A.1,3.A.1,3.A.1,GT2,9.B.146
9.B.146,2.A.103,GT28
CBM47,GH29,9.B.97,HTH_3,2.A.7
1.B.14,2.A.47,3.D.10,3.D.10,3.D.10,CE9,3.A.1,1.B.14,4.B.1
GT2,GT2,GH99,GT2,3.A.1,GT2,CbiA,GT0,GT32,1.B.6
9.B.20,3.A.23,GT0,Sigma70_r4_2|Sigma70_r2,FecR,1.B.14,1.C.39
9.A.25,GH2
9.A.25,9.A.25,GT51
3.A.2,3.A.2,GT2|GT2,3.A.1
GH3,HATPase_c,9.B.104,9.B.104
1.B.14,GH13_2,GH65,GH13_38,2.A.2
1.A.33,2.A.1,3.B.1,2.A.53,2.A.53,3.D.1,GH1,CE4,1.I.1,3.A.1
GH30_3,GH3,1.B.14
GT51,Sigma70_r4_2|Sigma70_r2,FecR,1.B.14
1.B.14,GH29,TPR_1,1.B.14,8.A.46,GH2,GH63,Reg_prop|Y_Y_Y|HTH_18|HisKA|Response_reg|HATPase_c,1.B.14,8.A.46,GH136,GH2,2.A.103,9.B.157
GT4,3.A.1
GH20,GH20,2.A.8,3.A.1,Sigma70_r4_2|Sigma70_r2,FecR,1.B.14,1.B.14,TetR_N,Sigma70_r2,1.B.6,1.B.14
1.A.11,1.B.66,3.A.18,9.B.172,1.B.6,3.A.9,3.A.1,9.A.25,GH0
GH3,3.A.1
1.B.14,3.A.1,GH29,HTH_18,HTH_18,CBM13,1.B.72
1.B.14,2.A.21,HTH_18|AraC_binding,GH29,GH0,HxlR,GH26,GH158,GT2|GH26|GH158
GH43_34,PL36_2,GT1,GT1,Sigma70_r4_2|Sigma70_r2,FecR,1.B.14
1.B.14,GH141
2.A.102,HTH_18,GT5,HisKA|HATPase_c,3.A.23,3.A.1,3.A.1
GT9,8.A.21,3.A.6,2.A.7,PspC,8.A.28,3.A.12
9.B.33,LytTR|Response_reg,HisKA|HATPase_c,Glyoxalase,GH30_3,GH16_3,1.B.72,Rrf2,3.A.1,HTH_18,SIS,HTH_18,9.B.169,CBM47
2.A.55,MarR,Response_reg|HisKA|HATPase_c,GH20,3.A.1,1.B.14
GH129,8.A.46,1.B.14,1.B.14
2.A.7,1.C.39,cNMP_binding,1.B.39,CBM51,4.C.1,4.C.1,4.C.1,4.C.1,4.C.1,4.C.1,3.A.1
GH31,1.B.14
GT2,2.A.17,2.A.17
1.B.14,HTH_18,1.B.6,GH95,GH95,GH109,dCache_1,1.B.14,8.A.46,LytTR|Response_reg,Reg_prop|Y_Y_Y|HTH_18|HisKA|Response_reg|HATPase_c,HTH_18|AraC_binding,1.B.14,GH2,GH95,GH31,PL38,GH29,GH88,GH29,PL6,PL29,PL29,3.A.3,FUR,2.A.6,2.A.59,8.A.46,2.A.53
5.B.3,Sigma70_r4_2|Sigma70_r2,FecR,1.B.14,8.A.46,GH20
2.A.7,GH29,2.A.6,2.A.6,2.A.6
1.B.14,Sigma70_r4_2|Sigma70_r2,1.A.46,GT83,HTH_5,1.B.81
GT14,HisKA|HATPase_c,2.A.19
1.B.14,GH43_3,SIS,GH20,2.A.1,GH89,GH43_26
GH76,peroxidase,2.A.21,Peripla_BP_3|LacI,Reg_prop|Y_Y_Y|HTH_18|HisKA|Response_reg|HATPase_c,GH31,1.B.14
2.A.21,GH27,NUDIX,GH43_29,GH51,GH43_19|GH43_34,GH145,Reg_prop|Y_Y_Y|HTH_18|HisKA|Response_reg|HATPase_c,1.B.14,GH16_10,Reg_prop|Y_Y_Y|HTH_18|HisKA|Response_reg|HATPase_c,1.B.14,GH30_4,GH35,2.A.21,Peripla_BP_3|LacI,GH127,GH146,HTH_18|AraC_binding,2.A.3,GH51,2.A.51
9.B.126,2.A.21,Sigma70_r4_2|Sigma70_r2,FecR,1.B.14,8.A.46,GH31,PL9_2,GH109,HTH_18,HTH_18|AraC_binding,2.A.1
1.B.14,HTH_18,HTH_18,9.B.20,GH29
GH2,HATPase_c,3.A.23,3.A.23,1.B.13,9.B.143,Glyoxalase,1.A.78
CBM67|GH78,8.A.46,1.B.14
GH18,Pkinase,FHA,2.A.103
GH18,TetR_N,2.A.6,2.A.6,2.A.6
GH20,2.A.1,GH20,2.A.1
GT2,1.A.35,1.A.26,2.A.85
GH136,HTH_18,1.B.14,GH63,LytTR|Response_reg,3.A.1,3.A.1,Guanylate_cyc,1.A.8
GT2,3.A.1,TPR_2,4.C.1,4.C.1,4.C.1,4.C.1,4.C.1
8.A.5,8.A.5,2.A.88,Aminotran_1_2,9.B.158,GH92,1.B.6,2.A.16
4.C.1,GT2,GT2,CBM6,1.B.33,GT4,GT2,CbiA,9.B.18
2.A.1,HTH_18|AraC_binding,GH2
