2.A.6,2.A.6,2.A.6,TetR_N,GH23
1.A.105,9.A.41,2.A.66,GT4,1.B.48
1.B.11,1.B.14,1.A.105,CBS|SIS,GT2,8.A.4,3.A.1,3.A.1,3.A.7
GH23,2.A.21,ATPase_2,2.A.37,1.B.33
1.B.52,GH68|GH68,2.A.2,LacI|Peripla_BP_3,2.A.6,2.A.6,2.A.6,GT2
GH103,2.A.21,Response_reg|GerE,4.C.1,1.B.70,2.A.1,4.C.1
3.A.3,Sigma70_r2|Sigma70_r4_2,2.A.7,Sigma70_r2|Sigma70_r4_2,PfkB,GH65,2.A.14,1.B.76,9.B.62
GH23,3.D.1,LysR_substrate|HTH_1,4.F.1,9.B.34,3.A.5,9.B.43,2.A.72,TPR_2,9.B.14,9.B.14
1.B.14,2.A.40,1.B.14,9.B.35,Pyr_redox_2,CE4,LysR_substrate|HTH_1,GT2,GT14,3.A.1,2.A.53
9.B.18,8.A.3,GT4,GT8,GT0,2.A.66,GT8,GT2,GT4
5.A.3,NIR_SIR|NIR_SIR_ferr|Pyr_redox_2,Cyanate_lyase,9.B.106,1.A.16,1.B.25,3.A.1,3.A.1,3.A.1,3.A.1,Response_reg|ANTAR,CBM48|GH13_11,GT5,CBM48|GH13_9,GT35,GH13_23,2.A.36,9.B.145,2.A.8,HD,2.A.47
GT4,GT4,GT4,Response_reg|Trans_reg_C,HisKA|HATPase_c,2.A.6,9.B.27
GH24,PALP|ACT,2.A.64,GH3,9.B.186,9.A.40,LysR_substrate|HTH_1,1.A.26
GT4,2.A.7
GT0,2.A.25,1.B.14
2.A.66,4.F.1,PL0
2.A.122,Response_reg|Trans_reg_C,GT4
AA3_2,HTH_18,MarR,1.B.14
2.A.1,GT2
AA3_2,2.A.1
2.A.66,GH102
8.A.21,GT51,9.B.160,3.A.1,GT0,1.B.17,3.A.1,8.A.1,8.A.3,GT4,1.B.18,GT4
9.B.18,GT4,3.A.1,3.A.1,3.A.1,3.A.1,3.A.1,GntR,1.B.14
3.A.1,3.A.1,3.A.1,Response_reg|Trans_reg_C,GT4,Response_reg|Trans_reg_C,2.A.106,1.B.14,3.A.7,3.A.7,3.A.7
9.B.146,2.A.103,GT28
1.A.14,1.B.52,1.B.52,8.A.3,2.A.66,GT25,GT2,GT2,GT4,GT4,GT4,GT2,GT2,GT2|GT2,3.A.1
GT20,GH15,1.A.23
1.A.1,AA3_2
2.A.4,GT51
1.B.71,Glyoxalase,2.A.33,GT2,2.A.102,2.A.66,3.A.1,3.A.1,3.A.1,1.B.43
1.C.109,GT2,GT39
2.A.2,LacI|Peripla_BP_3,1.B.14,GH13,GH13_23,GH97
1.E.54,2.A.6,2.A.6,GT4,HTH_3,3.A.1
3.D.10,GT51
9.B.18,GAF|HATPase_c,3.A.23,TPR_2,2.A.3,GH3,GH3,1.B.14,TetR_N,2.A.6,2.A.6,GH23
2.A.1,2.A.1,1.B.14,GH3,LacI|Peripla_BP_3,2.A.1
2.A.98,2.A.1,MASE1|GGDEF,1.B.14,TPR_2,1.B.14,GH31,LacI|Peripla_BP_3,8.A.5
2.A.36,1.B.11,GT4
1.B.14,3.D.4,HTH_DeoR|DeoRC,2.A.7,GH106
8.A.21,8.A.21,GGDEF,PAS|GGDEF|MHYT|EAL,AA2,3.A.1,3.A.1,3.A.1,3.A.1,3.A.1
1.B.14,AA3_2,1.B.14,GH3,LysR_substrate|HTH_1,AA3_2
2.A.1,GT4,GT4,AsnC_trans_reg|MarR,1.A.23,4.C.1,1.B.14
GH130,9.B.27
GT84|GH94,PfkB,4.A.2,3.A.1
1.B.14,Response_reg|Trans_reg_C,HisKA|HATPase_c,3.A.1,3.A.1,3.A.1,2.A.6,TetR_N,GH23,3.A.7,3.A.7,3.A.7,3.A.7,3.A.7,3.A.7,3.A.7
