GH23,3.A.1,3.A.1,3.A.1,3.A.1,3.A.1
3.A.1,ANTAR|Response_reg,PL7_1,2.A.1,9.B.106,NIR_SIR|Pyr_redox_2|NIR_SIR_ferr,3.D.1,1.B.6,Sigma70_r4|Sigma70_r2,1.A.35,4.A.2
GH3,3.A.6,3.A.6,3.A.6,3.A.6,3.A.6,3.A.6,3.A.6,3.A.6,3.A.6,HTH_18,1.C.36,1.C.36,TPR_3,3.A.6,1.C.36,3.A.6,3.A.6,3.A.6,3.A.6,3.A.6,3.A.6
2.A.40,9.B.35,CE4,9.B.43,2.A.40
2.A.37,HTH_1|LysR_substrate,GH102
5.A.3,5.B.5,GH103,2.A.109,PL7_1,GH17|GT2,CSD,2.A.21
2.A.1,GT2,Glyoxalase,HTH_1|LysR_substrate,8.A.5
2.A.63,2.A.63,2.A.63,2.A.63,2.A.63,2.A.8,HTH_8|Diacid_rec,9.B.186,GH50,1.B.6,1.A.62
2.A.1,HTH_IclR|IclR,GT2
GH23,3.A.7
AA10|CBM73,PALP,Pyr_redox_2,9.B.34,2.A.121,CBM32,GT4
2.A.3,GT0,2.A.7,HTH_1|LysR_substrate,2.A.21,1.B.14
GT2,2.A.1
2.A.1,1.A.23,GGDEF|Response_reg,2.A.21,NUDIX,3.A.5,1.A.34,CE11,GT28,2.A.103,9.B.146
GT51,cNMP_binding,3.A.1,3.A.1,3.A.1,1.B.14
2.A.3,GerE,5.A.3,5.A.3,5.A.3,Pyr_redox_2,GT83,GT2,2.A.66,2.A.58,3.A.3
CBM50,9.B.34
1.A.6,HATPase_c,CBM50,Fer4,1.A.30,1.A.30
2.A.3,HisKA|Response_reg|HATPase_c,SBP_bac_3,Response_reg|Trans_reg_C,TetR_N,3.A.1,Pyr_redox_2,AraC_binding|HTH_3,GT30,HTH_1|LysR_substrate,2.A.7,8.A.5,PfkB,3.A.1,GT2,PIG-L,GT4,GT4,GT9,GT9,9.B.34,2.A.36,1.A.23,2.A.102,Aminotran_1_2,CbiA,HTH_1|LysR_substrate,2.A.1
9.B.42,SKI,1.B.22,3.A.11,GT51,3.A.11
2.A.64,MCPsignal,3.A.1,3.A.1,3.A.1,GT2,NUDIX,3.A.1
9.A.40,1.A.34,Response_reg,3.A.1,3.A.1,3.A.1,3.A.7,AA3_2,TetR_N,2.A.15,3.A.1,3.A.1,3.A.1,HTH_18,HTH_1|LysR_substrate,2.A.98,3.A.1
9.B.34,2.A.7,GT4,GT4,GT4,3.A.1,3.A.1,GT4,GT4,9.B.97
2.A.88,TPR_2,2.A.38,CBM50
3.A.5,3.A.1,3.A.1,Sigma70_r4|Sigma70_r2,GT51
2.A.1,2.A.21,HTH_1|LysR_substrate,8.A.59,2.A.21,Response_reg|Trans_reg_C,AA3_2,2.A.1
2.A.103,GH103,GH0
9.B.62,2.A.42,GH23,4.A.1,4.A.1,SIS,CE9
CBM5,TetR_N,2.A.1
1.B.33,GT19,2.A.25
4.A.2,PfkB,4.A.2,2.A.7,GT83,GT2,Aminotran_1_2,AraC_binding,2.A.50,PL5_1,1.B.13,GT2,3.A.1,1.B.12,5.A.3
3.D.6,3.D.6,3.D.6,3.D.6,3.D.6,3.D.6,3.A.1,GT1,Autoind_bind|GerE,SBP_bac_3,2.A.7,2.A.7,NUDIX,1.A.23,2.A.1,1.I.1,2.A.1
2.A.7,CBM32,3.A.1,3.A.1,3.A.1,3.A.1,9.B.34
GT4,MASE2|Guanylate_cyc,HTH_18,3.A.1,3.A.1,2.A.38
GT0,GT4,GT4,9.B.146,9.B.18,Aminotran_1_2,2.A.1,8.A.1
9.B.104,9.B.164,GH0
1.A.13,GH166,GAF,GT4,2.A.66
GH23,3.A.1
3.A.7,LexA_DNA_bind,TetR_N,GH3,2.A.3,3.D.5,3.D.5,3.D.5,3.D.5,3.D.5,3.D.5
9.B.34,MCPsignal,GH23
3.A.1,3.A.1,GT104,MarR,HTH_1|LysR_substrate,2.A.102
3.A.7,GH23
1.B.52,GAF,HTH_3,CBM22,HTH_3,1.A.16
3.A.7,GH23
9.B.153,1.B.25,HTH_1|LysR_substrate,GH37
GT5,GH13_10,GH77,GH13_26,CBM48|GH13_11,CBS,4.D.2,CBM48|GH13_9,GH13_16,GH13_3,9.B.20,GT35
