GH23,2.A.6,2.A.6,2.A.6,TetR_N,1.I.1
2.A.109,GH3,2.A.35,9.B.160,HhH-GPD,3.A.11,3.A.7,9.A.40
2.A.7,GH65,2.A.2,1.A.26
1.A.33,GT4,2.A.21
2.A.2,1.B.14,3.A.1,2.A.1,Aminotran_1_2,GT2,3.A.1,3.A.1,9.B.97,3.A.1,3.A.1,3.E.2,HTH_1|LysR_substrate,1.B.42,1.B.42,3.A.1,3.A.1,3.A.1
2.A.1,2.A.1,2.A.25,Pkinase,1.A.22,2.A.28,GT19,3.A.1,3.A.1,3.A.1
GT28,2.A.103
GH102,2.A.108,2.A.108,2.A.108,1.B.40
3.D.1,9.B.145,1.B.14,CBM50
9.B.146,Nitroreductase,HTH_1|LysR_substrate,1.E.14,2.A.122,8.A.3,1.B.18,9.B.18,9.B.18,GT4
1.A.34,HTH_7,2.A.88,MarR,1.B.17,GT51,1.B.22
3.A.1,GT2
GT30,Sigma70_r4,Sigma70_r4,1.B.40,3.A.15,3.A.15,3.A.15,9.B.105,9.B.24,2.A.111,3.D.5,3.D.5,3.D.5,3.D.5,3.D.5,3.D.5,3.A.11
9.B.143,9.B.186,GT9
3.D.4,3.D.4,3.D.4,2.A.20,GT4,2.A.1,2.A.55
GH103,1.B.6
4.C.1,HD,Pribosyltran,GH23
3.A.1,3.A.1,2.A.1,HTH_18,1.B.14,TetR_N,GT9
3.A.12,2.A.22,GH13_4,1.B.14
GH23,2.A.1
2.A.13,TPR_2,3.A.1,CBS,1.I.1,GT104,3.A.16,1.B.14,3.A.1,8.A.21,HD,AAA,2.A.15,3.A.3,9.B.10,3.A.1,3.A.1,3.A.1,3.A.1,2.A.50,GT35,GH13_11,3.A.1
9.A.40,GH77|CBM48|GH13_9,3.A.1
8.A.7,CBM50,3.A.11
GT2,3.D.6,2.A.40,2.A.6,3.A.1,CBM50,9.B.1
3.D.1,2.A.47,2.A.38,3.A.1,3.D.10,GT51
