GH73,3.A.23,3.A.23,3.A.23
1.B.1,2.A.7,GT2
GT4,HisKA|HATPase_c|Response_reg|PAS,PIG-L,GT2,3.A.23,3.A.23,GT9,GT2,GT9,3.A.1,3.D.10,2.A.1
5.A.3,5.A.3,5.A.3,GT51,1.B.1
2.A.1,3.A.23,HTH_18,CBM32,8.A.3,GH39
GH13_10,9.A.40,HisKA,2.A.7,LysR_substrate|HTH_1,TOBE|HTH_1,3.A.1,3.A.1
3.A.23,1.A.30,3.A.23,1.E.43,3.A.23,3.A.23,3.A.23,3.A.23,GH73,3.A.23,3.A.23,3.A.23,3.A.23,3.A.23,3.A.23,GT1,2.A.1,1.B.17,8.A.1,GH32,GH68
2.A.21,9.B.157,HD,GH78
2.A.1,AA3_2
GT1,2.A.1,GT2,1.B.17
3.A.3,9.B.153,HTH_IclR,Aminotran_1_2|GntR,3.D.1,1.A.46,9.B.44,2.A.55,AraC_binding,3.A.1,1.B.12,3.A.23,HTH_6,3.A.1,3.A.1,3.A.1,3.A.1,3.A.1,LysR_substrate|HTH_1,CBM50,LysR_substrate|HTH_1,1.B.1
GT51,CheC,Response_reg,2.A.21
GH37,2.A.1
GH23,1.C.36,1.C.36,TPR_3,3.A.6,3.A.6,3.A.6,3.A.6,1.B.22
2.A.1,LysR_substrate|HTH_1,2.A.76,AsnC_trans_reg|MarR,2.A.20,4.C.1,GerE|Autoind_bind,3.A.1,3.A.1,GT2,CbiA,1.B.55,GH8,4.D.3
2.A.1,2.A.21,FIST,Response_reg,AA5_2
GT4|GT4,9.B.97,AraC_binding,Aminotran_1_2,Pribosyltran,9.B.160
AA10,Pyr_redox_2,2.A.21
3.A.1,3.A.1,3.A.1,Sigma70_r4,1.B.1,SBP_bac_1,3.A.1,LysR_substrate|HTH_1,1.B.14,3.A.1,3.A.1,3.A.1,1.A.62,GT51,LysR_substrate|HTH_1,3.D.4
4.C.1,LysR_substrate|HTH_1,GntR,CE9,SIS,4.A.1,4.A.1,GH20,3.D.4,3.D.4,Whib,3.A.1
8.A.5,2.A.1,AA3_2,3.A.6,3.A.6
GH73,2.A.40,9.B.143,1.B.1,GT21,CSD,Whib,9.B.10,GH23,1.B.22,3.A.15,3.A.15,3.A.15
GT51,1.B.22,SKI,HD,3.A.1,3.A.1,3.A.1,3.A.1,GATase_2,Pyr_redox_2,2.A.25,3.A.1,3.A.1,3.A.1,3.A.1,STAS,3.A.1,3.A.1
9.B.106,GGDEF|EAL,2.A.66,GT4,GT4,3.A.23,GH2
9.B.18,1.B.18,GT4
9.B.160,2.A.6,TetR_N,2.A.6,2.A.6,2.A.6,9.B.146,GT4,GT9,GT30
2.A.49,GT9,2.A.1
3.A.1,GT2,9.B.146,9.B.18,3.A.1,3.A.1,3.A.1,3.A.1,5.B.1
3.D.6,TetR_N,GH15,3.A.12,1.I.1,Rhodanese,3.A.1,GT4,GT9,GT4,GT9,GT2,2.A.1
3.A.9,2.A.1,TetR_N,GT4
GH87,1.A.12
1.B.33,GT19
2.A.39,CE4,Whib,1.A.22,Whib,TPR_2,GT51
8.A.28,1.A.23,GT4
GT2,2.A.7,GT83
CBM50,Sigma70_r4|Sigma70_r2|Sigma70_r3,1.A.14
2.A.1,2.A.55,3.A.23,3.A.23,AA5_2,1.B.6,1.B.40
3.A.1,3.A.1,3.A.1,3.A.1,3.A.16,9.A.55,2.A.76,HTH_18,2.A.1,GH23,2.A.7,2.A.1,9.B.34,2.A.1,LysR_substrate|HTH_1,2.A.117,LysR_substrate|HTH_1,9.B.62,HATPase_c,3.A.1
3.A.1,3.A.1,3.A.1,GH103
GH3,Response_reg|HTH_8,GT104,4.F.1
GT20,3.A.1,GT4,Pyr_redox,3.A.1
GT21,CBM32,3.A.1,3.A.1
2.A.1,GT20
CE11,9.A.41
GT4,GT4,3.A.1,3.A.1,8.A.4,1.B.18,GT4,GT107,9.B.27
3.A.5,CE11
GT28,2.A.103,9.B.146
1.A.30,FlhC,FlhD,GT4,1.A.8
2.A.76,1.B.48,dCache_1|MCPsignal,AA7,AA10,3.A.1,2.A.1,2.A.4
AA3_2,3.A.1,3.A.1,3.A.1,3.A.1,3.A.1,3.A.1,3.A.1,3.A.1,CbiA,2.A.45,3.A.2,3.A.2,3.A.2,3.A.2,3.A.2,3.A.2,3.A.2,4.C.1
