3.A.1,3.A.1,3.A.1,Penicillinase_R,HMA,GT51,Peptidase_M23,3.A.14,3.A.14
3.A.1,3.A.1,3.A.1,GH36,2.A.98,3.A.1,GH1,HTH_11,4.A.7,4.A.7
4.A.3,GH163,GH136,3.A.1,3.A.1,3.A.1,3.A.3,3.A.3,3.A.7,CBM50,GH13_29,4.A.1
4.A.1,HTH_18|AraC_binding,GH1,Glyoxalase,GH1,2.A.123,Mga|HTH_11,4.A.3,4.A.3,GH1,GH1,3.A.7
GH32,4.A.1,3.A.5
2.A.6,Glyoxalase,CE4,1.I.1
GH36,3.A.1,3.A.1,3.A.1,GH13_18,GH13_31,Pribosyltran,3.A.1,3.A.1,3.A.1,3.A.1,3.A.1
GH73,GT4,GT2,3.A.1,GT8,GT2,GT4,GT2
3.A.1,3.A.1,CE4,ACT,3.A.1,3.A.1,3.A.1,3.A.1,2.A.49,HhH-GPD,2.A.66,Aminotran_1_2,HTH_DeoR|DeoRC,PfkB,4.A.2,3.A.1
GT5,CBM48|GH13_9,3.A.1,3.A.1
3.A.1,3.A.1,3.A.1,Aminotran_1_2,GH1,4.A.3,4.A.3
GH2,PfkB,2.A.2,EPSP_synthase,3.A.2,3.A.2,3.A.2,3.A.2,3.A.2
PL12_1,CBM70|PL8_1,4.A.6,4.A.6,4.A.6,GH88,4.A.6
3.A.1,3.A.1,3.A.1,CE9,3.A.1,3.A.1,3.A.1
3.A.1,CE1,3.A.1,3.A.1,3.A.1,GH1,4.A.1,TPR_1,2.A.86
2.A.66,1.C.82,Glyoxalase,3.A.12,GH32,3.A.1,3.A.1,3.A.1,Peripla_BP_3|LacI,Glyoxalase,3.D.1,3.A.3,3.A.1,3.A.1,2.A.21,Trans_reg_C|Response_reg,3.A.1,3.A.1,3.A.1,3.A.1,GT4,GT4
2.A.103,GH25,2.A.88
4.A.6,4.A.6,GH35
GH16_8|GH20,2.A.118
GT100,GT2,GT2,GT2,GT4,GT4,9.B.18,8.A.3,8.A.3
GT51,CSD,3.A.1,3.A.1,Rhodanese,3.A.1,PadR,4.A.1,GntR,GT35,GH77,3.A.9
4.A.7,4.A.7,4.A.7,CBM41|CBM41|GH13_41|CBM41|CBM41|GH13_12,Peripla_BP_3|LacI,3.A.1,3.A.1,3.A.1,4.A.3,4.A.3,4.A.3,Mga|HTH_11,GH1,GH4,3.A.1,3.A.1,3.A.1,3.A.1
GH77,3.A.1,3.A.1,3.A.1,Peripla_BP_1|LacI,CBM68|GH13_14,2.A.115,8.A.5,GT2,3.D.10
