4.A.1,9.B.174,GT28
3.D.4,3.D.4,GH73
2.A.38,2.A.109,GT28,2.A.1,2.A.25,2.A.86,TrkA_C,1.A.26
1.E.11,GH73
CBM50,3.A.5,3.A.11,3.A.11
GT2,8.A.5,9.A.40,CE9,4.A.2,PfkB,HTH_DeoR|DeoRC,2.A.1,2.A.47,8.A.5,9.B.10,MarR,3.A.1,3.A.1
GH73|CBM50,2.A.20,3.A.1,3.A.1
2.A.120,3.A.1,3.A.1,3.A.1,2.A.115,2.A.41,3.A.1,GT2,3.A.1,3.A.1,GT26,FeoA|Fe_dep_repr_C|Fe_dep_repress,3.A.1,3.A.1,3.A.1,2.A.36,2.A.63,2.A.63,2.A.63,2.A.63,2.A.63,2.A.63,2.A.7
9.B.10,GT4,GT4
GH13_29,4.A.1,Pyr_redox_2,GATase_2,LysR_substrate|HTH_1,9.B.141,NUDIX,CBM50|CBM50,3.A.1,3.A.1,3.A.1,Aminotran_1_2,PALP,2.A.22,3.D.1,9.B.10
4.A.1,GT51,9.A.39,4.C.1
2.A.45,GH73
9.B.46,9.B.14,LytTR|Response_reg,PfkB,GH32,Peripla_BP_1|Peripla_BP_3|LacI,1.A.11,9.B.102,9.B.102,HTH_DeoR,3.A.1
3.A.2,3.A.2,3.A.2,3.A.2,3.A.2,1.A.77,GT0
3.A.1,2.A.1,2.A.1,1.C.113,9.A.5,3.A.1,3.A.1,3.A.1,2.A.1,2.A.15,GH1,4.A.3,4.A.3
8.A.5,MerR,PL8_1,Peptidase_M23,GT4
2.A.35,Pyr_redox_2,GH73,3.D.1
2.A.7,4.A.1,2.A.122,1.E.14,LysR_substrate|HTH_1,2.A.6,3.A.9,9.A.8,FeoA,2.A.6,TetR_N,3.A.3,HMA,Aminotran_1_2,GT2,Pyr_redox,9.B.97
2.A.3,4.C.1,AA3_2,2.A.15,2.A.11
4.A.2,9.B.74,GH73,GT8,GT4,3.A.5,3.A.5,3.A.5,3.A.5
8.A.3,8.A.3,TetR_N,GT2,CE4,9.B.97
GH0,2.A.1,2.A.58,2.A.14,CBM50,Trans_reg_C|MarR,3.A.1,3.A.1,3.A.1
9.B.18,GT4,2.A.66,GntR,2.A.1,3.A.1,3.A.1,3.A.1
8.A.3,8.A.3,9.B.18,GT4,GT4,9.B.18,GT0,2.A.4,3.A.1,3.A.1,4.C.1
GT2,GT2,Hemerythrin,9.B.33,LytTR|Response_reg,1.E.14,2.A.122,3.D.4,GntR,4.A.1,GH1,PfkB,2.A.7,Peripla_BP_3|LacI,2.A.1,Peptidase_M23,3.A.1,3.A.7,3.A.7,3.A.7,3.A.7,3.A.7,3.A.7
