GT4,4.C.1,GT30,GT9,1.B.14,1.B.18,8.A.3
9.B.18,GT4,9.B.18,9.B.18
GT1,HTH_1|LysR_substrate,4.C.1,ACT,9.B.34,GntR,HTH_DeoR|DeoRC,SIS,2.A.56
9.B.146,Pyr_redox_2,2.A.103,GT28,CE11,3.A.5,NUDIX,2.A.102,HTH_1|LysR_substrate,1.A.62,3.A.1
3.A.23,8.A.5,NUDIX,8.A.7,2.A.102,2.A.58,HTH_1|LysR_substrate,HTH_5,2.A.66,9.B.105,Response_reg|LytTR,9.B.33,2.A.114,GH3,1.A.34,3.A.1,GH23,Trp_repressor,1.B.33,3.A.9
1.B.33,9.B.34,CBS,GH19|CBM5,2.A.96,2.A.25,Pyr_redox,HTH_1|LysR_substrate,1.A.1,2.A.15
2.A.68,HTH_1|LysR_substrate,GH23
9.B.34,TPR_1,3.A.1,3.A.1,3.A.1,Peripla_BP_3|LacI,4.A.1,GH13_29,Trans_reg_C,2.A.115
GH20,3.A.3,1.B.1
GH73,4.A.1,8.A.7,8.A.8,PALP,2.A.121,8.A.21
2.A.17,2.A.37,MarR,CE9,4.A.1
4.C.1,CbiA,GH103,HTH_1|LysR_substrate,2.A.41,Response_reg|Trans_reg_C,HisKA,GH108
2.A.6,GT2
2.A.117,1.A.16,3.A.1,5.B.5,5.A.3,GH36,2.A.119,3.A.1,3.A.1,3.A.1,3.A.1,3.A.1,3.A.23,9.B.100,PspC,2.A.6,8.A.1,2.A.6,Aminotran_1_2,2.A.22,1.B.52,3.A.23,3.A.1,3.A.1,3.A.1,9.B.34
9.B.34,CSD,2.A.7,AA2,HTH_DeoR|DeoRC,3.A.1,3.A.1,3.A.1,3.A.1,1.B.52,2.A.102
4.C.1,CBM73,NUDIX,MCPsignal,9.B.34,3.A.1,1.B.52,1.A.14,3.A.1,3.A.1,3.A.1,3.A.1
9.B.18,GT4,GT4,GT4,GT4,3.A.23,HisKA|HATPase_c|Response_reg,CbiA,1.B.18,STAS,9.B.34
3.D.4,3.D.4,3.D.4,3.A.3,5.A.1,Crp|cNMP_binding,GH73,3.A.1,3.A.1,3.A.1,3.A.1,3.A.1,1.A.11,5.A.3,5.A.3
9.B.34,1.A.33,9.B.124,HTH_18,9.B.34,SBP_bac_3,GT4,GT4,GT2,9.B.18,2.A.25,3.A.1,3.A.1,8.A.59,Glyoxalase,2.A.42,SBP_bac_3,8.A.59
2.A.34,5.A.2,9.B.34,CBM34|GH13_21,3.A.1,3.A.1,3.A.1
5.A.3,Peripla_BP_3|LacI,GT5,3.A.7
3.A.23,2.A.37,2.A.37,GH23
GT19,1.B.33
2.A.22,CBM73|GH18,2.A.16,9.B.34,3.D.5,3.D.5,3.D.5,3.D.5,3.D.5,3.D.5,3.D.5,2.A.1,Sigma70_r4|Sigma70_r2,1.B.10
GH102,3.A.7
1.A.8,HTH_DeoR|DeoRC,1.A.35,9.B.8,Peripla_BP_3|LacI,dCache_2|MCPsignal,2.A.2,GH5_13
GH2,2.A.3,2.A.3,GH63
3.A.5,3.A.16,1.B.1,1.A.34,2.A.6,2.A.6,Aminotran_1_2,dCache_1|HATPase_c|PAS|HisKA|Response_reg,3.A.1,3.A.1,3.A.1,3.A.1,3.A.1,GH9,GH20,GH94,3.A.1,3.A.1,3.A.1,1.A.11,Diacid_rec,2.A.8,GT51
3.A.5,9.B.14,9.A.40,GH23,9.B.27,3.B.1,3.B.1
GH23,1.B.52
GH4,4.A.3,4.A.3,4.A.3,CE4|CBM12,1.B.42,1.B.42
1.B.22,GT51
CBM50,Fer4,2.A.47
CBM50,2.A.38,2.A.38,1.C.113
2.A.115,2.A.62,9.B.97,TetR_N,GH18
GH13_11,GH133,3.A.1,GH13_38,CBM41|CBM41|GH13_13,2.A.3
GT35,GH77,GH13_9,MCPsignal,2.A.76,MarR|AsnC_trans_reg,B12-binding,AA10,1.B.52,EAL,8.A.59,2.A.58,Glyoxalase,HTH_1|LysR_substrate,HTH_1|LysR_substrate,2.A.19,9.B.27
3.A.1,3.A.1,GH1,3.A.1,Peripla_BP_3|LacI,SBP_bac_3,3.A.1,3.A.1,3.A.1,3.A.1,3.A.1,GH149,Peripla_BP_3|LacI,GH17,GH16_3,HTH_18|AraC_binding,GH3
2.A.6,TetR_N,Peripla_BP_3|LacI,3.A.1,3.A.1,3.A.1,GH2,1.B.3,GH36,2.A.2,Fer4,1.B.14,GyrI-like|HTH_18,3.A.23
4.A.2,HTH_18,PTS-HPr,4.A.2,4.A.2,GH92,GH92,GH92,GH92,GH92,4.A.2,2.A.56,2.A.56,IclR|HTH_IclR,3.D.1,GH2
9.B.34,SBP_bac_3,GH13_37|CBM69,9.B.55
CBM50,1.I.1,1.B.14,1.B.52,MCPsignal,SBP_bac_1,3.A.1,3.A.1,3.A.1,GGDEF,TPR_1,1.A.13
3.A.1,3.A.1,2.A.66,GT4,GT4,8.A.3,9.B.18,3.A.1,3.A.1,3.A.1,3.A.1
GH13_27,1.B.52,1.B.52,9.A.5,9.B.143,CBM50,2.A.1,2.A.41,GGDEF|CHASE,1.B.52,HTH_3,9.B.34
AA3_2,3.A.1,3.A.1,3.A.1,4.A.2
1.A.33,Rhodanese,GyrI-like,8.A.1,2.A.6,9.B.20,2.A.42,2.A.102,1.B.52,AA10|CBM73,2.A.7,9.B.196,2.A.118
2.A.1,HisKA|HATPase_c,HTH_8|Response_reg,HTH_18,GH18
GH13_27,1.B.52,1.B.52,CBM13,2.A.1,2.A.61,9.B.1
GT44,3.A.1,8.A.1,3.A.1
9.B.186,1.B.52,2.A.6,8.A.1,8.A.5,HTH_3,2.A.49,2.A.55,3.A.25,Rhodanese,9.B.34,GH18,TrmB,9.B.34,PAS|MCPsignal,9.B.186,3.D.4,3.D.4,3.D.4,2.A.76
1.B.1,9.B.34,2.A.7,2.A.1,HTH_1|LysR_substrate,9.B.34,GH20,2.A.21,SIS|HTH_6,3.A.1,3.A.1,TetR_N,2.A.4,MarR,Glyoxalase,Glyoxalase,1.I.1,1.C.67
3.A.7,GH23
5.B.5,SIS|HTH_6,2.A.56,2.A.56,2.A.56,CE9,SBP_bac_5,2.A.6,2.A.6
2.A.1,1.B.6,4.A.3,3.A.1,3.A.1,3.A.1,3.A.1,CBM5,EAL|MASE1,CE2,SBP_bac_3,1.B.52,3.A.1,4.C.1,4.C.1,4.C.1,Peripla_BP_2,1.B.14
2.A.6,2.A.6,HisKA|HATPase_c,Response_reg|Trans_reg_C,GH129,2.A.42,3.A.1,5.B.1,Peripla_BP_3|LacI,4.A.7,4.A.7,4.A.7,CBS,3.A.23,9.B.34,3.A.1
2.A.59,HTH_5,SBP_bac_3,9.B.156,9.A.5,GH13_19
8.A.1,9.B.34,3.A.1,3.A.1,3.A.1,3.A.1,3.A.1,3.A.1,GntR,1.B.14,3.A.1,CE9,4.A.6,4.A.6,4.A.6,4.A.6,SIS,HTH_DeoR|DeoRC,HTH_DeoR|DeoRC,2.A.7
GT2,3.A.1,HTH_1|LysR_substrate,1.I.1,GntR,2.A.56,2.A.56,2.A.56
3.A.1,PL8_3,GH112,GH88,2.A.53,TetR_N,1.B.52,3.A.1,3.A.1,3.A.1,3.A.1,GH154,PL8_3,MarR|AsnC_trans_reg,2.A.21
