2.A.75,GT35,1.B.12,GH103
5.A.1,2.A.42,2.A.42,Peripla_BP_3|LacI,1.B.40,GH102
1.B.40,2.A.4,GH23
GT5,GH13_11,CBM48|GH13_9,5.A.3,5.A.3,5.A.3
3.A.1,3.A.1,3.A.1,Trp_repressor,1.B.46,3.A.1,3.A.1,3.A.1,3.A.1,GH77
3.A.1,3.A.1,DeoRC|HTH_DeoR,SIS,4.A.6,4.A.6,4.A.6,GH35,4.A.6,3.A.1,3.A.1,1.A.34,3.A.9,1.A.14
2.A.23,CE11,GT28,2.A.103,9.B.146
8.A.3,1.B.18,9.B.18,9.B.18,Aminotran_1_2,GT2,GT52,2.A.66,1.B.9,TetR_N,2.A.6,2.A.6
9.B.21,2.A.16,2.A.121,3.D.10,3.D.10,1.B.40,1.B.6,2.A.76,1.B.22,GT51
2.A.102,NUDIX,3.A.1,3.A.1,3.A.1,SBP_bac_3,SpoVT_AbrB,2.A.66,GH2
1.B.14,1.B.14,1.A.30,9.B.24,AAA,9.B.157,9.B.157,9.B.157,3.D.2,3.D.2,9.B.14,GT2,GT2,GT25,GT52,CBM50
1.A.35,MetJ,2.A.21,2.A.13,CE9,2.A.7,2.A.7,1.B.40
4.A.3,GH29,3.A.1,3.A.1,3.A.1
5.A.1,GT0,9.B.146,2.A.6
1.B.40,CBM50
1.B.42,1.B.42,GT30
2.A.113,2.A.25,GT9
GT9,3.A.11
GT26,9.B.128,GT56,GT51,3.A.1,3.A.1,3.A.1,3.A.1,2.A.1,3.D.5,3.D.5,3.D.5,3.D.5,3.D.5,3.D.5,NTP_transf_2,3.A.1,5.A.3,5.A.3,GT32,3.A.1,3.A.1,3.A.1,3.A.1,HTH_3,GH32
3.A.1,3.A.1,3.A.1,3.A.1,ACT,2.A.35,9.B.14,TPR_1,3.A.1,3.A.1,3.A.1,5.B.3,2.A.36,3.A.1,3.A.1,GH23
1.B.40,4.A.1,8.A.7,8.A.8,GT19,2.A.6,2.A.6,3.A.5
GT2,2.A.37,AAA,3.A.1,3.A.1,3.A.1,3.A.1
2.A.25,4.A.1,AAA,GH3,Pribosyltran,HTH_1|LysR_substrate,GT25,GT25,GT8,GT2
