2.A.59,Peptidase_M23,3.A.3,3.A.3,HTH_5,9.B.62,Peptidase_M23,HTH_5,2.A.89,AraC_binding,HTH_5,2.A.1,3.A.3,HMA,Peptidase_M23,9.B.14,5.A.1,9.B.62,Trans_reg_C|Response_reg,HisKA|HATPase_c,HMA,3.A.3,GH65
2.A.10,2.A.1,3.A.1,3.A.1,3.A.1,2.A.102,GT2
GT2,3.A.1
GT76,2.A.7
2.A.63,2.A.63,GT51,Whib,1.A.1,HhH-GPD,NUDIX,9.B.160,1.E.34,CbiA,3.A.7
CE1,Pyr_redox_2,HTH_3,3.D.10,3.D.10,3.D.10
4.C.1,GT4
3.A.3,HMA,3.A.3,2.A.7,5.A.1,9.B.14,HTH_3,2.A.69,GT0
3.A.1,3.A.1,3.A.1,3.A.1,GT2
GT39,2.A.15,GH23|CBM50,3.A.1
2.A.3,GH23
9.A.40,9.A.40,CE14
GH13,2.A.1,2.A.1
2.A.3,GT81,GH32,GT5,Sigma70_r4_2|Sigma70_r2,2.A.64,3.A.1,CBS,3.A.1
CBM48|GH13_9,GH13_3,3.A.1,NUDIX,GH25,3.A.1,3.A.1
3.A.1,3.A.1,3.A.1,GH3,4.A.1
5.A.1,GT4,4.F.1,2.A.6,TetR_N,2.A.38,2.A.38,GT87
9.B.148,TetR_C|TetR_N,CBM48|GH13_11,HxlR,GH13_26,GH13_10,PALP,2.A.7,3.A.1
GT28,2.A.103,9.B.146
9.B.106,GT87,GT4,3.D.3,3.D.4,3.D.4,3.D.4
2.A.81,9.B.140,3.A.1,3.A.1,2.A.89,GT4
GT4,GT4,GT4,9.B.18,Aminotran_1_2,9.B.18,8.A.3
4.C.1,GH77
3.A.1,Aminotran_1_2,GH13_16,2.A.69,3.A.1,3.A.1,3.A.1,Pyr_redox_2,GntR,3.A.1,3.A.1,3.A.1,3.A.1
2.A.28,9.B.102,9.B.143,CE1,CE1
GT4,GT2,GntR,2.A.7,3.D.2
GH2,2.A.2
2.A.76,HTH_11|AsnC_trans_reg,1.C.113,CBM5
2.A.21,Trans_reg_C|Response_reg,MerR,2.A.1,TetR_N,2.A.1,2.A.1,2.A.79,GT20
3.A.1,Peripla_BP_2,3.A.1,HTH_5,GH76,Pribosyltran,Rhodanese,2.A.1,3.A.9,2.A.27,Pyr_redox_2,3.A.1,3.A.1,3.A.1
2.A.6,GH39,GT4,9.B.18,GT4,GT4,GT4,3.B.1,CE5,CE1,CE1,GT89,GT2
