2.A.109,9.B.105,2.A.7,GH103,1.A.33
2.A.40,9.B.35,CE4,5.A.1,9.B.34,Pribosyltran,1.B.14,GT28,CE11,Peptidase_M23,2.A.106
1.B.1,HTH_5,GT30,4.C.1
2.A.53,Aminotran_1_2,3.A.1,2.A.6,2.A.6,2.A.4,2.A.3,3.A.1,9.B.146,GT51,3.A.11,1.B.22
2.A.6,9.B.1,GH23,GH23,2.A.1
GT2,3.A.1
CBM50,HTH_1|LysR_substrate,2.A.1,Glyoxalase,2.A.28,EAL,2.A.114
GH103,2.A.103,3.A.1,3.A.1,Aminotran_1_2,2.A.6,2.A.6,2.A.6,HTH_1|LysR_substrate,3.A.1,3.A.1,3.A.1,3.A.1,2.A.7
GT51,Glycos_trans_3N,2.A.23
2.A.3,PIG-L,GT2,BLUF,2.A.27,2.A.37
3.D.4,3.D.4,3.D.4,3.D.4,4.A.2,CE4,GT2
3.A.1,1.E.43,3.A.3,9.B.20,2.A.46,MarR|AsnC_trans_reg,2.A.76,HTH_1|LysR_substrate,2.A.117,TetR_N,2.A.1,AAA,CBM32
4.C.1,2.A.1,3.A.1,3.A.1,3.A.1,HTH_1,5.B.1,HTH_18,9.B.153,2.A.1,HTH_18,2.A.8,9.B.97,GH108
3.A.1,3.A.1,3.A.1,3.A.1,TetR_N,GT19,1.B.14
2.A.76,GH108
9.B.34,3.A.1,3.A.1,3.A.1,3.A.1,GH23
GT51,9.B.104,3.A.1,3.A.1,1.B.14
GT2,CE4|GH153,2.A.23,9.B.10,2.A.15,2.A.15,TetR_N,AA3_2,2.A.3,9.B.143,HTH_1|LysR_substrate,2.A.1
GT20,2.A.1
GT4,9.B.174,GH3,SKI,2.A.8
3.A.7,HxlR,3.A.1,2.A.76,GT4,2.A.23
1.B.25,4.C.1,2.A.1,1.A.62,2.A.109,2.A.1,GH25
GH23,PALP,TetR_N,1.B.14,CBM50,3.A.11,TetR_N,2.A.1,HTH_18,3.A.2,3.A.2,3.A.2,3.A.2,3.A.2,3.A.2,3.A.2,3.A.2,FUR,3.A.1,3.A.1,2.A.76
2.A.14,9.B.18,GT2,GT4,GT2,2.A.66,1.B.18,8.A.3,2.A.66,CBM32
