GT4,1.B.52,Rrf2,3.A.1,3.A.1,2.A.3,TetR_N,2.A.1
2.A.15,Nitroreductase,1.B.52,HMA,3.A.3,2.A.1,GH13_31
9.B.74,MarR,SBP_bac_1,3.A.1,3.A.1,GH42,GH36
3.A.9,2.A.66,2.A.1,CE9
CE4|CBM50|CBM50,3.A.1,3.A.1,3.A.1,9.B.20,2.A.3,EAL|GGDEF|PAS,Aminotran_1_2,4.A.1,2.A.7,CE4
GT51,GT5,GT35,Rhodanese,8.A.5,3.A.1,3.A.1,3.A.1,1.A.35
1.A.22,GH32,dCache_1|GGDEF,3.A.1,1.A.8,4.C.1
2.A.37,CBM34|GH13_20,3.A.1,3.A.1,3.A.1,GH13,LacI|Peripla_BP_3,GH65,2.A.115,2.A.25,2.A.45
GT2,GT4,3.A.1,3.A.1,GT0,2.A.50,CBM41|CBM41|GH13_14
2.A.58,GH13_5,3.A.1,3.A.1,3.A.1,Sigma70_r4_2,GH57
2.A.25,3.A.1,3.A.1,3.A.1,3.A.1,HD,2.A.5,GH73,2.A.85
3.A.1,2.A.1,GH3
9.B.10,GH31,GH23,1.A.1,2.A.7
GH3,SIS,4.A.1
2.A.1,TetR_N,2.A.1,GntR,4.A.1,GH1
1.B.52,PL9_2,PspC,Glyoxalase,1.B.52
GH42,3.A.1,3.A.1,3.A.1
CBM34|GH13_20,2.A.63,2.A.63,2.A.63,2.A.63,2.A.63,2.A.63,2.A.63,Rrf2,3.A.1,3.A.1,3.A.1
2.A.21,2.A.88,GH13_31,GGDEF,9.A.40,9.B.10,HD,2.A.22,3.A.1,3.A.1
GT4,2.A.115,3.D.3,3.D.3,3.D.3
GT28,9.B.146
2.A.86,GT2
GH13_14,2.A.1,HTH_DeoR,2.A.66,2.A.1
GT2,AsnC_trans_reg,Aminotran_1_2,2.A.86,8.A.7,2.A.1,4.A.1,4.A.1
3.A.1,HTH_3,3.A.1,HATPase_c,Trans_reg_C|Response_reg,3.A.1,3.A.1,4.A.1,9.B.34,CBS,1.B.52,HTH_18,GT2|GT4
GH13_31,Aminotran_1_2,3.A.1,3.A.1,3.A.1,GH73,3.A.3,3.A.3
1.A.29,Aminotran_1_2,9.B.18,GT4,2.A.66,9.B.18
2.A.66,GT4,GT4,GT4,9.B.18,9.B.18,8.A.3,8.A.3
2.A.86,HATPase_c|HisKA,EAL|GGDEF|PAS,2.A.1,1.A.33,EPSP_synthase,3.A.2,3.A.2,3.A.2,3.A.2,3.A.2,GT0,Pribosyltran,3.A.1
3.A.1,GntR,EAL|GGDEF|PAS,4.A.1,GH13_29,2.A.25,9.B.34,3.A.1,3.A.1,3.A.1
GT2,2.A.108
9.B.149,2.A.66,2.A.6,GH13_14
GT26,MarR,LacI|Peripla_BP_3,2.A.6,TetR_N,CBS,2.A.20
2.A.3,2.A.1,NUDIX,GH3
