3.A.4,EAL,2.A.7,3.A.1,3.A.1,3.A.1,3.A.1,LysR_substrate|HTH_1,LacI|Peripla_BP_3,GH2,2.A.1
2.A.81,GntR,4.A.1,GH4,9.B.51,PALP,2.A.8,LysR_substrate|HTH_1,2.A.1,2.A.7
2.A.2,GH31,4.A.2,4.A.2,4.A.2,Glucokinase,HTH_6|SIS,GH4,4.A.1,2.A.40,2.A.27,1.A.8,3.A.1,2.A.2
GT2,GT30,GT2,GT4,GT4,GT9,GT9,GT73,GT9,GT9,Aminotran_1_2,GT2,1.A.34
2.A.14,4.A.2,9.B.32,8.A.1,GH127,2.A.2,AraC_binding|HTH_18,2.A.1,IclR|HTH_IclR,3.D.1,Aminotran_1_2,GH13_19,GH73,HTH_18|Peripla_BP_3,3.A.1,3.A.1,3.A.1,9.B.44,9.B.97,1.E.53,3.A.1,CSD,HTH_3,2.A.1,2.A.1,PfkB,LacI|Peripla_BP_1,9.B.186,5.A.3,2.A.1,3.A.1,3.A.1,3.A.1,3.A.1,3.A.1,CbiA,GT2
1.B.55,GH8
GT2,4.D.3,GH8,1.B.55,EAL|GGDEF,2.A.23,PfkB,9.B.121,2.A.1,9.B.126,LysR_substrate|HTH_1,GerE,GH24,GH37,Pyr_redox_2,2.A.21,Trans_reg_C|Response_reg,9.A.8,9.A.8,9.A.8,Pribosyltran,2.A.8,Pyr_redox_2,Rrf2,2.A.17,9.B.4,2.A.20,Pyr_redox_2,3.A.23,2.A.47,HTH_1,1.A.26,3.A.1,3.A.1,3.A.1,3.A.1,3.A.1,LysR_substrate|HTH_1,Aminotran_1_2,GT2,GT83,2.A.7,2.A.7,2.A.86,2.A.1,2.A.88,3.A.3,3.A.5,3.A.1,3.A.1,Sigma70_r4|Sigma70_r2,GntR|Aminotran_1_2,Aminotran_1_2,2.A.42,3.A.1,3.A.1,3.A.1,3.A.1,3.A.1,3.A.1,2.A.1,IclR|HTH_IclR,3.A.1,3.A.1,3.A.1,3.A.1
2.A.8,CBM48|GH13_9,CBM48|GH13_11,GT5,GT35,Rhodanese,9.B.104,DeoRC|HTH_DeoR,GerE,GT35,GH77
GT51,1.B.22
GT51,PTS-HPr,4.A.2,1.B.42,1.B.42,1.B.42,CBS|SIS,2.A.19,3.A.1,3.A.1,3.A.1,3.A.1,3.A.1
9.B.124,1.E.34,9.B.27,GntR,2.A.1,2.A.23,2.A.109,GH43_11,HTH_18,2.A.2,Pyr_redox_2,Sigma70_r4,3.A.1,3.A.1,3.A.1,3.A.1
9.B.120,2.A.1,GH23,HhH-GPD,2.A.56,2.A.56,2.A.56,9.A.4,3.A.15
GH1,HTH_6|SIS,1.C.113
9.B.120,LysR_substrate|HTH_1,CBM50,HTH_5,3.A.4
2.A.42,2.A.117,LysR_substrate|HTH_1,PL0,PL22|PL22,2.A.1,LacI|Peripla_BP_1,2.A.1,GH32,1.B.15,PL22_1|PL22,3.A.1,3.A.1,3.A.1,3.A.1,AraC_binding,LysR_substrate|HTH_1,3.A.1,4.A.3,GH1,GntR,LacI|Peripla_BP_3,4.C.1,2.A.1,8.A.5,2.A.109,NUDIX,4.A.2
3.A.1,3.A.1,3.A.1,3.A.1,CbiA,GH102
CBM50,Sigma70_r4|Sigma70_r2|Sigma70_r3,2.A.1,LysR_substrate|HTH_1,MarR,1.E.53,1.B.11
3.A.1,3.A.1,3.A.1,1.B.14,3.A.1,3.A.1,3.A.1,3.A.1,LacI|Peripla_BP_3,Glucokinase,4.A.3,4.A.3,4.A.3,4.A.3,1.B.3,GH1,3.A.23
3.D.1,3.D.1,3.D.1,3.D.1,3.D.1,3.D.1,GH1,4.A.1,LacI|Peripla_BP_3,5.A.3,2.A.52,Pyr_redox_2,3.A.23,CBS|SIS,DeoRC|HTH_DeoR,4.A.4,4.A.4,4.A.4,GH103,3.A.1,3.A.1,3.A.1
1.E.43,1.E.56,GH19
GH23,HATPase_c|HisKA,3.A.23
9.B.209,EAL|MASE1,GH105,2.A.2,GH28,GH1,Pribosyltran,2.A.40,2.A.86,1.B.33
4.A.1,GH1,1.B.17,9.B.27,GH3,3.A.1,3.A.1,3.A.1,3.A.1,MerR,9.B.33
1.E.33,GH23
2.A.1,2.A.6,2.A.6,8.A.1,3.A.1,3.A.1,3.A.1,AsnC_trans_reg,GerE|Autoind_bind,3.A.1,3.A.1,3.A.1,3.A.1,3.A.1,2.A.23,GerE,Trans_reg_C|Response_reg,HATPase_c|HisKA,5.A.3,5.A.3,5.A.3,Citrate_synt,AlkA_N|HhH-GPD,9.B.22,2.A.109,1.B.73,1.B.18,8.A.3,9.B.18,GT4,GT4,GH39,GT4,GT2
3.A.1,3.A.1,GT111|GT8,Pyr_redox,GT2,GT4,GT2
GT2,1.B.1,HD,2.A.7,9.B.34,GerE,GH13_5,3.A.1,PALP,3.A.1,3.A.1,GerE|Autoind_bind,GerE|Response_reg,4.F.1
1.E.1,GH24,2.A.42,2.A.1,2.A.2,3.A.1,3.A.1,3.A.1,GT20,2.A.2,GH105,9.B.158
3.A.1,3.A.1,3.A.1,CBM50
2.A.107,4.A.6,4.A.6,4.A.6,2.A.109,EAL,NUDIX,PL17_1,PL38,SBP_bac_1,3.A.1,3.A.1,3.A.1,PL38,4.C.1
5.A.2,2.A.34,GntR,Pyr_redox,2.A.36,GH23,GH37,2.A.2,1.B.15,GH3,AraC_binding|HTH_18,2.A.1,SBP_bac_3,3.A.1,3.A.1,LysR_substrate|HTH_1,9.B.35,4.A.2,2.A.1,3.D.1,2.A.40,3.D.1,3.D.1
GH13_16,3.D.4,2.A.66,2.A.1,LysR_substrate|HTH_1,3.A.1,2.A.1
2.A.17,HhH-GPD,3.D.6,3.D.6,3.D.6,3.D.6,3.D.6,3.D.6,HHA,GH1,3.A.1,9.B.102,Aminotran_1_2,4.A.1
2.A.1,GH2
3.A.1,3.A.1,3.A.1,3.A.1,3.A.1,HTH_3,2.A.1,2.A.7,HTH_18,MarR,2.A.95,2.A.1,2.A.47,GH33,2.A.109
9.B.159,Pyr_redox_2,CBM48|GH13_11,GH13_26,GH13_10,9.B.12,3.D.5,EAL,2.A.6
2.A.1,TetR_N,2.A.1,5.A.3,5.A.3,5.A.3,3.A.1,3.A.1,3.A.1,AraC_binding|HTH_18,GH78,2.A.2
2.A.1,SBP_bac_3,3.A.1,3.A.1,2.A.3,1.B.14,HTH_3,2.A.7,3.A.1,CE8
GH108,1.E.56,1.E.43,Fer4,1.B.1,3.A.18,1.A.35
2.A.2,GH43_11
GH108,1.E.5
3.A.7,AraC_binding|HTH_18,GH3,2.A.2
1.B.39,1.B.14,2.A.23,CE0,GH4,AraC_binding|HTH_18,4.A.3,4.A.3,4.A.3
2.A.1,DeoRC|HTH_DeoR,8.A.5,PfkB,2.A.1,GH18,8.A.5,9.B.99,GT9,9.B.34,AraC_binding|HTH_18,2.A.1,9.B.34,2.A.76,Sigma70_r2|Sigma70_r4_2,FecR,1.B.14,3.A.1,3.A.1,3.A.1,3.A.1,8.A.59,9.B.34
3.A.1,3.A.1,3.A.1,3.A.1,Glucokinase,3.A.1,3.A.1,3.A.1,TetR_N,1.B.14,Pyr_redox_2,GH3,1.B.14,4.A.1
2.A.1,GT2
2.A.40,AA6,2.A.3
4.A.2,4.A.2,4.A.2,4.A.2,HTH_18,9.B.34,GerE,GerE,1.B.35,PL2_1,3.A.1,3.A.1,3.A.1
CE4,GntR,2.A.39,9.B.35,2.A.40,LysR_substrate|HTH_1,3.A.1,3.A.1,3.A.1,LysR_substrate|HTH_1,5.A.1
2.A.42,TetR_N,AraC_binding|HTH_18,GH4,2.A.1,HTH_18,TetR_C|TetR_N,2.A.1,GntR,3.A.1,3.A.1,3.A.1
4.A.6,4.A.6,4.A.6,SIS,GH88,3.A.1,1.A.14
GT4,3.A.1,3.A.1,3.A.1
2.A.81,TetR_N,2.A.1,2.A.1,9.B.105,DeoRC|HTH_DeoR,2.A.1,3.A.1,3.A.1,3.A.1,3.A.1,3.A.25,LacI|Peripla_BP_3,2.A.1,GH31,3.A.1,GntR,GH1,8.A.5,2.A.45,Fe_dep_repress|Fe_dep_repr_C,1.B.6,2.A.7,3.A.1,3.A.1,3.A.1,1.A.23,1.B.14,Glycos_trans_3N,1.I.1,2.A.1,LysR_substrate|HTH_1,TetR_N,3.A.1,3.A.1,3.A.1,3.A.1,9.B.15,4.D.2,1.A.14
2.A.1,1.B.25,4.A.1,CE9
5.A.3,Peripla_BP_1,3.A.1,3.A.1,3.A.1,PfkB,2.A.39,HTH_8,LacI|Peripla_BP_3,2.A.1,Peripla_BP_1,3.A.1,3.A.1,HTH_3,2.A.114,3.A.1,2.A.1,3.A.1,3.A.1,3.A.1,4.C.1,1.B.14,3.A.1,3.A.1,3.A.1,1.E.53,2.A.15,TetR_N,AA3_2,3.A.1,3.A.1,3.A.1,SBP_bac_3,GntR|Aminotran_1_2,2.A.76,GntR|Aminotran_1_2,2.A.7,3.A.1,3.A.1,3.A.1,3.A.1,3.A.1,2.A.6,8.A.1,3.A.3,1.B.14
2.A.1,1.A.23,LacI|Peripla_BP_3,2.A.1,2.A.3,1.B.14,8.A.5,3.A.1,PfkB,1.B.3,4.A.1,GH32,LacI|Peripla_BP_3|Peripla_BP_1,HTH_3,GH1,4.A.1,LysR_substrate|HTH_1,3.A.1,3.A.1,3.A.1,3.A.1,3.A.1,3.A.1,3.A.1,3.A.1
2.A.17,2.A.3,Trans_reg_C,LysR_substrate|HTH_1,GH28,Trans_reg_C,9.B.20,2.A.1
1.B.3,4.A.1,GH42,GH53,3.A.1,3.A.1,3.A.1,3.A.1,EAL,2.A.113,3.A.5,2.A.115
CBM34|GH13_21,2.A.3,2.A.26
3.A.1,3.A.1,3.A.1,2.A.3,GH28,2.A.3,3.A.1,3.A.1,3.A.1,3.A.1,3.A.1,3.A.1,3.A.1,3.A.1
1.B.14,9.B.18,1.B.18,GT2,GT4,GT4
GH23,2.A.1,LysR_substrate|HTH_1,3.A.1,3.A.1,3.A.1
GT19,1.B.33
3.A.1,1.A.62,2.A.49,3.A.1,3.A.1,3.A.1,1.B.14,GT51,8.A.2,CBM41|GH13_13,3.A.15,1.B.22,3.A.15,3.A.15,3.A.15,3.A.15,3.A.15,3.A.15,3.A.15,3.A.15,3.A.15,3.A.15,3.A.15
2.A.3,2.A.2,GH43_26,9.B.125,3.A.15,3.A.15,NUDIX,3.A.5,CE11,GT28,2.A.103,9.B.146
GH23,3.A.1,4.B.1
3.A.3,LacI|Peripla_BP_3,4.A.1,GH13_29,4.A.3,GH4,4.A.3,HTH_6|SIS,3.A.23
3.A.1,3.A.1,3.A.1,3.A.1,9.B.22,1.B.33,9.A.40,2.A.1,GH42
CBM50,3.A.1,2.A.25,1.A.23,3.D.10,3.D.10,2.A.7,9.B.13
3.A.1,3.A.1,2.A.3,2.A.13,5.A.1,GT2,TetR_N,2.A.109,2.A.1
1.B.14,GH23
9.B.21,HEM4,TPR_2,2.A.3,GT26,9.B.128,GT56,2.A.66,Aminotran_1_2,GT0,9.B.146,3.A.6,1.I.1,LysR_substrate|HTH_1,9.B.120,GntR,2.A.39,PfkB,4.B.1
2.A.4,Trans_reg_C|Response_reg,HATPase_c|HisKA,2.A.7,AraC_binding|HTH_18,AraC_binding|HTH_18,3.A.1,3.A.1,3.A.1,3.A.1,GH91,2.A.1,GH36,LacI|Peripla_BP_1,HTH_3,2.A.78,4.A.7,4.A.7,3.A.23,GH88,4.A.6,4.A.6,4.A.6,GH43_10,5.A.3,5.A.3,5.A.3
1.A.77,3.A.2,3.A.2,3.A.2,3.A.2,3.A.2,3.A.2,3.A.2,3.A.2,PL9_1,SIS,3.A.1,3.A.1,3.A.1,3.A.1
