3.A.23,GH0|GH19
2.A.1,2.A.7,GH23,2.A.1,2.A.76,9.A.55,3.A.16,3.A.1,3.A.1,3.A.1,3.A.1
3.A.1,3.A.1,3.A.1,3.A.1,GGDEF|GAF,CBM32,CBS,9.B.102
3.A.1,3.A.1,SBP_bac_1,GH42,3.A.1
2.A.1,Fer4,4.C.1,GerE|Autoind_bind,2.A.7,GT5,Peripla_BP_3|LacI,2.A.1
GT2,3.A.1,GT4,GT9,GT2,GT9,GT0,3.D.1,PIG-L,GT2,3.D.4,3.D.4
1.A.14,Sigma70_r2|Sigma70_r4|Sigma70_r3,CBM50
GT83,2.A.7,GT2
GT4,1.A.23
2.A.21,PALP,GT51,TPR_2,1.A.22,HTH_1|LysR_substrate,9.B.35,9.B.43,PAS|GGDEF|EAL,CE4,2.A.39
2.A.39,B12-binding|CBS,2.A.7,8.A.21,8.A.7,GT19,1.B.33
2.A.1,3.A.1,GT2,GT2,GT9,1.I.1,3.A.12,GH15,TetR_N,3.D.6
2.A.1,GT20,3.A.1,3.A.1,HisKA|HATPase_c,Trans_reg_C|Response_reg,3.A.1,3.A.1,3.A.1,3.A.1,1.B.1
GT9,1.B.1,2.A.109
2.A.1,GH166,GT4,2.A.66,dCache_1,Aminotran_1_2,HisKA|HATPase_c,Trans_reg_C|Response_reg,2.A.1,2.A.1,8.A.5,GGDEF,GT0,TetR_N,2.A.1,2.A.1,2.A.6
3.D.4,3.D.4,4.A.1,4.A.1,SIS,CE9
1.B.20,EAL,2.A.36,3.A.1,GH64
1.B.1,HTH_1|LysR_substrate,2.A.40,GH73
3.D.1,GH23
2.A.3,9.B.104,3.A.6,3.A.6,AA3_2,2.A.1
3.A.15,3.A.15,3.A.15,1.B.22,GH23,9.B.10
AA3_2,3.A.1,3.A.1,3.A.1,3.A.1,3.A.1,CbiA,2.A.45,1.A.77,3.A.2,3.A.2,3.A.2,3.A.2,3.A.2,3.A.2,3.A.2,4.C.1,3.A.1,3.A.11,3.A.1,Aminotran_1_2,3.A.1,PadR,MerR,3.A.3,2.A.3
GT4,FlhD,FlhC,1.A.30,1.A.30
5.A.1,9.B.14,2.A.1,9.B.21,GT51,1.B.22,SKI,HD,3.A.1,3.A.1,3.A.1,3.A.1,GATase_2,Pyr_redox_2,3.A.1,3.A.1,3.A.1,3.A.1,STAS,3.A.1,3.A.1
2.A.1,GH102,4.C.1
9.B.146,2.A.103,GT28
CE11,3.A.5
GT51,HTH_IclR|IclR,3.A.1,3.A.1,3.A.1
9.B.27,GT107,GT4,1.B.18,GT4|GT2|GT4,GT4,GT4,3.A.1,3.A.1,8.A.4,9.A.41,CE11,Aminotran_1_2,2.C.1,2.C.1,1.A.30,1.A.30
GT2|GT2,3.A.1,3.A.1,GT0|GT2|GT4,GT4,GT2,9.B.18,GT4,GT9,GT30
1.A.43,9.A.4,GH23
GH103,3.A.1,3.A.1,3.A.1
GH3,HTH_8|Response_reg,GT104,4.F.1
GT20,3.A.1,GT4,GntR,CBM32,GT21,3.A.1,3.A.1,3.A.1
5.A.3,5.A.3,5.A.3,9.B.126,1.B.1,GT4|GT4,9.B.97,Aminotran_1_2,Pribosyltran,9.B.160
3.A.1,9.B.33,LytTR|Response_reg,2.A.1,CBM50,cNMP_binding,2.A.39
9.B.34,GH28,CBM48|GH13_11
3.D.10,GH23,GH28
3.A.23,GH0|GH19
2.A.7,HisKA,9.A.40,HTH_1|LysR_substrate,GH13_10
GT4,GT4,GT2,8.A.3,1.B.18,9.B.18
1.B.52,Aminotran_1_2,HTH_1|LysR_substrate,9.B.34,GT20,5.A.3,5.A.3,5.A.3,2.A.1
GH37,2.A.1
GH0,9.B.157
2.A.70,2.A.70,GT20,GntR,3.A.1,3.A.1,3.A.1
2.A.102,Sigma70_r4_2|Sigma70_r2,9.B.115,CE8,GH28|GH28
1.B.52,CBM32
9.B.153,1.B.52,CBM32
9.B.211,CbiA,GT2,4.D.3,GH8,1.B.55,HTH_1|LysR_substrate,1.B.19,AA2,HTH_1,3.A.1,1.B.1
3.A.23,GH23
2.A.8,Rhodanese,1.B.25,AraC_binding|HTH_3,2.A.17,2.A.7,GT2
GT51,2.A.6,3.A.1,3.A.1,3.A.1,3.A.1,1.B.14,HTH_3,1.A.30
GT2,Trans_reg_C|Response_reg,dCache_2|HATPase_c,GerE|Response_reg,2.A.6
1.B.11,1.B.6,3.A.23,3.A.23,1.B.6,3.A.23,3.A.23,3.A.23,GT60,3.A.23,3.A.23
2.A.4,HTH_1|LysR_substrate,2.A.6,2.A.6,1.B.17,GH135,3.A.1,3.A.1,HTH_18|AraC_binding,GT21,B12-binding,2.A.1
2.A.1,3.A.1,3.A.1,3.A.1,3.A.1,HD,2.A.1,2.A.20,2.A.7,GntR|Aminotran_1_2,3.A.1,3.A.1,SBP_bac_1,3.A.1,3.A.1,GH42,2.A.1,GH53,HTH_1|LysR_substrate,MarR|AsnC_trans_reg,2.A.76,1.B.1
2.A.1,GH31,1.B.1,1.B.52
GH127,2.A.2,HTH_18|AraC_binding,GH29|CBM32|CBM13,3.A.1
2.A.1,3.A.1,3.A.1,Response_reg,AA3_2,TetR_N,GT1,2.A.1,GT2,1.B.17,8.A.1,GH18|CBM12|CBM5
GH13_26,GH77,GH13_10,GH13_11,CBM48|GH13_9,GH13_16,GH13_3|GH13_3,1.B.52,cNMP_binding,1.A.30
2.A.3,1.B.1,GH33
1.B.52,GT51,1.B.1,EPSP_synthase,2.A.49,MarR,CBS,HTH_1|LysR_substrate,2.A.19
GH12,1.B.52
8.A.5,GH166,GT4,2.A.66,HTH_IclR|IclR,2.A.1
CBM32,2.A.6,2.A.6,2.A.6
CBM32,GH54|CBM42,1.B.52,HTH_5,9.B.102,9.B.102,2.A.4
