1.A.30,GH23,3.A.6,3.A.6
3.A.1,3.A.1,3.A.1,3.A.1,GntR,3.A.1,3.A.1,3.A.1,3.A.1,GH103
2.A.16,HisKA|Response_reg|HATPase_c,GT51
1.A.77,3.A.2,3.A.2,3.A.2,3.A.2,3.A.1,GntR,GH103,9.B.125
3.A.1,3.A.1,Peripla_BP_1,HTH_1|LysR_substrate,2.A.7,MarR,HTH_1|LysR_substrate,3.A.1,3.A.1,3.A.1,3.A.1,GT4
GT1,GT4,GT4,GT1,1.A.23,3.A.1,3.A.1,3.A.1,3.A.1,3.A.1,3.A.1
3.A.1,3.A.1,3.A.1,GerE,GT2
GH42,GH4,3.A.1,3.A.1,SBP_bac_1,HTH_IclR|IclR,3.A.1,3.A.1,3.A.1,3.A.1,HATPase_c,Trans_reg_C|Response_reg,3.A.1,3.A.1,3.A.1,3.A.1
2.A.66,CBM50
GT107|GT107,9.A.41
9.B.146,Pyr_redox_2,2.A.103,GT28
CE11,1.B.33,2.A.49
3.D.2,3.D.2,MerR,9.B.102,3.A.1,3.A.1,3.A.1,3.A.1,GT4,GT30
GT51,3.A.9
GH3,2.A.1
GH23,3.A.1,3.A.1,3.A.1
2.A.1,HTH_1|LysR_substrate,3.A.7,3.A.7,3.A.7,3.A.7,HTH_1|LysR_substrate,3.A.7,GH23
GT2,Rhodanese,1.B.33,4.C.1
GT2,GT26,GT2,GT2,9.B.18,3.A.1,3.A.1
3.A.1,3.A.1,3.A.1,SBP_bac_1,DeoRC|HTH_DeoR,SIS,PfkB,CE4,CE4,1.A.23
9.B.14,1.E.54,GH108
3.D.4,GT2
3.A.1,GH103,3.A.23,GH103
3.B.1,2.A.1,HTH_3,AA3_2,TetR_N,3.A.1,3.A.1,3.A.1,2.A.75
3.D.4,3.D.4,3.D.4,3.A.11,3.A.7,HATPase_c|PAS,GH23,3.A.7,1.B.6,CbiA,9.A.47
3.A.1,3.A.1,3.A.1,CBS,8.A.5,GH25
2.A.98,5.A.3,5.A.3,GH23
3.A.1,3.A.1,GT51,1.A.11,Aminotran_1_2,Rhodanese,GT14
2.A.56,DctP,AA3_2
8.A.59,HATPase_c,9.B.43,3.D.4,3.D.4,2.A.40,AraC_binding,CE4,9.B.35,3.A.1,3.A.1,3.A.1,3.A.1
GH23,3.A.12
8.A.59,SBP_bac_3,cNMP_binding,B12-binding,GT4,HTH_1|LysR_substrate,2.A.56,2.A.56,GntR,1.A.1,3.D.3,3.D.3,3.E.2,FMN_bind_2,3.A.1,3.A.1,3.A.1
1.B.42,4.A.2,GT14,GT2,GT4,GT2
3.A.1,3.A.1,3.A.1,2.A.4,2.A.1,Pyr_redox_2,NUDIX,GT4,1.B.18,9.B.18,9.B.18,1.B.14,PfkB,LacI|Peripla_BP_3,3.A.1,SBP_bac_1,3.A.1,3.A.1
GT2,GT2|GT2,GT31|GT2,8.A.4,3.A.1
