2.A.88,TPR_2,2.A.38,CBM50
3.A.5,3.A.1,3.A.1,Sigma70_r2|Sigma70_r4,GT51
2.A.1,2.A.21,LysR_substrate|HTH_1,8.A.59,LysR_substrate|HTH_1,AA3_2,2.A.1
2.A.103,GH103,GH0
9.B.62,2.A.42,GH23,4.A.1,4.A.1,SIS,CE9
CBM5,TetR_N,2.A.1
1.B.33,GT19,2.A.25
2.A.1,AraC_binding|HTH_18,4.C.1,LysR_substrate|HTH_1,8.B.24,1.C.1,Peripla_BP_3|Peripla_BP_1|LacI,4.A.2,PfkB,4.A.2,2.A.7,GT83,GT2,Aminotran_1_2,AraC_binding,2.A.50,PL5_1,1.B.13,GT2,3.A.1,1.B.12,3.D.1
3.D.6,3.D.6,3.D.6,3.D.6,3.D.6,3.D.6,3.A.1,GT1,GerE|Autoind_bind,SBP_bac_3,2.A.7,2.A.7,NUDIX,1.A.23,2.A.1,1.I.1,2.A.1
2.A.7,CBM32,3.A.1,3.A.1,3.A.1,9.B.34
GT4,Guanylate_cyc|MASE2,HTH_18,3.A.1,3.A.1,2.A.38
GT0,GT4,GT4,9.B.146,Aminotran_1_2,2.A.1,8.A.1
2.A.1,GT2
GH23,3.A.7
1.B.14,2.A.21,LysR_substrate|HTH_1,2.A.7,GT0,2.A.3
GT9,3.A.23
GT4,CBM32,2.A.121,9.B.34,Pyr_redox_2,PALP,AA10|CBM73
GT2,HTH_IclR|IclR,2.A.1
8.A.5,LysR_substrate|HTH_1,GT2,2.A.1
2.A.21,CSD,GH17|GT2,PL7_1,2.A.109,GH103,5.B.5,5.A.3
GH102,LysR_substrate|HTH_1,2.A.37
1.B.22,GT4,3.A.1,GT4,GT2,GT4
2.A.40,3.A.23,9.B.43,CE4,9.B.35,2.A.40,GntR,2.A.4,Sigma70_r4_2|Sigma70_r2,FecR,1.B.14
3.A.6,3.A.6,3.A.6,3.A.6,3.A.6,3.A.6,1.C.36,3.A.6,TPR_3,1.C.36,1.C.36,HTH_18,3.A.6,3.A.6,3.A.6,3.A.6,3.A.6,3.A.6,3.A.6,3.A.6,3.A.6,GH3
4.A.2,1.A.35,Sigma70_r2|Sigma70_r4,1.B.6,3.D.1,NIR_SIR_ferr|Pyr_redox_2|NIR_SIR,9.B.106,2.A.1,PL7_1
3.A.1,3.A.1,3.A.1,3.A.1,3.A.1,GH23
GT35,9.B.20,GH13_3,GH13_16,4.D.2,CBS,CBM48|GH13_11,GH13_26,GH77,GH13_10,GT5
GH23,9.B.18,GT2,GT4,GH39,GT4,GT4,2.A.66
1.B.14,1.B.19,HEAT_PBS,3.A.1,3.A.1,3.A.1,Fer4,GntR,GH18,4.C.1,3.A.1,3.A.1
GH37,LysR_substrate|HTH_1,1.B.25,9.B.153,2.A.1,Sigma70_r4_2|Sigma70_r2,8.A.1,LysR_substrate|HTH_1,3.A.3
1.A.16,HTH_3,CBM22,HTH_3,GAF,1.B.52
2.A.59,TrmB,GH23,3.A.7
2.A.102,LysR_substrate|HTH_1,MarR,GT104,3.A.1
GH23,MCPsignal,9.B.34
3.D.5,3.D.5,3.D.5,3.D.5,3.D.5,3.D.5,2.A.3,GH3,TetR_N,LexA_DNA_bind,3.A.7
3.A.1,GH23
2.A.66,GT4
GH0,9.B.164,9.B.104
2.A.1,1.A.23,GGDEF|Response_reg,2.A.21,NUDIX,3.A.5,1.A.34,CE11,GT28,2.A.103,9.B.146
GT51,cNMP_binding,3.A.1,3.A.1,3.A.1,1.B.14
2.A.3,GerE,5.A.3,5.A.3,5.A.3,Pyr_redox_2,GT83,GT2,2.A.66,2.A.58,3.A.3
CBM50,9.B.34
1.A.6,HATPase_c,CBM50,Fer4,1.A.30,1.A.30
3.A.1,Pyr_redox_2,AraC_binding|HTH_3,GT30,LysR_substrate|HTH_1,2.A.7,8.A.5,PfkB,3.A.1,GT2,PIG-L,GT4,GT4,GT9,GT9,9.B.34,2.A.36,1.A.23,2.A.102,Aminotran_1_2,CbiA,LysR_substrate|HTH_1,2.A.1
9.B.42,SKI,1.B.22,GT51,3.A.11
2.A.64,MCPsignal,3.A.1,3.A.1,3.A.1,GT2,NUDIX,3.A.1
9.A.40,1.A.34,Response_reg,3.A.1,3.A.1,3.A.1,3.A.7,AA3_2,TetR_N,2.A.15,3.A.1,3.A.1,3.A.1,HTH_18,LysR_substrate|HTH_1,2.A.98,3.A.1
9.B.34,2.A.7,GT4,GT4,GT4,3.A.1,3.A.1,GT4,GT4
