GH13_2,2.A.2,2.A.37,1.B.14,GH13_2,GH31,GH133,2.A.21,GH13_23
3.A.1,1.A.30,1.A.30,3.A.11,3.A.1,3.A.1,1.A.23,GH3
2.A.66,GT4,GH166,9.B.14,9.A.40
1.B.71,GH103,4.C.1
GH23,9.B.34,GT19,1.B.33
2.A.34,GH23,2.A.35,Rhodanese,Nitroreductase,9.B.34,2.A.21
2.A.1,HATPase_c|HisKA,Response_reg,GH166,1.B.14
3.A.15,3.A.15,3.A.15,3.A.15,NUDIX,3.A.5,1.A.34,CE11,GT28,2.A.103,9.B.146
9.B.149,3.A.1,9.B.1,9.A.40,GT30
CBM6|GH16_3,GT4,Response_reg|Trans_reg_C,HisKA,3.A.1,3.A.18,5.A.3,NIR_SIR_ferr|NIR_SIR|Pyr_redox_2,2.A.1,1.I.1,GT4
GH103,2.A.103
9.B.34,GT1
GT51,9.B.31
1.A.30,1.A.30,2.A.89,2.A.4,HTH_18,2.A.46,HTH_3|AraC_binding,GH46
CE3,GerE,3.A.1,3.A.1,3.A.1,9.B.34
2.A.21,2.A.38,CBM50,3.A.11,9.B.34
CBM41|CBM41|GH13_13,GH13_6,AA10,1.A.13,2.A.53
1.B.52,CheR|CheR_N,H-kinase_dim|Response_reg|CheW|HATPase_c,CheB_methylest,CheW,9.B.34,2.A.19,2.A.19,CBM5
1.B.6,9.B.34,2.A.21,ACT,8.A.3,GT4,GT4,GT4,SBP_bac_3,2.A.66
9.B.99,Response_reg|Trans_reg_C,HATPase_c|HisKA,CBM5|GH18,GAF|HATPase_c,3.A.23
CBM5|GH18,CBM5|GH18,CBM5|GH19,9.A.40,1.B.14,GH20,SIS,CE9,2.A.1
GT2,2.A.6
1.B.42,GT51,3.A.11,1.B.22
1.A.30,1.A.30,CBM50
GT4,3.A.1,3.A.1,3.A.1,3.A.1
3.A.23,3.A.1,3.A.1,GH23
GT0,2.A.123,3.A.11
GT0,9.B.18,9.B.18,Aminotran_1_2,1.B.33,3.A.9
GH16_3,GH3,2.A.1,GH1,2.A.2,Peripla_BP_3|LacI,GH81|CBM56|CBM56,1.B.14,Pyr_redox_2,Hemerythrin,B12-binding|B12-binding_2,1.B.14,Peripla_BP_2,3.A.1,3.A.1,9.B.27
