3.A.1,CBM48|GH13_11,GH13_26,GH13_10,Sigma70_r4_2,1.A.78
GT5,3.A.1,GH13_16,GT4
3.A.1,GH94,GH42,3.A.1,3.A.1,3.A.1,GH42
GT4,3.A.1,3.A.1,3.A.1,3.A.1,3.A.1
GT28,2.A.103,9.B.146
GH25,9.B.106,4.C.1,CbiA,3.B.1,CbiA,MerR,FHA,4.F.1
3.A.1,3.A.1,GH130,CsrA,1.A.104,3.A.6,3.A.6,3.A.6,3.A.6,1.A.30,1.A.30
9.B.97,CE7,Peripla_BP_1|LacI,GH2,Aminotran_1_2,3.A.25
9.B.143,GT1,GT4,GT51,GH5_1
PL34,PL17,3.A.1,3.A.1
GH23,PadR,CBM2,4.C.1,8.A.21,1.I.1,2.A.109
2.A.1,2.A.1,PadR,3.A.3,GH3
1.A.11,PadR,2.A.76,GH38,3.A.1,3.A.1,3.A.1,MarR,Peripla_BP_3|LacI,GH32,GH68,CBM32|CBM32|CBM32|GH5_54|CBM32,MarR,GH5_46,3.A.1,3.A.1,3.A.1,2.A.1,3.A.1,3.A.1
GH127,3.A.1,3.A.1,3.A.1,Peripla_BP_3|LacI,GH2,Peripla_BP_3|LacI,GH31,3.A.1,3.A.1,SBP_bac_1,3.A.1,HTH_3,GntR,2.A.2
GH13_31,2.A.3,3.D.1
GT2,2.A.40,2.A.40,2.A.20
2.A.1,3.A.1,3.A.1,3.A.1,GT2,GT2
GT83,GT2,NUDIX,3.D.10
9.B.98,GT83,GT2
GT2,GT2,3.A.1,3.A.1,9.B.18,9.B.97,8.A.3,2.A.66
4.A.5,Glycos_trans_3N,3.A.1,3.A.1,3.A.1,3.A.1,GT4,Peptidase_M23,3.D.10,3.D.10,9.B.126,1.A.8
2.A.1,3.A.1,GH38
GH18|CBM5,GT2,CBM67|GH78,GH43_12,GH3,GH42,3.A.1,3.A.1,3.A.1,3.A.1
3.A.7,AraC_binding|HTH_18,3.A.1,3.A.1,3.A.1,3.A.1,3.A.1,3.A.1,9.A.47,4.C.1,GT51,GT51,2.A.1
2.A.1,GH6
GH42,GH51,SBP_bac_1,3.A.1,3.A.1,Peripla_BP_3|LacI,9.B.55
2.A.38,2.A.38,9.B.124,9.B.34,2.A.1,HTH_1|LysR_substrate,MarR,GH1,GH31,3.A.1,3.A.1,SBP_bac_1,Peripla_BP_3|Peripla_BP_1|LacI,HTH_IclR,3.A.1,3.A.1,3.A.1,MarR,GH51,3.A.1,3.A.1
3.A.1,3.A.1,3.A.1,3.A.1,3.A.1,Peripla_BP_3|LacI,3.A.1,3.A.1,3.A.1,Peripla_BP_3|LacI,Peripla_BP_3|LacI,3.A.1,3.A.1,3.A.1,GH42,Aminotran_1_2,CBS|PALP,3.A.1,3.A.1,3.A.1,3.A.1,Peripla_BP_3|LacI,2.A.1,MarR,2.A.1,MarR,HATPase_c|HisKA,Response_reg|Trans_reg_C,3.A.1,CBM13
GH3,3.A.1,3.A.1,3.A.1,Peripla_BP_3|LacI,GH13_21,3.A.1,3.A.1,3.A.1,GH13_30
3.A.1,GH1,4.A.1,2.A.1,GH65
2.A.59,GH31,3.A.1,3.A.1,3.A.1,Peripla_BP_3|LacI,Response_reg|GerE,3.A.1,2.A.33,HATPase_c|HisKA,Response_reg|Trans_reg_C,3.A.1,3.A.1,3.A.1,2.A.19
2.A.1,Response_reg|Trans_reg_C,2.A.21,3.A.3,3.A.3,3.A.3,GH13_11,2.A.6
3.E.1,HTH_1|LysR_substrate,GH32,SBP_bac_1,3.A.1,3.A.1
GH32,3.A.1,3.A.1
GH10,2.A.109,HTH_3,2.A.1,GntR,2.A.55
GT2,TetR_N,2.A.7
3.A.1,3.A.1,3.A.1,Peripla_BP_3|LacI,CBM67|GH78
3.A.1,3.A.1,3.A.1,TetR_N,2.A.1,HTH_DeoR|Peripla_BP_3,PL33_1,GH154,SBP_bac_1,3.A.1,3.A.1,GH88
3.A.1,3.A.1,GH3,3.A.1,CBS|EAL,3.A.1,3.A.1
3.A.1,3.A.1,3.A.1,GH36
GH32,3.A.1,3.A.1,3.A.1,3.A.1,3.A.1
GT94,8.A.3,GT4,9.B.18
3.A.9,CBM5,CBM5
CE9,3.A.1,3.A.1,3.A.1,3.A.1
2.A.78,AsnC_trans_reg,4.A.1,GntR,4.A.1,4.A.1,CE9,3.A.1,3.A.1
2.A.2,PfkB,9.B.34,9.B.34,Peripla_BP_3|LacI,GH51,Peripla_BP_3|LacI,3.A.1,9.B.110,2.A.86,Pyr_redox_2,2.A.66
GH42,3.A.1,3.A.1,SBP_bac_1,GH36
GH33,2.A.80,2.A.80
GH0,3.A.1,3.A.1
2.A.98,GT39,3.A.1,3.A.1,3.A.1,3.A.1,GH23,Pkinase,3.A.1,3.A.1
GH1,3.A.1,3.A.1,9.B.1,3.A.1,2.A.86,ACT|PALP,CE14,1.C.113
2.A.1,3.A.1,3.A.1,3.A.1,3.A.1,3.A.1,CE14,GT4
3.A.1,3.A.1,3.A.1,GH1,HTH_3,2.A.75
2.A.23,3.A.1,3.A.1,3.A.1,2.A.88,1.E.43,GH15,TetR_N,2.A.6,GT20
