GH3,GH3,HD,2.A.23,1.A.11
GH77,3.A.1,GGDEF|EAL,2.A.78,2.A.78,Pyr_redox_2,cNMP_binding|Crp,8.A.5,GH13_14
2.A.8,GntR,8.A.7,GT2,LytTR,9.B.10,3.A.24
CE8,HATPase_c|HisKA,Trans_reg_C|Response_reg,GT32,3.A.1
2.A.122,HMA,HTH_18|AraC_binding,GT35,2.A.64,3.A.1,3.A.1,1.A.33,1.A.22
GT4,4.C.1,2.A.1,3.A.1,3.A.1,3.A.1,3.A.1,3.A.1,2.A.66
3.A.1,3.A.1,GT2|GT2,3.D.6,3.D.6,3.D.6,3.D.6,3.D.6
2.A.103,GT28
GH1,MarR,3.A.1,3.A.1,GH2
4.A.1,GH1,2.A.115
GH32,SBP_bac_1,3.A.1,3.A.1,Peripla_BP_3|LacI,PfkB,GH13_4
2.A.25,3.A.1,GH94,Peripla_BP_3|LacI,3.A.1,3.A.1,2.A.26,3.A.1,2.A.103,Pribosyltran,2.A.66,PALP,Sigma70_r4,3.A.5
2.A.38,2.A.38,HATPase_c|HisKA,Trans_reg_C|Response_reg,HTH_18|AraC_binding,SBP_bac_1,3.A.1,3.A.1,GH112,GH2,2.A.2
9.B.18,GT4,GT4,GT2,GT2,9.B.183,GT32
GH23,MerR,CE4,9.B.34
2.A.37,Peripla_BP_3|LacI,3.A.1,3.A.1,3.A.1,GH77,HTH_18|AraC_binding,GH36,2.A.2,GH2
9.B.157,GT35,GH13_39,8.A.21,9.B.18,3.A.1
2.A.56,2.A.56,GH28,2.A.56,HTH_18|Response_reg,8.A.59
GT51,2.A.58,2.A.58,MarR,3.A.1,3.A.1,HTH_1,3.A.1,3.A.1,3.A.1,3.A.1,3.A.1,8.A.3,8.A.3,3.A.1,3.A.1,3.A.1
2.A.66,TetR_N,GH1,GH2,GH43_28|CBM32,CBM67|GH78,GH28,2.A.56,2.A.56,2.A.56,HTH_18|AraC_binding,GH2,GH154,GH88,GH2,3.A.1,3.A.1,3.A.1,8.A.59,HTH_18|Response_reg,PL33_1,2.A.79,CE17|CBM35inCE17,GH113,CE2,Peripla_BP_3|LacI,SBP_bac_1,3.A.1,3.A.1,GH130,GH130,9.B.28
2.A.22,4.A.2,PfkB,HTH_DeoR|DeoRC,MarR|cNMP_binding,GT2,2.A.38
GH105,MarR,2.A.66,Aminotran_1_2,9.B.10,9.B.34,TetR_N,HTH_11,GH13_20,CBM48|GH13_9,Fer4,4.C.1,Fe_dep_repress,9.A.8
GT0,9.B.18,GT4,9.B.18
GH105,GH28,HTH_18,3.A.1,3.A.1,SBP_bac_1,3.A.12,3.A.11,Citrate_synt,Penicillinase_R,2.A.28
CBM48|GH13_9,GT5,3.A.2,3.A.2,3.A.2,3.A.2,GT4,Aminotran_1_2,2.A.23
4.A.1,CE9,4.A.1,NUDIX,CBM13
9.A.23,GH25,PTS-HPr,8.A.7
2.A.66,4.A.1,SIS,HTH_6|SIS,2.A.19,2.A.47,GH33
2.A.16,GT2,2.A.37
2.A.2,GH2
GH4,4.A.1,Fer4,2.A.49,2.A.38
