GH23,9.A.47,3.A.7
GT4,9.B.18,Aminotran_1_2,9.B.18
2.A.1,TetR_N,2.A.7,3.A.11,CBM50,1.B.14
GH25,2.A.1,2.A.109,1.A.62,2.A.1,4.C.1,1.B.25,1.B.71,1.A.11,9.B.27,1.B.42,9.B.174,3.A.23
1.A.30,1.A.30,HTH_18|AraC_binding,9.B.126,GH3,9.B.174
GT2,1.B.14
2.A.6,1.A.26,9.B.1,GH23,GH23
GH23,3.A.1,3.A.1,3.A.1,3.A.1
CBM50,HTH_1|LysR_substrate,2.A.1,Glyoxalase,2.A.28,PAS|EAL,2.A.114
2.A.7,TetR_N,2.A.46,2.A.76,HTH_1|LysR_substrate,AA3_2,HATPase_c,2.A.53
GH23,Nitroreductase,3.A.5
2.A.23,Glycos_trans_3N,GT51
3.A.1,3.A.1,GH103
GT51,9.B.104,3.A.1,3.A.1,1.B.14
GT2,CE4|GH153,9.B.34,9.B.10
1.B.22,3.A.11,GT51,9.B.146
4.C.1,9.B.97,1.A.23,GT30,HTH_5,1.B.1,1.B.1
2.A.106,Peptidase_M23,CE11,GT28
2.A.66,TPR_2|TPR_1,CBM32,2.A.40
GH103,2.A.7,BLUF,2.A.109
