GH23,3.A.7,3.A.7,3.A.7,3.A.7,3.A.7,3.A.7,3.A.7,3.A.7,3.A.7,3.A.7
3.A.1,3.A.1,GT51,GT51
2.A.117,B12-binding|B12-binding_2,GT2,1.C.75
2.A.1,Fer4,HTH_3,GH37
GT2,GT4,3.A.1,3.A.1,9.B.97,GT2|GT2,GT2
9.B.146,2.A.103,GT28,CE11
9.B.115,2.A.80,2.A.80,TetR_N,GT51,2.A.103
3.A.23,HATPase_c|HisKA,3.A.5,GT2,3.A.23,HATPase_c|HisKA,2.A.6,2.A.6,4.C.1,4.C.1
GT20,GH15,HD,9.B.20,GH23
2.A.1,LysR_substrate|HTH_1,GH77|GH13_26,GH13_10,CBM48|GH13_11,GH13_16,GH13_3,CBM48|GH13_9
9.B.14,2.A.1,9.B.21,GT51,1.B.22,SKI,HD,2.A.1,GATase_2,Pyr_redox_2,3.A.1,3.A.1,3.A.1,STAS,3.A.1,3.A.1
2.A.50,3.A.15,3.A.15,3.A.15,GT4
3.A.1,3.A.1,3.A.1,3.A.1,2.A.80,LysR_substrate|HTH_1,CBM32,GT51
GH23,9.A.40
3.D.10,2.A.53,LysR_substrate|HTH_1,3.A.1,LysR_substrate|HTH_1,3.D.1,3.D.1,GT2,GT83
GH0,cNMP_binding,2.A.80,LysR_substrate|HTH_1,MHYT,9.A.25
3.A.1,3.A.1,3.A.1,3.A.4,HTH_IclR,2.A.1,AA3_2
GH73,1.B.52,CheW,1.B.52,1.B.52,1.B.52,1.B.52,GT0
2.A.40,3.A.1,9.B.34,3.A.11,EAL,GT4,1.I.1,9.A.40
3.A.1,3.A.1,3.A.1,2.A.21,2.A.21,Response_reg,9.B.149,Response_reg|Trans_reg_C,FecR,HATPase_c|CHASE2|PAS|HisKA,3.A.16,1.E.43,2.A.1,TetR_N,HTH_18,2.A.1,8.A.5,2.A.40,LysR_substrate|HTH_1,2.A.80,Pyr_redox_2,CE4,GntR,9.B.35,9.B.43,LysR_substrate|HTH_1,2.A.80,2.A.80,TetR_N,3.A.1,3.A.1,3.A.1,3.A.1,3.A.1
2.A.80,2.A.80,1.B.20,1.C.75,3.A.3,MerR,2.A.7,AlkA_N|Ada_Zn_binding|HTH_18|HhH-GPD,GT30,AA5,2.A.6,Rhodanese,8.A.1,TetR_N,8.A.5
3.D.1,3.D.1,3.D.1,3.D.1,3.D.1,3.D.1,3.D.1,3.D.1,3.D.1,3.D.1,3.D.1,3.D.1,3.D.1,3.D.1,NUDIX,3.A.1,MarR,1.B.17,8.A.1,2.A.1,3.A.1,3.A.1,3.A.1,3.A.1,3.A.9,2.A.1,GntR,GT2
GH13_23,GH3,GH144,GH15,3.A.1,3.A.1,2.A.56,2.A.56,Peripla_BP_1|LacI,HATPase_c,9.B.27
GT2,2.A.7,GT83
2.A.1,HATPase_c,Sigma70_r2|Sigma70_r4_2,GH23,3.A.1,3.A.1,3.A.1,3.A.1
3.A.1,3.A.1,3.A.1,3.A.1,3.A.1,GH103,AAA,1.A.23
GT4,3.D.4,3.D.4,GAF|HATPase_c|PHY|HisKA,Response_reg,2.A.21,2.A.1
2.A.66,AA3_2,2.A.1,2.A.1,2.A.1
GH23,Aminotran_1_2,3.A.15,9.A.21
3.D.4,GT2,4.D.3,GH8,1.B.55,TPR_1,1.B.52
GT2,CE4,2.A.6
GT19,1.B.33
GH23,3.A.1,3.A.1
2.A.80,5.B.1,Glycos_trans_3N,4.C.1,2.A.1,2.A.1,5.A.3,5.A.3,5.A.3,Nitroreductase,3.D.4,Rrf2,9.B.8,9.B.136,2.A.21,2.A.21,Response_reg,2.A.6,3.A.1,GT35,3.A.9,9.B.102,9.B.102
3.A.1,3.A.1,3.A.1,3.A.1,3.A.1,SBP_bac_3,AA3_2,2.A.80,LysR_substrate|HTH_1,2.A.80,2.A.80
3.A.1,3.A.1,3.A.1,3.A.1,3.A.1,9.B.121,AraC_binding,CBM48|GH13_11
1.A.30,1.A.30,1.A.14,Sigma70_r2|Sigma70_r4|Sigma70_r3,CBM50
3.A.15,9.A.21,4.F.1,GT104,2.A.111
GT4,4.F.1
1.I.1,9.B.1,GT4,Aminotran_1_2,9.B.125
GT4,GH0,Glyoxalase,2.A.66
9.A.4,3.A.9,GH3,1.A.63,9.B.160,RseA_N,Sigma70_r2|Sigma70_r4_2,3.D.1
2.A.1,9.B.18,GT4,GT4,8.A.3,1.B.18
GT4,3.A.3,Pyr_redox_2,4.C.1,2.A.1
GT28,2.A.4,AAA,4.F.1
3.A.1,3.A.1,3.A.1,4.C.1,2.A.80,AA3_2,GntR,Response_reg|HTH_8,2.A.21
9.B.18,9.B.18,GT4,GT0,GT2,2.A.66,8.A.3,1.B.18,2.A.49,3.A.2,2.A.80
CBM50,3.A.11,2.A.6,2.A.6,3.A.5,HTH_11|AsnC_trans_reg,2.A.1,2.A.80
9.B.186,GH102
2.A.58,LysR_substrate|HTH_1,HD,2.A.14,TetR_N,ANTAR,3.A.1,3.A.1,3.A.1,3.A.1,3.A.1,3.A.1,TetR_N,AA3_2
2.A.80,3.A.1,3.A.1,3.A.1,9.B.62,HTH_IclR,HisKA,3.A.23,CBS,2.A.21,GT0,GT4,GH0
2.A.5,Hemerythrin,Hemerythrin,2.A.16,CBM32
