GH23,3.A.7,3.A.7,3.A.7,3.A.7,3.A.7
9.B.97,GerE,GT35,GH77,3.A.1,3.A.1,3.A.1,3.A.1,1.B.3
3.A.1,3.A.1,2.A.113,9.B.2,HD,MarR,3.A.1,3.A.1,3.A.1,3.A.1,3.A.1,CbiA,GT2,4.D.3,1.B.55,GH8,CbiA,GT2,4.D.3,1.B.55,GGDEF|EAL,2.A.23,PfkB,EAL,9.B.121,2.A.1,2.A.6,2.A.6,2.A.86,DeoRC|HTH_DeoR,3.A.3,HTH_1|LysR_substrate,2.A.3,2.A.107,GH105,2.A.2,3.A.1,GerE,9.B.186,GT60,3.A.23,3.A.23,3.A.23,3.A.23,3.A.23,GH73|CBM2,3.A.1,3.A.1,3.A.1,SBP_bac_1,SIS,DeoRC|HTH_DeoR,3.A.1,2.A.1
3.A.5,1.C.82,GT32,3.A.25
GH1,2.A.1,CSD,2.A.1
2.A.76,2.A.1,GH37
GH23,3.A.7
3.D.10,3.D.10,1.A.23,2.A.25,CBM50
3.A.23,3.A.23,Pkinase,GH108|GH73
4.B.1,2.A.1,HTH_1|LysR_substrate,3.A.1,DeoRC|HTH_DeoR,3.A.1,3.A.1,3.A.1,3.A.1,3.A.1,GntR,3.A.3,GH23
9.B.146,2.A.103,GT28,CE11,3.A.5,3.A.15,NUDIX,3.A.15,3.A.15,Sigma70_r2|Sigma70_r4_2,9.B.125,GH43_26,2.A.2,2.A.3
GH28,GH33,2.A.1
GT51,1.B.14,3.A.1,3.A.1,3.A.1,2.A.49,3.A.1
1.B.33,GT19
3.A.1,3.A.1,3.A.1,HTH_1|LysR_substrate,GH23
2.A.39,GntR,CE4
3.A.1,3.A.1,3.A.1,9.B.35,2.A.40,4.A.3,GH1,4.A.3,4.A.3,2.A.7,2.A.7
2.A.1,GH2
2.A.26,2.A.3,1.B.6,1.C.75,1.B.20,GT84|GH94,3.A.5,2.A.6,2.A.6
1.E.2,GH24
CE9,4.A.1,1.B.25,GH20
1.B.52,1.A.14,4.D.2,9.B.15,1.I.1,2.A.1,2.A.20,GH15,9.B.27,9.B.29,1.A.23,GH3,NUDIX,2.A.1,3.A.1,3.A.1,3.A.1,3.A.1
1.A.14,AA6,2.A.7,2.A.40
2.A.3,Autoind_bind|GerE,9.B.72,GerE|Response_reg,4.F.1,MarR,8.A.1,2.A.6,1.B.14,GH1,GT2
2.A.66,GT1,3.A.1,1.B.14
4.A.1,GH3
9.B.143,2.A.42,9.B.143,HTH_18|AraC_binding,2.A.2,GH42,2.A.1,2.A.85,1.B.14
GH23,PfkB,HTH_6|SIS,2.A.1,1.E.43,1.B.14,GH37,2.A.47,Pyr_redox_2,Response_reg,HATPase_c|PAS|dCache_1,1.A.23,8.A.5,8.A.5,2.A.1
2.A.17,TetR_N,AA3_2,3.A.1,Pyr_redox_2,2.A.1,3.A.1,3.A.1,3.A.1
4.C.1,4.C.1,3.A.1,4.C.1,GT32,2.A.6,HTH_1|LysR_substrate,SBP_bac_1,2.A.1,Peripla_BP_3|LacI,3.A.1
3.A.1,3.A.1,3.A.1,HxlR,SBP_bac_3,3.A.1,PALP,3.A.1,3.A.1,SBP_bac_3,3.A.1,3.A.1,3.A.1,3.A.1,3.A.1,GH3,GH15
3.A.18,1.A.35,4.A.1,GH1,3.A.1,Autoind_bind|GerE,3.A.23,PspC,9.B.100,3.A.23,3.A.1,3.A.1,3.A.1,3.A.1,3.A.1
8.A.5,9.B.99,2.A.36,9.B.18,2.A.1,Pyr_redox,GntR,5.A.2,GH24
GH103,CbiA,4.C.1
2.A.1,CBM50,3.A.1,3.A.1,3.A.1
9.B.158,Aminotran_1_2,GH13_10,GH13_26,3.A.6,3.A.6,CheZ,Response_reg,CheB_methylest|Response_reg,CheR_N|CheR,1.B.52,1.B.52,CheW,HATPase_c|H-kinase_dim|CheY-binding|CheW,1.A.30,1.A.30,FlhC,FlhD,GT20,8.A.59
2.A.17,2.A.108,2.A.108,2.A.108,2.A.21,3.A.1,3.A.1,3.A.1,PALP,Sigma70_r2|Sigma70_r3|Sigma70_r4,GT2,GH13_5,9.B.34,GH24
GH24,1.E.2
3.A.6,3.A.6,3.A.6,3.A.6,3.A.6,3.A.6,3.A.6,3.A.6,GerE,9.B.12,GT81,2.A.7
GH23,3.A.7,3.A.7,3.A.7,3.A.7
GT2,3.A.1,3.A.1
GT4,GT2,GT4,GT2,8.A.3,1.B.18,9.B.18,2.A.109,9.B.22,9.B.34,8.A.5,8.A.1,2.A.6,2.A.6,2.A.1,HATPase_c|HisKA,Trans_reg_C|Response_reg,2.A.1,2.A.1,GntR,2.A.85,1.B.12,3.A.1,1.E.14,2.A.122,9.B.114,3.A.1,3.A.1,3.A.1,Peripla_BP_3|LacI,9.B.169,2.A.1,HTH_1|LysR_substrate,3.A.1,3.A.1,2.A.3,HTH_1|LysR_substrate,9.B.143,2.A.98,4.A.2,PfkB,4.A.2,3.A.7,EAL,3.A.1,3.A.1,3.A.1,3.A.1,2.A.1
1.B.3,GH13_29,4.A.1,Peripla_BP_3|LacI,2.A.1,2.A.102
2.A.113,2.A.1,Aminotran_1_2,3.A.23,HATPase_c|HisKA,GH23,SIS,HTH_6|SIS,GT8,GT17
GH24,1.E.2
1.B.11,GH103,2.A.7,2.A.7,5.A.3,5.A.3,5.A.3,2.A.1,GerE|Response_reg,2.A.66,Sigma70_r2|Sigma70_r3|Sigma70_r4,CBM50
GH102,3.A.7
3.A.7,GH23
4.A.3,4.A.3,4.A.3,GH1,3.A.1,3.A.1,3.A.1
3.A.1,3.A.1,3.A.1,GH3
3.A.1,3.A.1,3.A.1,3.A.1,3.A.1,2.A.19,CBS|SIS,1.B.42,1.B.42,1.B.42,4.A.2,PTS-HPr,GT51
1.B.22,GT51
9.A.8,GH13_18,GH77,GT35,DeoRC|HTH_DeoR,9.B.104,Rhodanese,Pyr_redox_2,GT35,GT5,CBM48|GH13_11,CBM48|GH13_9,2.A.95,2.A.8
GT26,9.B.128,GT56,2.A.66,Aminotran_1_2,GT0,9.B.146,3.A.6,1.I.1
1.A.34,GT4,GT9,GT9,GT2,GT4,GT9,GT2,GT9,GT4,GT30,GT2
1.A.77,3.A.2,3.A.2,3.A.2,3.A.2,3.A.2,3.A.2,3.A.2,3.A.2,Trans_reg_C,GH18
