3.A.1,3.A.1,3.A.1,3.A.1,AA3_2,2.A.58,3.A.1,3.A.1,3.A.1,3.A.1
3.A.1,3.A.1,3.A.1,FmdA_AmdA,3.A.1,3.A.1,3.A.1,3.A.1,3.A.1,9.B.160,Trans_reg_C|Response_reg,HisKA|HATPase_c,Fez1,Glyoxalase,3.A.1,3.A.1,3.A.1,3.A.1,3.A.1,GH103,HATPase_c,1.B.14,3.A.1,3.A.1,3.A.1,2.A.21
4.F.1,3.A.1,GT4
8.A.1,MarR,GerE,GT4,GT26,GT4,GT4,8.A.3,PL9,GT8,9.B.18,9.B.10
1.B.14,Peripla_BP_2,3.A.1,GT4,GT4,2.A.66
GT4,2.A.66,2.A.63,2.A.63,2.A.63,2.A.63,2.A.63,1.B.52,Pyr_redox_2|cNMP_binding,3.A.1,3.A.1,3.A.1,Peripla_BP_3|Peripla_BP_1|LacI,3.A.1,3.A.1,3.A.1,3.A.1,PfkB,1.A.13,3.A.1,3.A.1
2.A.1,MerR,3.A.3,GT8,GT73,MCPsignal|dCache_1,1.B.4,Rrf2,9.B.176
3.A.1,FUR,3.A.1,3.A.1,GH25,Pyr_redox_2,3.A.1,3.A.1,3.A.1
3.A.12,GH23
GT2,3.A.1,3.A.1
CE4,9.B.35,4.C.1,2.A.86
4.A.2,PfkB,4.A.2,MerR,3.A.3,GH23,3.A.5,2.A.6,2.A.6,3.A.1,3.A.1,9.B.14
GT2,3.D.4,3.A.1,3.A.1,3.A.1,3.A.1,1.A.14
3.A.7,CbiA,1.B.6,3.A.7,GH23
1.C.113,GH0,GT4,GT0,GH16_21
9.B.160,8.A.5,3.A.1,SBP_bac_1,3.A.1,3.A.1,3.A.1,2.A.86,GGDEF|PAS|EAL,GT2|GT2,GH8
GH0,3.A.3,2.A.5
3.A.1,3.A.1,GT2,GH26
2.A.35,3.A.1,3.A.1,3.A.1,GT2
GH23,3.A.23,HTH_IclR,3.A.6,3.A.6,3.A.6,3.A.6,3.A.6,3.A.23
GH108,1.E.54,GH3,2.A.117
1.B.42,2.A.95,3.A.1,HMA,3.A.3,MerR,Rrf2,GT35,GT5,CBM48|GH13_11,GerE|Response_reg,FIST,2.A.21,Glucokinase,GH1,3.A.1,3.A.1,3.A.1,3.A.1
2.A.1,2.A.76,HTH_IclR|AsnC_trans_reg,1.B.4,3.A.1,GT19
GT8,GT2,8.A.3,3.A.1,GT2,GT2,GH16_21,9.B.18,Peptidase_M23,AAA,2.A.64,3.A.1,1.I.1,3.D.1,3.D.1,3.D.1,3.D.1,3.D.1,3.D.1,3.D.1,3.D.1,3.D.1,3.D.1,3.D.1,3.D.1,3.D.1,3.D.1,1.B.39
3.D.1,3.A.1,3.A.1,AAA,GH13_26,GH77,GH13_10,CBM48|GH13_11,CBM48|GH13_9,GH13_16,GH13_3,Response_reg,1.B.52,1.B.52
3.A.1,3.A.1,Peripla_BP_2,1.B.14,3.A.1,3.A.1,3.A.1,3.A.1,5.B.3,GT30
CBM48|GH13_11,2.A.6,2.A.6
3.B.1,2.A.7,2.A.1,HTH_3,AA3_2,TetR_N,3.A.1,3.A.1,3.A.1,3.A.11,3.A.1,3.A.1,2.A.88,LysR_substrate|HTH_1,2.A.20,HTH_IclR|AsnC_trans_reg,GH103,3.A.1,3.A.1,GT21,GT2,1.A.23
1.B.33,CE11
GT28,2.A.103,9.B.146
3.A.3,Fer4,3.D.4,3.D.4,3.D.4,cNMP_binding|Crp,GT4,3.A.1,3.A.1,3.A.1,3.A.1,NUDIX,2.A.56
GH23,Rhodanese,Aminotran_1_2,1.A.11,GT51,3.A.1,3.A.1
9.B.174,Peptidase_M23,GH13_16,3.A.1,3.A.1
3.D.1,3.D.1,GT4
9.B.105,PL0
GT4,GT4,3.A.1,3.A.1,GH103
GT51,GATase_2,Pyr_redox_2,3.D.1,CBS|SIS,1.B.42,4.A.2
GH102,Glyoxalase,Peripla_BP_3|LacI,3.A.1,3.A.1,3.A.1
CE9,1.A.30,2.A.21,3.A.6,3.A.6,1.A.30,GH23,1.A.104,3.A.6
GT51,Response_reg|HisKA|HATPase_c,2.A.16,2.A.1
GH13_23,2.A.1,GT4,GT0
3.A.1,GT41,2.A.19,1.A.62,AsnC_trans_reg|HTH_11,3.A.1,3.A.1,3.A.1,3.A.1,LysR_substrate|HTH_1,2.A.75,FMN_bind_2,Rrf2,3.A.1,3.A.1
3.A.1,3.A.1,3.A.1,GntR,HTH_3,2.A.53,CE3
