1.C.82,GH1
GH73,TetR_N,TetR_C|TetR_N,2.A.1,STAS|PAS,4.A.3,4.A.3,3.A.1,5.A.3,5.A.3,5.A.3,GAF,HATPase_c,GerE|Response_reg,2.A.1,2.A.1,2.A.20,CE4,2.A.36,2.A.88,MarR,3.A.1,3.A.1,Rhodanese,MerR,GH18,2.A.1
4.A.2,4.A.2,Aminotran_1_2,HTH_11,3.A.1,HTH_DeoR,2.A.3,9.B.74,GntR,AA10
CE9,GntR,CBM13|CBM13,9.B.146
2.A.103,3.B.1,3.A.1,3.A.1,TetR_N,GT2,1.C.105,GT2
GT2,2.A.1
GH13_29,4.A.1,HTH_3,HTH_3,2.A.1,GntR,2.A.115,AA10,GH73,3.A.1,3.A.1
GH73,GH73,2.A.79,4.D.1,GT2
8.A.7,2.A.23,3.A.1,Fe_dep_repr_C|Fe_dep_repress,CSD,2.A.40,Pribosyltran,GT51
9.A.4,GT28,9.B.146
GT51,9.A.40
GH18,GH18,3.A.23,4.A.6,4.A.6,4.A.6,4.A.6
1.C.42,CE4,GntR,8.A.5,2.A.45,2.A.89,2.A.55
GT4,GT4,9.B.18
4.A.2,HTH_11,4.A.2,3.A.1,3.A.1,3.A.1,3.A.1,3.A.1,3.A.1,2.A.1,2.A.86,3.A.5,GH73|CBM50,2.A.79,2.A.79,GntR,GH1,2.A.40,2.A.17
GH1,4.A.3,GH3,HTH_18,Aminotran_1_2,3.A.1,3.A.3,3.A.1,3.A.1,3.A.1,HATPase_c|HisKA,Response_reg|Trans_reg_C,2.A.4,2.A.103,3.A.1,3.A.1,Peripla_BP_2,2.A.3,HTH_11|HTH_DeoR,Aminotran_1_2,2.A.3,2.A.41
3.A.1,3.A.5,3.A.11,3.A.11,GerE|Response_reg,9.B.146,GT26,1.A.33,EPSP_synthase,3.A.2,3.A.2,3.A.2,3.A.2,1.A.77,GT0
3.A.6,EPSP_synthase,GT4,GT4
3.A.1,Pyr_redox_2,2.A.87,TetR_N,GT2
3.A.1,GT26,9.B.18,8.A.3,8.A.3
3.D.4,3.D.4,Pyr_redox_2,GH1,4.A.1,9.B.27,3.A.1,3.A.7,9.B.14
8.A.3,8.A.3,9.B.18,GT4,9.B.18,9.B.18
