9.B.14,Pyr_redox_2,GH3,3.A.1,3.A.1,3.A.1
GT4,HTH_3,3.D.2,3.A.1,3.A.1,3.A.1,3.A.1
9.B.18,GH76,NUDIX,8.A.8,GH13_30,LacI|Peripla_BP_3,3.A.1,3.A.1,GT4,GT4,CBM44|CBM44,PL0
GH1,3.A.1,3.A.1
GH65,3.A.1,3.A.1,3.A.1,GH3,Glyoxalase,PSK_trans_fac,2.A.86
3.A.1,GH3,CBM67|GH78,3.A.1,3.A.1
2.A.15,GH2,3.A.1,3.A.1
2.A.102,3.A.1,3.A.1,SBP_bac_1,LacI|Peripla_BP_3,GH5_18,GH38,3.A.1,3.A.1,3.A.1,3.A.1,8.A.5
GH13_31,3.A.20
3.A.1,3.A.1,SBP_bac_1,GntR,3.A.1,LacI|Peripla_BP_3,GH43_5,GH51,3.A.1,3.A.1,GH43_4,LacI|Peripla_BP_3,GH127,GH51
3.A.1,Sigma70_r4|Sigma70_r2,GT20
2.A.6,HATPase_c,GerE|Response_reg,GH114,GH32,3.A.1,3.A.1
2.A.81,LacI|Peripla_BP_3,SBP_bac_1,3.A.1,3.A.1,GH130
8.A.5,CbiA,9.B.125,1.A.35,1.A.35,GH112
3.A.3,9.B.106,GH2,3.A.1,3.A.1,3.A.1
9.B.120,3.A.1,TetR_N,TetR_N,GH1,2.A.1,PadR,3.A.1
GH94,LacI|Peripla_BP_3,3.A.1,3.A.1,3.A.1,GH3,3.A.5
3.A.1,1.E.40,SBP_bac_1,GH13_30
GH77,Pkinase,2.A.1
3.B.1,Sigma70_r4_2|Sigma70_r2,1.A.23,NUDIX,LacI|Peripla_BP_1,GH116,3.A.1
3.A.1,3.A.1,GH123
3.A.1,3.A.1,3.A.1,3.A.1,ACT,2.A.21,GH4,DeoRC|HTH_DeoR,SBP_bac_1,3.A.1,3.A.1,PfkB,CBM9
3.A.1,3.A.1,3.A.1,NUDIX,3.A.1,3.A.1,3.A.1,3.A.1,1.I.1,GT4,SIS,1.A.62
2.A.64,Sigma70_r4_2|Sigma70_r2,GT5
GH29,3.A.1,3.A.1,SBP_bac_1,HTH_IclR,GH29,Glyoxalase,GH85,2.A.4,HTH_5,2.A.1,GH2
3.A.1,3.A.1,PALP,GH10
1.C.113,Crp,3.A.1,3.A.1,3.A.1,1.A.4,9.B.104,CE14
GT39,2.A.40,LacI|Peripla_BP_1,SBP_bac_1,3.A.1,3.A.1,2.A.111,Pyr_redox_2,3.A.3,CBM67|GH78,GH43_12,GH3,GH1,3.A.1,3.A.1,3.A.1
CE9,3.B.1,2.A.40
CE4,3.A.1,3.A.1,SBP_bac_1,GntR,2.A.86,3.B.1,3.B.1,3.B.1
3.A.1,3.A.1,Glyoxalase,Cyanate_lyase,Penicillinase_R,3.D.4,3.D.4,3.A.1,PL8,GT4,LacI|Peripla_BP_3,SBP_bac_1,3.A.1,3.A.1,GH127
2.A.102,GH92,1.I.1,3.A.1,3.A.1,3.A.1,GH51,TetR_N,3.A.1,3.A.1,3.A.1,3.A.1,3.A.1
3.A.1,HTH_IclR,GH36,2.A.1,CSD,3.A.1,3.A.1,3.A.1
3.A.1,3.A.1,3.A.1,Trans_reg_C,9.B.20,GH42
1.A.8,GH154,HTH_DeoR|Peripla_BP_3,3.A.1,3.A.1,GH88,9.B.74
9.B.106,HD,1.A.23,GT51
GT87,Peptidase_M23,3.A.10,3.A.1,3.A.1,3.A.1
3.A.1,GT2
GT4,9.B.18,9.B.18
GH38,3.A.1,3.A.1,3.A.1,3.A.1
9.B.18,GT4,9.B.18,8.A.3
GT35,PfkB,GH20,9.B.20,HTH_IclR,SBP_bac_1,3.A.1,3.A.1,GH29
GT4|CE14,GntR,2.A.8,SKI,CE7,GntR,SBP_bac_5,3.A.1,3.A.1,3.A.1
GH5_46,3.A.1,3.A.1
