1.A.34,GH13_30,3.A.1,3.A.1,3.A.1
3.A.1,3.A.1,3.A.1,3.A.1,MarR,GH1
9.B.97,GT2
3.A.1,3.A.1,GH38,3.A.1,Sigma70_r4_2|Sigma70_r2,2.A.1
9.B.126,8.A.7,3.D.10,3.D.10,GT4,3.A.1,3.A.1,3.A.1,3.A.1,Glycos_trans_3N,4.A.2
3.B.1,GT2
GT2,GT4,GT4,4.D.2,Aminotran_1_2,3.A.1,3.A.1,Nitroreductase,GT2,9.B.97
2.A.3,GntR,3.A.1,3.A.1,GT4,TetR_N,GT20,2.A.63,2.A.63,2.A.63
3.A.1,2.A.1,3.A.1,GH15,2.A.53
GT4,Pyr_redox_2,Sigma70_r3,9.B.169
3.A.1,3.A.1,2.A.33,3.A.1,GT1,3.A.1,3.A.1
GH15,3.A.1,3.A.1
GH31,GH15,SBP_bac_1,3.A.1,3.A.1,MarR,9.B.159,2.A.15,3.A.1,3.A.1
3.A.1,3.A.1,Glyoxalase,GH3,2.A.1
2.A.7,2.A.7,CBM48|GH13_11,GH13_26,GH13_10,1.C.109
1.I.1,2.A.36,GH3,NUDIX,GerE|Response_reg,3.A.3,HMA,3.A.3,Response_reg|Trans_reg_C,GerE|Response_reg,HATPase_c,3.A.1,3.A.1,3.A.1,3.A.1,2.A.5
9.B.146,2.A.103,GT28
1.A.8,GT4,GH0
GT4,GH13_16,Glyoxalase,3.A.1,GT5
9.B.2,PL31
GT4,2.A.78,HATPase_c,Pyr_redox,3.A.1,3.A.1,3.A.1,3.A.1,3.A.1,HD,PL31,GT2
2.A.1,9.B.76,2.A.1,3.A.5,GH13_16,GH6,3.A.1,3.D.4,3.D.4,Penicillinase_R,2.A.7
GT2,Aminotran_1_2,Pyr_redox_2,2.A.1,IclR|HTH_IclR,PfkB,ACT,2.A.6
2.A.1,MarR,GH6
1.I.1,1.A.26,3.A.1,GT76,Citrate_synt,Aminotran_1_2,Fer4,CE14,SBP_bac_5,3.A.1,3.A.1,3.A.1,3.A.1
1.C.113,CE14,PALP|ACT,2.A.86,3.A.1,CsrA,1.A.30,1.A.30
2.A.2,GH2
GH3,GntR,2.A.3,Pribosyltran,MarR,3.A.1
2.A.1,GT39,Aminotran_1_2,3.A.1,3.A.1,3.A.1,3.A.1
2.A.1,GH15,3.A.1,3.A.1,3.A.1,3.A.1,3.A.1
AA3_2,Glyoxalase,2.A.1
2.A.1,HTH_3,GH23,1.A.8
CE9,3.A.3,3.A.1,3.A.1,HTH_1|LysR_substrate,2.A.1,TetR_N,HTH_3,3.A.1,3.A.1
3.A.7,2.A.56,2.A.56,GH3,GH3
CBM5,3.A.9
2.A.1,GT2,GT2,4.C.1,2.A.66,GT0
CBM5,2.A.7,Pyr_redox_2,GH0,HTH_1|LysR_substrate,2.A.80,2.A.80
8.A.3,9.B.18,GT26
