2.A.66,3.A.9,GH3,Aminotran_1_2,3.A.23,HATPase_c,MarR,2.A.53,1.B.57
GH20,HATPase_c,3.A.25,CBM50,3.A.1
CE4,Pribosyltran,2.A.40
3.A.7,9.B.146,GT2,GT4,GT26,GT0
GT4,1.A.26,GH23
3.A.1,GT2,LysR_substrate|HTH_1,9.A.40
GH57,GT4,GH133,3.A.1
1.A.13,1.A.13,AAA,3.D.10,Crp|cNMP_binding,2.A.102,Rhodanese,Rhodanese,GT30
9.B.146,2.A.103,GT28,1.A.62
GH109,GH2,1.B.14,3.A.1,3.A.1,3.A.1
1.B.6,1.B.6,GT35
3.A.23,GT2,1.B.44
GT51,1.A.14
GH92,3.D.4,GH13_38,GH2
1.A.22,3.D.2,3.D.2,3.D.2,8.A.21,2.A.14,GT4,GT4
9.B.18,Aminotran_1_2,GT4,4.C.1,GT4,GT9,9.B.125
1.B.6,GntR|cNMP_binding,MerR,9.B.67,FeoA|Fe_dep_repr_C,9.A.8,GT3,2.A.19
GH23,3.A.1
GT83,GT2,3.A.6
GT2,Nitroreductase,3.D.6,3.D.6,3.D.6,3.D.6,3.D.6,3.D.6,TPR_2,3.A.11,GH108,2.A.51,2.A.51,9.A.25,9.A.25,3.A.1,3.A.1,GH29
2.A.1,GT5,2.A.16,4.C.1,Sigma70_r2|Sigma70_r4_2,1.B.44,9.B.14
GH13_8,2.A.37
2.A.33,GT2,GH29
2.A.6,CE11,GH73
GH27,1.I.1
2.A.38,2.A.38,GT27
