GH92,2.A.3
GH20|GH20,GntR,GH35,4.A.6,4.A.6,4.A.6,4.A.6,SIS,GT2|GT8,GT8,GT4,GT8,GT2
2.A.115,LacI|Peripla_BP_1,3.A.1,3.A.1,3.A.1,GH77,GT35,3.A.3
GH1,2.A.7,GT51,3.A.1,3.A.1,3.A.1,HTH_18|Response_reg,3.A.1
GT0,GT8|GT101,GT8,GT8,3.A.5,3.A.5,3.A.5,3.A.5,3.A.5,GT4,GT8
4.A.6,4.A.6,4.A.6,2.A.66,CBM50
3.A.1,3.A.1,3.A.1,GH32,Rrf2,2.A.86
2.A.58,GH85
3.A.1,3.A.1,3.A.9,3.A.1,GT51
3.A.1,Pribosyltran,GH13_5
GT2,1.C.57,3.A.1
3.A.9,3.A.1,3.A.1,GH2|CBM71|CBM71,GH84,2.A.103,HATPase_c,CE4
3.A.3,GT2
2.A.103,3.A.1,3.A.1,3.A.1,Sigma70_r2|Sigma70_r3|Sigma70_r4,GT4,GT4
GT2,GH73,2.A.49
3.A.1,GH1,4.A.3,4.A.3
GT5,CBM48|GH13_9,CBM48|GH13_14,2.A.40,Pribosyltran,1.C.12
CBM32|GH20|GH84,GH101,3.A.12,4.A.2,PfkB,DeoRC|HTH_DeoR,2.A.55
3.A.1,2.A.40,2.A.7,4.A.1,2.A.36,2.A.23,GH73|CBM50,3.A.1,3.A.1
3.A.3,Penicillinase_R,3.A.1,3.A.1,3.A.1,3.A.1,Pribosyltran,GT28,3.A.1,GH2|CBM71|CBM71,CBM34|GH13_20
3.A.3,GT2,2.A.4,4.A.1,GH32,LacI|Peripla_BP_3,2.A.6,2.A.79,9.B.106,3.A.11
GT4,9.B.18,8.A.3,8.A.3,3.A.1,3.A.1,GH13_31
GH29,9.B.28,3.A.1,3.A.1,SBP_bac_1,CBM40|GH33,CE7,3.A.1,3.A.1,3.A.1,3.A.1,3.A.1,9.A.40
3.A.14,3.A.14,CE9,Sigma70_r2,HATPase_c|HisKA,Response_reg|Trans_reg_C,2.A.38,2.A.38
9.B.124,9.B.18,GT2,2.A.1
3.A.1,3.A.1,GH20,GH38,GH125
