3.A.5,GT2
3.D.1,5.B.4,SIS,1.A.35,1.A.1,GT35,2.A.37
GT2,GT4,3.A.1,GT4
3.A.1,GT4
9.A.40,GT26
GH38,2.A.64
3.D.3,GH23,9.B.67
3.A.1,9.A.4,GT19
GT107|GT107,9.A.41
GT4,3.A.1,3.A.1,GT27,GT4,1.B.18,3.A.1
5.A.1,NTP_transf_2,2.A.103,GT4,NTP_transf_2,1.C.109,2.A.114,1.A.77,3.A.2,Fez1,3.A.2,3.A.2,3.A.2,3.D.2,9.A.40,3.A.2
1.B.33,CE11,GT19
3.A.1,2.A.2,GH13_11,3.D.10,3.D.10
2.A.28,3.A.1,8.A.4,GT2,GT2|GT2
GT4,4.C.1
GH57,3.A.1
GT60,3.A.1,2.A.25
8.A.1,3.A.1,GH77
3.E.2,GT41
3.A.1,3.A.1,GT2
3.A.16,CBM50,9.B.73
GT20,3.A.1,3.A.1,3.A.1,3.A.1
3.A.1,GH104
1.B.75,3.E.2,2.A.4,GH104,Glucokinase,3.D.1
9.B.125,9.B.18,GT4
GT51,3.A.1
3.D.1,3.A.1,Aminotran_1_2,9.B.100,GT83,GT4,2.A.7,8.A.21
GH13_20,GH13_16,2.A.16,5.B.4,GH100,3.E.2,3.D.3,9.B.174
3.A.1,3.A.1,Response_reg,GT2,2.A.6,5.B.4,5.B.4,Crp,1.B.23
GT0,9.B.142,PALP,1.B.23,1.B.23,1.B.23,GT83,3.E.2,3.A.1,Trans_reg_C|Response_reg,3.A.3
GT28,Aminotran_1_2,1.B.22
GH13_18,GT81,3.A.1,3.A.1,3.A.1,3.A.1,3.A.1
9.B.146,GT4
