3.A.1,3.A.1,3.A.1,HTH_DeoR|Peripla_BP_3,PL8
GT83,Trans_reg_C|Response_reg,HTH_5,CE1,GH19,9.A.24,2.A.11,Peripla_BP_3|Peripla_BP_1|LacI,2.A.1,3.D.1
GH6|CBM3,2.A.86
2.A.1,GH87,GH23
GT4,9.B.18,2.A.66,GT4
GH0,GAF|SpoIIE|PAS,3.A.1,3.A.1,3.A.1,3.A.1,3.A.1
CE4,Sigma70_r2|Sigma70_r4,9.B.33,2.A.21
2.A.7,GH23|CBM50,Peripla_BP_3|LacI,MarR,SBP_bac_1,3.A.1,3.A.1,GH1,GH158|CBM32
CBM32,2.A.1
CBM6,TetR_N,3.A.1,3.A.1
3.A.1,3.A.1,GT2,2.A.4
3.A.1,GH64,Pyr_redox,2.A.15
3.A.1,AA3_2
CBM32,9.B.74
2.A.81,3.A.1,3.A.1,AA3
CBM6,3.A.1,3.A.1,3.A.1,2.A.28,4.C.1,CBM13
8.A.5,HTH_3,GH75
2.A.66,3.A.1,3.A.1,3.A.1,3.A.1,CBM13,3.A.9,3.A.1,3.A.1
3.A.1,GH20,CBM3|GH16
4.C.1,GAF|GerE,2.A.7,2.A.1,GH5_2
3.A.1,3.A.1,3.A.1,3.A.1,GT1,SBP_bac_1,3.A.1,3.A.1
2.A.3,3.A.1,3.A.1,3.A.1,HTH_IclR,3.A.1,3.A.1,3.A.1,CBM32|GH92
GH2,SBP_bac_1,3.A.1,3.A.1,9.B.106
AA3_2,GAF|SpoIIE|PAS,9.B.18,GT4
3.A.24,3.A.24,3.A.24,CBM13,GerE|Response_reg,3.A.1
CBM16|GH18,3.A.1,3.A.1,3.A.1,3.A.1
3.B.1,GH101|CBM51,GH64,Peripla_BP_2,3.A.1,3.A.1,3.A.1,1.E.43
CBM11|GH3,GH1,3.A.1,3.A.1,3.A.1,3.A.1,3.A.1
9.B.34,8.A.5,2.A.6,CBM32,3.A.4,9.B.34
GT4,GT1,Sigma70_r2|Sigma70_r4_2,2.A.3,GAF,2.A.1,CE1
CBM48|GH13_11,GerE|Response_reg,HATPase_c,3.A.1,3.A.1,3.A.1,TetR_N,GT35,GH13_3,GH13_16,CBM48|GH13_9,2.A.23
CBM2|GH18,3.A.2,3.A.2,3.A.2,3.A.2,1.A.77,9.B.146
GH5_28,3.A.1,3.A.1,3.A.1
GH3,3.A.1,3.A.1,3.A.1,GntR,2.A.114,3.A.1
2.A.1,Rhodanese,GH135,GT4,3.A.1,3.A.1,3.A.1,3.A.1
CE14,8.A.51,3.A.1,GerE,3.A.1,3.A.1,3.A.1,3.A.1,3.A.1,3.A.1,3.A.1,3.A.1,3.A.1,3.A.1,3.A.1
GH18,MerR,GH65,8.A.21,2.A.3
CBM13,SpoIIE,GT51,PadR,3.A.1,HTH_1|LysR_substrate,2.A.86,8.A.5,GT76
9.A.47,Response_reg,CBM16|GH18,2.A.55,2.A.8
3.A.1,3.A.1,3.A.1,3.A.1,GT2,GH33,CBM13,2.A.76
GH20,3.D.10,3.D.10,TetR_N,3.A.1,9.B.126
2.A.7,CBM2|GH18,GAF|SpoIIE,Pkinase,TetR_N,3.A.1,2.A.17,2.A.16,3.D.1,3.D.1,3.D.1,3.D.1,3.D.1,3.D.1,3.D.1,3.D.1,3.D.1,3.D.1,3.D.1,3.D.1,3.D.1,3.D.1
2.A.7,GH3
GH81,3.A.1,3.A.1,GH1,2.A.3,GT76
GT81,GT20,3.A.1,CE9,PfkB,CBM35
3.A.1,NUDIX,3.A.1,3.A.1,3.A.1,3.A.1,2.A.20,9.B.105,GH23
2.A.1,SpoIIE,Pyr_redox_2,TetR_N,CBM51
8.A.5,GH19,HTH_1,TetR_N,2.A.1,1.I.1
3.A.1,CBM12|CBM13,CBM12
1.C.96,GH43_26,TetR_N,8.A.5
GT2,2.A.37
GT83,TetR_N,2.A.6,3.A.1,3.A.1,3.A.1
3.A.1,3.A.1,GH20
3.A.1,3.A.1,3.A.1,3.A.1,GH6,AA10,HTH_IclR|IclR,3.A.1,3.A.1,3.A.1,3.A.1
2.A.81,3.A.1,3.A.1,3.A.1,GH1,Peripla_BP_3|LacI,AA10
GH16_3,GT2,2.A.4
3.A.1,GH3
CBM13,GAF,8.A.59
GH4,3.A.1,3.A.1,SBP_bac_1,MarR,1.A.23,GH84|CBM32,GH77
2.A.1,AraC_binding|HTH_3,Sigma70_r2|Sigma70_r3|Sigma70_r4,3.A.1,3.A.1,9.B.145,2.A.15,2.A.22,GT2,GT4,2.A.55
2.A.1,4.C.1,2.A.1,AsnC_trans_reg,GAF,9.B.157,MarR,2.A.121,TetR_N,GH3
3.A.1,GT87,3.A.1,3.A.1,3.A.1
GT4,GH0,9.B.179
2.A.3,Peripla_BP_3|LacI,3.A.1,3.A.1,3.A.1,GH13_30,Peripla_BP_3|LacI,GH13_32|CBM20,GH13_13|CBM41|GH13_13
GT4,4.C.1
9.B.146,2.A.103,GT28
3.A.1,3.A.1,3.A.1,3.A.1,3.D.1,GH23,PL31
3.A.1,1.C.109,GT4,HTH_8,MerR,GH15,CbiA,NUDIX,3.D.2,CbiA,TrmB,4.B.1
GT4,HTH_11,2.A.1,3.A.1,3.A.1,3.A.1,3.A.1,3.A.1
4.F.1,GT4
2.A.40,MarR,GH18,4.B.1,3.A.24,GH18,AsnC_trans_reg|HTH_11,GT2,2.A.1,2.A.115
2.A.1,3.A.1,3.A.1,GH109,MarR,3.A.1,Pyr_redox_2,3.A.1,GH31,GH3,SBP_bac_1,3.A.1,GH74,GH42,GH95,Peripla_BP_3|LacI,AA10|CBM2,CBM4|GH9|CBM2,CBM2|GH5_2,3.A.1,3.A.1,3.A.1,3.A.1,Peripla_BP_3|LacI,GH43_26|CBM42,GH43_20|CBM42,GH43_26|CBM13,3.A.1,3.A.1,3.A.1,GH51,3.A.1,3.A.1
9.A.40,9.A.40,1.A.1,GH16_3,8.A.5,9.B.106,AsnC_trans_reg|MarR,2.A.85
3.A.24,GT2
CBM32|GH55,CBM32|CBM32|GH16_3,Peptidase_M23,3.A.1,3.A.1,3.A.1
GH18,4.C.1,3.A.1,2.A.1,4.C.1,Peripla_BP_2,3.A.1
3.A.1,3.A.1,GH13_30,Glyoxalase,GH114,HATPase_c|HisKA,Trans_reg_C|Response_reg,HTH_1|LysR_substrate,2.A.75
