9.B.18,GT4,GT4,GT4,2.A.1,2.A.1,GntR,3.A.1
GT2,GT2,9.B.97,9.B.97,GT2,2.A.3
9.B.34,3.A.1,2.A.1,3.A.1,AA3
2.A.1,GT4
GT2,3.A.1,3.A.1,3.A.1,9.B.34
2.A.86,2.A.1,2.A.1,3.D.2,AsnC_trans_reg,2.A.2,GT20
GH3,TetR_N,3.B.1,1.A.23,TetR_N,GT81
2.A.6,3.A.1,3.A.1,3.A.1,SBP_bac_1,GH13_30
GT2,2.A.1
GT2,2.A.38,2.A.38,2.A.21,3.A.11,9.B.169,4.C.1
9.B.146,2.A.103,GT28
1.B.42,Aminotran_1_2,3.A.1,2.A.1,HTH_5,3.A.1,GH23
2.A.1,GH16_3,AAA,8.A.5,1.A.35
2.A.64,GT2,2.A.1,EPSP_synthase|HTH_3,9.B.104
GH1,3.A.1,3.A.1,3.A.1,3.A.1,HTH_3,4.F.1,3.A.12
1.A.23,GH18,2.A.78
3.A.1,3.A.1,3.A.1,3.A.1,GT4,GH0,CBM48|GH13_9,GH13_16,GH13_3,CBM48|GH13_11,GH13_10,GH13_26,CBM48|GH13_11,GH77
3.A.7,3.A.7,Trans_reg_C|Response_reg,HisKA|HATPase_c,GT83,GT2
2.A.21,GT2,Whib,3.A.1
CE14,8.A.51,3.A.1,2.A.28,9.B.141,2.A.1
3.A.1,3.A.1,3.A.1,3.A.1,SBP_bac_1,1.C.113,HTH_18,2.A.4,CE14,PALP,MarR,2.A.86,1.A.1
AA3_2,3.A.1,3.A.1
GT26,Trans_reg_C|BTAD,2.A.1,9.B.18,HisKA|HATPase_c,GGDEF,GT2,Trans_reg_C|Response_reg,GH6
3.A.1,GH23|CBM50,GT39
9.A.40,9.A.40,1.A.22,1.A.35,Trans_reg_C|Response_reg,3.A.3,3.A.3,2.A.72,Pyr_redox_2,9.B.115,Fe_dep_repress|FeoA|Fe_dep_repr_C,2.A.1,Citrate_synt,GT2
2.A.40,2.A.1,2.A.1,CSD,9.B.126,Sigma70_r2|Sigma70_r4_2,4.C.1,9.B.18,GT2,Sigma70_r2|Sigma70_r4_2,2.A.66
2.A.33,GH15
3.A.1,2.A.1,GH3
3.A.1,3.A.1,9.B.14,5.A.1,GH23
3.A.9,2.A.33,GT2,3.D.1
GT2,TetR_C|TetR_N,2.A.1,2.A.3
GT51,PadR,TetR_N,3.A.1,3.A.1,3.A.1,3.A.1,HD,2.A.66
