3.A.3,2.A.88,2.A.4,Peripla_BP_3|LacI,PfkB,4.A.1,GH32
CBM50,2.A.36,AAA,3.A.1,3.A.1
3.A.1,GH23,3.A.1,3.A.1,3.A.1,9.B.10
2.A.7,GT2,2.A.37,2.A.21
2.A.85,GH73,HD,3.A.1,3.A.1,3.A.1
9.B.104,GH57,3.A.1,3.A.1,3.A.1,GH13_5,2.A.58,1.B.52,FUR,3.A.1,3.A.1,1.I.1,Peripla_BP_1,2.A.21
GT51,4.C.1
GH13_14,2.A.1,HTH_DeoR,2.A.66,3.E.1,2.A.1
2.A.115,GT4
3.A.11,GH13_29,4.A.1
CBM41|CBM41|GH13_14,9.B.34,Pyr_redox_2|Rhodanese,2.A.45,3.A.4,ArsD,HTH_5,2.A.53,3.A.1,1.C.57,3.A.1
GH1,4.A.3,4.A.3,9.B.97,2.A.50,GT0,3.A.1,3.A.1
3.A.1,3.A.1,GntR,GH4,4.A.3,4.A.3,4.A.3,2.A.115,2.A.86,1.B.52,1.B.52
GT2,Aminotran_1_2,GT2,9.B.18,9.B.18,GT2,GT4,8.A.3,8.A.3,4.A.1,GH1,9.B.126,2.A.66,GT4,GH166,SIS|HTH_6,9.B.34,2.A.8,CE4,9.B.34,HTH_11,Peptidase_M23,3.A.1,3.A.1,3.A.1
1.B.52,CE4,1.B.52,3.A.3,3.A.3,3.A.3,2.A.109
3.A.3,1.B.76,HATPase_c|HisKA,GH13_31,3.A.1,3.A.1,SBP_bac_1,Peripla_BP_3|LacI,GH65,GH32,9.B.34,3.A.1,3.A.1,3.A.1,3.A.1,9.B.34,SIS|HTH_6,4.A.1,1.B.52,1.A.22
CE4,1.B.52,3.D.7
GH13_31,MerR,GT4,9.B.18,2.A.83,EAL,2.A.49,2.A.23,4.A.1,SIS,SIS|HTH_6,2.A.58,HD,GH3,GH13_5,PadR,1.A.1
9.B.34,3.A.1,3.A.1,cNMP_binding,GH31,2.A.3,1.A.26,2.A.21
GT2,GT4,GT2,Response_reg,AraC_binding,3.A.1,3.A.1,3.A.1
3.A.18,GH3
GH16_3|CBM4|CBM4|CBM4,2.A.1
9.A.5,9.B.34,9.B.34,2.A.1,GH13_31,2.A.25,1.A.16
4.A.1,GH1,4.A.3,4.A.3,4.A.3,GH1,GntR,3.A.1
3.A.25,CE4|CBM50|CBM50|CBM50,3.A.1,SfsA,2.A.122,1.E.14,2.A.6,TetR_N,3.A.1,3.A.1,3.A.1,HTH_18|AraC_binding,GH13_31
3.D.2,Rhodanese,2.A.35,9.B.34,GH13_14,2.A.6
3.A.1,3.A.1,3.A.1,Response_reg|Trans_reg_C,HATPase_c|HisKA,TetR_N,3.A.1,3.A.1,Response_reg|Trans_reg_C,HATPase_c|HisKA,GH73,2.A.1,TetR_N,Peripla_BP_3|LacI,SBP_bac_1,3.A.1,3.A.1,GH1,4.A.3,GH1,4.A.3,4.A.3
2.A.66,CE9
2.A.35,3.A.1,2.A.3,PAS|GGDEF|EAL,Aminotran_1_2,1.A.43,HTH_5,3.A.3,GH13,PAS|GGDEF|EAL,2.A.115,TetR_N,2.A.7,9.B.120,2.A.25,1.A.1
GH73,3.A.1,3.A.1,3.A.1,3.A.1,2.A.1,8.A.59
GT51,GT5,GT35,Rhodanese,3.A.1,3.A.1,3.A.1,HTH_8,2.A.47,1.A.35
2.A.66,CBM34|GH13_20,3.A.1,3.A.1,3.A.1,GH13_1,Peripla_BP_3|LacI,GH65,2.A.115,2.A.25
9.B.146,GT28
3.D.3,3.D.3,3.D.3,CE14,GT4
