1.B.22,GT51,NUDIX,9.B.65,2.A.21,Response_reg|Trans_reg_C,9.A.8,9.A.8,9.A.8
2.A.8,GH77,GT35,3.A.23,HTH_DeoR|DeoRC,9.B.104,Rhodanese,GT35,GT5,CBM48|GH13_11,CBM48|GH13_9,2.A.95,2.A.8
9.B.36,GerE,GH37,GerE,HTH_1|LysR_substrate,9.B.126,2.A.1,9.B.121,EAL,PfkB,2.A.23,EAL|GGDEF,1.B.55,GH8,4.D.3,4.D.3
9.B.97,9.B.44,9.B.44,3.A.1,3.A.1,3.A.1,Peripla_BP_3,HTH_18|Peripla_BP_3,GH73,GH13_19,Aminotran_1_2,3.D.1,IclR|HTH_IclR,2.A.56
2.A.27,2.A.40,GH31
1.I.1,3.A.6,9.B.146,GT0,Aminotran_1_2,2.A.66,GT56,9.B.128,GT26,2.A.3
3.A.23,HisKA|PAS|HATPase_c,GntR,2.A.1,2.A.2,GH31
2.A.13,2.A.2,GH4,HTH_18,Aminotran_1_2,HTH_18,2.A.3,Response_reg|Trans_reg_C,HisKA|HATPase_c,2.A.1,Glyoxalase,3.A.1,3.A.1,3.A.1,HTH_18,MerR,2.A.40,2.A.36,2.A.21,9.B.136,5.A.3,5.A.3,9.B.14,TPR_1,2.A.23,1.B.17,2.A.85,8.A.1
1.C.80,1.B.35,CE0
3.A.3,LacI|Peripla_BP_3,4.A.1,GH13_29
4.B.1,3.A.1,GH23
9.B.146,2.A.103,GT28,CE11,3.A.5,NUDIX,3.A.15,9.B.125,2.A.3
GT51,1.B.14,3.A.1,3.A.1,3.A.1,2.A.49,1.A.62,3.A.1
1.B.33,GT19
1.K.4,1.A.45,1.A.45,GH23
2.A.1,Response_reg|Trans_reg_C,HisKA|PAS|HATPase_c,2.A.26,2.A.3,CBM34|GH13_21,3.A.5,2.A.6,2.A.6,1.B.10
GT2,2.A.21,Response_reg|Trans_reg_C,1.B.17,2.A.6
CE9,4.A.1,1.B.25
1.B.11,1.C.80,Citrate_synt,3.D.10,3.D.10,GntR,4.A.2,GH38,3.D.4,3.D.4,9.B.85,8.A.79,1.A.30,1.A.30,2.C.1,2.C.1,2.C.1,2.C.1,4.B.1,2.A.4
1.E.1,GH24
2.A.47,CE8
AA6,2.A.40
4.A.1,GH3
5.A.2,2.A.34,GntR,Pyr_redox,2.A.36,GH23,1.E.43,1.B.14,1.B.14,3.A.1,3.A.1,Peripla_BP_2,GH37,4.A.2,GAF|PAS|HTH_8,1.B.12,2.A.53,Pribosyltran,1.B.46
3.A.23,9.B.100,PspC,Rhodanese,GH13_18,3.A.1,3.A.1,GH65
4.A.3,4.A.3,CE0
1.B.25,GH2,TetR_N,Peripla_BP_1|LacI,4.A.1
CBM50,3.A.1,3.A.1,3.A.1
GH13_5,9.B.102,1.B.1,2.A.7,3.A.6,3.A.6,3.A.6,3.A.6,3.A.6,3.A.6,3.A.6
GT4,2.A.66,9.B.18,GT4
GT4,8.A.3,1.B.18,2.A.109,9.B.22,2.A.6,2.A.1
GH25,PfkB,PfkB,2.A.113,2.A.113,2.A.113,1.B.11,3.A.1
3.A.1,3.A.1,3.A.1,3.A.1,GH3,9.B.29,9.B.27,1.E.14,2.A.122,9.B.114,Pyr_redox_2,3.A.1,3.A.1,3.A.1,LacI|Peripla_BP_3,9.B.169,2.A.3,HTH_1|LysR_substrate,2.A.98,PfkB|HTH_11,2.A.41,2.A.41,PfkB,4.A.2,PfkB,4.A.2,2.A.1
1.B.68,NUDIX,Aminotran_1_2,GT2,GT83,2.A.7,2.A.7
1.C.80,1.B.9,3.A.1,GH32,Peripla_BP_1|LacI,PALP,2.A.1,2.A.1,Response_reg|GerE,Response_reg|HisKA|SBP_bac_3|HATPase_c,2.A.69
3.A.23,HisKA|HATPase_c,GH23
GH13_27,2.A.3,GntR,9.B.12,HTH_5,Rhodanese,2.A.104
GH103,4.A.4,4.A.4,HTH_DeoR|DeoRC,SIS|CBS,3.A.23,Pyr_redox_2,5.A.3,LacI|Peripla_BP_3,3.D.1,3.D.1,3.D.1,3.D.1
GH102,3.A.7
1.C.113,GH1
GH23,2.A.1,9.B.120
GH2,2.A.3,GH63,Pyr_redox_2,HTH_3,9.B.114,2.A.109,2.A.23,2.A.1,GntR,9.B.27,1.E.34,9.B.124,HTH_1|LysR_substrate,2.A.42,2.A.42
