2.A.13,GH30_8,2.A.1
1.B.22,GT51
GH77,GT35,DeoRC|HTH_DeoR,9.B.104,PfkB|HTH_DeoR,Rhodanese,DeoRC|HTH_DeoR,4.A.7,4.A.7,4.A.7,2.A.85,8.A.1,8.A.48,HTH_1|LysR_substrate,9.B.157,9.B.157,9.B.157,EAL|GGDEF,5.B.7,2.A.21,HTH_8,3.A.1,3.A.1,3.A.1,3.A.1,3.A.1,3.A.1,2.A.38
GT2,GT30,GT4,GT9,GT4,GT9,GT9,GT9,Aminotran_1_2,1.A.34,Rhodanese,2.A.7
1.A.77,3.A.2,3.A.2,3.A.2,3.A.2,3.A.2,3.A.2,3.A.2,3.A.2,PL9
GT2,2.A.6,3.A.1,3.A.1,3.A.1,3.A.1,TetR_N,TetR_N,2.A.6,2.A.6,2.A.6,3.A.1,3.A.1,3.A.1,3.A.1,3.A.1,HTH_1|LysR_substrate,PALP,MarR|AsnC_trans_reg,2.A.40,3.D.1,1.B.48,Aminotran_1_2,GT2,GT83,2.A.7,3.A.1,3.A.1,3.A.1,3.A.1,3.A.1,Sigma70_r2|Sigma70_r4_2,2.A.119
2.A.1,1.B.52,GntR,4.A.3,4.A.3,GH1,4.A.3
GH33,2.A.80,2.A.80,LacI|Peripla_BP_3|Peripla_BP_1,2.A.81,PAS|HATPase_c,Response_reg,4.A.4,4.A.4,4.A.4,DeoRC|HTH_DeoR,CBS|SIS,2.A.24,3.A.1,3.A.1,3.A.1,3.A.1,3.A.1,2.A.7,CbiA,GT2,1.B.55,GH8,2.A.23,PfkB,9.B.126,2.A.1,2.A.88,3.A.3,3.A.5,3.A.1,3.A.1,Sigma70_r2|Sigma70_r4,3.A.1,3.A.1,3.A.1,3.A.1,3.A.1,Aminotran_1_2,MCPsignal,2.A.8,DeoRC|HTH_DeoR,3.A.1,3.A.1,3.A.1,3.A.1,2.A.69
2.A.21,GH28,1.I.1,3.A.6,9.B.146,GT0,Aminotran_1_2,2.A.66,GT56,9.B.128,GT26,3.A.1,3.A.1,3.A.1,NUDIX,2.A.1
2.A.8,2.A.95,3.A.1,3.A.1,3.A.1,8.A.5,AraC_binding|HTH_18,9.B.33,CBM48|GH13_9,CBM48|GH13_11,GT5,GT35,9.B.34,PL1_2,PL1_3,PL1_3
2.A.47,2.A.58,HTH_18,9.B.27,2.A.56,2.A.56,1.A.30,1.A.30,LacI|Peripla_BP_3|Peripla_BP_1,GH32,4.A.1,1.B.3
4.A.1,GH1,2.A.7,3.D.10,3.D.10,1.A.23,2.A.25,2.A.1,GntR,2.A.108
GH68,PAS|HATPase_c,3.A.23,Nitro_FeMo-Co,HTH_1|LysR_substrate,2.A.68
3.A.1,3.A.1,CBM50
1.A.23,3.A.1,3.A.1,IclR|HTH_IclR,2.A.75,HTH_1|LysR_substrate,ACT,MCPsignal,3.A.1,GH23
9.B.146,2.A.103,GT28,CE11,3.A.5,NUDIX,3.A.15,3.A.15,9.B.125,GH43_26,2.A.2,2.A.3
GH38,SBP_bac_1,3.A.1,3.A.1,3.A.1,2.A.8,IclR|HTH_IclR,3.A.1,3.A.1,3.A.1,2.A.66,GT4,3.A.1,3.A.1,SBP_bac_3,3.A.1,GntR,3.A.1,3.A.1
2.A.1,Peripla_BP_2,1.B.14,3.A.1,4.A.3,GH1,4.A.3,GntR,LacI|Peripla_BP_3,4.C.1,2.A.1,9.A.4,3.A.15,HTH_8,2.A.39
2.A.1,2.A.21,ACT,2.A.56,2.A.56,2.A.56,GH105
CBM50,Sigma70_r2|Sigma70_r3|Sigma70_r4,3.A.1,3.A.1,3.A.1
2.A.1,8.A.1,MarR,2.A.78,2.A.78,2.A.1,3.A.1,3.A.1,3.A.1,GntR,3.A.9,2.A.39,GntR,CE4,HTH_3,3.A.9,SIS|HTH_6,SBP_bac_3,3.A.1,3.A.1,3.A.1
3.A.4,3.A.4,GH4,HTH_1|LysR_substrate,3.A.1,2.A.7,Glyoxalase,DeoRC|HTH_DeoR,GH3,2.A.2,2.A.55,3.A.1,3.A.1,3.A.1,3.A.1,GntR,SBP_bac_3,3.A.1,3.A.1
1.B.33,3.A.9,AAA,HTH_7,GH23
GT51,2.A.49,3.A.1,HD,Diacid_rec,3.A.1,3.A.1,3.A.1,3.A.1,3.A.1,3.A.1,SBP_bac_1,3.A.1
GH23,HATPase_c|HisKA,3.A.23,CE8,CE12,PL1_6,Aminotran_1_2,2.A.1,2.A.113,3.A.1,3.A.1
GT4,9.B.18,HTH_1|LysR_substrate,2.A.1
5.A.3,5.A.3,5.A.3,SIS|HTH_6,3.A.1,3.A.1,3.A.1,2.A.1,TetR_N,2.A.6,2.A.6,2.A.6,3.A.1,Aminotran_1_2,HTH_1|LysR_substrate,GT1,4.C.1,1.B.14,4.C.1,3.A.1,3.A.1,3.A.1,2.A.1,3.A.1,4.A.1,GH1,2.A.102,GntR|Aminotran_1_2,HhH-GPD,HTH_18|Ada_Zn_binding,PAS|HATPase_c|CHASE|HisKA|Response_reg,9.B.34,3.A.1,3.A.1,3.A.1,3.A.1,GH53,GH42,4.A.1,1.B.3,LacI|Peripla_BP_3,GT84|GH94
4.C.1,AraC_binding|HTH_18,2.A.1,HTH_1|LysR_substrate,3.A.1,3.A.1,3.A.1,9.B.34,Nitroreductase,3.A.25,3.A.1,2.A.122,1.E.14,GH3
GH73,3.A.6,3.A.6,3.A.6,3.A.6,3.A.6,3.A.6,3.A.6,3.A.6,GT2,GT0,GT2
GT2,2.A.1
4.A.1,GH3,Pyr_redox_2,LacI|Peripla_BP_3,2.A.1,GH31,EAL,3.A.1,3.A.1,3.A.1,Glucokinase,3.A.1,3.A.1
4.A.1,GH1,1.B.3,PALP,3.A.1,4.C.1,4.C.1,2.A.66,LacI|Peripla_BP_3,3.A.7
PL3_1,3.A.1,SBP_bac_1,3.A.1,3.A.1,DeoRC|HTH_DeoR,3.A.1,GntR,3.A.1,3.A.1,3.A.1,3.A.1,3.A.1
GH5_2,PL9,HTH_18,GH23,4.C.1
GT81,8.A.5,3.A.3,2.A.86,CbiA,Fe_dep_repress,HTH_1|LysR_substrate,2.A.1,2.A.1
PL2_2,3.A.1,3.A.1,3.A.1,3.A.1,1.B.35,2.A.7
PL22|PL22,9.B.1,9.B.34
CBM50,3.A.1,3.A.1,3.A.1,AAA,2.A.52
PL9,3.A.1,3.A.11,HTH_3,2.A.3
1.A.16,HTH_1|LysR_substrate,2.A.1,5.A.3,5.A.3,5.A.3,5.A.3,AAA,1.B.46,3.A.12,MarR|AsnC_trans_reg,Pyr_redox_2,3.A.1,3.A.1,GH37,CSD,2.A.124,3.A.1,3.A.1,3.A.1,3.A.1,3.A.1,3.A.1,3.A.1,3.A.1,3.A.1,Nitroreductase,2.A.81,DeoRC|HTH_DeoR,9.B.114,9.B.169
2.A.3,HTH_18,9.B.72,CE8
2.A.1,MarR,1.B.6,2.A.7,3.A.1,3.A.1,3.A.1,Glycos_trans_3N,2.A.53,GH3
GH4,4.A.3,4.A.3,4.A.3,GntR,MarR,8.A.1,2.A.1,PfkB,GH127,2.A.2,AraC_binding|HTH_18,3.A.1,3.A.1,3.A.1,3.A.1,3.A.1,Autoind_bind|GerE,2.A.15,TetR_N,AA3_2,2.A.3,Arg_repressor,2.A.118
2.A.108,2.A.108,2.A.108,Sigma70_r4_2,Nitro_FeMo-Co,1.B.52,MarR|AsnC_trans_reg,Aminotran_1_2,3.A.1,3.A.1,3.A.1,3.A.1,Pyr_redox_2,2.A.1,GH36,LacI|Peripla_BP_1,3.A.1,3.A.1,3.A.1,3.A.1,3.A.1,3.A.1
2.A.1,GntR,3.D.1,3.D.1,3.A.23,2.A.23,HTH_1|LysR_substrate,GH2,MarR,2.A.6,2.A.6,2.A.6,TetR_N,1.B.12,HTH_1|LysR_substrate,2.A.6,2.A.6,TetR_N,2.A.6
4.A.1,CE9
GT19,1.B.33
GH102,3.A.7
4.A.2,NUDIX,2.A.109,8.A.5,1.B.12,HhH-GPD,GH23,TetR_N,2.A.3
3.A.7,GH23,GH23,3.A.15
GH31,2.A.2
1.B.3,3.A.1,3.A.1,3.A.1,3.A.1,GH77,GT35,9.B.159,peroxidase,2.A.81,2.A.49,HTH_3,2.A.42,9.B.115,4.C.1
9.B.102,9.B.102,2.A.102,GerE,2.A.4,3.A.3,HTH_1|LysR_substrate,2.A.1,PL4_4
3.A.1,MCPsignal,HATPase_c|HisKA,Trans_reg_C|Response_reg,9.B.27,9.B.105,HTH_18,GerE,2.A.3,GH103,PfkB,3.A.1,3.A.1,3.A.1
3.A.1,3.A.1,3.A.1,3.A.1,Fer4,MarR,8.A.1,2.A.1,HTH_3,2.A.2,Glyoxalase,4.C.1,2.A.36,2.A.40,3.A.1,3.A.1,3.A.1,SBP_bac_1,GT4,GT4,GT4|GT4,GT2
PL1_8,2.A.23,2.A.1,GntR,9.B.27,1.E.34
