2.A.39,GH20,2.A.1,GntR|Aminotran_1_2,2.A.1,2.A.49
1.B.18,2.A.66,GT4,8.A.3,GT26,9.B.18,GT2,GT4,GT2,GT70,9.B.30,GH5_5,2.A.1
2.A.36,SpoVT_AbrB,3.A.7,GH23
2.A.16,3.A.1,3.A.1,HATPase_c,Sigma70_r4_2|Sigma70_r2,Sigma70_r4_2|Sigma70_r2,Response_reg,GT20,3.A.1,2.A.6,2.A.6,1.A.22
9.B.35,CE4
GH3,1.B.55,GT2,GH8
3.A.11,2.A.4,2.A.4,2.A.49,GT4,9.B.10,GT4
GT4,2.A.72,GH23,GH3
GT2,Pyr_redox_2,1.B.5,3.A.1,GT2,2.A.6,2.A.6,2.A.6
8.A.28,Aminotran_1_2,2.A.1,GT2,HTH_1,9.B.160,3.A.1
GT2,GH31,3.A.1,GT4,GT2,3.A.1,3.A.1
1.A.30,GT51,8.A.5
GH37,2.A.1
GT17|CBM47,HTH_3,1.A.35,PALP,2.A.1,FUR,2.A.1
4.A.6,PTS-HPr,4.A.2,3.A.2,GT2,GT83,3.A.1,3.E.2,2.A.6,2.A.1,3.A.1,3.A.1,2.A.6
3.A.1,3.A.1,3.A.1,3.A.1,3.A.1,2.A.76,3.A.7,3.A.7,GH23,3.D.3
2.A.6,GT2,2.A.50,GH23,2.A.85
1.B.14,8.A.1,GT2
GT21,9.A.40,GH23
3.D.1,3.D.1,3.D.1,3.D.1,3.D.1,3.D.1,3.D.1,3.D.1,3.D.1,3.D.1,3.D.1,3.D.1,3.D.1,3.A.1,3.A.1,Nitroreductase,1.I.1,GT2
3.A.7,3.A.1,3.A.1,3.A.1,1.B.33,CE11
GT28,2.A.103,9.B.146
2.A.85,2.A.102,HTH_5,ROS_MUCR,8.A.21,HTH_1|LysR_substrate,Pyr_redox_2,AsnC_trans_reg,GT83
9.B.34,GT4
GH23,2.A.109
3.A.1,GT19,GT9,2.A.8,2.A.89
2.A.69,HTH_1|LysR_substrate,Pyr_redox_2,GT4
1.B.55,GT2
8.A.1,2.A.1,2.A.6,GH144,Pyr_redox_2,HTH_1|LysR_substrate,2.A.109,2.A.55,1.A.23
9.B.34,Crp|cNMP_binding,AAA,2.A.1,CE9,PAS|GGDEF|EAL|GAF,PHY|Response_reg|GAF,9.B.143,2.A.7,GT0
2.A.6,2.A.6,TetR_N,2.A.6,HTH_1|LysR_substrate,3.A.7,3.A.7,3.A.7,3.A.7,3.A.7,3.A.7,3.A.7,GH23
