2.A.66,GT4
GT2,9.B.18,1.B.18,8.A.3
8.A.59,2.A.6,2.A.6,GH0,GT4,3.A.15,2.A.20
2.A.38,2.A.38,CBM50,3.A.11,2.A.19
GT81,GH13_18,4.C.1
GT4,GT4,GT25,GT2,GT94,AA3_2,TetR_N,4.C.1
GT2,TetR_N,1.B.14,3.D.4
GT51,Peptidase_M23,1.B.14,GH23,1.B.14,1.A.23
9.B.146,2.A.103,GT28,CE11,3.A.5,NUDIX,3.A.15,3.A.15,3.A.15,3.A.15
5.A.1,PfkB,GT51,3.A.1,9.B.115,2.A.37,9.B.8
GH13_18,1.A.10,CbiA,1.A.23
GT2,1.B.14,2.A.66
4.C.1,GT1,Pyr_redox_2,8.A.58
9.A.8,FeoA,HTH_1|LysR_substrate,GH23,2.A.6,2.A.6
CBM50,Sigma70_r2|Sigma70_r3|Sigma70_r4,3.D.1,ATPase_2,3.A.15,9.A.47,3.A.7
3.A.1,1.A.30,3.A.11,3.A.1,3.A.1,3.A.1,3.D.5,3.D.5,3.D.5,3.D.5,3.D.5,3.D.5,1.A.23,LexA_DNA_bind,3.A.7,3.A.1,GH23,1.A.11
GH23,3.A.1,3.A.1,3.A.1,3.A.1,3.A.1
3.A.1,GT19,1.B.33
1.B.22,3.A.11,GT51
GH23,3.A.7
2.A.59,1.A.72,MerR,1.B.14,2.A.6,2.A.6,2.A.6,2.A.33,GT2,GT83,3.A.3
GT2,1.B.55,GH8
GH103,2.A.103
GT4,1.I.1,1.I.1,CSD,HTH_18,GGDEF,1.B.14,2.A.21,9.B.186,GT20
