1.A.33,HTH_11,GH73
GH13_29,PALP,2.A.66
GT51,Peptidase_M23,3.A.14,3.A.14
3.A.1,3.A.11,Peripla_BP_3|LacI,GH32,4.A.1,3.A.5
GH1,2.A.7
2.A.88,1.A.35,3.A.18,CE4,3.A.11,3.A.11,EPSP_synthase,CBS|GntR,9.B.126,2.A.88
2.A.3,GH13_5,3.A.1,3.A.1,3.A.1,3.A.1
1.A.11,GH73,2.A.58,CE9,2.A.120,2.A.3,4.A.1,3.D.1
3.A.3,NUDIX,GT4,GT4,PspC,1.C.113,2.A.6
2.A.1,3.A.1,2.A.5,HTH_5,3.A.3,2.A.1,TetR_N,HD,9.B.158,GT2|GT8,2.A.1,TetR_N,3.A.1,3.A.1
GH87,FeoA|Fe_dep_repr_C|Fe_dep_repress,3.A.1,3.A.1
GH70,GH70,GH70,2.A.103
3.A.1,3.A.1,3.A.1,CE1,2.A.49,2.A.49
GT0,GT2,GH8,EPSP_synthase,3.A.1,3.A.1,3.A.1,3.A.1,3.A.1,3.A.1,3.A.1,3.A.1,Response_reg|Trans_reg_C,2.A.21
3.A.3,Nitroreductase,3.A.1,NUDIX,2.A.86,TPR_1,GH73
8.A.3,8.A.3,9.B.18,GT26,GT2,GT0,2.A.66,2.A.86,GH1
GH25,HTH_7,CBM41|CBM41|GH13_12,2.A.108,2.A.108,2.A.108,2.A.64,3.A.1,3.A.1,3.A.1,3.A.1,Peripla_BP_3|LacI,GH77
3.A.1,3.A.1,3.A.1,SIS,HTH_1|LysR_substrate,GH73,2.A.98,3.A.1
3.A.3,2.A.50,4.C.1,3.A.1,3.A.1,GH23
2.A.15,1.A.1,ACT,CBM66|GH32|CBM66
4.A.3,Nitroreductase,8.A.5,GH2,2.A.2,Peripla_BP_3|LacI,GH13_31,HisKA|HATPase_c,Response_reg|Trans_reg_C,3.A.1
GH70,1.C.57,GH70,1.C.57,1.C.57,1.C.57,1.C.57,1.C.57,2.A.1,2.A.69,HTH_3,HTH_1|LysR_substrate,2.A.1,MarR,GH70
3.A.5,3.A.5,3.A.5,3.A.5,GT8,GT8|GT101,GT2,GT8,GT0,GT4,GT8,GT2|GT8
3.A.1,3.A.1,3.A.1,GT35,GT5,CBM48|GH13_9,CBM41|GH13_14,3.A.12,Pyr_redox_2,GerE|Response_reg,HATPase_c,9.B.116,1.A.1,9.B.106,SpoIIE,3.A.11,3.A.5,GntR,3.A.1,3.A.1,3.A.1,3.A.1,3.A.1,3.A.1,3.A.1
3.A.1,GT2,GT4,GT4,GT2,GT2,GT2,3.A.7,GT2,Sigma70_r2|Sigma70_r4|Sigma70_r3,1.A.22,3.A.1,Aminotran_1_2,3.A.1,3.A.1,NUDIX,3.A.1,3.A.1
2.A.7,CE4
8.A.5,CBM50
GT8,GT4,Pyr_redox_2,4.A.2
3.A.11,3.A.11,PALP,ACT|CBS,3.A.1,3.A.1,3.A.1,3.A.1,3.A.1,Pribosyltran,GH68,GH32,Aminotran_1_2,Aminotran_1_2,3.A.3,2.A.66
GT51,9.B.124,3.A.1,3.A.1,MerR,LytTR,3.A.1
