GT83,2.A.1
1.I.1,GT28
GH33,1.B.14,2.A.37
9.B.106,Sigma70_ECF,9.B.169,SBP_bac_10,2.A.86,Response_reg|Trans_reg_C,HisKA|HATPase_c,3.A.23,SBP_bac_10,CBM38,1.B.14
3.A.1,3.A.1,3.A.1,3.A.1,Rrf2,GT2
4.C.1,HTH_3,SBP_bac_10,GH5_28,3.A.1,SirB,GH88,GH15,2.A.108,2.A.108
GH109,2.A.1
CBM47,GH2,2.A.19,1.B.14
GT2,TetR_N,2.A.6,GH25
CBM51,GT2,PAS|HisKA|Response_reg|HATPase_c,HEAT_PBS,2.A.1
GT84|GH94,3.A.1
3.A.23,GH95
GT35,9.B.106
9.B.106,SBP_bac_10,3.D.1,TrmB,1.E.43,SpoIIE,CE14
2.A.16,GT4,2.A.55,2.A.6
3.A.1,GT2,3.A.1,3.A.1,3.A.23,SBP_bac_10,3.A.9,1.A.33
3.A.12,1.B.14,2.A.67,GT4,GT4,GT4,GT4,GT4,9.B.106
GT9,3.A.1,3.A.1,9.B.160
1.B.14,2.A.23,GT4
GT4,2.A.21,3.A.23
2.A.21,3.A.23,2.A.45,CBM47
GT4,2.A.50
3.D.1,3.D.1,3.D.1,3.D.1,3.D.1,3.D.1,3.D.1,3.D.1,3.D.1,3.D.1,3.D.1,3.D.1,3.D.1,1.A.4,GT2
2.A.21,3.A.23,GT83
2.A.6,GH140|CBM67
3.A.1,GT2
3.A.1,9.B.18,GT4,TPR_4|TPR_2,GT2,GT4,GT2,GT4,Glyoxalase,GT2,GT4,GT2,8.A.3,Sigma70_r4_2|Sigma70_r2,2.A.1,GH18
GT4,3.A.1,3.A.1
GH0,9.A.25,2.A.61,SBP_bac_10,SBP_bac_10,1.B.14,1.A.4
CE1,1.B.14
CBM48|GH13_9,2.A.21
GT9,GT4,9.B.31
9.B.106,SBP_bac_10,CBM38
1.I.1,LexA_DNA_bind,CE14
CBM9,TPR_1|Pkinase,3.A.3
3.A.9,GH43_26,8.A.5
GH130,GH130,GT4,9.B.106
CBM57,Sigma70_r2,1.I.1,FHA,1.I.1
4.C.1,1.A.43,GT2,GT0,AA6
GT2,Pyr_redox,9.B.18,8.A.3,GT4,GT4,GT4,GT2,GT4,GT2
1.B.14,GT41,PAS|HisKA|Response_reg|HATPase_c,1.B.14
GT2,9.B.106
GT2,GT2,3.A.1,GH2|GT2,9.A.25,SBP_bac_10,SBP_bac_10,PL9|GH136
CBM38|GH32,3.A.7
CBM67,1.B.14,5.A.1,9.B.35
GT1,2.A.16
GH57,2.A.21
GT84,3.A.23
GT2,9.B.34
9.B.106,SpoIIE,HD,GH97
1.A.8,GT5
5.B.3,9.B.144,GT2
1.B.19,CBM47
3.A.5,GT30
3.A.1,3.A.1,GT21,GH148,CYTH,GT83
GT19,9.B.174
9.B.18,GT4
GT4,GT2,9.B.18,GT2
9.B.18,8.A.3,GT4,GT4,GT4
9.B.102,GT2,3.A.3,3.A.3,3.A.3,PAS|HisKA|HATPase_c,Response_reg,Response_reg,3.D.1,Fer4,3.D.1,3.D.1,3.D.1,3.D.9,3.D.9
CE11,CBM47,9.A.61
GH33,TPR_2|TPR_1,2.A.6
GT2,9.B.104
8.A.5,2.A.6,2.A.6,Rrf2,CBM38
CE0,2.A.50,3.A.1,2.A.1
8.A.5,2.A.4,Fer4,9.B.174,GH13_10,GH13_26,GH13_16,GH13_3
GT4,GT4,GT4,GT4,AAA,3.B.1
2.A.6,2.A.6,CBM51
9.B.97,GH57,GH57
3.A.18,GT4,GT4,GT4
GT2,9.A.40
GH15,3.A.11,1.B.14,1.B.14,SBP_bac_10,1.I.1,Sigma70_r4_2,3.A.23,PAS|HisKA|HATPase_c,3.A.3,2.A.6,2.A.6
4.C.1,HTH_5,GH0
CBM47,2.A.8,CBM67,CBM47,1.B.14,2.A.1,1.B.14,Peptidase_M23,CBM47,HTH_3,SBP_bac_10,1.A.23,3.A.1,Sigma70_r4_2|Sigma70_r2,3.A.1,3.A.1,3.A.1
1.A.22,CBM47,CBM47
CE15,1.B.14
GH13,Sigma70_r4_2|Sigma70_r2,TPR_1|TPR_2|Pkinase,4.C.1,2.A.1,3.A.1,3.A.1
2.A.6,2.A.6,CBM47
2.A.1,GH13
2.A.6,2.A.6,CE6
GT2,3.A.11
GH123,2.A.21
GT83,4.C.1
1.I.1,Sigma70_ECF,2.A.6,2.A.6,2.A.6,1.A.4,Sigma70_r4_2,GT4
