2.A.88,TPR_2,2.A.38,CBM50,3.A.11,2.A.53,3.A.1,LysR_substrate|HTH_1,Sigma70_r2|Sigma70_r4_2,FecR,1.B.14
3.D.2,3.D.2,3.D.2,GT4,GT4,GT4,3.A.1,3.A.1,9.B.97,GT4
3.A.5,3.A.1,3.A.1,Sigma70_r2|Sigma70_r4,GT51
2.A.103,GH103,GH0
1.B.11,GH103
4.A.2,PfkB,4.A.2,2.A.7,GT83,GT2,Aminotran_1_2,2.A.36,1.B.14
9.B.146,2.A.103,GT28,CE11,3.A.5,NUDIX,2.A.21,Response_reg|GGDEF,1.A.23,2.A.1
PL7_2,8.A.5,AsnC_trans_reg|MarR,9.B.34,3.A.1
2.A.3,LysR_substrate|HTH_1,3.A.23,AA4,1.B.52,8.A.59
3.D.6,3.D.6,3.D.6,3.D.6,3.D.6,3.D.6,3.A.1,3.A.1,3.A.1,3.A.1,3.A.1,1.A.62,1.B.6,GH50
GT2|GT2,3.A.23,PAS|HATPase_c|HisKA,3.A.23,3.A.6,3.A.6,2.A.38
9.B.104,GH0,1.A.104,3.A.5
1.B.11,1.B.55,CE4|GH153,GT2
GH23,3.A.1
GH3,2.A.3,TetR_N,3.A.1,3.A.1,3.A.1,3.A.1,3.A.1
GH23,2.A.98,LysR_substrate|HTH_1,3.A.1,3.A.1,GT104,MarR,LysR_substrate|HTH_1,2.A.102
3.A.1,3.A.1,2.A.21,2.A.1,GT0,2.A.3,1.B.14,ANTAR,Peripla_BP_2,1.B.11
1.I.1,3.A.1,3.A.1,3.A.1,3.A.1,GH23
3.A.7,GH23
AA4,LysR_substrate|HTH_1,9.B.164,8.A.5,AA4
GT2,PIG-L,1.A.23
GT35,9.B.20,GH13_3,GH13_16,CBM48|GH13_9,4.D.2,CBS,CBM48|GH13_11,GH13_26,GH77,GH13_10,GT5
2.A.1,GH15,GT20,2.A.21,SIS|HTH_6,HTH_3,2.A.25
AA3_2,3.A.1,3.A.1
3.A.1,ANTAR|Response_reg,PL7_1,2.A.1,9.B.106,Pyr_redox_2|NIR_SIR_ferr|NIR_SIR,3.D.1,1.B.6,Sigma70_r2|Sigma70_r4,1.A.35,4.A.2
9.B.8,3.A.23,GntR,2.A.40,9.B.35,CE4,9.B.43,2.A.40
2.A.23,3.A.1,2.A.3,GerE,HD,Guanylate_cyc|MASE2,2.A.23,HTH_18,HATPase_c|HisKA,Response_reg|Trans_reg_C,GH103,PL7_1,1.B.25,3.A.1,3.A.1,SBP_bac_1,TOBE,9.B.102,9.B.102
2.A.1,MarR,1.I.1,2.A.1,1.A.23,2.A.7,2.A.7,LysR_substrate|HTH_1,3.A.1,GT4,HTH_18,2.A.7,2.A.1
2.A.21,9.B.136,3.A.1,GH17
9.B.34,GH104,9.B.97
GT19,1.B.33
2.A.36,Aminotran_1_2,GT2,CSD,3.A.1,3.A.1,3.A.1,8.A.3,2.A.66,GT4,9.B.18,1.B.18,1.B.14,9.B.97,2.A.6,3.A.1
GH23,9.B.62,CBS,1.A.34,1.B.14
GT2,1.B.13,PL5_1,2.A.50,2.A.39
9.B.34,2.A.121,1.B.12,1.B.12,GT4
3.A.23,3.A.23,3.A.23,3.A.23,3.A.23,3.A.23,FHA,3.A.23,3.A.23,3.A.23,SpoIIE,9.A.15,3.A.23,GH0|GH19|GH24,TPR_2,HTH_5,2.A.1
9.B.34,AA3_2,2.A.1,LysR_substrate|HTH_1,1.B.3,LysR_substrate|HTH_1,2.A.1,8.A.5
GT51,cNMP_binding,3.A.1,3.A.1,3.A.1,1.B.14
1.A.6,HATPase_c,CBM50
2.A.39,2.A.6,3.A.1,AraC_binding,Pyr_redox_2,HTH_3|AraC_binding,GT30,LysR_substrate|HTH_1,2.A.7,Pyr_redox_2,8.A.5
3.A.1,GT2,GT4,GT4,GT9,GT9,9.B.34,2.A.36,1.A.23
2.A.1,2.A.3,Pyr_redox_2,GATase_2,9.B.42,SKI,1.B.22,3.A.11,GT51
1.I.1,3.A.1,3.A.1,3.A.1,GT2
3.A.1,3.A.1,3.A.1,3.A.1,MarR,1.B.17,8.A.1,2.A.1,GT2,3.A.1,3.A.1,HATPase_c|HisKA|dCache_1,3.A.23,2.A.3
9.A.40,2.A.23,GntR,GntR,Peptidase_M23,Response_reg,2.A.1,LysR_substrate|HTH_1,3.A.1,3.A.1,3.A.1,3.A.7,AA3_2
