GT5,HhH-GPD,3.A.1
2.A.5,2.A.7,GT2,2.A.115,8.A.59
2.A.109,2.A.79,GT4,3.A.1,3.A.1,3.A.1
2.A.1,2.A.1,2.A.6,TetR_N,Fer4,2.A.106,GT35,8.A.59,3.A.1,3.A.1,3.A.1,3.D.7,3.D.7,3.D.7,PfkB,8.A.59,4.C.1,HATPase_c|CheR_N|PAS|HisKA|CheB_methylest|Response_reg|CheR,8.A.59,3.A.1
GT4,GT2,3.A.1,Rrf2,3.A.1,3.A.1,3.A.1
3.A.1,3.A.1,GT4,GT4,9.B.18,9.B.67
2.A.7,GT26
3.A.2,3.A.2,3.A.2,3.A.2,1.A.77,GT0,3.A.11,Pribosyltran,Aminotran_1_2,2.A.107
CE4,3.D.1,3.D.1,1.A.1
4.C.1,2.A.1,CE4,2.A.3,9.A.11
2.A.119,HTH_5,2.A.59,3.A.1,3.A.1,3.A.1,3.A.1,3.A.1,GH23
3.D.1,3.D.1,3.D.1,3.A.1,GH23,GT2,Pyr_redox_2,9.A.24,3.D.1,9.B.100
3.D.4,3.D.4,HATPase_c|HisKA,Trans_reg_C|Response_reg,GT51
GT51,9.B.156,9.B.156
2.A.21,GH18
3.A.1,3.A.1,3.A.1,CE14,GT4,Fer4,FUR,GH57|GT4
9.B.146,2.A.103,GT28
CE4,3.D.1,3.D.1,3.D.1,3.D.1,3.D.1,3.D.1,3.D.9,3.D.1,3.D.9,3.D.1,3.D.1
2.A.86,GT2,GT28,3.A.1,3.A.1,3.A.1,3.A.1
3.A.1,3.A.7,GntR,CE4
CE4,2.A.3,1.B.52,HATPase_c,Response_reg,3.A.16
3.D.1,1.B.52,4.C.1,Fer4,1.A.35,3.A.3,HhH-GPD,CBM25
1.E.19,GH18
GH18,1.E.19
