GH32,4.A.1,1.B.3
3.A.9,2.A.1,3.A.1,3.A.1,SBP_bac_1,3.A.1,MarR,3.A.3,MerR,Peripla_BP_3|LacI,9.B.18,8.A.3,GT4,GT4
1.E.34,9.B.27,GntR,2.A.1,2.A.109,PL1_8,GerE|Response_reg,HATPase_c|MASE1,2.A.1,2.A.1
1.E.3,GH104,1.M.1
GH43_10,2.A.2
3.A.1,3.A.1,3.A.1,PfkB,GH103,HTH_18,Fer4,5.A.3,5.A.3,AraC_binding|HTH_18,8.A.1
4.A.3,8.A.7,8.A.8,PALP,2.A.121,2.A.3,Pyr_redox_2,3.A.23,LysR_substrate|HTH_1,2.A.117,HhH-GPD,Pyr_redox_2,5.A.3,5.A.3,LysR_substrate|HTH_1,Peripla_BP_3|LacI,3.A.1,3.A.1,3.A.1,SBP_bac_1,2.A.1,LysR_substrate|HTH_1,2.A.88,HTH_3,PL4_4,5.A.3
2.A.3,GH23,HhH-GPD,1.B.12,8.A.5,2.A.109,NUDIX,4.A.2
1.B.33,GT19
2.A.37,1.B.52,GH28,3.A.3,MerR,8.A.21
1.A.43,2.A.64,2.A.103,1.B.42,3.A.1,3.A.1,3.A.1,3.A.1,9.A.40,2.A.7,MarR,CE9,4.A.1
3.A.1,9.B.22,2.A.109,1.B.18,8.A.3,9.B.18,GT2,GT2,2.A.66,GT2
3.A.7,3.A.7,3.A.7,3.A.7,GH23
GH2,Peripla_BP_3|LacI,LysR_substrate|HTH_1,2.A.23,3.A.23,CbiA,3.D.1,3.D.1,3.D.1,3.D.1,3.D.1,3.D.1,3.D.1,3.D.1,3.D.1,3.D.1,3.D.1,LysR_substrate|HTH_1,2.A.23,3.A.1,3.A.1,PALP,2.A.13
5.A.3,5.A.3,5.A.3,Peripla_BP_1|LacI,GH36,2.A.1,9.B.34,3.A.1,1.A.30,1.A.30,3.A.1,1.B.14,PL26,LysR_substrate|HTH_1,3.A.1,3.A.1,3.A.1,3.A.1,3.A.1,LysR_substrate|HTH_1,LysR_substrate|HTH_1,3.A.1,3.A.1,3.A.1,3.A.1,Response_reg|CheW,3.B.1,3.B.1,3.B.1,2.A.69,LysR_substrate|HTH_1,3.A.1,3.A.1,3.A.1,3.A.1,2.A.6,TetR_N,2.A.6,2.A.66,3.A.23,3.A.23,3.A.23,3.A.23,3.A.23,3.A.23,3.A.23,3.A.23,3.A.23,3.A.23,9.B.34,2.A.108,2.A.108,2.A.108
3.A.23,CBM32,9.B.12,GT2,2.A.122,1.E.14,GH3
GH3,Glycos_trans_3N,3.A.1,3.A.1,3.A.1,2.A.7,1.B.6,MarR,2.A.1
3.A.1,3.A.1,CE8,9.B.72,3.A.1,3.A.1,3.A.1,3.A.1,3.A.1
2.A.3,3.A.11,3.A.1,PL9
2.A.52,AAA,3.A.1,3.A.1,3.A.1,CBM50
8.A.21,3.A.7,LysR_substrate|HTH_1,HhH-GPD,3.D.6,3.D.6,3.D.6,3.D.6,3.D.6,3.D.6,PL4_4,3.A.1,3.A.1,3.A.1,AraC_binding|HTH_18,2.A.28
2.A.1,LysR_substrate|HTH_1,Fe_dep_repress,CbiA,GT81,ATPase_2,9.B.97,2.A.16,CBM63,TetR_N,2.A.72,1.B.17,3.A.1,3.A.1
4.C.1,3.A.18,TPR_1,Sigma70_r4_2|Sigma70_r2,3.A.7,PL3_1,1.C.65
PL2_2,3.A.1,3.A.1,3.A.1,3.A.1,1.B.35,2.A.23,2.A.7
PL22|PL22,9.B.1,9.B.34
1.B.20,1.B.22,GH103,3.A.6,3.A.23,GerE|Response_reg,HATPase_c|PAS,Sigma70_r4_2|Sigma70_r2,3.A.6,FHA,3.A.6,3.A.6,3.A.6,9.A.18
3.A.1,2.A.66,MarR,8.A.5,LysR_substrate|HTH_1,CE2,2.A.1,LysR_substrate,1.B.3,GH1,4.A.1
3.A.1,3.A.1,3.A.1,3.A.1,3.A.1,EAL,GH31,2.A.1,Peripla_BP_3|LacI,Pyr_redox_2,GH3,4.A.1
GT41,3.A.6,3.A.6,3.A.6,3.A.6,3.A.6,3.A.6,3.A.6,3.A.6,GH73
1.A.30,1.A.30,FlhC,FlhD,MCPsignal,2.A.66,GH5_2,PL9,1.E.3,GH104,1.M.1
GT1,MCPsignal,LysR_substrate|HTH_1,Aminotran_1_2,3.A.1
1.B.3,4.A.1,GH42,GH53,3.A.1,3.A.1,3.A.1,3.A.1,PL3_5,2.A.1
2.A.1,Peripla_BP_3|LacI,3.A.1,3.A.1,3.A.1,3.A.1,Glyoxalase,1.B.22,3.A.15,3.A.15,3.A.15,PL1_8
3.A.1,3.A.1,Peripla_BP_2,2.A.113,2.A.1,Aminotran_1_2,PL1_6,PL1_6,CE12,CE8,3.A.23,HATPase_c|HisKA,GH23,SIS,3.A.1,3.A.1
4.A.3,4.A.3,AraC_binding|HTH_18,CBM67|GH78,4.A.3,3.A.1,3.A.1,3.A.1,3.A.1,Diacid_rec,HD,3.A.1,GT51
GH23,3.A.9,1.B.33
3.A.1,3.A.1,3.A.1,SBP_bac_3,SIS|HTH_6,3.A.9,HTH_3,CE4,GntR,2.A.39,3.A.1,3.A.1,3.A.1,2.A.78,2.A.78,MarR,8.A.1,2.A.1
2.A.1,3.A.1,3.A.1,3.A.1,Sigma70_r3|Sigma70_r4|Sigma70_r2,CBM50
GH105,2.A.2,ACT,2.A.21,2.A.1
3.A.15,9.A.4,2.A.1,4.C.1,GH1,GH1,4.A.1,Peripla_BP_3|LacI,GntR,4.A.3,GH1,4.A.3,4.A.3,3.A.1
3.A.1,3.A.1,3.A.1,GH105,SBP_bac_1,3.A.1,3.A.1,3.A.1
GH33,1.B.52
2.A.3,9.B.125,1.B.10,3.A.15,3.A.15,NUDIX,3.A.5,CE11,GT28,2.A.103,9.B.146
GH23,3.A.1
3.A.1,GT4,3.A.1,3.A.1,3.A.1
GH19,dCache_1,1.A.9,PL1_3,PL1_3,PL1_2
1.B.22,GT51
GH77,GT35,HTH_DeoR|DeoRC,9.B.104,Rhodanese,Pyr_redox_2,GT35,GT5,CBM48|GH13_11,CBM48|GH13_9,9.B.33,CSD,2.A.95,2.A.8
3.A.1,3.A.1,3.A.1,3.A.1,2.A.3,GT26,9.B.128,GT56,2.A.66,Aminotran_1_2,GT0,9.B.146,3.A.6,1.I.1,GH28,GH28,2.A.21
2.A.23,GH8,1.B.55,4.D.3,GT2
1.A.77,3.A.2,3.A.2,3.A.2,3.A.2,3.A.2,3.A.2,3.A.2,3.A.2,PL9
GT2,2.A.6,9.B.34,CbiA,3.A.1,3.A.1,3.A.1,3.A.1,3.A.1,3.A.1,3.A.1,2.A.40,3.D.1,3.D.1,Aminotran_1_2,GT2,GT83,2.A.7,2.A.7
