GH32,1.B.3
3.A.1,3.A.1,1.B.14,GT32
GH4,4.A.1
9.B.209,EAL|MASE1,GH1,Pribosyltran,2.A.40,4.A.3,HTH_3,2.A.86,ACT,1.B.33
2.A.102,2.A.1,9.B.27,9.B.160,Pribosyltran,GH127,2.A.2,LacI|Peripla_BP_3,3.A.1,3.A.1,3.A.1,3.A.1,1.A.12
1.B.1,HTH_18|Ada_Zn_binding,3.A.1,1.A.26,2.A.53,LysR_substrate|HTH_1,GT2
GH28,2.A.1,3.A.1,3.A.1,3.A.1,3.A.7
2.A.1,4.A.2,PfkB,2.A.98,2.A.1,9.B.169,LacI|Peripla_BP_3,3.A.1,3.A.1,9.B.114,2.A.122,1.E.14,GH1,9.B.29,GH3,GH28,2.A.2,2.A.1,3.A.1,3.A.1,3.A.1,MerR,9.B.33,LytTR|Response_reg,3.A.1,2.A.113,LysR_substrate|HTH_1,2.A.40,LysR_substrate|HTH_1,9.B.34
8.A.1,HhH-GPD|AlkA_N,9.B.34,9.B.22,2.A.109,1.B.18,8.A.3,GT2,GT4,GT2,NUDIX,GT4,9.B.18,2.A.66,GT4
5.B.1,Aminotran_1_2,GT2,GT2
1.E.1,GH24
3.A.1,Autoind_bind|GerE,GerE|Response_reg,4.F.1,3.A.1,3.A.1,3.A.1,3.A.1,3.A.1,2.A.42,8.A.59,SBP_bac_3,2.A.1,3.A.1,3.A.1,3.A.1,FlhD,FlhC,1.A.30,1.A.30,CheW,2.A.23,1.B.52,1.B.52,CheR|CheR_N,CheB_methylest|Response_reg,Response_reg,CheZ,3.A.6,2.A.2,GH105,2.A.2,9.B.158
1.E.56,GH19
3.A.1,3.A.1,3.A.1,CBM50
PL17_1,PL38,SBP_bac_1,3.A.1,3.A.1,PL38
5.A.2,2.A.34,GntR,1.C.1,2.A.36,GH23,1.E.43,2.A.1,MarR,3.A.9
8.A.7,GH3,2.A.86
2.A.6,8.A.1,MarR,2.A.1,2.A.76,1.B.52,GT73
1.B.14,GntR,HTH_3,2.A.7,3.A.1,GH13_5
GH1,HHA,3.D.6,3.D.6,3.D.6,3.D.6,3.D.6,HhH-GPD,2.A.17
3.A.7,HTH_18|AraC_binding,GH3,2.A.2
CE0,HTH_18|AraC_binding,4.A.3,4.A.3,4.A.3
8.A.5,9.B.34,2.A.2,GH31
3.A.1,3.A.1,Glucokinase,3.A.1,3.A.1,3.A.1,2.A.123,2.A.2,GH4,HTH_18,1.B.14,4.A.1
2.A.1,GH73
2.A.81,TetR_N,2.A.1,2.A.1,9.B.105,HTH_DeoR|DeoRC,LacI|Peripla_BP_3,3.A.1,GH42,2.A.1,3.A.1,3.A.1,3.A.1,3.A.1
3.A.1,GntR,GH1,2.A.45,Fe_dep_repr_C|Fe_dep_repress,2.A.113,1.B.6,2.A.7,3.A.1,3.A.1,3.A.1
CE8,3.A.1,3.A.1,3.A.1,2.A.6,TOBE|HTH_1,3.A.1
1.B.25,4.A.1,CE9
1.M.1,GH24,1.E.2
3.A.1,3.A.1,3.A.1,EAL,GH2,LacI|Peripla_BP_3,2.A.115
CBM34|GH13_21,2.A.3,2.A.26
2.A.1,LysR_substrate|HTH_1,1.B.12,GH8,1.B.55,4.D.3,GT2
GH19|CBM73,GT19,1.B.33
3.A.1,1.A.62,2.A.49,4.A.7,4.A.7,GntR,3.A.1,3.A.1,3.A.1,1.B.14,GT51
2.A.3,2.A.2,GH43_26,9.B.125,3.A.15
3.A.5,CE11
1.B.11,CBM5,GH18,Trans_reg_C,GH108
GH23,3.A.1,4.B.1
9.B.34,4.A.3,GerE,GerE,HTH_18,2.A.79,AAA,1.B.52,GH28,GH105,2.A.114
GH105,8.A.1,MarR,3.A.1,3.A.1
2.A.3,GT26,9.B.128,GT56,2.A.66,Aminotran_1_2,GT0,9.B.146,3.A.6
GH32,Peripla_BP_1|LacI,2.A.2,1.B.35,3.A.11
1.A.77,3.A.2,3.A.2,3.A.2,3.A.2,3.A.2,3.A.2,3.A.2,PL9_1,SIS,3.A.1,3.A.1,3.A.1,3.A.1,2.A.40,LysR_substrate|HTH_1,2.A.1,2.A.9
2.A.81,GntR,4.A.1,GH4,9.B.51,HTH_18|AraC_binding,GH145,PALP,2.A.8,LysR_substrate|HTH_1,2.A.1,2.A.7,ACT,GerE|Response_reg,MASE1|HATPase_c,2.A.1,2.A.1,LysR_substrate|HTH_1,HTH_3,2.A.1,4.A.3,4.A.3,LacI|Peripla_BP_3,2.A.7,SIS,2.A.1,2.A.6,2.A.6,2.A.6,TetR_N,2.A.1,TetR_N,3.A.6,3.A.6,3.A.6,3.A.23,3.A.6,GT2
GH31,2.A.40,1.A.8
GH127,2.A.2,HTH_18|AraC_binding,3.D.1,GH13_19,GH73,HTH_18|Peripla_BP_3,3.A.1,3.A.1,3.A.1,9.B.44,9.B.44,1.E.53,CSD,2.A.1,PfkB,Peripla_BP_1|LacI,9.B.186,2.A.1,3.A.1,3.A.1,3.A.1,3.A.1
4.D.3,GH8,EAL|GGDEF,2.A.23,PfkB,EAL,9.B.121,2.A.1
GT2,GT83,2.A.7,2.A.7,2.A.1,2.A.88
2.A.8,2.A.95,CBM48|GH13_9,GT5,GT35,Rhodanese,9.B.104,HTH_DeoR|DeoRC,2.A.2
GT51,1.B.22
GT51,PTS-HPr,4.A.2,1.B.42,1.B.42,1.B.42,SIS|CBS,3.A.1,3.A.1,3.A.1,3.A.1
2.A.5,1.B.17,NUDIX,2.A.56,2.A.56,HTH_18|AraC_binding,GH154,2.A.1,GH88
2.A.1,GH23,HhH-GPD,2.A.56,2.A.56,2.A.56,9.A.4,3.A.15
GH1,SIS|HTH_6,1.C.113
PL0,AsnC_trans_reg|HTH_IclR,2.A.49,3.A.1,SBP_bac_3,3.A.1,2.A.42,2.A.117,LysR_substrate|HTH_1,1.B.35,PL22|PL22,2.A.1,PL22_1|PL22,3.A.1,3.A.1,3.A.1,AraC_binding,1.B.11,LysR_substrate|HTH_1,3.A.1,LacI|Peripla_BP_3,4.C.1,2.A.1,8.A.5,2.A.109,NUDIX,4.A.2
3.A.1,3.A.1,3.A.1,GH102
3.D.1,3.D.1,3.D.1,3.D.1,3.D.1,LacI|Peripla_BP_3,5.A.3,2.A.52,Pyr_redox_2,3.A.23,SIS|CBS,4.A.4,4.A.4,4.A.4,GH103,3.A.1,3.A.1,3.A.1
2.A.2,GH3,8.A.1,MarR,3.A.1,3.A.1,3.A.1,GntR|Aminotran_1_2,2.A.104,Rhodanese,3.A.1,1.B.14,3.A.1,3.A.1,3.A.7
