2.A.3,2.A.2,GH65
3.A.1,3.A.1,3.A.1,3.A.1,GT51
4.A.2,GT4,GT4,9.B.18,8.A.3,3.A.1,3.A.1
3.A.11,3.A.11,3.B.1,2.A.103,GT2
GH73|CBM50,Pribosyltran,3.A.7,TPR_2,2.A.38,2.A.38
3.A.1,CHASE3,9.A.4,GT28,9.B.146
GH13_31,4.A.6,4.A.6,4.A.6
3.A.1,3.A.1,CE4,GH25
3.A.1,GT4,3.A.1,2.A.7
2.A.1,HTH_11,TetR_N,3.A.1,3.A.1,PALP,GH1,GH1,4.A.3,4.A.3,GntR,GT2,2.A.7
2.A.3,MarR,8.A.5,HTH_1,3.A.1,GH25,9.B.120,GyrI-like|MerR,2.A.23,3.A.1,2.A.88,2.A.37,2.A.69,2.A.1,2.A.1,2.A.98,LysR_substrate|HTH_1,GT4,GT4,3.A.1
4.A.3,4.A.3,GH1
2.A.41,LysR_substrate|HTH_1,Aminotran_1_2,3.A.1,3.A.1,3.A.1,3.A.1,PadR,4.A.1,GH13_31,Peripla_BP_3|LacI,3.A.1,3.A.1
1.A.8,2.A.26,2.A.2,GH42
GH2,2.A.2
3.A.7,GGDEF,2.A.1,3.A.1,CBM48|GH13_9,GT5,GH65
3.A.1,TetR_N,3.A.1,TetR_N,1.A.8,Peripla_BP_3|LacI,Peripla_BP_3|LacI,GH13_31,3.A.1,3.A.1,3.A.1,GH13,3.A.1,GH65,GH85|CBM32
4.A.3,GH1,SIS|HTH_6,2.A.6
CE9,GntR,GT26,3.A.3
GH73,Pribosyltran,2.A.115
3.A.3,SIS|HTH_6,GH25,CSD,3.A.18,4.A.3
GT0,9.B.126,1.A.8
3.A.1,3.A.1,3.A.1,3.A.1,3.A.1,MarR,3.A.9,PTS-HPr,8.A.7,GT4,GT4
2.A.55,2.A.3,2.A.1,GT4
4.A.3,4.A.3,4.A.3,9.B.10,GntR|Aminotran_1_2,Aminotran_1_2,Arg_repressor,GT51
AA10,9.A.24
