4.A.1,GH4,4.A.1,SIS|HTH_6,GntR,3.A.1
4.A.3,GH1
GH18,3.A.1,CBS,2.A.16,3.A.7
2.A.2,GH1,GH1
9.A.40,Peripla_BP_1|LacI,2.A.1,HxlR,GT4,3.A.1
9.B.18,GT26,GT4,8.A.3,8.A.3
9.B.18,GT26,8.A.3,8.A.3,GT4
4.A.3,4.A.3,GH3,4.A.3,PadR,3.A.1,3.A.1,2.A.1
2.A.89,HTH_1|LysR_substrate,Pyr_redox_2|Pyr_redox,2.A.1,2.A.1,Crp|cNMP_binding,8.A.3,8.A.3,9.B.18,2.A.66,GT4,9.B.18,Aminotran_1_2,2.A.103,2.A.103,3.A.3
2.A.2,GH105,HD,9.B.149,3.A.1,GntR,3.A.1,1.C.105
GT0,3.A.2,3.A.2,3.A.2,3.A.2,3.A.2,3.A.2,EPSP_synthase,9.B.157,3.A.7,CBM50,GT26,9.B.146,GerE|Response_reg,3.A.11,3.A.11,3.A.5,3.A.1
GH73|CBM50,3.A.5,2.A.86,2.A.3,PadR,2.A.1,4.A.6,4.A.6,4.A.6
GT4,3.A.1,3.A.1,cNMP_binding,3.A.3,2.A.86,2.A.3,Glyoxalase,2.A.1
9.B.18,GT26,GT4,8.A.3,8.A.3,GT2,GT2,2.A.66,9.B.97,Mga|HTH_Mga,3.A.3
GT4,GT4,2.A.1,Crp|cNMP_binding,3.A.1,9.B.124,3.A.3,Rhodanese,3.A.1,3.A.1,Trans_reg_C|Response_reg,HATPase_c|HisKA,3.A.1,TetR_N,2.A.7,2.A.7,3.A.18,8.A.5,MerR,HTH_3,TetR_N,9.B.74
3.A.9,2.A.1,GH13_14,2.A.109,2.A.109,2.A.38
CBM48|GH13_9,GT5,GT35,GH13_39,GT2,9.B.142
CE9,GntR,9.B.62,1.A.1,3.D.4
9.B.146,GT28,9.A.4,9.B.105
3.A.3,4.B.1,4.B.1,HMA,9.B.174,MarR,3.A.1,3.A.1,3.A.1,GT2,2.A.66,2.A.40,Pribosyltran,2.A.40
3.A.1,3.A.1,GH13_23,GT108,GH130
GH23,8.A.5,Glyoxalase,2.A.45
2.A.3,GT2
2.A.115,HD,3.A.1,GH73,GH73,GyrI-like,GyrI-like|MerR,2.A.7,2.A.7,1.A.35
GT2|GT4,GT2,GT2,GT2,GH73,3.A.1,3.A.1,Peripla_BP_2,3.B.1,2.A.103
GH38,2.A.38,GerE|Response_reg,HATPase_c,9.B.116,9.B.158,4.A.1,1.A.23
4.A.5,4.A.5,Mga,GH65,3.A.1,3.A.1,3.A.1,CBM34|GH13_20,Peripla_BP_3|LacI,2.A.3,GntR,2.A.86,HATPase_c|HisKA,3.A.1
8.A.43,2.A.66,GT2,GT2,8.A.3,8.A.3,GT4,GT26,9.B.18
3.A.9,1.A.14,GntR,4.A.1,GH13_29
GT51,2.A.4,9.A.40,Glyoxalase,2.A.20,3.A.1,3.A.1
4.A.2,PfkB,HTH_DeoR|DeoRC,GH3
3.A.1,GntR,GH1
9.B.18,GT4,GT4,9.B.18,8.A.3,8.A.3
2.A.17,8.A.3,8.A.3,Aminotran_1_2,9.B.18,GT4,GT4,9.B.18
3.A.1,3.A.1,3.A.1,FmdA_AmdA,3.A.1,8.A.3,8.A.3,GT4,9.B.18,9.B.18
4.A.3,GH4
GH4,GH4,4.A.3,SIS|HTH_6,2.A.1,MarR,3.A.1,3.A.1,Glycos_trans_3N,2.A.41,Peripla_BP_3|LacI,Sigma70_r4_2,2.A.1,MarR,3.A.1,3.A.1,3.A.1,3.A.1
PL8,HTH_11,Aminotran_1_2,4.A.2,4.A.2,Peripla_BP_3|LacI,GH3,3.A.1,3.A.1,3.A.1,GT4
9.B.44,GH38,4.A.2,4.A.2,4.A.2,HTH_5|HTH_11,2.A.7
GH125,GH0,3.A.1,3.A.1,SBP_bac_1,2.A.2,GH31,MarR,2.A.66,MarR,HTH_8,2.A.76,HTH_3,GH65,3.A.1,3.A.1,3.A.1,GH13_18
8.A.59,GH125,GH38,cNMP_binding,PL8,2.A.6,TetR_N,8.A.5,2.A.3,3.A.7
GH18,Crp,8.A.3,8.A.3,GT4,GT26,9.B.18
GT4,GT26,9.B.18,8.A.3,8.A.3
3.D.4,3.D.4,3.D.4,AA10
GH18,3.A.1,3.A.1,3.A.1,Peripla_BP_3|LacI,GH65,GH65,2.A.1,MarR,1.A.8,2.A.9
