GT4,3.A.5
3.D.1,5.B.4,SIS,1.A.1,GT35,2.A.37
GT2,3.A.1,GT4,GT4,GT4
9.A.40,GT26
GH38,2.A.64
3.D.3,GH23,9.B.67
5.B.4,5.B.4,2.A.6,5.B.4,GT2
3.A.1,HD,9.B.174,3.D.3,3.E.2,2.A.45,GH100,2.A.16,GH13_16,GH13_20
GT4,4.C.1,2.A.3
GH104,2.A.4,3.E.2,3.E.2
3.A.16,CBM50,9.B.73
9.B.62,GH104,3.A.1,2.A.1
1.A.35,3.A.1,3.A.1,3.A.1,3.A.1,GT20
GT2,3.A.1,3.A.1
GH23,2.A.1
3.A.1,GH57
3.A.16,GH116
3.D.1,3.A.1,Response_reg|Trans_reg_C,Peptidase_M23,Aminotran_1_2,9.B.100,GT83,GT4,2.A.7,8.A.21,2.A.9,3.A.16
GH13_11,2.A.2,3.A.1,9.B.31
9.B.160,GH18
1.E.34,GT19,9.A.4,3.A.1
GT0,2.A.36,9.B.142,PALP,1.B.23,1.B.23,1.B.23,GT83,3.E.2,3.A.1,Response_reg|Trans_reg_C,3.A.3
2.A.86,CE9
GT28,Aminotran_1_2,TPR_2,1.B.22
3.A.1,2.A.3,GH13_18,GT81
9.B.146,GT4
