GH16_16,Aminotran_1_2,2.A.102
GH167,3.D.10,1.B.14,3.A.25
1.B.44,3.A.1,9.A.25,9.A.25,9.A.25,DeoRC|HTH_DeoR,1.A.8,3.A.23,GH16_16,9.B.27
1.B.14,PL7
9.B.157,GT28,2.A.103,9.B.146
3.D.4,1.B.23,9.A.25,CBS,Fer4,AAA,3.D.4,5.A.3,GT83,AraC_binding|HTH_18,2.A.1,HhH-GPD,9.A.40,HMA,2.A.7,GH65,CE4,2.A.95
3.A.2,SIS,GT5,AAA,GT51,8.A.5,1.A.30,1.A.26,TPR_2,PL6_2,8.A.46,1.B.14,PfkB,2.A.1,GntR,PL7,PL17_2|PL17
GT51,9.B.156
9.B.18,GT2
4.C.3,GH23,9.B.174
1.A.23,GntR,1.B.14,8.A.46,GH36,2.A.21
1.A.13,1.A.13,GH13,GH13_10,1.B.14,GH97
PL6|PL6_1,Peripla_BP_1|LacI,1.B.14,GH63,2.A.21
PL6_1,3.D.1
3.D.10,3.D.10,HTH_3,GT51,HATPase_c|Response_reg|HisKA,3.A.23
GH63,2.A.6,2.A.7
1.B.14,Trans_reg_C|Response_reg,HATPase_c|HisKA,GT0,9.B.172
2.A.1,9.B.174,Pyr_redox_2,2.A.95,PAS,GH82,3.A.1
3.A.11,GT19,9.B.174,2.A.103,9.B.157,3.A.1,2.A.23,9.A.25
1.B.14,1.C.105,GH141,Aminotran_1_2,GH12
GT0|GT4,1.B.57,9.A.25
3.A.1,3.A.1,GT2,3.A.1
9.A.40,GT1
9.B.18,3.A.1,GT2,GT2,GT2,GT2,GT2,GT2,GT4,GT0,GT23,2.A.50,2.A.50,GT4,GT2,GT2,GT4,GT4,9.B.67,9.B.18,GH25,1.B.42,2.A.64,CBS|SIS,2.A.16
1.B.14,Sigma70_r2|Sigma70_r4_2,GT2,GT4,Rhodanese,GH99
2.A.16,EPSP_synthase,2.A.4,1.B.44,1.B.6,HD,Peptidase_M23,1.B.14,3.A.1,GT2,2.A.25,3.A.1
2.A.69,CBM48|GH13_9
3.A.1,GT2
GH0,8.A.5,1.B.66,1.B.9
CE14,3.D.1,3.D.1,2.A.49
PL38,cNMP_binding,3.A.3,3.D.4,Fer4,5.A.1,9.A.25,2.A.28
GH3,Reg_prop|Response_reg|HATPase_c|Y_Y_Y|HisKA|HTH_18,1.B.14,GH10,GH3
9.B.145,2.A.33,2.A.1,8.A.1,TetR_N,GT2,GT4,GT4,3.A.1
2.A.47,CBM9
GT2,GT4,GT4,GT4,GT4,GT2,GT2,8.A.3,9.B.18
2.A.21,PIG-L,AAA,1.B.14,SBP_bac_3|HATPase_c|Response_reg|HisKA,GH2
GT2,GT4,1.B.6,HATPase_c|Response_reg|HisKA,1.I.1
GT5,PAS|HATPase_c,9.B.102,9.B.102,1.B.16
3.A.18,Pyr_redox_2,GT27,3.A.1
1.A.46,3.D.2,3.D.2,PglZ|Response_reg,2.A.83,LysR_substrate|HTH_1,2.A.6,2.A.6,2.A.6,HD,CE11
9.B.14,1.A.23,HATPase_c|Response_reg|HisKA,2.A.1,AAA,2.A.1,GH31,CBM48|GH13_9,GH13_3,GT5,HATPase_c|HisKA,3.A.1,2.A.16
GH15,GT20,3.B.1
GH43_29,GH2,GerE,GH117|GH117,GH117|GH117,GH117|GH117,GH2,2.A.21,Peripla_BP_1|LacI,1.B.14,GH2,GH117|GH117,GH16_16,HTH_IclR|IclR,GH2
GH117,GH28,GH29,GH3,GH2,GH2,GH141,GH117|GH117,GH28,GH2,GH16_14,GH43_2,GH16_11,GH2,NTP_transf_2,GH86,1.I.1,2.A.3,Pyr_redox_2,HTH_18,2.A.1,1.B.14,GH16_11,GH105|GH154
GH3,TPR_2,GH2,GH117|GH117,2.A.3,GH29,GH43_2|CBM6,GH16_12,GH16_16,GH3,GH29
3.A.7,GH3,2.A.35,3.A.12
8.A.3,9.B.146,LytTR,9.B.18,Aminotran_1_2,3.A.1,GT4,GT4,GT4,9.B.18,9.B.18
GH10,GH26,GH10,GH43_1,2.A.2,GH10,GH43_12,GH3,GH10,8.A.46,1.B.14,8.A.46,1.B.14
2.A.114,GH2,GH110,GH82
GH150,GH117|GH117,GH115,GH2,1.B.14,1.B.14,1.B.14,1.B.14,Rhodanese,GT2,Pyr_redox_2,Fer4,GT2,GT2,Sigma70_r2,8.A.5,GH113,1.A.11,8.A.46,2.A.59,PAS|HATPase_c|HisKA,1.A.23
3.A.16,GH13_38,1.I.1,3.A.1
GH16_3,GH3,GH16_3,8.A.46,1.B.14,1.B.14,GerE|Y_Y_Y,GT4,9.B.144,9.B.153
GT9,GT2,GT4,2.A.53,2.A.53
