1.A.23,GH18,1.A.23,3.A.9
GH18,GH18,PALP,1.A.30
GH20,1.A.33
3.A.1,SBP_bac_1,GH19,GH19,Rhodanese,GH18|CBM12,9.B.34
3.A.7,Rhodanese,GT51,9.B.106
9.B.34,TPR_2,CBM5|GH18
3.A.1,GT4,1.A.4,9.B.34
3.A.1,3.A.1,3.A.1,3.A.1,Glyoxalase,SIS,GT14
2.A.40,3.A.1,3.A.11,3.A.1,GT83,GT2
3.A.1,GH23
1.A.34,GH102
GH9,GGDEF|EAL,9.B.34
9.B.18,GT26,GT4,GT2,GT4,GT4,GT2,GT2,STAS,GT25
3.A.1,3.A.1,1.A.30,1.A.30,GT19,1.B.33
GH103,HTH_1|LysR_substrate,2.A.22
1.B.9,GH18|CBM12|CBM5,GT51
GT104,GH23,GGDEF|TPR_2|TPR_1,9.B.34,9.B.186,3.A.9
9.B.150,2.A.7,TPR_1,2.A.76,9.B.34,3.A.6,AAA,GH73
9.B.20,9.B.125,GH18,3.A.15,3.A.15,3.A.15
CE2,1.A.11,GH18,3.D.2,3.D.2,3.D.2
2.A.96,8.A.5,3.A.1,3.A.1,3.A.1,3.A.1,3.A.1,GntR,2.A.102,HTH_1|LysR_substrate,NUDIX,GT35,GT5,CBM48|GH13_11,CBM48|GH13_9,GH13_23
3.A.1,GGDEF,3.A.1,GH23,1.A.1,1.A.23
2.A.21,2.A.98,HTH_1|LysR_substrate,GH18,1.B.52,9.B.1
GT9,EPSP_synthase,GH19,GH19,MCPsignal,GH3,GH23,9.B.37
1.B.42,3.A.1,SBP_bac_3,9.B.34,3.A.7,3.A.11,CBM50,2.A.21,3.A.23,2.A.38,2.A.38,9.B.34
2.A.1,CBM12|CBM5,9.B.34,GH18
9.B.157,9.B.157,2.A.103,9.B.124,GGDEF|PAS|EAL,9.B.18,GT4,GT2,GT4,GT2,2.A.66,3.A.15,3.A.15,1.B.22,9.B.42,3.A.1,3.A.1,3.A.1,STAS,3.A.1,3.A.1
GH125,CE4,3.A.1,3.A.1,1.C.109
2.A.15,CBM5
CBM5,1.B.52,SBP_bac_1,3.A.1,3.A.1,9.B.34,9.B.34
3.A.5,3.A.1,GT2
9.B.146,2.A.103,GT28,CE11,3.A.1,3.A.1,3.A.1,3.A.1,1.B.35,EAL,3.A.1,3.A.1,GT2,GT0
3.A.15,1.B.22,3.A.15,3.A.15,9.B.155,GH18
3.D.1,GH23
AA10,GT9,HD,GGDEF|EAL,HD,3.A.1,3.A.1,3.A.1,3.A.1,GH18,GH18
3.A.1,GT4,GT4,GT4,3.A.1
2.A.21,8.A.59,PALP,CHASE|PAS,PALP,HD,2.A.51,GH18
GT2,GT39,8.A.59
2.A.66,GGDEF|Response_reg,CBS|GGDEF|EAL,9.B.106,1.B.52,GH18,2.A.53,GT51,1.B.22
