GH1,2.A.16,3.A.1
4.A.3,GH1,GntR,3.A.1,9.A.23,HTH_8,3.A.9,CtsR,2.A.86,3.A.16
3.A.1,3.A.1,3.A.1,3.A.1,Fe_dep_repr_C|Fe_dep_repress|FeoA,GH13_14
GT4,GT4,AAA,3.A.1
2.A.21,Response_reg|Trans_reg_C,4.A.1,GH13_5,2.A.38,2.A.38,4.A.2,4.A.2,4.A.2,AAA,3.A.7
2.A.9,4.A.1,GH13_29,9.B.211
GH13_31,3.A.1,3.A.1,3.A.1,3.A.1,3.A.1,3.A.1,SBP_bac_5,GH4,4.A.1,HTH_6|SIS,HTH_6|SIS,HTH_6|SIS,GH4,4.A.1,3.A.1,3.A.1,HTH_3,3.A.3,3.A.3,HMA,3.A.3
4.A.1,GH1,8.A.5
3.A.1,HTH_DeoR,4.A.3,4.A.3,2.A.66,GT32,2.A.115,3.A.1,3.A.1,CBM50
3.A.1,3.A.1,2.A.68,LacI|Peripla_BP_3,GH32,3.A.23,GH43_11,4.A.6,4.A.6,4.A.6,4.A.6,GH154,GH88,GH36
GH4,3.A.3,HTH_3,2.A.53,2.A.53,3.A.1,3.A.1,3.A.1,3.A.1,DeoRC,Aminotran_1_2,3.A.1,3.A.1,3.A.1,3.A.1,3.A.1
4.A.1,GH1,GH1,Pyr_redox,GT8,3.A.1,3.A.1,3.A.1
GT26,GT4,CE9,GntR,9.B.146,3.A.11,3.A.11,3.A.5,3.A.1
GH13_9,GT5,GT35,2.A.40,4.A.1,Glyoxalase,Glyoxalase,2.A.86,TetR_N,3.A.1,3.A.1,1.A.11
9.B.157,3.A.7,Response_reg|Trans_reg_C,HisKA|HATPase_c,3.A.1,GH73,9.A.40,2.A.115
9.B.146,GT28,9.A.4
2.A.85,FUR,GH13_31
3.A.5,Sigma70_r4,3.A.5,Mga|HTH_11,GH1,4.A.3,4.A.3,4.A.3
1.B.52,8.A.5,4.A.1,GH4
8.A.5,GT2,3.A.3,GH35,GH88,GH154,PL33_2,3.A.1,3.A.1
2.A.56,2.A.56,2.A.56,AraC_binding|HTH_18,GH105,IclR|HTH_IclR,GH1
4.A.3,GH4
4.A.3,4.A.3,Mga|HTH_11,2.A.36,4.A.3,GH1,HTH_6|SIS,2.A.8
2.A.66,GT4,GT2,GT4,9.B.18,9.B.18,8.A.3,8.A.3,Pyr_redox,GH73,GT14,GT2,GT2,GT0,GT2,9.B.18,GT0,GT2,2.A.66,GT2
3.A.3,HTH_5,GH1,GntR,3.A.7
8.A.5,GT2,TetR_N,GH13_31,LacI|Peripla_BP_1,GH94,GH3,3.A.1,3.A.1
3.A.1,GH73,3.A.1,3.A.1,3.A.1,3.A.1,3.A.12,2.A.9,HisKA|HATPase_c,Response_reg|Trans_reg_C,Arg_repressor,1.C.109
GT51,LacI|Peripla_BP_3,1.A.23
1.A.26,HD,Peptidase_M23,3.A.1,3.A.1,3.A.1,4.A.1,HTH_3,4.A.6,3.A.23,Glyoxalase,GT2,2.A.1,1.B.52
GT2,PspC,8.A.5,TetR_N,1.E.43
