PL7,HTH_18,2.A.1,LysR_substrate|HTH_1,3.A.1,4.C.1,2.A.1,4.C.1,2.A.23,3.A.9,LysR_substrate|HTH_1,NUDIX,9.B.34
GH13_4,2.A.2,FeoA,9.A.8,GH3,2.A.1
1.A.33,2.A.53,MerR,GH19,3.A.1,3.A.1,LysR_substrate|HTH_1,1.A.62,3.A.1,3.A.1,3.A.1
2.A.3,HxlR,GH2|CBM32|CBM32|CBM32|GH64,4.C.1,3.A.20,9.B.142,3.A.6,Response_reg,2.A.21,GntR,HTH_18|Ada_Zn_binding,1.A.23
GH23,3.A.5,SBP_bac_3,3.A.1,3.A.1,9.B.14,HATPase_c|HisKA,3.A.23,9.A.4
GT51,1.A.35
1.I.1,9.B.18,Aminotran_1_2,GT0,2.A.66,GT4,9.B.18,9.B.18,Rhodanese,GT2
GT2,3.A.1,GT9,GT9
2.A.1,LysR_substrate|HTH_1,GH99,3.A.1,3.A.1,3.A.1
8.A.1,2.A.1,2.A.6,GH46,GH46,GH46,GH46
GH73,3.A.6,3.A.6,3.A.6,3.A.6,3.A.6,3.A.6,3.A.6
GH19,GH18,3.A.1,3.A.1,3.A.1,3.A.1,HTH_18|AraC_binding,HTH_18|AraC_binding,1.B.52,1.B.14,9.B.34,2.A.7
GT104,HTH_18|AraC_binding,2.A.1
1.I.1,GH23,9.B.34
3.A.14,T2SSE,GH23,1.B.14,LysR_substrate|HTH_1,3.A.1,3.A.1,1.A.30,1.A.30,SBP_bac_3,1.B.14,3.A.1,Rhodanese,1.B.14,3.A.1,4.C.1,GT1,LysR_substrate|HTH_1,1.B.14,3.A.1,3.A.1,3.A.1,3.A.1
2.A.75,GH9,MarR,PfkB,2.A.1,1.B.14,GH46,GH46,2.A.1
GH73,1.A.30
2.A.23,ACT,2.A.4,LysR_substrate|HTH_1,2.A.25,1.B.14,1.I.1,PL7_4,PL7_4
3.A.11,9.B.42,TPR_2,HD,Aminotran_1_2,1.B.33,PHB_acc_N,GH1,3.A.1,3.A.1,3.A.1,3.A.1
CBM13|GH55,MCPsignal,9.B.34,Trans_reg_C,TetR_N,GT51,2.A.67,LysR_substrate|HTH_1,2.A.17
3.A.1,3.A.1,3.A.1,GH128,2.A.1,HTH_5,3.A.11,LysR_substrate|HTH_1,2.A.102
GT51,MarR,2.A.49,LysR_substrate|HTH_1,2.A.1,2.A.1,3.D.4,3.D.4,3.D.4,3.D.4,HATPase_c|HisKA,Response_reg|HTH_8,1.B.14,9.B.169,3.A.1,SBP_bac_3,3.D.10,9.B.18,HATPase_c|GAF,3.A.23,HTH_18,MCPsignal,2.A.86
1.A.23,GH2|CBM32|CBM32,GH2|CBM32,CBM32|CBM32|GH64,GH2|CBM32,CBM32|CBM32|GH64,1.B.20,1.C.75,1.C.75
2.A.1,GH87,GH87,TetR_N|TetR_C,1.B.14
1.B.66,Pyr_redox_2,GT4,GT4,GT4,TetR_N,2.A.1,2.A.50,GT4,GT2|GT4
8.A.21,8.A.7,Response_reg|EAL,GT19,1.B.33
4.C.1,GT1,2.A.53
9.B.34,4.C.3,GT1,1.B.52,2.A.1
GH65,2.A.1
2.A.108,CBM6
1.A.14,LysR_substrate|HTH_1,GH18,Sigma70_r2|Sigma70_r4|Sigma70_r3,CBM50
2.A.6,2.A.6,8.A.1,HATPase_c|Response_reg|HisKA,2.A.1,3.A.1,3.A.1,SBP_bac_1,2.A.80,1.B.1,Response_reg|Trans_reg_C,HATPase_c|HisKA,ACT,Aminotran_1_2,GT83,GT2
2.A.21,HD|Response_reg,3.A.1,3.A.1,3.A.1,SBP_bac_3,2.A.21,SBP_bac_3,3.A.1,3.A.1,2.A.21,3.A.23,CBM32|CBM32|GH81|CBM32,9.B.126
2.A.114,2.A.21,9.B.34,1.B.52,GH23
GT4,PL12_3,GT4,GT4,PL15,GT32,8.A.3,8.A.3,9.B.18,3.A.1,2.A.50
GH18,NTP_transf_2,CYTH,8.A.5,HTH_3,1.B.17,MarR,8.A.1
GH103,PALP,Pyr_redox_2|cNMP_binding,1.B.14,4.C.1
9.B.42,GntR,CE9,SIS,3.A.1,3.A.1,3.A.1,3.A.1,GH18,1.B.14,1.B.14,GntR,CBS,9.B.125
GH2,2.A.1,HTH_18,HD,Peripla_BP_1,3.A.1,3.A.1,3.A.1,1.B.14
3.A.1,3.A.1,3.A.1,SBP_bac_5,1.B.14,1.B.14,1.B.14,9.B.143,1.B.14,Pyr_redox_2,1.B.14,1.B.14,2.A.21,1.A.35,3.A.23,2.A.21,Rhodanese,GT0
1.B.14,3.A.1,3.A.1,3.A.1,3.A.1,1.B.14,CE4,9.B.35,1.B.14,3.A.1,3.A.1,3.A.1,CbiA,2.A.1,9.A.40,3.A.15,3.A.15,3.A.15
3.A.5,CE11
GT28,2.A.103,9.B.146
3.A.7,3.A.11,CBM50
1.B.52,1.I.1,GH144,HD|Response_reg,2.A.21,1.B.17,2.A.6,2.A.6,9.B.34,9.B.22
1.B.22,GT51,9.B.21,2.A.1,9.B.14,2.A.6,2.A.6,HATPase_c|HisKA,Response_reg|Trans_reg_C,5.A.1
2.A.106,GT84|GH94,Rhodanese,Response_reg|Trans_reg_C,HATPase_c|HisKA,GH8
GH23,1.E.40
9.B.20,4.C.1,3.A.1,3.A.1,3.A.1,3.A.1,Pribosyltran,CE1,8.A.59,2.A.21
3.A.1,3.A.1,3.A.1,3.A.1,AA3_2
1.A.23,LysR_substrate|HTH_1,Nitroreductase,Sigma70_r2|Sigma70_r4_2,FecR,1.B.14,SpoIIE,3.A.23,3.A.23,FHA,GH73,3.A.23,3.A.23,3.A.23
