2.A.86,3.A.3,3.A.3,GT35,Response_reg|cNMP_binding,HATPase_c|PAS|HisKA,3.A.3,8.A.7
3.A.3,HTH_18,CE9
GH2,9.B.174,2.A.1
GT4,5.B.3,2.A.72,Trans_reg_C|Response_reg,HATPase_c|HisKA,2.A.6,2.A.1
2.A.109,GT83,GT2
2.A.88,9.B.144,Response_reg|LytTR,9.B.33,GT2,GT2
1.B.14,2.A.35,1.B.14,GH29,GH3,GH109,1.B.6
GT2,GT4,GT4,3.A.1,HTH_5,9.B.14
1.C.105,GH13_9
GT4,3.A.1,Aminotran_1_2,3.A.23,3.A.3,3.A.3,3.A.3
2.A.49,GH2
2.A.1,GT5,2.A.2,GH13_20,2.A.4
GT14,GT2,CbiA,9.B.18,Response_reg,HATPase_c|PAS|Response_reg|HisKA,GH140,GH130,GH116
2.A.1,8.A.46,1.B.14,GntR,GH130,GT4,GT4,GT2,GT4
GH30_1,1.B.76,3.D.2
3.A.11,GT51
9.B.156,Pribosyltran,NUDIX,GT9,2.A.1,9.B.27,2.A.23,2.A.3
GT83,3.A.25
GT35,3.A.1,3.D.1,CBM51
1.E.40,GT4
2.A.1,CBM32
9.B.186,GH146,GH5_13
GH32,8.A.46,1.B.14
2.A.3,GT81
4.C.3,GH13,Rrf2,SBP_bac_1,SBP_bac_1,3.A.1,3.A.1,3.A.1,Glyoxalase,2.A.53
9.A.25,GH0,MarR,3.A.1,GT51
GT0,GT9,CbiA,GT4,GT9,Response_reg|LytTR,9.B.33,CE9,2.A.7
CBM47,1.B.14,1.A.13,Pribosyltran,GH73
1.B.14,2.A.95,3.A.2,3.A.2,8.A.5,2.A.7,1.A.22,GT4
9.B.126,TetR_N,HTH_18,GH10,9.B.18,GH3,GH31,GH144,GH144,GH144,8.A.46,1.B.14
1.B.33,NUDIX,2.A.21,GH127,GH51,GH51,1.C.105
GT4,GT2,GT2,GH151,GT2,GT4,2.A.66,1.B.18
2.A.9,AAA,2.A.49,9.A.8,GT2
2.A.6,2.A.6,GH25
3.A.1,9.B.146,2.A.36,3.D.1,GH125
2.A.17,GH13_4,PfkB,2.A.2,HATPase_c|HisKA,Trans_reg_C|Response_reg,2.A.3
9.B.174,GH20
8.A.51,2.A.109,3.A.1,3.A.1,Glyoxalase,GH43_28|CBM32
9.B.33,9.B.33,GT1
GH3,1.B.14
CBM6,8.A.5,GH5_25,CE15,2.A.17,cNMP_binding,GH154,CBM6
9.B.153,2.A.1,GH37
1.B.14,HATPase_c|HisKA|CHASE3,GH13_5
CE4,GH29,B12-binding,GH36,1.A.62
1.B.23,1.B.23,9.B.18,GT4
GH18,1.A.46,Aminotran_1_2,3.A.1
CE11,3.A.1
GH109,2.A.3,1.B.44
9.B.18,GT51
9.B.146,2.A.103,GT28
GT11,3.A.1,9.B.97,3.A.1,GT2,GT4,GT11,GH99,GH99,GT2,GT2,GT2,GT2,9.B.97,9.B.97,GT4,GT4,GT4|GT4,GT2,GT4,GT4,9.B.18,9.B.18,3.A.1
3.A.1,2.A.1,GH20
2.A.7,9.A.55,GH78,TPR_1|TPR_2,1.B.14
GH29,GH5_4,1.B.14,GH31
GT2,2.A.1
3.A.1,2.A.37,CE4
2.A.28,GH5_36
2.A.102,9.B.102,9.B.102,2.A.1,8.A.1,TetR_N,GH16_3
8.A.59,Response_reg|LytTR,2.A.118,9.B.153,3.A.7,2.A.8,Pribosyltran,Fer4,GH77,2.A.1,AAA,2.A.50,1.B.14,1.B.14,3.A.1
1.A.23,TPR_1,Trans_reg_C|Response_reg,2.A.21,2.A.3,GT20,9.B.145,2.A.36,3.A.1,3.A.1,CheR,GT2
9.A.25,CE14
9.B.33,Response_reg|LytTR,GH2,HTH_18|Peripla_BP_3,2.A.1
GT2,3.A.23,3.D.7,1.B.14,HMA,HMA,5.A.1
3.A.1,NUDIX,GT2
1.B.14,GH0,GH57,cNMP_binding,3.A.23,5.A.1,3.D.4,3.A.3
