3.A.7,3.A.7,GH23,3.A.7,3.A.7,3.A.7
CE4,3.A.1
3.A.9,CtsR,CBM41|CBM41|GH13_14
2.A.1,cNMP_binding,3.A.1,3.A.1,3.A.1,Pyr_redox_2,9.B.33,HTH_18|Response_reg,3.A.1,GH68,GH32,3.A.18,GH13_5,2.A.79,2.A.79,2.A.66,GT81,GT4,4.A.1,PfkB,3.D.2,HTH_8|CodY,2.A.25
9.B.149,GT51
2.A.107,Aminotran_1_2,Pribosyltran,GT0,1.A.77,3.A.2,3.A.2,3.A.2,3.A.2,3.A.2
3.A.7,CBM50,GT26,9.B.146
2.A.63,2.A.63,2.A.63,2.A.63,2.A.63,2.A.63,2.A.63,1.A.1,Glyoxalase,2.A.20,CbiA,9.B.20,4.C.1,CBM48|GH13_9,GT5,GT35,4.C.1
3.A.1,9.B.10,1.E.19,NUDIX,3.A.1,3.A.1,GT4
2.A.1,2.A.8,Rhodanese,2.A.66,HTH_DeoR,PALP,CBM68|GH13_14
1.I.1,3.A.1,3.A.1,FUR,9.B.117,2.A.1,2.A.58,2.A.1,3.A.1,3.A.1,3.A.1,GH57|GT4
2.A.53,9.B.142,9.B.2,GH25
9.A.40,CBM50,1.A.23,2.A.76,Glyoxalase,HATPase_c|HisKA,LacI|Peripla_BP_3,GH0,SBP_bac_1,3.A.1,3.A.1,SIS,HTH_6|SIS,4.A.1,GH3,TetR_N,2.A.1,3.A.1,3.A.1,2.A.5
2.A.38,2.A.38,1.B.52,GT2,GT2
2.A.1,TetR_N,2.A.109,9.B.97,GH14|CBM20,3.A.1,3.A.1,SBP_bac_1,HMA,3.A.3
2.A.1,GH32
CE1,CBS,PadR,2.A.51,9.A.40
3.A.1,HATPase_c|HisKA,Trans_reg_C|Response_reg,9.B.10,2.A.66,GT51,CE4,GT28,Nitroreductase,CBM50,3.A.1,3.A.1,3.A.1,3.A.1,3.A.1
2.A.21,CbiA,3.A.1,3.A.1,GT2,9.B.18,3.A.1,3.A.1,3.A.1,GT4,GT4,GT2
GH1,Rhodanese,9.B.51
CBM50,9.B.97,3.A.23,9.A.62
3.A.1,3.A.1,3.A.1,Pkinase,PIG-L,GT4,GT4
2.A.66,GT4,GT4,GT32,HTH_3,Aminotran_1_2,9.B.18,9.B.183,GT2,GT4,GT4,9.B.18
3.A.1,AraC_binding|HTH_18,GH2
GT2,9.B.142
CE4,3.A.1
3.A.1,CBM34|GH13_20
GT1,3.A.7
GH13_31,Response_reg|GerE,HATPase_c,9.B.116
GT4,CE14,2.A.115
1.E.14,2.A.122,8.A.7,PTS-HPr,4.A.1,2.A.120,8.A.5,B12-binding_2|B12-binding,2.A.114,2.A.40,CBM50
9.A.40,3.A.1,3.A.1,3.D.4,3.A.1,4.A.1,CE9
GT4,GT4,GT4,9.B.18
1.B.52,GH3
1.C.113,2.A.55,GntR,GH13_29,SKI,2.A.40
2.A.11,Response_reg,HATPase_c|PAS,2.A.56,2.A.23,CBM50,3.A.1,3.A.1,3.A.1,3.A.9,2.A.1,HxlR,2.A.14
2.A.115,3.A.23,LacI|Peripla_BP_3,GH13,1.A.11
4.C.1,2.A.41,HTH_18|Response_reg,8.A.59,3.A.1,TetR_N,GT51,2.A.45
2.A.19,GH13_5
2.A.25,Pyr_redox_2,Rrf2,Pyr_redox,3.A.1,GH14|CBM20,3.A.7,3.A.7,3.A.18,HATPase_c,HATPase_c|PAS|HisKA,1.A.35,2.A.25
CE4,3.A.1
