9.A.61,GH33
2.A.6,3.A.7,9.A.47,CbiA|Response_reg,3.A.7,CE15,9.B.106,1.I.1
3.A.1,GT2,GT4
3.A.10,GT4,1.B.13,HATPase_c|HisKA|Response_reg,Response_reg,2.A.23
3.A.1,3.A.1,GT2,Pyr_redox_2,NIR_SIR_ferr|Pyr_redox_2|NIR_SIR,3.A.1,3.A.1,3.A.1,3.A.1
1.B.52,SpoIIE|Response_reg,Sigma70_ECF,1.E.43,SBP_bac_10,9.A.61,GT5
CBM9,3.A.1
1.A.46,GT9,2.A.1
GT2,8.A.5
GH13_11,2.A.20
GT2,3.D.9,Sigma70_r4_2|Sigma70_r2,1.A.105
GH33,Sigma70_r2,9.B.106
1.A.8,3.A.1,GT2|GT4
GT9,GT4,9.B.31,2.A.7,2.A.1
GT2,3.A.1,9.B.106,GT1,1.A.22
8.A.5,1.B.14,CE1,3.E.1
GH43,HTH_18|AraC_binding,SBP_bac_10,3.A.1,3.A.1,3.A.1,2.A.6,2.A.6
1.I.1,1.B.14,GH15
GT2,3.A.23,2.A.7,2.A.1,4.C.1,Rrf2,SBP_bac_10,1.B.14,GT2
CE1,GH127|CBM66|GH51,Peripla_BP_3|HTH_18,2.A.7,TetR_N,2.A.1
GT1,1.E.43
9.B.160,GT83
CE4|GT2,1.A.13,GT2,Aminotran_1_2,3.A.1,3.A.1,3.A.1,3.A.1,SBP_bac_10,GT4,2.A.3,HisKA|FHA|GAF|HATPase_c,3.A.11
1.A.30,1.I.1,1.I.1,CE9
3.A.1,GT2
9.A.8,3.A.1,3.A.1,HATPase_c|HisKA|Response_reg|PAS,CBM38
8.A.3,9.B.18,3.A.1,3.A.1,GH99,GT2,GT2,GT2,GT4
GT2,GT2,GT2,GT2,GT4,GT4,2.A.21
3.A.1,3.A.11,GT83,1.B.16,GT2,9.A.15
CE12,PL11_1,FHA,3.A.23,3.A.23
GT30,3.A.23,3.D.1
CBM38,9.B.106
3.A.1,3.A.1,GT2,3.A.1
1.I.1,1.B.14,1.B.14,1.B.14,TetR_N,2.A.6,HATPase_c|HisKA|Response_reg,HATPase_c|HisKA|Response_reg,CE1|CE1,MarR,HATPase_c|HisKA|Response_reg,3.A.7,GH5
1.I.1,Sigma70_r2,9.A.25,1.I.1,Sigma70_r4_2,SBP_bac_10,GH39,1.A.1
2.A.6,1.I.1,Sigma70_r4_2,8.A.1,1.B.17,HATPase_c|HisKA,CE12|CE12,GH2
1.I.1,GT4,Pribosyltran,9.B.106,1.B.14,9.B.106
GH13_26,CheW,CheR_N|CheR,CheW,1.B.52,HATPase_c|Response_reg|CheW,CheB_methylest|Response_reg,2.A.21,3.A.1,3.A.1,Pyr_redox_2|cNMP_binding,3.A.23
GT35,CBS,9.B.34,2.A.6
3.A.1,GT4,2.A.7
CBM38|GH32,3.A.1,3.A.1,3.A.1,Peripla_BP_3|GntR,GT2|GT4,GT4
1.A.33,ACT,8.A.1,2.A.6,GT4,9.B.18,8.A.3
GH2,Sigma70_r2,9.B.106
GT2,3.A.23
9.B.176,2.A.36,Response_reg,GT20,2.A.21,3.A.23
CBM47,HTH_3|Response_reg,HATPase_c,2.A.1
GT2,8.A.5
GH127,PL1_2,PL1_2,GH33,SBP_bac_10,GntR,2.A.1
GH16_3,1.A.33,3.D.8
CBM47,TPR_1|Pkinase,9.B.34,3.A.1,GT19,Fe_dep_repr_C|FeoA|Fe_dep_repress,3.A.15,3.A.9,GH77,1.A.105,3.A.1,3.A.1,2.A.53,3.A.23,2.A.21,1.B.14,Rhodanese,2.A.20
GT2,9.B.18,8.A.3
2.A.36,9.B.149,2.A.1,9.B.106,GH63,5.A.1,5.A.1
9.B.106,3.D.10,1.A.13,AAA,3.A.1,3.A.1,3.A.1,3.A.1,GT4,GT4
3.A.1,3.A.15,3.A.1,TPR_1|TPR_2,GT2,3.A.1,3.A.1,GT2,GT4,GT2,GT2
CE9,ACT,Trans_reg_C|Response_reg,3.A.1,3.A.1,3.A.1,MarR,GT83,GH0,9.A.25
1.I.1,9.B.106,Sigma70_r4|Sigma70_r2,CBM2|CBM2|GH18
2.A.1,TPR_2,3.A.9,GT2,Trans_reg_C|Response_reg,HATPase_c|HisKA,GT4,GT2|GT4,9.A.25,3.A.1,CE0
3.A.1,3.A.1,CBM67,Rhodanese,CBM38|GH32,1.B.14
GT4,SpoIIE,3.A.16,CBM47
GT2,3.A.5
1.B.14,CE1
GT84|GH94,3.A.1,CBM47
3.A.23,3.A.23,3.A.23,Pkinase,GH13_10,GH133,GH13_16,CBM48|GH13_11,GH140,Sigma70_ECF,Fer4,GT41
9.B.106,3.A.23,HATPase_c,GT35
3.A.1,3.A.1,3.A.5,8.A.51,FHA,Pkinase,CBM48|GH13_9,3.A.23,1.B.14,Aminotran_1_2,9.B.27,3.D.1,3.D.1,3.D.1,Fer4,3.A.1
CE11,9.B.126
2.A.7,HD,CBM67,3.A.1,1.E.43,3.A.3
3.D.1,GT2
2.A.21,CE14,Aminotran_1_2,9.B.174,SIS,3.A.23,CBM9,2.A.6,2.A.6
CBM47,2.A.1
3.A.23,GT4
GT2|GT2,2.A.6,2.A.6,2.A.6,3.A.5
CE1|CE1,CE6|GH43_28,Pkinase,Pkinase,2.A.6,2.A.6,HTH_18,Sigma70_r4_2|Sigma70_r2,2.A.21,Sigma70_r4_2|Sigma70_r2,9.B.106,Sigma70_ECF,2.A.7
9.B.106,GH39
9.B.97,GT2,GT2,GT2,3.A.1,SIS,3.A.1,Aminotran_1_2,3.D.10,3.D.10,3.D.10
