2.A.38,2.A.38,CBM50,3.A.11,1.B.39,2.A.76
GT9,Aminotran_1_2,Rhodanese,9.B.104,9.B.34,2.A.40,Response_reg|GerE,2.A.21,Nitroreductase,Pyr_redox_2,3.A.1,3.A.1
3.A.1,3.A.1,3.D.4,3.D.4,Pyr_redox_2,Aminotran_1_2,GH16_3,2.A.1,CE9,3.A.1
9.B.34,GT51,9.B.34
GT30,9.B.186,Fer4,1.A.22
3.E.1,ACT,GH103
GT51,1.A.11,3.A.3,3.A.1,3.A.1,Response_reg|CheW,FHA,GH73,8.A.59,TetR_N,2.A.6,HATPase_c|Response_reg|HisKA,CBS,3.A.1
9.B.34,SKI,1.B.22,3.A.11,GT51
GT2,2.A.56,2.A.56,2.A.56,3.D.5,3.D.5,3.D.5,3.D.5,3.D.5,3.D.5,3.D.5
AA3_2,GH13,3.D.1,3.D.1,2.A.63
3.A.1,3.A.1,2.A.1,GH13_4
3.D.1,GH23,2.A.16,3.A.1,SBP_bac_3,2.A.21,3.A.1,3.A.1
GH3,3.A.1,Pribosyltran,Aminotran_1_2,GT0|GT4,GGDEF,HD,2.A.1
2.A.76,GH73
8.A.21,Peripla_BP_3|LacI,1.B.14,2.A.2,GH31,GH13_38
2.A.53,GH13_13,1.B.14,3.D.10,3.D.10
2.A.25,GH13_11,CBM48|GH13_9,GH77
2.A.34,GH103,4.C.1,3.A.1,3.A.1
GH23,2.A.37,9.B.34,GT19,1.B.33
9.B.34,3.A.11,9.B.18,9.B.18,9.A.25,3.A.1,TPR_2,9.B.14,9.B.14,3.A.1,3.A.1,GT0,GT83,GT2
GT4,GT4,GT4,9.B.18,8.A.3,9.B.42
GT4,4.B.1
2.A.6,NUDIX,3.A.5,1.A.34,CE11,GT28,2.A.103,9.B.146
1.C.82,3.A.5,3.A.1,2.A.66,Penicillinase_R,1.B.14,1.I.1,8.A.5,GH13,1.B.14
GT2,8.A.4,3.A.1,3.A.1,1.B.18
9.B.169,2.A.79,Nitroreductase,HhH-GPD,GT5,Response_reg|Trans_reg_C,9.B.34,GerE,2.A.6
GH3,GH149,TPR_1,GH16_3,1.B.14,2.A.2,GH17,GH17,GH17,2.A.66,GH158,8.A.59,LytTR|Response_reg,GGDEF|GAF|EAL|PAS,AA2
2.A.23,cNMP_binding|Crp,HATPase_c|HisKA|PAS,Response_reg|GerE,GH16_3,GH3,3.A.1,9.B.34,9.B.34,SBP_bac_3,Pribosyltran,Response_reg,Response_reg,2.A.35,SBP_bac_3,AA3_2,8.A.21,8.A.21,EAL,1.B.52,HTH_1,3.D.1,3.D.1
3.A.25,HATPase_c|Response_reg|HisKA,4.C.1,1.B.52,9.B.34,HATPase_c|HisKA|PAS,Response_reg,9.B.34,3.A.2,3.A.2,1.A.77,3.A.2,GT84|GH94,GGDEF|EAL|PAS,8.A.7,2.A.6,2.A.6,2.A.119,3.A.1,3.A.23,HATPase_c,2.A.66,MerR,1.B.14,9.B.164,HTH_18,4.C.1,AA3_2
2.A.21,2.A.4,3.A.3,2.A.107,AA6,Citrate_synt,IclR|HTH_IclR,1.B.14,Glyoxalase,HD,9.B.34,5.A.1,STAS,9.B.34
2.A.6,2.A.6,GT2,GGDEF|PAS,2.A.1,3.A.1
2.A.66,CE4
