3.A.1,GH97,GH13_23,GH13,1.B.14,LacI|Peripla_BP_3,2.A.2,GH13,2.A.41,1.B.14,9.B.97,GntR,2.A.2,GH2
GH28,GH2,2.A.56,2.A.56,GntR,MCPsignal,GH28,2.A.6
3.A.1,1.E.43,9.B.124,9.B.124,1.B.14,HTH_5,GT4
GT28,2.A.103,9.B.146
GH24,1.B.33,PALP|ACT,2.A.64,GH3
1.A.43,3.A.1,3.A.1,3.A.1,3.A.1,2.A.102,GT2,2.A.33
2.A.4,GT51
3.A.1,GT4
GT2,8.A.3,1.B.18,GT4,9.B.18
PL0,1.B.52,9.B.34
3.A.9,GT4,1.A.34,Peptidase_M23,9.B.174
GT51,9.B.160,3.A.1
1.C.82,Pyr_redox_2,1.B.14,3.A.7,3.A.7,3.A.7,GH23,TPR_1,1.B.14,Response_reg|Trans_reg_C,GH16_3,LacI|Peripla_BP_3,GH3,2.A.1
8.A.3,GT4
2.A.53,3.A.1,GT2,GT2
GH16_3,2.A.19,2.A.38,2.A.38
3.A.1,8.A.1,GH12
2.A.7,GT4
1.C.109,GT2,GT39
GH23,2.A.21,ATPase_2,2.A.37,2.A.21
GT51,3.D.10
GT20,GH15,Autoind_bind|GerE,3.D.1
3.A.1,HTH_3,GT4,2.A.6,2.A.6
3.A.2,3.A.2,3.A.2,3.A.2,GT2,GT2,3.A.7,2.A.7
2.A.66,GH102,LytTR,AA2
1.B.14,1.A.1,TetR_N,3.A.1,cNMP_binding,GT4,GT0,GT4,1.B.14
