2.A.40,Pribosyltran,GH73,CSD,2.A.85,GT2,9.B.144,4.A.1,GH1
GT2,9.B.126,TetR_N,2.A.16,4.A.3,3.A.18,GH25,2.A.1,2.A.1
GH36,GT8,GT8,2.A.3
GH65,CBM34|GH13_20,GH13_31,LacI|Peripla_BP_3,2.A.49,2.A.1
GT4,GT4,2.A.3,Sigma70_r2,3.D.1,Pyr_redox_2,9.B.27,9.B.141,9.B.141
GT51,LacI|Peripla_BP_3,HTH_11,1.A.23,CBS,1.A.8,2.A.50,4.C.1
GT83,GT2,3.A.3,3.A.1,3.A.1,3.A.1,GH3
4.A.3,GH1,4.A.3,GT2,1.A.8,3.A.1,3.A.1,9.B.20,1.A.11,3.A.1,LytTR,2.A.36,2.A.3,8.A.5,3.A.1,CSD,2.A.3,2.A.23,4.A.1,GH13_29,GntR,3.A.1,3.A.1,PfkB,3.A.1,2.A.7
4.A.6,4.A.6,4.A.6,4.A.6,GntR,2.A.7,GH38,4.A.2,4.A.2,4.A.2
9.B.120,4.A.2,PfkB,HTH_6|SIS,GntR,GH29,4.A.6,4.A.6,4.A.6,4.A.3,4.A.3,GH1,GH125,GH38,4.A.3,GntR,4.A.5,DeoRC|HTH_DeoR,GH13_31,DeoRC,GT2,9.B.105,9.B.27,HisKA|Trans_reg_C|HATPase_c|Response_reg,GH4,4.A.1,PL8
4.A.4,4.A.4,HTH_11|Mga,4.A.1,Pyr_redox_2,GH1,LacI|Peripla_BP_1,4.A.1
2.A.1,GH29,4.A.6,4.A.6,4.A.6,4.A.6,HTH_11|Mga,4.A.5,4.A.5,4.A.5,GntR,PadR,2.A.1
3.A.1,3.A.1,3.A.1,9.B.98,AAA,GT4
2.A.3,4.A.1,4.A.1,Pribosyltran,4.A.2,HTH_11|Mga,4.A.2,3.A.1,3.A.1,GH1,4.A.1,2.A.79,1.C.39,2.A.9
2.A.8,3.A.1,2.A.26,DeoRC|HTH_DeoR,GT2,3.A.1,2.A.79,2.A.79,3.A.1,3.A.1,3.A.1,3.A.1,3.A.1,4.A.3
GH20,GntR,SIS,CE9,GH35,4.A.6,4.A.6,4.A.6,4.A.6,Aminotran_1_2,4.A.3,4.A.3,HTH_11|Mga,3.A.1,3.A.1,3.A.1,3.A.1
4.A.6,4.A.6,4.A.6,2.A.47,HTH_1|LysR_substrate,3.A.1,3.A.1,3.A.1,HTH_18,4.A.6,GH32
4.A.2,HxlR,Nitroreductase,2.A.1,GerE,GH25,TetR_N,3.A.1,Pyr_redox_2,LacI|Peripla_BP_3,4.A.6,4.A.6,4.A.6,GH31,4.A.6,GH13_31,3.A.1,9.B.74,3.A.1
GH13_31,CBM34|GH13_20,GH65,3.A.1,GH13_31,3.A.1,3.A.1,3.A.1,LacI|Peripla_BP_3,GH15,2.A.2,9.B.74,TetR_N,1.A.35
3.A.1,3.A.1,4.A.1,GH1,TetR_N,2.A.1,Pyr_redox_2,2.A.67,PALP,3.D.2,GntR,1.B.42
GH32,LacI|Peripla_BP_3,GH13_31,4.A.1
3.A.7,GerE,GH36,4.A.3,4.A.3,2.A.1,3.A.1,3.A.1,3.A.1,3.A.1,3.A.1,HTH_3,2.A.88,8.A.3,8.A.3,GT2,GT4,GT2,9.B.18
3.A.9,2.A.115,CBM48|GH13_9,GT5,GT35,GH13_39,HTH_5,2.A.4
9.B.10,9.B.18,GT2,GT2,2.A.66,GT4,GH25,CE4,2.A.3,3.A.1,2.A.55,2.A.37
9.A.8,GH29,2.A.2,3.A.1,2.A.17,CE9,GntR,3.A.3,3.A.1,3.A.1,3.A.1
2.A.6,4.A.3,4.A.3,4.A.3,GH1
GT51,HD,3.A.1
3.A.11,GT51
GT28,9.B.146
