1.I.1,3.A.6,9.B.146,GT0,Aminotran_1_2,2.A.66,GT56,9.B.128,GT26
2.A.7,2.A.16,1.B.11,1.C.80,LysR_substrate|HTH_1,1.A.23,2.A.25,CBM50
2.A.117,LysR_substrate|HTH_1,GerE|Response_reg,HATPase_c,2.A.1,5.A.3,5.A.3,5.A.3,3.D.1,4.A.1,GH4,HTH_6|SIS,3.A.23,3.D.1,2.A.7,3.D.10,3.D.10
8.A.8,1.B.42,1.B.42,1.B.42,CBS|SIS,2.A.19,3.A.1,3.A.1,3.A.1,3.A.1,STAS,EPSP_synthase,9.B.8,9.B.160,1.A.12,2.A.61,Pyr_redox_2,GATase_2,HisKA|HATPase_c|PAS|Response_reg,GT51
1.E.34,9.B.27,2.A.23,Pyr_redox_2,3.A.1,FecR,Sigma70_r2|Sigma70_r4_2,3.A.1,GH23
2.A.47,GH23
2.A.68,GT83,3.A.1,3.A.1,3.A.1,2.A.1,HTH_3,GH23
CE9,4.A.1,1.B.25
GH3,Pyr_redox_2,3.A.1,3.A.1,3.A.1
9.B.174,1.B.25,9.B.1,2.A.23,3.A.1,3.A.1,3.A.1,3.A.1,GH23,2.A.95,HTH_18,2.A.117
3.A.1,3.A.1,Aminotran_1_2,GT2,GT83,2.A.7,2.A.7,HTH_18,3.A.1,3.A.1,3.A.1,1.B.14,1.B.14,4.A.1,2.A.86,3.A.1
CBM48|GH13_9,GH13_11,GT5,GT35,HTH_DeoR,2.A.1
2.A.80,2.A.80,HTH_DeoR|PfkB,AraC_binding|HTH_18,LacI|Peripla_BP_3|Peripla_BP_1,GH32,4.A.1,5.A.3,5.A.3,5.A.3
5.A.3,5.A.3,Crp|cNMP_binding,3.D.2,3.D.2,2.A.3,1.B.11,1.B.52,NUDIX,TetR_N,GyrI-like|HTH_18,2.A.7,3.A.1,3.A.1,GH103,CbiA,4.C.1,2.A.7,2.A.7,HTH_6|SIS,CBM50,3.A.1,3.A.1,3.A.1
2.A.39,AA3_2,TetR_N,2.A.15
9.B.72,3.A.6,3.A.6,3.A.6,3.A.6,3.A.6,3.A.6,3.A.6,3.A.6,GH73
GT51,9.A.41
2.A.1,Aminotran_1_2,9.B.2,3.A.23,HisKA|HATPase_c,GH23,1.B.11,2.A.76
3.A.15,3.A.15,NUDIX,2.A.42,1.B.20,1.C.75,3.A.3,MerR,3.A.5,CE11,GT28,2.A.103,9.B.146
GT2,4.D.3,1.B.55,9.B.102,9.B.102,HTH_5,1.A.26,2.A.25,2.A.49,1.A.1
PL8_2,PL8_2,GH105,CE9,4.A.6,4.A.6,4.A.6,4.A.6,SIS,DeoRC|HTH_DeoR,GH154,PfkB,3.A.23,3.A.23,9.B.186,3.A.23
3.A.1,2.A.7,PfkB,GH32
GT19,1.B.33
GH102,3.A.7
GH4,4.A.1
3.A.1,3.A.1,3.A.1,3.A.1,3.A.1,GT2,3.D.1,3.D.1,3.D.1,3.D.1,3.D.1,3.D.1,3.D.1,3.D.1,3.D.1,2.A.36,2.A.13
2.A.8,4.C.1,2.A.1,2.A.15,4.C.1,AA10,GH73,2.A.50,MCPsignal,2.A.8,SKI,LacI|Peripla_BP_1,Peripla_BP_2,3.A.1,3.A.1,1.B.14,1.C.36,1.C.36,1.C.36,TPR_3,3.A.6,3.A.6,3.A.6,3.A.6,1.B.22
3.A.25,CE4,1.C.82,3.A.5
3.A.1,3.A.1,3.A.1,3.A.1,3.A.1,3.A.1,3.A.1,2.A.40,GT0,9.A.8,9.A.8,9.A.8,TrmB,2.A.1
2.A.80,2.A.80,GH33,3.A.1,3.A.1,3.A.1,3.A.1,3.A.1
3.A.1,1.B.6,GH4,AraC_binding|HTH_18,4.A.3,4.A.3,4.A.3,3.A.1,3.A.1,3.A.1,TetR_N,2.A.1,Pribosyltran,AraC_binding|HTH_18,5.A.3,5.A.3,3.A.23,Pyr_redox_2,Hemerythrin,LacI|SBP_bac_1,2.A.1,9.B.20,9.B.97,HTH_6|SIS,2.A.21,1.B.35,5.A.3,5.A.3,5.A.3,3.D.1,2.A.22,2.A.56,2.A.56,2.A.56
GT51,1.B.22
1.A.77,3.A.2,3.A.2,3.A.2,3.A.2,3.A.2,3.A.2,3.A.2,3.A.2,SIS,2.A.118,TetR_C|TetR_N,8.A.1,2.A.96,Glucokinase,GT2,1.B.55,GGDEF|PAS,GH8,TOBE,5.A.3,5.A.3,5.A.3
