CE4,AraC_binding|HTH_18,2.A.2,GH36
3.A.1,3.A.1,3.A.1,GH42,2.A.38,2.A.38
1.A.11,PALP|ACT,3.A.5,GH1,4.A.1
GH2,2.A.2,GH88,MerR,Pyr_redox_2,1.A.35
2.A.66,3.A.1,3.A.1,GH4,3.A.1,3.A.1,SBP_bac_1,8.A.59
3.A.1,3.A.1,GH105,SBP_bac_1,GH38,GH2
4.A.1,PTS-HPr,4.A.1,8.A.7,PTS-HPr,GH13_11
GH42,3.A.1,3.A.1,3.A.1
3.A.7,AraC_binding|HTH_18,2.A.2,GH2
3.A.1,3.A.1,3.A.1,3.A.1,cNMP_binding|Rrf2,GH32,4.A.1
GH35,GH140,4.A.3
GH1,4.A.1
2.A.67,3.D.1,2.A.4,GH18,2.A.66,MarR,TetR_N,GH105,2.A.56,2.A.56,2.A.56
GH2,PL12_1,GH88,3.A.1,3.A.1,3.A.1,8.A.59,Response_reg|HTH_18,CBM67|GH78,3.A.10,2.A.56,2.A.56,2.A.56,2.A.23
3.A.1,3.A.1,3.A.1,Rhodanese,9.B.27,GT2,9.B.27
CE9,3.A.1,3.A.1,3.A.1
2.A.66,Pyr_redox_2,HTH_1|LysR_substrate,2.A.2,GH3,GH65
GH42,2.A.2
GH105,2.A.80
2.A.115,GH28,2.A.56,2.A.56,2.A.56
2.A.19,2.A.47,GH33
4.C.1,3.A.1,Spo0A_C,GH3
2.A.35,3.A.1,3.A.1,SBP_bac_1,GH2,2.A.2
2.A.2,Glyoxalase,MarR,HTH_11,3.A.7,GH31,GH13_31,3.A.1,3.A.1,SBP_bac_1,Response_reg|HTH_18,8.A.59
GH77,AraC_binding|HTH_18,GT35,3.B.1,3.B.1,3.B.1,3.B.1
GT27,3.A.1
GT2,GT8,GT2,2.A.66,GH13_29,4.A.1
GT28,Sigma70_r4_2,9.B.104
3.A.7,HTH_5,GH13_20,CBM48|GH13_9,Mga|HTH_11,4.A.3,4.A.3,4.A.3,GH4,GH1
CBM34|GH13_39,3.A.25
2.A.1,GH1,4.A.1
GH42,3.A.1,3.A.1,9.B.33
GH53|CBM13,GH2,2.A.2
2.A.56,2.A.56,GH31
3.A.1,3.A.1,3.A.1,AraC_binding|HTH_18,GH112,SBP_bac_1,3.A.1,SBP_bac_1,3.A.1,3.A.1,3.A.1
3.A.1,3.A.1,3.A.1,PfkB,DeoRC|HTH_DeoR,DeoRC|HTH_DeoR,GH105,3.A.1,3.A.1,3.A.1,GH28
2.A.23,3.A.1,3.A.1,3.A.1,3.A.1,3.A.1,GH13_11,3.A.3,CBM48|GH13_9,8.A.59,Response_reg|HTH_18,2.A.56,2.A.56,2.A.56,HD,CE4,3.A.9,3.A.11,3.A.11,3.A.11
1.C.57,GH25,CE4
2.A.2,GH3
9.B.18,GT2,3.A.1,3.A.1
2.A.115,1.C.57,GT2,GT2|GT2,GT2,9.B.18
2.A.56,2.A.56,2.A.56,GH31
3.A.1,3.A.1,GT2,GT2
GH3,GH3,HTH_1|LysR_substrate,8.A.5
GH36,3.A.1,3.A.1,SBP_bac_1,9.B.28,HTH_1|LysR_substrate,HTH_1|LysR_substrate,2.A.80,3.A.1,3.A.1,PL22|PL22_2,PL11
3.A.1,3.A.1,3.A.1,Pyr_redox_2,2.A.40,Peripla_BP_3|LacI,GH32,3.A.1,3.A.1,3.A.1,Peripla_BP_1|Peripla_BP_3|LacI,SBP_bac_1,3.A.1,3.A.1
CE4,2.A.16,GH31,2.A.80
GH77,4.A.1,Peripla_BP_3|LacI,2.A.1
2.A.115,GH0
GT2,HTH_6|SIS,PfkB,4.A.2,GntR,GntR,2.A.11
GH1,4.A.1
GH2,2.A.2
4.A.6,GH88,4.A.6,4.A.6,4.A.6,PL12_1
3.A.1,3.A.1,Peripla_BP_3|LacI,3.A.1,3.A.1,SBP_bac_1,GH31,GH13_31,3.A.1
2.A.66,PfkB,4.B.1,GntR,8.A.59,Response_reg|HTH_18,SBP_bac_1,3.A.1,3.A.1,GH2
2.A.2,GH5_44,GH43_11
3.A.1,3.A.1,3.A.1,GH36,GH13_4,HATPase_c|HisKA,Trans_reg_C|Response_reg,SBP_bac_1,3.A.1,3.A.1
3.A.1,3.A.1,AraC_binding|HTH_18,2.A.2,GH36,2.A.115,Spo0A_C,8.A.59
GH23,GT2,1.B.52
3.A.1,3.A.1,3.A.1,GH77
GT2,GT4,9.B.102
8.A.59,Response_reg|HTH_18,SBP_bac_1,3.A.1,3.A.1,GH43_10
9.B.141,Peripla_BP_1|LacI,GH31,2.A.21
9.B.125,Aminotran_1_2,CbiA,Pribosyltran,CE8,Response_reg|HTH_18,8.A.59,Peripla_BP_1,3.A.1,3.A.1,3.A.1
9.A.11,3.A.1,GT51
