2.A.1,GT0|GT2|GT4
2.A.21,Pribosyltran,3.A.1,GH3
9.B.34,EAL|PAS|GGDEF|Response_reg,2.A.40,CE4,TetR_N,9.B.35,9.B.35,9.B.43,9.B.34,HxlR,2.A.37,2.A.37,2.A.6,2.A.6,EAL|GGDEF,9.B.34
GT35,AAA,1.A.16,9.B.106
3.A.1,3.A.1,3.A.1,GH23,2.A.37,9.B.34,GT19,1.B.33
1.B.3,Glyoxalase,2.A.115,SIS,GH3,2.A.35
GT51,3.A.11,1.B.22
2.A.21,2.A.6,2.A.6,TetR_N,8.A.59,1.A.11,HTH_18,GT51,GH103
1.B.52,GT30,GT9,GT4
2.A.1,PL7_5
GT5,2.A.21,Trans_reg_C|Response_reg,GH2
2.A.21,GH36,3.A.7,2.A.21
2.A.1,GH3,HTH_18,2.A.15,9.B.102,9.B.102,GH32,Peripla_BP_3|LacI,2.A.1,9.B.34
9.B.104,Rhodanese,Aminotran_1_2,9.B.34,GT9
GT2,1.B.39,CBM50,2.A.38,2.A.38
3.A.2,3.A.2,3.A.2,3.A.2,3.A.2,3.A.2,3.A.2,3.A.2,8.A.59,1.B.6,Peripla_BP_3|LacI,2.A.2,GH1,1.B.14
3.A.1,GT2
3.A.15,3.A.15,3.A.15,3.A.15,3.A.15,3.A.15,1.B.22,GH31,HisKA|HATPase_c,Trans_reg_C|Response_reg,1.A.1,CBM9,1.B.3
3.A.23,3.D.4,3.D.4,3.A.1,3.A.1,2.A.1,Peripla_BP_3|LacI,GH1,2.A.1,GH3,1.B.14,GH16_3,2.A.4,1.B.14,2.A.21,GH31,GntR,2.A.98,MCPsignal,2.A.21,PAS|MCPsignal,3.A.1,3.A.1,GAF|HATPase_c|HisKA,1.B.14
GH13_4,2.A.1,Glyoxalase,8.A.5,1.I.1,3.A.1,3.A.5,1.C.82
9.B.34,8.A.51,GT2|GT2,GH8
GT4,GT4,9.B.100
4.C.1,2.A.21,CheC,Response_reg,Aminotran_1_2,1.B.14,HTH_1|LysR_substrate,AA2,1.A.23,GntR,PL6|PL6_1,PfkB,9.B.34,1.I.1,HATPase_c,Response_reg|GerE,2.A.7,1.B.48,GerE,2.A.15
PL17_2|PL17,9.B.34,Peripla_BP_3|LacI,PL7_5,SKI,PL6|PL6_1
1.B.14,2.A.7,1.A.8,1.B.14,3.A.1,3.A.1,3.A.1,1.B.14,CBM48|GH13_9
1.B.19,2.A.1,CBM50,Sigma70_r4_2,3.A.5,Rhodanese,3.A.1
1.B.14,Response_reg|GerE,2.A.7,2.A.1,SIS,GT4
9.A.4,3.A.15,3.A.15,1.A.23,1.B.14,PL6_3,2.A.1,HATPase_c,3.A.23,9.B.34
9.B.146,2.A.103,GT28,CE11,1.A.34,3.A.5,NUDIX,3.A.15,3.A.15
CE9,1.B.14,GH3,GH16_21,9.B.33
1.B.71,AA3_2
9.B.42,8.A.3,9.B.18,GT2,2.A.66,GT4,GT4,GT2
GH13,2.A.6,2.A.6,2.A.6
4.C.1,GH103,5.A.2,2.A.34
1.B.14,GH23|CBM50,1.A.23,3.A.1,2.A.47
2.A.21,GT0
GH77,CBM48|GH13_9,CBM48|GH13_11,2.A.25
GH13_27,GGDEF,9.B.27,5.B.7
2.A.66,GH13_18,GT81
2.A.76,GH73
8.A.21,Peripla_BP_3|LacI,GH13_2,2.A.2,GH13,GH13_38,CBM41|GH13_13,1.B.14,1.B.14,3.D.10,3.D.10
