2.A.80,2.A.3,GT51,1.A.33
GH103,CBM50,SBP_bac_3,3.A.1,3.A.1,3.A.1,GT4,HTH_18,3.A.1,3.A.1,3.A.1,3.A.1,3.A.1,3.A.1
4.C.1,3.A.1,3.A.1,3.A.1,SBP_bac_1,B12-binding,Glyoxalase,3.B.1,GT2,3.A.1,3.A.1,GT4,GT4,1.B.14,3.A.1,3.A.1,3.A.1
2.A.1,3.D.4,3.D.4,3.D.4,3.D.4,CE9,SIS,GntR,SIS,SBP_bac_1,3.A.1,3.A.1,1.B.14
3.A.1,3.A.1,3.A.1,3.A.1,HTH_18|AraC_binding,1.B.14,3.A.1,MarR,2.A.6,2.A.6,3.A.1,3.A.1,3.A.1,SBP_bac_3,LysR_substrate|HTH_1,2.A.53,HTH_18|AraC_binding,4.C.1,2.A.46,3.A.1,3.A.1,SBP_bac_1,HTH_18,TetR_N,GT2
2.A.68,GH103,9.B.160
3.A.1,3.A.1,3.A.1,DeoRC|HTH_DeoR,9.B.10,3.A.1,3.A.1,GT0,GT4,GT4,GT4
GT30,HATPase_c,GH13_11,GT5,GT35,1.B.33,CE1,3.D.4,GT1
2.A.109,CBM48|GH13_11,2.A.63,2.A.63,2.A.63,2.A.63,2.A.63
GH103,3.A.1,3.A.1,3.A.1,3.A.1,AA3_2,4.C.1,3.B.1
3.D.4,3.D.4,3.A.1,TetR_N,AA3_2
9.B.146,2.A.103,GT28
3.A.1,3.A.1,3.A.1,3.A.1,Guanylate_cyc,cNMP_binding,GT1,GT4,GT1,2.A.7,2.A.1,3.A.1,3.A.1
CE11,1.B.33,2.A.78
GT25,4.A.2,3.A.1,3.A.1,FUR|TrmB,GH15
GT2,GT2|GT2,3.A.1
1.B.33,GT19
1.A.34,CSD,Glyoxalase,2.A.16,LysR_substrate|HTH_1,GerE,3.A.1,3.A.1,CBM35|CBM35|CBM35|CBM6|CBM6|CBM6
9.B.102,GT2,3.A.1,3.A.1,3.A.1,LysR_substrate|HTH_1,3.A.1,3.A.1,3.A.1,3.A.1
2.A.64,GH3
GH23,1.B.70
GT51,2.A.21
GT2,8.A.3,Sigma70_r2|Sigma70_r4,2.A.7,ACT,1.B.6,3.A.16,TPR_2,2.C.1,1.A.30,1.A.30,9.B.176
2.A.102,MerR,9.B.126,3.A.1,GT2,1.A.30,1.A.30,3.A.1,3.A.1,3.A.1,3.A.1
3.A.1,3.A.1,3.A.1,HATPase_c|HisKA,GH15
9.B.10,3.A.1,3.A.1,3.A.1,3.A.1,GntR,3.A.1,3.A.1,3.A.1,3.A.1,3.A.1,3.A.1,3.A.1,Response_reg|PHY|GAF,Crp,GT4|GT4,3.A.1,3.A.1,3.A.1,3.A.1,3.A.1,3.A.1,1.B.14,2.A.70,2.A.70,4.C.1,2.A.56
2.A.56,2.A.56,GntR,TetR_N,9.B.34,Sigma70_r2|Sigma70_r3|Sigma70_r4,1.E.14,2.A.122,HTH_3,GT4,2.A.38,3.A.1,Pyr_redox_2,LysR_substrate|HTH_1,3.A.18
GT20,3.A.1,2.A.6,GntR|Aminotran_1_2,2.A.6
3.A.1,3.A.1,GT4
GT51,2.A.28,GH23,3.B.1,GH13_26,GH77,GH13_10
CE4,9.B.35,3.A.1,3.A.1,3.A.1,9.B.43,GH13_3,GH13_16,CBM48|GH13_9
2.A.1,3.A.1,Sigma70_r4,3.A.1,3.A.1,3.A.1,3.A.1,PfkB,5.A.3,2.A.73,3.A.1,3.A.1,Peripla_BP_2,3.A.1,3.A.1,3.A.1,2.A.50,GT2,2.A.102,AraC_binding,3.A.1
