GT4,1.B.50,1.C.109,9.B.44,9.B.44
9.B.34,GT2
GT4,4.F.1
GT28,9.B.146
3.A.4,4.C.1,GT4
3.A.1,SBP_bac_3,3.A.1,GT2
GT4,2.A.7
GT4,HMA,3.A.3
CE14,2.A.1,2.A.7
2.A.1,2.A.7,4.A.1,4.A.1,SIS,GntR,4.A.1,CE9,8.A.5
GT81,GT4,2.A.86
GT51,9.B.18,CE4,9.B.67,GT94,8.A.3,GT4,GT4
3.A.1,3.A.1,1.A.13,GH15,3.A.3,9.B.55,3.A.1,3.A.1,1.A.1
GH73,3.A.1,3.A.1,3.A.1
8.A.5,Aminotran_1_2,GT51,GntR,PfkB,Peripla_BP_1,3.A.1,3.A.1
4.C.1,GT4,Aminotran_1_2,GT0,GT2,3.A.1,3.A.1,TetR_N,ACT,2.A.1
3.A.1,3.A.1,3.A.1,3.A.1,3.A.1,ACT,GH3
2.A.3,4.C.1,AA3_2,3.A.9
3.A.16,CBM5,3.A.1
GT39,2.A.1,2.A.1,MarR,2.A.23,CbiA,Aminotran_1_2,TetR_N|TetR_C,1.A.35
GT4,3.A.1,GT2,GT0,GH79,3.A.1,3.A.1,3.A.1,3.A.1,Peripla_BP_1,3.A.1,3.A.1,Glycos_trans_3N,3.A.1,3.A.1
CBM48|GH13_9,GH13_3,GT35,FHA,Pkinase,3.A.1
GT4,2.A.1
CE14,GT4,IclR|HTH_IclR,2.A.39,GntR,3.A.1,3.A.1,3.A.1
