2.A.6,2.A.6,1.A.30,1.A.30,1.A.30,TPR_1,1.A.8,2.A.1,GH92,2.A.37,9.B.34,1.B.14
9.B.18,GH67
5.A.3,GT21,3.A.1,3.A.1,3.A.1
3.A.1,3.A.1,3.A.1,GH33,GntR,GH2|CBM57
2.A.1,GT4,GT2
1.E.9,2.A.7,LysR_substrate|HTH_1,1.B.14,3.A.1,GT4
3.A.1,2.A.122,2.A.1,GH18
GT2,PIG-L,3.D.1,9.B.34,9.B.62
GT4,9.B.18,GT9
2.A.41,HTH_5,GT2
3.A.16,2.A.1,GT51,HD,9.B.174,Trans_reg_C,GH30_3,9.B.34,2.A.4,Trans_reg_C,2.A.109,2.A.64
2.A.21,2.A.3,GH130
2.A.53,1.A.46,Penicillinase_R,CE15,3.A.1,2.A.21
GT2,GT2,1.B.14,9.B.186,9.B.31
CE8,3.A.11,3.A.7
1.B.14,Citrate_synt,2.A.1,TPR_2,GH13_10,3.A.1,9.B.160
CE1,AraC_binding,9.A.40,1.B.14,3.A.1,3.A.1,3.A.1,3.A.1,2.A.103
2.A.55,2.A.1,GH3,2.A.1,GH39,1.B.14,GntR,3.A.3,3.A.3
1.B.14,HisKA|PAS|HATPase_c,GH106,2.A.49,3.A.3
1.B.14,GH33,GH30_3,3.A.1
1.B.14,1.B.14,GH92
2.A.21,1.B.18,GT4,GT26
GH88,PL38,GH2,GH31,Trans_reg_C,GH13_1,Response_reg|GerE,HATPase_c,2.A.6,2.A.6,SIS,Aminotran_1_2,9.B.18,GT4,GT2,GT4,8.A.3,1.B.18,GT94,GT4
GT2,3.A.23,Trans_reg_C,GH10,Pkinase,GH78,GH3
GH13_7,3.A.1,3.A.1,Response_reg,GT4,GT4,8.A.3
1.B.17,2.A.1,CBM48|GH13_11,SIS,Sigma70_r4_2|Sigma70_r2,2.A.95
1.A.77,3.A.2,3.D.9,3.D.1,3.D.1,3.D.1,3.D.1,3.D.1,3.D.1,3.D.1,3.D.1,3.D.1,3.D.1,3.D.1,HTH_3,3.A.15,GT2
2.A.21,CE9,GH20,PL38
2.A.6,2.A.6,GT2,GH77
GT2,9.B.18,GT4,GT4,GT4,GT4,GT8,GT4,GT4,4.C.1
2.A.1,GH27|CBM51
GH51,GH43_7,GH146,GH43_10,CE1,CE1,GH51,HTH_8,9.B.160,2.A.1
GH10,9.B.97,3.A.1,3.A.1
CBM9,1.B.14,GH29
GH92,2.A.21,3.A.23,3.A.1,PadR,Trans_reg_C|PAS,1.B.16
2.A.66,GT2,HisKA|HATPase_c,Trans_reg_C|Response_reg,2.A.6,2.A.6,2.A.6,2.A.6
CE14,5.B.7
GH13_7,2.A.6,2.A.6,8.A.1,TetR_N,Peptidase_M23,2.A.36,1.B.14,9.B.34,AraC_binding,GH92,GH154,2.A.89,HisKA|PAS|HATPase_c,Response_reg,3.A.23
9.A.25,1.B.14,2.A.66,TPR_2,1.B.14,TPR_2,GH32,1.B.14,1.B.14,Rhodanese,HTH_5,Rhodanese,2.A.7,Trans_reg_C|Response_reg,HisKA|HATPase_c,2.A.6
3.A.3,3.A.3,3.A.3,2.A.3,3.A.1,GT2,CBM48|GH13_11,3.D.1,3.D.1,9.B.97,PALP,GT5
3.A.1,GT19
CBM9,1.B.14,GH29
GH92,2.A.21,3.A.23,3.A.1,PadR,Trans_reg_C|PAS,1.B.16
2.A.66,PIG-L,GT2,HisKA|HATPase_c,Trans_reg_C|Response_reg,2.A.6,2.A.6,2.A.6
CE14,5.B.7
GH13_7,2.A.6,2.A.6,8.A.1,TetR_N,Peptidase_M23,2.A.36,1.B.14,9.B.34,AraC_binding,GH92,GH154,2.A.89,HisKA|PAS|HATPase_c,Response_reg,3.A.23
9.A.25,1.B.14,2.A.66,TPR_2,TPR_2,GH32,1.B.14,1.B.14,Rhodanese,HTH_5,Rhodanese,2.A.7,Trans_reg_C|Response_reg,HisKA|HATPase_c,2.A.6,2.A.6
3.A.3,3.A.3,3.A.3,2.A.3,3.A.1,GT2,3.D.1,3.D.1,9.B.97,PALP,GT5
3.A.1,GT19,3.A.1,AsnC_trans_reg|MarR,3.A.6
3.A.9,1.A.62,GH28
2.A.21,2.A.7,HTH_IclR|Peripla_BP_3,GT2,9.B.142
1.B.18,9.B.42,8.A.3,9.B.18,GT4,GT4,3.A.23,3.A.23,GT2,9.B.34,Pyr_redox_2,GT2
1.B.14,GH109,HTH_DeoR|DeoRC,2.A.1
3.A.1,GT84,1.A.1,cNMP_binding,1.B.14,Trans_reg_C,GH36,CBM32,HATPase_c,1.B.14
2.A.1,GH95,Peripla_BP_1|LacI,1.B.14,GH95,Peripla_BP_1|LacI,HTH_18,9.B.176
GH29,1.B.14,2.A.21,CE9,GH20,GntR,1.B.14,1.B.14,9.B.34
GH2,2.A.3,GH3
GT4,3.A.1
3.A.23,HisKA|PAS|HATPase_c,3.D.2,1.A.33,GH23
1.I.1,GT2,GT2,GT2
9.B.34,8.A.5,2.A.6,2.A.6,HisKA|HATPase_c,3.A.23,1.B.11,1.A.35,GH92
2.A.21,Response_reg|Pyr_redox_2,GerE,GH18|CE4|GT2,9.B.142
GT28,2.A.103,Pyr_redox,9.B.146
1.A.16,9.B.34,GT2
GH57,GT83,GT83,GT21,MerR,2.A.53,2.A.53,1.A.33
GH63,GH43_26,Response_reg,2.A.21,2.A.7
CE0,1.B.14,2.A.39,GH20,GH30,Peripla_BP_3|LacI,2.A.1
GH1,Response_reg,1.E.40
3.A.2,3.A.2,3.A.2,GT1
GH2,CE4,2.A.3,3.A.1
1.B.14,GT2,GH23
2.A.1,GH29,9.A.55,2.A.3,GH19,CE15,GH67
GH28,Pyr_redox_2,2.A.4,GH27|CBM13|CBM35|CBM51
