2.A.36,GT2,4.F.1,GH13_19,2.A.13,2.A.28,3.A.1,3.A.1
2.A.21,CBM48|GH13_11,3.A.1,2.A.66,1.A.11,3.A.1,2.A.1
GH84,2.A.81,2.A.34,3.A.1
GH5_7|CBM27,2.A.19,Rrf2,3.A.1,GH130,GH130,Peripla_BP_3|LacI,3.A.1,3.A.1,3.A.1
2.A.66,GT4,GH166,CbiA,GT2,4.D.3
GH23,2.A.22,2.A.22,2.A.22,Peripla_BP_1|LacI,3.A.1,3.A.1,3.A.1,CheW,CheW,CbiA,1.A.30,1.A.30
2.A.103,GH103,9.B.114,GH33
2.A.80,2.A.40,TetR_N,HTH_DeoR|DeoRC,2.A.8,GT35,3.A.6
2.A.1,GT51,3.A.23,3.A.23,3.A.23
GH73,3.A.23,9.B.18
3.A.11,AAA,4.A.2,2.A.4,2.A.56,2.A.56,2.A.56,SKI,9.B.157,9.B.157,2.A.80,GH33,IclR|HTH_IclR,HTH_18|AraC_binding,2.A.56,2.A.56
3.A.5,2.A.42,TetR_N,Aminotran_1_2|GntR,3.A.2,3.A.2,3.A.2,3.A.2,3.A.2,3.A.2,3.A.2,3.A.2,HTH_3,CbiA,1.C.39,GT104,2.A.9
2.A.58,2.A.80,2.A.80,GT30,9.B.104
3.A.1,3.A.1,Peripla_BP_1,Peripla_BP_1,GH1,1.B.6,2.A.56,2.A.56,3.A.1,3.A.1
1.B.33,GT19,3.A.1,3.A.1
9.B.146,2.A.103,GT28
CE11,1.A.30,1.B.52,2.A.66,3.A.1,3.A.1,3.A.1,3.A.5
3.A.6,3.A.6,TPR_3,1.B.22,2.A.27,SBP_bac_3,CbiA,3.A.6,3.A.6,3.A.6,GH23,STAS,2.A.23,9.B.42,3.A.6,Citrate_synt,ACT,GH13_21
9.B.1,3.A.1,1.B.52,GH77,GH13_9,GH13_11,8.A.21
1.A.35,GntR,2.A.41,2.A.23,HTH_18,2.A.2,GH13_31,2.A.45,3.A.1
