3.A.1,3.A.1,3.A.1,HTH_IclR|IclR,GH108|GH73,GH18|CBM73,LacI|Peripla_BP_3,3.A.1,SBP_bac_1,9.B.34,EAL,1.B.12,HTH_18,MerR,2.A.40,2.A.36,SIS|HTH_6,SBP_bac_3,3.A.1,3.A.1
9.B.13,GerE,2.A.7,3.D.10,3.D.10,1.A.23,2.A.25,CBM50
GH13_29,4.A.1,LacI|Peripla_BP_3,3.A.3
1.B.42,1.B.42,GH24
4.B.1,3.A.1,GH23
9.B.146,2.A.103,GT28,CE11,3.A.5,NUDIX,3.A.15,3.A.15,9.B.125,GH43_26,2.A.2,2.A.3
GT51,1.B.14,3.A.1,3.A.1,3.A.1,2.A.49,GerE,1.A.62,3.A.1
1.B.33,GT19
3.A.1,3.A.1,3.A.1,2.A.1,2.A.1,HxlR,LysR_substrate|HTH_1,GH23
GH127,2.A.2,AraC_binding|HTH_18,2.A.1
3.A.1,2.A.107,1.A.43,1.B.14,3.A.1,3.A.1,3.A.1,2.A.7,LysR_substrate|HTH_1,3.A.1,3.A.1,3.A.1,3.A.1,3.A.1,GT8,2.A.3,9.A.18,2.A.1
2.A.26,2.A.3,CBM34|GH13_21
3.A.5,2.A.6,2.A.6,GerE|Response_reg,HATPase_c|HisKA|SBP_bac_3|Response_reg,GH18,AA10,GerE|Response_reg,3.A.15,GH23,3.A.15,3.A.15,1.B.22,3.A.15,1.B.10
2.A.115,LacI|Peripla_BP_3,GH2,3.A.5,EAL,3.A.1,3.A.1,3.A.1
PL2_1,1.B.35,GerE,Autoind_bind|GerE,3.A.1,3.A.1,3.A.1,3.A.1,3.A.1
CE9,4.A.1,1.B.25,GH20
1.A.14,4.D.2,9.B.15,3.A.1,3.A.1,3.A.1,3.A.1,TetR_N,1.I.1,GH1,GH1,4.A.1
1.A.23,3.A.1,3.A.1,3.A.1,2.A.7,1.B.6,Fe_dep_repress|Fe_dep_repr_C,2.A.45,8.A.1,2.A.1,1.B.17,8.A.5,GH1,4.A.3,GntR,3.A.1,GH31,2.A.1
2.A.40,9.B.35,2.A.39,GntR,CE4
AA6,2.A.7
GT2,2.A.1
GH73,2.A.1
4.A.1,1.B.14,GH3
1.B.75,GT9
2.A.2,GH3,2.A.86
5.A.3,5.A.3,CSD,CSD,GT84|GH94,2.A.6,2.A.6,Trans_reg_C|Response_reg,HATPase_c|HisKA,Sigma70_r2|Sigma70_r4_2,2.C.1,1.A.30,1.A.30,1.B.14,3.A.1,3.A.1
2.A.1,2.A.7,HTH_18,MarR,2.A.95,2.A.1,GH33
GH13_10,GH13_26,CBM48|GH13_11,2.A.16
2.A.1,LysR_substrate|HTH_1,9.B.34,BLUF|EAL,GntR,3.A.1,3.A.1,3.A.1,3.A.1,1.B.52,PL5_1,2.A.1,GT2,3.A.1,SBP_bac_5,3.A.1,3.A.1,3.A.1,2.A.1,5.A.3,5.A.3,5.A.3,2.A.7,2.A.1,TetR_N,3.A.1,3.A.1,9.B.34
2.A.46,HTH_18,2.A.7,3.A.1,CBM73|GH19
1.B.46,Pribosyltran,2.A.53,MerR,2.A.7,8.A.1,2.A.85,MarR,Rrf2,2.A.6,2.A.6,HTH_18,GH28,3.A.1
GH108|GH73,GH108|GH73,Pkinase,3.A.23,3.A.23
3.A.23,3.A.23,3.A.23,3.A.23,3.A.23,GH37,1.E.43,GH23,2.A.36,Pyr_redox,GntR,5.A.2
CBM50,3.A.1,3.A.1,3.A.1
9.B.158,GH105,2.A.2,3.A.6,3.A.6,9.B.2,CheZ,Response_reg,CheB_methylest|Response_reg,CheR_N|CheR,1.B.52,MCPsignal,CheW,H-kinase_dim|HATPase_c|CheW|CheY-binding,1.A.30,1.A.30,FlhC,FlhD,GT20,3.A.1,3.A.1,3.A.1,2.A.1,2.A.42,4.F.1,GerE|Response_reg,Autoind_bind|GerE,3.A.1,3.A.1,PALP,3.A.1
GT2,9.B.18
GT4,2.A.66,9.B.18,GT4,NUDIX,GT2,GT4,GT2,8.A.3,1.B.18,2.A.109,HTH_DeoR|DeoRC,NUDIX,9.B.22,9.B.34,AlkA_N|HhH-GPD,8.A.1,2.A.6,2.A.6,2.A.1
1.B.3,4.A.1,GH42,GH53,3.A.1,3.A.1,3.A.1,3.A.1,2.A.113,3.A.1,LytTR|Response_reg,9.B.33,MerR,3.A.1,3.A.1,3.A.1,3.A.1,GH3,9.B.29,9.B.27,LysR_substrate|HTH_1,GH1,4.A.1,1.B.25,1.E.14,2.A.122,9.B.114,3.A.1,3.A.1,3.A.1,LacI|Peripla_BP_3,9.B.169,2.A.1,2.A.3,LysR_substrate|HTH_1,2.A.98,4.A.2,PfkB,4.A.2,2.A.1
4.A.7,4.A.7,4.A.7,LacI|Peripla_BP_3,NUDIX,1.A.12,3.A.1,3.A.1,3.A.1,3.A.1,3.A.1,Pribosyltran,9.B.160,9.B.27,GH1,2.A.1,2.A.102
GT51,4.A.1,GH4
2.A.113,2.A.1,2.A.113,Aminotran_1_2,3.A.23,HATPase_c|HisKA,GH23
3.A.1,3.A.1,LysR_substrate|HTH_1,2.A.6,2.A.6,2.A.6,8.A.1,CBM73,CBM73,FlhD,FlhC,GerE,3.A.6,3.A.6,3.A.6,3.A.6,3.A.6,3.A.6,3.A.6,CheR_N|CheR,CheB_methylest|Response_reg,Response_reg,CheZ,3.A.6,1.A.104,2.A.24,9.B.34,CheW,H-kinase_dim|HATPase_c|CheW|CheY-binding,1.A.30,1.A.30,FlhC,FlhD,Sigma70_r2|Sigma70_r4|Sigma70_r3,1.B.52,GH73
5.A.1,Sigma70_r2|Sigma70_r4,3.A.1,SBP_bac_1,3.A.1,3.A.1,3.A.1,PfkB,1.B.3,4.A.1,GH32
3.A.1,3.A.1,3.A.1,AraC_binding,Glucokinase,4.A.2,4.A.2,4.A.2,Mga|HTH_11,GH103,4.A.4,4.A.4,4.A.4,HTH_DeoR|DeoRC,SIS|CBS,3.A.23,Pyr_redox_2,3.D.1,5.A.3,LacI|Peripla_BP_3,4.A.1,GH1,HTH_5,4.A.1
3.A.23,TOBE,LysR_substrate|HTH_1,3.A.1,3.A.1,3.A.1,3.A.1,3.A.1,3.D.1,NIR_SIR|Pyr_redox_2|NIR_SIR_ferr,3.A.1,3.A.1,3.A.1,NIT|ANTAR,TetR_N,1.B.1,4.A.3,4.A.3,AraC_binding|HTH_18,GH4,CE0,2.A.6,2.A.6,2.A.6,TetR_N,TetR_N,SIS,1.B.54,HTH_18,1.B.19
2.A.1,Trans_reg_C,GT2
GH102,3.A.7
4.A.2,NUDIX,2.A.109,8.A.5,2.A.1,4.C.1,LacI|Peripla_BP_3,GntR,GH1,4.A.3,3.A.1,LysR_substrate|HTH_1,AraC_binding,3.A.1,3.A.1,3.A.1,3.A.1,PL22|PL22,2.A.1,PL22|PL22,1.B.35,3.A.1,3.A.1,3.A.1,CBS|PALP,Aminotran_1_2,9.B.34,GGDEF|EAL|PAS,GT2,4.D.3,1.B.55,9.B.34,GH8
3.A.1,3.A.1,1.B.11,3.A.1,3.A.1,CBM50,LysR_substrate|HTH_1,9.B.120
1.C.113,SIS|HTH_6,GH1,LysR_substrate|HTH_1,2.A.1
GH23,2.A.1
3.A.7,GH23,GH23,3.A.15
CE8,3.A.1,3.A.1,3.A.1
GH88,2.A.1,GH154
GT17,9.A.33
3.A.1,3.A.1,3.A.1,3.A.1,3.A.1,2.A.19,SIS|CBS,1.B.42,1.B.42,1.B.42,4.A.2,8.A.8,GT51
1.B.22,GT51
2.A.21,Trans_reg_C|Response_reg,9.A.8,9.A.8,9.A.8,Pribosyltran,2.A.8,GH77,GT35,GerE,HTH_DeoR|DeoRC,9.B.104,Rhodanese,GT35,GT5,CBM48|GH13_11,CBM48|GH13_9,2.A.95,2.A.8
GT2,2.A.6
2.A.7,2.A.7,GT83,GT2,Aminotran_1_2,LysR_substrate|HTH_1,3.A.1,3.A.1,3.A.1,3.A.1,3.A.1
GH108|GH73,Pyr_redox_2,2.A.20,9.B.4
GH37,LysR_substrate|HTH_1,9.B.126,2.A.1,9.B.121,EAL,PfkB,2.A.23,GGDEF|EAL,1.B.55,GH8,4.D.3,GT2,CbiA,GH8,1.B.55,4.D.3,GT2,CbiA,3.A.1,3.A.1,3.A.1,3.A.1,3.A.1,2.A.1,5.A.3,LacI|Peripla_BP_1,PfkB,2.A.1,HTH_3,Response_reg,CheC,9.B.34,9.B.97,HTH_18,3.A.1,3.A.1,3.A.1,Peripla_BP_3|HTH_18,GH73,GH13_19,Aminotran_1_2,3.D.1,4.A.2,2.A.14
1.A.34,GT4,GT2,Aminotran_1_2,GT9,GT9,GT9,GT2,GT9,GT4,GT4,GT2,GT30,GT2
2.A.40,GH31,2.A.2
4.A.3,4.A.3,GH1,4.A.3,2.A.7,2.A.1,ACT,2.A.7,2.A.1,GH5_25,PALP,9.B.51,GH4,4.A.1,GntR,2.A.81,2.A.1
2.A.9,2.A.40,3.A.1,3.A.1,3.A.1,3.A.1,SIS,PL9,3.A.2,3.A.2,3.A.2,3.A.2,3.A.2,3.A.2,3.A.2,3.A.2,1.A.77
1.I.1,3.A.6,9.B.146,GT0,Aminotran_1_2,2.A.66,GT56,9.B.128,GT26,2.A.3,TPR_2,HEM4,9.B.21
