2.A.4,GH63
9.B.34,2.A.66,GT5,GT2,GT2,GT4,9.B.146,9.B.18
3.A.3,PL0,1.A.8,GT2
3.D.6,3.D.6,3.D.6,3.D.6,3.D.6,3.D.6,2.A.53,3.A.5,GT35
2.A.16,3.A.1,cNMP_binding,GT4,PfkB,GH13_4,3.A.1,3.A.1,1.A.12,3.E.2,3.E.2,Aminotran_1_2,EPSP_synthase,STAS,3.A.1,3.A.1,3.A.1,2.A.19,CBS|SIS,1.B.42,1.B.42
2.A.53,GT4
GH103,2.A.103,9.B.157,9.B.157,9.B.157
GT2,GT4,3.A.1
GT4,2.A.66,GT4,GT4,GT51,1.B.22
2.A.36,9.B.34,NUDIX,GT35
2.A.21,2.A.21,3.A.15,Response_reg,2.A.21,9.B.34,CheB_methylest|Response_reg,CheD,CheR|CheR_N,1.B.52,Response_reg,STAS,H-kinase_dim|CheW|HATPase_c,CheW,1.B.52,GT4,3.A.15,3.A.11,3.A.15
GH23,3.A.23
GT2,GT4,GT4,9.B.34,3.D.10,3.D.10,5.B.3,3.A.1,3.A.1
1.B.52,CheB_methylest|Response_reg,CheD,CheR|CheR_N,STAS,CheW,1.B.52,CheW,H-kinase_dim|CheW|HATPase_c,Response_reg,9.B.34,4.C.1,Aminotran_1_2,2.A.123,GH13_18,2.A.102,GT19
GH57,GH57,HisKA|HATPase_c|Response_reg,SBP_bac_3,SBP_bac_3,8.A.59,3.D.2,3.D.2
GT0,3.A.16
3.A.1,GH23
GH73,3.A.23,GH73,3.A.23,3.A.23,3.A.23,3.A.23,1.A.30,3.A.23,FHA,1.B.81
2.A.56,GH13_10
GH23,2.A.56,2.A.56
GT0,2.A.1,TetR_N,HTH_1|LysR_substrate,NUDIX,2.A.47
9.B.14,9.B.14,3.A.1,3.A.1,GT84|GH94
1.B.6,GT35,9.B.34,CheR|CheB_methylest|CheR_N,9.B.153
1.I.1,9.B.34,GH23,3.A.1,3.A.1,3.A.1
2.A.86,GH13_11,2.A.5,2.A.106,EAL,GT81,9.B.34
9.B.10,9.B.10,3.D.8,2.A.5,9.B.10,9.B.10,1.B.14,1.B.33,9.B.22,GH23,9.B.153,GH103,1.A.79
3.A.7,3.A.11,CBM50,2.A.21,3.A.23
GT27,1.A.1
2.A.36,SBP_bac_3,CBM48|GH13_9,GH13_3,GT5,GH57,GH77,GH57,CBM48|GH13_9,GT5,1.B.42
9.B.34,GGDEF|EAL|Response_reg,Response_reg,PAS|HisKA|HATPase_c,1.B.33,TPR_2,2.A.6,2.A.6,3.A.5,2.A.37,GH57
9.B.34,PAS|HisKA|HATPase_c|Response_reg,9.B.34,CE11
GT28,2.A.103,9.B.146
GH23,GGDEF|EAL,3.A.1,3.A.1,3.A.1,GerE,GT41,GT4,GT2
1.A.30,GT35,1.A.26,B12-binding_2|B12-binding|MerR,Sigma70_r4|Sigma70_r2,3.A.16,3.A.1,3.A.1,PfkB,SBP_bac_5,3.A.1,3.A.1
