2.A.6,LacI|Peripla_BP_1,1.B.21,3.A.1,GH65,3.A.1,3.A.1,3.A.1,GH13_18,1.B.12,Trans_reg_C,Trans_reg_C,1.B.40
2.A.73,3.A.23,2.A.21,3.A.1,3.A.1,3.A.1,3.A.1,3.A.1,3.A.5,1.C.82,Aminotran_1_2,GT2,GT83,2.A.7,3.A.25
2.A.7,GH13_5,3.A.16,3.A.5,9.B.10,2.A.114
GH31,GntR,2.A.56,2.A.56,2.A.56,1.A.26,DeoRC|HTH_DeoR,4.A.7,4.A.7,4.A.7
2.A.117,2.A.109,3.A.23,2.A.21,9.B.65,1.A.34,GT51
3.A.1,3.A.1,2.A.95,2.A.111,GH23
3.A.7,GH102
1.B.33,GT19,2.A.14
GH23,HisKA|HATPase_c,3.A.23,Aminotran_1_2,Rhodanese,2.A.113
9.A.41,GT51
GT51,3.A.1,3.A.1,3.A.1
5.A.3,Fer4,Fer4,5.B.5,3.A.1,3.A.1,3.A.1,3.A.1,PALP,3.A.1,3.A.1,Trans_reg_C|Response_reg,HisKA|HATPase_c,4.A.3,8.A.7,8.A.8,PALP,2.A.66,GT2,GT4,GT2
2.A.66,GT2,2.A.121
1.B.33,3.A.9,3.A.23,GH23
9.B.97,1.B.12,GH3,Pyr_redox_2,3.A.1,3.A.1,3.A.1,Glucokinase,3.A.1,3.A.1,3.A.1,3.A.1,3.A.1,3.A.1,3.A.1,3.A.1,3.A.1,2.A.61,3.A.7
5.A.2,GH103,CbiA,4.C.1
CBM50,3.A.1,3.A.1,3.A.1,2.A.81,3.A.1
1.B.11,9.B.29,CBM48|GH13_9,CBM48|GH13_11,GT5,GT35,GyrI-like,2.A.21,IclR|HTH_IclR,2.A.1,3.A.1,1.I.1,1.A.14
2.C.1,2.C.1,2.C.1,2.C.1,1.A.30,1.A.30,8.A.79,3.D.4,3.D.4,GT9
4.A.1,CE9
9.B.62,CSD,GH19|CBM73,GH31,2.A.2,5.A.3,5.A.3,HTH_IclR,3.A.1,3.A.1,2.A.1,8.A.21,MerR,3.A.1
3.A.9,1.B.12,GerE,GT35,GH77,1.B.3,3.A.1,3.A.1,3.A.1,3.A.1,CsrA,GH103,GT41,Peripla_BP_2,1.B.14
GH24,1.E.5,HTH_3,MarR,8.A.1,2.A.1,2.A.1,Diacid_rec,HD,3.A.1,1.A.62,5.A.3,5.A.3,Fer4,2.A.7,S1FA,GH20,1.B.25,Pyr_redox_2,GntR,2.A.3,3.A.15,3.A.15,3.A.1,3.A.1,3.A.1,3.A.1,3.A.15,NUDIX,3.A.5,CE11,GT28,2.A.103,9.B.146
GH23,3.A.1
1.B.12,1.B.12,1.B.12,Rrf2,3.A.7,4.A.2,GH73,2.A.1
GH23,CBM73,GH18,3.A.15,3.A.15,3.A.15,3.A.15,3.A.15,3.A.15,1.B.22,9.B.42,GT51
1.B.22,GT51
9.B.33,AA10|CBM73,Pyr_redox_2,2.A.20
9.B.126,PfkB,2.A.23,GGDEF|EAL,1.B.55,GH8,4.D.3,GT2
1.A.34,GT2,GT9,GT9,GT4,GT4,9.B.67,GT4,GT4,GT30,GT2
2.A.23,GT26,9.B.128,GT56,2.A.66,Aminotran_1_2,GT0,9.B.146,3.A.6,1.I.1,9.B.124
3.A.1,3.A.1,3.A.1,1.B.14,3.A.1,3.A.1,3.A.1,3.A.1,3.A.1,3.A.1,3.A.1,GH1,4.A.1,LacI|Peripla_BP_3,SIS,HTH_1|LysR_substrate,3.A.1,3.A.1,3.A.1,3.A.2,3.A.2,3.A.2,3.A.2,3.A.2,3.A.2,3.A.2,3.A.2,1.A.77
2.A.6,GT2
