3.A.1,3.A.1,2.A.58,2.A.109,2.A.11,HTH_1|LysR_substrate,3.A.1,2.A.53,3.A.11,CBM50,2.A.38
3.A.5,3.A.1,3.A.1,Sigma70_r2|Sigma70_r4,GT51
1.I.1,SBP_bac_3,1.A.16,2.A.1,2.A.7,GH102
PL7_1,9.B.34,SBP_bac_3,2.A.85,Pyr_redox_2,3.A.18,2.A.1,AA3_2,TetR_N,2.A.15,3.A.1,3.A.1,3.A.1
2.A.103,GH103,GH0,GH103
9.B.146,2.A.103,GT28,CE11,9.B.34,Response_reg|Trans_reg_C,2.A.6,HTH_1|LysR_substrate,1.B.17,2.A.85,8.A.48,8.A.1,1.C.107
2.A.50,PL5_1,1.B.13,GT2
GT4,dCache_1|MCPsignal,3.A.5,2.A.21,1.A.23,1.B.25
2.A.3,2.A.1,Aminotran_1_2,3.A.23,GH73
GH17,3.A.1,9.B.136,2.A.21,Citrate_synt,3.D.10,3.D.10,Pyr_redox_2,2.A.26
1.B.10,1.B.10,2.A.40,9.B.43,CE4,9.B.35,2.A.40
3.A.3,Fer4,1.C.12,3.D.4,3.D.4,3.D.4,3.D.4,3.D.4,3.D.4,1.B.52,1.B.14,1.B.18,GT4,9.B.18,8.A.3
3.A.1,GH23,3.A.1,3.A.7,LexA_DNA_bind,TetR_N,GH3
2.A.39,GerE,2.A.39,3.A.23,HTH_1|LysR_substrate,2.A.39,AA3_2
8.A.5,2.A.1,HTH_1|LysR_substrate,1.B.3,HTH_1|LysR_substrate,AA3_2
GT2,GT2,GT4,9.B.18,9.B.97
3.A.1,9.B.34,GT1,GntR,3.A.1,3.A.1,3.A.1,3.A.1,GT1
1.A.46,3.D.1,3.D.4,GT2,2.A.123,GT83,3.A.1,3.A.1,SBP_bac_1,3.A.1,GerE|Autoind_bind,HTH_1|LysR_substrate,2.A.1,AraC_binding|HTH_18,HTH_1|LysR_substrate,2.A.1,2.A.24
3.A.7,2.A.1,AA3_2,HTH_1|LysR_substrate,2.A.37
3.A.1,3.A.1,3.A.1,3.A.1,GH23
GH0,GntR,2.A.1
3.A.1,TPR_1,1.A.13,CBM5|CBM73
3.A.1,3.A.1,3.A.1,3.A.1,2.A.1,2.A.6,2.A.6,2.A.6,2.A.21,Response_reg,Response_reg|HisKA|HATPase_c,CheB_methylest,CheR_N|CheR,2.A.21,Response_reg,GT0|GT2|GT4,HTH_18,3.A.1,3.A.1,3.A.1,3.A.1
GH23,9.B.164,2.A.98,3.B.1,4.C.1,GntR,3.B.1,4.C.1,3.B.1,8.A.59,2.A.21,4.C.1
CE4,HTH_5,Pyr_redox_2,3.A.1,3.A.1,3.A.1,2.A.6,1.B.17,TetR_N,HTH_1|LysR_substrate,2.A.1,HATPase_c|HisKA|PAS,2.A.3
GH23,3.A.11,HTH_1|LysR_substrate,1.A.23
9.B.153,9.B.10,GT2
AA3_2,2.A.95
4.C.1,4.C.1,4.C.1,2.A.1,GH15
3.A.1,3.A.23,9.B.97,GT4,GT4,3.A.1,3.A.1,GT4,GT4,GT4,2.A.7
2.A.102,HTH_1|LysR_substrate,MarR,GT104
3.A.1,3.A.1,GH23
2.A.7,Ogr_Delta,1.E.43,GerE,GH3
2.A.33,9.B.186,GH50,1.B.6,1.B.6
1.E.20,HTH_3,Fer4,Sigma70_r3|Sigma70_r2|Sigma70_r4,CBM50
GT19,1.B.33
2.A.36,Aminotran_1_2,GT2
GT2,2.A.3,GT0
CE9,SIS,4.A.1,4.A.1,GH23
2.A.121,GH20,GT4
CBM50,Fer4,1.A.62,1.A.30,1.A.30
2.A.39,2.A.6,GT30,HTH_1|LysR_substrate,2.A.7,PfkB,3.A.1,GT2,GT4,PIG-L,GT4
GT4,GT9,GT9,9.B.34,2.A.21
GT2,2.A.6
1.B.22,3.A.11,GT51,3.A.11
2.A.64,1.B.52,GT2,3.A.1,2.A.3,3.A.1,3.A.1,3.A.1,1.B.52
