3.A.1,3.A.1,MarR,3.A.1,3.A.1,GT51,Peptidase_M23,3.A.14,3.A.14,3.A.14
3.A.7,9.B.102,9.B.102,CBM66|GH32|CBM66
GT51,1.A.1
4.A.1,4.A.3,GH1,4.A.3,GntR,CBM13|CBM13|GH5_8,SBP_bac_1,3.A.1,3.A.1,GH36,GntR,CE7,ACT|HD,HTH_8,3.A.1
4.A.5,GH1,4.A.3,4.A.3,GH53|CBM61,HTH_18|AraC_binding,GH36,3.A.1,3.A.1,3.A.1,GH13_18,GH13_31
GH73,HTH_11,1.A.33,PfkB,3.A.1,1.A.23
3.A.1,3.A.1,1.B.42,Aminotran_1_2,3.A.1,3.A.1,3.A.1,3.A.1,3.A.1,GH5_4|CBM65
4.A.6,4.A.6,4.A.6,2.A.40,3.A.1,3.A.1,dCache_1|GGDEF,GT2
2.A.58,CE9,Mga|HTH_11,4.A.2,4.A.2,4.A.2,3.A.1,4.A.1,HTH_6|SIS,GH1,9.B.146,3.A.18,3.A.1,3.A.1,3.A.1,Pyr_redox_2,GT51
3.A.1,GH73
8.A.7,1.I.1,LacI,CBM34|GH13_20,3.A.1,3.A.1,3.A.1,GH13_2|CBM20
9.B.126,2.A.88,CBM41|GH13_14,CBM48|GH13_9,GT5,GT35,3.A.2,3.A.2,3.A.2,3.A.2
8.A.3,8.A.3,9.B.18,GT4,GT2,4.A.2,4.A.2,4.A.2,GH38
4.A.2,HTH_11,4.A.2,3.A.1,3.A.1,SBP_bac_3,2.A.4,2.A.25,GH1,GT8
GH1,3.A.1,HTH_11,1.A.78,Pribosyltran,2.A.40
GH23,3.A.1,3.A.1,GH13_5,4.A.3,4.A.3,GH1
GT1,HTH_3,GH70,HTH_3,GH70,2.A.66
GT2,2.A.87
2.A.88,HTH_3,2.A.1,GntR,2.A.25,Rrf2,GH25,TetR_N,2.A.1,GH1
4.A.3,4.A.3,Mga|HTH_11,2.A.123,GH1,HTH_18|AraC_binding,4.A.1,2.A.49,3.A.1,3.A.1,3.A.1,3.A.1
3.A.1,3.A.1,3.A.1,3.A.1,ACT,CE4,TetR_N,3.A.9,HhH-GPD,2.A.3
3.A.1,3.A.1,3.A.1,GH73,8.A.5,8.A.5,4.A.2
GH25,GT2,3.A.7
GT0,GT2,3.A.1,GT2,GT4,Sigma70_r3|Sigma70_r4|Sigma70_r2,1.A.22,3.A.1,Aminotran_1_2,3.A.1,3.A.1,GT35,GH77,Peripla_BP_3|LacI,3.A.1,3.A.1,3.A.1,NUDIX,3.A.1,3.A.1,3.A.1,3.A.1,3.A.1,MarR,2.A.115,2.A.53
2.A.103,GH25,1.C.105
CBM13|PL9,PL9,GT4,GT4,Peripla_BP_3|LacI,2.A.7,NUDIX,4.A.1
GH3,GH3,2.A.2,4.A.1,4.A.1
9.B.120,MarR,Nitroreductase,GH1,4.A.1,HTH_6|SIS,2.A.1,GH13_28|CBM26|CBM26
3.A.5,4.A.1,GH32
GH13_29,4.A.1
