3.A.1,3.A.1,GH33
3.A.1,3.A.1,1.I.1,TPR_2,GT32
2.A.86,2.A.6,GAF,2.A.6,TetR_N,3.A.11,GT25,GT9
2.A.1,Response_reg|GerE,HATPase_c|MASE1,2.A.1,3.D.5,3.D.5,3.D.5,3.D.5,3.D.5,3.D.5,3.D.5,3.A.1,3.A.1,GH23,HhH-GPD,1.A.35,9.A.4
3.A.1,3.A.1,3.A.1,GT2,GT30,GT9,3.A.1,2.A.61,GT9,2.A.115,2.A.41
2.A.75,9.B.126,CBM50
1.A.22,2.A.38,GT2
4.B.1,3.A.18,GT9,GT9,4.A.1,Peripla_BP_1|LacI|Peripla_BP_3,GH32,PfkB,2.A.14
1.B.33,GT19,2.A.47,4.F.1,2.A.86
2.A.95,GH23,2.A.34,GntR,3.A.1,3.A.1
2.A.4,GH3,1.A.16
CE11,ACT,LacI|Peripla_BP_3,PfkB,3.A.1,3.A.1,3.A.1
9.A.41,GT51,Trp_repressor,GH23,1.B.39,2.A.23,1.B.14,2.A.21,GT6
3.A.1,2.A.108,2.A.108,GT51
GT52,GT25,GT2,GT2,GH103,2.A.40,3.A.7,1.A.12,SIS|CBS,9.B.158,1.B.17,2.A.25
5.B.7,GH77,CBM48|GH13_9,GH13_11,GT5,GT35
9.A.41,GT0,GT2
GT107|GT107,1.B.18,8.A.4,3.A.1,3.A.1,1.B.6
3.A.7,3.A.7,9.A.47,9.A.47,3.A.7,3.A.7,3.A.7,9.A.47,9.A.47,9.A.47,3.A.7,4.F.1,3.A.1,3.A.11,9.B.114,Peripla_BP_1|LacI,ACT,2.A.35,ACT,CE9,4.A.1,3.A.1,HD,2.A.122,1.E.14
8.A.21,3.A.1,2.A.23,Pyr_redox_2,4.A.1,8.A.7,8.A.8,CBM50,HATPase_c,3.A.23,3.A.1,3.A.1,3.A.1,3.A.1,3.A.1
4.C.1,3.A.1,GH102,2.A.61,1.A.62,5.B.3
