4.A.1,GT83,2.A.1,8.A.1,2.A.6,2.A.66,3.A.15
GT30,Sigma70_r4,3.A.5
8.A.7,HTH_11|CBS,4.A.2,GH13_11,9.B.8,9.B.8
9.B.18,GT2
GH24,1.E.26,1.E.19,Pkinase,9.B.156,9.B.156,2.A.79,2.A.118,PALP,2.A.23,2.A.25,2.A.49,LysR_substrate|HTH_1,2.A.51,LysR_substrate|HTH_1,2.A.68,HTH_11,MarR,2.A.66,2.A.38,2.A.38,1.C.39,1.B.33
1.A.26,2.A.78,2.A.78,3.A.18,B12-binding,3.A.16,3.A.1,3.A.1,3.A.1,3.A.1,3.A.1,9.B.156,9.B.156,3.A.1,GT104,3.A.3
GH24,1.E.26,1.E.19
GT51,GAF,9.B.143
2.A.66,Fer4,2.A.78,2.A.78,GGDEF,CE4
2.A.6,8.A.1,GH73,2.A.66
2.A.2,GH88,3.A.1,TPR_2|TPR_1,2.A.115,1.A.23
GT83,2.A.123,GT2,Trans_reg_C|Response_reg,HisKA|HATPase_c,GT32,GT2,GT4,GT4,GT2,9.B.18
GT2,9.B.18,9.B.18,PfkB,2.A.56,2.A.56,GntR,HTH_IclR|IclR,2.A.80,3.A.11
GT2,GT2,9.B.18,3.A.1,3.A.1,GT51,2.A.16
3.A.3,CE9
3.A.1,3.A.1,AAA,HTH_18|Response_reg,8.A.59,3.A.1,3.A.1,3.A.1,3.A.1,GT19,CE11
5.A.1,Nitroreductase,3.D.10,TrmB,GH77,GT35,CBM48|GH13_9,GT5,Aminotran_1_2,2.A.66,GT4,9.B.18,9.B.18,9.B.18
GT9,GT2,GT4,GT9,GT9,2.A.27,GT9,2.A.35,9.A.8,FeoA,FeoA,3.A.1,3.A.1,3.A.1,3.A.1
GT2,GT2,9.B.18
4.A.1,GH4,3.A.1,3.A.1,3.A.1,3.A.1,Fer4,2.A.66,SIS|HTH_6,3.D.1,3.D.1,3.D.1,MarR|cNMP_binding,2.A.66,2.A.114,2.A.118,Pyr_redox_2,Aminotran_1_2,2.A.68,3.A.1
4.A.7,4.A.7,HTH_11|Mga,2.A.35,Trans_reg_C|Response_reg,9.B.33,3.A.23,2.A.10,GGDEF|EAL|dCache_1,CE7,2.A.56,2.A.56
GT9,GT9,GT9,GT2,FUR,9.B.186
3.A.1,3.A.1,3.A.1,HTH_18|HhH-GPD|AlkA_N|Ada_Zn_binding,Rrf2,GT9
9.B.141,9.B.146,GT28
GH1,4.A.1,HTH_6,9.B.118
