GT28,2.A.103,9.B.146
3.A.9,GT9,GT2
5.A.3,GT51
GT2,3.A.16,3.A.1,3.A.6
2.A.53,2.A.53,GT4,GT4,GT2,GT4,GT2,GT2,GT2,GT32,GT2,9.B.97,GT2,3.A.1,3.A.1
3.A.1,9.B.153,GT1,1.E.43
PL10_1,PL1,GH95,AraC_binding,CE12,CE8,GH28,GH43_10,GH105,PL1_2,CE8,1.B.14,PfkB,2.A.1
2.A.36,2.A.1,GH13_5
2.A.17,2.A.17,2.A.17,GT35
GT5,SIS,9.A.25,9.A.25,9.A.25,2.A.6,2.A.6,2.A.6
2.A.21,GH13
GT4,9.B.144
2.A.1,GT2,3.A.18,2.A.20
GH43_1,2.A.55,1.B.9,GT2,Aminotran_1_2,HTH_5|AsnC_trans_reg,1.A.46
2.A.7,3.A.1,GH20,GH2,HTH_11,3.A.1,1.B.42,3.A.11
GH3,3.A.1,3.A.1,3.A.1,3.A.7,MerR,HTH_18|AraC_binding,Fer4,3.A.18,1.E.40
2.A.6,2.A.6,Crp|cNMP_binding,GH28,GH2,CE12,GH106,PL11_1,CE12,GH105,2.A.7,1.B.14
1.B.14,8.A.46,GH97,2.A.28,GH13,2.A.2
1.A.77,HTH_5,GH13,GT32,1.A.33,HisKA|HATPase_c,2.A.21,CE1,cNMP_binding,9.B.153
1.B.14,GH30_3,GH3,GH16_3,GH30_1
2.A.1,HxlR,2.A.1,2.A.7,GH24
8.A.1,GT2
GT4,2.A.16,CBS|SIS,2.A.64
GH3,GH144,8.A.46,1.B.14
GT51,3.A.1
GH24,3.A.16
GH5_46|CBM6,2.A.37,GH23,3.A.9
3.A.1,GH92,2.A.23,1.C.105
9.B.18,GT4,GH39,GT4,GT4,8.A.3,9.B.171,9.B.18,Aminotran_1_2,9.B.18,9.B.18,GT4
3.D.10,3.D.10,3.D.10,3.A.11,GT19
3.A.1,CE14
8.A.3,9.B.146,GT2,GH117
