GH23,HTH_18,9.B.34
GH19,1.B.14,1.A.1
AA2,HTH_1|LysR_substrate,AA2,2.A.6,2.A.6,2.A.6,Penicillinase_R,Peptidase_M23,2.A.17
GT4,9.B.18,STAS,CbiA,Response_reg|SpoIIE,3.A.23,GT4,Response_reg|HisKA|HATPase_c,2.A.21,HNOB,Response_reg|HD,2.A.6,2.A.69
9.B.34,HTH_1|LysR_substrate,1.A.35,1.A.23,HTH_1|LysR_substrate,9.B.34,GH77,CBM48|GH13_9,CBM48|GH13_11,GT35,GT5
1.B.14,PfkB,2.A.1,GH92,GH92
GT2,2.A.6
1.B.71,AA3_2,TetR_N,1.B.14,9.B.20,CBS,GH23,2.A.76
1.B.14,Trans_reg_C,1.B.14,2.A.79,SBP_bac_3,MCPsignal|dCache_1,GT0|GT2|GT4
4.C.1,CbiA,GH103,1.A.30,TPR_2,1.B.14,1.A.1
9.B.44,1.B.9,9.B.34,1.B.14,9.B.34,Response_reg|Trans_reg_C,HATPase_c,2.A.21,1.I.1,HTH_3,1.B.14,CBS,GH20,PfkB,2.A.21,HTH_6|SIS,1.B.14
1.A.30,1.A.30,Glyoxalase,Glyoxalase,2.A.35,PALP,2.A.6,1.A.1,2.A.35,HTH_18|AraC_binding,2.A.1,GH20,GerE,9.B.34,1.B.14,GH3,3.A.1,3.A.1,3.A.1
3.A.23,TetR_N,2.A.6,Trans_reg_C,1.B.14,1.A.30,1.A.30,FecR,Sigma70_r2|Sigma70_r4_2,CBM5,1.E.43
GH23,2.A.38,2.A.38,CBM50,1.B.52
9.B.146,2.A.103,GT28,CE11,1.A.23,1.B.75,Nitroreductase,3.A.15,3.A.15
9.B.18,GT4,GT2,9.B.97,GT0,TPR_1,GT4,Pyr_redox,GT0
GT4,GT4,GT2,1.B.14,4.B.1
GT30,1.B.73,GT9,SIS,PfkB,GT9,Aminotran_1_2,Rhodanese,9.B.104,HTH_1|LysR_substrate,8.A.59,3.A.5,3.A.1,3.A.1
9.B.34,GH63,HTH_18|Ada_Zn_binding,3.A.18
1.B.33,3.A.9,GH23,9.A.40,9.B.14,3.A.5
2.A.1,3.D.1,1.A.34,Glyoxalase,2.A.17,3.A.1,1.B.55,GH8,4.D.3,GT2,CbiA,3.A.23,1.B.14
3.A.16,3.A.5,Response_reg|HisKA|HATPase_c,Response_reg,2.A.118,GH23
2.A.40,GH13_23,1.B.14,GH13_38,2.A.2,GH15
2.A.47,GH3
GH73,HD,8.A.59,cNMP_binding,1.B.1
3.A.1,Aminotran_1_2,NUDIX,CE9
2.A.16,Reg_prop|Y_Y_Y|HisKA|Response_reg|HATPase_c,GH18|CBM5|CBM5,AA10|CBM5|CBM5,GH18,GH13_18,GT81
2.A.37,9.B.34,GT19,1.B.33
CBM50,3.B.1,3.B.1
3.D.5,3.D.5,3.D.5,3.D.5,3.D.5,3.D.5,3.D.5,2.A.56,2.A.56,2.A.56,2.A.1,HTH_3,2.A.6,2.A.6,2.A.49,Aminotran_1_2,1.B.52,GT51,8.A.5,2.A.1,HTH_5,Response_reg,1.A.11,8.A.59,Response_reg|LytTR,9.B.34
1.B.14,CBS|cNMP_binding,2.A.21,2.A.21,ACT,GH109,9.A.41
2.A.7,9.A.8,FeoA,GH23
1.B.22,3.A.11,GT51,MetJ,3.A.11,AAA,1.B.52,GT1
2.A.1,GH20,NUDIX,3.A.5
1.B.14,8.A.21,2.A.6,HTH_5,Rhodanese,1.B.6,SBP_bac_3,9.B.33,1.A.23,GT2,GH97
