GH3,SBP_bac_1,3.A.1,3.A.1,GH42,GH31,3.A.1,3.A.1,3.A.1,3.A.1
GH3,GH51,Peripla_BP_3|LacI,3.A.1,3.A.1,GH3,GH43_12
GH15,NUDIX,3.D.2,3.D.2,3.A.1,3.A.1,3.A.1,3.A.1
GH51,SBP_bac_1,3.A.1,3.A.1,GH51
8.A.8,GH13_30,Peripla_BP_3|LacI,3.A.1,3.A.1,3.A.1,HTH_IclR,5.A.3,5.A.3,5.A.3,2.A.1,2.A.1
9.B.14,GH13_30
GH29,3.A.1,3.A.1,GH110,GH20,GH29,Peripla_BP_3,2.A.4
GH13_30,SBP_bac_1,1.E.40
3.A.5,GH3,3.A.1,3.A.1,Peripla_BP_3|LacI,GH94
3.A.1,3.A.1,3.A.1,GH2,9.B.106,3.A.3,5.A.1,2.A.7
GH29,3.A.1,3.A.1,SBP_bac_1,2.A.88,3.A.1
3.A.7,GerE|Response_reg,2.A.7,3.A.1,GH13_31,2.A.2,3.A.16
5.A.1,8.A.5,GH65,9.B.28,3.A.1,3.A.1,3.A.1
GT28,2.A.103,9.B.146
GH106,Peripla_BP_3|LacI,SBP_bac_1,3.A.1,CBM67|GH78,GH65
3.A.1,3.A.1,GH1
GH123,3.A.1,3.A.1,3.A.1,3.A.1,ACT,2.A.21,GH4,SBP_bac_1,3.A.1,3.A.1
3.A.1,3.A.1,3.A.1,1.I.1,GT4
3.A.1,2.A.64,Sigma70_r4_2|Sigma70_r2,GT5
GH1,GH95,Peripla_BP_3|LacI,GH2,3.A.1,3.A.1,GH29,2.A.4,2.A.66
1.C.113,PIG-L,9.B.104,CE14
2.A.111,9.B.124,Pyr_redox_2,GH43_12,GH3,GH1,3.A.1,3.A.1,3.A.1,TetR_N,3.A.3,2.A.21,cNMP_binding|Crp,HMA,3.A.3
1.A.22,3.A.1,3.A.1,SBP_bac_1,CBM67|GH78
CE9,3.B.1,2.A.40,3.A.1,3.A.1,3.A.1
CE4,2.A.86,3.B.1,3.B.1
3.A.1,MarR,3.A.1,3.A.1,3.A.1,GH35
9.B.20,GT35
3.A.1,3.A.1,3.A.1,GH3
3.A.1,3.A.1,Peripla_BP_3|LacI,MarR,3.A.1,3.A.1,3.A.1,3.A.1,GH38
GT0,2.A.66
4.A.2,3.A.1,3.A.1,3.A.10,GT87,1.A.23,HD,9.B.106,MarR,PfkB,2.A.66
9.B.20,GH125,GH20,PfkB,GH38,GH4,DeoRC|HTH_DeoR,3.A.1,3.A.1,3.A.1,Peripla_BP_3|LacI,GH31,3.A.1,3.A.1
2.A.2,TetR_N,Peripla_BP_3|LacI|Peripla_BP_1,GH3,GH10,SBP_bac_1,3.A.1,3.A.1,GH3
GH115,GH3,2.A.1
GT4,3.A.4
1.I.1,3.A.1,3.A.1,3.A.1,3.A.1,3.A.1,GH3
2.A.1,Pribosyltran,9.A.40,9.A.40,4.C.1,2.A.1,Peripla_BP_3|LacI,Peripla_BP_3|LacI,GH127,GH31,2.A.119,HTH_5,HTH_5,3.A.1,SBP_bac_1,3.A.1,3.A.1,CBM67|GH78
GH2,3.A.1,3.A.1,SBP_bac_1,Peripla_BP_3|LacI,2.A.39
GH2,2.A.7,9.B.106,2.A.103
CE12,SBP_bac_1,3.A.1,3.A.1,8.A.21
GT4|CE14,SKI,GH2,SBP_bac_1,3.A.1,3.A.1,Peripla_BP_3|LacI,CE7
5.A.1,9.B.14,GH3
