9.B.14,9.B.14,Sigma70_r4_2|Sigma70_r2,5.B.9,2.A.66,GT2,GT4,GT4,B12-binding,3.A.1,2.A.1,9.A.40,2.A.20
CBM50,3.A.16,1.B.14
1.B.14,1.B.14,GH74,GH35,GH31,GH95,2.A.1
GH3,2.A.21,GGDEF|EAL|GAF,GH5_8,Response_reg|HTH_8,HATPase_c|HisKA,3.A.7,2.A.7
GT2,CE4|GH153|GH153,TPR_2,1.B.20,9.A.24
3.A.6,3.A.6,GGDEF|EAL,9.B.34,9.B.34,3.A.6,3.A.6,3.A.6,3.A.6,3.A.6,GT2
CBM32,3.A.1,3.A.1,SBP_bac_1,GH144
1.B.42,1.B.42,4.A.2,4.A.6,8.A.8,8.A.7,1.A.26,3.D.4,3.D.4,2.A.3,PL1_3,Autoind_bind|GerE,2.A.3
1.B.52,1.A.12,3.D.3,3.D.3,GH23
2.A.6,2.A.6,3.A.5,HTH_11|AsnC_trans_reg,GT32,Pribosyltran,GH9
GH146,1.B.14,GH43_29,GH121
GH35,2.A.3
GT1,GT21,GT26,GT70,2.A.66,GT94,GT4,9.B.97,9.B.97,9.B.30,9.B.18,8.A.3,1.B.18
3.A.7,3.A.7,GH23,3.A.7,3.A.7,3.A.7,3.A.7,9.A.21,1.B.14,2.A.95
2.A.17,GH3,2.A.1,8.A.1,1.B.17
1.B.33,GT19
1.B.14,GH53,GH2,2.A.23
1.B.79,1.B.14,FecR,Sigma70_r4_2|Sigma70_r2,GH3
GT51,1.B.14,1.B.14,Citrate_synt,3.A.23
CBM32,1.B.14,1.B.71,3.A.1,3.A.1,3.A.1,3.A.1,Aminotran_1_2,1.B.6
1.B.46,TPR_2,GT41,9.B.126,CBM5
3.A.5,Peptidase_M23,CE11,GT28,2.A.103,9.B.146
3.A.1,GH113,GT2,GT2,1.B.14
GT0,1.B.22
2.A.79,3.A.1,3.A.1,GH99
GT4,Pkinase,3.A.1,3.A.1
8.A.5,GT2,2.A.3
3.A.23,GT4,Pyr_redox,GH1,3.A.1
GT2,9.B.67,GT83,CBM50,3.A.7
2.A.3,9.B.44,GH3,9.B.126,2.A.28
GT2,2.A.123
9.B.97,GT1,4.C.1,GH84
8.A.51,1.B.14,3.A.1,HTH_3,GH39,2.A.4,3.A.1,3.A.1
2.A.109,1.B.14,1.A.26,2.A.37,GH15,8.A.28,GT2,2.A.6
2.A.1,HTH_IclR|IclR,HTH_18,2.A.107,2.A.21,GH94,2.A.2
2.A.14,GH10,GH2,GH10,2.A.1,2.A.2,GH43_1
2.A.46,PAS|PHY|GAF,2.A.1,GH103,2.A.102,1.B.14
3.A.7,3.A.1,3.A.1,3.A.1,HTH_18,AA3_2,2.A.3,GH92,1.E.55,9.B.34,HTH_8|Diacid_rec,2.A.1,1.B.14,FecR,Sigma70_r4_2|Sigma70_r2,3.A.1,3.A.1
9.B.174,Peptidase_M23,GH5_5,GH5_5,GH5_5,GH5_5
PL9,Aminotran_1_2,1.B.14
1.B.14,CE8,PL10_1
GH13_3|GH13_3,GH13_16,CBM48|GH13_9,CE12,DctP,2.A.56,GH43_9,LacI|Peripla_BP_3,CE12,HTH_3,MarR|AsnC_trans_reg,1.B.14,3.A.1,3.A.1,3.A.1
GT25,Rhodanese,1.B.1,HATPase_c|HisKA,3.A.23,2.A.1
8.A.5,8.A.5,1.B.14,MCPsignal,9.B.35,Pyr_redox_2,CE4,LysR_substrate|HTH_1,2.A.1
1.I.1,2.A.6,TetR_N,2.A.6,Pyr_redox_2,CBM48|GH13_11,GH13_26,GH77,GH13_10,CBM48|GH13_9,GT5,9.B.34,1.A.23
9.B.34,2.A.7,SBP_bac_3,2.A.3,1.A.35,GH43_5,GH37
GH5_1|CBM2,2.A.53,9.B.34,GT2,8.A.59
3.A.23,PfkB,9.B.157,9.B.157,9.B.157,2.A.103,GH28,GH103
1.B.14,1.B.22,3.A.15,3.A.15,3.A.15,3.A.15,3.A.15,1.B.14,GH2,GH89,GntR,2.A.1,LacI|Peripla_BP_3,SIS,CE9,1.B.14,HD,GH23,1.B.14,AA3_2,2.A.15
CE4,1.B.14,Aminotran_1_2,3.A.1,8.A.1
GH13_4,2.A.2,LacI|Peripla_BP_3,2.A.11,Trans_reg_C|Response_reg,HATPase_c|HisKA,SBP_bac_1,Response_reg|GerE,1.B.14,2.A.21,2.A.23,GH92,GT4,GT30,2.A.6,TetR_N,9.B.34
GT51,3.A.11,1.B.22
GH97,GH2,1.B.14,LacI|Peripla_BP_3,1.A.22,2.A.47
GT20,GH15,1.B.14
2.A.1,1.B.14,2.A.37,1.B.14,1.B.14,1.B.14,3.A.1,LysR_substrate|HTH_1,CBM32,2.A.1
GH35,GH92,GH125,GH4,PfkB,2.A.3,GH35,GH3,GH2,GH20,GH18,GH29,1.B.14
2.A.7,2.A.12,TetR_N,1.B.14,GT51,GT2,CBS,9.B.121,1.C.113
