1.B.6,HTH_18,3.A.18,HTH_3|AraC_binding,2.A.46,Peptidase_M23,3.A.1,TetR_N,AA3_2,3.A.1,3.A.1,3.A.1,5.B.3
GH31,3.A.1,3.A.1,PAS,1.B.52
GH13_31,SBP_bac_5,1.B.9
1.B.52,CBM13,2.A.1,GH3,HTH_18|AraC_binding,GH16_3,GH17,3.A.1,3.A.1,3.A.1,3.A.1,SBP_bac_3,Glyoxalase,HTH_1|LysR_substrate,GGDEF|SBP_bac_3,1.B.52
1.B.52,8.A.5,HTH_3,2.A.49,3.A.25,Rhodanese,GH18
9.B.72,2.A.7,2.A.1,HTH_1|LysR_substrate,1.B.52,HTH_1|LysR_substrate,GH32,3.A.1
GH13_19,2.A.7,Aminotran_1_2|GntR,8.A.59
9.B.118,3.A.1,GH13_38,3.A.1,GH133,GH13_11,9.B.34,GH18,TetR_N,2.A.62,2.A.115
1.B.14,CBM41|CBM41|GH13_13,TrmB,3.A.1,3.A.1,1.B.26,CBM69,3.A.1,GH13_2|CBM20,GerE,GT35,GH77
GH32,LacI|Peripla_BP_3,4.A.1,2.A.7,3.D.4,HTH_1|LysR_substrate,2.A.1,HTH_1|LysR_substrate,3.A.23,1.B.39,8.A.59,2.A.58
9.B.34,1.B.52,GH129
2.A.66,9.B.105,LytTR|Response_reg,2.A.114,GH3,GH23,Trp_repressor,1.B.33,3.A.9
9.B.34,CBS,GH19|CBM5,2.A.96,HTH_1|LysR_substrate,Pyr_redox,HTH_1|LysR_substrate,1.A.1,MarR,2.A.7
9.B.34,TPR_1,3.A.1,3.A.1,4.A.1,GH13_29,2.A.115
GH20,3.A.3
GH73,4.A.1,8.A.7,8.A.8,PALP,2.A.121,1.B.1,8.A.21
3.A.7,GT5,5.A.3
GH73,3.A.1,3.A.1,3.A.1,3.A.1,3.A.1
3.A.1,GH1
3.A.23,3.A.1,3.A.1,3.A.1,3.A.1,2.A.119,GH36,5.B.5
2.A.22,CBM73|GH18,3.D.5,3.D.5,3.D.5,3.D.5,3.D.5,3.D.5,3.D.5
1.B.10,GH102,3.A.7
3.A.5,3.A.16,1.B.1,1.A.34,2.A.6,Aminotran_1_2,3.A.1,3.A.1,3.A.1,3.A.1,GH9,GH20,GH94,3.A.1,3.A.1,1.B.14,HisKA|HATPase_c,Response_reg|Trans_reg_C,3.A.1,3.A.1,3.A.1
9.B.146,HTH_11,1.E.54,GT26
2.A.66,GT0,Aminotran_1_2,9.B.18,1.B.18,1.B.14
2.A.38,CBM50
4.A.1,GH4
GT1,HTH_1|LysR_substrate,4.C.1
9.B.146,2.A.103,GT28,CE11,3.A.5,NUDIX,2.A.102
