4.A.1,CE9,GntR,3.A.7,3.A.7
3.A.1,Trans_reg_C|Response_reg,HATPase_c|HisKA,2.A.5,CBM50,2.A.66
3.A.1,3.A.1,3.A.1,Pyr_redox_2,CBM50,2.A.88,3.A.1,2.A.86,MarR,9.B.74
3.A.1,3.A.1,3.A.1,2.A.21,9.B.34,2.A.15,3.A.1,3.A.1,3.A.1,Peripla_BP_2,2.A.5,2.A.1,3.A.1,GH13_31,3.A.1,3.A.1,3.A.1,Peripla_BP_3|LacI,GH13_31,3.A.1,3.A.1,3.A.1,4.C.1
2.A.9,2.A.1,GT4
3.A.1,2.A.64,2.A.64,2.A.115,GH13_9,GT5,GT35
2.A.36,HTH_3,2.A.109,GT2,Sigma70_r2|Sigma70_r4_2,Glyoxalase,Aminotran_1_2,2.A.7
GT2,3.A.18,1.A.35,HTH_8,3.A.1
2.A.1,GH43_11,3.A.1,3.A.1,3.A.1,9.B.28,8.A.5,Sigma70_r4_2|Diacid_rec,2.A.8,FmdA_AmdA,GT2,8.A.5,TetR_N,2.A.7
4.C.1,GT51
1.A.22,GH23
GT4,3.A.1,3.A.1,3.A.1,CE4
2.A.108,GT81
9.B.34,GT28,9.B.174
GT4,2.A.115,3.D.3,3.D.3,3.D.3
3.A.1,3.A.1,3.A.1,3.A.1,3.A.1,3.A.9,GH13,9.B.169
9.B.97,GT2
GT2,TetR_N,3.A.1,3.A.1,3.A.1,3.A.1
GT4,9.B.18
9.B.18,9.B.18,8.A.3,8.A.3,GT2,GT4,9.B.18,GT4,2.A.66,8.A.3,8.A.3,GT4
2.A.66,GT26,GH73,CBM50,CE4|GH73|CBM50
3.A.2,3.A.2,3.A.2,3.A.2,3.A.2,1.A.77,GT0
GH3,PfkB,2.A.2
3.A.1,3.A.1,3.A.1,GH65,Peripla_BP_3|LacI,3.A.1,3.A.1,3.A.1,GH65,2.A.102,9.A.25,2.A.1,9.B.34,2.A.114,9.B.34,3.A.1
2.A.16,Glyoxalase,NUDIX,2.A.1,GH10
