CBM57|CBM57|CBM57,GH1,2.A.1,1.A.8
GH1,2.A.4
2.A.7,GH43_3
9.B.33,SKI,GT2,HalX,1.A.105,SKI,3.A.1
2.A.7,1.B.14,8.A.46,CBM67|GH78,CBM67|GH78
2.A.1,GH130,8.A.46,1.B.14
GH30_3,2.A.55,GH3,GH144,GH144,1.B.14
9.B.176,GT4,1.B.14
9.B.18,2.A.7,1.B.42,GT2
GT2,3.A.1,3.A.1,GT2,GT2,GH99,GT8,GT2,GT2,GT4,GT2,Aminotran_1_2,GT0
GT4,GT2,GT2,8.A.46,Pyr_redox_2,Fer4,GT2,Rhodanese,GT2,1.A.8,GH3,HATPase_c,1.C.105
2.A.3,CBM13,1.B.6,TPR_2|TPR_1,9.B.147,1.A.8
9.B.146,2.A.103,GT28,3.D.10,3.D.10,3.D.10
9.B.44,GH92
GH20,GH2,GH3,1.B.14,GH18,2.A.1,PIG-L,LacI|Peripla_BP_1,GH65,1.B.14,GH32,PfkB,2.A.1,Response_reg|HisKA|Peripla_BP_1|HATPase_c|HTH_18,LacI|Peripla_BP_1,GH3,GH10,GH78
2.A.113,2.A.6,GH63,GH37,2.A.1
2.A.21,cNMP_binding,8.A.59,Response_reg,GH15,GT20,1.B.14,2.A.53,2.A.53,HisKA|HATPase_c,Response_reg|Trans_reg_C,GAF,2.A.3
1.A.35,GT2
3.D.1,GT30
3.A.1,CE11,HD,PglZ|Response_reg,GH3,GH30_2,GH3,Aminotran_1_2,3.D.2
GH147,1.B.14,8.A.46,GH13_10,3.A.23
GH51,GH43_4,GH36,8.A.5,8.A.5
GT4,1.A.1
3.A.1,GH1,HD,2.A.4
3.A.1,GH2,3.A.1,1.B.14
2.A.17,HTH_18,GH97
1.A.78,GH1,GT1
3.A.18,CSD,2.A.1,LacI|Peripla_BP_3,GH92,1.B.14,8.A.46,GH92,GH125
CE9,1.B.14,2.A.6,2.A.6,2.A.6,3.A.1,9.B.196,8.A.51
1.B.14,8.A.46,GH16_3,GH128|CBM32,GH5_46,GH30_1,GH158,2.A.102
2.A.7,GH63
GH43_32,GH127,GH43_26,GH5_13,GH43_26,1.B.14,8.A.46,GH43_3,GH43_26,GH93,GH43_8,CBM35|GH26,GH43_34,HTH_18,GH5_7,GH26,2.A.21,GH130,GH36,GH28
3.A.1,GH145,Reg_prop,Reg_prop,1.B.14,3.A.1
GT32,1.B.14
2.A.66,SpoIIE,3.A.1,GT2
2.A.118,CBM48|GH13_9,Nitroreductase,Response_reg|LytTR,GT3,STAS,2.A.88,3.A.1,1.I.1
GT19,2.A.89,9.B.104,1.B.14
GH63,2.A.17
GH31,9.B.10,9.B.10
GH13_8,GH13,2.A.7
3.A.6,GT9,GH13,2.A.2
3.A.25,GT9,SIS|CBS,2.A.16
CBM9,2.A.102
3.A.5,GT4
1.B.14,GT4,1.B.14,9.A.25,GH23,3.A.9
2.A.21,Response_reg|Pyr_redox_2,GT2,HxlR,9.B.144
GT51,9.A.25,9.A.25,9.A.25,HEM4,9.B.146
1.B.14,8.A.46,GH13,GH97,GH13,GH13|CBM26|CBM26|CBM26
2.A.1,GH5_19,PfkB,PL35,GH3,8.A.46,1.B.14,GH88,PfkB,Response_reg|HisKA|Peripla_BP_1|HATPase_c|HTH_18,PL9,LacI|Peripla_BP_3,GH92,2.A.64
GH13_38,1.B.9
1.A.46,2.A.66,GT2,1.B.18,8.A.3,2.A.66,GT4,GT4,GT4,GT2,GT4,GT4,CBM61|CBM61|CBM61,GT26,9.B.18,2.A.1
3.A.25,GT4,GT4,HTH_7,9.B.18
