2.A.6,GH104,2.A.1
1.A.26,GT4
GH13_20,3.A.1
GT2,TPR_1,3.A.1,3.D.1,5.B.4,GerE,2.A.59,Trans_reg_C|Response_reg,3.A.1,GT39
CBM2|GH9,2.A.64,3.A.15,GT4,9.B.18
CBM42,SBP_bac_3,HisKA|HATPase_c,3.A.1,1.A.30,2.A.1
3.A.1,GT51
9.B.10,GT0
3.A.1,1.A.23,9.B.146,9.B.34,ACT,HEAT_PBS,HisKA|HATPase_c,GH23,3.A.1,3.A.9
3.A.1,9.B.10,cNMP_binding,GT9,2.A.56,2.A.56,2.A.56
3.A.9,GH102
3.E.2,GT20
GT2,2.A.109
GT4,CheW,H-kinase_dim|Response_reg|HATPase_c|CheW,1.B.52,1.B.52
GT2,1.B.18
3.A.1,3.A.1,3.A.1,3.A.1,HTH_1|LysR_substrate,GT4,3.A.1,3.A.1,3.A.1,3.A.1,3.A.1,1.B.14,HTH_18,1.B.14,3.A.1,3.A.1
GT51,2.A.45,2.A.53,3.A.1
2.A.106,Pyr_redox_2,ATPase_2,GT4,GT4
2.A.66,GT4
GH19,2.A.4
2.A.38,GT4,3.D.1,CBM48|GH13_9,Pyr_redox_2,9.B.27,9.B.34,8.A.7,2.A.1
1.A.35,3.A.1,GT4,GT2,GT4,GT4
1.A.105,GT0
9.B.174,3.A.3,3.A.3,3.A.3,CBM48|GH13_11,MASE1|HisKA|Response_reg|HATPase_c,9.B.34,Glyoxalase,GH77,9.B.156
3.D.3,GGDEF,9.B.14,GT26,CbiA,4.C.1,Response_reg,Response_reg,CheW,1.B.52,3.A.1,9.B.34,GT39,8.A.5,1.B.42,HxlR,GT83
2.A.114,9.B.106,3.A.1,2.A.49,GT35
3.A.1,GT28,9.B.146,Trans_reg_C|Response_reg,9.B.18
2.A.21,8.A.21,1.B.42,SBP_bac_3,2.A.38,GT2
2.A.28,Aminotran_1_2,GH0,2.A.16
GT4,GT4,GT2,GT2,GT2,GH105,GT2,GT4,GT2,GT4,GT4,GT4,GT2,1.A.23,Glyoxalase,GT2,2.A.53,1.A.1,1.A.22
1.B.42,GH116,9.B.34,2.A.53,3.A.1,TPR_2|TPR_1,2.A.4,3.D.1
CE11,3.A.18,Trans_reg_C|Response_reg,3.A.16,2.A.21,9.A.41,8.A.21
GT4,HisKA|Response_reg|HATPase_c,2.A.21,3.A.2,3.D.7,Fer4,3.D.1
2.A.6,3.D.1,GT2,NUDIX,GH3,HTH_1|LysR_substrate,2.A.6
GT2,PALP,9.B.34,HisKA|CHASE|PAS|GAF|Response_reg|HATPase_c,2.A.19,2.A.37,3.A.2,3.A.2,3.A.2,3.A.2,1.A.77,HisKA|HATPase_c,AAA,2.A.7,3.A.1
3.A.1,GH38,H-kinase_dim|Response_reg|HATPase_c|CheW,Sigma70_r4|Sigma70_r3|Sigma70_r2,B12-binding,GT5,CBM50,FHA,3.A.3
GT2,2.A.6,3.A.15,3.A.11,3.A.5,3.A.3
3.A.1,PALP,1.B.23,Trans_reg_C|Response_reg,GT1,GT4,GT4,3.A.1
2.A.2,Crp|cNMP_binding,3.D.1,3.D.1,3.D.1,PALP,9.A.47,3.A.11,1.B.23,GT26,3.A.1,2.A.103,3.A.1,8.A.1,3.D.3
GT2,2.A.27
9.B.34,GT83,PALP,Sigma70_r4|Sigma70_r3|Sigma70_r2,2.A.114
3.D.4,GT21,3.D.2,3.D.2
3.D.10,2.A.36,GT17|GT41,GT41
