3.A.15,3.A.15,3.A.15,3.A.15,GH23,9.B.10
AA3_2,3.A.1,3.A.1,3.A.1,3.A.1,3.A.1,3.A.1,3.A.1,3.A.1,CbiA,2.A.45,3.A.2,3.A.2,3.A.2,3.A.2,3.A.2,3.A.2,3.A.2,4.C.1,3.A.1,3.A.11,3.A.1,4.C.1,TetR_N,Aminotran_1_2,3.A.1,PadR,MerR,3.A.3,GyrI-like|HTH_18,2.A.3
1.A.8,GT4,FlhD,FlhC,1.A.30,1.A.30
GT4,GT2,2.A.1,3.A.1,3.A.1,2.A.6,2.A.76
2.A.14,HTH_1|LysR_substrate,CBM32,GntR,3.A.1,3.A.1,3.A.1,3.A.1,3.A.1,3.A.1
8.A.5,2.A.1,AA3_2,3.A.6,3.A.6
GH23,3.D.1
GH73,2.A.40
CBM32,1.B.14,2.A.1,HTH_1|LysR_substrate,3.A.1,1.A.2,2.A.36,EAL,9.B.158
3.A.1,3.A.1,3.A.1,3.A.1,GntR,CE9,SIS,4.A.1,4.A.1,3.D.4,3.D.4
GT2,2.A.14
GT0,HTH_18,HTH_1|LysR_substrate,2.A.1
3.A.1,3.A.1,GT20,2.A.1
GH15,3.A.12,1.I.1,Rhodanese,GT9,GT9,GT2,GT2,3.A.1,2.A.1
1.B.33,GT19,8.A.7,8.A.21,2.A.7
2.A.39,CE4,9.B.43,9.B.35,HTH_1|LysR_substrate,1.A.22,BTAD,GT51
1.A.4,1.A.23,GT4
GT2,2.A.7,GT83
CBM50,Sigma70_r3|Sigma70_r4|Sigma70_r2,1.A.14
2.A.36,GT2,CbiA,1.B.55,GH8,4.D.3,GGDEF|GAF,4.F.1
2.A.11,HTH_1|LysR_substrate,1.B.14,FecR,Sigma70_r4_2|Sigma70_r2,1.B.1,GH23,3.A.23
CBM50,4.C.1,2.A.66
3.A.1,3.A.1,3.A.1,3.A.1,3.A.16,9.A.55,2.A.76,2.A.1,GH23,2.A.7,2.A.1
3.A.15,3.A.15,3.A.15,Response_reg|GerE,HATPase_c|PAS,Response_reg|GerE,GH23,9.B.14
3.A.1,3.A.1,3.A.1,B12-binding,GT21,CBM32,3.A.1,GntR,GT4,3.A.1,GT20
3.A.1,4.F.1,GT104,Response_reg|HTH_8|AAA,GH3
3.A.1,3.A.1,3.A.1,GH103
2.A.1,GT9,2.A.49
GH23,9.A.4,1.A.43
GT30,GT9,GT4,9.B.146,9.B.18,GT4,GT4,GT4|GT9|GT4,PfkB,3.A.1,3.A.1
CE11,9.A.41,GT107|GT107
GT0,1.B.18,8.A.4,3.A.1,3.A.1,9.B.27
3.A.5,CE11
GT28,2.A.103,9.B.146
3.A.1,3.A.1,3.A.1,3.A.1,HD,SKI,1.B.22,GT51,9.B.21,2.A.1,9.B.14,5.A.1
2.A.3,1.A.23,2.A.1,1.B.1,HTH_1|LysR_substrate,2.A.40,GT51,GntR|Aminotran_1_2,FMN_bind_2,5.A.1
GT21,2.A.1
AA3_2,TetR_N,GT1,2.A.1,GT2,1.B.17,8.A.1,HTH_1|LysR_substrate,2.A.7,GntR|Aminotran_1_2,CBM32
2.A.21,9.B.157,1.B.12,GH0
2.A.7,GH24
3.A.2,2.A.1,GH37,1.B.19,2.A.55
1.B.1,HTH_1|LysR_substrate,8.A.5,HTH_1|LysR_substrate,CBM50,HTH_1|LysR_substrate,1.B.11,3.A.1,3.A.1,3.A.1,3.A.1,3.A.1,1.A.46,3.D.1,GntR|Aminotran_1_2,1.A.23,2.A.53,HTH_1|LysR_substrate,2.A.1,MarR,3.A.23,1.C.106,3.A.23,HTH_1|LysR_substrate,Rrf2,9.B.153,3.A.3,3.A.1,2.A.1,GT51,1.B.1,2.A.1,HTH_1|LysR_substrate,2.A.49,MarR,CBS,HTH_1|LysR_substrate,2.A.1,HTH_1|LysR_substrate,2.A.56,2.A.56,Peripla_BP_3|LacI,SBP_bac_3,2.A.19,8.A.5
3.A.16,GT20
GH73,3.A.23,3.A.23,3.A.23,3.A.23,1.E.43,3.A.23,1.A.30,3.A.23
GH2,3.A.23,GH87,GT2,GT4,GT4,8.A.3,1.B.18,2.A.66
1.B.55,CE4|GH153,GT2
2.A.1,2.A.39,HTH_1|LysR_substrate,2.A.1,HTH_1|LysR_substrate,GT2
3.A.1,3.A.1,3.A.1,3.A.1,9.B.159,Nitroreductase,TetR_N,GH3,1.B.1,4.C.1
3.A.1,3.A.1,AA3_2,2.A.3
GT4|GT4,9.B.97,Aminotran_1_2,Pribosyltran,9.B.160
2.A.1,3.A.1,3.A.1,3.A.1,3.A.1,GntR|Aminotran_1_2,1.B.14,CBM50
2.A.7,HATPase_c|HisKA,9.A.40,GH13_10
3.A.1,3.A.23,HTH_18,2.A.1,HxlR,2.A.1,GT4,GT4,GT2,8.A.3,1.B.18,9.B.18
8.A.1,2.A.1,1.B.17,1.A.12,HTH_1|LysR_substrate,2.A.1,SIS,GT0,MCPsignal|dCache_1,1.A.30,cNMP_binding,GT2
3.A.1,3.A.1,3.A.1,3.A.1,Response_reg|Trans_reg_C,HATPase_c|HisKA|MASE1,3.A.3,3.A.3,3.A.3,1.B.1,GntR,GT1
GT2,2.A.7,2.A.17,HTH_3|AraC_binding,3.A.1,3.A.1,3.A.1,3.A.1,3.A.1,1.B.25,Rhodanese,1.B.40,HTH_18,HTH_18,2.A.8,3.A.23
GT51,1.A.62,1.B.1,3.A.1,3.A.1,HTH_1|LysR_substrate,2.A.40,8.A.5,2.A.1
