3.A.1,GT2,9.B.210
CE14,2.A.47
2.A.28,3.D.1,2.A.16,SIS|CBS,2.A.64,1.B.42,9.B.18,GT4,9.B.67,GT4,GT4,GT2,GT2,GT4,GT4
GT2,GT0,GT2,GT2,GT4,GT2,GT2,GT2,3.A.1,3.A.1,8.A.3,1.B.18,3.A.1,3.A.5
GT2,2.A.21
3.A.1,GT2,GT4,GT2
9.B.157,GT28,2.A.103,9.B.146
3.A.1,9.B.174,GT19,3.A.11,2.A.17,2.A.17,2.A.6,9.A.40
1.B.14,GH30_3,GH30_1,2.A.6,3.A.1,Pyr_redox_2,9.A.25,9.A.25,9.A.25,3.A.23
GT2,3.A.1,3.A.1,9.B.145
1.B.57,9.A.25,GerE,3.A.1,1.B.14,GH130,GT4,GT4
3.A.1,GT0
GH3,1.B.14,8.A.46,GH10,GH3,1.B.6,GT51
GT5,GH13_3,CBM48|GH13_9,GH31,2.A.36,2.A.53
1.C.39,GH23|CBM50
GT2,GT4,9.B.18,GT2
GT9,3.A.1,9.A.25
GT51,3.A.1,9.A.40
3.A.2,1.B.14,SIS,GT5
2.A.28,CE4
GT30,Aminotran_1_2,9.B.105
3.B.1,GH13_10,8.A.46,1.B.14,LacI|Peripla_BP_3,2.A.2,GH65,GH13,GH31,GH13_38,GH13_19
1.B.14,8.A.46,GH92,GH28,GH92,GH92,GH125,GH115,AraC_binding|HTH_18,GH38,2.A.1,GH125,LacI|Peripla_BP_3,GH38,GH92,GH92,CBM9,GH130,2.A.21,GH92,LytTR|Response_reg,1.B.14,8.A.46,GH38,GH38
2.A.1,AraC_binding|HTH_18,GH38,2.A.1,1.B.14,GH92,Peripla_BP_1|LacI,GH38,2.A.1
GH92,GH92,GH92,GntR,3.A.1,3.A.1,3.A.1,GntR|Peripla_BP_3,1.B.14,GH78,GH43_29,GH3,GH105,GH2|CBM57,PL28,GH106,PL37,AraC_binding|HTH_18,CBM67|GH78,CBM67|GH78
2.A.1,HTH_18|Peripla_BP_3,1.B.14,GH2,GH2,2.A.7,GH106,CBM67|GH78,GH39,GH5,GH2,1.B.14,GH3,CBM67|GH78,CBM67|GH78,GH2|CBM35,PL38,GH106,GH106,PL40,PL25
2.A.39,Reg_prop|Y_Y_Y|HATPase_c|HTH_18|HisKA|Response_reg,1.B.14,8.A.46,GH88,GH2,2.A.1
5.A.1,Fer4,3.D.4,3.A.3,Crp|cNMP_binding,GH100
3.A.1,GT2,3.A.1,GH23
GT4,3.A.18,9.B.1
1.B.14,8.A.46,GH2|CBM57,CBM67|GH78,PL40,PL37,CBM67|GH78
GT2,1.A.8
3.A.1,3.A.1,HD,GT4,GT2,GT4,GT2,GT2,GT9
1.B.44,AAA,PL7_3|CBM32,3.A.7
8.A.5,GT9
GT4,GT4,2.A.50,GT2,GT4,2.A.50,GT4,9.B.18
GT4,9.B.144,9.B.153
2.A.35,GH5_2|PL31,peroxidase,3.A.12
2.A.118,GT27
1.B.6,GT4,GH3
