GT4,Aminotran_1_2,3.A.1,3.A.1,GT11
9.B.146,GT4,GT4,9.B.18,GT9,GT30,2.A.6
2.A.6,FHA,3.A.1,3.A.23,SpoIIE,2.A.7,3.A.1,3.A.1,2.A.1,HATPase_c,GH23,3.A.1,2.A.14,Aminotran_1_2,2.A.7
GH3,GT104,4.F.1,LysR_substrate|HTH_1,2.A.98,1.A.30,1.A.30,3.A.20,2.A.21,9.B.34,SpoIIE,GT2,CbiA,GH8,4.D.3
3.A.1,3.A.1,3.A.1,3.A.1,9.B.34,LysR_substrate|HTH_1,GT9,3.A.1
GH23,4.C.1,4.C.1,2.A.76,9.A.55,3.A.16,3.A.1,3.A.1,3.A.1,3.A.1
2.A.80,SBP_bac_3,3.A.1,3.A.1,CBM50,Sigma70_r4|Sigma70_r3|Sigma70_r2,1.A.14
1.B.33,GT19,8.A.7,8.A.21,2.A.7,CBS,1.B.14,2.A.1
2.A.21,2.A.6,GT2
GT4,TetR_N,3.A.1,HTH_1,3.A.1
2.A.106,9.B.43,9.B.35,GntR,2.A.40,CE4,1.B.1
3.A.1,3.A.1,GT2,GT4
3.A.1,3.A.1,3.A.1,GH103,HTH_5,PALP,2.A.40
2.A.47,GT51,9.B.20,3.D.1,3.D.1,3.D.1
CBM32|CBM56|CBM6,2.A.21,LysR_substrate|HTH_1,Response_reg,Response_reg|GerE,1.A.30
GT20,GH15,1.B.4,TetR_N,3.A.1,3.A.1,Aminotran_1_2,Aminotran_1_2,SIS|HTH_6,3.A.1
2.A.56,DctP,Response_reg|GerE,HATPase_c|dCache_2,2.A.114,LysR_substrate|HTH_1,3.A.7,CBM50
GT51,LysR_substrate|HTH_1,8.A.5,1.B.39,HMA,MerR,AA3_2,3.A.1,3.A.1,3.A.1,3.A.1,3.A.1,3.A.1,3.A.1,LysR_substrate|HTH_1,2.A.80
1.A.35,9.B.14,2.A.1,9.B.21,GT51,1.B.22
2.A.64,1.B.1,1.A.22,3.D.3,3.D.3,1.A.12,GH114,3.A.1,2.A.6,2.A.6,2.A.6,2.A.66,LysR_substrate|HTH_1,4.C.1,2.A.80,2.A.49
9.B.146,2.A.103,GT28
CE11,Peptidase_M23,3.A.5,AAA,NUDIX,2.A.67,3.A.15,3.A.15,3.A.15
GH23,Pribosyltran,3.A.5,9.B.14,HATPase_c|PAS|HisKA,3.A.23
GT51,1.A.35
2.A.1,AA3_2
GT83,GT2,3.A.3,1.B.1,HATPase_c|HisKA,Trans_reg_C|Response_reg,2.A.4,2.A.6,2.A.6,1.B.17,9.B.20,2.A.108,9.B.105
5.A.1,HMA|Pyr_redox_2,1.A.72,1.A.72,1.A.72,MerR,GH15,1.B.76,1.B.1,Sigma70_r4_2,HATPase_c|HisKA,Trans_reg_C|Response_reg,9.B.62,1.B.76,9.B.62,9.B.62,3.A.3
CBM32,4.D.1,9.A.25,TPR_2,1.B.14,3.A.1,3.A.1,2.A.1
4.C.1,1.A.11,1.A.23,2.A.1,GT2
2.A.1,LysR_substrate|HTH_1,3.A.1,3.A.1,3.A.1,3.A.1,Trans_reg_C|Response_reg,HATPase_c|HisKA,5.A.1,2.A.80,2.A.102,AAA,9.B.51,2.A.80,AA3_2,2.A.98,2.A.80
2.A.80,CBM32,LysR_substrate|HTH_1,AraC_binding|HTH_18,2.A.80
2.A.80,2.A.1,AraC_binding,3.A.1,3.A.1,3.A.1,1.B.52,CheW,CheR|TPR_2,CheW,CheB_methylest|Response_reg,9.B.34,PadR,2.A.80,2.A.80,2.A.66,GH0|GH19,3.D.4,3.D.4,3.A.7
3.A.23,1.A.30,3.A.23,3.A.23,1.B.11,GT60,3.A.23,3.A.23
2.A.80,1.C.113,2.A.80,GntR,GH87,2.A.66,GT4,8.A.3,9.B.18
9.B.18,GH2
9.B.18,1.B.18,8.A.3,8.A.3,GT4,GT4,GT4,2.A.66,GT4
8.A.5,GT0
GH73,Response_reg,2.A.47,2.A.80,Pyr_redox_2,LysR_substrate|HTH_1,2.A.7
GT2,GH128,3.A.6,3.A.6
2.A.80,LysR_substrate|HTH_1,2.A.80,LysR_substrate|HTH_1,9.B.33,LytTR|Response_reg,1.B.14,GH37
GH13_10,GT5,GT35,PAS,Response_reg,CBM48|GH13_11,CBM48|GH13_9,GH13_16,GH13_3|GH13_3,3.A.23,3.A.23
GT4,2.A.66,Trans_reg_C|Response_reg,3.A.1,GT2,LysR_substrate|HTH_1,2.A.1,9.B.10
GT84|GH94,1.B.14
GT2,2.A.6
2.A.6,1.B.17,3.A.3,HTH_DeoR,GT2,2.A.7,GT83,3.A.1
