4.D.2,GT51,GT51
3.A.1,SBP_bac_1,3.A.1,HTH_1,TetR_N,HTH_1|LysR_substrate,2.A.117,HTH_1|LysR_substrate,B12-binding|B12-binding_2,GT81
9.B.157,9.B.157,AA3_2,3.A.1,3.A.1,2.A.95
3.A.1,HTH_1|LysR_substrate,Pyr_redox_2,CE1
9.B.18,GT41,GT2,GT4,GT4,Aminotran_1_2,GT4|GT2,GT4,3.A.1,GT2,GT2,GT2,9.B.97
9.B.146,2.A.103,GT28,CE11,GT51
3.A.23,HATPase_c|HisKA,3.A.5,GT2|GT2,3.A.23,HATPase_c|HisKA,2.A.6,2.A.6,4.C.1,4.C.1
3.A.1,3.A.1,GT20,HD,GH23
9.B.14,2.A.1,GT51,1.B.22
3.A.1,3.A.1,3.A.1,3.A.1,GntR|Aminotran_1_2,Response_reg|Trans_reg_C,2.A.80,9.B.18,4.C.1,4.C.1,9.B.97,Response_reg,GT4,3.A.1,3.A.1
2.A.39,2.A.40,GntR,2.A.39,2.A.53,CE4,GntR,9.B.35,9.B.43,2.A.56,2.A.56,2.A.56
3.A.1,3.A.1,3.A.1,3.A.1,3.A.1,GT83,CBS,2.A.1
2.A.111,GT104,4.F.1
CBM50,Sigma70_r2|Sigma70_r3|Sigma70_r4,1.A.14,1.A.30,1.A.30,1.B.14
GH103,AAA,1.A.23,GT4
9.A.21,3.A.15,Aminotran_1_2,GH23
1.B.33,GT19
2.A.6,CE4,GT2
2.A.80,3.A.9,AA3_2
GH23,3.A.1,3.A.1
AA3_2,9.B.51,GT2,2.A.7,GT83,8.A.5,2.A.80
CBM48|GH13_9,GH13_3,GH13_16,CBM48|GH13_11,GH13_10,GH77|GH13_26,HTH_IclR|IclR,5.A.3,2.A.80
GH23,HATPase_c,2.A.1
GT30,Ada_Zn_binding|HTH_18|HhH-GPD|AlkA_N,2.A.7
CE4,GerE,2.A.80
3.A.6,3.A.6,3.A.6,3.A.6,3.A.6,3.A.6,3.A.6,3.A.1,3.A.1,1.B.52,1.B.52,CheW,1.B.52,CheW,GH73
2.A.80,4.C.1,GntR,2.A.80,HTH_IclR|IclR,AA3_2,2.A.1,3.A.1,LacI|Peripla_BP_3,3.A.1,3.A.1,PfkB,3.A.1,3.A.1,3.A.1,3.A.1,3.A.1,GntR|Aminotran_1_2,3.A.1,3.A.1,3.A.1,3.A.1,3.A.1,9.B.10
GT4,4.F.1
GT2,GT83,3.A.1,3.A.1,LacI|Peripla_BP_3,2.A.80,2.A.80,1.E.40,Pyr_redox,MarR|AsnC_trans_reg,3.A.1,3.A.1,3.A.1,3.A.1,3.A.1,3.A.1,3.A.1
9.A.4,3.A.9,GH3
2.A.1,9.B.18,GT4,GT4,1.B.18
GT84|GH94,2.A.86
GT4,9.B.159,2.A.76,GT51,HTH_1|LysR_substrate,2.A.80,2.A.1
GH103,3.A.1,3.A.1
GH102,Pkinase,3.A.23,3.A.23,3.A.23,Crp|cNMP_binding,2.A.80,3.A.1,2.A.21
2.A.1,2.A.46,2.A.72,CBM48|GH13_11,GT5,GT35,Pyr_redox_2,2.A.80,2.A.80,HTH_1|LysR_substrate,1.A.30,1.A.30
CBM50,3.A.11,2.A.6,2.A.6,3.A.5,3.B.1,3.B.1,4.C.1,HTH_18,3.B.1
GH102,9.B.186
2.A.109,1.E.40,GT4
9.A.21,GT4,9.B.18,GT2,GT11
2.A.80,Pyr_redox_2,HTH_1|LysR_substrate,2.A.80,AA3_2,AA3_2
GH23,3.A.7,3.A.7
