8.A.59,CBM13,TrmB|GerE,2.A.1
3.A.1,TetR_N,CBM13
2.A.80,2.A.1,TetR_N,GT28,AA3_2,3.A.9
GH43_26,9.B.176,CBM32|CBM32,CBM35,TetR_N,9.B.44
3.A.1,HTH_DeoR|Peripla_BP_3,PL33_1,SBP_bac_1,3.A.1,3.A.1,GH88,HTH_DeoR|Peripla_BP_3,GH145,GH5|CBM13|CBM13,CBM42,GH43_23|CBM13|CBM13,SBP_bac_1,3.A.1,3.A.1,GH39
9.B.97,CBM2|GH48,GH1,9.B.106
GH9,Aminotran_1_2,2.A.36,GH13_13|CBM41,AA3_2,Sigma70_r2|Sigma70_r4_2,3.A.1,3.A.1
GH15,HTH_5,GH0,GH133,GT5,CBM48|GH13_9,9.B.106
AA10|CBM2,CBM41|GH13_13,3.A.16
3.A.1,3.A.1,CBM32
2.A.1,3.A.1,GT9,PfkB,SIS,GT4,GT0
3.A.1,3.A.1,SBP_bac_1,CBM2,LacI|Peripla_BP_3,3.A.1,3.A.1,3.A.1,GH39
3.A.1,3.A.1,3.A.1,3.A.1,CBM67|CBM67|GH78
8.A.3,Aminotran_1_2,9.B.18,GT4
4.C.1,GerE|Response_reg,9.B.34,GT4,9.B.1
3.B.1,3.A.1,3.A.1,GT2,2.A.1,2.A.4,GH3
9.B.34,2.A.1,GT85,GT4,GT4,GT4,9.B.18,Sigma70_r2|Sigma70_r4_2,Sigma70_r2|Sigma70_r4_2,SBP_bac_1,3.A.1,3.A.1,GH13_30,1.A.1
CBM6,Peripla_BP_1,3.A.1,3.A.1
3.A.2,3.A.2,3.A.2,Aminotran_1_2,AA10,9.B.34
CBM32,GH19,9.B.106,3.A.1
4.C.1,GT2,4.C.1,GntR,3.A.1,3.A.1
GH16,GT2,GT2,3.A.1,3.A.1
GT87,9.B.62
3.A.1,CBM63
3.D.4,PfkB,HTH_IclR|IclR,GH12|CBM2
3.A.1,3.A.1,GH42,3.A.9,3.A.1
CE14,3.A.1,3.A.1,3.A.1,3.A.1,3.A.1
9.B.104,GH23
GT4,GH1,LacI|Peripla_BP_3,2.A.121
CE4,3.A.1,3.A.1,3.A.1,3.A.1,NUDIX,2.A.20
3.A.1,PSK_trans_fac,1.A.1,CE9,HTH_DeoR|DeoRC,3.A.1,3.A.1,CBM66|PL1,CBM66|PL1,CBM66|PL1,PL1_6
9.B.106,9.B.106,2.A.103,FHA,FHA,GH88
3.A.1,TPR_2,NUDIX,CE4,NUDIX,LacI|Peripla_BP_3,GH13_30
2.A.7,TetR_N,PadR,3.A.1,GH87
2.A.1,GH55
CBM13|PL1,TetR_N,2.A.6
2.A.1,Nitroreductase,GT2,PspC,3.A.1,GH65,2.A.1,CBM13
CBM2,2.A.38,2.A.38
CE14,3.A.1,3.A.1,3.A.1,3.A.1,3.A.1
3.A.1,GT2,GT26
GH26,3.A.1,3.A.1,3.A.1,GH146,2.A.7
GT2,TetR_N,2.A.1,GH16_3|CBM13
3.A.1,3.A.1,GH16
3.A.1,CBM2|GH18
9.B.18,HTH_IclR,GH13_30,LacI|Peripla_BP_3,3.A.1,3.A.1,3.A.1
2.A.1,9.B.34,GT51,GH15,GT20,3.A.1
GH3,MarR,3.A.1,3.A.1,9.B.55,LacI|Peripla_BP_3,3.A.1,3.A.1
GT2,GT83,EAL|GGDEF|PAS,LacI|Peripla_BP_3,3.A.1,3.A.1,3.A.1,GH2,GH5_7,9.B.34,ACT,GT55
GH11,AAA,9.B.160,Response_reg|Trans_reg_C,HisKA,HATPase_c,CBM66|PL1,PL1
GH53,MarR,3.A.1,3.A.1
CE7,GH0,Peripla_BP_3,3.A.1,3.A.1,3.A.1
2.A.37,9.A.40,9.A.40,Peripla_BP_3,GH43_26|CBM42,LacI|Peripla_BP_3,2.A.76,Aminotran_1_2|GntR,2.A.1,HD,3.A.1,3.A.1,3.A.1,3.A.1,CBM2|PL1,GH5_1|CBM2,2.A.6
3.A.1,3.A.1,GH1,ACT,GH9|CBM2,9.B.34
CBM22|GH10|CBM2,3.A.1
3.A.1,3.A.1,GerE|Response_reg,2.A.6,CBM13,GH2
3.A.1,3.A.1,SBP_bac_1,GH42,GntR,2.A.80
CBM66|PL1,Glyoxalase,2.A.1
2.A.7,2.A.77,GH30_3|CBM13,LacI|Peripla_BP_3,GT2
3.A.24,SBP_bac_3,GT1,3.A.1,3.A.1,3.A.1,CBM6
9.B.146,2.A.103,GT28
GH20,Aminotran_1_2|GntR,4.C.1,HATPase_c|HisKA,3.A.1,3.A.1,TetR_N,3.A.1,3.A.1
2.A.102,LacI|Peripla_BP_3,HTH_IclR,SBP_bac_1,3.A.1,3.A.1,GH31,GH42,CBM2|PL11
3.A.1,Peripla_BP_1,CBM6,CBM6|CBM13,GH95
GT1,9.A.25
3.A.1,3.A.1,3.A.1,GH3
2.A.109,GH23,GH73,5.A.1,8.A.59
2.A.16,GH3,1.A.23,CSD,8.A.5,HATPase_c|HisKA,Response_reg|Trans_reg_C,GH63,8.A.5,4.F.1,GT4
1.C.109,1.B.50,GT4,NUDIX,3.D.2
CE4|GT2,cNMP_binding|CBS,2.A.6
3.A.1,3.A.1,3.A.1,LacI|Peripla_BP_3,GH32|CBM66,LacI|Peripla_BP_3,GerE|Response_reg,HATPase_c,3.A.1,1.E.34,HATPase_c,GerE|Response_reg,Response_reg,PL29,9.B.106,3.A.7
4.C.1,AA3_2,4.C.1,2.A.1,4.C.1,4.C.1
CBM13|CBM13|CBM13,Pyr_redox_2,AA3_2,3.A.1,3.A.1,AA3_2
3.A.1,GH146|CBM13,Rhodanese,Rhodanese,2.A.102
3.A.1,SBP_bac_3,3.A.1,3.A.1,CBS,3.A.3,3.A.3,3.A.3,Response_reg,Pyr_redox,TetR_N,GT1
3.A.1,3.A.1,GH51,GH43_5,CBM35,GH39|CBM35
GH2,Glyoxalase,3.A.1,3.A.1,3.A.1,GH1
3.A.1,3.A.1,3.A.1,AraC_binding|HTH_3,GH27|CBM51,GH10|CBM2
GH76,LysR_substrate|HTH_1,Aminotran_1_2,1.A.33
GH18|CBM13,8.A.5,GH121,CE7,HTH_18,2.A.1
CBM13|GH43_26,3.A.1,3.A.3
GH3,3.A.1,3.A.1,3.A.1,GH10,LacI|Peripla_BP_3,3.A.7,CBM12|CBM13
CBM13|PL3_4,CBM2|GH5_4|CBM46,3.D.4,GH5_51,3.A.9,PL1_5
GT4,3.A.1,3.A.1,3.A.1,3.A.1
GH23,9.B.106,3.A.1,3.A.1
3.A.3,GH5_8|CBM2
GH27|CBM13,3.A.1,3.A.1,3.A.1,3.A.1,3.A.1,LysR_substrate|HTH_1,2.A.1
CBM42,MerR,2.A.19
CBM2|GH12,2.A.1
2.A.66,GT4,2.A.6
CBM32,8.A.5
8.A.5,Glyoxalase,CBM2|PL9_3
GT2,GT4,9.B.102,BTAD|Trans_reg_C,GT2,GT4,3.A.1,Sigma70_r2|Sigma70_r4_2,CBM42|GH43_34,GH43_24|CBM13|CBM13,GH92,GT4
GH43_29,GH121|GH121,GH121,GH127,3.A.1,3.A.1,SBP_bac_1,LacI|Peripla_BP_3,FmdA_AmdA,3.A.1
GT2,Sigma70_r2|Sigma70_r4_2,2.A.1
2.A.6,GH95,Glyoxalase,8.A.5
GH2|CBM42,GH127|CBM13|CBM13,3.A.1,3.A.1,3.A.1,HTH_DeoR|DeoRC,3.A.1,GyrI-like,GH81
3.A.1,GH31,GH43_5
CE1|CBM2,2.A.1
9.B.158,GH1,3.A.1,3.A.1,SBP_bac_1,HTH_5,CBM32|CBM32|GH55
GT2,3.A.25,9.B.149
GH5_8|CBM2,MarR,9.B.34
AA10|CBM2,GerE|Response_reg,3.A.1
3.A.5,GT81,GT4,4.C.1,2.A.7
9.B.106,CBM2,CBM2,8.A.5
3.A.1,3.A.1,3.A.1,GH18,SBP_bac_1,3.A.1,3.A.1,3.A.1
PL11,1.A.1
GH140,3.A.1,3.A.1
GT20,BTAD|TPR_1|Trans_reg_C,SIS,GH13_23,MarR,3.A.1,3.A.1,3.A.1,GerE,2.A.1,LacI|Peripla_BP_1,Peripla_BP_1,3.A.1,3.A.1,2.A.3,4.C.1,4.C.1
CE4,GT28,2.A.7,GerE,BTAD|Trans_reg_C,2.A.6,3.A.1
