2.A.46,MarR,2.A.2,HTH_IclR,AA10,AA10,1.E.43
3.A.1,3.A.1,GH43_30|CBM35|CBM35,2.A.56,2.A.56
3.A.1,3.A.1,LacI|Peripla_BP_3,GH19
GH3,LacI|Peripla_BP_3,2.A.20
3.A.1,GH114,PspC,3.A.1,TPR_2,3.A.16,PadR|HTH_5,GT1
8.A.5,MerR,GerE|Response_reg,2.A.5,2.A.3,2.A.40,GH16_3|CBM13,TetR_N,2.A.1,GH3,TetR_N,TetR_N,2.A.114
2.A.6,CBM35,2.A.1,CBM6
1.A.43,2.A.3,GntR,GH94,TetR_N,SBP_bac_1,3.A.1,3.A.1,GH1
3.A.1,3.A.1,3.A.1,3.A.1,3.A.1,3.A.1,GntR,2.A.66,GT51,PadR,2.A.1,2.A.1
GH33,GntR,3.A.1,3.A.1,3.A.1,3.A.1
GT2,STAS,2.A.36,MerR,GT2
4.C.1,TetR_N,CE1
2.A.3,9.B.111,CE1,2.A.3
GH3,GH3,GH3,GT2,HTH_11|AsnC_trans_reg,3.B.1,3.D.2,3.D.2,3.A.1,3.A.1,3.A.1,3.A.1,PadR|HTH_5,3.A.1,3.A.3
GT2,MerR,3.A.1,3.A.1,3.A.1
GT81,PadR|HTH_5,2.A.1
2.A.79,3.A.1,TetR_N,GyrI-like,CBM32|CBM32,3.A.1,3.A.1,3.A.1,MarR,3.A.1,3.A.1,3.A.1,LacI|Peripla_BP_3,CBM32|GH92,2.A.63,2.A.63,2.A.63,2.A.63
CBM13,3.A.16
GH92,3.A.7
9.B.158,3.A.1,3.A.1,3.A.1,3.A.1,3.A.1,CBM5,3.A.1,3.A.1,3.A.1,3.A.1
3.A.10,GH3
8.A.5,3.A.1,GAF|PHY|SpoIIE|PAS,STAS,GH42,SBP_bac_1,3.A.1,3.A.1
3.A.1,3.A.1,3.A.1,3.A.1,GH51,GH146,GH43_10|CBM22,CBM22|GH43_16|CBM6,GH43_34,GH43_22,HTH_5,2.A.38,2.A.38
3.A.1,1.C.82,GH18
1.A.8,3.A.1,GH13_13|GH13_13,3.A.1,3.A.1,3.A.1
3.A.1,3.A.1,3.A.1,1.A.26,2.A.95,CBM16|GH18,GntR,2.A.1,1.I.1
2.A.1,3.A.1,3.A.1,3.A.1,3.A.1,2.A.33,PadR,2.A.1,2.A.85,MarR,3.A.1,3.A.1,3.A.1,3.A.1,PfkB,CHASE3,CE4,3.A.1,2.A.1,SBP_bac_5,3.A.1,3.A.1,3.A.1,2.A.15,CE14
8.A.7,GH77
9.B.146,2.A.103,GT28
4.F.1,GT4
GT2,2.A.64
2.A.1,LysR_substrate|HTH_1,3.A.1,MerR,GT2
CBM13|CBM6,GT9,GT0,GT4,PfkB|SIS,GT9,2.A.3,LacI|Peripla_BP_3,1.A.13
3.A.3,Pyr_redox_2|Rhodanese,Rhodanese,3.A.1,3.A.1,8.A.21,3.A.1,GT4
GH19,Pyr_redox_2,2.A.47
GH13_21,3.A.1,3.A.1,3.A.1,LacI|Peripla_BP_3,GH13_30,3.A.1,3.A.1,3.A.1
GH92|CBM6,2.A.89,SIS,GH3,3.A.1,3.A.1,3.A.1
CBM13|CBM32|CBM6,3.A.1,3.A.1,3.A.1,CBM6,3.A.1,3.A.1,3.A.1
GH1,GH31,3.A.1,3.A.1,SBP_bac_1,LacI|Peripla_BP_3,CE9,1.B.77,1.B.77,TetR_N,3.A.2,3.A.2,3.A.2,1.A.77,9.B.146
GT2,Whib,3.A.1,3.A.1,GT2,Pyr_redox,GT2,GT2,GT0,GT4,GT0,3.A.1,GT0
3.A.1,3.A.1,3.A.7,Whib,HATPase_c,3.A.1,3.A.1,3.A.1,GH1,LacI|Peripla_BP_3,HTH_18,8.A.5,2.A.102,3.A.1,3.A.1,SBP_bac_1,GH13_30,LacI|Peripla_BP_3,GH20
1.C.113,CE14,ACT|PALP,2.A.86
GH13_32|CBM25|CBM20,8.A.3,9.B.67,CBM44,GT94,GT4
3.A.1,MarR,3.A.1,TetR_N|TetR_C,MarR,3.A.1,3.A.1,3.A.1,SBP_bac_1,LacI|Peripla_BP_3|Peripla_BP_1,CE7,GH23|CBM50,HTH_11,Glyoxalase,GH23,GH23
GT39,GH20,9.A.25
GH94,1.A.22
3.A.1,3.A.1,Fe_dep_repr_C|Fe_dep_repress,2.A.1,MarR,GT4,3.A.1,GT0,GT0,2.A.40,9.B.18
9.B.106,3.A.1,CBM32
3.A.1,3.A.1,3.A.1,3.A.1,Trans_reg_C|Response_reg,HisKA|HATPase_c,GT4,3.D.10
1.A.35,GH18
1.A.1,GT51
GH18,TetR_N,2.A.1
1.A.33,CSD,2.A.3,GH43_12,GH3,3.A.1,3.A.1,3.A.1
