3.A.1,9.B.62,Pyr_redox_2,CE5,CE5
GH19,2.A.6,8.A.35
9.B.74,GT4,3.A.24,1.I.1,ACT,2.A.6,2.A.3
9.B.111,1.A.23,GT2
2.A.1,Pyr_redox,GT2,GT89
2.A.4,8.A.59,GH65
CE1,SBP_bac_5,CE14,Fer4,Fer4,Aminotran_1_2,2.A.1,GH15,3.A.1,3.A.1,3.A.1,3.A.1,GT39,1.A.43,GH25
3.A.12,2.A.109,4.F.1,HTH_3,GT1,3.A.9
3.A.1,3.A.1,3.A.1,3.A.1,2.A.1,3.D.4,3.D.4,3.D.3,3.D.4,Glycos_trans_3N,GT4,9.B.106
GT51,CbiA,CbiA,1.A.1,HhH-GPD,NUDIX,1.E.34,4.C.1,3.A.1,3.A.1,3.A.1,3.A.1,9.B.10,9.B.97,GH13_26,CBM48|GH13_11,GT87,GT87
GH32,9.B.141,Aminotran_1_2,3.D.7
3.A.1,TetR_N,1.A.11,PfkB,3.D.4,3.D.4,3.A.1,3.A.1,2.A.69,GH23
1.B.58,1.A.22,2.A.1,GH13_10,2.A.7
2.A.64,HTH_IclR|IclR,GT4,GH57,2.A.1
1.B.58,3.A.9,Pribosyltran,GT83,9.B.27
GT83,GT2,HATPase_c|HisKA,Trans_reg_C|Response_reg,TetR_N,2.A.76
GT4,4.F.1
3.A.5,1.C.113,CE14,Aminotran_1_2,CBS|PALP,2.A.1
GT4,4.C.1
2.A.3,CE4,2.A.114,NUDIX,1.A.1
3.D.1,GT53,HD|NTP_transf_2|ACT,1.A.11,3.A.5
GT1,2.A.6
3.A.1,2.A.1,GT2,2.A.28
GT28,2.A.103,9.B.146,CE4
4.C.1,2.A.6,2.A.1,Ada_Zn_binding|HhH-GPD|AlkA_N|HTH_18,CE1,CE1,CE1
GH27|CBM13|CBM51,3.B.1,4.C.1,CE1,GT4,GT53,GT53,8.A.5,9.B.126
2.A.40,2.A.1,CSD,GH23|CBM50
2.A.23,2.A.1,2.A.1,AraC_binding|HTH_18,Guanylate_cyc,GH2
3.B.1,GH1,2.A.1,PfkB,1.A.8
