1.B.62,GH23
2.A.66,GH102
1.A.23,GT4,1.B.52,1.A.8
3.B.1,4.C.1,9.A.40,GT4,AAA,8.A.7,1.B.14,AA2,3.A.5,4.C.1
1.B.14,GT4
3.D.1,GH23
CE4,Pyr_redox_2,9.B.35
GH23,3.A.7,3.A.7,3.A.7,3.A.7,3.A.7,3.A.7
GH3,2.A.64,1.A.26
8.A.5,2.A.17,Nitroreductase,GntR,3.A.23,HATPase_c|GAF,9.B.18,9.B.18,GT51,9.B.34,HTH_3,2.A.109
3.A.7,3.A.7,3.A.7,3.A.7,3.A.7,Sigma70_r4_2,PSK_trans_fac,3.A.7,GH23
2.A.72,9.B.14,9.B.14,3.A.1,HTH_3,GT4,2.A.6,2.A.6
GH108,1.E.54
2.A.21,GH23
GT28,2.A.103,9.B.146
2.C.1,Sigma70_r4_2|Sigma70_r2,GT4
2.A.1,GH3,Peripla_BP_3|LacI,GH16_3,1.B.14,PALP,3.D.4,3.D.4,3.D.4,3.D.4
GH3,1.B.14,2.A.1,MarR,5.A.1,1.C.109
GT2,2.A.20
1.B.14,GH37,2.A.1,2.A.1
2.A.102,GT2,2.A.33,2.A.7
1.B.11,MarR,GntR,GH5_12,2.A.2,1.B.14,GH1,3.A.6,3.A.6,3.A.6
3.A.7,GH23
9.B.34,1.B.14,Peripla_BP_2,3.A.1,3.A.1,9.B.18,9.B.18,GT4,GT4,GT2,8.A.3,9.B.97,GT0
2.A.102,1.B.14,GT51,2.A.3,2.A.1,3.A.9
2.A.1,Peripla_BP_3|LacI,PL29,1.B.14,PfkB,2.A.6,2.A.6,2.A.6
GH105,1.B.14,PL38
1.A.11,Glyoxalase,HxlR,AA3_2,2.A.37,3.A.1
2.A.51,GT51
GT22,3.D.10,3.A.1
GT51,3.A.25,GT2
4.C.1,AA3_2
4.C.1,AA3_2,HTH_1|LysR_substrate,1.B.14
