2.A.38,2.A.38,CBM50,1.B.39
2.A.21,3.A.7,GH147,GH2,1.B.14
GH2,Trans_reg_C|Response_reg,2.A.21,GT5
2.A.1,GH37
GT4,GT30,1.B.52
1.B.22,3.A.11,GT51
2.A.35,GH3,SIS,2.A.115,Glyoxalase,1.B.3
CE9,3.A.1,1.A.23,PL1_5,HATPase_c|HisKA|dCache_1,2.A.47
1.B.33,GT19,9.B.34,2.A.37,GH23
9.B.18,GT0,3.A.23,2.A.21,3.A.23,3.A.6,3.A.6,3.A.6,3.A.6,3.A.6,1.A.104,3.A.5
9.B.106,1.A.16,AAA,GT35,GGDEF|EAL,2.A.23,2.A.2
9.B.34,GGDEF|EAL,2.A.6,2.A.6,2.A.37,2.A.37,HxlR,9.B.34,9.B.43,9.B.35,9.B.35,TetR_N,CE4,2.A.40,GGDEF|PAS|Response_reg|EAL,9.B.34,HATPase_c|HisKA|Response_reg,2.A.40,AraC_binding,2.A.102,3.A.9
GT4,GT4,GT2,GT2,GT4,GT4,GT4,GT2,9.B.97,9.B.97
GH3,3.A.1,Pribosyltran,2.A.21
GT0|GT2|GT4,HD,2.A.1
3.D.10,3.D.10,1.B.14,1.B.14,CBM41|GH13_13,GH13_38,GH13,2.A.2,GH13_2
GH73,2.A.76
GT81,GH13_18,2.A.66
5.B.7,9.B.27,GH13_27,1.B.14,3.A.1,3.A.1,3.A.25
2.A.25,CBM48|GH13_11,CBM48|GH13_9,GH77
CE12,1.B.14,GH105,GH28,CE8,2.A.21,1.B.52
2.A.47,3.A.1,GH23|CBM50
2.A.34,5.A.2,GH103,4.C.1
GT2,GT4,GT4,2.A.66,GT2,9.B.18,8.A.3,9.B.42
1.B.14,Peripla_BP_3|LacI,Pribosyltran,HTH_3,GH97
AA3_2,1.B.71
2.A.1,CE9,SIS,GH20,1.B.14,Peripla_BP_3|LacI,LysR_substrate|HTH_1,2.A.14
3.A.15,3.A.15,NUDIX,3.A.5,1.A.34,CE11,GT28,2.A.103,9.B.146
GT4,SIS,2.A.1,2.A.7,GerE|Response_reg,1.B.14
3.A.1,Rhodanese,3.A.5,Sigma70_r4_2|Sigma70_r2,CBM50,2.A.62,2.A.1,1.B.19
3.A.3,cNMP_binding,GT84|GH94,9.B.34,2.A.7
2.A.15,GerE,1.B.48,2.A.7,GerE|Response_reg,HATPase_c|MASE1,1.I.1,1.A.23,AA2,PAS|MCPsignal,LysR_substrate|HTH_1,1.B.14,Aminotran_1_2,Response_reg,CheC,2.A.21,4.C.1
GH8,GT2|GT2,8.A.51,9.B.34
1.B.52,3.A.1,LysR_substrate|HTH_1,GT2
1.C.82,3.A.5,3.A.1,1.I.1,SBP_bac_3,8.A.5,Glyoxalase,1.A.23,2.A.1,GH13_4
2.A.6,HATPase_c|HisKA|GAF,3.A.1,3.A.1,PAS|MCPsignal,2.A.21,MCPsignal,2.A.98,2.A.4,GH16_3,1.B.14,2.A.35,GH3,2.A.1,GH1,Peripla_BP_3|LacI,2.A.1,3.A.1,3.A.1,3.D.4,3.D.4,3.A.23
3.D.4,3.D.4,3.D.4,3.D.4,HTH_IclR,PL1_2,PL1_5|PL1_5
CBM9,1.A.1
GT2,3.A.1
1.B.14,Peripla_BP_3|HTH_18,2.A.2,GH43_1,GH115,GH10
GH3,2.A.1,GH11,GH51
1.B.25,1.B.14,GH1,2.A.2,Peripla_BP_3|LacI,9.B.169,1.B.6,8.A.59,3.A.2,3.A.2,3.A.2,3.A.2,3.A.2,3.A.2,3.A.2,3.A.2
