3.D.2,3.D.2,GT2,GT4,HTH_18,2.A.36,3.A.1,3.A.1,3.A.1
2.A.1,GH3
GH13_33,HTH_8,PAS|HATPase_c|SpoIIE|Response_reg|HisKA,STAS,9.B.126
GH15,1.A.33
2.A.116,3.A.9,2.A.1,TetR_N,GH76,2.A.33
9.B.142,GT2,2.A.53,Pkinase,3.A.1
2.A.21,Response_reg|Trans_reg_C,GT2,1.A.16,Cyanate_lyase,2.A.20
GT4,GH79,1.A.62
GH77,2.A.1,MerR,2.A.53,3.A.7
GH23,2.A.3,Pkinase,4.C.1,3.A.1,3.A.1,3.A.1,3.A.1,3.A.1
2.A.108,2.A.108,GH23
CE1,HTH_11|Response_reg,HATPase_c,2.A.23
CE14,1.C.113
2.A.1,2.A.21,2.A.21,LytTR|Response_reg,9.B.33,HhH-GPD,GT87
3.A.1,AAA,4.C.1,GT81
GT5,3.A.1
3.A.1,GH23,CBS,3.A.1,3.A.1,3.A.1,3.A.1,1.A.35
3.A.1,3.A.1,3.A.1,3.A.1,Response_reg|Trans_reg_C,HATPase_c|HisKA,GT83,GT2,GT83,Rrf2,2.A.79
GH5_13,HTH_5,4.C.1,8.A.59
9.B.62,3.A.1,GH13_30
GH15,1.E.22,3.A.1,3.A.1,3.A.1,3.A.1,9.A.40,9.A.40
GH23,2.A.6,9.B.106
3.D.4,3.D.4,3.D.3,3.D.4,GT4,2.A.1,4.C.1,3.A.4,GT87,9.B.106
9.B.146,2.A.103,GT28
GT1,2.A.6
GH13_10,GH13_26,CBM48|GH13_11,9.B.97
GH77,2.A.7,TrkA_C,2.A.37
CE1,1.A.23,GH13_20
4.A.1,4.A.1,CE9
3.A.1,3.A.1,3.A.1,GT2
CE4,2.A.3
GT4,4.F.1,1.B.77
GT1,HTH_3,4.F.1,3.A.12
GH57,GT4,2.A.25,NUDIX,3.A.1,Aminotran_1_2|GntR,ACT,3.D.4
GT51,2.A.1
GT2,9.B.18,GT26,3.B.1,Rhodanese,3.B.1,3.A.1,3.A.1,3.A.1
3.A.3,AsnC_trans_reg,GT1
3.A.24,3.A.24,3.A.24,GGDEF,2.A.7,CE5,CE5
2.A.1,2.A.45,9.B.143,9.A.25,9.B.142,GT2
2.A.1,GT2
8.A.3,2.A.66,GT2,8.A.3
GT4,9.B.97,1.C.82,3.A.5
GH13_16,2.A.37
3.A.1,GT2
GT85,GT53,GT53,GT53,3.A.20
9.B.106,3.B.1,CE5,CE1,CE1,GT89,GT2
CBM48|GH13_11,GH13_16,Pribosyltran,3.A.1
5.A.3,5.A.3,5.A.3,CE5,9.B.10
3.A.1,2.A.1,TetR_N,CE5,GH6,Peripla_BP_3|LacI,2.A.1,3.A.1,3.A.1
2.A.1,HTH_IclR|AsnC_trans_reg,2.A.1,CE4,3.A.1,3.A.1
3.A.1,3.A.1,MarR,GH63
