CBM48|GH13_11,1.A.33
2.A.16,HTH_1|LysR_substrate,GT2,Response_reg,CE1
GT83,3.A.1,3.A.1,2.A.6,EAL,Trans_reg_C,Glyoxalase,2.A.7
2.A.86,GntR,2.A.23,GGDEF|EAL,CE4,GntR,9.B.35,9.B.43,9.B.20,3.A.3
GH0,HTH_1|LysR_substrate,9.B.10,3.A.1,3.A.1,3.A.1,3.A.1,SBP_bac_5,GntR|Aminotran_1_2,3.A.1,3.A.1,3.A.1
9.B.34,GGDEF|EAL,3.A.1,3.A.1,3.A.1,HTH_1|LysR_substrate,HTH_1|LysR_substrate,CBM32
2.A.111,GT104,4.F.1
CBM50,Sigma70_r2|Sigma70_r3|Sigma70_r4,1.A.14,1.A.30,1.A.30
2.A.1,HATPase_c,GH23,3.A.1,3.A.1,3.A.1,3.A.1,PfkB,Peripla_BP_3|LacI,AA3_2,MarR,GerE|Response_reg,2.A.21,3.A.23,3.A.1,3.A.1
3.A.1,GH103,AAA,1.A.23
CBM48|GH13_9,GH13_3,GH13_16,CBM48|GH13_11,GH77|GH13_26,1.B.52,3.A.1
3.A.1,3.A.1,AA3_2,TetR_N,9.B.8,9.B.8
3.A.1,3.A.1,GH23
1.B.55,GH8,4.D.3,GT2,CbiA,9.B.34,9.B.34
2.A.6,2.A.6,2.A.6,Trans_reg_C|Response_reg,HATPase_c|HisKA,2.A.80,GT2
1.I.1,CBM32,DeoRC|HTH_DeoR,1.A.34,4.C.1,1.B.18,8.A.3,9.B.18
2.A.73,5.A.3,8.A.5,Fer4,2.A.1,HTH_1|LysR_substrate,HTH_18,8.A.5,CbiA,Aminotran_1_2,GT2,PIG-L,GH16,2.A.51,2.A.75,2.A.21
GT2,CE4,2.A.6
CE4,3.A.1,3.A.1,3.A.1
GT19,1.B.33
GH23,Aminotran_1_2,3.A.15,9.A.21
1.B.1,HTH_IclR|IclR,2.A.80,2.A.80,GT2,HTH_1|LysR_substrate,3.A.1,3.A.1,3.A.1,3.A.1,3.A.1
2.A.6,GT30,HTH_18|Ada_Zn_binding|AlkA_N|HhH-GPD,2.A.7,4.C.1,4.C.1
9.A.4,3.A.9,GH3,1.A.63,9.B.160,RseA_N,Sigma70_r2|Sigma70_r4_2,3.D.1
GT84|GH94,2.A.1,HTH_1|LysR_substrate,2.A.86,LytTR|Response_reg,8.A.1,2.A.6,2.A.6
2.A.1,3.A.9,2.A.76,GT51,HTH_1|LysR_substrate,GntR,2.A.1
3.A.1,3.A.1,3.A.1,3.A.1,GT2,GT83,2.A.109,2.A.53,3.A.1,HTH_1|LysR_substrate,SIS|HTH_6,3.A.1,3.A.1,3.A.1,3.A.1,3.A.1,Sigma70_r2|Sigma70_r4_2,3.A.1,3.A.1,GGDEF,1.A.12,3.D.3,3.D.3,GerE|Response_reg,GT41,1.A.22,3.A.7,2.A.64
1.B.22,GT51,9.B.21,2.A.1,9.B.14
GH23,9.B.20,1.B.39,HD,GH15,GT20,3.A.1,3.A.1
2.A.6,2.A.6,HATPase_c|HisKA,3.A.23,GT2|GT2,HD,3.A.5,HATPase_c|HisKA,3.A.23
CE11,GT28,2.A.103,9.B.146
GT2,GT2|GT2,3.A.1,3.A.1,GT4,GT2,GT2,GT2
2.A.7,Aminotran_1_2,2.A.76,2.A.76,PALP,1.B.55,CE4|GH153,GT2
GH102,Pkinase,3.A.23,3.A.23,3.A.23,3.A.1,3.A.1,2.A.21
2.A.1,1.B.14,2.A.72,2.A.80,GH13_23,CBM48|GH13_9,CBM48|GH13_11,GT5,GT35,1.A.30,1.A.30
2.A.49,GntR,Peripla_BP_1,3.A.1,3.A.1,8.A.5,CBM13,3.A.2,3.A.1,3.A.1,3.A.1,3.A.1,2.A.53,Pyr_redox,3.A.1,3.A.1,3.A.1,3.A.1
3.B.1,1.I.1,2.A.80,2.A.80,2.A.102,1.A.11,Aminotran_1_2,3.A.1,HTH_IclR|IclR,3.A.1,3.A.1,3.A.1,Pyr_redox_2,SBP_bac_1,2.A.1,TetR_C|TetR_N,AA3_2,HTH_1|LysR_substrate,3.A.1,3.A.1
GH73,3.A.23,3.A.23,3.A.23,3.A.23,3.A.23
GT2,B12-binding_2|B12-binding,2.A.117
9.B.186,9.B.186,GH102
3.A.1,3.A.1,2.A.1,3.A.1,3.A.1,AsnC_trans_reg|HTH_11,3.A.5,2.A.6,2.A.6,3.A.11,CBM50,2.A.80
GH23,9.A.40
GH73,CheW,1.B.52,1.B.52,1.B.52,1.B.52,CheW,1.B.52,1.B.52,1.B.52,1.B.52,3.A.6,3.A.6,3.A.6,3.A.6,3.A.6,3.A.6
3.A.6,3.A.6,3.A.5,Sigma70_r2|Sigma70_r3|Sigma70_r4,GH15
9.B.115,1.B.12,GerE,2.A.1,AA3_2
