3.A.1,GT4,GT4,GH13_5,Peripla_BP_3|LacI,Nitroreductase,Glyoxalase,GT2,2.A.1,CbiA,3.A.1
CBM41|CBM41|GH13_12,GH13_31,3.A.1
GH16_8,GH36,3.A.1,3.A.1,3.A.1
3.A.14,3.A.14,Peptidase_M23,GT51
2.A.10,MarR,CSD,CtsR,3.A.9,2.A.1,NUDIX,GT51,4.A.7,4.A.7,4.A.7
PL0,1.E.26,GH73
3.A.11,Peripla_BP_3|LacI,GH32,4.A.1,GH18,3.A.5,GH73,8.A.43,3.A.1,3.A.1,3.A.1,3.A.1,3.A.1,3.A.1,3.A.1,3.A.1
2.A.53,CBS|HTH_11,8.A.7,2.A.7,GH73,HTH_DeoR,1.A.33
1.A.62,TetR_N,2.A.58,CE9,8.A.5
9.B.146,3.A.18,SBP_bac_3,3.A.1,3.A.1,Pyr_redox_2,2.A.3,GT51
GH38,GH125,Peripla_BP_3|GntR,GH84,GH1,GH92,3.A.1,3.A.1,SBP_bac_1,8.A.59,Response_reg|HTH_18,GH2
2.A.1,HTH_3,9.B.2,PTS-HPr,8.A.7,CE4,1.I.1
GH16_6,4.A.3,4.A.3,4.A.3,MarR,3.A.1,2.A.1
GH1,Mga|HTH_11,4.A.3,4.A.3,4.A.3,3.A.1,3.A.1,4.C.1,2.A.50,3.A.1,3.A.1,3.A.1,Peripla_BP_3|LacI,GH77,GT35,Rhodanese,2.A.16
3.A.1,3.A.1,3.A.1,CE1,3.A.1
GH1,4.A.3,4.A.3
2.A.6,3.A.1,3.A.1,3.A.1,GH73,GH73,4.A.2
GT2,GT2,GT0,3.A.1,GT2,GT4,Sigma70_r4|Sigma70_r2|Sigma70_r3,1.A.22,3.A.1
3.A.2,3.A.2,3.A.2,3.A.2,GT5,CBM48|GH13_9,CBM41|CBM48|GH13_14,2.A.88,3.A.1,3.A.1,3.A.1,Nitroreductase,1.C.61
4.A.6,4.A.6,4.A.6,4.A.6,GH35,GntR,SIS,GntR,3.A.1
4.A.6,GH88,4.A.6,4.A.6,4.A.6,PL12_1,Peripla_BP_1|LacI,3.A.3
2.A.103,GH25,2.A.88
GH1,4.A.1,2.A.1,3.A.5
GH73,1.E.19
