9.B.33,SBP_bac_1,3.A.1,3.A.1,GH2,GT4,GH5_36,HTH_8,GntR,3.A.1,3.A.1,2.A.38
3.A.3,HTH_5,GT4,3.A.7,3.A.1,GH13_38,GH10
GH130,GH130,LacI|Peripla_BP_3,SBP_bac_5,3.A.1,3.A.1,3.A.1,3.A.1,GT2
GH130,3.A.1,3.A.1,3.A.1,8.A.59,HTH_18|Response_reg,SpoVT_AbrB,2.A.88
3.A.1,GH43_10,GH105,GH28,GH2,3.A.1,3.A.1,bZIP_1,3.A.3,HTH_8,GT51
2.A.3,3.A.1,3.A.1,3.A.1,3.A.1,1.B.52,Rrf2,Fer4,Pyr_redox_2,MarR,3.A.1,3.A.1,HTH_18,GH13_36
9.B.156,B12-binding_2|B12-binding,GH106,GH13_20,3.A.1,3.A.1,GT35,LacI|Peripla_BP_3,3.A.1,GH159,GH65,3.A.1,3.A.1,3.A.1,LacI|Peripla_BP_3,GH65,8.A.5
5.A.3,Pyr_redox_2,3.D.8,HD,2.A.14,Response_reg,GH3,NTP_transf_2,9.B.174,9.B.157
3.A.1,3.A.1,3.A.1,GH26,GH28
GH13_14,1.A.43,GH5_2|CBM28,3.A.1,3.A.1,SBP_bac_1,8.A.59,HTH_18|Response_reg,2.A.1,TrmB,CBM41|GH13_14|CBM20,HhH-GPD,SBP_bac_1,3.A.1,3.A.1,MarR,CBM22|CBM22|GH10,3.A.1,AAA,1.A.13
2.A.3,GH127,9.A.28
9.B.34,Rhodanese|Pyr_redox_2,GH130
9.B.146,Pyr_redox_2,2.A.103,GT28
GT0,3.A.1,3.A.1,3.A.1,2.A.7,GH42,Pyr_redox_2,3.A.11,3.A.1,3.A.1,3.A.1,3.A.1,3.A.1
GT2,Response_reg,3.A.11,3.A.15,3.A.15,3.A.11
GH1,GH94,GH94,9.B.18
GH3,9.B.33,3.A.1,GH78|CBM67,HTH_8,GH78
3.A.1,GH36
3.A.5,CheW,2.A.21,Response_reg,Response_reg,8.A.5,LacI|Peripla_BP_3,GH29,1.A.11,GT4,AAA,GT26,AraC_binding|HTH_18,GH31,8.A.59,HTH_18|Response_reg,3.A.1,3.A.1,SBP_bac_1,9.B.20,Aminotran_1_2,2.A.47
3.A.1,3.A.1,3.A.1,GH43_4,GH51,GH4
GH23,HNOB|MCPsignal,2.A.7,AraC_binding|HTH_18,GT4
9.A.8,FUR,GT4
1.C.109,HATPase_c,FeS|Fer4,3.D.1,HATPase_c,3.D.1,3.D.1,9.B.157,9.B.157,CbiA,2.A.103,1.B.50,GT81,3.B.1,3.B.1
2.A.40,HisKA|HATPase_c,Trans_reg_C|Response_reg,4.F.1,CE4
GT28,Peptidase_M23,9.B.174,Peptidase_M23,3.A.1,HTH_8,3.A.1,GT81
3.A.9,CtsR,CE4,8.A.59,2.A.120
CBM50,GH39,GH10,GH10,GH39,CBM22|CBM22|GH10,GH43_10|CBM22|GH43_16|CBM6,SBP_bac_1,3.A.1,3.A.1,3.A.1,3.A.1
3.A.1,CE7,8.A.7,8.A.8,4.A.2,4.A.2,PfkB,DeoRC|HTH_DeoR,3.A.1,3.A.1,1.B.52,3.A.1,HTH_3,3.A.1
3.A.1,3.A.1,3.A.1,3.A.1,3.A.1,1.A.11,CheR,3.B.1,3.B.1,3.B.1,dCache_1|MCPsignal,3.A.1,3.A.1,3.A.1,LacI|Peripla_BP_3,SpoVT_AbrB,GntR,3.A.1,3.A.1,3.A.1,3.A.1,3.A.1,3.A.1,8.A.59,HTH_18|Response_reg,3.A.1,GH30_1,3.A.1,3.A.1,SBP_bac_1,8.A.59,HTH_18|Response_reg,CBM32,1.B.52,GH130,GH5,3.A.1,3.A.1,HTH_18|Response_reg,8.A.59,HTH_3,CE9,GH20,3.A.1,3.A.1,3.A.1,HTH_18|Response_reg,8.A.59,GH161,HTH_18|Response_reg,9.B.33,3.A.1,3.A.1
9.B.18,GT4,GT4,GT4,GT4,3.A.1,2.A.88
GT2,3.A.7
3.A.1,3.A.1,3.A.1,GH2,GH67,HTH_18|Response_reg,8.A.59,3.A.1,3.A.1,3.A.1,3.A.1
PL39,Y_Y_Y,3.A.1,3.A.1,SBP_bac_1,HTH_18|dCache_1,GH88,GH39,GH2,IclR|HTH_IclR,3.A.1,3.A.1,3.A.1,GH4
