2.A.1,2.A.81,GntR,4.A.1,GH4,9.B.51,PALP,2.A.7
2.A.1,2.A.1,HTH_1|LysR_substrate,2.A.1,2.A.7,4.A.3,GH1,4.A.3,4.A.3,LacI|Peripla_BP_3,2.A.1,2.A.6,2.A.6,2.A.6,TetR_N,TetR_N,2.A.1,SpoVT_AbrB,3.A.1,EAL,GerE,GerE,1.B.11
2.A.2,GH31,2.A.40,2.A.27
GT2,GT30,GT2,GT4,GT4,GT9,GT2,GT9,GT9,GT9,Aminotran_1_2,GT4,GT2,1.A.34
1.I.1,3.A.6,9.B.146,GT0,Aminotran_1_2,2.A.66,GT56,9.B.128,GT26,2.A.3
3.A.23,HisKA|HATPase_c|PAS,1.B.35,2.A.2,2.A.2,GH31
5.A.3,5.A.3,5.A.3,1.B.11,2.A.78,2.A.78,HTH_3,LacI|Peripla_BP_1,GH36,2.A.1,3.A.1,3.A.1,3.A.1,3.A.1,HTH_18|AraC_binding,HTH_18|AraC_binding,2.A.7,HisKA|HATPase_c,Response_reg|Trans_reg_C,2.A.4,3.A.1,9.B.124,1.A.8
2.A.1,GntR,2.A.14,1.B.11,4.A.2,GH127,2.A.2,HTH_18|AraC_binding,2.A.1
GH13_19,GH73,HTH_18|Peripla_BP_3,3.A.1,3.A.1,3.A.1,9.B.97
GT2,4.D.3,GH8,1.B.55,GGDEF|EAL,2.A.23,PfkB,EAL,9.B.121,2.A.1,9.B.126,HTH_1|LysR_substrate,GerE|Response_reg,GH24,GH37
2.A.6,GT2
2.A.8,2.A.95,CBM48|GH13_9,CBM48|GH13_11,GT5,GT35,Pyr_redox_2,Rhodanese,9.B.104,DeoRC|HTH_DeoR,GerE,GT35,GH77,2.A.8,9.A.8,9.A.8,9.A.8,Response_reg|Trans_reg_C,HisKA|HATPase_c,9.B.65,NUDIX,GT51,1.B.22
1.B.42,1.B.42,HisKA|Response_reg|HATPase_c|PAS,GT51,8.A.8,4.A.2,1.B.42,1.B.42,1.B.42,CBS|SIS,2.A.19,3.A.1,3.A.1,3.A.1,3.A.1,3.A.1
GH36,Aminotran_1_2,4.A.1,SIS,CE9,4.A.6,4.A.6,4.A.6,4.A.6
CBM5|CBM73,2.A.99,2.A.1,9.B.31
GH154,2.A.1,GH88
2.A.1,GH2,LacI|Peripla_BP_3,3.A.1,3.A.1,3.A.1,3.A.1,1.B.14
8.A.5,HTH_18,9.B.27,1.A.30,1.A.30,8.A.5,MCPsignal,DeoRC|HTH_DeoR,GT2,CE4|GH153|GH153,1.B.55,GerE,1.B.12,GerE|Response_reg,HisKA|Response_reg|HATPase_c,9.B.120,HTH_IclR|Response_reg,HATPase_c|PAS,2.A.24
2.A.1,GH23
5.A.1,GH1,HTH_6|SIS,1.C.113
GH13_16,3.D.4
2.A.42,2.A.117,HTH_1|LysR_substrate,PL0,PL22|PL22,2.A.1,3.A.1,3.A.1,3.A.1,3.A.1,AraC_binding,HTH_1|LysR_substrate,3.A.1,4.A.3,GH1,GntR,LacI|Peripla_BP_3,4.C.1,2.A.1,8.A.5,NUDIX,4.A.2
3.A.7,GH102
CBM50,Sigma70_r4|Sigma70_r3|Sigma70_r2,2.A.1
3.D.1,3.D.1,3.D.1,3.D.1,3.D.1,3.D.1,GH1,4.A.1,LacI|Peripla_BP_3,5.A.3,2.A.52,Pyr_redox_2,3.A.23,CBS|SIS,DeoRC|HTH_DeoR,4.A.4,4.A.4,4.A.4,GH103,3.A.1,3.A.1,3.A.1
3.A.1,3.A.1,HTH_1|LysR_substrate,GH2,HisKA|Response_reg|HATPase_c,GT2
4.A.1,GH23,HisKA|HATPase_c,3.A.23,Aminotran_1_2,2.A.1,2.A.113
GH4,4.A.1,GT51,5.A.3,5.A.3
2.A.6,2.A.6,Rrf2,2.A.21,Response_reg|Trans_reg_C,9.B.209,MASE1|EAL,GH1,Pribosyltran,2.A.40,4.A.3,HTH_3,2.A.86,ACT,1.B.33
2.A.1,4.A.2,PfkB,4.A.2,2.A.98,HTH_1|LysR_substrate,2.A.3,1.B.14,2.A.1,9.B.169,LacI|Peripla_BP_3,3.A.1,3.A.1,3.A.1,HTH_3,9.B.114,2.A.122,1.E.14,1.B.17,9.B.27,9.B.29,GH3,3.A.1,3.A.1,3.A.1,3.A.1,MerR,9.B.33,Response_reg|LytTR,3.A.1,2.A.113,1.B.18,8.A.3
2.A.1,2.A.6,2.A.6,8.A.1,HhH-GPD|AlkA_N,9.B.34,9.B.22,2.A.109,1.B.18,8.A.3,GT2,GT4,GT2,NUDIX,GT4,9.B.18,2.A.66,GT4,GT4,GT2,GT4
2.A.1,HTH_1|LysR_substrate,2.A.47,Pyr_redox_2,Response_reg,HATPase_c|PAS,SIS,1.B.1,HD,2.A.7,9.B.34,GerE,3.A.6,3.A.6,3.A.6,3.A.6,3.A.6,3.A.6,3.A.6,3.A.6,GH13_5
1.E.43,1.E.56,GH19
3.A.1,3.A.1,3.A.1,3.A.1,3.A.1,2.A.42,2.A.1,2.A.13,3.A.1,3.A.1,3.A.1,GT20,FlhD,FlhC,1.A.30,1.A.30,H-kinase_dim|CheW|HATPase_c|CheY-binding,CheW,2.A.23,1.B.11,1.B.52,1.B.52
3.A.6,3.A.6,2.A.2,GH105,9.B.158
3.A.1,3.A.1,3.A.1,CBM50
5.A.2,2.A.34,GntR,Pyr_redox,2.A.36,GH23,1.B.14,GH37,HTH_18|AraC_binding,2.A.1,HTH_18,3.A.23,3.A.23,3.A.23,3.A.23,3.A.23
3.A.23,3.A.23,Pkinase,GH108
9.B.34,9.B.34,HTH_18,TetR_N,3.A.1,3.A.1,3.A.1,3.A.1,3.A.1,3.A.23,9.B.100,PspC,GH13_18,3.A.1,3.A.1,3.A.1,GH65,3.A.1,1.B.21,LacI|Peripla_BP_3,3.A.23,3.A.1,3.A.23,3.A.23,9.B.153,3.A.23,CBM50
3.A.1,3.A.1,3.A.1,3.A.1,3.A.1,HTH_6,BLUF|EAL,PfkB,1.B.3,4.A.1,GH32
GH13_10,GH13_26,CBM48|GH13_11,9.B.211,HTH_1|LysR_substrate,GH28,DeoRC|HTH_DeoR,NUDIX,5.A.1
2.A.1,2.A.7,GT17,5.A.3,5.A.3,5.A.3
2.A.86,GH3,2.A.2,8.A.7,1.B.14,3.A.1,3.A.1,3.A.1,EAL,3.A.1,3.A.1
2.A.23,CE0,GH4,HTH_18|AraC_binding,4.A.3,4.A.3,4.A.3
3.A.7,Nitroreductase,GH18,9.B.99,GT2
2.A.2,GH31,HTH_18|AraC_binding,2.A.1,9.B.34,1.E.43
GH3,1.B.14,4.A.1
2.A.1,GH73
2.A.1,GT2
2.A.40,2.A.7,AA6,HxlR,1.A.26,GerE,1.A.23,Peripla_BP_2,3.A.1,3.A.1,3.A.1,1.A.14
GH19|CBM73,GH23,GH18,3.A.15,3.A.15,3.A.15,3.A.15,3.A.15,3.A.15,1.B.22
2.A.1,GH31,3.A.1,GntR,4.A.3,GH1,8.A.5,1.B.17,2.A.1,8.A.1,2.A.45,Fe_dep_repr_C|Fe_dep_repress,1.B.6,2.A.7,3.A.1,3.A.1,3.A.1,1.A.23
CE8,3.A.1,3.A.1,3.A.1,8.A.50,HTH_1|TOBE,3.A.1
2.A.4,4.B.1,2.C.1,2.C.1,2.C.1,2.C.1,1.A.30,1.A.30,8.A.79,9.B.85,3.D.4,3.D.4,GH38,4.A.2,GntR,3.D.10,3.D.10
4.A.1,CE9
3.A.1,3.A.1,HTH_3,2.A.114,2.A.1,3.A.1,2.A.1,3.A.1,3.A.1,3.A.1,4.C.1,1.B.14,3.A.1,3.A.1,3.A.1,3.A.1,2.A.15,TetR_N,AA3_2,SBP_bac_5,3.A.1,3.A.1,3.A.1,3.A.1
2.A.113,GH2,LacI|Peripla_BP_3,2.A.115
CBM34|GH13_21,2.A.3,2.A.26
2.A.1,Nitroreductase,Sigma70_r4_2,Sigma70_r4_2,GH24,1.E.1,GT2
GH23,2.A.1,HTH_1|LysR_substrate,3.A.1,3.A.1,3.A.1
GT19,1.B.33
3.A.1,1.A.62,2.A.49,Aminotran_1_2,3.A.1,3.A.1,3.A.1,1.B.14,GT51
2.A.3,2.A.2,GH43_26,9.B.125,3.A.15,3.A.15,NUDIX,3.A.5,CE11,GT28,2.A.103,9.B.146
GH23,3.A.1,HTH_1|LysR_substrate,4.B.1
2.A.1,HTH_18|AraC_binding,HTH_11,2.A.114,9.B.10,GT8
2.A.1,AAA,2.A.2,GH5_13
GH43_11,2.A.2
AA10,GH20,3.A.3,LacI|Peripla_BP_3,4.A.1,GH13_29
