GH23,1.E.53,5.A.3,1.B.15,GH32,2.A.1,GH36
2.A.1,2.A.1,2.A.40,2.A.1,3.A.1,2.A.7,2.A.1,2.A.2,GH31,2.A.40,2.A.27
GT30,GT9,GT4,GT8,GT4,GT8,GT8,GT73,GT4,GT9,GT9,Aminotran_1_2,GT2,1.A.34
2.A.56,2.A.56,2.A.56,IclR|HTH_IclR,3.D.1,Aminotran_1_2,GH13_19,GH73,HTH_18|Peripla_BP_3,3.A.1,3.A.1,3.A.1,9.B.44,9.B.44,9.B.97,1.E.53,CSD,HTH_3,9.B.186,5.A.3,2.A.1,3.A.1,3.A.1,3.A.1,3.A.1,3.A.1,2.A.42
GT2,4.D.3,1.B.55,EAL|GGDEF,2.A.23,PfkB,EAL,9.B.121,2.A.1,9.B.126,HTH_1|LysR_substrate,GerE,GH37,5.B.3,HTH_18,HTH_18,2.A.6,8.A.1,GerE,9.B.36,9.B.20,GerE,3.A.4
2.A.8,2.A.95,CBM48|GH13_9,CBM48|GH13_11,GT5,GT35,Rhodanese,9.B.104,HTH_DeoR|DeoRC,3.A.23,GerE,GT35,GH77,2.A.8,9.A.8,9.A.8,9.A.8,Response_reg|Trans_reg_C,2.A.21,9.B.65,NUDIX,GT51,1.B.22
GT51,Pkinase,8.A.8,4.A.2,1.B.42,1.B.42,1.B.42,SIS|CBS,2.A.19,3.A.1,3.A.1,3.A.1,3.A.1,3.A.1
1.B.11,4.A.6,SIS,CE9,4.A.6,4.A.6,4.A.6,4.A.6,HTH_DeoR|DeoRC,2.A.1
2.A.42,2.A.42,HTH_1|LysR_substrate,9.B.124,9.B.124,1.E.34,9.B.27,GntR,2.A.1,2.A.23,2.A.109,9.B.114,HTH_3,Pyr_redox_2,GH63,2.A.3,GH2,LacI|Peripla_BP_3,1.B.52
2.A.14,3.A.15,1.B.22,3.A.15,3.A.15,3.A.15,3.A.15,3.A.15,9.B.120,2.A.1,GH23
GH1,1.C.113
3.A.23,CBM50,3.A.6,3.A.6
3.A.7,GH102
CBM50,Sigma70_r4|Sigma70_r3|Sigma70_r2,2.A.8
3.D.1,3.D.1,3.D.1,3.D.1,3.D.1,3.D.1,GH1,4.A.1,LacI|Peripla_BP_3,5.A.3,Pyr_redox_2,3.A.23,SIS|CBS,HTH_DeoR|DeoRC,4.A.4,4.A.4,4.A.4,GH103
GH23,HATPase_c|HisKA,3.A.23,Aminotran_1_2,MarR,TPR_1,3.A.1,3.A.1,3.A.1
2.A.69,HATPase_c|SBP_bac_3|Response_reg|HisKA,Response_reg|GerE,2.A.1,2.A.1,PALP,LacI|Peripla_BP_1,GH32,PfkB,2.A.1
1.E.5,GH108
3.A.1,GT4,GT4,GT4
CE9,4.A.1,1.B.25
1.B.11,1.C.80,Citrate_synt,3.D.10,3.D.10,GntR,4.A.2,GH38,3.D.4,3.D.4,9.B.85,8.A.79,1.A.30,1.A.30,2.C.1,2.C.1,2.C.1,2.C.1,4.B.1,2.A.4
3.A.1,TOBE|HTH_1,8.A.50,3.A.1,3.A.1,3.A.1,HTH_1|LysR_substrate,2.A.47,CE8
1.E.25,GH24,1.M.1
5.A.3,5.A.3,5.A.3,AA6,2.A.40
2.A.21,2.A.108,2.A.108,2.A.108,GT2,CE4|GH153,1.B.55
GT2,2.A.1
4.A.1,1.B.14,GH3
1.C.10,5.A.2,2.A.34,GntR,Pyr_redox,2.A.36,GH23,1.E.43,GH37,4.A.2,HTH_8|PAS|GAF,1.B.12,2.A.53,Pribosyltran,1.B.46
3.A.23,9.B.100,PspC,Rhodanese,GH13_18,3.A.1,3.A.1,3.A.1,GH65,3.A.1,1.B.21,LacI|Peripla_BP_1,3.A.23
1.B.25,2.A.2,GH2,TetR_N,LacI|Peripla_BP_1,4.A.1
2.A.23,GH4,AraC_binding|HTH_18,4.A.3,4.A.3,4.A.3
CBM50,3.A.1,3.A.1,3.A.1
5.A.3,9.B.158,1.A.104,3.A.6,CheZ,Response_reg,Response_reg|CheB_methylest,CheR_N|CheR,1.B.52,1.B.52,CheW,CheY-binding|CheW|H-kinase_dim|HATPase_c,1.A.30,1.A.30,FlhD,GT20,3.A.1,3.A.1,3.A.1
GH13_5,9.B.102
GH24,1.E.2
2.A.66,GT2,9.B.18,GT2,8.A.3,1.B.18,1.B.73,2.A.109,9.B.22
2.A.1,PfkB,GntR,GH25,PfkB,PfkB,2.A.113,2.A.113,1.B.11,3.A.1
9.B.33,MerR,3.A.1,3.A.1,3.A.1,3.A.1,GH3,9.B.29,9.B.27,1.B.17,1.E.14,2.A.122,9.B.114,Pyr_redox_2,Fer4,3.A.1,3.A.1,3.A.1,LacI|Peripla_BP_3,9.B.169,1.B.14,2.A.3,HTH_1|LysR_substrate,2.A.98,PfkB|HTH_11,2.A.41,cNMP_binding,2.A.41,PfkB,4.A.2,PfkB,4.A.2,2.A.1,3.A.7,EAL,3.A.1,3.A.1,3.A.1,3.A.1,2.A.1
2.A.1,1.B.68,NUDIX,Aminotran_1_2,GT2,GT83,2.A.7,2.A.7
1.C.80,1.B.9,3.A.1,1.A.16,HTH_7,Nitroreductase,1.A.23,2.A.3,2.A.6,2.A.6,2.A.6,1.B.17,Response_reg|Trans_reg_C,2.A.21,GT2
1.B.10,2.A.6,2.A.6,3.A.5,CBM34|GH13_21,2.A.3,2.A.26,PAS|HATPase_c|HisKA,Response_reg|Trans_reg_C,2.A.1
3.A.1,3.A.1,3.A.1,CE14,GT2,9.B.52,2.A.1
GH2,2.A.1,2.A.1,Cyanate_lyase,2.A.53,HTH_1|LysR_substrate,2.A.39,4.C.1,Citrate_synt,3.A.23,2.A.76
2.A.15,TetR_N,AA3_2
1.M.1,GH104,1.E.2
GH23,HTH_1|LysR_substrate,3.A.1,3.A.1,3.A.1
GT19,1.B.33
3.A.1,1.A.62,2.A.49,3.A.1,3.A.1,3.A.1,1.B.14,GT51
3.A.5,CE11,GT28,2.A.103,9.B.146
GH23,3.A.1,4.B.1
2.A.8,1.B.11,1.C.80,1.B.35,CE0
3.A.3,LacI|Peripla_BP_3,4.A.1,GH13_29
2.A.13,2.A.2,GH4,HTH_18,Aminotran_1_2,HTH_18,2.A.3,Response_reg|Trans_reg_C,HATPase_c|HisKA,2.A.1,Glyoxalase,3.A.1,3.A.1
GH31,2.A.2,2.A.2,1.B.35,2.A.1,GntR,PAS|HATPase_c|HisKA,3.A.23
2.A.3,GT26,9.B.128,GT56,2.A.66,Aminotran_1_2,GT0,9.B.146,3.A.6,1.I.1
1.A.77,3.A.2,3.A.2,3.A.2,3.A.2,3.A.2,3.A.2,3.A.2,3.A.2,SIS,3.A.1,3.A.1,3.A.1,3.A.1,4.A.1,GH1,1.B.3
