3.A.1,3.A.1,GT4,1.B.6,9.B.186,4.A.2,1.B.42
2.A.4,9.B.10,GT51
GT4,2.A.102
2.A.7,GH23,1.B.12
9.B.146,2.A.103,GT28,1.A.23,GT26
4.A.2,GT107|GT107
GT2,GT2,2.A.66,9.B.18
GT4,2.A.68,3.D.1,3.D.1,3.D.1,3.D.1,3.D.1,3.D.1,3.D.1,3.D.1,3.D.1,3.D.1,3.D.1,3.D.1,3.D.1,3.D.1
3.A.7,3.A.7,3.A.7,3.A.7,3.A.7,GH23
8.A.21,2.A.64,1.B.14,2.A.3,GT2,TetR_N,Peripla_BP_2,3.A.1,3.A.1,GH23,GT51
3.A.3,GH65,1.B.14
1.A.26,GH24
3.D.2,3.D.2,3.D.2,3.A.23,GH103,1.A.30
3.A.1,GT30
3.A.2,3.A.2,GH3
GT9,AsnC_trans_reg|HTH_5,2.A.7,1.B.52,3.A.6,GH10
GT51,3.A.9,1.I.1,1.A.35,TetR_N,1.B.14,2.A.1
GT9,2.A.1
GT4,SIS|CBS,GH15,GT20,1.B.6,9.A.41,1.B.14,1.B.14
3.A.1,3.A.1,3.A.1,1.B.14,GT4,GT83,GT2,PHB_acc_N,1.C.113
GT4,4.D.1,3.A.15,3.A.15,3.A.15,3.A.15
