2.A.21,GT51
GT5,PfkB,GH4,AsnC_trans_reg,Aminotran_1_2,9.B.34
4.A.6,PTS-HPr,GT83,2.A.121
GT51,BLUF,EAL|GGDEF,2.A.36
CE1,2.A.21
3.A.1,3.A.1,GT35
2.A.80,GT2,3.A.1
1.B.52,2.A.1,GT20
9.B.176,GT20
GT4,GH0,3.A.1,3.A.1,3.A.1,3.A.1,3.A.1,3.A.1,3.A.1,3.A.1
GT4,GT4,GT2,GT4,GT4,3.A.1,3.A.1,3.A.1,3.A.1,9.B.142,MerR,3.A.1,3.A.1,3.A.1,3.A.1,HEM4,ACT,3.A.1,3.A.1,3.A.1,3.A.1,3.A.1
3.A.1,GT9,SIS,GT9,PfkB,9.B.18,2.A.66
GT4,PALP,2.A.1,3.A.1,3.A.1,3.A.1,3.A.1,HTH_7,3.A.1,3.A.1,HTH_5,2.A.1,HTH_5,2.A.119,3.A.1,3.A.1,3.A.1,3.A.1,GntR,1.A.30,1.A.30,2.C.1,MarR,3.A.1,3.A.1,3.A.1,3.A.1
2.A.6,AA3_2,1.B.19,3.A.1,3.A.1,3.A.1,3.A.1,IclR|HTH_IclR,4.C.1,5.A.3,FeS,NIR_SIR|NIR_SIR_ferr,Pyr_redox_2,3.A.1,3.A.1,3.A.1,3.A.1
3.A.1,SpoVT_AbrB,GH103,3.A.1,3.A.1,3.A.1
9.B.146,2.A.103,GT28
CE11,1.B.33,2.A.1
GT27,Aminotran_1_2,GntR,3.A.1,3.A.1,3.A.1,3.A.9,1.B.14,1.A.30,1.A.30,3.A.1,SBP_bac_1,3.A.1,3.A.1,4.C.1
1.B.20,1.A.30,1.B.62,GH23,Sigma70_r4_2|Sigma70_r2,FecR,3.A.1,3.A.1,TetR_N,2.A.6,2.A.6,1.B.17,3.A.1,3.A.1,3.A.1,9.B.149,9.B.160,MCPsignal,CBM48|GH13_11,2.A.14
CE4,CE4,1.A.26
3.A.9,GH23,2.A.19
1.B.14,9.B.18,GT4,8.A.3
2.A.6,2.A.6,3.A.5,1.B.4,CBM50
2.A.64,GH3
2.A.76,GT2
2.A.69,3.A.1,9.B.150,SIS,GH17,GT2,2.A.7
2.A.6,2.A.6,8.A.1,2.A.6,PALP,3.A.1,3.A.1,3.A.1,3.A.1,2.A.123,GT2,GT83,GT51
GT4,2.A.79
5.B.1,Response_reg,HATPase_c|PAS,1.A.43,9.B.36,Peptidase_M23,GH103
1.A.34,2.A.7,GT51,2.A.23
GH50,HTH_18,GH23,1.B.70,1.B.14
2.A.1,1.B.14,GT51,CE4,4.A.6
2.A.83,2.A.1,GT4,GT2
AA3_2,Response_reg|GerE,2.A.80,2.A.21
3.A.1,3.A.1,3.A.1,GcrA,3.A.1,3.A.1,3.A.1,3.A.1,GntR,3.A.9,SBP_bac_3,3.A.1,3.A.1,AA3_2,GntR,2.A.49,9.B.10,Crp|cNMP_binding,4.C.1
GH103,3.A.1,3.A.1,3.A.1,3.A.1,3.A.1,3.A.1,3.A.1,3.A.1,HTH_DeoR|DeoRC,TetR_N,2.A.6
2.A.76,GH103
