1.C.59,CBM13,1.C.8
CE1,3.A.1,3.A.1
1.B.52,Peripla_BP_3|LacI,3.A.1,3.A.1,3.A.1,3.A.1,GH31,GH77,GT35
3.A.1,3.A.1,3.A.1,3.A.1,Peripla_BP_3|LacI,2.A.21,GH36
GT5,GT35,Fer4,2.A.85,3.A.23,3.A.23
CE4,3.A.1,3.A.1,3.A.1,1.B.52,2.A.22,2.A.50,3.A.16,2.A.66,2.A.4,1.B.52,GT84|GH94
1.C.12,3.A.18,3.A.18,CE9,GntR,2.A.21
CE4,2.A.1,HD,9.A.40,9.A.40,GH18,GH156,Response_reg|Trans_reg_C,HATPase_c|HisKA,9.B.126
2.A.23,3.A.1,8.A.3,8.A.3,GT4,2.A.66
2.A.115,3.D.6,3.D.6,3.D.6,3.D.6,3.D.6,3.D.6,1.A.26,1.B.52,PfkB,GH88,GH88,4.A.6,4.A.6,Peripla_BP_3|LacI,3.A.23,4.A.6,4.A.6,4.A.6,4.A.6,9.A.8,FeoA,1.A.54,2.A.1,TetR_N,GntR,2.A.14
4.A.5,GH23
2.A.103,AAA,HTH_3,2.A.45,Fer4,GH57,TPR_1|TPR_2,3.A.1,3.A.1
2.A.86,CE4,Aminotran_1_2,3.A.1,3.A.1,3.A.1,3.A.1
2.A.66,GT0,GT4,GT2,9.B.18,GT26,2.A.66,GT4
9.A.11,9.A.11,GT51
3.A.1,3.A.1,HTH_18,2.A.27,GH25
3.A.1,2.A.86,MarR,2.A.40,LytTR|Response_reg,GH73
3.A.5,Sigma70_r4,3.A.5,Fez1,CBM34|GH13_39,3.D.1
9.A.11,3.A.9,2.A.16,1.C.113,9.A.8,FeoA,Fe_dep_repr_C|Fe_dep_repress,GT28,2.A.66
4.A.6,4.A.6,4.A.6,4.A.6,GH88,HTH_18,Pyr_redox_2,3.A.1
2.A.36,1.B.52,PL12
3.A.1,1.B.52,GT4,8.A.21,3.A.3,8.A.59,HTH_11|AsnC_trans_reg,2.A.88,2.A.35,3.A.1,3.A.1,3.A.1,3.A.11,2.A.4,Peripla_BP_3|LacI,3.A.1,3.A.1,3.A.1
9.B.74,PfkB,CE9
2.A.8,2.A.8,4.A.1,8.A.8,8.A.7,3.A.7,HD,2.A.88,3.A.1,PL8,GH23,3.A.11,1.B.52,9.B.149
3.A.23,Pribosyltran,2.A.23,4.A.3,4.A.3,4.A.3,GH16_3,GH163,4.A.3,SIS|HTH_6,3.A.1,8.A.58
3.A.5,Pribosyltran,3.A.7,9.B.157,HTH_psq,Peptidase_M23,EPSP_synthase,3.A.2,3.A.2,3.A.2,3.A.2,3.A.2,3.A.2,GT0,9.B.146,Pribosyltran,2.A.5
GT4,MCPsignal,Fer4,cNMP_binding,1.B.52,3.A.3
CE4,2.A.66,9.B.156,9.B.156
2.A.87,GH73,ACT,2.A.66,HxlR,2.A.25,2.A.67
