CE4,GT2|GT2,3.A.1,3.A.1
2.A.102,AsnC_trans_reg,2.A.115,TPR_2,2.A.66,GerE|Response_reg,2.A.21,1.A.22,Aminotran_1_2,3.D.4,3.D.4,3.A.1,3.A.1,3.A.1,3.A.1,TetR_N,Aminotran_1_2,2.A.6,CBS|SIS,9.A.41,Aminotran_1_2,1.B.18,GT51
3.A.1,3.A.1,3.A.1,GH13_23,3.A.1
2.A.37,GT30
GH25,1.C.109
4.A.2,GH144,GH94,GT35
AA3_2,TetR_N,9.B.36
3.A.1,AsnC_trans_reg|MarR,GT83,GT2
1.B.70,1.B.70,GH23
2.A.7,PAX,PAX,CBM50,3.A.1
5.A.3,5.B.5,9.B.62,9.B.18,GT4,8.A.3
1.B.33,GT19,Citrate_synt,1.A.30,1.A.30,1.B.17
GH3,3.A.1,2.A.64,CBM50,AAA,3.A.5,2.A.6
3.A.1,3.A.1,3.A.1,3.A.1,AA3_2,Pyr_redox_2,1.A.35
2.A.95,GH23,HTH_1|LysR_substrate,Pyr_redox_2,AsnC_trans_reg|MarR,GT2,GT4,GT4,GT4,2.A.1,8.A.5,HTH_1|LysR_substrate,2.A.1,2.A.66,3.D.1
3.A.1,3.A.1,3.A.1,GH43_11,2.A.56,2.A.56,2.A.56,8.A.5,GH2,3.A.1,3.A.1,3.A.1,3.A.1
1.B.33,CE11
GT28,2.A.103,9.B.146
GH23,2.A.76,GH23,GH25,GH103,2.A.7,HTH_5,3.A.1
9.B.15,9.B.69,GH144
3.A.5,GH23
3.A.1,3.A.1,3.A.1,HTH_5,GH13_23,PfkB,TPR_2,9.A.18,2.A.1
9.B.43,9.B.35,CE4,1.I.1
GT20,GerE,1.A.34,3.A.9,8.A.7
2.A.7,ACT,1.B.6,3.A.16,2.C.1,2.C.1,1.A.30,1.A.30,GT8
3.A.23,9.B.34,CBM50,2.A.3,2.A.3,2.A.6,2.A.6,2.A.27,2.A.86,9.B.34,8.A.21,1.B.66,PALP,GH103
8.A.5,GT35,CBM48|GH13_9,GT5,GH13_11
3.A.1,3.A.1,3.A.1,GH1,Peripla_BP_1|LacI,1.C.12,2.A.1,2.A.1,TetR_N,Glyoxalase,HTH_18|GyrI-like,2.A.109
AA3_2,3.A.1,3.A.1,3.A.1,3.A.1
GT51,Aminotran_1_2,2.A.1,Glyoxalase,DeoRC|HTH_DeoR,3.A.1,3.A.1,3.A.1,3.B.1,GerE|Autoind_bind,3.A.1,2.A.76,GT84|GH94
AA3_2,3.A.1,3.A.1,3.A.1,3.A.1
2.A.1,GH103,2.A.53,PfkB,2.A.1,4.C.1,HTH_1|LysR_substrate,4.C.1
3.A.1,3.A.1,3.A.1,GT1
2.A.86,GH24,3.A.1,3.A.1,3.A.1,3.A.1,3.A.1
3.A.25,2.A.20,1.A.33,GT51,2.A.1,MarR,8.A.59,TetR_N,2.A.6,2.A.6,3.A.1,3.A.1,3.A.1,SBP_bac_1,SIS,GntR,SIS,CE9,9.B.158,3.A.9,2.A.121,3.A.1,3.A.1,HTH_3,NUDIX,1.B.52
GH103,2.A.1
3.A.7,3.A.7,GH23,3.A.7,GH23
3.A.1,GH2,3.A.1,3.A.1,3.A.1,PSK_trans_fac,Peripla_BP_3|LacI,HTH_18|AraC_binding,GH4,3.A.1,3.A.1,3.A.1,3.A.1,GH4,2.A.101,2.A.1,2.A.56
8.A.28,GerE,GT20,3.A.1,3.A.1
3.A.1,3.A.1,GT107
3.A.1,3.A.1,3.A.1,GH32,3.A.1,3.A.1,SBP_bac_1,Peripla_BP_3|LacI,8.A.21,8.A.21,NUDIX,5.A.3,NIR_SIR|NIR_SIR_ferr|Pyr_redox_2,3.A.1
GT4,GT4,9.B.18,Response_reg,2.A.21,Guanylate_cyc,2.A.7,HTH_1|LysR_substrate,5.A.1
GT4,PL1_2,1.B.18,9.B.18,PIG-L,GT4,1.A.23,GT4
3.A.1,3.A.1,3.A.1,3.A.1,GT1,GT4,GT1
3.A.1,3.A.1,3.A.1,3.A.1,3.A.1,2.A.40,CE4,9.B.35
9.B.43,GT51,3.A.1,3.A.1
9.B.97,GT2,GT2,3.A.1,3.A.1,3.A.1,3.A.1,3.A.1,CbiA,9.B.18,1.B.18,GT0,GT4,GT4,GT4,GerE,3.A.23,HisKA|dCache_1|HATPase_c,Glyoxalase,3.A.1,3.A.1,3.A.1,3.A.1
9.B.34,9.B.143,2.A.72,HTH_1|LysR_substrate,3.A.1,3.A.1,SBP_bac_1,3.A.1,AA3_2
3.A.1,3.A.1,3.A.1,Peripla_BP_3|LacI,3.A.1,3.A.1,3.A.1,AsnC_trans_reg|MarR,Peptidase_M23,3.A.1,3.A.1,3.A.1,3.A.1,2.A.36,3.A.1,8.A.59,2.A.86,Guanylate_cyc,3.A.1,3.A.1,3.A.1,3.A.1,3.A.1,3.A.1,3.A.1,3.A.1,GntR,3.A.1,3.A.1,3.A.1,3.A.1,Peripla_BP_3|LacI,9.B.149,9.B.174,3.A.1,3.A.1,GH16_5,GAF|PAS,Response_reg,3.A.1,3.A.1,3.A.1,3.A.1,3.A.1,GntR,GntR,3.A.1,3.A.1,3.A.1,3.A.1
GH33,3.A.1,3.A.1,3.A.1,3.A.1,3.A.1
2.A.1,2.A.86,2.A.1,GH13_26,2.A.1
3.A.1,3.A.1,3.A.1,Pyr_redox_2,SBP_bac_1,GH105,GH28,3.A.1,3.A.1,3.A.1,Peripla_BP_3|LacI,GT2
1.A.23,Rrf2,1.B.52,Sigma70_r2|Sigma70_r4_2,HTH_3,3.A.1,3.A.1,9.B.97,1.B.18,9.B.18,GT2,GH16_21,GT0,GT2,GT2,GT2,8.A.3,PfkB,HTH_18,1.B.52,GerE,GerE,GerE|Response_reg,HTH_18,3.A.1,GH127,3.A.1,3.A.1,SBP_bac_1,Peripla_BP_3|LacI,2.A.109
2.A.6,2.A.6,HTH_3,HTH_18,1.B.52,GT107,GH148,GT2,GT4,GT4
3.A.1,3.A.1,3.A.1,HisKA|HATPase_c,Response_reg|Trans_reg_C,SBP_bac_1,2.A.80,2.A.80,8.A.59,3.A.1,3.A.1,3.A.1,3.A.1,GT2,GntR,3.A.1,3.A.1
GT4,GT4,2.A.66
AA3_2,8.A.5,Sigma70_r4_2,3.A.1,3.A.1,2.A.1
3.A.1,3.A.1,3.A.1,AsnC_trans_reg,GT4|GH1,GT4,GT4,GT0
1.A.1,2.A.19,2.A.80,2.A.80,TPR_2|Guanylate_cyc|TPR_1,PSK_trans_fac,LexA_DNA_bind|AsnC_trans_reg,2.A.1,TetR_N,2.A.56,2.A.56,2.A.56,Glyoxalase,GT21,1.A.23,2.A.75
