1.A.30,1.A.30,1.A.30,3.A.1,GntR,GH15,2.A.1,1.B.39
2.A.6,GT2
GT83,GT2,9.B.67,GT2,GT2,EAL,9.B.106
3.A.5,Fer4,GH28
2.A.1,Response_reg|Trans_reg_C,HATPase_c|HisKA,4.C.1,GT1,1.B.9,9.B.102,9.B.102,GH32,3.A.1,2.A.115,2.A.41,2.A.76
9.B.146,2.A.103,GT28,CE11,3.A.5,1.B.42
3.A.1,3.A.1,3.A.1,STAS,HD|ACT,GH103
GT4,GT4,CE4,GT30,2.A.6
GT4,GT4,GH39,GT4,GT2,9.B.18,Aminotran_1_2,2.A.1,Aminotran_1_2,9.B.1
2.A.55,GT19,1.B.33
2.A.3,GT9
GT51,ACT,9.B.34
GT4,FUR,2.A.4,2.A.86,2.A.86,3.A.5,2.A.6,2.A.6,Response_reg|GerE,1.B.19
2.A.1,HxlR,GH28|CE8
GH35,1.B.14,GH146,GH27,2.A.3,GT9
GT83,3.D.1
2.A.109,GT2,GT4,3.A.25
3.D.10,3.D.10,3.A.1,3.A.1,3.A.11,1.A.30,3.A.1,CBM50
GH3,Pribosyltran,CSD,3.A.1,9.B.62,1.B.76,MerR,3.A.3
GH92,2.A.1,HTH_IclR|IclR,3.A.23,3.A.23,GH73,3.A.23,3.A.23,3.A.23,FHA,GH23,2.A.25
2.A.7,3.A.16,CBM50,1.A.26
GH73,GT2,3.A.23,3.A.6,3.A.6,3.A.6,3.A.6,3.A.6,3.A.6,1.A.104
3.E.2,3.D.3,GH23,9.A.40,1.A.35
5.A.1,PL9_1,2.A.7,2.A.7
1.B.14,1.B.14,2.A.109,2.A.20,3.A.1,3.A.1,3.A.1,3.A.1,1.B.67,TPR_4|TPR_2,GH8,4.D.3,GT2,GH8,GH8,CbiA,GT2,4.D.3
2.A.7,GT2
3.D.4,3.D.4,3.D.4,GT9,2.A.37,1.A.22,1.B.33,9.B.22,1.A.13
1.B.22,3.A.11,GT51
9.B.34,GT51,GT2,2.A.12,MetJ,3.A.1,3.A.1,CHASE3,GT2,GT107,GT4,1.B.18,GT4
3.A.1,3.A.1,8.A.4,9.A.41,CE11,Aminotran_1_2,3.A.1
2.A.6,2.A.6,2.A.6,HTH_1|LysR_substrate,Pyr_redox_2,9.B.156,GT51,9.B.62,9.B.34,2.C.1,1.A.30,1.A.30,AAA,2.A.72
1.B.14,Aminotran_1_2,3.A.9,GH15,GT20
CE4,2.A.40,9.B.35,9.B.43
8.A.5,3.A.7,3.A.11,GT83,GT2
2.A.1,Pyr_redox,AsnC_trans_reg|MarR,2.A.49,MarR,CBM32,2.A.3,1.B.14,CE9,TetR_N,1.B.17,8.A.1,2.A.1
9.B.34,GT2,NUDIX,GT21
2.A.66,2.A.6,GT2
