1.B.14,2.A.23,GT4,GT4
2.A.6,2.A.6,2.A.6,AA3_2,2.A.8,Trans_reg_C|Response_reg,HATPase_c|HisKA,2.A.53,1.B.71
1.B.14,GT4,GT4
3.D.4,3.D.4,9.B.62,1.B.17,3.A.1,3.A.1,GT51,9.B.169
9.B.146,2.A.103,GT28
3.A.1,3.A.1,3.A.1,2.A.21,CbiA,9.B.125,Aminotran_1_2,1.B.14,Peripla_BP_2,9.B.10,3.A.1,3.A.1,Peripla_BP_2,1.B.14,4.C.1,CbiA,9.B.42,1.B.81,2.A.55,GT0,GH0,GH0|GH39
1.B.14,Glyoxalase,GH130
9.B.153,GT51
9.B.100,3.A.23,1.B.18,3.A.1,GT4,3.A.1,GT4,9.A.41,GT107,2.A.50
GH65,2.A.1,1.B.14,Pyr_redox_2,8.A.5
GH23,2.A.21
1.B.20,8.A.59,GT4,GH130,3.A.1,2.A.53
GH103,TetR_N,3.A.23,3.A.23,3.A.23,FHA,3.A.23,3.A.23,3.A.23,3.A.23,3.A.23,3.A.23
GT4,GH13_23,GH130,GH102,2.A.66
2.A.1,GT2,PfkB,2.A.17
2.A.1,AAA,3.A.5,2.A.6,2.A.6,1.A.62,GT4,1.B.33,2.A.21
AA3_2,1.B.14,1.B.14,Nitroreductase,3.A.1,3.A.1,3.A.1,3.A.1,3.A.23,3.A.1,3.A.1,1.B.14
GH0|GT4,GT4,GT4|GH1,1.E.43,3.B.1
3.A.1,GT2|CE4
GT4,8.A.3,9.B.18
9.B.157,2.A.103,GT4,PadR,AAA,5.A.1,CE9,SIS,GntR,1.B.14,GH20,4.A.1,4.A.1
2.A.40,CE4,Pyr_redox_2,9.B.35,2.A.28,TetR_N,2.A.41,2.A.88,1.B.14,TetR_N,1.B.14
2.A.64,GH3
1.B.14,GT21,GT2
GH18|CE4|GT2,8.A.1,2.A.1,2.A.6
2.A.95,GT2
3.A.1,3.A.1,3.A.1,HTH_1,GT81,CbiA,8.A.3,AAA,GH5_5,9.B.30,GT70
1.B.14,Glyoxalase,2.A.21,Trans_reg_C|Response_reg,GT4,8.A.5
GT2,2.A.102,9.B.124,9.B.18,2.A.1,GT9,GT4,PfkB,GT4
3.A.12,PL0,GT51
AA3_2,TetR_N,3.A.1,3.A.1,2.A.1
3.A.1,9.B.106,2.A.1,1.B.25,3.D.1,GH5_5
9.B.145,2.A.36,2.A.47,2.A.49,GH130,9.B.176
