3.A.1,GT102,4.D.1,2.A.8
2.A.115,GT1
9.B.20,CE4,HATPase_c|HisKA,Response_reg|Trans_reg_C,GH129
GT2|GT2,3.A.1,3.A.1,3.D.4,3.D.4
CBM32,1.C.41,1.C.41,1.C.41,2.A.3,Rhodanese,2.A.55,Peptidase_M23,HATPase_c|HisKA,Response_reg|Trans_reg_C,3.A.1
CE4,2.A.22,NTP_transf_2,PALP,2.A.1,2.A.1,2.A.1,PadR,9.B.102
3.A.5,1.A.104,3.A.6,3.A.6,GH23
GT4,GT2,9.B.18,3.A.3
GT4,CE14,2.A.115,3.D.3,3.D.3,3.D.3
2.A.21,GT51,2.A.20
GT2,GT2,2.A.103
3.A.9,2.A.115,GH13,1.A.11
GH73,2.A.66,2.A.53,4.C.1
4.A.1,GH32,PfkB,2.A.40,Peripla_BP_3|Peripla_BP_1,3.A.1,3.A.1,3.A.1,MarR,2.A.1,3.A.3,3.A.3,3.A.3
2.A.3,3.A.1,3.A.1,3.A.1,3.A.1,2.A.25,9.A.11,GH13_29,4.A.1,GntR,2.A.3
GT28,GT2|GT2,Pyr_redox,GT2,4.A.1
2.A.3,3.A.23,HhH-GPD,CE4,2.A.19,2.A.7,3.A.3,3.A.3,2.A.109
GH18|CBM2,3.A.1,3.A.1,3.A.1,3.A.1,4.C.1,1.B.52,2.A.13,3.A.7,9.B.74,4.A.1,GH13_31,TrmB|cNMP_binding,2.A.3,Arg_repressor,1.B.52,3.A.1,3.A.1,3.A.1,2.A.1
CE4,3.A.1,3.A.1,3.A.1,3.A.1
1.A.29,2.A.15,2.A.1,9.B.33,LytTR|Response_reg,1.E.14,2.A.122,2.A.86,2.A.6,TetR_N,GT2,3.A.1,GT2,1.B.52,1.A.62,GT4,GT26,2.A.1,LytTR|Response_reg,2.A.114,9.B.34
3.A.1,3.A.1,3.A.1,Peripla_BP_2,HD,9.B.149,GT51,MerR,2.A.1
1.A.77,3.A.2,3.A.2,3.A.2,3.A.2,3.A.2,EAL|PAS|GGDEF,3.D.1,3.D.1,3.D.1,3.D.1,3.D.1,3.D.1,3.D.9,3.D.9,3.D.9,3.D.1,3.D.9,EPSP_synthase,3.A.1,3.A.1,1.A.34,HTH_10,1.A.33,8.A.3,8.A.3,8.A.3,9.B.18,Aminotran_1_2,9.B.18,GT4,GT2
2.A.15,GT2,GGDEF,2.A.41
2.A.14,2.A.45,GH126,HTH_1|LysR_substrate,9.B.74,Glyoxalase,2.A.23,4.A.3,4.A.3,4.A.3,4.A.3,4.A.3,4.A.3,GH4,2.A.51,AAA,CE4,9.B.146,GT0,HxlR,3.A.11,3.A.11,CSD,3.A.5,3.A.1,9.B.174,3.A.1,3.A.1,MerR,HTH_1|LysR_substrate,2.A.98
1.A.1,9.B.20,CBM48|GH13_9,GT5,GT35
1.A.35,2.A.40,MarR,3.A.1,GntR,STAS,HATPase_c,Sigma70_r4|Sigma70_r3|Sigma70_r2,2.A.22,9.A.11,9.A.11,9.A.11,9.A.11,9.A.11,9.A.11,9.A.11,3.D.1,3.A.11,CE9,GntR,4.A.1,PTS-HPr,8.A.7,Nitroreductase,9.B.34
3.A.1,GH13_31,CBM34|GH13_20,3.A.1,3.A.1,3.A.1
9.B.146,2.A.103,GT28
CBM50,GH1,GntR,Aminotran_1_2|GntR,1.E.14,2.A.122,9.B.18,GT28,9.B.34,2.A.115,HhH-GPD,Ada_Zn_binding|HTH_18,3.A.1,3.A.1,3.A.1,3.A.1,HMA,3.A.3,1.A.16,GH18,2.A.3,HTH_DeoR|DeoRC,PfkB,4.A.2
3.A.1,3.A.1,3.A.1,3.A.1,3.A.1,GH25
CE4,3.A.1,GH18,9.B.31
1.C.3,TetR_N,GH5_48,CBM5,CBM5,1.B.52,GT0,9.A.11,AA10
1.A.46,MerR,GH13_5
2.A.76,GT2,Sigma70_r2,GH18|CE4|GT2,HTH_5,HxlR,4.C.1
2.A.1,TetR_N,2.A.1,HTH_5,Glyoxalase,2.A.59,CE4,3.D.1,9.A.24,2.A.3
9.B.74,3.A.1,2.A.109,CE4
3.A.23,Pyr_redox,2.A.25,HD,AA10
GT1,AA10,Sigma70_r2|Sigma70_r4_2,3.A.1,3.A.1,3.A.1
2.A.7,3.A.5,GyrI-like,CBM41|GH13_14,3.A.1
GH8,2.A.7
3.A.1,3.A.1,GT1,2.A.21
2.A.1,GT51,9.B.12
