GT51,GT51,2.A.80,2.A.80,HTH_1|LysR_substrate,1.B.52,2.A.122,3.A.1
GT30,3.A.1,GT4
GT51,HTH_IclR|AsnC_trans_reg,PALP,2.A.56
GT4,GT4,GT4,GT26,8.A.3
9.B.34,cNMP_binding|Crp,3.A.3,GT1,HTH_18|AraC_binding,2.A.76,9.B.27
GH51,3.A.1,3.A.1,3.A.1,3.A.1
3.A.1,3.A.1,3.A.1,GH13_23,3.A.1
GT41,2.A.56,2.A.56,2.A.56,HTH_1|LysR_substrate,3.D.2,MarR|AsnC_trans_reg,TetR_N,3.A.1,3.A.1,3.A.1,3.A.1,9.B.34,2.A.123,3.A.1,3.A.1,3.A.1,Response_reg|EAL,1.B.52,Aminotran_1_2,HTH_1|LysR_substrate,3.A.1,3.A.1,3.A.1
2.A.1,PALP,NUDIX,9.B.34,8.A.59,8.A.59,AsnC_trans_reg,GT41,2.A.102
GT4,MarR,3.A.1,3.A.1,GT27,GT4,GT4,8.A.59,3.A.1,3.A.1,3.A.1,3.A.1,3.A.1,MarR,3.A.1,3.A.1,3.A.1,3.A.1,GT1,GT4,GT4,GT1,3.A.1,3.A.1,3.A.1,3.A.1,2.A.1,2.A.1
3.A.1,3.A.1,3.A.1,Glycos_trans_3N,AA3_2,2.A.47,DeoRC|HTH_DeoR,3.A.1,3.A.1,3.A.1,3.A.1,3.A.1,2.A.102,dCache_1|MCPsignal,9.B.72
GH3,9.B.149,3.A.1,2.A.64,1.A.34,AAA,2.A.6,2.A.6,1.A.23
CE9,SIS,GntR,SIS,SBP_bac_1,3.A.1,3.A.1,3.A.1,SBP_bac_1,3.A.1,3.A.1,3.A.1,3.A.1,3.A.1,3.A.1,3.A.1
3.A.1,3.A.1,3.A.1,3.A.1,1.B.52,GH103
2.A.16,GH23,1.A.34
3.A.11,Citrate_synt,Glyoxalase,GT19,1.B.33
AA3_2,3.A.1,3.A.1,3.A.1,HTH_1|LysR_substrate,3.A.1,3.A.1,3.A.1
GT4,2.A.69,3.A.1,3.A.1,3.A.1,3.A.1,3.A.1,1.B.52,8.A.21,2.A.7,3.A.1,3.A.1,3.A.1,3.A.1
GT2,2.A.6
3.A.7,3.A.7,3.A.7,3.A.7,3.A.7,3.A.7,PSK_trans_fac,ATPase_2,3.A.7,3.A.1,ANTAR,3.A.1,3.A.1,3.A.1,FmdA_AmdA,3.A.1,GH23,1.B.52
2.A.21,GT9,4.A.2
9.B.146,2.A.103,GT28,Peripla_BP_3|LacI,3.A.1,3.A.1,3.A.1,3.A.1,3.A.1,3.A.1,3.A.1,3.A.1,3.A.1,HTH_IclR|IclR,CE11,1.B.33,EAL,2.A.7,HTH_1|LysR_substrate,8.A.5,2.A.102
2.A.63,2.A.63,2.A.63,2.A.63,2.A.63,3.A.1,3.A.1,3.A.1,3.A.1,9.B.34,2.A.22,3.A.1,3.A.1,9.B.14,9.B.14,DeoRC|HTH_DeoR,3.A.1,3.A.1,3.A.1,3.A.1,PfkB,GH23
3.A.1,3.A.1,3.A.1,3.A.1,3.A.1,HTH_1|LysR_substrate,9.B.43,1.B.52,PAS,3.A.1,3.A.1,9.B.35,CE4
2.A.1,HTH_3,1.B.42,CBS|SIS,GT2,HTH_12,3.A.8,HTH_5,2.A.7
3.A.25,2.A.76,HTH_1|LysR_substrate,9.B.20,Peripla_BP_3|LacI,GH1,3.A.1,3.A.1,3.A.1,3.A.1
9.B.10,GH114
