GH116,CbiA,Rhodanese,2.A.108,3.A.1
GT2,GT4,GT2|GT2,GT2|GT2,3.A.1,3.A.1
9.B.106,LysR_substrate|HTH_1,3.A.1,9.A.63,9.B.34,2.A.45,GH13
GT2,9.B.27,9.B.27,1.A.72
GT2,Aminotran_1_2,2.A.1,GT28,GT28
9.B.142,GT2,B12-binding_2|B12-binding,9.B.142
3.A.1,4.C.1,TPR_2|TPR_1,GH3,ACT,3.D.1,3.D.1
GH38,Sigma70_r4_2|Sigma70_r3|Sigma70_r2,3.A.2,2.A.19,GT83
GT4,HxlR,3.A.1,Pyr_redox,4.C.1,3.A.9,9.B.10,LexA_DNA_bind,3.A.1,2.A.103,9.B.146,3.A.16
GT2,GT1,Aminotran_1_2,9.B.100,3.A.5,1.B.42,1.B.42
3.D.1,2.A.53,TPR_2|TPR_1,GT2,cNMP_binding,3.A.1
2.A.6,3.E.2,3.A.1,3.A.1,GH10
3.A.1,8.A.5,GT4
9.B.142,GH13_11,TPR_2|TPR_1,2.A.86,CbiA,3.A.1,3.A.1,3.A.1,GAF|HATPase_c|HisKA,1.A.1
GT4,3.A.1,3.A.1
GT2,3.A.1,3.A.1,9.A.61
9.B.31,1.C.39,GT39
GH114,Response_reg,Response_reg,CheW,1.B.52
GT28,3.A.3
3.A.1,1.B.33,CE11
3.A.16,GT2,GT26
9.B.102,GT4,1.C.82,GT19
3.A.3,1.B.76,GAF|Response_reg,HATPase_c|GAF|HisKA|PAS|Response_reg,GT2
9.B.18,GH5_8,GT4,2.A.98,2.A.66,GH13_18
GT2,GT4,CE14,GT4,GT26,GH55,GT4,GT4,GT2,GT4,GT4,Aminotran_1_2,GT8,3.A.1,8.A.3,1.B.18,2.A.16,HisKA|PAS|HATPase_c,HisKA|HATPase_c|Response_reg|dCache_1,GT2
8.A.3,1.B.18,2.A.36,3.A.1,9.A.25,GT35
3.A.1,HTH_5,GT0,GT81
9.B.142,SBP_bac_3,TPR_1,GT4,GT2,2.A.37,2.A.53,3.A.1,3.A.1,3.A.1,3.A.1
3.D.4,3.D.4,3.D.4,GT4,TPR_2,TPR_2|TPR_1,3.A.1,GH57
3.A.3,GT1
9.B.145,2.A.36,2.A.36,1.A.26,3.A.3,GT4
4.C.1,2.A.50,TPR_1,GT2,GT2,GT2,9.B.126
GT25,9.B.87,GT4
2.A.36,GH100,2.A.86,2.A.3
GT4,TPR_1,3.D.10,GH104,HhH-GPD,3.D.4,PL9,9.B.34
3.D.7,GH65,GT4,8.A.7
3.A.1,3.A.1,GH73,GH100
GT2,GH0,Aminotran_1_2,9.B.142,3.E.2,3.E.2,Response_reg,Aminotran_1_2,NUDIX,9.B.174
GT2,GT4,GT26,9.B.18,GT2
3.A.1,3.A.1,3.A.1,3.A.1,3.A.1,GT10,1.A.23,8.A.59,1.I.1,5.B.4,3.A.16,3.A.11,3.A.15,3.A.11,1.A.33
2.A.6,Peptidase_M23,3.A.1,GT4
9.B.106,2.A.1,9.B.111,5.B.4,5.B.4,CbiA,bZIP_1,GT2,3.A.1,3.A.1,2.A.19,2.A.47
9.B.18,4.D.1,Pkinase|TPR_1,GH31,Glyoxalase,CBM48|GH13_9
3.D.1,Fer4,3.D.3,3.A.9,8.A.3,GT4,GT4
GT83,Rrf2,9.B.125,CbiA,3.D.9,3.D.1,3.D.1,3.D.1,3.D.7,PAS,SpoIIE,3.A.1
GT2,GT2,9.B.142
GT26,3.A.1
3.A.1,3.A.1,9.B.2,GT83
2.A.7,GT4,GT5
3.D.1,TrkA_C,GH23
1.A.11,9.B.67,GAF|HisKA,TPR_1,GT5,FUR,1.A.8,3.A.1
3.A.16,HisKA|HATPase_c|Response_reg|dCache_1,2.A.21,Response_reg,9.B.34,4.C.1,3.A.1,GT51
3.A.5,SBP_bac_3,GH135
GT4,3.A.1,3.A.1,3.A.1,3.A.1
4.C.1,TOBE,GT4,9.B.174,1.A.33,GT4,9.B.18,SKI,3.D.9,3.D.1
3.A.1,3.A.1,3.A.1,SBP_bac_1,Aminotran_1_2,9.A.61,Sigma70_r3|Sigma70_r4|Sigma70_r2,CE4
GT4,3.A.1,GT4,GT4
3.A.3,2.A.5,GT2,Glycos_trans_3N,3.A.1,3.A.1,5.A.3,Aminotran_1_2,2.A.4,9.B.10,9.B.10,3.A.1,5.B.4,3.A.1
2.A.106,2.A.106,9.B.160,GT81,9.B.149,4.C.1
9.B.34,GH57,HisKA|HATPase_c,3.A.1,3.A.11,2.A.21,2.A.21,9.B.142
GT51,HTH_5,2.A.59,CE4,PALP,3.A.11,1.B.23,BTAD|TPR_2|Pkinase|TPR_1,3.A.15,2.A.109
GT4,3.A.1
GT2,GT2,9.B.142,2.A.50,GT76
1.B.6,8.A.5,GH57
2.A.25,3.A.1,GH77
GH13_20,HATPase_c,3.A.1,3.A.1,HEAT_PBS,Response_reg,GH0,1.E.43,1.B.23
GT2,2.A.1
2.A.5,GT4,5.B.4,2.A.66
GT35,9.B.10
