3.A.1,3.A.1,3.A.1,CBM50,HTH_6|SIS,2.A.7,2.A.7,4.C.1,CbiA,GH103
2.A.7,2.A.7,GT83,GT2,Aminotran_1_2,3.A.1,3.A.1
2.A.95,GH23,3.A.1,3.A.1,3.A.1,3.A.1
PL2,PL2_2,3.A.1,3.A.1,3.A.1,3.A.1,1.B.35,2.A.23,HTH_IclR|IclR,PL22|PL22,2.A.1,1.B.11,9.B.1,9.B.174
1.B.40,1.B.40,CheZ,Response_reg,Response_reg|CheB_methylest,CheR_N|CheR,1.B.52,1.B.52,9.B.110,1.B.12,HTH_10,2.A.1,CheW,CheW|HATPase_c|H-kinase_dim|CheY-binding,1.A.30,1.A.30,FlhC,3.A.3,9.B.20,CSD,HTH_7,GH2
1.A.23,1.B.26,GT108,GH130,3.A.1,3.A.1,SBP_bac_1,Peripla_BP_3|LacI,3.A.1,1.C.75,1.C.75,1.C.75,1.B.20,2.A.15,HTH_1|LysR_substrate,Peripla_BP_1|LacI,3.A.1,3.A.1,3.A.1,2.A.7,3.A.1,3.A.1,3.A.1,1.B.52
3.A.23,3.A.23,3.A.23,3.A.23,1.B.11,1.B.11,3.A.23,3.A.23,GT60,GerE,GH103,3.A.1,3.A.1,3.A.1,5.A.3,5.A.3
1.B.25,4.A.1,CE9
1.B.12,9.B.8,9.B.8,GH3,8.A.5
3.A.1,3.A.1,8.A.21,MerR,3.A.3,2.A.1,2.A.37,PfkB,GT2,GT4
CBM34|GH13_21,2.A.3,2.A.26
1.E.5,AA10,HTH_1|LysR_substrate,3.D.5,3.D.5,3.D.5,3.D.5,3.D.5,3.D.5,3.D.5,SIS,PapB,GT41,1.B.20,HTH_7,AAA,3.A.1,3.A.1,3.A.1,3.A.1,HTH_6|SIS,2.A.1,2.A.78,2.A.78,MarR,8.A.1,2.A.1
3.A.1,3.A.1,3.A.1,Peripla_BP_1,HTH_DeoR|DeoRC,5.A.3,5.A.3,5.A.3,AA2,3.A.1,3.A.1,3.A.1,MarR,2.A.1
3.A.1,1.A.62,2.A.49,3.A.1,3.A.1,3.A.1,GT51
3.A.1,3.A.1,PL38,3.A.1,3.A.1,3.A.1,SBP_bac_1,PL38,PL17_1,2.A.6,2.A.6,2.A.6,HTH_3,3.A.18
2.A.81,Aminotran_1_2,GH13_19,9.B.186,4.A.2
8.A.1,2.A.85,GH3,3.A.1,3.A.1,3.A.1,Peripla_BP_3|LacI,GH94,3.A.1,1.B.26,1.C.75,1.C.75,1.B.20
2.A.37,2.A.37,GT2,GT9,3.A.1,3.A.1,3.A.1,2.A.76
2.A.85,Aminotran_1_2,GH4,Peripla_BP_3|LacI,1.B.14,2.A.1,NIR_SIR_ferr|Pyr_redox_2|NIR_SIR,1.A.16
1.B.22,GT51
9.A.8,9.A.8,9.A.8,Pribosyltran,GH77,GT35,GerE,Rhodanese,9.B.104
2.A.6,2.A.6,1.B.12,2.A.68,1.B.14,4.C.1,4.C.1,2.A.1,3.A.1,2.A.8,1.B.12,3.A.23,2.A.47,Peripla_BP_3|LacI,GH5_13,3.A.23,3.A.23,3.A.23,3.A.23,3.A.23,3.A.23,3.A.23,HTH_8,3.A.23,3.A.23,3.A.23,3.A.23
1.A.34,Aminotran_1_2,GT9,GT9,GT30,GT2
GH23,3.A.3,9.B.34,1.B.6,AAA,2.A.21,9.B.136,4.C.1,2.A.23,Response_reg|GerE,HisKA|Response_reg|HATPase_c,1.B.22
2.A.109,1.B.11,AA7,1.B.12
2.A.7,3.D.10,3.D.10,1.A.23,2.A.25,CBM50
4.A.2,4.A.2,4.A.2,4.A.2,3.A.1,3.A.1,3.A.1,3.A.1,GT9,9.B.67,CE8,9.B.34
4.B.1,HATPase_c,2.A.1,1.C.75,1.B.20,3.A.1,3.A.1,3.A.1,3.A.1,3.A.1,4.D.3,GH8,EAL|GGDEF,1.B.35,PL2_1,CBM32,2.A.23,PfkB,EAL,9.B.121,9.B.126,1.B.12,2.A.8
1.B.54,9.B.33,CBM48|GH13_9,GH13_11,GT5,GT35
4.A.1,GH13_29
9.B.146,2.A.103,GT28,CE11,3.A.5
1.I.1,3.A.6,9.B.146,GT0,Aminotran_1_2,2.A.66,GT56,9.B.128,GT26,2.A.3
9.B.2,3.A.23,1.B.6,3.A.23,3.A.23,GH0,GH0
3.A.1,3.A.1,3.A.1,1.B.14,Peripla_BP_2,GH23
3.A.1,3.A.1,3.A.1,3.A.1,3.A.1,3.A.1,3.A.1,GH53,GH42,4.A.1,1.B.3,Peripla_BP_3|LacI,GH31,2.A.1,Peripla_BP_3|LacI,GH154,GH105,CE9,4.A.6,4.A.6,4.A.6,4.A.6
3.A.7,GH102
1.B.33,GT19
3.A.1,3.A.1,3.A.1,GH23,2.A.39
2.A.124,3.A.1,3.A.1,CSD,3.A.9,3.A.1,3.A.1,Pyr_redox_2,AsnC_trans_reg|MarR,3.A.12,1.B.46,AAA,GT25,1.A.16,1.B.40,1.B.40,EPSP_synthase,3.A.11,3.A.1
3.A.23,1.B.6,3.A.23,3.A.23,GH0,GH0
2.A.66,Response_reg|GerE,2.A.56,2.A.56,GH36,2.A.1
1.A.14,AA3_2,TetR_N,2.A.15
GH73,Sigma70_r4_2,3.A.1,3.A.1,3.A.1,PfkB,3.A.6,3.A.6,3.A.6,3.A.6,3.A.6,3.A.6,3.A.6,3.A.6
2.A.21,2.A.108,2.A.108,2.A.108,AA6,2.A.3,1.B.6,9.B.72,Response_reg|GerE,4.F.1
3.D.5,Aminotran_1_2,2.A.3,HTH_DeoR|DeoRC,2.A.108,2.A.108,3.A.1,3.A.1,3.A.1,1.B.55,CE4|GH153,GT2,2.A.19
9.B.50,GH0
