1.E.53,GH23
2.A.1,2.A.81,GntR,4.A.1,GH4,9.B.51,PALP,2.A.8,LysR_substrate|HTH_1,2.A.1,2.A.7
2.A.2,GH31,SIS|HTH_6,GH4,4.A.1,2.A.40,2.A.27,1.A.8,3.A.1,9.B.124
GT2,GT30,GT2,GT4,GT4,GT9,GT9,GT73,GT9,GT9,Aminotran_1_2,GT2,1.A.34
2.A.14,4.A.2,9.B.32,8.A.1,3.D.1,Aminotran_1_2,GH13_19,GH73,HTH_18|Peripla_BP_3,3.A.1,3.A.1,3.A.1,9.B.44,9.B.44,9.B.97,2.A.109,1.E.53,3.A.1,CSD,HTH_3,2.A.1,2.A.1,PfkB,Peripla_BP_1|LacI,9.B.186,5.A.3,2.A.1,8.A.28,3.A.1,3.A.1,3.A.1,3.A.1,3.A.1,CbiA,GT2,4.D.3,1.B.55,GH8,CbiA,GT2,4.D.3,GH8,1.B.55,EAL|GGDEF,2.A.23,PfkB,9.B.121,2.A.1,9.B.126,LysR_substrate|HTH_1,GH37
2.A.17,9.B.4,2.A.20,Pyr_redox_2,1.A.26,3.A.1,3.A.1,3.A.1,3.A.1,3.A.1,LysR_substrate|HTH_1,Aminotran_1_2,GT2,GT83,2.A.7,2.A.7,2.A.86,2.A.1,2.A.88,3.A.3,3.A.5,3.A.1,3.A.1,Sigma70_r4|Sigma70_r2,Aminotran_1_2|GntR,Aminotran_1_2,2.A.42,3.A.1,3.A.1,3.A.1,3.A.1,3.A.1,3.A.1,3.A.1,3.A.1,3.A.1,3.A.1
2.A.8,CBM48|GH13_9,CBM48|GH13_11,GT5,GT35,HTH_3,Rhodanese,9.B.104,HTH_DeoR|DeoRC,GT35,GH77,2.A.8,Pribosyltran,9.A.8,9.A.8,9.A.8,Trans_reg_C|Response_reg,2.A.21
GT51,1.B.22
3.A.15,3.A.15,3.A.15,3.A.15,3.A.15,3.A.15,3.A.15,3.A.15,3.A.15,3.A.15,3.A.15,1.B.22,3.A.15,CBM41|CBM48|GH13_13,8.A.2,GT51,3.A.1,3.A.1,3.A.1,Aminotran_1_2,2.A.49,1.A.62,3.A.1
1.B.33,GT19
3.A.1,3.A.1,3.A.1,LysR_substrate|HTH_1,2.A.1,GH23,LysR_substrate|HTH_1,2.A.76,SIS,3.D.5,3.D.5,3.D.5,3.D.5,3.D.5,3.D.5,3.D.5
2.A.26,2.A.3,CBM34|GH13_21
2.A.115,2.A.113,EAL,3.A.1,3.A.1,3.A.1,3.A.1,GH53,GH42,4.A.1,1.B.3
3.A.1,3.A.1,3.A.1,Peripla_BP_1|LacI|Peripla_BP_3,GH32,4.A.1,1.B.3,PfkB,Rrf2,9.B.32,8.A.1,3.A.1,3.A.1
3.A.3,8.A.1,2.A.6,2.A.7,Aminotran_1_2|GntR,Aminotran_1_2|GntR,SBP_bac_3,3.A.1,3.A.1,3.A.1,3.A.1,3.A.1,3.A.1,3.A.1,3.A.1,AA3_2,TetR_N,2.A.15,1.A.23,LysR_substrate|HTH_1,3.A.1,3.A.1,3.A.1,MarR,1.B.14,4.C.1,3.A.1,3.A.1,3.A.1,2.A.1,3.A.1,2.A.114,HTH_3,3.A.1,3.A.1,Peripla_BP_1,2.A.1,LacI|Peripla_BP_3,HTH_8,2.A.39,PfkB,3.A.1,3.A.1,3.A.1,Peripla_BP_1,5.A.3
CE9,4.A.1,1.B.25
1.A.23,3.A.1,3.A.1,3.A.1,2.A.7,1.B.6,Fe_dep_repr_C|Fe_dep_repress,2.A.45,GH1,GntR,3.A.1,GH31,2.A.1
1.E.25,GH24,1.M.1
AA6,2.A.7,2.A.40
GT2,2.A.1
4.A.1,GH3,Pyr_redox_2,1.B.14
1.E.1,GH24
9.B.34,8.A.59,2.A.76,9.B.34,2.A.1,HTH_18,GT9
GH18,2.A.1,PfkB,8.A.5,HTH_DeoR|DeoRC,2.A.1
4.A.3,4.A.3,4.A.3,AraC_binding|HTH_18,GH4,CE0,2.A.23,1.B.14,1.B.39,1.B.14,MarR,LysR_substrate|HTH_1,2.A.1
1.E.5,GH108,NTP_transf_2,2.A.7
GH4,3.A.23,3.A.1,LysR_substrate|HTH_1,2.A.1
2.A.1,GH2
3.A.1,3.A.1,3.A.1,3.A.1,3.A.1,HTH_3,2.A.1,2.A.7,HTH_18,MarR,2.A.95,2.A.1,GH33
4.A.2,2.A.1,GH4,4.A.1
CE4,GntR,2.A.39,9.B.34
2.A.7,2.A.7,LysR_substrate|HTH_1,peroxidase,9.B.20,2.A.1,4.A.3,4.A.3,AraC_binding|HTH_18,CBM67|GH78,4.A.3,LysR_substrate|HTH_1,3.D.1,1.A.46,2.A.4
2.A.1,TetR_N,2.A.1,5.A.3,5.A.3,5.A.3,3.A.1,3.A.1,AraC_binding|HTH_18,GH78,1.B.3,HTH_3,SBP_bac_3,3.A.1,3.A.1,3.A.1,2.A.3,1.B.14
2.A.1,GH1,HHA,3.D.6,3.D.6,3.D.6,3.D.6,3.D.6,3.D.6,HhH-GPD,2.A.17
GH37,1.B.14,GH23,2.A.36,Pyr_redox,GntR,2.A.34,5.A.2
CBM50,3.A.1,3.A.1,3.A.1
9.B.158,GH105,2.A.2,GT20,3.A.1,3.A.1,3.A.1,2.A.2,2.A.1,2.A.42,4.F.1,GerE|Response_reg,GerE|Autoind_bind,3.A.1,3.A.1,PALP,3.A.1,GH13_5,GerE,9.B.34,2.A.7,HD,1.B.1
GT2,GT4,GT2,Pyr_redox,GT111|GT8,3.A.1,3.A.1
9.B.18,GT4,GH39,GT4,GT0,GT2,8.A.3,1.B.18,1.B.73,2.A.109,9.B.22
2.A.40,LysR_substrate|HTH_1,2.A.113,3.A.1,LytTR|Response_reg,9.B.33,3.A.1,3.A.1,3.A.1,3.A.1,GH3,9.B.29,9.B.27,1.B.17,GH1,4.A.1,1.E.14,2.A.122,9.B.114,3.A.1,3.A.1,3.A.1,LacI|Peripla_BP_3,9.B.169,1.B.14,2.A.3,LysR_substrate|HTH_1,2.A.98,4.A.2,PfkB,4.A.2,2.A.1
1.B.33,ACT,2.A.86,2.A.40,Pribosyltran,GH1
9.B.209,LysR_substrate|HTH_1,GH19,1.E.56
3.A.23,HisKA|HATPase_c,GH23
1.M.1,GH24,1.E.25
3.A.1,3.A.1,3.A.1,GH103,4.A.4,4.A.4,4.A.4,HTH_DeoR|DeoRC,SIS|CBS,3.A.23,Pyr_redox_2,2.A.52,5.A.3,LacI|Peripla_BP_3,4.A.1,GH1,3.D.1,3.D.1,3.D.1,3.D.1,3.D.1,3.D.1
3.A.23,GH1,GH5_41|CBM35,4.A.3,4.A.3,4.A.3,4.A.3,Glucokinase,LacI|Peripla_BP_3,3.A.1,3.A.1,3.A.1,3.A.1,LysR_substrate|HTH_1,2.A.69,1.B.14,3.A.1,3.A.1,3.A.1,1.E.53,MarR,LysR_substrate|HTH_1,2.A.1,Sigma70_r4|Sigma70_r3|Sigma70_r2,CBM50
GH102,CbiA,3.A.1,3.A.1,3.A.1,3.A.1
4.A.2,NUDIX,2.A.109,8.A.5,2.A.1,4.C.1,LacI|Peripla_BP_3,GntR,GH1,4.A.3,3.A.1,LysR_substrate|HTH_1,AraC_binding,3.A.1,3.A.1,3.A.1,3.A.1,1.B.15,GH32,2.A.1,Peripla_BP_1|LacI,2.A.1,PL22|PL22,PL0,LysR_substrate|HTH_1,2.A.117,2.A.42
8.A.1,2.A.85,1.B.17,2.A.17,3.A.4,HTH_5,LysR_substrate|HTH_1,2.A.37,8.A.5,LysR_substrate|HTH_1,2.A.1,CBM50
1.C.113,SIS|HTH_6,GH1,5.A.1
GH23,2.A.1,9.B.120
3.A.7,GH23
GH43_10,2.A.2,1.A.30,1.A.30,9.B.27,HTH_18,1.B.76
3.A.1,3.A.1,3.A.1,3.A.1,3.A.1,2.A.19,SIS|CBS,1.B.42,1.B.42,1.B.42,4.A.2,8.A.8,GT51
2.A.3,2.A.2,GH43_26,9.B.125,3.A.15,3.A.15,NUDIX,3.A.5,CE11,GT28,2.A.103,9.B.146
GH23,3.A.1,4.B.1
2.A.2,GH43_11
3.A.3,LacI|Peripla_BP_3,4.A.1,GH13_29,4.A.3,GH4,4.A.3
CBM50,3.A.1,1.A.23,2.A.3,3.D.10,3.D.10,2.A.7,9.B.13
1.B.55,CE4|GH153,GT2,2.A.109
2.A.2,GH4,HTH_18,2.A.1
3.A.1,LacI|Peripla_BP_3,1.B.33,HTH_18,1.B.14,GH23
2.A.3,GT26,9.B.128,GT56,2.A.66,Aminotran_1_2,GT0,9.B.146,3.A.6,1.I.1,LysR_substrate|HTH_1,9.B.120
2.A.4,Trans_reg_C|Response_reg,HisKA|HATPase_c,2.A.7,AraC_binding|HTH_18,AraC_binding|HTH_18,3.A.1,3.A.1,3.A.1,3.A.1,2.A.1,GH36,Peripla_BP_1|LacI,HTH_3,2.A.78,2.A.78,4.A.7,4.A.7,5.A.3,5.A.3,5.A.3
