GH43_3,3.A.1,3.A.1,Pyr_redox_2,3.A.1
3.A.1,3.A.1,GT26,GT2
GT2,2.A.64
3.A.1,3.A.1,8.A.21,3.A.1,GT4
GT28,2.A.103,9.B.146
GH13_21,3.A.1,3.A.1,3.A.1,GH13_30,PfkB,PadR,9.B.141,3.A.1,3.A.1,3.A.1,4.A.1,GT51
9.B.34,GH35,SBP_bac_1,3.A.1,3.A.1,Peripla_BP_3|LacI,CBM22|GH10
9.A.25,Peripla_BP_2,3.A.1,3.A.1,PL9_1
4.D.2,GT2|GT4
3.A.1,3.A.1,SBP_bac_1,GH13_30
3.A.1,HTH_5,9.B.143,PadR,HTH_5,Peripla_BP_3,GH36,MarR,3.A.1,3.A.1,3.A.1,3.A.1,3.A.1,GH1,2.A.36,1.B.52
3.A.1,MarR,1.A.8,Pyr_redox_2,GH38,3.A.1,3.A.1
3.A.1,3.A.1,3.A.1,GH42|GH164
3.D.10,3.D.10,2.A.47,HTH_IclR|Response_reg,GH13_20,3.A.7,Glyoxalase,Trans_reg_C|Response_reg,HATPase_c|HisKA,8.A.5
1.A.8,HTH_IclR|IclR,1.A.26,2.A.69,8.A.5,2.A.3,MarR,2.A.1,MarR,3.A.18,9.B.34,GH125,3.A.1,3.A.1,SBP_bac_1,GH76,GntR|Peripla_BP_3|Peripla_BP_1,Pribosyltran,GT2,GH3,GH3,GH3
2.A.4,HTH_5,MarR,GH30_3|CBM32
GH15,2.A.4,HTH_5,1.A.13,GH3,GH36
CE14,STAS,GT51,1.B.52,GH26,SpoIIE|PHY|GAF,1.A.43
GH3,Pyr_redox_2,9.B.27,3.A.9,GT2,Glyoxalase,3.A.1,3.A.1,3.A.1,LysR_substrate,PadR,2.A.1
2.A.79,GH6
GH30_2,GH42,3.A.1,3.A.1,GH43_12,Peripla_BP_3|LacI,Rhodanese,3.A.1,3.A.1,GH36
1.A.1,Whib,GT51,3.A.1,3.A.1,GntR,ACT,2.A.102
3.A.1,3.A.1,3.A.1,9.B.106,3.A.1,GT81
2.A.1,GntR,SKI,2.A.8,9.B.169,2.A.3,NTP_transf_2,GH53|CBM61,3.A.1
9.B.169,GH1,3.A.1,3.A.1,3.A.1,Peripla_BP_3|LacI,2.A.33,1.B.6
GT51,PadR,2.A.1
3.A.1,3.A.1,GH13_30
1.B.52,GH114
2.A.1,GH3,STAS,3.A.1,3.A.1
GH13_16,GT4,GH92,3.A.1,3.A.1,3.A.1,3.A.1
GH15,TetR_N,2.A.1,2.A.63,2.A.63,3.A.1,3.A.1,3.A.1
2.A.1,LysR_substrate|HTH_1,Peripla_BP_3|LacI,SBP_bac_1,3.A.1,3.A.1,GH1,2.A.23,1.A.16,ACT,CbiA,3.A.7
3.A.1,3.A.1,3.A.1,1.A.35,SpoIIE|GAF,MarR,2.A.38,2.A.38,3.A.1,3.A.1,3.A.1,Peripla_BP_3|LacI,GT2,GT4,GT4,GH43_4,3.A.1,3.A.1,SBP_bac_1,GH51,GH43_5
2.A.1,GT4,HATPase_c|HisKA,3.A.1,3.A.1,3.A.1,3.A.1,2.A.7,LysR_substrate|HTH_1,3.A.1,GT20,9.B.106,2.A.1,MerR,Peripla_BP_3|LacI,3.A.1,3.A.1,3.A.1,GH3,GH43_12,CE7
3.A.1,3.A.1,GH38,GH5_18,GH92,Peripla_BP_3|LacI,2.A.1,2.A.79,PfkB,4.A.1,GH1,GH51,Peripla_BP_3|LacI,3.A.1,3.A.1
4.A.1,GH1
GH67,Peripla_BP_3|LacI,3.A.1,3.A.1,SBP_bac_1,GH39,GH42
GH23,2.A.3,3.A.1,3.A.1,3.A.1,GH130,HATPase_c,Response_reg|GerE,3.A.1,MarR,TetR_N,Response_reg|GerE,3.A.1,HTH_IclR,3.A.1,3.A.1,3.A.1,8.A.7
9.B.18,GT4,8.A.3,GT4,GT4,3.A.1,3.A.1,GT4
2.A.1,TetR_N,GH42
3.A.1,GH105,3.A.1,3.A.1,3.A.1
2.A.86,PALP|ACT,CE14
3.A.1,3.A.1,3.A.1,3.A.1,CE14
3.A.1,MerR,2.A.36,GGDEF|EAL,SpoIIE|GAF,GT2
GT4,9.B.146,3.A.2,3.A.2,3.A.2,CE9,Peripla_BP_3|LacI,Peripla_BP_3|LacI,SBP_bac_1,3.A.1,3.A.1,GH31,GH1
3.A.1,GH13_31
GH120,Peripla_BP_3|LacI,Peripla_BP_3|LacI,GH39,3.A.1
3.A.1,3.A.1,3.A.1,3.A.1,3.A.1,GH3,3.A.1
4.A.1,1.A.23,GH77
3.A.1,3.A.1,3.A.1,GH43_12,GH1
GH3,GH3,2.A.6
GH43_26,2.A.1,PAS|SpoIIE|GAF,GT2,9.A.40,9.A.40,9.B.34
3.A.1,3.A.1,SBP_bac_1,CBM67|GH78
9.B.106,GH23
3.A.3,TrkA_C,2.A.3,2.A.121,2.A.66,NUDIX,CBS,3.A.1,3.A.1,Peripla_BP_3|LacI,GH0
2.A.15,2.A.3,2.A.75,LysR_substrate|HTH_1,GH65,4.A.2
PL1_6,2.A.86
1.A.35,TetR_N,2.A.7,3.A.1,3.A.1,3.A.1,CBM13|CBM6
2.A.109,2.A.109,GH15
3.A.1,3.A.1,GH3,GH94
