2.A.1,1.A.30,GT2|GT2,CE4,SpoIIE,GT2
3.A.23,3.D.2,HTH_1|LysR_substrate,GH20
GT28,2.A.103,9.B.146
GH2,GH43_19|GH43_34,GH88,GH145,GH154,8.A.46,1.B.14,GH43_17,GH43_29,GH43_19,GH43_19,GH43_18,CBM47,CBM47,GH43_29,NUDIX,Y_Y_Y|Reg_prop|HATPase_c,Response_reg|GerE,GH33,2.A.1,LacI|Peripla_BP_3,1.I.1,1.A.23,GH51,GH97,GH43_5,1.B.14
1.A.23,GH29
CBM62,9.A.31,3.A.2,3.A.2
GT51,9.A.25,9.A.25,9.A.25,9.B.172
GT2,2.A.6,2.A.6,8.A.59,Response_reg|LytTR,GH23,8.A.51
1.I.1,GH133,GT4,GH57,3.A.9
GT4,GH3,HATPase_c,9.B.104,9.B.104,2.A.16,8.A.46,1.B.14,1.B.3,2.A.15,9.B.14
9.A.25,9.B.18,2.A.50,GH28,PL10_1,Sigma70_r2|Sigma70_r4_2,FecR,1.B.14
1.B.14,8.A.46,HTH_18,AA7,2.A.21,GH43_26
1.E.34,GH23,HTH_1|LysR_substrate,2.A.98,1.A.62
GH2,Response_reg|LytTR,Response_reg|LytTR,9.B.33,3.A.1,2.A.109
GT4,GT4,GT2,2.A.66,8.A.46,1.B.14
AA2,GH5_4,GH29|CBM32,LytTR,PL1_2,GH140,GH28,GH43_18,GH143,CBM67|GH78,2.A.21,CE0,GH95,GH105,GH142,CBM67|GH78
9.A.8,GT2,GT83
9.B.124,CBM9
PL1_2,9.B.142,2.A.21,1.B.14,Sigma70_r4_2,1.B.14,1.B.42
1.B.14,CE8,GH95,Sigma70_r2|Sigma70_r4_2,FecR,1.B.14,8.A.46
2.A.23,SIS,GT5
2.A.6,2.A.6,2.A.6,GH29,AAA,1.B.14,9.A.40,2.A.86,1.A.1,2.A.38,2.A.38,Fer4,GH31
2.A.49,GntR|Peripla_BP_3,2.A.39,GntR|Peripla_BP_3,GH106,1.B.14,8.A.46,GH117
CE12|CE12,GH105,GH5_2,1.B.14,CE7,GH105,GH28,GH2,PL11_1,CE6,Reg_prop|Response_reg|HATPase_c|Y_Y_Y|HisKA|HTH_8|HTH_18,1.B.14,8.A.46,PL11_1,PL26,CE12,GH51,GH33,GH138,GH2|CBM57,GH2,HTH_18,1.B.14,8.A.46,1.B.14,8.A.46,GH141,GH31,2.A.21,GH78,GH2
2.A.28,1.A.10,GH137,GH2,GH106,GH139,GH127,1.A.46
3.A.12,GH95,1.B.14,8.A.46,1.B.14
2.A.1,GH16_3,GH5_46,1.B.14,Y_Y_Y|GerE,GH67,LacI|Peripla_BP_3,GH2,GH115,2.A.21,9.A.25,HTH_18,GH43_1,2.A.21,NUDIX,Glyoxalase,9.B.174
3.D.5,3.D.5,3.D.5,3.D.5,GT20,GAF|HATPase_c,2.A.21
1.B.14,GH9,GH3,1.B.33,GH15,Sigma70_r2|Sigma70_r4_2,GT2
GH2,1.B.14,8.A.46,9.B.172,1.B.6,Response_reg|LytTR,HATPase_c|PAS|HisKA,GH29,GH154,GH20,GH88,Sigma70_r2|Sigma70_r4_2,FecR,1.B.14,PL8_3,PL33_1,Sigma70_r2|Sigma70_r4_2,FecR,1.B.14,GH29,Sigma70_r2|Sigma70_r4_2,FecR,1.B.14,GH29
3.A.1,CE11,HD,Response_reg|PglZ,3.D.2,Response_reg,2.A.21
2.A.15,GH20
1.B.14,3.A.1,GH29,Glyoxalase,1.A.35
9.B.122,9.B.210,GerE,GH3,Sigma70_r2|Sigma70_r4_2,FecR,1.B.14,8.A.46,GH20,GH92,1.B.14,8.A.46,GH63,GT1,HATPase_c,3.A.23,3.A.25
GH144,CE1,GH3,GH144,1.B.14,1.B.14,3.A.1
2.A.4,Glyoxalase,1.B.14,8.A.5,cNMP_binding,Sigma70_r4_2,FecR,1.B.14,8.A.46,GH95,Sigma70_r4_2,FecR,1.B.14
1.B.14,3.A.1,GT2,3.A.1,GT2,GT11,GT2,GT2,GT2,GT2,GT4,GT4,GT4,PL22,8.A.46,1.B.14,Sigma70_r2|Sigma70_r4_2,FecR,1.B.14,8.A.46
1.B.14,CBM47,GH16_3
2.A.6,2.A.6,2.A.28,GH53|GH53,Sigma70_r4_2,FecR,1.B.14
GH43_37|CBM61,PL1_2,9.B.10,GH127,GH2,CBM67|GH78,2.A.25,FecR,1.B.14,GT4,GT26,GT4,GT2,GT2|GT4,3.A.1,GT2,GAF|GerE,GH159,GH43_8,GH43_34,GH5_13,Sigma70_r2|Sigma70_r4_2,FecR,1.B.14,GH43_33,Reg_prop|Response_reg|HATPase_c|Y_Y_Y|HisKA|HTH_18,1.B.14,GH43_3,GH127,GH2
3.D.10,3.D.10,3.D.10,2.A.21,1.B.44,PfkB,2.A.1,GH32,GH32,1.B.14,2.A.1,Response_reg|HATPase_c|Peripla_BP_1|HisKA|HTH_18,2.A.37,2.A.35,GT2,1.B.57
2.A.2,GH31,LacI|Peripla_BP_1,1.B.14,GH13_36
GT2,8.A.3
PL8,2.A.50
2.A.109,2.A.47,9.B.168,CE1,2.A.55,2.A.38,2.A.38
GH105,CE8,GH43_10,GH28,CE12,CE12,CE8,1.B.14,PL1_2,CE8,Glyoxalase,GH28,PL1_2,GerE,1.B.6
GH28,1.B.14,GH92,2.A.1,GntR,GH92,GH16_21
GH95,9.A.25,GH0
2.A.56,2.A.56,2.A.56,Response_reg,2.A.6,GH117
1.B.14,FecR,GH33,2.A.1,HTH_18|Peripla_BP_3,9.B.97
9.B.97,PL1_2|CBM3,GH28,GH105,PL1_2,8.A.46
9.B.10,GH2
GH43_31,1.B.14,3.A.10,LytTR,2.A.6,2.A.6,TetR_N,1.B.14,8.A.5,GH9,1.B.14,Reg_prop|Response_reg|HATPase_c|Y_Y_Y|HisKA|HTH_18,1.B.14
2.A.8,GntR,GH2,GH43,1.B.14,FecR,Sigma70_r2|Sigma70_r4_2,1.B.73,PL35,2.A.50,GT26,GT4,GT94,8.A.3,1.B.18,Response_reg|LytTR,9.B.18,1.B.73
3.A.11,9.B.144,CheR,GT2,GT4,GT4,9.B.176,Glyoxalase,2.A.4,2.A.53,8.A.5,8.A.5
GH92,2.A.1,GH92,8.A.46,1.B.14,LacI|Peripla_BP_3,8.A.46,1.B.14,CBM47,GH29,GH20
PL1_2,Response_reg|LytTR,PL1_2,1.B.14
CBM67|GH78,GH92,GH125,GH76,PL0,8.A.46,1.B.14
GH31,3.A.1,3.A.1
9.B.158,PspC,GT2
GH23|CBM50,9.A.25
GH2,8.A.46,1.B.14
2.A.37,cNMP_binding,GH43_1,GH10,GH3,GH30_8,GH43_12,GH43_29|CBM6,GH43_29|CBM6,GH97,GH43_29,GH95,GH43_2,GH43_10,GH10,GH10
GH2,GH30_4,1.B.14,Reg_prop|Response_reg|HATPase_c|Y_Y_Y|HisKA|HTH_18,2.A.6,8.A.1,2.A.6,PL1_2,3.A.1,1.B.14,FecR,Sigma70_r2|Sigma70_r4_2,8.A.46,1.B.14,GT2,GT94,GT4,GT4,GT2,9.B.18,GH43_8,Response_reg,GH16_3,GH43_24,1.B.14,1.B.14,Reg_prop|Response_reg|HATPase_c|Y_Y_Y|HisKA|HTH_18,Response_reg|LytTR,9.B.33
GH20,CE9,2.A.21,GH20,8.A.46,1.B.14
CE15,GH106,8.A.46,1.B.14,FecR,Sigma70_r2|Sigma70_r4_2,GH97,GH105,GH76,PL0,1.B.14
9.B.146,1.B.73,GT4,GT0,2.A.66
3.A.1,3.A.23,HATPase_c|PAS,GH130,GT4,GT4
CBM67|GH78,CBM67|GH78,8.A.46,1.B.14,GH136
GH146,3.A.1,1.B.14,Sigma70_r2|Sigma70_r4_2,1.B.14,1.B.14,FecR,Sigma70_r4_2,1.B.14
3.A.1,GT2,GT2
GT19,8.A.46,1.B.14,1.B.6
