3.A.1,GH99
9.B.99,GH18,Nitroreductase,3.A.7
4.A.3,4.A.3,4.A.3,HTH_18|AraC_binding,GH4,CE0,2.A.23
3.A.1,3.A.1,EAL,3.A.1,3.A.1,3.A.1,1.B.14,4.A.1,2.A.2,GH3,2.A.86,3.D.1
GH13_16,3.D.4
2.A.117,8.A.5,LysR_substrate|HTH_1,2.A.6,2.A.6,1.B.17,Response_reg|Trans_reg_C,2.A.21,LysR_substrate|HTH_1,2.A.1,9.B.211,CBM48|GH13_11,GH13_26,GH13_10
GT2,PAS|HisKA|HATPase_c|Response_reg,GH2,5.A.1,Sigma70_r4_2|Sigma70_r2,1.B.52,Peripla_BP_3|LacI,GH32,4.A.1,1.B.3,PfkB,HTH_6|SIS,3.A.1,3.A.1,3.A.1,3.A.1,3.A.1
3.A.18,1.A.35,1.B.52,9.B.34,9.B.34,3.A.1,3.A.23,Peripla_BP_1|LacI,1.B.21,3.A.1,GH65,3.A.1,3.A.1,3.A.1,GH13_18,PspC,9.B.100,3.A.23,3.A.1,3.A.1,3.A.1,3.A.1,3.A.1
3.A.23,3.A.23,3.A.23,3.A.23,3.A.23,3.D.1,LysR_substrate|HTH_1,HTH_18,2.A.1,HTH_18|AraC_binding,GH37,1.B.14,1.E.43,GH23,2.A.36,Pyr_redox,GntR,2.A.34,5.A.2
CBM50,3.A.1,3.A.1,3.A.1
GH108,1.E.56,1.E.43
9.B.158,3.A.6,3.A.6,CheZ,Response_reg,Response_reg|CheB_methylest,CheR_N|CheR,1.B.52,1.B.52,1.B.11,2.A.23,CheW,HATPase_c|H-kinase_dim|CheY-binding|CheW,1.A.30,1.A.30,FlhC,FlhD,GT20,3.A.1,3.A.1,3.A.1,2.A.13,2.A.42,3.A.1,3.A.1,3.A.1,3.A.1,3.A.1
4.F.1,GerE|Response_reg,GerE|Autoind_bind,3.A.1,3.A.1,PALP,3.A.1,Sigma70_r4|Sigma70_r3|Sigma70_r2,GT41,GH13_5,3.A.6,3.A.6,3.A.6,3.A.6,3.A.6,3.A.6,3.A.6,3.A.6,9.B.34,2.A.7,HD,1.B.1,SIS,PAS|HATPase_c|dCache_1,Response_reg,Pyr_redox_2,2.A.47,LysR_substrate|HTH_1,2.A.1
GT4,2.A.66,9.B.18,GT4,NUDIX,GT2,GT4,GT2,8.A.3,1.B.18,2.A.109,9.B.22,9.B.34,AlkA_N|HhH-GPD,8.A.1,2.A.6,2.A.6,2.A.1
GH32,2.A.1,Peripla_BP_1|LacI,8.A.3,1.B.18,2.A.113,3.A.1,Response_reg|LytTR,9.B.33,MerR,3.A.1,3.A.1,3.A.1,3.A.1,GH3,9.B.29,9.B.27,1.B.17,GH1,4.A.1,HTH_18|AraC_binding,1.E.14,2.A.122,9.B.114,3.A.1,3.A.1,3.A.1,Peripla_BP_3|LacI,9.B.169,2.A.1,1.B.14,2.A.3,LysR_substrate|HTH_1,2.A.98,4.A.2,PfkB,4.A.2,2.A.1
1.M.1,GH24
1.B.33,ACT,2.A.86,2.A.40,Pribosyltran,GH1,MASE1|EAL,9.B.209
5.A.3,5.A.3,GT51,4.A.1,GH4
2.A.113,2.A.1,Aminotran_1_2,3.A.23,HisKA|HATPase_c,GH23,4.A.1,SIS,HTH_6|SIS,GH33
1.M.1,GH24,1.E.25
3.A.1,3.A.1,3.A.1,GH103,4.A.4,4.A.4,4.A.4,HTH_DeoR|DeoRC,CBS|SIS,3.A.23,Pyr_redox_2,2.A.52,5.A.3,Peripla_BP_3|LacI,4.A.1,GH1,3.D.1,3.D.1,3.D.1,3.D.1,3.D.1,3.D.1
2.A.1,Sigma70_r4|Sigma70_r3|Sigma70_r2,CBM50
GH102,3.A.7
1.C.113,HTH_6|SIS,GH1
GH23,2.A.1
1.B.55,CE4|GH153|GH153,GT2,3.A.1,3.A.1,3.A.1,3.A.1,3.A.1
2.A.42,PALP,LysR_substrate|HTH_1,GT2
3.A.1,3.A.1,3.A.1,3.A.1,3.A.1,2.A.19,CBS|SIS,1.B.42,1.B.42,1.B.42,4.A.2,8.A.8,GT51,PAS|HisKA|HATPase_c|Response_reg,1.B.42,1.B.42
3.A.25,9.B.34,4.A.3,4.A.3,1.C.82,3.A.5,3.A.1,3.A.1,3.A.1,3.A.1,3.A.1,2.A.1,5.A.3,9.B.186,Peripla_BP_1|LacI,PfkB,2.A.1,CSD,HTH_3,3.A.1,9.B.97,HTH_18,3.A.1,3.A.1,3.A.1,HTH_18|Peripla_BP_3,GH73,GH13_19,Aminotran_1_2,3.D.1,9.B.99,LysR_substrate|HTH_1,8.A.1,9.B.32,4.A.2,2.A.14,GntR,2.A.1
1.A.34,GT2,Aminotran_1_2,GT9,GT9,GT9,GT4,GT4,GT2,GT30,GT2
2.A.27,2.A.40,GH31,2.A.2,MerR,9.B.35,1.C.75,1.B.20,3.A.1,Peripla_BP_3|LacI,4.A.3,4.A.3,GH1,4.A.3,2.A.7,2.A.1,2.A.1,2.A.1
2.A.7,2.A.1,GH5_25,LysR_substrate|HTH_1,2.A.8,PALP,9.B.51,GH4,4.A.1,GntR,2.A.81
3.A.23,2.A.21,1.B.35,2.A.2,2.A.2,GH31,PfkB,HTH_DeoR|DeoRC,1.B.12,Trans_reg_C,9.B.126,5.A.3,5.A.3,5.A.3,2.A.78,2.A.78,HTH_3,Peripla_BP_1|LacI,GH36,2.A.1,HisKA|HATPase_c,Response_reg|Trans_reg_C,2.A.4,3.A.1,9.B.124,1.A.8
1.I.1,3.A.6,9.B.146,GT0,Aminotran_1_2,2.A.66,GT56,9.B.128,GT26,2.A.3
2.A.38,HTH_11,GH8,GT2,4.D.3,GH8,1.B.55,GGDEF|EAL,2.A.23,PfkB,EAL,9.B.121,2.A.1,9.B.126,LysR_substrate|HTH_1,GerE|Response_reg,GH24,GH37,Pyr_redox_2,9.B.4,2.A.20,Pyr_redox_2,HTH_IclR|IclR,2.A.1,2.A.109,3.A.7,LysR_substrate|HTH_1,Aminotran_1_2,GT2,GT83,2.A.7,2.A.7
2.A.6,GT2
2.A.86,2.A.1,2.A.88,2.A.95,CBM48|GH13_9,CBM48|GH13_11,GT5,GT35,Pyr_redox_2,Rhodanese,9.B.104,HTH_DeoR|DeoRC,GerE,GT35,GH77,2.A.8,9.A.8,9.A.8,9.A.8,Response_reg|Trans_reg_C,2.A.21
GT51,1.B.22
GH23,3.A.7
1.B.15,2.A.1,GH36,Peripla_BP_1|LacI,4.A.1,GH32
4.A.2,GH38,4.A.2,HTH_6|SIS,GH13_29,4.A.1,Peripla_BP_3|LacI,3.A.3,GH20
2.A.2,GH43_11
GH5_13,2.A.2,2.A.1
4.B.1,LysR_substrate|HTH_1,3.A.1,GH23
9.B.146,2.A.103,GT28,CE11,3.A.5,NUDIX,3.A.15,3.A.15,9.B.125,GH43_26,2.A.2,2.A.3
GT51,1.B.14,3.A.1,3.A.1,3.A.1,2.A.49,1.A.62,3.A.1
1.B.33,GT19
3.A.1,3.A.1,3.A.1,LysR_substrate|HTH_1,2.A.1,GH23,GntR,3.A.1,3.A.1,3.A.1,3.A.1,3.A.1
2.A.26,2.A.3,CBM34|GH13_21
2.A.115,Peripla_BP_3|LacI,GH2,2.A.113
AA3_2,TetR_N,2.A.15,1.B.14,4.C.1,3.A.1,3.A.1,3.A.1,2.A.1,3.A.1,2.A.1,2.A.114,HTH_3,3.A.1,3.A.1
CE9,4.A.1,1.B.25
3.D.10,3.D.10,GntR,4.A.2,GH38,3.D.4,3.D.4,9.B.85,8.A.79,1.A.30,1.A.30,2.C.1,2.C.1,2.C.1,2.C.1,4.B.1,2.A.4
3.A.1,HTH_1|TOBE,2.A.6,3.A.1,3.A.1,3.A.1,CE8
1.A.23,3.A.1,3.A.1,3.A.1,2.A.7,1.B.6,Fe_dep_repr_C|Fe_dep_repress,2.A.45,8.A.1,2.A.1,1.B.17,8.A.5,GH1,4.A.3,GntR,3.A.1,GH31,2.A.1
1.B.22,3.A.15,3.A.15,3.A.15,3.A.15,3.A.15,3.A.15,GH18,GH23,GH19|CBM73
1.A.14,3.A.1,2.A.50,9.B.35,2.A.39,GntR,CE4
AA6,2.A.7,2.A.40
GH73,2.A.1
4.A.1,GH3
