1.B.12,GT4,CBM5,3.A.15,1.B.22,3.A.15,3.A.15,3.A.15,3.A.15,3.A.15,3.A.15,3.A.15,3.A.15,3.A.15,8.A.2,1.C.11,3.A.1,8.A.1
GH23,3.A.7
2.A.81,GntR,4.A.1,GH4,AraC_binding|HTH_18,2.A.21,9.B.51,2.A.1
3.A.6,3.A.6,3.A.6,GH23,TPR_3,1.B.22,3.A.6,3.A.6,3.A.6
2.A.2,GH31,2.A.40,2.A.27
GT30,GT9,GT4,GT8,GT8,GT4,GT9,GT9,Aminotran_1_2,GT2,1.A.34
9.B.32,8.A.1,HTH_1|LysR_substrate,9.B.99,GH127,2.A.2,AraC_binding|HTH_18,3.D.1,Aminotran_1_2,GH13_19,GH73,Peripla_BP_3|HTH_18,3.A.1,3.A.1,3.A.1,9.B.44,9.B.44,9.B.97,1.E.53,CSD,HTH_3,9.B.186,5.A.3,2.A.1,1.C.80,3.A.1,3.A.1,3.A.1,3.A.1,3.A.1,2.A.42
GT2,4.D.3,GH8,EAL|GGDEF,2.A.23,PfkB,EAL,9.B.121,2.A.1,9.B.126,HTH_1|LysR_substrate,GerE,GH37,5.B.3,HTH_18,HTH_18,2.A.6,8.A.1,GerE,9.B.36,9.B.20,3.A.1,3.A.1,3.A.1,1.B.14,GerE,3.A.4
2.A.6,GT2
2.A.8,2.A.95,CBM48|GH13_9,CBM48|GH13_11,GT5,GT35,Rhodanese,9.B.104,HTH_DeoR|DeoRC,3.A.23,GerE,GT35,GH77,2.A.8,9.A.8,9.A.8,9.A.8,Trans_reg_C|Response_reg,2.A.21,9.B.65,NUDIX,GT51,1.B.22
GT51,Pkinase,8.A.8,4.A.2,1.B.42,1.B.42,1.B.42,SIS|CBS,2.A.19,3.A.1,3.A.1,3.A.1,3.A.1,3.A.1
1.B.11,4.A.6,4.A.6,SIS,CE9,4.A.6,4.A.6,4.A.6,4.A.6,HTH_DeoR|DeoRC,2.A.1
2.A.42,2.A.42,HTH_1|LysR_substrate,9.B.124,9.B.124,1.E.34,9.B.27,GntR,2.A.1,2.A.23,2.A.109,9.B.114,HTH_3,Pyr_redox_2,GH63,2.A.3,GH2,Peripla_BP_3|LacI,1.B.52
GT44,GT44,GT0,1.B.6
9.B.120,2.A.1,GH23
GH1,1.C.113
3.A.23,CBM50,HTH_18,1.B.22,3.A.6,3.A.6,3.A.6,3.A.6,3.A.6
3.A.7,GH102
3.D.1,3.D.1,3.D.1,3.D.1,3.D.1,3.D.1,GH1,4.A.1,Peripla_BP_3|LacI,5.A.3,Pyr_redox_2,3.A.23,SIS|CBS,HTH_DeoR|DeoRC,4.A.4,GH103
GH23,HisKA|HATPase_c,3.A.23,Aminotran_1_2,MarR,TPR_1,3.A.1,3.A.1,3.A.1
GT51,5.A.3,5.A.3
2.A.69,HisKA|Response_reg|SBP_bac_3|HATPase_c,GerE|Response_reg,2.A.1,2.A.1,PALP,Peripla_BP_1|LacI,GH32,PfkB,2.A.1
2.A.7,2.A.7,GT83,GT2,Aminotran_1_2,NUDIX,1.B.68,HTH_IclR|IclR,2.A.1
1.B.17,9.B.27,9.B.29,GH3,3.A.1,3.A.1,3.A.1,3.A.1
1.C.54,1.E.1,GH24
GH25,GntR,PfkB,2.A.1,4.A.5,4.A.5,4.A.5
9.B.22,HTH_3,2.A.109,1.B.18,8.A.3,GT2,GT4,GT2,NUDIX,GT4,9.B.18,2.A.66,GT4,GT2,GT2,2.A.66
2.A.1,GT9
CE0,1.E.1,GH24,1.M.1
9.B.102,GH13_5
3.A.1,3.A.1,GT20,FlhD,FlhC,1.A.30,1.A.30,CheW|H-kinase_dim|CheY-binding|HATPase_c,CheW,1.B.52,1.B.52,CheR_N|CheR,Response_reg|CheB_methylest,Response_reg,CheZ,3.A.6,1.A.104,9.B.158,5.A.3,5.A.3
3.A.1,3.A.1,3.A.1,CBM50
4.A.3,4.A.3,4.A.3,AraC_binding|HTH_18,GH4,CE0,2.A.23
CE0,1.E.1,GH24
CE0,1.E.1,GH24,1.M.1
1.M.1,GH24,1.E.1,CE0
3.A.23,Peripla_BP_1|LacI,1.B.21,3.A.1,GH65,3.A.1,3.A.1
GH24,1.E.1
4.A.2,Peripla_BP_2,3.A.1,3.A.1,1.B.14,1.E.43,GH23,2.A.36,Pyr_redox,GntR,2.A.34,5.A.2,1.C.10
1.M.1,GH104,1.E.5
GH24,1.E.1
GH3,1.B.14,4.A.1
9.B.34,1.B.55,CE4|GH153,GT2,2.A.108,2.A.108,2.A.108,2.A.21
GH24,1.E.1,1.C.54
AA6,5.A.3,5.A.3,5.A.3
1.E.1,GH24
GT0,1.B.6,1.E.1
1.M.1,GH24,1.E.1
CE8,2.A.47,HTH_1|LysR_substrate,3.A.1,3.A.1,3.A.1,8.A.50,HTH_1|TOBE,3.A.1
4.A.1,CE9
1.B.10,2.A.6,2.A.6,3.A.5,CBM34|GH13_21,2.A.3,2.A.26,HisKA|HATPase_c|PAS,Trans_reg_C|Response_reg,2.A.1
GH2,2.A.1,2.A.1,Cyanate_lyase,2.A.53,HTH_1|LysR_substrate,2.A.39,4.C.1,Citrate_synt,3.A.23,2.A.76,3.A.1,3.A.1
1.B.12,2.A.15,TetR_N,AA3_2
GH23,HTH_1|LysR_substrate,3.A.1,3.A.1,3.A.1
GT19,1.B.33
3.A.1,1.A.62,2.A.49,3.A.1,3.A.1,3.A.1,1.B.14,GT51
2.A.3,9.B.125,3.A.15,3.A.15,NUDIX,3.A.5,CE11,GT28,2.A.103,9.B.146
GH23,3.A.1,4.B.1
2.A.8,1.B.11,1.C.80,1.B.35,CE0
3.A.3,Peripla_BP_3|LacI,4.A.1,GH13_29
2.A.13,2.A.2,GH4,HTH_18,Aminotran_1_2,HTH_18,2.A.3,Trans_reg_C|Response_reg,HisKA|HATPase_c,2.A.1,Glyoxalase,3.A.1,3.A.1,GntR,3.A.1,3.A.1,2.A.21,3.A.1,3.A.1,3.A.1
2.A.102,GH31,2.A.2,2.A.2,1.B.35,2.A.1,GntR,HisKA|HATPase_c|PAS,3.A.23
2.A.3,GT26,9.B.128,GT56,2.A.66,Aminotran_1_2,GT0,9.B.146,3.A.6,1.I.1
