GT83,2.A.7,2.A.7
GH32,Peripla_BP_1|LacI,PALP,2.A.1,2.A.1
3.A.23,HisKA|HATPase_c,GH23
GH103,4.A.4,4.A.4,DeoRC|HTH_DeoR,SIS|CBS,3.A.23
GH1,HTH_3,3.D.1,3.D.1
GH102,3.A.7
3.A.1,3.A.1,3.A.1,3.A.1,2.A.19,1.B.42,1.B.42,4.A.2,8.A.8,Pkinase,GT51
9.B.4,2.A.20,Pyr_redox_2,GT35,GT5,2.A.95
GT35,GH77,2.A.8,9.A.8,9.A.8,9.A.8,Trans_reg_C|Response_reg,2.A.21,9.B.65
9.B.118,3.D.1,Aminotran_1_2,GH73,Peripla_BP_3|HTH_18,3.A.1,3.A.1,3.A.1
GT26,9.B.128,2.A.66,Aminotran_1_2,GT0,9.B.146,3.A.6,1.I.1
1.A.34,GT2,Aminotran_1_2,GT9,GT9,9.B.67,GT25,GT8,GT8,GT8,GT4,GT9,GT30
2.A.1,9.B.51,2.A.21,GH4
GH13_29,4.A.1,Peripla_BP_3|LacI,3.A.3
9.B.146,2.A.103,GT28,CE11,3.A.5
GT51,1.B.14,3.A.1,3.A.1,2.A.49,1.A.62,3.A.1
1.B.33,GT19
3.A.1,3.A.1,3.A.1,LysR_substrate|HTH_1,GH23
9.A.18,GH2
CE9,4.A.1
AA6,2.A.40
3.A.1,GT1,3.A.1,5.B.7
9.B.102,GH13_5
3.A.1,3.A.1,3.A.1,CBM50
2.A.36,GH23,1.E.43,1.B.14,3.A.1
1.C.54,GH24,3.A.23
GH3,1.B.14,4.A.1
9.B.27,9.B.29,GH3,3.A.1,3.A.1,MerR,9.B.33
3.A.7,3.A.7,3.A.7,3.A.7,3.A.7,GH23,3.A.11
