2.A.1,Pyr_redox_2,2.A.81,9.B.51,PALP,2.A.8,HTH_1|LysR_substrate,GH5,2.A.1,2.A.7
2.A.1,Response_reg|GerE,MASE1|HATPase_c,2.A.1,2.A.1,2.A.40,2.A.1,4.A.3,GH1,4.A.3,4.A.3,Peripla_BP_1|LacI|Peripla_BP_3,3.A.23,4.A.6,4.A.6,4.A.6,4.A.6,3.A.1,2.A.7
3.A.7,2.A.2,GH31,2.A.1,SIS|HTH_6,GH4,4.A.1,2.A.40,2.A.27
GT30,GT9,GT4,GT4,GT8,GT8,GT73,GT9,9.B.67,GT9,GT9,Aminotran_1_2,GT2,1.A.34
9.B.32,8.A.1,HTH_1|LysR_substrate,9.B.99,Trans_reg_C,3.D.1,Aminotran_1_2,GH13_19,GH73,HTH_18|Peripla_BP_3,3.A.1,3.A.1,3.A.1,9.B.44,9.B.97
GT2,4.D.3,GH8,1.B.55,GGDEF|EAL,2.A.23,PfkB,EAL,9.B.121,2.A.1,9.B.126,HTH_1|LysR_substrate,GerE,GH37,Pyr_redox_2,2.A.17,9.B.4,2.A.20
2.A.6,GT2
2.A.8,2.A.95,CBM48|GH13_9,CBM48|GH13_11,GT5,GT35,IclR|HTH_IclR,2.A.1,Rhodanese,9.B.104
GT35,GH77,2.A.8,9.A.8,9.A.8,9.A.8,Response_reg|Trans_reg_C,2.A.21
GT51,1.B.22
GT51,Pkinase,8.A.8,4.A.2,1.B.42,1.B.42,1.B.42,SIS|CBS,2.A.19,3.A.1,3.A.1,3.A.1,3.A.1,3.A.1
4.A.6,4.A.6,4.A.6,SIS,CE9,4.A.6,4.A.6,4.A.6,4.A.6,HTH_DeoR|DeoRC,HTH_DeoR|DeoRC,Glucokinase,3.A.1,3.A.1,3.A.1,SBP_bac_1,2.A.1,HTH_1|LysR_substrate,PALP,2.A.42
2.A.42,HTH_1|LysR_substrate,9.B.124,9.B.124,1.E.34,9.B.27,GntR,2.A.1,2.A.23,2.A.109,Pyr_redox_2,1.B.52,1.B.52,PadR,GH2,2.A.1
3.A.15,GH23,GH23,3.A.7
9.B.120,2.A.1,GH23
2.A.1,HTH_1|LysR_substrate,1.A.23,2.A.75,3.A.1,GH23
9.B.146,2.A.103,GT28,CE11,3.A.5,NUDIX,3.A.15,3.A.15,9.B.125,GH43_26,2.A.2,2.A.3
GT51,1.B.14,3.A.1,3.A.1,3.A.1,2.A.49,1.A.62,3.A.1
1.B.33,GT19
3.A.1,3.A.1,3.A.1,HTH_1|LysR_substrate,2.A.1,GH23
1.B.12,GntR|cNMP_binding,2.A.17,2.A.76,1.B.12,1.B.12,3.A.23,Citrate_synt,4.C.1,GH2,HTH_18,1.B.12,3.A.1,3.A.1,3.A.1,2.A.1,MASE1|HATPase_c,Response_reg|GerE,3.A.1,3.A.1,3.A.1,1.B.12,Rrf2,9.A.18,2.A.1,9.B.34
2.A.26,2.A.3,CBM34|GH13_21
AA3_2,TetR_N,2.A.15,3.A.1,3.A.1,3.A.1,MarR,1.B.14,4.C.1,3.A.1,3.A.1,3.A.1,2.A.1,3.A.1,2.A.1,2.A.114
CE9,4.A.1,2.A.1
4.A.2,GH38,3.D.4,3.D.4,9.B.85,8.A.79,1.A.30,1.A.30,2.C.1,2.C.1,2.C.1,2.C.1,4.B.1,2.A.4
2.A.6,3.A.1,3.A.1,3.A.1,CE8
1.A.23,3.A.1,3.A.1,3.A.1,2.A.7,1.B.6,Fe_dep_repr_C|Fe_dep_repress,2.A.45,3.A.1,GH31,2.A.1
1.E.1,GH24
AA6,TetR_N,2.A.21,2.A.108,2.A.108,2.A.108,1.B.48,1.B.48,1.B.48
GT2,2.A.1
GH73,2.A.1
4.A.1,1.B.14,GH3,Pyr_redox_2,1.B.14,TetR_N,3.A.1,3.A.1,3.A.1,Glucokinase,3.A.1,3.A.1,3.A.1,3.A.1
9.B.99,8.A.5,GH18,Nitroreductase,3.A.7
4.A.3,4.A.3,4.A.3,HTH_18|AraC_binding,GH4,CE0,2.A.23
1.A.23,Glyoxalase,HTH_DeoR|DeoRC,3.A.1,3.A.23,Peripla_BP_1|LacI,1.B.21,3.A.1,GH65,3.A.1,3.A.1,3.A.1,PspC,9.B.100,3.A.23,3.A.1,3.A.1,3.A.1,3.A.1,3.A.1,9.B.34
GH37,1.B.14,1.E.43,GH23,2.A.36
3.A.7,3.A.7,FlhC,GH23
CBM50,3.A.1,3.A.1,3.A.1
9.B.158,GH105,2.A.2,3.A.6,3.A.6,1.B.11,CheZ,Response_reg,Response_reg|CheB_methylest,CheR_N|CheR,1.B.52,1.B.52,2.A.23,CheW,CheW|HATPase_c|H-kinase_dim|CheY-binding,1.A.30,1.A.30,FlhC,FlhD,GT20,3.A.1,3.A.1,3.A.1
GH13_5,9.B.102,3.A.6,3.A.6,3.A.6,3.A.6,3.A.6,3.A.6,3.A.6,3.A.6,GerE,9.B.34,2.A.7,HD,1.B.1
GT4,2.A.66,9.B.18,GT4,NUDIX,GT2,GT4,GT2,8.A.3,1.B.18,2.A.109,9.B.22
2.A.113,3.A.1,Response_reg|LytTR,9.B.33,MerR,3.A.1,3.A.1,3.A.1,3.A.1,GH3,9.B.29,9.B.27,1.B.17,AraC_binding,2.A.1,HTH_1|LysR_substrate,1.E.14,2.A.122,9.B.114,3.A.1,3.A.1,3.A.1,LacI|Peripla_BP_3,9.B.169,1.B.14,2.A.3,HTH_1|LysR_substrate,2.A.98,PfkB|HTH_11,2.A.41,PfkB,4.A.2,PfkB,4.A.2,2.A.1
GT2,Response_reg|GerE,9.B.14,3.A.1,9.B.14,3.A.1,3.A.1,5.B.5,Fer4,Fer4,5.A.3,Fer4,2.A.53,1.A.26,3.A.1,HTH_18|Ada_Zn_binding,1.B.1,HATPase_c,Response_reg|GerE,Response_reg|HisKA|HATPase_c,2.A.21,3.A.23,2.A.73,HTH_6,4.A.4,4.A.4
2.A.1,IclR|HTH_IclR,1.B.68,NUDIX,Aminotran_1_2,GT2,GT83,2.A.7,2.A.7
8.A.59,Response_reg|LytTR,CSD,Glucokinase,2.A.49,8.A.5,4.A.1,CE9,2.A.55,2.A.41,MASE1|GGDEF|EAL,HTH_3,HTH_3,3.A.23
2.A.40,Pribosyltran,GH1,MASE1|EAL,9.B.209
GH23,4.A.1
GH24,1.E.2
GH103,4.A.4,4.A.4,4.A.4,HTH_DeoR|DeoRC,SIS|CBS,3.A.23,Pyr_redox_2,5.A.3,LacI|Peripla_BP_3,4.A.1,GH1,3.D.1,3.D.1,3.D.1,3.D.1,3.D.1,3.D.1
GH102,3.A.7
2.A.3,Response_reg|Trans_reg_C,Trans_reg_C,3.A.4,3.A.4,ArsD,HTH_5,CBM50,3.A.23
1.C.113,SIS|HTH_6,GH1
GH43_11,2.A.2,AraC_binding,Sigma70_r4,3.A.1,3.A.1,3.A.1,3.A.1
5.A.3,5.A.3,2.A.3,Arg_repressor,2.A.56,2.A.56,3.A.3,LacI|Peripla_BP_3,4.A.1,GH13_29
CBM50,2.A.25,1.A.23,3.D.10,3.D.10,2.A.7,GerE,9.B.13
GH31,2.A.2,2.A.2,1.B.35,HisKA|PAS|HATPase_c,3.A.23
9.B.21,HEM4,TPR_2,2.A.3,GT26,9.B.128,GT56,2.A.66,Aminotran_1_2,GT0,9.B.146,3.A.6,1.I.1,Diacid_rec,2.A.8,HTH_1|LysR_substrate,GT2,GT4
GH23,3.A.7,3.A.7,3.A.7,3.A.7,3.A.7,3.A.7,3.A.7,3.A.7,3.A.7,AAA,3.A.7
