GH23,2.A.38,2.A.38,CBM50,3.A.11
GT30,AsnC_trans_reg|HTH_11,Aminotran_1_2,Rhodanese,9.B.104,9.B.34,FIST,2.A.56,2.A.56
1.B.52,Pkinase,GH18,AA10,GH18
GT51,3.A.11,1.B.22,SKI,1.B.71
1.B.14,1.B.18,8.A.3,2.A.66,GT4,GT4,GT4,9.B.18,9.B.18,1.B.48,TPR_1,1.B.52,9.B.126
1.A.23,LacI|Peripla_BP_3,2.A.2,Glucokinase,GH31,GH13_23,GH13,8.A.5
GH63,Penicillinase_R,8.A.5,1.B.14,CBM41|GH13_13,LysR_substrate|HTH_1,GH13_13,Trans_reg_C,FHA,9.B.106,3.A.1,3.A.1
1.B.14,GH20,CE9,2.A.1,9.B.14,3.A.1,3.A.1,9.B.14
CBM50,Sigma70_r4|Sigma70_r2|Sigma70_r3,9.B.34,3.D.5,3.D.5,3.D.5,3.D.5,3.D.5,3.D.5,1.A.30,1.A.30
1.B.52,1.B.52,GH103,1.B.14
1.B.33,GT19,2.A.23
4.F.1,2.A.21,SIS,GT4,GT4,GT4
9.B.18,GT4,3.A.23,Response_reg,GH23,ACT,8.A.59,Aminotran_1_2,1.A.1
3.A.1,2.A.76,GH73
GT26,GT4,2.A.66
GT56,GT0,9.B.146,CBS,3.D.1,3.D.1,3.D.1,3.D.1,3.D.1,3.D.1,3.D.1,3.D.1,3.D.1,3.D.1,3.D.1,3.D.1
GH23,3.D.4,3.D.4,3.D.4,3.A.3
2.A.21,EAL,2.A.35,2.A.121,1.A.30,3.A.1,3.A.1,1.B.52,2.A.53,Glyoxalase,GntR,2.A.62,5.A.2,GH103
1.B.52,CBM5
CBM6|GH5_25,GH37,GH3,1.B.14,CBM9,SKI,GH94,1.B.14,HATPase_c|HisKA,GH3,2.A.1,GH1,2.A.2
9.B.34,3.A.5,9.B.14,9.A.40,GH23,2.A.22,3.A.1,3.A.1,3.A.1,1.I.1
2.A.6,GT4
9.B.34,CheC,Response_reg,GT51
1.A.12,3.D.3,3.D.3,GT2,GT4,GT4,GT2,GT2,GT4,9.B.97,3.A.15,3.A.15,3.A.15,NUDIX,3.A.5,1.A.34,CE11,GT28,2.A.103,9.B.146
GH20,1.A.23,GH3,2.A.1,GntR|Aminotran_1_2,1.A.30,8.A.59,2.A.49
2.A.35,CBM50
1.C.82,1.A.1,GH9,3.A.5,9.B.34,HTH_18,1.B.14,3.A.7
GH2,Pyr_redox_2,GntR,9.B.125
2.A.47,SBP_bac_3,2.A.6,Pyr_redox_2,9.B.34,GT2,GT94
GT2,GT4,GT4,GT4,9.B.18,CbiA,1.B.66,9.B.42,3.A.23,HATPase_c,2.A.6
