GT51,3.A.1,3.A.1,HTH_1|LysR_substrate,HTH_1|LysR_substrate,3.A.1,3.A.1,3.A.1
GH51,HTH_3,HTH_18,GH3,GH2,GH43_35,2.A.2,HTH_18,GH127,2.A.66,HTH_1|LysR_substrate,GH146,AraC_binding|HTH_18,4.A.2,4.A.2,4.A.2,GH38,HTH_11|Mga,GH2,3.A.1,3.A.1,3.A.1,9.B.33,HTH_18|Response_reg,CBM66|PL1
GH65,Peripla_BP_3|LacI,4.A.1
2.A.1,Peripla_BP_3|LacI,GH32,4.A.1
2.A.3,9.A.11,9.B.124,GH43_4
3.A.1,Peripla_BP_3|LacI,GH94,GH3,3.A.1,3.A.1,3.A.1,Sigma70_r2,3.A.1
3.A.1,3.A.1,GH84
GH18,GGDEF|HD,2.A.1,HMA,3.A.3,Nitroreductase,3.A.1,3.A.1,3.A.1
GH13_31,CE4,3.A.1,3.A.1,MerR,8.A.5,9.B.33,Trans_reg_C|BTAD|Response_reg,CBM34|GH13_20,Trans_reg_C|Response_reg,HisKA|HATPase_c,3.A.1
1.B.52,2.A.1,GyrI-like|MerR,GT2
8.A.59,2.A.21,GT28,2.A.102,2.A.28,HTH_18|Response_reg,8.A.59,3.A.1,3.A.1,3.A.1
1.A.22,Sigma70_r2|Sigma70_r4_2,GT28
2.A.28,AraC_binding|HTH_18,GH5_8,GH2,2.A.1,HTH_3,2.A.76,GH13_29,4.A.1,GntR,LytTR|Response_reg,2.A.3,9.A.11,Peripla_BP_3|LacI,4.A.1,Pyr_redox_2|NIR_SIR|NIR_SIR_ferr,CBM32,9.A.11,2.A.3,PadR,HxlR,GH30_2,Trans_reg_C|Response_reg,HisKA|HATPase_c,2.A.86
2.A.2,GH42,8.A.59,HTH_18|Response_reg,SBP_bac_1,3.A.1
3.A.1,3.A.1,2.A.1,GH68,GH32,MarR,2.A.3,SIS,PfkB,GntR,2.A.118,2.A.21
GH36,4.A.1
8.A.59,HTH_18|Response_reg,SBP_bac_1,3.A.1,3.A.1,CE12,GH105,3.A.1
3.A.1,3.A.1,3.A.1,PALP,GH43_5,3.A.1,3.A.1,3.A.1
3.A.1,3.A.1,3.A.1,2.A.1,HTH_1|LysR_substrate,2.A.1,SKI,PL3_1,2.A.1,PALP,8.A.5
3.A.1,3.A.1,3.A.1,3.A.1,GH3,GH30_3,3.A.1,3.A.1,3.A.1,3.A.1
GH4,9.B.33,HTH_18|Response_reg,SBP_bac_1,3.A.1,3.A.1
GH146,HTH_1|LysR_substrate,2.A.118,PL11
3.A.1,3.A.1,2.A.1,TetR_N,AraC_binding|HTH_18,2.A.1,HTH_18|Response_reg,8.A.59,Peripla_BP_1,GH4,GH6|CBM3,GntR,3.A.1,8.A.5,3.D.2,9.A.40,1.B.52,9.B.20,1.I.1,2.A.1,2.A.7
3.A.1,3.A.1,3.A.1,AsnC_trans_reg,2.A.1,1.B.12,4.A.1,GH3,GH32
1.E.19,GH25,3.A.1
8.A.3,CbiA,9.B.18,GT2,GT26,GT2,GT4,GT4,GT4,GH26,CBM32|CBM35,HTH_3,8.A.3,8.A.3,9.B.18,GT4,GT4,GT26,3.A.1,1.A.34,2.A.115
CE4,3.A.1,3.A.1,3.A.1,TetR_N,3.A.1,3.A.1,1.B.52,2.A.7,3.A.1
GT28,GT2,3.A.1,3.A.1,3.A.1,3.A.1
PL1_8,3.A.1,1.E.40,2.A.1
3.A.1,2.A.78,AraC_binding|HTH_3,GH43_24|CBM13|CBM13
8.A.59,9.A.40,GT2,GT0
3.A.1,3.A.1,3.A.1,PL10_1,2.A.86
3.A.1,2.A.107,GH23
2.A.8,4.A.1,GH1
CE4,1.E.19
9.B.34,GT4,2.A.120
3.A.1,3.A.1,GH43_4,GH43_26
2.A.1,3.A.1,Peripla_BP_3|LacI,GH2,dCache_1|HTH_18,Glucokinase,2.A.1,SBP_bac_1,3.A.1,3.A.1,GT4,2.A.1,2.A.85,3.A.1,1.B.52,2.A.1,2.A.26,AraC_binding|HTH_18,GH31,1.B.52,2.A.1,2.A.1,MarR,HTH_11|CBS,4.C.1,1.B.52
GH42,AraC_binding|HTH_18,2.A.3
GT35,9.B.74,8.A.5,9.B.10,HTH_1|LysR_substrate,3.A.1,3.A.1
3.A.1,3.A.1,3.A.1,3.A.1,3.A.1,PL33_2,GH88,3.A.1
GH1,2.A.7,4.A.1,GH1,HisKA|HATPase_c,Trans_reg_C|Response_reg,9.B.97,CE12,3.A.1,3.A.1,HTH_11|CBS,3.A.1,3.A.1,4.C.1
2.A.9,Trans_reg_C|Response_reg,HisKA|HATPase_c,GT4
1.B.52,Response_reg|HisKA|HATPase_c,Trans_reg_C|Response_reg,2.A.37,9.B.34,GH94,GH48|CBM3
8.A.59,HTH_18|Response_reg,SBP_bac_1,3.A.1,3.A.1,Trans_reg_C|Response_reg,HisKA|HATPase_c,3.A.1,3.A.1,3.A.1,CE4,Sigma70_r2|Sigma70_r4_2,GH13_36
4.C.1,2.A.1,HTH_1|LysR_substrate,AraC_binding|HTH_18,GH42,HTH_5,GH2,HxlR,GH26,HTH_1|LysR_substrate,9.A.11,MarR,3.A.1,3.A.1,GntR|Aminotran_1_2,2.A.78,2.A.78,HxlR,3.A.1,3.A.1,3.A.1,3.A.1,GH120,AraC_binding|HTH_18,HTH_1|LysR_substrate,2.A.7,GH1,4.A.1,2.A.115,MarR,2.A.7,2.A.7
3.A.23,4.A.6,4.A.6,4.A.6,4.A.6,GH32|CBM66|CBM66|CBM38|GH32|CBM66,PfkB,Peripla_BP_3|LacI,3.A.1,3.A.1,3.A.1,GH32,4.A.1,GH1
GH13_31,3.A.1,3.A.1,3.A.1,3.A.1
GH74|GH74|GH74|CBM46|CBM3,3.A.1,3.A.1,3.A.1,3.A.1
CE4,3.A.1,3.A.1,GT5,GH13_9,HisKA|HATPase_c,Trans_reg_C|Response_reg,3.A.1,2.A.1,3.A.7
GH1,2.A.7
1.E.26,GH25,1.E.19
3.A.24,GT51
GT4,CE14,TPR_2|TPR_1,2.A.115
GH51,2.A.109,2.A.7,2.A.3,GT51
2.A.103,2.A.19,PTS-HPr,9.B.34,GyrI-like|HTH_18,GT51,4.C.1
5.A.3,Pyr_redox_2|NIR_SIR,2.A.1,1.B.52,GH53,GH42,3.A.1,3.A.1,3.A.1,HTH_18|Response_reg,8.A.59
GH140,4.A.3,GH1,4.A.3,4.A.3
2.A.7,GH26
GH25,HTH_1|LysR_substrate,GH43_11,CE8,GH28,3.A.1,3.A.1,3.A.1,HTH_18,CE12
GT28,2.A.103,9.B.146
2.A.109,2.A.109,GH23,2.A.7
9.A.11,9.A.11,CBM63,dCache_1|HTH_18,SBP_bac_1,3.A.1,3.A.1
PL9_2,3.A.1,3.A.1,3.D.1,2.A.10,2.A.80,dCache_1|HTH_18,1.B.52
1.B.52,GH38,GH5,GH125,GH38,GH3,3.A.1,3.A.1,SBP_bac_1,HTH_18|Response_reg,8.A.59,GH85
2.A.1,3.A.1,3.A.1,3.A.1,HTH_18,9.B.34,TetR_N,1.B.52,GH1,4.A.1,2.A.1,Hemerythrin,GerE|Response_reg,HATPase_c,GAF,5.A.3,5.A.3,5.A.3,3.A.1,3.A.1
3.A.1,3.A.1,SBP_bac_1,HTH_18|Response_reg,8.A.59,AraC_binding,4.A.7,Peripla_BP_3|LacI,GH5_1
9.A.11,PL1_6,3.A.1
CBM44,2.A.53,HTH_5,9.A.62,2.A.1,3.A.1,3.A.1,3.A.1,CE7,GH5_2|CBM3
9.B.106,2.A.1,LytTR|Response_reg,9.B.33,1.B.52,GH13_14|CBM41,3.A.1,3.A.1,4.A.2,HTH_11,4.A.2,8.A.7,PTS-HPr,4.A.1
CE4,2.A.86,1.B.52
GH161,GH1,3.A.1,3.A.1,SBP_bac_1,Peripla_BP_3|LacI,1.A.8,4.A.1,3.B.1,3.B.1,HTH_1|LysR_substrate,SBP_bac_1,3.A.1,3.A.1,2.A.25,GH1,Peripla_BP_3|LacI,4.A.1
GT2,9.B.18,CE2,1.B.52
3.A.1,3.A.1,GT2,GT4,4.A.1,GH140,Peripla_BP_3|LacI,Pyr_redox_2,Rrf2,HTH_11|Mga,4.A.3,4.A.3,GH1,4.A.3
GT2,GT2,GT2,GT4,2.A.25,AraC_binding|HTH_18,Aminotran_1_2,HisKA|HATPase_c,3.A.1,3.A.18
CBM13|GH5_8,2.A.7
2.A.25,4.A.1,GH1,PL1_2,PfkB,4.A.5,Mga,SIS,4.A.5,2.A.38,9.B.159,HATPase_c,9.B.116,PspC,2.A.1,TetR_N,3.A.1,MarR,GH18,FUR,9.B.20
2.A.4,3.A.1,3.A.1,3.A.1,3.A.1,9.A.39,9.A.39,Peripla_BP_2,3.A.1,3.A.1,MarR,2.A.1,HEAT_PBS,2.A.3,2.A.1,FeoA,9.A.8,HTH_IclR,GH1,4.A.1,Pyr_redox_2,2.A.5,2.A.1,3.A.3,3.A.3,HTH_5,3.D.4,3.D.4,3.D.4,3.D.4,GH1,GH95,3.A.1,3.A.1,3.A.1,GyrI-like,3.A.1,3.A.1,3.D.4,3.D.4,HTH_18|Response_reg,8.A.59,GT2,GT2,9.A.40,8.A.5,Peripla_BP_2,3.A.1,3.A.1,Trans_reg_C|Response_reg,2.A.21,3.A.1,MarR|AsnC_trans_reg,2.A.1
GT1,PL1_2|CE8,AraC_binding|HTH_18,Aminotran_1_2,MarR,2.A.6,GerE|Response_reg,HATPase_c,3.A.1,3.A.1,3.A.1,3.A.1,3.A.1,GntR,GT1,GH32,3.A.1,3.A.1,SBP_bac_1,Peripla_BP_3|LacI,GH16_21,CBM26|GH13_42,2.A.1,3.A.1,3.A.1
CE4,3.A.1
9.B.18,GT2,GT2
GT2|GT2,3.A.1,3.A.1,GT2,9.B.160,NIR_SIR|NIR_SIR_ferr,1.A.30,1.A.30
GH44|CBM35|GH26|CBM3,9.B.174,Peptidase_M23,3.A.1,9.B.142,9.B.142,GT2,GT2
2.A.6,9.B.146,GT26
1.A.33,HTH_11,1.A.34,EPSP_synthase,3.A.2,3.A.2,3.A.2,3.A.2,3.A.2,GT0,Pribosyltran,3.A.1,3.A.1,3.A.1,Aminotran_1_2,2.A.107,2.A.103,2.A.7,cNMP_binding,TetR_N,2.A.7,2.A.7
9.B.34,HTH_1|LysR_substrate,1.E.14,2.A.122,2.A.37,2.A.1,Trans_reg_C,2.A.1,PfkB,Peripla_BP_3|LacI,2.A.66,Sigma70_r4|Sigma70_r2,3.A.1,3.A.1,3.A.1,3.A.1,2.A.1,CE7,GH130,3.A.1,3.A.1,3.A.1,GH130,Peripla_BP_3|LacI,2.A.115
GH13_5,GH2,Peripla_BP_3|LacI,1.B.52,SIS,GH43_12,CBM22|CBM22|GH10,3.A.1,3.A.1,3.A.1
2.A.1,AraC_binding|HTH_18,GH52,GH67,3.A.1,HTH_18|Response_reg,8.A.59,3.A.1,3.A.1,1.B.52,9.B.10,PL9_1,2.A.2,GH105,CE4,9.B.97,2.A.22,GH43_24|CBM32,Pyr_redox_2,2.A.1,PadR,GntR,GH1,4.A.3,4.A.3,4.A.3
4.A.2,HTH_11|Mga,Diacid_rec|HTH_8,2.A.8,GntR,2.A.8,2.A.7,TetR_N,GH10,TetR_N,3.A.18
GH5_4|CBM46,9.B.160
