1.I.1,3.A.9,GT51
GT9,2.A.1
GH23,3.A.7,3.A.7,3.A.7,3.A.7,3.A.7,GntR,HTH_3,1.B.14,FecR,Sigma70_r2|Sigma70_r4_2,HTH_3,HisKA|HATPase_c,Response_reg|Trans_reg_C,5.A.1
3.A.3,MerR,HMA,1.B.6,1.A.54,GerE,1.B.14,2.A.7,GH23
4.A.2,GT107|GT107
9.B.146,2.A.103,GT28,1.A.23,3.A.1,TetR_N,2.A.7
9.B.124,GH0
GT30,3.A.1
1.A.30,GH103
1.B.18,GT2,2.A.66,9.B.18
GH10,GT2,2.A.89
GH23,3.A.7,PSK_trans_fac,3.A.7,3.A.7,3.A.7,3.A.7,3.A.7
GH65,3.A.3,3.A.3
1.B.14,HTH_3,GntR,3.A.7,3.A.7,3.A.7,3.A.7,3.A.7,GH23
GT51,GH23,3.A.1,3.A.1,Peripla_BP_2,TetR_N,GT2,2.A.1,2.A.3,2.A.64,8.A.21
3.D.1,3.D.1,3.D.1,3.D.1,3.D.1,3.D.1,3.D.1,3.D.1,3.D.1,3.D.1,3.D.1,3.D.1,3.D.1,3.D.1,2.A.68,GT4
3.A.6,GH23,3.A.6,3.A.6,3.A.6,3.A.6
1.A.26,GH24
1.B.14,PfkB,2.A.1,PL17_2|PL17,PL6|PL6_1
GT2,GT2,NUDIX,Response_reg|HATPase_c,Response_reg,CHASE3|HisKA|HATPase_c,1.A.104,3.A.23,3.A.6,3.A.6,9.B.143,2.A.41
GT26,ROS_MUCR,PALP,HTH_5|AsnC_trans_reg,2.A.7,1.B.52,3.A.6,GH10
3.A.2,3.A.2,GH3,HD,9.B.169
GT9,Pyr_redox_2,PfkB,2.A.7,3.A.16,2.C.1,1.A.30,1.A.30,Hemerythrin,9.B.20,9.B.20
GH109,3.A.1,3.A.1,4.C.1
GT51,9.B.10,2.A.4
1.C.113,PHB_acc_N,GT2,GT83,GT4,GT4,3.A.1,3.A.1,GT4,HTH_IclR,Pyr_redox_2,3.A.1,3.A.1
1.B.14,1.B.14,9.A.41,1.B.6,GT20,GH15,CBS|SIS,GT4,2.A.9
1.B.14,GH19
