2.A.66,ACT,CBM66|GH32|CBM66,GH32,HTH_11,1.A.33,PfkB,3.A.1,1.A.23,CbiA,4.A.6,4.A.6,4.A.6,GH31,LacI|Peripla_BP_1,2.A.1,HTH_3,HTH_6|SIS,PfkB,4.A.2,4.A.2,2.A.66
3.A.1,3.A.1,GT51,3.A.14,3.A.14
4.A.6,4.A.6,GT51
3.A.11,1.A.1,Peripla_BP_3|LacI|Peripla_BP_1,GH32,4.A.1,3.A.5
1.C.21,1.C.21,3.A.1,3.A.1,3.A.1,3.A.1,2.A.7,GT1
2.A.1,2.A.1,PadR,Glyoxalase,Nitroreductase,GH1,HTH_11|Mga,4.A.3,4.A.3,Peripla_BP_3|LacI,GH13_5,GT4,GT4
GH77,GT35,3.A.3,3.A.3,3.A.3,CBS|GntR,9.B.126,3.A.1,3.A.1,HATPase_c,Response_reg|GerE,2.A.88,CBM41|GH13_14,GH13_9,GT5,GT35,3.A.2,3.A.2,3.A.2,3.A.2,3.A.2,EPSP_synthase,3.A.1,3.A.1,3.A.1,3.A.1,Response_reg|Trans_reg_C,2.A.21
4.A.5,4.A.3,4.A.3,GH1
2.A.86,TPR_1,2.A.3,3.A.1,3.A.1,3.A.1,CE1,GT0,GT2,GH8,3.A.1,3.A.9
GH1,2.A.86,MarR,3.A.1,3.A.1,3.A.1
GH23,3.A.1,3.A.1,2.A.87
3.A.1,GT8,Response_reg|Trans_reg_C,HATPase_c|HisKA,3.A.1,3.B.1,3.B.1,3.B.1,2.A.11,GntR,HATPase_c,Response_reg|Trans_reg_C,3.A.1,3.A.1,GH70,GH70,3.A.7,3.A.11,Peripla_BP_2,3.A.1,3.A.1
GH1,HTH_18|AraC_binding,4.A.1,3.A.1,3.A.1,3.A.1,3.A.1
CE4,3.A.9,PfkB,Aminotran_1_2|GntR,2.A.3,AAA,4.B.1,2.A.6,1.C.113,3.A.1,3.A.1,3.A.1,3.A.1
GH70,3.A.1,3.A.1,3.A.1,3.A.1
GH13_31,3.A.1,GH13_18,3.A.1,3.A.1,3.A.1,GH36,HTH_18|AraC_binding,4.A.2
8.A.5,GT81,GT0,GT2,3.A.1,GT2,GT4,Sigma70_r2|Sigma70_r4|Sigma70_r3,1.A.22,3.A.1,Aminotran_1_2,3.A.1
2.A.103,GH25,2.A.88,1.C.105,9.B.55
GH25,8.A.5,8.A.5,MerR,8.A.7
9.B.124,3.A.11,3.A.11,CE4,3.A.18
GT51,Pyr_redox_2,3.A.1,3.A.1,SBP_bac_3,3.A.18,9.B.146
CE9,LytTR,3.A.1,HMA,3.A.3,Penicillinase_R,1.C.102
GH68,3.A.9
GH13_29,4.A.1,GntR,GH66,ACT|HD,4.A.1
3.A.3,MerR,2.A.98,LysR_substrate|HTH_1,9.B.144,GH73
9.B.144,GT2
