1.A.30,1.A.30,3.D.1,3.D.1,3.D.1,3.D.1,3.D.1,3.D.1,3.D.1,3.D.1,3.D.1,3.D.1,3.D.1,3.D.1,GH23,1.B.33
1.B.14,8.A.3,1.B.18,GT4,GT4,GT2,GT2
9.B.18,GT2|GT4|GT99,GT99,3.A.1,3.A.1
1.A.1,2.A.6,2.A.6,2.A.6,2.A.6,9.B.102,HTH_5,Pyr_redox_2,9.B.20,LacI|Peripla_BP_3|Peripla_BP_1,GH32,4.A.1,PfkB,1.B.3,1.A.33,3.A.1,3.A.1,1.B.17
GH23,1.A.8
2.A.121,1.A.62,SBP_bac_3,GT2,GT76,GH13_19,GerE|Response_reg,TetR_N,2.A.37,9.B.34,3.A.1,2.A.3,2.A.42,HTH_1|LysR_substrate,2.A.66,GT19,1.B.33
1.B.52,GH3,CBM4|GH9,4.A.3,4.A.3,GH1,4.A.3,GH16_21
GH18,2.A.21,2.A.1,1.B.14,3.A.1,3.A.1,3.A.1,2.A.115,GT83,2.A.123,GT2,GH23,3.A.1,2.A.40,1.B.42
CBM50,3.A.1,3.A.1,3.A.1,1.B.52
2.A.7,Glyoxalase,GT51
2.A.20,HD,9.B.42,HhH-GPD,GH23,CE16,1.B.6
GT5,2.A.35,3.A.1,3.A.1,3.A.1,3.A.1
4.A.1,GH13_29
3.A.15,3.A.15,3.A.15,NUDIX,3.A.5,Peptidase_M23,CE11,GT28,2.A.103
GH23,HTH_1|LysR_substrate,2.A.95,2.A.23,HTH_1|LysR_substrate,8.A.1,2.A.1
3.A.11,CBM50,2.A.38,2.A.38
2.A.28,2.A.3,2.A.3,GH2,LacI|Peripla_BP_3,2.A.61,2.A.4,Trans_reg_C|Response_reg,HisKA|HATPase_c,2.A.66
4.A.7,4.A.7,4.A.7,GT9,GT32,GT25
3.A.1,2.A.115,GT83,2.A.123
2.A.7,GGDEF,GT9
GT9,GT2,GT9,GT30,Pribosyltran,3.A.3,MerR,9.B.34
GH2,3.A.1,3.A.1,3.A.1,1.B.52
1.B.39,1.B.52,SBP_bac_1,2.A.46,HTH_3,9.B.8,GT0
GH23,9.B.34,HTH_12,cNMP_binding,2.A.55
3.A.1,3.A.1,3.A.1,3.A.1,HTH_1|LysR_substrate,AA10|CBM73
GT2,4.D.3,GH8,1.B.55,2.A.4,GH13_13,3.A.18,1.B.52,3.A.1
1.B.52,AAA,3.D.4,3.D.4,1.A.30,1.A.30,2.C.1,2.C.1,2.C.1,1.B.52,GH77,CBM48|GH13_9,CBM48|GH13_11
2.A.25,CSD,1.B.52,CBM73|GH18,TPR_2,1.A.30,1.B.14,3.A.1,3.A.1,3.A.1,3.A.1,3.A.1
GH103,2.A.103
3.A.1,3.A.1,3.A.1,GT104,2.A.21,Trans_reg_C|Response_reg,4.C.1
GT51,3.A.11,1.B.22
2.A.1,HTH_1|LysR_substrate,3.A.7,1.B.52,GH20,GH9,3.A.1,3.A.1,3.A.1,3.A.1
1.B.52,GH84,2.A.36,2.A.61,2.A.13
CE9,4.A.1,GH20
2.A.7,MarR,GH103,3.A.1
1.B.33,9.B.22,GH23,LacI|Peripla_BP_3,GH23
3.A.1,2.A.124,3.A.1,3.A.1,3.A.1,3.A.1,9.B.34,Pyr_redox_2|Rhodanese,GT51
2.A.109,4.C.1,2.A.122,1.E.14,GH36,3.A.1
1.A.16,2.A.7,CSD,3.A.9,9.B.34,Pyr_redox_2,AsnC_trans_reg,3.A.12,1.B.46,AAA,9.B.160,Pribosyltran,GH1,4.A.1,LacI|Peripla_BP_3,3.A.1,3.A.1,3.A.1,3.A.1,3.A.1,3.A.23,9.B.100
3.A.1,3.A.1,3.A.1,3.A.1,HTH_1|LysR_substrate,HTH_1|LysR_substrate,3.D.1,9.B.34,HTH_1|LysR_substrate,GH1,HTH_1|LysR_substrate,HTH_18,GH3
GT51,CbiA,GH103,2.A.23,MerR,EAL,1.B.9,1.B.9
GH102,4.A.2,PfkB,4.A.2,LacI|Peripla_BP_3|Peripla_BP_1,2.A.42,1.I.1
3.A.1,HisKA|HATPase_c|Response_reg,2.A.47,GT35,NUDIX,2.A.42,2.A.23
2.A.34,5.A.2,9.B.27,2.A.81,GH23,2.A.80,HTH_11|Response_reg,HATPase_c,Fe_dep_repress,1.B.52
GH1,4.A.1,HTH_6|SIS,2.A.35
