GH20,1.B.14,Glucokinase,2.A.1
1.B.71,1.A.11,2.A.21,LacI|Peripla_BP_3,GH3,HTH_8|Response_reg,3.A.6,3.A.6,3.A.6
2.A.1,GT4,HTH_5,1.B.14,Glyoxalase,Sigma70_r2|Sigma70_r4_2,9.B.20,3.A.1,3.A.1,TetR_N,2.A.6
1.B.14,GH5_7
1.B.14,HD,GH23,1.B.14,1.B.14
GH13_23,1.B.14,2.A.2,GH13_2,LacI|Peripla_BP_3,3.A.1,2.A.89,3.A.1
2.A.11,1.B.5,Trans_reg_C|Response_reg,HisKA|HATPase_c,SBP_bac_1,GT2,LysR_substrate|HTH_1,LysR_substrate|HTH_1,2.A.7
3.A.2,3.A.2,3.A.2,3.A.2,3.A.2,3.A.2,3.A.2,GT2,GH18,HTH_5,HisKA|HATPase_c,3.A.23,3.A.1,3.A.1,SIS,3.A.1
GT4,GT30,2.A.6,TetR_N,2.A.6,2.A.6,1.A.8
GT51,1.B.22
AA3_2,2.A.12,2.A.12
AA6,2.A.1,CBM13
1.B.14,1.B.14,1.B.14,GT51,GT2,CBS,9.B.121,1.C.113
PL1,PL3,LacI|Peripla_BP_3,AraC_binding,LacI|Peripla_BP_3,2.A.56,2.A.56,PL1_2,CE12,1.B.14
CE9,DeoRC|HTH_DeoR,Glucokinase,SIS,GH31|CBM51,1.B.14,GH16_3|CBM6
GH23,3.E.2,3.D.3,1.A.12
GT19,1.B.33,2.A.4
CE4,TPR_2,2.A.37
2.A.7,GH19
9.B.14,9.B.14,3.A.1,3.A.1,Aminotran_1_2,3.A.7,3.A.7,3.A.7,GH23,3.A.7
9.B.158,1.B.14,GH92,GH20,1.B.14,GH2,8.A.59,4.C.1,LysR_substrate|HTH_1,SBP_bac_3,3.A.1,3.A.1
3.D.2,3.A.12,1.B.46,LysR_substrate|HTH_1,GH108,AAA,1.A.30,1.A.30,1.B.62
2.A.1,AraC_binding|HTH_18,GH13_11
3.D.4,3.D.4,3.D.4,3.D.4,2.A.1,2.A.6,2.A.6,2.A.6,2.A.6,Peptidase_M23,2.A.46,PL12_3
GT0,8.A.3,1.B.18,1.B.52,CheW,CheR_N|CheR|TPR_1,CheW,CheW|Response_reg|HATPase_c,Response_reg|CheB_methylest,9.B.34
2.A.6,2.A.6,GT4,4.C.1,2.A.1,3.A.1,PALP,4.C.1,4.C.1,1.B.14,2.A.1,PfkB,MarR,GH9
GH16_3,9.B.62,1.B.76,2.A.21,GerE|Response_reg,9.B.186
3.A.1,9.B.44,GntR,GH36,2.A.21,GH2,1.B.14,Glyoxalase,9.B.143
2.A.1,CBM13|CBM13|CBM13,1.B.19,PfkB,3.A.1,3.A.1
GH65,2.A.1,3.A.1,GH1,Glucokinase,CBM32,3.A.1,3.A.1,SBP_bac_1,GH144,1.B.14
GT4,CE1,2.A.1
CBM32,NUDIX,2.A.3,2.A.3
9.B.34,CE4,GT2,GH92,CE4|GH153,GT2
4.C.1,GT2,GT4
CBM32,2.A.1,Glyoxalase,GT4,GT2
2.A.7,LysR_substrate|HTH_1,1.B.14,GH64,3.A.18
1.B.46,TPR_2,GT41
2.A.7,CBM5
2.A.7,CBM5
GT2,GH99,3.A.1,GT2|GT2,CBM32
2.A.16,GH6
1.B.33,HisKA|HATPase_c,3.A.23,3.A.15,3.A.15,3.A.15,NUDIX,3.A.5,Peptidase_M23,CE11,GT28,2.A.103,9.B.146
GT2,GT0,1.B.22
2.A.79,3.A.1,3.A.1,GH16_3
GT2,GT4,3.A.1,3.A.1
GH23,2.A.3
GH8,9.B.169,3.A.5,8.A.5
GH18,9.B.34,2.A.103,9.B.157,9.B.157,PfkB,GH25
GH109,GntR|Aminotran_1_2,9.B.34
2.A.1,1.B.14,GH5_46
GH3,1.B.14,LacI|Peripla_BP_3,2.A.2
GH92,LacI|Peripla_BP_3,2.A.1
GT2,9.B.67,GT83,CBM50,3.A.11,1.E.43,3.A.7,AA10,AA10|CBM73,2.A.7
GT2,2.A.123,2.A.21
GH104,9.B.34
2.A.21,GH64,Response_reg|LytTR,9.B.33,2.A.36
