1.C.82,2.A.115,CBM5,GT4,4.C.1,GT0
GT4,4.C.1
3.D.10,3.D.10,Pyr_redox_2,CE1,GT2,2.A.1,GH3
GT51,2.A.63,2.A.63,2.A.63
3.A.1,GT2
2.A.8,2.A.15,4.A.1,GH32
GT2,GT89,CE1,CE1,CE5,3.B.1,9.B.185,2.A.6
GH3,HTH_IclR,5.A.3,5.A.3,5.A.3,2.A.1,PadR,2.A.72
3.A.1,3.A.1,Peripla_BP_1|LacI,GT20,2.A.79,Peripla_BP_2,3.A.1,3.A.1
2.A.2,GH2,2.A.8
CE9,GntR,3.A.1,3.A.1,3.A.1,3.A.1,9.B.62,3.A.1,9.B.51
3.A.1,GT2
9.B.102,2.A.15,PfkB,1.A.8,3.A.1,3.A.1,3.A.1,3.A.1,HTH_5,2.A.59,2.A.26,Aminotran_1_2,3.A.1,NUDIX,GH13_16,GH77,4.C.1
GH25,1.E.57
GH25,1.E.57
3.D.4,3.D.4,3.D.4,3.D.3,GT4,9.B.106
9.B.146,2.A.103,GT28
4.F.1,GT4
GT2,2.A.102
3.A.5,Pribosyltran,2.A.25,GT4
GT87,HTH_1|LysR_substrate,2.A.75,8.A.5,2.A.120,2.A.1,GH33,2.A.120,2.A.81,Aminotran_1_2,2.A.1
3.B.1,TetR_N,PALP,3.A.1,GH13_3,CBM48|GH13_9
3.A.1,1.A.35,CBS,3.A.1,Sigma70_r4_2|Sigma70_r2,GT5,GH32
2.A.3,2.A.3,Aminotran_1_2,Fer4,CE14,SBP_bac_5,2.A.5
2.A.15,GT39
GT2,3.A.1,3.A.1,3.A.1,3.A.1
GH1,4.A.1,3.A.1,3.A.1,3.A.1
