1.B.14,TetR_N,AA3_2,3.A.1,MerR|CbiA,3.D.4,3.D.4
GT2|GT4,GT2,9.B.20,1.B.14,2.A.6,2.A.6,2.A.6,1.B.52,2.A.108,2.A.108,Pyr_redox_2,2.A.1,GT84|GH94,GAF,2.A.109,2.A.20
3.A.6,3.A.6,GT2,GH5_5,GT2,GT4,1.B.18,9.B.18,3.A.6
GT2,Response_reg|Trans_reg_C,1.B.52
GT51,CBM32,2.A.6,2.A.6,2.A.6
2.A.1,1.B.14,2.A.95,TetR_N,1.B.14,8.A.5,GT2,GT0,GT4,8.A.3,9.B.18,GT4,2.A.7,GT87,GT2
3.A.11,3.A.15,1.A.54,3.A.15,1.B.22,GH68,GH32
GH23,2.A.1,3.A.1,5.A.3
CE9,AAA,PAS|GGDEF|EAL,9.B.34
1.I.1,2.A.23,GntR,ROS_MUCR,GT2
2.A.7,GT4
GT35,GT5,CBM48|GH13_9,GH13_11,GH13_10,GH77,GH13_26,1.A.23,2.A.55,1.B.14,GH144
2.A.1,1.B.14,GH3
GT4,3.A.18,Aminotran_1_2,2.A.3
2.A.89,2.A.8,GT9,GT19,3.A.1
AA6,HTH_1|LysR_substrate,9.B.34
2.A.109,GH23
GT4,9.B.34,1.B.5
GT83,AsnC_trans_reg,Pyr_redox_2,HTH_1|LysR_substrate,8.A.21,ROS_MUCR,HTH_5,2.A.102,2.A.85
9.B.146,2.A.103,GT28
CE11,1.B.33,3.A.1,3.A.1,3.A.1
2.A.1,Pyr_redox_2,TetR_N,2.A.7,2.A.53,MarR,2.A.1,2.A.6,2.A.6,2.A.6,GH146
3.A.1,3.A.1,3.A.1,3.A.1,1.B.14,HTH_5|AsnC_trans_reg,HTH_1|LysR_substrate,GH63,2.A.2,2.A.7
2.A.36,8.A.5,Rhodanese,PALP,Response_reg|Trans_reg_C,2.A.21,TPR_2,GH23,9.A.40,GT21
2.A.49,1.A.11,TetR_N,3.A.1,PAS|GGDEF|EAL,9.B.34,SBP_bac_1,GH23
3.A.7,3.A.7,GH23,3.D.3
2.A.1,2.A.6,3.E.2,3.A.1,GT83,GT2,3.A.2,4.A.2,PTS-HPr,4.A.6
2.A.1,GT2,GT22
8.A.5,GT51,1.A.30
GT107,9.A.41,GT4,1.B.18,3.A.1
3.A.1,GT2,GT4,3.A.1
3.A.1,9.B.160,HTH_1,GT2,2.A.1
3.A.1,1.B.5,GH3,GH23,2.A.72,GT4
GT4,9.B.10,GT4,2.A.49,2.A.4,2.A.4,Pyr_redox_2,3.A.11
1.B.55,GH8,GT2
CE4,9.B.35
1.A.22,2.A.6,2.A.6,3.A.1,GT20,Response_reg,Sigma70_r4_2|Sigma70_r2,Sigma70_r4_2|Sigma70_r2,HATPase_c,3.A.1,3.A.1,2.A.16
GH23,2.A.6,2.C.1,1.A.30
1.B.14,AA3_2
2.A.1,Aminotran_1_2|GntR,2.A.1,GH20
