1.C.113,2.A.38,2.A.38,CBM50,3.A.11
2.A.66,Pyr_redox_2,TetR_N,GH2
1.B.52,2.A.47,CBM50
1.B.42,GH23
CBM50,PALP,3.A.1,3.A.1,3.A.1,3.A.1
GT51,2.A.8,Diacid_rec,1.A.11,3.A.1,3.A.1,3.A.1,GH94,GH20,GH9,3.A.1,3.A.1,3.A.1,3.A.1,3.A.1,HisKA|dCache_1|PAS|HATPase_c|Response_reg,2.A.86,Aminotran_1_2,2.A.6,2.A.6,CBM50,1.A.26,1.B.1,3.A.16,3.A.5
2.A.58,HTH_1|LysR_substrate,HTH_5,2.A.66,9.B.105,2.A.114,SIS,GH3,Response_reg|LytTR,9.B.33,3.A.1,GH23,Trp_repressor,9.B.34,3.A.1,1.B.33,3.A.9
GH19,2.A.96,2.A.25,Pyr_redox,AA2
GH33,CE9,2.A.56,2.A.56,2.A.56,HTH_6|SIS,CE9,4.A.6,4.A.6,4.A.6,4.A.6
3.A.1,3.A.1,3.A.1,Peripla_BP_3|LacI,4.A.1,GH13_29,Trans_reg_C|Response_reg,HisKA|HATPase_c,2.A.6,2.A.6,GT0,GT2,GT4,GT4,GT26,8.A.3,1.B.18,9.B.18,2.A.115
2.A.37,MarR,CE9,4.A.1
GH103,HTH_1|LysR_substrate,2.A.41,CBM73|GH18,Peptidase_M23,2.A.15,GH13_38,1.I.1,Trans_reg_C|Response_reg,HisKA|HATPase_c,3.A.1,2.A.56,2.A.56,3.A.23
3.A.9,EPSP_synthase,3.A.7,GT5,Peripla_BP_3|LacI,5.A.3
2.A.117,1.A.16,5.B.5,5.A.3,GH36
GH73,3.A.1,3.A.1,3.A.1,3.A.1,3.A.1,1.A.11,3.A.1,HATPase_c|MASE1,2.A.1,3.A.1,3.A.1,3.A.1
1.A.33,GH2,Peripla_BP_3|LacI,GH1,1.I.1,5.A.3,5.A.3
1.B.14,3.A.1,3.A.1,3.A.1,Rhodanese,SBP_bac_3,1.B.52,GH32,Peripla_BP_3|LacI,4.A.1,PfkB,EAL,1.A.1
3.A.23,3.A.23,3.A.23,3.A.23,3.A.23,3.A.23,HTH_3,9.B.34,zf-GRF,CBM41|GH13_13|GH13_37
3.A.1,3.A.1,GT44,3.A.1,8.A.1,3.A.1,MCPsignal|dCache_1,2.A.23,1.E.14,2.A.122
GT2,2.A.6,9.B.99
1.B.6,3.A.3,GH20
GT19,1.B.33
2.A.40,2.A.22,CHASE4|GGDEF,3.D.5,3.D.5,3.D.5,3.D.5,3.D.5,3.D.5,3.D.5,2.A.1,Sigma70_r4|Sigma70_r2,1.B.10,GH102,3.A.7
3.A.1,1.A.62,HTH_1|LysR_substrate,2.A.102,NUDIX,3.A.5,CE11,GT28,2.A.103,9.B.146
4.C.1,HTH_1|LysR_substrate,GT1
1.B.22,GT51
CE4,GT25,GT9,GT9,GT32,GT30,9.B.97,GT9,GT2,GT9
GH18,3.A.1,3.A.1,3.A.1,1.B.14,3.A.1,4.A.1,SIS,HTH_6|SIS,2.A.16,2.A.7,HTH_18|AraC_binding,2.A.76
3.A.1,3.A.1,PglZ,GntR,1.I.1,2.A.53,Fer4,TetR_N,GH129
3.A.23,3.A.23,3.A.23,3.A.23,3.A.23,3.A.23,3.A.23,3.A.23,3.A.23,3.A.23,3.A.23,3.A.23,3.A.23,GH19
2.A.47,GH18,GntR,3.A.1,1.B.52,HTH_11|IclR,3.A.1
4.A.7,4.A.7,HTH_DeoR|DeoRC,GH13_11,GH133,3.A.1,HTH_1|LysR_substrate,GH13_31,2.A.23,2.A.27
CBM50,1.I.1
1.B.9,GH13_19,8.A.5,3.A.1,8.A.59,Response_reg|LytTR,EAL,2.A.13,8.A.59,2.A.21,2.A.3
CE16,1.C.14
2.A.21,CheC,Response_reg,Response_reg,9.B.34,3.A.1,3.A.1,3.A.1,CbiA,9.B.34,GH18,HTH_18,Response_reg|HTH_8,HisKA|HATPase_c,SBP_bac_1,2.A.1,HisKA|HATPase_c|Response_reg,Peripla_BP_1,2.A.85,2.A.6,2.A.21
1.B.52,GH13_27
3.A.1,3.A.1,3.A.1,3.A.1,HTH_18|AraC_binding,1.B.1,2.A.7,2.A.1,HTH_1|LysR_substrate,EAL|GGDEF,CBM50,2.A.53,9.A.5,GGDEF,3.A.1,3.A.1,3.A.1
CBM5,2.A.1
3.A.23,GH13_9,GH77,GT35,GerE,1.B.52,1.B.52
