1.C.113,GH103,2.A.1,AA10|CBM73
4.C.1,CBM6,2.A.6,1.B.6
1.B.14,GH16_3|CBM44,1.B.14,Aminotran_1_2,CBM5,CBM5
2.A.109,GH23,TPR_1,3.A.1,CSD,3.A.1,3.A.9,Glyoxalase,1.I.1
9.B.186,HTH_18,GH23
GT4,GT4,GT30,GT2,2.A.6
3.A.1,3.A.1,3.A.1,3.A.1,3.A.1,GntR,GH43_29,3.A.1,3.A.1,3.A.1,3.A.1,GH51,9.B.34,GH11|CBM60|CBM60,2.A.21,3.A.1,GH13_14,GH13_14
8.A.51,PL10_1,3.D.4,3.D.4,HTH_11,1.B.39,HTH_3,1.B.14
GH23,TetR_N,3.D.6,3.D.6,3.D.6,3.D.6,3.D.6,3.D.6
2.A.86,Aminotran_1_2,SIS,CE9,2.A.1,1.B.14
9.B.110,2.A.103,GH103,CBM2|GH5_53,2.A.1,2.A.21,GerE|Response_reg,4.C.1,1.B.70,2.A.21,1.B.12,2.A.15,Aminotran_1_2,1.B.14
GH18,CBM73|GH18,Citrate_synt,3.D.10,3.D.10
3.A.1,3.A.1,3.A.1,3.A.1,Rhodanese,5.A.1,GH9|CBM3|CBM2,Aminotran_1_2,3.A.1,3.A.1,2.A.21,2.A.6,2.A.6,AsnC_trans_reg,3.D.2
2.A.6,2.A.6,3.D.4,3.D.4,3.D.4,Fer4,3.A.3,GT2
GH23,9.B.27,2.A.4
4.C.1,Pyr_redox_2,GH3,2.A.1,GH5_47|CBM6,GH3,1.B.14,GH5_46|CBM6|CBM13,HTH_18,CBM2|GH10
GH23,2.A.34
2.A.6,AA2,9.B.99
GT4,3.A.1,GT2
9.B.106,SpoIIE,FHA,GH23,3.A.1,3.A.7
3.A.1,3.A.2,3.A.2,3.A.2,2.A.5,3.A.3,4.A.2,GT84|GH94,PfkB,2.A.6,2.A.6,2.A.6,1.B.14
9.B.20,GT4,1.A.14
2.A.21,2.A.3,CBM6|GH16_3
1.B.5,HTH_11|AsnC_trans_reg,SKI,GH0,GT4
3.A.5,9.B.14,9.A.40,GT19,1.B.33
9.B.186,3.A.1,3.A.1,SBP_bac_1,8.A.59,TPR_2,CBM73|GH18,CBS,GH23,GH23,1.B.14
2.A.16,2.A.19,1.B.39,HTH_1|LysR_substrate,1.A.1,AA3_2,GH20,1.B.42,1.B.42
9.B.34,HATPase_c|HisKA,GH18,NUDIX,3.A.5,1.A.34,CE11,GT28,2.A.103,9.B.146
1.B.14,9.A.41,GT107|GT107,GT2,GT4,GT2,GT2|GT2,1.B.18,8.A.4,3.A.1,3.A.1
3.A.16,CE12,3.D.2,3.D.2,ANTAR|Response_reg,3.A.1,2.A.1,9.B.106,Pyr_redox_2|NIR_SIR|NIR_SIR_ferr,5.A.3
2.A.1,2.A.55,GH19
GH10,2.A.2,GH43_11,NUDIX,2.A.1,8.A.1,MarR,3.A.1,3.A.1
1.B.14,GH67,AA10|CBM2,1.B.14,GH10|CBM6|CBM22|CBM22,GH3,8.A.5,GH9,GH43_12,9.B.159
GH13_23,2.A.25,2.A.1
CBM26|CBM26,GH13_19,1.B.14,Glucokinase,HTH_18,GH16_3|GH128|CBM6|CBM32|CBM32,GH16_3,GH3,GH16_3,CBM32,1.B.14,3.A.1,3.A.1,3.A.1,CodY,9.B.149
1.A.34,2.A.49,Aminotran_1_2,GT51,PfkB,9.B.34,5.A.1
1.A.1,1.B.42,GH13_13
3.A.1,PL10_1,PL1_5,CE8,PL1_5|PL1_11|PL1_11,2.A.56,2.A.56,2.A.56
GH105,GH2,PL38,PL29,1.B.14,GH105,GH28
1.B.22,3.A.11,GT51,CheW,HATPase_c|CheW|H-kinase_dim|Response_reg,1.B.52
GT51,1.B.14,FecR,Sigma70_r2|Sigma70_r4_2,2.A.1,GH13_20
8.A.3,1.B.18,9.B.18,2.A.50,GT4,GT4,GT4,GT4,GT2,GT26
3.A.11,CBM50,2.A.38,2.A.38,4.F.1
