GH35,3.D.1
9.B.106,2.A.103,FHA,FHA,PL1_2,Peripla_BP_3|GntR,GH39|CBM9,CE7,2.A.79
3.A.1,3.A.1,SBP_bac_1,LacI|Peripla_BP_3,GH1
1.A.16,HTH_18,CBM32|CBM32|GH20,CBM32|CBM32|CBM32,9.B.146,2.A.1
CE9,LacI|Peripla_BP_3,3.A.1,3.A.1,3.A.1,3.A.1,MarR,3.A.1,3.A.1
3.A.1,HTH_11,Hemerythrin,3.A.1,3.A.1,GH42,HTH_IclR|IclR,GH20,SBP_bac_1,3.A.1,3.A.1,3.A.1,3.A.1,SBP_bac_1,3.A.1,3.A.1
3.A.1,3.A.1,PL17,PL34,HTH_IclR|IclR,CE7,CBM32,9.B.15,TetR_N,3.A.1,3.A.1,SBP_bac_1,HTH_IclR|IclR,2.A.7,3.A.1,CBM67|GH78
GH33,SBP_bac_1,3.A.1,3.A.1,GH33,Pkinase,3.A.1,3.A.1,GH127,3.A.1,3.A.1,SBP_bac_1,GH127
3.A.1,TetR_N,2.A.6,HTH_5,GH55,3.A.1,3.A.1,3.A.1,GntR,9.B.140,2.A.1
GH39,3.A.1,3.A.1
3.A.1,3.A.1,SBP_bac_1,LacI|Peripla_BP_3,AraC_binding|HTH_18,GH123
3.A.1,3.A.1,GH1
3.A.1,3.A.1,GH92,LacI|Peripla_BP_3,GerE|Response_reg,3.A.1
GH138,3.A.1,3.A.1,SBP_bac_1,HTH_DeoR|Peripla_BP_3,Sigma70_r4,GH140,GH42,GH137
GH95,3.A.1,3.A.1,SBP_bac_1,3.A.1,3.A.1,GH2,CBM67|GH78,GH127,CE8,GH28,GH33,3.A.1,3.A.1,3.A.1,3.A.1,GH127,GntR,3.A.1,HTH_DeoR|DeoRC,8.A.5,LacI|Peripla_BP_3,GH43_4,3.A.1,3.A.1,3.A.1,3.A.1,3.A.1,3.A.1
GH65,TrkA_C,3.A.1,3.A.1,3.A.1,3.A.1
GT4,GH92,3.D.2,3.A.3,LacI|Peripla_BP_3,HTH_IclR|IclR,3.A.1,3.A.1,3.A.1,3.A.1,3.A.1,2.A.1,BTAD|TPR_2|Trans_reg_C,GH36
3.A.1,3.A.1,3.A.1,3.A.1,3.A.1,3.A.1,LacI|Peripla_BP_3,GH2,TetR_N,8.A.5
GH29,LacI|Peripla_BP_3,2.A.1
GT4,2.A.69,GH43_10,1.A.8
3.A.1,3.A.1,GT4
1.A.8,GH38
3.A.1,3.A.1,3.A.1,3.A.1,3.A.1,SBP_bac_1,LacI|Peripla_BP_3,GH32,3.A.1,3.A.1,SBP_bac_1,9.A.47
3.A.1,3.A.1,8.A.7,4.A.1,1.A.23,GH77,4.A.1
GH39,GH3,GH29,Glyoxalase,3.A.1,3.A.1,SBP_bac_1,PfkB,GH4
3.A.1,3.A.1,PL35|CBM32,HTH_DeoR|Peripla_BP_3,3.A.1,3.A.1,3.A.1,SBP_bac_1,3.A.5,1.A.11,HD,9.B.76,GntR,3.A.1,3.A.1
3.A.12,HTH_3,4.F.1,HTH_3,PL35|CBM32,LacI|Peripla_BP_3,3.A.1
9.B.146,2.A.103,GT28
GT5,3.A.1,8.A.21,3.A.1,3.A.1,GT4,3.A.1,3.A.1,3.A.1
3.A.1,3.A.1,TetR_C|TetR_N,CBM9,SIS|HTH_6,SIS,SBP_bac_1,3.A.1,3.A.1,2.A.109,HTH_18,GH15,3.A.1
2.A.4,HTH_5,TetR_N,3.A.1,GH3,TetR_N,2.A.53,TetR_N,GH43_24,HTH_IclR,GH63
3.D.10,8.A.5,2.A.1,HTH_11,3.A.1,3.A.1,3.A.1,3.A.1,Pyr_redox_2,NUDIX,8.A.5,GT4,2.A.78,GerE|Response_reg,HATPase_c,MarR,2.A.1,GH13_11,3.A.3,3.A.1
GH76,SBP_bac_1,3.A.1,3.A.1,GH125,LacI|Peripla_BP_3|Peripla_BP_1,3.A.1,3.A.1,3.A.1,SBP_bac_1,3.A.1,3.A.1,SBP_bac_1,GH89
2.A.1,Sigma70_r4_2|Sigma70_r2,Pyr_redox_2,GH3,8.A.43,3.A.3
GT2,2.A.64
GT4,4.F.1
CBM48|GH13_11,GH13_26,GH13_10,Peripla_BP_2,3.A.1,3.A.1
GH0,LacI|Peripla_BP_3,SBP_bac_1,3.A.1,3.A.1,4.C.1,CBS,3.A.3,2.A.3,2.A.38,3.A.3
GH23,9.B.106,4.C.1,AsnC_trans_reg,Glycos_trans_3N,Response_reg,3.D.4,3.E.2,3.D.4,3.D.4,8.A.5
GH43_30,GH43_3,3.A.1,3.A.1,LacI|Peripla_BP_3,GntR,3.A.1,3.A.1
3.A.1,3.A.1,8.A.5,GH163,LacI|Peripla_BP_3,GH78,LacI|Peripla_BP_3,PL12|CBM66,AraC_binding|HTH_3,3.A.1,3.A.1,3.A.1,3.A.1,3.A.1
3.A.1,3.A.1,SBP_bac_1,GH31,GH13_31
2.A.2,GH13_31
GH13_30,3.A.1,3.A.1,3.A.1,LacI|Peripla_BP_3,GH130,3.A.1,3.A.1,SBP_bac_1,LacI|Peripla_BP_3,3.A.1,3.A.1,3.A.1
4.C.1,3.A.1,3.A.1,3.A.1,GT4
GH116,3.A.1,3.A.1
3.A.1,3.A.1,GH2
3.A.1,3.A.1,GH36
GH1,GH31,GH42,GH95,LacI|Peripla_BP_3,3.A.1,3.A.1,SBP_bac_1,GH3,HTH_18,CE9,3.A.2,3.A.2,3.A.2
9.A.40,9.A.40,Response_reg|Trans_reg_C,HATPase_c|HisKA,GH35,2.A.22
3.D.10,3.D.10,CE7,3.A.1,3.A.1
9.B.102,GT2
3.A.1,GT2
GT4,GT4,3.A.1,Aminotran_1_2,GT2
3.A.1,3.A.1,3.A.1,3.A.1,HTH_3|EPSP_synthase,1.C.113,CE14,PALP,2.A.86,CE7,3.A.1,GerE|Response_reg,9.B.106
GT39,NTP_transf_2,3.A.1,3.A.1,SBP_bac_1,CBM67|GH78,GT1,TetR_N,GH20
2.A.66,GT4
3.A.1,3.A.1,2.A.1,MarR,2.A.40,GT0
9.B.106,GT20,3.A.1,3.A.1,3.A.1
3.A.1,3.A.1,TetR_N,GH3,GH5_46,PIG-L,GT2
9.A.47,CbiA,4.C.1,1.A.1,Whib,GT51,2.A.40,NUDIX,LacI|Peripla_BP_3,3.A.1,3.A.1,3.A.1,3.A.1,3.A.1
3.A.1,PadR,3.A.1,3.A.1,3.A.1,GntR,GH141
GH3,3.A.1,3.A.1,3.A.1,3.A.1,PIG-L,GH31,9.B.28,3.A.1,3.A.1,3.A.1,GH127,Ada_Zn_binding,LacI|Peripla_BP_3,LacI|Peripla_BP_3,GH51,GH51,GH27|CBM51
3.A.1,3.A.1,CE12,PL26,GH95,2.A.33,GH2,3.A.18,3.A.9
GH3,PL35,GH36,PL33,AraC_binding|HTH_18,2.A.7
CBM5,LacI|Peripla_BP_3,GH3,3.A.1,3.A.1,SBP_bac_1,GH42,1.A.35,2.A.1
2.A.6,MarR,PL8
1.A.43,3.A.1,3.A.1,3.A.1,3.A.1,AraC_binding|HTH_18,GH105
3.A.1,3.A.1,LacI|Peripla_BP_3,3.A.1,3.A.1,CBM67|GH78,2.A.86,2.A.106
GH1,3.A.1,3.A.1,3.A.1,3.A.1,LacI|Peripla_BP_3,MerR,1.A.33,3.A.1
3.A.1,3.A.1,3.A.1,3.A.1,CE7,9.B.62
3.A.1,3.A.1,GT1,LacI|Peripla_BP_3,GH43,3.A.1,3.A.1
