CBM50,Sigma70_r3|Sigma70_r2|Sigma70_r4,PALP,3.A.1,3.A.1,3.A.1,3.A.1
GT51,1.A.11,3.A.1,3.A.1,3.A.1,GH94,GH20,GH9,3.A.1,3.A.1,3.A.1,3.A.1,3.A.1,Response_reg|PAS|HATPase_c|HisKA,2.A.86,Aminotran_1_2,2.A.6,2.A.6,CBM50,1.B.1,3.A.16,3.A.5
9.B.34,1.I.1,2.A.26,3.A.23,8.A.5,NUDIX,8.A.7,2.A.102,2.A.58,HTH_1|LysR_substrate,HTH_5,2.A.66,9.B.105,2.A.114,SIS|ANTAR,GH3,Response_reg|LytTR,9.B.33,3.A.1,GH23,Trp_repressor,9.B.34,3.A.1,1.B.33,3.A.9
GH19|CBM5,2.A.96,3.A.1,3.A.1,3.A.1,3.A.1,HTH_1|LysR_substrate,2.A.25
2.A.68,GH23
3.A.1,3.A.1,3.A.1,LacI|Peripla_BP_3,4.A.1,GH13_29,2.A.6,2.A.6,GT0,GT4,GT4,GT26,9.B.18,1.B.18,8.A.3,2.A.115
2.A.17,2.A.37,MarR,CE9,4.A.1
9.B.34,HTH_5,2.A.1,GH18
2.A.56,2.A.56,2.A.56,dCache_2|HATPase_c,GerE|Response_reg,MarR,2.A.15,CE4|CBM12,4.A.3,4.A.3,4.A.3,GH4,LacI|Peripla_BP_3,GT2,1.B.52,CBS|cNMP_binding,Aminotran_1_2,8.A.59,PfkB,CheZ|MCPsignal,2.A.42
3.A.23,2.A.7,MCPsignal,2.A.47,cNMP_binding|HATPase_c|HisKA,Response_reg,9.B.99,HATPase_c|HisKA,Response_reg|Trans_reg_C,GT0,Nitro_FeMo-Co,3.A.1,3.A.1,3.A.1,2.A.80
1.B.52,MCPsignal,1.B.52,TetR_N,1.B.17,2.A.1,2.A.1,1.B.52,3.A.23,2.A.25,3.A.1,3.A.1,3.A.1,3.A.1,3.A.1,GH73
1.A.30,3.A.1,3.A.1,3.A.1,3.A.1,DeoRC|HTH_DeoR,LacI|Peripla_BP_3,GH1,peroxidase,HTH_1|LysR_substrate,3.A.1,3.A.1,3.A.1,3.D.4,2.A.7
1.A.26,2.A.42,3.A.1,3.A.1,3.A.1,3.A.1,3.A.1,2.A.22,Aminotran_1_2,2.A.6,2.A.6,2.A.6,PspC,9.B.100,3.A.23,3.A.1,3.A.1,3.A.1,3.A.1,3.A.1,2.A.119,SBP_bac_3,GH36,5.A.3,5.B.5,1.A.16
5.A.3,LacI|Peripla_BP_3,GT5,3.A.7
5.A.3,5.A.3,CBM73|GH18,2.A.41,HTH_1|LysR_substrate,GH103
GH108,3.A.7,3.A.1,9.B.14,9.B.14,3.A.1,3.A.1
4.C.1,1.B.14,1.B.6,3.A.3,GH20,9.B.34
2.A.40,2.A.22,GGDEF|CHASE4,3.D.5,3.D.5,3.D.5,3.D.5,3.D.5,3.D.5,3.D.5,2.A.1,Sigma70_r2|Sigma70_r4,1.B.10,3.A.16,GH102,3.A.7
9.B.8,1.A.35,LacI|Peripla_BP_3,GH2,8.A.59,4.C.1
3.A.5,CE11,GT28,2.A.103,9.B.146
4.C.1,HTH_1|LysR_substrate,GT1
1.B.22,GT51
9.B.34,2.A.13,CBM41|GH13_13,5.A.1,GerE|Response_reg,2.A.36,2.A.21,2.A.88,ACT|HD,2.A.40,HATPase_c|HisKA,Response_reg|Trans_reg_C,9.B.34
CBM50,Fer4,2.A.47
9.A.40,Glucokinase,1.A.23,9.B.18,9.B.18,GT4
CE4,9.B.67,GT9,GT9,GT32,GT30
5.A.2,Fer4,1.C.113,2.A.38,2.A.38,CBM50
1.B.42,1.B.52,GH23
2.A.7,2.A.23,MerR,2.A.1,HTH_1|LysR_substrate,GGDEF|EAL,CBM50,2.A.53,9.A.5,9.B.34,3.A.1,3.A.1,3.A.1,SBP_bac_1,MCPsignal,1.B.14,1.I.1,CBM50
9.B.34,9.B.32,8.A.1,2.A.27,2.A.23,HD,1.B.52,IclR|HTH_IclR,GH18,2.A.47,9.B.97,1.C.106,3.A.23,CBM48|GH13_9,GH77,GT35,GerE,1.B.52
2.A.7,2.A.102,9.B.55,4.A.2,1.A.34,3.A.1,3.A.1,3.A.1,3.A.1,MCPsignal,SBP_bac_1,1.B.52,GH13_11,1.B.3
2.A.33,HTH_5,2.A.59,GH108
3.D.4,3.D.4,Aminotran_1_2|GntR,1.B.39,CBM5,PAS|MCPsignal,1.B.9,GH13_19,8.A.5,3.A.1,9.B.33,Response_reg|LytTR,9.B.34,2.A.3
1.A.26,AA10|CBM73,3.A.18
1.A.22,3.A.25,Rhodanese,GH18,Sigma70_r4,1.B.14
4.A.1,LacI|Peripla_BP_3,GH32,PfkB,1.B.52,9.B.153,1.B.52,2.A.61,2.A.21
5.B.5,8.A.59,GerE|Response_reg,HATPase_c|MASE1,2.A.1,3.A.1,3.A.1,3.A.1,2.A.6,2.A.6,9.B.34,GH18,HTH_8|Response_reg,HATPase_c|HisKA,SBP_bac_1,2.A.1
GH129,GH13_27,DeoRC|HTH_DeoR,4.A.7,4.A.7
1.C.14,CE16,9.B.34,2.A.1,2.A.35,2.A.21,8.A.59,2.A.13,1.I.1,1.A.1,2.A.35
2.A.42,2.A.63,2.A.63,2.A.63,2.A.63,5.B.1,3.A.23,HATPase_c|PAS|dCache_1|HisKA,AA10
