3.A.1,3.A.1,3.A.1,3.A.1,CE4
2.A.1,AraC_binding|HTH_AraC,2.A.2,GH3,GntR,HTH_18|AraC_binding,2.A.2,GH3
3.A.3,3.A.3,3.A.3,CBS,3.A.1,3.A.1,3.A.1,3.A.1,Pyr_redox_2,4.A.3,4.A.3,4.A.3,GH1,GntR,CbiA,9.A.47
3.A.1,MarR,GH43_11,3.A.1,3.A.1
1.A.30,1.A.30,2.A.25,3.A.3,2.A.1,2.A.19,CE4,2.A.16
2.A.1,2.A.17,PfkB,2.A.3,9.B.33,LytTR|Response_reg,2.A.114,2.A.1,TetR_N,3.D.4,3.D.4,3.D.4,2.A.4,GH13_31,3.A.1,2.A.1,TetR_N,2.A.7,2.A.7,2.A.7,9.B.105,2.A.53,8.A.5,MerR,9.B.2,2.A.7,GntR,2.A.26,4.C.1
2.A.39,3.A.1,3.A.1,3.A.1,GH51,Aminotran_1_2,9.B.211,9.B.143,2.A.3,3.A.1,B12-binding|MerR|B12-binding_2,3.A.1,3.A.1,3.A.1,3.A.1,3.A.1,2.A.35
GH3,HTH_5,2.A.59
2.A.6,2.A.4,2.A.40,HTH_1|LysR_substrate,2.A.86,9.A.40,2.A.23,2.A.88,HTH_3,GT51,PTS-HPr,3.A.1
2.A.88,GT8,3.A.1,3.A.1,3.A.1
CBM34|GH13_20,3.A.1,3.A.1,3.A.1,GH13,GH13_31
2.A.115,8.A.3,8.A.3,AraC_binding,9.B.18,GT26,GT2
4.B.1,ACT,GT2,3.A.1
9.B.146,2.A.103,GT28
CBM50,GT28,Peripla_BP_2,3.A.1,3.A.1,9.A.23,CBM41|GH13_14,GH28,SBP_bac_1,3.A.1,3.A.1,SBP_bac_1,GH105
3.A.1,3.A.1,3.A.1,GH43_11,GH105,GH28,CE8|CE12
9.A.23,CSD,4.A.1,HTH_6|SIS,SBP_bac_1,3.A.1,3.A.1,8.A.59,HTH_18|Response_reg,GH1,9.A.40
3.A.1,3.A.1,3.A.1,8.A.5,SIS,HTH_6|SIS,4.A.1,2.A.21,GH3
3.A.1,3.A.1,3.A.1,3.A.1,3.A.1,GH3
2.A.109,1.A.23,GH73,2.A.28
GH3,GH38,HTH_18|Response_reg,8.A.59,SBP_bac_1,3.A.1,3.A.1,GH38,GH20,GH125,GH38
GH3,2.A.2,2.A.122
2.A.7,HTH_18,GH2,PfkB,2.A.36,3.A.9,4.A.2,2.A.1,4.A.3,2.A.115
GH20,GH2,3.A.1,3.A.1,3.A.1,8.A.59
4.A.3,4.A.3,MarR,GH1,LacI|Peripla_BP_3,3.A.1,3.A.1,SBP_bac_1,3.A.1,3.A.1,3.A.1,GH2,GntR|Peripla_BP_1,1.C.113
2.A.64,2.A.64,PALP,GT2
GT4,CE14,2.A.115,3.D.3,3.D.3,3.D.3
9.B.158,Glucokinase,GH29,3.A.1,3.A.1,3.A.1,3.A.1,3.A.1,HTH_IclR,3.A.1,GH4,2.A.35
2.A.120,LytTR,GntR,3.A.1,3.A.1,SBP_bac_1,GH113,GH1,GH36,CE7,2.A.120,3.A.1,3.A.1,Glyoxalase,9.B.44,CE4,GH10,3.A.1,3.A.1
4.A.2,CBM50|CBM50,Nitroreductase,2.A.21,3.D.4,3.D.4,3.A.1,3.A.1,MarR,2.A.1,LacI|Peripla_BP_3,3.A.1,3.A.1,3.A.1
GH18,3.A.11,3.A.11,3.A.11
3.A.15,9.B.34,CBM50
3.A.1,3.A.1,3.A.1,HTH_18|Response_reg,8.A.59,GH3,GH95,GH42,GH31
GT51,4.C.1
GT35,GT5,GH13_9,2.A.7,9.B.20
4.C.1,TetR_N,3.A.1,CE4,Peripla_BP_2,3.A.1,3.A.1,9.B.102,9.B.102
2.A.22,HTH_3,Aminotran_1_2,AsnC_trans_reg,Aminotran_1_2,3.D.1,GT51
2.A.103,4.C.3,2.A.6,HATPase_c|HisKA,GH36,HATPase_c|HisKA,Trans_reg_C|Response_reg,3.A.1,2.A.1,SpoVT_AbrB,3.A.1,3.A.1,3.A.1,3.A.1,3.A.1,3.A.1
4.A.1,4.A.1,2.A.6,TetR_N,9.B.28,3.A.1,3.A.1,3.A.1,HTH_IclR,GH43_11
9.B.156,CE9,1.E.40
3.A.1,3.A.1,3.A.1,GH15,2.A.4,HTH_3,2.A.103,9.B.174,Peptidase_M23,3.A.1,3.A.1,3.A.5
3.A.11,3.A.11,GerE|Response_reg,HATPase_c,1.B.12,GH73,GH73,GH73,3.A.1,3.A.1,GT2,GT2,GH73,GT26,9.B.146
3.A.7,GT0
GT2,GT4,GT4,9.B.18,9.B.18,Aminotran_1_2,9.B.18,8.A.3,8.A.3
GT51,9.B.149
2.A.98,2.A.3,CSD,3.A.7,2.A.63,2.A.63,2.A.63,2.A.63,2.A.63,2.A.63,2.A.63,GH65,3.A.18,HTH_18|AraC_binding,2.A.23,GT2|GT2,2.A.41,Glycos_trans_3N,Sigma70_r4_2,ACT,GH13_5,3.A.1,3.A.1,3.A.1,Peripla_BP_2,3.A.1,3.A.1,3.A.1,3.A.1,3.A.1,Trans_reg_C|Response_reg,HATPase_c,3.A.1,3.A.1,HTH_8|Diacid_rec,2.A.8
