2.A.1,GntR,EAL|GGDEF,GH68,GH25
2.A.38,CBM50,3.A.11,2.A.53,3.A.1
3.A.5,3.A.1,3.A.1,Sigma70_r2|Sigma70_r4,GT51
GH19,1.M.1
GH32,3.A.1,3.A.1,3.A.1,3.A.1,1.B.3,1.A.13,3.A.1,3.A.1
1.A.30,GH102,CbiA,GT2,4.D.3,GH8,2.A.50
1.B.52,GT4,3.A.1,3.A.1,GT4|GT4,GT2
GT4,2.A.121
2.A.7,LysR_substrate|HTH_1,1.B.17,2.A.85,8.A.48,8.A.1,2.A.50,PL5_1,1.B.13,GT2
3.D.4,3.D.4,3.D.4,3.D.4,GT2
1.A.46,PL3_1,GH23,3.A.23,3.A.23,1.C.56,3.A.6,1.B.22,3.A.6,3.A.6,3.A.6,3.A.6,3.A.6,Sigma70_r2|Sigma70_r4_2,1.C.65
3.A.23,9.B.62,GH23
1.B.33,GT19
GH28,2.A.86
3.A.1,3.A.1,3.A.1,3.A.1,3.A.1,GH23
8.A.1,2.A.20,8.A.5,1.B.52,TetR_N,2.A.21,TetR_N,GH3
1.B.10,9.B.43,CE4,9.B.35
3.A.1,3.A.1,9.B.14,9.B.14,3.A.1,1.A.1,HTH_18|AraC_binding,9.B.153,1.B.52,HTH_18,5.B.1,1.B.17,8.A.1,MarR,PL7_1,HisKA|HATPase_c,Trans_reg_C|Response_reg,2.A.108,2.A.108,2.A.108,2.A.108,HTH_18|Ada_Zn_binding,2.A.53,2.A.7,2.A.1,2.A.117,LysR_substrate|HTH_1,2.A.21
2.A.16,LysR_substrate|HTH_1,GT4,GT4,GH39,GT4,9.B.18
GH23,3.A.1
3.A.7,LexA_DNA_bind,TetR_N,GH3,4.D.2
GH3,3.A.15,3.A.15,3.A.15
3.A.15,2.A.1,2.A.6,2.A.6,HisKA|HATPase_c,Trans_reg_C|Response_reg,1.A.16,1.B.14,GH0,GH0,MCPsignal,2.A.1
AA10,3.A.1,3.A.1
GH13_33,3.A.23,9.B.153,2.A.1,1.B.25
GT83,2.A.7,GT83,GT2
GT73,3.A.1,2.A.1,1.B.12,CBM48|GH13_9,GH13_16,GH13_3,EAL|MHYT|GGDEF,2.A.6,2.A.6,2.A.6,2.A.6,LysR_substrate|HTH_1,9.B.22,1.B.33
2.A.21,Response_reg,HisKA|HATPase_c|Response_reg,CheB_methylest,CheR|CheR_N,2.A.21,Response_reg,GT0|GT2|GT4,HTH_18|AraC_binding,3.A.1,3.A.1,3.A.1,3.A.1
2.A.1,2.A.55,2.A.1,LysR_substrate|HTH_1,GH15,8.A.5,3.A.1,1.B.14,1.A.30,1.A.30,dCache_1|MCPsignal,HD,3.A.7,1.B.52,Peripla_BP_1,MCPsignal|CHASE3,9.B.140,2.A.1,1.B.14
2.A.37,GT2
9.B.34,3.A.1,ANTAR|Response_reg,GH68,2.A.1,9.B.106,Pyr_redox_2,3.D.1,1.B.6,Sigma70_r2|Sigma70_r4,1.A.35,4.A.2
3.A.1,3.A.1,GH23
2.A.1,GT2|GT2,2.A.1
2.A.1,1.C.106,2.A.21,GH33
2.A.21,Aminotran_1_2,9.B.1,3.A.18,LysR_substrate|HTH_1,2.A.102,MarR,HTH_3,GT104,2.A.42,TetR_N,3.A.11,9.B.18,9.B.146
3.A.1,4.C.1,4.C.1,PL1_8,2.A.1,9.B.34,3.A.1,3.A.1,3.A.1,3.A.1,3.A.1
2.A.113,9.B.27,PL1_4
GH3,dCache_1|HisKA|HATPase_c,3.A.23,2.A.21,1.A.33,2.A.1,2.A.1,TetR_N,2.A.6,2.A.6,2.A.6,2.A.1,IclR|HTH_IclR,2.A.20
2.A.1,3.A.23,1.A.23,2.A.21,NUDIX,3.A.5,CE11,GT28,2.A.103,9.B.146
AA2,1.B.52,2.A.33,3.A.1,3.A.1,3.A.1,3.A.1,3.A.1,GerE|Autoind_bind,MCPsignal,GAF,EAL|GAF|GGDEF,2.A.102,2.A.1,GntR,3.A.1,HTH_8|Response_reg,HisKA|HATPase_c,3.A.1,3.A.1,3.A.1,1.B.25,3.A.1,3.A.1,3.A.1,3.A.1,3.A.1
GH103,GH0,GH103,2.A.103
9.B.34,NUDIX,2.A.66,GT51,Response_reg,3.A.7,3.A.7,5.A.1
CBM50,1.A.62,1.A.30,1.A.30,2.A.25
2.A.39,2.A.6,GT30,2.A.7,Pyr_redox_2,8.A.5,PfkB,3.A.1
GT4,GT9,GT9,1.I.1,Pyr_redox_2,2.A.85,SBP_bac_3,9.B.34,PL7_1,2.A.21,2.A.36,1.A.23,3.A.23
GT2,2.A.6
9.B.42,SKI,1.B.22,3.A.11,GT51,3.A.11
2.A.64,1.B.52,1.B.52,GT2,GT35
9.B.10,CBM50,3.A.3,4.F.1
