5.A.1,9.B.14,2.A.1,9.B.21,GT51,1.B.22,HD,1.B.39,GATase_2,Pyr_redox_2,2.A.1,2.A.1,3.A.1,3.A.1,3.A.1,3.A.1,STAS,3.A.1,3.A.1
4.C.1,2.A.1,TetR_N,3.A.23,SIS,GH166,2.A.66,GT4,TPR_2,GH166,2.A.1
2.A.1,GT2
3.A.1,3.A.1,3.A.1,2.A.6,GH102
9.B.146,2.A.103,GT28,CE11,3.A.5
GT51,1.A.23,1.A.35
2.A.1,2.A.1,TetR_N,GH166
1.A.46,HTH_5,2.A.73,2.A.37,2.A.3,PAS|GGDEF|EAL,GGDEF,1.B.6,2.A.98,GT2,HTH_1|LysR_substrate,2.A.1,HATPase_c|HisKA|Response_reg,Response_reg|HTH_18,EPSP_synthase,GntR,2.A.21,2.A.1,2.A.66,HTH_1|LysR_substrate,2.A.76,GT2,CBM50,CSD,2.A.76,9.A.40
GH3,GT104,1.A.1,4.F.1
9.B.102,9.B.102,2.A.1,HATPase_c|HisKA,Response_reg|Trans_reg_C,8.A.1,2.A.6,2.A.6,2.A.6,GerE|Response_reg,3.A.7,9.A.40,AA6,HTH_1|LysR_substrate,2.A.28,1.I.1,Rhodanese,GT2,2.A.16,3.A.1,2.A.4,3.A.1,3.A.1,3.A.1,3.A.1,1.A.23
AA3_2,3.A.1,3.A.1
3.A.1,3.A.1,3.A.1,3.A.1,1.B.1,HTH_1|LysR_substrate,2.A.1,MarR,2.A.7,GT9
GH23,4.C.1,2.A.1,HTH_1|LysR_substrate,2.A.1
2.A.23,GH37,GntR,2.A.76,9.A.55,3.A.16,3.A.1,3.A.1,3.A.1,3.A.1
3.A.1,3.A.1,AA3_2
2.A.6,3.A.1,3.A.1,3.D.4,3.D.4,2.A.1,HTH_1|LysR_substrate,GT2
9.B.97,GH104,4.C.1,GT51,2.A.76
8.A.28,GT20,MCPsignal,HATPase_c|Response_reg,1.C.113,MarR|AsnC_trans_reg,3.A.1,3.A.1,3.A.1,Aminotran_1_2,1.B.11
4.D.3,GH8,TPR_2,CbiA,GT2,8.A.5,Pyr_redox_2,2.A.1,TetR_N,2.A.6,2.A.6
9.A.47,9.A.47,9.B.153,GH23,3.A.15
GT83,2.A.6,2.A.6
2.A.66,2.A.1,9.B.34,1.A.23,9.B.34,HxlR,2.A.1,8.A.1,2.A.6,3.A.1,3.A.1,3.A.1,3.A.1,3.A.12,GT73,EAL|GGDEF,MarR,2.A.1,1.B.12,9.B.34,HTH_IclR|IclR,4.C.1,3.A.1,3.A.1,3.A.1,3.A.2,2.A.47,Pyr_redox_2,2.A.22,3.D.1,3.D.1
2.A.7,8.A.21,8.A.7,GT19,1.B.33
GT83,2.A.7,GT2,3.A.7,2.A.20
1.E.3,GH104
1.A.14,Sigma70_r3|Sigma70_r2|Sigma70_r4,CBM50,3.A.1,3.A.1,SBP_bac_3,GerE,9.B.153
2.A.7,Aminotran_1_2,2.A.1,HTH_1|LysR_substrate,GH23,HATPase_c,3.A.1
GH24,5.A.3,5.A.3,5.A.3,2.A.21,GerE|Response_reg,GH15,GntR,GntR,2.A.1,HTH_1|LysR_substrate,3.D.2,3.D.2,3.D.2
2.A.6,GT2
3.D.4,3.D.4,3.D.4,GerE|Response_reg,HATPase_c|HisKA,1.B.17,3.A.1,3.A.1,1.A.62,Citrate_synt,2.A.1,2.A.10,DeoRC|HTH_DeoR,SBP_bac_3,AraC_binding,2.A.8,3.A.23,2.A.1,HTH_1|LysR_substrate,GT1,1.B.12,2.A.1
GH23,2.A.3,EAL|GGDEF,3.A.1,3.A.1,3.A.1
3.A.6,STAS,Sigma70_r4_2|Sigma70_r2,GH23
3.A.5,2.A.6,2.A.6,GH23,3.A.6,3.A.6,3.A.6,3.A.6,3.A.6,GerE|Response_reg,1.B.22
2.A.102,AAA,HTH_IclR|IclR,HTH_IclR|IclR,AA3_2,2.A.1
GH3,2.A.1
2.A.3,Aminotran_1_2,HTH_1|LysR_substrate,GT51,GntR,2.A.14,1.B.39,8.A.5,HxlR,2.A.8,2.A.1,FeoA,9.A.8,3.A.1,3.A.1,3.A.1,SBP_bac_3,HTH_1|LysR_substrate,2.A.1
2.A.49,3.A.15,GH23,3.A.15,3.A.15,1.B.22
3.A.1,HD,3.D.1,GH23
GT51,3.A.1,3.A.1,3.A.1,1.B.14
2.A.1,HTH_1|LysR_substrate,HTH_1|LysR_substrate,AA3_2,3.A.1,3.A.1,3.A.1,3.A.1,3.A.1,MarR,3.A.1,3.A.1,3.A.1,CbiA,2.A.45,1.A.77,3.A.2,3.A.2,3.A.2,3.A.2,3.A.2,4.C.1,2.A.1,FlhD,FlhC,1.A.30,1.A.30,Response_reg,CheY-binding|HATPase_c|CheW|H-kinase_dim,CheW,1.B.52,1.B.52
GH73,3.A.6,3.A.6,3.A.6,3.A.6,3.A.6,3.A.6,3.A.6,3.A.6
9.B.18,GT2,GT2,3.D.4,3.D.4,HTH_1|LysR_substrate,2.A.1,TPR_1,1.C.36
