2.A.28,4.C.1,MarR,2.A.7,CBM5,2.A.7,2.A.66,GyrI-like|HTH_18,1.B.76
3.A.1,Peripla_BP_2,3.A.1,Aminotran_1_2|GntR,CBM5|CBM73,LacI|Peripla_BP_3,Peripla_BP_1,3.A.1,3.A.1,1.A.13
CBM5,2.A.1
2.A.37,2.A.37,2.A.56,2.A.56,GntR,GH105|CBM32,LysR_substrate|HTH_1,1.A.12,3.A.1,3.A.1,3.A.1,SBP_bac_1,Glyoxalase,8.A.5,TetR_N,AA3_2
AA3_2,Peripla_BP_1,3.A.1,3.A.1,3.A.1
GH88,GH112,PL8_3,GH20,GH19,9.A.47,3.A.7,3.A.7,9.A.47,TPR_2,3.A.7,1.B.6,2.A.23,GH154,3.A.1,9.B.34,3.A.1
GH18,9.B.34,FIST,HTH_18|AraC_binding,2.A.80
GH13_27,Aminotran_1_2|GntR,3.D.4,3.D.4,9.B.34
GH2,SBP_bac_1,3.A.1,3.A.1,3.A.1,1.B.52
CE4,3.A.1,3.A.1,3.A.1
9.A.5,9.B.43,CE4,9.B.35
3.A.23,2.A.39,9.B.34,9.B.34,1.B.52,GH13_27
9.B.34,2.A.7,9.B.143,TetR_N,9.B.97,HisKA|Response_reg|HATPase_c,3.A.1,3.A.1,MCPsignal,GH13_9,GH77,GT35
2.A.23,GH13_11,9.B.34,3.A.1
8.A.1,3.A.1,GT26,GT2,GT4,GT2,GT4,GT2,8.A.3,9.B.18,GerE,3.A.1,3.A.1,3.A.1,3.A.1
2.A.75,SBP_bac_1,3.A.1,3.A.1,GH5_13
3.A.1,3.A.1,3.A.1,CBM5,3.A.23,3.A.1,3.A.1,3.A.1,3.A.1,3.A.1,MarR,3.A.1,3.A.1,3.A.1,1.B.14,SBP_bac_1,3.A.1,3.A.1,GH1,3.A.1
1.I.1,CBM50
3.A.1,3.A.1,Sigma70_r4_2,8.A.5,CBM51|CBM51
3.A.1,3.A.1,GntR,3.A.1,3.A.1,3.A.1,2.A.38,1.B.52,GH23
3.B.1,3.B.1,9.B.27,GH23,9.A.40,9.B.14,3.A.5
9.B.146,2.A.103,GT28,CE11,3.A.5
2.A.25,GH20,MarR,SBP_bac_1,3.A.1,3.A.1,3.A.1,2.A.56,2.A.56,SIS|HTH_6,1.I.1,2.A.26
2.A.58,LysR_substrate|HTH_1,HTH_5,2.A.66,9.B.105,HisKA|HATPase_c|Response_reg,2.A.114,SIS,GH3,LytTR|Response_reg,9.B.33,1.A.34,3.A.1,GH23,Trp_repressor,GGDEF|EAL,1.B.33,3.A.9,1.A.30
3.A.7,GH102,3.A.16,1.B.10,Sigma70_r2|Sigma70_r4,2.A.1,3.D.5,3.D.5,3.D.5,3.D.5,3.D.5,3.D.5,3.D.5,1.A.30,1.A.30,TPR_1,9.B.34,2.A.113,9.B.72,GT2,2.A.16,CBM73|GH18,2.A.22
1.B.33,3.A.1,3.A.8,2.A.68,2.A.68,LysR_substrate|HTH_1,GH23,2.A.40
GH18,3.A.1,3.A.1,3.A.1,3.A.1,3.A.1,2.A.6,2.A.6
CE9,4.A.6,4.A.6,4.A.6,4.A.6
3.A.1,3.A.1,3.A.1,3.A.11,3.A.1,GT2
3.A.1,3.A.1,3.A.1,GH13_23,3.A.1,LacI|Peripla_BP_3,2.A.76
CE9,2.A.56,2.A.56
AA3_2,3.A.1,3.A.1,3.A.1,3.A.1,NTP_transf_2,4.A.3,1.B.52,GerE|Response_reg,4.F.1,9.B.34,1.A.16
2.A.23,2.A.76,1.B.52,2.A.21,Response_reg,4.A.3,9.B.18,GT2,GT4,GT4,GT4,3.A.23,HisKA|HATPase_c|Response_reg,Response_reg|SpoIIE,1.B.18
5.A.3,5.A.3,HisKA|HATPase_c,BLUF,1.A.11,3.A.1,3.A.1,3.A.1,3.A.1,3.A.1,GH73,HTH_18,GH4,Crp|cNMP_binding,3.A.3,3.D.4,3.D.4,3.D.4
GH105,Peripla_BP_1,3.A.1,3.A.1,2.A.56,2.A.56
1.E.43,GT0,MCPsignal,8.A.59,Aminotran_1_2,CBS|cNMP_binding,2.A.15
5.A.3,LacI|Peripla_BP_3,GT5,GGDEF|PAS|dCache_1|EAL,3.A.7
1.B.52,GT2,1.B.52
2.A.21,GT83
2.A.53,9.B.22,SIS|HTH_6,2.A.102,4.A.6,4.A.6,4.A.6,4.A.6,SIS,PL8_3,3.A.1,GntR,2.A.34,5.A.2,9.B.34,3.A.1,3.A.1,3.A.1
3.A.23,2.A.56,2.A.56,2.A.56,2.A.56,3.A.1,3.A.1,3.A.1,3.A.1,HisKA|HATPase_c,Response_reg|Trans_reg_C,9.B.34,MCPsignal,HisKA|HATPase_c|Response_reg,GH103,CbiA,Response_reg|EAL,2.A.21,2.A.40,GerE|Response_reg,HATPase_c,2.A.56,2.A.56
GT19,1.B.33
3.A.1,3.A.1,3.A.1,3.A.1,GerE,9.A.8,FeoA,Reg_prop|Y_Y_Y|HTH_18,CBM50,3.A.1,3.A.1,3.A.1,3.A.1,GT9,3.D.10,3.D.10
4.A.1,CE9,MarR,2.A.37,Pyr_redox_2,PfkB,3.A.1,3.A.1,3.A.1
8.A.21,MerR,1.B.1,2.A.121,PALP,8.A.8,8.A.7,4.A.1,GH73
1.A.33,2.A.23,Aminotran_1_2,2.A.115,GH13_29,4.A.1,LacI|Peripla_BP_3,3.A.1,3.A.1,3.A.1,SIS|HTH_6,2.A.56,2.A.56,2.A.56,Glucokinase,CE9
3.A.5,3.A.16,1.B.1,CBM50,2.A.6,2.A.6,Aminotran_1_2,2.A.86,dCache_1|PAS|Response_reg|HATPase_c|HisKA,3.A.1,3.A.1,3.A.1,3.A.1,3.A.1,GH9,GH20,GH94,3.A.1,3.A.1,3.A.1,1.A.11
9.B.34,ACT,4.C.1,LysR_substrate|HTH_1,GT1
GH4,4.A.3,4.A.3,4.A.3,3.A.1,3.A.1,3.A.1,9.B.22,1.B.33
CBM50,Fer4,2.A.47,3.D.10,3.D.10
CBM5|CBM73,NUDIX,3.A.15,3.A.15,3.A.15,3.A.15,3.A.15,3.A.15,1.B.22,3.A.15
9.B.4,9.B.34,HTH_11|AsnC_trans_reg,Pyr_redox_2,GT2,2.A.6
1.B.22,GT51
2.A.56,DctP,AA3_2
GT51,Peptidase_M23,9.B.18,9.B.18,GT2|GT4,3.A.1,3.A.1
9.B.18,9.B.18,GT2,GT4,GT4
1.B.14,GT9,GT30,GT4,GT2,GT2,GT9,GT2,GT9
2.A.1,4.C.1,GT1
CE4,9.B.104,Rhodanese,Sigma70_r2|Sigma70_r4,3.A.1,3.A.1,3.A.5,2.A.95
3.A.11,CBM50,2.A.38,2.A.38,1.C.113,Fer4,5.A.2,9.B.167
