3.A.7,3.A.7,GH23,3.A.7,3.A.7,3.A.7
3.A.1,CE4
CE9,4.A.1,3.A.16,2.A.1,MarR,2.A.108,2.A.108,2.A.108,MerR,9.A.40
2.A.17,Glyoxalase,GntR,2.A.8,2.A.103,GT51
2.A.1,CBM6,2.A.3,9.A.11,2.A.3,2.A.118,3.A.23,3.A.1,3.A.1,3.A.7,3.A.7
3.A.1,3.A.1,9.B.2,2.A.114,1.A.11,LytTR,2.A.86,2.A.23,CBM50
9.B.143,CE4
GT2,2.A.3,2.A.7
3.A.23,CBM50,2.A.1,3.D.2,CodY,2.A.20,2.A.20,8.A.5
2.A.86,9.A.40,9.A.40,HATPase_c|HisKA,2.A.4,2.A.88,GT51
4.C.1,2.A.1,9.B.169,SirB,CBM34|GH13_20,3.A.1,GH13_1,GH13_31
GH23,CYTH,1.A.26
2.A.1,GH1,2.A.53,MerR,2.A.3,3.A.1,3.A.1,3.A.1,3.A.1,3.A.7,2.A.3
2.A.67,GntR,4.A.3,4.A.3,4.A.3,GH4
4.A.1,GH32,PfkB,4.A.1
1.A.22,GH25,2.A.25,2.A.109,2.A.7
4.A.1,GH13_29,GntR,2.A.7,2.A.7
GT1,2.A.1,4.C.1,4.C.1,4.C.1,2.A.108,LysR_substrate|HTH_1,NIR_SIR|NIR_SIR_ferr,2.A.3,9.A.11
GH14|CBM20,1.A.23
3.A.1,GntR,GH13_14,3.A.9
2.A.101,GT1,3.A.1
GT4,2.A.102
3.A.1,3.A.1,3.A.1,3.A.1,3.A.1,2.A.7,TPR_1|HTH_3,9.B.74,2.A.3,HATPase_c|HisKA,3.A.23,2.A.109,2.A.102,GT2,GT4,GT2,GT2,9.B.18,3.A.1,GH18
3.A.1,2.A.28,2.A.1,2.A.21,2.A.115,2.A.16,CBM50
1.E.43,3.A.1,PfkB,GH32|CBM66|CBM66|CBM38|GH32,3.A.1,3.A.1,3.A.1,DeoRC|HTH_DeoR,GH32,GH68,3.A.1,Response_reg|HTH_18,9.B.33
3.A.1,1.C.113,CBM50,4.A.2,PfkB,DeoRC|HTH_DeoR,CE4
2.A.40,1.E.14,2.A.122,GT28,1.A.23,2.A.66
4.A.3,GH4,4.A.3
GT4,CE14,2.A.115,3.D.3,3.D.3,3.D.3
2.A.66,GT4,GT4,GT4,9.B.18,9.B.18,8.A.3,8.A.3,HTH_3,2.A.1,2.A.7,3.A.1,3.A.1,3.A.1,3.A.1,3.A.1,3.A.1
GT51,4.C.1
2.A.6,CE4
GH73,Pkinase,HTH_5,9.B.74,Rrf2,Glyoxalase,GH8,9.B.31
GT28,CE4,HATPase_c|HisKA,Response_reg|Trans_reg_C,3.A.1
2.A.17,Sigma70_r2|Sigma70_r4_2,CE4,9.A.28
GT4,GT0,2.A.66,TetR_N,Glyoxalase,2.A.102,3.A.1,3.A.1
2.A.25,1.A.8,HTH_5,2.A.1,2.A.3,GH3,TrmB,2.A.102,2.A.21
2.A.1,2.A.3,GH18,1.A.1,2.A.22
2.A.103,Peripla_BP_1|LacI,2.A.3,GH13_31,9.A.11,3.A.1,3.A.1,3.A.1
GT4,GT26,GT4,3.A.1,3.A.1,GT2|GT4,GT2,GT2|GT4,CBM50,3.A.5
9.B.157,HTH_10,1.A.34,EPSP_synthase,3.D.1,3.D.1,3.D.9,3.D.9,3.D.9,3.D.1,3.D.1,3.D.1,3.D.1,3.D.1,3.D.1,3.A.2,3.A.2,3.A.2,3.A.2,1.A.77,GT0
GT51,9.B.149
9.B.125,3.A.1,3.A.1,3.A.1,CE4,AA10,3.A.7,3.A.1,3.A.18,2.A.40
GH13_5,3.A.18
