3.A.7,3.A.7,3.A.7,3.A.15,3.A.14,GH23
2.A.81,9.B.51,PALP,2.A.8,HTH_1|LysR_substrate,GH5,2.A.1,2.A.7
2.A.1,Response_reg|GerE,MASE1|HATPase_c,2.A.1,2.A.1,2.A.1,GH1,2.A.7,9.B.20,3.A.3
1.B.12,2.A.2,GH31,2.A.40,2.A.27
GT30,GT9,GT4,GT4,GT8,GT8,GT73,GT4,GT9,GT9,Aminotran_1_2,GT2,1.A.34
2.A.1,HTH_IclR|IclR,3.D.1,Aminotran_1_2,GH13_19,GH73,HTH_18|Peripla_BP_3,9.B.97
GT2,4.D.3,GH8,1.B.55,GGDEF|EAL,2.A.23,PfkB,EAL,9.B.121,2.A.1,9.B.126,HTH_1|LysR_substrate,Response_reg|GerE,GH24,GH37
2.A.8,CBM48|GH13_9,CBM48|GH13_11,GT5,GT35,Rhodanese,9.B.104,HTH_DeoR|DeoRC,GerE,GT35,GH77,2.A.8,9.A.8,9.A.8,9.A.8,Response_reg|Trans_reg_C,2.A.21,9.B.65,NUDIX,GT51,1.B.22
GT51,Pkinase,8.A.8,4.A.2,1.B.42,1.B.42,1.B.42,CBS|SIS,2.A.19,3.A.1,3.A.1,3.A.1,3.A.1,3.A.1
1.E.25,GH24,1.M.1
1.B.76,2.A.47,8.A.5,HTH_18,9.B.27,1.A.30,1.A.30,1.B.52,3.D.7,5.A.3,3.D.7,3.D.7,3.A.1,1.B.52,2.A.1,1.B.25,2.A.2,GH2
2.A.25,2.A.96,1.A.33,HTH_1|LysR_substrate,GH108
3.A.15,GH23,1.B.52
GH23,3.A.1
2.A.1,1.B.35,GH33,3.A.7,3.A.7,3.A.7,3.A.7,GH23
9.B.120,2.A.1,GH23
GH1,1.C.113
CBM50,3.D.4,1.B.6,1.B.11,1.B.12,HTH_18|GyrI-like,2.A.113,2.A.42,2.A.117,HTH_1|LysR_substrate,2.A.1,HTH_1|LysR_substrate,3.A.1,LacI|Peripla_BP_3,4.C.1,2.A.1,8.A.5,2.A.109,NUDIX,4.A.2
3.A.7,GH102,2.A.7
3.D.1,3.D.1,3.D.1,3.D.1,3.D.1,3.D.1,5.A.3,Pyr_redox_2,3.A.23,CBS|SIS,HTH_DeoR|DeoRC,4.A.4,4.A.4,4.A.4,GH103
2.A.104,Rhodanese,HTH_5,9.B.12,GntR,2.A.3,2.A.80,2.A.80,2.A.80,Response_reg|Trans_reg_C,HATPase_c|HisKA,2.A.52,1.B.14,3.A.1,GT1
GT2,HTH_6|SIS,SIS,4.A.1,GH23,HATPase_c|HisKA,3.A.23,2.A.17,2.A.3,Trans_reg_C,Aminotran_1_2,2.A.1,2.A.113
GT51,5.A.3,5.A.3
2.A.7,2.A.7,GT83,GT2,Aminotran_1_2,NUDIX,1.B.68,Fer4,Pyr_redox_2,2.A.1
5.B.5,3.A.1,3.A.1,9.B.14,3.A.1,9.B.14,Response_reg|GerE,GH24,1.C.107,1.C.107,HTH_1,GH33,1.B.14
1.B.17,9.B.27,9.B.29,GH3,3.A.1,3.A.1,3.A.1,3.A.1,MerR,9.B.33,Response_reg|LytTR,3.A.1,1.B.11,2.A.113
2.A.1,2.A.6,2.A.6,8.A.1,AlkA_N|HhH-GPD,9.B.34,9.B.22,2.A.109,1.B.18,8.A.3,GT2,GT4,GT2,NUDIX,GT4,9.B.18,2.A.66,GT4,2.A.66,GT4,9.B.18,GT4
1.E.2,GH19
2.A.66,GH0|GH104|GH19|GH73
GH24,1.M.1
2.A.7,9.B.34,GerE,3.A.6,3.A.6,3.A.6,3.A.6,3.A.6,3.A.6,3.A.6,3.A.6,9.B.102,GH13_5
GT20,FlhD,FlhC,1.A.30,1.A.30,CheY-binding|H-kinase_dim|HATPase_c|CheW,CheW,1.B.52,CheR|CheR_N,Response_reg|CheB_methylest,Response_reg,CheZ,3.A.6,3.A.6,GH105,9.B.158
3.A.1,3.A.1,3.A.1,CBM50,1.B.54
9.B.62,HTH_3,GH24,1.C.72,1.C.72,1.C.72,GH108,1.C.98,1.B.11
5.A.2,2.A.34,GntR,Pyr_redox,2.A.36,GH23,1.E.43,GH37,3.D.4,3.D.4,3.D.7,3.D.7,3.D.7,3.D.7,3.D.7,3.D.7,1.B.35,HTH_DeoR|DeoRC,4.A.6,4.A.6,4.A.6,GH105,GH154,1.B.14,4.C.1,HTH_18,3.A.1,3.A.1,2.A.1,2.A.53,Pribosyltran,1.B.46
3.A.1,3.A.1,3.A.23,9.B.100,PspC,GH13_18,3.A.1,3.A.1,GH65,3.A.1,1.B.21,LacI|Peripla_BP_3,3.A.23,1.C.98,1.C.98,1.C.98,3.A.1,1.B.54,AraC_binding|HTH_3,1.A.23,cNMP_binding|Crp,1.B.52,1.A.35,3.A.18,2.A.7
GT83,3.A.1,3.A.1,3.A.1,3.A.1
2.A.1,1.B.1,2.A.7,5.A.3,5.A.3,5.A.3,1.C.10,GH13_10,GH13_26,CBM48|GH13_11,Aminotran_1_2,2.A.35
8.B.24,1.C.1,GH0|GH104|GH19|GH73,3.A.23
2.A.23,CE0,GH4,HTH_18|AraC_binding,4.A.3,4.A.3,4.A.3
2.A.1,1.E.43,9.B.2,2.A.76,3.A.1,MerR,GerE,NTP_transf_2,3.A.1,1.A.23,3.A.1,3.A.1,3.A.1,3.A.1,3.A.1,GH33
CBM13,1.B.12,9.B.50
GH3,1.B.14,4.A.1
2.A.1,GT2
2.A.1,1.B.35,2.A.21,HTH_6|SIS,2.A.21,TetR_N,AA6,5.A.1
2.A.1,GH31,3.A.1,2.A.45,Fe_dep_repr_C|Fe_dep_repress,1.B.6,2.A.7,3.A.1,3.A.1,3.A.1,1.A.23,Glycos_trans_3N,1.I.1,TetR_N,3.A.1,3.A.1,3.A.1,3.A.1,9.B.15,4.D.2,1.A.14
CE8,3.A.1,3.A.1,3.A.1,2.A.6,TOBE|HTH_1,3.A.1,GH4,HTH_18|AraC_binding,4.A.3,3.A.1,3.A.1,2.A.4,4.B.1,2.C.1,2.C.1,2.C.1,2.C.1,1.A.30,1.A.30,8.A.79,9.B.85,3.D.4,3.D.4,3.D.10,3.D.10
GT4,GT4,GT4|GT4,Pkinase,3.A.1,3.A.1
2.A.1,1.B.25,4.A.1,CE9
4.A.3,4.A.3,4.A.3,1.B.3,GH1,1.A.23,2.A.3
1.B.10,2.A.6,2.A.6,3.A.5,CBM34|GH13_21,2.A.3,2.A.26,PAS|HATPase_c|HisKA,Response_reg|Trans_reg_C,2.A.1
1.B.6,GH23,HTH_1|LysR_substrate,3.A.1,3.A.1,3.A.1
GH19|CBM73,GT19,1.B.33
2.A.1,Diacid_rec,HD,3.A.1,1.A.62,2.A.49,3.A.1,3.A.1,3.A.1,1.B.14,GT51
2.A.3,2.A.2,GH43_26,9.B.125,3.A.15,3.A.15,NUDIX,3.A.5,CE11,GT28,2.A.103,9.B.146
1.B.11,CBM5,GH18
GH23,3.A.1,4.B.1
4.A.6,4.A.6,4.A.6,4.A.6,GH105,GH154,PL8
3.A.3,LacI|Peripla_BP_3,4.A.1,GH13_29
CBM50,3.A.1,2.A.25,1.A.23,2.A.3,3.D.10,3.D.10,2.A.7,GerE,9.B.13
GH32,4.A.1,1.B.3
1.B.52,GH23,3.A.15
2.A.13,2.A.2,GH4,HTH_18|AraC_binding,HTH_18,2.A.3,Response_reg|Trans_reg_C,HATPase_c|HisKA,2.A.1,Glyoxalase,3.A.1,3.A.1,3.A.1,3.A.1,3.A.1
2.A.102,GH31,2.A.2,2.A.2,1.B.35,PAS|HATPase_c|HisKA,3.A.23
9.B.21,HEM4,TPR_2,2.A.3,GT26,9.B.128,GT56,2.A.66,Aminotran_1_2,GT0,9.B.146,3.A.6,1.I.1,4.B.1
3.A.1,3.A.1,GT1,1.C.31
