GT2,3.A.1
GH10,GT26,9.B.18,8.A.3,GT2,GT2,GT4,CE3
GH0,9.B.160,1.A.23,2.A.86,9.B.36,2.A.86
2.A.21,CE4,3.A.1,3.A.1,3.A.1,TPR_1,1.A.8
GT9,9.B.126
PL9_2,9.A.61,TPR_2|TPR_1,3.A.1,GH13_5,CBM13,2.A.7
2.A.7,9.A.61,AAA,CBM48|GH13_9
GT2,GT4,2.A.66,GT2,GT2,GT2,GH15,9.B.145
3.A.3,HisKA|HATPase_c,Trans_reg_C|Response_reg,9.A.40,CHASE3|HisKA|HATPase_c,Trans_reg_C|Response_reg,GH100,1.E.40,3.E.1,GH0
3.A.1,SBP_bac_1,TOBE,GT4,GH13_4
GT4,1.A.8,GT4,GT4,GT2
GT1,MarR,3.A.1,3.A.1,3.A.1,2.A.1
3.D.10,8.A.3,GT2,GT4,GT2,GT4,2.A.66,GT26,FeoA,9.A.8,5.B.3,3.A.1,3.A.1,3.A.1
2.A.66,GT4,GT4,GT2,GT2
2.A.86,3.A.1,3.A.16,8.A.5,9.A.61,TPR_2|TPR_1,GT4
1.E.43,Pkinase,GH57
3.D.10,9.B.34,3.A.18,GT2,GT2,3.A.1,GT2,GT4,3.A.1,3.A.1,2.A.1
GT4,GT4,GT4,GT4,GT2,GT2,GT2,GT2,GT2,GT2,3.A.1,3.A.1,GT4
GT4,GT4,8.A.3,GT2,GT4,GT2,GT4,3.A.1,3.A.1,GT4,GT2,GT2
3.A.1,3.A.1,GH2,5.B.4,GT4
3.A.1,1.B.23,GT2,GT4,GT4,3.A.1,GT1
GT1,3.A.1,3.A.1,3.A.1
3.D.4,3.A.7,AA3_2,HTH_5,SBP_bac_1,3.A.1,3.A.1,3.A.1
9.A.61,9.B.169,AA3_2,GH32
GH104,9.B.160,9.B.36
GT26,3.A.1,3.A.1
PL12,GT4,GT4,GH55,GT4,GT4,GT4,GT4,GT4,GT2,GT2,GT2,2.A.66,8.A.3
2.A.1,GT4,CE14
3.D.4,3.D.4,3.A.9,GT2,2.A.6,1.A.11,3.A.3,3.A.3,3.A.3,3.A.11
3.D.7,3.D.7,GT2
GT4,5.B.4,9.B.146
9.A.61,Glyoxalase,AA3
GH100,1.A.4
GH63,9.B.34
GT2,GT2,3.A.1,GT2,2.A.19
GH24,9.B.73,2.A.53
GT2,CE4,9.B.10,3.A.1,GT4,9.B.18
GT4,HATPase_c,3.D.3,3.D.3,9.B.174,9.B.149
2.A.7,GT4
GT1,9.B.111,2.A.1
GT26,8.A.3
GT83,2.A.49,Rrf2,9.B.125,Pribosyltran,2.A.21,Response_reg,PAS|HisKA|Response_reg|GAF|HATPase_c,2.A.21
3.A.1,bZIP_1,CBM50,2.A.102
GT4,1.I.1,9.B.99,GT4,3.A.1,3.A.1
2.A.1,GH31|CBM20
3.A.1,GT4,3.A.1
3.A.1,GH13_5
3.D.1,3.D.1,GT2,3.A.1,GT2,GT4
9.B.18,GT2,GT4,GT4,GT4,9.B.18
GT4,8.A.3
1.E.43,1.E.43,3.A.1,GH5_1|CBM2
GH8,GT2|GT2,GH116,3.A.1
9.B.142,Response_reg|HisKA|PAS|HATPase_c,2.A.56,TPR_1,Pyr_redox_2,9.B.27,GT2
CE9,GT4,PIG-L,GT4,TPR_2|TPR_1,3.A.25
2.A.66,GT2,GT4,GT2,GT2,GH5_39,GT4,GT2,GT2
GT26,9.B.18
3.A.3,3.A.3,3.A.3,TetR_N,GH2
3.A.1,2.A.7,GT4,9.B.100
8.B.9,GH19
GH37,3.A.7
8.A.5,2.A.49,GT2
9.A.61,TPR_1,HATPase_c|HisKA|dCache_1,8.A.21,GH23
CBM48|GH13_9,3.D.9,1.A.26
GT51,3.D.3,3.D.3,2.A.64,ATPase_2,1.I.1,GAF|HisKA|HATPase_c,3.E.2
GH57,2.A.19
3.D.4,3.D.4,3.D.4,CE16
GT0,1.B.33
3.A.1,Pribosyltran,GT51,3.A.1,3.A.1,3.A.1,3.A.1,3.A.1,3.A.1
GT51,GH100,1.A.30,1.E.40,STAS,3.A.1,2.A.103,2.A.37
1.C.82,TPR_2|TPR_1,AAA,GT2
8.A.59,2.A.7,GT76
GT39,8.A.7,Response_reg,2.A.21,GT2
5.B.4,GAF|HisKA|HATPase_c,GT4,GH0
1.A.23,GT4,3.D.1,3.D.9
GH65,4.C.1,GAF|HisKA|Pkinase|HATPase_c,2.A.1
GT2,GT2,3.E.1,GGDEF,2.A.86,2.A.7,2.A.20,TPR_1,GT1,2.A.7
GT4,3.A.1,3.A.1
3.D.1,3.D.1,GH102,8.A.3,8.A.28,HisKA|Response_reg|HATPase_c,9.B.18,GT2,9.B.142
9.B.160,GT9
9.B.99,GT4
CBM20,4.C.1
2.A.6,2.A.6,GT4,GT2,GT4,3.A.9,4.F.1
3.D.1,GerE|Response_reg,GT2,9.B.174,GT10
GT4,GT2,GT4,GT4,GT4,GT2,8.A.3,GT26
GT2,3.A.1
GT41,GT2,GT2,HTH_3,1.E.43
1.B.33,TPR_1,3.A.1,2.A.28,Sigma70_r4,CHASE2,AA3_2
1.A.4,GT19,CE11,1.B.33,8.A.59,GT4,3.A.16
3.A.1,GT4,GT2,GT8,cNMP_binding|Crp|PAS,GH65,GT4
3.A.1,3.A.1,GH24
GT4,3.A.1,3.A.1
8.A.1,3.A.1,GT26,GT14,GT2,2.A.66,GT4,GT4,CbiA,GH39,PIG-L,CBM5,HisKA|HATPase_c,2.A.45,2.A.36,Trans_reg_C|Response_reg,HEAT_PBS,3.A.20
3.A.1,3.A.1,GH100
3.A.1,GT26
GH102,HTH_3,CE4,3.A.3
3.A.1,GT4,GT2,GT2,3.A.1,9.B.18,8.A.3,GT4,GT2
3.D.2,3.D.2,3.D.2,2.A.9,3.A.16,ATPase_2,TPR_2,2.A.21,GH13_20
8.A.59,3.A.1,GT2,Aminotran_1_2,1.A.14
GH57,Pyr_redox_2,3.D.10,9.A.4,9.B.14
GT19,Peptidase_M23,3.A.16,GT2
9.B.149,GT2,3.E.2
3.A.12,SLH,GT8,GT8,GT2,1.B.23
GT21,B12-binding,3.A.1
GH133,Rrf2,cNMP_binding|Crp,3.A.1,3.A.1,3.A.1
2.A.37,3.A.1,GT2,GT2|GT4,3.A.1,GH157|GT2
3.A.1,Response_reg|HisKA|HATPase_c,GT83
