1.B.22,GT51
3.A.1,3.A.1,3.A.1,3.A.1,3.A.1,9.B.126,Pyr_redox_2,HTH_11,1.B.19,GH1,4.A.1
3.A.5,1.C.82,2.A.61,1.B.35,GH105,CE9,4.A.6,4.A.6,4.A.6,4.A.6,SIS,DeoRC|HTH_DeoR,GH154,2.A.40,3.A.25,3.A.1
2.A.50,GH73
2.A.61,2.A.42,Aminotran_1_2,GT83,2.A.6,2.A.6,2.A.6,MerR,2.A.36,AraC_binding|HTH_18,5.A.3,5.A.3,1.A.6,3.A.23,1.B.54,1.B.54,1.B.54,DeoRC|HTH_DeoR,PfkB,2.A.1,1.A.23
GT83,2.A.40,2.A.36,2.A.7
2.A.38,NUDIX,Response_reg|GerE,HATPase_c,GT2
1.E.1,GH23
3.A.11,HTH_11|AsnC_trans_reg,3.A.1,3.A.1,1.A.11,HHA,GH23
1.C.1,8.B.24,2.A.15,1.A.1,3.A.1,3.A.1,2.A.102,Peripla_BP_1|LacI,3.A.1,3.A.1,3.A.1,2.A.13,HTH_1|LysR_substrate,9.B.20,2.A.1,SBP_bac_1|LacI,8.A.1,2.A.85,GH23
2.A.27,2.A.40,HTH_1|LysR_substrate,2.A.108,2.A.108,2.A.108,2.A.108,HTH_8,GerE,Peripla_BP_1|LacI,GH32,PfkB,2.A.7,2.A.114,9.B.10,2.A.66
GT51,Aminotran_1_2,3.A.1
9.B.146,2.A.103,GT28,CE11,3.A.5,NUDIX,3.A.15,3.A.15
2.A.76,GH23,4.A.7,4.A.7,DeoRC|HTH_DeoR,3.A.1,3.A.1,3.A.1,2.A.1,MASE1|HATPase_c,Response_reg|GerE,HisKA|HATPase_c,3.A.23,Aminotran_1_2,2.A.1,1.B.11,2.A.56,2.A.56,2.A.56
9.A.41,GT51
GH3,1.B.25,Pyr_redox_2,3.A.1,3.A.1,3.A.1
AA10,2.A.1
1.B.11,HTH_1,CBM50,3.A.1,3.A.1,3.A.1
1.B.46,Pribosyltran,AA3_2,2.A.19,HTH_1|LysR_substrate,IclR|HTH_IclR,2.A.118,Peripla_BP_2,1.B.14,5.A.3,5.A.3,MarR|AsnC_trans_reg,2.A.76,Aminotran_1_2|GntR,3.D.4,3.A.1,2.A.79
3.A.1,2.A.86,4.A.1,1.B.14,HTH_18,2.A.7,2.A.7,GT83,GT2,Aminotran_1_2,3.A.1,3.A.1
2.A.95,GH23,3.A.1,3.A.1,3.A.1,3.A.1,2.A.23,2.A.78,2.A.78,HTH_3,2.A.1,Sigma70_r4,1.A.43,Sigma70_r4,2.A.1,3.A.1,3.A.1
2.A.47,HD,2.A.11,2.A.47,AA3_2,TetR_N,2.A.15
9.B.35,9.B.27,HTH_3,3.A.6,3.A.6,3.A.6,3.A.6,3.A.6,3.A.6,3.A.6,3.A.6,GH73
3.A.1,3.A.1,3.A.1,HTH_1|TOBE,3.A.1,4.A.2,GH38,4.A.2,4.A.2,4.B.1,2.C.1,2.C.1,2.C.1,2.C.1,1.A.30,1.A.30,3.D.4,3.D.4,3.D.10,3.D.10,Citrate_synt,AraC_binding|HTH_18,2.A.1,3.A.3,3.A.3,3.A.3
8.B.24,4.A.1,CE9,MarR,2.A.23,9.A.40
3.A.1,3.A.1,3.A.1,GH4,AraC_binding|HTH_18,4.A.3,4.A.3,4.A.3
GT19,1.B.33
GH102,3.A.7
GT51,PAS|HisKA|HATPase_c|Response_reg,Pyr_redox_2,1.A.12
CE4,2.A.1,1.A.1,GntR,HTH_6|SIS,4.A.6,4.A.6,4.A.6,4.A.6,DeoRC|HTH_DeoR,Peripla_BP_1,3.A.1,3.A.1,3.A.1
CBM50,2.A.25,1.A.23,2.A.16,2.A.7,2.A.3
2.A.3,GT26,9.B.128,GT56,2.A.66,Aminotran_1_2,GT0,9.B.146,3.A.6,1.I.1
1.A.8,2.A.1,9.B.124,GH3,3.A.1
GT26,1.B.18,8.A.3
1.A.34,Aminotran_1_2,GT9,GT9,GT52,GT0,GT30,GT8,GT8,GT4,GT9
