2.A.38,2.A.38,CBM50,3.A.11,1.B.39
GT4,GT30,9.B.34,Aminotran_1_2,Rhodanese,9.B.104,1.B.52,9.B.34,2.A.53
GT5,2.A.21,Trans_reg_C|Response_reg,5.A.1
2.A.66,GH16_3|CBM4|GH16_3|CBM4
9.B.18,GT4,GT4,1.B.18,8.A.3,9.B.97
3.A.1,FUR,9.B.10,3.A.1,3.A.1,Pyr_redox_2,2.A.16,2.A.5,GH63,2.A.21
1.B.14,2.A.1,GH1,2.A.2,Peripla_BP_3|LacI,NUDIX,GH43_1,2.A.1,Peripla_BP_1|HTH_18|Peripla_BP_3,2.A.21,9.A.4,3.A.15,3.A.15
GH36,2.A.21
GT2,GT83,HTH_18,1.A.23,TetR_N,9.B.34,1.A.35,GntR,PL6|PL6_1,2.A.1,PfkB,3.D.2,3.D.2,3.D.2,2.A.4,PL17_2|PL17,Peripla_BP_3|LacI,2.A.21,PL34
PL7_5,SKI,PL6|PL6_1,PL7_5,1.B.14,1.B.14,AraC_binding,9.B.34,Response_reg,Aminotran_1_2,2.A.95,9.B.34,Aminotran_1_2,2.A.16,2.A.6,2.A.6
1.A.11,CBM67|CBM67
1.B.14,CBM16|CBM6|PL18,CSD,HTH_1|LysR_substrate,2.A.35
GH16_3,9.B.18,8.A.3
2.A.66,GT4,GT26,GT4,GT4,GT2
2.A.66,GT2,GT4,9.B.97,GT4,GT2
1.B.33,GT19
2.A.98,MerR,2.A.4,1.B.14,DctP,2.A.56,GH31,GntR,1.B.52
GH13,4.C.1,GH103,5.A.2,2.A.34,GntR,GT2
AA3_2,3.A.1,3.A.1
GH103,2.A.103
GH77,GH13_9,GH13_11,2.A.25,2.A.47,CbiA,EAL,2.A.21
3.A.1,9.B.34,3.A.1,3.A.1,FeoA,9.A.8,3.A.1,GH3,2.A.47,HTH_1|LysR_substrate,1.B.14,3.A.1
9.B.34,GT0|GT2|GT4,9.B.34,2.A.121,3.A.11,3.A.1
1.B.14,3.A.23,Glyoxalase,Glyoxalase,GH23,3.A.1,HTH_18,9.B.34,2.A.37,GT35,3.A.3,2.A.89,1.B.12,1.B.14,TPR_1|TPR_2,9.B.34,GH13_38,GH31,SBP_bac_3,HD,1.I.1,2.A.1,9.B.153
CBM41|GH13_13,2.A.8,2.A.37,HTH_3,1.B.14,1.A.23
2.A.2,GH13_2,Peripla_BP_3|LacI,8.A.21,1.B.14
1.B.6,Sigma70_r2|Sigma70_r4_2,9.A.40,3.D.4,3.D.4,3.D.4,3.A.3,5.A.1,3.A.1,3.A.1,GH73,2.A.76,SIS|HTH_6,3.A.9,2.A.102
2.A.106,1.B.78,3.A.3,3.A.1,3.A.1,3.A.1,9.B.106,2.A.1,2.A.40,CE4,TetR_N,9.B.35,9.B.43
2.A.36,2.A.35,8.A.5,HTH_1|LysR_substrate,Pyr_redox_2,TetR_N,4.C.1,GH23
1.B.14,GT2,GT2
GH94,2.A.2,1.B.14,SBP_bac_3,9.B.42
GH103,3.A.1,9.B.34
3.A.5,1.A.34,CE11,GT28,2.A.103,9.B.146
9.B.34,2.A.21,9.B.34,9.B.34,HATPase_c|HisKA,Response_reg,HATPase_c|HisKA,MASE1,PL7_5,PL6_3,1.B.14
1.A.23,9.B.34,PALP,4.B.1,2.A.1,8.A.1,TetR_N,2.A.6,TetR_N,PAS|HATPase_c|HisKA,GT51,3.A.11,1.B.22
2.A.21,2.A.21,GerE|Response_reg,4.C.1,1.B.52,1.B.70,3.A.1,CBM50,AsnC_trans_reg,2.A.21
8.A.59,1.A.11,GT51
9.B.126,2.A.33,2.A.21,MarR,2.A.6,HATPase_c|Response_reg|HisKA,Response_reg,HATPase_c|CHASE3|HisKA,HisKA,3.A.23,GH3,NUDIX,SIS|HTH_6,1.B.14,SIS,2.A.21,SIS,CE9,2.A.1,9.B.34,HisKA,3.A.1,1.B.52
1.A.23,2.A.22,GH2
1.B.14,GH23,8.A.21
