GT2|GT2,2.A.53,2.A.122,1.B.42,4.C.1,1.A.23
GT2,GT4,9.B.18
1.B.52,2.A.6,2.A.6,Response_reg,PAS|GAF,Rrf2,GH25
3.A.1,1.C.82,GT2,1.B.9,MHYT|EAL|GGDEF|PAS,1.B.16,3.A.1
1.B.14,CBM57|CBM57|CBM57|CBM57,8.A.3,9.B.18,GT26
4.C.1,GT83,GT2,2.A.123
3.A.1,3.A.1,3.A.1,2.A.1,HTH_1|LysR_substrate,AA6,5.A.1
2.A.4,GH15,CE9
3.D.4,3.D.4,3.D.4,3.D.4,2.A.1,2.A.6,2.A.6,2.A.6,TetR_N,Response_reg|GerE,HATPase_c,Response_reg|GerE,Response_reg|GerE,GT2
3.A.1,3.A.1,3.A.1,Response_reg|ANTAR,GH15,1.B.52,2.A.6,2.A.6,Rhodanese,GT4
1.A.1,3.D.1,5.A.3,GT4
4.C.1,2.A.63,2.A.63,2.A.63,2.A.63,2.A.63,2.A.63,GT26,GT4,8.A.5,AAA,2.A.37,9.B.146
GH103,3.A.1
AA5_2,3.A.15,3.A.11,3.A.15
2.A.37,5.A.1,HhH-GPD,MCPsignal,3.A.1,GT0,GT4,GT4,GT4,GT0,GT4,8.A.59
3.A.3,3.A.3,3.A.3,2.A.21,Response_reg|Trans_reg_C,GH0|GH39
3.A.1,3.A.1,2.A.76,3.A.1,HD|ACT,3.A.8,3.A.1,3.A.1,3.A.1,4.C.1,GT2
3.D.1,GH65,3.A.1,3.A.1,3.A.1,3.A.1,3.A.1,3.A.1
3.A.1,3.A.1,3.A.1,3.A.1,HhH-GPD,GT2,GT2
3.A.6,3.A.6,1.A.30,GH23,Response_reg|Trans_reg_C,3.A.6,3.A.6,1.A.30,AAA,2.A.7,3.A.5
4.A.6,3.D.4,2.A.1,2.A.1,HxlR,GT51
GT21,2.A.3,HTH_5,8.A.5
GT2,GT0,1.A.43,2.A.7,MarR,GT2
3.D.4,MarR,GT51
2.A.1,9.B.34,HTH_1|LysR_substrate,2.A.117,CbiA,HTH_3,2.A.1,9.B.18,FUR,3.A.1,3.A.1,GH103,3.A.1
1.A.16,9.B.106,GT2
GH65,2.A.81,GH65
2.A.6,2.A.6,9.B.102,9.B.102,3.A.3,HTH_5,3.A.1,3.A.1,3.A.1,Pyr_redox_2,3.A.23,HTH_18,2.A.21,HTH_1|LysR_substrate,Sigma70_r4_2|Sigma70_r2,HTH_3,3.A.1,3.A.1,GT2,3.A.1,SBP_bac_3,3.A.1
AA5,2.A.1,2.A.1
GT4,PTS-HPr,4.A.6,HisKA|HATPase_c,Response_reg|Trans_reg_C,2.A.6,2.A.6,GT51,8.A.59
3.A.1,3.A.1,3.D.4,3.D.4,HTH_DeoR|DeoRC,HisKA|Response_reg,GT2|GT2,GH8,3.D.1,3.A.11
1.B.19,GntR,DctP,2.A.56,PALP,2.A.7,GT51,2.A.7,HTH_3,2.A.113,9.B.14
2.A.1,GH102,AAA,2.A.109
GT0,Aminotran_1_2,1.B.14,2.A.72
CE4,1.C.113
1.A.30,1.A.30,GT4,GH0,GT4
9.B.43,HTH_1|LysR_substrate,CE4,9.B.35,EAL,9.B.34
3.A.1,9.B.18,GT4
2.A.21,GH23,5.A.3,3.A.1,3.A.1
GT2|GT2,2.A.1,9.B.108,4.C.1
2.A.41,GT4,MCPsignal|dCache_1,3.D.4,GerE,9.B.34,2.A.108
GT1,GGDEF|PAS,2.A.1,4.C.1
9.A.40,GT2,GT4,GT4,9.B.34
1.B.42,4.A.2,2.A.95,9.B.34,GH3,3.A.1,Aminotran_1_2,8.A.1,2.A.6,2.A.6,2.A.6
GT51,2.A.56,3.A.1,1.B.18,9.A.41,Aminotran_1_2,3.E.2,3.D.3,3.D.3
GT4,PIG-L,2.A.1,HisKA|PAS|HATPase_c,3.A.3,MerR,9.B.97
9.B.10,TetR_N,GH13_10,GH77|GH13_26,GH13_3|GH13_3,GH13_16,CBM48|GH13_9
GT41,3.A.1
3.A.1,3.A.1,3.A.1,GT2,Aminotran_1_2,9.A.24,Response_reg,Pribosyltran,3.A.1
2.A.103,GT28
CE11,1.B.33,GT2,9.B.44,3.D.1,1.A.33
GH103,2.A.23,2.A.21,3.A.23,9.B.34,9.B.34,2.A.4
8.A.59,3.A.10,GT2
CBM48|GH13_11,2.A.21
3.A.1,1.B.70,8.A.59,HD,GH23
2.A.66,PAS,GT2
GH3,2.A.64,2.A.1,3.A.1,3.A.1,3.A.1,3.A.1,3.A.1
2.A.1,MCPsignal,4.C.1,2.A.1,GT2,3.A.1,3.A.1
GT21,2.A.6,1.B.18
