3.A.1,3.A.1,SIS|HTH_6,GH51,2.A.45
2.A.3,2.A.16,PALP,2.A.1,3.A.1,3.A.1,3.A.1,3.A.1,3.A.1,3.A.1,GH42,SIS,3.A.1,3.A.1,3.A.1,3.A.1,3.A.1,3.A.1,3.A.1,3.A.1,2.A.1
GT51,1.A.1
GH23,8.A.3
GH42,3.A.16
GH112,3.A.1,3.A.1,3.A.1,4.A.1,2.A.1
2.A.2,2.A.2,GH2,GH95,GH29,9.B.28,3.A.1,3.A.1,SBP_bac_1,GH33
GH20,SBP_bac_1,3.A.1,3.A.1,3.A.1,Pribosyltran,3.A.1,3.A.1,3.A.9,GH5_18,3.A.1,3.A.1,SBP_bac_1,9.B.142,GT2,GT2,3.A.1,GT2,GT2
3.A.1,3.A.1,MarR,2.A.3,3.A.1,2.A.3,9.B.28,3.A.1,3.A.1,Peripla_BP_3|LacI,3.A.1,Nitroreductase,9.B.74,9.B.74,PALP|ACT,GH13_31,3.A.1,3.A.1,SBP_bac_1,GH36,2.A.36,GH18,3.A.3,Peripla_BP_3,3.A.1,GT2
GH3,1.I.1,GH23
2.A.1,GT35
2.A.49,1.A.43,Peripla_BP_3|LacI|Peripla_BP_1,GH13_18,2.A.1,3.A.1,3.A.1,2.A.88,MarR,GH13_30,Peripla_BP_3|LacI,GH77,1.A.33,MerR,2.A.40
GT51,3.A.7,AAA,LacI,PTS-HPr,8.A.7
2.A.1,GerE|Response_reg,GT2,TetR_N,3.A.5,1.A.11
3.A.1,3.A.1,GerE|Response_reg,GH29,1.A.8,3.A.3
3.A.6,Peripla_BP_3|LacI|Peripla_BP_1,2.A.2,GH2
3.A.1,HhH-GPD,Trans_reg_C,2.A.107,GH13_3
GH29,4.C.1,2.A.1,GerE|Response_reg,3.A.1
GT2,GT2,3.A.1,Pribosyltran,3.A.16
GH5_44,TetR_N,GH3,GT4,2.A.66,GGDEF|EAL,3.A.1,3.A.1,LacI|Peripla_BP_1,2.A.1
GH33,3.A.1,3.A.1,3.A.1,3.A.1
3.A.1,3.A.1,3.A.1,3.A.1,AAA,2.A.1,3.A.1,GT2,Aminotran_1_2,3.A.1,3.A.1,GH20,3.A.1,3.A.1
3.A.1,3.A.1,GH32,2.A.1
9.B.146,2.A.103,GT28
GH38,GH38,SBP_bac_1,3.A.1,3.A.1,GH5_18,GH3,GH85,Peripla_BP_3|LacI,GH125,2.A.1
CE9,3.A.1,3.A.1,3.A.1,3.A.1
3.A.1,GT5,GH129,3.A.1
3.A.1,GerE|Response_reg,GH13_20,3.A.18,2.A.40
CBM48|GH13_11,NUDIX,ANTAR|Response_reg,2.A.109,GerE|Response_reg,3.A.1,3.A.1,3.A.1,GH13_9
3.A.1,3.A.1,Pyr_redox_2,GH2,PadR,HhH-GPD,2.A.66
2.A.28,Aminotran_1_2,GT4
