2.A.38,2.A.38,CBM50,3.A.11
3.A.1,3.A.1,3.A.1,3.A.1,GH13_23,GerE,1.A.62,9.B.34,2.A.62,1.A.35
2.A.98,HTH_1|LysR_substrate,HTH_1|LysR_substrate,2.A.3,2.A.37,3.A.3,MerR,3.A.1,3.A.1,3.A.1,3.A.1,3.A.1,HTH_1|LysR_substrate,GT4,3.A.1,HTH_1|LysR_substrate,2.A.15,2.A.53,HTH_1|LysR_substrate,2.A.86
2.A.63,2.A.63,2.A.63,2.A.63,2.A.63,2.A.63,2.A.63,2.A.63,2.A.63,GH103
9.B.31,Sigma70_r3|Sigma70_r2|Sigma70_r4,9.B.2,HTH_1|LysR_substrate,3.A.1,3.A.1,3.A.1,3.A.1,HTH_1|LysR_substrate,HTH_18,GT51
2.A.37,Glyoxalase,CSD,2.A.76,GH23
2.A.47,AA3_2,TetR_N,3.A.1,Fer4,GntR|Aminotran_1_2,9.B.174
9.B.146,2.A.103,GT28,CE11,3.A.5,NUDIX,3.A.1,3.A.1,3.A.11,1.A.30,3.A.1
2.A.1,GH23
3.A.15,GH3,Pribosyltran,4.C.1
3.A.15,3.A.15,3.A.15,9.B.14,1.B.18,8.A.3,GT56
GT2,GT2,9.B.18,9.B.67
1.B.18,9.B.18,GT2
2.A.53,Aminotran_1_2,Pyr_redox_2,EAL,2.A.7,9.B.34,3.A.1,3.A.1,3.A.1,3.A.1,GH23
GT4,2.A.25
8.A.7,2.A.66,2.A.40,3.A.1,3.A.1,3.A.1,3.A.1,3.A.1,Pribosyltran,Pribosyltran,Pribosyltran,2.A.40,3.A.1,3.A.1,3.A.1,GAF,HTH_DeoR|DeoRC,1.B.3,LacI|Peripla_BP_3,GH31
3.A.1,AA3_2,HTH_18,2.A.61
9.B.34,TPR_2,HTH_7,9.B.67,GT4,3.A.1,8.A.3,9.B.18,Pyr_redox_2,3.D.5,3.D.5,3.D.5,3.D.5,3.D.5,3.D.5
GH103,2.A.103
2.A.1,3.A.1,3.A.1,3.A.1,3.A.1,HATPase_c|HisKA,Trans_reg_C|Response_reg,GT4,dCache_1|SpoIIE,9.B.34,Pyr_redox_2,3.D.10,3.D.10
2.A.98,AA3_2,DctP,2.A.56,HTH_IclR|IclR,2.A.56,2.A.56,2.A.56
3.A.1,Pyr_redox_2,NIR_SIR|NIR_SIR_ferr|Pyr_redox_2,9.B.34,PALP,2.A.47,CSD,AA3_2,HTH_1|LysR_substrate,2.A.107,2.A.4
3.A.1,3.A.1,3.A.1,PAS,3.A.1,Sigma70_r3|Sigma70_r2|Sigma70_r4,CBM50
2.A.124,1.B.3,3.A.1,3.A.1,3.A.1,GH13_23,3.A.1,3.A.1,GH13_23
2.A.56,DctP,GntR,2.A.56,2.A.56,GntR,AraC_binding,CE4,2.A.39,2.A.39,GntR,9.B.43,9.B.35
1.A.29,GH23,9.B.34,CBM50
9.B.20,GGDEF,3.A.1,9.B.34,3.A.16,9.B.34,GH23,2.A.75,HTH_1|LysR_substrate,9.B.34
1.B.22,GT51,3.A.11
3.A.6,GT19,1.B.33
9.B.34,GT41,1.B.52,9.B.34,GGDEF|CBS|EAL,1.B.52,PAS|GGDEF|EAL,9.B.34,PAS|MCPsignal,3.A.6,3.A.6,3.A.6,3.A.6,3.A.6,3.A.6,GH73
