8.A.1,2.A.6,1.B.55,CE4|GH153,GT2,1.B.20,1.C.75
2.A.1,LysR_substrate|HTH_1,1.A.30,1.A.30,3.A.23,3.A.1,3.A.1,3.A.1,3.A.1,3.A.1,2.A.6,2.A.6,2.A.6,GH129,3.A.1,3.A.1,3.A.1,3.A.1,3.A.1,3.A.1,PALP,2.A.15,LysR_substrate|HTH_1,1.B.25,8.A.5,3.A.1,3.A.1,3.A.1
GT2,4.D.3,GH8,1.B.55,2.A.50,CbiA,3.A.1,3.A.1,3.A.1,3.A.1,2.A.3,2.A.59
2.A.39,3.A.1,3.A.1,2.A.3,3.A.1,GT2,3.A.1,3.A.1,3.A.1,3.A.1,1.B.52,1.B.52,2.A.64
3.A.11,GT51,3.A.11,1.B.22
2.A.6,GT2
2.A.21,3.A.23,Aminotran_1_2,9.B.34,GT9,GT9,GT4,1.B.14,PIG-L,GT4,GT2,3.A.1,PfkB,8.A.5,Pyr_redox_2,2.A.7,LysR_substrate|HTH_1,GT30,2.A.6,2.A.39
1.A.30,1.A.30,1.A.62,Fer4,CBM50
2.A.3,LysR_substrate|HTH_1,LysR_substrate|HTH_1,2.A.53,2.A.8,HTH_6|SIS,Glyoxalase,1.B.52,2.A.118,LysR_substrate|HTH_1,1.B.25,GT83
3.A.1,3.A.1,3.A.1,GT51
GT4,2.A.121
2.A.1,GH33,Response_reg|Trans_reg_C,HisKA|HATPase_c,8.B.24,2.A.76,3.A.5,2.A.6,2.A.6
4.A.1,GH13_29,1.B.3,4.A.1,GH23,4.A.1,4.A.1,SIS,CE9
GH17|GT2,Aminotran_1_2,2.A.36
1.B.33,GT19
3.A.1,3.A.1,3.A.1,3.A.1,3.A.1,3.A.1,Peripla_BP_2,1.B.14,Response_reg|Trans_reg_C,2.A.21,1.B.6,GH50
2.A.1,3.A.9,HTH_IclR,GH3,2.A.7,1.B.14
PL7,2.A.124
3.A.1,3.A.1,PALP,3.A.25,2.A.7,Aminotran_1_2|GntR,4.A.2,1.A.35,Sigma70_r4|Sigma70_r2,1.B.6,3.D.1,NIR_SIR_ferr|NIR_SIR|Pyr_redox_2,9.B.106,2.A.1,ANTAR|Response_reg,3.A.1,1.B.22,Trans_reg_C,GH23,9.B.34,2.A.46
3.A.3,Fer4,3.D.4,3.D.4,3.D.4,3.D.4,3.D.4,3.D.4,1.B.52,2.A.66,3.A.1,GH23,3.A.1,3.A.7,LexA_DNA_bind,TetR_N,GH3,2.A.1,Pyr_redox_2,3.A.1,3.A.1,3.A.1
GT2,GT4,GT4,9.B.146,9.B.18,3.A.11,TetR_N,2.A.3,3.A.3,3.A.3,3.A.3
GH23,3.A.1,3.A.1,3.A.1,3.A.1
GT104,MarR,LysR_substrate|HTH_1,2.A.102
1.B.10,2.A.40,9.B.43,CE4,9.B.35,2.A.40,MarR,Aminotran_1_2,LysR_substrate|HTH_1,2.A.11
1.B.14,3.A.1,3.A.1,3.A.1,3.A.1,GT83,GT83,3.A.1
8.A.5,2.A.1,HTH_18,LysR_substrate|HTH_1,2.A.76,HTH_3,PAS|GGDEF,2.A.76,HTH_3,2.A.1,2.A.1,HxlR,2.A.1,LysR_substrate|HTH_1,2.A.1,AsnC_trans_reg|HTH_11,3.A.1,3.A.1,3.A.1,Glyoxalase,Pyr_redox_2,LysR_substrate|HTH_1,3.A.1,3.A.1,1.B.52,LysR_substrate|HTH_1,2.A.7,GH63,8.A.21,2.A.1
3.A.1,3.A.1,3.A.1,8.A.3,PL14_3
2.A.1,GntR,2.A.76,AraC_binding|HTH_18,1.B.14,FecR,Sigma70_r4_2|Sigma70_r2,LysR_substrate|HTH_1,3.A.1,3.A.1,3.A.1,3.A.1,3.A.1,GH23
3.A.1,3.A.1,3.A.1,Aminotran_1_2|Rhodanese,2.A.6,2.A.6,2.A.6,2.A.6,9.B.34,Aminotran_1_2|GntR,Fer4,9.B.20,GH13_3,GH13_16,CBM48|GH13_9,1.B.12,PIG-L,GT2,PIG-L,CBM48|GH13_11,GH13_26,GH77,GH13_10,GT5,9.B.27,1.B.52,8.A.5,LysR_substrate|HTH_1,AraC_binding|HTH_18,3.A.1,3.A.1,3.A.1
GH19,1.M.1
GH6,HTH_3,2.A.76
GH19,1.M.1
3.D.4,2.A.1,AA3_2,PALP,2.A.21,2.A.23,PALP,3.A.1,3.A.1,3.A.1,1.B.14,1.B.14,3.A.1,3.A.1,SBP_bac_5,3.A.1,3.A.1,3.A.1,3.A.1,3.A.23,2.A.7,2.A.1,LysR_substrate|HTH_1,Sigma70_r4_2|Sigma70_r2,FecR,3.A.1,3.A.1
GT83,2.A.7,GT83,GT2,1.B.14,GntR,3.D.10,Fer4,3.A.1,3.A.1,3.A.1,HEAT_PBS,2.A.1,HxlR,3.A.1,3.A.1,3.A.1,3.A.1,1.B.14
2.A.6,2.A.6,2.A.6,GH13_33,3.A.1,2.A.1,GntR,LysR_substrate|HTH_1,GH3,2.A.1
2.A.1,GT0|GT2|GT4,HTH_18,3.A.1,3.A.1,3.A.1,3.A.1,PfkB,1.A.8
9.B.97,2.A.102,Sigma70_r4_2|Sigma70_r2,2.A.49,AA10,3.A.5
GH23,3.A.1,3.A.1,HTH_18,PAS|GerE,2.A.1
GH0,2.A.6,2.A.6
CBM32,Peripla_BP_3|HTH_18,3.A.1,3.A.1,3.A.1,AA3_2,GH3,GH3,3.A.1,3.A.1,LacI|Peripla_BP_3,2.A.1,2.A.1
3.A.1,3.A.1,3.A.1,3.A.1,AsnC_trans_reg,Pyr_redox_2,Sigma70_r4_2|Sigma70_r2,3.A.1,3.A.1,2.A.6,9.A.25,3.A.1,1.B.14,4.C.1,4.C.1,4.C.1,2.A.1,TetR_N,2.A.1,8.A.1,2.A.6,AraC_binding|HTH_18,GH15,2.A.21,HTH_18,2.A.76,Aminotran_1_2|GntR,Sigma70_r4_2|Sigma70_r2,FecR,1.B.14,9.B.18,GT2,GT4,GH39,GT4,GT4,2.A.66
2.A.26,Pyr_redox_2,3.D.10,3.D.10,Citrate_synt,2.A.21,9.B.136,3.A.1,GH17,2.A.85,HTH_18,2.A.6,2.A.6,2.A.6,2.A.6
GH73,3.A.23
1.M.1,GH19
2.A.3,GerE,AraC_binding,2.A.3,GT0
GT2,1.B.13,PL5_1,2.A.50
2.A.1,8.A.1,8.A.48,2.A.85,1.B.17,LysR_substrate|HTH_1,HisKA|HATPase_c,Response_reg|Trans_reg_C,2.A.6,2.A.6,3.A.1,1.B.52,Response_reg|CheW,1.B.25,9.B.34,9.B.34,CE11,GT28,2.A.103,9.B.146
GH103,GH0,GH103,2.A.103
3.A.1,3.A.1,3.A.1,2.A.15,TetR_N,AA3_2,2.A.1,1.I.1,Pyr_redox_2,2.A.85,SBP_bac_3,9.B.34,PL7_1
GH102,2.A.7,2.A.36,1.A.16,SBP_bac_3,1.I.1,3.A.1,LysR_substrate|HTH_1,1.C.113,LysR_substrate|HTH_1,2.A.70,2.A.70,3.B.1,3.B.1,3.B.1,CheW,H-kinase_dim|Response_reg|CheW|HATPase_c,1.B.52
GT51,Sigma70_r4|Sigma70_r2,3.A.1,3.A.1,3.A.5
9.B.10,CBM50,3.A.1,3.A.1,3.A.1
2.A.76,GT51
GT83,9.B.27,2.A.113
