GH15,GT20,HTH_DeoR|DeoRC,3.A.1,3.A.1,3.A.1,3.A.1,3.A.1,3.A.1,3.A.1,3.A.1,3.A.1,3.A.1,IclR|HTH_IclR,GT2
2.A.6,2.A.6,GT2,3.A.1,3.A.1,3.A.1,3.A.1,Pyr_redox,3.A.1,3.A.1,3.A.1,3.A.1,3.A.1,LacI,3.A.1,3.A.1,3.A.1
2.A.115,GT14,GT2,GT4,GT2,1.A.33,3.A.5
2.A.7,GH102
GT4,9.B.18,9.B.18,1.B.14
2.A.36,GT14,Rhodanese,Aminotran_1_2,PAS|HisKA|HATPase_c,1.A.11,GT51,3.A.1,3.A.1,1.A.23
3.A.12,GH23
GH24,GT4,GT2,3.A.1,3.A.1,3.A.1,3.A.1,3.A.1
GH25,3.A.1,3.A.1,3.A.1
9.B.43,LysR_substrate|HTH_1,9.B.35,CE4,2.A.40,1.A.29
3.A.1,3.A.1,3.A.1,3.A.1,GT2
3.A.6,3.A.6,3.A.6,GH23,3.A.6,GH103,2.A.53,9.B.102,9.B.102,HTH_5,1.A.30,Aminotran_1_2,3.A.1,3.A.1,3.A.1,3.A.1
GT4,GT0,GT4,cNMP_binding|Crp,2.A.15
GT2,3.A.1
GT2,9.B.27,2.A.1,2.A.102
9.B.126,GH103
GH108,1.E.54,9.B.14,Citrate_synt,3.A.11
3.A.1,3.A.1,GH23
GH113,2.A.98
GT30,GT4,3.A.1,3.A.1,3.A.1,3.A.1,9.B.102,3.D.2,3.D.2
2.A.49,1.B.33,CE11
GT28,2.A.103,Pyr_redox_2,9.B.146
3.A.1,3.B.1,Glyoxalase,GT2
9.B.18,CbiA,GT4,GT2,GT2,GT26,GT2,9.B.34
3.B.1,2.A.1,HTH_3,AA3_2,TetR_N,2.A.7,2.A.75,LysR_substrate|HTH_1,2.A.47,2.A.28,2.A.47,1.A.26,HTH_3,1.A.14,2.A.89
3.D.4,3.D.4,3.A.11,GH23,3.A.7,3.A.7,9.A.47
CBM50,2.A.66
9.B.125,GH103,Rhodanese,Rhodanese,Pyr_redox_2,3.A.18,CE9,Aminotran_1_2|GntR,5.A.3,5.A.3,GH23,9.B.186
3.A.1,3.A.1,3.A.1,3.A.1,GntR,GH103
3.A.7,3.A.7,GH23,3.A.7,GH23
3.A.7,3.A.7,GH23,3.A.7,GH23,9.B.193,Peripla_BP_2,3.A.1,3.A.1,9.B.20,2.A.19
GT4,GT4,9.B.14,1.B.18,MarR,3.A.1
3.A.1,GT2|GT2
