GH130,9.B.62,1.B.76,GntR,1.B.14
1.A.14,9.B.143,2.A.37,2.A.37,2.A.21,cNMP_binding,Crp|cNMP_binding,GH130,9.B.160,3.A.9
1.A.33,3.A.8,GH130,GT4
GH23,3.A.7,3.A.7,3.A.7,3.A.7,3.A.7,3.A.7,HTH_1|LysR_substrate,2.A.1,2.A.1,1.B.17
3.A.1,GT0,1.B.18,8.A.3
9.B.18,GT2,GT94
9.B.29,2.A.1,GT4,2.A.66
3.A.5,GH103
GH15,GT20,2.A.102
GT4,Trans_reg_C|Response_reg,2.A.21
2.A.102,HTH_1|LysR_substrate,2.A.1,GT51,2.A.37
1.A.62,2.A.89,3.A.1,AAA,GT2
GH16_5,3.A.15,3.A.15,3.A.15,3.A.15,3.A.15,1.B.22,GT51
AA6,Sigma70_r4_2|Sigma70_r2,9.B.97
3.A.6,3.A.6,3.A.6,3.A.6,3.A.6,3.A.6,3.A.23,GT2,1.A.30
1.B.43,1.B.43,2.A.9,2.A.114,GT4
2.A.6,2.A.6,3.A.5,GH108,1.E.54,9.B.174
3.D.2,HTH_11|AsnC_trans_reg,GT4,GH0,GT4,GT4
9.B.18,GT2,1.B.12,3.A.1
9.B.100,3.A.23,HTH_11|AsnC_trans_reg,Glyoxalase,1.A.30,1.A.30,2.C.1,CSD,1.A.35,GH18|CE4|GT2,Trans_reg_C|Response_reg,HisKA|HATPase_c,GT2,2.A.1,1.B.42
3.A.1,PL0
GT51,2.A.109
2.A.21,GH23
GT51,3.A.7,3.A.2,3.A.2,3.A.2,3.A.2,3.A.2,9.B.160,Ada_Zn_binding|HTH_18,3.A.11,1.B.81,9.B.34
GH23,3.A.7,3.A.7,3.A.7,3.A.7,3.A.7,3.A.7
2.A.3,GT4,9.B.18,GerE,2.A.1,9.B.97,GT4,GT4,GT4,PL1_2,1.B.18,Aminotran_1_2,9.B.18,8.A.3
1.B.14,GH32,GH32
GT4,9.A.41
1.B.18,GT2,3.A.1,3.A.1,8.A.4,3.A.1,3.A.1,3.A.1,GT4
GH3,2.A.64
9.B.146,2.A.103,GT28
2.A.37,3.A.18,1.C.82,9.B.126,GT4,MarR,2.A.28
1.B.14,AraC_binding,Trans_reg_C|Response_reg,2.A.53,2.A.53,Trans_reg_C|Response_reg,HisKA|HATPase_c,5.A.1,1.C.109,2.A.6,2.A.6,2.A.7,2.A.66,GH102
2.A.102,GT2
1.B.6,1.A.14,3.A.9,GT4,4.C.1
2.A.7,GH3,3.A.1,2.A.86
