GH73,2.A.45
4.C.1,9.A.39,GT51,4.A.1
2.A.85,2.A.1,Glyoxalase,LacI|Peripla_BP_3,GH13_31
4.A.1,9.B.174,GT28
3.D.4,3.D.4,GH73
2.A.38,2.A.109,GT28,2.A.1,2.A.25,2.A.86,TrkA_C,1.A.26
1.E.31,GH73
CBM50,3.A.5,3.A.11,3.A.11,GGDEF,2.A.79,2.A.79
GT2,8.A.5,9.A.40,CE9,4.A.2,PfkB,DeoRC|HTH_DeoR,2.A.1,2.A.47,8.A.5,9.B.10,MarR,3.A.1,3.A.1
GH73|CBM50,2.A.20,3.A.1,3.A.1
2.A.120,3.A.1,3.A.1,3.A.1,2.A.115,2.A.41,3.A.1,GT2,3.A.1,3.A.1,GT26,Fe_dep_repress|Fe_dep_repr_C|FeoA,3.A.1,3.A.1,3.A.1,2.A.36,2.A.63,2.A.63,2.A.63,2.A.63,2.A.63,2.A.63,2.A.7
9.B.10,GT4,GT4
GH13_29,4.A.1,Pyr_redox_2,GATase_2,LysR_substrate|HTH_1,9.B.141,NUDIX,CBM50|CBM50,3.A.1,3.A.1,3.A.1,Aminotran_1_2,PALP,2.A.22,3.D.1,9.B.10
3.A.7,3.A.7,3.A.7,3.A.7,3.A.7,3.A.7,3.A.7,3.A.7,3.A.1,Peptidase_M23,2.A.1,LacI|Peripla_BP_3,2.A.7,PfkB,GH1,4.A.1,GntR,2.A.122,1.E.14,LytTR|Response_reg,9.B.33,Hemerythrin,GT2,GT2
4.C.1,3.A.1,3.A.1,2.A.4,GT0,9.B.18,GT4,GT4,9.B.18,9.B.18,8.A.3,8.A.3
3.A.1,3.A.1,3.A.1,2.A.1,GntR,2.A.66,GT4,9.B.18
3.A.1,3.A.1,3.A.1,Trans_reg_C|MarR,CBM50,2.A.14,2.A.7,2.A.58,2.A.1,GH0
9.B.97,CE4,GT2,TetR_N,8.A.3,8.A.3
3.A.5,3.A.5,3.A.5,3.A.5,GT4,GT8,GH73,9.B.74,4.A.2
2.A.11,2.A.15,AA3_2,4.C.1,2.A.3
9.B.97,Pyr_redox,GT2,Aminotran_1_2,HMA,3.A.3,TetR_N,2.A.6,FeoA,9.A.8,3.A.9,2.A.6,LysR_substrate|HTH_1,1.E.14,2.A.122,4.A.1,2.A.7
3.D.1,GH73,Pyr_redox_2,2.A.35
PL8_1,MerR,8.A.5
4.A.3,4.A.3,GH1,2.A.15,2.A.1,3.A.1,3.A.1,3.A.1,9.A.5,1.C.113,2.A.1,2.A.1,3.A.1
GT0,1.A.77,3.A.2,3.A.2,3.A.2,3.A.2,3.A.2
3.A.1,HTH_DeoR,9.B.102,9.B.102,1.A.11,Peripla_BP_1|LacI,GH32,PfkB,LytTR|Response_reg,9.B.14,9.B.46
2.A.38,1.C.3,1.C.3,GT2
