GT2,2.A.3,MarR,3.A.5,PTS-HPr,8.A.7,2.A.7,2.A.1,GT2,2.A.1,TetR_N,2.A.9,8.A.5,1.A.78,TetR_N,GH13_8
4.A.3,GH1
GT4,GT4,GT2,3.A.1,GT2,GT2,GT2,GT2,GT2,GT2,2.A.66,GH25
3.A.1,3.A.1,GyrI-like,8.A.5,GH73|CBM50
3.A.1,3.A.1,3.A.1,CE4
2.A.3,LysR_substrate|HTH_1,2.A.98,LysR_substrate|HTH_1,2.A.1,2.A.36,GT51,Pyr_redox_2,3.A.7,2.A.21
2.A.114,3.A.18,SIS|HTH_6,4.A.3,4.A.3,SIS|HTH_6,4.A.3,GH1,3.A.1,Fer4,GntR,4.A.1,4.A.1,GH65
1.C.113,GH3,HTH_18|Ada_Zn_binding,3.A.1,LytTR,Aminotran_1_2,3.A.7,3.A.1,PALP,GH73,GT51
4.A.1,GH1,3.A.1
3.A.3,GT2,CE4,2.A.26
GH77,GT5,GT35,GH13_39,2.A.17,3.D.4,3.D.4,3.A.1,3.A.1,MarR,3.A.1,3.A.1,9.B.143
9.B.141,9.B.141,2.A.3,3.A.5,Pribosyltran,HTH_8,SIS|HTH_6,4.A.3,GH1
1.E.31,Pkinase,GT2,9.B.36,TetR_N,9.B.74
1.A.33,HTH_DeoR|DeoRC,PfkB,4.A.2,3.A.1,1.A.16,3.A.1,9.B.31,HATPase_c,1.A.35,9.B.105,GT2
GH25,3.A.11,Pribosyltran,2.A.40
2.A.36,GH13_5
2.A.50,4.C.1,PfkB,GT2
3.A.1,GH67,CE4,GH8,3.A.1,3.A.1
3.A.1,3.A.1,3.A.1,CE9
2.A.1,GntR,GH1,3.A.1,3.A.1,SBP_bac_1,GH113,CE7
GH73,3.A.3
3.A.1,3.A.1,GntR|TrkA_C,GT4,GH1,4.A.1
2.A.89,2.A.89,FUR,2.A.7,MerR,MarR,2.A.66,2.A.2,GH1,9.B.28,GH85|CBM32,GH13_31,GH20,3.A.1,3.A.1,GH38,GH125,GntR|Peripla_BP_3,GH92,2.A.1,GntR|Peripla_BP_3,2.A.1,GH43_11,2.A.2
GT28,1.A.11
3.A.7,1.E.31,GH23
2.A.49,HTH_3,9.B.74,GH1,HATPase_c|HisKA,Trans_reg_C|Response_reg,LacI|Peripla_BP_3,GH65,GH13_31,GH13_36,GH13_31,CBM34|GH13_20,3.A.1,3.A.1,3.A.1
3.A.1,3.A.1,2.A.7,9.B.27,3.A.1,3.A.1,3.A.2,3.A.2,3.A.2,3.A.2,CE1,3.A.11,3.A.11,3.A.1,2.A.45,HTH_11,3.A.1
GH18,AA10,2.A.77
GH2,2.A.2,SIS|HTH_6,8.A.5,4.B.1,9.B.158,3.A.1,1.C.82,3.A.1
1.A.22,2.A.66,PALP,9.B.97,GT51,3.A.1,3.A.1,3.A.1
GH1,4.A.3,4.A.3
