GH3,3.A.1,3.A.1,Peripla_BP_3|LacI,GH15
3.A.1,3.A.1,9.B.35,2.A.39,MerR,GntR,CE4,4.C.1
GT20,2.A.79
GT1,2.A.1,3.A.1,3.A.1,3.A.1
2.A.6,TetR_N,4.D.2,CYTH,CE1
3.A.1,3.A.1,GH23|CBM50,GH23|CBM50
GH23,CE14,3.A.1,TetR_N,1.C.113,Rhodanese,9.B.102
4.C.1,2.A.3,4.C.1,GT81
3.A.1,GH23,GH23,CBS,2.A.1,2.A.95,3.A.1,3.A.1,3.A.1
3.A.1,3.A.1,Peripla_BP_3|LacI,GT53,2.A.23,2.A.33
CBM48|GH13_9,GH13_3,GT35,3.A.1
9.B.62,2.A.15,3.A.1,GH13_30,GT87
GT4,4.C.1,3.A.4,Glucokinase,GT87,9.B.106
9.B.146,2.A.103,GT28
2.A.7,PALP,GH13_10,TetR_N,GH13_26,CBM48|GH13_11
GT2,4.C.1,2.A.1
GT4,4.F.1
GT87,5.A.3
3.A.1,3.A.1,3.A.1,3.A.1,GT1,PIG-L,2.A.88,3.A.1,HTH_3,4.F.1,2.A.109,3.A.12
3.A.1,CBM48|GH13_11,3.A.1,3.A.1,3.A.1,ACT,3.D.4
2.A.1,Pyr_redox_2,AraC_binding|HTH_3,CBM32,2.A.7,3.A.1,1.A.23
9.B.169,GT2,3.A.1,3.A.1
2.A.3,GAF,GT2
3.B.1,GH16,2.A.7
3.A.1,3.A.1,8.A.5,MerR,4.C.1,GT4,2.A.1,CE14,TetR_N,2.A.1
2.A.4,9.B.27,9.B.27,GH76
GT2,9.B.142,GH5,GH65,MarR,2.A.1
3.A.1,CE1,CE1,2.A.40,2.A.116
1.A.35,4.C.1,TetR_N,Pyr_redox,2.A.1,GH19,2.A.1,SBP_bac_3,3.A.1,3.A.1,HTH_3,8.A.5
9.B.97,GAF|ANTAR,MarR,3.A.9,GH1,2.A.28,LysR_substrate|HTH_1,3.A.1,3.A.1
2.A.6,AsnC_trans_reg|HTH_10,2.A.19,TetR_N,2.A.1,CE5,2.A.1
GT51,TetR_N|TetR_C,2.A.1,PadR,GT51,3.A.1,3.A.1,3.A.1,3.A.1,3.A.1,3.A.1,3.A.1,3.A.1,3.A.1,3.A.1
GH25,GH63,HMA,3.A.3
GT1,9.B.169,GntR|TetR_N|TetR_C,3.A.1,3.A.1
CE5,2.A.66,9.B.111
GT4,MerR,Pyr_redox_2,GT2,GT89,CE1,CE1,CE1,CE5,4.C.1,3.B.1,GT53,GT53,GT85
9.B.160,TetR_N,GT2,GT2,GT2,2.A.7,Aminotran_1_2|GntR,GT2,3.A.1,MarR,CE1
