3.A.1,3.A.1,3.A.1,3.A.1,CE4
9.B.18,GT4,GT4,GT2,9.B.183,9.B.18,Aminotran_1_2,HTH_3,GT4,GT4,GT2,GT4,GT4,GT4,3.A.1,3.A.1
2.A.15,TetR_N,2.A.6,3.A.1,SBP_bac_1,3.A.1,3.A.1,GH1,GH30_1,2.A.66,2.A.36,2.A.102,9.B.116,HATPase_c,9.B.159,AAA,9.B.98
GH16_3|CBM4|CBM4|CBM4,4.A.1,3.A.3,2.A.1,2.A.19
CE4,HhH-GPD,HTH_3,2.A.109,3.A.1,3.A.1,GntR,MarR,9.B.74,GH3,2.A.122,1.E.14,MarR,TetR_N,2.A.1
3.A.1,3.A.1,GH66,8.A.59,HTH_18|Response_reg,SBP_bac_1,GH13_31
GT2,CE4,Peripla_BP_3|LacI,PfkB,SIS,2.A.56,2.A.56
2.A.45,2.A.119,HTH_5,2.A.53,CE4,2.A.1
9.B.74,9.B.1,2.A.3,TetR_N,3.A.1,2.A.3,GH144
3.A.18,Peripla_BP_3|LacI,GH0,3.A.1,3.A.1,3.A.1,TetR_N,1.B.52,2.A.25
4.A.3,SIS|HTH_6,4.A.3,GH4,2.A.7
2.A.88,3.A.1,3.A.1,3.A.1,2.A.45,HATPase_c,9.B.159,GH18,TetR_N,9.B.74
1.A.11,2.A.66,CBM34|GH13_20,3.A.1,3.A.1,3.A.1,GH13_1
2.A.120,9.B.176,CBM50,AAA,3.A.1,3.A.1,PTS-HPr,8.A.7,Aminotran_1_2,1.A.35
GT2,GT4,GT4,9.B.18,GT27,2.A.47
2.A.1,2.A.6,TetR_N,GT2,TetR_N,2.A.1
3.A.7,2.A.122,1.B.52,CBM50,2.A.15,GH23
3.A.1,3.A.1,3.A.1,GT2,2.A.40,2.A.1,3.A.1,2.A.16
GT28,GT2,2.A.66,2.A.1,MarR,9.B.174,8.A.42
GT4,CE14,2.A.115,3.D.3,3.D.3,3.D.3
GT4,2.A.16,Fer4,2.A.87,1.A.34
2.A.7,GT2
GH57|GT4,HTH_7,1.B.52,3.A.1,3.A.1,3.A.1,3.A.1,SBP_bac_1,2.A.1,2.A.58,2.A.1,9.B.117,FUR,3.A.1,3.A.1,2.A.115,3.A.18
2.A.58,GH13_31,1.A.33
CBM50,3.D.10
9.B.34,CBM50
3.D.10,3.D.10,3.D.10,ACT,2.A.108,GT2
3.A.1,2.A.1,GT1,MarR,3.A.1,3.A.1,3.A.1,9.B.20
9.B.10,3.A.1,Aminotran_1_2,9.B.34,GT51,4.C.1
GT35,GT5,9.B.20,4.A.2,PfkB,DeoRC|HTH_DeoR,3.A.1,PfkB,GntR,4.A.1,CE9
3.D.1,2.A.1,GT51,2.A.63,2.A.63,2.A.63,2.A.63,2.A.63,2.A.8
GT2,9.B.34,8.A.8
3.A.1,3.A.1,3.A.1,Peripla_BP_3|LacI,GH13_31,3.A.1,3.A.1,SBP_bac_1,GH94,GntR,GH4,4.A.3,4.A.3,4.A.3,9.B.74,9.B.74,TetR_N,3.A.1,SBP_bac_3,9.B.34
GH2,Peripla_BP_3|LacI,3.A.1,3.A.1,3.A.1,GH43_33,9.B.97
GT2,GT4,GT4,9.B.18,8.A.3,8.A.3,CBM50,4.A.1,GH13_29
GT4,GT4,9.B.146
2.A.45,3.A.2,3.A.2,3.A.2,3.A.2,3.A.2,1.A.77,GT0,Pribosyltran,Aminotran_1_2,1.B.52
GT51,9.B.149
