1.A.11,2.A.83,Response_reg,2.A.53,Glyoxalase,GT35
GT81,Sigma70_r3|Sigma70_r4|Sigma70_r2,3.A.11
3.D.4,3.D.4,LysR_substrate|HTH_1,2.A.2,GH116,TPR_1|TPR_2,9.B.34,Response_reg,PALP,2.A.106,Response_reg,9.B.34
3.A.9,GT0,9.B.34
3.A.1,GH24
GT51,Response_reg|Trans_reg_C,Response_reg,CE9,9.B.102,9.B.102,HATPase_c,3.E.2,3.E.2,9.B.174,2.A.7
GH13_5,2.A.6,2.A.6
GT19,3.A.1
GT26,3.A.1,2.A.103,9.B.14,9.B.28,LysR_substrate|HTH_1,9.B.126
2.A.37,RseA_N,9.B.34,Response_reg,3.D.1,3.D.9,3.D.1,3.E.1,Sigma70_r3|Sigma70_r4|Sigma70_r2,GT4,2.A.66
3.A.1,3.A.1,3.A.1,Response_reg|HTH_18,HATPase_c|PAS|HisKA,2.A.7,HTH_3,GT51,1.A.33,2.A.19,3.A.9,SIS,3.A.20
9.B.34,2.A.63,2.A.63,2.A.63,MarR,9.B.31,cNMP_binding|Crp,NUDIX,GH77
2.A.71,FUR,GT4
3.A.11,9.B.106,2.A.1,FIST,GH57
GT2,8.A.59
8.A.21,2.A.7,HisKA,GH0,Glyoxalase,2.A.16,9.B.160
3.A.1,2.A.36,GT35,1.A.1
GT5,9.B.18,GT2
4.A.2,Pribosyltran,GT4,2.A.1,AAA,3.A.1,9.B.34
3.A.1,HTH_3,CBM48|GH13_11
GH57,cNMP_binding,9.B.55
GH24,2.A.69
GH38,1.A.33,3.A.15,3.A.15,3.A.11
3.A.1,3.A.1,3.A.1,3.A.1,1.B.23,9.B.142,9.B.106,HATPase_c|HisKA,Fer4,TPR_2,GT4,HEAT_PBS,GT83
9.B.146,3.A.1,3.A.1,2.A.14,3.A.1,2.A.95,CE4
GT5,9.B.34,Pyr_redox_2,GT2,2.A.86
3.A.1,SBP_bac_1,3.A.1,SBP_bac_1,GH102,2.A.102,GntR,9.B.106
1.B.18,3.A.1,Peptidase_M23,GH23
9.B.34,GT26,GT2
3.A.1,3.A.1,3.A.1,3.A.1,GH13_18
GT19,CE11,1.B.33,bZIP_1,1.A.26,1.A.26,3.A.3
9.B.106,2.A.38,GT4
8.A.21,Rhodanese,GT26,HATPase_c|HisKA,3.A.1,3.A.1
GT83,GT35,Aminotran_1_2,9.B.146
AA2,3.E.2,8.A.59
GH3,5.A.1,3.A.1
3.D.10,1.A.62,HATPase_c|HisKA,Response_reg|Trans_reg_C,GT1,GT4,GT4,3.A.1,Glyoxalase,GT35
