3.A.1,HTH_3,2.A.1,GT4,3.A.1,3.A.1,3.A.1,3.A.1,3.A.1,3.A.1,3.A.1,3.A.1,3.A.1,3.A.1,3.A.1,Rrf2,9.B.74,2.A.21
GT4,GT4,3.A.5,3.A.5,2.A.1,GT4,MerR,1.A.8,3.A.3,Pencillinase_R,GntR,3.A.1,3.A.1
3.D.10,3.A.1,9.B.142,GT2,3.A.1,1.C.113
4.A.1,GH32
2.A.21,GntR,3.A.1,3.A.1,3.A.1,HTH_3,3.A.1,3.A.1,3.A.1,3.A.1,2.A.1,2.A.1,2.A.1,GH13_18,3.A.1,3.A.1,GT4,GT4
CE9,GntR,3.A.1,3.A.1,3.A.1,3.A.1,3.A.3,3.A.1,3.A.1,3.A.1,3.A.1
GH73,2.A.7
2.A.11,4.A.1,4.A.1,GH13_29,GntR,2.A.3,3.A.1
GH25,3.A.18,9.B.141,9.B.141
9.B.2,LacI,9.B.97,2.A.1,2.A.37,2.A.7,HTH_6,2.A.3,3.D.4,3.D.4,3.A.1,3.A.1,GH73
1.A.22,3.A.1,2.A.87,2.A.87,3.A.1,3.D.1,2.A.66,2.A.115,GH23|CBM50
GT51,3.A.1,2.A.86,3.A.12,2.A.3,9.B.27
1.A.14,GH32
3.A.3,2.A.1,GH13_31,LacI,Trans_reg_C,3.A.1,3.A.1,8.A.5,HTH_AraC,GH42,2.A.1,GH5_44,GH43_11
2.A.1,HTH_3,GH70|GH70
GH65,LacI,GH13_31,2.A.2,GH13_31,4.A.1,GH1,LacI,2.A.2,GH13_31,GT2,2.A.1,3.A.1
2.A.8,GH1,4.A.3,HTH_11|Mga,4.A.3,4.A.3,3.A.1
GT8,3.A.1,3.A.1,3.A.1,MarR,3.A.3,2.A.76
2.A.1,2.A.3,2.A.115,HTH_AraC,2.A.2,3.A.1,3.A.1,3.A.1,3.A.1,8.A.5,GH2,2.A.79
1.A.16,1.A.8,GT2
GT2,GT2,GT111,9.B.18,2.A.66,GH32,GH68,GH68,GH25
GT2,GT2,GT2,9.B.18,8.A.3,8.A.3,2.A.26
9.A.4,GT28,9.B.146
GT2,GH8,3.A.5,3.A.5,2.A.36
2.A.1,1.E.29,GH25
