2.A.1,GT4,AraC_binding|HTH_18,2.A.7,5.A.3,HTH_IclR|IclR,Citrate_synt,2.A.80
AA3_2,2.A.16,GntR,2.A.80,GntR,3.A.1,3.A.1,2.A.80
3.A.1,3.A.1,3.A.1,2.A.80,GH23,2.A.6,2.A.6,2.A.73,2.A.27,GT2,GT83,2.A.117,2.A.76,2.A.7,GntR|Aminotran_1_2,9.B.20,2.A.109,2.A.80,LysR_substrate|HTH_1,2.A.80,Pyr_redox,MarR,2.A.80,3.A.1,3.A.1,2.C.1,2.C.1,1.A.30,1.A.30
3.A.1,9.B.146,2.A.103,GT28,CE11,1.A.34,3.A.5,2.A.80
1.A.26,2.A.98,LysR_substrate|HTH_1,4.C.1,GH31,3.A.1,3.A.1,3.A.1
GT2,3.A.1,3.A.1,3.A.1,3.A.1,3.A.1
GT9,Trans_reg_C|Response_reg,HisKA|HATPase_c,3.A.3,3.A.3,3.A.3,2.A.21,2.A.7,Pyr_redox_2,3.A.12
1.E.25,GH24,2.A.1,1.B.6
GH103,3.A.1,3.A.1,3.A.1,3.A.1
GT4,GT2,GT4,CE4,GT4,GT9,3.A.1,2.A.1
2.A.1,MarR,2.A.53,2.A.1,3.A.1,3.A.1,GntR,2.A.56,4.C.1,2.A.80,3.A.1,3.A.1,3.A.1,TOBE|HTH_1,Trans_reg_C,2.A.6,2.A.6,2.A.6,GH3,4.F.1,2.A.1,2.A.122,Aminotran_1_2,Aminotran_1_2,3.A.3,3.D.4,3.D.4
3.A.1,8.A.5,8.A.5,GT51
2.A.40,9.B.31,CBM50
GT2,3.A.1,GT4,1.B.18,GT107|GT107,9.A.41,Aminotran_1_2,3.A.1,3.A.1,3.A.1,3.A.1,3.A.1,2.A.88,3.A.1,3.A.1,3.A.1,3.A.1,3.A.1,2.A.7,3.A.1,2.A.25
2.A.21,GH13_26,GH77,GH13_10,CBM48|GH13_11,CBM48|GH13_9,GH13_3|GH13_3,GT5,3.A.23,3.A.23
9.B.34,8.A.21,8.A.7,GT19,1.B.33
3.A.6,3.A.6,3.A.6,3.A.6,3.A.6,3.A.6,1.B.52,1.B.52,1.B.52,1.B.52,GH73
3.A.1,3.A.1,SBP_bac_3,AA3_2,2.A.80
1.A.11,TetR_N,2.A.1,3.A.1,3.A.1,3.A.1,3.A.1,3.A.1,3.A.9,GT51,CSD,2.A.49
1.B.6,1.B.14,GH23,GT104
3.A.1,3.A.1,3.A.1,3.A.1,MarR,TPR_2,CE4|GH153,GT2
CBM50,1.B.14,2.A.1,HTH_5,3.D.4,3.D.4,3.D.4,3.D.4
2.A.56,CE4,HTH_IclR|IclR,3.A.1,3.A.1,3.A.1,Aminotran_1_2,HTH_IclR|IclR,9.B.10
GT1,9.B.10,2.A.80
3.A.11,3.A.1,Aminotran_1_2,2.A.80,LysR_substrate|HTH_1,2.A.75,cNMP_binding,4.C.1,3.A.1,3.A.1,3.A.1,3.A.1,9.B.102,9.B.102,HTH_5,GT4,2.A.33
1.I.1,GH23,2.A.1,LysR_substrate|HTH_1,1.E.40,GT4
3.A.1,3.A.1,GT30,GT9
9.B.18,GT4,9.B.18,GT4,GT0
3.A.1,3.A.1,GT0
2.A.1,2.A.7,9.B.150,2.A.111,AA3_2,1.B.54,2.A.3,1.B.54
3.A.1,3.A.1,3.A.1,LysR_substrate|HTH_1,GT4,2.A.80,LysR_substrate|HTH_1,GntR,2.A.80,AraC_binding,1.B.14,2.A.1,HD,SKI,GT51,9.B.14,5.A.1
