9.B.106,2.A.1,2.A.20,CE5
CE1,4.C.1,4.C.1
CE1,3.A.9
2.A.109,GT2
2.A.3,HTH_8,Whib,GT51
GT4,GT4,9.B.18
3.A.1,GT2,1.B.24,GntR|Aminotran_1_2,1.A.62
4.C.1,3.B.1,CE5,CE1,CE1,CE1,GT89,GT2
2.A.53,GT87,Pyr_redox_2,GATase_2,3.A.3,2.A.49,1.A.8,HhH-GPD,8.A.5
CBM48|GH13_11,MarR,3.A.1,3.A.1,2.A.1,GH13_16,Pribosyltran,3.A.1
2.A.6,TetR_N,NUDIX,CE5
3.A.1,3.A.1,MarR,GH63,2.A.1
2.A.66,Sigma70_r4_2|Sigma70_r2,Pyr_redox_2,GH1
2.A.1,TetR_N,GH3
1.A.33,GH16_9,3.A.1,3.A.1,3.A.1
2.A.116,GT1,3.A.9
2.A.53,LysR_substrate|HTH_1,GH76,9.B.27,2.A.4
4.C.1,3.A.1,3.A.1,3.A.1,3.A.1,3.A.1,GT20
GH23|CBM50,2.A.3
2.A.108,2.A.108,GH23
CE5,Glyoxalase,9.B.106
2.A.72,GH16_9,2.A.115,9.B.159
CE14,1.C.113
GT87,NUDIX,2.A.1,5.A.3,5.A.3,5.A.3
3.A.1,AAA,STAS,TetR_C|TetR_N,4.C.1,GT81,HhH-GPD,GT5
3.A.1,GH23,CBS,3.A.1,3.A.1,3.A.1,3.A.1,1.A.35
8.A.59,CE4
3.A.1,3.A.1,AA3_2,3.A.1,3.A.1,3.A.1,3.A.1
GT83,GT2,GT83,2.A.1
9.B.62,3.A.1,GH13_30
GH15,1.E.22,3.A.1,3.A.1,3.A.1,3.A.1,2.A.102
2.A.89,9.B.143,2.A.1,MarR,3.A.1,3.A.1,SBP_bac_1,3.A.1,3.A.1,MerR,CE5,2.A.21,2.A.39
3.D.4,3.D.4,3.D.3,3.D.4,GT4,4.C.1,2.A.59,GT87,9.B.106
9.B.146,2.A.103,GT28
2.A.1,GT83,3.A.1
2.A.3,AAA,CE1,1.A.23,Guanylate_cyc|dCache_1,GH13_20
CE1,2.A.4
9.B.97,CBM48|GH13_11,GH13_26,GH13_10,HxlR,2.A.1
GT83,NUDIX,GT4,4.F.1,1.B.77,3.A.1,3.A.1,3.A.1,3.A.1,Nitroreductase,8.A.5
3.A.1,3.A.1,3.A.1,3.A.1,GT1,HTH_3,4.F.1,3.A.12
GH57,GT4,2.A.1
CE9,4.A.1,4.A.1
2.A.6,HATPase_c,CE5,3.A.1,1.A.23
GT1,2.A.7,9.B.126
GH65,LysR_substrate|HTH_1,TetR_N,9.B.74
2.A.3,GAF,1.I.1,3.A.24,3.A.24,3.A.24,2.A.7,CE5,CE5,CE5,CE5
9.B.142,GT2,Sigma70_r4_2|Sigma70_r2,5.A.1
2.A.1,GT2
2.A.3,2.A.3,CE5
