4.A.7,4.A.7,GntR,8.A.8,CBM13|GH62,GH10,LacI|Peripla_BP_3,GH6
2.A.1,Glyoxalase,GH78
GH38,GH154,3.A.1,3.A.1,GH38,GH87
3.A.1,3.A.1,3.A.1,GH2,GH67,GH43_3,2.A.7
PL7_3,2.A.1,GntR,HTH_11,8.A.5,9.B.97
GH136,MerR,9.B.44,Aminotran_1_2,2.A.1
GH141|CBM32|CBM6,3.A.1,3.A.1,3.A.1
CE4,GT28,SBP_bac_3,3.A.1,3.A.1
2.A.1,1.A.23,Response_reg|GerE,HATPase_c,GH15,3.B.1,TetR_N,2.A.1,TetR_N,MarR,GH92,3.A.1,3.A.1
GH3,GT1,3.A.1,8.A.5
4.C.1,4.C.1,CBM13,CE1,CE3,2.A.39
2.A.37,GerE,GH76,GH64
PL8,2.A.3
3.A.1,3.A.1,SBP_bac_3,GH43_3,GH2,3.A.1,3.A.1,3.A.1,LacI|Peripla_BP_3,9.A.25
3.A.1,Pkinase,GH128,GH152
3.D.10,3.D.10,MarR,PL1,GH43_10,CBM1,GH127|CBM13,TetR_N,2.A.1
3.A.1,3.A.1,3.A.1,GH13_30,GH87,GH62,GH9,2.A.1
1.E.43,HTH_3,2.A.1,GT1
GT2,2.A.3,HTH_5,3.A.3,HTH_5,LacI|Peripla_BP_3,2.A.1
2.A.1,TetR_N,GH25,GT2,3.A.1
GH3,2.A.69
9.B.36,GH2,CBM32|CBM32|GH16_3,GH1,3.A.1,3.A.1,3.A.1,MarR,LacI|Peripla_BP_3,GH158|CBM32,GH55,DeoRC|HTH_DeoR,SIS,GH75,Sigma70_r2|Sigma70_r4_2,3.A.3
GT51,3.D.4
8.A.5,Response_reg|GerE,HATPase_c,3.A.1,GT1
GH95,2.A.7,HxlR,2.A.1
GH29|CBM32,GH27|CBM13|CBM35|CBM51,CBM13|CBM2|CBM35,GH105,2.A.1
1.I.1,GH92,2.A.11
3.A.1,3.A.1,3.A.1,PfkB,DeoRC|HTH_DeoR,GH4,DeoRC|HTH_DeoR,3.A.1,3.A.1,3.A.1,DeoRC|HTH_DeoR,2.A.16,CBM32,GntR,2.A.101,GH65,Pyr_redox,GH2,TetR_C|TetR_N,2.A.1,3.A.1,3.A.1
GH154,3.A.1,3.A.1
GH33,3.A.1,3.A.1,3.A.1,3.A.1,3.A.1,DeoRC|HTH_DeoR,3.A.1,3.A.1
2.A.8,2.A.80,PAS|HATPase_c,Response_reg|HTH_11,LacI|Peripla_BP_3,AraC_binding,2.A.1,4.C.1,HTH_3,GH2|CBM42,GH76,GH43_26
3.A.1,3.A.1,3.A.1,SBP_bac_3,GH4,PfkB,3.A.1,3.A.1,SBP_bac_1,GH114,NIT|HATPase_c,2.A.21
3.A.1,3.A.1,GH5_51,GH3,GH5_19,LacI|Peripla_BP_3,3.A.1,3.A.1,SBP_bac_1,GH10|CBM2
2.A.1,LacI|Peripla_BP_3,LacI|Peripla_BP_3,GH145,Peripla_BP_1,3.A.1,3.A.1,3.A.1,CBM67|CBM67|GH78
GH2,3.A.9,HTH_18,2.A.1,GH16_3
3.D.1,GT2,AsnC_trans_reg|HTH_11,GH18
GT1,2.A.1
GT4,4.F.1
PL26,3.A.1,3.A.1
2.A.7,GH74|GH74|GH74,HTH_3,TetR_N,9.B.20
2.A.3,GH46,GH19
2.A.1,GerE,IclR|HTH_IclR,3.A.1,GT2,2.A.4
2.A.15,GH2|GH2
2.A.3,AA3_2,GerE,IclR|HTH_IclR,CE2|CE2
GH95,3.A.1,3.A.1,3.A.1,3.A.1,3.A.1
2.A.7,GH65,GH97
3.A.1,3.A.1,3.A.1,GH42,GH63
CBM13|CBM32|CBM6,CBM6,3.A.1,3.A.1,3.A.1,GntR,3.D.1,3.D.1,3.D.1,TetR_N,2.A.1,MerR,GH33,Glyoxalase,2.A.28,LysR_substrate|HTH_1,4.C.1,CBM12
3.A.1,SpoIIE|PAS|GAF|HATPase_c,2.A.1,HEAT_PBS,TetR_N,GH97,GH95
CBM13,BTAD|Trans_reg_C,3.A.1,3.A.1,4.C.1
3.A.3,3.A.3,3.A.3,Sigma70_r2|Sigma70_r4_2,HTH_3,4.F.1,GT4
GT4,GT2,GH6,NUDIX,9.B.51
4.C.1,LysR_substrate|HTH_1,CBM32
2.A.113,GT2,GT2,CE4,GH0
1.A.6,3.A.1,3.A.1,3.A.1,2.A.1,GT76
3.D.2,NUDIX,CbiA,GH15,HTH_8,GH64,GT4,1.C.109,3.A.1,3.A.1,3.A.1
8.A.21,3.A.1,Response_reg|GerE,GAF|HATPase_c,GH23,3.A.1,ACT,2.A.1
8.A.5,PL9_3,CE4,SBP_bac_1,3.A.1,3.A.1,GntR,2.A.1
GH23,3.D.1,3.A.1,3.A.1,3.A.1,3.A.1
GT83,3.A.1,GntR,Pyr_redox_2,GATase_2,2.A.89
GT28,2.A.103,9.B.146
4.C.1,GT4
GH89,GH13_13,GH13_32,LacI|Peripla_BP_3,3.A.1,3.A.1,3.A.1,GH13_30
9.B.62,2.A.1,TetR_N,2.A.1,3.A.1,3.A.1,BTAD|Trans_reg_C,3.A.1,3.A.1,SBP_bac_1,GH33,LacI|Peripla_BP_3|Peripla_BP_1,2.A.1,2.A.108,2.A.108,2.A.108
2.A.1,2.A.1,GT2,TetR_N,2.A.7,SpoIIE,SpoIIE|PAS|GAF,3.A.9,3.A.9
9.B.179,GH0,GT4
3.A.1,3.A.1,3.A.1,GT87,HTH_18|AraC_binding,8.A.5
2.A.1,2.A.106,GH23,CBM13|GH55
GH3,TetR_N,2.A.1,HTH_5,3.A.1,3.A.1,3.A.1,2.A.121,1.B.79,PL1_7,GH51,GH30_7
PL7_4,Glyoxalase,GH110|CBM51,HisKA|HATPase_c,Response_reg|Trans_reg_C,GT83,3.A.1
3.A.1,3.A.1,3.A.1,GH3
3.A.1,3.A.1,SpoIIE,2.A.3,HTH_5,2.A.80,GH27|CBM13,2.A.3,2.A.88
GH29,GH77,GH84|CBM32,1.A.23,HTH_IclR,SBP_bac_1,3.A.1,3.A.1,GH4,3.A.1
2.A.7,LysR_substrate|HTH_1,GT1,GH3,3.A.1
3.A.9,GT32|GT62,GT2,CBM2|GH48,GH5_40,GH6,LacI|Peripla_BP_3,3.A.1,3.A.1,3.A.1,GH1,3.D.3,HisKA|HATPase_c,GH18
AA10,PadR,1.A.78,GntR,GT2,AA5,GH6
3.A.1,GT51
2.A.98,LysR_substrate|HTH_1,SpoIIE|PAS,4.C.1,CE4,GH20,3.A.1,3.A.1
3.A.1,3.A.1,GH31
2.A.7,HTH_5,2.A.21,AsnC_trans_reg|HTH_IclR,GT2
GT2,GT2,GT2,3.A.5
4.A.2,2.A.4,2.A.14,GT2
GH20,3.D.10,3.D.10,9.B.126
3.A.1,3.A.1,AA3
PL29,GT4,2.A.3,HTH_3,8.A.5,GntR|Aminotran_1_2,SBP_bac_3,3.A.1,3.A.1
9.B.149,9.B.157,Sigma70_r4|Sigma70_r2,Sigma70_r2|Sigma70_r4_2,GH5_1,Response_reg,GH6,GT2
GH8,Sigma70_r4|Sigma70_r2|Sigma70_r3,2.A.1
1.A.1,CbiA,2.A.59,Whib,GT51
2.A.1,TetR_C|TetR_N,2.A.1,GT83,GT2
GT51,PadR,2.A.1,HD,2.A.66
1.A.33,MerR,2.A.1,3.A.9,GT76
GH23,9.B.105
2.A.23,2.A.7,CE1
3.A.1,CBM12,2.A.7,2.A.3,Response_reg|GerE,HATPase_c,3.D.1,3.D.1,3.D.1,3.D.1,Fer4,3.D.9,3.D.1,3.D.9,3.D.1,3.D.1,9.B.55,GH30_3,1.A.22,9.B.140
GT4,9.B.145
3.A.1,3.A.1,CE14
GH18,CBM16|GH18,CbiA,9.A.47
2.A.86,LysR_substrate|HTH_1,3.A.1,PadR,GT51
CE4|GT2,GH18|CBM2,9.B.116
2.A.3,NUDIX,SpoIIE|PAS|GAF,3.D.10,SBP_bac_5,3.A.1,3.A.1,3.A.1,3.A.1,3.A.1,3.A.1,3.A.1,3.A.1,3.A.1,3.A.1,3.A.1,3.A.1,3.A.1,3.A.1,3.A.1,8.A.51,CE14,3.A.1,3.A.1
GT4,GH135,3.A.25
2.A.21,GntR,3.A.1,3.A.1,3.A.1,GH3
2.A.37,TetR_N,GH25
2.A.1,2.A.1,MarR,AA10
3.A.1,CE4|GT2
3.A.1,3.A.1,GH18|CBM13|CBM2|CBM5,HxlR,Response_reg,PAS|HATPase_c,2.A.23,BTAD|Trans_reg_C|TPR_2|TPR_1,CBM48|GH13_9,GH13_16,GH13_3,HTH_3,PL3_4,PL11,GT35
3.A.1,3.A.1,CBM48|GH13_11
GT1,9.B.34,2.A.6,TPR_4|GerE,8.A.5,9.B.34,ACT,ACT,TetR_N,2.A.1,TetR_C|TetR_N,GH6,2.A.1
GH3,SBP_bac_1,3.A.1,3.A.1,GH42,GH12
4.C.1,4.C.1,4.C.1,4.C.1,GT1,3.A.1,3.A.1,4.C.1,GT1,PIG-L,2.A.6
GH36,3.A.1,3.A.1,SBP_bac_1,GH27
GH92,TetR_N,2.A.6,CE14,HxlR,CBM32|GH92,3.A.1,3.A.1,3.A.1,HTH_IclR,3.A.1,3.A.1,3.A.1,2.A.3
GH13_10,AA10|CBM2,GH13_26,GH13_11,3.A.1
GH6,GH97|CBM13|CBM13,GH28,1.A.35,GerE|GAF,4.C.1,9.B.35,GH29,IclR|HTH_IclR,2.A.39
3.A.1,3.A.1,3.A.1,GH20,CBM3|GH16,GH64
GH43_20|CBM42,DeoRC|HTH_DeoR,8.A.5
2.A.1,2.A.1,CBM35
GH53,LysR_substrate|HTH_1,2.A.3
GT1,3.A.1,GH18,PALP,2.A.1
GH0|GH38,3.A.1,3.A.1
2.A.1,AsnC_trans_reg,LysR_substrate|HTH_1,GH87,MerR,3.A.9,TetR_N,2.A.39,LysR_substrate|HTH_1,TetR_N,9.B.15
2.A.86,CBM13,8.A.5
3.A.1,GH16_3|CBM13,CBM13,3.A.1,3.A.1,GntR,4.C.1,TetR_N,GH88,GH55,GH18|CBM13|CBM16|CBM2
8.A.5,HTH_3,CBM6,Sigma70_r2|Sigma70_r4_2,Peripla_BP_2,3.A.1,3.A.1
CBM32,GH99,IclR|HTH_IclR,CBM6,GH38,Sigma70_r4_2,GH95,3.A.1,3.A.1,3.A.1,3.A.1
3.A.1,3.A.1,Response_reg|GerE,2.A.20,3.A.1,GH43
AA10,TetR_N,9.B.169,TetR_C|TetR_N,3.A.1,3.A.1,3.A.1
CBM51,SBP_bac_1,3.A.1,3.A.1
1.A.8,3.A.1,3.A.1,3.A.1,3.A.1,GH31,GntR|Aminotran_1_2,8.A.7
2.A.109,GH23|CBM50,AsnC_trans_reg|HTH_IclR|Crp,2.A.68
3.A.1,3.A.1,CBM67|GH78,3.A.1,3.A.1,3.A.1,3.A.1
GT4,Penicillinase_R,4.C.1
CE7,LacI|Peripla_BP_3,3.A.1,3.A.1,3.A.1,GH127,MerR,GH43_23|GH43_34,GH43_26|GH43_23,GH43_24|CBM13,GH146,8.A.5,9.B.10,GH5_43,8.A.5,2.A.1,MarR,GH65,GH97,1.A.1,2.A.7,TetR_N,2.A.1
2.A.1,AraC_binding,LysR_substrate|HTH_1,GH36,TrmB,GH27|GH27|CBM35,GH95,3.A.1,3.A.1,3.A.1,GntR,MarR,3.A.1,3.A.1,Response_reg|Trans_reg_C,HisKA|HATPase_c,LysR_substrate|HTH_1,2.A.1
CE1,GH95,LacI|Peripla_BP_3,2.A.11,CE7,CBM32
GH2,3.A.1,3.A.1,SBP_bac_1,PfkB,DeoRC|HTH_DeoR,GH4,GH38,GH29,3.A.1,Response_reg|GerE,4.C.1
GH36,3.A.1,3.A.1,3.A.1
GH106,2.A.39
3.A.1,9.B.62,GH97|CBM51
GH84|CBM32,HTH_IclR,SBP_bac_1,3.A.1,3.A.1,GH59|CBM13,GH20|CBM32|CBM32,SBP_bac_1,3.A.1,3.A.1,3.A.1,3.A.1,3.A.1,3.A.1,3.A.1,GH35
3.A.1,3.A.1,3.A.1,2.A.1,LysR_substrate|HTH_1,GH2,GH38,3.A.1,3.A.1,3.A.1
PL9_1,HTH_3,3.A.7
3.A.1,3.A.1,3.A.1,LysR_substrate|HTH_1,GH3,3.A.1,3.A.1,SBP_bac_1,GntR,GH4
2.A.21,GH0,LacI|Peripla_BP_3,SBP_bac_1,3.A.1,3.A.1
3.A.1,3.A.1,SBP_bac_1,CBM67|GH78
