2.A.37,Pkinase,2.A.40,GT35,GH13_3,CBM48|GH13_9
CE1,3.A.1,TetR_N,CE1,4.C.1,4.C.1,4.C.1,GerE,Peptidase_M23,4.C.1
2.A.1,CSD,GH23|CBM50,2.A.76,2.A.76
4.C.1,GT2
9.B.44,GT87
CE1,TetR_N,Aminotran_1_2,1.A.34
GH15,3.A.1
3.A.1,GT2,GT2,GT2
GT53,3.B.1,4.C.1,CE5,CE1,CE1,CE1,CE1,GT89,GT2
9.B.111,CE5
CE5,9.B.145,2.A.109
GT51,3.A.1,3.A.1,3.A.1,3.A.1,3.A.1,3.A.1
GH76,9.B.27,9.B.27
CE4,TetR_C|TetR_N,Glyoxalase,GntR,3.A.1,3.A.1,3.A.1,3.A.1,3.A.1
3.D.1,8.A.5,TetR_N,3.A.1,BTAD|Trans_reg_C,GT4
GT2,GAF,4.C.1,5.A.3,3.A.1,3.A.1,3.A.1
GT4,MerR,GntR,GT39,GH23|CBM50,HMA,3.A.1
3.A.1,3.A.1,3.A.1,GH23,2.A.17,2.A.3
3.A.1,3.A.1,3.A.1,MarR,2.A.1,GT87,3.A.1,CE14
4.C.1,4.C.1,GT81,Sigma70_r4,2.A.64,Sigma70_r4_2|Sigma70_r2,TetR_N,3.A.1,9.B.110,GT5,3.A.1,GH23,GH23
GT2,2.A.4
3.A.25,2.A.1,GntR,2.A.1,2.A.1,NIR_SIR|Pyr_redox_2|NIR_SIR_ferr,HEM4|Trans_reg_C,CE1
3.B.1,TetR_N,2.A.1,GerE,CE1
1.B.58,1.B.58,3.A.1,3.A.1,3.A.1,4.C.1,3.A.1,2.A.1,4.C.1,CE1
GT2,3.B.1
2.A.4,HTH_5,GT87
2.A.53,4.F.1,GT4
3.A.5,3.A.5,SBP_bac_5,Pribosyltran,ACT|HD,CE5
2.A.102,HATPase_c,Response_reg|GerE,4.C.1,3.A.1,9.B.107,Peptidase_M23,HTH_5,GT9,9.B.36
2.A.1,GntR,4.A.1,4.A.1,4.A.1,CE9
AA3_2,2.A.15
3.D.4,PfkB,GT9,GT4,GT0,GT9,SIS,PfkB,GT9
AA2,9.B.36
GH1,2.A.86
4.F.1,2.A.79,CE5
2.A.1,2.A.6,CE1,2.A.116,2.A.53,2.A.86,9.B.145,GerE,2.A.116,2.A.53,GT2
2.A.1,CBM2,2.A.37,TrkA_C,2.A.47
1.A.23,3.A.9,Aminotran_1_2,HxlR,CE1
1.B.76,3.A.1,3.A.1,TetR_N,GT2,Aminotran_1_2,4.C.1,NUDIX,2.A.7
3.A.3,2.A.7,GT53
GT28,2.A.103,9.B.146
2.A.109,GT2,3.A.1,3.A.1,3.A.1,3.A.1
GT4,3.A.4
3.A.1,CE1
3.A.1,3.A.1,3.A.1,4.C.1,3.A.1,GT1,GT4
4.C.1,Fer4|Pyr_redox_2,3.A.1,3.A.1,3.A.1,3.A.1,1.E.22,GH15,1.A.8,HTH_3,8.A.5,3.A.11
GH13_30,HTH_3,2.A.78,3.A.1,PALP,9.B.62,Pyr_redox_2,Sigma70_r4_2|Sigma70_r2,1.A.77
