1.B.42,Sigma70_r2|Sigma70_r4|Sigma70_r3,Pyr_redox_2,CBM50,HTH_18,TPR_2,CE14,HTH_3,GH32,GH32,PfkB,2.A.1,8.A.46,1.B.14,3.A.1
GT2,2.A.123,GT83
3.A.1,GH2
GH97,GH1,GT1,NUDIX,1.I.1
GH18|CBM6,GH18|CBM6,GH20,8.A.46,1.B.14,2.A.1
5.A.3,2.A.49,GH37,GH3
2.A.16,GH13,1.A.8,2.A.1,3.E.1
GT20,GH15,3.A.1,2.A.102,1.B.14,2.A.28,3.A.1,3.A.1,GH63,CE2,GH9,CBM35|CBM35|GH26,Peripla_BP_3|LacI,Glucokinase,GH2,GH3,2.A.1,GH2,GH27,8.A.46,1.B.14
GT21,ACT,1.A.46,2.A.53
GH18|CBM6,CBM13|CBM6,GH64|CBM6,2.A.6,2.A.6,2.A.6
GT19,3.A.1,3.A.1
1.B.14,3.A.1,GT2,GT4,GH3,4.C.1
9.B.104,GH31,GH13_8,GH31
GH13,GH13,1.B.14
9.B.143,GH81|CBM6|CBM6|CBM6
8.A.21,GT83,cNMP_binding|CBS,LacI|Peripla_BP_1,GH43_5,GH43_29,LytTR|Response_reg,8.A.59,3.A.1,3.A.1,GH146,GH43_29,GH27|CBM51,GH51,2.A.21,GH43_5,GH43_26,8.A.46,1.B.14
2.A.6,GH13,GH97,GH13,8.A.46,1.B.14,2.A.118,HTH_18,CBM48|GH13_9,GT3,STAS,2.A.88
1.I.1,GH43_5|CBM13,GH30_1,GH3,2.A.1,GH16_3,GH16_3,8.A.46,1.B.14,GH5_46|CBM6
GT2,2.A.109,GT51,GT9
8.A.1,2.A.6,GT4,GT2
2.A.9,3.A.1,CbiA,CBM13
GH20,GerE|Response_reg,3.A.1
GT9,Fer4,1.B.6,9.B.186,GT9
9.B.171,GH13_36,2.A.85,STAS,1.A.46
3.A.5,GT4
GH13_5,1.B.14,TPR_2|TPR_1,9.A.41
3.A.9,GH23,9.A.25,1.B.14,GT4
2.A.3,2.A.4,GH1
2.A.6,9.B.174,2.A.7,1.A.8,GH13_14,GH1,1.B.6
GT2,GT2,1.B.9
1.B.14,GH30_3,GH30_3,GH5_46|CBM13,GH30_1,2.A.1
2.A.64,3.A.1,GH53|CBM61
1.B.14,GT35,GH65,GH13_38,2.A.2
GH25,2.A.1
9.B.146,HEM4,9.A.25,9.A.25,GT51,3.A.2,3.A.2,3.A.2,3.A.2
9.B.157,2.A.103,GH16_3|CBM6|CBM6
GH16_3,2.A.1
3.A.2,3.A.2,Aminotran_1_2,9.B.155,Aminotran_1_2,9.B.18,2.A.7,1.B.42,GT2
3.A.1,GT4,GH3,HATPase_c,9.B.104
GT2,Aminotran_1_2,PfkB,2.A.95,Aminotran_1_2,Pyr_redox_2,1.A.33
2.A.3,HATPase_c|TPR_1,CBM13,9.B.147
9.B.146,2.A.103,GT28,5.B.3,3.D.10,3.D.10,3.D.10
GH43_32,GH5_13,GH43_26,1.B.14,GH43_26,GH43_8,2.A.21,CBM13
GH113,3.A.1,2.A.16
GH1,Trans_reg_C|Response_reg,HisKA|HATPase_c,2.A.53,2.A.53
GT2,HTH_5,3.A.1,SpoIIE,GT4,CE4,GT21
GH13_10,8.A.46,1.B.14
GH13_5|CBM20,2.A.7
2.A.86,1.B.14,PfkB,GH13
1.A.35,GT2
3.D.1,GT30
3.A.1,CE11
1.A.1,GT2,3.A.1
