3.A.1,GT0
GT2,GT2,GT0,GT0,3.A.1,GT4
GT51,1.A.1,HhH-GPD,3.A.7
2.A.40,GT81,ACT,3.A.1,3.A.1,3.A.1
1.C.82,GH101|CBM51,3.A.1,3.A.1
3.D.10,3.D.10,ACT,GH33,GH33,Fer4,2.A.14,9.B.100
3.A.1,GH77,4.A.1,4.A.1,4.A.1,GntR,9.B.97
GT2,Aminotran_1_2,GT4,GT2,GT2,3.A.1,GT2
CBM32,9.A.40,9.A.40
9.B.146,3.A.2,3.A.2,3.A.2,CE9,CBM48|GH13_9,GH13_3,GH13_11
3.A.1,3.A.1,PfkB,GH123,3.A.1,3.A.1,SBP_bac_1,MarR,GH2,2.A.6,2.A.114
GH3,2.A.109,3.A.3,2.A.28,4.C.1
GH112,3.D.4,3.D.4,3.A.1,3.A.1,HATPase_c|GAF,Arg_repressor,GntR,3.A.1,3.A.1,3.A.1,3.A.1
3.A.1,3.A.1,3.A.1,8.A.21,3.A.1,GT5,3.A.1,4.C.1,Aminotran_1_2,1.B.42,HTH_11,NUDIX,1.B.50,1.C.109
GT28,2.A.103,9.B.146
3.A.1,3.A.1,3.A.1,GH20
GH136|CBM32,2.A.55
3.A.1,GH23
3.A.1,SBP_bac_1,HTH_IclR,5.A.3,5.A.3,5.A.3,2.A.1,3.A.25,GH43_30,PALP,3.A.1,Rhodanese|Pyr_redox_2,GH84
CBM61|GH16_14,GH20|CBM32,Pribosyltran,3.A.1,3.A.1,3.A.1,3.A.1,3.A.1,3.A.1,3.A.1,Trans_reg_C|Response_reg,HATPase_c|HisKA,3.A.3,3.A.3,3.A.3,3.A.9
GH29,GH31,LacI|Peripla_BP_1,3.A.1,3.A.1,SBP_bac_1,9.A.8,FeoA,3.A.1,2.A.108,2.A.108,2.A.64,3.A.1,3.A.1
GT35,GH42,2.A.98
3.A.7,3.A.1,3.A.1,3.A.1,3.A.1,2.A.28,2.A.15,3.A.1,2.A.72,Pribosyltran,3.A.1,3.A.1,3.A.1,CE4,2.A.1
4.C.1,3.A.7,GT51
