3.A.7,MarR,2.A.72,GH65
8.A.3,9.B.18,HTH_3|HTH_7,9.B.18,GT4,GT4
3.A.7,GGDEF,2.A.1,3.A.1,CBM48|GH13_9,GT5,GH13_39,GH65
3.A.1,TetR_N,3.A.1,TetR_N,1.A.8,Peripla_BP_3|LacI,Peripla_BP_3|LacI,GH13_31,3.A.1,3.A.1,3.A.1,GH13,3.A.1,GH65,4.A.1,GH32,Peripla_BP_3|LacI|Peripla_BP_1,2.A.35,GH13_31,TPR_1|HTH_3,3.A.1,3.A.1,8.A.5,1.A.43,3.A.1,3.A.1,3.A.1
GH13_29,4.A.1,Rrf2,TetR_N,2.A.55,2.A.1,MerR,HATPase_c|HisKA,Trans_reg_C|Response_reg,HTH_6|SIS,4.A.3
4.A.3,4.A.3,GH1,HTH_6|SIS,2.A.6
GH25,TetR_N,9.B.14,LytTR|Response_reg,9.B.10,2.A.1
GH1,4.A.3,4.A.3
3.A.1,GT4,GT4,HTH_1|LysR_substrate,2.A.98,2.A.1,2.A.1,2.A.69,2.A.37,2.A.88,3.A.1,2.A.23,MerR|GyrI-like,9.B.120,GH25,3.A.1,HTH_1,8.A.5,MarR,2.A.3
2.A.7,GT2,GntR,4.A.3,4.A.3,GH1,GH1,PALP,3.A.1,3.A.1,TetR_N,HTH_11,2.A.1
GT2,EAL,2.A.40,2.A.40
2.A.7,3.A.1,GT4,3.A.1
GH25,CE4,3.A.1,3.A.1
4.A.6,4.A.6,4.A.6,4.A.6,GH13_31
9.B.146,GT28,9.A.4
2.A.38,2.A.38,TPR_2,3.A.7,Pribosyltran,GH73|CBM50
3.A.1,3.A.1,8.A.3,9.B.18,GT4,4.A.2
2.A.103,3.A.1,GT2
3.A.1,GH25,GT2
GT51,3.A.1,SBP_bac_1,3.A.1,3.A.1,3.A.1
GH65,2.A.2,2.A.3,1.A.1
9.A.24,AA10
GT51,Arg_repressor,Aminotran_1_2,GntR|Aminotran_1_2,9.B.10,3.A.1,2.A.66,2.A.47
GT4,GT4,2.A.1,GT4,2.A.3,2.A.55
GT4,GT4,8.A.7,PTS-HPr,3.A.9,MarR,3.A.1,3.A.1,3.A.1,3.A.1,3.A.1
9.B.18,2.A.66,GT111
GT2,GT2,HTH_3|HTH_7,1.A.8,9.B.126,GT0
4.A.3,3.A.18,CSD,GH25,HTH_6|SIS,4.A.3,3.A.3
2.A.115,Pribosyltran,GH73,3.A.1,3.A.1,3.D.4,3.D.4,2.A.87,2.A.3,2.A.69,HTH_1|LysR_substrate,3.D.10
9.B.27,GH1,4.A.1,NUDIX,2.A.37,2.A.7,NUDIX,TetR_N,2.A.102,MarR,2.A.3,4.A.1,4.A.1,3.A.1,3.A.1,3.A.1,3.A.1
4.A.6,4.A.6,3.A.23,4.A.6,4.A.6,4.A.6,GH25,1.E.29
3.A.3,GT26,GntR,CE9,2.A.45,2.A.17,3.A.16
2.A.41,HTH_1|LysR_substrate,Aminotran_1_2,3.A.1,3.A.1,3.A.1,3.A.1,PadR,4.A.1,GH13_31,Peripla_BP_3|LacI,3.A.1,3.A.1,GH38,4.A.2,4.A.2,4.A.2,HTH_11,MerR,4.A.1
1.A.8,2.A.26,GH78,GH78
GH2,GH36,2.A.2,Peripla_BP_3|LacI,8.A.5,3.A.1,Peripla_BP_3|LacI,3.A.1,3.A.1,GH65,Pyr_redox_2,2.A.1,HTH_1|LysR_substrate,2.A.1,GntR,4.A.3,SIS,HTH_18|Response_reg,8.A.59
4.A.2,4.A.2,4.A.2,Mga|HTH_11,4.A.5,4.A.5,4.A.5,HTH_DeoR|DeoRC,CE4,GT2
2.A.55,3.A.7,2.A.26,2.A.2,GH2
