2.A.114,LytTR|Response_reg,9.B.33,3.A.1,HTH_18|AraC_binding,SBP_bac_5,3.A.1,3.A.1,3.A.1,3.A.1,2.A.3,GH3
2.A.1,GH127,3.A.1,3.A.1,3.A.1,Response_reg|HTH_18,8.A.59,Nitroreductase,TetR_N,2.A.1,MerR,3.A.1,3.A.1,9.B.33
GT4,3.A.1,3.A.1,3.A.1
GH43_26,8.A.59,Response_reg|HTH_18,3.A.1,3.A.1,3.A.1
3.A.1,3.A.1,TetR_N,PL33_1
CBM32|GH20|CBM32,Response_reg|HTH_18,8.A.59,3.A.1,3.A.1,3.A.1,8.A.5,MarR,GH43_32|CBM66|CBM6|CBM6|CBM6|CBM6|CBM66
GH95,Response_reg|HTH_18,HATPase_c,3.A.1,3.A.1,3.A.1,GH43_35,GH146
8.A.5,9.A.25,GH11,HxlR,Nitroreductase,MerR,Peripla_BP_3|LacI,3.A.1,3.A.1,SBP_bac_1,GT1,GH105,Response_reg|HTH_18,8.A.59,SBP_bac_1,3.A.1,3.A.1,2.A.37
9.B.169,GH42,HTH_18|AraC_binding,9.B.159
1.A.1,TetR_N,GT28,Rhodanese,3.A.1
3.A.9,AraC_binding,3.A.1,3.A.1,2.A.51,2.A.51,GH38,SBP_bac_1,3.A.1,3.A.1,Peripla_BP_3|GntR,GH35,3.A.1,3.A.1,3.A.1
CE4,3.A.1,3.A.1,3.A.1,CBM34|GH13_20,GT5,GH13_9,HATPase_c|HisKA,Response_reg|Trans_reg_C,3.A.1,2.A.1,HTH_5,3.A.7,3.A.1,3.A.1,MerR,Pyr_redox_2,3.A.1,3.A.1
3.A.24,GT51
GH2,GH130,GT108,GH13_23,3.A.1,3.A.1,Peripla_BP_3|LacI,HTH_18|AraC_binding,8.A.5,3.A.1,3.A.1,3.A.1,3.A.1,3.A.1,LysR_substrate|HTH_1,GH2,3.A.1,3.A.1,3.A.1,HTH_5,SBP_bac_1,3.A.1,3.A.1
GT4,CE14,TPR_2|TPR_1,2.A.115,3.D.3,3.D.3,3.D.3
5.A.1,3.A.1,3.A.1,3.A.1,FUR,3.A.1,3.A.1,3.A.1,GH3,Response_reg|HTH_18,8.A.59,3.A.1,3.A.1,SBP_bac_1,1.A.1
1.A.1,Response_reg,GT2
2.A.103,2.A.19,PTS-HPr,9.B.34,GT51,4.C.1
GT28,2.A.103,9.B.146
2.A.109,2.A.109,GH23,2.A.7
9.A.11,9.A.11,LytTR,PL9_2,PfkB,GH4,3.A.1,3.A.1,SBP_bac_1,Peripla_BP_3|LacI,Sigma70_r2|Sigma70_r4,NIR_SIR,3.A.3
3.A.1,3.A.1,3.A.1,Peripla_BP_3|LacI,Response_reg|HTH_18,8.A.59,Peripla_BP_1,SBP_bac_1,SBP_bac_1,3.A.1,3.A.1,Rhodanese,GT28,3.A.1,GH13_14|CBM41
8.A.5,PfkB,CE4,2.A.86,1.B.52,2.A.1
GH94,GH3,3.A.1,3.A.1,2.A.1
2.A.108,2.A.108,2.A.108,SIS|HTH_6,CE9
GT2,4.D.1
2.A.1,AsnC_trans_reg,2.A.36,GntR,HxlR,GH2
3.A.1,3.A.1,HTH_18,GntR,1.B.52,GH3,Fer4,GntR,GT2
3.D.4,3.D.4,9.B.97,BTAD|Response_reg|Trans_reg_C,SIS|HTH_6,9.A.40,3.A.1,HTH_11,2.A.8,GntR,3.A.1,3.A.1,3.A.1,3.A.1,3.A.1,2.A.7,SBP_bac_3,3.A.1,3.A.1,3.A.1,PadR,3.A.1,3.A.1,PadR,9.B.34,CBM67|GH78
2.A.1,2.A.1,MarR,GH43_26,3.A.1,3.A.1,SBP_bac_1,GH51
GH2,MarR,9.A.25,HxlR,GH18,CBM9,GH38,GH5,GH125,GH29,GH29,HTH_18|dCache_1,3.A.1,3.A.1,3.A.1,9.B.124
GH151,3.A.1,2.A.1,MarR,PTS-HPr,2.A.109,2.A.80,2.A.80
3.A.1,3.A.1,3.A.1,9.B.33,Response_reg|HTH_18,GH109,GH2,3.A.1,3.A.1,SBP_bac_1,Response_reg|HTH_18,HATPase_c|dCache_1,GH63
GH36,3.A.1,8.A.59,Response_reg|HTH_18,3.A.1,3.A.1,GH110,3.A.1,3.A.1,3.A.1,HTH_18|dCache_1,GH95,HTH_18|AraC_binding,CBM35,GH36|CBM35
PL15_1,HATPase_c|dCache_1,Response_reg|HTH_18,3.A.1,3.A.1,3.A.1
9.B.2,2.A.1,PadR,9.B.33,Response_reg|HTH_18,3.A.1,3.A.1,3.A.1,Rrf2,1.I.1,3.A.1,3.A.1,SBP_bac_1,GH76|CBM6|CBM6|CBM6,2.A.1,Response_reg,9.B.33,GH43_26|CBM35|CBM13,GH43_26|CBM35,GH2,HTH_5,GH43_26,HTH_18|AraC_binding,2.A.66,TetR_N,SIS,GT4
GH29,SBP_bac_1,SBP_bac_1,3.A.1,3.A.1
3.A.7,Response_reg|Trans_reg_C,HATPase_c|HisKA,9.B.142,GT2,2.A.7,2.A.40,AAA,CE4,2.A.1,MarR,SBP_bac_1,3.A.1,3.A.1
GH42,GH53,3.A.1,3.A.1
GH13_31,2.A.45,3.D.1,2.A.5,MarR,2.A.86,9.A.40,2.A.1,TetR_N,GH3,3.A.1,3.A.1,3.A.1,HTH_3,9.A.11,9.B.20,HTH_DeoR|DeoRC,3.A.1,3.A.1,3.A.1
GH29,HTH_18|AraC_binding,Peripla_BP_3|GntR,GH43_2,HATPase_c|dCache_1,Response_reg|HTH_18,SBP_bac_1,SBP_bac_1,3.A.1,3.A.1,3.A.1,3.A.1,SBP_bac_1,3.A.1,CBM9,GH38,3.A.1,3.A.1,SBP_bac_1,Peripla_BP_3|GntR,GH43_12
GH31,3.A.1,3.A.1,3.A.1,8.A.59,Response_reg|HTH_18,3.A.1,3.A.1,3.A.1,2.A.102,2.A.21,GntR,3.A.1,3.A.1,8.A.59,GH73,2.A.53
1.A.28,3.A.1,HATPase_c|HisKA,Response_reg|Trans_reg_C,GH43_4,GH88,PL33_2,Response_reg|HTH_18,8.A.59,SBP_bac_1,3.A.1,3.A.1,9.B.20,3.A.1,3.A.1,3.A.1,1.A.16
3.A.1,GntR,3.A.1,GH30_3,3.A.1,3.A.1,Peripla_BP_3|LacI,GH76,3.A.1,3.A.1,3.A.1,3.A.1,SBP_bac_1,SBP_bac_1,SBP_bac_1,8.A.59,Response_reg|HTH_18,GH125,Peripla_BP_3|GntR,3.A.1,HATPase_c|HisKA,Response_reg|Trans_reg_C,CBM34|GH13_20,3.A.1
3.A.1,3.A.1,3.A.1,GH13_36,Peripla_BP_3|LacI,GH65
3.A.1,3.A.1,3.A.1,Pyr_redox_2,CSD,3.A.1,3.A.1,3.A.1,3.A.1,GH38,Peripla_BP_3|GntR,9.B.102,2.A.1
2.A.66,SBP_bac_1,3.A.1,3.A.1,HTH_18,CE9
2.A.11,GH127,3.A.1,3.A.1,SBP_bac_1,8.A.59
2.A.66,HTH_11,3.A.1,3.A.1,3.A.1,3.A.1,GH4,2.A.1,3.A.1,3.A.1,3.A.1,Response_reg|HTH_18,HATPase_c|dCache_1,Peripla_BP_3|LacI,GH74|GH74,Response_reg|Trans_reg_C,HATPase_c,3.A.1,3.A.1,3.A.4,9.B.159,HATPase_c|HisKA,Response_reg|Trans_reg_C,3.A.1,3.A.1,3.A.1,GH8,HTH_18|AraC_binding,2.A.1,GH87,9.B.97,GH4,HTH_18|AraC_binding,HTH_5,GH29,3.A.1,3.A.1,3.A.1
CE7,3.A.1,3.A.1
2.A.4,GH36,HTH_18|AraC_binding,8.A.43,Response_reg|Trans_reg_C,9.B.33
3.A.1,3.A.1,9.B.33,Response_reg|HTH_18,SBP_bac_1,GT51,3.A.7,3.A.7,1.A.30,1.A.30,2.A.21
1.A.23,3.A.7,9.B.33,Response_reg|HTH_18,SBP_bac_1,3.A.1,3.A.1,GH3,GH38,GH125,GH5,GH38,3.A.1,3.A.1,3.A.1,3.A.1,3.A.1
2.A.6,3.D.2,3.A.1,3.A.1,2.A.64,2.A.64,3.A.1,3.A.1,3.A.1,3.A.1,3.A.1,3.A.1,Trans_reg_C,2.A.1,9.B.107,GT4,3.A.1,3.A.1,3.A.1,3.D.4,3.D.4,3.A.1,3.A.1,TetR_N,2.A.1,2.A.3,2.A.1,3.A.1,3.A.1,Peripla_BP_3|LacI,GH113,1.B.52,2.A.122,1.E.14,LysR_substrate|HTH_1,MarR,3.A.1,3.A.1,HhH-GPD,TetR_N,2.A.6,8.A.5,GH39,GH3,2.A.2,MerR,1.B.52,9.A.11
2.A.3,2.A.103,2.A.103,2.A.107,Aminotran_1_2,Pribosyltran,GT0,1.A.77,3.A.2,3.A.2,3.A.2,3.A.2,3.A.2,3.A.2,EPSP_synthase,Peptidase_M23,HTH_11,1.A.33
GT26,9.B.146
SLH|SLH|CBM54,CSD,3.A.5,2.A.115
GT51,CtsR,3.A.9
3.A.1,CE4
9.B.20,FUR,GH18
CBM50,HTH_3,1.E.19,GH73
3.A.1,3.A.1,3.A.1,3.A.1,HTH_18|AraC_binding,GH4
GT28,GT2,3.A.1,3.A.1,3.A.1,3.A.1,ACT,8.A.5
GH95,GH42,Response_reg|GerE,HATPase_c,3.A.1,9.B.34,1.E.40,2.A.1
3.A.1,3.A.1,SBP_bac_1,Response_reg|HTH_18,8.A.59,Response_reg|HTH_18,8.A.59,Response_reg|HTH_18,3.A.1,3.A.1,3.A.1,GH10,GH30_8,MarR,3.A.1,CBS,2.A.1,Crp,3.A.1,3.A.1,3.A.1,3.A.1,3.A.1,9.B.158
1.B.52,3.A.1,2.A.107,GH23
2.A.1,GH43_1
8.A.3,8.A.3,9.B.18,GT4,2.A.66
8.A.5,Sigma70_r2|Sigma70_r4_2,TetR_N,2.A.1,CE12,Peripla_BP_3|LacI,HTH_18,3.A.1,3.A.1,SBP_bac_1,GH105,GH28,CE8,GH43_11,9.A.11,HTH_11,TetR_N,2.A.1
3.A.1,Peripla_BP_1|LacI,3.A.1,3.A.1,3.A.1,GH65,HTH_18,2.A.1,TetR_C|TetR_N,2.A.66,3.A.1,3.A.1,3.A.1,LysR_substrate|HTH_1,3.A.1,3.A.1,3.A.1,2.A.1,MerR,3.A.9,HTH_3,CE4,1.E.19
GT4,2.A.120
3.A.1,3.A.1,SBP_bac_1,GH42,GH39|CBM9
3.A.1,3.A.1,GH4
3.A.1,3.A.1,SBP_bac_1,HTH_18|AraC_binding,GH27,3.A.1,3.A.1,HTH_18,3.A.1,3.A.1,3.A.1,Response_reg|HTH_18,8.A.59,Response_reg|HTH_18,CE1,SBP_bac_1,HTH_18|AraC_binding,3.A.1,8.A.59,Response_reg|HTH_18,GH43_16|CBM6,3.A.1,3.A.1,3.A.1,CBM22|GH10|CBM9|CBM9,Response_reg|HTH_18,SBP_bac_1,SBP_bac_1,3.A.1,3.A.1,3.A.1,3.A.1,HTH_18,GH43_27,GH43_10,GH10,HTH_18|AraC_binding,GH29
2.A.1,PL1_2,HTH_18|AraC_binding,TetR_C|TetR_N,2.A.1
GH13_31,Response_reg|HTH_18,8.A.59,3.A.1,3.A.1,SBP_bac_1,GH0,HTH_18|AraC_binding,HTH_18|AraC_binding,CBM67|GH78,2.A.1
9.B.33,Response_reg|HTH_18,SBP_bac_1,3.A.1,3.A.1,GH130,GH28|CBM6
3.A.7,AA1_3,HMA,Response_reg|Trans_reg_C,HATPase_c|HisKA,2.A.1,3.A.3,HMA,9.B.34,2.A.86,HTH_5,HTH_18|AraC_binding,GH31,HTH_18|AraC_binding,GH105,GntR|Aminotran_1_2,CBM67|GH78
3.A.1,3.A.1,MarR,Pyr_redox_2,CBM32
GH2,GH106,9.A.11
3.A.1,3.A.1,3.A.1,GH29|CBM32,HTH_18|AraC_binding,3.A.1,3.A.1,3.A.1,GH4,3.A.1,8.A.59,Response_reg|HTH_18,3.A.1,3.A.1,3.A.1
GH51,Peripla_BP_3|LacI,3.A.1,3.A.1,3.A.1,GH30_5,GH35,2.A.22,2.A.51,2.A.51,GH27|SLH|SLH,TetR_N,2.A.1,Peripla_BP_3|LacI,3.A.1,3.A.1,3.A.1,GH32,CBM66|CBM66|GH32|CBM66|CBM13,MarR,Glyoxalase,GH29,MerR,Sigma70_r2|Sigma70_r4_2,3.A.1
3.A.1,3.A.1,3.A.1,Aminotran_1_2,GH154,2.A.4,HTH_3,8.A.3,8.A.3,PL12_3
GT4,GT4,3.A.1,9.A.11,9.A.11,2.A.86,2.A.85
GH31,2.A.1
9.B.10,2.A.67,3.A.1,3.A.1,3.A.1,SBP_bac_1,Response_reg|HTH_18,8.A.59,3.A.1,3.A.1,3.A.1,3.A.1,3.A.1,HTH_18|dCache_1,PL26,3.A.1
3.A.1,3.A.1,CHASE3|HATPase_c|HisKA|Response_reg,Peripla_BP_3|LacI,9.B.74,HD,CE4,HATPase_c,Response_reg|GerE,9.A.11,4.A.1,4.A.1,2.A.38
GH18,HTH_5,3.A.1,3.A.1,3.A.1,9.B.10,3.A.1,Response_reg|Trans_reg_C,HATPase_c|HisKA,3.A.1,1.B.52,9.B.107,TetR_N,2.A.40
8.A.5,9.B.97,GH130,SBP_bac_1,3.A.1,3.A.1,8.A.59,Response_reg|HTH_18,GH3,9.A.11,Nitroreductase,MarR,2.A.1
GH3,2.A.7,LysR_substrate|HTH_1,3.A.1,Response_reg|Trans_reg_C,HATPase_c,3.A.1,3.A.1,Rhodanese,HTH_5,GH88,GH29,3.A.1,3.A.1,3.A.1,HTH_18|dCache_1,3.A.3,HTH_5,8.A.5,HTH_18|AraC_binding,Peripla_BP_3|GntR,3.A.1,3.A.1,SBP_bac_1,2.A.37,2.A.37,Peripla_BP_3|LacI,PfkB,3.A.1,3.A.1,3.A.1,CE7,TetR_N,HTH_11,2.A.1,MerR|GyrI-like,9.B.33,Response_reg|HTH_18,3.A.1,3.A.1,3.A.1,GH35,GH136,3.A.1,3.A.1,SBP_bac_1,TetR_N,2.A.1
2.A.66,Pyr_redox_2,GH39,2.A.1,GH3,GH3
GH43_34,2.A.1,HxlR,HTH_18,Glyoxalase,LacI,SBP_bac_1,3.A.1,3.A.1,GH31,2.A.1
GT26,1.A.1,2.A.21
2.A.7,GntR|Aminotran_1_2,CE4|CE4,GT2,GH18
3.A.1,3.A.1,HTH_18,2.A.1,LysR_substrate|HTH_1,HTH_5,GH127,HTH_18|AraC_binding,AAA,2.A.1,Aminotran_1_2,MarR,SBP_bac_3,3.A.1,3.A.1,TetR_N,2.A.7,cNMP_binding,2.A.7
3.A.1,3.A.1,3.A.1,GH88,HTH_18|dCache_1,3.A.1,2.A.1
4.A.2,HTH_11,4.A.2,8.A.7,8.A.8,3.A.1,3.A.1,3.A.1,SBP_bac_1,GntR,GH67,GH2
9.B.34,HTH_18|AraC_binding,GH145,HATPase_c|dCache_1,Response_reg|HTH_18,SBP_bac_1,3.A.1,3.A.1,Pyr_redox,MerR,CBM32,AraC_binding,GH95,3.A.1,3.A.1,3.A.1,Response_reg|HTH_18,8.A.59,3.A.1,GH95,GH117,GH88,GH29,2.A.3,9.A.11
1.A.11,HTH_18|AraC_binding,8.A.5,HTH_18|dCache_1,3.A.1,3.A.1,3.A.1,GH95,HTH_18|AraC_binding,8.A.59,Response_reg|HTH_18,3.A.1,3.A.1,SBP_bac_1,GH0,GH43_17,1.B.52,HTH_18,3.A.1,3.A.1,3.A.1,Pyr_redox_2,Fer4,SBP_bac_3,Pyr_redox_2,Fer4,3.A.2,GT0
GH28|CBM66|CBM66,9.B.33,Response_reg|HTH_18,SBP_bac_1,3.A.1,3.A.1,GH130,CE6
GH16_3|CBM13|CBM13,NTP_transf_2,9.B.143,HTH_18|AraC_binding,HTH_18,3.A.1,3.A.1,SBP_bac_1,GH141,GH2,GH88
GH43_12,HTH_18|AraC_binding,3.A.1,GH3|CBM6
3.A.1,3.A.1,3.A.1,GH51,GH2,GH43_32|CBM6|CBM66,Fer4,2.A.1,TetR_N,9.B.174,3.A.1,3.A.1,Peripla_BP_2,2.A.21
AA10,TetR_N,2.A.1,HTH_11,2.A.1,NIR_SIR|Pyr_redox_2,3.D.1,MerR,2.A.7,Peripla_BP_3|LacI,3.A.1,3.A.1,3.A.1
