2.A.66,HD,GT51,2.A.3,GH25
3.A.1,GH15,2.A.1
2.A.7,NUDIX,HTH_5,2.A.4,2.A.78,2.A.78,GT2,Aminotran_1_2,8.A.5
2.A.15,GH33,GH33,3.A.1,3.A.1,3.A.1,3.A.1,SBP_bac_5,2.A.40
9.B.106,9.B.106,2.A.103,FHA,FHA,GT4
9.B.97,GT2,9.B.97
GH20,GT51,Whib,1.A.1
GH2,3.A.1,3.A.1
GH3,Peripla_BP_3|LacI,SBP_bac_1,3.A.1,3.A.1,GH31
9.B.146,2.A.103,GT28
2.A.1,3.A.1,3.A.1,Peripla_BP_2,9.B.62,GH4
3.A.1,GT4,GT2,GT2,Pyr_redox,GT2,3.A.1,3.A.1
3.A.2,3.A.2,3.A.2,3.A.2,CE9,CBM48|GH13_9,GH13_3,GH13_11
3.A.1,GT5
3.A.1,GT39,LysR_substrate,3.A.1,3.A.1
3.A.1,3.A.1,3.A.1,GH13_21,GH13_30,HTH_IclR|IclR,2.A.15,GT4,GT4,MerR,1.A.33,3.A.1,3.A.1,3.A.1,Aminotran_1_2,3.A.1,2.A.98,3.A.1,3.A.1,SBP_bac_1,3.A.1,3.A.1,GH3
3.A.1,3.A.1,GT35,3.A.1,GntR,3.A.1
1.C.113,CE14,2.A.86,3.A.1
9.B.106,HMA,3.A.3,Pyr_redox_2,Aminotran_1_2,GH36,2.A.20
2.A.22,3.A.1,3.A.1,3.A.1,3.A.1,Fe_dep_repress|FeoA|Fe_dep_repr_C,GH20,NUDIX,3.A.1,3.A.1,3.A.1,SBP_bac_1,3.A.1,SBP_bac_1,GH38,GH5_18,Peripla_BP_3|Peripla_BP_1|LacI,GH125,SBP_bac_1,3.A.1,3.A.1,4.A.5,4.A.5,4.A.4
3.A.1,GH32
GH13_31,3.A.1,3.A.1,3.A.1,2.A.21
