3.A.2,3.A.2,3.A.2,GH3,3.D.1,3.D.1,3.D.1,3.D.1,3.D.1,3.D.1
3.B.1,GH23,SBP_bac_3,1.B.14,3.A.1,3.A.1
9.B.15,GH23
3.A.23,HisKA|HATPase_c|CHASE2,GT51
5.A.1,1.B.71,9.B.105,GH23
9.B.146,Pyr_redox,2.A.103,GT28,1.B.52,1.B.52
2.C.1,GT83
GT51,2.A.21,2.A.1
GH23,3.A.1,3.A.1
GH113,GT2,SBP_bac_3,1.B.14
CE11,3.D.2
CBM50,3.A.11
GH23,2.A.103
2.A.63,2.A.63,GH13_31
GT2,2.A.37
3.A.23,2.A.47,HTH_3,3.A.1,3.A.1,3.A.1,3.A.1,3.A.1,1.B.52,Aminotran_1_2,GT4,9.A.8,FeoA,2.A.25,1.E.43
GT2,9.B.157
9.B.18,9.B.18,9.B.67,GT17,2.A.50
3.A.23,2.A.21,3.A.15,3.A.15,HisKA|HATPase_c|CHASE2,3.A.23,GT9,GT9,cNMP_binding,GT19,1.B.33,3.A.1,3.A.1
4.C.1,2.A.102,9.B.102,9.B.102,Rhodanese,Crp|cNMP_binding,1.A.33,3.A.9,9.B.1,GH23,1.C.72,1.E.43
GH13_13,3.A.1,3.A.1,3.A.1,GH13_32,3.A.1
8.A.7,2.A.6,3.A.1,HTH_1|LysR_substrate,GH23,GH23
GT4,3.A.1,8.A.1
2.A.1,GT9
2.A.21,GT9,GT9
GT51,1.B.44,3.D.4,3.D.4,3.D.4
3.A.1,Rrf2,1.A.30,1.A.30,2.C.1,3.D.1,9.B.174,Peptidase_M23,3.A.1,1.A.22,GT51,3.A.1,1.A.23,3.A.23
GH3,1.A.30,1.A.30,GT51,3.A.1
