9.B.18,GT2
GT23,GT2,GT2,3.A.1
2.A.4,2.A.4,HTH_5,2.A.4,HTH_3,GH23,3.A.7,GH23,3.A.7,3.A.7
3.A.23,Pyr_redox_2,GT4,3.A.1,3.A.1,GT2
3.A.1,3.A.1,3.A.1,GT51,1.A.11,Aminotran_1_2,Rhodanese,GH23
9.B.10,GH103,9.B.125
2.A.56,2.A.56,AA3_2,2.A.98,9.B.99
2.A.66,CBM50,3.A.18,3.A.1,4.C.1,3.A.1,3.A.1,3.A.1,3.A.1
3.A.7,CbiA,1.B.6,3.A.7,GH23,HATPase_c|PAS,3.A.11,3.D.4,3.D.4
3.D.2,3.D.2,5.A.3,5.A.3,GH42,GH4,3.A.1,3.A.1,SBP_bac_1,HTH_IclR|IclR,3.A.1,HTH_5,2.A.1,3.A.3,MerR,2.A.27,2.A.6,1.A.1
3.A.1,HTH_11,2.A.64,AAA,2.A.95,3.A.1,SBP_bac_1,3.A.1,3.A.1,GH63,3.A.1
3.A.1,3.A.1,3.A.1,3.A.1,3.A.1,3.A.1,AA3
2.A.7,TetR_N,3.A.1,3.A.1,3.A.1,GH23
2.A.89,2.A.115,2.A.7,ATPase_2,2.A.21,CBS,3.A.1,GH13_23,3.A.1,3.A.1,3.A.1,Peripla_BP_3|LacI,GH1,Glucokinase,3.A.1,3.A.1,3.A.1,3.A.1,Rrf2,ANTAR|Response_reg,3.A.1,3.A.1,3.A.1,3.A.1
1.E.54,GH108
GT81,2.A.59,GH13_18,2.A.98,2.A.56,2.A.56,2.A.56
9.B.14,3.A.1,3.A.1,2.A.6,2.A.6,3.A.5,GH103
GT2,2.A.50
3.A.1,GT4,GT4,GT1,3.A.1,3.A.1,3.A.1
9.A.41,1.B.18,GT107|GT107
3.A.1,3.A.1,3.D.4,GT2
8.A.7,2.A.38,Aminotran_1_2,2.A.49,1.B.33,CE11
GT28,2.A.103
2.A.80,GH25,3.A.25,3.A.23
3.D.10,GT45,3.D.10
1.A.23,4.C.1,2.A.56,2.A.56,2.A.56,GntR,GH38,3.A.1,3.A.1,3.A.1,3.A.1
9.B.186,GntR,3.A.2,3.A.2,3.A.2,3.A.2,1.A.77,PL0,2.A.6
3.A.1,3.A.1,3.A.1,2.A.40,CE4,9.B.35,LysR_substrate|HTH_1,9.B.43
2.A.53,2.A.83,GT4,3.A.6
1.B.12,Sigma70_r2|Sigma70_r4_2,GT8
GT4,GT2,1.B.42,SIS|CBS,3.D.1
3.D.4,3.D.4,9.B.20,GH13_23,2.A.6,2.A.21,1.A.23,2.A.21,2.A.86,9.B.160,2.A.38,2.A.38,9.B.12,1.A.16
GH23,3.A.7,GH23,3.A.7,3.A.7
