GH50,GntR,1.B.52
3.A.1,3.A.1,SBP_bac_1,3.A.1,GntR,2.A.1,GH2,GH117|GH117,GH50,GH50,GH50,2.A.21,GH36,LacI|Peripla_BP_3,GH38,4.A.2
GH18,9.B.34,2.A.6,2.A.6
2.A.40,CE4,GntR,2.A.39,SBP_bac_3,3.A.1,3.A.1,3.A.1,HTH_6|SIS,2.A.28,3.A.9,9.B.43,9.B.35,9.B.35,3.A.1,3.A.1,3.A.1,TetR_N,9.B.34,9.B.34,3.D.2,3.D.2
GH3,HTH_18,3.A.1,3.A.1,3.A.1,3.A.1,HTH_11|HTH_18|AraC_binding,3.A.1,HTH_1|LysR_substrate,GerE|Response_reg,dCache_2|HATPase_c,2.A.56,2.A.56,2.A.1
1.B.52,MarR|AsnC_trans_reg,2.A.1,1.B.52,2.A.13,Response_reg|LytTR,9.B.33,8.A.5,HTH_3,GH13_19,CBM5,1.B.39
3.A.1,3.A.1,EAL,GT51,Aminotran_1_2|GntR,2.A.102
9.B.34,3.A.23,2.A.41,GH13_27
3.A.23,GH38,4.A.2,GntR,HisKA|PAS|HATPase_c,AA10,1.B.52,9.B.34,2.A.1,HTH_1|LysR_substrate,LacI|Peripla_BP_3,PfkB,3.A.1,3.A.1,3.A.1,3.A.23,3.A.23,3.A.23,3.A.23,3.A.23,3.A.23,3.A.23,3.A.23,3.A.23,3.A.23,3.A.23,3.A.23,3.A.23,3.A.23,3.A.23,MarR|AsnC_trans_reg,MarR,2.A.4,TetR_N,2.A.53
2.A.61,1.C.14,CE16,3.A.1,3.A.1,3.A.1,3.A.1,1.B.14,HTH_3,1.B.52
3.A.1,2.A.7,2.A.1,HTH_1|LysR_substrate,9.B.34,CBM50,2.A.53,9.A.5,9.B.34,3.A.1,3.A.1,3.A.1,SBP_bac_1,MCPsignal,1.I.1,CBM50
2.A.27,2.A.23,1.B.3,GH13_11,3.A.1,3.D.1,IclR|HTH_IclR,1.B.52,3.A.1,GntR,GH18,8.A.59,2.A.47
3.A.23,CBM48|GH13_9,GH77,GT35,GerE,3.D.4,3.D.4,3.D.4,3.D.4,1.B.52
1.B.14,LexA_DNA_bind|HTH_18,PAS,1.B.52,GT83,GT2
GT83,8.A.21,8.A.21
1.A.46,3.D.1,3.D.4,PfkB,GH31,2.A.56,2.A.56,2.A.56,GntR,2.A.1,Nitroreductase,HTH_1|LysR_substrate,1.B.52,2.A.15
1.A.16,2.A.1,8.A.1,2.A.6,9.B.18,1.B.18,8.A.3,GT2,GT4,GT4,Fer4,1.A.8
1.C.113,2.A.38,2.A.38,CBM50,3.A.11
GT4,GT4,GT2,GT9,GT30,GT9,GT4,1.B.14,1.B.18,8.A.3,GT0,GT4,PL12_3,GT4
9.B.146,GT4,9.B.18,GT4,GT4,9.B.18,1.A.23,9.A.40
1.B.52,2.A.47,Fer4,CBM50
1.B.42,1.B.52,GH23
3.B.1,3.B.1,9.B.27,GH23,9.A.40,9.B.14,3.A.5,9.B.160,3.E.2,3.D.3,1.A.12
9.B.146,2.A.103,GT28,CE11,3.A.5,NUDIX,2.A.102,HTH_1|LysR_substrate,Glyoxalase,1.A.62,3.A.1
4.C.1,HTH_18,3.A.7,9.A.47,CbiA,3.A.7,TPR_1,8.A.59,GT81,1.A.35,9.B.8
3.A.7,GH102,3.A.16,1.B.10,Sigma70_r2|Sigma70_r4,2.A.1
3.A.7,3.A.7,GH19,2.A.96,2.A.28,2.A.1,HTH_1|LysR_substrate,2.A.25
2.A.68,HTH_1|LysR_substrate,GH23
9.B.34,TPR_1,3.A.1,3.A.1,3.A.1,LacI|Peripla_BP_3,4.A.1,GH13_29,2.A.6,2.A.6,2.A.115
2.A.17,2.A.37,MarR,CE9,4.A.1
GH103,HTH_1|LysR_substrate,2.A.41,3.A.1,3.A.1,3.A.1,2.A.1
3.A.1,GH129
CBM50,3.A.1,3.A.1
CBM41|GH13_13|GH13_37,zf-GRF,9.B.34,9.B.72
GH73,3.A.1,3.A.1,3.A.1,3.A.1,3.A.1,1.A.11,5.A.3,5.A.3
2.A.80,3.A.1,3.A.1,3.A.1,GH2
2.A.15,CSD,9.B.34,2.A.42,3.A.1,3.A.1,3.A.1,3.A.1,3.A.1,2.A.6,2.A.22,Aminotran_1_2,5.A.1,2.A.6,8.A.1,2.A.6,PspC,9.B.100,3.A.23,3.A.1,3.A.1,3.A.1,3.A.1,3.A.1,2.A.119,GH36,SBP_bac_3,5.A.3,5.B.5,3.A.1,1.A.16,2.A.117
5.A.3,LacI|Peripla_BP_3,GT5,GGDEF,3.A.7
GT2,2.A.6,2.A.7,PfkB,1.B.3,EAL,GH32,LacI|Peripla_BP_3,4.A.1,HisKA,Response_reg|Trans_reg_C,1.B.14,HTH_18|GyrI-like,2.A.1,2.A.1,1.B.17,TetR_N,3.A.1,3.A.1,3.A.1,3.A.1,PfkB,GH1,LacI|Peripla_BP_1,3.A.1,1.B.14,3.A.1,3.A.1,3.A.1,4.C.1,4.C.1,2.A.1,2.A.37,2.A.37,2.A.7,3.D.4,Aminotran_1_2|GntR,9.B.34,5.A.3,5.A.3,5.A.3,HisKA|HATPase_c,GerE|Response_reg,Sigma70_r4_2|Sigma70_r2,2.A.119,1.I.1,GT9,9.B.105,Response_reg|Trans_reg_C,HisKA|HATPase_c,2.A.6,2.A.6
GH23,HTH_18|GyrI-like,2.A.1,2.A.98
1.B.6,3.A.3,GH20
GT19,1.B.33
2.A.22,GGDEF|CHASE4,3.D.5,3.D.5,3.D.5,3.D.5,3.D.5,3.D.5,3.D.5,2.A.1,Nitroreductase,3.A.1,3.A.1,3.A.9,1.B.33,GH23,SBP_bac_1,9.B.34,Trp_repressor,GH23,3.A.1,9.B.33,Response_reg|LytTR,GH3,SIS,2.A.114,9.B.105,2.A.66,HTH_5,HTH_1|LysR_substrate,2.A.58,2.A.102,8.A.7,NUDIX,8.A.5,3.A.23,2.A.26,1.I.1,9.B.34
3.A.5,3.A.16,1.B.1,1.A.26,1.A.34,2.A.6,2.A.6,Aminotran_1_2,2.A.86,HisKA|Response_reg|PAS|HATPase_c,3.A.1,3.A.1,3.A.1,3.A.1,3.A.1,GH9,GH20,GH94,3.A.1,3.A.1,3.A.1,1.A.11,GT51
4.C.1,HTH_1|LysR_substrate,GT1
1.B.22,GT51
3.A.1,3.A.1,3.A.1,Pyr_redox_2,9.B.4,2.A.7,9.B.34,HTH_11|AsnC_trans_reg,2.A.1,HTH_1|LysR_substrate,TetR_N,AA3_2,3.A.1,3.A.1,3.A.1
