3.A.15,3.A.15,3.A.15,1.B.22,GH23,9.B.10
AA3_2,3.A.1,3.A.1,3.A.1,3.A.1,3.A.1,CbiA,2.A.45,1.A.77,3.A.2,3.A.2,3.A.2,3.A.2,3.A.2,3.A.2,3.A.2,4.C.1,3.A.1,3.A.11,3.A.1,Aminotran_1_2,3.A.1,PadR,MerR,3.A.3,2.A.3
GT4,FlhD,FlhC,1.A.30,1.A.30
5.A.1,9.B.14,2.A.1,9.B.21,GT51,1.B.22,SKI,HD,3.A.1,3.A.1,3.A.1,3.A.1,GATase_2,Pyr_redox_2,3.A.1,3.A.1,3.A.1,3.A.1,STAS,3.A.1,3.A.1
2.A.1,GH102,4.C.1
9.B.146,2.A.103,GT28
CE11,3.A.5
GT51,IclR|HTH_IclR,3.A.1,3.A.1,3.A.1
9.B.27,GT107,GT4,1.B.18,GT4|GT2|GT4,GT4,GT4,3.A.1,3.A.1,8.A.4,9.A.41,CE11,Aminotran_1_2,2.C.1,2.C.1,1.A.30,1.A.30
GT2|GT2,3.A.1,3.A.1,GT0|GT2|GT4,GT4,GT2,9.B.18,GT4,GT9,GT30
1.A.43,9.A.4,GH23
GH103,3.A.1,3.A.1,3.A.1
GH3,Response_reg|HTH_8,GT104,4.F.1
GT20,3.A.1,GT4,GntR,CBM32,GT21,B12-binding,3.A.1,3.A.1,3.A.1
GH108,9.A.8,FeoA,9.B.34
2.A.1,GT2
2.A.1,2.A.7,GH23,2.A.1,2.A.76,9.A.55,3.A.16,3.A.1,3.A.1,3.A.1,3.A.1
1.B.33,GT19,8.A.7,8.A.21
2.A.39,CE4,9.B.43,9.B.35,HTH_1|LysR_substrate,1.A.22,TPR_2,GT51,PALP,2.A.21
1.A.23,GT4
GT2,2.A.7,GT83
CBM50,Sigma70_r2|Sigma70_r4|Sigma70_r3,1.A.14
3.D.4,3.D.4,GT2,PIG-L,3.D.1,GT0,GT9,GT9,GT4,3.A.1,GT2,PIG-L,GH28
3.A.23,GH24
2.A.1,Peripla_BP_3|LacI,GT5,2.A.7,Autoind_bind|GerE,4.C.1,Fer4,2.A.1
3.A.1,GH42,SBP_bac_1,3.A.1,3.A.1
9.B.102,CBS,CBM32,GAF|GGDEF,3.A.1,3.A.1,3.A.1,3.A.1
GH24,1.A.12
2.A.21,GT9,HTH_1|LysR_substrate,1.B.19,3.A.1,3.A.1,1.B.11,Response_reg|GerE,HATPase_c|Response_reg|HisKA,2.A.53,9.B.34,4.C.1
2.A.1,3.A.1,GT2,GT2,GT9,1.I.1,3.A.12,GH15,TetR_N,3.D.6
2.A.1,GT20,3.A.1,3.A.1,HATPase_c|HisKA,Response_reg|Trans_reg_C,3.A.1,3.A.1,3.A.1,3.A.1,1.B.1
GT9,1.B.1,2.A.109
2.A.1,GH166,GT4,2.A.66,dCache_1,Aminotran_1_2,HATPase_c|HisKA,Response_reg|Trans_reg_C,2.A.1,2.A.1,8.A.5,GGDEF,GT0,TetR_N,2.A.1,2.A.1,2.A.6
3.D.4,3.D.4,4.A.1,4.A.1,SIS,CE9,3.A.1
9.B.158,1.B.20,EAL,2.A.36,3.A.1,GH64
1.B.1,HTH_1|LysR_substrate,2.A.40,GH73
3.D.1,GH23
2.A.3,9.B.104,3.A.6,3.A.6,AA3_2,2.A.1
1.B.11,1.B.6,3.A.23,3.A.23,1.B.6,3.A.23,3.A.23,GT60,3.A.23,3.A.23
2.A.4,HTH_1|LysR_substrate,2.A.6,2.A.6,1.B.17,GH135,3.A.1,3.A.1,HTH_18|AraC_binding,GT21,B12-binding,2.A.1
2.A.1,3.A.1,3.A.1,3.A.1,3.A.1,HD,2.A.1,2.A.20,2.A.7,Aminotran_1_2|GntR,3.A.1,3.A.1,SBP_bac_1,3.A.1,3.A.1,GH42,2.A.1,GH53,HTH_1|LysR_substrate,MarR|AsnC_trans_reg,2.A.76,1.B.1
2.A.1,GH31,1.B.1,1.B.52
GH127,2.A.2
GH29|CBM32|CBM13,3.A.1
2.A.1,3.A.1,3.A.1,Response_reg,AA3_2,TetR_N,GT1,2.A.1,GT2,1.B.17,8.A.1,GH18|CBM12|CBM5
3.A.23,GH23,2.A.40
GH28,GH23,3.D.10
CBM48|GH13_11,GH28,9.B.34
2.A.39,cNMP_binding,CBM50,2.A.1,LytTR|Response_reg,9.B.33,3.A.1
9.B.160,Pribosyltran,Aminotran_1_2,9.B.97,GT4|GT4,1.B.1,9.B.126,5.A.3,5.A.3,5.A.3
2.A.4,9.B.102,9.B.102,HTH_5,1.B.52,GH54|CBM42,CBM32
2.A.6,2.A.6,2.A.6,CBM32
2.A.1,IclR|HTH_IclR,2.A.66,GT4,GH166,8.A.5
1.B.52,GH12
2.A.19,HTH_1|LysR_substrate,CBS,MarR,2.A.49,EPSP_synthase,1.B.1,GT51,1.B.52
GH33,1.B.1,2.A.3
1.A.30,cNMP_binding,1.B.52,GH13_3|GH13_3,GH13_16,CBM48|GH13_9,GH13_11,GH13_10,GH77,GH13_26
2.A.7,HisKA,9.A.40,HTH_1|LysR_substrate,GH13_10
GT4,GT4,GT2,8.A.3,1.B.18,9.B.18,2.A.86
1.B.52,Aminotran_1_2,HTH_1|LysR_substrate,9.B.34,GT20,5.A.3,5.A.3,5.A.3,2.A.1
GH37,2.A.1
GH0,9.B.157
2.A.70,2.A.70,GT20,GntR,3.A.1,3.A.1,3.A.1
2.A.102,Sigma70_r2|Sigma70_r4_2,9.B.115,CE8,GH28|GH28
1.B.52,CBM32
9.B.211,CbiA,GT2,4.D.3,GH8,1.B.55,HTH_1|LysR_substrate,1.B.19,AA2,3.A.1,1.B.1
3.A.23,GH23
2.A.8,Rhodanese,1.B.25,HTH_3|AraC_binding,2.A.17,2.A.7,GT2
GT51,2.A.6,3.A.1,3.A.1,3.A.1,3.A.1,1.B.14,HTH_3,1.A.30
GT2,Response_reg|Trans_reg_C,HATPase_c|dCache_2,Response_reg|GerE,2.A.6
GH108,3.A.23
AA3_2,Pyr_redox_2,1.A.72
