GH39,9.B.125
3.D.4,3.D.4,Sigma70_r4,3.D.3,3.D.4,Glycos_trans_3N,GT4,4.C.1,2.A.59,GT87,9.B.106
9.B.146,2.A.103,GT28
AA3,CBS|cNMP_binding,2.A.64
2.A.86,GH13_16,EAL|GGDEF,2.A.1,2.A.79
GT4,2.A.1
GH13_20,dCache_1|Guanylate_cyc,1.A.23,CE1
GH39,GH39,GerE|Response_reg,HATPase_c,3.A.1,3.A.1,3.A.1,9.B.36,3.D.4,3.D.4,3.A.1,3.A.1
9.B.97,CBM48|GH13_11,GH13_26,GH13_10
4.C.1,3.A.1,GT94,2.A.6,GT1
GT4,4.F.1,1.B.77
3.A.1,3.A.1,3.A.1,3.A.1,GT1,HTH_3,4.F.1,3.A.12,2.A.53
8.A.5,GH13_33,STAS,Trans_reg_C|BTAD,Hemerythrin,2.A.1,2.A.6,9.B.34,2.A.3,2.A.6,8.A.35
2.A.1,8.A.5,HTH_3,GH3,2.A.1,2.A.6
3.A.1,3.A.1,3.A.1,3.A.1,3.A.1,3.A.1,3.A.1,MerR,9.B.97,GT2,2.A.1,1.A.43,GH13_31
CE9,4.A.1,4.A.1,CE5,TetR_N|TetR_C,TetR_N|TetR_C,5.A.3
8.A.3,GH39,GT4,3.B.1
3.A.24,3.A.24,3.A.24,2.A.7,CE5,CE5,CE5,CE5
GT4,GAF,9.B.18
2.A.1,GT2
3.A.1,GH38
GT4,GT4,9.B.18
CE1,3.A.3,GT4
GT2,Trans_reg_C|Response_reg,2.A.21,GT53,3.A.24,9.B.14,5.A.1
GT2,9.B.142
9.B.27,TetR_N,2.A.33,GH76,3.A.9,2.A.116
1.A.33,Pyr_redox_2,GH15
GH63,MarR,3.A.1,3.A.1
9.B.18,GH6
3.A.1,GT83,GH16_9
2.A.1,GH77,SIS,2.A.7
2.A.25,2.A.1,9.B.34,GT2
CE5,5.A.3,2.A.15,IclR|HTH_IclR,Pyr_redox,8.A.5
2.A.6,3.B.1,TrkA_C|Pyr_redox,2.A.36,GH39,GH65,9.B.10
CE1,2.A.1
3.A.1,Pribosyltran,9.B.142,CBM48|GH13_11
2.A.49,GATase_2,Pyr_redox_2,3.A.1,3.A.1,SBP_bac_1,GH4
GT2,GT89,CE1,CE5,3.B.1,GT53,GT53,GT53,GT85
GT2,3.A.1
GT4,GH39,GT4,GT4,9.B.18
PL12,PL12_3,GT2,GerE|Response_reg,GT26,2.A.66
4.C.1,GT2,Glyoxalase,GT2
GT4,9.B.67
4.C.1,3.A.1,3.A.1,3.A.1,3.A.1,3.A.1,GT20
GH23|CBM50,9.B.55,CSD,2.A.1
GH23|CBM50,2.A.3,Pkinase,4.C.1,3.A.1,3.A.1
2.A.108,2.A.108,GH23,4.C.1,TetR_N,Trans_reg_C|Response_reg,2.A.21,3.A.3,3.A.3,3.A.3
3.A.1,3.A.1,GT2,GT4
CE14,1.C.113
2.A.1,2.A.21,2.A.21,LytTR|Response_reg,9.B.33,HhH-GPD,GT87
GH114,NUDIX,4.C.1,3.A.1
4.C.1,GT81,GT5,9.B.110,3.A.1
3.A.1,GH23
AA3_2,3.A.1,3.A.1,3.A.1,3.A.1,Trans_reg_C|Response_reg,2.A.21,GT83,GT2,GT83
9.B.62,3.A.1,TetR_N,GH13_30,9.B.106,2.A.39,2.A.36,GerE,2.A.3,AAA,GT1,3.D.1
GH15,1.E.22,3.A.1,3.A.1,3.A.1,3.A.1,NIR_SIR|NIR_SIR_ferr,4.C.1,4.C.1,4.C.1,2.A.1
2.A.6,8.A.35,TetR_N,GT35,1.A.1,1.A.33
GT25|GH16_21,GT32,3.D.4
