8.A.59,3.D.1,HTH_3,GH0,2.A.120
3.A.1,3.A.1,GH77,Peripla_BP_3|LacI,3.A.1,3.A.1,Aminotran_1_2,Aminotran_1_2,MarR,4.A.2,Mga,4.A.2,SIS,TetR_N,2.A.1,Fe_dep_repr_C|Fe_dep_repress,MarR,MarR,1.B.52,3.A.1,GT35,HTH_18,1.B.52
CE4,MarR,2.A.7,3.A.3
4.A.4,4.A.4,4.A.4,Y_Y_Y,GH23,Nitroreductase,HxlR,MarR,1.B.52
9.B.160,4.A.3,SBP_bac_1,GT4,GT4
3.A.6,GT28
GT0,3.A.2,3.A.2,3.A.2,3.A.2,3.A.2,3.A.2,EPSP_synthase,Peptidase_M23,HTH_psq,1.A.33,3.A.7,Pribosyltran,3.A.5
2.A.107,Aminotran_1_2,TetR_N,3.A.1,Trans_reg_C|Response_reg,HATPase_c|HisKA,GH25
3.A.9,2.A.87,9.B.34,2.A.88,CE4,9.B.34
2.A.115,GH13_28|CBM25|CBM25,1.B.52,1.B.52
4.A.1,GH1,Fer4,DeoRC|HTH_DeoR,MarR,2.A.1
2.A.3,8.A.59,HTH_18|Response_reg,SBP_bac_1,3.A.1,3.A.1,GH67,4.A.6,4.A.6,4.A.6,Nitroreductase|Fer4,2.A.1,HTH_3,MerR,MarR,4.A.3,4.A.3,4.A.3,GH2,HATPase_c|dCache_1,HTH_18|Response_reg,SBP_bac_1,3.A.1,3.A.1,GH51,HTH_1|LysR_substrate,2.A.1
3.A.1,3.A.1,GH13_31,2.A.1,TetR_N,2.A.88
4.A.3,Aminotran_1_2,DeoRC,SIS|HTH_6,8.A.5,Aminotran_1_2,HTH_18|Response_reg,dCache_1,SBP_bac_1,3.A.1,3.A.1,GH31
GH23,MCPsignal|CHASE3,9.B.74,9.B.74,HATPase_c|HisKA,HATPase_c|HisKA,9.A.24,STAS,HATPase_c,Sigma70_r2|Sigma70_r3|Sigma70_r4,9.A.11,9.A.11,3.A.3
3.A.1,Peripla_BP_3|LacI,GH77,GT35,3.A.7,1.A.11,MCPsignal|dCache_1,1.B.52,2.A.21
GH25,HTH_3,3.A.1,3.A.1,1.E.14,2.A.122,3.A.1
GH46,4.A.3,4.A.3,4.A.3,TrmB|AAA,AAA,4.A.6,4.A.6,4.A.6,SIS,2.A.66
GT26,2.A.66,GT0,GT4,CE4
3.A.1,3.A.1,3.A.1,8.A.3,9.B.18,GT0,GT4,GT2,GT4,2.A.66
3.A.1,3.A.1,3.A.1,GH42,HATPase_c|dCache_1,HTH_18|Response_reg,GH2,2.A.67,2.A.72
2.A.115,5.A.1,Peripla_BP_3|LacI,SBP_bac_1,3.A.1,3.A.1,GH31,GH13_31,2.A.33,HTH_5,3.A.3
3.A.23,Pyr_redox_2,HD,2.A.4,HxlR,Nitroreductase,2.A.26,4.A.3,4.A.3,GH1,4.A.3
2.A.7,Trans_reg_C|Response_reg,HATPase_c|HisKA,TetR_N,2.A.6,Trans_reg_C|Response_reg,LytTR|Response_reg,HATPase_c,GH3
1.B.52,GT2,GT1
2.A.66,TPR_1,3.A.1,3.A.1,3.A.1,3.A.1,3.A.1,9.B.34,NIR_SIR_ferr|NIR_SIR,3.D.1,2.A.20,1.E.40,Glyoxalase,Aminotran_1_2,HTH_7,HTH_7,2.A.109,CE4
CE4,3.A.1,3.A.1
3.A.1,3.A.1,3.A.1,HTH_1|LysR_substrate,3.A.1,3.A.1,CE4,3.A.23
GH25,2.A.109,9.B.1
4.A.1,GH13_29
CE4,ACT,2.A.69,3.A.1,3.A.1,3.A.1,GH51,HTH_5,AraC_binding|HTH_18,GH127
9.B.141,3.D.6,3.D.6,3.D.6,3.D.6,3.D.6,3.D.6,2.A.87,Peripla_BP_3|LacI,2.A.10,9.B.34,9.B.10,2.A.85,DeoRC|HTH_DeoR,GH13_11
2.A.6,2.A.6,TetR_N,GH25
4.A.3,GH4,4.A.3,4.A.3
GH31,3.A.1,3.A.1,SBP_bac_1,HTH_18|Response_reg,8.A.59
CBM56|GH64,GH18|CBM12,GH16_3|CBM12,Sigma70_r2,GH18|CBM5|CBM5,CBM5|CBM5,GH1,4.A.1
2.A.6,TetR_N,HTH_1|LysR_substrate,3.A.1,3.A.1,GntR|TrkA_C,CE4,2.A.6,2.A.6
2.A.14,HTH_5,Nitroreductase|Fer4,2.A.3,SBP_bac_3,GH31,3.A.1,3.A.1,SBP_bac_1,HTH_18|Response_reg,8.A.59,9.B.34,4.A.6,4.A.6,4.A.6,SIS,4.A.6,4.A.6,4.A.6,4.A.6,3.A.23,1.B.52,2.A.36,3.A.1,2.A.6,2.A.6,Trans_reg_C|Response_reg,HATPase_c|HisKA,2.A.1,3.A.18
3.A.25,GH11,FeoA,9.A.8,2.A.5
GH25,GH1,4.A.1,2.A.3,2.A.4
3.A.1,3.A.1,MerR,9.B.34,HxlR,2.A.1,TetR_N,MCPsignal|dCache_1,HATPase_c|HisKA,Trans_reg_C|Response_reg,3.A.1,3.A.1,3.A.1,9.A.40,Pyr_redox_2,3.A.1,3.A.1,3.A.1,TetR_N,2.A.1,Sigma70_r2,3.A.1,4.A.6,HTH_11,Peripla_BP_1,2.A.8,3.A.23,GH18,HxlR,1.B.52
1.A.26,2.A.55,2.A.103,AraC_binding,AraC_binding|HTH_18,GH19,SpoVT_AbrB,2.A.47
2.A.21,FIST,Response_reg,CE4
2.A.4,2.A.66,MarR,CBM12
2.A.9,HATPase_c|HisKA,Trans_reg_C|Response_reg,3.A.1,3.A.1,4.C.1,4.C.1,4.C.1,HATPase_c|HisKA,3.A.1,Trans_reg_C|Response_reg,1.B.52,GH31,3.A.1,3.A.1,SBP_bac_1,9.B.33,HTH_18|Response_reg,PfkB,MCPsignal,3.A.1,3.A.1,3.A.1,2.A.10
GH38,4.A.2,4.A.2,4.A.2,HTH_11|Mga,3.A.1,3.A.1,3.A.1,3.A.1,2.A.2,GH3,AraC_binding|HTH_18,4.A.1,HTH_11|Mga,GH3,4.A.1,GH32,HATPase_c|HisKA,Trans_reg_C|Response_reg,9.B.142,GT2,Pyr_redox_2,3.D.1,3.D.1
3.D.1,Fer4,3.D.1,CbiA,3.D.1,MCPsignal,4.A.3,4.A.3,GH1,GntR,1.B.52,9.B.34,SpoIIE|dCache_1,3.A.23,MCPsignal|dCache_1,2.A.21,2.A.73,1.B.52,3.A.1,3.A.1
4.C.1,4.C.1,3.A.1,4.C.1,TPR_1,3.A.1,3.A.1,TetR_N,3.A.1,3.A.1,MarR,TetR_N,HxlR,GH32|CBM66|CBM66,4.A.6,4.A.6,4.A.6,4.A.6,3.A.23,PfkB,GH32,3.A.1,3.A.1,3.A.1
CE12,3.A.1
2.A.3,MerR,8.A.5,3.A.1,3.A.1,3.A.1,3.A.1,3.A.1,HATPase_c|HisKA,GH1
2.A.10,MarR|AsnC_trans_reg,1.B.52,Aminotran_1_2|GntR,Pyr_redox_2,Response_reg,HATPase_c|HisKA|Response_reg,1.B.52,CheW,CheW|H-kinase_dim|HATPase_c,Response_reg,GH3,2.A.3,GT83,2.A.85,Aminotran_1_2|GntR,GH4
2.A.2,GH43_11
GT28,HATPase_c,GT2,9.B.104,2.A.50,4.C.1,3.A.1,3.A.1
3.A.1,GntR,2.A.23,Aminotran_1_2,Mga,3.A.1,3.A.1,3.A.1,2.A.3,Hemerythrin,PALP,Nitroreductase,AraC_binding|HTH_18,GH4,1.B.52,9.B.117
3.A.1,3.A.1,Peripla_BP_1,8.A.59,HTH_18|Response_reg,3.A.1,3.A.1,3.A.1,1.B.52,EAL|GGDEF,1.B.52,GH36,GH36,3.A.1,3.A.1,3.A.1,AraC_binding|HTH_18,3.A.1,3.A.1,3.A.1
GH1,GntR,2.A.3,2.A.1,Pyr_redox_2,HTH_18,4.A.1,4.A.1,4.A.3,4.A.3,4.A.3,3.A.23,CYTH,2.A.1
3.A.23,SIS,4.A.6,4.A.6,4.A.6,GntR,GntR,CE9,GH1,MCPsignal|dCache_1,2.A.115,2.A.1,2.A.1
9.B.34,9.B.18,1.C.57,HATPase_c|HisKA,Trans_reg_C|Response_reg,GT4,9.B.18,GT2,GT2,4.A.3,4.A.3,4.A.3,4.A.3,4.A.3,4.A.3,3.A.23,SIS|HTH_6,GH1
GH31,GH31,2.A.2
CE4,GH25,GH23,3.A.1,GH1,GH4,3.A.1,GH3,GH30_2,HTH_18|Response_reg,8.A.59,3.A.1,3.A.1,SBP_bac_1,1.B.52,4.A.3,4.A.3,4.A.3,3.A.23,9.B.74,9.B.34,PadR,2.A.66
GH73,GH73,9.B.34,SIS|HTH_6,SIS|HTH_6,GH4,4.A.1,4.A.1,GT2
1.C.57,MCPsignal,3.A.1,2.A.66,GT4,GT2,GT4,GT4,9.B.18,8.A.3,2.A.86,GT2,GT2,3.A.1,3.A.1,GT2,9.B.18,GT4
2.A.115,1.B.52,GT84|GH94,2.A.4,3.A.1,3.A.1,3.A.1,3.A.16
2.A.118,3.A.1,3.A.1,HMA,3.A.3,4.A.1,GH4,4.A.1,SIS|HTH_6,8.A.59
1.B.52,CheW,1.B.52,Response_reg,Response_reg|GerE,Response_reg|CheB_methylest,CheR_N|CheR,1.B.52,CheW|H-kinase_dim|HATPase_c,1.A.30,1.A.30,1.B.52,GH1
4.A.1,GH4,SIS|HTH_6,3.A.1
GH13_39,GT35,GT5,CBM48|GH13_9,4.A.6,4.A.6,4.A.6,4.A.6,3.A.23,1.B.52,Nitroreductase|Fer4,TetR_N,MarR,2.A.1,2.A.21,HTH_7,HTH_7,3.A.1,3.A.1,3.A.1,3.A.1,3.A.1,Aminotran_1_2,GerE,3.A.1,3.A.1,3.A.1,3.A.1
GH43_11,GH43_1,GH3,AraC_binding|HTH_18,2.A.1,MarR,2.A.1,MarR,GntR,2.A.122,1.E.14,PfkB,GH32,Peripla_BP_3|LacI,4.A.1,4.A.1,GH4,4.A.1
