2.A.76,2.A.7,2.A.16,1.B.23,4.A.3,4.A.3,4.A.3,GH1,4.A.3
GT9,GT2,GT9,Pkinase,GT25,GT30,GT32,9.B.67,GT9,GT9,3.A.1,3.A.1
GT4,5.B.1
GT2,GT0,9.B.18,9.B.18,1.B.14,1.B.18
9.B.18,CBM13|PL1_4,Aminotran_1_2|GntR,Response_reg|Trans_reg_C,HATPase_c|HisKA,2.A.1,8.A.1,1.B.17,MarR,HD|ACT,2.A.23,2.A.88,2.A.21,Response_reg|GerE,5.A.1
GT51,1.B.22
GT51,1.A.11,2.A.86,1.B.1,3.A.16,3.A.5
9.B.18,8.A.3,GT2,GT4
2.A.66,9.B.105,2.A.114,SIS,GH3,Response_reg|LytTR,9.B.33,3.A.1,GH23,Trp_repressor,9.B.34,3.A.1,1.B.33,3.A.9,1.E.30
GH23,3.D.2,peroxidase,1.B.52
GH39,2.A.2,3.A.23
CBM13,HTH_18,2.A.3
2.A.42,LysR_substrate|HTH_1,3.A.1,3.A.1,3.A.1,3.A.1,3.A.1,NTP_transf_2,1.B.52,MarR,PL9,SBP_bac_5,3.A.1,3.A.1,3.A.1
2.A.1,5.A.3,5.A.3,5.A.3,Response_reg|GerE,HATPase_c,CBM2|CBM44|CBM44|GH6,HATPase_c|HisKA|PAS|Response_reg|dCache_1,9.B.34
4.C.1,CbiA,GH103
1.B.52,3.A.1,HTH_18|Ada_Zn_binding,MarR,CE9,4.A.1,2.A.56,2.A.56,3.A.23
GH51,1.B.14,4.C.1,3.A.1,3.A.1,3.A.1,2.A.1,3.A.1,4.C.1,HTH_IclR|IclR,3.A.1,3.A.1,3.A.1,3.A.1,LacI|Peripla_BP_3,4.A.7,4.A.7,4.A.7,HTH_18,Pyr_redox_2,2.A.3,HTH_18|AraC_binding,3.A.23
GH73,3.A.1,3.A.1,3.A.1,3.A.1,2.A.42,1.A.11,HTH_8,Glucokinase,1.B.52,2.A.66,1.A.30,2.A.25
2.A.59,2.A.119,1.B.52,1.B.3,GH42,GH53,3.A.1,3.A.1,3.A.1,3.A.1,LacI|Peripla_BP_3,GH53,LysR_substrate|HTH_1,1.B.15
3.A.1,3.A.1,3.A.1,3.A.1,GH77,GT35,GerE,9.B.34
GT5,3.A.7
1.B.46,GGDEF|dCache_1,3.A.1,3.A.1,3.A.1,PfkB,GH32,LacI|Peripla_BP_3,4.A.1,HisKA,Response_reg|Trans_reg_C,3.A.1,3.A.1,Response_reg|HD,2.A.21,2.A.21
4.A.2,Aminotran_1_2|GntR,1.B.52,2.A.24,3.D.10,3.D.10,2.A.13,HATPase_c,Response_reg|HTH_11,9.B.34,HTH_DeoR|DeoRC,2.A.1,PL1_5,PL4_1,1.B.1
GT19,1.B.33
2.A.40,2.A.22,LysR_substrate|HTH_1,Peptidase_M23,3.D.5,3.D.5,3.D.5,3.D.5,3.D.5,3.D.5,3.D.5,2.A.1,Aminotran_1_2,GH102,3.A.7
3.A.1,1.A.62,LysR_substrate|HTH_1,2.A.102,NUDIX,3.A.5,CE11,GT28,2.A.103,9.B.146,2.A.66,LysR_substrate|HTH_1,1.B.52
PL2_2,3.A.1,3.A.1,3.A.1,3.A.1,1.B.35,PL9_1,2.A.21,PL22|PL22,8.A.59,2.A.21,PL3_5,Sigma70_r2|Sigma70_r3|Sigma70_r4,CBM50
GH38,4.A.2
GH23,1.B.42
2.A.56,2.A.56,GH31
2.A.7,MarR,GH28,3.A.1,3.A.1,SBP_bac_1,3.A.1
CBM50,Fer4,2.A.47
3.A.6,1.I.1,2.A.21,GntR,4.A.1,GH4,2.A.1,cNMP_binding,4.C.1
AA3_2,3.A.1,3.A.1,3.A.1,3.A.25,1.A.43,GH43_26,2.A.2,2.A.38,3.A.2,3.A.2,3.A.2,3.A.2,3.A.2,3.A.2,3.A.2,3.A.2
3.A.1,GGDEF|EAL,3.A.1,9.A.25,HTH_18,2.A.21,4.A.2,LysR_substrate|HTH_1,1.B.52,GH1,8.A.1,MarR,1.B.52
2.A.76,GH43_16|CBM6|CBM22|GH62,CE6|CBM60
1.B.14,GH1,4.A.1,SKI,LacI|Peripla_BP_1,1.B.52,3.A.1,GH13_11,2.A.23,9.B.34,MerR,CBM50,1.I.1,1.B.52,SBP_bac_1,3.A.1,3.A.1,3.A.1,9.A.5,CBM50,GGDEF|EAL,1.B.1,2.A.1,LysR_substrate|HTH_1,8.A.5
2.A.62,4.A.1,4.A.1,GH1,2.A.95,GH114
3.D.5,CBM63,9.B.34,2.A.21,FIST,8.A.21,cNMP_binding|CBS,2.A.6,2.A.6,Aminotran_1_2,Response_reg|HATPase_c|HisKA,3.A.23,3.A.23
1.B.52,LacI|Peripla_BP_1,SBP_bac_1,3.A.1,3.A.1,GH1,3.A.1,GH94,GH116,LacI|Peripla_BP_3,CBM4|GH9,GH16_21
3.A.1,2.A.95,CBM4|GH9
2.A.49,3.A.18,1.B.52,GH1,Aminotran_1_2,1.B.52,9.B.34,NUDIX,3.A.1,1.B.52,EAL,GH43_5
2.A.6,2.A.6,1.B.17,3.A.1,3.A.1,9.B.35,9.B.35,3.A.1,3.A.1,3.A.1,TetR_N,1.B.52,SBP_bac_3,GGDEF,SBP_bac_1,3.A.1,3.A.1,HTH_18|AraC_binding,GH36
1.A.16,3.A.1,3.A.1,3.A.1,3.A.1,NUDIX,9.B.2,GntR,LysR_substrate|HTH_1,CE8|CE12,3.A.25,Rhodanese,Sigma70_r4,1.B.6
2.A.13,PALP,HTH_11|AsnC_trans_reg,3.A.1,3.A.1,3.A.1,3.A.1,2.A.81,LacI|Peripla_BP_3,PfkB,3.A.1,3.A.1,3.A.1,GH25
4.A.2,PfkB,4.A.2,CBM22|GH10,TetR_N,Pyr_redox_2,9.B.34,HisKA|HATPase_c|CHASE,GH5_2,2.A.17,Peripla_BP_3|HTH_18,2.A.1,1.A.35,1.B.52
3.A.9,2.A.28,SIS|HTH_6,3.A.1,3.A.1,3.A.1,3.A.1,2.A.39,GntR,CE4,GH43_26|CBM13,GH16_3|CBM6,GH3,NTP_transf_2,1.C.75
1.A.9,HTH_18,GH3,3.A.1,3.A.1,3.A.1,3.A.1,3.A.1,CBM5
GH13_32|CBM26,3.A.23,2.A.76
1.A.13,TPR_1,GH2,2.A.2
3.A.1,3.A.1,3.A.1,3.A.1,MCPsignal,1.B.52,MarR,9.A.18,GH4
GH127,2.A.2,HTH_18|AraC_binding,2.A.55
2.A.66,GH30_8
CBM48|GH13_9,GH77,GT35,3.D.4,3.D.4,3.D.4,3.D.4
