4.A.1,CE9
2.A.40,GH23,2.A.47
5.A.3,5.A.3,HTH_18|AraC_binding,5.A.3,5.A.3,5.A.3,ATPase_2,HTH_3,GT51
GT19,1.B.33
GH102,3.A.7
GH23,3.A.1,4.B.1,1.A.43,2.A.85,1.A.1,1.A.28
2.A.58,3.A.1,LysR_substrate|HTH_1,2.A.117,1.B.12,GH3,2.A.38
CE4,1.C.82,3.A.5
3.A.23,GT0,TetR_N,Pyr_redox_2,LysR_substrate|HTH_1,3.A.7
GT4,9.B.18,9.B.18
1.A.34,GT9,GT9,GT4,GT4,GT9,GT30,GT2,GT2
2.A.40,2.A.16,LysR_substrate|HTH_1,2.A.1,HTH_DeoR,TOBE,GT101,5.A.3,5.A.3,5.A.3
GT51,1.B.22
1.I.1,3.A.6,9.B.146,GT0,Aminotran_1_2,2.A.66,GT56,9.B.128,GT26,HEM4,9.B.21
1.A.35,2.A.7,2.A.16,2.A.42,1.A.23,2.A.25,CBM50
2.A.3,Aminotran_1_2,2.A.3,2.A.50,GH73,1.B.11,1.B.12,2.A.1,2.A.21,Response_reg|HTH_8,1.B.1,1.C.80,1.B.11
3.A.1,3.A.1,2.A.1,2.A.1,1.B.14,GH23,3.A.7
3.D.1,3.D.1,3.D.1,3.D.1,3.D.1,3.D.1,3.D.1,3.D.1,3.D.1,2.A.114,2.A.7,3.D.1,3.A.23,3.D.1,GH32,3.D.10,3.D.10,Fer4,2.A.88,3.A.3,3.A.5,3.A.1,3.A.1,Sigma70_r2|Sigma70_r4,Diacid_rec,2.A.8,3.A.1,3.A.1,3.A.1,3.A.1,3.A.1,3.A.3,3.A.3,3.A.3,HisKA|HATPase_c,Trans_reg_C|Response_reg,2.A.13,1.B.52,1.B.14,2.A.1
1.A.12,Pyr_redox_2,GATase_2,HATPase_c|HisKA|Response_reg|PAS,GT51
GT25,1.E.34,9.B.27,2.A.22,1.B.12,3.D.7,5.A.3,3.D.7,3.D.7,LysR_substrate|HTH_1,GT51,2.A.7
1.B.6,GT60,3.A.23,1.B.11,3.A.23,3.A.23,3.A.23,3.A.23,3.A.23,2.A.40,3.A.1,PfkB|HTH_11,2.A.41,5.A.3,2.A.40,Aminotran_1_2,4.A.1,SIS,CE9,4.A.6,4.A.6,4.A.6,4.A.6
9.B.146,2.A.103,GT28,CE11,3.A.5,NUDIX,3.A.15,3.A.15
2.A.4,2.A.40,2.A.3,GH2
GH24,1.M.1
GH3,Pyr_redox_2,Aminotran_1_2,3.A.1,3.A.1,3.A.1,1.B.11
GH24,9.B.35
3.A.1,HTH_3,GH24,LysR_substrate|HTH_1,2.A.8,PALP,3.A.1,1.B.9
2.A.40,4.F.1,1.C.75,2.A.86,1.B.33,GT2,1.B.52
9.B.1,2.A.23,3.A.1,3.A.1,3.A.1,3.A.1,GH23
3.A.1,3.A.1,Aminotran_1_2,GT2,GT83,2.A.7,2.A.7,GT83,HTH_18,9.B.2,3.A.1,3.A.1
3.A.23,cNMP_binding,Peripla_BP_2,3.A.1,3.A.1,AraC_binding,GH103,CbiA,4.C.1
3.A.1,3.A.1,3.A.1,3.A.1,5.B.7,HisKA|HATPase_c,Trans_reg_C|Response_reg,2.A.41,HTH_DeoR|PfkB,2.A.7,2.A.7,SIS|HTH_6,CBM50,3.A.1,3.A.1,3.A.1
GH129,9.B.158,2.A.1,2.A.66,2.A.1,2.A.11,2.A.53
2.A.78,2.A.78,HTH_3,9.B.36,1.A.23,2.A.7,GT9
3.A.6,3.A.6,3.A.6,3.A.6,3.A.6,3.A.6,3.A.6,3.A.6,LysR_substrate|HTH_1,GH73
GT51,9.A.41
2.A.1,Aminotran_1_2,3.A.23,HisKA|HATPase_c,GH23,2.A.76,2.A.1
GH23,3.A.7,3.A.7,3.A.7,3.A.7,3.A.7,3.A.7,3.A.7,3.A.7,3.A.7
