4.C.1,9.B.18,GT4,GT4,GT4
CBM48|GH13_11,GT35,GH13_3,GH13_16,CBM48|GH13_9,NUDIX,2.A.121
GT4,CbiA,Glyoxalase,2.A.86
GT4,2.A.66,GT2,GT4,9.B.102
3.A.1,3.A.1,GT2,Pyr_redox,GT2,GT2
3.B.1,GT2,Trans_reg_C|Response_reg,GH6
GT4,3.D.10,3.D.10,2.A.1,1.A.8
2.A.15,AA3_2,8.A.5
GH13_13,2.A.4
GH13_30,MarR,2.A.1
9.B.14,5.A.1,GH23
9.B.27,Pribosyltran,Aminotran_1_2,3.A.9,HisKA|Response_reg|HATPase_c,GH13_4,MerR,1.A.33
2.A.1,HTH_IclR|IclR,2.A.7,CBM32,3.D.7,2.A.21
GH6,3.A.1,3.A.1,2.A.114,2.A.1,Sigma70_r2|Sigma70_r4_2,3.A.1,3.A.1,2.A.37,Nitroreductase,TrkA_C,GH39
9.B.106,GT51
2.A.6,GH13_10,GH13_26,CBM48|GH13_11,2.A.89,3.D.2,3.D.2,3.D.2,Pribosyltran,LacI|Peripla_BP_3,3.A.1,3.A.1,3.A.1,3.A.1
GT51,Whib,CbiA,2.A.15
9.B.106,GT4,3.A.1,3.A.1,3.A.1,3.A.1,GerE,B12-binding|MerR|B12-binding_2,Sigma70_r2|Sigma70_r4,8.A.59
3.A.1,3.A.1,3.A.1,GT2
GT81,LacI|Peripla_BP_3,Peripla_BP_1,3.A.1,3.A.1,1.A.13
GT4,EAL,3.A.11,9.B.34,3.A.15,3.A.11,3.A.15,3.A.11,3.A.11,Sigma70_r2|Sigma70_r3|Sigma70_r4,2.A.7
AA3_2,3.A.1,3.A.1,3.A.1,GH13_21,GH23|CBM50,3.A.1,MarR,Glyoxalase,3.A.1,3.A.1,3.A.1,3.A.1
2.A.86,PALP|ACT,CE14,9.B.106,Sigma70_r2|Sigma70_r4,3.A.1,3.A.1,3.A.1,GH1,LacI|Peripla_BP_3,1.C.113
3.A.1,3.A.1,PL17,PL34
CE14,9.B.145
3.A.1,3.A.1,3.A.1,2.A.7,GH65,3.B.1,5.A.3
9.B.146,2.A.103,GT28
2.A.1,CE9,2.A.21,SIS,GntR,GH23,MarR,Glyoxalase,2.A.39,GntR,8.A.7,2.A.14
3.A.12,4.F.1,CBM5,CBM5,GH15
3.A.1,2.A.1,GT2
2.A.98,EPSP_synthase|HTH_3,2.A.1,GT2,TetR_N,4.C.1
2.A.1,1.A.1,SpoIIE|GAF,GT2
2.A.1,GH3,HATPase_c,Sigma70_r2|Sigma70_r3|Sigma70_r4,HhH-GPD,2.A.86
2.A.66,GT4|GT2,GH39
