2.A.1,IclR|HTH_IclR,AA3_2,2.A.1,8.A.5,2.A.80
AA3_2,LysR_substrate|HTH_1,LysR_substrate|HTH_1,2.A.1,3.A.11
9.B.105,2.A.80,IclR|HTH_IclR,9.B.27,3.A.1,3.A.1,3.A.1,SBP_bac_3,3.A.1,2.A.55,LysR_substrate|HTH_1,3.A.1,1.B.14,TetR_N,2.A.1,3.A.1,3.A.1,3.A.1,3.A.1,3.A.1,3.A.9,GT51,CSD,2.A.49
GT9,GT2,GT9,GT4,3.A.1,GT2,PIG-L,1.A.23
2.A.19,4.D.2,GH13_16,CBM48|GH13_9,GH13_11,GH13_10,GH77,2.A.3
3.A.1,3.A.1,3.A.1,3.A.1,AA3_2
1.B.17,8.A.1,2.A.1,LysR_substrate|HTH_1,GT104,3.A.23,TPR_2,3.A.7,Response_reg,9.A.47
GT2,GT4,4.D.1,GT4
2.A.102,1.B.11,MCPsignal,1.B.12,1.B.14,GH15,Response_reg|Trans_reg_C,MCPsignal,2.A.76
5.B.3,LysR_substrate|HTH_1,2.A.1,4.F.1,GH3,2.A.6,2.A.6,2.A.6,Trans_reg_C,HTH_1|TOBE,3.A.1,3.A.1
GH23,Sigma70_r4_2|Sigma70_r2,9.B.143,8.A.5
2.A.75,GT4,2.A.1,3.A.1,3.A.1,3.A.1,3.A.1,3.A.16,1.B.52,2.A.40,SBP_bac_1,3.A.1,3.A.1
GH23,3.A.1,3.A.1,3.A.1,Pribosyltran,3.A.1
2.A.3,MarR|AsnC_trans_reg,1.C.113,3.A.1,3.A.1,3.A.1,CBM50
3.A.9,1.C.75,1.B.20,1.I.1,GH23
2.A.80,1.E.40,GT4
3.A.1,3.A.1,GT30,GT9,Aminotran_1_2,9.B.18
GT2,2.A.1,2.A.7
2.A.1,HD,SKI,GT51,9.B.14,5.A.1
2.A.1,GT4
2.A.21,GT83,GT2,2.A.6,2.A.6,1.B.17,Response_reg|Trans_reg_C,HATPase_c|HisKA,GT73,GT4
5.A.3,5.A.3,5.A.3,GT2
3.A.1,3.A.1,3.A.1,3.A.1,GT51,3.A.1,3.A.1
2.A.80,GH23,2.A.6,2.A.6,2.A.27,GT2,GT83,LysR_substrate|HTH_1,2.A.117,GntR,3.A.1,3.A.1,3.A.1,3.A.1,LysR_substrate|HTH_1,1.E.14,2.A.122,2.A.76,2.A.7
3.A.1,9.B.146,2.A.103,GT28,CE11,1.A.34,3.A.5
1.A.26,2.A.98,LysR_substrate|HTH_1,4.C.1,GH31,3.A.1,3.A.1,3.A.1,Sigma70_r4_2|Sigma70_r2,FecR,1.B.14,1.B.52
GT2,3.A.1,3.A.1,3.A.1,3.A.1,4.C.1
GT9,1.B.52,Response_reg|Trans_reg_C,HATPase_c|HisKA,3.A.3,3.A.3,3.A.3,2.A.21,2.A.7,Pyr_redox_2,3.A.12,1.B.46,SIS|HTH_6,3.A.1,3.A.1,3.A.1,3.A.1,3.A.1
2.A.67,CE4
3.A.1,GH103
GT2,GT0,2.A.4,2.A.1,1.B.6
2.A.80,IclR|HTH_IclR,GH103,2.A.81,Aminotran_1_2,2.A.81,3.A.1,3.A.1,3.A.1,3.A.1
CBM32,3.A.1,3.A.1,GT4,GT2,GT4,CE4,GT4,GT9,3.A.1,2.A.37,9.B.34,3.A.23,2.A.21,2.A.23
GT73,2.A.1,8.A.1,1.B.17,MarR,2.A.7
2.A.56,2.A.56,2.A.56,LacI|Peripla_BP_3,3.A.1,3.A.1,3.A.1,3.A.1,GntR,GT83
2.A.80,SBP_bac_3,3.A.1,LysR_substrate|HTH_1,2.A.28,3.A.1,GT51,AraC_binding|HTH_18,2.A.1,GT2,CE4|GH153,1.B.55,9.B.34
3.A.15,CBM32,LysR_substrate|HTH_1,3.A.1,3.A.1,3.A.1,3.A.1,TetR_N,2.A.1,LysR_substrate|HTH_1,2.A.6,2.A.6,2.A.6
GH73,1.B.52,1.B.52,1.B.52,1.B.52,3.A.6,3.A.6,3.A.6,3.A.6,3.A.6,3.A.6,3.A.6
1.B.33,GT19,8.A.7,HTH_18,8.A.21,9.B.34
2.A.89,1.A.4,IclR|HTH_IclR,3.A.1,3.A.1,3.A.1,AA7
2.A.40,9.B.31,CBM50,LysR_substrate|HTH_1,2.A.1,MerR,3.A.3
GT4,PL1_13,3.A.1,Response_reg|Trans_reg_C,HATPase_c|HisKA,3.A.1,3.A.1,3.A.1,3.A.1,2.A.88,3.A.1,3.A.1,3.A.1,3.A.1,3.A.1,2.A.80,LysR_substrate|HTH_1,2.A.7
