3.A.1,3.A.1,3.A.1,3.A.1,CE4
3.A.1,3.A.1,3.A.1,2.A.38,2.A.3,2.A.107,GT28,CE4,GT28,3.A.18
GT4,9.B.159,STAS,PAS|SpoIIE,1.E.43,1.B.52
2.A.1,2.A.19,CE4,HhH-GPD,9.B.116
3.D.4,2.A.7,2.A.109,2.A.114,GH13_31,2.A.1,3.A.1,3.A.1,3.A.1
CBM34|GH13_20,3.A.1,3.A.1,3.A.1,GH13_1,LacI|Peripla_BP_3,3.A.23
2.A.103,GT4,GT4,Pyr_redox,GT4
GT2,3.A.3
5.A.1,3.A.3,HMA,AA1_3,HATPase_c|HisKA,Response_reg|Trans_reg_C,3.A.1,3.A.1
2.A.79,2.A.79,2.A.21,9.B.136,2.A.3,Sigma70_r2,LacI|Peripla_BP_3,GH133,3.A.1,3.A.1,3.A.1,B12-binding,2.A.21,3.A.1,3.A.1
CBM50,2.A.21,2.A.37,4.A.1,PTS-HPr,8.A.7,1.B.52
CBM50,2.A.1,1.B.52,3.A.24,4.C.1,4.C.1,2.A.7,1.A.62
3.A.1,3.A.1,5.A.1,Response_reg,CBM50,TrmB|AAA,4.A.3,4.A.3,4.A.3
4.C.1,GT2
4.C.1,3.B.1,MarR,2.A.1,2.A.1,GT51
2.A.7,3.A.1,GH37
2.A.35,GntR,GH13_29,4.A.1
3.A.1,3.A.1,3.A.1,LacI|Peripla_BP_3,GH38,3.A.1,3.A.1,GT83,PALP,2.A.1,2.A.113
CE12,2.A.28
GT4,CE14,2.A.115,3.D.3,3.D.3,3.D.3
9.B.125,3.A.1,3.A.1,3.A.1,2.A.3,FmdA_AmdA,Response_reg|HTH_18,4.A.1,GntR,CE9,HATPase_c|HisKA|PAS,Response_reg|Trans_reg_C,9.B.14,9.B.156,9.B.156
CBM50,3.D.10
3.D.10,3.D.10,3.D.10,GT81
GT51,4.C.1
CBM68|GH13_14,2.A.1,HTH_DeoR,2.A.66
GT35,GT5,CBM48|GH13_9,2.A.4,2.A.76,3.A.1,3.A.1,3.A.1,2.A.7,9.B.20,2.A.1,1.A.1
GT2,9.B.174
GT0,GT2,9.B.18
9.B.146,3.A.5,9.B.174,CBM34|GH13_39,GH13_5
2.A.1,TetR_N,3.A.1,3.A.1,3.A.1,Response_reg|HTH_18,8.A.59,3.A.1,GH4,SIS|HTH_6,GH1
GT108,GH130,GT108,3.A.1,3.A.1
9.B.18,GT4,GT2
GT51,2.A.40
GT2,2.A.1,GH32,4.A.1,4.A.1,HTH_8,3.D.2,PfkB,2.A.21,3.A.1,3.A.1,3.A.1,3.D.4,3.D.4,3.D.4,2.A.3,9.B.34
