2.A.1,Peptidase_M23,9.B.14,1.C.113,GT2
1.B.6,PfkB,8.A.5,GT51,3.A.11,1.B.22,3.A.9,1.B.14
3.A.1,3.A.1,3.A.7,9.B.126,1.A.23,GH3
2.A.86,3.A.11,1.B.14,CBS|PALP,GT4|GT4
9.B.146,2.A.103,GT28,CE11,1.A.34,3.A.5,GH5_1|CBM63,GH5_1|CBM2
1.B.42,GH35,GH92,GH125,GH3,GH2,GH20,GH18,Pyr_redox,HisKA|HATPase_c|PAS,CBM50
2.A.4,Pyr_redox_2,3.A.1,3.A.1,3.A.1,CE4,GT4,2.A.53,GT51,GT2|GT4,GT4|GT4
1.A.35,9.A.40,GH23,3.D.3,3.D.3,1.A.12
3.A.7,CBM50,GT83,FeoA,9.A.8,1.B.33,3.A.1
GT19,1.B.33,1.B.9
1.A.23,4.A.2,NUDIX,GH6|CBM2
2.A.1,Peripla_BP_3|LacI,SIS,CE9,CE4,GT4,Aminotran_1_2,3.A.1
GT2,8.A.59,Response_reg|LytTR,3.A.15,3.A.15,GT2,GT2,1.A.4,2.A.1
GT2,9.B.67
GT51,1.B.14,Sigma70_r2|Sigma70_r4_2,RseA_N,9.B.160
2.A.123,GT2
4.F.1,GH24
GH3,CYTH,Response_reg,GT26,GT70,2.A.66,GT4,9.B.97,9.B.30,9.B.18,8.A.3,1.B.18
8.A.1,2.A.6,2.A.6,GH25,Rhodanese,CE4,Aminotran_1_2,3.A.1,8.A.1
CBM32,3.A.1,3.A.1,SBP_bac_1,GH144
2.A.66,Sigma70_r4_2,3.A.11,Sigma70_r2|Sigma70_r4,Response_reg,3.A.1,3.A.1,1.I.1,3.A.6,9.B.174,Peptidase_M23,GH5_5,Pyr_redox_2,GATase_2,1.B.14
1.C.75,CE4,2.A.9
