3.A.1,3.A.1,3.A.1,3.A.1,CE4
2.A.1,3.A.1,3.A.1,3.A.1,1.B.52,1.B.52,GH13_31,4.A.1,9.B.74,3.A.7,2.A.13,1.B.52,3.A.1,3.A.1,3.A.1,3.A.1,GH18|CBM2
2.A.109,3.A.3,9.B.126,3.A.3,2.A.7,2.A.19,CE4
GH25,3.A.23,2.A.3,0038966,4.A.1,GT2,GT2|GT2,GT28
2.A.3,0043758,4.A.1,GH13_29,9.A.11,9.B.2,2.A.25,3.A.1,3.A.1,3.A.1,3.A.1,2.A.3
3.A.3,3.A.3,3.A.3,2.A.1,0040517,2.A.40,GH32,4.A.1
1.A.11,GH13
2.A.20,GT51
3.D.3,3.D.3,3.D.3,2.A.115,CE14,GT4
3.A.3,9.B.18,GT2,GT4
GH23,3.A.6,3.A.6,1.A.104
9.B.102,GH73,2.A.114
2.A.1,2.A.22,CE4
GH129,Trans_reg_C,CE4,9.B.20
GT1,2.A.115
4.D.1,GT102,3.A.1,3.A.1,2.A.3,9.A.40
9.B.12,GT51,2.A.1
2.A.21,GT1,3.A.1,3.A.1
2.A.7,GH8,2.A.1
4.C.1,CBM41|GH13_14,3.A.5,2.A.7
3.A.1,3.A.1,3.A.1,AA10
3.A.11,GH25
AA10,2.A.25,3.A.23
CE4,2.A.109,3.A.1,9.B.74,9.B.74,9.B.74
2.A.1,GT2,GT2,GT2
9.B.124,3.A.1,3.A.1,0043935,GH25
GT2|GT2,9.B.20
9.B.31,GH18,5.A.1,3.A.1,CE4
4.A.2,0043758,2.A.3,GH18,1.A.16,3.A.3,3.A.1,3.A.1,3.A.1
GT28,2.A.103,9.B.146
3.A.1,3.A.1,3.A.1,CBM34|GH13_20,GH13_31,3.A.1
9.B.34,8.A.7,4.A.1,0037767,CE9
GT35,GT5,CBM48|GH13_9,9.B.20,1.A.1
2.A.98,HTH_1,0042546,3.A.1,3.A.1,9.B.174,3.A.1,3.A.5,CSD,3.A.11,3.A.11,0040586,GT0,9.B.146,CE4,0043095,2.A.51,GH4,4.A.3,4.A.3,4.A.3,4.A.3,4.A.3,4.A.3,2.A.23,9.B.74,HTH_1,GH126,2.A.45,2.A.14
GT0,3.A.1,3.A.1,PL0,GT4,1.A.33,0039384,1.A.34,3.A.1,3.D.1,3.D.1,3.D.9,3.D.9,3.D.9,3.D.1,3.D.1,3.D.1,3.D.1,3.D.1,3.D.1,3.A.2,3.A.2,3.A.2,3.A.2,1.A.77
2.A.1,0039468,GT51,9.B.149,3.A.1,3.A.1
9.B.34,2.A.114,LytTR,2.A.1,GT26,GT4,1.A.62,1.B.52,2.A.66,GT2,3.A.1,GT2,2.A.6,2.A.86,2.A.122,1.E.14,LytTR,9.B.33,2.A.1,2.A.15,1.A.29,1.C.113,3.A.18,9.B.97
