GH88,2.A.1
GH23,3.A.7,3.A.7,3.A.7,3.A.7,3.A.7
CE4,GT2|GT2,3.A.1,3.A.1,GT23,3.A.23,AAA,GH28,CE8
3.A.1,2.A.21,3.D.10,3.D.10,4.C.1,2.A.1,2.A.53,HTH_18,PAS|MCPsignal,GT32
AA3,HTH_1|LysR_substrate,9.B.34
2.A.21,FIST,1.B.52,1.B.52,2.A.1,GT20,9.B.102,HTH_5,5.A.1
2.A.21,Response_reg,2.A.5,GH15,GT2,GT4,1.B.4
GT35,Pribosyltran,2.A.76
2.A.9,HATPase_c,2.A.6,2.A.6,8.A.1,GH3,2.A.1
GH23,3.A.7,2.A.1,3.A.7,3.A.7,3.A.7,3.A.7,HTH_1|LysR_substrate,GerE|Autoind_bind,AA3_2,3.A.1,SBP_bac_1,3.A.1,3.A.1,GntR,Pyr_redox_2,4.C.1,3.A.1,3.A.1,3.A.1,3.A.1,3.A.1
GH103,9.B.34,9.B.34,3.A.1,1.A.30,1.A.30,2.A.6,2.A.6
3.A.6,3.A.6,1.A.30,GH23
3.A.1,GH103
9.B.146,2.A.103,GT28
CE11,1.B.33,2.A.1
CE4,9.B.35,3.A.1,3.A.1,3.A.1,1.B.10,3.A.1,3.A.1
GH23,3.A.7,GT2,Guanylate_cyc,9.B.18,3.A.15,3.A.15
GT4,GT4,GT2,GT26,TPR_2,9.B.42
2.A.50,GT4
2.A.1,3.A.1,GT4,GT9,PfkB,9.B.18,9.B.146,Aminotran_1_2,2.A.66
2.A.21,PfkB,GT4,PALP,2.A.1,3.A.1,3.A.1,2.A.21,2.A.21
3.A.1,3.A.1,8.A.59,GntR,2.A.1,HTH_1|LysR_substrate,3.A.1,3.A.1,3.A.1,3.A.1,GT2,GT83
1.B.4,CE4
2.A.88,2.A.23,HTH_3,TPR_2|TPR_1,2.A.1,HTH_3,GT51,GT4,3.A.1,GT4,1.A.34,MCPsignal|dCache_2,2.A.1,1.A.12,2.A.7
GT51,GT83,GT2,2.A.123,2.A.58,3.A.1,3.A.1,3.A.1,3.A.1,PALP,2.A.6,8.A.1,2.A.6,2.A.6
2.A.6,2.A.6,3.A.5,AAA,CBM50,Response_reg,2.A.64
8.A.59,GH23,2.A.80
3.A.1,3.A.1,3.A.1,GT19
8.A.3,GT4,9.B.18
2.A.55,8.A.59,AA3
1.A.22,GH23,1.B.70
1.A.26,CE4,CE4
2.A.19,2.A.86,2.A.1,GT2
GH103,Pyr_redox_2,4.C.1,8.A.1,2.A.85,MarR,3.A.1
GH13_23,3.A.1,3.A.1,3.A.1,3.A.1,3.A.1,2.A.1,1.B.14
3.A.3,2.A.21,2.A.1,GT51
2.A.20,AA3_2
3.A.1,3.A.1,3.A.1,3.A.1,3.A.1,GT5
2.A.1,GH0,3.A.1,GT4,2.A.56,2.A.56,2.A.1
3.D.4,3.D.4,3.D.4,9.B.43,Glyoxalase,GH23
2.A.89,1.B.4,3.A.3,3.A.1,2.A.3,2.A.86,9.B.20,GH50,GH1,Glucokinase,PfkB,GH4,4.A.2
2.A.1,IclR|HTH_IclR,GT81
9.B.1,GH103,TPR_2|TPR_1,3.A.1,3.A.1,3.A.1,3.A.1,3.A.1
2.A.6,2.A.1,MarR,2.A.1,1.B.6,GT39
2.A.14,AA3_2
GT4,GT4,1.B.18,GT4,GT4,2.A.66
3.A.1,3.A.1,3.A.1,3.A.1,GH10,Guanylate_cyc,4.C.1
1.C.113,GT83
9.B.34,2.A.76,Response_reg,GH103
2.A.1,GH16
2.A.80,HTH_1|LysR_substrate,AA6,GT2,GT2,CbiA,GT26,9.B.34
4.C.1,2.A.80,2.A.6,HATPase_c,GH3
9.B.34,GT51
GT51,3.A.1,2.A.21,HTH_8|Response_reg,GH13_16,GH13_23,HxlR,CE1,2.A.1,GGDEF|EAL,3.A.23,2.A.1,3.A.1,3.A.1,3.A.1,9.B.34,9.B.34
