3.A.7,GH23
GH13_18,Pribosyltran,GT35,DeoRC|HTH_DeoR,9.B.104,Rhodanese,CBM48|GH13_11,2.A.95
GT9,GT9,GT9,GT9,1.A.34
9.A.8,9.A.8,1.B.52,HTH_18,GH10,8.A.5,1.B.19,IclR|HTH_IclR,3.A.1,3.A.1,2.A.1,9.B.97,1.B.14
9.B.102,9.B.102,Peripla_BP_3|LacI,GH32,4.A.1,1.B.3,2.A.1,GH2,PfkB,1.B.52,LysR_substrate|HTH_1,GH28,3.A.1,3.A.1
9.B.160,1.A.12,GATase_2,Response_reg|PAS|HisKA|HATPase_c,GT51,PTS-HPr,1.B.42,1.B.42,1.B.42,SIS|CBS,2.A.19,3.A.1,3.A.1,3.A.1,3.A.1,3.A.1
GH20,Peripla_BP_3|LacI,5.A.3,2.A.1
GH23,HhH-GPD,2.A.2,GH4,HTH_18,4.A.7,4.A.7,GntR,9.A.4,3.A.15
GH1,SIS|HTH_6,1.C.113,3.A.7
3.A.7,PALP,GH102
2.A.1,3.A.1,3.A.1,3.A.1,3.A.1,3.A.1,GntR,3.A.9,GH23
9.B.146,2.A.103,GT28,CE11,3.A.5,NUDIX,3.A.15,3.A.15,9.B.125,GH43_26,2.A.2,2.A.3,GntR,Pyr_redox_2,LysR_substrate|HTH_1,8.A.5,1.B.52,GT1
GT51,1.B.14,3.A.1,3.A.1,3.A.1,Aminotran_1_2,3.A.1,HD,Diacid_rec,PL38
1.B.33,GT19
GH23,HisKA|HATPase_c,3.A.23,Aminotran_1_2,2.A.1,2.A.113
1.B.33,2.A.86,GH127,AraC_binding|HTH_18,9.B.34,3.A.1,3.A.1
CE9,4.A.1
GH15,3.A.7
GH23,1.E.33
3.A.1,3.A.1,3.A.1,3.A.1,NUDIX,1.B.52,GH3,1.A.23,9.B.29,9.B.27
1.B.1,3.A.1,3.A.1,GT2,3.A.1
1.A.14,AA6
2.A.53,AraC_binding|HTH_18,MarR,8.A.1,2.A.6,GT2,9.B.72
4.A.1,1.B.52,GH3,Pyr_redox_2,2.A.1,3.A.1,3.A.1,3.A.1
GH23,Sigma70_r4,1.A.23,1.E.43,GH37
GH1,4.A.1,1.B.52
2.A.3,2.A.53,GT20,HTH_5,1.B.52,3.A.1,3.A.1,3.A.1
GT81,9.B.12,1.B.52,GerE,3.A.6,3.A.6,3.A.6,3.A.6,3.A.6,3.A.6,3.A.6,3.A.6
1.E.5,GH19
CBM48|GH13_11,GH13_26,GH13_10,9.B.35,PfkB,2.A.17,HhH-GPD,3.D.6,3.D.6,3.D.6,3.D.6,3.D.6,3.D.6
1.B.3,GH77,GT35,2.A.1,9.B.20
2.A.1,TetR_N,AA3_2,2.A.7,2.A.7,1.B.52,9.B.62
2.A.1,CBM50,3.A.1,3.A.1,3.A.1
2.A.76,9.B.158,Aminotran_1_2,1.A.8,3.A.6,3.A.6,CheZ,Response_reg,Response_reg|CheB_methylest,CheR_N|CheR,1.B.52,1.B.52,CheW,H-kinase_dim|CheW|HATPase_c|CheY-binding,1.A.30,1.A.30,FlhC,FlhD,GT20,Response_reg|Trans_reg_C,HisKA|HATPase_c,3.A.1,Pyr_redox_2,2.A.1,2.A.108,2.A.108,2.A.108,2.A.21
GT2,GT2,2.A.66
2.A.66,GT4,GT4,GT2,GT2,8.A.3,1.B.18,9.B.18,2.A.109,9.B.22,9.B.34,8.A.1,2.A.6,2.A.6,2.A.1
GH24,1.E.2
GH23,2.A.39,GntR,CE4,SBP_bac_3,3.A.1
4.A.3,GH1
2.A.2,2.A.2,2.A.102,GH31
CBM50,2.A.25,1.A.23
GT26,9.B.128,GT56,2.A.66,Aminotran_1_2,GT0,9.B.146,3.A.6,1.I.1,9.B.121,EAL,PfkB,2.A.23,GGDEF|EAL,GH8,1.B.55,4.D.3,GT2,CbiA,3.A.1,3.A.1,3.A.1,3.A.1,3.A.1
GT2,Response_reg|HisKA|HATPase_c,GH2,2.A.40
GH1,4.A.1,1.B.19,1.B.52,2.A.7,2.A.7,GT83,GT2
4.A.1,GH1
GH5_2,CBM63,1.B.22,3.A.15,3.A.15,3.A.15,3.A.15,3.A.15
