4.A.4,4.A.4,GH103
2.A.104,Rhodanese,HTH_5,9.B.12,GntR,2.A.3,GH13_27
GH23,HATPase_c|HisKA,3.A.23,Aminotran_1_2,MarR,TPR_1,3.A.1,3.A.1,3.A.1,2.A.1
2.A.7,2.A.7,GT83,GT2,Aminotran_1_2,NUDIX,1.B.68,IclR|HTH_IclR,2.A.1,Fer4,2.A.1,HTH_1|LysR_substrate,2.A.1,1.B.12,Peripla_BP_2,1.B.14,1.A.30,1.A.30,3.A.1,3.A.1
2.A.1,3.A.1,3.A.1,3.A.1,3.A.1,EAL,3.A.7,2.A.1,4.A.2,PfkB,4.A.2,PfkB,2.A.41,PfkB|HTH_11,2.A.98,HTH_1|LysR_substrate,2.A.3,1.B.14,9.B.169,Peripla_BP_3|LacI,3.A.1,3.A.1,3.A.1,Fer4,Pyr_redox_2,9.B.114,2.A.122,1.E.14,1.B.17,9.B.27,9.B.29,GH3,3.A.1,3.A.1,3.A.1,3.A.1,MerR,9.B.33
3.A.1,1.B.11,2.A.113,2.A.113,PfkB,GH25
1.E.1,GH24
1.E.1,GH24,1.M.1
9.B.102,GH13_5
3.A.1,3.A.1,3.A.1,GT20,FlhD,FlhC,1.A.30,1.A.30,Response_reg,3.A.6,1.A.104,9.B.158,5.A.3,5.A.3
3.A.1,3.A.1,3.A.1,CBM50
4.A.3,4.A.3,4.A.3,AraC_binding|HTH_18,GH4,CE0,2.A.23
9.B.72,2.A.3,3.D.2,3.D.2,2.A.86,2.A.7,2.A.7,2.A.1,HTH_1|LysR_substrate,Fe_dep_repress,CbiA,2.A.49,5.A.3,5.A.3,5.A.3,5.A.3,2.A.7,2.A.1,GntR,9.B.34,2.A.1,2.A.7,GntR,4.A.3,4.A.3,4.A.3,1.B.3,GH1,HTH_18,MarR,2.A.95,2.A.1,HTH_1|LysR_substrate,9.B.34,1.A.46
1.M.1,GH24,1.E.1,1.E.53
1.B.39,GT0,2.C.1,1.A.1,1.A.1,3.A.1,3.A.1,3.A.1,3.A.1,3.A.1,2.A.95
1.B.46,Pribosyltran,2.A.53,GH37,Peripla_BP_2,3.A.1,3.A.1,1.B.14,1.E.43,GH23,2.A.36,Pyr_redox,GntR,2.A.34,5.A.2,1.B.1
GH3,4.A.1
2.A.108,2.A.108,2.A.108,2.A.21,TetR_N,AA6,5.A.3,5.A.3,5.A.3
1.M.1,GH24,1.E.1,1.E.53,2.A.109
GH104,1.E.3
CE8,2.A.47,HTH_1|LysR_substrate,3.A.1,3.A.1,3.A.1,8.A.50,HTH_1|TOBE,3.A.1
1.B.25,4.A.1,CE9
1.B.10,2.A.6,2.A.6,3.A.5,CBM34|GH13_21,2.A.3,2.A.26
9.A.18,Rrf2,1.B.12,3.A.1,3.A.1,3.A.1,GH2,4.C.1,Citrate_synt,3.A.23,2.A.76
GH23,HTH_1|LysR_substrate,3.A.1,3.A.1,3.A.1
GT19,1.B.33
3.A.1,1.A.62,2.A.49,3.A.1,3.A.1,3.A.1,1.B.14,GT51
2.A.3,9.B.125,3.A.15,3.A.15,NUDIX,3.A.5,CE11,GT28,2.A.103,9.B.146
GH23,3.A.1,4.B.1
1.M.1,GH24,1.E.1
1.B.12,GT0,1.B.42,1.B.42
3.A.3,Peripla_BP_3|LacI,4.A.1,GH13_29
CBM50,2.A.25,1.A.23,2.A.3,3.D.10,3.D.10,2.A.7,9.B.13
3.A.6,3.A.6,3.A.6,1.B.22,TPR_3,GH23,3.A.6,3.A.6,3.A.6
2.A.3,GT26,9.B.128,GT56,2.A.66,Aminotran_1_2,GT0,9.B.146,3.A.6,1.I.1
2.A.81,GntR,4.A.1,GH4,AraC_binding|HTH_18,2.A.21,9.B.51,2.A.1,ACT,GerE|Response_reg,MASE1|HATPase_c,2.A.1,2.A.1,2.A.40,1.B.54,Trans_reg_C,1.C.36,TPR_3,2.A.7,2.A.1,2.A.40,2.A.27
GT30,GT9,GT4,GT8,GT4,GT8,GT8,GT73,GT4,GT9,GT9,Aminotran_1_2,GT2,1.A.34
2.A.56,2.A.56,2.A.56,IclR|HTH_IclR,3.D.1,Aminotran_1_2,GH73,9.B.44,9.B.97,2.A.109,1.E.53,CSD,HTH_3,9.B.186,5.A.3,2.A.1,3.A.1,3.A.1,3.A.1,3.A.1,3.A.1,2.A.42
GT2,4.D.3,GH8,1.B.55,GGDEF|EAL,2.A.23,PfkB,EAL,2.A.1,9.B.126,HTH_1|LysR_substrate,GerE,GH37,5.B.3,HTH_18,HTH_18,2.A.6,8.A.1,GerE,9.B.36,3.A.1,3.A.1,3.A.1,1.B.14
2.A.8,2.A.95,CBM48|GH13_9,CBM48|GH13_11,GT5,GT35
9.B.104,HTH_DeoR|DeoRC,GerE,GT35,GH77,2.A.8,9.A.8,9.A.8,9.A.8,Trans_reg_C|Response_reg,2.A.21
GT51,1.B.22
GT51,8.A.8,4.A.2,1.B.42,1.B.42,1.B.42,CBS|SIS,2.A.19,3.A.1,3.A.1,3.A.1,3.A.1,3.A.1
4.A.6,4.A.6,SIS,CE9,4.A.6,4.A.6,4.A.6,HTH_DeoR|DeoRC,2.A.1,HTH_1|LysR_substrate,PALP,2.A.42,2.A.42,HTH_1|LysR_substrate,9.B.124,1.E.34,9.B.27,GntR,1.B.11,2.A.1,2.A.23,2.A.109,9.B.114,Pyr_redox_2,GH63,2.A.3,GH2
2.A.14,3.A.15,1.B.22,3.A.15,3.A.15,3.A.15,3.A.15,3.A.15,HTH_1|LysR_substrate,2.A.13,GT44,9.B.120,2.A.1,GH23
9.B.153,GH1,1.C.113
3.A.23,CBM50,HTH_18,1.B.22,3.A.6,3.A.6,3.A.6,3.A.6,3.A.6
3.A.7,GH102
CBM50,Sigma70_r2|Sigma70_r4|Sigma70_r3,MarR,2.A.8
