3.A.7,GH23
GH23,1.E.33
4.A.1,1.B.17,9.B.27,9.B.29,GH3,3.A.1,3.A.1,3.A.1,3.A.1,MerR,9.B.33,Response_reg|LytTR,3.A.1,2.A.113,LysR_substrate|HTH_1,2.A.40
2.A.1,Response_reg|Trans_reg_C,HATPase_c|HisKA,2.A.1,2.A.6,2.A.6,8.A.1,AlkA_N|HhH-GPD,9.B.22,2.A.109,1.B.73,1.B.18,8.A.3,9.B.18,GH39,AraC_binding,3.A.1,3.A.1,GT4|GT4,GT4
3.A.7,3.A.7,3.A.7,3.A.7,GH23
1.B.1,HD,2.A.7,9.B.34,GerE,GH13_5,3.A.1,PALP,3.A.1,3.A.1,GerE|Autoind_bind,GerE|Response_reg,4.F.1
1.E.1,GH24,9.B.124,2.A.42,2.A.1,3.A.1,3.A.1,3.A.1,GT20,2.A.2,GH105,9.B.158
3.A.1,3.A.1,3.A.1,CBM50
5.A.2,2.A.34,GntR,Pyr_redox,2.A.36,GH23,1.B.14,GH37,HTH_18,2.A.1,LysR_substrate|HTH_1,PALP,2.A.42
3.A.23,3.A.23,GH108|GH73
9.B.34,HD,2.A.76,9.B.34,2.A.1,AraC_binding|HTH_18,9.B.34,9.B.99,GH18
4.A.3,4.A.3,4.A.3,AraC_binding|HTH_18,GH4,CE0,2.A.23
2.A.2,GH3,AraC_binding|HTH_18,3.A.7
4.A.7,4.A.7,4.A.7,4.A.2,4.A.2,4.A.2,GH43_11,2.A.2
3.A.23,3.A.23,Pkinase,GH108|GH73
2.A.40,9.B.35,2.A.39,GntR,CE4
8.A.5,8.A.5,Peripla_BP_3|LacI,Glucokinase,4.A.3,4.A.3,4.A.3,4.A.3,1.B.3,GH5_41|CBM35,GH1,1.B.25,2.A.1,9.B.12,2.A.8
GH13_16,3.D.4
GH33,2.A.1,2.A.95,MarR,HTH_18,2.A.7,2.A.1
9.B.34,Peripla_BP_3|LacI,GH2,2.A.1
4.A.1,Aminotran_1_2,9.B.102,MerR,3.A.1,GH1,HHA,3.D.6,3.D.6,3.D.6,3.D.6,3.D.6,3.D.6,HhH-GPD,2.A.17
1.B.75,PfkB,2.C.1,2.A.7,MASE1,2.A.2,PL22|PL22,AraC_binding,1.A.1,3.A.1,3.A.1,3.A.1,3.A.1,3.A.1,2.A.95
GH3,4.A.1
2.A.1,GT2
2.A.40,2.A.7,AA6
2.A.1,2.A.1,2.A.1,LysR_substrate|HTH_1,MerR,GH73
3.A.6,3.A.6,CheZ,Response_reg,CheB_methylest|Response_reg,CheR_N|CheR,1.B.52,1.B.52,CheW,CheW|HATPase_c|CheY-binding|H-kinase_dim,1.A.30,1.A.30,FlhC,FlhD,PfkB,4.A.1,GH32,Peripla_BP_1|Peripla_BP_3|LacI,Cyanate_lyase,2.A.53
3.A.1,1.A.14,GT4,3.A.1,3.A.1,3.A.1,9.B.55,2.A.85,1.B.6
2.A.1,GH31,3.A.1,GntR,GH1,8.A.5,2.A.45,Fe_dep_repr_C|Fe_dep_repress,1.B.6,2.A.7,3.A.1,3.A.1,3.A.1,1.A.23
2.A.1,1.B.25,4.A.1,CE9
3.A.1,3.A.1,HTH_3,2.A.114,3.A.1,GH18,2.A.1,3.A.1,3.A.1,3.A.1,4.C.1,1.B.14,MarR,3.A.1,3.A.1,3.A.1,2.A.15,TetR_N,AA3_2,3.A.3
CBM34|GH13_21,2.A.3,2.A.26
GT4,GT4,GT2,1.B.18,9.B.18,8.A.5,LysR_substrate|HTH_1,GntR,2.A.3
3.A.1,3.A.1,3.A.1,3.A.1,2.A.3,3.A.1,3.A.1,3.A.1,3.D.5,3.D.5,3.D.5,3.D.5,3.D.5,3.D.5,3.D.5,SIS,2.A.76,LysR_substrate|HTH_1,GH23,2.A.1,LysR_substrate|HTH_1,3.A.1,3.A.1,3.A.1
GH19|CBM73,GT19,1.B.33
3.A.1,1.A.62,2.A.49,3.A.1,3.A.1,3.A.1,1.B.14,GT51
2.A.3,2.A.2,GH43_26,9.B.125,3.A.15,3.A.15,NUDIX,3.A.5,CE11,GT28,2.A.103,9.B.146
1.B.11,CBM5,GH18,Trans_reg_C,GH108,LysR_substrate|HTH_1,1.A.33,2.A.96,3.A.7,2.A.25
GH23,3.A.1,4.B.1
GH20,3.A.3,Peripla_BP_3|LacI,4.A.1,GH13_29,4.A.3,GH4,4.A.3
CBM50,3.A.1,1.A.23,2.A.3,3.D.10,3.D.10,2.A.7,9.B.13
1.B.11,3.A.1,3.A.1,2.A.3,2.A.13,5.A.1,PerC,1.B.55,CE4|GH153,GT2,2.A.109,2.A.2,GH4,HTH_18,2.A.1
9.B.21,HEM4,2.A.3,GT26,9.B.128,GT56,2.A.66,Aminotran_1_2,GT0,9.B.146,3.A.6,1.I.1,LysR_substrate|HTH_1,9.B.120
2.A.1,2.A.81,GntR,4.A.1,GH4,9.B.51,PALP,2.A.8,LysR_substrate|HTH_1,2.A.1,2.A.7
1.B.3,2.A.2,GH31,HTH_11|Mga,4.A.2,4.A.2,4.A.2,Glucokinase,SIS|HTH_6,GH4,4.A.1,2.A.40,2.A.27,1.A.8,3.A.1,9.B.124
GT2,GT30,GT2,GT4,GT4,GT9,GT9,GT9,Aminotran_1_2,GT2,1.A.34
2.A.14,4.A.2,9.B.32,8.A.1,3.D.1,Aminotran_1_2,GH13_19,GH73,Peripla_BP_3|HTH_18,3.A.1,3.A.1,3.A.1,9.B.44,9.B.97,3.A.1,CSD,2.A.1,2.A.1,PfkB,Peripla_BP_1|LacI,9.B.186,5.A.3,2.A.1,3.A.1,3.A.1,3.A.1,3.A.1,3.A.1
GT2,4.D.3,GH8,1.B.55,EAL|GGDEF,2.A.23,PfkB,9.B.121,2.A.1,9.B.126,LysR_substrate|HTH_1,GerE,GH37,Peripla_BP_3|LacI,2.A.8
2.A.17,9.B.4,2.A.20,Pyr_redox_2,1.A.26,3.A.1,3.A.1,3.A.1,3.A.1,3.A.1,LysR_substrate|HTH_1,Aminotran_1_2,GT2,GT83,2.A.7,2.A.7
2.A.6,GT2
2.A.8,CBM48|GH13_9,CBM48|GH13_11,GT5,GT35,Rhodanese,9.B.104,DeoRC|HTH_DeoR,GerE,GT35,GH77,2.A.8,Pribosyltran,9.A.8,9.A.8,9.A.8
GT51,1.B.22
GT51,8.A.8,4.A.2,1.B.42,1.B.42,1.B.42,SIS|CBS,2.A.19,3.A.1,3.A.1,3.A.1,3.A.1,3.A.1
GH36,SIS,CE9,4.A.6,4.A.6,4.A.6,4.A.6
3.A.1,3.A.1,3.A.1,3.A.1,GH63,2.A.3,2.A.3,GH2
2.A.39,LysR_substrate|HTH_1,2.A.39,AraC_binding|HTH_18,GH154,2.A.1,GH88,1.B.14,3.A.1,GT1,GntR,2.A.1,Glucokinase,9.B.120,2.A.1,GH23,HhH-GPD,3.A.1,3.A.1,3.A.1,9.A.4,3.A.15
5.A.1,GH1,SIS|HTH_6,1.C.113
9.B.120,LysR_substrate|HTH_1,CBM50
2.A.42,2.A.117,LysR_substrate|HTH_1,2.A.1,Peripla_BP_1|LacI,2.A.1,GH32,1.B.15,LysR_substrate|HTH_1,3.A.1,Peripla_BP_3|LacI,4.C.1,2.A.1,8.A.5,2.A.109,4.A.2
3.A.7,GH102
3.D.1,3.D.1,3.D.1,3.D.1,3.D.1,3.D.1,GH1,4.A.1,Peripla_BP_3|LacI,5.A.3,2.A.52,Pyr_redox_2,3.A.23,SIS|CBS,DeoRC|HTH_DeoR,4.A.4,4.A.4,4.A.4,GH103,3.A.1,3.A.1
GH104,1.E.3
GH19,1.E.56,1.E.43
GH23,HATPase_c|HisKA,3.A.23,Aminotran_1_2,2.A.1,2.A.113
1.E.56,GH19,LysR_substrate|HTH_1,9.B.209,MASE1|EAL,GH105,2.A.2,GH28,GH1,Pribosyltran,2.A.40
