GH23,TPR_2,3.A.23,HATPase_c,9.B.18
3.A.1,Pyr_redox_2,GH158
1.B.12,dCache_2,GH13_31
GT2,2.A.123,GT83,3.A.3
GH103,Sigma70_r3|Sigma70_r4|Sigma70_r2,CBM50,9.B.34,CheR_N|CheR,2.A.21,9.B.34
2.A.71,GT20
GH23,HisKA|HATPase_c|CHASE3,3.A.23
GT2,9.B.186
3.A.5,CE11,GT28,2.A.103,9.B.146
GT4,9.B.97,GT4,9.B.18,GT4|GT2
GT4|GT2,9.B.97,TPR_1,GT0,GT2,3.A.1,3.A.15
3.A.15,3.A.15,3.A.15,GT4,9.B.18,GT30,2.A.6,Rhodanese,2.A.6
GT51,1.A.26
1.B.22,GT51
3.A.7,GH23
CE1,3.D.6,3.D.6,3.D.6,3.D.6,3.D.6,3.D.6,9.B.176,5.B.1,PAS,2.A.76,3.A.1
3.A.23,9.B.1,CBM50,3.A.11,3.A.7
GT104,GGDEF|GAF|Response_reg|PAS|EAL,Response_reg,2.A.21
GH23,PALP,4.A.2,HTH_IclR,1.B.42
2.A.117,GT0,3.A.1,3.A.1,3.A.1,3.A.1,4.C.1,2.A.21,Trans_reg_C|Response_reg,MarR,1.B.17,8.A.1,2.A.1
2.A.25,GT2,3.A.1,GT4,GT9,GT9
1.A.23,GH23
1.B.1,8.A.3,9.B.42,GT4,GT4,GT4,PL14,4.C.1,GT2,GT2
4.C.1,PL0
9.A.55,3.A.16,3.A.1,3.A.1,3.A.1,3.D.1,3.D.1,3.D.1,3.D.1,3.D.1,3.D.1,3.D.1,3.D.1,3.D.1,3.D.1,3.D.1,3.D.1,3.D.1,3.D.1,NUDIX,2.A.4,GH103,HATPase_c,2.A.49
1.B.1,DctP,2.A.56,2.A.21,3.A.23,AA4
1.A.63,GH3,4.F.1,2.A.38,2.A.38
GT4,9.B.18
1.B.33,GT19
1.B.14,3.A.1,9.B.34,ACT,HTH_1|LysR_substrate,GT2,GH17,9.B.149,1.A.34,1.B.14
3.A.1,3.A.1,3.A.1,3.A.1,EAL,1.B.52,3.A.1,3.A.1,GT35,HisKA|HATPase_c,Trans_reg_C|Response_reg,2.A.1,TetR_N,3.A.1
GH23,3.A.1
9.B.72,2.A.76,GT9,9.B.29
GH23,3.A.7,3.A.7,3.A.7,3.A.7,3.A.7,3.A.7,3.A.7,3.A.7
9.B.20,3.A.1,2.A.21,3.A.23,GT4,GT9,GT5,GH77|GH13_26,GH13_10,CBM48|GH13_11,1.A.23,GT4,GT4
GH13_16,GH13_3,CBM48|GH13_9,GT9,GT9,GT2,AAA,1.B.46,3.A.12,1.A.1
2.A.6,CE4,GT2
