9.B.34,1.E.43,GntR,1.B.1,2.A.39,LysR_substrate|HTH_1,GT51,1.A.62,9.B.174
5.A.1,MarR,GH54|CBM13
GH88,3.A.1,3.A.1
2.A.1,GT2
3.A.1,GT2,GT4,GT2
GT2,9.B.146,GT9,TrmB,5.A.3,5.A.3,GT30,GT8,2.A.6,2.A.6,2.A.6,TetR_N,Rhodanese,2.A.6,2.A.6,2.A.16
GH73,3.A.6,3.A.6,3.A.6,3.A.6,3.A.6,3.A.6
1.I.1,Rhodanese,3.A.1,GT9,GT9,GT8
2.A.1,LysR_substrate|HTH_1,HTH_5,2.A.1,HxlR,1.A.62,3.A.1,3.A.1,3.A.1,3.A.1,3.A.1,3.A.1,1.A.30,1.A.30,1.A.30,TPR_2,8.A.21,LysR_substrate|HTH_1,CBM32,PL5,9.A.25
3.D.1,Sigma70_r4_2|Sigma70_r2,RseA_N,9.B.160,1.A.63,2.A.46,GH3,4.F.1,2.A.99
3.A.11,GT51
2.A.7,2.A.1,3.A.1,3.A.1,3.A.1,SIS,CE9,3.A.1,3.A.1,SBP_bac_1,3.A.1
GH74,GH74,CBM32,SBP_bac_1,LysR_substrate|HTH_1,1.B.12
1.A.14,CBM50
2.A.6,GT2
CBM50,3.A.1,9.B.8,9.B.8,LysR_substrate|HTH_1,2.A.1
1.B.33,GT4
CBM5,GH15,GntR|cNMP_binding,3.A.1,3.A.1,3.A.1,3.A.1
2.A.1,GT1,3.A.1,3.A.1,3.A.1
9.B.97,GT26,GT2,GH5_5,GT4,8.A.3
GH23,1.I.1,2.A.7,3.A.1,3.A.1,3.A.1,3.A.1
3.D.10,GT41|GT41
8.A.21,TPR_2|TPR_1,8.A.7,GT19,1.B.33
2.A.1,2.A.6,Trans_reg_C|Response_reg,HisKA|HATPase_c,GH23,3.A.1,3.A.1,3.A.1
9.B.34,GT4,GT4,3.A.1,3.A.1,9.B.97,GT4,GT4,3.A.1,3.A.1,3.A.1,FeoA,9.A.8,3.A.1,3.A.1,3.A.1,3.A.1,2.A.7,9.B.102,9.B.102,HTH_5,AA3_2
9.B.35,CE4,1.B.1,9.B.43,LysR_substrate|HTH_1,2.A.40
2.A.37,GT0,GT2
1.A.30,1.A.30,9.A.4,3.A.23,HisKA|HATPase_c,9.B.14,GH23
1.A.34,CE11
GT28,2.A.103
GH23,1.E.40
3.A.1,3.A.1,3.A.1,Aminotran_1_2,3.A.7,3.A.11,CBM50,3.A.1,3.A.1,3.A.1,2.A.103,9.B.157,9.B.157
GT28,GntR,2.A.114
2.A.1,3.A.1,3.A.1,3.A.1,3.A.1,Aminotran_1_2,GntR|Aminotran_1_2,3.A.1,3.A.2,3.A.2,3.A.2,3.A.2,3.A.2,3.A.2,3.A.2,3.A.2,CbiA,2.A.102,3.A.1,3.A.1,3.A.1,3.A.1,AA3_2,LysR_substrate|HTH_1,9.B.121
