3.A.1,3.A.1,GH10,GH51,3.A.1
2.A.6,GH13_10,GH13_26,CBM48|GH13_11,9.B.97,2.A.1,2.A.89
3.A.1,3.A.1,3.A.1,Peripla_BP_1,GH106,GntR,HTH_1,CBM67|GH78,PfkB,GH43_22|GH43_34,GH51,GH43_22,Peripla_BP_3|LacI,3.A.1,3.A.1,3.A.1,3.A.1
PL0,4.A.2
GH23,5.A.1,9.B.14
3.A.1,3.A.1,1.A.104,3.A.1,3.D.4,3.D.4,3.A.6,3.A.6,3.A.6,3.A.6,1.A.30,1.A.30,GH23,3.A.6
2.A.1,MarR,GH13_30
GT39,GH23|CBM50,3.A.1
GH15,8.A.5
GH23,2.A.1
2.A.86,ACT|PALP,CE14,1.C.113
3.A.1,3.A.1,3.A.1,2.A.7,GH65
3.A.5,GT2,1.A.11,NTP_transf_2|HD|ACT,9.B.76,HTH_IclR,GH3
GT4,2.A.7
9.B.146,2.A.103,GT28
PL31,GT2,HATPase_c,2.A.1
4.C.1,3.A.3,Response_reg|GerE,HATPase_c,GT2,GerE,3.A.1,9.B.106
3.A.12,Response_reg,PAS|HATPase_c|dCache_1,2.A.80,2.A.80,4.F.1,CBM5
2.A.1,GT2,4.C.1
1.A.35,8.A.5,GerE,HATPase_c,Response_reg|GerE,9.B.18,GT2
3.A.1,GT4,GT2,GH39,GT4
4.C.1,4.C.1,GH6,4.C.1,TetR_N,8.A.5,4.C.1
CBM67|GH78,Sigma70_r4_2|Sigma70_r2,9.B.185
CBM48|GH13_11,3.A.1,3.A.1,3.A.1,3.A.1,3.A.1
GT35,GH13_3,GH13_16,CBM48|GH13_9,NUDIX,2.A.7
GH114,2.A.25
2.A.86,CBM22|GH43_16|CBM6
3.A.1,GT2,Pyr_redox,GT2,Peptidase_M23,3.A.1
9.A.47,CBM57,GerE|TrmB,GT2,GH26,9.B.74
GH3,HTH_5,9.A.40,9.A.40,PIG-L,2.A.38,2.A.38,GH106|GH106
AA3_2,PfkB,GH13_21,3.A.1
3.A.11,3.A.15,3.A.11,3.A.15,3.A.11,GT4
3.A.1,3.A.1,3.A.1,3.A.1,GH1,Peripla_BP_3|LacI,2.A.1
8.A.3,9.B.18,GT4
AA3_2,3.A.1,3.A.1,3.A.1
GH77,IclR|HTH_IclR,CBM32,3.D.7,2.A.21
1.I.1,Pyr_redox_2,3.A.1,3.A.1,3.A.1,Aminotran_1_2,GH1
