2.A.3,HTH_1|LysR_substrate,AA10,Sigma70_r4,2.A.1,NUDIX,5.B.5
2.A.1,GH43_11,2.A.2,HTH_1|LysR_substrate,CBS,GH31,2.A.1,LacI|Peripla_BP_3,2.A.69,1.B.33
2.A.113,2.A.1,Aminotran_1_2,3.A.23,HATPase_c|HisKA,GH23,4.A.1
2.A.17,2.A.3,Trans_reg_C,Glyoxalase,GT19,1.B.33
GH102,3.A.7
4.A.2,NUDIX,2.A.109,8.A.5,2.A.1,4.C.1,5.A.3,LacI|Peripla_BP_3,GntR,4.A.3,GH1,4.A.3,4.A.3,3.A.1,HTH_1|LysR_substrate,2.A.1,HTH_1|LysR_substrate,3.A.1,3.A.1
2.A.6,3.A.1,3.A.1,3.A.1,HTH_1|LysR_substrate,2.A.14,CBM50
2.A.7,2.A.7,HTH_1|LysR_substrate,3.A.1,3.A.1,3.A.1,1.B.14,GT51
3.A.1,3.A.1,2.A.53,Pribosyltran,1.B.76,8.A.2,2.A.25,DeoRC|HTH_DeoR,2.A.10,HTH_1|LysR_substrate,2.A.69,3.B.1,3.B.1,3.B.1,Pyr_redox_2,GntR,2.A.3,TetR_N,2.A.2,GH43_26,2.A.1
GH23,1.B.25,2.A.41
GT56,Aminotran_1_2,GH23,3.A.23,3.A.6,1.B.22,3.A.6,3.A.6,3.A.6,3.A.6,3.A.6,Sigma70_r4_2|Sigma70_r2,HATPase_c|PAS,GerE|Response_reg,3.A.3
9.B.36,2.A.6,8.A.1,3.A.1,CBM32,1.B.6,PfkB,1.B.15,4.A.1,GH32,Peripla_BP_1|LacI|Peripla_BP_3,1.A.30,1.A.30,2.A.56,2.A.56,9.B.27,HTH_18,Nitroreductase,GH23,GntR,2.A.39,PfkB,1.B.76
GH108|GH73,1.A.12,2.A.42,Aminotran_1_2,GntR|Aminotran_1_2,3.A.1,Pyr_redox_2,2.A.109,2.A.23,2.A.1,GntR,9.B.27,1.E.34
2.A.1,5.A.3,5.A.3,5.A.3,SIS,GT51
9.B.33,4.A.3,4.A.3,4.A.3,GH4,LacI|Peripla_BP_3,2.A.1,NIR_SIR|Pyr_redox_2|NIR_SIR_ferr,1.A.16
1.B.22,GT51
9.A.8,9.A.8,9.A.8,Pribosyltran,GH77,GT35,GerE,Rhodanese,9.B.104
1.A.34,Aminotran_1_2,GT9,GT9,GT4,GT9,GT9,GT4,GT4,GT9,GT30,GT2
GH108|GH73,HTH_1|LysR_substrate,1.A.62
GH108|GH73,9.B.97,3.A.1,3.A.1,3.A.1,HTH_18|Peripla_BP_3,HTH_1|LysR_substrate,2.A.1,1.C.80,1.B.11
2.A.109,HTH_1|LysR_substrate,GT9,1.B.20
2.A.1,3.A.1,3.A.1,3.A.1,3.A.1,3.A.1,CbiA,GT2,4.D.3,GH8,1.B.55,EAL|GGDEF,2.A.47,2.A.23,1.I.1,3.A.6,9.B.146,GT0,Aminotran_1_2,2.A.66,GT56,9.B.128,GT26,2.A.3,TPR_2,HEM4,9.B.21
GH13_29,4.A.1,LacI|Peripla_BP_3,GH20
AA3_2,1.B.42,1.B.42,2.A.7,2.A.7
GH1,4.A.1,1.B.25
1.B.20,1.C.75,HTH_18|AraC_binding,2.A.1,3.A.1,9.B.10,2.A.114,GT20
4.B.1,GT0,3.A.1,1.B.6,GGDEF,GH23
2.A.25,3.A.7,1.A.33,2.A.33,HTH_1|LysR_substrate,9.B.105,HTH_18|AraC_binding,GH4,2.A.1,2.A.37,2.A.37,2.A.76,2.A.79
9.B.146,2.A.103,GT28,CE11,3.A.5,NUDIX,3.A.15,3.A.15,9.B.125,Aminotran_1_2,2.A.49,1.A.62,3.A.1,HD,Diacid_rec,2.A.1,2.A.21
CBM50,Sigma70_r3|Sigma70_r2|Sigma70_r4,GH103,2.A.1
GH24,1.E.25,2.A.13,1.B.33,3.A.9
GT2,2.A.6
GH2,2.A.1,1.A.23,HTH_18,2.A.76
2.A.26,2.A.3,1.A.23,CBM34|GH13_21
3.A.1,3.A.1,3.A.1,3.A.1,9.A.40,GH18,MarR,CE9,4.A.1,1.B.25,GH20
1.A.14,3.A.1,3.A.1,3.A.1,3.A.1,TetR_N,1.I.1,2.A.3,MarR,2.A.117,HTH_1|LysR_substrate,9.B.27,HTH_1|LysR_substrate,MerR,3.A.1,9.B.29,8.B.24,1.C.1,1.B.52,HTH_18,3.A.1,Aminotran_1_2,HTH_1|LysR_substrate,GH3
1.B.11,2.A.15,TetR_N,AA3_2,GerE,EAL,1.B.11
3.A.1,3.A.25,3.A.1,3.A.1,3.A.1,3.A.1,HTH_1|LysR_substrate,2.A.1,GntR,9.B.169,9.B.114,2.A.122,1.E.14,2.A.1,3.A.1,9.B.22,2.A.61,2.A.109,1.B.18,8.A.3,GT2,9.B.18,GT2,2.A.66,GT2,3.A.1,3.A.1,3.A.1,GT4,GT4,GT2
1.A.14,3.A.23,1.B.6,GH19
2.A.40,9.B.35,2.A.39,GntR,CE4,HTH_6|SIS,3.A.1,3.A.1,3.A.1,3.A.1,9.B.8,9.B.8,3.A.15,3.A.23,1.B.14,2.A.19,HTH_1|LysR_substrate,2.A.15,2.A.38,2.A.76,HTH_1|LysR_substrate,HTH_3,2.A.7,2.A.3
2.A.1,9.B.2,2.A.36,GT2
GH3,Pyr_redox_2,3.A.1,3.A.1,3.A.1,Glucokinase,3.A.1,3.A.1,3.A.1,3.A.1,FlhC,4.C.1
GH32,2.A.1,2.A.1
2.A.7,3.A.1,3.A.1,3.A.1,3.A.1,GH23,2.A.42
3.A.1,3.A.1,Aminotran_1_2,GT2,GT83,2.A.7,EAL,3.A.1,3.A.1,3.A.1,1.B.14
2.A.7,1.A.23,HTH_1|LysR_substrate,3.A.1,3.A.1,3.A.1,GH4,3.A.1,GH13_31
AA10,HTH_5,9.B.102,9.B.102,9.B.34,NUDIX,8.A.5,8.A.5,2.A.1,9.B.72
2.A.1,2.A.7,2.A.1,3.A.1,3.A.1,3.A.1,3.A.1,5.B.3,2.A.49,CbiA,MarR,HTH_1|LysR_substrate,2.A.1,2.A.1,GT2
GH103,CbiA,4.C.1,2.A.7,2.A.7
CBM50,3.A.1,3.A.1,3.A.1
GH36,SIS,4.A.6,4.A.6,4.A.6,4.A.6
8.B.24,3.A.18,CSD,GT2,NUDIX,EAL,2.A.109,4.A.6,4.A.6,4.A.6,2.A.107
3.D.4,3.D.4,5.A.3,5.A.3,5.A.3,GT2,GT4,GT2,2.A.66,8.A.3,1.B.18,9.B.146,Trans_reg_C,2.A.1,HATPase_c,GerE|Response_reg,1.B.54,3.D.1,NIR_SIR|Pyr_redox_2|NIR_SIR_ferr,3.A.1,3.A.1,3.A.1,ANTAR|NIT,2.A.21,3.A.1,3.A.1,3.A.1
9.B.97,3.A.6,3.A.6,3.A.6,3.A.6,3.A.6,3.A.6,3.A.6,3.A.6,GH73
3.A.23,3.A.23,Pkinase,GH108|GH73
GH1,4.A.1,LacI|Peripla_BP_3,4.A.3,GH1,4.A.3,4.A.3,3.A.1,3.A.1,3.A.1,3.A.1,HTH_1|LysR_substrate,2.A.47
