GT4,PL12,9.B.18,GT4,GH13_18,2.A.114,LytTR|Response_reg,HATPase_c,9.B.33
9.B.18,GT4,GT4,9.B.18,9.B.18,8.A.3,8.A.3,CBM54,8.A.3,8.A.3,CBM54,9.B.18,8.A.3,8.A.3,CBM54,9.B.18,1.B.52
3.A.1,3.A.1,3.A.1,3.A.1,3.A.1,GT51,HATPase_c,Response_reg,2.A.7
3.A.1,GyrI-like|HTH_18,2.A.66,GT4
2.A.115,9.B.176,PadR,3.A.1,3.A.1,3.A.1,PfkB,LacI|Peripla_BP_1,SLH|CBM54,Hemerythrin,2.A.66,3.A.2,3.A.2,3.A.2,3.A.2,8.A.7,PTS-HPr,3.A.23
3.A.5,Fer4,3.D.1,3.D.1,9.B.174,Peptidase_M23,3.A.1,HTH_8,3.A.1,2.A.115,GT26
2.A.38,2.A.38,3.A.1,GntR,GH2,3.A.1,3.A.1,9.B.27
GT4,GntR,3.A.1,8.A.8,4.A.2,PfkB,HTH_DeoR|DeoRC,4.A.2,8.A.7,3.A.1,Sigma70_r4_2,2.A.86,2.A.21
1.B.52,GH73,8.A.5,2.A.66,3.A.1,3.A.1,3.A.1,3.D.1,2.A.1,1.A.26
GH94,GT84,3.A.3
GT4,8.A.59
3.A.1,3.A.1,GH2,Peripla_BP_3|LacI,9.B.34
8.A.59,Response_reg|Trans_reg_C,HhH-GPD,Pyr_redox_2,GH1,3.A.1,3.A.1
3.A.1,3.A.1,Peripla_BP_3|LacI,GT28,9.B.104,1.B.52,2.A.8
3.A.11,3.A.15,3.A.15,Sigma70_r2,1.B.52,9.B.34,AraC_binding,CE9,4.A.1,4.A.1
2.A.86,GH36
GT5,TetR_N,2.A.6,Fer4,3.D.6,3.D.5,3.D.5,5.B.1,3.A.7,3.A.1,8.A.59
8.A.59,GH18,Pribosyltran,9.B.146,GT0,3.A.2,3.A.2,3.A.2,3.A.2,3.A.2,3.A.2,3.A.2,3.A.2
2.A.37,Citrate_synt,3.A.1,3.A.1,3.A.1,PfkB,3.A.1,3.A.1,3.A.1,CBM50,CBM50
1.C.113,Peripla_BP_3|LacI,B12-binding,HhH-GPD,CBM34|GH13_39,2.A.51,2.A.51,2.A.78,2.A.78
3.A.1,GH13_4,3.A.1,3.A.1,3.A.1,2.A.3,GH77,9.B.34,GT35,9.B.157
3.A.1,GT51
9.B.34,NUDIX,Response_reg|Trans_reg_C,HisKA|HATPase_c,GH2,9.B.115
GH13_20,4.A.7,4.A.7,4.A.7,Sigma70_r4,8.A.7,PTS-HPr,2.A.49,Rhodanese,3.A.1,3.A.1
9.B.34,9.B.34,GGDEF|dCache_2|EAL,8.A.5,FUR,9.B.114,GerE|Response_reg,3.A.1,9.B.34,3.A.1,3.A.1,2.A.1,3.A.9,1.B.52,9.B.34,GH13_16,HxlR,Response_reg|HTH_18,9.B.33,DctP,2.A.56,2.A.80
GH3,9.B.34,SBP_bac_1,3.A.1,3.A.1,HD,GGDEF|EAL,1.E.43,GerE|Response_reg,3.A.1,3.A.1,3.A.1,1.B.52,HATPase_c,SBP_bac_1,Peripla_BP_1,1.A.35
CBM48|GH13_9,Pyr_redox_2,9.B.102,9.B.102,LysR_substrate|HTH_1,Aminotran_1_2,GT2
CBM50,2.A.4
