2.A.81,Aminotran_1_2,GH13_19,PfkB,LacI|Peripla_BP_1,9.B.186
2.A.1,2.A.6,2.A.1,4.A.1,GH1,1.B.19
2.A.1,GH18,3.A.1,3.A.1,3.A.1,3.A.1,3.A.1,9.B.20,2.A.1
GT2,4.D.3,GH8,1.B.55,EAL|GGDEF,2.A.23,1.I.1,3.A.6,9.B.146,GT0,Aminotran_1_2,2.A.66,GT56,9.B.128,GT26,2.A.3,TPR_2,HEM4,9.B.21
5.A.1,2.A.13,1.B.52,2.A.7,3.D.10,3.D.10,1.A.23,2.A.25,CBM50
2.A.37,GH13_29,4.A.1,LacI|Peripla_BP_3,3.A.3,GH20,3.A.1,AA3_2,1.B.42,1.B.42,DeoRC|HTH_DeoR,Autoind_bind|GerE,Glyoxalase,2.A.1,2.A.8
GH1,4.A.1,LacI|Peripla_BP_3,HTH_18,3.A.1,3.A.1,1.B.14,2.A.1,9.B.10,2.A.114,HTH_1|LysR_substrate,9.B.20,3.A.1,1.B.1,3.A.1,3.A.1,GT20
4.B.1,GT0,HTH_1|LysR_substrate,HTH_18,3.A.1,1.B.6,GH23
2.A.25,3.A.7,2.A.96,1.A.33,2.A.33,HTH_1|LysR_substrate,9.B.105,HTH_1|LysR_substrate,GT1,2.A.37,2.A.37,2.A.76,2.A.79
9.B.146,2.A.103,GT28,CE11,3.A.5,NUDIX,3.A.15,3.A.15,9.B.125,2.A.49,1.A.62,3.A.1,HD,2.A.21,ACT,2.A.3,2.A.1
8.A.5,HTH_1|LysR_substrate,4.A.3,4.A.3,GH1,AraC_binding|HTH_18,CE0,2.A.1
GH24,1.E.25
1.B.75,1.B.33,3.A.9,HTH_1|LysR_substrate,GH23,1.B.14
2.A.26,2.A.3,1.A.23,CBM34|GH13_21,3.A.5,2.A.6,2.A.6
1.B.22,3.A.15,3.A.15,3.A.15,3.A.15,3.A.15,3.A.15,3.A.15,8.A.2,AA10|CBM73,HHA,3.A.1,3.A.1,3.A.1,2.A.6,8.A.1
GH18|CBM12,MarR,CE9,4.A.1,1.B.25,GH20
3.A.1,Aminotran_1_2,HTH_1|LysR_substrate,GH3,3.A.1,3.A.1,3.A.1
2.A.1,2.A.7,2.A.76,AraC_binding|HTH_18,GH13_5,1.B.48
2.A.15,TetR_N,AA3_2
1.B.18,8.A.3,GT4,GT4,9.B.18,3.A.1,3.A.1,3.A.1
3.A.1,3.A.1,GT2
1.E.1,GH24
1.E.1,GH24,1.A.14
1.B.11,HTH_1|LysR_substrate,MerR,2.A.6,2.A.6,2.A.6,2.A.38,AA6,HTH_3,2.A.7,2.A.3,2.A.1
9.B.72,Response_reg|GerE,4.F.1,2.A.13,2.A.1,1.B.17,3.A.1,3.A.1,2.A.36,GT2
GH3,Pyr_redox_2,Rrf2,2.A.6,2.A.6,HTH_18,2.A.17
3.A.1,3.A.1,3.A.1,3.A.1,GntR,3.A.1,GH63,LacI|Peripla_BP_3,GH2,2.A.3
2.A.53,3.A.1,3.A.1,3.A.1,Glucokinase,3.A.1,HTH_6|SIS,GH4,4.A.1,3.A.1,3.A.1,3.A.1,3.A.1
GH32,2.A.1,2.A.1,2.A.24
9.B.174,9.B.1,2.A.1,IclR|HTH_IclR,3.A.1,3.A.1,3.A.1,3.A.1,GntR,2.A.23,3.A.1,3.A.1,3.A.1,3.A.1,GH23,2.A.42,Peripla_BP_2,2.A.95,9.B.2
3.A.1,3.A.1,Aminotran_1_2,GT2,GT83,2.A.7,EAL,3.A.1,3.A.1,3.A.1,1.B.14,4.A.1,2.A.86,3.A.1
GH3,2.A.1,HTH_1|LysR_substrate,Fe_dep_repress,CbiA,MerR,2.A.49,3.A.1,3.A.1,3.A.1,3.A.1,2.A.1,2.A.7,1.B.14,FecR,Sigma70_r4_2|Sigma70_r2,3.A.1,3.A.1
GT44,3.A.1
GH1,2.A.1,PALP,3.A.5,9.B.34,1.A.23,3.A.1,TetR_N,2.A.6,2.A.4,1.A.26,3.A.1,3.A.1,3.A.1,3.A.1,2.A.7
GH18,9.B.99
2.A.1,Pyr_redox,3.A.1,GntR,2.A.34,5.A.2,GH103,CbiA,4.C.1,2.A.7,2.A.7,HTH_6|SIS,1.A.25,CBM50,3.A.1,3.A.1,3.A.1
9.B.158,Aminotran_1_2,2.A.66,2.A.1,8.B.24,3.A.18,CSD,GT2,NUDIX,EAL,2.A.109,4.A.6,4.A.6,4.A.6,2.A.107
5.A.3,5.A.3,5.A.3,GT2,GT4,GT2,2.A.66,8.A.3,1.B.18,9.B.146,Trans_reg_C,2.A.1,HATPase_c,Response_reg|GerE,1.B.54,3.A.1,3.A.1,3.A.1,3.A.1,3.A.1,SBP_bac_5,HTH_1|LysR_substrate,2.A.19,2.A.108,2.A.108,2.A.108,2.A.21,3.A.1,3.A.1,3.A.1
3.A.6,3.A.6,3.A.6,3.A.6,3.A.6,3.A.6,3.A.6,3.A.6,GH73
3.A.23,3.A.23,Pkinase,GH108|GH73
1.B.14,1.A.46,3.A.3,9.B.20,GH129
GT9,GT73,HTH_1|LysR_substrate,2.A.7,2.A.47
1.B.1,GH103,GT2,CE4|GH153,1.B.55
2.A.28,2.A.121,PALP,8.A.8,8.A.7,4.A.3,HisKA|HATPase_c,Trans_reg_C|Response_reg,PALP,3.A.1,3.A.1,3.A.1,3.A.1,9.B.127,1.B.14,2.C.1,2.A.3,8.B.24,1.C.1,1.E.2,1.E.2,GH18,HTH_1|LysR_substrate,AA10
GH31,2.A.1
2.A.113,2.A.1,Aminotran_1_2,3.A.1,3.A.1,3.A.1,3.A.1,HTH_1|LysR_substrate,3.A.23,HisKA|HATPase_c,GH23,9.B.8,4.A.1
GT19,1.B.33
GT51,2.A.1
GH102,3.A.7
3.A.1,4.A.6,4.A.6,4.A.6,4.A.6,DeoRC|HTH_DeoR,2.A.1,3.A.1,GerE,Response_reg|GerE,1.B.11,2.A.6,3.A.1,3.A.1,HTH_1|LysR_substrate,2.A.14,2.A.1,2.A.15,TetR_N,3.A.1,GyrI-like|HTH_18,CBM50,HTH_1|LysR_substrate,9.B.36,Aminotran_1_2,2.A.15
3.A.1,3.A.1,3.A.1,1.B.14,GT51
CBM32,Peripla_BP_2,1.B.14,HTH_1|LysR_substrate,2.A.68,PfkB,1.B.15,4.A.1,GH32,LacI|Peripla_BP_1|Peripla_BP_3,1.A.30,1.A.30,9.B.27,HTH_18,GH23,GntR,2.A.39,PfkB,2.A.1,HTH_1|LysR_substrate,1.B.76
2.A.66,LexA_DNA_bind,2.A.1,LacI|Peripla_BP_1,1.B.3,3.A.1,GH13,3.A.1,3.A.1,3.A.1,1.B.73,ACT,2.A.28,1.B.20,1.C.75,2.A.58,3.A.1
9.B.33,4.A.3,GH4,LacI|Peripla_BP_3,2.A.1,Pyr_redox_2|NIR_SIR|NIR_SIR_ferr,1.A.16
1.B.22,GT51
9.A.8,9.A.8,9.A.8,GH77,GT35,GerE,4.A.7,4.A.7,4.A.7,DeoRC|HTH_DeoR,Rhodanese,9.B.104,DeoRC|HTH_DeoR,Pyr_redox_2,HTH_1|LysR_substrate,2.A.1,GT35,GT5,CBM48|GH13_11,CBM48|GH13_9,2.A.95,SKI,2.A.8
1.A.34,Aminotran_1_2,GT9,GT9,GT4,9.B.67,GT2,GT9,GT9,GT4,GT4,GT9,GT30,GT2
