9.B.160,RseA_N,Sigma70_r2|Sigma70_r4_2,3.D.10,3.D.10,3.D.10,9.B.146,GT4,GT4,GT4
GT4,2.A.102,NUDIX,9.B.20
9.B.153,2.A.66,9.B.27,SpoVT_AbrB,GT4,GT4,GT2
GH103,2.A.103,9.B.157,9.B.157,9.B.157
3.A.5,1.A.34,CE11
GT28,2.A.103,Pyr_redox,9.B.146
2.A.37,9.B.34,2.A.109,1.A.23,2.A.109,1.A.30,1.A.30,Sigma70_r2|Sigma70_r3|Sigma70_r4,CbiA,3.A.5,1.A.104,3.A.6,3.A.6,3.A.6,3.A.6,3.A.6,GT2
GT2,GT2,3.A.1
1.B.22,GT41,GT2,GT4,GT2,3.A.1,3.A.1,GT2
3.A.7,3.A.11,CBM50
GT5,GH57,2.A.6,2.A.6
2.A.9,1.C.39,CbiA,3.A.2,3.A.2,3.A.2,3.A.2,3.A.2,3.A.2,SIS,PfkB,GT4,GT4
9.A.40,2.A.38,GT51,3.A.11,1.B.22
2.A.21,GH13_23
GH13_23,9.B.1,2.A.49,2.A.3,2.A.6
1.A.16,4.C.1,AAA,GH23,PAS,4.F.1
9.B.34,HTH_12,2.A.25,3.A.15,3.A.11,3.A.15,GT4,3.A.23,2.A.21
2.A.6,GT30,PfkB,3.A.18
9.B.34,HATPase_c,CBM50,Fer4,9.B.1,Pyr_redox_2,3.D.2,3.A.12,1.B.46
2.A.6,GT1
GT4,GT4,GT2,GT4,3.A.1,GT2,GT2,GT2,GT4,GT2,GT2,GT4
CBM48|GH13_9,GH13_3,GH13_16,B12-binding,3.B.1,2.A.37
2.A.86,GH57,GT4,3.A.1
3.A.23,5.A.1,3.A.1,3.A.1,GT4,TPR_2,HTH_3,3.A.1,3.A.1
9.B.153,3.A.1,3.A.1,GT2,GT2,GT2,GT4
3.A.1,GerE|Response_reg,3.A.1,3.A.1,3.A.1,3.A.1,GH65,3.A.3
GH13_3,GH15,3.A.1,3.A.1,GH3
3.A.3,GH15,1.B.76,2.A.21,3.A.3,GT35,2.A.86,Guanylate_cyc|CHASE2,1.B.20
9.B.42,AraC_binding,GGDEF,4.C.1,4.F.1,GGDEF,CBS,EAL,2.A.67,1.A.79,GH13_11,GH13_10,GH13_26
3.D.4,3.D.4,3.D.1,3.D.1,3.D.1,3.D.1,3.D.1,3.D.1,3.D.1,3.D.1,3.D.1,3.D.1,3.D.1,3.D.1,3.D.1,9.B.34,GT2
9.B.54,GT2
3.A.3,GH13_16,3.D.4,3.D.4,3.A.3
GT9,GH0|GH39,GT0,GT4,B12-binding,GH0,9.B.126,3.D.4,3.D.4,9.B.126
3.D.4,3.D.4,GH65,2.A.102,2.A.37
GT2,2.A.21
AA3_2,1.B.18
9.B.146,GT4,2.A.66
1.A.26,9.B.106,B12-binding,CBM48|GH13_11
2.A.6,GT19,Aminotran_1_2,9.B.34
GT4,GH78,8.A.7,2.A.1
