GH13_20,1.B.14
2.A.6,2.A.6,2.A.123,HisKA|HATPase_c,Response_reg|Trans_reg_C,GT83
GT2,3.D.7,1.B.6,3.A.1
2.A.3,GT2,GT2,GT2,3.A.1,3.A.1,2.A.7
2.A.1,8.A.1,1.B.17,3.A.23,GH13_14,2.A.7
2.A.6,2.A.6,2.A.6,STAS,3.D.3,Response_reg|GerE,Response_reg|GerE,GT2
GT4,1.B.14,9.A.25,9.A.25,9.A.25,GH23,3.A.9
9.B.27,AA6
2.C.1,GT9
8.A.5,GH31
1.B.14,4.C.1,GH3
3.A.1,3.A.1,GT19
GT2,GT4,GT9,GT51,2.A.109,GT2
GH3,1.B.14,8.A.46,GH16_3,8.A.46,1.I.1
GT3,CBM48|GH13_9,2.A.118
CBM57|CBM57|CBM57,CBM57,9.B.18
GT4,GT4,4.D.1,8.A.3,2.A.8,GH5_46|CBM6,3.A.1
2.A.55,8.A.59,3.A.1,3.A.1,NUDIX,cNMP_binding,GH43_28|CBM32,GH144,1.B.14,8.A.59
1.B.14,2.A.102,GH30_1
GH15,HisKA|HTH_18|HATPase_c|Peripla_BP_1|Response_reg,1.B.14,1.B.14,PfkB,GH32,CE12|GH28,GH43_10,Peripla_BP_3|LacI,8.A.46,AraC_binding,PL10_1,2.A.1
GT1,HisKA|PAS|HATPase_c,GH1,5.B.3,GH97
1.B.14,GH146
2.A.89,GH28,PL0,GH105,GAF,GH63,3.A.1
9.B.18,2.A.23,1.B.14,FecR,Sigma70_r4_2|Sigma70_r2,2.A.19,GH79
CE8,3.A.1,3.A.1,AraC_binding|HTH_18,GH105,1.A.62
2.A.1,2.A.1,GH13,2.A.16
2.A.21,9.B.196,GT83,2.A.123,GT2
CE14,CBM50,Pyr_redox_2,Sigma70_r3|Sigma70_r4|Sigma70_r2,1.B.42
GT51,Response_reg|cNMP_binding|Crp,HisKA|PAS|HATPase_c,1.B.14,GH145,GH105,GH43_34,GH35,GH43_24,Reg_prop,HisKA|Y_Y_Y|HATPase_c,Response_reg|HTH_18,GH154
1.B.14,8.A.46,GH65,GH37,3.A.1,1.A.46,4.C.1,Response_reg,2.A.21
CE11,3.A.1
GT30,3.D.1
GH136,GH136,1.A.13
GH147,GH2,8.A.46,GH13_10,1.B.14,1.B.14,3.A.23,3.D.2
1.B.14,8.A.46,GH43_5|CBM13,2.A.21,GH27|CBM51,GH43_29,GH43_5,Peripla_BP_3|LacI,GH0|CBM35,CE12,GH159,GH43_18,PL11,GH105,GH28,8.A.46,1.B.14,2.A.7
GH28,8.A.46,1.B.14,1.B.14,GH117,GH106,GH105,HNOB,1.A.13
GH16,1.B.14
GT2,CE4,GT4,SpoIIE,3.A.1,GT2
GH13,GH97,2.A.37,2.A.37,GT83,3.A.7,2.A.53,2.A.53,HisKA|HATPase_c,1.B.18,8.A.3,2.A.66,GT4,GT4,GT2,GT4
GT26,9.B.18,2.A.7,Response_reg,HisKA|PAS|HATPase_c,GH28
2.A.16,3.A.1,GH113
3.D.10,3.D.10,3.D.10,2.A.49,GT28,9.B.146
2.A.95,PfkB,Aminotran_1_2,GT2
9.B.104,9.B.104,HATPase_c,GH3,GT4
GT2,3.A.1,3.A.1,GT2,GT75,Aminotran_1_2,GT2
GT2,1.B.42,2.A.7,9.B.18
8.A.5,GH2|CBM57,GH2,GH88,8.A.46,1.B.14,Peripla_BP_1|LacI,Aminotran_1_2,3.A.2,3.A.2
2.A.7,GT51
GH93,GH43_8,GH43_3,1.B.14,1.B.14,GH5_13,GH43_26,GH43_32,Peripla_BP_3|LacI,3.A.1
1.B.14,1.B.14,8.A.46,GH50,CE6,GH10
9.A.25,9.A.25,HEM4,9.B.146,HATPase_c,GH10,2.A.4
GH10,GH51,GH43_29,GH95,CE1|CE1,GH43_2|CBM6,GH43_10,GH8,GH43_12,8.A.46,1.B.14,GH67,Peripla_BP_3|LacI,8.A.54
