9.B.55,dCache_1|HATPase_c,2.A.21,3.A.1,3.A.1,2.A.88,Pkinase,CBM32|CBM56,TetR_N,GH114,B12-binding_2|B12-binding,HTH_5,9.B.169
3.A.1,3.A.1,Response_reg,GT26,Response_reg|GerE,1.E.43
GH23,1.C.82
CBM50,9.B.34,9.B.160,GH57
9.B.18,GT4,GT4,1.I.1
GH43_34|CBM66,8.A.5,1.I.1
GH26,1.B.56,GH5_5|GH5_5,CBM32|PL6_2
PL12_3,HisKA,CheW|Response_reg|HATPase_c,CheW,Response_reg,1.B.52,CheR,CheW,9.B.106
2.A.21,Response_reg,2.A.21,GH15
3.A.1,3.A.1,3.A.1,1.B.3,CBM9
CBM32|CBM32|CBM32|CBM32|GH13_36,GH43_11,4.C.1
CBM13|CBM13|CE1,9.B.158,HTH_1|LysR_substrate,2.A.1
GH5_1,2.A.17,2.A.17,2.A.21
9.B.153,GH3
9.B.106,GH0,GT4,GH30_3|CBM6|CBM61
9.B.34,CBM32,4.C.1,1.B.14
PL14_3,2.A.21,2.A.49
2.A.114,PL9_2,1.B.14,9.B.106
8.A.5,1.I.1,Sigma70_r4_2|Sigma70_r2|TPR_2,3.A.1,3.A.1,CBM13,GH19,HD,GH87,CBM13
3.A.1,3.A.1,GT83
GT28,2.A.103,9.B.146
9.B.8,9.B.8,2.A.5,1.B.48,1.A.23,Response_reg,GH23,AAA,9.A.15,3.A.1
3.A.5,GT2,3.A.15
9.B.142,HATPase_c|HisKA|PAS|Response_reg|CHASE3|GAF,1.A.34,HNOB,GT35
9.B.18,TrkA_C,2.A.64,2.A.64,1.B.52,GT51,2.A.7
2.A.37,GH55|CBM32
2.A.1,1.A.4,HATPase_c|Pkinase|GAF,3.A.1,GT21,GT1
3.A.1,1.A.11,1.B.14,Response_reg,2.A.1,CE16
1.E.43,GH87,Glyoxalase,GH5,1.B.5,GT2,1.B.16,GH26,GH3,3.A.1,PL29,GH16,2.A.21,Trans_reg_C|Response_reg,SBP_bac_1,3.A.1,3.A.1,2.A.1
8.A.59,GH1,Sigma70_r4_2|Sigma70_r2,2.A.49,CBM4|GH6,CBM4|GH6
CBM13,CBM13,Pyr_redox_2,GATase_2,HATPase_c|HisKA|Response_reg|GAF,9.B.106
3.A.1,3.A.1,2.A.1,CE1
GH23,1.A.13,2.A.66
GH5,GH26,1.A.87,3.A.23
3.A.1,Sigma70_r4_2|Sigma70_r2,GH77,2.A.49,TPR_2,Response_reg,2.A.21,3.A.23,2.A.7
2.A.20,9.B.20,8.A.7,PTS-HPr,4.A.6,4.A.6,4.A.6,4.A.6,GT22,3.A.1,9.A.15
GT0,GH0,3.A.1,GH5,GH0|GH39,2.A.1
3.A.23,3.A.23,3.A.23,3.A.23,3.A.23,GH46,GH3
1.B.52,4.C.1,4.C.1,Hemerythrin,GH16_21|CBM11,8.A.59
GH13_13,GH13_36,3.A.1,3.A.1,3.A.1,3.A.1,GH13_41,CheC,CheW|H-kinase_dim|HATPase_c,Response_reg,CheW,1.B.52
CBM13,Pyr_redox_2,9.B.35,9.B.35,HTH_8|Response_reg,2.A.21,9.B.149,2.A.7,2.A.36,1.A.1
1.A.46,GT2,1.A.33,GH37,2.A.1
1.B.52,CheW|Response_reg|HATPase_c,CheB_methylest|Response_reg,PAS|HATPase_c|HisKA|GAF,GH1,1.B.52,CheW|H-kinase_dim|HATPase_c,2.A.109,CBM13
GH43_8,2.A.3
2.A.21,2.A.1,CBM42
3.A.1,3.A.1,MASE2,HTH_1|LysR_substrate,9.B.44,3.A.16,GH13_10,8.A.59,3.A.23,3.A.23
8.A.5,GH65,PAS|HATPase_c|HisKA|GAF,3.D.4,3.D.4,3.D.4
2.A.21,Glyoxalase,GH5_5
2.A.21,GT4
GH13_11,HTH_3,2.A.21,3.A.23,2.A.72
1.B.52,GT1,1.A.13,2.A.21
GH99|CBM61,1.B.52,HisKA|Response_reg|HATPase_c,2.A.21,B12-binding_2|B12-binding,1.A.1
8.A.5,MarR,GH43_30,B12-binding,2.A.76,HATPase_c,Trans_reg_C|Response_reg,2.A.7,GH77,Aminotran_1_2,2.A.16
GH13_10,HisKA|Response_reg|HATPase_c,AAA,HisKA|Response_reg|HATPase_c,1.I.1,3.A.1,3.A.1,3.A.1
9.B.106,2.A.21,CE9,SIS,GntR,SIS,4.A.1,4.A.1,GH20,CBM12|GH18,Sigma70_r4_2|Sigma70_r2,CBM2|GH18,GH18
9.A.55,HTH_3,GH5_7
9.B.106,GH18,2.A.40
AA10,8.A.59,Pyr_redox_2,2.A.66,3.A.3
GT1,PAS|HisKA|HATPase_c,GH3,4.A.2,1.I.1,3.A.1,3.A.1,SBP_bac_5,3.D.10,Pribosyltran,2.A.21,3.A.23,3.D.9,3.D.1,3.D.1,3.D.1,3.D.1,3.D.1,3.D.1
PL31,2.A.7,2.A.49,2.A.21
9.B.106,9.B.147,GT20
GT5,1.I.1,9.A.40,8.A.5
2.A.37,GH13_11,2.A.21,HATPase_c,GH13_6
CBM56,1.I.1,8.A.5,3.A.1
3.A.1,9.B.34,CE2,3.A.9
2.A.66,9.B.34,4.C.1,GH13_26,CBM48|GH13_11,2.A.109,2.A.102,Rhodanese,3.A.23,Pyr_redox_2,CBM32|PL7
3.A.23,HisKA|HATPase_c,GH23,9.B.70,4.C.1
2.A.6,2.A.6,GH18
GT22,TPR_1|TPR_2,GT2,9.B.106
2.A.23,2.A.67,3.A.1,MarR,GH43_30
3.A.6,FHA,TPR_1|TPR_2,CBM63,8.A.59,9.B.106,FecR,1.I.1
CBM13,2.A.1,3.A.1
3.A.1,3.A.1,3.A.1,3.A.1,GH1,Response_reg,1.I.1,3.A.1,GH55,SBP_bac_3,3.A.1,3.A.1,3.A.1,CBM32|CBM32|GH81
2.A.21,PIG-L,CE14,GT4,2.A.53,HATPase_c|Pkinase|GAF,CBM13,GT76,GT2,9.B.34,2.A.21,3.A.23
8.A.1,2.A.1,1.I.1,CHASE4|HisKA|HATPase_c,SBP_bac_5,GT51
3.A.23,HisKA|HATPase_c,CBM56,1.I.1
1.B.14,GH43_8,GH43_3,3.A.1,3.A.1,3.A.1,3.A.1,3.A.1,3.A.1,3.A.1,3.A.9
1.I.1,AAA,CE11
GT21,3.A.1,3.A.1,3.A.1
2.A.95,GT2,1.B.52,GT19,Response_reg|TPR_2,3.A.1,GT30,PfkB,GT9
9.B.106,FHA,ACT|HD,3.A.1,GGDEF,3.A.23,GH3
3.A.1,3.A.1,GH87,HTH_18,GH18
2.A.21,3.A.9,1.B.17,3.A.1,3.A.1,3.A.1,GT51
GH76,1.A.46,GH5_35|GH19,CheB_methylest|Response_reg,CheR|CheR_N,CheW,1.B.52,CheW|H-kinase_dim|HATPase_c,3.A.23,2.A.21,cNMP_binding,GerE,3.B.1
1.A.33,3.A.11,HisKA,3.A.23,3.A.4,TPR_2,GH128|CBM32,GAF,Pkinase,3.A.1
8.A.59,2.A.67,Sigma70_r3|Sigma70_r4|Sigma70_r2,GH23
2.A.6,2.A.6,2.A.6,HTH_18,GT1,Aminotran_1_2,1.B.33,2.A.6,2.A.6,1.B.17,MarR,1.B.80
2.A.7,3.B.1,3.B.1,3.B.1,GntR,GH23,CE2,9.B.34
GT2,1.A.33,2.A.109
GT2,GH13_2,Response_reg,Glyoxalase,1.B.52,GH43_26|CBM13|CBM13,8.A.5
GH16_3|CBM4,3.A.1
GH5_35|GH19,HisKA|HATPase_c,1.A.13,9.B.169
3.A.1,2.A.76,Pkinase,CBM48|GH13_9,GH13_16,GH13_3
GH37,2.A.21,GH13_15|CBM20
PL9_2,TPR_2,2.A.21
GH25,PL20,2.A.21,CBM50
GH92,CBM6,GH3,PAS|HisKA|Response_reg|HATPase_c,9.B.107
5.B.3,2.A.21,GH43_26,1.B.14
3.A.1,CBM25|CBM25|GH13_42,2.A.6
GH55|CBM56,3.A.1,CBS,9.B.106
GH88,MerR,2.A.45
2.A.53,GH16
2.A.1,GT2,1.B.3
GH18|CBM61,1.I.1
GH16,8.A.5,FHA,TPR_2,1.A.87,TPR_2,3.A.23
GH87|GH87,1.A.46,GH5,2.A.106,1.A.8,Response_reg|HATPase_c,9.B.160
GH2|CBM42|CBM42,2.A.21,TPR_1|TPR_2,1.A.34
GH92,3.A.1
3.A.1,9.B.126,GT4,GT2|GT2,3.A.1,3.A.1,4.F.1,TPR_2,GH23,3.D.10
3.A.1,3.A.1,1.A.30,1.A.30,8.A.59,3.D.1,AAA,GH92
