GT1,2.A.7,3.A.1,3.A.1,3.A.1
3.A.5,4.A.1,GH32,Peripla_BP_3|LacI|Peripla_BP_1,1.A.1,3.A.11
GT51,4.A.6,4.A.6
3.A.14,3.A.14,GT51,3.A.1,3.A.1
2.A.66,4.A.2,4.A.2,PfkB,HTH_6|SIS,HTH_3,2.A.1,LacI|Peripla_BP_1,GH31,4.A.6,4.A.6,4.A.6,1.C.53,1.C.53,CbiA,1.A.23,3.A.1,PfkB,1.A.33,HTH_11,GH32,CBM66|GH32|CBM66,ACT,2.A.66
2.A.5,GT2,9.B.144,9.B.144,HTH_1|LysR_substrate,2.A.98,MerR,3.A.3
4.A.1,ACT|HD,GH66,GntR,4.A.1,GH13_29
2.A.1,CtsR,3.A.9,GH68
1.C.102,Penicillinase_R,3.A.3,HMA,3.A.1,LytTR,CE9
9.B.146,3.A.18,SBP_bac_3,3.A.1,3.A.1,Pyr_redox_2,GT51
3.A.18,CE4,3.A.11,3.A.11,9.B.124
8.A.7,MerR,8.A.5,8.A.5,GH25
9.B.55,1.C.105,2.A.88,GH25,2.A.103
3.A.1,Aminotran_1_2,3.A.1,1.A.22,Sigma70_r2|Sigma70_r4|Sigma70_r3,GT4,GT2,3.A.1,GT2,GT0,GT2,GT2,8.A.5
4.A.2,HTH_18|AraC_binding,GH36,3.A.1,3.A.1,3.A.1,GH13_18,3.A.1,GH13_31
3.A.1,3.A.1,3.A.1,3.A.1,GH70
3.A.1,3.A.1,3.A.1,3.A.1,1.C.113,2.A.6,4.B.1,AAA,2.A.3,Aminotran_1_2|GntR,PfkB,3.A.9,CE4
3.A.1,3.A.1,3.A.1,3.A.1,4.A.1,HTH_18|AraC_binding,GH1
3.A.1,3.A.1,Peripla_BP_2,3.A.11,3.A.7,GH70,GH70,3.A.1,3.A.1,Trans_reg_C|Response_reg,HATPase_c|HisKA,GntR,2.A.11,3.B.1,3.B.1,3.B.1,3.A.1,HATPase_c|HisKA,Trans_reg_C|Response_reg,GT8,3.A.1
2.A.87,3.A.1,3.A.1,GH23
3.A.1,3.A.1,3.A.1,MarR,2.A.86,GH1
3.A.1,GH8,GT2,GT0,CE1,3.A.1,3.A.1,3.A.1,2.A.3,TPR_1,2.A.86
GH1,4.A.3,4.A.3,4.A.5
2.A.21,Trans_reg_C|Response_reg,3.A.1,3.A.1,3.A.1,3.A.1,EPSP_synthase,3.A.2,3.A.2,3.A.2,3.A.2,3.A.2,GT35,GT5,GH13_9,CBM41|GH13_14,2.A.88,Response_reg|GerE,HATPase_c,3.A.1,3.A.1,9.B.126,CBS|GntR,2.A.7,3.A.3,3.A.3,3.A.3,GT35,GH77,LacI|Peripla_BP_3,3.A.1,3.A.1,3.A.1,3.A.1
