GH15,Pkinase,9.B.106,1.A.23
3.A.1,3.A.1,SBP_bac_3,3.A.1,HTH_3,CE4,TetR_N,3.A.1,PAS|SpoIIE,Pyr_redox,3.A.1
3.A.1,PadR,3.A.1,GH13_30,3.A.1,3.A.1,3.A.1
CBM13,GAF,2.A.1
3.A.1,3.A.1,3.A.1,PL9
2.A.51,GT1
CBM13,TetR_N,9.B.169
2.A.7,CE4|GT2
GH15,MarR,2.A.1,HTH_5,2.A.1
3.A.1,PAS|SpoIIE|GAF,3.A.1,2.A.4,NUDIX,9.B.106,3.A.16,GT83
3.A.1,GT2,3.A.24
4.C.1,CBM32
2.A.7,GH3
2.A.1,GT2
4.B.1,GH18,Sigma70_r4_2|Sigma70_r2,MarR,2.A.1,2.A.40
GT4,4.F.1
4.B.1,CbiA,3.D.2,NUDIX,CbiA,GH15,HTH_8,GT4,1.C.109,3.A.1,3.A.1,3.A.1
GH23,3.D.1,3.A.1,3.A.1,3.A.1,3.A.1
GT28,2.A.103,Pyr_redox,9.B.146
4.C.1,GT4
9.B.111,GH114,GH135,GT4
GH13_13|CBM41|CBM41|GH13_13,GH13_32|CBM20,Peripla_BP_3|LacI,GH13_30,3.A.1,3.A.1,3.A.1,Peripla_BP_3|LacI,CBM32
GH0,GT4,TetR_N,BTAD|Trans_reg_C,MarR,2.A.1
3.A.1,3.A.1,3.A.1,GT87,2.A.1,2.A.106
2.A.7,2.A.7,MarR,GH77,GH84|CBM32,1.A.23,HTH_IclR,SBP_bac_1,3.A.1,3.A.1,GH4,3.A.1
3.A.3,Citrate_synt,3.A.7,LysR_substrate|HTH_1,GH3
3.A.1,Pyr_redox_2,GH20
3.A.1,3.A.1,3.A.1,GH1
9.B.34,HTH_3,GH18,IclR|HTH_IclR,AA10
3.A.1,GT51,2.A.7
3.A.1,9.B.106,1.I.1,FHA,SBP_bac_1,3.A.1,3.A.1,GT2,TetR_N,3.A.1,3.A.5
GT39,3.A.1,3.A.1,2.A.6
GH0,8.A.3,GT4,2.A.66,9.B.18,GT4
CBM13,BTAD|TPR_2|Trans_reg_C,4.C.1,3.D.1,9.B.106
GT81,GT20,3.A.1,CE9,PfkB,CBM35
GH0,Pyr_redox_2,3.A.1
GH23,Pkinase,2.A.76
2.A.1,TetR_C|TetR_N,GT83,GT2
GT51,PadR,2.A.1,HD,2.A.66
3.A.9,GT76
4.C.1,MarR,2.A.1,GH23
2.A.76,GT2,3.A.1,3.A.1,3.A.1
GT2,GT2,1.C.113
CBM16|GH18,CbiA,9.A.47
2.A.1,CE4
3.A.1,PadR,GT51,HATPase_c|SpoIIE,CBM13
9.B.100,3.D.10,3.A.1,3.A.1,3.A.1,3.A.1,3.A.1,3.A.1,3.A.1,3.A.1,3.A.1,3.A.1,3.A.1,CE14
3.A.1,3.A.1,3.A.1,3.A.1,GT4,GH135,3.A.25,2.A.1
2.A.114,GntR,3.A.1,3.A.1,3.A.1,GH3
9.B.146,1.A.77,3.A.2,3.A.2,3.A.2,CBM2|GH18
CBM48|GH13_9,GH13_16,GH13_3,GT35,9.B.18,GT4
CBM32,LysR_substrate|HTH_1,2.A.39
3.A.1,3.A.1,3.A.1,3.A.1,CBM16|GH18
3.A.1,3.A.1,SBP_bac_3,3.A.1,Response_reg|Trans_reg_C,HATPase_c|HisKA,GH85,GH5_18
GH0,NUDIX,3.A.1
3.A.1,PIG-L,GT4,9.B.176
3.A.1,3.A.1,3.A.1,Peripla_BP_3|LacI,CBM42,GH10|CBM13|GH62,CBM13|GH74
GT4,GerE|Response_reg,3.A.1,GerE|Response_reg,HATPase_c,2.A.1
GT2,CBM32,LysR_substrate|HTH_1,GH13_10,FHA,3.A.7,GH13_26,GH13_11
2.A.6,HATPase_c,GerE|Response_reg,GT1,3.A.1,3.A.1
GH4,2.A.1
GT2,3.A.1
3.A.1,3.A.1,SpoIIE|GAF,SpoIIE,2.A.1,NUDIX,2.A.75,LysR_substrate|HTH_1,TOBE|MerR,1.A.35,GH46,9.B.124,GH71
GT2,GT4,GT4,GT4,GH39,HTH_3,2.A.3
3.A.1,3.A.1,3.A.1,GH38
4.A.2,3.A.1,3.A.1,3.A.1,GH23|CBM50
9.B.111,CE4,9.B.34,Pyr_redox,TetR_N,LysR_substrate|HTH_1,3.D.10,3.D.10,3.D.10,1.A.35
CBM13|GH62,Peripla_BP_3|LacI,3.A.1,3.A.1,3.A.1
GH18,Peripla_BP_2,3.A.1,3.A.1,Glyoxalase,8.A.5,3.A.1
2.A.1,CBM57
GH31|CBM32,LysR_substrate|HTH_1,TetR_N,2.A.1
CE14,2.A.1
AA3,3.A.1,3.A.1,2.A.1
