GH19,2.A.6,MarR,3.D.1
GH43_22|GH43_34,HTH_5,2.A.1,3.A.1,3.A.1,3.A.1
GH43_22|CBM42,9.A.40,9.A.40,9.A.40,9.A.40
8.A.5,HTH_3,GerE,GH43_12,GH5_4|CBM46,cNMP_binding,CBS,2.A.53
2.A.21,CE7,HATPase_c,GH13
2.A.3,GntR,1.A.43,1.A.43,CBM61|GH53,GH42,3.A.1,3.A.1,3.A.1,LacI|Peripla_BP_3,CBM48|GH13_11,GH13_3,GH13_16,CBM48|GH13_9,MarR,CBM25|CBM25|GH13_42,PAS|SpoIIE,GH114,GH135,GT4,3.A.1,SpoIIE,3.A.1,3.A.1,3.A.1,GT1
3.A.1,3.A.1,ACT,AA3_2
GT2,3.A.24
3.A.3,PL1_9,PL3_4
CE3|CBM2,GH5_8|CBM2,2.A.1,3.B.1,1.I.1,3.A.1,3.A.1,3.A.1
2.A.21,3.A.1,3.A.1,3.A.1,GH13_30,3.A.1,PadR,3.A.1,LacI|Peripla_BP_3,SBP_bac_1,3.A.1,3.A.1,GH42,CE2,PL1,GH30_5|CBM13,GH5_8|CBM2,CBM32
GH43_12,3.A.1,3.A.1,3.A.1,3.A.1,LacI|Peripla_BP_3,2.A.1,GH3
4.A.1,8.A.7,GH31,NUDIX,1.A.8
2.A.3,AA3,GntR,2.A.1,GT4,GT4,Aminotran_1_2|GntR,2.A.115,2.A.1,GT2
3.A.24,9.A.40,9.A.40,4.B.1,MarR,2.A.1,GH6,2.A.1,GntR,AsnC_trans_reg,2.A.3,CBS,2.A.6
GT4,4.F.1
PL26,3.A.1,3.A.1
CBM32,MerR,CE4,GH11,TetR_N,9.B.44
2.A.113,9.B.106,GT2,GT2,CE4,GH0
2.A.1,GT76,3.D.4,HTH_11,GT4,3.A.1
3.D.2,NUDIX,CbiA,GH15,HTH_8,GT4,1.C.109,3.A.1,3.A.1,3.A.1
2.A.40,Sigma70_r4_2|Sigma70_r2,PL9_3,CE8,CE8,PL1_6,CE12,GH43_10,3.A.1,3.A.1
2.A.7,CBM42,3.A.1,HTH_5,3.A.1
GH23,3.D.1,3.A.1,3.A.1,3.A.1,3.A.1
GT28,2.A.103,Pyr_redox,9.B.146
4.C.1,GT4
9.B.111,GH114
GH13_13|CBM41|CBM41|GH13_13,GH13_32,GH13_30,3.A.1,3.A.1,3.A.1
2.A.1,8.A.5,2.A.6,HATPase_c,GerE|Response_reg,GH43_26|CBM42,GH43_26|CBM13
2.A.1,9.B.179,GH0,GT4
GH3,TetR_N,2.A.121,TetR_N,MarR,3.A.1,3.A.1,3.A.1,3.A.1
3.A.1,3.A.1,3.A.1,Aminotran_1_2,HATPase_c,3.A.1,GH51
2.A.102,Pyr_redox_2,Pyr_redox_2|NIR_SIR_ferr|NIR_SIR,GT1,4.A.2,GH0,2.A.1,PL1_5
GH1,2.A.1,1.A.11,9.A.40
GH77,1.A.23,HTH_IclR,GH4,3.A.1
GT4,9.B.18,GT4,8.A.3,GH0
3.A.24,SBP_bac_1,3.A.1,3.A.1,AA10
3.D.3,EPSP_synthase,GH3,9.B.106,3.A.1,3.A.1
3.A.1,3.A.1,3.A.1,GH1,GH42,3.A.1,3.A.1,3.A.1
3.A.1,3.A.1,3.A.1,IclR|HTH_IclR,AA10,GT2,AA5,GH6
3.A.1,GT51
GH20,3.A.1,3.A.1,3.A.1
CE4|GT2,LysR_substrate|HTH_1,3.A.1,3.A.1,3.A.1,GH31,LacI|Peripla_BP_3,9.B.174,3.A.1,9.B.106,9.B.106,FHA,3.A.1,3.A.1,3.A.1,GT2,GT2,MarR,GT2
3.A.1,3.A.1,GT4,GT2,9.B.106,9.B.106,3.A.5
GT1,2.A.1
GT39,2.A.7,MarR,3.A.1,3.A.1,2.A.6
GH5,Citrate_synt,TetR_N,4.C.1,3.B.1,2.A.7,GerE|Response_reg,HATPase_c,3.A.1,3.A.1
GH5_1|CBM2,8.A.5,2.A.1,MarR,2.A.40,3.A.3
2.A.1,CSD,GerE,CE5
GT81,GT20,3.A.1,CE9,PfkB,9.B.34
2.A.20,3.A.1,3.A.1,3.A.1,3.A.1,9.B.105,GH23
2.A.1,SpoIIE,Pyr_redox_2,TetR_N,CBM51
2.A.1,TetR_N|TetR_C,2.A.1,GT83,GT2
GT51,PadR,2.A.1
9.B.106,2.A.103,FHA,FHA,GH146
3.A.1,3.A.1,PL1_6
GH43_20|CBM42,GH2|GH2,2.A.7,CBM35|PL9_1
3.A.1,Sigma70_r4_2|Sigma70_r2,SBP_bac_5,3.A.1,Sigma70_r4_2|Sigma70_r2,Pyr_redox_2,1.I.1,CSD,MerR,CE4,2.A.6
4.C.1,2.A.78,HTH_3,CSD,9.B.106,GH18|CBM2,3.D.1,3.D.1,3.D.1,3.D.1,3.D.1,3.D.1,3.D.1,3.D.1,3.D.1,3.D.1,3.D.1,3.D.1,3.D.1,3.D.1,2.A.16
GH23,CBM12,2.A.7
GH3,3.A.1,3.A.1,LacI|Peripla_BP_3,GH10|CBM2
GH43_30|CBM35,HTH_3,9.A.25
9.B.106,Pkinase,Pkinase,9.B.106,9.B.106,GT4
3.D.10,3.D.10,GH20
2.A.76,GT2,3.A.1,3.A.1,3.A.1,3.A.1,3.A.1,Glycos_trans_3N,Sigma70_r4_2|Sigma70_r2,2.A.1
3.A.1,3.A.1,CE14
GT2,1.C.113
2.A.55,CBM16|GH18,CbiA,3.A.7
3.A.1,PadR,GT51
3.D.10,3.D.10,3.A.1,3.A.1,3.A.1,3.A.1,3.A.1,3.A.1,3.A.1,3.A.1,3.A.1,3.A.1,3.A.1,8.A.51,CE14
GT4,GH135,3.A.25,2.A.1
2.A.21,GntR,3.A.1,3.A.1,3.A.1,GH3
3.A.1,3.A.1,SBP_bac_1,LacI|Peripla_BP_3,GH32
9.B.146,1.A.77,3.A.2,3.A.2,3.A.2,3.A.2,CBM2|GH18,GerE|Response_reg,3.A.1,3.A.1
2.A.23,MerR,CBM48|GH13_9,GH13_16,GH13_3,GT35,1.B.77,3.A.1,3.A.1,3.A.1,3.A.1
PL8,3.B.1
GH3,3.A.1,3.A.1,GH74,GH42,GH12,LacI|Peripla_BP_3,CBM35,GH31
AA10|CBM2,CBM32|GH92,3.A.1,3.A.1,3.A.1,HTH_IclR,3.A.1,3.A.1,3.A.1,2.A.3,LacI|Peripla_BP_3,GH2,SBP_bac_1,3.A.1,3.A.1
9.B.143,HTH_18,BTAD|Trans_reg_C,BTAD|Trans_reg_C,Pyr_redox,CBM13,GH35,GH35
GH13_10,FHA,GH13_26,CBM48|GH13_11,GT1,2.A.6,3.A.1,3.A.1
2.A.3,GH43_26,GH43_24,PL4_1,CE12,GH154,TetR_N,GH2,3.A.1,3.A.1,3.A.1,CBM2
3.A.3,3.A.3,3.A.3,HisKA|HATPase_c,Trans_reg_C|Response_reg,GT2,1.A.35,GerE,GAF|GerE,4.C.1
PL11,GH74|GH74|GH74|CBM2,CBM2|GH48,CBM2|GH6,8.A.5,4.C.1,LysR_substrate|HTH_1,2.A.28,3.D.1,3.D.1,3.D.1,Pyr_redox,GntR,MarR,3.A.1,3.A.1,3.A.1,CBM6,CBM13|CBM32|CBM6
GH43_23|CBM42,HTH_3,GH6,3.A.1
4.F.1,GT4
GH16_3|CBM6,IclR|HTH_IclR,MarR,4.C.1,3.A.1,3.A.1,3.A.1,PfkB,DeoRC|HTH_DeoR,GH4,GH38
2.A.7,CBM32,2.A.7,TetR_N,2.A.1
CBM32|CBM6,LacI|Peripla_BP_3,GH64,Glyoxalase,Whib,3.A.1
2.A.4,GT2,3.A.1
GH36,Peptidase_M23,TetR_N,3.A.1,3.A.1
GH15,1.A.1,Whib,2.A.102,3.A.1
3.A.1,3.A.1,3.A.1,3.A.1,MarR,1.A.23,3.A.1,2.A.116,GH62,1.I.1,GH81,3.A.1,3.A.1
