2.A.21,9.B.157,HD,GH78
2.A.1,GH37
4.C.1,dCache_1|MCPsignal,GT2
2.A.1,AA3_2
GT1,2.A.1,GT2,1.B.17,8.A.1
3.A.3,9.B.153,HTH_IclR,Aminotran_1_2|GntR,3.D.1,1.A.46,9.B.44,2.A.55,AraC_binding,3.A.1,1.B.12,3.A.23,HTH_6,3.A.1,3.A.1,3.A.1,3.A.1,3.A.1,HTH_1|LysR_substrate,CBM50,HTH_1|LysR_substrate,1.B.1
GH68,GH32,8.A.1,1.B.17,GT2,2.A.1,GT1,3.A.23
AA10,2.A.21
3.A.1,3.A.1,3.A.1,Sigma70_r4,1.B.1,SBP_bac_1,3.A.1,HTH_1|LysR_substrate,1.B.14,3.A.1,3.A.1,3.A.1,1.A.62,GT51,HTH_1|LysR_substrate,3.D.4
GH73,3.A.23,3.A.23,3.A.23
1.B.1,2.A.7,GT2
GT4,HisKA|HATPase_c|Response_reg|PAS,PIG-L,GT2,3.A.23,3.A.23,GT9,GT2,GT9,3.A.1,3.D.10,2.A.1
5.A.3,5.A.3,5.A.3,GT51,1.B.1
2.A.1,3.A.23,HTH_18,CBM32,8.A.3,GH39
GH13_10,9.A.40,HisKA,2.A.7,HTH_1|LysR_substrate,HTH_1|TOBE,3.A.1,3.A.1
3.A.23,1.A.30,3.A.23,1.E.43,3.A.23,3.A.23,3.A.23,3.A.23,GH73
CBM50,1.B.14,Aminotran_1_2|GntR,3.A.1,3.A.1,3.A.1,1.B.20,1.C.75
9.B.160,Pribosyltran,Aminotran_1_2,AraC_binding,9.B.97,GT4|GT4
AA5_2,Response_reg,FIST,2.A.21,2.A.1
4.D.3,GH8,1.B.55,CbiA,GT2,3.A.1,3.A.1,Autoind_bind|GerE,4.C.1,2.A.20,AsnC_trans_reg|MarR,2.A.76,HTH_1|LysR_substrate,2.A.1
1.B.22,3.A.6,3.A.6,3.A.6,3.A.6,TPR_3,1.C.36,1.C.36,GH23
GT2,2.A.7,GT83
CBM50,Sigma70_r2|Sigma70_r4|Sigma70_r3,1.A.14
GH18,AAA,9.B.10,CbiA,1.B.14,4.C.1,4.C.1,3.A.1,3.A.1,3.A.1,3.A.1
2.A.1,2.A.55,3.A.23,3.A.23,AA5_2,1.B.6,1.B.40
3.A.1,3.A.1,3.A.1,3.A.1,3.A.16,9.A.55,2.A.76,HTH_18,2.A.1,GH23,2.A.7,2.A.1
1.A.12,GH87
GT4,TetR_N,2.A.1,3.A.9,2.A.7,Response_reg|Trans_reg_C,3.A.3,3.A.3,3.A.3
2.A.1,GT2,GT9,GT4,GT9,GT4,3.A.1,Rhodanese,1.I.1,3.A.12,GH15,TetR_N,3.D.6
3.A.1,3.A.1,3.A.1,GH103
CE11,9.A.41
GT4,GT4,3.A.1,3.A.1,8.A.4,1.B.18,GT4,GT107,9.B.27
3.A.5,CE11
GT28,2.A.103,9.B.146
1.B.52,3.A.1,Whib,3.D.4,3.D.4,GH20,4.A.1,4.A.1,SIS,CE9,GntR,HTH_1|LysR_substrate,4.C.1
2.A.3,3.A.3,MerR,PadR,3.A.1,Aminotran_1_2,TetR_N,4.C.1,3.A.1,3.A.11,SBP_bac_3,4.C.1,Whib,3.A.2,3.A.2,3.A.2,3.A.2,3.A.2,3.A.2,3.A.2,2.A.45,CbiA,3.A.1,3.A.1,3.A.1,3.A.1,3.A.1,3.A.1,3.A.1,3.A.1,AA3_2
2.A.4,2.A.1,3.A.1,AA10,AA7,1.B.48,2.A.76
1.A.8,GT4,FlhD,FlhC,1.A.30,Response_reg,CheW|HATPase_c|H-kinase_dim|CheY-binding,CheW,1.B.52
2.A.3,CSD,Whib,GT51,1.B.22,SKI,HD,3.A.1,3.A.1,3.A.1,3.A.1,GATase_2,Pyr_redox_2,2.A.25,3.A.1,3.A.1,3.A.1,3.A.1,STAS,3.A.1,3.A.1
3.A.15,3.A.15,3.A.15,1.B.22,GH23,9.B.10,Whib,9.B.21,2.A.1
2.A.55,1.B.19,GT21,1.B.1,9.B.143,2.A.40,GH73
3.A.6,3.A.6,AA3_2,2.A.1,8.A.5
GT4,1.B.18,9.B.18
GH2,3.A.23,GT4,GT4,2.A.66,EAL|GGDEF,9.B.106
3.A.1,HATPase_c,9.B.62,HTH_1|LysR_substrate,2.A.117,HTH_1|LysR_substrate,2.A.1,9.B.34,9.B.146,GT4,GT9,GT30
1.A.43,9.A.4,PALP,GH23
2.A.49,GT9,2.A.1
3.A.1,GT2,9.B.146,9.B.18,2.A.66
GH3,Response_reg|HTH_8,GT104,4.F.1
GT20,3.A.1,GT4,Pyr_redox,3.A.1
GT21,CBM32,3.A.1,3.A.1
3.A.1,3.A.1,GT20,2.A.1
1.B.33,GT19
2.A.39,CE4,Whib,1.A.22,TPR_2,GT51
8.A.28,1.A.23,GT4
