8.A.1,2.A.76,9.B.34,1.B.33,MerR,5.B.3,5.B.1,Peripla_BP_1,3.A.1,3.A.1,3.A.1,3.A.1,1.A.30,1.A.30,TPR_2,GH1,4.A.1,1.B.52,TPR_1,Nitroreductase,9.B.159,GT35,GH77,GH13_9,9.B.97,TetR_N,2.A.47
CBM50,2.A.115
1.I.1,GntR,9.A.5,9.B.143,CBM50
CBM5,Glyoxalase,2.A.103,3.A.1,3.A.1,3.A.1,2.A.1,HATPase_c|MASE1,Response_reg|GerE,2.A.1,HTH_7,1.B.52,2.A.42,AsnC_trans_reg|HTH_11,8.A.5,2.A.7
2.A.80,PL17_2|PL17,PL17_2|PL17,AraC_binding,PfkB,2.A.21,Peripla_BP_3|LacI,2.A.21
GT2,3.A.1,3.A.1,3.A.1,SIS|HTH_6,GH16_21
GT107|GT107,9.B.146
3.A.1,GH13_11,dCache_1|GGDEF,9.B.55,2.A.102,2.A.1,2.A.6,2.A.6,4.A.2,9.B.72,2.A.6,2.A.27,3.A.1,AraC_binding|HTH_18,2.A.23,Pyr_redox_2,2.A.7,8.A.1,2.A.1,2.A.1
2.A.76,2.A.66,1.B.52,GH38,4.A.2
2.A.119,CBM50
GH20,EAL,ACT|HD,2.A.40,GntR,GH2,2.A.56,2.A.56,2.A.56,GH31
GT9,GT2,GT9,GT30,GT9,GT9,9.B.67,CE4,9.B.18,9.B.18
GT51,1.B.22
3.A.1,2.A.37,2.A.37,4.A.1,GH32,SIS|HTH_6,1.A.30
2.A.36,B12-binding_2|B12-binding,1.A.26,PTS-HPr,4.A.2,1.B.42,1.B.42,SIS|CBS,2.A.19,3.A.1,3.A.1,3.A.1,3.A.1,STAS,EPSP_synthase,1.B.52,GH23
GT51,2.A.8,Diacid_rec,1.A.11,3.A.1,3.A.1,3.A.1,GH94,GH20,GH9,3.A.1,3.A.1,3.A.1,3.A.1,3.A.1,Response_reg|HATPase_c|PAS|HisKA,2.A.86,2.A.6,2.A.6,1.A.34,1.B.1,3.A.16,3.A.5,2.A.6
9.B.146,2.A.103,GT28,CE11,3.A.5,NUDIX,2.A.102
3.A.7,TPR_2|TPR_1,HTH_1|LysR_substrate,9.B.2,9.B.8,GH23
3.A.1,3.A.1,3.A.1,9.B.158,4.A.6,4.A.6,4.A.6,4.A.6,SIS,GntR,2.A.6,2.A.6,HTH_1|LysR_substrate,3.A.1,3.A.1,HTH_18,3.A.7,GH102,3.A.16
2.A.68,2.A.109,GH23
2.A.17,2.A.37,MarR,CE9,4.A.1
1.A.8,GntR,4.A.1,GH4,2.A.123,4.A.1,GntR,GH4,8.A.5,HTH_IclR|IclR,2.A.1,1.E.43,3.A.23,1.A.23,2.A.15
3.A.7,GT5,Peripla_BP_3|LacI,5.A.3
9.B.34,CSD,3.A.9,HTH_1|LysR_substrate,2.A.117,1.A.16,3.A.1,5.B.5,5.A.3,GH36,AAA,3.D.4,3.D.4,1.A.30,1.A.30,2.C.1,2.C.1,TPR_2,1.A.1,HATPase_c|Response_reg|dCache_1|HisKA,2.A.104
2.A.8,PALP,2.A.14,HTH_1|LysR_substrate,1.B.52,Fer4,5.A.3,5.A.3,5.A.3,Response_reg|HATPase_c|HisKA,2.A.7,PALP,HATPase_c|HisKA,Response_reg|Trans_reg_C,GT2,GT83,TetR_N,8.A.1,3.A.1,2.A.102,1.B.1
4.A.3,Response_reg|GerE,4.F.1,9.B.34,TetR_N,2.A.6,9.B.34,MCPsignal,4.A.1,Peripla_BP_3|LacI,GH32,PfkB,Peripla_BP_3|Peripla_BP_1|LacI,2.A.66
2.A.6,1.B.17,CE9,2.A.56,2.A.56,2.A.56,SIS|HTH_6,1.B.52
2.A.47,HATPase_c|cNMP_binding|HisKA,Response_reg,8.A.59,2.A.122,1.E.14,GH1
3.D.4,3.D.4,3.D.4,3.A.3,5.A.1,cNMP_binding|Crp,GH73,3.A.1,3.A.1,3.A.1,3.A.1,3.A.1,5.A.3,5.A.3
3.A.23,STAS,3.A.23,GT4,GT4
GT4,GT2,9.B.18,1.B.6
1.B.17,2.A.33,3.A.1,3.A.1,2.A.66,2.A.7,HTH_18,2.A.1,Response_reg|Trans_reg_C,HATPase_c|HisKA,2.A.1,HTH_18,GT2
4.A.6,4.A.6,4.A.6,4.A.6,CE9
4.A.1,Peripla_BP_1|LacI,2.A.26,HD,Aminotran_1_2,4.A.1,Mga|HTH_11,HTH_1|LysR_substrate,2.A.41,HTH_1|LysR_substrate,GH103,CbiA,2.A.95,1.A.1,2.A.35,3.A.23,3.A.23,3.A.23,3.A.23,3.A.23,3.A.23,3.A.23,3.A.23,3.A.23,3.A.23,3.A.23,3.A.23,3.A.23,3.A.23
2.A.115,GH13_29,4.A.1,Peripla_BP_3|LacI,3.A.1,3.A.1,3.A.1,2.A.68
GT19,1.B.33
3.A.9,1.B.33,1.B.52,GH23,GGDEF|EAL,Trp_repressor,GH23,3.A.1,1.A.34,9.B.33,Response_reg|LytTR,GH3,SIS,2.A.114,9.B.105,2.A.66,HTH_5,HTH_1|LysR_substrate,2.A.58,2.A.102,8.A.7,NUDIX,8.A.5,Response_reg|HATPase_c|PAS|HisKA,9.B.34
4.C.1,HTH_1|LysR_substrate,GT1
GH4,4.A.3,4.A.3,4.A.3,MarR,2.A.23,GH23,9.B.27,3.B.1,3.B.1
3.A.5,9.B.14,9.A.40,Sigma70_r4|Sigma70_r2|Sigma70_r3,CBM50
