9.B.146,2.A.103,GT28,CE11,9.B.20,2.A.53
1.B.14,TetR_N,2.A.7,dCache_1|MCPsignal,1.B.10,2.A.37,2.A.40,9.B.43,CE4,9.B.35,2.A.40
1.B.48,GerE,2.A.76,Glyoxalase,8.A.5,HTH_1|LysR_substrate,GH23,2.A.1,2.A.1,2.A.47,2.A.62,1.B.42,1.B.42,CSD,3.A.5,2.A.6,2.A.6
2.A.6,2.A.6,2.A.6,AraC_binding|HTH_18,5.B.1,2.A.1,2.A.46,1.B.25,1.B.18,GT26,GT2,GH5_5,8.A.3,9.B.18,CheW|Response_reg,GH23,3.A.1
9.B.18,Aminotran_1_2,9.B.18,9.B.18,GT4
1.B.33,GT19
GT4,GT4,GH39,GT4,8.A.3,GT2
9.B.104,GH0
9.B.43,CBM48|GH13_9,GH13_16,GH13_3
GH23,3.A.1,3.A.1,3.A.1,3.A.1,3.A.1
3.A.1,3.A.1,GH23
5.A.1,Trans_reg_C|Response_reg,HATPase_c|HisKA,HATPase_c|HisKA,Trans_reg_C|Response_reg,3.A.3,HMA,9.B.72,9.B.62,1.B.76,GT2,GH3,AA6,2.A.122
3.A.1,9.B.62,CBS,1.I.1,1.B.52,GT104,1.A.30,1.A.30,2.A.5,3.A.1,3.A.1,Rhodanese,9.B.102,9.B.102,HTH_5,1.A.12,AAA,Aminotran_1_2,9.B.1,3.A.23,2.A.21,3.A.23,TPR_2,9.B.14,9.B.14,3.A.1,3.A.1
9.B.174,HTH_3,3.A.11,GH73
1.B.25,GH23,9.B.126
3.A.23,1.B.25,2.A.53,GT20
GT51,cNMP_binding,3.A.1,3.A.1,5.A.1
3.A.1,GH13_23,GerE,3.A.1,3.A.1,3.A.1,GH13_6|CBM20,1.B.3,CBS,2.A.7,8.A.5
CBM50,Fer4,3.A.16,2.A.3
GH103,GH0,GH103,2.A.103
9.B.34,Trans_reg_C|Response_reg,HATPase_c|HisKA|PAS,9.A.40,Peptidase_M23,Response_reg,CbiA,3.A.1,3.A.1,3.A.1,3.A.1,2.A.102,PfkB,3.A.1,9.B.97,GT2,Pkinase,GT4,GT9,GT9,9.B.34
2.A.36,1.A.23,HATPase_c|HisKA|Response_reg,CheB_methylest,CheR|CheR_N,HATPase_c|HisKA|CHASE3|Response_reg,9.B.12,GH37,2.A.7,ACT,1.B.52,1.B.3
GT35,NUDIX,2.A.21
9.B.34,HATPase_c|HisKA|PAS,Response_reg,HATPase_c|GAF|HisKA|PAS,Response_reg,9.B.34,2.A.21,Response_reg,TPR_2,GT2
2.A.38,CBM50,3.A.11
GH13_33,3.A.1,3.A.1,3.A.1,3.A.1,3.A.1,FUR,3.A.1
GH23,GH19,3.A.23,Pkinase,SpoIIE,3.A.7,3.A.23,3.A.23,FHA,3.A.23,3.A.23,3.A.23,3.A.23,3.A.23,2.A.21
3.A.5,3.A.1,3.A.1,Sigma70_r2|Sigma70_r4,HATPase_c|CHASE|HisKA|Response_reg,9.B.34,GT51
8.A.7,GT30,2.A.6
3.A.6,3.A.11,GT51,3.A.11,1.B.22,SKI,9.B.42,GATase_2,Pyr_redox_2,2.A.1
