3.A.1,3.A.1,3.A.1,3.A.1,1.B.14,FecR,Sigma70_r4_2|Sigma70_r2,EAL,GH103,LysR_substrate|HTH_1,9.B.34
PL3_5,GH28,3.A.1,3.A.1,3.A.1,SKI,2.A.1
2.A.37,2.A.114,9.B.10,GH28,3.A.3,MerR,8.A.21
CE9,4.A.1
3.D.10,3.D.10,TPR_1,3.D.4,3.D.4,8.A.79,1.A.30,1.A.30,2.C.1,2.C.1,2.C.1,2.C.1,9.B.120,4.B.1,2.A.4,2.A.6,2.A.6,3.A.1,TOBE|HTH_1,3.A.1,3.A.1,3.A.1,Peripla_BP_3|LacI,2.A.1,Glucokinase,Peripla_BP_1,5.A.3,5.A.3,5.A.3,3.A.1,9.B.22,2.A.61,NTP_transf_2,2.A.109,9.B.146,1.B.18,8.A.3,2.A.66,GT2,GT4,GT4,NUDIX,GT2
1.B.14,GH1,9.B.34
3.A.1,3.A.1,3.A.1,GH1,4.A.1,9.B.34
8.A.5,2.A.1,GH2,Peripla_BP_3|LacI,3.A.1,3.A.1,3.A.1,2.A.1,HATPase_c|MASE1,Response_reg|GerE,3.A.1,PL1_8,LysR_substrate|HTH_1,2.A.23,GntR,2.A.11,3.D.1,MCPsignal,2.A.108,2.A.108,3.A.1,3.A.1,2.A.7,AraC_binding|HTH_18,LysR_substrate|HTH_1,2.A.23,3.A.1,3.A.1,PALP,2.A.13,3.A.1,3.A.1,3.A.1,1.B.14,1.B.14
2.A.1,MerR,GH1
3.A.1,3.A.1,1.B.17,1.E.33,GH23
2.A.3,Peripla_BP_2,3.A.1,3.A.1,3.A.1,3.A.1,LysR_substrate|HTH_1,3.A.1,3.A.11,3.A.1,PL9
4.A.3,4.A.3,Peripla_BP_3|LacI,3.A.1,3.A.1,3.A.1,CBM50
9.B.34,8.A.59,LytTR|Response_reg,2.A.1,3.A.1,9.B.1,PL22|PL22,HTH_IclR|IclR,2.A.3
3.A.1,2.A.7,2.A.23,1.B.35,3.A.1,3.A.1,3.A.1,3.A.1,PL2_2,AraC_binding,3.A.1,3.A.1,3.A.1,3.A.1,CSD,2.A.107,4.A.6,4.A.6,4.A.6,2.A.109
8.A.21,3.A.7,LysR_substrate|HTH_1,2.A.17,HhH-GPD,3.D.6,3.D.6,3.D.6,3.D.6,3.D.6,3.D.6,HHA,3.A.1,3.A.1,3.A.1,AraC_binding|HTH_18,2.A.28,2.A.59,2.A.1,LysR_substrate|HTH_1,Fe_dep_repress,CbiA,2.A.1,Aminotran_1_2,GT81,HTH_18,2.A.7
2.A.1,TetR_N,CBM63
2.A.1,LysR_substrate|HTH_1,HD,9.B.10,Glyoxalase,GH1,4.A.1
3.A.1,3.A.1,3.A.1,3.A.1,3.A.1,3.A.1,3.A.1,GntR,3.A.9,PL2_1
1.C.75,1.B.20,GntR,PL3_1
1.B.52,1.B.52,1.A.35,3.A.1,3.A.23,1.B.20,1.C.75,PspC,9.B.100,3.A.23,GH5_2|CBM3,3.A.1,3.A.1,3.A.1,3.A.1,3.A.1,Pyr_redox_2,GH31,2.A.1,Peripla_BP_3|LacI,LysR_substrate|HTH_1,3.D.1,8.A.5,AsnC_trans_reg|HTH_11,2.A.1,2.A.114
GH23,3.A.7
5.B.5,TPR_2,9.B.14,3.A.1,9.B.14,3.A.1,3.A.1,TPR_1,9.B.14,5.A.3,5.A.3,1.B.3,GH1,4.A.1
3.A.1,3.A.1,3.A.1,TetR_N,2.A.1,Pyr_redox_2,GH3,2.A.1,4.A.1
9.B.55,2.A.85,1.B.6,AA3_2,TetR_N,2.A.15
GT41,3.A.6,3.A.6,3.A.6,3.A.6,3.A.6,3.A.6,3.A.6,3.A.6,GH73
1.A.30,1.A.30,FlhC,FlhD,MCPsignal,9.B.34,LysR_substrate|HTH_1,4.F.1,Response_reg|GerE,HLH,2.A.3,2.A.1,2.A.6,2.A.6,TetR_N,2.A.6,GH103,LysR_substrate|HTH_1,Nitro_FeMo-Co,3.A.23
1.B.14,3.A.1,3.A.1,4.A.1,GH13_29,3.D.1,3.D.1,3.D.1,3.D.1,3.D.1,3.D.1,3.D.1,3.D.1,3.D.1,3.D.1,3.D.1,3.D.1,3.D.1,LysR_substrate|HTH_1,Aminotran_1_2,HD,2.A.47
3.A.18,3.A.1,3.A.1,3.A.1,3.A.15,3.A.15,3.A.15,3.A.15,3.A.15,3.A.15,3.A.15,3.A.15,3.A.15,3.A.15,1.B.22,3.A.15,GH28,PL1_6,8.A.2,Aminotran_1_2,1.A.23,2.A.1
4.A.3,3.A.1,3.A.1,3.A.1,2.A.7,2.A.7,GT83,GT2,Aminotran_1_2,9.B.34
1.B.3,3.A.1,3.A.1,3.A.1,3.A.1,GH53,GH42,4.A.1,8.A.5,2.A.41,8.A.1,2.A.6,2.A.6,2.A.1
4.A.1,GH4
3.A.1,3.A.1,MCPsignal,Peripla_BP_2,2.A.113,2.A.1,Aminotran_1_2,CE12,CE8,3.A.23,2.A.21,GH23
3.A.1,3.A.1,3.A.1,GT51
GH23,3.A.9,1.B.33
2.A.1,3.A.1,3.A.1,3.A.1,Sigma70_r3|Sigma70_r4|Sigma70_r2,CBM50,3.A.1,3.A.1,3.A.1
3.A.1,GH28,GH105,2.A.2,LysR_substrate|HTH_1,3.A.1
2.A.1,4.C.1,GntR,4.A.3,GH1,4.A.3,4.A.3,3.A.1
3.A.1,3.A.1,3.A.1,GH105,SBP_bac_1,3.A.1,3.A.1,3.A.1
GH33,Peripla_BP_3|LacI,4.A.7,4.A.7,4.A.7,3.A.1,3.A.1,3.A.1,3.A.1,HTH_5,1.B.14,HTH_18,PL11,2.A.1
2.A.3,2.A.2,GH43_26,9.B.125,1.B.10,3.A.15,3.A.15,NUDIX,3.A.5,CE11,GT28,2.A.103,9.B.146
3.A.1,LysR_substrate|HTH_1,3.A.1,3.A.1,3.A.1,GH43_9,ACT,9.B.34,1.B.42
GH23,3.A.1
CBM50,Pyr_redox_2,9.B.65,3.A.1,3.A.1
PL1_3,PL1_3,PL1_3,PL1_2,3.A.1,3.A.1,3.A.1,3.A.1,3.A.1,NIR_SIR_ferr|NIR_SIR|Pyr_redox_2,3.A.1,3.A.1,3.A.1,3.A.1
1.B.22,GT51
1.B.14,1.B.52,Citrate_synt,HTH_IclR|IclR,2.A.10,3.A.1,2.A.6,GH77,GT35,DeoRC|HTH_DeoR,9.B.104,Rhodanese,Pyr_redox_2,3.A.23,GT35,GT5,CBM48|GH13_11,CBM48|GH13_9,9.B.33,2.A.95,2.A.8
3.A.1,3.A.1,3.A.1,2.A.3,GT26,9.B.128,GT56,2.A.66,Aminotran_1_2,GT0,9.B.146,3.A.6,1.I.1
3.A.1,3.A.1,1.A.30,1.A.30,3.A.1,PL26,LysR_substrate|HTH_1,2.A.4,2.A.1
GT2,4.D.3,GH8,1.B.55,HTH_18,2.A.3,2.A.7,Aminotran_1_2,3.A.23
3.A.1,3.A.1,3.A.1,3.A.1,3.A.1,2.A.24,Response_reg,PAS|HATPase_c|dCache_1,2.A.47,2.A.81,GH1,4.A.3,4.A.3,3.A.1,3.A.1,3.A.1,2.A.1
3.A.1,3.A.1,3.A.1,3.A.1,LysR_substrate|HTH_1,GH1,4.A.3,4.A.3,4.A.3,Peripla_BP_3|LacI,1.B.52,2.A.1
2.A.6,GT2
PL9,3.A.2,3.A.2,3.A.2,3.A.2,3.A.2,3.A.2,3.A.2,3.A.2,1.A.77
9.B.97,3.A.1,3.A.1,3.A.1,Peripla_BP_3|HTH_18,Autoind_bind|GerE,CE8,HTH_18,Rhodanese,9.B.72
GT9,GT30,GT2,GT9,GT9,GT9,Aminotran_1_2,1.A.34
4.A.2,4.A.2,4.A.2,HTH_11|Mga,1.B.14,1.B.76,GntR,8.A.5,Nitroreductase,AraC_binding|HTH_18,9.B.27,2.A.56,2.A.56,1.A.30,1.A.30,Peripla_BP_3|LacI|Peripla_BP_1,GH32,4.A.1,1.B.3
1.E.34,9.B.27,GntR,2.A.1,2.A.23,2.A.109,Pyr_redox_2,9.B.34,4.A.1,GH1,LysR_substrate|HTH_1,9.B.97
CBM32,8.A.5
3.A.1,3.A.1,3.A.1,3.A.1,2.A.1,GH36,LacI|Peripla_BP_1,HD,1.C.113
2.A.39,GntR,CE4,2.A.40,2.A.36,Trans_reg_C|Response_reg,HisKA|HATPase_c,3.A.7,3.A.7
9.B.149,PL4_4,2.A.21,9.B.136,4.C.1,1.B.14,Sigma70_r4_2|Sigma70_r2,FecR,2.A.2
1.B.33,2.A.55,2.A.1,NUDIX,3.A.1,3.A.1,3.A.1,3.A.1,GH53|CBM13,Peripla_BP_3|LacI,3.A.1,3.A.1,3.A.1,GH1,4.A.1,2.A.42
2.A.3,TetR_N,1.E.55,HTH_18,GH23
3.A.7,Peripla_BP_3|LacI,GH102,TetR_N,3.A.1,3.A.1,3.A.1,3.A.1,5.A.3
1.B.33,GT19
