2.A.16,GH13_19,1.B.9,1.B.14,Peptidase_M23,1.B.14
3.A.1,GT2,GT4,GT0,Aminotran_1_2,GT2,3.D.1
9.B.18,GT4,9.B.67,GT4,GT4,GT2,GT2,GT4,GT0,GT0,GT2,GT2,GT2,GT2,GT2,GT2,GT4,3.A.1,8.A.3,1.B.18,3.A.1,3.A.1,3.A.5
GT51,1.A.14
9.B.157,GT28,9.B.146
2.A.47,1.A.23,2.A.109,CE4,3.A.1,GT2,GT2,GT83,2.A.123,GT2
9.A.24,Pyr_redox_2,GH13,1.B.14
GH65,LacI|Peripla_BP_3,GH32,2.A.1,PfkB,Penicillinase_R,1.A.23
GT2,TPR_2,Penicillinase_R,1.B.6,9.B.172,FeoA,9.A.8,3.A.1,3.A.1,3.A.1,3.A.1,3.A.1,PAS,1.C.105
9.A.25,3.A.1,3.A.1,GT9,GT2,9.B.18,GT4,9.B.67,GT4,2.A.66
GH23,1.C.39
GT51,3.A.1,Response_reg|HATPase_c|HisKA,9.A.40
2.A.66,GH74
9.A.63,2.A.21,9.B.174,2.A.95,AA2,4.C.1
GT5,SIS,3.A.2
2.A.6,2.A.6,1.B.14,9.B.172,1.B.6,Aminotran_1_2,GT30
GH92,9.B.158,3.A.1
GH113,2.A.21,Nitroreductase,GT2
9.A.40,2.A.6,2.A.17,3.A.11,GT19,9.B.174,3.A.1,2.A.62,1.A.30,3.A.1,3.A.1,GH5_4,3.A.1
9.B.145,3.A.1,3.A.1,GT2
GT2,HATPase_c|HisKA,Response_reg|Trans_reg_C,1.A.1
2.A.21,3.A.23,PL6|PL6_1,PL12,PL17_2|PL17,AraC_binding,1.B.14,PL7,GntR,2.A.1,PfkB,2.A.95,2.A.1,LacI,Peripla_BP_3,HisKA|Y_Y_Y|HATPase_c|Response_reg|Reg_prop|HTH_18,GH3
GT5,CBM48|GH13_9,GH31,2.A.1,1.A.22
3.A.1,3.D.1,Pkinase,1.A.33,9.B.172,1.B.6,GH23
GT27,1.B.42
GH3,GT4,2.A.23,GH16_3,GH20,3.A.1,GT2,3.A.5
CE14,3.A.1,3.A.1
GH13_18,3.B.1
GT2,8.A.5,Aminotran_1_2,9.B.18,1.B.18,8.A.3
1.B.14,GT4,9.B.144,3.A.1,2.A.21,1.A.62
