9.B.106,GH13_20,9.B.62
2.A.5,GT2,FHA,9.B.106
GH1,2.A.1
GH13_4,HhH-GPD,3.A.1,3.A.1,3.A.1,2.A.1
9.B.27,2.A.1,3.A.1,2.A.1,1.A.23,GH15,GT20
2.A.1,8.A.5,GH13_31
9.B.146,2.A.103,GT28
GT5,3.A.1,GH13_16,GT4
GH13_11,GT35,GH13_3,CBM48|GH13_9,TPR_2,2.A.36,GH23
GH23,2.A.1,GT2
GT4,3.A.1,3.A.1,3.A.1,3.A.1,3.A.1
1.A.1,TetR_N,2.A.1,GT51
3.A.2,3.A.2,3.A.2,3.A.2,9.B.146,GT4,GT4,GT26,GT2,GT4
1.A.26,3.A.1,GT76,Citrate_synt,Aminotran_1_2,Fer4,CE14,2.A.108,2.A.108,3.A.1,3.A.1,3.A.1,3.A.1
1.C.113,CE14,PALP|ACT,2.A.86,3.A.1,ANTAR|GAF,9.B.1
GT4,GT4,GT4,3.A.1,3.A.1,GT4,GT2,GT2,GT2,GT4
4.A.7,Glycos_trans_3N,3.A.1,3.A.1,3.A.1,GT4,3.D.10,3.D.10,2.A.1
GT39,2.A.98
4.B.1,HTH_5,LacI|Peripla_BP_3,3.A.1,3.A.1,3.A.1,GT51,3.A.9,8.A.5
3.A.1,GT4,Aminotran_1_2,PALP|CBS,2.A.55,3.A.1,3.A.1,3.A.1,3.A.1
CE14,1.E.43,2.A.8,HisKA|HATPase_c,Trans_reg_C|Response_reg,2.A.3
2.A.63,2.A.63,2.A.63,GH13_30,Peptidase_M23,GH23
GH15,9.B.14,5.A.1
3.A.16,9.B.74,TetR_N,GH76
GH95,2.A.1,GH146,GH36,GH51,GH27|CBM51
GT1,GT4,PadR,2.A.36,MarR,2.A.3
9.B.160,Glyoxalase,GH65,9.B.160
8.A.3,GT4,GT4,GT2,LacI|Peripla_BP_3,3.A.1,GH32,3.A.1,3.A.1,3.A.1,GH32,LacI|Peripla_BP_3,3.A.1,3.A.1,3.A.1
GH39,LacI|Peripla_BP_3,2.A.1
3.A.1,3.A.1,3.A.1,GH3
GH35,3.A.1,LacI|Peripla_BP_3,2.A.4,Peripla_BP_2,3.A.1,3.A.1
2.A.1,CE7,2.A.1,3.A.1
1.I.1,3.A.1,3.A.1,3.A.1,3.A.1,3.A.1,Peripla_BP_1,CBM13|CBM6
3.A.1,3.A.1,GT94,2.A.66,GT4,GT2
GH51,3.A.1,3.A.1
