GT35,GyrI-like|HTH_18,2.A.1,1.B.14,1.A.13,HTH_DeoR|PfkB,9.B.14,3.A.1,9.B.14,5.B.5
5.A.3,5.A.3,9.B.14,TPR_2,GH1
1.A.23,TetR_N,8.A.1,2.A.6,1.C.75,2.A.47,3.A.1,ACT,HD,3.A.1,GT51
2.A.66,HTH_3,9.B.10,2.A.114,AA3_2,2.A.7,PfkB,GH32
2.A.108,2.A.108,2.A.108,2.A.108,GH20
4.A.1,GH65,1.B.15,NIR_SIR_ferr|NIR_SIR,2.A.3,Aminotran_1_2,Pyr_redox_2,3.A.1,3.A.1,3.A.1,GH4,HTH_18|AraC_binding,4.A.3,4.A.3,4.A.3
GT19,1.B.33
GH102,3.A.7
GT51,Response_reg|HATPase_c|PAS|HisKA,GATase_2,Pyr_redox_2,1.A.12
1.E.55,2.A.68,HTH_18,3.A.1,3.A.1,3.A.1,3.A.1,1.B.11,HTH_3,LysR_substrate|HTH_1,CE4,5.A.3,5.A.3,5.A.3,2.A.1,GntR,3.A.1,3.A.1,3.A.1,3.A.1,HTH_3,3.A.1,3.A.1
CBM50,Fer4,2.A.25,1.A.23
2.A.3,GT26,9.B.128,GT56,2.A.66,Aminotran_1_2,GT0,9.B.146,3.A.6,1.I.1
1.A.8,2.A.1,9.B.124,GH3,3.A.1
1.B.73,Aminotran_1_2,GT2,GT4
1.A.34,Aminotran_1_2,GT9,GT9,GT0,GT30
1.B.22,GT51
1.A.1,LysR_substrate|HTH_1,1.B.14,2.A.1,GH15,3.A.23,3.A.23,3.A.23,3.A.23,3.A.23,3.A.23,3.A.23,3.A.23,3.A.23,3.A.23
GT5,CBM48|GH13_9,8.A.1,2.A.1,1.B.11
4.A.6,4.A.6,4.A.6,4.A.6,CE9
1.B.11,Trans_reg_C,1.B.14,3.A.1,3.A.1,Peripla_BP_2,LacI|Peripla_BP_1,SKI,2.A.8,2.A.50,GH73
2.A.61,2.A.42,Aminotran_1_2,GT83,2.A.6,2.A.6,2.A.6,MerR,2.A.1,2.A.36,HTH_3,1.B.11,1.B.25
GT83,2.A.40,2.A.36,2.A.7
2.A.1,5.A.3,5.A.3,5.A.3,GT2
3.A.7,3.A.7,MerR,1.A.72,1.A.72,1.A.72,Pyr_redox_2|HMA,FlhC,FlhD,GH23
4.B.1,3.A.1,GH23
3.A.11,HTH_11|AsnC_trans_reg,3.A.1,3.A.1,1.A.11,HHA,GH23,HTH_3,1.C.80,1.B.11
8.A.28,HTH_18,1.B.14,2.A.1,1.B.14,LysR_substrate|HTH_1,9.B.34,1.B.55,4.D.3,GT2,HTH_18|AraC_binding,2.A.1,2.A.1
4.A.2,PfkB,4.A.2,GH23
CE9,4.A.1
1.A.16,2.A.1,1.B.25,GH20,FUR,3.A.1,8.A.1,3.A.1
4.A.1,GH1,2.A.117,LysR_substrate|HTH_1,2.A.7,5.A.3,5.A.3,5.A.3
GH73,9.B.124
2.A.15,TetR_N,AA3_2,2.A.47,2.A.11,HD,2.A.47
2.A.78,2.A.23,3.A.1,3.A.1,3.A.1,3.A.1,GH23,2.A.95,Glyoxalase,2.A.76
3.A.1,3.A.1,Aminotran_1_2,GT2,GT83,2.A.7,2.A.7,HTH_18,3.A.1,3.A.1,3.A.1,1.B.14,1.B.14,4.A.1,2.A.86,3.A.1
2.A.79,3.A.1,3.D.4,Aminotran_1_2|GntR,2.A.76,AA10,3.A.18
3.A.1,3.A.1,3.A.1,CBM50,LysR_substrate|HTH_1,1.B.11
2.A.7,2.A.7,4.C.1,CbiA,GH103
2.A.7,GH129
GH23,3.A.7
2.A.1,AA10,2.A.28,3.D.6,3.D.6,3.D.6,3.D.6,3.D.6,3.D.6
2.A.55,GntR,2.A.23,GH6
3.A.15,3.A.15,NUDIX,3.A.5,CE11,GT28,2.A.103,9.B.146
GH18,AA10,9.B.102,9.B.102,HTH_5,1.A.26,1.B.1,2.A.49
