3.A.1,4.A.1,GH13_29,GntR,HD,9.B.10,GH77,HisKA|HATPase_c,GT2,2.A.50
9.B.74,GT2,GT2,9.B.14,3.A.1,3.A.1,3.A.1,Response_reg|LytTR,9.B.14
GH1,4.A.3,4.A.3
GH1,NUDIX,3.A.1,NTP_transf_2,2.A.115
3.A.1,3.A.1,GT84|GH94,3.A.1,3.A.1,3.A.1,3.A.1,3.A.1,3.A.1,3.A.1
3.A.1,Response_reg|Trans_reg_C,HisKA|HATPase_c,HTH_18,GH51,AraC_binding|HTH_18,2.A.1
3.A.1,3.A.1,3.A.1,3.A.1,3.A.1,SBP_bac_1,3.A.1,3.A.1,GH65,GH65,Peripla_BP_3|LacI,3.A.1
3.A.1,3.A.1,2.A.21,Response_reg|Trans_reg_C,2.A.1,HTH_6|SIS,4.A.1,GH4,4.A.1
4.A.3,4.A.3,4.A.3,GH3,2.A.51,LysR_substrate|HTH_1,GH1,GntR,4.A.1
3.A.3,Peripla_BP_2,HTH_18,Peripla_BP_2,3.A.1,3.A.1,3.A.1,3.A.1,Fe_dep_repr_C|Fe_dep_repress,3.A.23,4.A.3,4.A.3,4.A.3,GH2
4.A.3,4.A.3,4.A.3,4.A.3,MarR,3.A.1,3.A.1,GH39
GH1,GH1,TetR_N,4.A.6,4.A.6,4.A.6,SIS,4.A.6
2.A.23,GH36
GH25,3.A.1
GT28,Fer4,2.A.20
9.B.34,2.A.88,Hemerythrin,CE4,EAL|GGDEF,3.A.1,Aminotran_1_2,2.A.107,FUR,3.A.1,9.B.104,3.A.16
GH39,3.A.9,Response_reg,HisKA|HATPase_c|PAS,2.A.87,TrkA_C|GntR,3.A.1,3.A.1
CE4,Sigma70_r2|Sigma70_r4_2,2.A.5
GH38|CBM32,Mga|HTH_11,4.A.2,4.A.2,4.A.2,2.A.66
3.A.1,TetR_N,1.B.52,2.A.86,MerR|GyrI-like,GyrI-like,2.A.7,3.A.1,3.A.1,GH3,Hemerythrin,GT5
3.A.15,GT2
8.A.5,GH1,SBP_bac_3,3.A.1,3.A.1,HisKA|HATPase_c,CheC,CE4,HTH_18|GyrI-like,4.A.3,4.A.3,4.A.3,9.B.2,3.A.1
GH1,AraC_binding,3.A.1,3.A.1,3.A.1,9.B.34
2.A.4,HisKA|HATPase_c|dCache_1,GH25
2.A.36,3.A.1,3.A.1,HTH_3,GH25,1.E.19
3.A.1,3.A.1,1.B.52,MarR,MerR,EAL,GH1
GH1,2.A.36,3.A.1,CE4,GT4
3.A.1,HTH_3,GH126
1.B.52,TetR_N,Fer4,3.A.1,3.A.1,3.A.1,3.A.1,3.A.1,GntR,3.A.1,3.A.1,HTH_18,3.A.1,Peripla_BP_3|LacI,GH13_18
4.A.2,4.A.2,4.A.2,GH1,HTH_6|SIS,HisKA|HATPase_c,3.A.1
9.B.34,EAL|GGDEF|PAS,9.B.34,TetR_N,MerR,2.A.1,MarR,1.E.12,3.A.3,3.A.3,3.A.3,PALP,9.B.34,Glyoxalase,Mga,3.A.1,3.A.1,3.A.1,3.A.1,Rrf2,TPR_1,GH4,4.A.1,HTH_6|SIS,3.A.1,3.A.1,3.A.1,3.A.1,HTH_18,3.D.1,5.A.1,GerE,3.A.1,2.A.66,3.A.1,3.A.1,HTH_18,GH1
3.A.1,3.A.1,3.A.1,3.A.1,3.A.1,Aminotran_1_2,CE4,2.A.86
GH1,4.A.1,3.A.1
3.A.1,GT51
2.A.106,PfkB,4.A.1,GH4,4.A.1,HTH_6|SIS,2.A.7
3.D.10,NUDIX,3.A.2,3.A.2,3.A.2,3.A.2,3.A.2,3.A.2,3.A.2,2.A.38,2.A.38,1.A.11,2.A.58,GH4,Aminotran_1_2|GntR,3.A.3
2.A.66,4.A.1,GH4,4.A.1,HTH_6|SIS,HisKA|HATPase_c,Response_reg|Trans_reg_C,3.A.1,4.A.1,3.A.1,3.A.1,2.A.69,4.A.6,4.A.6,4.A.6,4.A.6,AAA,GH5_54,TetR_N,3.A.1,HTH_DeoR|DeoRC,3.A.1,3.A.1
3.A.1,3.A.1,3.A.1,3.A.1,B12-binding_2|B12-binding|HTH_3,3.A.1,3.A.1,HTH_3,2.A.1,Nitroreductase|Fer4,3.A.1,3.A.1,HTH_18|GyrI-like,4.A.3,4.A.3,4.A.3,GH1
GH55,HTH_6|SIS,GH55,GH2|GH2,MCPsignal|dCache_1,9.B.141,3.A.10,HMA,3.A.3,1.B.52
GT83,GT2,GH73,4.C.1
3.A.7,CE9,1.A.33,HTH_psq,Peptidase_M23,EPSP_synthase,3.A.2,3.A.2,3.A.2,3.A.2,3.A.2,3.A.2,GT0
GT28,3.A.6
GT4,GT4,LysR_substrate|HTH_1,2.A.87
4.A.1,GH1
3.A.1,9.A.40,9.B.120,MarR,GH3|CBM6|GH30_3|CBM6,SBP_bac_1,8.A.59
4.A.3,4.A.3,4.A.3,GH1
2.A.120,GH0,HTH_3,8.A.59,3.A.1,3.A.1,HTH_7,3.A.3,8.A.59,3.A.18,3.A.1,3.A.1,3.A.1,2.A.3
3.A.1,GntR,GH4,4.A.3,4.A.3,4.A.3,3.A.1,4.A.4,4.A.4,Mga|HTH_11,3.A.1,3.A.1
GH1,4.A.1,4.A.1,NIR_SIR|NIR_SIR_ferr,Fer4,1.A.16,Crp|cNMP_binding,1.A.16,EAL|CBS|GGDEF,2.A.3,3.A.1,3.A.1,3.A.1,3.A.1
GH1,4.A.3,4.A.3,4.A.3,HTH_5|AAA,2.A.1,4.A.3,GH1,4.A.3,PfkB,4.A.3,3.A.23,MarR,9.B.34
4.A.1,GH4,4.A.1,HTH_6|SIS,cNMP_binding,3.A.1,Sigma70_r2|Sigma70_r4_2,3.A.1,3.A.1
