GH19,2.A.39,3.A.1
3.A.1,3.A.1,3.A.1,3.A.1,CBM16,2.A.7
8.A.5,2.A.3,GH54|CBM13,GH92,SpoIIE,SpoIIE|GAF|PAS,SpoIIE|GAF|PAS,GH5_51
CE4,2.A.108
9.B.97,Aminotran_1_2,ANTAR,HTH_18,CBM32|GH55,CBM13|CBM32,SBP_bac_3,3.A.1,3.A.1,HTH_3,GH31,GH18|CBM5,PL7_4,3.B.1,8.A.5
GH15,Pyr_redox_2,2.A.52,2.A.108,2.A.108,9.B.27
3.D.4,TetR_N,GH5_43
3.A.1,3.A.1,GT28,CE4,2.A.7,HTH_5,2.A.1,CBM13,PSK_trans_fac,GH2,SpoIIE|GAF|PAS,Sigma70_r4_2|Sigma70_r2,9.B.106,AraC_binding|HTH_18,8.A.5,GH114
CE4,9.B.111,LysR_substrate|HTH_1,2.A.3
3.A.1,3.A.1,3.A.1,GntR,GH38,GH85,GH5_18,3.A.1,3.A.1,3.A.1,Peripla_BP_3|LacI,GH29
GH92,GT4,2.A.7,GH23|CBM50,GH43_24|CBM13,TetR_N,GH59|CBM13,CBM13,CBM13,3.A.1
CBM13,CBM6|CBM13,3.A.1,3.A.1,3.A.1,CBM13
GH65,CBM13|GH55,CBM13,3.A.1
3.A.1,GT2,2.A.4
2.A.7,9.A.36,CBM32,GH87,GH13_30,3.A.1,3.A.1
2.A.1,GT4,4.F.1
GH1,3.A.1,3.A.1,3.A.1
2.A.36,SpoIIE|PAS,HEM4,3.D.2,3.D.2,9.B.106,GT2,GT2
GH33,2.A.28,LysR_substrate|HTH_1,4.C.1,CBM35,GH28|GH29|CBM32|GH27,GH105,8.A.5
4.C.1,GerE|GAF,GerE,1.A.35,Pribosyltran,CE4,2.A.76,2.A.40
1.I.1,CBM2
2.A.6,GT1,GH13_11,GH13_26,LysR_substrate|HTH_1,Pyr_redox_2,FHA,GH13_10
2.A.3,3.A.1,3.A.1,3.A.1,HTH_IclR,3.A.1,3.A.1,3.A.1,GH92
8.A.5,2.A.1,TetR_N,2.A.1,GH3,3.A.1,3.A.1,3.A.1,GntR,2.A.1,2.A.3
GH12|CBM13,TetR_N,SpoIIE|GAF|PAS,2.A.86,9.B.36
3.A.1,GH0
CBM16|GH18,3.A.1,3.A.1,3.A.1
CBM11|GH3,GH30_3|CBM13,Glyoxalase,2.A.1,TetR_N,2.A.39
2.A.1,MerR,GH25,GntR,3.A.1
CBM48|GH13_11,Sigma70_r4_2|Sigma70_r2,GT2,GT76,3.A.1,3.A.1,HATPase_c,Response_reg|GerE,3.A.1,3.A.1,1.B.77,GT35,GH13_3,GH13_16,2.A.1,TetR_N,2.A.23,HATPase_c,HTH_IclR|Response_reg,SBP_bac_1,3.A.1,3.A.1
3.A.1,3.A.1,Response_reg|GerE,CBM2|GH18,3.A.2,3.A.2,3.A.2,1.A.77,9.B.146
3.A.1,HATPase_c,Response_reg|GerE,Response_reg|GerE,HATPase_c,3.A.1,GH13_30,3.A.1,3.A.1,3.A.1,Peripla_BP_3|LacI,2.A.20
2.A.1,3.A.25,GH135,GT4,3.A.1,3.A.1,3.A.1,3.A.1
3.A.1,3.A.1,CE14
GT51,PadR,3.A.1
9.A.47,CbiA,CBM16|GH18,2.A.8
1.C.113,2.A.1,TetR_N,GT2,GT2
CE14,3.A.1,3.A.1,3.A.1
GT2,TetR_N|TetR_C,2.A.76
GH20,3.D.10,3.D.10,TetR_N,SBP_bac_5,9.B.126
2.A.7,Aminotran_1_2|GntR,3.A.1,AA3,LysR_substrate|HTH_1,2.A.1
3.A.1,PadR,GT2,9.B.106
3.A.9,Trans_reg_C|BTAD,GT2
GT76,3.A.9
3.A.1,CBM50
2.A.1,PadR,GT51
GT2,GT83,2.A.1,TetR_N|TetR_C,2.A.1
CBM51,TetR_N,Pyr_redox_2,SpoIIE,2.A.1
1.A.87,GH23,9.B.105,3.A.1,3.A.1,3.A.1,Arc,2.A.20
9.B.34,PfkB,CE9,SBP_bac_1,GT20,GT81
9.B.106,4.C.1,GH16
9.B.106,GH23|CBM50
GT2,GT2,3.A.1
GT2,GT2,GT2,3.A.1,3.A.1,SBP_bac_1,FHA,9.B.106,9.B.106,3.A.1,9.B.174,LysR_substrate|HTH_1,2.A.1
GH20,2.A.1,HTH_IclR,2.A.3,3.A.1,3.A.1,3.A.1,3.A.1
4.A.1,4.A.1,4.A.1,3.A.1,GT51
3.A.1,3.A.1,3.A.1,3.A.1,GH6,AA5,GT2,AA10,4.C.1,HTH_IclR|IclR,3.A.1,3.A.1,3.A.1
GH1,3.A.1,3.A.1,3.A.1,Peripla_BP_3|LacI,Sigma70_r4_2|Sigma70_r2,TetR_N,2.A.1
GH20,GH23,Pyr_redox_2,Aminotran_1_2,3.A.1
GT83,3.A.1,EPSP_synthase,GH3
GT4,9.B.18,2.A.66,GT4,8.A.3,GH0,2.A.1
3.A.1,GH4,3.A.1,3.A.1,3.A.1,MarR,1.A.23,GH77
1.A.11,HTH_3,2.A.1,GH1,2.A.6,HATPase_c,Response_reg|GerE,GH33,3.A.1,3.A.1,3.A.1,3.A.1
3.A.1,3.A.1,2.A.76,8.A.5,TetR_N,2.A.1,2.A.1,2.A.1,GH0,4.A.2,3.A.1,TetR_N|TetR_C,2.A.1,SBP_bac_1,3.A.1
2.A.121,LysR_substrate|HTH_1,TetR_N,GH3
2.A.1,GT87,HTH_3,9.B.143,3.A.1,3.A.1
GT4,GH0,9.B.179
2.A.1,2.A.1,Response_reg|GerE,GH54|CBM42
GH33,3.A.1,3.A.1,2.A.1,TetR_N,2.A.1
2.A.1,Peripla_BP_3|LacI,3.A.1,3.A.1,3.A.1,GH13_30,GH13_32,GH13_13|CBM41|CBM41|GH13_13
GT4,4.C.1
9.B.146,Pyr_redox,2.A.103,GT28
2.A.1,GH35
3.A.1,3.A.1,3.A.1,3.A.1,3.D.1,GH23
3.A.1,PadR,GerE,3.A.1,GH13_30,3.A.1,3.A.1,3.A.1
9.B.125,2.A.20,GH25,Glyoxalase,3.A.1
3.A.1,3.A.1,3.A.1,1.C.109,GT4,HTH_8,GH15,CbiA,NUDIX,3.D.2
CBM50,HTH_11,3.D.4,GT76,2.A.1
GH39,CE4,GT2,GT2,9.B.106,2.A.113
CBM32,4.C.1
4.F.1,GT4
GH6,2.A.40,PL38
4.B.1,9.A.40,9.A.40,3.A.24,2.A.3,TetR_N,GH18
GT2,2.A.1,2.A.115,Aminotran_1_2|GntR,GT4,GT4
1.A.8,GGDEF|CBS|EAL,NUDIX,GH31,Aminotran_1_2|GntR,8.A.7,4.A.1
CBM13,GT1,2.A.7,HTH_3,2.A.4,HTH_5,2.A.3
3.A.24,GT2
CBM16,2.A.39
1.A.43,1.A.43,GntR,2.A.3,GT87
2.A.1,MerR,GH2
2.A.75,2.A.1,cNMP_binding,Sigma70_r3|Sigma70_r2|Sigma70_r4,2.A.85,Pyr_redox_2,CBM48|GH13_9,GH13_16,GH13_3,CBM48|GH13_11
5.A.3,5.A.3,MarR,2.A.1,ANTAR|GAF|STAS,9.B.27,8.A.5,2.A.1,GH46
GH25,2.A.1,Peripla_BP_3|LacI,TetR_N,2.A.86,9.B.20
CBM13|GH19,CBM13,2.A.6,HTH_18,GT76,TetR_N,2.A.1
AA3_2,3.A.1,3.A.1
CE4,GT28,3.A.1,Penicillinase_R,2.A.1,9.B.18
