GH37,2.A.9
2.A.35,GT51,TPR_2,1.A.30
2.A.67,GH89,GH0,5.A.3
1.B.22,3.A.3,5.B.3,FeoA,FeoA,9.A.8,1.B.23,3.A.3,Fe_dep_repress|Fe_dep_repr_C,3.D.10,GT4,GT0,2.A.16,Pyr_redox,GT2
GH20,AraC_binding,2.A.7,3.A.1,3.D.1
3.D.1,GT28,2.A.21,9.B.18,3.A.1
2.A.114,3.D.1,CE9,GT2,GT2,GT11,GT2,GT8,HD,3.A.5
GT26,3.A.3,GH16_3,1.A.22,GH20,GH105,2.A.47,cNMP_binding|HATPase_c,Response_reg,2.A.81,GH36
GH29|CBM32,2.A.53,3.A.9,MarR,3.A.3,3.A.3,3.A.3,1.B.71,Trans_reg_C|Response_reg,HATPase_c|HisKA,GH2|CBM32
2.A.38,CBM32|GH123,HxlR,Fer4,SpoIIE,9.B.31
PL38,2.A.1,GH35
GT10,9.B.97,GT10,GT4,GT2,GT9,GT2,GT8
GH16_3,2.A.86,2.A.3,2.A.37,2.A.4
2.A.98,LysR_substrate|HTH_1,GH43_24,GH43_24
GT28,2.A.103,9.B.146
GT4,GT0,GT8,GT2,GT2,AAA,GH33,GntR|Peripla_BP_3,GH33,2.A.7
1.A.33,GH2
GH36,3.A.2,3.A.2,3.A.2,3.A.2
3.A.11,GT4
3.A.1,3.A.1,3.A.1,CbiA,GH20,GH29|CBM32
GH20,2.A.49,3.A.23,3.A.1,3.A.1
CBM32|GH2,1.A.30
1.A.1,GT35
2.A.47,2.A.6,2.A.6,3.A.3,GH36
GH95,3.A.1,GT51,2.A.21,3.A.15,3.A.15,3.A.1,3.A.1,3.A.1
GH29,3.A.1,3.A.1,3.A.1,2.A.7,2.A.28
GH89,3.A.9,3.A.1,3.A.1,GH84
2.A.1,GH109,1.I.1,4.F.1,GH29,ACT,3.A.1,3.A.1,AAA,NUDIX,3.A.5
GH18,3.D.1,3.D.1
3.A.5,GH20
3.D.7,3.D.7,1.B.23,GT51
9.B.97,Nitroreductase,GT2,GT2,GT4,GT4,GT4,GT11,GT4,GT4,GT4,GT2,9.B.18,8.A.3,1.B.18,3.A.12,9.B.14
GT19,2.A.49,NUDIX,2.A.6,2.A.6,8.A.1,3.A.1,2.A.66,3.B.1,2.A.6,2.A.6,MarR,1.I.1,NUDIX,CbiA,GH20,GH20
3.A.1,3.A.1,Peripla_BP_2,9.B.14,GH20,CE11
3.A.1,3.A.1,SBP_bac_5,3.A.1,3.A.1,2.A.7,HD,GH141
3.A.3,Sigma70_r2|Sigma70_r4_2,GH33,2.A.1
GH20,2.A.66,GH13_5,MerR,2.A.37
GT2,3.A.1,8.A.8,8.A.7,GH13_8
GH35,SBP_bac_5,CbiA|Aminotran_1_2,9.B.125
GH77,2.A.111,3.D.1,3.D.1,3.D.1,3.D.1,3.D.1,3.D.1,3.D.1,3.D.1,3.D.1,3.D.1,2.A.17
2.A.66,Aminotran_1_2,3.A.15,3.A.15,3.A.11,GT2,GT2
2.A.1,3.D.1,GH33,GT0
1.A.54,2.A.6,CE4
2.A.1,Pkinase,GH97
1.A.33,GT4
