3.A.1,3.A.1,CBM48|GH13_9
1.B.14,3.A.1,3.A.1,1.A.11,1.A.11,1.B.71,3.A.1,GT35
GT2,GT2,SIS,3.A.2,3.A.2,3.A.2,3.A.2,3.A.2,3.A.2,3.A.2,3.A.2
3.A.1,GT2,GT2,GT0,9.B.97,1.B.42
GT2,GT2,GT4,CbiA,9.B.18,3.D.3,3.D.3,3.D.3,1.A.12,2.A.86
2.A.58,2.A.20,CBS|EAL|GGDEF,1.B.52,Hemerythrin,2.A.102,3.A.1,3.A.1,GT51
GT51,9.B.34,3.A.23,cNMP_binding,2.A.21
GH103,3.A.25
1.I.1,2.A.4,3.D.6,3.D.6,3.D.6,3.D.6,3.D.6,3.D.6,3.A.1,2.A.88,GT4,3.A.1,3.A.1,3.A.1
3.A.1,9.B.34,Response_reg,dCache_2|MCPsignal,PAS|HATPase_c|HisKA,2.A.38,2.A.38,3.A.23,2.A.21,CBM50,3.A.11,3.A.7
1.A.62,AAA,GT35
1.B.33,GT19
2.A.21,9.B.136,2.A.6,2.A.1,GH13_11,GH57,GT5,3.D.7,Fer4,3.D.1,3.D.1
2.A.6,GT4,GT4,3.A.1,GH99,GT2,GT2,GT2,GT4,9.B.18,3.A.23,9.B.160
CBM50,Response_reg,9.B.34,2.A.6,2.A.6
GH77,GT2,GT4,GT4,PAS|HATPase_c|Response_reg|HisKA,3.A.23,TOBE,3.A.1
GH23,3.A.16,3.A.1,GH3
GH23,Aminotran_1_2,2.A.28,5.B.7,2.A.6,2.A.6,2.A.121,2.A.21,Response_reg,Response_reg,3.A.7,4.C.1
5.A.3,ACT,Aminotran_1_2,9.B.34,GT51,GT51,3.A.1,2.A.66,Trans_reg_C|Response_reg,2.A.6,2.A.6,GH13_11
1.B.52,9.B.34,GT41,GT41,GT41,GT41
GH23,2.A.7,4.C.1,2.A.6,2.A.6
2.A.59,2.A.119,2.A.37,2.A.37,LysR_substrate|HTH_1,Aminotran_1_2,9.B.18,1.B.18,GT26
9.B.174,ACT,1.B.33,PAS|HATPase_c|HisKA,3.A.23,1.A.23,4.A.2,1.B.52,2.A.62,1.A.26,9.B.42,GH0,GH57,3.A.1,3.A.1,2.A.36
GT2,2.A.6,TetR_N,2.A.21,8.A.59,SpoIIE,SBP_bac_3,9.B.34,3.D.6,3.D.6,3.D.6,3.D.6,Fer4,3.D.6,MerR,3.A.1,3.A.1,3.A.1,3.A.1,1.B.52
2.A.1,HATPase_c|HisKA,Trans_reg_C|Response_reg,9.B.142,GT2
3.A.1,3.A.1,EAL|GGDEF,GH23
2.A.6,5.A.3,8.A.28,Pyr_redox_2,cNMP_binding,GT2,GT83,9.B.1,GT83,GT2
GT5,GH13_3,3.A.1,9.B.106
1.B.22,9.B.42,3.A.11,NUDIX,3.A.5,Peptidase_M23,CE11
GT28,2.A.103,9.B.146
3.A.15,AraC_binding,8.A.7,NUDIX,GT4,3.A.16
GH39,8.A.3,1.B.18,4.C.1,9.B.18,3.D.1,GT2,B12-binding,2.A.37
GT5,3.A.5,9.B.14,9.B.34
1.A.30,2.C.1,3.A.3,1.B.14,8.A.59,GT4
GT4,GT9,GT4,GT4,HD,2.A.56
3.A.1,3.A.1,3.A.1,3.A.1,3.A.1,GT4,2.A.38,2.A.15
GT51,Aminotran_1_2,1.A.9,3.A.18
GT30,PfkB,PAS|Response_reg|EAL|GGDEF,HATPase_c|HD,CE4,3.D.1,3.D.1,3.D.1,3.D.1,3.D.1,HTH_3,3.A.15,3.A.15,Pyr_redox_2,GATase_2,SKI,1.B.22,3.A.11,3.A.15,3.A.15,9.B.18,9.B.174
9.B.157,9.B.157,2.A.103,GH103
