CE5,Glyoxalase,Sigma70_r2|Sigma70_r4_2,9.B.111,9.B.62
2.A.1,HTH_5,2.A.1,TetR_C|TetR_N,3.A.1,3.A.1,3.A.1,3.A.1,3.A.1,MarR,2.A.7,Pyr_redox,GT2,GT89,CE1,CE1,CE1,CE1,CE5,4.C.1,3.B.1,GT53,GT53,GT85,5.A.3,MarR,2.A.1
GT2,GT2,GT2,3.A.1
CE1,2.A.52
3.A.1,3.A.1,GH15
1.A.34,Aminotran_1_2,TetR_N,CE1
GT87,9.B.44
GT2,4.C.1
GH23|CBM50,CSD,2.A.1
1.A.8,Pyr_redox_2,4.C.1,4.C.1,Peptidase_M23,GerE|TrmB,4.C.1,4.C.1,CE1,2.A.55
3.A.1,GH0
CBM48|GH13_9,GH13_3,GT35,2.A.40
8.A.5,HTH_3,4.C.1,CE1
GT4,GT1,3.A.1
3.D.4,3.D.3,AsnC_trans_reg,GT4,3.A.4
9.B.146,2.A.103,GT28
GT53,9.B.105,3.A.3,2.A.7
4.C.1,Aminotran_1_2,GT2,TetR_N,3.A.1,3.A.1
CE1,2.A.1,9.B.34,TetR_N,3.A.1
AA3,GntR,4.C.1
4.C.1,IclR|HTH_IclR,TetR_N,2.A.1,Pyr_redox_2,HTH_8,CE1,CE1
CE1,GT81,9.B.97,TetR_N,GH3
CE14,HTH_5,2.A.53,3.A.1,3.A.1
3.A.1,3.A.1,TetR_N,4.C.1,3.A.1,3.A.1,GT9
3.D.4,Fer4,HTH_11,GT1,GH43_23,9.B.106
8.A.5,3.A.1,3.A.1,3.A.1,GH1,TetR_N,2.A.6,4.C.1
CE1,CbiA,4.C.1
GT4,4.F.1,2.A.53,2.A.53
3.A.1,3.A.1,SBP_bac_3,9.B.51,2.A.53,GntR,9.A.25,GH1|GH1
GH23,2.A.20
GH27|CBM13|CBM35|CBM51,3.A.24
2.A.53,2.A.96,2.A.21,Response_reg|LytTR,9.B.33,GerE,CE5,PfkB,3.A.3,8.A.7
GH65,GyrI-like,ANTAR|GAF,GAF,9.B.145
3.A.1,3.A.1,3.D.1,HTH_IclR,4.C.1,HTH_18,GH15,3.A.1,3.A.1
GH43_23,TetR_N|TetR_C|GntR,1.A.62
2.A.4,PAS|GGDEF,CE1
3.A.1,3.A.1,3.A.1,3.A.1,ATPase_2,AsnC_trans_reg,2.A.1,GT1
2.A.1,TOBE,GT2
2.A.1,3.A.1,3.A.1,3.A.1,3.A.1,1.E.22,GH15
3.A.1,AA3_2,3.B.1
2.A.4,TetR_N,GT2
1.A.35,GH23,GH23,3.A.1
GT5,9.B.110,3.A.1
GT81,4.C.1,4.C.1
CE14,SBP_bac_5,GT87,3.A.1,3.A.1,3.A.1,3.A.1
2.A.3,2.A.39,GT87
2.A.17,GH23,PALP,2.A.66
3.A.2,1.A.77,GT4,MarR,2.A.85
3.B.1,TetR_N,TetR_N,NUDIX,4.C.1,4.C.1,GAF,GT2
GT4,3.D.1,8.A.5
3.A.1,GT1
AA10,Guanylate_cyc,3.A.1
9.B.27,9.B.27,GH76
3.A.1,3.A.1,3.A.1,SBP_bac_3,MarR,GT39
2.A.1,GT1,GT4
GH63,GH25,3.A.1,3.A.1,3.A.1
3.A.1,3.A.1,3.A.1,GT51,PadR,GT51
