3.A.1,3.A.1,3.A.1,3.A.1,GH102,3.A.1,3.A.1
2.A.6,GT2
GT4,GT4,GT2,GH51,8.A.3,3.A.1,2.A.17
9.B.174,3.A.25,8.A.3,GT4,9.B.146,GT26,8.A.3,GT0,GT4,Aminotran_1_2,GT4
1.C.109,HD,EAL,GH23
2.A.7,B12-binding_2|B12-binding,Rhodanese,3.A.1,3.A.1,3.A.1,3.A.1,3.A.1,2.A.111,HTH_8|Response_reg,2.A.21,CBM50,3.A.7
2.A.15,AA3_2,3.A.1,3.A.1,3.A.1,2.A.21,3.A.3
GH3,1.I.1
2.A.1,1.B.33,9.B.22,8.A.5,1.B.14,2.A.56,2.A.56,2.A.56,2.A.56,Glyoxalase,GT5,LysR_substrate|HTH_1,GH77,CBM48|GH13_11,GT35,cNMP_binding,2.A.13
2.A.40,2.A.1,2.A.2,1.B.3,GH13_4
1.B.14,GT51,1.B.22
9.B.146,2.A.103,GT28,CE11,3.A.5
AA3_2,3.A.1,2.A.114,3.A.4,3.A.1,3.A.1,3.A.1,3.A.1,3.A.1,3.D.4
GT14,3.A.5,HisKA|HATPase_c,3.A.23
1.A.26,GH13_23,3.A.1
9.B.27,1.B.13,3.A.1,GT4,GT4,GT1
3.A.1,GT2,GT2
3.B.1,9.B.14,9.B.14,3.A.1,3.A.1,TPR_2,3.A.1,3.A.1,3.A.1,3.A.1,3.A.1,GT2|GT2
GT2,2.A.98,2.A.56,2.A.56,2.A.56
9.B.1,9.B.142,GT2,GH17,3.A.6
2.A.37,Glyoxalase,GT2
GT104,1.A.8,2.A.53,3.A.1
3.A.1,3.A.1,3.A.1,3.A.1,3.A.1,GH23
CBM48|GH13_9,9.B.34
1.B.33,GT19,4.A.1,8.A.21,GH32
GH50,3.A.1,3.A.1
GT51,2.A.27
2.A.81,GH13_20
GT2,3.A.7,1.I.1,3.A.1,3.A.1,3.A.1,3.A.1,2.A.102,2.A.16
4.F.1,GH3
GH23,9.A.47,1.B.22
GT9,NUDIX,3.D.1,3.D.1,3.D.1,3.D.1,3.D.1,3.D.1,3.D.1,3.D.1,3.D.1,3.D.1,3.D.1,3.D.1,3.D.1,3.D.1
2.A.1,GH23
3.A.1,GT30
