2.A.80,GH130,Peripla_BP_3|LacI,GH1,3.A.1,3.A.1,3.A.1,3.A.1,3.A.1
GH1,3.A.10
3.A.1,HATPase_c|HisKA,Response_reg|Trans_reg_C,CE1,9.B.34
GH2,GH1,GH5,3.A.1,3.A.1,3.A.1,Peripla_BP_3|LacI,1.C.113,8.A.59
GH15,GH31,MarR,3.A.1,3.A.1,3.A.1,ATPase_2,Response_reg|Trans_reg_C,HATPase_c|HisKA,Peripla_BP_3|LacI,3.A.1,3.A.1,3.A.1,GH13_20,8.A.5,3.D.1,3.D.1
3.D.1,3.D.1,2.A.63,3.D.1,3.D.9,3.D.9,Pyr_redox_2|Fer4,2.A.7,3.A.1,3.A.1,3.A.1,3.A.1,TetR_N,PfkB,3.A.1,3.A.1,SBP_bac_1,CE9
9.B.1,3.A.1,3.A.1,3.A.1,3.A.1,3.A.1,GH3,SIS,GntR,3.A.1,3.A.1,SBP_bac_1,2.A.57
3.A.1,3.A.1,SBP_bac_1,GntR,3.A.15,GH13_36,2.A.4
GH127,1.A.34
3.A.1,B12-binding,Aminotran_1_2,8.A.59,GT4,PfkB,9.A.25,9.A.25,9.A.25
3.A.1,3.A.1,3.A.1,GH4,SIS,3.A.1,3.A.1,3.A.1,3.A.1,3.A.1
3.A.1,3.A.1,CBM34|GH13_20,FUR,3.A.1,3.A.1,3.A.1
3.A.1,GT4,4.D.2,GT4
GH31,2.A.7,GH13_20,GH36
CBM50,SBP_bac_3,9.A.25
GH38,Aminotran_1_2,3.A.1,3.A.1
GH3,SIS,SBP_bac_1,3.A.1,3.A.1
3.A.1,3.A.1,GH130,GH130
8.A.43,LacI|Peripla_BP_1,SBP_bac_1,3.A.1,3.A.1,GH42
3.A.1,3.A.1,3.A.1,DeoRC|HTH_DeoR,GH144,GH144,3.A.1,3.A.1,3.A.1,3.A.1,SBP_bac_1,SBP_bac_1,GH94,GH3,3.A.1,GH35
2.A.1,HTH_3,HTH_6|SIS,GT81,3.A.1,3.A.1,3.A.1
GT2,2.A.66,HTH_6|SIS,3.A.1,3.A.1,3.A.1,8.A.59,3.A.1,3.A.1,SBP_bac_1,HTH_6|SIS,GH4
3.A.1,GH13_2,9.B.34,1.A.23,GGDEF|dCache_1,3.A.1,3.A.1,3.A.1,3.A.1,SBP_bac_5,2.A.20
3.A.23,2.A.1,FeoA,9.A.8,Response_reg,3.A.3,2.A.38,GH57,9.B.174,2.A.6
1.C.39,3.B.1,3.A.1,3.A.1,3.A.1,PglZ,2.A.115,bZIP_2,HTH_12,9.B.146,2.A.103,GT28
3.D.1,3.D.1,3.D.1,GH13_20
3.A.1,3.A.1,3.A.1,9.B.18,3.D.1,3.D.2,3.D.2,3.D.2,GT4,3.A.1,3.A.1,3.A.1,Peripla_BP_3|LacI,2.A.6,cNMP_binding,3.A.11
1.A.16,2.A.7,Fer4,GT2,GT4,GT2
GH13,3.A.1
GH142,SBP_bac_1,3.A.1,3.A.1
3.A.1,3.A.1,3.A.1,GH38,Peripla_BP_3|LacI,GH38,Glucokinase,GH42,3.A.1,3.A.1,3.A.1,3.A.1,3.A.1
GT26,3.A.9
3.A.1,3.A.1,3.A.1,3.A.23,GT4
3.A.1,3.A.1,3.A.1,3.A.1,3.A.1,3.A.1,GH84
GH51,GH51,GH10,3.A.1,3.A.1
