1.A.34,9.B.174,1.B.14,HTH_18,AsnC_trans_reg|MarR,3.A.1,3.A.1,3.A.1,3.A.1,3.A.1,GH19,3.A.23,AAA,1.B.1,1.B.14,3.A.15,9.B.21,2.A.21,GH15,GT20,9.B.150
2.A.6,2.A.6,2.A.6,3.A.1,3.A.1,SBP_bac_1,GH42,3.A.1,Peripla_BP_3|LacI,TetR_N,2.A.1,9.B.34,PALP,1.A.30,MASE1,9.A.41,8.A.5,8.A.59,1.B.20,FecR,8.A.59,2.A.53,2.A.6,2.A.6,2.A.6,LysR_substrate|HTH_1,HTH_18,8.A.5
9.B.146,2.A.103,GT28
CE11,5.A.3,Peptidase_M23,3.A.5
GT51,1.A.35,1.A.34
3.A.1,GT2,GT0,GT2,GT4,9.B.18,9.B.18,GT9,GT30,2.A.6,2.A.6,2.A.6
8.A.59,3.A.3,1.B.14,3.A.23,3.A.1,3.A.1,3.A.1,3.A.1,2.A.47,DeoRC|HTH_DeoR,3.A.1,3.A.1,3.A.1,3.A.1,3.A.1,8.A.59,2.A.1,HTH_18|AraC_binding,9.B.97,PALP,1.B.14,GH103,LysR_substrate|HTH_1,2.A.1,3.A.1,3.A.1,3.A.1,1.B.1,HTH_18,9.B.153,3.A.1
GT2,4.D.3,GH8,2.A.50
1.B.1,PAS|HATPase_c|HisKA,3.A.1,3.A.1,3.A.1,3.A.1,GH0,3.A.23,TetR_N,2.A.6,2.A.6,2.A.6,TetR_N,2.A.1,9.B.34
3.A.16,Trans_reg_C|Response_reg,GT51,3.A.1,2.A.66
GH23,HATPase_c,3.A.9,2.A.1,LysR_substrate|HTH_1,SIS|HTH_6,3.A.1,3.A.1,3.A.1,3.A.1,Pyr_redox,GntR,3.A.1,3.A.1,3.A.1,3.A.1,3.A.1
GH3,4.F.1
9.B.18,8.A.3,GT4,9.B.97,9.B.97,GT2,GT26,2.A.66
GH73,3.A.6,3.A.6,3.A.6,3.A.6,3.A.6,3.A.6
2.A.20,GT2,2.A.7,GT83
1.B.33,GT19,8.A.7,8.A.21
3.A.1,3.A.1,GT2,2.A.1
3.A.15,Trans_reg_C|Response_reg,GH23,3.A.15,1.B.22,3.A.6,3.A.6,3.A.6,3.A.6,3.A.6,FHA,3.A.6
9.B.143,GH13_26,GH77,GH13_10,GH13_11,CBM48|GH13_9,GT5,3.A.23,2.A.1,2.A.3,HTH_18,GT41,3.A.1,3.A.1
CBM32,Peripla_BP_3|LacI,3.A.1,3.A.1,3.A.1,LysR_substrate|HTH_1,2.A.23,1.B.52
9.B.153,9.B.10,HTH_18,4.C.1,HTH_18,HTH_18,Pyr_redox_2,GT4
3.A.1,3.A.1,3.A.1,3.A.1,3.A.1,GT51,LysR_substrate|HTH_1,2.A.1
1.A.14,Sigma70_r2|Sigma70_r3|Sigma70_r4,CBM50
3.A.1,3.A.1,EAL,TPR_2|TPR_1,2.A.1,Trans_reg_C|Response_reg,HATPase_c|HisKA,MarR,3.D.4,3.D.4,MarR,GT104
GH23,3.A.1,3.A.1,3.A.1,3.A.1,1.I.1
3.A.1,9.B.27,GntR,3.A.1,3.A.1,2.A.6,GT2
1.B.9,MCPsignal,GH28,2.A.73,MCPsignal,MCPsignal,2.A.76
3.A.1,GT9,GT8,GT8,9.B.67
1.I.1,TPR_2|TPR_1,Glucokinase,GH23
GT2,2.A.6
3.A.23,Trans_reg_C|Response_reg,HATPase_c|HisKA,3.A.3,3.A.3,3.A.3,9.B.34,TetR_N,2.A.1,HTH_18,LysR_substrate|HTH_1,3.A.1,3.A.1,3.A.1,3.A.1,CBM50,3.A.15,3.A.1,dCache_1|GGDEF|EAL,3.A.23,LysR_substrate|HTH_1,2.A.56,2.A.56,4.C.1,2.A.23,CBM32
1.B.6,3.A.23,3.A.23,3.A.23,3.A.23,3.A.23,TPR_1,3.A.23,3.A.23,GH19
GT51,1.B.22
8.A.4,3.A.1,3.A.1,GT2,1.B.18,GT107,9.A.41
9.B.108,2.A.1,HTH_18|AraC_binding,CYTH,GntR,3.A.1,3.A.1,3.A.1,3.A.1,2.A.76,HTH_18|AraC_binding,GntR,2.A.39,CE4,9.B.43,1.B.10,3.A.1,3.A.1,3.A.1,3.A.1,3.A.1,3.A.1
GH23,1.E.40
2.A.115,Aminotran_1_2,GT4
9.B.153,3.A.23,2.A.1,2.A.1,GH31,1.B.1
3.A.1,CHASE3|MCPsignal,3.A.1,GH3,CbiA,2.A.76,2.A.102,3.A.1,3.A.1,3.A.1,3.A.1,AA3_2,LysR_substrate|HTH_1,9.B.121
