2.A.3,2.A.120,2.A.7,2.A.35,1.B.52,HD,2.A.16,GH18
GH18,9.B.114
9.B.174,Peptidase_M23,3.A.1,3.A.1,GT26,1.A.26,3.B.1,1.A.23,PfkB,3.A.1,3.A.1,3.A.1,2.A.21,3.A.23,2.A.3
PL12_3,GT26,9.B.18,CBM54
GH23,2.A.103
9.B.156,9.B.156,3.A.23,3.A.1,3.A.1,CE4
3.A.1,3.A.1,Aminotran_1_2,GH18
1.A.35,Trans_reg_C|Response_reg,9.B.33,HD,GH16_3,3.A.1
5.A.1,3.A.3,HMA,2.A.3,2.A.3,3.A.1,MerR,GH18,1.B.52
GH18|CE4|GT2,Trans_reg_C|Response_reg,HisKA|HATPase_c,3.A.1
3.A.7,3.B.1,GH18
CBM54,CheW|HATPase_c|H-kinase_dim,CheR_N|CheR,CheB_methylest|Response_reg,9.B.157
CE4,9.B.34
GT2,3.A.1,PfkB,SIS,GT4
9.B.18,GT0,9.B.18,GT9,GT4,GT9,2.A.66,2.A.21,2.A.49,3.A.1,3.A.1,3.A.1,2.A.69,3.A.3,9.B.174
2.A.40,2.A.26,GH25,3.A.23
1.B.52,MerR,2.A.35,2.A.66,CBM50
GT0,2.A.66,3.A.2,3.A.2,3.A.2,3.A.2,3.A.2
9.A.40,3.A.5,GT4
3.A.1,3.A.1,CE4,9.B.157,3.A.3
9.B.146,2.A.103,GT28
9.A.11,9.A.11,TPR_2,GT51,3.A.11,3.D.1
2.A.39,PfkB,GT28,4.D.2,4.C.1,2.A.88
