GH35,4.A.6,4.A.6,4.A.6,4.A.6,SIS,9.B.44
3.A.1,3.A.1,3.A.1,Penicillinase_R,3.A.3,HMA,3.A.1,3.A.3,GT51
GH1,Trans_reg_C|Response_reg,HisKA|HATPase_c,3.A.1
2.A.23,1.A.23,HTH_11,GyrI-like,HTH_DeoR,1.A.33,GH85,GH20|GH20
2.A.58,CE9,8.A.5,3.A.1,3.A.1,3.A.1,3.A.1,2.A.40
GH2|CBM71|CBM71,3.A.1,3.A.1,2.A.3,2.A.3,3.A.11,SpoIIE,9.B.106
2.A.86,9.A.40,GntR,4.A.1,GH13_29,GT8,3.A.5,3.A.5,3.A.5,3.A.5,GH1,GT4,GT8
3.A.1,Pyr_redox_2,3.A.1,3.A.1,3.A.1,GH25,2.A.103
3.A.3,3.A.11,3.A.11,9.B.124,Sigma70_r2|Sigma70_r4_2,GT4,GT4
3.A.1,3.A.1,3.A.1,2.A.4,NUDIX,Aminotran_1_2,GT2,GT2,GT2,GT4,GT2,3.A.1,GT2,GT0
2.A.88,CBM41|GH13_14
9.B.143,1.I.1,CE4
3.A.1,3.A.1,3.A.1,3.A.1,3.A.1,ACT,CE4,3.A.1,3.A.1,3.A.1,3.A.1
1.C.113,3.A.1,3.A.1,GH13_5,1.A.8
2.A.103,2.A.98,3.A.1,3.A.3,HD,GH25,2.A.1,3.A.1
3.A.1,TPR_1,2.A.86,GT35,GT5,CBM48|GH13_9,8.A.7
GT8,FUR,2.A.1
3.A.1,3.A.1,3.A.1,3.A.1,3.A.1,3.A.1,3.A.1,3.A.1,MarR,4.A.1,GH32
2.A.9,CE1,GH1,3.A.1,Response_reg|HTH_18,8.A.59,9.B.28,SBP_bac_1,3.A.1,3.A.1,GH20,GH38,GH125,GH92,GH29
3.A.1,3.A.1,3.A.1,1.A.1,2.A.89,GT51
3.A.14,3.A.14,GT4,GT0,2.A.66,GT2,GT26,9.B.18,8.A.3,8.A.3
GT35,GH77,3.A.1,3.A.1,3.A.1,LacI|Peripla_BP_1|Peripla_BP_3,CBM68|GH13_14,2.A.115
GH1,HTH_3,2.A.4,TetR_N,2.A.1,HTH_DeoR|DeoRC,2.A.50,4.C.1
