GT4,4.F.1,8.A.5,1.B.77
4.C.1,GT1,3.A.9,GT87
GT1,HTH_3,4.F.1,3.A.12
CBM48|GH13_11,ANTAR,Pyr_redox_2,MerR,8.A.7,GH65
2.A.1,CE9,9.B.126
3.A.24,3.A.24,3.A.24,CE5,CE5
3.A.1,TetR_N,9.B.15,HxlR,GH38
2.A.1,GH92
4.C.1,Glyoxalase,2.A.20,GT2
2.A.4,GH76,Pribosyltran,3.A.9
2.A.116,2.A.116,GT83,GH16_9,MarR,1.A.33
GT4,TetR_N,4.C.1
2.A.6,MarR,3.A.1,CE1,9.B.143,GH13_16
3.A.1,3.A.1,3.A.1,3.A.1,3.A.1,3.A.1,3.A.1,GGDEF,GGDEF,2.A.7,HTH_3,GGDEF,GH6,CSD,3.A.20,NTP_transf_2,3.A.16
GT51,PadR,GntR,3.A.1,3.A.1
GH23,3.A.24,3.A.24,3.A.24,3.A.24,3.A.24,3.A.24,3.A.24,Sigma70_r2|Sigma70_r4_2,3.A.24
9.B.96,Pyr_redox,GT2,GT89,CE1,CE1,CE5,3.B.1,GT53,GT53,GT53,GT85,GT2,3.A.1
3.A.7,8.A.59,AAA,GT2,2.A.109
4.C.1,3.A.1,3.A.1,3.A.1,3.A.1,3.A.1,GT20
GH39,9.B.97,GT2,GT4,9.B.18
GH23,4.C.1
CE14,1.C.113,CE4,8.A.59
GT87,NUDIX,5.A.3,5.A.3,5.A.3,SBP_bac_5,9.B.96,9.B.96,TetR_N,CE14
4.C.1,2.A.1,4.C.1,GT81,GT5,9.B.110,3.A.1
3.A.1,GH23,CBS,3.A.1,3.A.1,3.A.1,3.A.1,1.A.35
8.A.59,Glyoxalase,CBM48|GH13_9,GH13_3,GT35
9.B.62,3.A.1,Pyr_redox_2,GH13_30
GH15,1.E.22,3.A.1,3.A.1,3.A.1,3.A.1,NIR_SIR|NIR_SIR_ferr,2.A.83,4.C.1,4.C.1
GT4,2.A.36
3.D.4,3.D.3,3.D.4,GT4,4.C.1,2.A.59
3.A.24,AAA,GT87,9.B.106
9.B.146,2.A.103,GT28
GT4,GH0,2.A.1
GT4,GH0,CE5,GH16_9,2.A.3
2.A.1,3.A.24,3.A.24,GH77
CE5,3.A.1,3.A.1
1.A.11,3.A.1,3.A.1,TetR_N,GH15,3.A.1
GT83,2.A.1,9.B.106,3.A.1
9.B.97,CBM48|GH13_11,GH13_26,GH13_10
GT1,2.A.6,HTH_6|SIS,2.A.1,HD,2.A.116,GT2
