GT2|GT4,GT2,LysR_substrate|HTH_1,LysR_substrate|HTH_1,9.B.97,LysR_substrate|HTH_1,9.B.97
GT2|GT2,3.A.1
2.A.23,4.C.1,1.B.14,Response_reg|PAS,2.A.6,GT83,1.B.14,3.A.9,1.B.52,1.A.34
9.B.18,PadR,2.A.95,GATase_2,Pyr_redox_2,3.D.1,GH3,Response_reg,Response_reg|EAL,HisKA|Response_reg|HATPase_c,GT2
9.B.146,2.A.103,GT28
CE11,1.B.33
3.A.1,9.B.160,HxlR,ACT,GT26,1.B.63
GT2,2.A.68
1.B.75,3.A.1,GGDEF|EAL,GH51
1.B.52,1.B.14,GH35
4.A.2,Trans_reg_C,3.D.10,9.B.97,CE2
1.A.23,3.A.1,GT51
1.B.33,MerR,9.B.97,HD,GH3,2.A.64,Peptidase_M23,3.A.5,2.A.6,2.A.6,1.B.52
3.A.11,Citrate_synt,GT19,1.B.33
3.D.1,3.D.1,3.D.1,3.D.1,3.D.1,3.D.1,3.D.1,3.D.1,3.D.1,3.D.1,3.D.1,3.D.1,3.D.1,3.D.1,GH23
GT26,GT4,GT4,GT4,9.A.25,8.A.3
9.B.34,GT2
4.C.1,GT51
9.B.18,GT2,GT2
GH24,1.A.26,2.A.47,1.A.26,1.A.23,1.A.35
GT2,9.B.18,GT2,8.A.3,GT2,GH16_21,GT2
9.A.8,FeoA,2.A.66,GT2,GT4,GT2,GT2,8.A.5,1.B.14,Peripla_BP_2,3.A.1,3.A.1,CbiA,9.B.125
GT2,4.C.1
GH108,1.B.52
1.B.14,GH9,GH3,GH3,1.B.14,GH13,2.A.2,GH97|CE1,GH13_13,GH13_23
1.B.14,Glyoxalase,4.C.1,2.A.80,1.B.14,LysR_substrate|HTH_1,Trans_reg_C,GH43_12
2.A.1,LysR_substrate|HTH_1,2.A.1,1.B.14,Sigma70_r4_2|Sigma70_r2,FecR,1.B.14,CE8,2.A.25,TPR_2,1.B.14
1.B.14,1.A.12,IclR|HTH_IclR,GH3,GH3,9.B.18,2.A.21,Response_reg,3.A.1,3.A.1,3.A.1,LysR_substrate|HTH_1,AA2|AA2
2.A.1,GH141,1.B.14
2.A.6,2.A.6,2.A.6,GH43_18
2.A.7,GH28,GH28,1.B.14,GntR,2.A.1,PL17_2|PL17,PL6|PL6_1,1.B.14,GntR,1.B.25,Response_reg|ANTAR,3.A.1,NIR_SIR_ferr|Pyr_redox_2|NIR_SIR,3.A.1,3.A.1,3.A.1,GntR,2.A.56,2.A.56,GH43_12,GH67,GH3,1.B.14,GH43_1,GH10,2.A.2,LacI|Peripla_BP_3,GH43_9,2.A.56,2.A.56
2.A.1,TetR_N,TetR_N,GT2,Response_reg,Response_reg,2.A.21
1.A.30,GH103
3.A.1,GH10,2.A.95
2.A.8,GH3,2.A.2,LacI|Peripla_BP_3,HTH_3,9.A.40
