9.B.155,9.B.18,Aminotran_1_2,GH57
2.A.17,1.B.18,NTP_transf_2,GT0
GT2,GT4,PL12_3,9.B.18,9.B.18
GT0,3.A.23,HATPase_c|HisKA|dCache_1,2.A.56,2.A.56,3.A.1,Ada_Zn_binding|HTH_18|AlkA_N,1.I.1,CheW|Response_reg,2.A.23,GH109
3.B.1,3.B.1,LysR_substrate|HTH_1,2.A.102,CBM50,1.I.1
GH23,5.B.7,Glyoxalase,2.A.4,MarR,9.B.34
GH3,3.A.1,3.A.1,3.A.1
1.I.1,GH23
1.B.52,CheW,CheR|CheR_N,CheD,CheB_methylest|Response_reg,GT104
GH73,cNMP_binding|Crp,5.A.1,3.A.3,3.D.4,3.D.4,3.D.4
5.A.3,5.A.3,GH43_4,GH43_26,GH43_5,2.A.2,GH146,GH43_26,GH43_26,3.A.1,3.A.1,3.A.1,3.A.1
3.A.25,1.C.113,NUDIX,GH97,LysR_substrate|HTH_1,2.A.2,GH15,1.B.14,1.B.14
9.B.34,2.A.1,GH13_23,GH13_38
1.B.14,GH103
2.A.37,9.B.34,GT19,1.B.33
1.A.30,1.A.30,3.A.8,2.A.14,Fer4,9.A.62,2.A.66,SBP_bac_3,3.A.18,PAS|EAL|GGDEF,GT5,GT35,CBM48|GH13_11,CBM48|GH13_9,GH77
1.A.62,CBM50,1.A.8,2.A.49,2.A.62,9.B.42
GH23,FlhD,FlhC,3.A.7,3.A.7,2.A.7,2.A.4,MerR,2.A.4,2.A.6,2.A.6
2.A.1,HMA,2.A.6,2.A.6,5.A.3,MerR,CE11,HTH_18,3.A.3,MerR,3.A.3,3.A.3
9.A.40,1.B.42,2.A.103,GH103
GH73,8.A.59,1.B.52,9.B.34
GT51,1.B.14
9.B.34,3.D.4,3.D.4,3.D.4,3.D.4,EAL|GGDEF,GH23,2.A.68,2.A.6,2.A.6,1.B.71,Pyr_redox_2,2.A.21
3.A.1,SBP_bac_3,2.A.88,HATPase_c|HisKA,3.A.23,3.A.1,3.A.1,3.A.1,GT83,GT2,GT4,GT2,GT4,GT9,GT30,TetR_N,Aminotran_1_2,Rhodanese,9.B.104
2.A.38,HTH_5,2.A.38,2.A.38,CBM50,3.A.11
2.A.38,2.A.38,Trans_reg_C|Response_reg,HATPase_c|HisKA,2.A.102,2.A.1,LacI|Peripla_BP_3,GH13_18,2.A.1,PfkB,3.A.1,3.A.1,GntR,3.A.1,4.C.1
GT51,1.B.22
2.A.6,GT2
9.B.146,2.A.103,GT28,CE11,1.A.34,3.A.5,9.B.34,2.A.64,2.A.64,2.A.64
GT1,1.B.14
3.A.18,2.A.1,2.A.1,LysR_substrate|HTH_1,GH23|CBM50
3.D.2,3.D.2,NIR_SIR_ferr|NIR_SIR,GT51
2.A.106,AA10,2.A.42
2.A.23,9.B.27,GH23,9.B.34,2.A.53,1.A.13
1.B.14,SBP_bac_3,MCPsignal,GH20,SIS,CE9,2.A.1,1.B.71
1.B.33,CBS,9.B.34,GH23,3.D.4,3.D.4,1.B.52,2.A.6,2.A.6
