CBM48|GH13_9,2.A.37
GT51,GH77,3.A.1,3.A.1
GT2,GT9,Trans_reg_C|Response_reg,1.B.22
1.B.42,PALP,Pkinase,GH23,8.B.9,Pribosyltran,9.B.149,3.A.3
1.C.39,GT2,GT83,5.A.3,8.A.21
GH23,3.A.16,3.A.6
3.A.7,2.A.4,CE9
1.A.1,GT30,GT19
2.A.64,1.B.52,Fer4,3.D.1,3.D.1,3.D.1,3.D.1,3.D.1,3.D.1,3.D.9,3.D.1,3.D.1,3.D.1,8.A.1,2.A.6,3.A.1,3.A.1,CE11
GT9,GT9,3.A.1
3.D.1,3.D.1,3.D.1,3.D.1,3.D.1,3.D.1,3.D.1,TPR_1,GH57
2.A.21,PAS,3.A.1,2.A.1,GT35,3.A.15
GT28,2.A.103,9.B.146
GH3,2.A.1
GT5,dCache_1|HATPase_c|HisKA,3.A.23
2.A.114,LytTR|Response_reg,9.B.33,3.A.1,GT51
2.A.114,LytTR|Response_reg,9.B.33,3.A.1,GT51
8.A.21,3.A.1,3.A.1,Fer4,3.A.1,Response_reg,GT21,EAL,GGDEF,HisKA,HATPase_c,GH1,3.A.1,3.A.1,3.A.1
GT83,2.A.72
1.A.23,GT9,3.A.3,3.A.12,CSD,Aminotran_1_2,ACT,3.A.16,GT51
2.A.38,2.A.38,GT9
3.A.1,GT2
