3.A.3,HTH_Mga|Mga,8.A.5,9.B.14,GH136,Aminotran_1_2,2.A.3
4.A.3,GH3
GT1,4.A.3,GntR,GH1
4.A.2,4.A.2,4.A.2,GH38
4.A.3,GH1,4.A.3,4.A.3
GH35,4.A.6,4.A.6,4.A.6,4.A.6
4.A.1,GH13_29,2.A.88,GT51
2.A.114,3.A.7,TetR_N,3.A.23,4.A.3,4.A.3,4.A.3,GH1,3.A.1,3.A.1,3.A.1,3.A.12,HTH_11|Mga,4.A.2,4.A.2,4.A.2
1.A.26,NUDIX,HTH_6,GH1,9.B.158,3.A.7,2.A.88
3.A.1,3.A.1,3.A.1,ACT,1.C.82,1.A.8,HTH_3,2.A.3,SIS,4.A.1,HTH_6|SIS,9.B.27,Peripla_BP_3|LacI,GH65,4.A.1,3.D.6,3.D.6,2.A.6,3.A.3
4.A.1,GH4,HTH_6|SIS,4.A.1,3.A.1,HATPase_c,GerE|Response_reg,SBP_bac_1,4.A.6,4.A.6,4.A.6
4.A.1,GH4,HTH_6|SIS,CE6
CBM48|GH13_9,GT5,GT35,GH13_39,HTH_3,CE9,3.A.1,GH73
3.A.1,3.A.1,3.A.1,GT2,9.B.27,HTH_3,3.A.1,GH73
2.A.40,Pribosyltran,PALP,3.D.2,FUR,PALP,GH73,3.A.9
2.A.49,GH13_5,DeoRC|HTH_DeoR,PfkB,4.A.2,AAA,GH25,TPR_1,8.A.21
GH1,4.A.3,4.A.3
GT4,GT4,8.A.7,8.A.8,3.A.9,9.A.40,2.A.86
GT2,2.A.38,GerE|Response_reg,HATPase_c,9.B.116,GT2,GT2,GT2,GT2,9.B.18,GT2,GT2|GT2,GT2,3.A.1,3.A.1
GT2,9.B.146,9.B.126,1.I.1
9.A.4,GT28,9.B.146
GH1,4.A.3
GT4,9.B.18,8.A.3,8.A.3
2.A.1,GH3,Trans_reg_C,2.A.88
GH1,GH4,HTH_6|SIS,4.A.1
2.A.7,HATPase_c,Trans_reg_C|Response_reg,3.A.3,HD,3.A.1,TetR_N,GT51,2.A.66
CE1,2.A.1
4.A.5,4.A.5,4.A.5,GntR,HTH_3,9.B.27,Rhodanese,3.A.1,3.A.1,3.A.1,GT1,4.A.2,4.A.2,4.A.2,HTH_11|Mga,1.A.8
8.A.5,LysR_substrate|HTH_1,GT0,GGDEF,GT2,GH8,3.A.1,GH1,4.A.3,4.A.3,4.A.3,HTH_11|Mga,2.A.81,Aminotran_1_2,2.A.66,3.A.1,3.A.1
GH73,MarR,3.A.1,3.A.1,Glyoxalase,4.A.2,4.A.2,4.A.2
3.A.1,HTH_3,GT2
3.A.1,3.A.1,3.A.1,cNMP_binding,9.B.144,3.D.1,GH25,3.A.5
2.A.1,GH36
4.A.7,SIS,4.A.7,GH1,TetR_N,8.A.5
GH1,4.A.3
8.A.5,GH13_31,GH36,4.A.6,4.A.6,4.A.6,3.A.23,MarR,GH32,4.A.1,GH13_31,Peripla_BP_1|LacI,4.A.7,4.A.7
3.A.3,DeoRC|HTH_DeoR,4.A.2,4.A.2,GH2,2.A.3
1.A.1,9.B.157,LytTR,9.B.14,LytTR|Response_reg,MarR,GT8,GT8
GT51,2.A.3,GerE,2.A.3,2.A.86,2.A.86,Aminotran_1_2,AsnC_trans_reg,HTH_3,2.A.7,2.A.67,8.A.7,CBM34|GH13_20,3.A.1,GntR,2.A.15
4.A.1,GH1
4.A.1,GH1,HTH_6|SIS,4.A.1,3.D.6
9.B.74,Peripla_BP_3|LacI,GH32,SBP_bac_1,3.A.1,3.A.1,GH32,3.A.1,4.A.1,4.A.1,GH4
4.A.1,GH1,3.A.1,3.A.1,3.A.1,3.A.1
3.A.7,3.A.7,3.A.7,3.A.7,3.A.7,3.A.7,GH23,3.A.7,3.A.7,3.A.7,3.A.7,3.A.7,3.A.7,3.A.7
