3.A.1,3.A.1,3.A.1,3.A.1,4.C.1,TetR_N,GntR|Aminotran_1_2,2.A.3,CE9,Sigma70_r4_2|Sigma70_r2,3.A.1,3.A.1
4.A.7,4.A.5,4.A.5,4.A.5,GH130,GT108,2.A.1
4.A.1,HTH_6|SIS,GH4,4.A.1,3.A.1
2.A.88,3.A.1,3.A.1,GT51
PL12_3,9.B.18,8.A.3,8.A.3,3.A.7
3.A.1,CE4
2.A.14,2.A.66,3.A.1,3.A.1,3.A.1,2.A.7,2.A.7,Peripla_BP_1,8.A.59,Response_reg|HTH_18,PfkB,3.A.1,3.A.1,3.A.1,3.A.1,3.A.1,3.A.1,GntR|Aminotran_1_2,2.A.1,GT4,GH3,2.A.26
3.A.1,3.A.1,3.A.1,3.A.1,Fe_dep_repr_C|Fe_dep_repress,2.A.3,GT51
2.A.56,2.A.23,ComK,GT0,GT26,GT2,GH73,2.A.66,9.B.146,GT4,9.B.146,HATPase_c,Response_reg|GerE,3.A.11
CBM50,bZIP_1,1.A.14,3.A.23,2.A.46,2.A.1,GH1,GH1,4.A.1,SBP_bac_3,3.A.1,3.A.1,1.B.52,3.A.1,3.A.1
GT8,GAF,Pyr_redox_2,4.C.1
GH23,CYTH,1.A.26,2.A.37
4.A.1,4.A.1,GH13_29,GntR,HTH_5,3.A.3,9.B.62
5.A.1,5.A.1,3.A.3,HMA,2.A.108,LacI|Peripla_BP_3,4.A.1,GH32,PfkB,CbiA,2.A.88,9.B.10
CE4,Pyr_redox_2,CBM50,GH73,3.A.1,3.A.1,3.A.1,9.B.125
8.A.42,9.B.174,2.A.7,PIG-L,CBM50|CBM50,2.A.3
9.B.74,GH18,2.A.7,CSD,3.A.7,Nitroreductase,2.A.1
2.A.66,HTH_18|AraC_binding,CBM34|GH13_20,3.A.1,3.A.1,3.A.1,GH13_1,GH31
2.A.98,5.A.1,Response_reg|Trans_reg_C,HisKA|HATPase_c,GH18
GT2,9.B.34
GT28,2.A.103,9.B.146
GT4,2.A.115,2.A.25,3.D.3,3.D.3,3.D.3
GT28,2.A.58,1.A.33
CBM50,3.D.10
