CBM20|CBM20|GH77,GT2,4.C.1
GH92,2.A.6,9.B.33
9.B.18,GT2,GT4
GH97,Penicillinase_R,3.A.1
GH35,GH84,1.B.6
3.A.1,GT2,GT10
GT30,HD,GH123,3.A.11,2.A.13
GH110,GH35,1.B.14,FecR,Sigma70_r2|Sigma70_r4_2,CE17,NUDIX,Response_reg|LytTR,Fer4,Fer4,1.B.14
GH43_28|CBM32,GH144,8.A.46,1.B.14,GH3,Y_Y_Y|Sigma70_r4_2,9.B.174,PfkB,GH127,1.B.14,Y_Y_Y|HATPase_c|HisKA|Response_reg|HTH_18|Reg_prop,2.A.1,GH127,Pribosyltran,GH27
1.A.22,HTH_18,1.B.14,GH16_3
9.B.104,2.A.6,Pribosyltran,1.B.14,1.B.14,GH110,GH95,1.B.14,AraC_binding|HTH_3,4.C.1,2.A.21,9.B.144,1.B.14
1.B.14,2.A.1,HATPase_c|HisKA|Response_reg|HTH_18|Peripla_BP_1,GH32,GH29,HTH_18|AraC_binding,GH29,1.B.14,1.A.23,2.A.19,HATPase_c,9.B.174,HTH_18,9.B.97,3.D.10,3.D.10,HTH_18,3.A.11
CE4,3.A.1
2.A.6,2.A.6,2.A.6,GH2
3.D.1,GT2,GT2,GT11,GT8,GT2,GT4,GT2,3.A.1
3.A.1,GH89,1.B.14,FecR,Sigma70_r2|Sigma70_r4_2,GH36,3.A.10
GT28,2.A.103,9.B.146
GH43_26,GH76,GH2,GH127,GH127,GH43_26,GH2,GH38,1.B.14,GH43_3,GH76,GH92,GH125,GH43_31,Peripla_BP_3|GntR,GH127,CBM66|GH51,4.C.1
GH154,GH2,GH20,GH88,PL33_1,1.B.14,HATPase_c|HisKA|Response_reg|HTH_18,Y_Y_Y|Reg_prop,GH144,GH3,1.B.14
2.A.1,GT2,1.B.14,2.A.37,3.A.1,2.A.22
CBM62,2.A.122,1.E.14
GT51,AAA,GH31,8.A.46,1.B.14,FecR,Sigma70_r2|Sigma70_r4_2,3.A.1,3.A.1,3.A.1,Glucokinase,GH3,GH3,1.B.14
3.A.23,3.A.3,3.A.3,3.A.3,2.A.21,Sigma70_r2|Sigma70_r4_2,FecR,1.B.14,GH115,1.B.42
1.B.14,GerE,Pyr_redox_2,AAA,8.A.3,1.B.18,ACT,PALP,4.B.1,1.B.14,1.A.23,Sigma70_r2|Sigma70_r4_2,FecR,GH95,1.B.14,GH120,GH2,GH35,GH43_10,1.B.14
GH89,2.A.3,2.A.6,2.A.6
3.A.1,GH92,1.B.14,CBM32,GH29,GH2,EPSP_synthase,HTH_18,HATPase_c|HisKA,GH20,8.A.1,1.C.105,8.A.46,1.B.14,GH92,GH92,FecR,Sigma70_r2|Sigma70_r4_2,GH92,2.A.1,HTH_18,1.A.34,MerR,HD,GH23,HTH_3,CbiA,GT19,3.A.25,1.A.26,1.B.14
2.A.66,Aminotran_1_2,9.B.97,GT4,GT4,GT4,9.B.18
8.A.5,GH3,1.B.14,CBM6,GH26,GH5_7,GH3,B12-binding|B12-binding_2,GH26,GH130,2.A.2
GH36,GH29,1.B.14,Y_Y_Y|HATPase_c|HisKA|Response_reg|HTH_18|Reg_prop,2.A.1,GH29,2.A.64
GH110,2.A.7,GH2,2.A.115,GH109,GH95,GH2,TPR_2,2.A.1,HTH_18|AraC_binding,GH3,1.B.14,1.B.14,1.B.14,Sigma70_r2|Sigma70_r4_2,FecR,1.B.14,8.A.46,GH109
9.B.104,GH133,GT4,GH57,GT5,Pyr_redox_2,2.A.1,3.A.1
3.A.1,2.A.1,3.A.12,Pyr_redox_2,GH20
GT11,GT2,Pyr_redox,GT4,GT2,1.B.14
1.A.43,GH97,HTH_3,1.B.6
2.A.49,PALP,2.A.38,GH31,Sigma70_r2|Sigma70_r4_2,GH43_34,FecR,1.B.14
GT2,GT4,GT4,GT2,GT2,8.A.3,9.B.146
3.A.3,2.A.98,1.B.14,GH2,HTH_18|AraC_binding,2.A.37
GH97,Sigma70_r2|Sigma70_r4_2,FecR,1.B.14,8.A.46,GH130
GH31,9.A.40,1.B.14,CE1,Aminotran_1_2,GerE|Response_reg,2.A.35,2.A.1,GT51,9.A.8
GT2,GT2,9.B.18,2.A.47
3.D.2,Peptidase_M23,Sigma70_r2|Sigma70_r4_2,FecR,1.B.14,GH27,NUDIX,3.A.1,Pyr_redox_2,HTH_18,GH73
2.A.7,GT11
GT2,9.B.146,HhH-GPD,9.A.40
1.B.73,3.A.1,GH16_3,PL30|PL8,Aminotran_1_2,GT2,HATPase_c|HisKA,3.A.23,3.A.1
2.A.1,AraC_binding,1.I.1,GH2,2.A.47,1.B.6
2.A.1,1.B.14,8.A.46,GH29,1.B.14,8.A.46,ATPase_2,1.B.14,8.A.46,8.A.46,1.B.14,1.B.14,GH33,GH20,GH2,GH20|CBM32,GH20,GH92,GH2,1.B.14,GH2,3.A.1,Sigma70_r2|Sigma70_r4_2,9.B.2,1.B.14,9.B.171,GerE,9.B.171
GT2,GT2,GT2,9.B.18
CBM9,9.B.35
GH2,1.B.14,1.A.62,9.B.1,Sigma70_r2|Sigma70_r4_2,1.B.14,8.A.46,GT51,9.B.186,2.A.66
3.A.1,HATPase_c|HisKA|Response_reg,GT2,GT2,GT101,GT4,2.A.66,GT2
1.B.14,GH2
GH20,1.B.14
2.A.68,GH13_8,GH13_38,2.A.1,cNMP_binding,9.B.196
2.A.33,2.A.37,2.A.55,9.B.146,GT2,GT4,GT4,GT2,2.A.66
9.B.114,HATPase_c|HisKA|Response_reg|PAS,3.A.1,3.A.1,3.A.1,HTH_18,GH20
9.B.18,GT0
3.A.1,3.A.1,GT35,GT3,3.A.2,3.A.2,3.A.2,3.A.2,CE9
GH25,GH33,1.B.14,FecR,Sigma70_r2|Sigma70_r4_2,2.A.6,2.A.6,2.A.6,CE9
GT2,1.B.44
GH23,2.A.21,Nitroreductase,B12-binding|B12-binding_2,9.B.29
GH13_5,9.B.126,GT2,GT4,Fer4,GT4
1.A.23,GH29,GH2,GH20,GH20,Y_Y_Y|HTH_18|Reg_prop,GH141,3.A.1,GH20,1.B.14,FecR,Sigma70_r2|Sigma70_r4_2,GH13_14,2.A.1,HhH-GPD,9.B.169,TPR_1|TPR_2,GH16_3,2.A.50
3.B.1,3.B.1,3.B.1,TPR_1,TPR_1|TPR_2,GH13,MarR,8.A.1
GH13_10,8.A.46,1.B.14,Peripla_BP_3|LacI,2.A.2
GH65,2.A.6,Y_Y_Y|HATPase_c|HisKA|Response_reg|HTH_18|Reg_prop,2.A.51,2.A.51,2.A.114
3.A.1,3.A.1,3.A.1,HATPase_c|HisKA|Response_reg|HTH_18|Peripla_BP_1,PfkB,2.A.1,GH32,HTH_3,1.B.6
GH97,1.B.14,GH29,GH2|CBM32,HATPase_c|HisKA|PAS,GH9|CE4
GT4,GH92,GH29,FUR,GT83,HTH_18,1.I.1,TPR_1|TPR_2,PALP,8.A.46,1.B.14,GT83,2.A.123,GT2
GT2,2.A.107,2.A.7
2.A.7,HisKA,2.A.6,2.A.6,GH23,1.A.1,9.B.20
GT2,GT4,GT2,GT2,GT2,GT10,Nitroreductase,9.B.146
1.B.14,FecR,Sigma70_r2|Sigma70_r4_2,1.B.14,CBM32,1.B.14
3.A.7,GH29,B12-binding,2.A.81,2.A.115,2.A.66,cNMP_binding,HATPase_c|HisKA|Response_reg,2.A.66
