GT20,2.A.1,1.B.52,1.B.52
2.A.1,CE4
9.B.34,9.B.34,3.A.1,3.A.1,3.A.1,3.A.23,GGDEF|EAL,2.A.1,CE1,HxlR,GH13,GH13,HTH_8|Response_reg,2.A.21,3.A.1,GT51
GT51,9.B.34,2.A.80,2.A.80,9.B.34
GH103,9.B.34,9.B.34,3.A.1,1.A.30,1.A.30,2.A.6,2.A.6
3.A.6,3.A.6,GH23
3.A.1,GH103
9.B.146,2.A.103,GT28
CE11,1.B.33,2.A.1
GT5,3.A.1,SBP_bac_3,3.A.1
4.C.1,Glyoxalase,3.A.1,3.A.1,3.A.1,3.A.1,AraC_binding|HTH_18,GT4
9.B.18,8.A.3,3.A.1,8.A.1,GT26,GT0
2.A.95,CE4,9.B.35,3.A.1,3.A.1,3.A.1,3.A.1,3.A.1
3.A.1,GT4,2.A.6,2.A.6,GT9,PfkB,9.B.18,9.B.146,Aminotran_1_2,2.A.66
2.A.21,PfkB,GT4,PALP,2.A.58,2.A.1,3.A.1,3.A.1
3.A.1,3.A.1,8.A.59,GT2,GT0|GT83
GT41,2.A.41
CE4,CE4,1.A.26
3.A.9,2.A.1,8.A.5,HTH_18,GH23
GH23,1.A.22
9.B.18,GT4,8.A.3
GT19,3.A.1,3.A.1,3.A.1
GH23,8.A.59
2.A.21,HD,GH3,2.A.64,Response_reg,CBM50,9.A.25,AAA,3.A.5,2.A.6,2.A.6
GH17|GT2,GH17,9.B.20
3.A.1,SBP_bac_3,2.A.6,2.A.6,8.A.1,2.A.6,PALP,GT41,GT41,3.A.1,3.A.1,3.A.1,3.A.1,2.A.58,2.A.123,GT2,GT83,GT51
1.B.4,HTH_18,1.I.1,9.B.34,Aminotran_1_2,3.A.1,2.A.7,1.A.12,2.A.1,MCPsignal|dCache_2,1.A.34,2.A.7,GT51,HTH_3,Pyr_redox,2.A.23,3.A.1
2.A.1,GntR,2.A.1,2.A.6,2.A.6,GH103,Pyr_redox_2,4.C.1,3.A.1,3.A.1,3.A.1,3.A.1,3.A.1,3.A.1
3.A.1,3.A.1,3.A.1,3.A.1,DeoRC|HTH_DeoR,SBP_bac_1,3.A.1,3.A.1,3.A.1,GntR,9.A.25,GntR,AA3,3.A.1,3.A.1,SBP_bac_3,GerE|Response_reg,GerE|Response_reg,HATPase_c,2.A.6,2.A.6,3.D.1,1.A.14
3.A.1,3.A.1,3.A.1,3.A.1,4.C.1,4.C.1,4.C.1,1.B.14,GH5
GT1,2.A.1
2.A.21,2.A.1,GT51
2.A.20,AA3
3.A.1,3.A.1,3.A.1,3.A.1,3.A.1,GT5
2.A.1,GH0,3.A.1,GT4,2.A.56,2.A.56
3.D.4,3.D.4,3.D.4,9.B.43,GH23
9.B.1,GT2,2.A.86,GH103,3.A.1,3.A.1,3.A.1,3.A.1,3.A.1
2.A.6,2.A.1,GT39
GT4,GH39,9.B.97
GT26,SBP_bac_3,9.B.18,8.A.3,1.B.18
GH10,8.A.59,4.C.1
1.C.113,GT83
9.B.34,2.A.76,Response_reg,GH103
GT26,9.B.34
GH17,GGDEF|EAL,3.A.1,3.A.1,3.A.1,2.A.36
