GH73,3.A.1,3.A.1
GT28,9.B.174,4.A.1
2.A.88,2.A.7,bZIP_1,GT51
4.A.1,GT51,4.C.1
3.A.1,GH73
GT51,4.C.3,9.B.126
9.B.46,9.B.14,Response_reg|LytTR,PfkB,GH32,Peripla_BP_1|Peripla_BP_3|LacI,2.A.1,GH32,Peripla_BP_3|LacI,9.B.102,9.B.102,HTH_DeoR,3.A.1
3.A.18,2.A.103,HMA,HD,2.A.9,PfkB,9.B.97,1.A.34,GH19,9.B.97,3.A.7
3.A.2,3.A.2,3.A.2,3.A.2,3.A.2,1.A.77,GT0
2.A.15,GH1,4.A.3
2.A.88,3.A.1,3.A.1,SBP_bac_3,3.A.1,3.A.1,MarR,2.A.35,2.A.7,2.A.7,Pyr_redox,GH73,3.D.1
9.B.74,MarR,3.A.1,3.A.1,Response_reg|Trans_reg_C,HATPase_c|HisKA,GT4,2.A.64,2.A.64,2.A.108,2.A.108,2.A.108,2.A.1
GT2,GT4,GT4,CE14,2.A.120,GT2
4.A.1,2.A.3,2.A.1,AA3_2,2.A.15
2.A.7,4.C.1,3.A.7,GT2,2.A.1
GT1,9.B.20
2.A.115,9.B.10,GT2,HTH_11|Mga,4.A.2
2.A.1,HTH_3,GT2
GT2,CE4,9.B.97,2.A.25,HTH_18,2.A.7,HATPase_c|HisKA,Response_reg|Trans_reg_C,3.A.1,2.A.3,PALP,3.D.2,HhH-GPD,2.A.1,2.A.26,3.A.1,3.A.1,GT2
1.A.23,GH25,3.A.7,2.A.76
2.A.1,2.A.1,2.A.22,CBM50|CBM50|CBM50,1.A.23
2.A.1,4.A.1,GH13_29
2.A.7,2.A.63,2.A.63,2.A.63,2.A.63,2.A.63,2.A.63,2.A.36,3.A.1,3.A.1,3.A.1,FeoA|Fe_dep_repr_C|Fe_dep_repress,GT26,3.A.1,3.A.1,GT2,3.A.1,2.A.41,2.A.115,3.A.1,3.A.1,3.A.1,2.A.120,2.A.20,CBM50
3.A.1,3.A.1,MarR,9.B.10,2.A.1,HTH_DeoR|DeoRC,PfkB,4.A.2,CE9,9.A.40,GT2
2.A.79,2.A.79,9.B.34,9.B.146,3.A.11,Pribosyltran,3.A.5,CBM50
1.A.26,TrkA_C,2.A.86,2.A.25,2.A.1,GT28,2.A.109,2.A.38
