9.B.143,GT1
GH1,GH2,GH2,2.A.1,GH43_12,TetR_N,4.C.1
GH16_3|CBM13,GerE|Response_reg,2.A.1,GerE|Response_reg,2.A.16
GH92,TetR_N,9.B.143,HTH_1|LysR_substrate,SBP_bac_1,3.A.1,3.A.1
GH36,3.A.1,3.A.1,SBP_bac_1,GH27
3.A.1,3.A.1,3.A.1,3.A.1,GH38,GH2
3.A.1,3.A.1,3.A.1,GH20,CBM3|GH16,GH78,GH76
2.A.1,9.B.97,CBM67|CBM67|GH78
2.A.1,CE4,3.A.1,SpoIIE,3.A.1,3.A.1,3.A.1
GH127,3.A.1,3.A.1,CBM13,2.A.1,9.B.97
GH13_3,GH13_16,CBM48|GH13_9,3.A.1
CBM13,3.A.24
GH55,GH95,GH27|GH27|CBM35,3.A.1,3.A.1,3.A.1,MarR,GH36
GH87,CBM32|GH64,HTH_3,3.A.1
2.A.28,GH19
2.A.3,HTH_5,GH2,GH27|CBM13,MerR,2.A.1,TetR_N,8.A.5
GT87,2.A.3,GntR,1.A.43,1.A.43,CBM61|GH53,GH42,3.A.1,3.A.1,3.A.1
GT2,3.A.24
GH92,3.A.1,3.A.1
9.B.145,GH15,2.A.49,2.A.1,MarR,2.A.1
3.A.1,3.A.1,SBP_bac_1,CBM51
2.A.7,GH3,GH35,3.A.1
3.A.1,3.A.1,AA3_2
4.A.1,8.A.7,GntR|Aminotran_1_2,GH31,NUDIX,CBS|EAL|GGDEF,1.A.8
2.A.1,GT4,GT4,GntR|Aminotran_1_2,2.A.115,2.A.1,GT2
GH18,TetR_N,3.A.24,9.A.40,9.A.40,4.B.1,MarR,2.A.1,PL38,2.A.40,GH6
GT4,4.F.1,1.A.1
PL26,3.A.1,3.A.1,3.A.1
GH51,GntR|Aminotran_1_2,2.A.7
2.A.8,2.A.3,NUDIX,9.B.51,TetR_N,4.C.1,CBM32
3.A.1,3.A.1,Sigma70_r4_2|Sigma70_r2,TPR_2,2.A.113,9.B.106,GT2,GT2,CE4,GH39
1.A.6,3.A.1,3.A.1,3.A.1,2.A.1,GT76,3.D.4,HTH_11,3.A.1,3.A.1
3.D.2,NUDIX,CbiA,GH15,HTH_8,GT4,1.C.109,3.A.1,3.A.1,3.A.1
GH25,2.A.20,9.B.125
2.A.40,Sigma70_r4_2|Sigma70_r2,PL3_4,PL9_3,GH43_22|GH43_34,PL9_3,CE8,CE8,PL1_6,CE12,3.A.1,GH43_10,3.A.1,3.A.1
2.A.7,CBM42,3.A.1,HTH_5,3.A.1
3.A.1,3.A.1,SBP_bac_1,GH13_30,3.A.1,PadR,3.A.1
GH23,3.D.1,3.A.1,3.A.1,3.A.1,3.A.1
3.D.3,GH46,3.A.1,3.A.1,Pyr_redox_2,GATase_2,2.A.89
GT28,2.A.103,Pyr_redox,9.B.146
4.C.1,GT4,2.A.66
GH13_13|CBM41|CBM41|GH13_13,GH13_32|CBM20|CBM20,GH13_32,3.A.1,3.A.1,3.A.1,GH13_30,LacI|Peripla_BP_3,HTH_1|LysR_substrate,2.A.7,2.A.1
2.A.1,TetR_N,2.A.1,3.A.1,3.A.1,Trans_reg_C|BTAD,GH33,2.A.1,2.A.108,2.A.108
GH23,Sigma70_r4_2|Sigma70_r2,3.A.1,3.A.1,3.A.1,3.A.1,3.A.1,3.A.1
3.A.1,HATPase_c,GH54|CBM42,GerE|Response_reg,Sigma70_r4_2|Sigma70_r2,2.A.1,2.A.1,9.B.179,GH0,GT4
GT87,2.A.1
GH35,GH51,GH43_5,3.A.1,3.A.1,3.A.1,IclR|HTH_IclR,GT4
4.C.1,2.A.7,9.B.157,GAF,GH5,GAF,3.A.1,3.A.1,3.A.1,CE1,3.A.1,3.A.1,Sigma70_r4|Sigma70_r3|Sigma70_r2,Pyr_redox_2,HD,9.B.114,GH36
3.A.1,4.A.2,GH0,2.A.1,2.A.1,SBP_bac_3,TetR_N,8.A.5,GH18,TetR_N,3.A.1,3.A.1,FUR,9.B.106
3.A.1,GntR,3.A.1,3.A.1,3.A.1,3.A.1,GH33,GH1,2.A.1,1.A.11,2.A.1,9.A.40
3.A.11,GT87,2.A.1
GH77,3.A.1,1.A.23
3.A.1,3.A.1,GH4
GT26,HTH_3,9.B.106
GH3,3.A.1,GT83,2.A.21,2.A.4
3.A.1,GH20
3.A.1,3.A.1,3.A.1,GH1,CBM2|GH18
AA10,GT2,AA5,GH6,3.A.1,3.A.1,3.A.1,3.A.1
2.A.1,3.A.1,GT51,2.A.7,MCPsignal,4.A.1,4.A.1,4.A.1
GH20,3.A.1,3.A.1
9.B.15,Trans_reg_C|HEM4,2.A.1,CE4|GT2,HTH_1|LysR_substrate,SBP_bac_1,3.A.1,3.A.1,GH31,LacI|Peripla_BP_3,GH3|CBM6,9.B.174,3.A.1,9.B.106,9.B.106,FHA,SBP_bac_1,3.A.1,3.A.1,GT2,GT2,GT2,MarR,GT83,GT2
3.A.1,3.A.1,GT4,GT2
GH23|CBM50,5.B.1
GT87,HD,2.A.1,HTH_6|SIS,SIS,4.A.1
GT81,GT20,SBP_bac_1,CE9,PfkB,9.B.34
2.A.1,SpoIIE,Pyr_redox_2,TetR_N,CBM51
2.A.1,TetR_C|TetR_N,2.A.1,GT83,GT2
GT51,PadR,2.A.1,HD,2.A.66
3.B.1,2.A.37,HxlR,2.A.1,Pyr_redox,AA7
PL1_6,2.A.85
GT2,Trans_reg_C|Response_reg,HisKA|HATPase_c,2.A.6
3.A.3,GH18|CBM16|CBM5
3.A.3,GH15,2.A.1
3.A.9,GT76
1.A.1,GH3,9.B.106
3.A.1,GT51
2.A.1,MarR,GT2,Trans_reg_C|BTAD|TPR_1,3.A.9
GT28,CE4,2.A.3,1.A.35
1.A.87,GH18|CBM2,CE4|GT2
GH23,3.A.1,2.A.7
3.A.1,3.A.1,3.A.1,GH3,LacI|Peripla_BP_3,GH10|CBM2
AA3,3.A.1,3.A.1
3.D.10,3.D.10,GH20,2.A.1
2.A.76,GT2,3.A.1,3.A.1,SBP_bac_1,3.A.1
3.A.1,3.A.1,3.A.1,GT76,Pyr_redox_2,DeoRC|HTH_DeoR,2.A.86,3.B.1
3.A.1,2.A.116,CE14,GT2,GT2,TetR_N,2.A.1,1.C.113
CBM16|GH18,CbiA,3.A.7
2.A.86,HTH_1|LysR_substrate,3.A.1,PadR,GT51
3.D.10,3.A.1,3.A.1,3.A.1,3.A.1,3.A.1,3.A.1,Glyoxalase,3.A.1,3.A.1,3.A.1,3.A.1,3.A.1,8.A.51,CE14,3.A.1,3.A.1
3.A.1,3.A.1,3.A.1,3.A.1,GT4,GH135,3.A.25,2.A.1
2.A.21,GntR,3.A.1,3.A.1,3.A.1,GH3
9.B.146,1.A.77,3.A.2,3.A.2,3.A.2,3.A.2,CBM2|GH18
CBM48|GH13_9,GH13_16,GH13_3,GT35,1.B.77,3.A.1,3.A.1,3.A.1,3.A.1,3.A.1,HATPase_c,GerE|Response_reg,CBM48|GH13_11
GH25,2.A.37,4.C.1
GH97,HTH_1|LysR_substrate,2.A.1,2.A.39,TetR_N,2.A.1,GH30_3|CBM13,CBM11|GH3,MarR,GerE|Response_reg,HATPase_c,3.A.1,3.A.1,HATPase_c,GerE|Response_reg,3.B.1
3.A.1,3.A.1,3.A.1,CBM16|GH18,HTH_8,GH3,SBP_bac_1,3.A.1,3.A.1,GH42,GH95,GH12,GH31,LacI|Peripla_BP_3,GH12,3.A.5
GH0,NUDIX,3.A.1
AA10|CBM2,GH92,CBM32|GH92,3.A.1,3.A.1,3.A.1,HTH_IclR,3.A.1,3.A.1,3.A.1,2.A.3,GT83
GH13_10,FHA,GH13_26,GH13_11,3.A.1,3.A.1,SBP_bac_1,GT1,2.A.6
GH141,3.A.1,3.A.1
3.A.1,GH2,3.A.1,3.A.1,SBP_bac_1,HTH_IclR,CBM2
2.A.40,GAF|SpoIIE|PAS,CE4,3.A.1,GT1
9.B.35,2.A.40,GH46,2.A.1
GH30_5,GT2,2.A.66,PIG-L,GT4,9.B.102,PL12_3,GT4,9.B.18,AAA,HTH_1|LysR_substrate,2.A.1
PL11,GH74|GH74|GH74|CBM2,CBM2|GH48,CBM2|GH5_40,CBM2|GH6,GT83,GH75,GH105,GH28|GH29|CBM32|GH27,CBM35,4.C.1,2.A.1,AsnC_trans_reg,HTH_1|LysR_substrate,2.A.28,GH33
3.D.1,3.D.1,3.D.1,Pyr_redox,GntR,3.A.1,3.A.1,3.A.1,CBM6,CBM13|CBM32|CBM6
GT4,MarR,2.A.1
4.F.1,GT4
GH16_3|CBM6,IclR|HTH_IclR,MarR,4.C.1,GH2,3.A.1,3.A.1,SBP_bac_1,PfkB,DeoRC|HTH_DeoR,GH4,GH38,CBM16
3.A.1,3.A.1,3.A.1,GH13_30,3.A.1,3.A.1,3.A.1
CBM32,9.A.36,TetR_N,2.A.1
2.A.4,GT2,3.A.1
2.A.102,GH87,GH87|CBM12|CBM32|CBM5|CBM6
GH29,GH20,GH29,LacI|Peripla_BP_3,3.A.1,3.A.1,3.A.1,GH5_18,GH85,GH38,GntR,3.A.1,3.A.1,3.A.1
9.B.111,CE4
9.B.34,HTH_1|LysR_substrate,3.D.10,3.D.10,3.D.10,GT76,8.A.5,GH9,CBM13
1.B.79,GH43_20|CBM42,GH43_23|CBM42,GH146,2.A.1
3.A.1,3.A.1,3.A.1,GH42,GH93
CE14,1.B.76,2.A.78,2.A.78,AsnC_trans_reg,3.A.1,3.A.1
3.A.1,3.A.1,3.A.1,3.A.1,GH145
GH1,3.A.1,3.A.1,3.A.1
3.A.1,3.A.1,3.A.1,PfkB,GH32|CBM38|CBM38
GH2,3.D.3,Sigma70_r4_2|Sigma70_r2,2.A.1
CBM13,2.A.39,3.A.1,3.A.1,SBP_bac_1,Peripla_BP_1|LacI|Peripla_BP_3,STAS,2.A.1,HTH_5,3.A.1,3.A.1
GH5_43,TetR_N,3.D.4
GH105,CBM13,CBM13|GH55,CBM13,1.A.78,8.A.5,Pyr_redox_2,GH92,3.A.1,3.A.1
GH125,3.A.1,3.A.1,SBP_bac_1,LacI|Peripla_BP_3,GH76,CBM13,GH76,MarR,Glyoxalase,2.A.21
CBM50,4.C.1
GH30_5|CBM13,GH42,SBP_bac_1,3.A.1,3.A.1,LacI|Peripla_BP_3,GH106,Trans_reg_C|Response_reg,HisKA|HATPase_c,2.A.1
CBM56|GH64,GH16_3|CBM6,3.A.1
3.A.1,HTH_11,9.B.97,1.A.8,IclR|HTH_IclR,2.A.1,GH5_51,CBM13
3.A.1,3.A.1,GAF|SpoIIE,GH93|CBM13,LacI|Peripla_BP_3,GH3,3.A.1,3.A.1,3.A.1
GT76,GT2,Sigma70_r4_2|Sigma70_r2,4.C.1,8.A.5
GT83,2.A.1
2.A.1,TetR_N,TetR_N,2.A.1,2.A.1,CBM13,GH39|CBM35,LacI|Peripla_BP_3,3.A.1,3.A.1,GH63
