2.A.6,GT2
GT51,1.B.22
2.A.7,3.A.16,GH25,3.A.5,9.B.10,2.A.114,8.A.28
2.A.1,GH31,Fer4,1.A.26
9.B.65,1.A.34,2.A.1,2.A.1,9.B.99,1.B.12,1.B.12,2.A.95,2.A.111,GH23
2.A.1,GH73,TetR_N,1.B.12,3.A.7
3.A.1,GH23
9.B.146,2.A.103,GT28,CE11,3.A.5,NUDIX,3.A.15,3.A.15,3.A.15,2.A.3,GntR,Pyr_redox_2,1.B.25,GH20,2.A.7,Aminotran_1_2,1.A.62,3.A.1,HD,Diacid_rec,2.A.1,2.A.1,8.A.1,MarR,HTH_3,1.E.5,GH24
CBM50,Sigma70_r4|Sigma70_r3|Sigma70_r2,1.B.14
CE9,4.A.1
5.A.3,5.A.3,Citrate_synt,GT9,3.D.4,3.D.4,8.A.79,1.A.30,1.A.30,2.C.1,2.C.1,2.C.1,2.C.1
1.A.14,1.I.1,3.A.1,TPR_1,2.A.21,HTH_18|GyrI-like,GyrI-like,GH77,GT35,GT5,CBM48|GH13_11,CBM48|GH13_9,2.A.10,DeoRC|HTH_DeoR,9.B.29,GT9,1.B.12,1.B.12,1.B.12
2.A.102,2.A.1,1.B.12,GH3,Pyr_redox_2,3.A.1,3.A.1,3.A.1,1.B.12,1.B.12,3.A.1,3.A.1,3.A.1,3.A.1,3.A.1,3.A.1,3.A.1,3.A.1,3.A.1
GH103,5.A.2,GntR,2.A.40
2.A.2,GH3
GT14,HTH_5,ArsD,3.A.4,3.A.4
CBM50,3.A.1,3.A.1,3.A.1,2.A.81
GH23,3.A.1,3.A.23,3.A.9,1.B.33
3.A.5,9.B.14,9.A.40,9.B.27,2.A.19,2.A.55,9.B.20,3.A.3,2.A.121,GT2,GT2
GH19,3.A.23
GT51,9.A.41
3.A.23,HATPase_c|HisKA,GH23
GT19,1.B.33
GH102,2.A.40,2.A.1,GntR,Peripla_BP_2,3.A.7
3.A.23,3.A.23,9.B.186,3.A.23,3.A.1,1.B.1,1.A.23,GT2,TPR_2,Fer4,5.A.3,5.A.3
1.B.12,1.B.12,1.B.12,1.B.12,1.B.12,Trans_reg_C,1.B.12,SIS,GT51
3.A.25,2.A.7,GT83,GT2,Aminotran_1_2,1.C.82,3.A.5,2.A.21,3.A.23,2.A.73,2.A.1
9.B.146,1.B.18,8.A.3,GT4,1.B.12,Sigma70_r4_2|Sigma70_r2,1.B.12,1.B.12,Response_reg|GerE,HATPase_c|HisKA,5.A.3,5.A.3,5.A.3
1.A.34,GT2,GT9,GT9,GT4,GT4,GT4,GT4,GT30,GT2
2.A.23,GT26,9.B.128,GT56,2.A.66,Aminotran_1_2,GT0,9.B.146,3.A.6,1.I.1,9.B.124
