GT51,3.A.2,3.A.2,3.A.2,3.A.2,NUDIX,9.B.174
3.D.2,GT51,Nitroreductase,1.A.30,9.B.10,2.A.4
3.A.1,3.A.1,3.A.1,GT4,TetR_N,2.A.3,3.A.1,3.A.1,Peripla_BP_2,1.B.14,3.A.1
2.A.1,GT9,GT4
3.A.2,HhH-GPD,2.A.1,GT9,4.C.1,3.A.1,3.A.1
9.B.146,2.A.103,GT28
CE11,1.B.33
GT83,GT2,3.A.9,Response_reg,9.B.34,NUDIX,3.A.11,9.B.31
1.A.34,GT51
9.B.43,2.A.6,2.A.6,1.A.34,2.A.64,GH3,HD,1.B.12,TPR_1|HATPase_c|HisKA|Response_reg,Response_reg,2.A.1,GT41
1.B.14,9.A.47,3.A.7,3.A.7,GH23
GH84,9.B.1,4.A.2,1.A.11
9.B.18,AA3_2
3.A.1,3.A.1,3.A.1,3.A.1,3.A.23,GH103,1.A.30
4.C.1,2.A.66,GT4,Response_reg,1.B.14,1.B.14
3.A.1,2.A.4,GT30
3.A.1,3.A.1,3.A.1,HATPase_c|HisKA,GT41
3.A.1,3.A.1,GT0,GT2
3.A.1,GT2|GT2,3.A.16
GT2,3.A.1
GT2,PALP|ACT,3.A.1,3.A.1
2.A.89,3.A.3,Fer4,3.D.4,3.D.4,GT4,9.B.18,Aminotran_1_2,Trans_reg_C|Response_reg,2.A.21,4.A.6,8.A.8,CYTH,PfkB,2.A.7
