GH23|CBM50,4.C.1,3.A.1,3.A.1
2.A.108,2.A.108,GH23
2.A.4,2.A.39,CE1,Response_reg|TrmB,HATPase_c,2.A.23
CE14,1.C.113
2.A.1,2.A.21,2.A.21,LytTR|Response_reg,9.B.33,HhH-GPD,GT87
4.C.1,2.A.102,Rhodanese,3.A.1,4.C.1,GT81,GT5
3.A.1,GH23,CBS,3.A.1,3.A.1,3.A.1,3.A.1,1.A.35
3.A.1,3.A.1,3.A.1,3.A.1,Response_reg|Trans_reg_C,HATPase_c|HisKA,GT83,GT2,GT83
4.C.1,8.A.59,Glyoxalase,CBM48|GH13_9,GH13_3,GT35
9.B.62,3.A.1,GH13_30
4.C.1,2.A.36,5.A.3,GT4,GT4,GAF,9.B.18
GH15,1.E.22,3.A.1,3.A.1,3.A.1,3.A.1,9.A.40,9.A.40
GH65,8.A.7,2.A.6,9.B.106
GH19,CE4|GT2,SIS,GerE|Response_reg,9.B.125
3.D.4,3.D.4,3.D.3,3.D.4,GT4,4.C.1,2.A.59,GT87,9.B.106
9.B.146,2.A.103,GT28
GT1,2.A.6,GT2,3.A.1,4.C.1
GH13_10,GH13_26,CBM48|GH13_11,9.B.97
GH77,2.A.7,TrkA_C,2.A.37
2.A.16,GT2
1.A.23,FmdA_AmdA,CE4
GT4,4.F.1,1.B.77
GT1,HTH_3,4.F.1,3.A.12
GH57,GT4,2.A.25,NUDIX,3.A.1,2.A.115,Aminotran_1_2|GntR,ACT,3.D.4,Peripla_BP_2,3.A.1,3.A.1,3.A.1,3.A.1
CE1,2.A.1
1.A.6,GT51
GT2,9.B.18,GT26,3.B.1
3.A.3,AsnC_trans_reg,GT1,2.A.1,5.A.3,5.A.3,5.A.3
3.A.24,3.A.24,3.A.24,GGDEF,2.A.7,CE5,CE5
2.A.1,GT2
2.A.36,3.A.1,GH38
GT4,GT26,8.A.3,1.C.82,3.A.5
9.B.106,GT4
1.A.62,GT4
3.D.1,Cyanate_lyase,1.A.16,GT2,Response_reg|Trans_reg_C,2.A.21
3.A.1,Pkinase,GT2,9.B.142
2.A.33,GH76,TetR_N,2.A.1,3.A.9,2.A.116
GT2,GAF|SpoIIE,GH26,1.A.33
9.B.126,STAS,Response_reg|HATPase_c|PAS|SpoIIE|HisKA,HTH_8,GH13_33,2.A.1
2.A.3,Aminotran_1_2,GH3,2.A.1,GT4
GH63,MarR,3.A.1,3.A.1
4.C.1,2.A.8,SKI,GntR,GH5_13
2.A.102,TetR_N,GH6,CE5,3.A.1
2.A.3,2.A.88,3.A.1,HTH_1|LysR_substrate,3.A.1,3.A.1,9.B.34,GH5_13
9.B.10,CE5,5.A.3,5.A.3,5.A.3
3.A.1,Pribosyltran,GH13_16,TetR_N,CBM48|GH13_11
GT4,GH0,TrmB,2.A.109
GT2,GT89,CE1,CE1,CE5,3.B.1,9.B.106,GT53,GT53,GT53,GT85
GT2,3.A.1
2.A.1,HTH_IclR,GT2
4.C.1,3.A.1,3.A.1,3.A.1,3.A.1,3.A.1,GT20
2.A.3,GT2
GH23|CBM50,9.B.55,CSD,2.A.1
