GH23,3.A.7,GH23,3.A.7,3.A.7,3.A.7
2.A.56,4.C.1,2.A.70,2.A.70,GntR,2.A.55,GH13_10,GH13_26,CBM48|GH13_11
GH36,3.A.1,3.A.1,SBP_bac_1,IclR|HTH_IclR,3.A.1,GH2
GT2,GT2,GT4,GT4,9.B.18
2.A.86,GT4,GT0,GT4
3.A.7,3.A.7,GH23,3.A.7,GH23
GT2,GT2,GT0,GT2,GT2,1.A.23,9.B.18,HTH_7,GH16_21,GT2,GT2
3.A.1,3.A.1,3.A.1,3.A.1,3.A.1,LysR_substrate|HTH_1,9.B.140,CBS,GT1
GH15,2.A.109,2.A.1
2.A.23,2.A.21,3.A.23,GT25,GntR,3.A.1,3.A.1,3.A.1,3.A.1,3.A.1,3.A.1,3.A.1,LysR_substrate|HTH_1,3.A.1,3.A.1
9.B.97,CE2,3.A.7
GT51,GATase_2,Pyr_redox_2,3.D.1,CE9,2.A.58,GT2
8.A.5,LysR_substrate|HTH_1,5.B.7,2.A.16,2.A.14,HTH_1,GH23
GT14,GT2,GT2,1.A.33,3.D.3,3.D.3,3.D.3,PfkB,3.A.1,3.A.1,3.A.1,3.D.4
GT4,2.A.53
3.A.1,GT2,GT4,GT2,GT0,2.A.1
3.A.1,3.A.1,3.A.1,GH13_23,3.A.1
GT2,2.A.123
9.B.10,GT20
GH13_23,CBM48|GH13_9,GT5,CBM48|GH13_11,GH13_4,GT35,2.A.39,GntR,3.A.1,3.A.1,3.A.1,3.A.1
9.B.174,NUDIX,Nitroreductase,GH103
4.C.1,GntR,2.A.1,GT90
3.A.11,GH23
3.A.1,Peripla_BP_1,3.A.1,GH16_21
8.A.1,3.A.1,GT51,1.A.11
3.D.1,GT14,3.A.1
1.I.1,GH3
GT2,8.A.7,ACT,GT30
3.A.1,3.A.1,3.A.1,3.A.1,GT4,3.A.1,3.A.1,3.A.1
AA3_2,GH1,3.A.1,3.A.1,3.A.1,3.A.1,FUR,9.B.10,3.A.1,3.A.1,3.A.1,3.A.1,3.A.1,9.B.102,9.B.108
GH23,3.A.7,LysR_substrate|HTH_1,3.A.7,3.A.7,3.A.7,3.A.7,3.A.7,3.A.7,LysR_substrate|HTH_1,HMA,2.A.4,HTH_5,3.A.3,2.A.1,MerR,3.A.3,HMA,5.B.1,HTH_5,3.A.3
GT107|GT107,1.B.18,9.A.41
2.A.6,2.A.6,3.A.1,3.A.1,9.B.14,2.A.7,5.A.1,2.A.103,GT28
CE11,1.B.33
CBM50,2.A.53,4.C.1,2.A.21
9.B.14,1.E.54,GH108
AA3_2,TetR_N,3.A.1,3.A.1,3.A.1,3.A.1
2.A.72,9.B.43,9.B.35,2.A.40,IclR|HTH_IclR,2.A.40,CE4
3.A.1,3.A.1,3.A.1,3.A.1,3.A.1,3.A.1,Response_reg,CheR_N|CheR,HisKA|HATPase_c|Response_reg|GAF,4.F.1,GT4
2.A.1,HTH_5,Trans_reg_C|Response_reg,HisKA|HATPase_c,GT1,GT4,GT4,3.A.1,1.B.13,Peripla_BP_2,3.A.1,3.A.1
2.A.6,2.A.6,1.B.17,3.D.4,3.D.4,GT2
GT30,9.B.18,3.A.1,3.A.1,Rhodanese,3.A.3
