2.A.88,3.A.1,3.A.1,Fer4,GT4,GT2,GT2,2.A.66,Pyr_redox,9.B.18
3.A.1,3.A.1,9.B.33,HTH_18|Response_reg,CBM54|GH16_3|CBM4|CBM4|CBM4|CBM4|CBM4,GH161,8.A.59,HTH_18|Response_reg,3.A.1,3.A.1,3.A.1,GH81|CBM32,GH11|CBM36,3.A.1,3.A.1,GH65,GH65,CBM9|GH87|CBM35|GH87,dCache_1,8.A.59,HTH_18|Response_reg,SBP_bac_1,3.A.1,3.A.1,SIS,HTH_18|Response_reg,8.A.59,GH94,GH20,CE9,HTH_18|Response_reg,8.A.59,SBP_bac_1,3.A.1,3.A.1,SLH|SLH|CBM54|GH16_3|GH55|CBM32|CBM32,GerE,GH55|CBM32,CBM32|CBM32|GH81|CBM32|CBM32|CBM32,GH30_1,HTH_18|dCache_1,3.A.1,3.A.1,3.A.1,GH2,SLH|CBM54|GH16_3|GH55|CBM32,GH88,3.A.1,HTH_18|Response_reg,8.A.59,3.A.1,3.A.1,3.A.1,1.B.52,3.A.1,3.A.1,3.A.1,GntR,HATPase_c,CE8
GH105,GH28,PL1_2|CE8,3.A.1,GH43_10,SBP_bac_1,3.A.1,3.A.1,HTH_18|Response_reg,8.A.59,GH43_17,GH2,3.A.1,3.A.1,bZIP_1,3.A.3,AraC_binding,GATase_2,Fer4,5.A.3,Pyr_redox_2,3.D.8,HD,2.A.14,GH3,3.A.1,3.A.1,3.A.1,GntR,3.A.1,3.A.1
8.A.5,3.A.1,3.A.1,3.A.1,HTH_18,2.A.69,2.A.1,CE12
3.A.1,3.A.1,3.A.1,9.B.156,B12-binding|B12-binding_2,GH106,GH13_20,3.A.1,3.A.1,GT35,LacI|Peripla_BP_3,3.A.1,GH35,GH159,AAA,LacI|Peripla_BP_3,GH130,3.A.1,3.A.1,3.A.1,8.A.59
3.A.1,3.A.1,3.A.1,1.B.52,MCPsignal|dCache_1,3.B.1,3.B.1,3.B.1,1.B.52,3.A.1,3.A.1,GH28,CBS,3.A.1,Nitro_FeMo-Co,3.A.3,HMA,2.A.47,NTP_transf_2,8.A.3,8.A.3,9.B.18,GT26,GT4,GT4,GT32
CBM22|CBM22|CBM22|GH10|CBM9|CBM9,2.A.3,GH127,GGDEF|EAL,1.B.52
3.A.5,CheW,8.A.5,GH106,3.A.1,3.A.1,SBP_bac_1,PL26,AAA,Fer4,3.D.10,PL11,SBP_bac_1,3.A.1,3.A.1,GH106
3.A.3,3.A.1,3.A.1,GH31,GH39,GH95,GH95,GH146,GH51,GH4,GH31,GH29,1.A.11,GT4,AAA,Fer4,GT26,2.A.115,HTH_18|AraC_binding,GH31,8.A.59,HTH_18|Response_reg,3.A.1,3.A.1,SBP_bac_1,9.B.20,Aminotran_1_2,2.A.47
3.A.7,GT2
GT0,3.A.1,3.A.1,3.A.1,2.A.7
GH42,Pyr_redox_2,3.A.11,3.A.1,3.A.1,3.A.1,3.A.1,3.A.1
GH9|CBM3|CBM3|CBM3|GH48,GH5_8|CBM3|CBM3|GH44,GH10|CBM3|CBM3|GH48,GH5_8|CBM3|CBM3|GH5_1,GT39,GH74|GH74|GH74|GH74|CBM3|CBM3|GH48,HTH_18,CBM66|PL3_1,PL11|CBM3,8.A.59,9.B.34,GAF,1.B.23,Aminotran_1_2,2.A.120,8.A.59,CE4,CtsR,3.A.9,9.B.67
GT2,3.A.1,HTH_8,3.A.1,Peptidase_M23,9.B.174,Peptidase_M23,GT28
GH23,HNOB|MCPsignal,2.A.7,HTH_18|AraC_binding,GT4
3.A.1,3.A.1,Sigma70_r2|Sigma70_r4_2,GH26
9.A.8,FUR,GT4
CE4,4.F.1,Trans_reg_C|Response_reg,HisKA|HATPase_c,2.A.40
GH23,Pyr_redox_2,2.A.69,3.A.2,3.A.2,3.A.2,3.A.2,3.A.2
3.A.1,3.A.1,3.A.1,GH2,GH67,HTH_18|Response_reg,8.A.59,3.A.1,3.A.1,3.A.1,3.A.1
GT28,2.A.103,9.B.146
GH130,3.A.1
CBM22|GH10,MarR,3.A.1,3.A.1,SBP_bac_1,HhH-GPD,CBM41|GH13_14,CBM32|GH53|CBM61|CBM61,3.A.1,3.A.1,8.A.59,HTH_18|Response_reg,HTH_IclR,2.A.1,HTH_18|Response_reg,8.A.59,SBP_bac_1,3.A.1,3.A.1,GH5_2|CBM28,1.A.43,2.A.4
GH130,Pyr_redox_2|Rhodanese,9.B.34
GH36,3.A.1,Fer4,9.B.18,GH94,GH94,GH1,GH13_7,9.B.143,Hemerythrin,GT2,Response_reg,GH13_14
GT1,8.A.5
GH24,GT4,GH65,LacI|Peripla_BP_3,3.A.1,3.A.1,3.A.1,GH65
GT4,HTH_5,3.A.3
2.A.38,3.A.1,3.A.1,GH5_36,GT4,GH15,GH2
CBM50,GH39,GH10,GH39,CBM22|CBM22|GH10,GH43_10|CBM22|GH43_16|CBM6,SBP_bac_1,3.A.1,3.A.1,3.A.1,3.A.1
CE7,8.A.7,8.A.8,4.A.2,4.A.2,PfkB,DeoRC|HTH_DeoR,GH13_38
2.A.1,GT51
GH10,3.A.1,3.A.7,9.A.11,9.A.11
