3.A.1,3.A.1,3.A.1,Nitroreductase,2.A.26,3.A.1,GH25,GH25,LacI|Peripla_BP_3,3.A.1,3.A.1,3.A.1,2.A.7
2.A.89,2.A.89,Nitroreductase,3.A.1,3.A.1,3.A.1,SBP_bac_3,2.A.1,CE4
2.A.1,Pribosyltran,2.A.1,HTH_IclR,2.A.3,AsnC_trans_reg|MarR,2.A.1,GH36,TetR_N,2.A.2
1.A.1,3.A.7,2.A.109,3.A.1,3.A.1,LacI|Peripla_BP_3,2.A.2,GH13_31
GH13_31,2.A.1,Peripla_BP_1|LacI,GT2,9.B.97
2.A.2,GH13_31
GT2,2.A.35,3.A.1,3.A.1
2.A.2,GH2,MarR,3.A.1
GH25,PfkB,1.C.113,2.A.1,1.A.8
3.A.3,GT2,9.B.142
9.B.146,GT28
GH3,9.B.74,TetR_N,3.A.3
3.A.1,GH73,GH73,SIS,2.A.36
2.A.69,4.A.6,4.A.6,4.A.6,4.A.6,3.A.3,GT26,GntR,CE9,9.B.124,2.A.17
3.A.1,3.A.1,3.D.4,3.D.4,Pyr_redox_2,3.A.1,3.A.1,GT4,GT4,8.A.7,PTS-HPr,3.A.9
2.A.86,9.B.126,GT0,GT2,3.A.18,GH25,HTH_6|SIS,2.A.8,3.A.1
GH73,3.A.1,3.A.1,3.A.1
3.A.1,3.A.1,3.A.1,3.A.1,3.A.1,3.A.1,2.A.3,9.B.20,3.A.1,3.A.1,3.A.1,3.A.1,FUR,NUDIX,2.A.37,CSD,2.A.7,LacI|Peripla_BP_3,GH13_31,GH13_18,2.A.2,3.A.1,9.B.2,AAA,9.B.97
GH25,2.A.3,1.A.78
2.A.1,3.A.1,NUDIX,HxlR,3.A.1,3.A.1,DeoRC,3.A.1,3.A.1,3.A.1,GH65,2.A.2,Glyoxalase,1.A.78,Rrf2,2.A.1,LacI|Peripla_BP_3,3.A.1
GH20,3.A.1
