2.A.1,2.A.81,GntR,4.A.1,GH4,9.B.51,PALP,2.A.8,LysR_substrate|HTH_1,2.A.1,2.A.7
2.A.2,GH31,HTH_6|SIS,GH4,4.A.1,2.A.40,2.A.27,1.A.8,3.A.1,9.B.124
GT2,GT30,GT2,GT4,GT4,GT9,GT9,GT73,GT9,GT9,Aminotran_1_2,GT2,1.A.34
2.A.14,4.A.2,9.B.32,8.A.1,3.D.1,Aminotran_1_2,GH13_19,GH73,HTH_18|Peripla_BP_3,3.A.1,3.A.1,3.A.1,9.B.44,9.B.44,9.B.97,2.A.109,1.E.53,3.A.1,CSD,HTH_3,2.A.1,2.A.1,PfkB,LacI|Peripla_BP_1,9.B.186,5.A.3,2.A.1,8.A.28,3.A.1,3.A.1,3.A.1,3.A.1,3.A.1,CbiA,GT2,4.D.3,1.B.55,GH8,CbiA,GT2,4.D.3,GH8,1.B.55,EAL|GGDEF,2.A.23,PfkB,9.B.121,2.A.1,9.B.126,LysR_substrate|HTH_1,GH37
2.A.17,9.B.4,2.A.20,Pyr_redox_2,1.A.26,3.A.1,3.A.1,3.A.1,3.A.1,3.A.1,LysR_substrate|HTH_1,Aminotran_1_2,GT2,GT83,2.A.7,2.A.7,2.A.86,2.A.1,2.A.88,3.A.3,3.A.5,3.A.1,3.A.1,Sigma70_r4|Sigma70_r2,Aminotran_1_2|GntR,Aminotran_1_2,2.A.42,3.A.1,3.A.1,3.A.1,3.A.1,3.A.1,3.A.1,3.A.1,3.A.1,3.A.1,3.A.1
2.A.8,CBM48|GH13_9,CBM48|GH13_11,GT5,GT35,HTH_3,Rhodanese,9.B.104,HTH_DeoR|DeoRC,GerE,GT35,GH77,2.A.8,Pribosyltran,9.A.8,9.A.8,9.A.8,Trans_reg_C|Response_reg,2.A.21
GT51,1.B.22
1.A.12,Pyr_redox_2,GATase_2,2.A.1,PAS|HisKA|HATPase_c|Response_reg,GT51,8.A.8,4.A.2,1.B.42,1.B.42,1.B.42,CBS|SIS,2.A.19,3.A.1,3.A.1,3.A.1,3.A.1,3.A.1
1.B.76,HTH_18,9.B.27,1.A.30,1.A.30,2.A.2,GH43_10
GH23,3.A.7
9.B.120,2.A.1,GH23
5.A.1,GH1,HTH_6|SIS,1.C.113
CBM50,2.A.1,LysR_substrate|HTH_1,8.A.5,2.A.37,LysR_substrate|HTH_1,HTH_5,3.A.4,2.A.17,1.B.17,2.A.85,8.A.1
2.A.42,2.A.117,LysR_substrate|HTH_1,PL0,PL22|PL22,2.A.1,LacI|Peripla_BP_1,2.A.1,GH32,1.B.15,3.A.1,3.A.1,3.A.1,3.A.1,AraC_binding,LysR_substrate|HTH_1,3.A.1,4.A.3,GH1,GntR,LacI|Peripla_BP_3,4.C.1,2.A.1,8.A.5,2.A.109,NUDIX,4.A.2
3.A.1,3.A.1,3.A.1,3.A.1,CbiA,GH102
CBM50,Sigma70_r3|Sigma70_r4|Sigma70_r2,2.A.1,LysR_substrate|HTH_1,MarR,1.E.53,3.A.1,3.A.1,3.A.1,1.B.14,2.A.69,LysR_substrate|HTH_1,3.A.1,3.A.1,3.A.1,3.A.1,LacI|Peripla_BP_3,Glucokinase,4.A.3,4.A.3,4.A.3,4.A.3,GH5_41|CBM35,GH1,3.A.23
3.D.1,3.D.1,3.D.1,3.D.1,3.D.1,3.D.1,GH1,4.A.1,LacI|Peripla_BP_3,5.A.3,2.A.52,Pyr_redox_2,3.A.23,CBS|SIS,HTH_DeoR|DeoRC,4.A.4,4.A.4,4.A.4,GH103,3.A.1,3.A.1,3.A.1
1.E.25,GH24,1.M.1
GH23,HisKA|HATPase_c,3.A.23
1.E.56,GH19,LysR_substrate|HTH_1,9.B.209
GH1,Pribosyltran,2.A.40,2.A.86,ACT,1.B.33
2.A.1,4.A.2,PfkB,4.A.2,2.A.98,LysR_substrate|HTH_1,2.A.3,1.B.14,9.B.169,LacI|Peripla_BP_3,3.A.1,3.A.1,3.A.1,9.B.114,2.A.122,1.E.14,4.A.1,GH1,1.B.17,9.B.27,9.B.29,GH3,3.A.1,3.A.1,3.A.1,3.A.1,9.B.33,LytTR|Response_reg,3.A.1,2.A.113,LysR_substrate|HTH_1,2.A.40
9.B.22,2.A.109,1.B.73,1.B.18,8.A.3,9.B.18,GT2
2.A.66,3.A.1,3.A.1,GT111|GT8,Pyr_redox,GT2,GT4,GT2,GT2
3.A.1,3.A.1,3.A.1,LacI|Peripla_BP_1|Peripla_BP_3,GH32,4.A.1,1.B.3,PfkB,Rrf2,9.B.32,8.A.1,3.A.1,3.A.1
3.A.3,8.A.1,2.A.6,2.A.7,Aminotran_1_2|GntR,Aminotran_1_2|GntR,SBP_bac_3,3.A.1,3.A.1,3.A.1,3.A.1,3.A.1,3.A.1,3.A.1,3.A.1,AA3_2,TetR_N,2.A.15,1.A.23,LysR_substrate|HTH_1,3.A.1,3.A.1,3.A.1,MarR,1.B.14,4.C.1,3.A.1,3.A.1,3.A.1,2.A.1,3.A.1,2.A.114,HTH_3,3.A.1,3.A.1,Peripla_BP_1,2.A.1,LacI|Peripla_BP_3,HTH_8,2.A.39,PfkB,3.A.1,3.A.1,3.A.1,Peripla_BP_1,5.A.3
CE9,4.A.1,1.B.25
1.A.23,3.A.1,3.A.1,3.A.1,2.A.7,1.B.6,Fe_dep_repress|Fe_dep_repr_C,2.A.45,GH1,GntR,3.A.1,GH31,2.A.1
1.E.25,GH24,1.M.1
AA6,2.A.7,2.A.40
GT2,2.A.1
4.A.1,GH3,Pyr_redox_2,1.B.14
9.B.34,8.A.59,2.A.76,9.B.34,2.A.1,HTH_18,GT9
9.B.99,8.A.5,GH18,2.A.1,PfkB,8.A.5,HTH_DeoR|DeoRC,2.A.1
4.A.3,4.A.3,4.A.3,HTH_18|AraC_binding,GH4,CE0,2.A.23,1.B.14,1.B.39,1.B.14,MarR,LysR_substrate|HTH_1,2.A.1
2.A.109,1.E.5,GH108
GH4,3.A.23,3.A.1,LysR_substrate|HTH_1,2.A.1
9.B.34,2.A.39,GntR,CE4
4.A.1,GH4,2.A.1,4.A.2
GH33,2.A.1,2.A.95,MarR,HTH_18,2.A.7,2.A.1,HTH_3,3.A.1,3.A.1,3.A.1,3.A.1,3.A.1
GH2,2.A.1
2.A.8,HTH_18|GyrI-like,GH13_16
2.A.1,TetR_N,2.A.1,5.A.3,5.A.3,5.A.3,3.A.1,3.A.1,HTH_18|AraC_binding,GH78,2.A.2,1.B.3,SBP_bac_3,3.A.1,3.A.1,3.A.1,LysR_substrate|HTH_1,2.A.3,1.B.14
2.A.1,GH1,HHA,3.D.6,3.D.6,3.D.6,3.D.6,3.D.6,3.D.6,HhH-GPD,2.A.17
GH37,1.B.14,GH23,2.A.36,Pyr_redox,GntR,2.A.34,5.A.2
CBM50,3.A.1,3.A.1,3.A.1
9.B.158,GH105,2.A.2,GT20,3.A.1,3.A.1,3.A.1,2.A.2,2.A.1,2.A.42,4.F.1,Response_reg|GerE,Autoind_bind|GerE,3.A.1,3.A.1,PALP,3.A.1,GH13_5,GerE,9.B.34,2.A.7,HD,1.B.1
1.M.1,GH24
1.B.3,4.A.1,GH42,GH53,3.A.1,3.A.1,3.A.1,3.A.1,EAL,2.A.113,2.A.115
CBM34|GH13_21,2.A.3,2.A.26
3.D.5,3.D.5,3.D.5,3.D.5,3.D.5,3.D.5,3.D.5,SIS,2.A.76,LysR_substrate|HTH_1,GH23,2.A.1,LysR_substrate|HTH_1,3.A.1,3.A.1,3.A.1
GT19,1.B.33
3.A.1,1.A.62,2.A.49,Aminotran_1_2,3.A.1,3.A.1,3.A.1,1.B.14,GT51,8.A.2,CBM41|CBM48|GH13_13,3.A.15,1.B.22,3.A.15,3.A.15,3.A.15,3.A.15,3.A.15,3.A.15,3.A.15,3.A.15,3.A.15,3.A.15,3.A.15
2.A.3,2.A.2,GH43_26,9.B.125,3.A.15,3.A.15,NUDIX,3.A.5,CE11,GT28,2.A.103,9.B.146
GH23,3.A.1,4.B.1
2.A.2,GH43_11
3.A.3,LacI|Peripla_BP_3,4.A.1,GH13_29,4.A.3,GH4,4.A.3
CBM50,3.A.1,1.A.23,2.A.3,3.D.10,3.D.10,2.A.7,9.B.13
1.B.55,CE4|GH153,GT2,2.A.109
2.A.2,GH4,HTH_18,2.A.1
3.A.1,LacI|Peripla_BP_3,1.B.33,HTH_18,1.B.14,GH23
9.B.21,HEM4,TPR_2,2.A.3,GT26,9.B.128,GT56,2.A.66,Aminotran_1_2,GT0,9.B.146,3.A.6,1.I.1,LysR_substrate|HTH_1,9.B.120
2.A.4,Trans_reg_C|Response_reg,HisKA|HATPase_c,2.A.7,HTH_18|AraC_binding,HTH_18|AraC_binding,3.A.1,3.A.1,3.A.1,3.A.1,2.A.1,GH36,LacI|Peripla_BP_1,HTH_3,2.A.78,2.A.78,4.A.7,4.A.7,5.A.3,5.A.3,5.A.3
3.A.7,3.A.16,3.A.7,3.A.7,3.A.7,3.A.7,3.A.7,GH23
