2.A.38,2.A.38,CBM50,3.A.11
2.A.49,HTH_18,2.A.16,GT1
9.B.34,3.A.1,3.A.1,AA2
2.A.103,GH103
3.A.1,3.A.1,1.B.18,GT0,GT2,GT107|GT107,9.A.41,2.A.66,9.B.105
CBM50,Sigma70_r3|Sigma70_r2|Sigma70_r4,HTH_1|LysR_substrate,2.A.1
1.B.33,GT19
GH33,9.B.175
9.A.41,GT4
GT2,GT4,GT2,9.B.18
GH3,1.A.23,3.D.5,3.D.5,3.D.5,3.D.5,3.D.5,3.D.5,3.A.23
GH23,3.A.1
2.A.6,8.A.1,AA3_2
GH23,3.A.1
1.B.52,2.A.28,HTH_18,MCPsignal|dCache_1,3.A.9,2.A.7,SBP_bac_3,3.A.1,3.A.1,3.A.1,AA3_2,TetR_N,1.I.1
1.I.1,2.A.66,GT51
4.C.1,MerR,3.B.1,3.B.1,CE4,3.A.1
GH23,GH73,3.A.7
9.B.18,GH73
3.A.15,3.A.15,3.A.15,3.A.15,NUDIX,3.A.5,1.A.34,CE11,GT28,2.A.103,9.B.146
GH23,3.A.18
3.A.1,3.A.1,3.A.1,Aminotran_1_2,4.C.1,HTH_1|LysR_substrate,2.A.6,2.A.6,2.A.6,3.A.5,GT51,PfkB,Response_reg|GerE,2.A.21,Pribosyltran,1.B.42,1.B.42
CBM50,Fer4,3.A.1,3.A.1,3.A.1,2.A.25,Rhodanese,1.A.30,HTH_12,1.A.30,1.A.30,HD,2.A.37
2.A.6,NUDIX,GT30
1.B.22,3.A.11,GT51,2.A.21,3.A.23
