3.A.23,Pyr_redox_2,2.A.102,HTH_1|LysR_substrate,AA3_2,2.A.1
2.A.3,Response_reg|Trans_reg_C,2.A.21,9.B.34,GT9,GT9,GT4
3.A.23,5.A.1,1.B.52,9.B.34,NUDIX,2.A.66,GT51
2.A.106,4.C.1,9.B.164,9.B.159,Response_reg|TPR_2,HATPase_c,SpoVT_AbrB,9.B.186,CbiA,GT4,1.B.52,2.A.121
9.B.62,GH23,2.A.64
1.B.33,GT19
GH5_48,MarR,2.A.1
9.B.62,GH23,2.A.64
GT2,2.A.36
1.B.33,GT19
GH104,3.A.1
GH5_48,MarR,2.A.1
GH17,3.A.1,9.B.136,2.A.21
GT4,GT4,9.B.146,9.B.18
1.A.35,1.B.14,2.A.1,HTH_1|LysR_substrate,GT104,MarR,HTH_1|LysR_substrate,2.A.102,HTH_1|LysR_substrate,1.I.1,9.B.1
9.B.104,GH0
3.A.1,1.B.52,GT4
GH23,3.A.1,3.A.7
CE4,2.A.1,2.A.1,2.A.1,1.B.25,IclR|HTH_IclR,3.D.1,3.D.1
GH23,3.A.1,3.A.1
3.A.1,HTH_1|LysR_substrate,9.B.18,GT26,GT2,GT4,GT2,Pyr_redox_2,GH148
2.A.76,9.B.69,9.B.69,Response_reg|GerE,Response_reg|HATPase_c|SBP_bac_3|HisKA,1.B.52,Peripla_BP_3|LacI,SKI,2.A.8,3.A.23,HATPase_c|HisKA,GH23,3.A.15,3.A.11,2.A.6,2.A.6,2.A.6,Response_reg|HATPase_c|HisKA,2.A.21,Glyoxalase,EAL,2.A.7,2.A.109
2.A.117,GT2,HATPase_c|HisKA,Response_reg|Trans_reg_C,2.A.6,2.A.6,4.C.1
GH13_33,2.A.1,2.A.3
3.A.7,Pyr_redox_2,2.A.102,NUDIX,2.A.34,2.A.39,Pyr_redox_2,Fer4,TetR_N,Glyoxalase,GH15
3.A.23,GT5,GH13_10,GH77,GH13_26,CBM48|GH13_11,CBM48|GH13_9,GH13_16,GH13_3,4.C.1,3.B.1
GH23,3.A.1,3.A.1,3.A.1,3.A.1,3.A.1
1.A.8,GntR,2.A.40,9.B.35,CE4,9.B.43,2.A.40,1.B.10,1.B.10
3.A.23,GH73
1.A.16,9.B.34,HTH_1|LysR_substrate,8.A.1,2.A.85,9.B.34,3.A.1,3.A.1,3.A.1,3.A.1,3.A.1,2.A.33,GH50,1.B.6,1.B.6
3.D.1,3.A.1,1.A.8,DeoRC|HTH_DeoR,3.A.1,3.A.1,3.A.1,3.A.1,dCache_1|HATPase_c|HisKA,3.A.23,9.B.72,HTH_1|LysR_substrate,NUDIX,2.A.3,GT0,PadR,1.B.19
2.A.53,GH3,dCache_1|HATPase_c|HisKA,3.A.23,2.A.1
2.A.1,TetR_N,2.A.6,2.A.6,2.A.6,1.B.25,2.A.1,2.A.1,IclR|HTH_IclR,2.A.20,CbiA,1.B.52,GT4
2.A.1,2.A.1,1.A.23,2.A.21,NUDIX,3.A.5,CE11,GT28,2.A.103,9.B.146
GT2,1.B.13,PL5_1,2.A.50
GT51,3.A.1,3.A.1,3.A.1
GH103,GH0,GH103,2.A.103
CBM50,Fer4,1.A.62,1.A.30,1.A.30
2.A.39,2.A.6,GT30,HTH_1|LysR_substrate,2.A.7,8.A.5,PfkB,3.A.1,9.B.67,GT4,PIG-L,GT4,2.A.21
GH102,2.A.7,2.A.36
2.A.64,1.B.52,1.B.52,3.A.1,3.A.1,3.A.1,GT2
9.B.174,2.A.15,TetR_N,AA3_2,2.A.36,1.A.23,CbiA,HTH_1|LysR_substrate,2.A.1,Pyr_redox_2,GATase_2,9.B.42,SKI,1.B.22,GT51,3.A.11,3.A.15,9.A.4
GT51,Sigma70_r2|Sigma70_r4,3.A.1,3.A.1,3.A.5
3.A.3,GT2,HTH_1|LysR_substrate,1.B.5,3.A.3,2.A.6,2.A.6,2.A.6
