GH23,3.A.7,3.A.7,3.A.7,3.A.7,3.A.7,3.A.7,3.A.7
3.A.1,MarR,GntR,CE9,SIS,4.A.1,4.A.1,3.D.4,3.D.4
2.A.76,LysR_substrate|HTH_1,2.A.1,GT4
9.B.18,1.B.18,8.A.3,GT4,GT4,GT4,9.B.97,GT0,GT4,2.A.49,MarR,CBS,HTH_18,Glyoxalase,GH39,8.A.3,2.A.66,GT2
GT2|GT2,3.A.1,3.A.1,GT4
9.B.146,9.B.18,9.B.146,MCPsignal,cNMP_binding,GT9,PfkB,GT4,9.B.18,3.A.1,3.A.1,3.A.1,3.A.1,GT4,GT9,GT30
2.A.49,GT9,2.A.1
1.B.1,3.A.1,3.A.1,3.A.1,Response_reg|Trans_reg_C,HATPase_c|HisKA,9.B.34,3.A.1,3.A.1,3.A.23,3.A.23,GT20,2.A.1
GH24,1.E.4
3.D.6,TetR_N,GH15,3.A.12
1.I.1,Rhodanese,GT2,3.A.1,GT4,GT9,GT4
1.A.23,HATPase_c|PAS|HisKA,Response_reg,GAF|PHY|HATPase_c|HisKA,CE1
3.A.1,Glyoxalase,3.A.1,3.A.1,GH135,GH166,GT4,2.A.66,GH166,GH166
3.A.1,GT5
AA4,4.C.1,TetR_N,2.A.1,2.A.49,9.B.106
GT4,HTH_3,9.B.18,cNMP_binding,GH2
GT2,2.A.7,GT83
3.A.1,3.A.1,CBM50
1.A.4,1.A.23,GT20,GT4
9.B.18,1.B.18,8.A.3,GT2,GT4,GT4,9.B.97,GT4|GT4
5.A.3,2.A.1,9.B.20,1.B.1,2.A.1,AA3_2,LysR_substrate|HTH_1,HTH_18,2.A.3,1.B.1
GT51,2.A.1,GH15,MarR,1.B.17,8.A.1,2.A.1,HD,3.D.4,3.D.4,3.D.4
3.A.1,3.A.1,3.A.1,3.A.1,GT4
2.A.1,AA3,4.C.1
2.A.6,GT21,Response_reg|Trans_reg_C,HATPase_c|HisKA,GT21,CSD,2.A.10
2.A.51,Glyoxalase,2.A.80,GntR,1.B.1,1.A.33,CbiA,PALP,9.B.111,2.A.1,GT2
2.A.1,LysR_substrate|HTH_1,GT2,2.A.1,1.B.52,3.A.1,3.A.1,3.A.1,3.A.1,1.A.35
2.A.6,2.A.6,2.A.6,GT51
3.A.1,3.A.1,3.A.1,3.A.1,2.A.55,1.B.39,3.A.1,3.A.1,3.A.1,3.A.1,LysR_substrate|HTH_1,9.B.35,9.B.43,CE4,2.A.39
2.A.21,CBS,2.A.7,8.A.21,8.A.7,GT19,1.B.33
2.A.14,2.A.7,GT41,3.A.1,3.A.1,3.A.1,2.A.39
2.A.8,1.B.1,IclR|HTH_IclR,CBM32
3.A.1,NUDIX,5.B.3,CBM50,2.A.66
3.A.1,3.A.1,3.A.1,3.A.1,3.A.16,9.A.55,2.A.1,GH23,3.A.1,GT4,3.A.1,GT20,9.B.34,4.F.1,GT104,3.A.23,GH3
3.A.1,3.A.1,3.A.1,GH103
2.A.6,GT2
3.A.5,CE11
GT28,2.A.103,9.B.146
1.B.22,GT51,9.B.21,2.A.1,9.B.14,5.A.1
2.A.76,IclR|HTH_IclR,2.A.7,GH23
3.D.1,GH23
9.B.211,TPR_2|TPR_1,3.A.1,3.A.1,3.A.1,3.A.1,3.A.1,3.A.1,1.E.40,GT2,LysR_substrate|HTH_1,9.B.153
3.A.6,3.A.6,3.A.6,3.A.6,3.A.6,3.A.6,GH73
1.A.30,1.A.30,FlhC,FlhD,GT4,1.A.8
8.A.5,GT41
3.A.1,3.A.11,SBP_bac_3,4.C.1,3.A.2,3.A.2,3.A.2,3.A.2,3.A.2,3.A.2,3.A.2,CbiA,3.A.1,3.A.1,3.A.1,3.A.1,3.A.1,3.A.1,3.A.1,3.A.1,3.A.1,AA3_2
9.B.10,GH23,1.B.22,3.A.15,3.A.15,3.A.15
GH108,TPR_2,3.A.1,3.A.1
1.B.1,EAL,GT26,GT4,8.A.3,1.B.18,9.B.18
3.A.1,GT9
AA3_2,3.A.1,3.A.1,3.A.1,3.A.1,Rhodanese,2.A.7
3.D.2,3.D.2,3.D.2,LysR_substrate|HTH_1,1.B.1,GH33
3.A.1,3.A.1,GT4,GT0,TetR_N,3.A.1,3.A.1,3.A.1,3.A.1
9.B.10,2.A.3,AAA,2.A.102,3.A.1,3.A.1,3.A.1,Aminotran_1_2|GntR,IclR|HTH_IclR,IclR|HTH_IclR,AA3_2,2.A.1,IclR|HTH_IclR,4.C.1,2.A.1,2.A.53,Response_reg|Trans_reg_C,2.A.21
GT41,IclR|HTH_IclR,3.A.1,3.A.1,3.A.1,MarR,MarR,2.A.1,2.A.1,1.B.17,2.A.41
1.B.1,9.B.126,MCPsignal|dCache_2,2.A.53,AA7
GT0,3.A.1,3.A.1,3.A.1,LacI|Peripla_BP_3,3.A.1,GH42,SBP_bac_1,3.A.1,3.A.1,1.A.30,cNMP_binding,1.A.30,1.A.30,5.A.1
8.A.3,GT4,GT4,GT4,GT4
3.A.1,3.A.1,3.A.1,3.A.1,2.A.1,LysR_substrate|HTH_1,3.B.1,3.B.1,3.B.1,3.B.1,GntR,2.A.1,LysR_substrate|HTH_1,3.A.1,3.A.1,3.A.1,1.B.19,3.A.1,3.A.1,3.A.1,3.A.1,GntR,GntR,3.A.1,3.A.1,3.A.1,SBP_bac_3,2.A.21,GerE|Response_reg,3.D.4,3.D.4,2.A.1,GH28,GntR,2.A.1
CBM50,3.A.1,3.A.1,3.A.1,3.A.1,3.A.1,SBP_bac_1,LysR_substrate|HTH_1,2.A.19
2.A.1,AA3_2
2.A.21,Pyr_redox_2,2.A.86,CBM48|GH13_11
3.D.1,1.B.1,2.A.21,GT5,Glyoxalase,9.B.34
3.A.1,Pyr_redox,Aminotran_1_2|GntR,3.A.23,2.A.122,GH37,2.A.53,1.B.1,2.A.1,HTH_18|GyrI-like,LysR_substrate|HTH_1,3.A.1
9.B.34,2.A.1,2.A.23,LysR_substrate|HTH_1,GH0,Citrate_synt,9.B.157,2.A.1,HTH_18|AraC_binding,1.B.1
9.B.34,9.B.34,CbiA,GT2,4.D.3,GH8,1.B.55,2.A.21
2.A.6,2.A.6,2.A.6,Glyoxalase,LysR_substrate|HTH_1,2.A.76,2.A.53,LacI|Peripla_BP_3,3.A.1,3.A.1,3.A.1,3.A.1,GH1,HTH_18,Rhodanese,1.B.1,9.B.34,1.A.34
3.A.1,3.A.1,9.B.34,SBP_bac_1,3.A.1,1.B.1,2.A.6,2.A.6,2.A.6,3.A.1,GT35,2.A.1,Aminotran_1_2,CBM50
CE4,1.A.30,1.A.30
9.B.34,2.A.76,GT26,GT4,GT25,2.A.66,8.A.3,1.B.18,9.B.18,LysR_substrate|HTH_1,2.A.1,LysR_substrate|HTH_1,3.D.2,GntR,2.A.1,2.A.1,1.B.40,HATPase_c|HisKA,HTH_18,GerE|Autoind_bind,3.A.1,3.A.1,9.B.97,3.A.16,2.A.1,3.A.23,2.A.21,3.A.1
GT26,HTH_18,GH63,2.A.1,2.A.1
GH15,3.D.3
3.A.7,3.A.7,3.A.7,3.A.7,3.A.7,3.A.7,3.A.7,3.A.7,GH23
3.A.1,GT4,2.A.3,2.A.72,2.A.107,9.B.34,SBP_bac_3,3.A.1,3.A.1,3.A.1,3.A.1,3.A.1,2.A.23,2.A.1
GH13_3|GH13_3,GH13_16,CBM48|GH13_9,CBM48|GH13_11,GH13_10,GH77,GH13_26,9.A.40,HisKA,HTH_18,Aminotran_1_2,Pribosyltran,9.B.160
1.B.22,9.A.47,GH23,GerE|Response_reg,1.B.6,3.A.1,3.A.1,3.A.1,3.A.1,Aminotran_1_2|GntR,FMN_bind_2,3.A.3,1.B.52
2.A.6,GT2,2.A.7,1.A.1
2.A.1,1.A.33,2.A.7,9.B.115,GT2
3.A.1,AraC_binding,CBM32,GH133,GH0,8.A.5,1.B.14,2.A.21
