GT8,GT8,GT8,Trans_reg_C|Response_reg,2.A.21
2.A.45,GT2,GH8,3.A.1,3.A.1,2.A.109
GT2,Pribosyltran,TetR_N,3.A.1,3.A.1,9.B.141,9.B.141,GH31,CE9
3.A.3,GH73,1.C.105
2.A.3,GH13_31,3.A.18
3.A.1,3.A.1,Peripla_BP_3|LacI,GH32,4.A.1
9.B.27,Pyr_redox_2,GT4,GT4,4.D.2,4.A.6,4.A.6,4.A.6,LysR_substrate|HTH_1,2.A.3
3.A.1,3.A.1,3.A.1,GH32,3.A.1,GH13_18
3.A.1,GntR,GT26,GT4,3.A.3,2.A.66,GT32,GH73
4.A.1,HTH_6|SIS,4.A.1,Nitroreductase,9.A.40,Pribosyltran,Pyr_redox_2,2.A.3,GH25,3.A.18,4.A.3,GT0,9.B.126,2.A.6
4.A.1,GH1,2.A.3,3.A.14
3.A.2,3.A.2,3.A.2,3.A.2,3.A.2,9.B.157,2.A.103,GH3
GT2,3.A.3
9.B.146,GT28
GH1,GntR,4.A.3,4.A.3,GH1,GntR,4.A.3,GH1
2.A.66,GGDEF,GT2,GH8
3.A.3,Peptidase_M23,2.A.115,GH25
GH25,3.A.1,3.A.1
2.A.1,HATPase_c|HisKA,Trans_reg_C|Response_reg,GH13_18,GH36,2.A.2
GH42,2.A.2,Peripla_BP_3|LacI,GH2,1.A.8
GT51,8.A.7,1.A.8
3.A.1,3.A.1,3.A.1,3.A.3,HTH_6|SIS,GH4
2.A.66,GT4,GT4,GT2,GT4,GT2,GT4,GT4,9.B.18,8.A.3,8.A.3
3.A.1,3.A.1,3.A.1,3.A.1,GH65,CBM34|GH13_20,GH13_31
2.A.3,2.A.3,3.A.1,3.A.9,PTS_EIIC,3.A.1,GH25,2.A.50,CBS,3.A.3,2.A.37,3.A.1,HTH_3,2.A.1,HTH_3,9.B.2,3.A.1,3.A.1,3.A.1,3.A.1,3.A.1,3.A.1,8.A.5,2.A.40,MerR,2.A.40
