GT4,GT2,2.A.1,HTH_1|LysR_substrate,HATPase_c|HisKA,Trans_reg_C|Response_reg,2.A.1,HTH_18|AraC_binding,3.A.1,3.A.1,cNMP_binding,3.D.2,3.D.2,3.D.2
2.A.80,3.A.9,9.B.157,9.B.157,3.A.1,3.A.1,3.A.1,2.A.102,AA3_2,3.A.1,Hemerythrin,2.A.95
2.A.69,GT2,3.A.11
3.A.6,3.A.6,CheZ,Response_reg,1.A.30,1.A.30,GT41
2.A.21,9.B.136,2.A.1,1.B.1,2.A.1,HTH_1|LysR_substrate,2.A.1,AA3_2,HTH_IclR|IclR,2.A.56,2.A.56,2.A.21
9.B.97,GT2,3.A.3,3.A.3,3.A.3,HATPase_c|HisKA,Trans_reg_C|Response_reg,1.C.109
GT2,PIG-L,GT20,3.D.4
3.A.1,3.A.1,GT4,GT4,GT4
3.A.1,3.A.1,3.A.1,PfkB,HTH_18|AraC_binding,9.B.14,2.A.1,GT51,1.B.22
GH166,GT4,3.A.1,3.A.1,3.A.1,3.A.1,3.A.1,STAS,3.A.1
GH135,3.A.7,1.A.22,3.D.3,3.D.3,1.A.12,3.A.5
9.B.33,2.A.80,2.A.15,HTH_18|AraC_binding,3.A.1,3.A.1,3.A.1,GT51,TetR_N,MarR,2.A.14
3.D.1,Sigma70_r2|Sigma70_r4_2,RseA_N,9.B.160,1.A.63,GH3,CSD,9.B.34,9.A.4
2.A.1,HATPase_c,GH23,MCPsignal,3.A.11,2.A.1,GntR,HATPase_c|HisKA,Pyr_redox_2,1.B.14,HTH_1|LysR_substrate,4.A.2,2.A.21,HxlR,1.B.14
9.B.34,CBM50
1.B.33,GT19
GH23,1.B.1
2.A.76,2.A.1,HTH_1|LysR_substrate,2.A.107,GGDEF|GAF|EAL,BLUF,GT9,9.B.137,HTH_1|LysR_substrate,3.A.1,3.A.1
GT30,HATPase_c|HisKA,Trans_reg_C|Response_reg,2.A.6,Rhodanese,2.A.6
GT51,1.B.1,2.A.21
GH24,1.E.6
2.A.80,8.A.21,HTH_1|LysR_substrate,Pyr_redox_2,3.A.23,1.B.14,FecR,HTH_1|LysR_substrate,2.A.1,TPR_2,GT0,GT2,TPR_2,4.C.1,2.A.23,2.A.21,GerE|Response_reg,1.B.1,MerR,3.A.3
4.F.1,2.A.80,HTH_1|LysR_substrate,GT104,2.A.66
1.E.6,GH24
3.D.4,3.D.4,3.A.1,3.A.1,1.A.23,AAA,GH103,GGDEF|EAL,NIT|ANTAR,3.A.1,3.A.1,3.A.1,CBS,PAS|MCPsignal,Pyr_redox_2,3.D.1
2.A.80,HTH_1|LysR_substrate,GntR,CE4,2.A.40,Glyoxalase,1.B.1,HTH_1|LysR_substrate,GT83,TetR_N,2.A.1
1.I.1,HD|ACT,GH103,Aminotran_1_2|GntR,2.A.3
2.A.103,GT51,CE11,GT28,2.A.103,9.B.146
GT2,3.A.1
2.A.4,2.A.21,GerE|Response_reg,9.B.34,9.B.34,AA3_2
1.E.43,GT51,3.A.7,2.A.80
2.A.21,GerE|Response_reg,GH102,2.A.1,HTH_IclR|AsnC_trans_reg,3.A.5,2.A.6,2.A.6,CBM50
