9.B.10,3.A.9,GntR,3.A.1,3.A.1,3.A.1,HxlR,2.A.1,AsnC_trans_reg|MarR,GH71,GT4,GT4,8.A.3,1.B.18,9.B.18,9.B.97
GH23,3.A.1
GH13_16,GH13_23,2.A.21,2.A.21
2.A.86,CBM48|GH13_11
1.B.1,2.A.21,GT5,9.B.34,2.A.122,GH37,2.A.53,2.A.1
GH37,9.B.99
3.A.1,3.A.1,2.A.6,9.B.18,GT4,GT2,GT4,8.A.3,HTH_18,3.D.4,3.D.4,3.D.4,3.D.4,LacI|Peripla_BP_3,2.A.1,2.A.1,HTH_1|LysR_substrate,2.A.1,1.B.1
GT4,2.A.21,3.D.4,3.D.4,9.B.62
GT2,3.A.1,GT4,GT9,GT2,GT9,2.A.16
9.B.34,CbiA,GT2,4.D.3,GH8,1.B.55,2.A.21,HATPase_c|HisKA,Response_reg|Trans_reg_C,2.A.6,2.A.6,1.B.17,1.A.16,1.B.63,HATPase_c|HisKA,Response_reg|Trans_reg_C,2.A.6,2.A.6,Glyoxalase,HTH_1|LysR_substrate,2.A.76,2.A.53,HTH_18,Rhodanese,2.A.1,9.B.34,2.A.37
1.I.1,3.A.23,3.A.23,FHA,GT0,3.A.23,3.A.23,3.A.23,9.B.106
2.A.7,2.A.1,HTH_1|LysR_substrate,GT35,2.A.1,Aminotran_1_2,CBM50
CE4,1.A.30,1.A.30
2.A.7,GT2,2.A.6,9.B.34,CheC,Response_reg,2.A.21
GH13_3|GH13_3,GH13_16,CBM48|GH13_9,CBM48|GH13_11,GH13_10,GH77,GH13_26,9.A.40,HisKA,HTH_18,Pribosyltran,9.B.160
3.A.15,9.A.47,GH23,Response_reg|GerE,1.B.6,3.A.1,3.A.1,3.A.1,3.A.1,Aminotran_1_2|GntR,3.A.3,1.B.52
CBM32,GH133,GH0,8.A.5
1.B.1,9.B.126,AA7
2.A.1,TetR_N,HTH_1|LysR_substrate,GT0,3.A.1,3.A.1,3.A.1,LacI|Peripla_BP_3,3.A.1,GH42,SBP_bac_1,3.A.1,3.A.1,cNMP_binding,1.A.30
GT2,Response_reg|HATPase_c|HisKA,1.C.39,2.A.1,1.B.1,9.B.34
3.A.23,2.A.40,8.A.21,8.A.21,HTH_18,4.C.1,2.A.1,PadR,HTH_1|LysR_substrate,Pyr_redox_2,2.A.1,2.A.1,1.B.17,TetR_N,HxlR,GT0,1.B.12,GT2,2.A.66
2.A.1,9.B.157,GH0,9.B.34
1.B.1,CBM50,3.A.23
3.A.1,3.A.1,SBP_bac_3,HTH_1|LysR_substrate,2.A.19,CBS,GT9,Peripla_BP_1,1.B.52,9.B.34,GH31,2.A.1,BTAD|TPR_2,GH108
2.A.1,AA3_2
3.A.1,MarR,GntR,CE9,SIS,4.A.1,4.A.1
2.A.59,HTH_5,2.A.76,HTH_1|LysR_substrate,2.A.1,GT4,PIG-L,NUDIX,HTH_18,9.B.18,1.B.18,8.A.3,GT4,GT4,GT4,9.B.97,GT0,2.A.66,GT4,CBM12,FMN_bind_2,GT94
4.C.1,AA3,2.A.1,HTH_1|LysR_substrate,1.B.14,SBP_bac_3,MCPsignal|dCache_2,HTH_1|LysR_substrate,8.A.5,2.A.49,8.A.1,1.B.17,2.A.1,MarR,GH15
GT81,GT2|GT2,GT2,9.B.146,9.B.18
9.B.146,MCPsignal,GT4,GT9,GT30
GT9,2.A.1
1.B.1,3.A.1,3.A.1,3.A.1,3.A.1,Response_reg|Trans_reg_C,HATPase_c|HisKA,9.B.34,3.A.1,3.A.1,3.A.23,3.A.23,GT20,2.A.1
3.D.6,TetR_N,GH15,3.A.12
1.I.1,Rhodanese,GT2,3.A.1,GT2,GT4,GT2
2.A.39,3.A.1,3.A.1,3.A.1,GT41,2.A.7,2.A.14
1.B.33,GT19,8.A.7,8.A.21,2.A.7,CBS,1.B.14,HATPase_c|HisKA,Sigma70_r3|Response_reg|HTH_18,1.B.40,1.B.40
2.A.23,GT4,GT4,HTH_3,8.A.3,1.B.18,GT2,9.B.18,cNMP_binding,GH2
GT4,GT4,GT4,GT2,GntR,3.A.1,3.A.1,NUDIX,1.B.20,2.A.7
GT2,2.A.7
3.A.1,3.A.1,CBM50
1.A.4,1.A.23,GT20,GT4
9.B.18,1.B.18,8.A.3,GT2,GT4,GT4,9.B.97,GT4|GT4
5.A.3,2.A.1,9.B.20,1.B.1,2.A.1,AA3_2,HTH_1|LysR_substrate,GT51,2.A.1,3.A.1,3.A.1,3.A.1,3.A.1,FmdA_AmdA,3.A.1
GT4,DeoRC|HTH_DeoR,3.A.1,3.A.1,3.A.1,3.A.1,PfkB,1.A.33
2.A.6,2.A.6,2.A.6,GT51
3.A.1,3.A.1,3.A.1,3.A.1,2.A.55,1.B.39,3.A.1,3.A.1,3.A.1,3.A.1,HTH_1|LysR_substrate,9.B.35,9.B.43,CE4,2.A.39
2.A.1,4.C.1,AA4
3.A.1,3.A.1,3.A.1,3.A.1,3.A.1,HTH_18,GT2
GT2,GT2,2.A.85,HTH_1|LysR_substrate,2.A.14,2.A.55,GntR,AraC_binding,2.A.1
GT5,3.A.1
2.A.40,2.A.1,HTH_1|LysR_substrate,2.A.75,GT2,HTH_1|LysR_substrate,2.A.7,HTH_18,HTH_1|LysR_substrate,8.A.5,Response_reg|CheW,1.B.14,3.A.1,Peripla_BP_2,1.B.14,4.C.1,4.C.1,4.C.1,3.A.1,3.A.1
1.B.20,1.C.75,GH0|GH19,3.A.23,2.A.7
5.B.3,CBM50,2.A.66
3.A.1,3.A.1,3.A.1,3.A.1,3.A.16,9.A.55,GH23,3.A.1,GT4,3.A.1,GT20
4.F.1,GT104,3.A.23,GH3
3.A.1,3.A.1,3.A.1,GH103
2.A.6,GT2
3.A.1,3.A.1,3.A.1,3.A.1,HTH_1|LysR_substrate,SKI,2.A.8,HTH_6|SIS,GT41
3.A.5,CE11
GT28,2.A.103,9.B.146
1.B.22,GT51,9.B.21,2.A.1,9.B.14,5.A.1
3.D.1,GH23
9.B.211,TPR_1,3.A.1,3.A.1,3.A.1,3.A.1,3.A.1,1.E.40,GT2,HTH_1|LysR_substrate,AA3_2
3.A.6,3.A.6,3.A.6,3.A.6,3.A.6,3.A.6,GH73
1.A.30,1.A.30,FlhC,FlhD,GT4,1.A.8
4.C.1,3.A.1,3.A.11,SBP_bac_3,4.C.1,3.A.2,3.A.2,3.A.2,3.A.2,3.A.2,3.A.2,3.A.2,CbiA,3.A.1,3.A.1,3.A.1,3.A.1,3.A.1,3.A.1,3.A.1,3.A.1,3.A.1,AA3_2
9.B.10,GH23,1.B.22,3.A.15,3.A.15,3.A.15
