2.A.3,GntR|Aminotran_1_2,2.A.115,3.D.1,8.A.5,3.A.1,3.A.1,2.A.17,4.C.1,GT27
3.A.1,PadR,3.A.1,GH13_30,3.A.1,3.A.1,3.A.1,DeoRC|HTH_DeoR,2.A.1
GH55,GH15,HTH_3,HTH_3,HTH_5,1.A.1
3.A.16,GH19
3.A.1,CE14
3.A.1,3.A.1,GH31,GAF|PAS|SpoIIE,Peripla_BP_3,2.A.7
CE14,BTAD|Trans_reg_C,BTAD|Trans_reg_C,2.A.37,3.A.9
GH35,Pkinase,9.B.106
3.A.1,GH88,2.A.1
GT4,4.F.1,HTH_5,3.A.1
4.A.1,8.A.7,GH31,1.A.8
9.B.211,GntR,2.A.1,HTH_3,GT4,GT4
4.C.1,4.C.1,Pyr_redox_2,GH27,9.B.106,Glyoxalase,3.A.1,3.A.1,3.A.1,3.A.1,2.A.1,Pyr_redox_2,3.D.1
3.A.1,3.A.1,SBP_bac_1,CBM51
8.A.5,GT2
GT4,4.F.1
4.C.1,2.A.1,HTH_1,CBM32
1.A.6,2.A.1,GT76,3.D.4,HTH_11,GT4,GH23
3.D.2,TPR_2,NUDIX,CbiA,GH15,GH64,Peripla_BP_3|LacI,HTH_8,GT4
2.A.21,2.A.7,MerR,GT1
GT28,2.A.103,Pyr_redox,9.B.146
3.A.4,4.C.1,GT4
GH13_30,3.A.1,3.A.1,3.A.1,GH13_30
3.A.1,3.A.1,HATPase_c,Response_reg|GerE,2.A.1,9.B.179,GH0,GT4
GH3,TetR_N,PfkB,3.A.1,3.A.1,3.A.1,Peripla_BP_3|LacI,MarR,2.A.1,GntR|TetR_N|TetR_C,GT4
1.A.33,GT2
GH1,2.A.1,2.A.1,9.A.40,PfkB,GH4
GH77,GH84|CBM32,1.A.23,HTH_IclR,GH4,GntR,3.A.1
3.A.3,Citrate_synt,3.A.7,MarR,GH3,3.A.1,GH65|CBM32,9.B.74
9.B.18,GT4
3.A.1,3.A.1,3.A.1,IclR|HTH_IclR,GT2,AA5,GH6
2.A.21,3.A.1,GT51,2.A.7,HATPase_c|HisKA,2.A.1
4.A.1,4.A.1,4.A.1,GT2,3.A.1
2.A.1,2.A.1,9.B.174,3.A.1,9.B.106,9.B.106,FHA,3.A.1,3.A.1,3.A.1,GT2,GT2,GT2,GT2,TetR_N,3.A.1,3.A.5
GT2,GT4,3.A.1,3.A.1
GH23|CBM50,HTH_1|LysR_substrate,2.A.1,2.A.1
GH42,Response_reg|GerE,2.A.21
GT39,2.A.7,3.A.1,3.A.1
3.A.1,GntR,MerR,GT1,Peptidase_M23,3.A.1
2.A.16,GT83
CBM32,9.B.14,5.A.1
2.A.1,MarR,2.A.1,SpoIIE,Pyr_redox_2,TetR_N,CBM51
1.A.33,Fer4,CBM13
9.B.106,3.A.1,3.A.1,9.B.106,SpoIIE,9.B.149,GH23|CBM50
2.A.4,Trans_reg_C|Response_reg,3.A.1,3.A.1,3.A.1,3.A.1,CE4,2.A.1,GAF|SpoIIE,2.A.86
2.A.1,PadR,GT51
3.A.1,Trans_reg_C|Response_reg,HATPase_c|HisKA,GT2,GT83,2.A.1,TetR_N|TetR_C,2.A.1
2.A.4,TetR_N,CE4|GT2
GH23,9.B.105,AA7,2.A.20,3.A.1,3.A.1,3.A.1,3.A.1
8.A.5,HTH_3,GT4
9.B.34,CBM35,PfkB,CE9,SBP_bac_1,GT20,GT81
4.A.1,SIS,HTH_6|SIS,2.A.1,9.B.106,GT87
AA3,3.A.1,3.A.1
3.D.10,3.D.10,GH20
2.A.8,Pyr_redox,TetR_N|TetR_C,GT2,3.A.1,3.A.1,3.A.1,3.A.1
3.A.1,3.A.1,CE14
2.A.8,GH18,CbiA,9.A.47
3.A.1,PadR,GT51
2.A.3,NUDIX,3.D.10,3.A.1,3.A.1,3.A.1,3.A.1,3.A.1,3.A.1,3.A.1,3.A.1,3.A.1,3.A.1,3.A.1,CE14
GT4,3.A.25,3.A.3,NUDIX,3.A.1
8.A.59,GT51,2.A.21,GntR,3.A.1,3.A.1,3.A.1,GH3
9.B.106,HATPase_c|HisKA,Trans_reg_C|Response_reg,GT28
3.A.1,3.A.1,HTH_3,3.A.1,3.A.1,SBP_bac_1,Response_reg|HTH_IclR,HATPase_c,2.A.23,CBM48|GH13_9,GH13_16,GH13_3,Response_reg|GerE,3.A.1,3.A.1,3.A.1,CBM48|GH13_11
5.A.1,HD,GH25,GT4
8.A.5,HTH_3,CBM32,2.A.6
2.A.39,TetR_N,2.A.1,PL8,3.B.1
2.A.1,2.A.1,AraC_binding|HTH_3,3.A.1,GT1,2.A.1,HATPase_c,Response_reg|GerE,1.A.35
2.A.1,Sigma70_r2|Sigma70_r4_2,GH92,3.A.1,3.A.1,3.A.1,HTH_IclR,3.A.1,3.A.1,3.A.1,2.A.3
3.A.1,3.A.1,SBP_bac_1,TetR_N,2.A.1,GT2
3.A.1,3.A.1,3.A.1,GH13_30,3.A.1,3.A.1
2.A.1,CBM32,8.A.5
3.A.1,2.A.40,GT2
GH38,HATPase_c,TrmB|GerE,2.A.1
2.A.40,GH46
2.A.39,GH84
4.C.1,HTH_1|LysR_substrate,2.A.28,GH33
9.B.176,AA3_2
GT2,3.A.1
GH29,4.C.1,Hemerythrin,GH36
GT1,9.B.111
CE7,3.A.1,3.A.1,3.A.1,GH2
GT1,3.A.1,3.A.1,GH109,GH13_32,MarR,3.A.1
2.A.1,Peripla_BP_3|LacI,AA10
CBM13,2.A.7
GT2,2.A.1,2.A.115
GH1,3.A.1,3.A.1,3.A.1
2.A.1,MarR,2.A.1,SpoIIE,2.A.7,MarR,2.A.1,HTH_1|LysR_substrate,CBS,GH23|CBM50
GT4,9.B.18,3.A.1,TetR_N,2.A.6
GH5_51,HTH_1|LysR_substrate,2.A.3
8.A.28,TetR_N,GT1,9.B.97,2.A.66
