GT2,GT2,3.A.6,3.A.6,3.A.23,3.A.6,3.A.6,3.A.6,1.A.104,2.A.1,Peripla_BP_3|HTH_18,9.B.97,2.A.1,9.B.126,1.B.52,HATPase_c|HisKA|PAS,3.A.23,2.A.81,PfkB,2.A.1
GH104,1.E.3
1.I.1,3.A.6,9.B.146,GT0,Aminotran_1_2,2.A.66,GT56,9.B.128,GT26,TPR_2,HEM4,9.B.21
2.A.76,2.A.8,SKI,Peripla_BP_1|LacI,GH1,3.A.3,HTH_1|LysR_substrate,2.A.7,HTH_1|LysR_substrate,HTH_18,4.A.2,4.A.2,4.A.2,4.A.2,2.A.114,2.A.64,2.A.64,2.A.64
2.A.3,GH23
4.F.1,GerE,9.B.34,dCache_1|EAL|GGDEF,CbiA,GT2,1.B.55,GH8,HTH_1|LysR_substrate,3.A.23
CBM50,Sigma70_r4|Sigma70_r2|Sigma70_r3,1.B.12,Trans_reg_C,GH103
9.A.41,GT51
2.A.66,GntR,2.A.14,HTH_1|LysR_substrate,AraC_binding,9.B.35,TetR_N,8.A.1,2.A.6,3.A.1,3.A.1,3.A.1,3.A.1,GH23
CE9,4.A.1,1.B.25,GH20
3.A.1,3.B.1,3.B.1,3.B.1,2.A.69,HTH_1|LysR_substrate,9.B.29,3.A.1,3.A.1,3.A.1,3.A.1,SBP_bac_3,GH2,9.B.127,3.A.1,3.A.1,3.A.1,3.A.1,PALP,4.A.3,8.A.7,8.A.8,PALP,2.A.121,GT2,CE4|GH153
2.A.41,2.A.55,8.A.5,HTH_1|LysR_substrate,2.A.117,Glucokinase,LytTR|Response_reg,8.A.59,GT2
1.A.14,GH88,2.A.1,GH154,HTH_18|AraC_binding,1.B.12
3.A.23,1.A.23,1.B.17,GH13_5,1.B.11
2.A.113,GT2,TPR_1,2.A.26,2.A.1
9.A.28,3.D.6,HTH_18,MASE1,2.A.7,HTH_18,2.A.1,2.A.1,2.A.69,3.A.1,2.A.3,2.A.3,Peripla_BP_1|LacI,2.A.1,GH32,1.B.15
3.A.1,3.A.1,3.A.1,CBM50
2.A.95,3.A.1,3.A.1,3.A.1,3.A.1,3.A.1,GH3,3.A.1,2.A.3,Sigma70_r4_2|Sigma70_r2,FecR,1.B.14,3.A.1,3.A.1,3.A.1,8.A.5,3.A.1,3.A.1,3.A.1,3.A.1,3.A.1,3.A.23,9.B.100
3.A.23,3.A.1,GH23,2.A.66,2.A.1,IclR|HTH_IclR,2.A.23
GH23,2.A.42,Peripla_BP_2,3.A.1,3.A.1,3.A.1,3.A.1,3.A.1,9.B.124,MCPsignal,1.B.1
3.A.1,3.A.1,Aminotran_1_2,GT2,GT83,2.A.7,2.A.7,3.A.1,3.A.1,3.A.1,1.B.14
GH104,1.E.3
1.M.1,GH24,1.E.1
3.A.6,3.A.6,3.A.6,3.A.6,3.A.6,3.A.6,3.A.6,3.A.6,GH73
GT2,GT2,GT2,Aminotran_1_2,2.A.109,2.A.61,9.B.22,3.A.1,1.B.14,3.A.1,3.A.1,Peripla_BP_2,2.A.3,HTH_1|LysR_substrate,2.A.98,4.A.2,PfkB,4.A.2,NUDIX,3.A.1,3.A.1,3.A.1,2.A.1,HTH_18,1.A.23,EAL,3.A.1,3.A.1,3.A.1,3.A.1,2.A.1
2.A.39,HTH_1|LysR_substrate,3.D.7,3.D.7,5.A.3,3.D.7,GH31,2.A.1,Peripla_BP_3|LacI,GH3,3.A.1,2.A.66,MarR,3.D.1,3.D.1,3.D.1,3.D.1,3.D.1,3.D.1,3.D.1,3.D.1,3.D.1,3.D.1,3.D.1,3.D.1,3.D.1,HTH_1|LysR_substrate,9.B.27,Rhodanese,Aminotran_1_2,HD,2.A.47
GH19,1.E.2
8.A.21,MerR,3.A.3,CSD,2.A.1,2.A.37,PfkB,GH105,2.A.2
3.A.23,CBM34|GH13_21,1.A.23,2.A.3,2.A.26,MASE1|EAL,1.A.26,9.B.34,HhH-GPD|HTH_18|Ada_Zn_binding|AlkA_N,2.A.3,TOBE,3.D.5,CSD,9.B.2
2.A.1,HTH_18|AraC_binding,2.A.7,1.A.30,1.A.30,2.C.1,1.B.14,2.A.7,4.A.1,GH4,SIS|HTH_6,3.A.4,HTH_5,GH73
3.A.23,HATPase_c|HisKA,GH23
2.A.17,2.A.3,Trans_reg_C,Glyoxalase,GT19,1.B.33
GH102,3.A.7
3.A.1,3.A.1,3.A.1,1.B.14,1.B.1,GT51
CE4,4.A.6,4.A.6,4.A.6,4.A.6,SIS,HTH_DeoR|DeoRC,3.A.1,3.A.1,2.A.53,Pribosyltran,Nitroreductase,1.B.76
2.A.3,2.A.2,GH43_26,9.B.125,3.A.15,3.A.15,NUDIX,3.A.5,CE11,GT28,2.A.103,9.B.146
GH23,CSD,3.A.1,HTH_1|LysR_substrate,4.B.1
2.A.3,HATPase_c|Response_reg|HisKA|SBP_bac_3,GerE|Response_reg,2.A.3,8.A.1,2.A.85,1.B.54,3.A.18,GH1,4.A.3,3.A.7,2.A.1
1.B.52,1.B.42,1.B.42,2.A.3,2.A.3,HTH_8|PAS|AAA,2.A.1,HTH_1|LysR_substrate,GH13_29,4.A.1,Fer4,2.A.1
2.A.1,2.A.1,GH1,4.A.1,SIS|HTH_6,2.A.122,1.E.14,HTH_1|LysR_substrate,2.A.36,2.A.40,2.A.40
2.A.37,2.A.37,3.A.1,3.A.1,3.A.1,3.A.1,2.A.76,9.B.65,2.A.1,HTH_1|LysR_substrate,Crp|cNMP_binding,2.A.85,Aminotran_1_2,GH4,Peripla_BP_3|LacI,2.A.1,2.A.39,NIR_SIR_ferr|Pyr_redox_2|NIR_SIR,1.A.16
1.B.22,GT51
9.A.8,9.A.8,9.A.8,Pribosyltran,HTH_DeoR|DeoRC,4.A.7,4.A.7,4.A.7,GerE,GT35,GH77,CBM48|GH13_9,CBM48|GH13_11,GT5,GT35,HTH_3,HTH_DeoR|DeoRC,9.B.104,Rhodanese,3.A.1,3.A.1,3.A.1,3.A.1,3.A.1,3.A.1,3.A.1,3.A.1,3.A.1,Sigma70_r4|Sigma70_r2,3.A.1,3.A.1,3.A.5
9.B.126,HTH_1|LysR_substrate,2.A.1,1.E.43,9.B.121,EAL,PfkB,2.A.23,EAL|GGDEF,1.B.55,GH8,4.D.3,GT2,CbiA,3.A.1,3.A.1,3.A.1,3.A.1,3.A.1,1.B.52,NUDIX,2.A.3
GH4,HTH_18|AraC_binding,4.A.3,4.A.3,4.A.3,2.A.2,GH31,2.A.1
