3.A.1,3.A.1,3.A.1,NUDIX,2.A.7,GntR,3.A.1,3.A.1,SBP_bac_1,Aminotran_1_2,CBM20,3.A.1,1.B.26,3.A.1,3.A.1,3.A.1,GH13|CBM34|CBM48,TrmB,1.A.22,3.A.25,Rhodanese,GH18|CBM2
4.A.1,LacI|Peripla_BP_3,GH32,1.B.6,1.B.52,2.A.61
5.B.5,8.A.59,GerE|Response_reg,MASE1|HATPase_c,2.A.1,3.A.1,3.A.1,3.A.1,2.A.6,2.A.6,GH18|CBM12|CBM5|CBM73,Response_reg|HTH_8,HisKA|HATPase_c,SBP_bac_1,2.A.1
3.A.18,AA10|CBM12|CBM5|CBM73,2.A.1
GH0,DeoRC|HTH_DeoR,4.A.7,4.A.7
2.A.42,3.A.1,5.B.1,CBM73,3.A.23,HisKA|PAS|HATPase_c|dCache_1,GH18|AA10|CBM5,2.A.1,9.B.34,PfkB,3.A.1
GH19,3.A.23,3.A.23,3.A.23,3.A.23,3.A.23,3.A.23,3.A.23,3.A.23,3.A.23,3.A.23,3.A.23,3.A.23,3.A.23,3.A.23,2.A.53
GH13,GH0,GH13|GH77|CBM41|CBM48,2.A.55,1.B.52
1.B.1,2.A.7,LysR_substrate|HTH_1,GGDEF|EAL,CBM50,2.A.53,9.A.5,9.B.34,3.A.1,3.A.1
1.B.14,1.I.1,CBM50
1.B.52,HTH_IclR|IclR,GH18|CBM18|CBM2|CBM5|CBM73,2.A.47,9.B.97
3.A.23,GH13|CBM48,GH77,GT35,GerE,1.B.52
1.B.39,1.B.9,GH13|CBM25|CBM26,8.A.5
GH88,PL8,9.B.34,GH154,3.A.1,3.A.1,3.A.1,HTH_IclR|IclR,1.B.52
1.A.16,5.B.5,5.A.3,GH36,3.A.1,3.A.1,3.A.1,3.A.1,3.A.23,9.B.100,Aminotran_1_2,2.A.22,3.A.1,3.A.1,3.A.1,3.A.1,3.A.1,2.A.42,1.A.26
2.A.7,3.A.1,3.A.1,3.A.1,1.B.15,peroxidase,GH1,LacI|Peripla_BP_3,DeoRC|HTH_DeoR,3.A.1,3.A.1,3.A.1,3.A.1,1.A.30
GH73,3.A.1,3.A.1,3.A.1,3.A.1,3.A.1,2.A.25
1.B.52,GT2,LacI|Peripla_BP_3,GH4,4.A.3,4.A.3,CE4|CBM12
GH18|CBM12|CBM5|CBM73,CE9,4.A.6,4.A.6,4.A.6,4.A.6,SIS,DeoRC|HTH_DeoR,DeoRC|HTH_DeoR,2.A.1,HTH_5,9.B.34
4.A.1,CE9,MarR,2.A.17
2.A.115,8.A.3,1.B.18,9.B.18,GT26
GT0,2.A.6,4.A.1,LacI|Peripla_BP_3,3.A.1,3.A.1,3.A.1
GH23,2.A.68
2.A.25,LysR_substrate|HTH_1,2.A.96,GH19|CBM5|CBM73
3.A.9,1.B.33,3.A.1,9.B.34,Trp_repressor,GH23,3.A.1,9.B.33
3.A.5,3.A.16,1.B.1,CBM50,2.A.6,2.A.6,Aminotran_1_2,2.A.86,3.A.1,3.A.1,3.A.1,3.A.1,3.A.1,GH9,GH20,GH94,3.A.1,3.A.1,3.A.1,1.A.11,GT51
2.A.28,3.A.1,3.A.1,3.A.1,3.A.1,PALP,Sigma70_r3|Sigma70_r2|Sigma70_r4,CBM50
GH23,1.B.52,1.B.42
CBM50,Fer4,2.A.47
9.A.40,1.A.23,NTP_transf_2,9.B.18,9.B.18,GT26
GT0,Aminotran_1_2,9.B.18
5.A.2,Fer4,1.C.113,2.A.38,CBM50
3.A.1,GH3,9.B.34,Trans_reg_C|Response_reg,HisKA|HATPase_c,2.A.40,2.A.88,2.A.21,GerE|Response_reg,5.A.1
GT51,1.B.22
GT1,LysR_substrate|HTH_1,4.C.1
9.B.146,2.A.103,CE11,3.A.5,NUDIX,2.A.102,LysR_substrate|HTH_1,1.A.62,3.A.1
4.C.1,8.A.59,GH2|CBM32|CBM51|CBM67
1.B.33,GT19
9.B.34,PIG-L,GH20,3.A.3,1.B.6
2.A.41,GH18|CBM5|CBM73,5.A.3,1.B.14,Pyr_redox_2,3.A.1,3.A.1
3.D.4,3.D.4,1.A.30,1.A.30,2.C.1,2.C.1,TPR_2,HisKA|Response_reg|HATPase_c|dCache_1,2.A.104,4.A.2,HTH_18,PTS-HPr,4.A.2,4.A.2,4.A.2,4.A.2,9.B.34,GH33|CBM0|CBM40,CE9,2.A.56,2.A.56
3.A.7,GT5,LacI|Peripla_BP_3,5.A.3
