3.A.1,GH23|CBM50
3.D.10,3.D.10,3.D.10,GT39,2.A.86
2.A.36,3.A.1,1.A.22,2.A.1,9.B.34,9.B.34,9.B.34,GT4,4.C.1,GerE,2.A.21,Trans_reg_C|Response_reg,GntR,2.A.14,4.A.2
GT2,GH8,GT2,1.A.104,3.A.6,3.A.6,3.A.6,3.A.6,1.A.30,1.A.30,GH23,3.A.6,3.A.6
GH13_30,3.A.1,3.A.1,SBP_bac_1,LacI|Peripla_BP_3,3.A.1,3.A.1,SBP_bac_1,MerR|TOBE,2.A.106,2.A.109
GT83,3.A.1,3.A.1,3.A.1
3.A.1,GH4,HTH_DeoR|DeoRC,PfkB,SBP_bac_1,3.A.1,3.A.1,CE14|CBM9,3.A.1,2.A.3,HTH_11,CE1,Aminotran_1_2,PAS,1.B.52,2.A.7
CE9,3.A.1,3.A.1,3.A.1,HTH_DeoR|DeoRC,1.I.1,SIS,8.A.5,3.A.1,2.A.23,Pkinase,GerE|Response_reg,3.A.1,3.A.1
GH3,3.A.1,3.A.1,3.A.1
4.C.1,9.B.97,Glyoxalase,HTH_18,GH3,SIS|HTH_6,SIS,3.A.1,3.A.1,3.A.1,2.A.1,3.A.1
GH42,SBP_bac_1,3.A.1,GH36,GH13,TrmB,2.A.72,GT51
3.A.1,3.A.1,9.B.97,9.B.97,GT2,GT2,2.A.21
3.D.1,3.D.1,3.D.1,3.D.1,3.D.1,GH3,2.A.7
3.A.1,GH76
3.A.1,GH13_13,GT2
CE14,2.A.21,GH77,2.A.89,3.A.1,3.A.1,3.A.1,3.A.1,3.A.1,3.A.1,CE14
GT76,Sigma70_r4_2|Sigma70_r2,9.B.160,3.A.1
2.A.15,AA3_2
3.A.1,3.A.1,3.A.1,2.A.102,GH13_4
GH14,2.A.53,8.A.5
9.B.146,2.A.103,GT28
2.A.4,GT4,GT4,3.A.1,Response_reg,LacI|Peripla_BP_3,CBM67|GH78
2.A.7,GH23
3.A.3,2.A.38,2.A.3,3.A.1,3.A.1,SBP_bac_1,LacI|Peripla_BP_3,GH0,2.A.41
3.A.1,3.A.1,3.A.1,3.A.1,MASE1|EAL|GGDEF|PAS,GT2
4.F.1,GT4,2.A.1,9.B.34
2.A.1,GT2
2.A.102,8.A.21,3.A.1,GT4
3.A.1,3.A.1,3.A.1,3.A.1,GH15,2.A.7,2.A.109,8.A.5,MarR,SBP_bac_1,3.A.1,3.A.1,GH38,2.A.3,3.A.1,3.A.1,3.A.1,3.A.1,GT2,GT4
GT4,1.B.50,1.C.109
3.A.1,3.A.1,3.A.1,3.A.1,CBM42
1.B.77,ANTAR,GAF|ANTAR,GT4,GT4,GH130
2.A.1,LacI|Peripla_BP_3,9.B.145,SpoIIE,1.A.23,GH13_30
2.A.1,2.A.115,GntR|Aminotran_1_2,3.A.1,3.A.1,GH13_10,GH13_26,CBM48|GH13_11,TetR_N,GT2,3.A.1
3.A.1,3.A.1,GT0,9.B.97,GT2,GT2,GT2,1.A.8,2.A.52
3.A.1,9.B.110,GT4
GT4,CE14,4.D.2
1.C.113,CE14,3.A.1,3.A.1
2.A.1,MarR,TetR_N,GT2
GT4,2.A.66,GT4,GH39,CBM57,9.B.18,2.A.7,Pribosyltran,2.A.1,LysR_substrate|HTH_1,2.A.1
