GH13,GH97,8.A.46,1.B.14,HTH_18,2.A.7,CE9
CE11,HD,Response_reg|PglZ,3.A.18
GT2,GH88,HD,3.A.23,2.A.66
GH109,1.A.30
GH31,GH95,1.B.14,GT2
1.B.14,3.A.2,1.A.23,GH2
3.A.2,3.A.2,3.A.2,1.I.1,PALP,GH73,Aminotran_1_2,HD,8.A.46,1.B.14
PL35,1.B.14,2.A.23
3.A.1,GH2,2.A.9
3.D.10,Nitroreductase,Aminotran_1_2|GntR,GH97
1.A.30,GT9,GT4,3.A.9,9.B.104,9.B.168
GT2,3.A.16
GT28,2.A.103,9.B.146
GT51,TPR_2|TPR_1,9.A.8,FeoA,GH29
GT2,9.B.146,1.B.18,8.A.3
3.A.1,3.A.1,2.A.6,GT2,GT2|GT4,GT4
CE14,3.A.1
2.A.53,GT4,GT4,GT4,GT2,GT2,GT2,GT4,GT2,GT2,GT2,Aminotran_1_2,3.A.1,1.B.14,8.A.46,1.B.14,1.B.14,2.A.37,1.C.82
GH2,1.B.14,8.A.46,1.B.14,1.A.46,3.B.1
4.C.1,2.A.16,GH92,3.A.5,1.E.43
GT5,SIS,9.A.25,9.A.25,9.A.25
1.B.17,2.A.6,2.A.6,GT4,GH3
2.A.17,2.A.17,AA2,HTH_1|LysR_substrate,2.A.17
1.B.14,GH2,Pyr_redox_2,1.A.43
9.B.18,8.A.3,2.A.66,GT2,GT4,GT4,GT4,9.B.18,Aminotran_1_2,HTH_3,3.D.4
GH37,2.A.1
1.A.14,9.B.27,SirB,3.A.7,1.B.14,3.A.1,3.A.1,Aminotran_1_2,Rhodanese,GT19,HTH_18,3.A.3,HMA,1.B.6
GT51,GH20,GH123,1.B.9,3.A.1,1.A.26,Peripla_BP_2,9.B.20
GH27|CBM13|CBM35,cNMP_binding,GH125,1.B.57,cNMP_binding,1.B.6,PfkB,2.A.21,GT2,2.A.1,2.A.20,3.A.18,1.A.46,3.D.4,cNMP_binding|Crp,4.B.1,2.A.3
3.A.5,GT4,9.B.144
GH2,GH29,3.A.25
2.A.102,NUDIX,2.A.6,2.A.6,2.A.6,1.A.23,4.C.1,GH20,9.B.158,2.A.38,GT2,GT4
9.A.25,GH33,1.A.1
3.A.1,1.A.22,AAA,GH20
2.A.7,CE1
GH20,2.A.3
