3.A.1,GH0,GH63,GH3,1.B.14,2.A.40,AAA,HTH_7,2.A.40
GT21,9.A.40
1.B.14,2.A.3,1.B.14,CBM32,HTH_18,2.A.1
3.D.1,3.D.1,3.D.1,3.D.1,3.D.1,3.D.1,3.D.1,3.D.1,3.D.1,3.D.1,3.D.1,3.D.1,3.D.1,3.A.1,3.A.1,1.I.1,GT2,GH23,2.A.66
1.A.105,GT107,9.A.41,GT4,GT2,1.B.55,2.A.1
2.A.1,GH5_5,9.B.30,GT70,GT2,GT4,GT2,GT26,8.A.3,GT4,2.A.66,1.B.18
2.A.1,GntR|Aminotran_1_2,2.A.1,GH20,2.A.39,3.A.1,3.A.1
3.A.1,3.A.1,3.A.1,1.B.33,CE11
GT28,2.A.103,9.B.146
2.A.2,2.A.23,2.A.6,2.A.6,2.A.6,TetR_N,1.A.30,1.A.30,GT2
1.B.5,9.B.34,GT4
GH23,2.A.109
3.A.1,GT19,GT9,2.A.8,2.A.89
2.A.3,Aminotran_1_2,3.A.18,AAA,GT4
GH32,2.A.66,2.A.86
GT32,2.A.1,PadR,3.A.1,8.A.1,TetR_N,2.A.41
2.A.41,2.A.1,GH13_31,PIG-L,GH13_3|GH13_3,GH13_16,CBM48|GH13_11
8.A.5,1.B.14,AA6
GT17|CBM47,2.A.21,SIS,2.A.6,2.A.6,2.A.6,GH32,3.A.1,3.A.1,3.A.1,3.A.1,2.A.28,GH144,Pyr_redox_2,LysR_substrate|HTH_1,2.A.109,2.A.55,1.A.23,GH13_26,GH77,GH13_10,CBM48|GH13_11,CBM48|GH13_9,GT5
3.A.1,LysR_substrate|HTH_1,2.A.36,GT84|GH94
3.A.7,3.A.7,3.A.7,3.A.7,3.A.7,3.A.7,GH23
2.A.16,3.A.1,3.A.1,HATPase_c,Sigma70_r4_2|Sigma70_r2,Sigma70_r4_2|Sigma70_r2,Response_reg|Sigma70_r4_2,GT20,3.A.1,2.A.6,2.A.6,1.A.22
9.B.35,CE4
GH3,1.B.55,GT2,GH8
3.A.11,Pyr_redox_2,2.A.4,2.A.4,2.A.49,GT4,9.B.10,GT4
GT4,2.A.72,GH23
3.A.1,GT2
8.A.28,Aminotran_1_2,2.A.1,GT2,HTH_1,9.B.160,3.A.1
3.A.1,GT4,GT2,3.A.1,B12-binding|B12-binding_2,9.B.160
1.A.30,GT51,8.A.5
GH37,GT22,GT2,GT2,2.A.1
3.A.1,TPR_2,GT4|GT4,3.A.1
GT4,1.B.18,GT4,AAA,HTH_7,1.A.35,PALP,2.A.1,FUR,2.A.1
4.A.6,PTS-HPr,4.A.2,3.A.2,GT2,GT83,3.E.2,2.A.6,2.A.1,3.A.1,3.A.1,2.A.6,1.A.8,3.A.25
