2.A.21,GH23
GT41,3.A.1,3.A.1,GntR,3.A.1,3.A.1,3.A.1,3.A.1
3.A.1,3.A.1,Sigma70_r4|Sigma70_r3|Sigma70_r2,3.D.4,3.D.4,GT0
2.A.36,3.A.1,2.A.21,TPR_2|TPR_1,GH23
GT2,2.A.6,2.A.6
GT41,1.B.42,AsnC_trans_reg,1.I.1
3.A.1,2.A.56,GH13_23,1.B.52,GH23,TetR_N,2.A.6,HTH_1|LysR_substrate,2.A.6,2.A.6,HTH_1|LysR_substrate,DctP,2.A.56,Response_reg,2.A.21,GT35
3.A.5,1.A.34,9.B.34,2.A.64,3.A.1,9.B.149,GH3
GH23,SpoIIE,3.A.23,3.A.23,3.A.23,3.A.23,3.A.23,3.A.23
2.A.21,3.A.23,Response_reg,HisKA|Response_reg|PAS|HATPase_c,9.B.34,2.A.66,STAS,GT26,GH10,9.B.18,GT2,GT2,GT2
2.A.56,2.A.56,2.A.56,2.A.21,GH141|GH141
3.A.1,3.A.1,GntR,2.A.1,HTH_1|LysR_substrate,3.A.1,3.A.1,3.A.1,GH141|GH141,9.B.12,1.B.52
3.A.1,3.A.1,3.A.1,3.A.1,2.A.37,Response_reg,MarR,4.C.1,GT4,GT4,GT2,9.B.18,GH5_1,GH10,8.A.3,GT26,CBM48|GH13_11,2.A.21
2.A.21,GT10,GT41,GT7
3.A.5,GT102,Aminotran_1_2,HTH_3|AraC_binding,3.A.1,3.A.1,3.A.1,3.A.1
2.A.47,2.A.1,HTH_1|LysR_substrate,MarR,8.A.1,2.A.85,8.A.48,GT2,GT41,4.C.1,3.A.1,MerR,1.A.62,HMA,3.A.3,MerR,2.A.6
3.A.1,3.A.1,MCPsignal,GT9
GT2|GT4,GT4,GT0,GT2|GT2,3.A.1,GT2,3.A.1,GT81,GT2,GT4,NUDIX,2.A.80,9.B.18
GH141|GH141,3.A.1
8.A.3,GT4,HTH_1|LysR_substrate,3.A.1,3.A.1,3.A.1,3.A.1
GT2,GT2,8.A.3,GT2,GH0
9.B.149,MarR|AsnC_trans_reg,HTH_1|LysR_substrate,2.A.1,GntR,2.A.56,2.A.56,HTH_3,GT41,HD,3.A.1,3.A.1,3.A.1,3.A.1,3.A.1,3.A.1,3.A.1,GntR,3.A.3,3.A.3,3.A.3,2.A.21,Trans_reg_C|Response_reg,2.A.109
2.A.109,2.A.80,2.A.80,Hemerythrin,GT4,GT4,GT2,8.A.1,3.A.1,MarR,TetR_N,4.C.1,GntR,HTH_IclR,3.A.1,3.A.1,3.A.1,3.A.1,3.B.1
CE4,ROS_MUCR,GH1,GH1,TPR_2,TPR_2,3.A.1,GT2,GH1,GH4
3.A.1,3.A.1,3.A.1,3.A.1,3.A.1,9.B.27,4.C.1,3.A.1,3.A.1,1.B.52,MCPsignal,3.D.4,Response_reg,HisKA|Response_reg|GAF|HATPase_c,2.A.21,GH13_23,1.B.52,2.A.107
GH0,GT4,GT26,9.B.18,8.A.3
2.A.21,4.A.2,PfkB,4.A.2,2.A.21,TPR_1,1.B.14,FecR,Sigma70_r4_2|Sigma70_r2,GT51,HTH_3,HTH_1|LysR_substrate,SBP_bac_1,3.A.1,3.A.1,3.A.1,ACT|PALP,2.A.40,3.A.1,3.A.1,3.A.1,3.A.1,3.A.1,3.A.1
GT4,GH1,3.A.1,2.A.21,2.A.40,9.B.34,3.A.9
2.A.1,HTH_1|LysR_substrate,3.A.6,1.A.104,3.A.6,GT9
3.A.1,3.A.1,3.A.1,2.A.21,1.B.9,SBP_bac_1,3.A.1,DeoRC|HTH_DeoR,GH24,TPR_2,3.A.1,3.A.1,SBP_bac_3,3.A.9,HTH_1|LysR_substrate,MarR,2.A.59,MerR,3.A.3,GntR|Aminotran_1_2,2.A.7,2.A.21,GntR,9.B.18,GT26,2.A.66,SBP_bac_3,1.B.14,3.A.1,TetR_N,3.A.1,SBP_bac_1,3.A.1,3.A.1,4.C.1,IclR|HTH_IclR,3.A.1,3.A.1,3.A.1,3.A.1,3.A.1,8.A.59,Peripla_BP_3|LacI,GH2,2.A.56,2.A.56,GH31,2.A.109,3.A.1,Pyr_redox_2,3.A.1,3.A.1,3.A.1,SBP_bac_1,HTH_1|LysR_substrate,3.A.1,3.A.1
4.C.1,1.B.52,GT9
AA7,Hemerythrin,4.C.1,Rhodanese,9.B.102
GT41,3.A.1,3.A.1,3.A.1,3.A.1
9.B.157,MCPsignal,2.A.76,3.A.1,3.A.1,3.A.1,Glycos_trans_3N,2.A.7,STAS,3.A.1,3.A.1,3.A.1,GH13_3|GH13_3
1.B.33,GT19
9.B.160,GT2,GT83,Glucokinase,3.A.1,3.A.1,3.A.1,3.A.1,3.A.1,1.B.6
GH23,3.D.1
9.B.10,GT2,2.A.45,MCPsignal|dCache_1,MCPsignal,2.A.4,3.A.16,SBP_bac_3,SpoIIE,Trans_reg_C|Response_reg,2.A.21
GT4,9.B.146,9.B.18,2.C.1,1.A.30,1.A.30
4.C.1,5.A.1,PALP,GH5_1,3.D.4,3.D.4,3.D.4,ACT,1.B.14,Sigma70_r4_2|Sigma70_r2,GH23
2.A.38,GH33,9.B.126
3.A.7,GH17|GT2
3.A.1,3.A.1,3.A.1,3.A.1,CE9,Glucokinase,8.A.28,1.B.52,3.A.1,3.A.1,3.A.1,3.A.1,3.A.1,3.A.1,3.A.1,3.A.1,TetR_N,9.A.25,AraC_binding,3.A.1,3.A.1,SBP_bac_3,2.A.50,GT51
GT4,1.B.52,GT30,2.A.76
9.B.146,2.A.103,GT28
CE11,Hemerythrin,1.B.52,1.B.33
GT2,MCPsignal,3.A.1,GGDEF,3.A.1,3.A.1,3.A.1
3.A.1,HisKA|HATPase_c,HTH_8|Response_reg,2.A.7,HTH_18|AraC_binding,Crp|cNMP_binding,8.A.3,GT4,GT4,GH141,GT2,GT2,2.A.9,2.A.37,1.A.35
9.B.34,2.A.21,2.A.21,GT2
1.A.11,GT5,HTH_1|LysR_substrate,8.A.59
9.B.140,GH102,3.A.6,3.A.3
3.A.1,3.A.1,3.A.1,3.A.1,GT1,cNMP_binding,3.A.1,GT1,GT4,9.B.34,GT4
GH17,Pribosyltran,8.A.59,1.A.23,3.A.1
GH24,5.B.3,5.A.3,GT51,3.A.23,9.B.100,PspC,9.B.34
1.B.52,CheW,CheW|HATPase_c|H-kinase_dim,Response_reg,STAS,2.A.21,PAS,Response_reg,CE4,3.A.5,B12-binding,GT81
2.A.7,GT51,1.B.52,MCPsignal,2.A.69
GH13_16,SBP_bac_3,2.A.56,2.A.56
2.A.21,3.A.1,GT2
GT20,1.B.52,3.A.7,CSD,cNMP_binding,2.A.21
9.B.143,GH103
