3.A.5,3.A.1,3.A.1,Sigma70_r2|Sigma70_r4,GT51
3.A.1,3.A.1,3.A.1,3.A.1,1.B.12,HTH_3,GH5_5
GH19,1.M.1
2.A.1,GH10,3.A.1,3.A.1,3.A.1,SBP_bac_1,SBP_bac_3,9.B.34,1.B.14,1.A.23,1.B.39,3.A.1,3.A.1
5.A.1,3.A.7,3.A.7,Response_reg,GT51,2.A.66
2.A.103,GH103,GH0,GH103
9.B.146,2.A.103,GT28,CE11,3.A.5,NUDIX,2.A.21,1.A.23,2.A.1
2.A.20,IclR|HTH_IclR,2.A.1,2.A.6,2.A.6,2.A.6,TetR_N,2.A.1,2.A.1,1.A.33,2.A.21,3.A.23,HisKA|HATPase_c|dCache_1,GH3
PL1_4,9.B.27,2.A.113
3.A.1,3.A.1,3.A.1,3.A.1,3.A.1,GH23
8.A.1,2.A.20,8.A.5,1.B.52,TetR_N,2.A.21,TetR_N,GH3,HTH_5,1.B.14
1.B.10,9.B.43,CE4,9.B.35
4.A.2,1.A.35,Sigma70_r2|Sigma70_r4,1.B.6,3.D.1,Pyr_redox_2,9.B.106,2.A.1,GH68,ANTAR|Response_reg,3.A.1,9.B.34
GT2,2.A.37
3.A.15,1.B.22,3.A.15,3.A.15,PL1_6
3.A.7,GH28,2.A.86
2.A.21,1.C.106,DeoRC|HTH_DeoR,GH33,2.A.21,2.A.1
GT2|GT2,2.A.1
3.A.1,3.A.1,9.B.14,9.B.14,3.A.1,1.A.1,2.A.6,8.A.1,MarR,PL7_1
2.A.16,HTH_1|LysR_substrate,2.A.66,GT4,GT4,GH39,GT4,9.B.18,GerE|Response_reg,CheW|Response_reg,GH23,3.A.1,3.A.7,LexA_DNA_bind,TetR_N,GH3,4.D.2
3.A.1,3.A.1,3.A.1,1.B.52,2.A.63,2.A.63,2.A.63,2.A.63,2.A.63,2.A.7,AraC_binding|HTH_3,Pyr_redox_2,3.A.23,1.B.14,2.A.73,HTH_1|LysR_substrate,2.A.76,1.B.18,9.B.18,GT4,GT4,GT4,8.A.3,GT2,Aminotran_1_2,2.A.7
GH3,3.A.15,3.A.15,3.A.15
GH13_33,3.A.23,9.B.153,2.A.1,1.B.25
GT4,Pyr_redox,GH1,GT83,2.A.7,GT83,GT2
3.A.1,3.A.1,3.A.1,3.A.1,Hemerythrin,GT73,3.A.1,2.A.1,1.B.12,CBM48|GH13_9,GH13_16,GH13_3,MHYT|EAL|GGDEF,2.A.6,2.A.6,2.A.6,2.A.6,HTH_1|LysR_substrate,9.B.22,1.B.33
2.A.21,Response_reg,HisKA|HATPase_c|Response_reg,CheB_methylest,CheR_N|CheR,2.A.21,Response_reg,GT0|GT2|GT4,AraC_binding|HTH_18,3.A.1,3.A.1,3.A.1,3.A.1
2.A.1,2.A.55,2.A.1,3.A.23,GH15,8.A.5,3.A.1,1.B.14,1.A.30,1.A.30,1.B.14,LacI,2.A.6,2.A.6,GGDEF|dCache_1,1.A.11,HTH_3,9.B.169,HTH_1|LysR_substrate,3.A.1,3.A.1,3.A.1,3.A.1,3.A.1
GT19,1.B.33
GH23,9.B.62
2.A.6,2.A.6,3.A.5,GH24
1.C.65,Sigma70_r2|Sigma70_r4_2,3.A.6,3.A.6,3.A.6,3.A.6,3.A.6,1.B.22,3.A.6,1.C.56,3.A.23,3.A.23,GH23
3.A.1,4.C.1,4.C.1,PL1_8,2.A.1,9.B.34,3.A.1,3.A.1,3.A.1,3.A.1,3.A.1
1.C.106,2.A.21,GH33
GT4,HTH_1|LysR_substrate,2.A.102,MarR,GT104,2.A.42,TetR_N,3.A.11,9.B.18,9.B.146
GT2,3.D.4,3.D.4,3.D.4,3.D.4
GT2,1.B.13,PL5_1,2.A.50,8.A.1,8.A.48,2.A.85,1.B.17,HTH_1|LysR_substrate,2.A.7
2.A.121,GT4
9.B.97,CbiA,Pyr_redox_2,GT4,GT2,3.A.1,3.A.1,GT2
2.A.50,GH8,4.D.3,GT2,GH102,1.A.30
1.B.52,CheW,CheR_N|CheR,CheD,CheB_methylest|Response_reg,GH5,LacI|Peripla_BP_3,Peripla_BP_1,3.A.1,3.A.1,1.A.13
CBM50,1.A.62,1.A.30,1.A.30,2.A.25
2.A.39,2.A.6,GT30,2.A.7,8.A.5,PfkB,3.A.1
GT4,GT9,GT9,3.A.18,Pyr_redox_2,2.A.85,SBP_bac_3,9.B.34,PL7_1,2.A.21,2.A.36,1.A.23,2.A.55,GntR,CheW,CheW|HATPase_c|Response_reg,1.B.52
GT2,2.A.6
9.B.42,SKI,1.B.22,3.A.11,GT51,3.A.11
2.A.64,1.B.52,1.B.52,GT2,GT35
9.B.10,CBM50,3.A.3,9.B.97,GerE|Response_reg,HisKA|HATPase_c,3.A.1,3.A.1
1.B.14,3.A.1,Peripla_BP_2,3.A.1,1.B.3,3.A.1,3.A.1,3.A.1,3.A.1,GH32,LacI|Peripla_BP_1,HxlR,2.A.1,2.A.7,SIS,DeoRC|HTH_DeoR,3.A.2,3.A.2,3.A.2,3.A.2,3.A.2,3.A.2,3.A.2,3.A.2,1.A.77,CbiA,2.A.9
2.A.38,CBM50,3.A.11,2.A.53,3.A.1
