2.A.36,1.A.23,2.A.3,GH103
1.B.52,GH23,2.A.109
9.B.35,CE4
3.D.3,3.E.2,3.A.1,3.A.1,Peripla_BP_2,GH102
3.A.1,GT4,GT0
1.A.11,3.A.11,Pyr_redox_2,2.A.4,2.A.4,2.A.49,9.B.10,GT4
GT4,2.A.72,GH23,GH3,2.A.1
9.A.41,GT4,GT107,GT4
3.A.1,3.A.1,8.A.4,GT4,1.B.18,1.A.2
GT4,9.B.18,GT4,GT0,GT2,GT2
2.A.1,2.A.1,HTH_18,3.A.1,3.A.1,3.A.1,2.A.66,GT2,GH5_5,9.B.30,GT70,GT4,GT2,9.B.18,GT26,GT4,1.B.18
CE9,2.A.37
3.A.7,GH23
GT2,HTH_1,9.B.160,3.A.1
GH23,9.A.40,GT21
GT4,1.B.14,Peripla_BP_2,3.A.1,3.A.1
2.A.72,GT4,1.B.42
2.A.1,Aminotran_1_2,GH20,2.A.75
2.A.6,2.A.6,2.A.6,8.A.1,3.A.1,1.B.17,3.A.1,3.A.1,3.A.1,3.A.1,1.B.5,TetR_N,1.B.14,GH13_26,GH77,GH13_10,CBM48|GH13_9,GT5
1.A.30,GT4,HTH_3,GT4,Rrf2,3.A.15
3.A.15,1.A.54,3.A.15,GH32,GH68,TetR_N,9.B.143,Ada_Zn_binding|HTH_18,3.A.1,3.A.1,3.A.1,3.A.1,8.A.5,1.B.52
3.A.1,MarR,2.A.85,8.A.1,2.A.6,GT2,GT2,3.A.1,8.A.1
2.A.21,9.B.97,GH16_7
3.A.1,GT83,GT2,3.A.2,8.A.7,PTS-HPr,4.A.6,3.A.1,3.A.1,Response_reg|GerE,2.A.1,9.B.72
GT51,1.A.30,1.A.30,1.A.30
GH23,GH78,2.A.40
3.A.1,3.A.1,3.A.1,3.A.1,3.A.1,GT2,GH113
3.A.1,3.A.1,GT2,GT4,2.A.7,3.A.1
GT2|GT2,GT81,2.A.6,2.A.6,2.A.6,8.A.1
GT19,GT9,GT4,2.A.8,2.A.1,2.A.1,2.A.89
1.I.1,3.A.1,2.A.1,SIS,Pribosyltran,GT87,3.A.1,3.A.1,3.A.1
2.A.109,1.B.33,CE11
GT28,2.A.103,9.B.146
3.A.18,GH15,9.B.62
3.D.1,GT4
