9.B.102,PadR,3.A.1,3.A.1,1.A.26,GH13
GH25,2.A.89
1.A.8,GT53,GT85
GT2,3.A.1,3.A.1,3.A.1,3.A.1,3.A.1,3.A.1
GH19,1.C.7
2.A.63,2.A.63,GT51,Whib,1.A.1,HhH-GPD,NUDIX,9.B.160
CE1,Pyr_redox_2,3.D.10,3.D.10
4.C.1,GT4
3.A.1,3.A.1,3.A.1,3.A.5,GH33
3.A.1,3.A.1,3.A.1,3.A.1,3.A.1,GT2
3.A.1,Peripla_BP_2,3.A.1,3.A.1,Aminotran_1_2,GH23|CBM50,CSD,2.A.40
GT39,2.A.15,2.A.120,GH23|CBM50,3.A.1,4.B.1
1.B.76,TetR_N,2.A.3,GH23
CE14,Fer4,Aminotran_1_2,2.A.3,2.A.3,GT81,GH32,GT5,Sigma70_r4_2|Sigma70_r2,3.A.1,CBS,3.A.1
CBM48|GH13_9,GH13_3,3.A.1
2.A.1,2.A.28,GT2
GT28,9.B.146
9.B.106,Glucokinase,GT4,3.D.3,3.D.4,3.D.4,3.D.4
4.C.1,GH77
2.A.38,2.A.38,2.A.21,Response_reg|Trans_reg_C,2.A.1,CE1,2.A.79
2.A.79,GT20
1.B.59,2.A.63,2.A.63,GT87
3.A.1,PadR,GH76
2.A.6,3.B.1,CE5,CE1,GT87,CE1,GT89,GT2,2.A.1,Pyr_redox,3.A.1,3.A.1,3.A.1
2.A.1,GT87
3.A.3,2.A.1,GH15,3.A.7,GT51
CE9,GntR,3.A.1,3.A.1,3.A.1,3.A.1
