1.A.35,3.A.1,2.A.86,3.A.1,GntR,3.A.1,3.A.1,3.A.1,SBP_bac_1,GH38,Aminotran_1_2,2.A.1
2.A.1,2.A.1,2.A.1,3.A.9,GntR,2.A.80,2.A.102,2.A.102,GH77
2.A.109,HATPase_c,2.A.55,BTAD,3.A.9,GT35
5.B.1,3.A.1,3.A.1,TetR_N,GH0,9.B.160
8.A.3,GT2,4.D.1,GT4,9.B.18,HTH_6,2.A.21,3.A.1,3.A.1,3.A.1,3.A.1
2.A.55,2.A.5,CE9
9.B.140,GT4,GT4,9.B.12,8.A.21,NUDIX,8.A.21,GerE|Response_reg,HATPase_c,GH31,GT9,PfkB,SIS,GT4,GT0,GT9
3.A.25,PALP,8.A.5,3.A.7,Pyr_redox,3.A.1,3.A.1,2.A.15,AA3
8.A.59,2.A.45,CBS,2.A.45,GT4
3.A.11,3.A.15,3.A.11,3.A.15,3.A.1,3.A.1,3.A.1,2.A.108,GT2
2.A.7,GH15,AraC_binding|HTH_3,2.A.21,2.A.38,2.A.38,2.A.38,2.A.38,9.B.120
GT51,3.A.4,2.A.7
1.A.1,GT2|GT81,Pyr_redox_2,CE4
GT28,2.A.103,9.B.146
3.A.1,3.A.1,3.A.1,3.A.1,HTH_DeoR|DeoRC,GH78,CBM67
9.B.18,GT4,GT4,GT4,8.A.3
3.A.1,3.A.1,3.A.1,3.A.1,GH3
3.A.1,3.A.1,3.A.1,3.A.1,Peripla_BP_2,Peripla_BP_2,3.E.1,3.B.1,GH1,2.A.21,1.E.43,8.A.5,GH38
2.A.1,GH31,3.A.1
GH63,4.C.1
2.A.1,GH15
2.A.19,GT4
3.A.1,3.A.1,GH31
GH92,PfkB,CBM32|GH92,LacI|Peripla_BP_3,3.A.1,3.A.1,3.A.1,1.E.43
GT2,GerE|Response_reg,2.A.1
2.A.1,FmdA_AmdA,2.A.21,HATPase_c,STAS,GAF|GGDEF,GT4,2.A.66,STAS,GH135
2.A.51,GH73,9.B.18,GT26
9.B.10,2.A.86,GH15,8.A.5
GT20,GT4,HATPase_c,8.A.21,4.F.1,2.A.86,Peptidase_M23,9.B.149
4.A.2,3.A.3,3.A.3,GT4
3.A.1,3.A.1,GT2,GT2
2.A.63,2.A.63,GT2
9.B.149,2.A.7,GH13_23
