2.A.1,GT4
2.A.1,2.A.6,2.A.6,2.A.6,LysR_substrate|HTH_1,GT35,GT9
9.B.34,1.B.12,SBP_bac_3|HATPase_c|HisKA|Response_reg,GerE|Response_reg,1.A.34,2.A.111,2.A.27,GH18,AA10|CBM12,5.A.1
3.A.5,HTH_IclR|IclR,2.A.56,2.A.56,2.A.80,1.B.12,2.A.3,2.A.1,SBP_bac_1,LysR_substrate|HTH_1,GT9,GT9,GT2
2.A.80,2.A.80,LysR_substrate|HTH_1,2.A.49,Hemerythrin,GT2,PIG-L,GT9,GT2,GT9,GT4,3.A.1,GH23,2.A.1,3.A.1,3.A.1
9.B.146,2.A.103,GT28,CE11,Peptidase_M23,3.A.5,GntR,5.A.3,HTH_11|AsnC_trans_reg,1.A.26,2.A.98,LysR_substrate|HTH_1,4.C.1,GH31,3.A.1,3.A.1,3.A.1
3.A.6,3.A.6,3.A.6,3.A.6,3.A.6,3.A.6,1.B.22,Sigma70_r2|Sigma70_r4_2,9.B.34,Response_reg,9.B.121,9.B.34,LysR_substrate|HTH_1,GT4
PL1_13,2.A.109
3.A.1,3.A.1,2.A.88,3.A.1,3.A.1,3.A.1,3.A.1,2.A.80,LysR_substrate|HTH_1,1.B.14,GH23,1.A.23
GH103,3.A.1,3.A.1,3.A.1,3.A.1
GT4,GT2,GT4,3.A.1,3.A.1,3.A.1,3.A.1,4.C.1,HTH_3|SKI,Fer4,GT4,GH0,CE4,GT9,3.A.1,2.A.23,3.A.1,3.A.1,3.A.1,3.A.1
GT73,2.A.1,8.A.1,1.B.17
GT1,2.A.53
AA3_2,3.A.1,3.A.1,2.A.6,8.A.1,2.A.85,MarR,GH13_26,GH77,GH13_10,GH13_11,CBM48|GH13_9,GH13_16,GH13_3|GH13_3,GT5,LysR_substrate|HTH_1,2.A.80,2.A.1,Pyr_redox_2,HTH_3,2.A.40,9.B.31,CBM50
8.A.1,2.A.6,2.A.6,3.A.1,AA7,LysR_substrate|HTH_1,3.A.1,3.A.1,3.A.1,3.A.1
2.A.49,MarR,2.A.80,GntR,AA3_2,SBP_bac_3,3.A.1,3.A.1
GH0|GT4,GH1,3.A.1,2.A.80,2.A.80
9.B.34,8.A.21,HTH_18,8.A.7,2.A.1,GT19,1.B.33
3.A.6,3.A.6,3.A.6,3.A.6,3.A.6,3.A.6,3.A.6,1.B.52,GH73
2.A.1,GH103,2.A.80,LysR_substrate|HTH_1,2.A.1,8.A.5,2.A.7,AraC_binding|HTH_18,1.B.12,3.A.1,3.A.1,3.A.1,3.A.1,LysR_substrate|HTH_1,2.A.76,3.A.1,3.A.1,3.A.1,3.A.1,1.B.14
GT2,2.A.6
2.A.1,AraC_binding|HTH_18,GT51,3.A.1
3.A.6,3.A.9,LysR_substrate|HTH_1,GH3,NUDIX,2.A.80,3.A.1,GH63,GH133,GT20,Trans_reg_C|Response_reg,HATPase_c|HisKA,9.B.160,CBM50,AAA,3.A.1,3.A.1,4.F.1,GH3,Trans_reg_C,3.A.1,3.A.1,8.A.5,2.A.80,4.C.1,2.A.56,GntR,2.A.1,2.A.80,GntR,2.A.1
3.A.1,3.A.1,3.A.1,3.A.1,Fer4,3.D.6,HhH-GPD,3.A.1,3.A.1,3.A.1,3.A.1,2.A.80,GT104,3.A.1,3.A.1,3.A.1,SBP_bac_5,1.A.35,LysR_substrate|HTH_1,2.A.80
4.C.1,HTH_IclR|IclR,2.A.56,2.A.56,8.A.3,1.B.18,9.B.18,NUDIX,GT2,GT4,GT2,GT4,GerE,GerE,HATPase_c|HisKA,Trans_reg_C|Response_reg,2.A.1
3.D.4,3.D.4,3.D.4,CBM48|GH13_11
3.A.1,3.A.1,3.A.1,3.A.1,LysR_substrate|HTH_1,2.A.1,2.A.1,Pyr_redox_2,3.A.1,3.A.1,3.A.1,3.A.1,3.A.1,GntR,Pyr_redox,2.A.80,LysR_substrate|HTH_1,2.A.28,LacI|Peripla_BP_3,3.A.1,3.A.1,3.A.1,3.A.1,PfkB,NIR_SIR|NIR_SIR_ferr|Pyr_redox_2,ANTAR|NIT,GT83,3.A.1,3.A.1,3.A.1,3.A.1,3.A.16,2.A.40
GH73,3.A.23,3.A.23,3.A.23,3.A.23,3.A.23,3.A.23
3.D.1,3.D.1,2.A.1,Aminotran_1_2|GntR,2.A.7,2.A.76,GT83,GT2,2.A.80,2.A.80,LysR_substrate|HTH_1,2.A.80,2.A.1
GH23,2.A.80,8.A.5
3.A.1,3.A.1,GT51
2.A.21,GH15,2.A.1,MarR,3.A.1
1.I.1,GH23
1.E.40,GT4
3.A.1,3.A.1,GT30,GT9,GT2,GT0
3.A.1,GT0,GT2,GT2,9.B.146,2.A.7,9.B.150,2.A.111,GntR,3.A.1,3.A.1,3.A.1,3.A.1,3.A.1,1.B.12,3.A.1,3.A.1,3.A.1,3.A.1,3.A.1
3.A.1,3.A.1,3.A.1,HTH_IclR|IclR,2.A.1,2.A.1,HD,SKI,GT51,9.B.14,5.A.1
