3.A.1,3.A.1,3.A.1,3.A.1,GntR,DeoRC|HTH_DeoR,GH43_26,HTH_5,GH43_4,3.A.1,3.A.1,3.A.1
3.A.1,GT2
3.A.3,3.A.1,3.A.1,MarR,2.A.2,HTH_18|AraC_binding,Peripla_BP_2,3.A.1,3.A.1,3.A.1,HisKA|HATPase_c,Response_reg|Trans_reg_C,Response_reg|Trans_reg_C,HisKA|HATPase_c,3.A.1,2.A.21,MarR,2.A.1,3.A.1,3.A.1,MarR,2.A.22,3.A.1,3.A.1,GT2,GT2,GT2,9.B.18,GT2,TetR_N,2.A.7,2.A.7,2.A.115,MarR,8.A.5
3.A.1,3.A.1,GH43_32,GH2,GH93|CBM61,GH32,GH95,Pribosyltran,GT0,3.A.2,3.A.2,3.A.2,3.A.2,3.A.2,3.A.2,3.D.1,3.D.1,3.D.1,3.D.1,3.D.1,3.D.1,3.D.9,3.D.1,3.D.9,3.D.1,3.D.1,EPSP_synthase,1.A.34,HTH_11,1.A.33
GT26,9.B.146
9.B.18,GT0
3.A.1,1.A.34,9.B.174,GH36
3.A.1,CE4,9.B.98,CE4,3.A.1
3.A.1,3.A.1,3.A.1,Peripla_BP_1,8.A.59,Response_reg|HTH_18,3.A.1,1.B.52,3.A.1,3.A.1,3.A.1,8.A.59,3.A.1,3.A.1,3.A.1,GH32
8.A.59,3.A.1,3.A.1,3.A.1,GH42
3.A.1,3.A.1,3.A.1,GH113
3.A.1,3.A.1,3.A.1,3.A.1,GH105,3.A.1,3.A.1,3.A.1
3.A.18,2.A.53,GAF,GT4,2.A.66
3.A.1,3.A.1,3.A.1,3.A.1,3.A.1,3.A.1,3.A.1,3.A.1,3.A.1,8.A.59,Response_reg|HTH_18,3.A.1,GH2,3.A.7,LacI|Peripla_BP_3,3.A.1,3.A.1,3.A.1,GH13_31,3.A.1,3.A.1,3.A.1,9.B.110,3.A.1,TetR_N,3.A.1,TetR_N,CE4,3.A.1,3.A.1,3.A.1,3.A.1,3.A.1,3.A.1,8.A.59,Response_reg|HTH_18,GH2,2.A.80,2.A.80,3.D.10
GT28,2.A.1,3.A.1,3.A.1,3.A.1,3.A.1,3.A.1,Sigma70_r4,3.A.1,3.A.1,3.A.1,3.D.4,3.D.4,3.D.4,HTH_18|AraC_binding,3.A.1,3.A.1,SBP_bac_1,PfkB,GH4,Sigma70_r4_2|Sigma70_r2,GH123
GT84|GH94,3.A.1,3.A.1
CBM35,3.A.1,3.A.1,8.A.59,3.A.1,GH36,3.A.1,3.A.1,3.A.1,3.A.1,1.C.113,HTH_3,GH2,dCache_1|HTH_18,3.A.1,3.A.1,3.A.1,dCache_1|HTH_18,3.A.1,3.A.1,3.A.1,GH139
GH2,9.B.33,HTH_18,3.A.1,3.A.1,SBP_bac_1,Pyr_redox_2,1.A.26,Penicillinase_R,GH3,3.A.1,3.A.1,3.A.1,8.A.59,Response_reg|HTH_18,Peripla_BP_2,3.A.1,3.A.1,GntR|Peripla_BP_3,GH125,GH76,GH76,SBP_bac_1,SBP_bac_1,3.A.1,3.A.1,3.A.1,3.A.1,Aminotran_1_2,3.A.1,3.A.1,3.A.1,3.A.1,3.A.1
GH38,GntR,3.A.1,GH88,HTH_18|AraC_binding,HTH_18|AraC_binding,CBM67|GH78,LacI|Peripla_BP_3,GH116
CBM67|GH78,HTH_18|AraC_binding,8.A.3,8.A.3,9.B.18,2.A.66,GT4,GT4,GT4
8.A.59,Response_reg|HTH_18,3.A.1,3.A.1,3.A.1,GH31,2.A.21
CE4,CE7,HATPase_c,Response_reg|HTH_18,3.A.1,GH66,SBP_bac_1,SBP_bac_1,3.A.1,3.A.1,3.A.1,3.A.1
2.A.86,Citrate_synt,2.A.16,PfkB,DeoRC|HTH_DeoR,CE9
1.B.52,2.A.86,CE4,Response_reg|Trans_reg_C,HisKA|HATPase_c,9.B.74,PadR,MarR,Response_reg|HTH_18,9.B.33,Peripla_BP_1,3.A.1,3.A.1,Peripla_BP_1,3.A.1,3.A.1,Nitroreductase,3.A.1,3.A.1,LacI|Peripla_BP_3,3.A.1,3.A.1,3.A.1,GH38,GH36,3.A.1,3.A.1,3.A.1,GntR|SBP_bac_1,CBM70|CBM70|PL35|CBM32,GntR,3.A.1,3.A.1,3.A.1
8.A.5,GAF,LacI|Peripla_BP_3,3.A.1,3.A.1,3.A.1,GH13_18
3.A.1,HTH_18,dCache_1|HTH_18,3.A.1,3.A.1,3.A.1,PL26,HTH_5,9.A.11,9.A.11,9.A.11
2.A.7,GH23,2.A.109,2.A.109
9.B.146,2.A.103,GT28
4.C.1,GT51,9.B.34,PTS-HPr,2.A.103,CBS,3.A.7,2.A.7,HTH_1|LysR_substrate,3.A.3
GH130,SBP_bac_1,3.A.1,3.A.1,8.A.59,Response_reg|HTH_18,2.A.45
3.D.3,3.D.3,3.D.3,2.A.115,TPR_1|TPR_2,CE14,GT4
3.A.1,3.A.1,3.A.1,3.A.1,3.A.1,Response_reg|HTH_18,8.A.59,HTH_18|AraC_binding,GH51,8.A.59,Response_reg|HTH_18,3.A.1,3.A.1,SBP_bac_1,GT4
GT51,3.A.24
3.A.1,9.B.33,Response_reg|HTH_18,3.A.1,3.A.1,3.A.1,GH105,3.A.1,3.A.1,3.A.1,GH105,dCache_1|HTH_18,3.A.1,9.B.106,3.A.1
3.A.1,3.A.1,GH129,3.A.1,3.A.1,GH109,GH144,LacI|Peripla_BP_3,GH35,3.A.1,2.A.3,2.A.1
2.A.21,CE9
3.A.1,3.A.1,3.A.1,3.A.1,GH20,LacI|Peripla_BP_3|Peripla_BP_1,GH13_20,3.A.1,3.A.1,3.A.1,9.B.33,Response_reg|HTH_18,SBP_bac_1,3.A.1,3.A.1,GH127,HTH_11,3.A.1,3.A.1,3.A.1,2.A.1,LacI|Peripla_BP_3,3.A.1,3.A.1,SBP_bac_1,3.A.1,9.B.97,GT4
3.A.1,3.A.1,SBP_bac_1,dCache_1|HTH_18,GH105,SBP_bac_1,3.A.1,3.A.1
GH29,9.B.158,HTH_11,3.A.1,Fer4,Rhodanese,HTH_11,3.A.1,3.A.1,3.A.1,SBP_bac_1,2.A.37,2.A.37
3.A.1,HTH_5,3.A.3,GH127,HTH_18,3.A.1,GntR,8.A.5,CE14
CBM67|GH78,3.A.1,3.A.1,3.A.1,Response_reg|HTH_18,8.A.59
GH15,GT5,CBM48|GH13_9,2.A.120,HTH_18|AraC_binding,2.A.88,3.A.1,3.A.1,3.A.1,CE4,CBM67|GH78,3.A.1,3.A.1,SBP_bac_1,8.A.59,Response_reg|HTH_18,HTH_11,2.A.1,MerR,8.A.5
2.A.120,GT4
GH13_36,3.A.1,3.A.1,3.A.1,LacI|Peripla_BP_3,CBM34|GH13_20,9.B.107
3.A.1,PspC,GH88,3.A.1,3.A.1,3.A.1
3.A.1,3.A.1,3.A.1,GH51,GH3,3.A.1,3.A.1
GH66,3.A.1,3.A.1,SBP_bac_1,HTH_18|AraC_binding,3.A.1,3.A.1
2.A.1,Pkinase,9.A.11,HTH_11|CBS,4.A.2,9.A.11,3.D.2,HTH_8,2.A.3,GH3,3.A.1,3.A.1,3.A.1,Response_reg|HTH_18,9.B.33
1.E.19,3.A.1,3.A.1,3.A.1,3.A.1,SBP_bac_1,SBP_bac_1,3.A.1,3.A.1,GH109,dCache_1|HTH_18,3.A.1,3.A.1,SBP_bac_1,3.A.1,3.A.1,3.A.1,3.A.1,3.A.1,GH29|CBM32,SBP_bac_1,3.A.1,3.A.1,TPR_2,3.A.1,SBP_bac_1,3.A.1,HisKA|HATPase_c,Response_reg|Trans_reg_C,SBP_bac_1,3.A.1,3.A.1,9.B.33,Response_reg|HTH_18,3.A.1,3.A.1,SBP_bac_1,AraC_binding,3.A.1,3.A.1
2.A.21,8.A.59,Response_reg|HTH_18,SBP_bac_1,3.A.1,3.A.1,3.A.1,3.A.1,3.A.1,3.A.1,3.A.1,3.A.1,3.A.1,3.A.1,PadR,Nitroreductase,Pyr_redox_2,3.A.1,3.A.1,3.A.1,3.A.1,3.A.1,SBP_bac_1,3.A.1,8.A.5,Nitroreductase,1.B.52,1.B.52,TetR_N,3.A.1,GH140,GH23,2.A.107,2.A.86,3.A.1,SBP_bac_1,1.B.52,GH53,3.A.1,3.A.1,3.A.1,Response_reg|HTH_18,8.A.59,HTH_18|AraC_binding,GH4,HTH_18|AraC_binding,HTH_18|AraC_binding,2.A.4,PL40,3.A.1,3.A.1,3.A.1
2.A.40,Pribosyltran,Sigma70_r4_2|Sigma70_r2,3.A.1,3.A.1,SBP_bac_1,SBP_bac_1,3.A.1,3.A.1,3.A.1,3.A.1,SBP_bac_1,3.A.1,CBM9
3.A.1,3.A.1,3.A.1,HTH_18|AraC_binding,GH38
GT4,9.B.18,GT2
GT4,2.A.25
GH42,3.A.1,3.A.1,SBP_bac_1,Response_reg|GerE,9.B.62,3.A.1,Sigma70_r4_2|Sigma70_r2,3.A.1,9.B.74
3.A.1,3.A.1,3.A.1,Response_reg|HTH_18,9.B.33,GT2
1.B.52,3.A.1,3.A.1,3.A.1,dCache_1|HTH_18,PadR,3.A.1,3.A.1,GH35,LacI|Peripla_BP_3,HTH_1|LysR_substrate,2.A.1,Glyoxalase,3.A.1,3.A.1,3.A.1,9.B.174,3.A.1,3.A.1,3.A.1,3.A.1
9.B.2,MerR,GerE,GH18
3.A.1,3.A.1,1.B.52,GH16_7,3.A.1,3.A.1,SBP_bac_1,Response_reg|HTH_18,9.B.33
2.A.64,3.A.1,GH38
GT4,GT4,GT4,9.B.18,8.A.3,8.A.3
3.A.1,8.A.5,HTH_IclR,9.B.146,2.A.1,LytTR,GT2,3.A.1,3.A.1,3.A.1,3.A.1,3.A.1,GntR,9.A.22,3.D.4,3.D.4,3.D.4,8.A.5
GH36,3.A.1,3.A.1,3.A.1,GntR,2.A.122,HTH_3,Aminotran_1_2,8.A.59,Response_reg|HTH_18,SBP_bac_1,3.A.1,3.A.1,SBP_bac_1,SpoVT_AbrB,3.A.1,3.A.1,GH10,GH67,3.A.1,3.A.1,3.A.1,9.B.33
GH130,GT108,3.A.1,3.A.1,SBP_bac_1,LacI|Peripla_BP_3,GH125,HATPase_c,GH18
3.A.1,HTH_18|Peripla_BP_2,4.C.1,3.A.1,3.A.1,3.A.1,3.A.1,3.A.1,9.B.34,CBM67|GH78,3.A.1,3.A.1
2.A.20,2.A.21,Trans_reg_C,CE4
2.A.40,AAA,CE4,PL33_2,dCache_1|HTH_18,3.A.1,3.A.1,3.A.1,3.A.1,3.A.1,TetR_N,9.A.8,9.A.8,FeoA,2.A.102,2.A.23
GH18,CBM9,GH29,dCache_1|HTH_18,3.A.1,3.A.1,3.A.1
GH127,PALP,9.A.40,LacI|Peripla_BP_3,3.A.1,3.A.1,3.A.1,3.A.1,3.A.1,GT28,3.A.1,3.A.1,3.A.1,PIG-L,2.A.85,2.A.21,1.A.22,2.A.50,LacI|Peripla_BP_3,GH51,Pkinase,Response_reg|Trans_reg_C,3.A.1,3.A.1,3.A.1,3.A.1,3.A.1,3.A.1,2.A.1,MarR,LacI|Peripla_BP_3,GH5,2.A.49,CE7,CBM9,3.A.1,3.A.1,SBP_bac_1,8.A.59
