2.A.1,1.B.52,LacI|Peripla_BP_3,4.A.3,4.A.3,4.A.3,GH1,1.B.14,Sigma70_r4_2|Sigma70_r2,FecR,1.A.33
9.B.97,3.A.1,3.A.1,3.A.1,HTH_18|Peripla_BP_3,Autoind_bind|GerE,CE8,9.B.72
GT9,GT30,GT32,GT2,GT8,GT8,GT4,GT9,9.B.67,GT9,GT9,Aminotran_1_2,1.A.34,Rhodanese,2.A.7
2.A.7,LysR_substrate|HTH_1,1.B.14,1.B.76,GntR,8.A.5,Nitroreductase,HTH_18|AraC_binding,9.B.27,2.A.56,2.A.56,1.A.30,Peripla_BP_1|LacI|Peripla_BP_3,GH32,4.A.1,1.B.3
1.E.34,9.B.27,GntR,2.A.1,2.A.23,2.A.109,Pyr_redox_2,9.B.34,4.A.1,GH1
4.C.1,4.C.1,GH24
3.A.1,1.B.14,FecR,Sigma70_r4_2|Sigma70_r2,CBM32,8.A.5
1.B.33,2.A.55,2.A.1,NUDIX,3.A.1,3.A.1,3.A.1,3.A.1,LacI|Peripla_BP_3,3.A.1,3.A.1,3.A.1,GH1,4.A.1,2.A.1
GH23,HhH-GPD,8.A.5,2.A.109,NUDIX,4.A.2
GH102,TetR_N,3.A.1,3.A.1,3.A.1,3.A.1,5.A.3
1.B.33,GT19
GH103,LysR_substrate|HTH_1,9.B.34
PL3_5,GH28,3.A.1,3.A.1,3.A.1
2.A.114,9.B.10,GH28,8.A.21
CE9,4.A.1
3.A.1,GH1,4.A.1,9.B.34,2.A.1,GH2,LacI|Peripla_BP_3,3.A.1,3.A.1,3.A.1,2.A.1,MASE1|HATPase_c,Response_reg|GerE,3.A.1,PL1_8,LysR_substrate|HTH_1,2.A.23,GntR,2.A.11,3.D.1,MCPsignal,2.A.108,2.A.108,3.A.1,2.A.7,LysR_substrate|HTH_1,2.A.23,3.A.1,PALP,2.A.13,1.B.17,3.A.1,3.A.1,1.B.14,1.B.14
2.A.1,MerR,GH1
1.B.14,9.B.12,2.A.47,GntR,9.B.34,Nitroreductase,3.A.25,3.A.1,3.A.1,3.A.1,2.A.122,1.E.14,GH12
3.A.1,1.B.17,1.E.33,GH23
3.A.1,3.A.1,3.A.1,2.A.7,1.B.6,2.A.1,2.A.66,GH19
4.A.3,4.A.3,LacI|Peripla_BP_3,3.A.1,3.A.1,3.A.1,CBM50
1.E.43,1.E.56,GH108
9.B.34,8.A.59,Response_reg|LytTR,2.A.1,9.B.1,PL22|PL22,HTH_IclR|IclR,2.A.3
3.A.1,2.A.7,2.A.23,1.B.35,3.A.1,3.A.1,3.A.1,3.A.1,PL2_2
8.A.21,3.A.7,LysR_substrate|HTH_1,2.A.17,HhH-GPD,3.D.6,3.D.6,3.D.6,3.D.6,3.D.6,3.D.6,HHA,3.A.1,HTH_18|AraC_binding,2.A.28,2.A.59,2.A.1,LysR_substrate|HTH_1,Fe_dep_repress,CbiA,2.A.1,Aminotran_1_2,GT81
2.A.1,TetR_N,CBM63
9.B.100,GH5_2|CBM3,3.A.1,3.A.1,3.A.1,3.A.1,3.A.1
3.A.1,2.A.86,4.A.1,GH13_31,GntR,4.A.1,GH4,3.A.1,3.A.1,3.A.1,3.A.1,3.A.1,Crp|cNMP_binding,Glucokinase,3.A.1,3.A.1,TetR_N,2.A.1,Pyr_redox_2,GH3,2.A.1,4.A.1
9.B.55,2.A.85,1.B.6,AA3_2,TetR_N,2.A.15
GT41,3.A.6,3.A.6,3.A.6,3.A.6,3.A.6,3.A.6,3.A.6,3.A.6
1.A.30,FlhC,FlhD,MCPsignal,9.B.34,GT84|GH94
3.A.1,4.A.1,GH13_29,3.D.1,3.D.1,3.D.1,3.D.1,3.D.1,3.D.1,3.D.1,3.D.1,3.D.1,3.D.1,3.D.1,3.D.1,3.D.1,LysR_substrate|HTH_1,Aminotran_1_2,HD,2.A.47
3.A.18,3.A.1,3.A.1,3.A.15,3.A.15,3.A.15,3.A.15,3.A.15,3.A.15,3.A.15,3.A.15,3.A.15,1.B.22,GH28,8.A.2,Aminotran_1_2,1.A.23,SpoVT_AbrB,2.A.50,LysR_substrate|HTH_1,AraC_binding,4.A.3,3.A.1,3.A.1,3.A.1,2.A.7,2.A.7,GT83,GT2
1.A.26,LacI|Peripla_BP_3,1.B.3,3.A.1,3.A.1,3.A.1,3.A.1,GH53,4.A.1,8.A.5,2.A.41,8.A.1,2.A.6,2.A.6,2.A.1
4.A.1,GH4
3.A.1,3.A.1,MCPsignal,Peripla_BP_2,2.A.113,2.A.1,Aminotran_1_2,CE12,CE8,3.A.23,2.A.21,GH23
3.A.1,3.A.1,GT51
3.A.1,GH28,GH105,2.A.2
1.B.52,9.B.34,3.A.15,9.A.4,1.B.52,2.A.1,4.C.1,GntR,4.A.3,GH1,4.A.3,4.A.3,3.A.1
GH32,2.A.1,LacI|Peripla_BP_3,3.A.1,3.A.1,3.A.1,GH105,SBP_bac_1,3.A.1,3.A.1,3.A.1
GH33,Fer4,2.A.7,2.A.7,LacI|Peripla_BP_3,4.A.7,4.A.7,4.A.7
CE11,GT28,2.A.103,9.B.146
3.A.1,3.A.1,GH43_9,ACT,9.B.34,1.B.42
GH23,3.A.1
PL1_3,PL1_3,PL1_3,PL1_2,3.A.1,3.A.1,3.A.1,3.A.1,3.A.1,NIR_SIR|NIR_SIR_ferr|Pyr_redox_2,3.A.1,3.A.1,3.A.1,3.A.1
1.B.22,GT51
2.A.6,GH77,DeoRC|HTH_DeoR,9.B.104,Rhodanese,DeoRC|HTH_DeoR,4.A.7,4.A.7,4.A.7,Glyoxalase,Pyr_redox_2,3.A.23
CBM48|GH13_9,9.B.33,2.A.95,2.A.8
3.A.1,3.A.1,3.A.1,3.A.1,3.A.1,3.A.1,3.A.1,2.A.3,GT26,9.B.128,GT56,2.A.66,Aminotran_1_2,GT0,9.B.146,3.A.6,1.I.1,2.A.21
GT2,GH8,1.B.20,1.C.75
3.A.1,3.A.1,3.A.1,3.A.1,3.A.1,2.A.24,Response_reg,HATPase_c|PAS|dCache_1,2.A.47,2.A.81,GH1,4.A.3,4.A.3,3.A.1,3.A.1,3.A.1,3.A.1,3.A.1,3.A.1
GH4,HTH_18|AraC_binding,EAL,1.B.6
3.A.1,3.A.1,3.A.1,2.A.46,HTH_3,3.A.1,3.A.1,3.A.1,SIS,PL9,3.A.2,3.A.2,3.A.2,3.A.2,3.A.2,3.A.2,3.A.2,3.A.2,1.A.77
