3.D.2,CBM32,2.A.1
9.B.34,Pyr_redox_2,Peripla_BP_1|Peripla_BP_3,3.A.1,3.A.1,GH15|CBM20,1.B.1,2.A.1
3.A.23,3.A.23,3.A.23,3.A.23,GH73
GT2,2.A.7,1.B.1,IclR|HTH_IclR,2.A.1,2.A.1
3.D.4,Aminotran_1_2,HTH_1|LysR_substrate,GT51,1.A.62,3.A.1,3.A.1,3.A.1,1.B.14,HTH_1|LysR_substrate,3.A.1,SBP_bac_1,1.B.1,Sigma70_r4,3.A.1,3.A.1,3.A.1
CBM50,1.B.14,GntR|Aminotran_1_2,3.A.1,3.A.1,3.A.1,3.A.1,HTH_1|LysR_substrate,2.A.1
9.B.160,Pribosyltran,Aminotran_1_2,9.B.97,GT4|GT4,1.B.1,9.B.126,3.A.16,3.A.23
GH3,2.A.1,HTH_IclR,2.A.1,Response_reg|HD,HATPase_c,2.A.1
4.D.3,GH8,1.B.55,CbiA,GT2,3.A.1,3.A.1,3.A.1,GerE|Autoind_bind,2.A.20,MarR|AsnC_trans_reg,2.A.76
1.B.22,3.A.6,3.A.6,3.A.6,3.A.6,TPR_3,1.C.36,1.C.36,GH23
2.A.1,AA3_2,TetR_N,GT1,2.A.1,GT2,1.B.17,8.A.1
3.A.3,GntR|Aminotran_1_2,3.D.1,1.A.46,9.B.44,2.A.55,AraC_binding,3.A.1,LysR_substrate,1.B.19,2.A.108,3.A.1,3.A.1,3.A.1,3.A.23,HTH_6,3.A.1,3.A.1,3.A.1,3.A.1,3.A.1,HTH_1|LysR_substrate,CBM50,HTH_1|LysR_substrate,1.B.1
GT51,TetR_N,3.A.1,3.A.1,2.A.6,Aminotran_1_2,2.A.3,MarR|AsnC_trans_reg,1.C.113,3.A.1
GT2,2.A.6,MCPsignal|dCache_1,4.C.1,GntR|cNMP_binding,2.A.6,2.A.6,2.A.6
GH37,2.A.1
GH68,GH32,8.A.1,1.B.17,GT2,2.A.1,GT1,3.A.23,3.A.23,3.A.23,3.A.23,3.A.23,3.A.23,3.A.23
3.A.1,3.A.1,HTH_1|TOBE,HTH_1|LysR_substrate,2.A.7,HisKA,9.A.40,GH13_10,HTH_18|AraC_binding,2.A.76
GT4,GT4,GT2,8.A.3,1.B.18,9.B.18
GH39,8.A.3,2.A.4
2.A.7,Response_reg|Trans_reg_C,2.A.21,2.A.108,1.I.1,SIS,9.B.52,GT2,GT0,HTH_1|LysR_substrate,2.A.109
GH73,3.A.23,3.A.23,3.A.23,1.E.43,3.A.23,1.A.30,3.A.23
GT2,1.E.52,3.A.7,Response_reg|CbiA,9.A.47,GntR,2.A.1
3.A.1,3.A.1,3.A.1,3.A.1,GntR,GT51,1.B.1,2.A.6,3.A.1,3.A.1,3.A.1,3.A.1,1.B.14,HTH_3,1.A.30,1.A.30,dCache_2|HATPase_c,GerE|Response_reg,9.B.34
3.A.15,3.A.15,3.A.15,1.B.22,GH23,9.B.10
AA3_2,3.A.1,3.A.1,3.A.1,3.A.1,3.A.1,3.A.1,3.A.1,3.A.1,CbiA,2.A.45,3.A.2,3.A.2,3.A.2,3.A.2,3.A.2,3.A.2,3.A.2,4.C.1,SBP_bac_3,3.A.11,3.A.1,4.C.1
AA10,AA7,1.B.52,1.B.48,2.A.76
1.A.8,GT4,FlhD,FlhC,1.A.30,1.A.30,Response_reg,H-kinase_dim|CheY-binding|HATPase_c|CheW,CheW,1.B.52
5.A.1,9.B.14,2.A.1,9.B.21,GT51,1.B.22,SKI,HD,3.A.1,3.A.1,3.A.1,3.A.1,GATase_2,Pyr_redox_2,2.A.25,2.A.1,3.A.1,3.A.1,3.A.1,3.A.1,STAS,3.A.1,3.A.1
GH0|GH19,3.A.23,3.A.23,TPR_1,3.A.23,3.A.23,3.A.23,3.A.23,1.B.6,3.A.23,3.A.1,3.A.1
9.B.146,2.A.103,GT28
CE11,3.A.5
9.B.27,GT107,GT4,1.B.18,GT4,GT4,GT4,3.A.1,3.A.1,8.A.4,9.A.41,CE11
9.B.18,1.B.18,8.A.3,GT0,GT4
GT2|GT2,3.A.1,3.A.1,3.A.1,GT0|GT2|GT4,GT4,GT2,9.B.146,9.B.18,9.B.146,GT4,GT9,GT30
1.A.43,9.A.4,PALP,GH23
2.A.49,GT9,2.A.1
2.A.106,2.A.40,2.A.1,TPR_1|TPR_2,3.D.1,3.D.1,HTH_1,GT25
GH103,3.A.1,3.A.1,3.A.1
GH3,3.A.23,GT104,4.F.1
GT20,3.A.1,GT4,Pyr_redox,3.A.1,CBM32,GT21,B12-binding,3.A.1,3.A.1,3.A.1
1.B.33,GT19,8.A.7,8.A.21,2.A.7
2.A.1,GntR,2.A.39,CE4,9.B.43,9.B.35,HTH_1|LysR_substrate,1.A.22,TPR_2,GT51
8.A.28,1.A.23,GT4
GT2,2.A.7,GT83
CBM50,Sigma70_r2|Sigma70_r3|Sigma70_r4,1.A.14
2.A.86,HTH_18|Peripla_BP_3,3.A.1,3.A.1,3.A.1,3.A.1,3.A.1,3.A.1,3.A.1,HTH_18,GerE,1.B.18,8.A.3,GT4,GT4,GT4,GT4,GT4,9.B.18
2.A.6,GH23,3.A.6,3.A.6,3.A.6,3.A.6,3.A.6,3.A.6,Response_reg|HisKA|HATPase_c,GerE|Response_reg,1.B.22
GH18,AAA,9.B.10,2.A.52
GH53,2.A.1,GH42,3.A.1,3.A.1,SBP_bac_1,3.A.1,3.A.1,1.B.40,HTH_18|Response_reg,2.A.53,2.A.1,TetR_N,4.C.1,3.A.23,9.A.47,3.A.7,3.A.7
GH39,2.A.1,CBS,9.B.126
2.A.1,HTH_1|LysR_substrate,GH24
CBM50,4.C.1,2.A.66
3.A.1,3.A.1,3.A.1,3.A.1,3.A.16,9.A.55,2.A.76,2.A.1,GH23,2.A.7,2.A.1
3.A.1,CBM32,HTH_1|LysR_substrate,9.B.18,1.B.1
1.A.12,GH87
GT4,TetR_N,2.A.1,3.A.9,2.A.7,Response_reg|Trans_reg_C,HisKA|HATPase_c,3.A.3,3.A.3,3.A.3
2.A.1,HTH_1|LysR_substrate,Sigma70_r2|Sigma70_r4_2,2.A.1,GT2,GT9,GT4,GT9,GT4,3.A.1,Rhodanese,1.I.1
GH15,TetR_N,3.D.6
2.A.1,GT20,3.A.1,3.A.1,HisKA|HATPase_c,Response_reg|Trans_reg_C,3.A.1,3.A.1,3.A.1,3.A.1,1.B.1,GH3,HTH_18,2.A.1
GT0,Pribosyltran,3.A.1,3.A.1,Rhodanese,1.B.52,Response_reg|HD,2.A.21
2.A.1,GT4,1.B.18,9.B.18
GH2,3.A.23,GT4,GT4,2.A.66,EAL|GGDEF,9.B.106
3.D.4,3.D.4,HTH_18,GH20,4.A.1,4.A.1,SIS,CE9
2.A.55,1.B.19,GT21,1.B.1,9.B.143,HTH_1|LysR_substrate,2.A.40,GH73
9.B.211,3.A.1,3.A.1,3.A.1,3.A.1,3.A.1,2.A.1,AAA,2.A.76,HATPase_c,GerE|Response_reg,2.A.3,3.A.1,3.A.1,GH42,SBP_bac_1,3.A.1,3.A.1
