3.D.1,9.B.20,GH23,3.A.25,9.B.106
1.B.23,3.A.1,GT4,GT4,GT1
2.A.109,GT2,9.B.142,3.A.1,4.C.1,4.C.1,4.C.1,3.A.3
3.A.1,3.A.1,GT2
2.A.103,FHA,GT4,GT4,HNOB,2.A.114,1.A.77,3.A.2,3.A.2,3.A.2,3.A.2,3.A.2
GT76,9.B.142,GT83,CE4,TPR_2|TPR_1,2.A.38,2.A.38,cNMP_binding,GH57
3.A.2,1.A.23,CBM48|GH13_9,2.A.64,3.E.2,1.B.33,GT0,2.A.21
3.A.1,3.A.1,GT2,2.A.7,SIS,GT4,GT2,GT4,GT4,5.A.1,5.B.4,5.B.4
9.B.34,HATPase_c|HisKA,GT4,SLH
3.D.1,CBM50,1.A.23,9.B.106,Aminotran_1_2,HisKA|HATPase_c|PAS|Response_reg,CBS|HATPase_c|PAS,9.B.142,8.A.5
3.A.1,3.A.1,3.A.1,3.A.9,3.A.1,3.A.1,GT28,GT4,GT2,3.A.1,GT2,GT2,3.D.1,3.D.9
GH104,3.A.9,8.A.28,1.E.40
2.A.16,GH13
3.A.1,GT4
3.A.1,GH3
2.A.21,1.C.39,GH73
9.B.51,2.A.77,3.A.1,GH57,2.A.37,2.A.4,2.A.21,9.B.34
2.A.21,9.B.174,GT2,GerE|Response_reg,3.D.1
9.A.25,1.B.14,3.D.9,GH100
3.A.3,9.B.106,GT2
3.A.1,GT4,PIG-L,GT4,GT4
GH13,9.B.126
GT39,HATPase_c|HisKA,Trans_reg_C|Response_reg,2.A.6,2.A.6,8.A.7,3.A.16
3.E.2,TPR_2,2.A.106,9.A.61,ATPase_2|TPR_1,GH13_20
3.A.1,3.A.1,GT2
3.A.1,3.A.1,3.A.1,ACT,8.A.3,Aminotran_1_2,PIG-L,9.B.18,GT4,9.B.18,3.A.1,3.A.1,HATPase_c|MASE1|HisKA,HTH_DeoR,9.B.34
GT4,2.A.16,4.C.1,9.A.25,3.A.1,4.C.1,4.C.1
8.A.58,9.B.73,HTH_3,CE4
GH38,3.A.9,9.B.27,9.B.27,Pyr_redox_2,3.A.1,3.A.1,3.A.1,TetR_N,1.E.43,GH116,GT21,3.A.1
2.A.66,GT94,PALP,1.A.25
2.A.50,3.D.1,GT4,GH1,GH43_32
3.A.1,3.A.1,3.A.1,Glyoxalase,MerR|GyrI-like,GT51,9.A.61
2.A.49,GT2,3.A.1
GT4,2.A.66,GT2,GT2,9.B.18,STAS,SpoIIE|Response_reg,GAF|Response_reg|HATPase_c|PAS|HNOBA|HisKA,2.A.21,Response_reg,8.A.59
GT2,GT4,GT2,GT2,GT2,GT2,3.A.1,8.A.3,GT4,GT2,GT8,9.B.106
2.A.19,9.B.106,GT4
5.B.3,3.A.1,3.A.1,3.A.1,GerE,9.B.102,HATPase_c|HisKA,Trans_reg_C|Response_reg,1.E.40,1.A.26,GH100,9.B.145,1.A.23,3.A.3
GH102,2.A.36,9.B.1,3.D.4,3.D.4,3.D.4
GT51,2.A.21,TetR_N,2.A.6
GT26,8.A.3,GT2,GT4,GT14,GT2,GT4,GH74,GT2,1.E.40
9.B.106,GH102,5.A.1,3.A.1
9.A.25,2.A.1,2.A.7,3.A.1,HEAT_PBS,Fer4,3.D.10,3.A.1,TPR_1|TPR_2,GT2
GT83,1.A.8,GH0,3.A.1,9.B.10,9.B.10,9.B.146,5.B.4
2.A.1,2.A.7,HEAT_PBS,Pyr_redox_2,GT41,GT41,GT4,9.B.106
3.D.4,3.D.4,3.D.4,GT4,3.A.1,ATPase_2,Pkinase,1.B.23,ATPase_2,1.E.43,Aminotran_1_2,1.A.1
3.A.9,GT94
GT2,4.D.1,9.B.150,3.A.5,SpoIIE,9.B.18,GT4,4.F.1
GH2,3.A.11,3.A.15,3.A.15,1.A.33,GH57,3.A.1
9.B.149,9.B.174,3.D.3,3.E.2,GT4
2.A.37,CE9
3.A.1,Response_reg|HATPase_c|HisKA,GT83,9.B.34,GAF|HisKA|HATPase_c|PAS|Response_reg,3.A.1,3.A.1,3.A.1,3.A.1
GH73,PadR,3.A.1,3.A.1,3.A.1,3.A.7
GT4,8.A.59,1.B.33,CE11,GT19
9.B.146,GH24
GT2,GT4,3.A.1,GT4,GT10
GT8,ACT,3.A.1
GH0,GAF|HATPase_c|HisKA,5.B.4
2.A.1,MarR,GT83,Fer4|HTH_3,Fer4,3.D.4,3.D.4,3.D.4
1.B.23,Glycos_trans_3N,3.A.1,GT26
GT4,GT4,8.A.3,GT4,GT2,3.D.10,3.D.1
2.A.20,NUDIX,GH77
2.A.6,2.A.6,GT2,1.C.82,8.A.1,3.A.9
9.B.160,GT9
3.A.1,3.A.1,9.B.99,GT21,GT21,GT4
GH65,GT4,2.A.21,1.B.20
3.A.1,3.A.1,3.A.1,3.A.1,9.B.105,GT51,Pribosyltran,3.A.1
GT5,3.A.15,Peptidase_M23,GT5,9.A.25
3.A.1,2.A.7,1.I.1,GH13,3.A.1
3.A.1,3.A.1,1.E.43,TPR_1,3.A.1,3.A.1,GT2
3.D.1,3.D.1,3.D.1,3.D.1,8.A.3,GH0
3.A.9,2.A.1,GT4,3.A.1
