GT4,GT4,9.B.143,CBS,GH1,GH1,TetR_N,3.A.1,2.A.69
CBM50,3.A.1,3.A.1,3.A.1,3.A.1
3.A.1,GT51,1.A.22
GT4,GT2,3.A.1,GT2,GT2
GH73,3.A.7
GT51,GerE,Sigma70_r4_2,2.A.3
2.A.86,9.A.40,4.A.6,4.A.6,4.A.6,GH13_31,HTH_6|SIS,HTH_DeoR|DeoRC,PfkB,4.A.2
3.A.1,Trans_reg_C|Response_reg,HATPase_c|HisKA,1.A.11,GT28,3.A.1,3.A.1,3.A.1,3.A.1,3.A.1
4.A.3,GH1,9.B.105,3.A.1,Sigma70_r4_2,Sigma70_r4_2,3.A.1,3.A.1
4.A.3,Sigma70_r4_2,GT51,Sigma70_r4_2,NUDIX,2.A.1,2.A.1,2.A.4,HTH_5,GH13_39,CBM48|GH13_9,GT5,Pyr_redox_2,3.A.1,2.A.4,3.A.1,3.A.1,EPSP_synthase,GntR,4.A.3
2.A.40,GT0,Sigma70_r4_2,GT2,Sigma70_r4_2,GH8
3.A.1,3.A.1,HTH_18|AraC_binding,4.A.1,GH13_29
1.A.14,4.A.6,4.A.6,4.A.6,HTH_1|LysR_substrate,1.A.78,Fer4,3.A.1,3.A.1,3.A.1,CBM34|GH13_20,GH13,GH13_31,GH13_31,GH65
3.A.1,3.A.1,3.A.1,3.A.1,3.A.11,2.A.72,LacI|Peripla_BP_3,GH32,4.A.1
3.A.1,3.A.1,3.A.1,GH42
4.A.3,Sigma70_r4_2,4.A.3,GH1
GH36,4.A.7,4.A.7,4.A.7,HTH_18|AraC_binding,3.A.1,Sigma70_r4_2,3.A.1,GH13_18,2.A.50,4.C.1
GT2,Pyr_redox_2,Trans_reg_C|Response_reg,HATPase_c|HisKA,1.A.8
3.A.2,3.A.2,3.A.2,3.A.2,CE1,3.A.11,Sigma70_r4_2,HTH_3,1.A.33
1.C.39,PfkB,CE9,SIS,GntR,4.A.6,4.A.6,4.A.6,4.A.6
GT4,3.A.1,3.A.1
4.A.1,2.A.87,2.A.9,GH29,GH29,GH1,GH92,GH38,GH125,GH20,SBP_bac_1,3.A.1,3.A.1,3.A.1,3.A.1,3.A.1
GH77,3.A.18
4.A.3,4.A.3,GH1,3.A.1
