CE5,TetR_N,9.B.34
3.A.9,2.A.1,TetR_N,GH76,2.A.33,9.B.27,2.A.4,9.B.34,2.A.6
2.A.21,Response_reg|Trans_reg_C,GT2
2.A.39,CE4,2.A.20,Glyoxalase,4.C.1
4.C.1,GT4,GH130,2.A.6,8.A.35
9.B.106,GT51
CE1,GT35,GGDEF|MASE1,2.A.6
1.A.35,GT4
GH38,3.A.1
CE5,2.A.1
CE5,CE5,CE5,2.A.7,3.A.24,3.A.24
3.B.1,8.A.3,PL12_3
CE1,8.A.59,GT1
2.A.3,Peripla_BP_2,3.D.4,ACT,GntR|Aminotran_1_2,2.A.115,3.A.1,NUDIX,2.A.25,GT4,GH57
3.A.12,4.F.1,HTH_3,GT1
3.A.1,3.A.1,SBP_bac_1,MerR|TOBE,3.A.1,3.A.1,3.A.1,3.A.1,Peripla_BP_3|LacI,GH13_30
1.B.77,8.A.5,4.F.1,GT4
3.A.1,HTH_11|PadR,3.A.1,GH16_3,3.A.1
GH13_10,GH13_26,CBM48|GH13_11,9.B.97
GH13_20,CE1,3.A.16
CE4,Pyr_redox_2,3.A.9
2.A.1,GH77
CE5,2.A.7,TetR_N,2.A.1
3.A.1,3.A.1,3.A.1,Trans_reg_C,GT2
2.A.80,2.A.80,HATPase_c|PAS,Response_reg,CBM2|CBM2|GH5_1
GT28,2.A.103,9.B.146
9.B.106,GT87,2.A.59,4.C.1,GT4
3.D.4,9.B.62,GH23,2.A.1
3.A.1,3.A.1,3.A.1,3.A.1,1.E.22,GH15
3.D.1,GT1,GT1
8.A.7,GH65,Pyr_redox_2|Fer4,Fer4,3.A.1,3.D.7,3.D.1
9.B.149,GH23
GT83,GT2,GT83,HATPase_c|HisKA,Response_reg|Trans_reg_C,3.A.1,3.A.1,3.A.1,3.A.1
1.A.35,3.A.1,CBS,GH23,3.A.1
3.A.1,9.B.110,GT5,GT81,4.C.1,3.A.1
5.A.3,5.A.3,5.A.3,2.A.1,NUDIX,GT87
1.C.113,CE14
GH23,2.A.108,2.A.108,2.A.108
3.A.1,3.A.1,4.C.1,GH23
GT1,2.A.1
2.A.1,CSD,9.B.55,GH23|CBM50
GT2,2.A.3
4.C.1,HATPase_c|HisKA,Response_reg|Trans_reg_C,GH13_33
GT20,3.A.1,3.A.1,3.A.1,3.A.1,3.A.1,4.C.1
GT4,GT4,GT4,2.A.66
2.A.89,5.A.1,Penicillinase_R,5.A.1,CE1,2.A.3
3.A.1,GT2
GT85,GT53,GT53,GT53,1.A.10,9.B.106,3.B.1,CE5,CE1,CE1,GT89,GT2
CBM48|GH13_11,3.A.1
2.A.1,GH65,9.B.104
2.A.102,TetR_N,Rhodanese,GH6,2.A.79,2.A.1,3.A.1,TetR_N,9.B.51
3.A.3,2.A.4,3.A.1,GntR,3.A.1,3.A.1,SBP_bac_3,Hemerythrin,CE1
2.A.8,PL1_2
3.A.1,3.A.1,MarR,GH63
