2.A.81,9.B.51,PALP,2.A.8,LysR_substrate|HTH_1,GH5_25,2.A.1,2.A.7
2.A.1,2.A.1,2.A.1,4.A.3,GH1,4.A.3,4.A.3,Peripla_BP_3|Peripla_BP_1|LacI,3.A.1,2.A.7
GH31,2.A.40,2.A.27
GT30,GT4,GT8,GT8,GT8,GT9,GT2,9.B.67,GT9,GT9,Aminotran_1_2,GT2,1.A.34
2.A.1,GntR,2.A.14,4.A.2,9.B.32,8.A.1,9.B.32,8.A.1,LysR_substrate|HTH_1,9.B.99,GH127,2.A.2,AraC_binding|HTH_18,Fer4,Aminotran_1_2,GH13_19,GH73,Peripla_BP_3|HTH_18,9.B.44,9.B.97
2.A.1,PfkB,Peripla_BP_1|LacI,9.B.186,5.A.3,2.A.1,3.A.1,3.A.1,3.A.1,3.A.1,3.A.1,3.A.23,2.A.42,Aminotran_1_2,EAL|GGDEF,2.A.23,PfkB,EAL,9.B.121,2.A.1,9.B.126,LysR_substrate|HTH_1,GerE|Response_reg,GH24,GH37
2.A.6,GT2
2.A.8,2.A.95,CBM48|GH13_9,CBM48|GH13_11,GT5,GT35,Rhodanese,9.B.104,HTH_DeoR|DeoRC,GerE,GT35,GH77,2.A.8,9.A.8,9.A.8,9.A.8,Response_reg|Trans_reg_C,2.A.21,HTH_3,9.B.65,NUDIX,GT51,1.B.22
9.B.13,GerE,2.A.7,3.D.10,3.D.10,2.A.3,1.A.23,2.A.25,CBM50
9.A.40,GH5_13,2.A.2
GH13_29,4.A.1,Peripla_BP_3|LacI,3.A.3,2.A.56,2.A.56
4.B.1,3.A.1,GH23
9.B.146,2.A.103,GT28,CE11,3.A.5,NUDIX,3.A.15,3.A.15,9.B.125,GH43_26,2.A.2,2.A.3
GT51,1.B.14,3.A.1,3.A.1,3.A.1,2.A.49,1.A.62,3.A.1
1.B.33,GT19
3.A.1,3.A.1,3.A.1,LysR_substrate|HTH_1,2.A.1,GH23
1.A.104,3.A.6,3.A.6,3.A.6,3.A.6,3.A.23,3.A.6,GT9,GT80
1.B.14,Fer4,9.B.34,2.A.76,3.A.23,Citrate_synt,4.C.1,2.A.1,GH2,Peripla_BP_3|LacI,HTH_18,1.B.20,1.C.75,1.C.75
2.A.1,Response_reg|Trans_reg_C,HisKA|HATPase_c|PAS,2.A.26,2.A.3,CBM34|GH13_21,3.A.5,2.A.6,2.A.6,1.B.10
GT2,5.A.3,5.A.3,2.A.21,Response_reg|Trans_reg_C,1.B.17,2.A.6,2.A.6,2.A.6
CE9,4.A.1,1.B.25
3.A.1,TOBE|HTH_1,2.A.6,3.A.1,3.A.1,3.A.1,LysR_substrate|HTH_1,2.A.47,CE8
3.A.1,3.A.1,3.A.1,3.A.1,GT35
1.A.14,3.A.1,GT2,8.A.5,2.A.1,Peripla_BP_3|LacI,2.A.35,Aminotran_1_2,2.A.6,8.A.1,5.A.2,5.A.1,AA6,TetR_N,2.A.21,2.A.108,2.A.108,2.A.108,1.B.48,1.B.48,1.B.48
GT2,2.A.1
GH73,2.A.1
1.B.1,HD,2.A.7,GerE,3.A.6,3.A.6,3.A.6,3.A.6,3.A.6,3.A.6,3.A.6,3.A.6,9.B.102,GH13_5
1.A.72,HMA,2.A.42,2.A.1,3.A.1,3.A.1,3.A.1,GT20,FlhD,FlhC,1.A.30,1.A.30,CheW|H-kinase_dim|CheY-binding|HATPase_c,CheW,2.A.23,1.B.52,CheR_N|CheR,Response_reg|CheB_methylest,Response_reg,CheZ,3.A.6,3.A.6,2.A.2,GH105,9.B.158
3.A.1,3.A.1,3.A.1,CBM50
1.B.14,GH3
1.E.43,1.E.56,GH19
1.B.12,GT0,PapB,1.B.14,3.A.1,3.A.1,3.A.1,3.A.1,3.A.1,3.A.1,2.A.76,9.B.2,3.D.1,1.E.43,9.B.34,2.A.1
4.A.3,4.A.3,4.A.3,AraC_binding|HTH_18,GH4,CE0,2.A.23
2.A.1,2.A.1,GH3,2.A.86
1.B.11,4.A.2,GH37,1.E.43,GH23,2.A.36,Pyr_redox,GntR,2.A.34,5.A.2
GT4,2.A.66,Aminotran_1_2,5.B.1
GT4,2.A.66,9.B.18,GT4,NUDIX,GT2,GT4,GT2,8.A.3,1.B.18,2.A.109,9.B.22,9.B.34,AlkA_N|HhH-GPD,8.A.1,2.A.6,2.A.6,2.A.1,HisKA|HATPase_c,Response_reg|Trans_reg_C,3.A.9,CSD,3.A.1,3.A.1,1.A.8,2.A.124
2.A.113,1.B.11,3.A.1,LytTR|Response_reg,9.B.33,MerR,3.A.1,3.A.1,3.A.1,3.A.1,GH3,9.B.29,9.B.27,1.B.17,1.E.14,2.A.122,9.B.114,Pyr_redox_2,Fer4,3.A.1,3.A.1,3.A.1,Peripla_BP_3|LacI,9.B.169,1.B.14,2.A.3,LysR_substrate|HTH_1,2.A.98,4.A.2,PfkB,4.A.2,2.A.1,5.A.3,5.A.3,GntR|Aminotran_1_2,3.A.7,EAL,3.A.1,3.A.1,3.A.1,3.A.1,2.A.1
2.A.1,Fer4,1.B.68,NUDIX,Aminotran_1_2,GT2,GT83,2.A.7,2.A.7
3.D.1,3.D.1,3.D.1,3.D.1,3.D.1,3.D.1,3.D.1,3.D.1,3.D.1,3.D.1,3.D.1,3.D.1,3.D.1,LysR_substrate|HTH_1,Aminotran_1_2,HD,2.A.47,2.A.118,NUDIX,1.A.12,3.A.1,3.A.1,3.A.1,3.A.1,3.A.1,Peripla_BP_3|LacI,2.A.2,GH127,Pribosyltran,9.B.160,9.B.27,2.A.1,2.A.102
1.B.33,ACT,9.B.156,9.A.5,2.A.86,2.A.40,Pribosyltran,GH1
3.A.23,HisKA|HATPase_c,GH23,4.A.1
CE9,2.A.1,2.A.1,PALP,3.A.23,HTH_18,2.A.35,Aminotran_1_2,2.A.53,GT4,GT4
3.A.1,3.A.1,3.A.1,2.A.1,2.A.78,2.A.78,MarR,8.A.1,2.A.1,GH3,1.B.15,2.A.2,9.B.27
GH103,4.A.4,4.A.4,4.A.4,HTH_DeoR|DeoRC,CBS|SIS,3.A.23,Pyr_redox_2,5.A.3,Peripla_BP_3|LacI,4.A.1,GH1,3.D.1,3.D.1,3.D.1,3.D.1,3.D.1,3.D.1
GH102,3.A.7
4.A.2,NUDIX,2.A.109,8.A.5,2.A.1,4.C.1,Peripla_BP_3|LacI,3.A.1,LysR_substrate|HTH_1,AraC_binding,3.A.1,3.A.1,3.A.1,3.A.1,2.A.1,PL22|PL22,PL0,LysR_substrate|HTH_1,2.A.117,2.A.42,2.A.113
8.A.28,LysR_substrate|HTH_1,GT2,CE4|GH153,1.B.55,1.B.54,1.B.12
1.C.113,HTH_6|SIS,GH1
GH23,2.A.1,9.B.120,3.A.23,3.A.23,3.A.23,3.A.23,3.A.23,3.A.23,3.A.23,3.A.23,3.A.23,3.A.23,3.A.23,3.A.23,3.A.23
GH88,2.A.1,GH154
1.B.52,Peripla_BP_3|LacI,GH2,2.A.3,GH63,Pyr_redox_2,2.A.109,2.A.23,2.A.1,GntR,9.B.27,1.E.34,9.B.124,LysR_substrate|HTH_1,2.A.42,2.A.42,PALP,LysR_substrate|HTH_1,2.A.1,3.A.1,3.A.1,3.A.1,3.A.1,Glucokinase,HTH_DeoR|DeoRC,HTH_DeoR|DeoRC,4.A.6,4.A.6,4.A.6,4.A.6,CE9
3.A.1,3.A.1,3.A.1,3.A.1,3.A.1,2.A.19,CBS|SIS,1.B.42,1.B.42,1.B.42,4.A.2,8.A.8,GT51
8.A.1,2.A.6,3.A.1,3.A.1,3.A.1,3.A.1,HATPase_c|dCache_1|PAS,Response_reg,2.A.13,2.A.2,GH4,HTH_18,HTH_18,2.A.3,Response_reg|Trans_reg_C,HisKA|HATPase_c,2.A.1,2.A.10,Glyoxalase,3.A.1,3.A.1,3.A.1,GntR,3.A.1,3.A.1
9.B.21,HEM4,TPR_2,2.A.3,GT26,9.B.128,GT56,2.A.66,Aminotran_1_2,GT0,9.B.146,3.A.6,1.I.1
