2.A.38,3.A.6,3.A.6,3.A.6,3.A.6,Rhodanese,Aminotran_1_2,TetR_N,GT30,GT9,GT25,2.A.95,3.A.15,1.B.22,3.A.15,3.A.15,3.A.15,3.A.15,3.A.15,3.A.15,1.B.52,NUDIX,2.A.1,Rhodanese,1.A.4,TetR_N,9.A.40
4.C.1,GH125
2.A.66,2.A.38,2.A.38,CBM50,3.A.11
1.A.23,2.A.25,9.B.169,GerE|Response_reg,2.A.7,TPR_1,2.A.19,GT51,3.A.11,1.B.22
2.A.42,2.A.35,1.C.36,Pribosyltran,3.A.1,3.A.1,2.A.28,CBM50
1.B.14,Pyr_redox_2,GT51
GH103,2.A.103
2.A.47,2.A.80,1.B.5,2.A.80,LysR_substrate|HTH_1,3.A.1,3.A.1,2.A.7,1.B.14,GH13_27,LacI|Peripla_BP_3,GH13_2,2.A.2,GH31,GH13_38,1.B.14,GH13_23
1.B.14,CBM50,1.A.62,1.B.14
GT4,Aminotran_1_2,9.B.18,9.B.18
1.B.33,GT19
CE9,2.A.1,1.B.14
9.B.34,1.B.39,LysR_substrate|HTH_1,GH3
4.C.1,CbiA,GH103,5.A.2,2.A.34
GH73,1.B.52,2.A.35
2.A.6,8.A.1,1.A.1,IclR|HTH_IclR,CE9
1.B.52,GT83,GT2,3.D.5,3.D.5,3.D.5,3.D.5,3.D.5,3.D.5,3.D.5,3.A.1,3.A.1
8.A.51,1.B.52,9.A.5,cNMP_binding|CBS,2.A.15,MarR,AA3_2
2.A.35,GT1
2.A.66,1.A.4,2.A.37,3.A.5,1.A.34,CE11,GT28,2.A.103,9.B.146
