1.A.1,GT35,2.A.37
GT2,GT4,3.A.1,GT4,GT4,GT4
9.A.40,GT26
GH38,2.A.64
3.D.3,GH23,9.B.67
5.B.4,5.B.4,AraC_binding,2.A.6,GT2
9.B.174,3.E.2,3.E.2,GH100,5.B.4,2.A.16,GH13_16,HisKA|HATPase_c|dCache_1,GerE|Response_reg,GH13_20,2.A.53,Glyoxalase,3.A.1,3.A.1,3.E.2
3.A.16,2.A.9,8.A.21,2.A.7,GT4,GT83,9.B.100
GT2,2.A.7,HisKA|HATPase_c,3.A.1
1.B.23,GT4,9.B.18,9.B.125
GH116,HTH_18,3.A.16
3.D.1,Glucokinase,GH104,2.A.4,3.E.2
GH57,3.A.1,3.A.1,3.A.1
3.A.1,3.A.1,GT2
3.A.16,CBM50,9.B.73
GT20,3.A.1,3.A.1,3.A.1,3.A.1
3.A.1,GH104
9.B.18,4.D.1,GT4,GT4,3.A.1,1.B.18,8.A.3
3.A.9,GH23
2.A.25,3.A.1,GT60
3.A.1,GH57
4.C.1,GT4
4.D.1,GT2
GH13_11,2.A.2,3.A.1
9.A.41,GT107|GT107
1.E.34,GT19,9.A.4,3.A.1
GT0,9.B.142,PALP,1.B.23,1.B.23,GT83,GT2,3.E.2,3.A.1,Response_reg|Trans_reg_C,3.A.3
2.A.86,CE9
GH13_18,GT81,3.A.1,3.A.1,3.A.1,3.A.1,3.A.1
