2.A.1,Nitroreductase,GH5_29
GT2,GT89,CE1,CE1,CE5,3.B.1,MarR,GT53,GT85,GT2,HTH_8|GAF,GT2,3.A.1
1.A.43,GT51
3.A.1,GT2,GT2,GT2,MarR,2.A.1
GH43_3,9.B.106,2.A.1
3.A.1,3.A.1,3.A.1,3.A.1,3.A.1,GT20,2.A.79
AA3_2,2.A.15,4.C.1,3.A.3
GT39,GH23|CBM50,3.A.1
2.A.7,SBP_bac_5,SBP_bac_5,3.A.1,3.A.1,3.A.1,9.A.25,TetR_N,GH3,TetR_N,GH23
2.A.1,GT87,3.A.1,3.A.1,3.A.1,SBP_bac_5,CE14
2.A.1,2.A.3,GT81
3.A.1,GH23,1.A.26
3.A.1,2.A.1,TetR_N,4.C.1,1.I.1,GH23,9.B.10,2.A.16,3.D.2,3.D.2,3.D.2,2.A.1,2.A.1
GH31,Aminotran_1_2,2.A.1,HTH_IclR,GH79
GT2,1.A.78
3.A.1,3.A.1,3.A.1,3.A.1,GT1,2.A.88,3.A.1,HTH_3,4.F.1,2.A.109,3.A.12
3.A.1,CBM48|GH13_9
GT28,2.A.103,Pyr_redox,9.B.146
4.C.1,GT4
GT2,9.B.51,2.A.1
3.A.1,1.E.22,GH15,3.A.11
GH15,3.A.1,3.A.1
CE1,3.A.1,3.A.1
5.A.1,5.A.1,Peptidase_M23,CE1
2.A.6,Pyr_redox,CE1,3.A.1,3.A.1
3.A.1,Pkinase,CE1
4.C.1,CbiA,Peripla_BP_2,3.A.1,3.A.1,3.A.1,CE1,9.B.27,9.B.27,GH76
9.B.176,2.A.86,GT2,GerE,2.A.116,2.A.53
2.A.15,GT4,GH0
3.A.1,GntR,3.A.1,2.A.7,2.A.7,CE4,GT28,Response_reg|GerE,2.A.1
GT2,2.A.59
GT51,PadR,2.A.1,GH5,3.A.1,3.A.1,3.A.1,3.A.1,HTH_3,GT85,MarR,2.A.1
