GT51,1.B.22
GT1,LysR_substrate|HTH_1,4.C.1
GT51,1.A.11,3.A.1,3.A.1,3.A.1,GH94,GH20,GH9,3.A.1,3.A.1,3.A.1,3.A.1,3.A.1,HATPase_c|Response_reg|HisKA|PAS,2.A.86,Aminotran_1_2,2.A.6,2.A.6,1.A.34,1.A.26,1.B.1,3.A.16,3.A.5
9.B.34,1.I.1,2.A.26,3.A.23,8.A.5,NUDIX,8.A.7,2.A.102,2.A.58,LysR_substrate|HTH_1,HTH_5,2.A.66,9.B.105,2.A.114,SIS,GH3,LytTR|Response_reg,9.B.33,3.A.1,GH23,Trp_repressor,9.B.34,SBP_bac_1,GH23,1.B.33,3.A.9,3.A.1,3.A.1,Nitroreductase,2.A.1,3.D.5,3.D.5,3.D.5,3.D.5,3.D.5,3.D.5,3.D.5,GGDEF|CHASE4,2.A.22
1.B.33,GT19
GH20,3.A.3,1.B.6
4.C.1,2.A.98,2.A.1,GH23
2.A.6,2.A.6,HATPase_c|HisKA,Response_reg|Trans_reg_C,9.B.105,GT9,1.I.1,2.A.119,Sigma70_r4_2|Sigma70_r2,GerE|Response_reg,HATPase_c|HisKA,5.A.3,5.A.3,5.A.3,9.B.34,Aminotran_1_2|GntR,3.D.4,2.A.7,2.A.37,2.A.37,2.A.1,4.C.1,2.A.1,3.A.1,3.A.1,3.A.1,1.B.14,3.A.1,LacI|Peripla_BP_1,GH1,PfkB,3.A.1,3.A.1,3.A.1,3.A.1,TetR_N,1.B.17,2.A.1,2.A.1,GyrI-like|HTH_18,1.B.14,Response_reg|Trans_reg_C,HisKA,4.A.1,LacI|Peripla_BP_3,GH32,EAL,1.B.3,PfkB,2.A.7,2.A.6,GT2
3.A.7,GGDEF,GT5,LacI|Peripla_BP_3,5.A.3
2.A.117,1.A.16,3.A.1,5.B.5,5.A.3,SBP_bac_3,GH36,2.A.119,3.A.1,3.A.1,3.A.1,3.A.1,3.A.1,3.A.23,9.B.100,PspC,2.A.6,8.A.1,2.A.6,5.A.1,Aminotran_1_2,2.A.22,2.A.6,3.A.1,3.A.1,3.A.1,3.A.1,3.A.1,2.A.42,9.B.34,CSD,2.A.15
GH2,3.A.1,3.A.1,3.A.1,2.A.80
5.A.3,5.A.3,1.A.11,3.A.1,3.A.1,3.A.1,3.A.1,3.A.1,GH73
9.B.34,zf-GRF,CBM41|GH13_13|GH13_37
GH129,3.A.1
2.A.1,3.A.1,3.A.1,3.A.1,2.A.41,LysR_substrate|HTH_1,GH103
2.A.56,2.A.56,2.A.56,CE9,3.D.6,3.D.6,3.D.6,3.D.6,3.D.6,3.D.6,HhH-GPD,Glyoxalase,1.A.30,2.A.8,Pribosyltran,9.B.160
4.A.1,CE9,MarR,2.A.37,2.A.17
GT4,9.B.18
8.A.3,1.B.18,1.B.14,GH13_29,4.A.1,LacI|Peripla_BP_3,3.A.1,3.A.1,3.A.1,TPR_1,9.B.34
GH23,LysR_substrate|HTH_1,2.A.68
2.A.25,LysR_substrate|HTH_1,2.A.1,2.A.28,2.A.96,GH19
2.A.1,Sigma70_r4|Sigma70_r2,1.B.10,3.A.16,GH102,3.A.7
3.A.1,1.A.62,Glyoxalase,LysR_substrate|HTH_1,2.A.102,NUDIX,3.A.5,CE11,GT28,2.A.103,9.B.146
1.A.12,3.D.3,3.E.2,9.B.160,3.A.5,9.B.14,9.A.40,GH23,9.B.27,3.B.1,3.B.1
GH23,1.B.52,1.B.42
CBM50,Fer4,2.A.47,1.B.52
GT4|GT2,3.A.1
3.A.11,CBM50,2.A.38,2.A.38,1.C.113
3.A.1,3.A.1,3.A.1,AA3_2,TetR_N,LysR_substrate|HTH_1,2.A.1,HTH_11|AsnC_trans_reg,9.B.34,2.A.7,9.B.4,Pyr_redox_2,3.A.1,3.A.1,3.A.1
1.B.14,LexA_DNA_bind|HTH_18,PAS,1.B.52,GT83,GT2
GT83,8.A.21,8.A.21
1.A.16,2.A.1,2.A.6,2.A.6,9.B.18,1.B.18,8.A.3,GT2,GT4,GT4,Fer4,1.A.8
GH18,9.B.34,2.A.6,2.A.6
2.A.40,CE4,GntR,2.A.39,SBP_bac_3,3.A.1,3.A.1,3.A.1,SIS|HTH_6,2.A.28,3.A.9,9.B.43,9.B.35,9.B.35,3.A.1,3.A.1,3.A.1,TetR_N,9.B.34,9.B.34,3.D.2,3.D.2
2.A.6,2.A.6,2.A.6,Response_reg|Trans_reg_C,HATPase_c|HisKA,CBM4|GH9,LacI|Peripla_BP_3,GH116,GH94,3.A.1,GH1,3.A.1,3.A.1
GH3,HTH_18,3.A.1,3.A.1,3.A.1,3.A.1,AraC_binding|HTH_18,3.A.1,LysR_substrate|HTH_1,GerE|Response_reg,HATPase_c|dCache_2,2.A.56,2.A.56
1.B.52,MarR|AsnC_trans_reg,2.A.1,1.B.52,2.A.13,LytTR|Response_reg,9.B.33,8.A.5,HTH_3,GH13_19,CBM5,1.B.39
3.A.1,3.A.1,EAL,GT51,Aminotran_1_2|GntR,2.A.102
9.B.34,3.A.23,2.A.41,GH13_27
3.A.23,HATPase_c|PAS|HisKA,AA10|CBM5,1.B.52,9.B.34,2.A.1,LysR_substrate|HTH_1,LacI|Peripla_BP_3,PfkB,3.A.1,3.A.1,3.A.1,3.A.23,3.A.23,3.A.23,3.A.23,3.A.23,3.A.23,3.A.23,3.A.23,3.A.23,3.A.23,3.A.23,3.A.23,3.A.23,3.A.23,3.A.23,MarR|AsnC_trans_reg,MarR,2.A.4,TetR_N,2.A.53
2.A.61,1.C.14,CE16,LysR_substrate|HTH_1,3.A.1,3.A.1,3.A.1,3.A.1,1.B.14,HTH_3,1.B.52
3.A.1,2.A.7,2.A.1,LysR_substrate|HTH_1,9.B.34,CBM50,2.A.53,9.A.5,9.B.34,3.A.1,3.A.1,3.A.1,SBP_bac_1,1.B.52,1.I.1
2.A.27,2.A.23,1.B.3,GH13_11,3.A.1,3.D.1,HTH_IclR|IclR,1.B.52,3.A.1,GntR,GH18,8.A.59,2.A.47
3.A.23,CBM48|GH13_9,GH77,GT35,GerE,3.D.4,3.D.4,3.D.4,3.D.4,1.B.52
2.A.7,HTH_IclR|AsnC_trans_reg,GerE,PL22|PL22,2.A.21,2.A.66,PL2_2,3.A.1,3.A.1,3.A.1,3.A.1,1.B.35,PL9,1.B.52,CE8
