3.A.7,1.A.22,GH1,4.A.3,4.A.3
2.A.40,Pribosyltran,3.A.11,GH25
3.A.1,1.E.31,GH23
3.A.1,3.A.1,TrkA_C|GntR,GT4,GT4,GH1,4.A.1
2.A.89,2.A.89,FUR,2.A.7,MerR,MarR,1.A.35,2.A.66,GH1,9.B.28,GH85|CBM32,GH13_31,GH20,3.A.1,3.A.1,GH38,GH125,Peripla_BP_3|GntR,GH92,2.A.1,Peripla_BP_3|GntR,2.A.1,GH43_11
GT28,1.A.11
2.A.49,HTH_3,9.B.74,GH1,HisKA|HATPase_c,Response_reg|Trans_reg_C,Peripla_BP_3|LacI,GH65,GH13_31,GH13_36,GH13_31,CBM34|GH13_20,3.A.1,3.A.1,3.A.1
3.A.1,3.A.1,2.A.7,9.B.27,3.A.1,3.A.1,3.A.2,3.A.2,3.A.2,3.A.2,CE1,3.A.11,3.A.11,3.A.1,2.A.45,HTH_11,3.A.1
GH65,4.A.1,4.A.1,GntR,Fer4,3.A.1,GH1,4.A.3,SIS|HTH_6,4.A.3,4.A.3,SIS|HTH_6,3.A.18,2.A.114
GT51,2.A.36,2.A.1
CE4,3.A.1,3.A.1,3.A.1,GH73|CBM50,8.A.5,GyrI-like,3.A.1,3.A.1
GH25,GT2,GT4,2.A.66,GT2,GT2,3.A.1,GT2,GT4
GH1,4.A.3
GH13_8,TetR_N,1.A.78,8.A.5,2.A.9,TetR_N,2.A.1,GT2,2.A.1,2.A.7,8.A.7,PTS-HPr,3.A.5,MarR,2.A.3,GT2
3.A.1,3.A.1,3.A.1,GT51,PALP,2.A.66,1.A.22
4.B.1,8.A.5,SIS|HTH_6,2.A.2,GH2
2.A.77,AA10,GH18
2.A.37,Pribosyltran,Nitroreductase,2.A.55,1.A.62,GH73
1.E.13,GH25,GT2
GH65,3.A.1,3.A.1,3.A.1,1.C.113,GH3
3.A.1,LytTR,Aminotran_1_2,3.A.7,3.A.1,PALP,GH73,GT51
3.A.3,GT2,CE4,2.A.26
GH77,GT5,GT35,GH13_39,3.D.4,3.D.4,3.A.1,3.A.1,MarR,3.A.1,3.A.1,9.B.143
9.B.141,9.B.141,2.A.3,3.A.5,Pribosyltran,HTH_8,SIS|HTH_6,4.A.3,GH1
2.A.1,3.A.1,3.A.1,GT2,GT2
9.B.105,GT2
3.A.3,GH73
CE9,3.A.1,3.A.1,3.A.1
3.A.1,3.A.1,GH8,CE4,GH67,3.A.1,HTH_DeoR|DeoRC,3.A.25
GT2,PfkB,4.C.1,2.A.50,3.A.3,Fe_dep_repr_C|Fe_dep_repress,GH13_5,2.A.36,HTH_11|Mga,1.A.8,3.A.1
