1.A.34,9.B.174,1.B.14,HTH_18,MarR|AsnC_trans_reg,3.A.1,3.A.1,3.A.1,3.A.1,3.A.1,GH19,3.A.23,AAA,1.B.1,3.A.15,9.B.21,2.A.21,GH15,GT20,9.B.150
2.A.6,2.A.6,2.A.6,3.A.1,3.A.1,SBP_bac_1,GH42,3.A.1,Peripla_BP_3|LacI,TetR_N,2.A.1,9.B.34
9.B.146,2.A.103,GT28
CE11,5.A.3,Peptidase_M23,3.A.5
GT51,1.A.35,1.A.34
3.A.1,GT2,GT0,GT2,GT4,9.B.18,9.B.18,GT9,GT30,2.A.6,2.A.6,2.A.6
3.A.1,3.A.1,3.A.1,3.A.1,HTH_18,LysR_substrate|HTH_1,2.A.1,HTH_18,LysR_substrate|HTH_1,8.A.59,3.A.3,1.B.14,3.A.23,3.A.1,3.A.1,3.A.1,2.A.47,HTH_3,HTH_DeoR|DeoRC,3.A.1,3.A.1,3.A.1,3.A.1,3.A.1,8.A.59,2.A.1,AraC_binding|HTH_18,9.B.97,PALP,1.B.14,GH103,LysR_substrate|HTH_1,2.A.1,3.A.1,3.A.1,3.A.1,1.B.1
2.A.7,MarR,GT1
GT4,MCPsignal|NIT,MCPsignal,3.A.1,3.A.1,3.A.1,3.A.1
GT2,4.D.3,GH8,2.A.50
2.A.1,2.A.46,1.B.52,3.A.23,9.B.153,AA3_2
1.B.1,HisKA|PAS|HATPase_c,3.A.1,3.A.1,3.A.1,3.A.1,GH0,3.A.23,2.A.1
3.A.16,Trans_reg_C|Response_reg,GT51,3.A.1,2.A.66
1.A.33,GH23,HATPase_c,3.A.9,2.A.1,LysR_substrate|HTH_1,SIS|HTH_6,3.A.1,3.A.1,3.A.1,3.A.1
GH3,4.F.1
9.B.18,8.A.3,GT4,9.B.97,9.B.97,GT2,GT26,2.A.66
GH73,3.A.6,3.A.6,3.A.6,3.A.6,3.A.6,3.A.6
2.A.20,GT2,2.A.7,GT83
1.B.33,GT19,8.A.7,8.A.21
3.A.1,3.A.1,GT2,2.A.1
GH23,3.A.15,1.B.22,3.A.6,3.A.6,3.A.6,3.A.6
9.B.143,GH13_26,GH77,GH13_10,GH13_11,CBM48|GH13_9,GT5,3.A.23,GT51,2.A.1,2.A.3,HTH_18,GT41,3.A.1,3.A.1
CBM32,Peripla_BP_3|LacI,3.A.1,3.A.1,3.A.1,LysR_substrate|HTH_1,2.A.23,1.B.52
4.C.1,HTH_18,HTH_18,Pyr_redox_2,GT4
3.A.1,3.A.1,3.A.1,3.A.1,3.A.1,GT51,LysR_substrate|HTH_1,2.A.1
1.A.14,Sigma70_r4|Sigma70_r2|Sigma70_r3,CBM50
3.A.1,3.A.1,EAL,TPR_2|TPR_1,2.A.1,Trans_reg_C|Response_reg,HisKA|HATPase_c,MarR,3.D.4,3.D.4,MarR,GT104
GH23,3.A.1,3.A.1,3.A.1,3.A.1,1.I.1
3.A.1,9.B.27,GntR,3.A.1,3.A.1,2.A.6,GT2
9.B.169,MCPsignal,GH28,2.A.73
3.A.1,GT9,GT8,GT8,9.B.67
1.I.1,TPR_2|TPR_1,Glucokinase,GH23
GT2,2.A.6
3.A.3,3.A.3,3.A.3,9.B.34,TetR_N,2.A.1,HTH_18,LysR_substrate|HTH_1,3.A.1,3.A.1,3.A.1,3.A.1,CBM50,3.A.15,3.A.1,dCache_1|EAL|GGDEF,3.A.23,LysR_substrate|HTH_1,HTH_3,2.A.56,2.A.56,4.C.1,2.A.23,CBM32
GT51,1.B.22
9.B.108,2.A.1,AraC_binding|HTH_18,CYTH,GntR,3.A.1,3.A.1,3.A.1,3.A.1,2.A.76,AraC_binding|HTH_18,GntR,2.A.39,CE4,9.B.43,1.B.10,3.A.1,3.A.1,3.A.1,3.A.1,3.A.1,3.A.1
5.B.3,HD,GH23,1.E.40
2.A.115,Aminotran_1_2,GT4
9.B.153,3.A.23,2.A.1,2.A.1,GH31,1.B.1
9.B.34,9.B.10,AA3_2
3.A.1,MCPsignal|CHASE3,HD,3.A.1,GH3,CbiA,2.A.76,2.A.102,3.A.1,3.A.1,3.A.1,3.A.1,AA3_2,LysR_substrate|HTH_1,9.B.121
