3.A.1,HTH_18,2.A.45,GT2,GH8,2.A.1,SirB,3.A.1,3.A.1,2.A.109
3.A.1,3.A.1,9.B.141,9.B.141,GH31,CE9,4.A.5,SBP_bac_3,3.A.1,3.A.1,3.A.1
GH73,1.C.105
GH1,HTH_6|SIS,4.A.3
2.A.3,GH13_31,3.A.18
3.A.1,GH32,4.A.1
GH3,9.B.20
9.B.27,Pyr_redox_2,NUDIX,GT4,GT4,4.D.2,4.A.6,4.A.6,4.A.6,LysR_substrate|HTH_1,2.A.3,SIS,Mga|HTH_11,4.A.2,4.A.2
2.A.59,GT26,GT4,3.A.3,2.A.66,GT32,GH73
4.A.1,HTH_6|SIS,4.A.1,Nitroreductase,9.A.40,Pribosyltran,2.A.3,GH25,3.A.18,4.A.3,GT0,9.B.126,2.A.6
GH1,2.A.3,3.A.14
3.A.2,3.A.2,3.A.2,3.A.2,3.A.2,9.B.157,2.A.103,GH3
9.B.146,GT28
GH1,GntR,4.A.3,4.A.3,4.A.3,GH1,GntR,4.A.3,GH1
2.A.3,GT4
3.A.1,3.A.1,LytTR,GH25
3.A.1,GH25,1.E.26,GH73
GH25,3.A.1,3.A.1
3.A.1,3.A.1,3.A.1,3.A.1,2.A.3,2.A.1,MerR,2.A.1,GH13_18,GH36,3.A.1,3.A.1,3.A.1,3.A.1
GH42,2.A.2,Peripla_BP_3|LacI,GH2
GT51,1.A.8,2.A.1
3.A.1,3.A.1,3.A.1,3.A.1,4.A.6,HTH_6|SIS,GH4
2.A.1,GH32,GH32,4.A.1
2.A.66,GT2,GT2,GT4,GT4,9.B.18,8.A.3,8.A.3,GT14
2.A.115,Sigma70_r4_2,HTH_3,2.A.1,3.A.1,3.A.1,3.A.1,3.A.1,GH65,CBM34|GH13_20,GH13_31,Peripla_BP_3|LacI,3.A.1,HTH_3,PfkB,3.A.7
2.A.3,2.A.3,3.A.9,4.A.3,3.A.1,GH25,2.A.50,CBS,3.A.3,2.A.37,3.A.1,HTH_3,HTH_3,9.B.2,3.A.1
