2.A.7,3.A.1,HTH_5,2.A.7,GH103,GH25,GH23,2.A.76,GH23
9.B.146,2.A.103,GT28,2.A.1,1.A.8,CE11,1.B.33
1.B.52,GntR|Aminotran_1_2,2.A.7,AraC_binding,HTH_5,SBP_bac_1,3.A.1,3.A.1,3.A.1,GH42
3.A.1,GH136,GH136
GH15,9.B.124,8.A.59,Guanylate_cyc,8.A.28,Response_reg,2.A.53,HTH_1|LysR_substrate,HTH_18,2.A.1,2.A.7
CE7,4.A.1,PTS-HPr,3.A.1,3.A.1,3.A.1,3.A.1,SBP_bac_1,2.A.1,HATPase_c|Response_reg,1.A.23,2.A.1,1.A.8
3.A.1,3.A.1,3.A.1,3.A.1,GH2,8.A.5,GH43_11,3.A.1,3.A.1
3.A.11,Citrate_synt,GT19,1.B.33
2.A.6,3.A.5,AAA,CBM50,2.A.64,GH3
CE1,SBP_bac_1,3.A.1,3.A.1,3.A.1,GH23,2.A.56,2.A.56,SBP_bac_3,HTH_5,Response_reg|ANTAR,3.A.1,2.A.1,NIR_SIR|NIR_SIR_ferr|Pyr_redox_2,5.A.3
AA3_2,3.A.1,3.A.1,3.A.1,3.A.1
1.B.18,GT4,9.B.18,3.A.1,3.A.1,3.A.1
GH8,GT2|GT2,2.A.21
3.A.1,CE4,SBP_bac_3,3.A.1,3.A.1,3.A.1
2.A.76,AAA,Pribosyltran,GH25
2.A.7,CBM50,3.A.1
GH23,1.B.70
3.A.1,3.A.1,GntR,GT30,2.A.37
GT4,GT2,3.A.1,3.A.1
1.B.12,GH24,2.A.50
3.A.1,GH13_23,3.A.1,3.A.1,3.A.1,Peripla_BP_3|LacI,GT26,3.A.6,3.A.6
GT41,3.A.6
GT83,HTH_3,2.A.37,2.A.6
2.A.102,GH23,2.A.115,Rrf2,2.A.115,TPR_1,2.A.66
3.A.1,3.A.1,9.B.158,HTH_1|LysR_substrate,3.A.1,3.A.1,3.A.1,3.A.1,Glyoxalase,GH2,4.C.1,PfkB,Pribosyltran,TetR_N,9.B.15,9.B.34,3.A.1,3.A.1,3.A.1
1.A.12,GT81,8.A.5,HTH_1|LysR_substrate,8.A.5
GH5_5,9.B.97,ACT,HTH_1|LysR_substrate,3.A.1,3.A.1,3.A.1,MarR,2.A.76,3.A.7,3.A.7,3.A.7,3.A.7,3.A.7
GT51,1.A.33
GH103,2.A.1
3.A.1,8.A.1,GT2
4.C.1,4.C.1,2.A.1,PfkB,2.A.53,9.B.34,GH103,3.A.1,2.A.1
3.A.1,3.A.1,3.A.1,3.A.1,3.A.1,3.A.1,3.A.1,3.A.1,GT84|GH94,Glyoxalase,3.A.1,GerE|Autoind_bind,3.B.1,3.A.1,3.A.1,3.A.1,2.A.7
2.A.6,GT51
2.A.1,MarR,3.A.1,3.A.1,GntR,SIS,CE9,SIS,3.A.1,3.A.1
GH2,GT4,AsnC_trans_reg,HTH_1|LysR_substrate,3.A.1,3.A.1,3.A.1,GH144,3.A.1,3.A.1,3.A.1,3.A.1
GH3,3.A.1,Pyr_redox_2,3.A.1
GH39,3.A.1,3.A.1,3.A.1,3.A.1,3.A.1,3.A.11,3.A.2,3.A.2,3.A.2,3.A.2,3.A.2,9.B.18,3.A.1,3.A.1
1.B.33,Aminotran_1_2,Peripla_BP_3|LacI,3.A.1,3.A.1,3.A.1,GH127,3.A.1
8.A.7,3.A.9,1.A.34,3.D.1,3.D.1,CBS,3.D.1,3.D.1,3.D.1,3.D.1,3.D.1,3.D.1,3.D.1,3.D.1,3.D.1,2.A.63,3.D.1,3.D.1,3.D.1,GH144,GH94,CBS,3.A.1,1.B.52,2.A.6,2.A.6,2.A.19
3.A.1,3.A.1,3.A.1,3.A.1,GH2,Peripla_BP_3|LacI,3.A.1,3.A.1,3.A.1,3.A.1
8.A.59,GntR,3.A.1,3.A.1,3.A.1,TetR_N,2.A.6,2.A.6,GH20,Sigma70_r4,3.A.1,3.A.1,3.A.1,3.A.1,HTH_6,2.A.121
3.A.1,3.A.1,3.A.1,3.A.1,HTH_1|LysR_substrate,2.A.109,HTH_18|GyrI-like,TetR_N,2.A.1,2.A.1,Peripla_BP_1|LacI,Peripla_BP_3|LacI,3.A.1,3.A.1,3.A.1,GH1,9.B.34
GH103,1.B.66,SIS|CBS,8.A.21,CBM50
GT8,1.A.30,1.A.30,2.C.1,TPR_2,3.A.16,1.B.6
9.B.18,cNMP_binding,GT2,GT8,1.B.18,GT0,CbiA,9.B.18,cNMP_binding,GT4,GT4,2.A.66,GH16_7,3.A.1,PfkB,SIS,3.A.1,3.A.1,3.A.1,MarR,3.A.1,3.A.1,3.A.1,3.A.1
1.B.17,1.B.18,8.A.3,GH136,3.A.1,3.A.1,GT2,GT2,GT4,GH10
GT2,3.A.1,GT2,GT2|CE4,GT2
CE4,9.B.35,4.F.1
GT4,8.A.59,PfkB,3.A.1,3.A.1,3.A.1,3.A.1,3.A.1,GH13_23,3.A.1,8.A.59,Aminotran_1_2,HTH_5,3.A.1,3.A.1,3.A.1
2.A.7,Aminotran_1_2,GT8,2.A.19
2.A.1,HTH_5,HTH_1|LysR_substrate,Pyr_redox_2,AsnC_trans_reg|HTH_CodY,3.A.23,2.A.21,2.A.23,GT4
3.A.7,3.A.7,3.A.7,GH23,3.A.7,GH23
3.A.1,3.A.1,GT2|GT2,CE4
1.A.14,Sigma70_r4_2|Sigma70_r2,MerR,3.A.3,GH13_26,GT51
2.A.1,2.A.1,Peripla_BP_3|LacI,Peripla_BP_3|LacI,3.A.1,3.A.1,HATPase_c|Response_reg|PAS|HisKA,3.D.4,3.D.4,3.D.4,3.D.4,2.A.1,cNMP_binding,3.A.1,GT1,GT4,GT1,3.A.1,3.A.1,3.A.1,3.A.1,Guanylate_cyc,3.A.1,Rrf2,Pyr_redox_2,9.B.124,9.B.124
GH4,3.A.1,3.A.1,3.A.1,3.A.1,GH4
GT51,Guanylate_cyc,3.A.1,9.B.34
3.A.1,3.A.1,3.A.1,3.A.1,3.A.1,GH51,HTH_5,5.B.3
3.A.1,3.A.1,3.A.1,3.A.1,AA3_2,3.A.1,3.A.1,3.A.1,3.A.1
3.A.1,3.A.1,3.A.1,3.A.1,3.A.1,GH3,PfkB,1.B.20,1.C.75,3.A.1,FmdA_AmdA,3.A.1,3.A.1,3.A.1,ANTAR,3.A.1,SBP_bac_5,3.A.1,3.A.1,3.A.1
GH20,3.A.1,3.A.1,3.A.1,3.A.1,3.A.1,2.A.1,GH94
GH154,SBP_bac_1,3.A.1,GH88,3.A.1,3.A.1,PL33_1,Response_reg|Trans_reg_C,HATPase_c|HisKA,3.A.1,3.A.1,SBP_bac_3,HTH_18,GntR,Peripla_BP_3|LacI,GH29,3.A.1,3.A.1,3.A.1,3.A.1,1.B.52,SBP_bac_1,GH105,GH28,3.A.1,3.A.1,3.A.1,Peripla_BP_3|LacI,TetR_N,2.A.6,2.A.6,2.A.6,2.A.39,1.B.52,1.A.35,GH13_3|GH13_3,GH13_16,CBM48|GH13_9,3.A.1,3.A.1
3.A.1,3.A.1,Sigma70_r4_2,8.A.5,AA3_2,CSD,HTH_1|LysR_substrate,2.A.98,GntR,3.A.1,3.A.1,3.A.1,3.A.1,3.A.1,3.A.1,3.A.1,PfkB,3.A.1,3.A.1,3.A.1,SIS|HTH_6,PfkB,3.A.1,3.A.1,3.A.1,3.A.1,3.A.1,GntR,3.A.1,3.A.1,3.A.1,3.A.1
3.A.1,3.A.1,3.A.1,NUDIX,3.A.1,SIS,3.A.1,3.A.1,3.A.1,DeoRC|HTH_DeoR,GH4,HTH_18|AraC_binding,8.A.59,GGDEF|EAL|GAF,dCache_1|HATPase_c,Peripla_BP_3|LacI,SBP_bac_1,3.A.1,3.A.1,3.A.1,GH63
9.B.34,GntR,3.A.1,3.A.1,3.A.1,3.A.1,3.A.1,HTH_IclR|IclR,3.A.1,3.A.1,3.A.1,3.A.1,3.A.1,2.A.86,GH3,TetR_N,HTH_1|LysR_substrate,GH38
GT4|GH1,GT4,GT4,GT0,3.A.7,3.A.7,3.A.7,3.A.7,3.A.7,3.A.7,NUDIX,CE1
GH106,GH63,3.A.1,3.A.1,3.A.1,3.A.1,MarR,GH3
GT2,GH26,Peripla_BP_3|LacI,SBP_bac_1,3.A.1,3.A.1,GH32,3.A.1,HTH_18,HTH_18,2.A.1
GT2,FmdA_AmdA,1.B.4,3.A.1,Peripla_BP_2,3.A.1,1.B.14,HTH_18|AraC_binding,3.A.1,3.A.1,3.A.1
3.B.1,1.B.17,HATPase_c|HisKA,Response_reg|Trans_reg_C,2.A.6,2.A.6,GH39,3.A.1,3.A.1,3.A.1,3.A.1,3.A.1,Peripla_BP_3|LacI,GH29
3.A.1,GH127,3.A.1,3.A.1,SBP_bac_1,Peripla_BP_3|LacI,Peripla_BP_3|LacI,CBM67|GH78,SBP_bac_1,3.A.1,3.A.1,3.A.1,3.A.1,3.A.1,3.A.1,3.A.1
3.A.1,3.A.1,3.A.1,3.A.1,3.A.1,GH33
9.B.18,GT26,GH141|GH141,GT2,GT94,GT4,8.A.3,Pyr_redox_2,3.A.1,3.A.1,3.A.1,3.A.1,HTH_1|LysR_substrate,3.A.1,GT20,Peripla_BP_1,3.A.1,3.A.1
