1.A.43,1.A.29,FmdA_AmdA,Peripla_BP_3,AA2,3.B.1
3.D.7,3.D.7,9.B.106,SpoIIE|GAF,3.A.1,PadR,3.A.1,GH13_30,3.A.1,3.A.1,3.A.1,GT2,3.A.1,3.A.1,3.A.1,3.A.1,GT4,GH135,GH114
GH38,GH85,GH5_18,3.A.1,3.A.1,3.A.1,LacI|Peripla_BP_3,9.B.75
GH23,3.D.1,3.A.1,3.A.1,3.A.1,3.A.1
GT28,2.A.103,9.B.146
4.C.1,GT4
8.A.59,TetR_N,GH13_13|CBM41|GH13_13,GH13_32|CBM20,LacI|Peripla_BP_3,GH13_30,3.A.1,3.A.1,3.A.1,GH13_30
2.A.1,GH15
GT4,4.F.1
3.A.9,GT76
9.B.110,3.A.1,MarR,2.A.1,GH19,1.E.43
3.A.1,3.A.1,3.A.1,3.A.1,2.A.20,9.B.105,GH23
2.A.1,SpoIIE,Pyr_redox_2,TetR_N,CBM51
1.I.1,5.A.1,2.A.113,GT2,GT2,CE4,AAA,GntR,NUDIX,2.A.80,Response_reg,AA10
2.A.1,HTH_11,GT4
3.D.2,NUDIX,CbiA,GH15,HTH_8,GT4,1.C.109,3.A.1,3.A.1,3.A.1
2.A.21,1.B.12,MarR,2.A.89,TetR_N|TetR_C,GH15
2.A.7,MarR,GH77,GH84|CBM32,1.A.23,GH4,3.A.1
3.A.7,GH3,3.A.1
3.A.1,3.A.1,3.A.1,GH1
3.A.1,3.A.1,3.A.1,IclR|HTH_IclR,AA10
2.A.7,GT51,3.A.1
2.A.1,CE4|GT2
4.A.1,8.A.7,GH31,NUDIX,1.A.8
2.A.1,GT4,GT4,GntR|Aminotran_1_2,2.A.115,2.A.1,GT2
3.A.24,9.A.40,9.A.40,4.B.1,MarR,2.A.40,GH6,AsnC_trans_reg,2.A.3
GT4,4.F.1,1.A.1
3.A.1,GT2
GT81,GT20,SBP_bac_1,CE9,PfkB,9.B.34
2.A.1,GT83,GT2,2.A.21
GT51,PadR,2.A.1,HD,2.A.66
3.A.1,3.A.1,3.A.1,Pyr_redox_2,PadR,Pyr_redox,TrmB,2.A.109,Peripla_BP_2,NUDIX,GH75
GT87,GT51,Whib,2.A.59,NUDIX,1.A.1,HhH-GPD,NUDIX,9.B.160,2.A.33,2.A.53,CbiA,CbiA,9.A.47
AA3,3.A.1,3.A.1,GntR|Aminotran_1_2,2.A.7
3.D.10,3.D.10,GH20
2.A.76,GT2,3.A.1,3.A.1,3.A.1
3.A.1,3.A.1,CE14
GT2,MarR,GT2,GT2,1.C.113
2.A.55,CBM16|GH18,CbiA,9.A.47
GT76,cNMP_binding,8.A.5,2.A.86,HTH_1|LysR_substrate,GT51
3.D.10,3.A.1,3.A.1,3.A.1,3.A.1,3.A.1,3.A.1,3.A.1,3.A.1,3.A.1,3.A.1,3.A.1,3.A.1,8.A.51,CE14
GT4,GH135,3.A.25,MHYT,2.A.1
2.A.114,GntR,3.A.1,3.A.1,3.A.1,GH3
9.B.146,1.A.77,3.A.2,3.A.2,3.A.2,CBM2|GH18
2.A.23,GH16_3,CBM48|GH13_9,GH13_16,GH13_3,GT35,3.A.1,3.A.1,CBM48|GH13_11
9.B.34,CBM32,2.A.6,8.A.5,9.B.34
GH92,3.A.1,3.A.1,3.A.1,HTH_IclR,3.A.1,3.A.1,3.A.1,2.A.3
3.A.1,3.A.1,3.A.1,3.A.1,Sigma70_r2|Sigma70_r4_2,GH23,9.B.35,2.A.40
GT26,9.B.18
GH15,9.B.176
1.E.40,2.A.3,2.A.98,HTH_1|LysR_substrate,4.C.1,PAS|SpoIIE|GAF,9.B.176,HTH_3,GH36,GH42,3.A.1,3.A.1,3.A.1
GH38,GH4,2.A.15
GH46,3.A.1
2.A.4,GT2,3.A.1
3.A.1,3.A.1,GT1
2.A.1,GerE,GH16_3
GH78,GH23|CBM50,1.B.77,1.B.77
CE1,TrkA_C,1.A.23,PadR,3.A.1,PAS|SpoIIE|GAF,2.A.1
3.A.1,3.A.1,3.A.1,TetR_N,CBM32
3.A.24,GT2
2.A.53,1.B.79,TetR_N,CBM13,LacI|Peripla_BP_3,3.A.1,3.A.1
