1.A.35,GT51
3.A.1,3.A.1,SBP_bac_3,3.A.5,GH23
9.B.102,9.B.102,SBP_bac_3,8.A.59,GT4
2.A.4,CBM41|GH13_13
9.A.8,FeoA,1.B.10,GT84,AsnC_trans_reg|HTH_11,3.A.1
3.A.7,CbiA,3.A.7,9.B.34,8.A.59,B12-binding,2.A.1,GH65
8.A.3,9.B.42,GT4,GT4,2.A.66
3.A.2,3.A.2,3.A.2,3.A.2,3.A.2,3.A.2,3.A.2,3.A.2,CbiA,2.A.102,3.A.1,3.A.1,3.A.1,3.A.1,AA3_2,3.D.2
3.A.5,2.A.1,HTH_18,GH2,GT9
GH13_11,1.B.14
9.B.14,2.A.1,9.B.65,9.B.21,GT51,1.B.22
CBM50,3.A.7,3.A.1
9.B.146,2.A.103,GT28
CE11,3.A.5
3.A.15,3.A.15,1.B.52,9.B.35,CE4
GT0,Rhodanese,2.A.21,3.A.23,1.A.35,2.A.7,1.B.14
GT4,1.B.52
8.A.59,2.A.37,3.A.1,3.A.1,3.A.1,3.A.1,Peripla_BP_3|LacI,GH1,GH3,2.A.1,9.B.186,GH1
GH16_3,9.B.34,1.B.52
2.A.86,PL0,2.A.66
GT2,1.B.6
9.B.97,PALP,GH103
9.B.34,1.I.1,GH23,4.C.1
GH1,1.B.18,9.B.18,1.B.14
PL9,2.A.7
GT51,2.A.67,LysR_substrate|HTH_1,Glyoxalase,2.A.17
3.A.1,GH9
1.B.14,GH1
1.A.23,GH0|GT4,Response_reg|HATPase_c,2.A.40,2.A.1,1.A.23,GT51
GH16_3|CBM56,9.A.40,2.A.3,1.B.17
1.B.14,PL1_6,CE8,GH105
2.A.75,2.A.1,GntR,GH28
1.B.14,3.A.1,3.A.1,3.A.1,3.A.1,GH43_30
GT19,1.B.33
GT2|GT2,1.B.14,9.B.18,9.B.18,GT4,8.A.3,1.B.18
GT1,9.B.124,MarR,3.A.1,2.A.76
9.B.126,9.B.97,GH23
CBM6|GH16_3,GerE|Response_reg,9.B.34
CBM48|GH13_13,1.A.78,GH1,9.B.34
GH13_19,2.A.2,2.A.2,1.I.1,1.B.14,GH13,GH133,GH0,GH0
3.A.1,3.A.1,GT4
