3.A.5,CE1
GT28,3.A.1,3.A.1
3.A.2,3.A.2,3.A.2,3.A.2,3.A.2,3.A.2,3.A.2,CbiA,2.A.102,MerR,3.A.1,3.A.1,3.A.1,AA3_2
2.A.122,HTH_1|LysR_substrate,CBM50,3.A.11,3.A.7,3.A.1,3.A.1,3.A.1,3.A.1,2.A.1
2.A.37,3.A.1,9.B.34,GAF|GGDEF|EAL,Pyr_redox_2,2.A.37,2.A.37,CBM13|CBM13,9.B.159,4.C.1,2.A.1,GAF,2.A.6
GT2,3.A.15
1.E.40,1.B.52,GH23
2.A.86,CheZ,1.A.62,GT51
9.B.146,2.A.103,GT28
CE11,1.A.34,3.A.5
GH23,3.A.5,9.B.14,HATPase_c|HisKA,3.A.23,9.A.4
GT51,1.A.35
9.B.18,GT30,9.B.34,2.A.6,2.A.6,2.A.6,TetR_N,9.B.8,9.B.8,2.A.6,Rhodanese,2.A.6,2.A.6,TetR_N,3.A.1,3.A.1,3.A.1
2.A.66,GT4,GT2,GT2,GT2,GT2,2.A.50
1.A.35,TPR_1|TPR_2,CBM13|CBM13|CBM13
2.A.63,2.A.63,2.A.63,2.A.63,2.A.63,GH103,AAA,4.C.1,2.A.7,HTH_1|LysR_substrate,GT51,1.A.62,PfkB,2.A.66,9.B.142,3.A.6
3.A.23,GT2,GT9
2.A.21,3.A.23,GT51,GT4,1.I.1,3.A.1,3.A.1,3.A.1,GH23
GT2,2.A.7,GT83
GH3,4.F.1,CBS,2.A.95,9.B.34,3.A.15,3.A.15
GH73,HD,3.A.6,3.A.6,3.A.6,3.A.6,3.A.6,3.A.6
9.B.34,GerE|Response_reg,HATPase_c,GT20,9.B.186,9.B.34
9.B.34,9.B.18,8.A.3,8.A.3,GT4,GH148,GT4,GT4,CBM13|CBM13|AA5_2,AA5_2,CBM13,HTH_1|LysR_substrate,Pyr_redox_2,8.A.5,TetR_N,2.A.6,2.A.6,2.A.6,GGDEF|EAL|dCache_1,3.A.1
2.A.21,GT2,Response_reg,2.A.1
GH13_11,GH13_23,GH13_3|GH13_3,GH13_16,CBM48|GH13_9,GH13_11,GH13_10,GH77,GH13_26,1.A.23,2.A.59,3.A.4
2.A.37,3.D.4,3.D.4,Pyr_redox_2,HATPase_c,2.A.21,1.B.14,HATPase_c|HisKA|Response_reg|PAS,3.A.3,3.D.1,3.D.1,3.A.1,9.B.34,Hemerythrin,Fer4,CheW|Response_reg,9.B.34,HTH_1|LysR_substrate,1.B.1,Aminotran_1_2|GntR,4.C.1,GT4,3.A.16,4.C.1,9.A.40,HD,2.A.72
9.B.34,CBS,8.A.21,8.A.7,GT19,1.B.33
8.A.1,3.A.1,Sigma70_r3|Sigma70_r2|Sigma70_r4,CBM50
1.I.1,GT4,3.A.1,3.A.1,FHA,2.A.6,8.A.59,9.A.25
2.A.6,2.A.6,GH23
GH23,9.B.18,GAF|HATPase_c,3.A.23,4.C.1,8.A.3,9.B.42,GT4,GT4,GT4,CE4|GT4,GT2
GT4,9.B.34,1.B.52,9.B.22,9.B.34
GT2,2.A.1,9.B.14,9.B.14,3.A.1,3.A.1,5.B.5,1.I.1,1.B.6
3.A.1,GT2,Rhodanese,8.A.4,3.A.1,3.A.1,GT4,GT94,GT47
1.B.18,GT4,GT107,9.A.41,GT4
3.A.1,3.A.1,STAS,3.A.1,3.A.1,3.A.1,3.A.1,Pyr_redox_2,GATase_2,2.A.1,2.A.37,SIS|CBS,1.B.42,1.B.42,HD,1.B.22,GT51,2.A.1,Sigma70_r4_2|Sigma70_r2,9.B.14,1.A.35,5.A.1,3.A.1,3.A.1
