GT2|GT2,2.A.47
2.A.53,2.A.56,2.A.56,Aminotran_1_2,9.A.41,GT107|GT107
1.B.33,GT19,3.A.6
GT51,1.B.22
2.A.6,2.A.6,2.A.6,1.I.1,Pkinase,EAL|GGDEF|GAF,HTH_18|AraC_binding,2.A.35,AA3_2,LysR_substrate|HTH_1,2.A.56,2.A.56
3.A.5,9.B.20,3.D.1,3.D.1,3.D.9,3.D.9,1.B.52,GH23
1.B.3,2.A.63,2.A.63,2.A.63,2.A.63,2.A.63,2.A.63,2.A.63,2.A.63,2.A.63,2.A.63,GH103
3.A.1,3.A.1,3.A.1,3.A.1,LysR_substrate|HTH_1,GT51,cNMP_binding|CBS,9.B.34,2.A.15,3.A.1,3.A.1,3.A.1,3.A.1,3.A.23,2.A.21,3.A.1
GT84|GH94,GH65,2.A.21
GT9,2.A.4,LysR_substrate|HTH_1,AA3_2,CSD,2.A.47,PALP,3.D.1,3.D.1,3.D.1
9.B.34,GH15,2.A.6,3.A.7,3.A.7,CbiA,3.A.7
3.A.7,2.A.1,GH23
2.A.53,1.B.52,2.A.7,9.B.34,3.A.1,3.A.1,3.A.1,3.A.1,GH23
9.B.18,9.B.18,GT4
GT32,GT4,GT4,GT4,3.A.1,3.A.1,3.A.1
2.A.56,2.A.56,LacI|Peripla_BP_3,9.B.18,GT2
GT28,9.B.18,2.A.66
2.A.4,3.A.23,EAL|GGDEF,GerE,3.A.1,3.A.1,3.A.1,GT0,9.B.34,3.D.6,HhH-GPD,3.A.19,2.A.114
3.A.6,3.A.6,3.A.6,GH73
9.B.18,9.B.18,GT4,8.A.3,1.B.18,9.B.97,3.A.1,9.B.97,Pyr_redox_2,3.D.5,3.D.5,3.D.5,3.D.5,3.D.5,3.D.5,3.A.15,3.A.7
GH103,2.A.103
CE11,GT28,2.A.103,9.B.146
9.B.174,3.A.1,TetR_N,AA3_2,2.A.47
3.D.2,3.D.2,HATPase_c,GH23,2.A.76,CSD,2.A.37
3.A.1,2.A.6,Sigma70_r4|Sigma70_r2|Sigma70_r3,CBM50
1.B.52,2.A.124,3.A.1,3.A.1,3.A.1,GH13_23,3.A.1
CE4,2.A.39,2.A.39,GntR,9.B.43,9.B.35,2.A.40,Pribosyltran,2.A.14
2.A.15,LysR_substrate|HTH_1,2.A.7,9.B.34,3.A.1,3.A.1,3.A.1,3.A.1,GT4
1.B.3,9.B.34,1.A.62,HTH_3,Aminotran_1_2,GerE,GH13_23,3.A.1,3.A.1,3.A.1
3.A.11,CBM50,2.A.38,2.A.38,9.B.34,GT4
2.A.56,2.A.56,4.C.1,MarR,AA4,3.A.23,2.A.56
