2.A.38,2.A.38,CBM50,3.A.11
GT4,GT30,9.B.34
GT5,2.A.21
4.C.1,2.A.1,CE9,LacI|Peripla_BP_3,HTH_18|AraC_binding,GH2,2.A.6
2.A.1,GH37,4.C.1
9.B.115,PALP,1.B.52,2.A.15,2.A.7,ANTAR,Rhodanese,1.A.16,Cyanate_lyase,9.B.106,GH36,2.A.21
9.B.146,2.A.103,GT28,CE11,1.A.34,3.A.5
AA3_2,9.B.34,2.A.6,2.A.6
3.A.1,GH103,1.A.35,2.A.7
2.A.98,1.B.14,2.A.56,2.A.56,GH31
GH13_9,CBM48|GH13_11,2.A.25
9.B.34,9.A.40,9.B.14,3.A.5,GGDEF|EAL,GH2,2.A.21,3.A.1,3.A.1
3.A.1,Rrf2,TetR_N,GT2,GT83,2.A.3,8.A.7
GH23,3.A.1,3.A.1,9.B.10
1.B.14,1.B.14,GH13_13,GH13_2,2.A.21
GH2,1.B.14
4.C.1,GH103,2.A.23,3.A.7
2.A.76,GH73,3.A.1
1.B.14,FecR,Sigma70_r2|Sigma70_r4_2,TPR_1,1.B.14,8.A.21,LacI|Peripla_BP_3,GH13_2,2.A.2
2.A.40,EAL,CE4,TetR_N,9.B.35,9.B.43,2.A.1
9.B.34,GT0|GT2|GT4,3.A.1
9.A.40,1.B.14,AA3_2,4.C.1,HTH_18,9.B.164
GT35,AAA,3.A.1,2.A.6,2.A.6,9.A.8
1.I.1,LytTR|Response_reg,9.B.33,2.A.1,GH17,GH17,GH149,1.B.14,2.A.2,GH3,4.C.1,CBS,2.A.21,Glyoxalase,3.D.4,3.D.4,3.D.4,3.D.4
2.A.103,GH103
2.A.1,3.A.23,GT2,1.B.14,GT2,9.B.18,GT26,Response_reg,2.A.21,HNOB,GH23
GT19,1.B.33
GT4,9.B.97,GT4,9.B.97,2.A.66,GT2,GT2,GT4
2.A.66,GT2,GT2,GT2,GT2,GT4,GT2,GT4,9.B.18,8.A.3
GH23,GH3,1.B.14
2.A.21,HNOB,8.A.59,Response_reg,2.A.21,2.A.21,2.A.1,CE9,SIS,1.B.14
GT4,2.A.6,2.A.6
2.A.53,GH16_21
GT51,3.A.11,1.B.22
