9.B.104,9.B.1,GT4,GH9,GT4,9.B.125
GT4,2.A.37
1.B.23,AAA,3.A.1,GH13_10,GH13_26
GH104,3.A.1,1.B.57,2.A.66
1.B.52,CheW,Response_reg,Response_reg,2.A.1,2.A.1,1.B.23,GntR,3.A.1,3.A.1,LysR_substrate,GT2,GT2,2.A.41,3.A.1,GH0,Aminotran_1_2,GT4,GT4,3.A.1,9.B.18,8.A.3,GT4,4.C.1
2.A.55,2.A.7,GH100,4.C.1
GT14,GT2,2.A.21,Response_reg|MarR,FmdA_AmdA,3.A.1,3.A.1,3.A.1,3.A.1,3.A.1
GT4,GT4,GT26,8.A.3,GT2,MHYT|HATPase_c|HisKA,3.A.1,9.B.18
GT4,GT4,GT4,1.B.18
9.B.20,GH76
3.A.1,3.A.1,ACT|HD,GH25
3.A.1,3.A.1,3.A.1,9.B.18,8.A.3,2.A.66,GT2,GT4,GT2,GT4,GT26,GH10
1.B.52,CheW|Response_reg|HATPase_c|H-kinase_dim,GT4,GT4,2.A.16
3.A.1,3.A.1,2.A.83,9.B.142,FIST,HATPase_c|HisKA,GT51,2.A.36,Glyoxalase,2.A.20,Glyoxalase,1.B.23,GT51,2.A.1
2.A.40,GT1
3.E.2,3.E.2,GT0,Pyr_redox_2,9.B.27,9.B.10,2.A.64
2.A.21,Rhodanese,3.A.1,2.A.6,GT2,3.D.1
1.B.20,TPR_1|TPR_2,TPR_2,GH13_16,GH77
5.A.1,2.A.103,GT83,3.A.1,3.A.1,3.A.1,GT4,9.B.18,5.A.1,5.B.4,5.B.4,3.E.2,GT2,9.B.18,GH57,2.A.19
9.B.36,GH0,cNMP_binding,2.A.21,Response_reg,Response_reg,1.A.23,Response_reg|Trans_reg_C,GH13
9.B.111,GH76|CBM35,1.A.2
1.A.4,GT4,9.B.34
GT35,9.B.160
GT2,3.A.9
GT2,GT4,3.A.1,3.A.1,CE4,9.B.146,GT2,GT2,GT2,GT4,GT4,GT4,GT2
2.A.50,CBS|SIS,GT23,3.A.1,3.A.1,Response_reg|GerE,GT2,9.B.142,GT2,GT8,3.A.1,3.A.1,3.A.1,CHASE3|HisKA|GAF|Response_reg|HATPase_c,9.B.160,9.B.149,2.A.86
GT4,GT4,GT2,3.A.1,3.A.1,GT4,GT2,GT4,GT4,GT4,8.A.3,1.B.18,GT4,GT4,2.A.45
1.B.18,8.A.3,GH13_5,1.B.23
1.B.22,3.A.11,GT4,1.A.34,dCache_1,1.C.39
3.A.1,3.A.1,GH23
5.B.4,2.A.7,GT26
1.A.46,EPSP_synthase,HTH_18,1.B.14,GT2|GT2,GH8,TPR_2,3.A.1,3.A.1
1.I.1,TPR_1,GT9
3.A.1,3.A.1,HTH_18,1.B.14,Peripla_BP_2,2.A.1,3.A.1,1.B.14,HTH_18,3.A.1,LysR_substrate|HTH_1,2.A.23,9.B.34,GT9,GT4,4.C.1,4.C.1,2.A.21
GT19,CE11,1.B.33,3.A.1,Response_reg,3.A.1,3.A.1,TPR_1,HATPase_c|Response_reg|dCache_1|HisKA,Response_reg|HATPase_c|HisKA,2.A.21,HATPase_c|Response_reg|dCache_1|HisKA,1.B.23,PALP,9.A.61,Rrf2,2.A.4,3.A.18,8.A.1
1.A.1,GT2,EAL,Glycos_trans_3N,8.A.5,1.B.23
3.A.1,3.A.1,GT4,GT4,GT4,GT4
3.A.15,2.A.40,2.A.40,3.E.2,3.A.1,3.A.1,3.A.1,3.A.1,GH19,3.A.1,3.D.4,3.D.4,PL9,3.A.1,1.A.1
GH13_20,2.A.126,FHA,9.B.146
9.B.142,8.A.3,GT2,GT26,2.A.66,GT2,9.B.10
3.A.1,Response_reg|Trans_reg_C,GT4,GT41
2.A.6,GT26,3.D.4,3.D.4,3.D.4
GT2,3.A.1,3.A.1,3.A.1,FmdA_AmdA,5.B.4,Response_reg|GerE,2.A.5,GT2,GH5_1
GH13_27,GH73,9.B.100
9.B.44,GT51
GT4,9.B.106
1.E.40,2.A.6,2.A.6,GH133,2.A.63,2.A.63,2.A.63,2.A.63,2.A.63,2.A.63,2.A.63,PfkB,GT9,1.E.43
GH31,3.A.1,GT2,GT2,GT4,GT2,3.A.1,2.A.6,GH13
3.A.1,3.A.1,GT2,GT2,GT8,GT2,GT2,GT2,GT2,GT4,GT4,GT4,GT4,GT4,GT4
GT4,GT2,9.B.18
3.A.1,GH76,3.A.1
GT26,9.B.18,GT4,8.A.3,GT2,GT2
GH8,GT2,3.A.1,3.A.1,3.A.1
GT2,2.A.3
3.A.1,PAS|HATPase_c|HisKA,3.A.1,GT2,3.A.16
5.B.4,3.A.1,3.A.1,8.A.21,9.A.61,3.A.9,2.A.7,3.A.1,2.A.86,2.A.16,GT2,3.A.16
3.A.1,CE9
GH77,NUDIX,Response_reg|GerE,HATPase_c|HisKA,3.A.3,3.A.3,3.A.3,3.A.1,3.A.9
GT83,2.A.49,9.B.160,Glyoxalase,GH65,2.A.49
1.B.42,GAF,Response_reg|HATPase_c|HisKA,GT83,AAA,3.A.15,9.B.174
GT10,3.A.1,GT4,GT4
3.A.1,GH57,GT4,PAS|Response_reg|HATPase_c|HisKA,GT4,Pribosyltran,3.D.1,GAF|HATPase_c|HisKA,3.A.1,3.A.1,3.A.1,3.A.1,3.A.1
GH43,3.A.17,3.A.1
2.A.71,GT19,GH0
CE4,HEAT_PBS,3.A.16,3.A.21
2.A.1,GT4,1.A.33
GH116,8.A.59
3.A.1,LysR_substrate,GT2
3.A.1,3.A.1,2.A.41,GT4,9.B.18,GT26,GH10,HATPase_c|HisKA,9.A.61,CE3,GT2
1.B.76,GH104,Pyr_redox_2,9.B.153,HMA,3.A.3
