2.A.4,2.A.6,2.A.6,2.A.6,HisKA|HATPase_c,Trans_reg_C|Response_reg,GT2,GT83
GT2,GT4,GT4,2.A.51
2.A.38,2.A.38,CBM50,3.A.11,1.B.39
GT9,9.B.34,Aminotran_1_2,Rhodanese,9.B.104,9.B.34
GH9,Peripla_BP_1|HTH_18|Peripla_BP_3,GH43_12,GH115,GH43_1,2.A.1,GH10,8.A.1,2.A.6,HATPase_c,3.A.23,3.A.1,1.B.14,8.A.1
GH13_27,2.A.15,LacI|Peripla_BP_3,2.A.2,GH1
2.A.1,GH3,2.A.1,9.B.97,9.B.157,9.B.157,9.B.157
2.A.21,GT5
1.B.14,GH67,2.A.56,2.A.56,PAS|MCPsignal,CBM41|GH13_13|CBM69,CheD,2.A.7,1.B.3,1.B.52,1.B.14
GH13_4,2.A.1,Glyoxalase,8.A.5,SBP_bac_3,1.I.1,3.A.1,3.A.5,3.A.1,3.A.1,SBP_bac_1,1.C.82
GT2,HTH_11,8.A.5,1.B.70,4.C.1,GerE|Response_reg,2.A.21,2.A.21,CBS|cNMP_binding,9.B.34,2.A.76,TPR_1|TPR_2,2.A.41
8.A.51,GT2|GT2,GH8
GH43_26|CBM13,1.B.14,3.A.1,3.A.1,3.A.1,GH51,GH43_29,2.A.2,GH146,GH43_5,GH43_26,2.A.21,GntR,2.A.102,GH105,9.B.100
GH43_26,2.A.7,1.B.18,GT4,GT2,2.A.66
9.B.146,2.A.103,GT28,CE11,1.A.34,3.A.5,NUDIX,3.A.15,3.A.15
3.A.1,GT4
1.A.30,1.A.30,1.B.14,GH16_3
4.C.3,GH13,3.D.1,3.D.1,3.D.1
4.C.1,GH103,5.A.2,2.A.34,1.B.14
GH23,3.A.1,2.A.15,1.B.9,HxlR,9.B.34
GH2,9.B.34
3.D.2,AsnC_trans_reg,3.A.12,1.B.46,AAA,1.A.43,1.A.14,Aminotran_1_2,GerE|Response_reg,4.F.1,9.B.97,Rhodanese,2.A.76,GH73
GH13_2,2.A.2,GH13,GH13_38
GH16_3,1.B.14,3.D.10,3.D.10
GT81,GH13_18,2.A.66,9.B.104
GT0|GT2|GT4,9.B.34,PHY|GAF|Response_reg,GH43_4,Pribosyltran,3.A.1,2.A.47,GH3,Rhodanese,9.B.102,9.B.102
AA3_2,1.B.71,GT2,GT4,GT4,2.A.6,GT35
2.A.6,1.B.14,GH97
2.A.1,GH23
GH23,9.B.34,GT19,1.B.33
GT2,9.B.146,1.B.18,3.A.1,2.A.17
GH158,3.A.1,AA2,MarR,1.C.113
GT2,GT4,GT4,8.A.3,9.B.18,HTH_1|LysR_substrate,2.A.20,3.A.1,3.A.1,3.A.1,ACT,9.B.34
GH97,Fer4,9.B.27,1.B.14,9.B.34,HD,8.A.5,Glycos_trans_3N,2.A.53
2.A.21,GH23
2.A.115,2.A.5,SIS,GH3,2.A.35
2.A.33,HisKA|HATPase_c|dCache_1|Response_reg,3.A.6,9.B.34,GT2,9.B.18,GT2,3.A.23,Response_reg,2.A.21,1.I.1,9.B.34,2.A.64,2.A.64,2.A.64
GT51,3.A.11,1.B.22,SKI,9.B.34,1.B.71
2.A.21,Aminotran_1_2,8.A.59,1.A.11,GT51
1.B.52,2.A.36,GT30
3.A.11,2.A.36,CBM9
2.A.59,HTH_5,GH13_9,MerR,CE9,1.B.16
