GT4,2.A.66
GT2,3.A.3,Pyr_redox_2,2.A.49,1.A.43,GH13_18,LacI|Peripla_BP_3,2.A.1,MarR,GH13_30,LacI|Peripla_BP_3,GH77,GH13,3.A.1,3.A.1,GH13_14,LacI|Peripla_BP_3,GH13_32|CBM25|CBM41|GH13_14,1.A.33
3.A.1,3.A.1,3.A.1,GH33,GntR,GT51,3.A.7,AAA,LacI,PTS-HPr,8.A.7
GT2,TetR_N,3.A.5,1.A.11
3.A.6,HTH_18|AraC_binding,SBP_bac_1,3.A.1,3.A.1,GH36
2.A.107,GH13_3
GH25,1.E.24
8.A.5,MerR,2.A.69,3.A.1,3.A.1,LacI|Peripla_BP_3,4.C.1,3.A.1,SBP_bac_1,GH42,LacI|Peripla_BP_3,GH53|CBM61,2.A.55,2.A.1,9.B.18
8.A.3,GH23
1.A.1,GT51
3.A.1,3.A.1,GH1
3.A.1,3.A.1,3.A.1,3.A.1,3.A.1,SIS,LacI|Peripla_BP_3,3.A.1,3.A.1,GH42,3.A.1,3.A.1,3.A.1,3.A.1,3.A.1,3.A.1,3.A.1,PALP,2.A.16,2.A.3
2.A.45,HTH_6|SIS,3.A.1,LacI|Peripla_BP_3|Peripla_BP_1,GH13_31,HTH_psq,3.A.1,3.A.1,3.A.1
GT4,Aminotran_1_2,2.A.28
1.E.24,GH25
GH13_9,3.A.1,3.A.1,2.A.109
3.A.1,3.A.1,GerE|Response_reg,3.A.1,3.A.1,3.A.1,3.A.1,2.A.1,TetR_N,2.A.1,CE9,2.A.1
2.A.1,2.A.40,3.A.18,GH13_20,2.A.20,GerE|Response_reg,3.A.1
3.A.1,3.A.1,3.A.1,3.A.1,GH94,GH3
3.A.1,3.A.1,GH36,GH2
3.A.1,GH129,GT5,3.A.1
GH125,LacI|Peripla_BP_3,GH5_18,3.A.1,3.A.1,SBP_bac_1,GH38,GH38
GT28,2.A.103,9.B.146
3.A.1,HTH_11,3.A.16,PfkB,2.A.1,GerE|Response_reg,LacI|Peripla_BP_1,2.A.1,GH32,Nitroreductase,GT2,3.A.1,2.A.1
3.A.1,3.A.1,MarR,GH3,TetR_N,TetR_N,2.A.16,GH5_44,NTP_transf_2,2.A.2,TetR_N,2.A.1,Trans_reg_C|Response_reg,HATPase_c,9.B.20,SpoVT_AbrB,GH3,3.A.1,3.A.1,3.A.1,3.A.1,SBP_bac_5,TetR_N,HTH_18|AraC_binding,GH2,SBP_bac_5,GH43_26
3.A.1,3.A.16,Pribosyltran,3.A.1,GT2,GT2
2.A.2,GH2,LacI|Peripla_BP_3,3.A.1,GH20,3.A.1
GH112,3.A.1,3.A.1,3.A.1,4.A.1
GH13_11,GH77,GH1,3.A.1,3.A.1
2.A.40,3.A.1,3.A.1,3.A.1,3.A.1,Trans_reg_C|Response_reg,HATPase_c|HisKA,2.A.1,GH2,2.A.7,GH65,3.A.1,3.A.1,3.A.1,LacI|Peripla_BP_3,2.A.95
GH0,3.A.1,3.A.1
3.A.9,2.A.69,Pyr_redox,GT2,GT4,3.A.1,3.A.1,GT2,GT2,GH25,HD,2.A.72,3.A.1,3.A.1
3.A.1,3.A.1,MarR,2.A.3,3.A.1,TetR_N,2.A.3,9.B.28,3.A.1,3.A.1,LacI|Peripla_BP_3,3.A.1,Nitroreductase,9.B.74,9.B.74,PALP|ACT,GH13_31,GH36,GH13_30,3.A.1,3.A.1,SBP_bac_1,SBP_bac_1,LacI|Peripla_BP_3,LacI|Peripla_BP_3,3.A.1,3.A.1,SBP_bac_1,GH36,2.A.36,3.A.3,Peripla_BP_3,4.A.1,4.A.1
3.A.1,3.A.1,3.A.1,3.A.1,GntR,4.A.7,4.A.7,GT2,GH3,HTH_3,GH3,Response_reg|LytTR,1.I.1,GH23
