2.A.1,8.A.43,GH20,TetR_N,3.A.1,3.A.1
2.A.1,AraC_binding|HTH_18,Pyr_redox_2,1.A.8,GH2
3.A.3,Penicillinase_R,CE4,9.B.97
2.A.2,Nitroreductase,1.B.12,3.A.1,3.A.1,3.A.1,3.A.1,2.A.1,2.A.1,Aminotran_1_2,GT2,GH25,GH25,2.A.86,3.A.1,GH13_31,HTH_IclR,1.A.35,HxlR,2.A.1,AraC_binding|HTH_18,GH30_9
GH31,2.A.55
4.A.3,HTH_1|LysR_substrate,2.A.1,2.A.37,9.B.144,Response_reg|Trans_reg_C,HisKA|HATPase_c,Peripla_BP_3|LacI,2.A.2,GH65
CE4,GT2,HTH_Mga|Mga,2.A.55,GH36,Sigma70_r4_2,3.A.1
2.A.37,GGDEF,GT2,GH8
2.A.66,Pribosyltran,3.A.16,2.A.17,CE9,GntR,GT26,2.A.66,4.A.6,4.A.6,4.A.6,4.A.6,EAL,3.A.1,2.A.69,3.A.1,3.A.1,3.A.1,3.A.1,3.A.1
GH73,3.A.1
2.A.3,2.A.8,SIS|HTH_6,GH25,3.A.18
2.A.7,2.A.8,GT2,GT0,9.B.126,2.A.86
3.A.9,PTS-HPr,8.A.7,GT4,GT4
3.A.1,2.A.1,GH65
1.C.105,Arg_repressor,GT51
9.B.146,GT28
GH31,2.A.2
2.A.3,9.B.10,9.B.10,3.A.1,Glyoxalase,3.A.1,3.A.1,3.A.1,2.A.109,GH73,9.B.74
GH31,2.A.2,4.B.1
2.A.7,3.A.1,3.A.1,3.A.1,3.A.1,GH3
2.A.1,HD,TetR_N,GH43_11,2.A.1
3.A.3,8.A.5,3.A.5,3.A.5,3.A.5,GT4,GT8,GT2,GT2,9.A.40,HTH_3,2.A.1,3.A.1,Nitroreductase,2.A.1,HMA,3.A.3,8.A.5
CE4,8.A.5,2.A.40
2.A.7,HTH_7,GH65,2.A.2
