9.B.174,Peptidase_M23,GH5_5,GH5_5,GH5_5
2.A.56,GH43_9,Peripla_BP_3|LacI,CE12,AsnC_trans_reg|MarR,1.B.14,3.A.1,3.A.1,3.A.1
GT25,Rhodanese,1.B.1,HisKA|HATPase_c,3.A.23,2.A.1
8.A.5,1.B.14,9.B.35,Pyr_redox_2,CE4
GH5,2.A.1,8.A.59
1.C.65,PL3_1
3.A.6,3.A.6,3.A.6,3.A.6,3.A.6,3.A.6,GH23,1.A.23,9.B.34,GT5,CBM48|GH13_9,GH13_10,GH77,GH13_26,CBM48|GH13_11,Pyr_redox_2,2.A.6,TetR_N,1.I.1
2.A.3,1.A.35,GH37,GAF,9.B.34,MCPsignal|dCache_2,GH5_1|CBM2,2.A.53,9.B.34,GT2,8.A.59
3.A.23,PfkB,9.B.157,9.B.157,2.A.103,GH28,GH103
1.B.14,1.B.22,3.A.15,3.A.15,3.A.15,3.A.15,3.A.15,1.B.14,GH89,GntR,2.A.1,Peripla_BP_3|LacI,SIS,CE9,1.B.14,HD,AA3_2,2.A.15
9.B.146,2.A.103,GT28,CE11,Peptidase_M23,3.A.5,NUDIX,GH158,Glyoxalase,GH13_27
GH98|CBM35,PfkB,2.A.41,1.B.14,2.A.7,3.A.1,3.A.1,3.A.1
3.D.2,Sigma70_r4_2|Sigma70_r2,3.D.2,3.D.2,CBM5,GH30_8,9.B.126,GT41,TPR_2,1.B.46
1.A.23,3.D.1,Pyr_redox_2,1.B.6,Aminotran_1_2,3.A.1,3.A.1,3.A.1,3.A.1,1.B.71,CBM32
3.A.23,Citrate_synt,1.B.14,1.B.14,GT51
2.A.1,GT83
2.A.21,2.A.21,GH43_12,1.B.14,3.A.5,HisKA|HATPase_c|Response_reg,CheB_methylest,CheR_N|CheR,HisKA|HATPase_c|GAF|Response_reg,2.A.21,Response_reg,GH16_3,GH51,9.B.14,3.A.5
GT19,1.B.33
1.B.17,8.A.1,2.A.1,GH3,2.A.17
GH103,1.B.14,2.A.49
3.A.7,3.A.7,3.A.7,GH23,3.A.7,3.A.7,GH19
GH97,GH0|CBM35,2.A.2,GH13_2
1.B.18,8.A.3,9.B.18,9.B.30,9.B.97,9.B.97,GT4,GT94,2.A.66,GT70,GT26
GH23,3.D.3,3.D.3,1.A.12,1.B.52
GH95,3.D.4,3.D.4,3.A.1,3.A.1,CSD,TPR_2,9.B.14,9.B.14,3.A.1,3.A.1
GH144,SBP_bac_1,3.A.1,3.A.1,CBM32
GT0|GT2,3.A.6,3.A.6,3.A.6,3.A.6,EAL|MHYT|GGDEF,3.A.6,1.A.104
2.A.6,2.A.6,3.A.5,HTH_11|AsnC_trans_reg,GT32,Pribosyltran,GH9
1.B.14,GH43_29,GH121,1.B.14,GH35,2.A.3
1.B.20,CE4|GH153|GH153,GT2
GH5_8,GGDEF|EAL|GAF,2.A.21,GH3
2.A.1,GH95,GH31,GH35,1.B.14,1.B.14
3.A.16,CBM50
2.A.20,9.A.40,2.A.1,3.A.1,B12-binding,GT4,GT4,GT2,2.A.66
GH108,2.A.53
1.B.42,1.B.42,4.A.2,4.A.6,8.A.8,8.A.7,1.A.26,3.D.4,3.D.4,2.A.3,PL1_3,GerE|Autoind_bind,2.A.3
1.C.113,9.B.121,CBS,GT2,GT51,1.B.14
1.B.14,GH29,GH18,GH20,GH2,GH3,GH35,2.A.3,PfkB,GH4,GH125,GH92,GH35,GH33,9.B.158,CheW,CheB_methylest,CheW|HATPase_c|H-kinase_dim|Response_reg,1.B.52
1.B.14,GH15,GT20
3.A.23,3.A.15,3.A.15,3.A.15,3.A.15,3.A.15,HisKA|HATPase_c,Trans_reg_C|Response_reg,CBM48|GH13_11
1.M.1,GH108
1.B.14,1.I.1,3.A.15,CBS|PALP,3.A.1,3.A.1,GT4|GT4,GT2,GT2
1.B.22,GT0,GntR,1.B.14,GT2,GT2,GH113,GT2,4.D.3,GH8,1.B.55,GH12,PL4_1
GH13_4,2.A.2,Peripla_BP_3|LacI,2.A.11
8.A.5,LysR_substrate|HTH_1,2.A.1,2.A.21,2.A.23,GT4,GT30,2.A.6
GT51,3.A.11,1.B.22
2.A.6,2.A.6,GH97,GH2,1.B.14,Peripla_BP_3|LacI,1.A.22,2.A.47
8.A.5,GT2,2.A.3
3.A.23,3.D.4,3.D.4,GT4,Pyr_redox,GH1,3.A.1
GT2,9.B.67,GT83,CBM50,3.A.7
2.A.3,9.B.44,GH3,9.B.126,2.A.28
GT2,2.A.123
9.B.97,GT1
1.B.14,3.A.1,HTH_3,GH39,2.A.4,1.B.14,3.A.1,3.A.1,9.B.122,2.A.109,1.A.26,2.A.37,GH15,8.A.28,GT2,2.A.6
2.A.1,IclR|HTH_IclR,2.A.107,2.A.21,GH115,GH94,2.A.2,SKI,9.B.22,1.B.33
GH10,2.A.2,GH43_1
2.A.46,PAS|GAF|PHY,2.A.1,GH103,2.A.102
2.A.3,GH92,1.E.55,9.B.34,Diacid_rec|HTH_8,2.A.1,2.A.109
