2.A.8,SKI,2.A.95,CBM48|GH13_9,CBM48|GH13_11,GT5,GT35,Pyr_redox_2,DeoRC|HTH_DeoR,9.B.104,HTH_DeoR|PfkB,2.A.1,Rhodanese,GerE,GT35,GH77,Pribosyltran,9.A.8,9.A.8,9.A.8
GT51,1.B.22
1.A.16,NIR_SIR_ferr|Pyr_redox_2|NIR_SIR,2.A.1,Peripla_BP_3|LacI,GH4,4.A.3
3.A.1,2.A.58,1.C.75,1.B.20,2.A.28,ACT,1.B.73,3.A.1,3.A.1,3.A.1,GH13,3.A.1,1.B.3,Peripla_BP_1|LacI,2.A.1,LexA_DNA_bind,2.A.66
1.B.76,PfkB,GH23,4.A.3,4.A.3,4.A.3,GH1,HTH_18,9.B.27,1.A.30,1.A.30,Peripla_BP_3|LacI,GH32,4.A.1,1.B.15,1.B.20,1.B.6,CBM32,2.A.88,HTH_3,GerE,2.A.52,5.A.3,3.D.1,3.D.1,3.D.1,3.D.1,3.D.1,3.D.1
GH43_26,2.A.2,2.A.3
GT51,1.B.14,3.A.1,3.A.1,3.A.1
9.B.36,CBM50,3.A.1,HTH_1|LysR_substrate,TetR_N,2.A.15,HTH_1|LysR_substrate,3.A.1,3.A.1,3.A.1,1.B.17,1.B.11,GerE|Response_reg,GerE,3.A.1,2.A.1,3.A.1,HTH_1|LysR_substrate,2.A.1,HTH_1|LysR_substrate,3.A.1,Peripla_BP_3|LacI,4.C.1,2.A.1,8.A.5,2.A.109,NUDIX,4.A.2
3.A.7,GH102
1.B.33,GT19
9.B.99,HTH_1|LysR_substrate,GT35,SpoIIE|Response_reg,STAS,HATPase_c,9.B.34,EAL|GGDEF|GAF,GH2,2.A.21,GT2,1.B.33
4.A.1,9.B.8,GH23,HATPase_c|HisKA,3.A.23,HTH_1|LysR_substrate,3.A.1,3.A.1,3.A.1,Aminotran_1_2,2.A.1,2.A.113
9.A.41,GT51
2.A.1,GH31
1.B.12,HxlR,2.A.1,GH68
1.B.14,2.A.6,GerE|Response_reg,HATPase_c,Fer4,5.A.3,5.B.5,NUDIX,AA10,HTH_1|LysR_substrate,GH18,1.E.2,1.E.2,2.A.3
GH103,1.B.1,2.A.7,HTH_1|LysR_substrate,1.A.16,3.A.1,3.A.1,9.B.14,3.A.1,9.B.14,3.A.1,1.B.9
2.A.47,NTP_transf_2,2.A.7,HTH_1|LysR_substrate,2.A.1,GntR,2.A.1,SBP_bac_5,3.A.1,3.A.1,3.A.1,3.A.1,GT9,HTH_1|LysR_substrate,Nitroreductase,HTH_3,2.A.7
GH2,1.B.14
2.A.66,AraC_binding|HTH_18,GH4,2.A.1,4.C.1
GH129,9.B.20,3.A.3
2.A.1,GerE|Response_reg,Peripla_BP_3|LacI,2.A.2,GH91
3.A.1,3.A.1,3.A.1,2.A.21,2.A.108,2.A.108,2.A.108,1.B.14,2.A.19,HTH_1|LysR_substrate,3.A.1,3.A.1,3.A.1,3.A.1,3.A.1,SBP_bac_5,ANTAR|NIT,3.A.1,3.A.1,3.A.1,NIR_SIR_ferr|Pyr_redox_2|NIR_SIR,3.A.15,1.B.54,GerE|Response_reg,HATPase_c,Trans_reg_C,9.B.146,1.B.18,8.A.3,2.A.66,GT2,GT4,GT2,GT2,GT2,5.A.3,5.A.3,5.A.3
2.A.1,2.A.107,4.A.6,4.A.6,4.A.6,2.A.109,EAL,NUDIX,GT2,3.A.18,8.B.24,2.A.1
3.A.1,3.A.1,3.A.1,CBM50,1.A.25,SIS|HTH_6,2.A.7,2.A.7,4.C.1,CbiA,GH103,5.A.2,2.A.34,GntR,9.B.97,Pyr_redox,2.A.1,3.A.1,SBP_bac_5,3.A.1,3.A.1,9.B.12,9.B.99,GH18
3.A.23,3.A.1,1.A.35,Glyoxalase,HTH_3,PL38,Fer4,2.A.7
2.A.7,3.A.1,3.A.1,3.A.1,HATPase_c|HisKA,HTH_1|LysR_substrate,Glyoxalase,3.A.1,1.A.26,2.A.4,AraC_binding|HTH_18,1.B.17,1.A.23,HTH_1|LysR_substrate,3.A.1,3.A.1,GH4,3.A.1,GH13_31,Peripla_BP_1|Peripla_BP_3,3.A.1,3.A.1,PfkB,3.A.1,3.A.1,9.B.34,3.A.5,2.A.89
GH1,SIS|HTH_6,2.A.1
GH36,Peripla_BP_1|LacI,2.A.6,TetR_N,4.A.3,GH1,4.A.3,4.A.3,Peripla_BP_3|LacI,1.B.33,9.B.99
2.A.113,Peripla_BP_3|LacI,1.B.3,4.A.1,GH42,GH53,3.A.1,3.A.1,3.A.1,3.A.1
GT81,2.A.1
GH1,4.A.1,3.A.1
2.A.1,GH13_31,4.A.1,GH4,GH18,AA10,MarR,SBP_bac_1,3.A.1,3.A.1,PfkB,3.A.1,2.A.1,8.A.5,2.A.7,2.A.49,CbiA,HTH_1|LysR_substrate,2.A.1
3.A.1,3.A.1,3.A.1,EAL,2.A.7,GT83,GT2,3.A.1,3.A.1
2.A.95,Peripla_BP_2,2.A.42,GH23,3.A.1,3.A.1,3.A.1,3.A.1
2.A.1,SBP_bac_3,3.A.1,3.A.1,2.A.1,GH32,Peripla_BP_1|LacI,Aminotran_1_2,3.A.1,3.A.1
4.A.1,GH4,SIS|HTH_6,Glucokinase,3.A.1,3.A.1,3.A.1,2.A.53
AA10,1.B.46,Pribosyltran,2.A.53
2.A.17,HTH_18,2.A.6,2.A.6,Rrf2,Pyr_redox_2,GH3
GT2,2.A.36,3.A.1,3.A.1,2.A.6,2.A.1,4.F.1,GerE|Response_reg,9.B.72
2.A.40,2.A.7,HTH_3,HTH_3,2.A.76,AA6
3.A.1,3.A.1,3.A.1,GH39,2.A.66,9.B.18,GT4,GT4,8.A.3,1.B.18,2.A.109,2.A.61,3.A.1,Peripla_BP_1,2.A.1,1.E.14,2.A.122,9.B.114,3.A.1,3.A.1,3.A.1
1.B.11,EAL,GerE,AA3_2,TetR_N,2.A.15
GH3,HTH_1|LysR_substrate,Aminotran_1_2,3.A.1
2.A.1,GH20,1.B.25,CE9,MarR,GH18|CBM12
8.A.5,GT83
8.A.1,2.A.6,3.A.1,3.A.1,3.A.1,HHA,AA10|CBM73,3.A.15,3.A.15,3.A.15,3.A.15,3.A.15,1.B.22
2.A.6,2.A.6,3.A.5,CBM34|GH13_21,1.A.23,2.A.3,2.A.26
3.A.23,9.B.186,3.A.23,3.A.23,3.A.23,3.A.23,3.A.23,GT60,3.D.5,3.D.5,3.D.5,3.D.5,3.D.5,3.D.5,3.D.5
1.B.14,CE4
2.A.6,GT2
3.A.9,1.B.33,1.B.75,1.E.25,GH24
2.A.1,AraC_binding|HTH_18,GH1,4.A.3,4.A.3,HTH_1|LysR_substrate,8.A.5,Sigma70_r2|Sigma70_r4|Sigma70_r3,CBM50
3.A.15,NUDIX,3.A.5,CE11,GT28,2.A.103,9.B.146
2.A.79,2.A.76,2.A.37,2.A.37,GT1,HTH_1|LysR_substrate,9.B.105
GH23,GGDEF,1.B.6,3.A.1,HTH_1|LysR_substrate,4.B.1
GT20,9.B.10,2.A.1,AraC_binding|HTH_18,Peripla_BP_3|LacI,GH1
2.A.53,1.B.42,1.B.42,AA3_2,3.A.1
GH20,3.A.3
4.A.1,GH13_29,2.A.37
CBM50,2.A.25,1.A.23,3.D.10,3.D.10,2.A.7
1.A.34,Aminotran_1_2,GT9,GT9,GT4,9.B.67,GT2,GT9,GT9,GT4,GT4,GT9,GT30
GH13_19,2.A.1,PfkB,Peripla_BP_3|LacI,9.B.186,Autoind_bind|GerE,2.A.1,4.A.2
4.A.1,GH1
2.A.1,3.A.1,3.A.1,3.A.1,3.A.1,3.A.1,CbiA,GT2,4.D.3,GH8,1.B.55,EAL|GGDEF,2.A.23,1.I.1,3.A.6,9.B.146,GT0,Aminotran_1_2,2.A.66,9.B.128,GT26,2.A.3,TPR_2,HEM4,9.B.21
