GH50,1.B.6
3.A.1,1.A.8,DeoRC|HTH_DeoR,3.A.1,3.A.1,3.A.1,3.A.1,HATPase_c|HisKA|dCache_1,3.A.23,LysR_substrate|HTH_1,NUDIX,GT0,PadR,1.B.19
GH23,9.B.62,GT41,LysR_substrate|HTH_1,2.A.1,TetR_N,2.A.6,2.A.6,2.A.6,LysR_substrate|HTH_1,2.A.1,HTH_IclR|IclR,2.A.20,1.B.52,GT4
GT51,3.A.1,3.A.1,3.A.1
CBM50,Fer4,1.A.62,1.A.30,1.A.30,Rhodanese,2.A.25
2.A.6,GT30,2.A.7,PfkB,3.A.1,9.B.67,GT4,PIG-L,GT4,2.A.21,2.A.1,3.A.18,Pyr_redox_2,2.A.85
GH102,2.A.7,2.A.36,SBP_bac_3,1.I.1
2.A.64,1.B.52,3.A.1,3.A.1,3.A.1,GT2
GT51,Sigma70_r2|Sigma70_r4,3.A.1,3.A.1,3.A.5
2.A.1,2.A.23,LysR_substrate|HTH_1,2.A.1,Pyr_redox_2,GATase_2,9.B.42,SKI,1.B.22,GT51,3.A.11,1.B.14
2.A.37,PfkB,9.B.10,9.B.10,GT0,GT2
2.A.21,2.A.6,2.A.6,2.A.6,1.B.25,Response_reg|Trans_reg_C,LysR_substrate|HTH_1,AA3_2,2.A.1
2.A.6,GT2
1.A.23,2.A.36,AA3_2,TetR_N,2.A.15,9.B.174,1.A.34
2.A.103,GH103,GH0,GH103
5.A.1,1.B.52,9.B.34,NUDIX,2.A.66,GT51
2.A.106,9.B.164,Response_reg,HATPase_c,SpoVT_AbrB,9.B.186,CbiA,GT4,1.B.52,2.A.121
9.B.146,2.A.103,GT28,CE11,3.A.5,NUDIX,2.A.21,1.A.23,2.A.1,2.A.1
2.A.1,LysR_substrate|HTH_1,1.B.14,3.A.1,3.A.1,3.A.1,2.A.1,3.A.23,HATPase_c|HisKA|dCache_1,GH3,2.A.53,GntR,3.A.9,9.B.10,9.B.34,2.A.80,2.A.80,2.A.80,1.B.25
GT2,2.A.36
1.B.33,GT19
GH17,3.A.1,2.A.86
GT2,GT2|GT2,3.A.1,GT2
1.B.10,9.B.43,CE4,9.B.35
GH104,Sigma70_r2|Sigma70_r4_2,FecR,1.B.14
GH23,3.A.1,3.A.1
2.A.86,3.A.9,GntR,3.A.1,3.A.1,3.A.1,3.A.1,3.A.1,3.A.3,3.A.3,3.A.3,HATPase_c|HisKA,Response_reg|Trans_reg_C,3.A.1,3.A.1,3.A.1,3.A.1,3.A.1,GH23
GH15,2.A.23,LysR_substrate|HTH_1,2.A.109
GH104,5.A.3,5.A.3,5.A.3
GH13_33,1.B.14,STAS,STAS,HATPase_c,SpoIIE,2.A.21,2.A.21
GT2,GT2,GT4,9.B.18
1.B.25,3.A.1,3.A.1,Peripla_BP_2,9.B.169,GT1
GT2,HTH_18,1.B.14,9.B.34
9.B.34,2.A.47,9.B.34,2.A.1,2.A.1,2.A.6,AraC_binding|HTH_18,3.A.9,GT5,GH13_10,GH77,GH13_26,CBM48|GH13_11
3.A.1,GntR,CBM48|GH13_9,GH13_16,GH13_3,4.C.1,3.B.1
GH3,TetR_N,LexA_DNA_bind,3.A.7,3.A.1,GH23,5.A.1,4.C.1
2.A.76,2.A.3,GH0,3.A.1,3.A.1,3.A.1
9.B.1,1.I.1,2.A.102,MarR,GT104,2.A.1,MarR,2.A.16
GT107|GT107,9.A.41,GT107|GT107,LysR_substrate|HTH_1,2.A.3
2.A.1,GH5_48
