PL9,3.A.2,3.A.2,3.A.2,3.A.2,3.A.2,3.A.2,3.A.2,3.A.2,1.A.77
GH33,2.A.1,LacI|Peripla_BP_1|Peripla_BP_3,2.A.47,PAS|dCache_1|HATPase_c,Response_reg,2.A.24,1.B.52,3.A.1,3.A.1,3.A.1,3.A.1,3.A.1,HTH_3,CbiA,GT2,4.D.3,1.B.55,GH8,2.A.23,PfkB,9.B.126,2.A.1,2.A.88,3.A.5,3.A.1,3.A.1,Sigma70_r4|Sigma70_r2,3.A.1,3.A.1,3.A.1,3.A.1,3.A.1,Aminotran_1_2,MCPsignal,1.B.52,1.B.52,MCPsignal,1.B.52,1.B.52,3.A.1,3.A.1,3.A.1,3.A.1,2.A.69
2.A.21,GH28,1.I.1,3.A.6,GT0,Aminotran_1_2,2.A.66,GT56,9.B.128,GT26,2.A.3,3.A.1,3.A.1,3.A.1,3.A.1
2.A.95,CSD,9.B.33,CBM48|GH13_9,GH13_11,GT5,GT35,Pyr_redox_2,Rhodanese,2.A.1,PfkB|HTH_DeoR,9.B.104,DeoRC|HTH_DeoR,GT35,GH77,Pribosyltran,3.A.25
GT51,1.B.22
3.A.1,GH23
9.B.146,2.A.103,GT28,CE11,3.A.5,NUDIX,3.A.15,3.A.15,1.B.10,9.B.125,2.A.3
1.B.52,GH33
3.A.1,3.A.1,3.A.1,SBP_bac_1,GH105,3.A.1,3.A.1,3.A.1,LacI|Peripla_BP_3,9.B.34
3.A.1,LysR_substrate|HTH_1,3.A.1,4.A.3,4.A.3,GH1,4.A.3,GntR,LacI|Peripla_BP_3,4.C.1,2.A.1,9.B.34,9.A.4,3.A.15,9.B.34
CBM50,Sigma70_r4|Sigma70_r2|Sigma70_r3,3.A.1,3.A.1,3.A.1,GH23
GT51,2.A.49,3.A.1,HD,Diacid_rec,3.A.1,3.A.1,3.A.1,3.A.1
3.A.1,3.A.1,ANTAR|SIS,GH23,HisKA|HATPase_c,3.A.23,CE8,CE12,PL1_6,Aminotran_1_2,2.A.1,2.A.113,3.A.1,3.A.1
3.A.1,3.A.1,3.A.1,3.A.1,Response_reg,PAS|HisKA|HATPase_c,4.A.7,GntR,PL3_5
5.A.3,5.A.3,5.A.3,2.A.1,GT2,ANTAR|NIT,3.A.1,3.A.1,Pyr_redox_2|NIR_SIR_ferr|NIR_SIR,3.D.1
3.A.1,Aminotran_1_2,LysR_substrate|HTH_1,MCPsignal,GT1,3.A.1,4.C.1
1.M.1,GH104,1.E.3,MCPsignal,FlhD,FlhC,1.A.30,1.A.30,CheY-binding|CheW|H-kinase_dim|HATPase_c,CheW,1.B.52,CheR_N|CheR,Response_reg|CheB_methylest,Response_reg,CheZ,3.A.6,3.A.6
GH73,3.A.6,3.A.6,3.A.6,3.A.6,3.A.6,3.A.6,3.A.6,3.A.6
GT41,GT2,Sigma70_r4|Sigma70_r2|Sigma70_r3,1.B.52,TetR_N,AA3_2
GT2,2.A.1
4.A.1,GH3,Pyr_redox_2,LacI|Peripla_BP_3,2.A.1,GH31,EAL,3.A.1,3.A.1,3.A.1,Glucokinase,3.A.1,3.A.1
4.A.1,GH1,2.A.66,3.A.1
9.A.18,3.A.6,Sigma70_r2|Sigma70_r4_2,PAS|HATPase_c,Response_reg|GerE,3.A.23,GH103,1.B.20
9.B.34,9.B.1,PL22|PL22
2.A.7,2.A.23,3.A.1,3.A.1,3.A.1,3.A.1,PL2_2
3.A.1,3.A.1,1.B.17,2.A.72,9.B.97,Sigma70_r2|Sigma70_r4_2,GT81,CbiA,MarR,LysR_substrate|HTH_1,2.A.1
CBM50,3.A.1,3.A.1,3.A.1,AAA,2.A.52
PL9,3.A.1,3.A.11,2.A.3
2.A.1,MarR,1.B.6,2.A.7,3.A.1,3.A.1,3.A.1,Glycos_trans_3N,GH3
4.C.1,2.A.1,AraC_binding|HTH_18,GH3,1.E.14,2.A.122
9.B.12,CBM32,CBM32,LysR_substrate|HTH_1,2.A.69,3.B.1,3.B.1,3.B.1,Response_reg|CheW,3.A.1,3.A.1,3.A.1,3.A.1,LysR_substrate|HTH_1,3.A.1,3.A.1,3.A.1,9.B.34,2.A.1,GH36,LacI|Peripla_BP_1,5.A.3,5.A.3,5.A.3
3.A.1,3.A.1,2.A.23,LysR_substrate|HTH_1,3.D.1,3.D.1,3.D.1,3.D.1,3.D.1,3.D.1,3.D.1,3.D.1,3.D.1,3.D.1,3.D.1,3.A.23,2.A.23,LysR_substrate|HTH_1,LacI|Peripla_BP_3,GH2
2.A.66,GT2,9.B.18,GT2,GT4,GT4,8.A.3,1.B.18,2.A.109,9.B.22,3.A.1
4.A.1,CE9,MarR,2.A.7,9.A.40,3.A.1,3.A.1,3.A.1,3.A.1,1.B.42,2.A.103,2.A.64,1.A.43
GT19,1.B.33
4.A.2,NUDIX,2.A.109,8.A.5,1.B.12,HhH-GPD,GH23,2.A.3
3.A.7,GH23,GH23,3.A.15
3.A.1,3.A.1,3.A.1,SBP_bac_3,HTH_6|SIS,3.A.9,HTH_3,CE4,GntR,2.A.39,3.A.9,3.A.1,3.A.1,3.A.1,2.A.1,MarR,8.A.1,2.A.1,2.A.1,3.A.9,1.B.33
2.A.53,3.A.1,GH103
GT2,GT4,GT2,GT4,8.A.3,1.B.18,9.B.146,HTH_3,2.A.2,4.C.1,9.B.136,2.A.21,2.A.36,2.A.40,3.A.1,3.A.1,3.A.1,3.A.1
GT4,GT4,GT2,8.A.3,9.B.18,MerR,3.A.3
GT2,3.A.1,3.A.1,3.A.1,3.A.1,1.B.52
GH1,4.A.1
1.B.3,4.A.1,GH32
3.A.1,3.A.1,3.A.1,3.A.1,3.A.1,3.A.1,3.A.1,2.A.40,Fer4,Aminotran_1_2,GT2,GT83,2.A.7,2.A.7,Glyoxalase,2.A.9
