3.D.4,3.D.4,3.A.1,3.A.1,MarR,3.A.1,3.A.1,GT51,Peptidase_M23,3.A.14
3.A.1,GH13_31,CBM41|CBM41|GH13_12
3.A.1,1.A.23,GH13_28,GH13_28,CbiA,9.B.33,Response_reg|LytTR,1.E.14,2.A.122
GT2,Glyoxalase,Nitroreductase,Peripla_BP_3|LacI,GH13_5,GT4,GT4,3.A.1
1.A.11,GH73
9.B.55,2.A.88,GH25,2.A.103
GT2,3.A.1
9.B.2,PTS-HPr,8.A.7,CE4
8.A.43,EPSP_synthase,2.A.2,GH2
GH3,GntR|CBS,9.B.126
GH1,HTH_11|Mga,4.A.3,4.A.3,4.A.3,3.A.1,3.A.1,4.C.1,2.A.50,3.A.1,CBM34|GH13_20,3.A.1,LacI,3.A.1,3.A.1,3.A.1,Peripla_BP_3|LacI,GH77,GT35,Rhodanese,2.A.16
3.A.1,3.A.1,3.A.1,CE1,3.A.1
3.A.5,Sigma70_r4,GntR,2.A.37,Sigma70_r4_2,3.A.1,3.A.1,3.A.1,3.A.1,3.A.1,3.A.1,GH73,HisKA|HATPase_c,Trans_reg_C|Response_reg,3.A.1,3.A.1
3.A.1,3.A.1,GH23
CE4,3.A.9
3.A.1,3.A.1,3.A.1,3.A.1,3.A.1,GH73,GH73
GT2,GT2,GT0,3.A.1,GT2,GT4,Sigma70_r4|Sigma70_r3|Sigma70_r2,1.A.22,3.A.1,Aminotran_1_2,3.A.1
3.A.2,3.A.2,3.A.2,3.A.2,GT5,CBM48|GH13_9,CBM41|CBM48|GH13_14,2.A.88,3.A.1,3.A.1,3.A.1,Nitroreductase,1.C.61
4.A.6,4.A.6,4.A.6,4.A.6,GH35,GntR,SIS,GntR,3.A.1
PL8_1,PfkB,4.A.6,GH88,4.A.6,4.A.6,4.A.6,PL12_1,Peripla_BP_3|Peripla_BP_1|LacI,3.A.3
GH2,Response_reg|HTH_18,8.A.59,SBP_bac_1,3.A.1,3.A.1,GH92,GH1,GH84,GntR|Peripla_BP_3,GH125,GH38,4.C.1
GT51,2.A.3,Pyr_redox_2,3.A.1,3.A.1,SBP_bac_3,3.A.18,9.B.146
CE9,2.A.58,TetR_N,1.A.62,PfkB,4.A.5,DeoRC|HTH_DeoR,HMA,3.A.3
1.A.33,HTH_11,GH73,2.A.7,8.A.7
8.A.5,3.A.1,3.A.1,3.A.1,3.A.1,3.A.1,3.A.1,3.A.1,3.A.1,8.A.43,GH73,3.A.5,4.A.1,GH32,Peripla_BP_3|LacI,3.A.11,3.A.7
3.A.7,GH13_21,3.A.1,3.A.1,Peripla_BP_3|LacI,Glyoxalase,1.A.8
4.A.7,4.A.7,4.A.7,1.C.12,GT51
GH13_29,4.A.1
