3.A.1,2.A.5,1.A.78,GH1,4.A.3,HTH_6|SIS,3.A.1,3.A.1,3.A.1,3.A.1
9.A.24,Response_reg|LytTR,9.B.14,HTH_18|AraC_binding,SBP_bac_1,3.A.1,3.A.1,GH31
3.A.18,9.B.74,2.A.3,3.A.1,3.A.1,3.A.1,3.A.1,3.A.3,GH105,2.A.56,2.A.56,2.A.56
AA10,AA10,2.A.11
4.A.3,GH1
2.A.23,4.A.1,GH1,8.A.5,4.A.3,4.A.3,4.A.3
GH13_31,MarR,8.A.5,3.A.1,3.A.1
GH65,4.A.1,PadR,MerR,2.A.1,3.A.1
3.A.1,HTH_6|SIS,4.A.1,GH4,SpoVT_AbrB,GH73,Peripla_BP_1|LacI,3.A.1,2.A.86,GH13_29,2.A.86,3.A.1,Response_reg|LytTR,9.B.14
4.A.2,4.A.2,GntR,SIS,4.A.6,4.A.6,4.A.6,4.A.6,GH1
2.A.1,TetR_N,3.A.7,3.A.1,3.A.1,3.A.1,GH1,1.C.12,3.A.12,8.A.58,3.A.1,3.A.1,3.A.1,3.A.1,3.A.1
2.A.3,2.A.88,3.A.1,3.A.1,3.A.1,3.A.1,HTH_3,GH18|CBM5,SIS,2.A.118,3.A.1
CBM5,4.A.3
9.B.146,GT28,9.A.4
9.B.126,GT2
3.A.1,3.A.1,GT2|GT2,9.B.18,GT2,GT2,GT2,9.B.116,HATPase_c,Response_reg|GerE,1.A.26,2.A.38
CBM12|CBM5,9.A.24,CBM12|CBM5,AA10
2.A.86,9.A.40,3.A.9,PTS-HPr,8.A.7,GT4,GT4
PL33_2,LacI|Peripla_BP_3,GH154,GH88,SBP_bac_1,3.A.1,3.A.1
4.A.3,GH1,PfkB,3.A.3,2.A.6,2.A.103,2.A.103,8.A.5,GT2,2.A.1,3.A.3
CE9,GyrI-like|MerR,3.A.3,2.A.85,2.A.85,GH73,Pribosyltran,2.A.40
AA10,Mga|HTH_11,3.A.7,GH23
GH42,GH36,4.A.3,LacI|Peripla_BP_3,HTH_6|SIS,TetR_N,3.A.1
3.A.1,GH13_31
3.A.1,3.A.1,3.A.1,CBM34|GH13_20,4.C.1
3.A.1,2.A.7,GH38,4.A.2,4.A.2,4.A.2,Mga|HTH_11,3.A.9,4.A.3,4.A.3
3.A.1,3.A.1,3.A.1,Response_reg|HTH_18,8.A.59,GH2,GH36,LacI|Peripla_BP_3,MerR,3.A.1,3.A.1
3.A.1,3.A.1,GH53|CBM61,4.A.3,4.A.3,GH1,HTH_DeoR|DeoRC,1.A.33
2.A.66,GT2,GT4,9.B.18,Aminotran_1_2,9.B.18,8.A.3,8.A.3
GH1,GH4,HTH_6|SIS,4.A.1,3.A.1,3.A.1,2.A.55,MerR,GT51
GH18|CBM5,GH18|CBM5,TetR_N,3.A.1,4.A.7
3.A.3,HTH_3,GH1
4.A.3,GntR,GH1,4.A.1,2.A.1,3.A.1,3.A.1,9.B.75,9.A.28
1.B.42,3.A.1,3.A.1,3.A.1,2.A.103,HTH_1|LysR_substrate,2.A.98,GT2,GH19,GH43_26,GH2,3.A.1,3.A.1,SBP_bac_1,MarR,Aminotran_1_2,4.A.1
2.A.86,GH43_26,GH51,3.A.1,3.A.1,SBP_bac_1,GH51
4.A.6,4.A.6,4.A.6,4.A.6,AAA,GH38,4.A.2,4.A.2,4.A.2,Mga|HTH_11,3.A.1,3.A.1,GntR|TrkA_C,GH25,3.D.2
PL8,4.A.6,4.A.6,4.A.6,GntR,GH88,GH35,2.A.86,9.B.20,2.A.1
4.A.1,GH32
GH43_11,CE8,GH28,GH105,SBP_bac_1,3.A.1,3.A.1,HTH_18,CE12,GT51,GyrI-like,GH38,GH125,GntR|Peripla_BP_3,GH92,Response_reg|HTH_18,8.A.59,9.B.28,SBP_bac_1,3.A.1,3.A.1,2.A.66,4.A.3,4.A.3,Mga|HTH_11,GH73,3.A.1,3.A.1,CE1,2.A.1,3.A.16
3.A.7,GCN5L1,3.A.1,3.A.1,Peripla_BP_3,3.A.1,3.A.1,GH43_11,MarR,4.A.2,4.A.2,4.A.2
3.A.7,PL1
