2.A.38,2.A.109,GT28,2.A.1,2.A.25,2.A.86,1.A.26
CBM50,3.A.5,Pribosyltran,3.A.11,9.B.146,GGDEF,2.A.79,2.A.79
GT2,9.A.40,CE9,4.A.2,PfkB,HTH_DeoR|DeoRC,2.A.1,8.A.5,9.B.10,MarR,3.A.1,3.A.1
CBM50,2.A.20
2.A.120,3.A.1,3.A.1,3.A.1,2.A.115,2.A.41,3.A.1,GT2,3.A.1,3.A.1,GT26,FeoA|Fe_dep_repr_C|Fe_dep_repress,3.A.1,3.A.1,3.A.1,2.A.36,2.A.63,2.A.63,2.A.63,2.A.63,2.A.63,2.A.63,2.A.7
CE6,9.B.97,GT4
GH13_29,4.A.1,Pyr_redox_2,GATase_2,HTH_1|LysR_substrate,9.B.141,NUDIX,CBM50|CBM50,2.A.22,2.A.26,2.A.1
2.A.38,CBM50
3.A.7,GH25,1.A.23,3.A.1,3.A.1,3.A.1,4.C.1,2.A.1,2.A.103
GH73,9.B.74,GT2,1.A.23,PadR,HTH_6|SIS,4.A.3,4.A.3,2.A.119,HTH_5,ArsD,3.A.4,Pyr_redox_2|Rhodanese,HTH_5,2.A.45,HTH_5,3.A.3,2.A.77
3.A.3,HTH_5,TetR_N,HTH_18|AraC_binding,2.A.2,GH2
AA3_2,GT2,Nitroreductase,2.A.1,3.A.1,2.A.8,HTH_DeoR|DeoRC,3.A.1
GH23,Aminotran_1_2,HMA,3.A.3,2.A.53,3.A.1,3.A.1,2.A.47,2.A.15,TetR_N,2.A.6,GH0,2.A.1,2.A.1,2.A.15,2.A.6,2.A.35,HTH_1|LysR_substrate,1.E.14,2.A.122,2.A.118
2.A.8,2.A.120,HTH_18,2.A.2,GH3
2.A.1,2.A.14,GT4,HisKA|HATPase_c,Trans_reg_C|Response_reg,3.A.1,MarR,2.A.1,TetR_N,2.A.1,1.A.35,2.A.27,PadR,2.A.35,3.A.1
3.D.1,GH73,Pyr_redox_2,2.A.7,2.A.7,2.A.35,3.A.7,MarR,3.A.1,3.A.1,SBP_bac_3,3.A.1,3.A.1,3.A.1
GT0,1.A.77,3.A.2,3.A.2,3.A.2,3.A.2
3.A.1,HTH_DeoR,9.B.102,9.B.102,GH32,PfkB,LytTR|Response_reg,9.B.14,9.B.46
GH73,3.A.1
4.C.1,GT51,4.A.1
2.A.85,GH13_31,HTH_18,8.A.5
GT51,bZIP_1,2.A.7,2.A.88
4.A.1,9.B.174,GT28
