3.A.1,GT2|GT2,GT9,GT9,GT4,GT32,GT9,HATPase_c,3.A.1
9.B.18,3.A.1,3.A.1,GT2,8.A.5
3.A.5,9.B.160,HTH_5,3.A.1,3.A.1,3.A.1,3.A.1,3.A.1,3.A.1,3.A.1,1.C.109,9.B.174,GT4,GT4,B12-binding,GH39|GH16,3.A.1,3.A.1,3.A.1,3.A.1,3.A.1
3.D.1,1.A.77,3.A.1,3.A.1,3.A.1,3.A.1,3.A.1,3.A.9,HTH_11,GT35,Nitroreductase,Hemerythrin,1.B.14,3.A.1,3.A.1,3.A.1,4.A.2
GH23,3.A.7,3.A.7
GH13_39,2.A.25,3.A.1,3.A.1,9.B.18
2.A.51,2.A.51,TPR_1,TPR_1,GH13_29,4.F.1,9.B.160
4.A.1,4.A.3,4.A.3,GH4
9.A.40,2.A.40,GT51
9.B.31,2.A.66,GT19,CE11,3.A.1,3.A.1,3.A.1,3.A.1,3.A.1,3.A.1,3.A.1
GH1,4.A.3,4.A.3,4.A.3
3.A.1,3.A.1,3.A.1,CBM34|GH13_20,2.A.86,3.A.1,3.A.1,3.A.1
2.A.23,GH13_31,GH4,GntR,4.A.1,1.A.33,GH77
3.A.1,3.A.1,3.A.1,GT2
3.A.9,9.B.20,3.A.1,3.A.1,1.A.23,GT30
GH32,2.A.27
4.A.5,1.A.26,1.A.26,Pyr_redox_2,3.A.3,Penicillinase_R,GH1,4.A.3,4.A.3
GH13_5,HhH-GPD,GH57,Fer4,3.A.1,3.A.1,3.A.1,Fer4,Pyr_redox_2,3.A.1
GH135,Aminotran_1_2,3.A.1
2.A.103,2.A.6,2.A.6,1.B.42,GT2,GT32,9.B.67,GT5
GT35,2.A.2
8.A.8,CbiA,GH25
9.B.157,3.A.12,CE9,GH16_3
2.A.114,3.A.1,1.A.43,3.A.7,GT28,2.A.103,9.B.146,GH1
