3.A.1,HTH_3,GT53,GT85
GT2,3.A.1,2.A.25
GT51,Whib,2.A.1,4.C.1
GH3,2.A.1,GT2
3.A.1,GT0
4.C.1,GT4,HATPase_c|HisKA,Response_reg|Trans_reg_C,3.A.1
GT4,2.A.3
2.A.6,MarR,GT2,3.A.1,3.A.1,3.A.1,3.A.1
GH13,GT39,2.A.15
GH23|CBM50,3.A.1
CE1,TetR_N,2.A.6,3.A.1,3.A.1,3.A.1,3.A.1
3.A.1,3.A.1,2.A.3,1.B.41,1.B.41,GH23
2.A.86,2.A.22,2.A.22,CE1
2.A.120,SBP_bac_5,CE14
2.A.3,GT81,GH32,GT5,Sigma70_r2|Sigma70_r4_2,3.A.1
3.A.1,3.A.1,3.A.1,CBM48|GH13_9,GH13_3,3.A.1
2.A.1,Pribosyltran,2.A.107,2.A.59,2.A.53,GT2
GT4,4.F.1,2.A.108
2.A.1,Aminotran_1_2,9.B.148,TetR_C|TetR_N,CBM48|GH13_11,LacI|Peripla_BP_3,3.A.1,3.A.1,3.A.1,HxlR,GH13_26,GH13_10,PALP,2.A.7,3.A.1
GT28,2.A.103,9.B.146
9.B.106,GT87,GT87,GT87|GT87,CE1,GT4,3.D.3,3.D.4,3.D.4,3.D.4
GH77,3.A.1,GH13_16
3.A.1,9.B.62,9.B.28,3.A.1,3.A.1,3.A.1,3.A.1,GT2
1.C.113,CBM5,2.A.23
2.A.1,TetR_N,2.A.1,GH16|GH16_3,2.A.1
2.A.79,GT20,LacI|Peripla_BP_3,3.A.1,2.A.1,HTH_IclR|IclR,4.A.1,GH32,CE9,9.B.176
GH76,Pribosyltran,Rhodanese,HTH_3,2.A.1,3.A.9,2.A.27,HTH_5,2.A.4
9.B.141,GH3
2.A.6,3.B.1,CE5,CE1,CE1,GT89,GT2
2.A.3,1.B.76,cNMP_binding|Crp,HMA,3.A.3,HMA,2.A.1,PadR,3.A.7,GT51
