3.D.1,2.A.13,GT51
GH2|CBM67,2.A.2,2.A.108,2.A.108
GT2,ACT,3.A.1,3.A.1,3.A.1,3.A.1
GH13,NUDIX,9.A.8,FeoA,9.A.8
GT51,Whib,1.A.1,HhH-GPD,3.A.1,1.A.78
9.B.158,2.A.4,1.A.62,GT87
2.A.36,GH33|CBM32
3.A.1,HATPase_c,Response_reg|GerE,GH3,AAA,GH13|CBM20
3.A.2,3.A.2,3.A.2,CE9
GH32|CBM38|CBM66,GH68,3.A.1
GT4,GT4,GT0,3.A.1,3.A.1
3.A.1,3.A.1,3.A.1,3.A.1,GH33,3.A.1,3.A.1,3.A.1,3.A.1
CE4,PfkB,3.A.12,4.F.1
3.A.1,3.A.1,GH36
3.A.1,GT4,GT1
3.A.1,3.A.1,2.A.7,9.A.40,HTH_3,3.A.1,FUR,3.A.1,3.A.1,9.B.141,GT4,3.A.1,8.A.21,4.A.1,3.A.1
8.A.5,1.A.33,2.A.20,GH32,4.A.1,LacI|Peripla_BP_3,3.A.1,GT2,2.A.64
GT4,4.F.1,GH13|GH77|CBM41|CBM48,GH13,GH13|CBM48
3.A.1,9.B.110,MarR,3.A.1,3.A.1,3.A.1,3.A.1,TetR_N,GT1,3.A.1,9.B.106,Aminotran_1_2,2.A.36
GT28,2.A.103,9.B.146
GT2,9.B.18,Aminotran_1_2,9.B.18
2.A.102,TetR_N,3.A.1,3.A.1,3.A.1,3.A.1,3.A.16,LacI|Peripla_BP_3,GH13,3.A.1,3.A.1,SBP_bac_1,4.C.1,4.C.1
4.A.1,GntR,4.A.1,4.A.1,GH77,4.A.1,8.A.7,3.A.1
9.B.98,GT0
GT4,GT4,3.A.1,3.A.1
2.A.66,GT2,GT2
9.B.186,3.D.9,3.D.1,3.D.9,3.D.1,3.D.1,3.D.1,3.D.1,3.D.1,3.D.1,3.D.1,3.D.1,3.D.1,9.B.160,3.A.1,3.A.1,HTH_IclR,GH112,3.A.1,3.A.1,3.A.1
GT4,9.B.18
3.A.1,GH23|CBM50,GH23,GT39,2.A.7
GH13|CBM25|CBM41|CBM48|CBM68,Response_reg|GerE,3.A.1
