2.A.21,PAS|HATPase_c|HisKA,1.E.43,1.A.23,1.A.23,1.A.23,AA3_2
3.A.11,3.A.15,3.A.15,1.A.33,GH57,3.D.3,3.D.3,2.A.64,ATPase_2,1.I.1,GH23,9.B.34,3.A.1
GT4,8.A.3,Aminotran_1_2,9.B.18,GT4,GT4,GT4,GT4,9.B.18
9.B.106,GT5
GT2,GT2,GT41,8.A.1,3.A.1,3.A.1,GH116
3.A.1,CbiA,3.A.1,GT4,GT2,8.A.3
3.A.1,GH39,2.A.47,CbiA,GT2,GT4,GT4,GT4,2.A.66,GT26
9.B.106,9.B.106,HATPase_c|Response_reg|HisKA,Aminotran_1_2|GntR,GT2,Pkinase|CHASE2,9.B.102,8.A.59
5.A.3,2.A.1,NIR_SIR|NIR_SIR_ferr,Pribosyltran,3.A.1,Pribosyltran,GT51,3.A.1,3.A.1,3.A.1,3.A.1,8.A.59
1.B.52,HATPase_c|H-kinase_dim|CheW|Response_reg,GH73
2.A.6,GT4,GT2,1.C.82,9.B.106,3.A.9
5.B.1,3.A.1,Glyoxalase,GH3,GH24
GT26,3.A.1
CE4,GT76,2.A.7,GT2,9.B.142,GT76
9.B.174,GT2,GerE|Response_reg,3.D.1
4.F.1,GT4,9.B.18
1.B.23,1.B.23,1.B.23,9.B.142,GT2,9.B.99,3.D.1,3.D.1
GT4,9.A.61
GH13_20,3.D.10,TPR_1|BTAD,2.A.106,3.A.16,GT1,9.A.61,3.A.9
3.A.1,CbiA,3.A.7,Pkinase|HATPase_c|HisKA|GAF,Pyr_redox_2,GT5
3.A.23,Aminotran_1_2,GT2,1.A.1,PAS,3.A.1,3.A.1,3.A.1,3.A.1
3.A.5,9.B.150,4.D.1,GT2
GT2,GT2,GT2,GT2,3.A.9,1.B.23
GH38,1.A.25
GT9,9.B.160
2.A.21,1.A.23,GT2
8.A.3,2.A.66,GT2,GT2,GT14,GT26,GT14,GT2,2.A.66,GT2,GT4,GT26,GT2,GT4,CbiA,Response_reg,2.A.21,HATPase_c|HisKA|GAF,GGDEF|Trans_reg_C|Response_reg,9.A.61,2.A.21,SBP_bac_1,2.A.36,GH31
9.B.18,Aminotran_1_2,GT26,GT4,GT4
3.A.1,3.A.1,9.B.99,GT21,GT4
9.B.10,Fer4,3.D.3,9.A.40,GT28
1.E.40,8.A.3,3.A.1,GT4,GT2
3.D.1,CheB_methylest,3.A.1,3.A.1,GT4
GT4,3.E.2,3.D.3,9.B.174,9.B.149,HEAT_PBS,2.A.2,Pribosyltran,2.A.69
3.A.2,GT1,3.A.1,Response_reg,CE4
5.B.4,HATPase_c|HisKA|GAF,GT4,GH0,3.D.1,3.A.16,GT4,8.A.59,1.B.33,CE11,GT19
3.A.1,HhH-GPD,GT4
GT4,GT2,1.B.23
GT1,3.A.3,9.A.25
3.A.1,3.A.1,3.A.1,3.A.1,3.A.1,GH13_4,3.E.1,HTH_3,1.A.1
GT83,HATPase_c|Response_reg|HisKA,3.A.1
GH5,2.A.53,2.A.37,2.A.37,2.A.83,3.D.4,3.D.4,2.A.95,3.D.4,3.D.4
PL9_2,Pkinase,9.A.15
GH13,GT4,GT4,GT4,GT2,8.A.3,9.B.18
GH65,1.B.23
3.A.1,3.A.1,3.A.1,GT4
9.B.126,NUDIX,GT51,GH100,3.D.9,Pkinase|TPR_1,3.A.1,3.A.1,3.A.1
1.B.23,9.A.4,GH57,2.A.19,HATPase_c|HisKA|GAF,GH102,3.D.10,3.D.1
GH74,GH13_27,2.A.114,5.A.1,Sigma70_r4|Sigma70_r2,2.A.2,HATPase_c|HisKA|Response_reg,1.A.77,3.A.2,3.A.2,3.A.2,3.A.2,3.A.2
GT2,GT2,3.A.1,GT2,GT4
GT2,AAA,TPR_1|TPR_2,3.A.1,3.A.1,3.A.1
GT4,GT4,GT2,GT2,GT4,8.A.3,GT26,3.A.1,Pyr_redox_2,GT41,GT4,9.B.106
CE9,1.A.11,9.B.106,2.A.21,2.A.36,1.A.11
3.A.12,GT2,1.B.23
2.A.1,LysR_substrate|HTH_1,GT2
GH5_1,GT26,9.B.146
GT2,GT4,GT2,GT2,GT2,3.A.1,9.B.18,8.A.3,GT4
GT2,GT4,GT4,PHY|HATPase_c|HisKA|GAF,Response_reg,2.A.21,2.A.19
9.B.156,CBM6|CE3
3.A.1,GT2
GT83,Rrf2,9.B.125,Pribosyltran,2.A.21,PAS|HisKA|GAF|Response_reg,2.A.21
4.A.2,GT39
GH13_2|CBM20,1.A.4
3.A.1,2.A.21,HATPase_c|HisKA|Response_reg,1.E.43,HATPase_c|HisKA,8.A.3,GT2,GT4,GT4,GT4,2.A.66
9.B.10,PAS,3.A.1,1.A.30,1.A.1,TetR_N,CE14,GT4,2.A.1
3.A.1,3.A.1,GH102,3.E.2,3.E.2,3.E.2
GH104,3.A.12
GH15,Trans_reg_C|Response_reg,2.A.21,TetR_N,Pyr_redox_2,2.A.98,2.A.47,GT1,2.A.21
9.B.106,Pyr_redox_2,9.B.120,8.A.43,GH9|CBM2|CBM2
GT4,8.A.5,GH63
9.A.61,9.B.106,GH57
3.D.4,3.D.4,Rhodanese,9.A.61,1.A.8,1.A.23,cNMP_binding,1.A.23,HisKA|HATPase_c|Guanylate_cyc|Response_reg|dCache_1,8.A.3,GT2,2.A.66,GT0,GT4,GT2,GT4,GT26,9.B.18,MarR,3.A.1,3.A.1,3.A.1,3.A.1
GH13_5,2.A.21,HATPase_c|Response_reg|HisKA,3.A.1,1.C.39
2.A.50,Pyr_redox_2,9.B.27,9.B.27,GT2,GerE|Response_reg,HATPase_c,3.A.1,3.A.1,MarR,3.A.1,3.A.1,3.A.1
GT4,GT4,8.A.3,GT4,GT2,GT4,GT2
GT10,GT4,3.A.1,GT4,3.A.11
9.B.1,2.A.66,GT2,GT14,GT2,GT2,STAS,GH74,GT26,9.B.18,GT4
5.A.1,5.B.4,5.B.4,9.B.106,1.B.33,GT0
3.A.1,3.A.1,GT4,GT4,GT4,3.A.1,GT2
2.A.21,PL9_2,PL9_2,1.B.33,GT2
9.A.61,TetR_N,GH65
8.A.59,1.A.30,HTH_18,1.B.14,3.A.1,4.C.1,4.C.1,4.C.1,4.C.1,4.C.1,HTH_18,1.B.14,Peripla_BP_2,2.A.1,Peripla_BP_2,2.A.1,3.A.1,1.B.14,HTH_18,3.A.1,3.A.1,2.A.1,2.A.107,3.A.1,3.A.1,3.A.1,3.D.7,GT4
4.C.1,GT2
CE3,AraC_binding,cNMP_binding,MarR,2.A.56
GT1,Aminotran_1_2,HTH_5,1.A.8
2.A.21,CheB_methylest,CheR|PAS|CheR_N,GT2,GT2,GT2|GT2,3.A.1,3.A.1,2.A.53,2.A.53,2.A.53,8.A.28
9.B.160,GH104,8.A.28,9.B.18,GH10,GT26,GT4,GT4,GT2,8.A.3
GH102,3.A.1
GT27,HTH_11,3.A.1,Aminotran_1_2,9.B.2,3.A.3
GT2,2.A.66,GT4,GT2,GT2,3.A.1,9.B.160
