3.A.1,3.A.1,GT51,Peptidase_M23,3.A.14,3.A.14,3.A.14
GH35,4.A.6,4.A.6,4.A.6,4.A.6,GT51,2.A.3,HTH_6|SIS,4.A.1
3.A.1,3.A.1,3.A.1,AraC_binding|HTH_18,GH36,3.A.1,3.A.1,3.A.1,GH13_18,HTH_8,3.A.1,GH13_31
4.A.3,4.A.3,GH1,4.A.7,4.A.7,4.A.7
2.A.58,CE9
GH73,1.E.11
3.A.1,3.A.1,3.A.1,GH32,Glyoxalase,Nitroreductase,2.A.49,LacI|Peripla_BP_3,GH13_5,GT4,GT4
8.A.7,CE4
1.A.22,Sigma70_r4|Sigma70_r3|Sigma70_r2,GT2,GT4,GT2,3.A.1,GT2,GT0,9.B.142,GT2,3.A.1,3.A.1
4.A.2,4.A.2,GH73,3.A.1,NUDIX,2.A.66,3.A.1,3.A.1,4.A.1,2.A.1,2.A.1,AraC_binding|HTH_18,GH1,3.A.1,GH1,GH1,2.A.115
3.A.1,3.A.1,3.A.1,LacI|Peripla_BP_3,GH77,GT35,3.A.1,3.A.1
2.A.87,3.A.1,3.A.1,GH23
GT2,3.A.5
3.A.1,CE1,3.A.1,3.A.1,3.A.1,PALP,TPR_1,2.A.86
3.A.2,3.A.2,3.A.2,3.A.2,GT5,GH13_9,CBM41|GH13_14,2.A.88,3.A.1
GH25,2.A.88,1.C.105,9.B.55
GT2,3.A.1,3.A.1
GT51,3.A.1
3.A.5,4.A.1,GH32,LacI|Peripla_BP_3,3.A.11
4.A.1,GH13_31
3.A.1,2.A.89,AAA,2.A.66,LytTR,2.A.9,1.A.23,2.A.1,3.A.1,PfkB,1.A.33,HTH_11,GH73,Response_reg|LytTR,9.B.14
3.A.1,GT101|GT2,GT0,GT2,GT8,GT4,3.A.5,3.A.5,3.A.5,3.A.5,GT8,9.B.176,4.A.7,4.A.7,2.A.41,GntR,GH13_29,4.A.1
