1.A.23,GntR,GH1,4.A.1,GH2,3.A.1,3.A.1,3.A.1,3.A.1,Pyr_redox_2,3.D.1,9.B.104,9.B.106,9.B.106,2.A.103,SpoIIE,FHA,FHA,GH94,LacI|Peripla_BP_3,3.A.1,3.A.1
GT2,Aminotran_1_2,9.B.97,3.A.1
3.A.1,GT4,2.A.7
9.A.40,9.A.40,Peptidase_M23,GntR,3.A.1,3.A.1,ACT,GH13_30
2.A.23,2.A.15,PALP,2.A.1,GH5_28,TetR_N,GH1
3.A.2,3.A.2,3.A.2,CE9,CBM48|GH13_9,GH13_3,GT35,3.A.1,3.A.1,GH13_11
3.A.1,GerE|Response_reg,GH77,4.A.1
2.A.79,Fer4,GH3,3.A.1,3.A.1,3.A.1,3.A.1,3.A.1,HTH_6|SIS,1.E.43,GT20,TetR_N,2.A.6
2.A.1,GH32,8.A.3,CBM5,1.C.109,1.B.50,HTH_11,3.A.1,Aminotran_1_2,2.A.88,3.A.1,GT5,3.A.1,8.A.21,3.A.1,3.A.1,3.A.1
3.A.9,4.F.1,GT4
3.A.3,9.B.36,Pyr_redox_2|Rhodanese,Pyr_redox_2,8.A.5,GH13_20,2.A.19,3.D.10,3.D.10,3.D.10
3.A.1,3.A.1,TetR_N,GH3,GH3
GH2,3.A.1,3.A.1,3.A.1,LacI|Peripla_BP_3,NUDIX,GH36
GH32,4.A.1,LacI|Peripla_BP_3,3.A.3,9.A.40,TetR_N,3.A.1
GT28,2.A.103,9.B.146
3.A.1,3.A.1,GH3,4.A.1,GH1,5.A.1,2.A.7
2.A.81,GGDEF|EAL,GH18|CBM5,GT2
GH20,2.A.88,3.B.1
CE7,3.A.1,3.A.1,3.A.1,3.A.1
3.A.1,Pkinase,2.A.3,GT35,HMA,3.A.3,HTH_8|cNMP_binding,Rhodanese,GH1,2.A.5,3.A.1
1.A.33,3.A.1,3.A.1,8.A.5,CE4,CE4
3.A.1,3.A.1,3.A.1,3.A.1,9.B.74,3.A.1,GntR,GH65,HTH_7,2.A.38,2.A.38
3.A.1,3.A.1,3.A.1,GH13_30
GH31,LacI,9.A.47,1.A.1,Whib,GT51
GT51,HD,NUDIX,2.A.66
