2.A.56,GH43_9,Peripla_BP_3|LacI,CE12
1.A.11,GH102,HATPase_c|HisKA,3.A.23
1.A.23,GH3,9.B.44
2.A.4,9.B.10,3.A.1,LysR_substrate|HTH_1,EAL,2.A.3,GH23
3.A.1,GT2|GT2,GT2
GH99,3.A.1,3.A.1,3.A.1,2.A.79
2.A.7,1.B.42,GH18,1.B.40,3.A.15,3.A.11,3.A.15
3.A.15,GT0,GT2,1.B.11
GT2,4.D.3,1.B.55,GH8,2.A.40,3.A.1
9.B.146,2.A.103,GT28,CE11,Peptidase_M23,3.A.5,NUDIX,9.B.33
9.B.126,GT41,TPR_2,1.B.46,Pribosyltran,1.B.14,3.A.5,1.C.82
GT4,1.B.14,1.B.14
GT9,2.A.7
GH13_23,1.B.14,GH97,GH0|CBM35,2.A.2,GH13_2,3.A.1,3.A.1
GT19,1.B.33
3.A.1,3.A.1,HTH_11,GH23,3.D.3,3.D.3,1.A.12
CBM50,3.A.16
CBM32,2.A.1
3.A.1,3.A.1,CBM32
9.B.18,8.A.3,GT4,1.B.14,1.B.18,MHYT,Response_reg,2.A.21
9.B.158,1.B.14,3.A.3,MerR,HMA,1.B.14,GH92,Peripla_BP_3|LacI,2.A.1,PfkB,GH2,2.A.3,2.A.3
8.A.59,HATPase_c|Response_reg|HisKA,4.C.1,AA3_2,TetR_N,2.A.15
GH43_1,2.A.2,GH3,GH43_12,GH67,Peripla_BP_3|LacI,GH3,2.A.1,1.B.14,3.A.1,3.A.1
PL6,PL17_2|PL17,2.A.1
1.B.6,3.A.23,9.B.153,2.A.4,GAF|GGDEF|PAS,GH13_16
2.A.6,2.A.6,Trans_reg_C|Response_reg,HATPase_c|HisKA,GH92,2.A.1
CBM48|GH13_11,GH13_26,GH77,GH13_10,CBM48|GH13_9,GT5,PAS,3.A.1,3.A.1
2.A.1,LysR_substrate|HTH_1,GH3
3.A.7,GH23,3.A.7,3.A.7,3.A.7,3.A.7,2.A.1,2.A.21,1.B.14
2.A.5,CBM32,3.A.1,3.A.1,3.A.1,GH144
2.A.1,Aminotran_1_2,3.A.1,3.A.1,9.B.14,9.B.14,TPR_2,3.A.1,3.A.1,3.D.4,3.D.4,CE4|GH153|GH153,GT2
3.D.1,3.D.1,3.D.1,3.D.1,3.D.1,3.D.1,3.D.1,3.D.1,3.D.1,3.D.1,3.D.1,3.D.1,3.D.1,3.D.1,GT4,CE4
GT83,2.A.1,2.A.3,HTH_18|PAS,1.B.52
1.C.113,CBS,GT2,GT51,1.B.14,TetR_N,2.A.12,8.A.21,2.A.7
GT51,GT2,2.A.16,9.B.62,1.B.76
1.B.14,GH15,GT20,1.B.33,HATPase_c|HisKA,3.A.23,3.A.15,3.A.15,3.A.15,3.A.15
1.B.22,3.A.11,GT51,1.B.11
2.A.6,2.A.6,TetR_N,2.A.6,GT30,GT4,GH92,2.A.23,2.A.21,Response_reg|GerE,SBP_bac_1,HATPase_c|HisKA,Trans_reg_C|Response_reg,2.A.11
2.A.7,AsnC_trans_reg|HTH_11,Peptidase_M23,1.B.14,1.B.14,GH23
1.B.12,CE9,SIS,Peripla_BP_3|LacI,2.A.1,Glucokinase,1.B.14,GH20
GH103,2.A.103,2.A.103,9.B.157,9.B.157
8.A.59,GT2,1.B.14,1.E.55,1.B.52
GT2,9.B.67,GT83,CBM50,3.A.11,1.E.43,3.A.7
2.A.73,GH109,1.B.14,GH31|CBM51,SIS,Glucokinase,HTH_DeoR|DeoRC,CE9,2.A.1,2.A.49
3.A.1,3.A.1,AA10|CBM73,AA10|CBM73,3.A.1,3.A.1
2.A.6,GT2
GT1,LysR_substrate|HTH_1,2.A.6,2.A.6,2.A.6,2.A.123,GT2
2.A.1,1.B.70,4.C.1,Response_reg|GerE,2.A.107,2.A.21,9.B.22,1.B.33,3.A.15,2.A.64,1.B.52,2.A.46,GH103,9.B.34
2.A.76,2.A.3,2.A.109,CE4,2.A.9
