2.A.4,2.A.51,CBM32,HTH_18,3.A.1,3.A.1,3.A.1,3.A.23
1.B.1,HTH_1|LysR_substrate,HTH_1|LysR_substrate,2.A.6,8.A.1,2.A.85,1.B.40,1.B.11,1.B.6,3.A.23,3.A.23,3.A.23,3.A.23,3.A.23,GT60,3.A.23,3.A.23,HisKA|dCache_1|HATPase_c|Response_reg,GerE|Response_reg,GerE|Response_reg,Response_reg|HisKA|HATPase_c|SBP_bac_3,GT2
9.B.34,Peripla_BP_1,3.A.1,3.A.1,GH15|CBM20,1.I.1,1.B.1,3.A.7
3.A.1,Pyr_redox_2,HTH_1|LysR_substrate,GH92
3.A.23,1.A.30,3.A.23,1.E.43,3.A.23,3.A.23,3.A.23,3.A.23,GH73
2.A.1,1.B.1,HTH_1|LysR_substrate,HTH_18,2.A.1,GT0,GT2,9.B.52
2.A.4,8.A.3,GH39
9.B.18,1.B.18,8.A.3,GT2,GT4,GT4
GH13_10,9.A.40,HisKA,2.A.7,HTH_1|LysR_substrate,HTH_1|TOBE,3.A.1,3.A.1
CBM50,1.B.14,Aminotran_1_2|GntR,3.A.1,3.A.1,3.A.1,3.A.1
9.B.160,Pribosyltran,Aminotran_1_2,9.B.97,GT4|GT4,1.B.1,9.B.126,5.A.3,5.A.3,5.A.3
GH3,HTH_IclR|IclR,2.A.1,AA5_2,HD|Response_reg,FIST,2.A.21,2.A.1
4.D.3,GH8,1.B.55,CbiA,GT2,3.A.1,3.A.1,3.A.1,GerE|Autoind_bind,2.A.20,AsnC_trans_reg|MarR,2.A.76,HTH_1|LysR_substrate,2.A.1
1.B.22,3.A.6,3.A.6,3.A.6,3.A.6,TPR_3,1.C.36,1.C.36,GH23
3.A.23,3.A.23,3.A.23,3.A.23,3.A.23,3.A.23,3.A.23,MASE1|HATPase_c,Trans_reg_C|Response_reg,1.B.40,GT0,1.B.40
CBM48|GH13_11|GH77,CBM48|GH13_9,GT5,GT35,2.A.1,3.D.4,TetR_N,3.B.1,3.B.1
AA3_2,TetR_N,GT1,2.A.1,GT2,1.B.17,8.A.1,HTH_5,9.B.102,9.B.102
3.A.23,HTH_6,3.A.1,3.A.1,3.A.1,3.A.1,3.A.1,HTH_1|LysR_substrate,CBM50,HTH_1|LysR_substrate,1.B.1
9.B.186,GT51,CheC,Response_reg,2.A.21
GH37,2.A.1
GH0,1.B.12,9.B.157,2.A.21
GH68,GH32,8.A.1,1.B.17,GT2,2.A.1,GT1,3.A.23,3.A.23,3.A.23,3.A.23,3.A.23,3.A.23,3.A.23
AA10,Pyr_redox_2,4.C.1,2.A.1,2.A.117
GT2,GT9,GT9,GT2,2.A.66,1.B.18,1.B.14
3.A.1,9.B.97,3.A.1,1.B.1,1.B.14,3.A.1,3.A.1,3.A.1,1.A.62,GT51,HTH_1,Aminotran_1_2,3.D.4,2.A.1
2.A.1,2.A.1,HTH_IclR|IclR,1.B.1,2.A.7,GT2
GT2,1.E.52,3.A.7,CbiA|Response_reg,9.A.47
2.A.37,9.B.10,GH23,1.B.22,3.A.15,3.A.15,3.A.15
GH73,2.A.40,HTH_1|LysR_substrate,9.B.143,1.B.1,GT21,1.B.19,2.A.55
3.A.1,3.A.1,3.A.1,3.A.1,GntR,CE9,SIS,4.A.1,4.A.1,GH20,3.D.4,3.D.4
9.B.106,EAL|GGDEF,2.A.66,GT4,GT4,3.A.23,GH2
9.B.18,1.B.18,GT4,2.A.1
3.A.1,3.A.1,Pribosyltran,GT0
2.A.1,2.A.1,1.B.1,HTH_1|LysR_substrate,3.A.1,3.A.1,3.A.1,3.A.1,Trans_reg_C|Response_reg,HisKA|HATPase_c,3.A.1,3.A.1,GT20,2.A.1
3.D.6,TetR_N,GH15,3.A.12,1.I.1,Rhodanese,3.A.1,GT4,GT9,GT4,GT9,GT2,2.A.1
3.A.3,3.A.3,3.A.3,2.A.21,Trans_reg_C|Response_reg,2.A.7,3.A.9,2.A.1,TetR_N,GT4
9.B.146,2.A.103,GT28
CE11,3.A.5
9.B.27,GT107,GT4,1.B.18,GT4,GT4,GT4,3.A.1,3.A.1,8.A.4,9.A.41,CE11
9.B.18,1.B.18,8.A.3,GT0,GT4
3.A.1,GT2,9.B.18,9.B.146,GT4,GT9,GT30
1.A.43,9.A.4,PALP,GH23
2.A.49,GT9,2.A.1
GH103,3.A.1,3.A.1,3.A.1
GH3,AAA|HTH_8|Response_reg,GT104,4.F.1
GT20,3.A.1,GT4,Pyr_redox,3.A.1,CBM32,GT21,B12-binding,3.A.1,3.A.1,3.A.1
1.B.33,GT19,8.A.7,8.A.21,2.A.7
2.A.1,GntR,2.A.39,CE4,9.B.43,9.B.35
1.A.22,TPR_2,GT51
8.A.28,1.A.23,GT4
GT2,2.A.7,GT83
CBM50,Sigma70_r2|Sigma70_r4|Sigma70_r3,1.A.14
GH18,AAA,9.B.10,2.A.52,CbiA,1.B.14,Pyr_redox_2,4.C.1,4.C.1,3.A.1,3.A.1,3.A.1,3.A.1
GH39,2.A.1,CBS,9.B.126
GH3,5.B.3
CBM50,2.A.1,2.A.66
3.A.1,3.A.1,3.A.1,3.A.1,3.A.16,9.A.55,2.A.76,HTH_18,2.A.1,GH23,2.A.7,2.A.1
3.A.1,3.A.1,STAS,3.A.1,3.A.1,3.A.1,3.A.1,2.A.25,Pyr_redox_2,GATase_2,3.A.1,3.A.1,3.A.1,3.A.1,HD,SKI,1.B.22,GT51,9.B.21,2.A.1,9.B.14,5.A.1
1.A.30,1.A.30,FlhC,FlhD,GT4,1.A.8
2.A.76,1.B.48,dCache_1|MCPsignal,GT41
2.A.1,HTH_18,GT9
2.A.3,3.A.3,MerR,PadR,3.A.1,Aminotran_1_2,TetR_N,4.C.1,3.A.1,3.A.11,SBP_bac_3,4.C.1,3.A.2,3.A.2,3.A.2,3.A.2,3.A.2,3.A.2,3.A.2,2.A.45,CbiA,3.A.1,3.A.1,3.A.1,3.A.1,3.A.1,3.A.1,3.A.1,3.A.1,AA3_2
