2.A.38,CBM50,2.A.53
1.B.14,3.A.1,Peripla_BP_2,3.A.1,GT2,2.A.123,GT83,1.B.3,3.A.1,3.A.1,3.A.1,3.A.1,GH32,Peripla_BP_1|LacI,HxlR,2.A.1
3.A.1,3.A.1,HisKA|HATPase_c,Response_reg|GerE,9.B.97,3.A.3,CBM50,9.B.10
9.B.146,2.A.103,GT28,CE11,3.A.5,NUDIX,2.A.21,1.A.23,2.A.1
2.A.1,1.A.33,2.A.21,3.A.23,HisKA|dCache_1|HATPase_c,GH3
PL1_4,9.B.27,2.A.113
3.A.7,GH28,2.A.86
3.A.1,3.A.1,3.A.1,3.A.1,3.A.1,GH23
8.A.1,2.A.20,8.A.5,1.B.52,TetR_N,TetR_N,GH3,HTH_5,1.B.14
2.A.1,1.B.52,8.A.5,4.C.1,4.C.1,1.B.52,2.A.7,LysR_substrate|HTH_1,PALP,AsnC_trans_reg,1.B.10,9.B.43,CE4,9.B.35
GH23,3.A.1,3.A.1
9.B.146,9.B.18,3.A.11,TetR_N,GT104,MarR,2.A.102,LysR_substrate|HTH_1,3.A.18,9.B.1
9.B.106,2.A.1,GH68,Response_reg|ANTAR,3.A.1,9.B.34
GT2,2.A.37
3.A.1,8.A.5,GH15,3.A.23,2.A.1,2.A.55,2.A.1
GH13_33,3.A.23,9.B.153,2.A.1,1.B.25
GT4,Pyr_redox,GH1,2.A.21,1.B.14
GT73,3.A.1,1.B.12,CBM48|GH13_9,GH13_16,GH13_3,GGDEF|MHYT|EAL,2.A.6,2.A.6,2.A.6,2.A.6,LysR_substrate|HTH_1,9.B.22,1.B.33
GH0,1.A.16,Trans_reg_C|Response_reg,HisKA|HATPase_c,2.A.6,2.A.6,2.A.6,2.A.1,GntR,3.A.15
2.A.7,GT2,8.A.3,GT4,GT4,9.B.18,1.B.18
4.D.2,GH3,TetR_N,LexA_DNA_bind,3.A.7,3.A.1,GH23,CheW|Response_reg,Response_reg|GerE,9.B.18,GT4,GH39,GT4,GT4,2.A.66
2.A.108,2.A.108,2.A.108,2.A.108,Trans_reg_C|Response_reg,PL7_1,MarR,8.A.1,2.A.6,5.B.1,HTH_18,1.B.52,9.B.153
2.A.1,GT2|GT2
2.A.21,GH33
GH28,2.A.59,MerR,HTH_6,3.A.1
4.C.1,4.C.1,PL1_8,2.A.1,9.B.34,3.A.1,3.A.1,3.A.1,3.A.1,3.A.1
GT19,1.B.33
GH103,GH0,GH103,2.A.103
2.A.66,GT51,Response_reg,3.A.7,5.A.1
3.A.1,3.A.1,3.A.1,GH10,HTH_6,HTH_6,2.A.1
1.M.1,GH19
2.A.56,2.A.56,1.B.25,1.B.52,GT4|GT4,3.A.1,3.A.1,GT4,1.B.52
GH102,1.A.30
GT51,Sigma70_r2|Sigma70_r4,3.A.1,3.A.1,3.A.5
GH23,9.B.62
1.C.65,Sigma70_r2|Sigma70_r4_2,3.A.6,3.A.6,3.A.6,3.A.6,3.A.6,1.B.22,3.A.6,1.C.56,3.A.23,3.A.23,GH23,PL3_1
GT2,3.D.4,3.D.4,3.D.4,3.D.4
GT2,1.B.13,PL5_1,2.A.50,8.A.1,8.A.48,2.A.85,1.B.17,LysR_substrate|HTH_1,2.A.7
PL9,LysR_substrate|HTH_1,2.A.40,TetR_N,3.A.1,3.A.1,3.A.1
2.A.121,GT4
CBM50,1.A.62,1.A.30,1.A.30,2.A.25
2.A.39,2.A.6,GT30,2.A.7,Pyr_redox_2,8.A.5,PfkB,3.A.1
GT4,GT9,GT9,3.A.18,Pyr_redox_2,2.A.85,SBP_bac_3,9.B.34,PL7_1,2.A.21,2.A.36,1.A.23,2.A.55,GntR,CheW,CheW|Response_reg|HATPase_c,1.B.52
GT2,2.A.6
9.B.42,SKI,1.B.22,3.A.11,GT51,3.A.11
2.A.64,1.B.52,1.B.52,GT2,GT35
