3.A.3,2.A.53,3.A.1,3.A.1,3.A.1,2.A.47,2.A.15,TetR_N,2.A.6,GH0,2.A.1,2.A.1,2.A.15,2.A.6,2.A.35,LysR_substrate|HTH_1,1.E.14,2.A.122,HTH_5,3.A.3,2.A.118,4.A.1
2.A.8,2.A.120,HTH_18,2.A.2,GH2,GH3
2.A.1,2.A.14,GT4,HATPase_c|HisKA,Response_reg|Trans_reg_C,3.A.1,MarR,2.A.1,TetR_N,2.A.1,1.A.35,2.A.27,2.A.35,3.A.1
3.D.1,GH73,Pyr_redox_2,2.A.7,2.A.7,2.A.35,3.A.7,MarR,3.A.1,3.A.1,3.A.1,3.A.1,3.A.1,2.A.88
GT0,1.A.77,3.A.2,3.A.2,3.A.2,EPSP_synthase,3.A.7,PfkB,2.A.9,HD,HMA,2.A.103,3.A.18
3.A.1,HTH_DeoR,9.B.102,9.B.102,LacI|Peripla_BP_1,GH32,PfkB,LytTR|Response_reg,9.B.14,9.B.46
GT2,4.C.1
GH73,3.A.1
4.C.1,GT51,4.A.1
2.A.85,GH13_31,HTH_18,8.A.5
GT51,2.A.7,2.A.88
4.A.1,9.B.174,GT28
1.A.8,HATPase_c,GH3,HTH_18,3.A.1
2.A.38,2.A.109,GT28,2.A.1,2.A.25,2.A.86,TrkA_C,1.A.26
CBM50,3.A.5,3.A.11,3.A.11,9.B.146,GGDEF,2.A.79,2.A.79
GT2,9.A.40,CE9,4.A.2,PfkB,DeoRC|HTH_DeoR,2.A.1,9.B.27,8.A.5,9.B.10,MarR,3.A.1,3.A.1
CBM50,2.A.20
2.A.120,3.A.1,3.A.1,3.A.1,2.A.115,2.A.41,3.A.1,GT2,3.A.1,3.A.1,GT26,Fe_dep_repr_C|FeoA|Fe_dep_repress,3.A.1,3.A.1,3.A.1,2.A.36,2.A.63,2.A.63,2.A.63,2.A.63,2.A.63,2.A.63,2.A.7
2.A.2,GH4,HTH_18|AraC_binding,HxlR,3.A.1
GT0,Aminotran_1_2,9.B.18,GT4,9.B.18,8.A.3,8.A.3
GH13_29,4.A.1,Pyr_redox_2,GATase_2,LysR_substrate|HTH_1,9.B.141,1.A.11,NUDIX,CBM50|CBM50,2.A.22,2.A.26,2.A.1
GH1,4.A.3,4.A.3,4.A.3,GH73,3.A.7,GH25,1.A.23
2.A.1,4.A.4,4.A.4,4.A.4,Mga|HTH_11,2.A.1,2.A.3,8.A.5,FeoA,9.A.8,GT0,GH120,2.A.2,HTH_3,2.A.114
GT1,MarR,2.A.1
GT2,HATPase_c,2.A.21
3.A.1,GT4,GT8,3.A.1,HTH_3,HTH_18|AraC_binding,2.A.2,GH2
2.A.102,GT2,Pyr_redox,3.A.1,3.A.1,3.A.1
2.A.1,GntR|Aminotran_1_2,Aminotran_1_2,2.A.3,9.A.23,CheR,Peripla_BP_2,2.A.15,AA3_2,2.A.7,GT2,Nitroreductase,2.A.1,3.A.1,2.A.8,Aminotran_1_2,4.C.1,2.A.14,2.A.1,4.A.1,MarR,4.A.3,4.A.3,4.A.3,4.A.7,4.A.7,4.A.7
