3.A.1,8.A.5,2.A.7,3.A.1,3.A.1,3.A.1,3.A.1,GH3,GH25,GH8
2.A.7,2.A.7,GH65,2.A.2,3.A.1,Peripla_BP_3|LacI,2.A.2,GH13_31
2.A.7,GH51,AraC_binding|HTH_18,GH30_9,Pribosyltran,2.A.1
2.A.1,GH120,HTH_18,8.A.5
2.A.1,cNMP_binding,GH43_11,2.A.2
CE4,8.A.5,2.A.40,MarR,3.A.1,3.A.1,2.A.88,GH25
GH43_11,2.A.2
GH105,2.A.2,GH28
3.A.1,HD,2.A.66,2.A.2,GH31,GH2
GH3,AraC_binding|HTH_18,GH42,2.A.1,GH30_2
3.A.1,3.A.1,MarR,3.A.3,3.A.3,Penicillinase_R,3.A.3,CE4,9.B.97
2.A.2,3.A.1,3.A.1,3.A.1,3.A.1,2.A.1,Aminotran_1_2,GT2,GH25,2.A.86,3.A.1,GH13_31
2.A.10,PfkB,2.A.55,Pyr_redox_2,1.A.43,4.A.3,HTH_1|LysR_substrate,2.A.1,2.A.37,9.B.144,Trans_reg_C|Response_reg,HATPase_c|HisKA,Peripla_BP_1|LacI,2.A.2,GH65
2.A.102,2.A.1,GH43_11,AraC_binding|HTH_18,Rrf2,GT2|GT4,HxlR,2.A.1,8.A.5,3.A.1,GntR,3.A.3,1.B.76,HTH_5,2.A.77,2.A.98,HTH_1|LysR_substrate,2.A.1,AraC_binding|HTH_18,3.A.1,2.A.69
GH31,2.A.2,TrmB,GH1,3.A.1,LytTR,3.A.1,3.A.1
2.A.66,Pribosyltran,3.A.16,2.A.17,CE9,GntR,GT26
GH73,3.A.3,GH31,HMA,3.A.1,3.A.1,3.A.1,3.A.1
2.A.2,AraC_binding|HTH_18,GH36,Trans_reg_C|Response_reg,HATPase_c|HisKA,2.A.7,9.A.24,1.A.78,2.A.45,EAL,9.B.34,3.A.1,3.A.1
GT2,3.A.1
GT51,1.A.11
GH15,2.A.2
GH25,1.E.26,1.E.16
CBM50,PfkB,3.A.1,8.A.5,SIS,3.A.1,3.A.1,3.A.1,9.B.143,Pribosyltran,3.A.7
GT28,9.B.146
3.A.12,2.A.86,9.B.158,GT4,GT4
GT51,Arg_repressor,1.C.105,4.A.7,8.A.7,4.A.7
9.B.2,GH65,2.A.1
GT4,GT4,8.A.7,PTS-HPr,3.A.9,3.A.3
2.A.86,9.B.126,GT0,GT2,2.A.8,3.A.18,GH25,2.A.8,2.A.3,2.A.1
3.A.1,3.A.1,3.D.4,3.D.4,GT0,GT4,GT4,GT26,9.B.18,8.A.3,8.A.3,2.A.3,2.A.38,2.A.38,3.A.1,3.A.1,3.A.1
2.A.2,AraC_binding|HTH_18,GH127,2.A.2,GntR|Peripla_BP_3,HTH_5,GH43_26,2.A.1,GH51,2.A.16,Rrf2,2.A.3
2.A.109,GH73,2.A.1
