GT9,GGDEF,2.A.7
8.A.59,LytTR|Response_reg,2.A.1,2.A.83,LysR_substrate|HTH_1,1.B.14,3.A.16,9.B.34,Aminotran_1_2,TetR_N,CE4,GT25,GT9,GT25,HTH_18|AraC_binding,2.A.76
GH2,3.A.1,3.A.1,3.A.1,MCPsignal,GH13_21
2.A.1,8.A.1,LysR_substrate|HTH_1,2.A.23,2.A.95,LysR_substrate|HTH_1,GH23
2.A.49,2.A.35,Sigma70_r4_2,GT5,CYTH,2.A.20,Aminotran_1_2,MetJ,HTH_18|AraC_binding,2.A.42
9.B.20,3.A.1,3.A.1,3.A.1,3.A.1,LysR_substrate|HTH_1,PALP,3.A.1,3.A.1,3.A.1,2.A.56,AA10|CBM73,MCPsignal|dCache_2,5.B.1
GH23,2.A.41
GT1,ACT,2.A.76
3.A.1,3.A.1,3.A.1,CBM50
2.A.25,CSD,1.B.52,2.A.40,3.A.1,cNMP_binding|HTH_3,GH23,2.A.115,3.A.1,3.A.1,3.A.1,3.A.1
1.B.33,GT19
CBM50,LysR_substrate|HTH_1,2.A.66,LysR_substrate|HTH_1,2.A.42,SBP_bac_3,LysR_substrate|HTH_1,2.A.3,Trans_reg_C,2.A.3,PfkB,9.B.34,2.A.37,TetR_N,GerE|Response_reg,GH13_19,GT76,GT2,1.A.62,2.A.121
2.A.85,1.A.14,GH4,HTH_18|AraC_binding,4.A.3,GH1,4.A.3,4.A.3,3.A.15,3.A.15,3.A.15,3.A.15,3.A.15,3.A.15,3.A.15,3.A.15,3.A.15,3.A.15,1.B.22,3.A.15,9.B.42,9.B.42,8.A.59,AAA,PALP,8.A.8,8.A.7,4.A.1,9.B.34,1.A.23
GT2,GT4,GT4,9.B.18,9.B.18
2.A.6,3.A.1,3.A.1,1.A.33,1.B.3,PfkB,4.A.1,GH32,Peripla_BP_1|Peripla_BP_3|LacI,9.B.20,Pyr_redox_2,HTH_5,9.B.102,9.B.102,2.A.6,9.B.34
2.A.36,GH84,2.A.36,2.A.61,2.A.13
8.A.1,9.B.32,2.A.114,LytTR|Response_reg,9.B.33,MarR,CE9,4.A.1
GH103,3.A.1,3.A.1,Pyr_redox_2,1.B.33,9.B.22,9.B.34,GH23,Peripla_BP_3|LacI,1.B.14,4.C.1
GH73,1.A.26,ACT,3.A.23,2.A.21,3.A.23
2.A.23,2.A.40,Pyr_redox_2,9.B.34,Rhodanese|Pyr_redox_2,GT51,1.A.62
1.B.52,1.I.1,GH38,4.A.2
2.A.122,1.E.14,GH36
2.A.102,LysR_substrate|HTH_1,HTH_18,CBM48|GH13_11
GH19|CBM5,9.B.34,SBP_bac_3,1.I.1
4.A.2,PfkB,4.A.2,GH102
3.A.1,3.A.1,HisKA|HATPase_c|Response_reg,2.A.47,GT35
1.A.16,GH1,LysR_substrate|HTH_1,GT9
8.A.5,3.A.1,3.A.1,3.A.1,3.A.1,1.A.30,1.A.30,3.D.1,3.D.1,3.D.1,3.D.1,3.D.1,3.D.1,3.D.1,3.D.1,3.D.1,3.D.1,3.D.1,3.D.1,3.D.1,GH23,1.B.33
1.A.1,3.A.1,3.A.1,3.A.1,3.A.1,2.A.6,2.A.6,2.A.6,2.A.6,Peripla_BP_2,3.A.1,3.A.1,3.A.1,8.A.59,GH23
GH23,1.A.8,Aminotran_1_2,2.A.118,3.A.1,SBP_bac_3,2.A.42
GH0,LysR_substrate|HTH_1,Aminotran_1_2,4.A.1,Peripla_BP_1|LacI,HTH_7,4.A.2,2.A.1,4.A.2
3.A.1,3.A.1,3.A.1,3.A.1,3.A.1,GH9,GH20,3.A.11,1.B.22
2.A.1,Fer4,GH13_29,cNMP_binding,4.B.1,2.A.47,LysR_substrate|HTH_1,3.A.1,3.A.1,3.A.1,3.A.1
2.A.23,SBP_bac_3,Hemerythrin,GH63
3.A.7,GT51
1.A.34,2.A.66,1.A.23,3.D.10,3.D.10,9.A.5,9.B.156,SBP_bac_3,TetR_N,3.A.1,Pyr_redox_2,Pyr_redox_2,4.C.1,Trans_reg_C|Response_reg,2.A.21,GT104
2.A.103,GH103
3.A.1,3.A.1,CheW|Response_reg,CBM73|GH18,GH19|CBM73,CBM5,GH18,2.A.21,HTH_3,2.A.1,1.B.14,3.A.1,3.A.1,3.A.1
GT2,2.A.6
1.A.1,1.B.52,GH129
3.A.1,3.A.1,Peripla_BP_1,3.A.1,3.A.1,GH4,Rhodanese,2.A.23
GT51,Glyoxalase,2.A.7,LysR_substrate|HTH_1,8.A.59
2.A.7,8.A.21,MCPsignal|dCache_1,GH77,CBM48|GH13_9,GH13_11
3.A.1,FUR,CheC,2.A.26,2.A.26,1.I.1,cNMP_binding,HTH_12,9.B.34,1.B.6,CE16,GH23,HhH-GPD,HD,2.A.15,MarR,1.A.34,3.A.1,3.A.1,3.A.1,LysR_substrate|HTH_1,2.A.7
9.B.20,GH13_37,1.B.14
GH13_29,4.A.1,Peripla_BP_3|LacI,HMA,2.A.109,9.B.27
3.A.15,3.A.15,3.A.15,NUDIX,3.A.5,Peptidase_M23,CE11,GT28,2.A.103,9.B.146
3.A.11,CBM50,2.A.38,2.A.38,HisKA|HATPase_c|PAS,3.A.23,3.D.8
2.A.7,2.A.7,Glyoxalase,2.A.28,2.A.3,2.A.3,GH2
4.A.7,4.A.7,4.A.7,GT30,GT9,GT2,GT9
3.A.1,3.A.1,3.A.1,3.A.1,3.A.1,Rhodanese,9.B.104,GGDEF,5.B.1,3.A.6,3.A.18,SBP_bac_3,9.B.34,GH18|CBM73,2.A.64,2.A.64,2.A.64
