GT1,MarR,2.A.1
GH73,9.B.74
2.A.102,GT2
2.A.102,LysR_substrate|HTH_1,4.A.1,GH1,2.A.68,2.A.68,Sigma70_r2|Sigma70_r4_2,HTH_6|SIS,4.A.3,4.A.3,4.A.3,AraC_binding,2.A.47
4.A.1,GT4,GT4,GH1,GH1,4.A.1
2.A.2,GH2,2.A.1,HTH_3,2.A.1,GT4,GT8,4.A.5,4.A.5,4.A.5,HTH_11,2.A.47
GH120,2.A.2,Fe_dep_repress,2.A.1
2.A.3,9.A.23,2.A.15,AA3_2,3.A.1,3.A.1,3.A.1,2.A.103,GT2,Nitroreductase,2.A.1,3.A.1,2.A.8,HTH_DeoR|DeoRC,3.A.1
2.A.8,2.A.120,HTH_18,2.A.2,GH2,GH3,2.A.2
2.A.1,2.A.14,GT4,HisKA|HATPase_c,Response_reg|Trans_reg_C,3.A.1,MarR,2.A.1,TetR_N,2.A.1
3.D.1,GH73,2.A.7,2.A.35,3.A.7,MarR,3.A.1,3.A.1,SBP_bac_3,3.A.1,3.A.1,2.A.88
GT0,1.A.77,3.A.2,3.A.2,3.A.2,3.A.2
3.A.1,HTH_DeoR,9.B.102,9.B.102,Peripla_BP_1|LacI,GH32,PfkB,Response_reg|LytTR,9.B.14,9.B.46
4.C.1,GT51,4.A.1
2.A.85,GH13_31,HTH_18,8.A.5
GT51,bZIP_1,2.A.7,2.A.88
4.A.1,9.B.174,GT28
2.A.38,2.A.109,GT28,2.A.1,2.A.25,2.A.86,TrkA_C,1.A.26
CBM50,3.A.5,3.A.11,3.A.11,9.B.146,9.B.34,2.A.79,2.A.79
GT2,9.A.40,CE9,4.A.2,PfkB,HTH_DeoR|DeoRC,2.A.1,8.A.5,9.B.10,MarR,3.A.1,3.A.1
CBM50,2.A.20
3.A.1,2.A.120,3.A.1,3.A.1,3.A.1,2.A.115,2.A.41,3.A.1,GT2,3.A.1,3.A.1,GT26,Fe_dep_repress|FeoA|Fe_dep_repr_C,3.A.1,3.A.1,3.A.1,2.A.36,2.A.63,2.A.63,2.A.63,2.A.63,2.A.63,2.A.63,2.A.7
CE6,9.B.97,GT4
GH13_29,4.A.1,Pyr_redox_2,GATase_2,LysR_substrate|HTH_1,9.B.141,2.A.103,NUDIX,CBM50|CBM50|CBM50,2.A.22,2.A.26,2.A.1
1.C.105,3.A.7,GH25,PadR,1.A.23,4.C.1,2.A.1,3.A.1
