GT4,2.A.66
GH4,SIS|HTH_6,2.A.15,3.A.1
2.A.21,1.A.26,2.A.3,GntR,GH31,cNMP_binding|Crp,3.A.1,3.A.1,9.B.34
1.A.1,PadR,GH13_5,GH3,AAA,HD,2.A.58
GH13_31,3.D.7,1.B.52
3.A.1,3.A.1,3.A.1,TetR_N,CE4,AsnC_trans_reg,GntR,GH4,4.A.1,HTH_11,2.A.8,9.B.34
GH43_26,GH2,GH43_17,3.A.1,3.A.1
4.A.1,GH1,4.A.1,GT4,8.A.3,8.A.3,9.B.18
9.B.18,GT2
3.A.1,3.A.1,GT0,PadR,9.B.34,AAA,3.A.1,1.C.57,3.A.1,2.A.53,HTH_5,2.A.45,Pyr_redox_2|Rhodanese,CBM41|CBM41|GH13_14
4.A.1,GH13_29,3.A.11
1.B.52,GH73
GT4,2.A.115
2.A.1,Pyr_redox_2,2.A.66,HTH_DeoR,2.A.1,GH13_14
4.C.1,GT51
2.A.58,GH13_5,3.A.1,3.A.1,3.A.1,Sigma70_r4_2,GH57,9.B.104
3.A.1,3.A.1,3.A.1,GH73,2.A.85
GT2,2.A.7
9.B.10,3.A.1,3.A.1,3.A.1,GH23,3.A.1
3.A.1,3.A.1,AAA,CBM50
GH1,4.A.1
GH32,4.A.1,PfkB,LacI|Peripla_BP_3,2.A.4
GT4,CE14,3.D.3,3.D.3,3.D.3
GT28,9.B.146
2.A.115,GH65,LacI|Peripla_BP_3,GH13_1,3.A.1,3.A.1,3.A.1,CBM34|GH13_20
1.A.35,2.A.47,HTH_8,3.A.1,3.A.1,3.A.1,Rhodanese,GT35,GT5,GT51
8.A.59,2.A.1,3.A.1,3.A.1,3.A.1,3.A.1,GH73
3.A.1,1.A.1,2.A.25,9.B.120,2.A.7,TetR_N,2.A.115,EAL|PAS|GGDEF,GH13,3.A.3
CE9,2.A.66,3.A.9
2.A.6,GH13_14,9.B.34,2.A.35,Rhodanese,3.D.2
GH13_31,AraC_binding|HTH_18,3.A.1,3.A.1,3.A.1,TetR_N,2.A.6,1.E.14,2.A.122,SfsA,3.A.1,CE4|CBM50|CBM50
1.A.16,2.A.25,GH13_31
3.A.7,3.A.7,3.A.7,GH23,3.A.7,3.A.11
