2.A.8,2.A.7,PIG-L,STAS,2.A.66,GT1,CBM50,AAA,2.A.28,2.A.22
2.A.16,CBM50
PL1_8,9.B.143,CBM63,1.B.52
2.A.66,4.C.1,4.C.1,4.C.1,4.C.1,4.C.1,4.C.1,3.B.1,GH43_16|CBM6,GH30_8,GH5_2|CBM3,2.A.25,HATPase_c,9.B.31
2.A.1,MarR,GH43_11
GT28,2.A.103,9.B.146
2.A.21,2.A.38,9.B.1,Sigma70_r2,2.A.109,EAL|MHYT|GGDEF,GT2,GT28,MarR,MerR,1.A.26
3.A.1,3.A.1,3.A.1,3.A.1,3.A.1,3.A.1,9.B.160,GT2,9.B.142,Glyoxalase,2.A.3,2.A.20,9.A.10,CBM50,1.E.31
CBM50,TPR_1,3.A.16,Peripla_BP_3|LacI,2.A.1,2.A.2,Pyr_redox_2,3.A.1,3.A.1,HEM4,GT1,3.D.1,CE4
1.B.52,2.A.88,4.C.1,3.A.1,2.A.7,4.C.1,2.A.23,9.B.74,TetR_N,GT51,2.A.45,3.A.1,3.A.1,3.A.1,2.A.88
3.A.1,3.A.1,2.A.35,CE4,1.A.23,1.A.43,9.A.40,Aminotran_1_2,MerR,9.A.40,8.A.5,Sigma70_r2|Sigma70_r4_2,Aminotran_1_2|GntR,2.A.22,2.A.3,Citrate_synt,LysR_substrate|HTH_1,CBM50,Rrf2,CBM50
GT2,9.A.32,2.A.1
3.A.1,3.A.1,3.A.1,2.A.1,MarR,2.A.1,PadR,3.A.1,3.A.1,3.A.1,GerE|Response_reg,HATPase_c,Glyoxalase,3.A.1,3.A.1,GH0|GH55,4.A.1,HTH_6|SIS,GH4,2.A.7,3.A.23
1.A.35,CE4,1.A.23,2.A.19,2.A.1,9.B.126,2.A.1,Nitroreductase,GntR,GH13_29,4.A.1,9.A.11,2.A.25,4.A.1
2.A.11,HTH_11|Response_reg,HATPase_c,2.A.47,PL1_6,3.A.1,3.A.1,3.A.1,3.A.1,3.A.18,3.A.1,2.A.1,MerR,3.A.1,1.B.52,2.A.3,2.A.1,GT0,GT2,GT0
GH4,3.A.1,3.A.1,3.A.1,PL26,GH42,CE12,PL11,PL11,9.B.28,CE12,HTH_18|dCache_1,GH105,3.A.1,3.A.1,SBP_bac_1,HTH_18|Response_reg,8.A.59,9.B.28
GH26,GntR,GH1,4.A.3,4.A.3,4.A.3,2.A.1
GT1,GH18,GntR,2.A.1,MarR,Nitroreductase,9.B.74,MarR,2.A.3,3.A.1
2.A.55,NUDIX,2.A.3,GT2,GGDEF,GH126,3.A.7
3.A.1,3.A.1,3.A.1,2.A.115,Aminotran_1_2|GntR,2.A.1,4.C.1,4.C.1,HxlR,SIS,1.B.52,GH1,1.E.43,3.A.1,3.A.1,9.B.10,9.B.10,9.B.10,2.A.1,NIR_SIR|NIR_SIR_ferr|Pyr_redox_2,5.A.3
2.A.21,CE7
2.A.3,MarR,2.A.1,2.A.14,GH13_28|CBM26,2.A.118,3.A.1,3.A.1,3.A.1,HTH_5,2.A.1,2.A.109,3.A.1,3.A.1,3.A.1,GH13_31
4.A.1,GH3,HTH_18|Peripla_BP_2,3.A.1,3.A.1,3.A.1,2.A.28,2.A.53,CE4,3.A.1
4.A.1,GH1,CBM16
CE12,3.A.18,2.A.1,GH16_21,2.A.11,2.A.41,2.A.8
2.A.115,3.A.1,CE4,2.A.24,3.D.4,3.D.4,3.A.1,3.A.1,2.A.39,Sigma70_r2|Sigma70_r4_2,3.A.1,2.A.1,Mga|HTH_11,4.A.3,4.A.3,4.A.3,GH4,2.A.50,2.A.1
GT8,4.A.1,4.A.3,Glyoxalase,2.A.1,2.A.122,1.E.14,LysR_substrate|HTH_1,2.A.108,2.A.108,2.A.21,9.B.136
3.D.4,3.D.4,3.D.4,1.E.23,2.A.103,Nitroreductase,1.A.16,4.A.1,GH32,PfkB,PadR,GT2,2.A.40,GT2,Aminotran_1_2,GT0
2.A.7,HD,Rrf2,2.A.1,MarR,9.B.149,GT51,3.A.1
1.A.34,9.B.105,1.A.11,2.A.1,2.A.39,PL9_2,2.A.1,MarR,HTH_11,1.A.33,1.A.22,8.A.59,Trans_reg_C|Response_reg,3.A.7,HTH_DeoR|DeoRC,8.A.3,8.A.3
2.A.1,2.A.3,9.A.11,GH73,GT26,GT2|GT4,GT2,GT2,3.A.1,3.A.1,GT4,GT2,GT0,GT2,9.B.18,2.A.66,GT4,GT2,GT4,9.B.146,HATPase_c,GerE|Response_reg,3.A.11,3.A.11
CE9,9.B.156,PL3_1
CBM34|GH13_20,3.A.1,3.A.1,3.A.1,GH65,GH13_31,2.A.7,2.A.7,TetR_N,2.A.3,GH32,GH68
8.A.3,8.A.3,9.B.18,GT4,GT2,GT4,9.B.183,GT2,GT2,9.B.18
3.A.1,3.A.1,3.A.1,GH42,GH53,SpoIIE|PAS,3.A.1,3.A.1,HATPase_c,GerE|Response_reg,GH18,2.A.3,2.A.7,LysR_substrate|HTH_1,Peripla_BP_3|GntR,2.A.1
2.A.63,2.A.63,2.A.63,2.A.63,2.A.63,2.A.63,2.A.63,2.A.24,3.A.1,3.A.1,3.A.1,3.A.1,HTH_11|Response_reg,HATPase_c|PAS,GT51,2.A.1
1.A.1,9.B.23,9.A.40,GH13_31,1.B.52,1.B.52,1.B.52,1.B.52
2.A.86,2.A.1,GH73,2.A.38,2.A.38
2.A.88,CBM48|GH13_9,GT5,GT35,9.A.24,GT4,GT4
3.A.1,3.A.1,Trans_reg_C|Response_reg,HATPase_c,3.A.1,3.A.1,2.A.1,STAS|PAS,Rhodanese,GH4,3.A.1,3.A.1
3.A.1,SBP_bac_1,HTH_18|dCache_1,3.A.1,GH105,9.B.28,2.A.15,2.A.66,HTH_DeoR,3.A.1,3.A.1,2.A.40,PALP,CBM68|GH13_14
GH43_5,3.A.1,3.A.1,3.A.1,GH51,2.A.114
4.C.1,TetR_N,GH51,ACT,3.D.10,3.D.10,3.D.10
CBM50,3.A.15,9.B.157,9.B.157,9.B.157
3.D.10,CBM50,2.A.25,Pkinase,2.A.1
9.B.97,Sigma70_r2|Sigma70_r4_2,TrmB,2.A.76,2.A.3,3.A.23,4.A.6,4.A.6,4.A.6,4.A.6,GH32|CBM66
GH46,LysR_substrate|HTH_1,2.A.11,8.A.5,Sigma70_r2|Sigma70_r4_2,3.A.1,MarR,2.A.1,2.A.1
1.E.19,CBM50
3.A.18,2.A.115,FUR,9.B.117,2.A.1,SBP_bac_1,3.A.1,3.A.1,3.A.1,3.A.1,GT4,9.B.104
3.D.3,3.D.3,3.D.3,2.A.115,CE14,GT4
