4.A.1,GH32,Peripla_BP_3|LacI,SpoVT_AbrB,3.A.7
3.A.1,3.A.1,3.A.1,Pribosyltran,3.A.1,AAA,GH63
2.A.118,HTH_5,GH20
3.A.1,3.A.1,2.A.26,3.A.1,3.A.1,HTH_11,GH73
3.A.16,4.A.1,GH1,GH1
GH1,4.A.3
2.A.7,2.A.7,GH18,AA10
GH105,2.A.56,2.A.56,2.A.56
3.A.7,3.A.7,3.A.7,GH73,3.A.7
GH23,1.E.11,GH25
3.A.7,4.A.1,GH1,3.A.1,3.A.1,Arg_repressor,GT51
9.B.97,2.A.1,CE1,TetR_C|TetR_N,3.A.1,3.A.1,TetR_N,3.A.1,GH73,3.A.1,3.A.1,3.A.1,GH154,GH88,GH35,GntR,4.A.6,4.A.6,4.A.6,PL8
GH126,GT2,Aminotran_1_2,3.A.1,3.A.1
GH65,4.A.1,HTH_18,3.A.1,3.A.1
1.E.11,GH25
9.B.146,GT28,9.A.4
3.A.18,3.A.23,4.A.3,4.A.3,4.A.3,4.A.3,4.A.3,GH1,4.A.2,HTH_11|CBS,2.A.1
4.A.3,4.A.3,HD,2.A.115,EPSP_synthase,3.A.6,GT26
3.A.1,3.A.1,CE7,GH3,GH94,Peripla_BP_3|LacI,GntR,GH1
CE9,3.A.1,3.A.1
3.A.1,MarR,3.A.1,3.A.1,3.A.1,CBM34|GH13_20,GH13_31,GH13_31,1.A.78,3.A.3
3.A.1,Peripla_BP_3|LacI,GH4,3.A.1
3.A.1,4.A.1,HTH_11|Mga,4.A.2,4.A.2,4.A.2,GH23,3.A.3
2.A.1,GH73
3.A.1,3.A.1,NUDIX,HTH_3,4.A.1,GH13_31,GH32,Peripla_BP_3|LacI,GH1,4.A.1,3.A.1,3.A.1,3.A.1
3.A.1,3.A.1,GT51
3.A.1,2.A.86,GH101,4.A.6,4.A.6,4.A.6,4.A.6,GH35,PfkB,SIS,GntR,GT8,GT8,2.A.1
3.A.14,3.A.14,2.A.3,3.A.1,3.A.1,GntR,3.A.12,Pyr_redox_2,3.A.1,3.A.1,3.D.4,3.D.4,HTH_18|GyrI-like,3.A.7,TetR_N,2.A.1,Pribosyltran,3.A.1,3.A.1,3.A.1,3.A.1,3.A.1,3.A.1,3.A.1,GH25
GT2,GT14,2.A.66,GT2,GH25,GT2,9.B.18,GT2|GT2,GT2,3.A.1,3.A.1,GT2,GT2,GT27,9.B.146,9.B.126,9.A.24
4.A.1,Glyoxalase,GH92,HTH_18|Response_reg,8.A.59,SBP_bac_1,3.A.1,3.A.1,MerR,3.A.1,3.A.1,GH136,9.B.28,3.A.1,3.A.1,SBP_bac_1,GH88,GH154
PL12_1,4.A.6,4.A.6,4.A.6,GH88,GntR,GH23
3.A.9,2.A.40,Pribosyltran,GH73
3.B.1,2.A.103,2.A.16,2.A.49,GT2
3.A.1,3.A.1,Pyr_redox_2,GT2|GT2,GT2,3.A.1,3.A.1,3.A.1,2.A.103
2.A.88,Glyoxalase,3.A.1,TetR_N,GH1,4.A.1,2.A.86,EPSP_synthase,3.A.2,3.A.2,3.A.2,3.A.2,3.A.2
3.A.3,GH73
GH2,2.A.3,AraC_binding|HTH_18,1.C.82,3.A.1,ACT,3.A.1
GH25,1.E.10
GT4,GT4,Aminotran_1_2,3.D.1,Pyr_redox_2,SBP_bac_1,3.A.1,3.A.1,3.A.1,GT2,2.A.38,GerE|Response_reg,HATPase_c,9.B.116,GT0,3.A.1,3.A.1
3.A.3,2.A.23,1.A.1,Sigma70_r4_2,2.A.23,GH13_31,GH31,SBP_bac_1,3.A.1,3.A.1,GH31,Peripla_BP_1|Peripla_BP_3|LacI,4.A.6,4.A.6,4.A.6
3.A.7,3.A.7,GT2,3.A.1
