2.A.115,2.A.62,9.B.97,TetR_N,GH18,9.B.34,2.A.66
2.A.21,PL9_1,2.A.21,PL22|PL22,SirB,AsnC_trans_reg|MarR,AA10,1.B.39,8.A.1,2.A.1,HTH_IclR,GH63
1.B.52,2.A.47,Fer4,CBM50
GT51,1.B.22
GH1,2.A.21,3.A.23,9.B.34,2.A.26
1.B.9,3.A.1,3.A.1,2.A.6,CE16,CBM5,4.A.7,4.A.7,4.A.7
9.B.2,NUDIX,GH23
GH92,GH92,GH92,GH92,GH92,4.A.2
2.A.6,2.A.6,3.A.1,PglZ,GntR,2.A.15,GH2,GerE,HTH_3,9.B.34,2.A.6,2.A.6,LysR_substrate|HTH_1,3.A.1,GerE,4.A.2,LysR_substrate|HTH_1,2.A.76
GH0|CBM35,1.I.1
2.A.6,2.A.6,1.B.52,1.B.6,2.A.1,MCPsignal|PAS,TrmB,GH18,9.B.34,Rhodanese,3.A.25,2.A.55,2.A.49,HTH_3,8.A.5
9.B.34,TetR_N,AA3_2,3.A.1,3.A.1,3.A.1,Nitroreductase,8.A.21,8.A.21,PAS|EAL|GGDEF|CHASE4,5.B.3,2.A.21
GH18,PfkB,8.A.59,MCPsignal,1.I.1,EAL,1.A.16,LysR_substrate|HTH_1,2.A.109,1.B.9
3.D.4,3.D.4,3.D.4,2.A.76,AraC_binding|HTH_18,1.B.1,2.A.7,2.A.1,LysR_substrate|HTH_1,GGDEF|EAL,CBM50,9.B.143,9.A.5,1.B.52,2.A.42
4.A.2,4.A.2,SBP_bac_5,HTH_5,2.A.59,HTH_18,1.B.52,3.A.1,3.A.1,3.D.1,2.A.6,2.A.6,5.B.1,9.B.34,1.B.9,2.A.6,2.A.6,3.A.1,2.A.37,2.A.37,HTH_5,GH13_27
3.A.1,3.A.1,3.A.1,3.A.1,9.B.18,8.A.3,GT4
3.A.1,3.A.1,3.A.1,SBP_bac_1,MCPsignal,1.B.14,1.I.1,CBM50
GH13_2,Rhodanese,AA10|CBM73,2.A.95,Nitroreductase,1.B.18,8.A.3,LysR_substrate|HTH_1,2.A.23,9.B.156,9.A.5,GH13_19,GT51,CBM48|GH13_9,GH77,GT35
2.A.23,PfkB,SpoVT_AbrB,2.A.3,HTH_3,CBM41|GH13_13|CBM69|CBM69,GH13_37,CBM69,1.B.3,GH13_11,HTH_7,2.A.1,1.A.34,1.B.52,3.A.1,3.A.1,3.A.1,3.A.1,1.B.14,1.B.14,2.A.1,3.A.1,HisKA|HATPase_c,Trans_reg_C|Response_reg,4.A.1,3.A.1,3.A.1
1.B.52,LysR_substrate|HTH_1,GH4,HTH_18,1.I.1,GntR,2.A.56,2.A.56,2.A.56
GH13_19,2.A.106
1.B.52,GT25,GT90,GT2,GT2,GT9
GT100,GT30,GT9,1.B.14
GT2,2.A.66,Nitroreductase,GT2,9.B.18,9.B.146,GT4,GT4,GT4,1.B.14
GT1,LysR_substrate|HTH_1,4.C.1
9.B.146,2.A.103,GT28,CE11,3.A.5
3.A.23,8.A.5,NUDIX,8.A.7,2.A.102,2.A.58,LysR_substrate|HTH_1,HTH_5,2.A.66,9.B.105,LytTR|Response_reg,9.B.33,2.A.114,ANTAR|SIS,GH3,1.A.34,3.A.1,GH23,Trp_repressor,GH23,1.B.33,3.A.9
2.A.35,GH19|CBM5,2.A.96,2.A.25
2.A.68,GH23
9.B.34,TPR_1,3.A.1,3.A.1,3.A.1,LacI|Peripla_BP_3,4.A.1,GH13_29,Trans_reg_C,2.A.115
GH20,1.B.35,3.A.3,1.B.1,1.B.6
GH73,4.A.1,8.A.7,8.A.8,PALP,2.A.121,1.B.25,8.A.21,CbiA,GT2,4.D.3,GH8,1.B.55
2.A.17,2.A.37,MarR,CE9,4.A.1
4.C.1,CbiA,GH103,LysR_substrate|HTH_1,2.A.41
2.A.6,GT2
3.A.7,GT5,LacI|Peripla_BP_3,5.A.3
3.D.1,LysR_substrate|HTH_1,2.A.117,1.A.16,3.A.1,5.B.5,5.A.3,GH36,2.A.119,3.A.1,3.A.1,3.A.1,3.A.1,3.A.1,3.A.23,9.B.100,PspC,2.A.6,2.A.6,2.A.6,Aminotran_1_2,2.A.22,1.B.52,3.A.23,3.A.1,3.A.1,3.A.1,9.B.27
2.A.15,9.B.18,GT2,GT4,GT4,GT4,3.A.23,CbiA,1.B.18,STAS,2.A.66,Response_reg,9.B.34,3.A.7,1.B.52
1.A.11,3.A.1,3.A.1,3.A.1,3.A.1,3.A.1,GH73,Crp|cNMP_binding,5.A.1,3.A.3,3.D.4,3.D.4,3.D.4
3.A.1,3.A.1,3.A.1,3.A.1,1.A.14,1.B.52,1.B.17,1.B.6,1.B.17,1.B.6,9.B.34,NUDIX,CBM73,4.C.1
5.A.1,LysR_substrate|HTH_1,GerE|Response_reg,HisKA|HATPase_c,5.A.3,5.A.3,5.A.3,GT83,GT2,3.A.1
2.A.53,3.A.1,GntR,2.A.34,5.A.2,9.B.34,GH13_21,3.A.1,3.A.1,3.A.1,9.B.20,3.A.1,3.A.1,3.A.1,3.A.1,3.A.1
2.A.53,GH23
GT19,1.B.33
2.A.22,CBM73|GH18,2.A.16,3.D.5,3.D.5,3.D.5,3.D.5,3.D.5,3.D.5,3.D.5,2.A.1,Sigma70_r4|Sigma70_r2,1.B.10,Aminotran_1_2,9.B.34,3.A.16,GH102,3.A.7
2.A.1,1.A.8,HTH_DeoR|DeoRC,1.A.35,9.B.8,1.B.6,LacI|Peripla_BP_3,CBS,2.A.21,LacI|Peripla_BP_3,GH2,2.A.3
3.A.5,3.A.16,1.B.1,CBM50,2.A.6,2.A.6,Aminotran_1_2,2.A.86,dCache_1|HisKA|HATPase_c|PAS|Response_reg,3.A.1,3.A.1,3.A.1,3.A.1,3.A.1,GH9,GH20,GH94,3.A.1,3.A.1,3.A.1,1.A.11,GT51
3.A.5,9.B.14,9.A.40,GH23,9.B.27,3.B.1,3.B.1
GH23,1.B.52,HD,LacI|Peripla_BP_3,GH4,4.A.3,4.A.3,CE4|CBM12
3.A.11,CBM50,2.A.38,2.A.38,1.C.113
