2.A.106,Glyoxalase,GT2,9.A.61
GT0,Aminotran_1_2,9.B.18,5.B.4
9.B.34,1.B.23,TPR_1|TPR_2,3.A.1,GT26,PAS|dCache_1|HisKA|Response_reg|HATPase_c,8.A.21
2.A.7,9.A.24,GT2,3.E.2
2.A.1,3.A.1,GT4
GT2|GT2,3.A.1,3.A.1,3.A.3,9.B.142
9.B.18,GT26,GT4,3.A.1
3.A.1,3.A.1,9.B.160,HD,3.D.1,GT83,Pkinase,3.D.1
GT20,3.A.1,3.A.1,3.A.1,3.A.1
GH13_20,GT4,GT4,GT2,GT2,GT94,GT5,3.A.1
9.B.100,Aminotran_1_2,GT83
9.B.150,FHA,3.D.1,3.D.1,3.D.1,3.D.1,GH0,GATase_2,8.A.21,9.A.25
GT4,GT4,9.B.128,GT4,2.A.63,2.A.63,2.A.63,2.A.63,2.A.63,2.A.63,2.A.63,2.A.63,2.A.37,2.A.53,Response_reg,2.A.64
3.A.1,2.A.21,8.A.59,GT19
GT2,1.A.11,3.D.3,1.B.42
3.E.2,GT2,CE9
GH57,GH38,8.A.59,Crp,3.A.1
3.A.16,3.A.1,Glycos_trans_3N,GH102
CBM50,9.B.34,1.A.13
GH57,1.A.23,2.A.49,8.B.9
9.B.174,NUDIX,GT2
GT83,9.B.157,1.A.33,3.A.1,2.A.21
4.C.1,4.C.1,GT4,1.B.20
GH23,3.A.1,8.A.59,1.B.23,3.A.1,NTP_transf_2,3.D.10,B12-binding_2|B12-binding,8.A.7
GT41,SKI,1.A.30
GT2,Glyoxalase,3.A.1,3.A.1,3.A.1
9.A.61,GH73,HisKA,3.D.10
GH24,HisKA|PAS|HATPase_c,3.A.1,3.A.1,HisKA|HATPase_c,8.A.59,1.A.11,GT35
3.A.1,GT5,AAA,3.A.1
3.E.1,3.A.1,Glyoxalase,GT2
3.A.1,FHA,GT51
1.B.33,CE11
1.A.11,GT41,3.A.1,HisKA|Response_reg|HATPase_c,3.A.20,9.B.34
2.A.21,GT41,9.B.149,2.A.30,2.A.21
9.B.34,GGDEF,GH116
9.B.18,GT4,3.A.1,2.A.53,1.B.23,KilA-N,GT60
9.A.25,9.B.34,3.D.3,3.D.3,8.A.59,GT9,9.B.10
GT28,3.D.1,EAL|CHASE2|GGDEF,9.B.34
3.A.3,GT5,Rhodanese,STAS,GT2
GT1,3.A.1
3.A.1,Pribosyltran,1.A.14,TetR_N,GT19,SpoIIE,GT2
3.A.2,Sigma70_r4_2|Sigma70_r2,GT51,2.A.37,2.A.37,2.A.41,9.B.142,3.A.1,3.A.1
GH19,FUR,3.A.1,Pyr_redox_2,3.E.1,3.E.1,3.A.4,9.B.106,3.A.1,3.A.1
2.A.21,Glycos_trans_3N,PALP,GT4
GT2,9.B.142,9.B.34,1.B.14,3.A.1,3.A.1,3.A.2,3.A.2,3.A.2,3.A.2,1.A.77,8.A.5
GT4,2.A.1
