GH23,2.A.38,2.A.38,CBM50,3.A.11
3.A.23,2.A.21,CBM9,BLUF,9.B.126
1.B.52,AAA,3.A.11,MetJ,GT51,3.A.11,1.B.22
9.A.41,1.B.52,EAL|GGDEF|PAS,1.A.23,1.B.75,GT0
GT26,9.B.146,2.A.1
9.B.146,2.A.103,GT28,CE11
3.B.1,3.B.1,8.A.5,CBM50
3.A.23,HisKA,HATPase_c|CHASE3|HisKA,Response_reg,HATPase_c|Response_reg|HisKA,Peripla_BP_3|LacI,2.A.2,GH1,2.A.1,GH3,8.A.5,1.B.52,8.A.51
GH23,GT30,SIS,PfkB,GT4,GT9,Aminotran_1_2,Rhodanese,9.B.104
1.A.11,GT51,Aminotran_1_2,2.A.49,HTH_3,2.A.1
3.A.15,1.B.33,3.A.9,1.B.52,GH23,9.A.40,9.B.14,3.A.5
GT0,GT4,GT4,GT4,GT26,9.B.18,8.A.3
8.A.21,2.A.23,3.A.7,GH13_23,1.B.14,GH13_38,2.A.2,GH15,GH13_36,1.A.62
GT2,HATPase_c|Response_reg|HisKA,1.B.14
2.A.86,9.B.34,GH73,HD,1.B.14
2.A.1,PL17_2|PL17,PL6|PL6_1
2.A.37,9.B.34,GT19,3.D.4,3.D.4,3.A.1,3.A.1,1.B.33
2.A.122,1.A.23,Trans_reg_C,9.B.34,1.A.26,1.B.52,ACT,2.A.68,GerE|Response_reg,4.C.1,1.B.70,1.B.14,Sigma70_r2|Sigma70_r3|Sigma70_r4,CBM50
GH23,3.A.23
4.C.1,1.A.23,HTH_1|LysR_substrate,9.B.34,2.A.23,AA2,2.A.1,CBS,1.A.35,2.A.53,SBP_bac_3,2.A.1,Sigma70_r2|Sigma70_r4_2,2.A.35,LytTR|Response_reg,8.A.59,GH3,GH16_21,1.B.14
CBM50,5.A.1,1.B.52
3.A.1,9.B.153,1.A.23,GH97
2.A.64,2.A.64,2.A.64,9.B.34,GT2,2.A.8,1.B.14,GerE|Response_reg,2.A.21
AA10|CBM73,2.A.6
GH3,9.B.34
2.A.46,Response_reg,2.A.21,FIST,EAL|GGDEF|Response_reg,Response_reg,1.B.14,2.A.3,Peripla_BP_3|LacI,GH20,SIS,CE9,2.A.1,Pyr_redox_2,2.A.16,2.A.38,2.A.38,2.A.38,HisKA,Trans_reg_C|Response_reg,dCache_1|HATPase_c|HisKA,8.A.59
2.A.1,GH37,GerE,1.B.48,GH18,AA10,GH18|CBM5|CBM5,2.A.114
2.A.1,GH13_18
1.B.14,GH16_3,3.A.1,3.A.1,Pyr_redox_2,1.B.14,2.A.79,GT0|GT2|GT4,2.A.76,HTH_1|LysR_substrate,1.B.14
1.B.14,2.A.7,HTH_18,AA3_2
1.A.33,3.A.5,Response_reg,dCache_1|HATPase_c|HisKA,3.A.23,1.B.1,2.A.47,9.B.34,HTH_1|LysR_substrate,2.A.6,2.A.6,2.A.6,CE4
2.A.40,GT81,GH13_18
1.I.1,3.A.9,Pyr_redox_2,Fer4,1.B.71,AA3_2
9.B.34,GH77,CBM48|GH13_9,CBM48|GH13_11,GT35,GT5,EAL,9.B.169,2.A.6,2.A.6,HTH_1|LysR_substrate,EAL|GGDEF|PAS|CHASE,1.C.113
4.C.1,CbiA,GH103,MarR,1.B.14,1.B.52,9.B.34,1.A.30,1.B.14,EAL|GGDEF|PAS,1.B.52,1.A.1
