2.A.2,GH65
3.A.1,GT8,3.A.1,GT8
9.B.142,GT2
3.A.1,3.A.1,3.A.1,3.A.1,2.A.3,2.A.3,2.A.66,Pribosyltran,3.A.16,2.A.17,CE9
GT2,GT2,3.A.3,3.A.1,3.A.1,3.A.1,ACT,3.A.23,4.A.6,4.A.6,4.A.6,4.A.6,4.A.6,2.A.87,2.A.36,3.D.4,3.D.4,3.A.1,3.A.1,Sigma70_r4_2,8.A.3,8.A.3
9.B.18,GT111,GT2,Pyr_redox,2.A.66,GT4,GT4
GT2,GT2,1.C.57,3.A.7,GH25
GT51,3.A.1
9.B.27,Pyr_redox_2,3.D.1,2.A.1,9.A.24,Arg_repressor,GT51
2.A.1,9.A.4,GT28,9.B.146
GT4,GT4,8.A.7,PTS-HPr,3.A.9,9.A.40,2.A.86
9.B.126,GT2,3.A.18,GH25,2.A.3,2.A.40
GH73,2.A.85,Sigma70_r4_2,3.A.1,3.A.1,3.A.1
3.A.3,1.A.43,GT4,GT4
GT2,HhH-GPD,2.A.1,3.A.3,GT2,Aminotran_1_2,9.B.18,GT4,GT4,GT2
GH73,GT8,GH31,3.A.1,3.A.1,3.A.1
2.A.3,9.B.74,TetR_N,TetR_N,2.A.1,3.A.1,GT8,TetR_N,2.A.1,2.A.1
GT2,9.B.105,9.B.27,HATPase_c|HisKA,Trans_reg_C|Response_reg,2.A.26,4.A.1,GH65,GH65,MarR,2.A.115,9.B.141,9.B.141,Peripla_BP_2,3.A.1,3.A.1
GT4,CBS,9.B.126,3.A.3,SKI,TetR_N,9.B.74,2.A.1,3.A.1,3.A.1,9.B.97,Sigma70_r4_2,2.A.7,2.A.7
4.A.1,4.A.1,GH1
