GT9,Response_reg|Trans_reg_C,HATPase_c|HisKA,1.B.76,9.B.62
3.A.1,3.A.1,Aminotran_1_2,LysR_substrate|HTH_1,3.D.2,3.D.2,3.A.1,AA2
2.A.118,GH23,Aminotran_1_2|GntR,2.A.3
2.A.56,DctP,LysR_substrate|HTH_1,3.A.1,3.A.1,3.A.1,MarR,3.A.1,3.A.1,3.A.1,3.A.1,3.A.1,3.A.1,GH43_11,3.A.1,2.A.1,3.A.1,3.A.1
GT4,9.B.18,Aminotran_1_2,GT0,3.A.1,3.A.1,3.A.1,2.A.66,9.B.105
3.A.11,9.B.34,GH23
2.A.39,2.A.39,CE4,SIS|HTH_6,SBP_bac_3,3.A.1,3.A.1,3.A.1,2.A.118,AraC_binding,3.A.1,3.A.1,3.A.1,CbiA,2.A.7,1.B.33,1.B.15,2.A.1,LacI|Peripla_BP_3,2.A.56,2.A.56
GT51,EAL,CBS|cNMP_binding,2.A.15,3.A.1,3.A.1,3.A.1,3.A.23,2.A.21,LysR_substrate|HTH_1,1.B.14,1.B.14,3.A.1,3.A.1,3.A.1,3.A.1,3.A.1
2.A.56,3.A.1,1.B.14,3.A.1,3.A.1,HTH_3,2.A.23,GT84|GH94,2.A.47
AA3_2,CSD,2.A.47,3.D.9,2.A.63,2.A.63
GT4,3.A.1,LysR_substrate|HTH_1,2.A.25,2.A.7
2.A.63,2.A.63,2.A.63,2.A.63,2.A.63,2.A.63,2.A.63,GH103
2.A.21,HTH_18,CBS,2.A.7,9.B.104,3.D.4,3.D.4,3.A.3,4.A.2,PfkB,4.A.2,LacI|Peripla_BP_1,LacI|Peripla_BP_3,3.A.1,GH13_23,3.A.1,3.A.1,3.A.1,1.B.3,9.B.159,GH13_23,3.A.1,Sigma70_r4_2|Sigma70_r2,2.A.38,3.A.3,3.A.3,3.A.3,HATPase_c|HisKA,Response_reg|Trans_reg_C,2.A.38,3.A.1,3.A.1,3.A.1,2.A.38,2.A.38,2.A.21
2.A.103,GH103
GH3,Pribosyltran,8.A.7
2.A.53,1.B.52,2.A.7,3.A.1,3.A.1,3.A.1,3.A.1,GH23
CE1,3.A.3
2.A.8,2.A.8,2.A.1,1.A.1,2.A.37,Fe_dep_repr_C|Fe_dep_repress,GT2,9.B.97,GT2,GT2,GT2,Pribosyltran,GT4,9.B.18,3.A.1,8.A.3,1.B.18,Pribosyltran,9.B.67,9.B.18,3.A.23
3.A.1,TetR_N,AA3_2,3.A.1,3.A.1,3.A.1,3.A.1,3.A.1,HTH_DeoR|DeoRC,2.A.47
3.A.1,3.A.11,3.A.1,3.A.1,NUDIX,3.A.5,CE11,GT28,2.A.103,9.B.146
GH23,2.A.76
9.B.34,GT107|GT107,9.A.41
9.B.18,GT2,GT4
9.B.102,9.B.102,dCache_2|MCPsignal,dCache_2|MCPsignal,GT81,1.A.30,8.A.1,3.A.1,Aminotran_1_2,2.A.22,2.A.1
2.A.15,3.A.1,3.A.1,3.A.1,3.A.1,HATPase_c|HisKA,Response_reg|Trans_reg_C,4.A.1,4.A.1,SIS,CE9
GT4,4.F.1,LysR_substrate|HTH_1,2.A.83,Aminotran_1_2,HTH_11|AsnC_trans_reg,2.A.6,2.A.6,HTH_18,2.A.107,HTH_18|AraC_binding,2.A.1
1.B.22,GT51
3.A.1,3.A.1,3.A.1,3.A.1,Aminotran_1_2,2.A.56,DctP,HTH_18|AraC_binding,GT4,9.B.97,3.A.1,3.A.1,3.A.1,3.A.1,LysR_substrate|HTH_1,2.A.6,2.A.6
2.A.3,HTH_18,GT2,9.B.34,HTH_3,9.B.10,2.A.56
3.A.6,HD,GT19,1.B.33
3.A.1,3.A.1,3.A.1,3.A.1,Sigma70_r4_2|Sigma70_r2,8.A.5,LysR_substrate|HTH_1,3.A.5,SBP_bac_3,3.A.1,3.A.1,1.B.1,GT4,2.A.27,9.B.13,3.A.23
CBM35|CBM35|CBM6|CBM6|CBM6,3.A.7,2.A.1
3.A.6,3.A.6,3.A.6,3.A.6,3.A.6,3.A.6,GH73
