2.A.80,2.A.80,PfkB,LacI|Peripla_BP_3,1.B.33,9.B.22,HD,3.A.1,9.B.2,3.D.5,3.D.5,3.D.5,3.D.5,3.D.5,3.D.5,3.D.5,GH23,HhH-GPD,1.A.35,9.A.4,3.A.5
2.A.10,2.A.1,3.A.1,GH3,1.A.16,2.A.102,NUDIX,4.A.2
9.B.27,GT19,2.A.47,2.A.86,5.A.2,2.A.34,GntR,3.A.1,3.A.1,3.A.1,GT2,GT9,GT9,GT25,GT8,3.A.11,TetR_N,2.A.6,2.A.6,3.A.1,3.A.1,3.A.1,3.A.1,3.A.1
2.A.26,GT32,TPR_1|TPR_2,1.I.1,2.A.53,2.A.88,2.A.1,2.A.64,2.A.64,2.A.64
GH31,2.A.56,2.A.56,2.A.56,PfkB,3.A.1,3.A.1,3.A.1,2.A.3,2.A.7
2.A.109,1.B.9,3.A.1,3.A.1,3.A.1,3.A.1,LacI|Peripla_BP_3,9.A.40,GT111,2.A.66,9.B.18,GT2
1.B.39,3.A.8,LexA_DNA_bind,1.B.40,GH2,2.A.14
2.A.21,4.A.1,3.A.1,3.A.1,1.A.34,3.A.1,3.A.1,Peripla_BP_2,2.A.1,9.B.124,2.A.40,PfkB,GH2,2.A.1,LacI|Peripla_BP_1,3.A.1,3.A.1,3.A.1,3.A.1,9.B.174
2.A.28,LysR_substrate|HTH_1,2.A.7,MerR,5.A.3,5.A.3,5.A.3,LysR_substrate|HTH_1,1.A.33,SBP_bac_3,GH103,GT2,GT2,GT25,GH32,Aminotran_1_2,9.B.146,2.A.22,HhH-GPD,3.D.6,3.D.6,3.D.6,3.D.6,3.D.6,3.D.6,9.B.114,3.A.11,3.A.1
GH20,GT2,CE4|GH153,1.B.55,GT35,GT5,GH13_11,CBM48|GH13_9,GH77,3.A.1,3.A.1,1.B.17,9.B.1,2.A.124,Rhodanese,Rhodanese,9.B.102,CSD,1.B.6
1.B.6,3.D.2,3.D.2,GH36,2.A.2,HTH_18,SfsA,PfkB,GH13_29,4.A.1,LacI|Peripla_BP_3,3.A.1
5.A.1,TetR_N,3.A.1,3.A.1,3.A.1,2.A.6,HD|ACT,GT51,2.A.66,1.B.14,3.A.1,LacI|Peripla_BP_1,ACT,2.A.35,ACT,3.A.1
1.B.46,3.A.12,AsnC_trans_reg|MarR,3.A.1,GH102
9.A.23,8.A.3,1.B.18,9.B.18,Aminotran_1_2,9.B.18,GT4,GT4
4.A.1,8.A.7,8.A.8,CBM50
3.A.5,2.A.6,2.A.6,GH23,Trp_repressor,GT51
3.D.10,3.D.10,CE11,GT28,2.A.103,9.B.146
PL22|PL22,2.A.21,PL9_1,ACT,DeoRC,3.A.11,2.A.7,2.A.7,2.A.66
2.A.1,2.A.33,GH23,Pyr_redox_2,TPR_2,9.B.14,5.A.3,5.A.3,1.B.33,9.B.31
1.I.1,GT30,2.A.86,GT9,1.A.8,MetJ,SKI,1.B.22,GT51,2.A.8
1.B.3,3.A.1,3.A.1,3.A.1,3.A.1,GH13_19,9.B.159,GT35,GH77,8.A.5,2.A.16,9.B.21,2.A.6,3.A.1,MarR,LysR_substrate|HTH_1,8.A.5,2.A.37
3.A.1,2.A.117,GT41,Rhodanese,HATPase_c,2.A.75,2.A.56,GT9,GT9,4.C.1,CBM50
