CBM50,Sigma70_r2|Sigma70_r4|Sigma70_r3,1.A.14
GH55,2.A.8
2.A.1,GH3,GH5_7,GH27,CE2,1.B.14,3.A.23
9.B.34,Aminotran_1_2,2.A.7,GntR|Aminotran_1_2,HATPase_c,2.A.21,PL15,GH39
3.D.4,3.D.4,GT104,1.I.1
4.C.1,Peripla_BP_3|HTH_18,3.A.1,CE3,GH95,GH35,GH31,GH3,1.A.78,9.B.143,AraC_binding,GH35,GGDEF|Response_reg,2.A.21,1.B.14,1.B.14,GerE|Response_reg,Trans_reg_C,2.A.2,GH43_26,GH43_26,GH97,GH51,GH43_4,GH43_5,GH146,3.A.1,3.A.1,3.A.1,3.A.1,GH43_29
GH73,1.A.30
9.A.21,GT1,GntR,3.A.1
1.B.33,GT19
GH5_8,1.B.14
GH23,9.B.97
1.A.23,2.A.1,GH3,GH43_3,GH2,3.A.1,3.A.1,3.A.1,Peripla_BP_3|LacI,1.B.14,GH43_32
GH0|GT4,GH2,2.A.40,PL15
3.D.10,9.B.18,HATPase_c|GAF,3.A.23,TPR_2,GT2|GT4,GT4,Glyoxalase,2.A.6,2.A.6,1.B.17,3.A.4
2.A.17,GT51
1.B.14,3.A.1,3.A.1,3.A.1,3.A.1,GH1,PHB_acc_N,1.B.33,Aminotran_1_2,HD,TPR_2,9.B.42,1.B.22
2.A.21,2.A.21,9.B.34,GGDEF|PAS|GAF,GH10,MarR,1.B.14,CBM5|GH18,GH18,3.A.1,3.A.1,3.A.1,1.B.14,1.B.14
1.B.14,GH1,2.A.1,4.C.1,2.A.6,8.A.1,4.C.1,1.B.14,PL1_6,2.A.49,1.B.17,TetR_N,8.A.28
2.A.53,PL9
2.A.1,9.B.34,9.B.34,GH23,1.I.1
1.B.52,GT4,SBP_bac_3,3.A.1,3.A.1,3.A.1,3.A.1,2.A.6,2.A.6,Response_reg,2.A.21,SBP_bac_3,GGDEF,3.A.23
1.B.46,3.A.12,Pyr_redox_2,1.A.62,GH19,1.B.52,HTH_1|LysR_substrate,1.B.14,3.A.1
2.A.4,9.B.20,HTH_18|Ada_Zn_binding|AlkA_N,GH35,2.A.8,9.B.34
4.C.1,Response_reg,2.A.21,3.A.10,1.A.30,PL0,HTH_1|LysR_substrate,PL0,1.B.17,MarR,8.A.1,Peripla_BP_3|LacI,GH67,GH115
3.A.1,3.A.1,GH3
GH103,PALP,3.A.1
CE9,SIS,3.A.1,3.A.1,3.A.1,3.A.1
GH18|CBM5,1.B.14,GntR,9.B.125
PL11,CE12,GH105,CE12|CE12,PL0,GH28,3.A.1,3.A.1,3.A.1,3.A.1
3.A.1,3.A.1,3.A.1,1.B.14,1.B.14,1.B.14,1.B.14,TPR_2,1.B.14,1.B.14,1.B.14,1.B.14,1.A.35,3.A.23,HATPase_c|HisKA|PAS,Rhodanese,1.B.14,GT0
GH105,1.B.14,3.A.17
9.B.2,MarR,3.A.1,3.A.1,GH2,STAS,STAS,HATPase_c,SpoIIE,2.A.21
CE4,9.B.35,3.D.1,HTH_18,9.A.40,3.A.15,3.A.15,2.A.2,GH13_4
1.B.52,3.A.5,CE11
GT28,2.A.103,9.B.146
GH33,9.B.175,1.B.1,MCPsignal,B12-binding_2|B12-binding|MerR,3.A.5,3.A.1,Sigma70_r2|Sigma70_r4,1.B.14,HTH_5,3.A.1
3.A.1,3.A.1,1.B.52,3.A.7,CBM50
GH119,1.B.14
2.A.55,1.A.35,GT51
9.A.4,NTP_transf_2,3.A.23,HATPase_c|HisKA,9.B.14,3.A.1,3.A.1,SBP_bac_3,3.A.5,GH23,9.B.97
AA5,HTH_18|Ada_Zn_binding,GntR,2.A.21,Response_reg,3.A.6,9.B.142,SBP_bac_3,3.A.20,2.A.3
2.A.1,HATPase_c|HisKA|PAS|MHYT|Response_reg,GT4,GT4
1.B.42,CBM32,PfkB,2.A.1,GH3,GH1,GH5_47,Peripla_BP_3|LacI,3.D.2,3.D.2,3.D.2,NUDIX,Response_reg,1.B.14,9.A.8
GH109,1.B.14,GH31|CBM51,SIS,Glucokinase,HTH_DeoR|DeoRC,CE9,2.A.1,2.A.3
GH94,2.A.2,2.A.6,2.A.6,3.A.5
2.A.66,GT4,GT4,GT4,9.B.42,1.B.66,8.A.3
GT2,4.C.1
GH53,1.B.14,GH35
3.A.1,3.A.1,3.A.1,3.A.1,AA3_2
1.A.54,3.A.7,CbiA,3.A.7,Peripla_BP_3|LacI,GH16_3,1.B.14
3.D.4,3.D.4,3.D.4,3.A.3,PAS|MCPsignal,2.A.76,GH16_3|CBM56,1.B.10,GntR,3.A.1,3.A.1
3.A.15,GH23,Trans_reg_C|Response_reg,3.A.15,3.A.1,8.A.1,9.B.18,GT0
GT41,NUDIX,2.A.21
8.A.5,Peripla_BP_3|LacI,GH65,2.A.1
2.A.21,GT2
GT84|GH94,2.A.106
5.A.1,Trans_reg_C|Response_reg,HATPase_c|HisKA,2.A.6,2.A.6,2.A.1,HTH_1|LysR_substrate,9.B.14,2.A.1,9.B.21,GT51,1.B.22
9.B.102,9.B.102,9.B.34,GT4,9.B.34
GH43_10,4.B.1
9.B.34,2.A.21,GH1,1.A.23,9.B.34,9.B.34,MerR,2.A.109
9.B.104,Peripla_BP_3|LacI,CBM56|CBM56|GH64,AAA,3.A.7,9.B.34,2.A.76
GH102,2.A.1,CbiA,3.A.1,Aminotran_1_2,9.B.125,CbiA,3.A.1,3.A.1,1.B.14
1.B.14,CE12,CE8,GH28,2.A.1
1.B.52,9.B.34,1.I.1,Aminotran_1_2,GT2,GT4,GT4,3.A.1,3.A.1
3.A.1,3.A.1,3.A.1,Rhodanese,2.A.50,GT9,9.B.34
9.B.34,3.A.1,3.A.1,CE1,GH13,1.B.14,GH31,2.A.2,GH13_19,CBM48|GH13_13,1.B.52,2.A.17,GH13_23,Glucokinase|SIS|HTH_6,PadR,2.A.1
1.B.14,GH1,TetR_N,8.A.1,2.A.1,2.A.6
GH73,3.A.6,3.A.6,3.A.6,3.A.6,3.A.6
1.B.52,Response_reg,STAS,HATPase_c|CheW|H-kinase_dim,1.B.52,1.B.52,CheW,CheR_N|CheR,Response_reg|CheB_methylest,9.B.34,CheC,Response_reg,GH5_4
