1.C.14,CE16,MarR|AsnC_trans_reg,2.A.1,HisKA|HATPase_c,SBP_bac_3,8.A.59,HTH_18|AraC_binding,2.A.66,1.B.52
3.A.1,8.A.5,GH13_19
1.B.14,1.I.1,CBM50
2.A.23,GH13_31,DeoRC|HTH_DeoR,4.A.7,4.A.7
3.A.1,1.B.52,IclR|HTH_IclR,1.B.52,3.A.1,GntR,GH18
3.A.23,3.A.23,3.A.23,3.A.23,3.A.23,3.A.23,3.A.23,3.A.23,3.A.23,3.A.23,3.A.23,3.A.23,3.A.23,3.A.23,HisKA|HATPase_c,Trans_reg_C|Response_reg,GH129,TetR_N,2.A.53,1.I.1,GntR,PglZ,3.A.1,3.A.1,3.A.1,Rhodanese,EAL,MarR,8.A.1,2.A.23,2.A.62,4.A.2,1.A.34
2.A.21,1.B.52,MarR|AsnC_trans_reg,SBP_bac_5,1.B.52,1.B.52,GerE,GT35,GH77,GH13_9,3.A.23,3.A.1,3.A.1,3.A.1
2.A.1,AA10,1.B.39,CBM5
3.A.1,3.A.1,3.A.1,GGDEF,9.A.5,CBM50,GGDEF|EAL,LysR_substrate|HTH_1,2.A.1,2.A.7,1.B.1,HTH_18|AraC_binding,3.A.1,3.A.1,3.A.1,3.A.1
GH13_27,1.B.52
2.A.42,1.I.1,TetR_N,Aminotran_1_2,NUDIX,AAA,3.A.1,3.A.1,3.A.1,AA3_2
2.A.85,Peripla_BP_1,HisKA|HATPase_c|Response_reg,2.A.1,SBP_bac_1,HisKA|HATPase_c,HTH_8|Response_reg,HTH_18,GH18,9.B.34,3.A.1,3.A.1,3.A.1,9.B.34,Response_reg,Response_reg,CheC,2.A.21,2.A.21,GGDEF|Response_reg|EAL,HD|Response_reg,Pyr_redox_2|Rhodanese,HTH_5,9.B.102,9.B.102,2.A.6,2.A.6,9.B.34
9.B.18,GT4,GT4,GT2,8.A.3,1.B.18,1.B.14,9.B.18,9.B.97,9.B.18,GT4
2.A.24,3.B.1,3.B.1,3.B.1,PAS|HATPase_c|dCache_1,Response_reg,CBM73|GH18,3.A.1,3.A.1,3.A.1,1.B.14,3.A.1,4.A.1,SIS,HTH_6|SIS,2.A.16,2.A.7,HTH_18|AraC_binding,2.A.76
9.B.167,Fer4,1.C.113,2.A.38,2.A.38,CBM50,3.A.11
2.A.66,Pyr_redox_2,TetR_N,GH2
1.B.52,2.A.47,CBM50
1.B.42,GH23
CBM50,Sigma70_r2|Sigma70_r3|Sigma70_r4,PALP,3.A.1,3.A.1,3.A.1,3.A.1
2.A.53,2.A.53,3.A.1,3.A.1,LysR_substrate|HTH_1,GH4
GT51,2.A.8,Diacid_rec,1.A.11,3.A.1,3.A.1,3.A.1,GH94,GH20,GH9,3.A.1,3.A.1,3.A.1,3.A.1,3.A.1,Response_reg|HisKA|PAS|HATPase_c|dCache_1,2.A.86,Aminotran_1_2,2.A.6,2.A.6,CBM50,1.A.26,1.B.1,3.A.16,3.A.5
9.B.34,1.I.1,2.A.26,3.A.23,8.A.5,NUDIX,8.A.7,2.A.102,2.A.58,LysR_substrate|HTH_1,HTH_5,2.A.66,9.B.105,2.A.114,SIS,GH3,LytTR|Response_reg,9.B.33,3.A.1,GH23,Trp_repressor,9.B.34,3.A.1,1.B.33,3.A.9
GH19,2.A.96,2.A.25,Pyr_redox,AA2
2.A.68,LysR_substrate|HTH_1,GH23
3.A.1,3.A.1,3.A.1,Peripla_BP_3|LacI,4.A.1,GH13_29,Trans_reg_C|Response_reg,HisKA|HATPase_c,2.A.6,2.A.6,GT0,GT4,GT4,GT26
2.A.17,2.A.37,MarR,CE9,4.A.1
9.B.160,Pribosyltran,2.A.8,1.A.30,Glyoxalase,HhH-GPD,3.D.6,3.D.6,3.D.6,3.D.6,3.D.6,3.D.6,1.B.14,4.C.1,2.A.1,4.C.1,HisKA|HATPase_c,Trans_reg_C|Response_reg,2.A.6,2.A.6,CBM4|GH9
4.C.1,CbiA,GH103,LysR_substrate|HTH_1,2.A.41,CBM73|GH18,Peptidase_M23,5.B.1,2.A.15,GH13_38,1.I.1,Trans_reg_C|Response_reg,HisKA|HATPase_c,3.A.1,2.A.56,2.A.56,3.A.23
3.A.9,EPSP_synthase,3.A.7,GT5,Peripla_BP_3|LacI,5.A.3
2.A.117,1.A.16,5.B.5,5.A.3,GH36,3.A.1,3.A.1,3.A.1,3.A.1,3.A.1,3.A.23,9.B.100,PspC,Aminotran_1_2,2.A.22,EAL,3.A.1,3.A.1,3.A.1,1.I.1
GH73,3.A.1,3.A.1,3.A.1,3.A.1,3.A.1,1.A.11,3.A.1,Response_reg|GerE,MASE1|HATPase_c,2.A.1,3.A.1,3.A.1,3.A.1
1.A.33,GH2,Peripla_BP_3|LacI,GH1,1.I.1,5.A.3,5.A.3,CSD,Response_reg,HisKA|cNMP_binding|HATPase_c,2.A.47,1.B.52,2.A.7,9.B.34,3.A.23
1.B.14,3.A.1,3.A.1,3.A.1,Rhodanese,SBP_bac_3,1.B.52,GH32,Peripla_BP_3|LacI,4.A.1,PfkB,EAL,1.A.1,1.B.52,3.D.4
3.D.4,3.D.4,9.B.34,zf-GRF,CBM41|GH13_13|GH13_37
GT2,2.A.6,2.A.7,TetR_N,1.B.17,2.A.1,2.A.1,2.A.8
1.B.6,3.A.3,GH20
GT19,1.B.33
2.A.40,2.A.22,GGDEF|CHASE4,3.D.5,3.D.5,3.D.5,3.D.5,3.D.5,3.D.5,3.D.5,2.A.1,Sigma70_r2|Sigma70_r4,1.B.10,GH102,3.A.7
3.A.1,1.A.62,LysR_substrate|HTH_1,2.A.102,NUDIX,3.A.5,CE11,GT28,2.A.103,9.B.146
4.C.1,LysR_substrate|HTH_1,GT1
1.B.22,GT51
1.B.52,MerR,9.A.40,1.A.23,1.B.52,9.B.18,GT4,GT4,GT2
