2.A.26,GH77,4.C.1,2.A.1
2.A.1,GT4
3.D.4,3.D.4,MerR,3.A.1,3.D.3,3.D.4,Glycos_trans_3N,GT4
9.B.146,2.A.103,GT28
2.A.1,GH13_10,GH13_26,HTH_3,CBM48|GH13_11
GH25,Glyoxalase,3.A.5
GT4,4.F.1,2.A.108
3.A.1,3.A.5,1.A.11,3.A.5,3.A.1,Sigma70_r4,2.A.25,GT87
2.A.1,HTH_3,GT35,2.A.6
3.A.1,GH13_3,CBM48|GH13_9
GT5,GH32,GT81,2.A.3,CE5
3.A.1,3.A.1,GH13_20
2.A.1,GH1
GT2,4.C.1,4.C.1,3.B.1,4.C.1
GT4,4.C.1
3.D.10,3.D.10,3.D.10,GH65
CE1,GT2,2.A.1,3.A.1,3.A.1,3.A.1,2.A.1
GT51,2.A.63,2.A.63
2.A.7,2.A.75,GntR,4.A.1,4.A.1,CE9
3.A.1,GT2,GT2
1.C.113,2.A.4,GT87,2.A.1
GT2,CE1,CE1,CE5,3.B.1,2.A.17,4.D.2,2.A.6
GH76,2.A.7,1.A.8
3.A.1,Peripla_BP_3|LacI,GT20,2.A.79,4.C.1
GH23|CBM50,CSD,2.A.40
GT39,2.A.15,GH23|CBM50,NUDIX,3.A.1,3.A.1,3.A.1,3.A.1,3.A.1,TetR_N,Fe_dep_repr_C|Fe_dep_repress|FeoA,3.A.1,3.A.1,3.A.1,3.A.1,2.A.68
