3.A.1,GT9,GT25,GT25,GT2,GT8,GT4,3.A.11,TetR_N,2.A.6,GAF,2.A.6,2.A.86
GT32,TPR_2,1.I.1
GH102,3.A.1,4.C.1
9.A.41,GT51,Trp_repressor,GH23,1.B.39,3.A.8,2.A.23,2.A.21
GT52,GT25,GT2,GT2,GH103,3.A.7,1.A.12,SIS|CBS,9.B.158,1.B.17,2.A.25
5.B.7,GH77,CBM48|GH13_9,GH13_11,GT5,GT35
3.A.7,4.F.1,3.A.1,9.B.114,ACT,2.A.35,ACT,CE9,4.A.1,3.A.1,HD,2.A.122,1.E.14
8.A.21,3.A.1,2.A.23,Pyr_redox_2,4.A.1,8.A.7,8.A.8,CBM50,HATPase_c,3.A.23,3.A.1,3.A.1,3.A.1,3.A.1,3.A.1,9.B.146
GT51,2.A.108,3.A.1
GH19,1.E.2
3.A.1,3.A.1,3.A.1,PfkB,Peripla_BP_3|LacI,ACT,CE11,GT28,2.A.103,9.B.146
1.A.16,GH3,GntR,2.A.34,GH23,2.A.95
GT2,GT30,GT9,3.A.1
9.A.41,GT107|GT107,GT45|GT45,GT2,1.B.18,8.A.4,3.A.1,3.A.1,1.B.6
2.A.1,Peripla_BP_3|LacI,4.A.1,GH13_29
2.A.14,PfkB,GH32,Peripla_BP_3|LacI|Peripla_BP_1,GT9,GT9,3.A.18,4.B.1
2.A.47,GT19,1.B.33
1.A.22,2.A.38,GT2
2.A.61,GT9,2.A.115,2.A.41
2.A.75,9.B.126,CBM50
9.A.4,1.A.35,HhH-GPD,GH23,3.A.1,3.A.1,3.A.1,3.D.5,3.D.5,3.D.5,3.D.5,3.D.5,3.D.5,3.D.5
