3.A.1,3.A.1,GT51,Peptidase_M23,3.A.14,3.A.14
3.A.7,CBM66|GH32|CBM66,3.A.1,HATPase_c,GerE|Response_reg,SBP_bac_1,4.A.6,4.A.6,3.A.1,3.A.1
3.A.1,3.A.1,GT1,1.A.1
4.A.1,4.A.3,GH1,4.A.3,GntR,CBM13|GH5_8
GH1,4.A.3,4.A.3,GH53|CBM61,HTH_18|AraC_binding,GH36,3.A.1,3.A.1,3.A.1,GH13_18,GH13_31
GH73,HTH_11,1.A.33,PfkB,3.A.1,1.A.23
4.A.6,4.A.6,4.A.6,2.A.40,3.A.1,3.A.1,PAS|GGDEF,GT2,GT2
CE9,3.A.1,3.A.1,4.A.1,GH1,9.B.146,3.A.18,3.A.1,3.A.1,3.A.1,Pyr_redox_2,GT51
GH25,2.A.17,HTH_5,3.A.3,HTH_11,2.A.88
8.A.3,8.A.3,GT4
3.A.1,3.A.1,SBP_bac_3,2.A.4,GH1,2.A.86
GH1,3.A.1,Pribosyltran,2.A.40
GH23,3.A.1,GH13_5
GH70,2.A.66
3.A.1,Aminotran_1_2|GntR,2.A.25,GH25,GH1,4.A.3,4.A.3,HTH_11|Mga,2.A.123,GH1,HTH_18|AraC_binding,4.A.1,2.A.49,3.A.1,3.A.1,3.A.1,3.A.1
2.A.7,ACT,CE4,TetR_N,3.A.9,2.A.3,AAA,2.A.6,1.C.113,3.A.1,3.A.1,3.A.1,3.A.1,HTH_1|LysR_substrate,8.A.5
3.A.1,3.A.1,3.A.1,GH73,8.A.5,2.A.37,8.A.5,TetR_N,4.A.2
GH25,GT2,GT81,GT0,GT2,3.A.1,GT2,GT4,3.A.1,3.A.1,3.A.1,3.A.1,3.A.1,Sigma70_r2|Sigma70_r3|Sigma70_r4,1.A.22,3.A.1,Aminotran_1_2,3.A.1,3.A.1,GT35,GH77,Peripla_BP_3|LacI,3.A.1,3.A.1,3.A.1,NUDIX,3.A.1,3.A.1,3.A.1,3.A.1,3.A.1,GH32,4.A.1,Peripla_BP_3|LacI,2.A.53
2.A.103,GH25
PL9,GT4,GT4,Peripla_BP_3|LacI,2.A.7,NUDIX,HTH_1|LysR_substrate,9.B.120
3.A.5,4.A.1,GH32,Peripla_BP_3|LacI|Peripla_BP_1,3.A.11
2.A.24,HTH_1|LysR_substrate,2.A.50,4.C.1,HATPase_c|HisKA,Response_reg|Trans_reg_C,HTH_18,GH16_21,GH16_21,3.A.1,3.A.1,GH94,GH94,GH16_21
4.A.1,2.A.115,2.A.115,GH13_29,4.A.1
