GH23,3.A.7
GH18,1.B.52
4.A.1,GH1,2.A.1,LacI|Peripla_BP_3,2.A.3
2.A.8,3.A.1,2.A.11,GH42,GH53,3.A.1,3.A.1
3.A.1,3.A.1,3.A.1,MCPsignal,PRD_Mga,4.A.1,GH1
2.A.35,4.A.3,GH1,4.A.3,4.A.3,CE4,Glyoxalase,Glyoxalase,HxlR,9.A.39,9.A.39,3.A.1,3.A.1,3.A.1,Peripla_BP_2,3.A.1,3.A.1,3.D.4,3.D.4,3.A.1,3.A.1,PL1_5
4.A.3,4.A.3,4.A.3,GH4,PL9_2,Peripla_BP_1,3.A.1,3.A.1,3.A.1,3.A.1,3.A.1,Glyoxalase,2.A.122,1.E.14,HTH_1|LysR_substrate,2.A.21,9.B.136
3.D.4,3.D.4,3.D.4,1.E.23,2.A.103,Nitroreductase,2.A.7,4.A.1,GH32
GT2,2.A.40,GT2,Aminotran_1_2,GT0
9.B.149,GT51
2.A.1,GT2,2.A.3,9.A.11
3.A.1,3.A.1,3.A.1,GH73,GT26,GT0,GT2|GT4,GT2,3.A.1,3.A.1,GT0,GT2
9.B.18,2.A.66,GT4,GT2,GT4,9.B.146
1.E.27,1.E.31,CBM50
1.E.40,GntR,CE9
2.A.53,GT1,3.A.1,3.A.1,3.A.1,3.A.1,CE4,3.A.1,3.A.1,Peripla_BP_2,1.E.31,HTH_3,8.A.3,9.B.18,GT4,GT2,GT4,9.B.183,GT2,9.B.18,3.A.1,3.A.1,3.A.1,3.A.1,3.A.1,2.A.66,GntR,3.A.23,2.A.3
GH28,3.A.1,3.A.1,3.A.1
GH23,GH73,GH0,1.E.31,CBM50
2.A.63,2.A.63,2.A.63,2.A.63,2.A.63,2.A.63,2.A.63,2.A.24,3.A.1,3.A.1,3.A.1,3.A.1,Response_reg|HTH_11,HATPase_c,GT51,2.A.1,2.A.21
3.A.1,3.A.1,GT2
4.C.1,TetR_N,GH51,ACT,3.D.10,3.D.10,3.D.10,HTH_1|LysR_substrate,2.A.11
CBM50,3.A.11,9.B.157,9.B.157,9.B.157
3.D.10,CBM50
GH73,1.E.27,1.E.31,CBM50
3.A.1,CE4,2.A.28,GH3,4.A.1
4.A.1,GH1,HTH_11|Mga,GH38,4.A.2,4.A.2,4.A.2
3.A.7,GH126,GGDEF,GT2,2.A.3
3.A.23,CSD,MerR,GH16_21,TetR_N,2.A.1
GH4,Pyr_redox_2,Rrf2,GH4,4.A.1,SIS|HTH_6,2.A.1,2.A.47,2.A.3,GT2,9.B.10,MerR,2.A.1,3.A.1,3.A.18,9.A.25,HATPase_c,Response_reg|HTH_11,2.A.80
4.A.1,1.B.52,4.A.1,GH13_29,GntR,2.A.25,9.B.126,2.A.1,2.A.19,1.A.23,CE4,1.A.35
2.A.7,TetR_N,CE12,Pyr_redox_2,2.A.7,MarR,2.A.1
GT2,9.B.144
1.E.19,CBM50
CBM50,Sigma70_r2|Sigma70_r4_2,9.A.40,MerR,9.A.40,1.A.43,1.A.23,CE4,3.A.1,3.A.1,3.A.1
2.A.88,3.A.1,3.A.1,3.A.1,GT51,TetR_N,9.B.74,2.A.23,4.C.1,1.B.52
CBM50,9.A.10,2.A.20,3.A.1,3.A.1,3.A.1,3.A.1,4.A.5,4.A.5
9.B.146,2.A.103,GT28
GH9|CBM3,GH48,GH10,GH5_7,HTH_5,3.A.1
CE4,3.A.1,3.A.1
3.A.7,9.B.105,4.A.7,4.A.7,4.A.7,LacI|Peripla_BP_3,SBP_bac_1,3.A.1,3.A.1,GH43_16|CBM6,GH30_8
2.A.66,CE8,NIR_SIR_ferr|NIR_SIR|Pyr_redox_2,5.A.3,Pyr_redox_2,2.A.1,Pyr_redox_2,GATase_2,HTH_1|LysR_substrate,3.A.1
5.A.3,GH11,MarR,GH43_11,2.A.2,9.B.102
2.A.3,GH23,Citrate_synt,CBM50
CBM50,2.A.66,PIG-L,2.A.7,HxlR,Nitroreductase,2.A.21,9.B.174,8.A.42
GT2,9.B.18
GT28,CSD,2.A.88
CE4,2.A.40
GT4,CE14,2.A.115,3.D.3,3.D.3,3.D.3
GH1,4.A.3,4.A.3,4.A.3,2.A.7,2.A.9,CheW,3.B.1,Glyoxalase,2.A.85,3.A.1,3.A.1
CE4,1.C.28,3.A.1,2.A.1
1.E.31,GH73
