9.B.146,GT28
8.A.3,8.A.3,9.B.18,GT4,GT4,GT2,GT4,2.A.66
3.A.1,GntR,GH25,1.E.12
2.A.115,SpoVT_AbrB,GH25
3.A.1,3.A.1,9.B.126,GT0,4.A.3,3.A.18,GH25,2.A.3,Pribosyltran,9.A.40
4.A.1,GntR,GH13_29,3.A.1,3.A.1,3.A.1,3.A.1,3.A.1,3.A.1,3.A.1,2.A.1,2.A.17,LacI|Peripla_BP_3,GH13_31,4.A.6,4.A.6,4.A.6,4.A.6,GH31,GH1,4.A.3,2.A.3,3.A.1,3.A.1,MarR,2.A.1,9.B.105,GH1,4.A.3,4.A.3,4.A.5
GT51,LacI|Peripla_BP_3,1.A.23
3.A.1,3.A.1,Aminotran_1_2,GH13_18,GH36,2.A.2
2.A.40,EPSP_synthase,HD,GH13_31,3.A.1,3.A.1,3.A.1,3.A.1,GH65,CBM34|GH13_20,GH13_31
3.A.3,3.A.11,GH1,4.A.3,4.A.3,GntR,GH1,GntR,4.A.3,GH1
2.A.7,GT2
2.A.37,PfkB,GH25,GH73,2.A.72,4.A.2,PfkB,SIS|HTH_6,2.A.1
3.A.1,3.A.1,3.A.1,SBP_bac_3,GntR,4.A.5,4.A.6,4.A.6,4.A.6,4.A.6,CE9,SIS,GntR,GH31,9.B.141,9.B.141
2.A.3,Pribosyltran,GT2
2.A.109,3.A.1,3.A.1,GH8
3.A.1,3.A.1,9.B.160,2.A.21,Response_reg|Trans_reg_C,GT8,GT8,GT8,2.A.1,2.A.26,LysR_substrate|HTH_1,2.A.3,Pyr_redox_2,2.A.86
4.C.1,2.A.50,2.A.1,4.A.3,3.A.9,2.A.3,4.A.6,4.A.6,4.A.6,2.A.3,2.A.3,2.A.3,2.A.3,PfkB,LacI|Peripla_BP_3,GH32,4.A.1,3.A.1
9.B.182,3.A.1,3.A.1,Response_reg|Trans_reg_C,HisKA|HATPase_c,3.A.1,GH31,DeoRC|HTH_DeoR,PfkB,4.A.2,HTH_5,3.A.1,3.A.1,2.A.14
GT4,GT4,4.D.2,2.A.3
8.A.5,GH23|CBM50
GT26,GT4,GT2,3.A.3,2.A.66,GT32,2.A.87,GH73
GH2,LacI|Peripla_BP_3,2.A.2,GH42
