GT2,GT89,CE1,CE1,CE5,4.C.1
3.B.1,GT53,CE1,GT53,GT85
GT2,HTH_18,2.A.109,2.A.6,Response_reg|GerE,HATPase_c,3.A.1,GT2,3.A.1
2.A.63,2.A.63,2.A.63,GT51
2.A.4,GT2,Glyoxalase,GT85
4.C.1,3.A.1,3.A.1,3.A.1,3.A.1,3.A.1,GT20,2.A.79,TetR_N,Aminotran_1_2,4.C.1
3.A.1,3.A.1,3.A.1,3.A.1,4.C.1,GT53,9.B.10
GT4,9.B.18,GT4,2.A.66,GT4,GH39,GT4,GH39
2.A.76,GH31
9.B.62,3.A.1,2.A.23,HATPase_c|dCache_1,Response_reg,GH13_30,3.A.1,3.A.1,3.A.1,3.A.1,3.A.1,3.A.1,1.B.77
2.A.1,LysR_substrate|HTH_1,GH3
3.D.4,3.D.4,3.D.3,3.D.4,Glycos_trans_3N,GT4,4.C.1,9.B.106
9.B.146,2.A.103,GT28
GT4,2.A.6,GT87
2.A.1,GH3,2.A.1
1.A.35,1.A.26,GH23,3.A.1
GT81,2.A.3
CE14,SBP_bac_5,GntR,2.A.1
2.A.15,AA3_2,2.A.1,2.A.1
2.A.28,LysR_substrate,3.A.1,3.A.1,3.A.1,3.A.1,Peripla_BP_2,CE14,9.B.97
2.A.75,LysR_substrate|HTH_1,3.A.1,3.A.1,3.A.1,3.A.1,CBM5,2.A.86
3.A.1,GH23|CBM50,2.A.15,GT39|GT39
2.A.1,TetR_N,GH13_31,2.A.2,2.A.7,LysR_substrate|HTH_1,2.A.47,2.A.4
2.A.21,GT4
3.A.1,3.A.1,GH65,Pyr_redox_2,CE1,CE1
GT2,2.A.15
3.A.1,3.A.1,3.A.1,3.A.1,MarR,GH25,8.A.59,4.D.2,2.A.6
4.C.1,GH3,CE14,Pyr_redox_2,8.A.5
GT51,PadR,2.A.1,3.A.1,3.A.1,3.A.1,2.A.1,MerR,3.A.1,MarR,AsnC_trans_reg,3.A.1,3.A.1,3.A.1,3.A.1,3.A.1,Pyr_redox_2,3.A.1,Peripla_BP_2,3.A.1,2.A.1
2.A.78,2.A.1,GT87,HD,NUDIX,2.A.66,2.A.66
