GT39,GT2,GH39,3.A.1
2.A.23,GT2,3.A.25,Response_reg,TPR_2,3.A.1,3.A.15,GT51,3.A.2,3.A.2,3.A.2
GT35,3.A.23
1.A.30,1.A.30,3.A.20,GT47,GT41,TPR_2,GT4|GT2|GT2
8.A.59,3.A.1,CSD,1.B.52,Fer4,GH23
9.B.146,2.A.103,GT28
GH57,GT5,5.A.3,GATA,9.B.34,HTH_3|AraC_binding,9.B.160,3.A.15,8.A.59
1.A.62,9.B.160,3.D.2,Fer4,GT51,NTP_transf_2,2.A.81
GH13_10,GH57,GH13_26,GH13_3,GH13_16,ATPase_2,GT2,TetR_N,8.A.1,2.A.6,2.A.6
3.A.23,GT4,3.A.7
GT66,5.B.3,9.B.14
3.A.1,PSK_trans_fac,3.A.1,GT2,GT2,GT2,GT2,9.B.18,GT4,GT2,GT2,TPR_1,GT2,MarR,GT10,GT2,GT2,9.B.144,GT2,3.A.5
GT2,Aminotran_1_2,GT83,2.C.1,3.A.11,3.A.7
2.A.33,2.A.66,3.D.10,3.D.10,3.D.10,3.A.16,GH77
2.A.6,B12-binding,GH13,Nitroreductase,GT4,GH0,1.B.52,1.B.52,NUDIX,9.A.55,1.B.52,3.A.1,3.A.1,AAA,3.A.1,1.A.43
GT2,Response_reg|CheW,5.A.3
3.A.1,3.A.1,3.A.1,1.B.33,GT19,3.A.1,GT30,3.A.1,3.A.1,GT9,GT4,GT2,GT9,GT9,GT0
GT2,GT4,9.B.18,9.B.146,1.B.73
CE11,9.B.34
2.A.21,CE11
1.B.52,TetR_N,CBM57|CBM57
GT2,3.A.15,3.A.15,1.B.22,3.A.1,3.A.1,Peptidase_M23,9.B.174,3.A.15
8.A.59,NUDIX,2.A.21,SBP_bac_3,2.A.33,4.F.1,GH23,3.D.10,GT4,9.B.1
3.A.23,4.C.1,3.A.1,3.A.1,GT2,GT2,GT2,GT4,HTH_3,GT4,GT4,GT2,GT4,GT2
9.B.42,CbiA,9.B.18,TPR_2,2.A.72,HisKA|HATPase_c,Response_reg|Trans_reg_C,GT66,1.A.34,9.B.196,1.B.18
4.C.1,GH133,GH13_10,GH0,GT4,GT0
AA6,LysR_substrate|HTH_1,1.A.14,1.I.1,CSD,HD,CE4
3.A.1,3.A.23,PAS|HisKA|HATPase_c,3.A.15,3.A.15,3.A.15,2.A.64,Response_reg|CheB_methylest,CheR|CheR_N,HEAT_PBS,CheR|CheR_N,1.B.52,CheW,H-kinase_dim|CheW|HATPase_c,Response_reg,Response_reg,3.A.23,PAS|HisKA|HATPase_c,GH23,MarR,2.A.21,3.A.23,Response_reg,5.A.3
3.A.1,HATPase_c,2.A.4,TPR_2,2.A.6,2.A.6,3.A.5,HD|GAF,3.A.1,3.A.1,HTH_5,GT35
2.A.103,9.B.157,SIS,GT2,1.A.33
GT21,2.A.6
2.A.81,2.A.6,9.B.170,1.B.52,2.A.66,GH15,1.B.39,NUDIX,HisKA|HATPase_c,2.A.21,2.A.21,CheB_methylest|CheR|PAS|CheR_N,HisKA|HATPase_c,8.A.59
9.B.170,GT51
GH23,3.A.23
