2.A.21,1.C.67,Guanylate_cyc,2.A.4,TetR_N,2.A.36,GT51
9.B.43,GH42
GT4,9.B.114,Sigma70_r2|Sigma70_r4_2,1.A.34
2.A.1,GT51
2.A.21,1.C.67,Guanylate_cyc,2.A.4,TetR_N,2.A.36,GT51
5.B.3,STAS,GT2
GT2,9.B.142
1.B.66,GT89
2.A.123,GT2,SIS,3.A.1
GT4,9.B.67,GT9,cNMP_binding,4.C.1
8.A.21,GH18,2.A.88,2.A.50
CE11,8.A.7,4.C.1,GT4,1.B.33,1.A.30
GT2,GT2,GT2,GT0,GT0,9.B.18
3.A.11,GT4,1.A.30,1.A.30
GT89,TPR_2|TPR_1,GT28,2.A.103,9.B.146
GT2,1.B.14
GT2,4.A.2,1.B.48
3.A.10,GT30
GT2,1.B.52
GT9,TetR_N,3.A.1,3.A.1,3.A.15
2.A.3,GH18
1.A.8,Sigma70_r2|Sigma70_r4_2,9.B.14,GT2,GT2
GT51,3.D.1
3.A.1,SBP_bac_5,GT51
1.B.52,HTH_18,GH18,3.A.1
2.A.37,GT4,4.C.1,Peripla_BP_2,3.D.1,3.D.1,3.D.1,3.D.1,3.D.1,3.D.1,1.B.13,2.A.83
GH5_12,2.A.1
GH5_12,2.A.1
