GH5_12,2.A.1
9.B.43,GH42
GH18,3.A.1
GT4,GT4,9.B.114,Sigma70_r4_2|Sigma70_r2,1.A.34
GT51,SBP_bac_5,3.A.1
2.A.1,GT51
2.A.21,1.C.67,Guanylate_cyc,2.A.4,TetR_N,2.A.36,GT51
GT51,3.D.1
GT2,1.B.14
GH18,2.A.3
3.A.1,1.A.4,5.B.3,STAS,GT2,1.A.25,1.A.25
GT9,Response_reg|Trans_reg_C,HATPase_c|HisKA,3.A.3,3.A.3,3.A.3
GT2,1.B.52,2.A.21
GT2,GT4,9.B.18,GT4,9.B.18
1.B.74,3.A.25,3.A.6,8.A.21,8.A.21,3.D.1,Fer4,FecR,2.A.123,9.B.67,GT2,SIS,3.A.1
9.B.67,GT4,GT9,cNMP_binding,4.C.1
8.A.21,GH18,2.A.88,2.A.50
CE11,8.A.7,4.C.1,GT4,1.B.33,1.A.30
GT89,1.B.66
9.B.142,GT2,HTH_3,2.A.6,3.A.5
GH3,ACT,TPR_2|TPR_1,1.B.52,FeoA,9.A.8
9.B.34,GT30,3.A.10
GH13_23,Pyr_redox,3.A.1
GH23,SBP_bac_3,8.A.59,1.B.9,3.A.1,3.A.1,3.A.1,3.A.1,2.A.6,2.A.6,Glycos_trans_3N,4.F.1,HTH_3,3.A.12
1.B.48,3.A.1,4.A.2,GT2
9.B.146,2.A.103,GT28,TPR_2|TPR_1,GT89
GT2,STAS,1.B.14
1.A.30,1.A.30,GT4,3.A.11
1.B.52,HTH_18,Pribosyltran,2.A.37,GT4,4.C.1,Peripla_BP_2,3.D.1,3.D.1,3.D.1,3.D.1,3.D.1,3.D.1,1.B.13,2.A.83
