1.A.26,CE4,9.B.18
3.A.1,3.A.1,3.A.1,3.A.1,3.A.1,GT2,GT4
GH103,3.A.1,GH15,GT20,9.B.34,2.A.1,2.A.89,2.A.76
GT2,3.A.1,Aminotran_1_2,9.B.97,3.A.23,2.A.63,2.A.63,2.A.63,2.A.63,2.A.63,2.A.63,HTH_3,GerE|Response_reg,HATPase_c|HisKA|Response_reg,3.A.1,3.A.1,3.A.1,3.A.1,3.A.1
GT2,2.A.123,GT83,2.A.56,2.A.56
GT4,Pyr_redox_2,2.A.80,2.A.80
GH23,3.A.7
3.A.1,3.A.1,3.A.1,GH13_11|GH77,GT5,CBM48|GH13_9,GT35
3.A.1,3.A.1,3.A.1,3.A.1,AA3_2
GH103,3.A.9,ACT,8.A.7
3.A.1,3.A.1,3.A.1,3.A.1,GT20
2.A.4,GH103,NUDIX,2.A.1,2.A.1
2.A.7,CE4,ACT,3.A.1,3.A.1
2.A.7,HTH_18,9.B.143,Pyr_redox_2,Fer4,AA3_2,TetR_N,3.A.1,3.A.1,3.A.1,2.A.40,3.A.16,TPR_2,2.C.1,2.C.1,1.A.30,1.A.30
3.A.1,1.B.33,CE11
GT28,2.A.103,9.B.34,9.B.146
GT2|GT2,GH8,5.A.3,5.A.3,5.A.3
GH13_23,HTH_3|AraC_binding,3.A.1,3.A.1,3.A.1,3.A.1,3.A.1
2.A.53,GH13_26,GH13_10,GH13_11,MarR,3.A.1,3.A.1,3.A.1,3.A.1
2.A.102,9.B.143,GT30
2.A.56,2.A.56,2.A.56,FmdA_AmdA|HTH_18,3.A.18,9.B.34,3.A.1,GH158,HATPase_c,2.A.9,4.A.2
3.D.4,3.D.4,Pyr_redox_2,GT4
3.A.1,3.A.1,3.A.1,3.A.1,GH71,GT4,GT4,GT4,GT4,GerE,3.A.1,3.A.1,3.A.1
2.A.21,1.A.22,GT2,GT2,GT4
GH1,GH5_46,3.A.3,3.D.10,8.A.5,3.A.1,3.A.1,2.A.88,4.C.1,8.A.5,Pyr_redox_2,HTH_1|LysR_substrate,3.A.1,3.A.1,3.A.1,3.A.1,2.A.6,2.A.6
3.A.1,3.A.1,3.A.1,EAL|GGDEF,GT2,3.A.1
3.A.7,GH23
AA3_2,GH103,2.A.55,2.A.56,PAS|GGDEF,TetR_N,2.A.1,2.A.1,2.A.80,2.A.80
8.A.1,2.A.1,Aminotran_1_2,2.A.66,2.A.6,2.A.6,HTH_3,PALP,GT4,2.A.7,AsnC_trans_reg,PfkB,2.A.1,3.A.1,3.A.1
GT26,GH18,9.B.18
3.A.1,3.A.1,GT2
GT84|GH94,ATPase_2,1.A.1,GH103
1.B.12,2.A.85,8.A.1,1.B.14,3.A.1,3.A.1,3.A.1,3.A.1,3.A.1,3.A.1,CE4,MarR,SBP_bac_3,3.A.1,HTH_3|AraC_binding,2.A.37
GH3,3.A.1,2.A.64,CBM50,2.A.6,2.A.6
GT19,Citrate_synt,LexA_DNA_bind,3.A.9
3.A.1,3.A.2,1.A.77,3.A.2,3.A.2,HTH_1|LysR_substrate,2.A.1,GH13_23,HTH_5,2.A.59
1.B.12,GT1,GT4,GT4,GT1,3.A.1,3.A.1,3.A.1,3.A.1
