3.A.1,3.A.1,3.A.1,3.A.1,2.A.1,3.A.1,GT2,Nitroreductase,Aminotran_1_2,3.A.1,3.A.1,3.A.1,GH20,GH31,9.B.10,3.A.1,3.A.1
3.A.1,3.A.1,GH32,2.A.1,Peripla_BP_3|LacI,2.A.1
9.B.146,2.A.103,GT28,GH38,GH38,SBP_bac_1,3.A.1,3.A.1,GH5_18,GH3,GH85,Peripla_BP_3|LacI,GH125,2.A.1
CE9,3.A.1,3.A.1,3.A.1,3.A.1
3.A.1,GT5
3.A.1,GerE|Response_reg,2.A.20,2.A.114,GH13_20,TetR_N,3.A.18,2.A.40
2.A.109,3.A.1,3.A.1,GH13_9
2.A.28,Aminotran_1_2,GT4
3.A.1,3.A.1,SIS|HTH_6,GH51,2.A.45
2.A.3,2.A.16,PALP,3.A.1,3.A.1,3.A.1,3.A.1,3.A.1,3.A.1,3.A.1,3.A.1,GH51,Peripla_BP_3|LacI,GH42,3.A.1,3.A.1,Peripla_BP_3|LacI,HTH_3,SIS,3.A.1,3.A.1,3.A.1,3.A.1,3.A.1
GT51,1.A.1
GT4,GT2,8.A.3,9.B.18,2.A.1,2.A.55,2.A.2,Peripla_BP_3|LacI,GH42,3.A.1,3.A.1,SBP_bac_1,3.A.1,2.A.1,4.C.1,3.A.1
GH13_3,2.A.107,Trans_reg_C,HhH-GPD,3.A.1,3.A.6
GH43_29,GH121,GH127,3.A.1,3.A.1
1.A.11,3.A.5,TetR_N,GT2
9.B.74,TetR_N,3.A.1,3.A.1,3.A.1,2.A.108,2.A.108,9.B.143,GH101,9.B.124
3.A.7,GT51
9.A.47,CbiA,9.B.27,2.A.40,MerR,1.A.33,GH31,3.A.1,Peripla_BP_3|LacI,CBM20|CBM25,GH77,Peripla_BP_3|LacI,GH13_30,2.A.1,2.A.1,GH13_18,Peripla_BP_1|LacI|Peripla_BP_3,1.A.43
GH146,2.A.64,Peripla_BP_3|LacI,3.A.3
GT35,2.A.21,2.A.79
GH23,9.B.106,GH3
GT2,3.A.1
3.A.3,2.A.36,GH36,SBP_bac_1,3.A.1,3.A.1,Peripla_BP_3|LacI,Peripla_BP_3|LacI,SBP_bac_1,SBP_bac_1,3.A.1,3.A.1,GH13_30,GH36,GH13_31,PALP|ACT,9.B.74,9.B.74,Nitroreductase,3.A.1,Peripla_BP_3|LacI,3.A.1,3.A.1,9.B.28,GH43_22,GH43_22,GH43_27,GH43_22|GH43_26,GH43_22|GH43_34,ATPase_2|HTH_IclR,2.A.3,TetR_N,3.A.1,2.A.3,GH30_5,GH43_24,MarR,3.A.1,3.A.1
GH127,AraC_binding|HTH_18,Peripla_BP_3|LacI,GH27,3.A.1,3.A.1,2.A.72
GT2,3.A.1,GT2,GT81,2.A.69,IclR|HTH_IclR,3.A.9
1.C.82,IclR|HTH_IclR,IclR|HTH_IclR,HTH_8,2.A.88,3.B.1,Peripla_BP_3|LacI,GH13_4,3.A.1,AAA,CBM22|GH43_16|CBM6,GH43_10|CBM22,2.A.40
2.A.3,Fer4,Aminotran_1_2,Peripla_BP_3|LacI,SBP_bac_1,3.A.1,3.A.1,GH13_31,2.A.7,GH77,GH13_11
2.A.1,4.A.1,3.A.1,3.A.1,3.A.1,GH112
2.A.78,2.A.78,GT2,GT2,3.A.1,Pribosyltran,3.A.16,9.B.148,3.A.1,3.A.1,MarR,3.A.1,3.A.1,3.A.1
GH136,GH3,MarR,3.A.1,3.A.1,PfkB|Peripla_BP_1|LacI|Peripla_BP_3,3.A.1,3.A.1,3.A.1,3.A.1
GH2,2.A.2
