3.A.1,3.A.1,3.A.1,3.A.1,TPR_2|TPR_1,4.A.2,1.B.42,GT41,2.A.1,3.D.1
2.A.21,3.D.10,3.D.10,HTH_1|LysR_substrate,4.C.1,2.A.1,2.A.53,GT32
2.A.1,1.B.52,1.B.52,2.A.1,GT20,3.A.1,3.A.1
9.A.62,HTH_18,1.B.4,2.A.36,CE4,3.A.1,3.A.1,3.A.1,GntR,3.A.1,3.A.1,3.A.1
GT0,1.B.4
GH103,9.B.34,9.B.34,3.A.1,1.A.30,Glyoxalase,1.A.30,9.B.115,2.A.6,2.A.6
3.A.6,3.A.6,1.A.30,GH23
2.A.1,GH79,3.A.1,3.A.1
3.A.1,GH103
9.B.146,2.A.103,GT28
CE11,1.B.33,2.A.1
GH1,9.B.34,3.A.1,AAA,2.A.95
CE4,9.B.35,3.A.1,3.A.1,3.A.1,3.A.1,3.A.1
3.A.1,3.A.1,3.A.1,GT4,GT9,PfkB,9.B.18,9.B.146,Aminotran_1_2,2.A.66
2.A.21,PfkB,GT4,PALP,1.B.4,2.A.1,3.A.1,3.A.1
3.A.9,3.A.1,3.A.1,3.A.1,3.A.1,3.A.1,GT83,2.A.1
9.B.18,GT4
8.A.3,Trp_repressor,CE4,CE4,1.A.26
3.A.9,2.A.1,8.A.5,HTH_1|LysR_substrate,Aminotran_1_2,3.A.1,HTH_18,DctP,GH23
GT0,3.A.1,8.A.1
1.B.70,GH23,1.A.22
AA3,HTH_1,2.A.51,Rhodanese,2.A.4,8.A.59,2.A.55
9.B.18,GT4,8.A.3
3.A.1,3.A.1,3.A.1,3.A.1,3.A.1,2.A.21,Response_reg,TetR_N,GT1,3.A.1,3.A.1
GT19,3.A.1,3.A.1,3.A.1
2.A.80,GH23,8.A.59
GH3,2.A.64
CBM50,AAA,3.A.5,2.A.6,2.A.6
GH103,TPR_2|TPR_1,4.C.1
3.A.1,SBP_bac_3,3.A.1,2.A.6,2.A.6,8.A.1,2.A.6,PALP,3.A.1,3.A.1,3.A.1,3.A.1,Guanylate_cyc|TPR_2|TPR_1,2.A.123,GT2,GT83,GT51
3.D.4,3.D.4,GT2,9.B.36
3.A.1,GH103
2.A.1,1.A.34,GT4,3.A.1,GT4,2.A.7,GT51,HTH_3,2.A.1,TPR_2|TPR_1,HTH_3,2.A.23,2.A.88
GH103,Pyr_redox_2,4.C.1,8.A.1,2.A.85,MarR,2.A.1
2.A.1,GT51
2.A.1,GH0,3.A.1,GT4,2.A.56,2.A.56,2.A.1
3.D.4,3.D.4,3.D.4,9.B.43,Glyoxalase,GH23,AraC_binding,IclR|HTH_IclR,3.A.1,3.A.1,3.A.1
GT1,2.A.1
1.A.30,1.A.30,GT81
9.B.1,GH103,3.A.1,3.A.1,3.A.1,3.A.1,3.A.1
9.B.34,2.A.80,HTH_1|LysR_substrate,HTH_IclR,1.B.48,AA3_2,TetR_N,HTH_18,9.B.34
GH16_5,GT2,GH16_3,2.A.50
2.A.1,MarR,3.A.1,3.A.1,3.A.1,3.A.1,3.A.1,3.A.1,PfkB,3.A.1,3.A.1,3.A.1,SBP_bac_1,Peripla_BP_3|LacI,GH10,Guanylate_cyc,4.C.1
1.C.113,GT83
9.B.34,2.A.76,Response_reg,GH103
3.A.3,CE4,3.A.1,3.A.1,9.B.10,9.B.10,3.A.1,3.A.1,3.A.1,FUR,9.B.10,2.A.99,3.A.1,3.A.1,3.A.1,5.B.3,9.A.18,2.A.113
3.A.7,GH23
GT2,GT2,CbiA,GT26,9.B.34
9.B.44,TetR_N,HTH_1|LysR_substrate,3.A.1,GH3
2.A.80,GH1,GH16_5,3.A.1,3.A.1,3.A.1,3.A.1,3.A.1
4.C.1,TetR_N,3.A.1,Peripla_BP_1,3.A.1,3.A.1,3.A.1,3.A.1,3.A.1,3.A.1,AA3_2
9.B.34,9.B.34,GT51
GT51,3.A.1,2.A.21,HTH_8|Response_reg,GH13_16,GH13_23,HxlR,CE1
