9.B.97,GH24
2.A.26,2.A.3,CBM34|GH13_21
2.A.115,LacI|Peripla_BP_3,GH2,2.A.113
AA3_2,TetR_N,2.A.15,1.B.14,3.A.1,3.A.1,3.A.1,2.A.1,3.A.1,2.A.1,2.A.114,HTH_3,3.A.1
CE9,4.A.1,1.B.25
3.A.1,TOBE|HTH_1,2.A.6,3.A.1,3.A.1,3.A.1,CE8
GH1,4.A.3,GntR,3.A.1,GH31,2.A.1
9.B.105,2.A.1,2.A.1,TetR_N,3.A.4,HTH_5,2.A.81,Nitroreductase,3.A.1,3.A.1,3.A.1,3.A.1,Trans_reg_C|Response_reg,HisKA|HATPase_c,3.A.1,3.A.1,3.A.1,3.A.1,3.A.1,GH19|CBM73
1.A.14,3.A.1,2.A.50,9.B.35,2.A.39,GntR,CE4
AA6,2.A.7,2.A.40
GT2,2.A.1
GH73,2.A.1
4.A.1,GH3
4.A.3,4.A.3,4.A.3,HTH_18|AraC_binding,GH4,CE0,2.A.23
4.A.1,2.A.2,GH3,2.A.86,3.D.1
1.E.2,GH24,1.M.1
GH13_16,3.D.4
GT2,Response_reg|HisKA|PAS|HATPase_c,GH2,5.A.1,Sigma70_r4_2|Sigma70_r2,1.B.52,LacI|Peripla_BP_3,GH32,4.A.1,1.B.3,PfkB,EAL|BLUF,HTH_6|SIS,3.A.1,3.A.1,3.A.1,3.A.1,3.A.1
GH73,Pkinase,3.A.23,3.A.23
2.A.1,HTH_18|AraC_binding,GH37,1.E.43,GH23,2.A.36,Pyr_redox,GntR,2.A.34,5.A.2
CBM50,3.A.1,3.A.1,3.A.1
9.B.158,3.A.6,3.A.6,GT20,3.A.1,3.A.1,3.A.1,2.A.13
GH1,GH1,GT2,9.B.18,9.B.146,GT4,2.A.66,9.B.18,GT4,NUDIX,GT2,GT4,GT2,8.A.3,1.B.18,2.A.109,9.B.34,AlkA_N|HhH-GPD,8.A.1,2.A.6,2.A.1
2.A.1,LacI|Peripla_BP_1,8.A.3,1.B.18,2.A.113,3.A.1,LytTR|Response_reg,9.B.33,MerR,3.A.1,3.A.1,3.A.1,GH3,9.B.29,9.B.27,1.B.17,GH1,4.A.1,HTH_18|AraC_binding,1.E.14,2.A.122,9.B.114,3.A.1,3.A.1,3.A.1,LacI|Peripla_BP_3,9.B.169,1.B.14,2.A.3,LysR_substrate|HTH_1,2.A.98,4.A.2,PfkB,4.A.2,2.A.1
1.B.33,ACT,2.A.86,HTH_3,4.A.3,2.A.40,Pribosyltran,GH1,EAL|MASE1,9.B.209,LysR_substrate|HTH_1,HxlR,2.A.1,PfkB,3.A.1,3.A.1
GT51,4.A.1,GH4
2.A.113,2.A.1,Aminotran_1_2,3.A.23,HisKA|HATPase_c,GH23,4.A.1
GT19,1.B.33
3.A.1,1.A.62,2.A.49,3.A.1,3.A.1,3.A.1,1.B.14,GT51
2.A.3,2.A.2,GH43_26,9.B.125,3.A.15,3.A.15,NUDIX,3.A.5,CE11,GT28,2.A.103,9.B.146
GH23,3.A.1,LysR_substrate|HTH_1,4.B.1
GH43_11,2.A.2
GH20,3.A.3,LacI|Peripla_BP_3,4.A.1,GH13_29
3.A.25,9.B.34,4.A.3,4.A.3,1.C.82,3.A.5,3.A.1,3.A.1,3.A.1,3.A.1,3.A.1,2.A.1,5.A.3,9.B.186,LacI|Peripla_BP_1,PfkB,2.A.1,CSD,HTH_3,3.A.1,9.B.97,HTH_18,3.A.1,3.A.1,3.A.1,Peripla_BP_3|HTH_18,GH73,GH13_19,Aminotran_1_2,3.D.1,9.B.99,LysR_substrate|HTH_1,8.A.1,9.B.32,4.A.2,2.A.14,GntR,2.A.1
1.A.34,GT2,GT4,Aminotran_1_2,GT9,GT9,GT9,GT2,GT9,GT4,GT4,GT2,GT30,GT2
2.A.27,2.A.40,GH31,2.A.2
3.A.1,SpoVT_AbrB,TetR_N,2.A.6,2.A.6,2.A.6,LacI|Peripla_BP_3,4.A.3,4.A.3,GH1,4.A.3,2.A.7,2.A.1,8.A.5,2.A.1,2.A.1
2.A.7,2.A.1,GH5_25,LysR_substrate|HTH_1,2.A.8,PALP,9.B.51,GH4,4.A.1,GntR,2.A.81,2.A.1
1.I.1,3.A.6,9.B.146,GT0,Aminotran_1_2,2.A.66,GT56,9.B.128,GT26,2.A.3
2.A.38,HTH_11,GH8,CbiA,GT2,4.D.3,GH8,1.B.55,EAL|GGDEF,2.A.23,PfkB,EAL,9.B.121,2.A.1,9.B.126,LysR_substrate|HTH_1,GH37,Pyr_redox_2,9.B.4,2.A.20
2.A.86,2.A.1,2.A.88,2.A.95,CBM48|GH13_9,CBM48|GH13_11,GT5,GT35,Rhodanese,9.B.104,HTH_DeoR|DeoRC,GerE,GT35,2.A.8,9.A.8,9.A.8,9.A.8,Trans_reg_C|Response_reg,2.A.21
GT51,1.B.22
1.B.42,1.B.42,Response_reg|HisKA|PAS|HATPase_c,GT51,8.A.8,4.A.2,1.B.42,1.B.42,1.B.42,CBS|SIS,2.A.19,3.A.1,3.A.1,3.A.1,3.A.1,3.A.1
GH36,SIS,CE9,4.A.6,4.A.6,4.A.6,4.A.6
1.B.76,2.A.38,8.A.5,HTH_18,9.B.27,1.A.30,1.A.30,8.A.5,MCPsignal,3.A.1,3.A.1,3.A.1,3.A.1,3.A.1,GT2,CE4|GH153|GH153,1.B.55,GerE,9.B.120,HTH_IclR|Response_reg,2.A.24
2.A.1,GH23
GH1,HTH_6|SIS,1.C.113
1.E.33,GH23
3.A.7,GH102
CBM50,2.A.1
3.D.1,3.D.1,3.D.1,3.D.1,3.D.1,3.D.1,GH1,4.A.1,LacI|Peripla_BP_3,5.A.3,2.A.52,Pyr_redox_2,3.A.23,CBS|SIS,HTH_DeoR|DeoRC,4.A.4,4.A.4,4.A.4,GH103,3.A.1,3.A.1,3.A.1
1.B.33,3.A.9,LysR_substrate|HTH_1,2.A.1,GH23,GntR,3.A.1,3.A.1,3.A.1,3.A.1,3.A.1
