9.B.51,AA3_2
3.A.11,2.A.1,LysR_substrate|HTH_1,LysR_substrate|HTH_1,AA3_2
3.A.1,3.A.1,3.A.1,AA7
3.A.1,HTH_18|AraC_binding,2.A.25,3.A.23,AsnC_trans_reg|LexA_DNA_bind,2.A.1,9.B.34,3.A.1,2.A.7,LysR_substrate|HTH_1,2.A.80,3.A.1,3.A.1,3.A.1,3.A.1,3.A.1,2.A.88,3.A.1,3.A.1,3.A.1,3.A.1,HATPase_c|HisKA,Trans_reg_C|Response_reg,3.A.1,PL1_13,GT4
3.A.3,MerR,CBM50,9.B.31,2.A.40
3.A.1,3.A.1,3.A.1,3.A.1,Glyoxalase,2.A.1,HTH_18,1.B.14,2.A.1,HTH_IclR|IclR,AA3_2,2.A.1,2.A.6,2.A.6,2.A.6,TetR_N,8.A.5,2.A.80,TetR_N,2.A.89
GT19,1.B.33
3.A.6,3.A.6,3.A.6,1.B.52,1.B.52,1.B.52,1.B.52,GH73
3.A.5,3.A.6,3.A.6,MCPsignal|dCache_1|CHASE3,CheZ,Response_reg,Response_reg|CheB_methylest,CheR|CheR_N,1.B.52,CheW,Response_reg,1.A.30,1.A.30,FlhC,FlhD,Sigma70_r4|Sigma70_r2|Sigma70_r3,GT41
2.A.6,2.A.6,2.A.6,LysR_substrate|HTH_1,2.A.1,TetR_N,TetR_N,3.A.1,3.A.1,3.A.1,3.A.1,LysR_substrate|HTH_1,CBM32,3.A.15
GT2,2.A.6
9.B.34,1.B.55,CE4|GH153,GT2,2.A.1,HTH_18|AraC_binding,GT51,3.A.1,2.A.28,LysR_substrate|HTH_1,3.A.1,SBP_bac_3,2.A.80
GT83,GntR,3.A.1,3.A.1,3.A.1,3.A.1,LacI|Peripla_BP_3,2.A.56,2.A.56,2.A.56
2.A.1,GT9,GT4
2.A.7,MarR,1.B.17,8.A.1,2.A.1,GT73
9.B.34,9.B.34,2.A.37,3.A.1,GT9,GT4,CE4,GT4,GT2,GT4,3.A.1,3.A.1,CBM32
3.A.1,3.A.1,3.A.1,3.A.1,2.A.81,Aminotran_1_2,2.A.81,GH103,HTH_IclR|IclR,2.A.80
1.B.6,2.A.1,2.A.4,GH103,3.A.1
CE4,2.A.67
3.D.6,HhH-GPD,3.A.1,3.A.1,3.A.1,3.A.1,3.A.1,CBM32,3.A.1,3.A.1,3.A.1,3.A.1,2.A.88,3.A.1,3.A.1
3.A.1,3.A.1,3.A.1,3.A.1,3.A.1,SIS|HTH_6,1.B.46,3.A.12,Pyr_redox_2,2.A.7,2.A.21,3.A.3,3.A.3,3.A.3,HATPase_c|HisKA,Trans_reg_C|Response_reg,1.B.71,1.B.52,GT9
4.C.1,3.A.1,3.A.1,3.A.1,3.A.1,GT2
1.B.52,3.A.1,3.A.1,3.A.1,3.A.1,3.A.1,GH31,4.C.1,LysR_substrate|HTH_1,2.A.98,1.A.26
3.A.5,1.A.34,CE11,GT28,2.A.103,9.B.146,3.A.1
2.A.7,2.A.76,2.A.122,1.E.14,LysR_substrate|HTH_1,3.A.1,3.A.1,3.A.1,3.A.1,GntR,2.A.117,LysR_substrate|HTH_1,GT83,GT2,2.A.27,2.A.6,2.A.6,GH23,2.A.80
3.A.1,3.A.1,GT51,3.A.1,3.A.1,3.A.1,3.A.1
GT2,5.A.3,5.A.3,5.A.3
GT4,HATPase_c|HisKA,Trans_reg_C|Response_reg,1.B.17,2.A.6,2.A.6,GT2,GT83,2.A.21,LysR_substrate|HTH_1,9.B.34,LysR_substrate|HTH_1,2.A.1,3.A.1,3.A.1,3.A.1,3.A.1,1.B.14
1.B.14,SIS,AsnC_trans_reg|MarR,GT4,2.A.1
GH148|GH148,GT2,9.B.97,Pyr_redox_2,GT26,9.B.18,CbiA,GT2,4.D.3,4.D.3,GH8,1.B.55,2.A.50,3.A.1,3.A.1,3.A.1
5.A.1,9.B.14,GT51,SKI,HD,2.A.1
2.A.111,9.B.150,2.A.7,2.A.1,9.B.146,GT2,GT2,3.A.1,3.A.1
9.B.18,GT4,9.B.18,Aminotran_1_2,Aminotran_1_2,GT9,GT30,3.A.1,3.A.1
GT4,1.E.40,2.A.80
GH23,1.I.1,1.B.20,1.C.75
8.A.5,3.D.1,NIR_SIR_ferr|Pyr_redox_2|NIR_SIR,ANTAR|NIT,MarR,CBM32
CBM50,3.A.1,3.A.1,3.A.1,1.C.113,AsnC_trans_reg|MarR,2.A.3
3.A.1,Pribosyltran,3.A.1,3.A.1,3.A.1,GH23
8.A.5,9.B.143,TPR_2,GH23
3.A.1,3.A.1,TOBE|HTH_1,Trans_reg_C,2.A.6,2.A.6,2.A.6,GH3,4.F.1,2.A.1,LysR_substrate|HTH_1,5.B.3
GT4,GT9,2.A.6,8.A.1,LysR_substrate|HTH_1,Aminotran_1_2|GntR,1.B.1,3.A.1,3.A.1,3.A.1,3.A.1,3.A.1
GT4,4.D.1,GT4,GT2
3.A.7,Response_reg,3.A.7,TPR_1,3.A.23,GT104,LysR_substrate|HTH_1,2.A.1,2.A.1,1.B.17,LysR_substrate|HTH_1,LysR_substrate|HTH_1,1.B.14,3.A.1,3.A.1,3.A.1,3.A.1
AA3_2,3.A.1,3.A.1,3.A.1,3.A.1
2.A.3,GH13_26,GH77,GH13_10,CBM48|GH13_11,CBM48|GH13_9,GH13_16,GH13_3|GH13_3,GT5,4.D.2,2.A.19
GH103,3.A.1,3.A.1,3.A.1,3.A.1,AsnC_trans_reg|HTH_11,9.B.34
2.A.49,CSD,GT51,3.A.9,3.A.1,3.A.1,3.A.1,3.A.1,3.A.1,2.A.1,TetR_N,LysR_substrate|HTH_1,2.A.85,8.A.48,8.A.1,2.A.6,LysR_substrate|HTH_1,2.A.55,3.A.1,SBP_bac_3,3.A.1,3.A.1,3.A.1,9.B.27,HTH_IclR|IclR,2.A.80,9.B.105
