GH1,4.A.3,4.A.3,GH53|CBM61,3.A.1,Glycos_trans_3N,3.A.1,3.A.1,3.A.1,3.A.1
3.A.1,3.A.1,3.A.1,9.B.144,3.D.1,3.A.1,3.A.1,3.A.1,3.A.1,3.A.1,3.A.1,3.A.5,3.A.1,3.A.1,3.A.1,DeoRC|HTH_DeoR,4.A.3,4.A.3,GH1
3.A.18,9.B.74,2.A.3,3.A.1,3.A.1,3.A.1,3.A.1,GntR,4.A.6,4.A.6,4.A.6,3.A.3,GH105,2.A.56,2.A.56,2.A.56
3.A.3,HMA,2.A.23,Mga,4.A.7,SIS,8.A.5,GntR,4.A.3,GH1,4.A.3,4.A.3,4.A.3
2.A.40,GH13_31
GH65,4.A.1
3.A.1,GH73,4.A.1,PfkB,Peripla_BP_3|LacI,3.A.1,GH13_29,2.A.86,3.A.1,LytTR|Response_reg,9.B.14
2.A.1,2.A.3,Aminotran_1_2,2.A.1,TetR_N,3.A.7,GT2,2.A.98,LysR_substrate|HTH_1,2.A.103,3.A.1,3.A.1,3.A.1,1.B.42
3.A.1,3.A.1,PadR,2.A.1,HxlR,4.A.1,GH1,GntR,4.A.3
4.A.3,GH3,LacI|Peripla_BP_1,GH1,HTH_3,3.A.3,3.A.1,3.A.1,3.A.1,2.A.35,2.A.3,3.A.1,SIS,4.A.1,2.A.3,3.A.1,2.A.7,9.B.211,3.A.1
3.A.1,TetR_N,GH18|CBM5
CE4,LytTR|Response_reg,3.A.1,3.A.1
GT51,2.A.55,3.A.1,3.A.1,4.A.1,SIS|HTH_6,GH4,GH1
8.A.3,8.A.3,9.B.18,9.B.18,GT4
GH3,4.A.3,GH1,GH35,3.A.1,3.A.1,CE4,CE4
2.A.7,HTH_11,4.A.1,GH4
3.A.1,3.A.1,MerR|LytTR,Peripla_BP_3|LacI,GH36,GH2
3.A.1,3.A.1,GH2
2.A.86,MarR,Glyoxalase,CBM34|GH13_20,3.A.1,3.A.1,3.A.1,3.A.1,3.A.1,2.A.41
GH13_31,3.A.1
GT51,HhH-GPD,2.A.1,MarR,Pyr_redox_2,FUR,PALP,GH73
2.A.40,Pribosyltran,3.A.1,3.A.1,SBP_bac_1,GH73,2.A.85
3.A.3,GH23,2.A.1,8.A.5,2.A.6,3.A.3
GH1,4.A.3,GntR,Glyoxalase,4.A.5,4.A.5
GT4,GT4,8.A.7,PTS-HPr,3.A.9,1.C.24,9.A.40,2.A.86,HhH-GPD,AA10,CBM5
GT2,GT2,9.B.18,GT2|GT2,3.A.1,3.A.1
GT2,9.B.126
9.A.4,GT28,9.B.146
3.A.1,2.A.118,SIS,GH18,HTH_3,AA10,SIS,SIS,4.A.6,4.A.6,4.A.6,4.A.6,AAA|HTH_11,3.A.1,3.A.1,3.A.1,3.A.1,2.A.88,2.A.3
3.A.1,3.A.1,3.A.1,3.A.1,3.A.1,3.A.12,GH1,3.A.1,3.A.1,3.A.1
2.A.1,Peripla_BP_3|GntR,2.A.1,GH43_26
3.A.1,LytTR|Response_reg,9.B.14,1.C.24,3.A.1,3.A.1,GntR|TrkA_C,9.A.8,FeoA,PL8,4.A.6,4.A.6,4.A.6,4.A.2,4.A.2,4.A.2,4.A.2,HTH_11|Mga,GntR,GH88,GH35,GH154,2.A.86,9.B.20,3.A.1,2.A.1,1.C.82
GH28,2.A.2,GH43_11,CE8,GH28,GH105,SBP_bac_1,3.A.1,3.A.1,HTH_18,Peripla_BP_3|LacI,CE12,3.A.1,GT51,GH38,GH125,Peripla_BP_3|GntR,GH92,HTH_18|Response_reg,8.A.59,9.B.28,SBP_bac_1,3.A.1,3.A.1,2.A.66,4.A.3,4.A.3,HTH_11|Mga,GH73|CBM50|CBM50,3.A.1,3.A.1,TetR_C|TetR_N,CE1,3.A.16
2.A.1,PadR,3.A.1,Nitroreductase,MarR,GH73,GH73,LysR_substrate|HTH_1,4.A.1
3.A.1,3.A.1,SBP_bac_1,GH43_11
3.A.1,3.A.1,GH38,4.A.2,4.A.2,4.A.2,HTH_11|Mga,HATPase_c|HisKA,Trans_reg_C|Response_reg,3.A.1
3.A.11,GH65,3.A.1,3.A.1,3.A.1,GH13_18,Peripla_BP_3|LacI,3.A.1,3.A.1,3.A.1,HTH_11,2.A.87
4.A.1,GH32
