3.A.1,3.A.1,3.A.1,3.A.1,3.A.1,GH18
3.D.4,GH18,2.A.66,2.A.1,3.A.1,3.A.1,3.A.1,3.A.1
9.B.74,CBM35|GH87
9.B.34,3.A.1,3.A.1,3.A.1,3.A.1,3.A.1,3.A.1,9.B.33,Response_reg|HTH_18,3.A.1,3.A.1,3.A.1,8.A.59,Response_reg|HTH_18,Glyoxalase,TetR_N,9.B.33,Response_reg|HTH_18,SBP_bac_1,3.A.1,3.A.1,HTH_18|dCache_1,PL9|CBM9,3.A.1,3.A.1,PL33_1
GH2,3.A.1,3.A.1,SBP_bac_1,8.A.59,Response_reg|HTH_18,3.A.1,3.A.1,HATPase_c,Response_reg|HTH_18,GH141,GH125,GH39,GH38,GH38
2.A.3,CBM30|GH9,Sigma70_r4_2|Sigma70_r2,Response_reg|HTH_18,8.A.59,SBP_bac_1,PadR,CBM35|CBM35|CBM35|GH87,CBM35|GH87,3.A.1,3.A.1,3.A.1,2.A.7,PALP,3.A.1,GH89|CBM32|CBM32|CBM32|CBM32,SBP_bac_1,Response_reg|HTH_18,9.B.33,3.A.1,3.A.1,SBP_bac_1,AraC_binding|HTH_18,2.A.103,2.A.7,cNMP_binding,GH36,GH14,Response_reg|HTH_18,8.A.59,3.A.1,3.A.1,3.A.1,GH36,CBM67|GH78
2.A.40,HTH_11,CE4,3.A.1
2.A.102,8.A.3,8.A.3,Aminotran_1_2,9.B.18,GT4,GT0,GT2,2.A.66,9.B.18
8.A.59,3.A.1,3.A.1,3.A.1,GH105,GH105,PL35|CBM35,GH52
GH76,GH76|CBM35,3.A.1,3.A.1,SBP_bac_1,GH125,GntR|Peripla_BP_3,3.A.1,3.A.1,CE7,CE4,2.A.1,2.A.1,Peripla_BP_2,GT2,GT2,9.B.142,GH4,AraC_binding|HTH_18,2.A.7,CBM66,Response_reg|HTH_18,8.A.59,SBP_bac_1,3.A.1,3.A.1
2.A.7,PfkB,GH26,GH13_5,2.A.21,GH4,3.A.1,3.A.1,3.A.1,GH32,GH32|CBM66|CBM35|CBM35|CBM35,3.A.1,3.A.1,GntR,2.A.76,Response_reg|HTH_18,8.A.59,3.A.1,3.D.4,3.D.4,3.D.4,GH31,3.A.18
GT5,CBM48|GH13_9,Response_reg|HTH_18,9.B.33,PL8,SBP_bac_1,3.A.1,3.A.1
3.A.1,PadR,2.A.1,2.A.40,GH87,1.B.52,HEAT_PBS,2.A.1,2.A.102
8.A.5,3.A.1,3.A.1,3.A.1,3.A.1,3.A.1,3.A.1,3.A.1,3.A.1,3.A.1,3.A.1,Response_reg|HTH_18,8.A.59,3.A.1,3.A.1,SpoVT_AbrB,GH36,CBM35,3.A.1,3.A.1,3.A.1,Response_reg|HTH_18,8.A.59,9.B.34
GH154,GH88,AraC_binding|HTH_18,2.A.1
GH63,AraC_binding|HTH_18,2.A.6,Pyr_redox,HTH_18,AraC_binding|HTH_18,2.A.66
GT2,8.A.59,Response_reg|HTH_18,3.A.1,3.A.1,3.A.1,3.A.1,3.A.1,SBP_bac_1,8.A.59,Response_reg|HTH_18,GH2,AraC_binding|HTH_18,SLH|CBM54,GH117|GH117,8.A.59,Response_reg|HTH_18,3.A.1,3.A.1,3.A.1,CBM13,GH74,9.B.33,Response_reg|HTH_18,3.A.1,3.A.1,3.A.1,PfkB,HTH_5,2.A.36
GH130,HTH_AraC|HTH_18|dCache_1,3.A.1,3.A.1,3.A.1,3.A.1,3.A.1,PL35|CBM32,PL8|PL8,3.A.1,HTH_5,GH36,AraC_binding|HTH_18,8.A.59,Response_reg|HTH_18,SBP_bac_1,3.A.1,3.A.1,GH141,3.A.1,3.A.1,HTH_18|dCache_1,GH3,9.A.11,HxlR,GH116
1.B.52,HTH_18|dCache_1,3.A.1,3.A.1,SBP_bac_1,GH30_3|CBM61,Glyoxalase,3.A.1,3.A.1,SBP_bac_1,Response_reg|HTH_18,8.A.59,CE14
9.A.11,2.A.3,SBP_bac_1,3.A.1,3.A.1,3.A.1,3.A.1,3.A.1,AraC_binding|HTH_18,3.A.11,GT51,3.A.7,3.A.1,9.B.169,2.A.1,PadR,3.A.1,3.A.1
GH52,2.A.40,NUDIX,8.A.59,1.A.30,1.A.30,2.A.21,1.A.35,2.A.7,2.A.115,2.A.1
GH18|CBM12|CBM5,1.A.34
9.B.20,GerE,CBM51,3.A.1,3.A.1,3.A.1
2.A.1,TetR_N,HTH_18,GT4,GT2
GT4,GT4,GT2,GT2,GT4,1.B.52,3.A.1,3.A.1,3.A.1,2.A.25,3.A.1,GH5
3.A.1,3.A.1,9.B.33,CBM4|CBM22|GH10|CBM9|CBM9,Response_reg|HTH_18,PL9|CBM4|CBM16
2.A.1,GH18|CBM5
9.B.34,DeoRC|HTH_DeoR,3.A.1,3.A.1,3.A.1,GH36,AraC_binding|HTH_18,8.A.59
2.A.115,3.A.1,3.A.1,3.A.1,3.A.1,Aminotran_1_2,9.B.18,GT2,GT4,GT32,9.B.183,GT2,GT4,GT2,GT4,9.B.18
1.A.1,GntR|Aminotran_1_2,2.A.7,B12-binding,AraC_binding|HTH_18,GH8
9.A.11,GH140,3.A.1,AraC_binding|HTH_18,2.A.5,2.A.7,3.A.1
3.A.1,3.A.1,3.A.1,CBM67|GH78,2.A.1
GT4,GT4,9.B.18,8.A.3,8.A.3,HTH_3,SBP_bac_1,3.A.1,3.A.1
3.A.1,3.A.1,SBP_bac_1,Response_reg|HTH_18,GH42,GH32,8.A.59,1.B.52,EAL|GGDEF|PAS,Response_reg|Trans_reg_C,HATPase_c|Response_reg|dCache_1|HisKA|PAS,8.A.59,Response_reg|HTH_18,3.A.1,3.A.1,GH39|CBM61,GH39,GH105
3.A.1,3.A.1,3.A.1,CBM32,SBP_bac_1,3.A.1,3.A.1,Response_reg|HTH_18,8.A.59,HTH_18,GH36,GH74|CBM32|CBM32,GH151,TetR_N,3.A.1
3.A.1,GH65
3.A.1,3.A.1,3.A.1,GT4
9.B.74,GH5_8|CBM62,HATPase_c,Response_reg|HTH_18,3.A.1,3.A.1,3.A.1,CBM16|GH5_8|CBM16|CBM16,2.A.6,TetR_N,GH43_26|CBM61,AraC_binding|HTH_18,CBM16|CBM16
8.A.7,PTS-HPr,4.A.1,4.A.1,9.B.97,2.A.23,GH43_24,Pkinase,CE4,Response_reg|Trans_reg_C,HATPase_c|HisKA|dCache_1,2.A.22,GH13_14,3.A.1,3.A.1
GT0,3.A.2,3.A.2,3.A.2,3.A.2,3.A.2,3.A.2,3.D.1,3.D.1,3.D.1,3.D.1,3.D.1,3.D.1,3.D.9,3.D.1,3.D.9,3.D.1,3.D.9,EPSP_synthase,1.A.34,HTH_11,1.A.33
GT26,9.B.146
CBM54,CSD,3.A.5,2.A.115,3.A.1
3.A.1,CE4,9.B.146,HTH_8,3.A.1,3.D.2
2.A.108,2.A.108,2.A.108,3.A.1,3.A.1,3.A.1,AraC_binding|HTH_18,GH36,HATPase_c,Response_reg|HTH_18,GH39|CBM32,3.A.1,3.A.1,SBP_bac_1,1.B.52,9.B.74,9.B.149
GH130,GT108,3.A.1,3.A.1
3.A.3,3.A.3,3.A.3,3.A.1,3.A.1,3.A.1,8.A.59,GH3,3.A.1,3.A.1,3.A.1,9.A.25,3.A.1,3.A.1,3.A.1,1.B.52,2.A.3
GH18,1.A.34,Nitroreductase,2.A.66,9.B.120
1.E.43,GT28,3.A.1,3.A.1,3.A.1
3.A.1,3.A.1,3.A.1,GH74,PglZ,GT2,2.A.108,HATPase_c,3.A.1,9.B.34,1.A.34,9.A.11
3.A.1,2.A.64,2.A.64,9.B.67,3.A.1,3.A.1,GT4,GT4
GT2,GT2,9.B.18
GH42|GH164,8.A.59,Response_reg|HTH_18,3.A.1,3.A.1,CBM16|GH136,Response_reg,HTH_18|dCache_1,3.A.1,3.A.1,3.A.1,GH50,HTH_18,HTH_AraC,PL8,3.A.1,3.A.1,SBP_bac_1,Response_reg|HTH_18,8.A.59,PL12
3.A.1,3.A.1,3.A.1,GH39
GH2,GH43_26|CBM35|CBM66,AraC_binding|HTH_18,3.A.1,3.A.1,Response_reg|HTH_18,HATPase_c,3.A.1,GH116,AraC_binding|HTH_18,GH151
1.B.52,2.A.86,CE4,TetR_N,2.A.6,Sigma70_r4|Sigma70_r2,GT1,TetR_N,PL9,CBM35|CBM35|CBM9
3.A.1,3.A.1,GH38,HTH_6|SIS,3.A.1,3.A.1,3.A.1
GT2,9.A.11,9.A.11
GH23,2.A.109
9.B.146,2.A.103,GT28
4.C.1,GT51,9.B.34,PTS-HPr,2.A.19,2.A.103,CBS,3.A.7
GT2,8.A.5
GT2,2.A.51,3.A.1,3.A.1,9.B.35,9.B.14,3.A.1
3.A.24,HATPase_c|Response_reg|HisKA|PAS,3.D.1,GT51,HATPase_c,9.B.174
GH18,2.A.1
GT4,CE14,TPR_2,2.A.115,3.D.3,3.D.3,3.D.3
3.A.1,GH43_26,3.A.1,3.A.1,3.A.1,GH2
GH3,3.A.1,3.A.1,SBP_bac_1,SIS,HTH_6|SIS,GH4,AsnC_trans_reg|MarR,2.A.38,2.A.20
2.A.86,3.A.3,HTH_5,AraC_binding|HTH_18,CBM62,GH148,CBM67|GH78
9.B.33,3.A.1,3.A.1,3.A.1,GH36,GH43_24,GH39,3.A.1,3.A.1,SBP_bac_1,Response_reg|HTH_18,8.A.59
2.A.120,GT4,9.B.34,GntR|Aminotran_1_2,2.A.7
3.A.1,GH4
9.A.40,HTH_3,TetR_N,9.B.169,GH73,GH23,2.A.107,3.A.1,3.A.1,3.A.1,1.B.52
GH42,2.A.7,Pyr_redox_2,Rhodanese,8.A.59,Response_reg|HTH_18,SBP_bac_1,3.A.1,3.A.1,GH13_39,2.A.3,SBP_bac_1,3.A.1,3.A.1,Response_reg|HTH_18,8.A.59
CBM32|CBM32|GH5_8|CBM62,GH38,3.A.1,3.A.1,3.A.1,Response_reg|HTH_18,8.A.59,GH5_8|CBM32|CBM32,HTH_18,Pyr_redox_2,MarR,HTH_5,2.A.45
GH151,AraC_binding|HTH_18,CBM9|CBM9,CBM9|CBM9,3.A.1,3.A.1,Response_reg|HTH_18,8.A.59,SBP_bac_1,3.A.1,3.A.1,8.A.59,Response_reg|HTH_18,3.A.1,3.A.1,AraC_binding|HTH_18,GH88
GH5_41|CBM16|CBM23,HATPase_c,Response_reg|HTH_18,3.A.1,3.A.1,Peripla_BP_3,AraC_binding|HTH_18,GH3,GH117|GH117,2.A.7,2.A.7,EAL,3.A.1,3.A.1
1.A.35,Response_reg|HTH_18,8.A.59,GH36,3.A.1,3.A.1,3.A.1
