3.A.3,HTH_3,GH23,3.A.7,GH23,3.A.7,3.A.7
GH23,3.A.7,GH23,3.A.7,3.A.7,3.A.7
GH23,3.A.7,GH23,3.A.7,3.A.7,PfkB,3.A.7
2.A.56,3.A.1,3.A.1,3.A.1,3.A.1,4.C.1,AA3_2,TetR_N,3.A.7,3.A.7
GT4,Pyr_redox_2,GT0,GT4,cNMP_binding|Crp,Peripla_BP_2,3.A.1,3.A.1
2.A.56,DctP,AA3_2,DctP,2.A.56
1.A.11,GT51,3.A.1,3.A.1,1.A.23
GH23,5.A.3,5.A.3
1.A.77,3.A.2,3.A.2,3.A.2,3.A.2,GntR,Rhodanese,GH103,9.B.125
2.A.76,3.A.1,2.A.4,HTH_5,GT2
GT0,CbiA,8.A.59
2.A.66,CBM50,2.A.1
2.A.56,2.A.56,HTH_1|LysR_substrate,9.B.10,GH13_23,GT20,5.B.3,3.A.1,3.A.1,3.A.1
1.A.14,HTH_3,1.A.26,2.A.47,2.A.47,2.A.75,TetR_N,AA3_2,HTH_3,2.A.1,3.B.1
9.B.34,HNOB,9.B.34,GT2,GT26
GT2,GT4,8.A.3,9.B.18
9.B.20,3.A.5,GH23,Aminotran_1_2,2.A.38
9.B.146,Pyr_redox_2,2.A.103,GT28
CE11,1.B.33,2.A.49,3.D.1
3.D.2,3.D.2,3.A.1,3.A.1,3.A.1,3.A.1,GT4,GT30
GH108,1.E.54,9.B.14
3.A.1,3.A.1,GH23
9.A.41,GT107|GT107
3.D.4,3.D.4,3.A.11,3.A.7,GH23,3.A.7,1.B.6,CbiA,9.A.47
3.A.1,3.A.1,3.A.1,8.A.5,GH25
3.A.1,3.A.1,3.A.1,3.A.1,1.A.23,GT1,GT4,GT4,GT1
3.A.3,8.A.5,GH103,2.A.80,2.A.80
9.B.43,AraC_binding,CE4,9.B.35,3.A.1,3.A.1,3.A.1,3.A.1
GT25,GT11,2.A.7
GH23,3.A.12
2.A.113,GT51,HATPase_c|Response_reg|HisKA,2.A.16
3.A.1,3.A.1,3.A.1,3.A.1,GntR,GH103
GT2,GT4,3.A.1,HTH_3,SBP_bac_5,3.A.1,3.A.1,3.A.1
3.A.5,1.A.33,GT2,GT4,GT2,GT14,1.B.42
GT2,3.A.1,3.A.1,3.A.1,3.A.1,3.A.1
