CE5,9.B.111
GT2,GT89,CE1,CE1,CE1,CE1,CE5,4.C.1,3.B.1,GT53,GT53,GT85,5.A.3,MarR,2.A.1
GT2,GT2,GT2,3.A.1
3.A.1,3.A.1,GH15
1.A.34,Aminotran_1_2,TetR_N,CE1
3.A.1,MarR,GT87
GT2,4.C.1
2.A.76,2.A.76,GH23|CBM50,CSD,2.A.1
4.C.1,Pyr_redox_2,Peptidase_M23,4.C.1,4.C.1,4.C.1,CE1,TetR_N,3.A.1
CBM48|GH13_9,GH13_3,GT35,2.A.40
9.B.62,PALP,3.A.1,2.A.78,2.A.78,HTH_3,GH13_30
1.A.8,GH15,1.E.22,3.A.1,3.A.1,3.A.1,3.A.1,Fer4|Pyr_redox_2,2.A.1,TetR_N,2.A.36
CBM13|CBM2,3.A.3,3.A.3
3.D.4,3.D.4,Glucokinase,3.A.4,GT4
3.A.1,3.A.1,3.A.1,3.A.1,GT2
9.B.146,2.A.103,GT28
GT53,2.A.7,3.A.3,9.B.105,Glyoxalase,4.C.1,2.A.21,2.A.21,LytTR|Response_reg,9.B.33,2.A.1,TetR_N,GH13_10
2.A.7,NUDIX,4.C.1,Aminotran_1_2,GT2,TetR_N,3.A.1,3.A.1,1.C.109
5.B.1,HTH_18,GT2|GT2
GT2,Nitroreductase,2.A.1,GT9,PfkB,SIS,GT9,GT4,GT9,TetR_N,4.C.1,2.A.1
CE1,9.A.40,9.A.40,CBS,1.I.1,Penicillinase_R,3.A.1,3.A.1,3.A.1
2.A.6,TetR_N,GH0,GT4
3.B.1,Sigma70_r4_2|Sigma70_r2,AA3_2
3.A.17,GH65,Nitroreductase,HTH_5,2.A.1
2.A.1,HTH_IclR|IclR,HTH_18,AA3_2,2.A.3
3.D.1,GAF,Pyr_redox_2,FUR,AA2
GH3,TetR_N,TetR_N,2.A.1,2.A.1
2.A.1,CE1
4.C.1,2.A.1,TetR_N|TetR_C,TetR_N,2.A.1,HTH_5,3.A.3,9.B.36,Glyoxalase,GT9
1.B.77,TetR_N,CE1
3.A.1,3.A.1,3.A.1,3.A.1,CE5,GT9,HTH_1|LysR_substrate,2.A.1
GH3,2.A.2,CBM67|GH78
GH15,2.A.76
CE5,ACT|HD,Rrf2,3.A.1,Pribosyltran,SBP_bac_5,3.A.5,3.A.5
GT4,4.F.1,2.A.53
GT1,PIG-L,3.D.1,HTH_3,4.F.1,2.A.109,3.A.12
1.E.36,GH23
2.A.109,CE1
5.A.3,5.A.3,5.A.3,CE1,Trans_reg_C|HEM4,Pyr_redox_2|NIR_SIR_ferr|NIR_SIR,2.A.1,2.A.1,GntR,2.A.1,3.A.25
CE14,GerE,3.A.5
2.A.4,2.A.1,2.A.1,2.A.23,HATPase_c,TrmB|Response_reg,GT2
1.A.35,1.A.26,GH23,GH23,3.A.1,GT5
GT81,4.C.1
1.C.113,8.A.59,CE14
GH23,PALP,2.A.66
3.A.1,HMA,GH23|CBM50
3.A.1,3.A.1,3.A.1,GH23,4.C.1,2.A.1,GAF,GT2
GT4,3.D.1
2.A.4,HTH_3,CE4
2.A.20,HTH_3,3.A.1,3.A.1,3.A.1,3.A.1,3.A.1,GntR,Glyoxalase,CE4
2.A.6,TetR_N,9.B.10,PfkB,GT2,GT83
9.B.27,9.B.27,GH76
3.A.1,HxlR,3.A.1,3.A.1,3.A.1,GT51
CE5,2.A.1,4.C.1
