GT2,3.D.1,9.B.104,HTH_5,2.A.1,3.A.1,2.A.73,3.A.9
2.A.75,LysR_substrate|HTH_1,2.A.1,8.A.5,GH33,DeoRC|HTH_DeoR,3.A.1,3.A.1,2.A.1
2.A.86,GH15,8.A.5,2.A.6,2.A.102
5.A.1,SKI,2.A.1,GntR,2.A.39,2.A.98,HTH_IclR,SBP_bac_1,3.A.1,3.A.1,GH38
GT4,9.B.106,9.B.106,2.A.103
GH13_16,Peripla_BP_3|LacI,3.A.1,3.A.1,3.A.1
GH13_13,3.A.3
2.A.1,2.A.1,2.A.21,NUDIX,GH0,3.A.1,3.A.1,3.A.1,GH76,2.A.76,2.A.1
GT83,GT83,GT2,2.A.7
2.A.114,8.A.5,Rhodanese,GT2,2.A.63
1.A.30,1.A.30,3.A.6,3.A.6,3.A.6,3.A.6,1.A.104,CsrA,Sigma70_r4_2|Sigma70_r2|Sigma70_r3,GH23
GH13_11,GT35,GH13_3,GH13_16,CBM48|GH13_9,3.A.1,GT20
2.A.21,PfkB,DeoRC|HTH_DeoR,GH4,CE14,3.A.1,3.A.1
2.A.1,GH105,GntR,SBP_bac_1,4.C.1,Peripla_BP_1,3.A.1,3.A.1,2.A.1,GntR,HTH_IclR,2.A.3
2.A.1,GT51
GH38,3.A.1
2.A.1,HNOB,MarR,CBM35,GH13_31
GH13_30,3.A.1,3.A.1
GT4,9.B.102
3.A.24,Pyr_redox_2,3.A.1,3.A.1,3.A.1,3.A.1,3.A.1,DeoRC|HTH_DeoR,2.A.86,2.A.86,ACT|PALP,9.B.104,CE14,2.A.1,CE4|GT2,1.C.113,2.A.39
4.C.1,GT39
GH23|CBM50,3.A.1
9.B.18,2.A.66,GT2
GT26|GT2,2.A.33
4.F.1,2.A.7,GT4
3.B.1,3.A.24,4.C.1,Glucokinase,9.B.106,GH23
9.B.146,2.A.103,GT28
2.A.64,GT2,GntR|Aminotran_1_2,2.A.115
1.A.8,GT4
2.A.10,2.A.1,HxlR,TetR_N,GT1
1.A.23,3.A.1,GH2
CE9,CSD,3.A.2,3.A.2,3.A.2,3.A.2,9.B.18,GT2
2.A.55,Fe_dep_repr_C|FeoA|Fe_dep_repress,2.A.1,GH3,Peptidase_M23,3.A.1,TetR_N,4.C.1,3.A.1,3.A.1,3.A.1,3.A.1
9.A.47,GH25,GT2,GT2,GT2,9.B.97,Peripla_BP_2,GT83,3.A.1,3.A.1,GT2,Pyr_redox,3.A.7
GH13_10,GH13_26,CBM48|GH13_11,Sigma70_r4|Sigma70_r2|Sigma70_r3,MarR,GAF|HATPase_c,3.A.3,3.A.3,3.A.3
3.A.1,3.A.1,PfkB,GH32
GH0|GH26,GT2,TetR_N,9.B.106,GH13_11,GT4,GT4,GT2,9.B.18
3.A.3,3.A.3,2.A.102,Rhodanese,Rhodanese,2.A.52,Rhodanese,GT51
2.A.53,9.B.34,9.B.34,GT2|GT2,CE4,SIS,GT51,1.A.22,9.B.142
2.A.1,HTH_5,2.A.53,GH13_30,HTH_IclR,9.B.97,3.A.18
4.C.1,2.A.1,MarR,GT1,2.A.40
9.A.47,NUDIX,HhH-GPD,4.C.1,Peripla_BP_3|LacI,GH36,GH42,SBP_bac_1,3.A.1,3.A.1,DeoRC|HTH_DeoR,9.B.160,1.A.1,GT51,3.A.1,3.A.1,3.A.3
2.A.3,Rhodanese,2.A.1,GntR,2.A.1,1.A.62,8.A.5,SBP_bac_3,3.A.1,3.A.1,HATPase_c|PAS,Response_reg|HTH_IclR,GH65,IclR|HTH_IclR,2.A.1
3.A.1,3.A.1,AA3_2
GH31,2.A.36,2.A.3
GH105,2.A.1
2.A.1,IclR|HTH_IclR,Peripla_BP_3|LacI,2.A.1,GH15
GH15,2.A.1
GH26,Peripla_BP_3|LacI,3.A.1,3.A.1,3.A.1,GH130,GH130,GH2
