GH0,9.B.50
2.A.81,Aminotran_1_2,GH13_19,9.B.186
2.A.1,HTH_DeoR|DeoRC,9.B.104,Rhodanese,GerE,GT35,GH77,Pribosyltran,9.A.8,9.A.8,9.A.8
GT51,1.B.22
1.A.16,NIR_SIR_ferr|NIR_SIR|Pyr_redox_2,2.A.1,1.B.14,LacI|Peripla_BP_3,GH4,Aminotran_1_2,2.A.85
2.A.76,3.A.1,3.A.1,3.A.1,GT9,GT2,2.A.37,2.A.37
GT2,GT30,GT9,GT9,Aminotran_1_2,1.A.34
1.I.1,3.A.6,9.B.146,GT0,Aminotran_1_2,2.A.66,GT56,9.B.128,GT26,2.A.3
4.A.2,4.A.2,4.A.2,4.A.2,3.A.1,3.A.1,3.A.1,3.A.1,GT9,9.B.67,2.A.6,CE8,9.B.34
4.B.1,1.B.6,9.B.34,3.A.3,GH23
9.B.146,2.A.103,GT28,CE11,3.A.5
1.B.20,1.C.75,1.C.75,1.B.26,3.A.1,GH94,LacI|Peripla_BP_3,3.A.1,3.A.1,3.A.1,GH3,2.A.85,8.A.1
3.A.18,HTH_3,2.A.6,2.A.6,2.A.6,PL17_1,PL38,SBP_bac_1,3.A.1,3.A.1,3.A.1,PL38,3.A.1,3.A.1
GT51,3.A.1,3.A.1,3.A.1,2.A.49,1.A.62,3.A.1
3.A.1,3.A.1,3.A.1,Peripla_BP_1,HTH_DeoR|DeoRC,5.A.3,5.A.3,5.A.3,AA2,3.A.1,3.A.1,3.A.1,MarR,2.A.1
2.A.1,8.A.1,MarR,2.A.78,2.A.78,2.A.1,HTH_6|SIS,3.A.1,3.A.1,3.A.1,3.A.1,1.B.20,GT41,PapB,SIS,3.D.5,3.D.5,3.D.5,3.D.5,3.D.5,3.D.5,3.D.5,HTH_1|LysR_substrate,AA10,1.E.5
2.A.26,2.A.3,CBM34|GH13_21
GT4,GT2,PfkB,2.A.37,2.A.1,3.A.3,MerR,8.A.21,3.A.1,3.A.1
8.A.5,GH3,9.B.8,9.B.8,1.B.12
CE9,4.A.1,1.B.25
GT25,1.A.16,1.B.40,1.B.40,EPSP_synthase,3.A.11,3.A.1
3.A.23,1.B.6,3.A.23,3.A.23,GH0,GH0
2.A.66,Response_reg|GerE,2.A.56,2.A.56,GH36,2.A.1
GH73,Sigma70_r4_2,3.A.1,3.A.1,3.A.1,3.A.1,PfkB,3.A.6,3.A.6,3.A.6,3.A.6,3.A.6,3.A.6,3.A.6,3.A.6
3.A.1,3.A.1,3.A.1,MarR,2.A.21,2.A.108,2.A.108,2.A.108,AA6,2.A.3,1.B.6,9.B.72,Response_reg|GerE,4.F.1
2.A.1,HTH_1|LysR_substrate,3.D.5,Aminotran_1_2,2.A.3,HTH_DeoR|DeoRC,2.A.108,2.A.108,3.A.1,3.A.1,3.A.1,1.B.55,CE4|GH153,GT2,2.A.19
3.A.1,3.A.1,3.A.1,CBM50,HTH_6|SIS,2.A.7,2.A.7,4.C.1,CbiA,GH103
2.A.7,2.A.7,GT83,GT2,Aminotran_1_2,3.A.1,3.A.1
2.A.95,GH23,3.A.1,3.A.1,3.A.1,3.A.1
PL2_2,3.A.1,3.A.1,3.A.1,3.A.1,1.B.35,2.A.23,HTH_IclR|IclR,PL22|PL22,2.A.1,1.B.11,9.B.1,9.B.174
1.B.40,1.B.40,CheZ,Response_reg,CheB_methylest|Response_reg,CheR|CheR_N,1.B.52,1.B.52,9.B.110,1.B.12,HTH_10,2.A.1,CheW,CheY-binding|H-kinase_dim|HATPase_c|CheW,1.A.30,1.A.30,FlhC,3.A.3,9.B.20,CSD,GH2
1.A.23,1.B.26,GT108,GH130,3.A.1,3.A.1,SBP_bac_1,LacI|Peripla_BP_3,3.A.1,1.C.75,1.C.75,1.C.75,1.B.20,2.A.15,HTH_1|LysR_substrate,LacI|Peripla_BP_1,3.A.1,3.A.1,3.A.1,1.B.6,2.A.7,3.A.1,3.A.1,3.A.1,1.B.52
3.A.23,3.A.23,AAA,HTH_7,3.A.23,3.A.23,1.B.11,1.B.11,3.A.23,3.A.23,GT60,GerE,GH103,3.A.1,3.A.1,3.A.1,5.A.3,5.A.3
2.A.15,TetR_N,AA3_2,1.A.14
2.A.39,GH23
GT19,1.B.33
GH102,3.A.7
4.A.6,4.A.6,4.A.6,4.A.6,CE9,GH105,GH154,LacI|Peripla_BP_3,2.A.1,GH31,LacI|Peripla_BP_3,1.B.3,4.A.1,GH42,GH53,3.A.1,3.A.1,3.A.1,3.A.1,3.A.1,3.A.1,3.A.1
GH23,Peripla_BP_2,1.B.14,3.A.1,3.A.1,3.A.1
GH0,GH0,3.A.23,3.A.23,1.B.6,3.A.23,9.B.2
1.B.14,2.A.2,GH5_13,LacI|Peripla_BP_3,2.A.47,3.A.23,1.B.12,2.A.8,3.A.1,3.A.1,2.A.1,4.C.1,4.C.1,AAA,HTH_7,2.A.21,9.B.136,4.C.1,2.A.23,Response_reg|GerE,Response_reg|HisKA|HATPase_c,1.B.22
2.A.109,1.B.11,AA7,1.B.12
2.A.7,3.D.10,3.D.10,1.A.23,2.A.25,CBM50
4.A.1,GH13_29
GT35,GT5,GH13_11,CBM48|GH13_9,9.B.33,1.B.54
2.A.8,1.B.12,9.B.126,9.B.121,EAL,PfkB,2.A.23,CBM32,PL2_1,1.B.35,EAL|GGDEF,GH8,4.D.3,3.A.1,3.A.1,3.A.1,3.A.1,3.A.1,1.B.20,1.C.75,2.A.1
