5.A.3,GT51
1.B.14,8.A.46,GH130,GH92,GH125,GH18,GH18,GH92
GT2,3.A.16
2.A.53,2.A.53,HTH_18,GT4,GT4,GT2,GT2,9.B.97,4.D.1,GT2
9.B.147,GH43_28|CBM32
3.A.1,9.B.153,GT1
9.A.25,GT35
GT5,SIS,9.A.25,9.A.25,9.A.25,2.A.123,2.A.6,2.A.6,2.A.6
GT2,1.B.14,2.A.114
3.A.9,GH23
GT2,3.A.1,3.A.1,2.A.6,3.A.18,2.A.20,1.I.1
9.B.18,8.A.3,GT2,GT4
2.A.1,Pyr_redox_2,8.A.59,LytTR|Response_reg,GH18|CE4|GT2
GT14,1.I.1
2.A.19,GT4,GH130
GT2,Aminotran_1_2,TrmB|AsnC_trans_reg,1.A.46
3.A.1,GH20,cNMP_binding|Crp,2.A.102,Rhodanese,9.B.102,9.B.102,2.A.6,8.A.1,9.B.32,cNMP_binding,9.B.158,GH2,3.A.11
AA10,HTH_18,8.A.1,1.B.14,1.B.14,8.A.46,GH97,GH13,2.A.2
1.B.14,GH30_3,GH3,GH16_3,GH30_1
2.A.1,AraC_binding|HTH_18,HD,2.A.1,AraC_binding|HTH_18,Fe_dep_repress,3.A.1,3.A.1,3.A.1,1.B.14,PL10_1,PL1,AraC_binding,CE12,CE8,GH28,CE12,GH43_10,GH105,PL1_2,CE8,8.A.46,1.B.14,PfkB,2.A.1
9.A.40,3.A.2,3.A.2,3.A.5,1.B.44,1.B.6,1.B.44,2.A.49,AraC_binding|HTH_18,8.A.1,GT2
GT4,2.A.16,CBS|SIS,2.A.64
9.B.33,GT32,2.A.7,3.A.16
GH3,GH144,8.A.46,1.B.14
GH24,3.A.20
GH109,1.E.40,3.A.7,1.B.13
2.A.36,Glyoxalase,Glyoxalase,3.A.1,3.A.1,3.A.1,GH3,2.A.6,2.A.6,2.A.6,HTH_18,2.A.1
9.B.144,GT4
GH35,2.A.21,Peripla_BP_3|GntR,GH31|CBM32,8.A.46,1.B.14,PIG-L,LytTR|Response_reg,1.B.14,9.B.171
1.B.14,8.A.46,1.B.14,GH13,2.A.21,Response_reg|Trans_reg_C,1.B.14,AraC_binding|HTH_18,Aminotran_1_2,GH73
2.A.6,2.A.6,2.A.6,3.A.1,GH92,2.A.23
GH37,2.A.1,AraC_binding|HTH_18,TetR_N,2.A.6,2.A.6,2.A.6
GH25,3.A.1,1.B.6,2.A.49,2.A.6
3.D.10,3.D.10,3.A.11,GH99,GT19,2.A.66,CBM13,cNMP_binding,1.A.23,3.A.1,CE14
1.A.30,GT2,GT30
GT2,GT2,GT2|GT4,GT4,GT0,1.C.39
8.A.3,9.B.146,GT2
2.A.3,1.B.14,GH13_10
9.B.146,2.A.103,GT28
3.A.9,GT9
