CBM32,GntR|Aminotran_1_2,8.A.1,1.B.17,GT2,2.A.1,GT1,TetR_N,AA3_2
3.A.1,3.A.1,3.A.1,3.A.1,GH23
3.B.1,TetR_N,MarR,1.B.14,1.B.1,2.A.76,HisKA|HATPase_c,Trans_reg_C|Response_reg,5.A.1,FMN_bind_2,GntR|Aminotran_1_2,GT51,2.A.1,1.A.23,2.A.3
2.A.1,8.A.5,TetR_N,2.A.40,HTH_18,LysR_substrate|HTH_1,3.A.1,3.A.1,1.B.1,1.B.14,3.A.1,3.A.1,1.A.62,GT51
1.B.25,3.A.1,3.A.1,3.A.1,3.A.1,3.A.1,AraC_binding|HTH_3,2.A.17,2.A.7,GT2
1.B.1,2.A.1,MarR,3.A.1,3.A.1,3.A.1,2.A.1,LysR_substrate|HTH_1,GntR,Peripla_BP_3|LacI,3.A.1,GH42,SBP_bac_1,3.A.1,3.A.1,1.I.1
2.A.85,9.B.34,2.A.3,LysR_substrate|HTH_1,TetR_N,GT1,GntR,3.A.1,3.A.1,3.A.1,AraC_binding,cNMP_binding,1.A.30,dCache_1|MCPsignal,GT0,GT2,9.B.52,SIS,1.B.17,2.A.1,8.A.1
2.A.36,HisKA|HATPase_c|Response_reg,1.B.52,CheW,CheR,CheW,CheW|HATPase_c|Response_reg,CheB_methylest|Response_reg,2.A.49,3.A.1,LysR_substrate|HTH_1,HTH_18,9.B.18,1.B.18,8.A.3,GT4,GT4,GT4|GT2,2.A.66,2.A.55,2.A.86
9.B.18,1.B.18,8.A.3,GT2,GT4,GT4,2.A.1,HxlR,2.A.1,HTH_18,3.A.23,3.A.1,CBM48|GH13_10,9.A.40,HisKA,2.A.7,LysR_substrate|HTH_1,HTH_1|TOBE,3.A.1,3.A.1
CBM50,1.B.14,GntR|Aminotran_1_2,3.A.1,3.A.1,3.A.1,3.A.1
9.B.160,Pribosyltran,Aminotran_1_2,9.B.97,GT4|GT4
GH23,HTH_18,1.B.22,3.A.15,3.A.15,1.B.22
GT2,3.A.1
GT2,CE4|GH153,1.B.55
2.A.15,1.B.1,GH31,2.A.1,SIS|HTH_6,3.A.1,3.A.1,3.A.1,3.A.1
GH3,1.B.18,8.A.3,GT4,GH99,3.A.23,GH2
1.B.1,AraC_binding,GntR|Aminotran_1_2,LysR_substrate|HTH_1,GH32,GH68
GT20,3.A.16
2.A.19,LysR_substrate|HTH_1,2.A.1,LysR_substrate|HTH_1,CBS,MarR,2.A.49,LysR_substrate|HTH_1,2.A.1,1.B.1,GT51,2.A.1,3.A.1,2.A.7,3.A.3
2.A.1,GntR|Aminotran_1_2,3.D.1,SBP_bac_5,2.A.55,AraC_binding,HTH_6,3.A.1,3.A.1,3.A.1,3.A.1,3.A.1,LysR_substrate|HTH_1,CBM50,LysR_substrate|HTH_1,8.A.5,LysR_substrate|HTH_1,1.B.1
3.A.23,GH19,3.A.23,3.A.23,3.A.23,9.B.186,3.A.23,1.B.14
3.A.6,GH23,3.A.6,3.A.6,3.A.6,3.A.6,1.B.22,3.A.6,GerE|Autoind_bind,GerE|Autoind_bind,2.A.55,1.B.19,GH37,2.A.1
GH0,1.B.12,9.B.157
GH15,3.D.4,3.D.4,1.B.17,TetR_N,2.A.6,5.B.1
2.A.1,LysR_substrate|HTH_1,2.A.1,3.D.10,9.B.20,GH13_3|GH13_3,GH13_16,CBM48|GH13_9,CBM48|GH13_11,GH13_10,GH77,GH13_26,2.A.59
GT4,PIG-L,GT2,3.A.23,3.A.23,GT9,GT2,GT9,3.A.1
AA3_2,2.A.1
9.B.18,1.B.18,8.A.3,GT0,GT4
8.A.5,2.A.1,SBP_bac_3,HD|Response_reg,2.A.21,GT2
3.A.1,1.B.1,2.A.86,HTH_18|Peripla_BP_3,3.A.1,3.A.1,3.A.1,PL5,HisKA|HATPase_c,3.A.23,2.A.1,LysR_substrate|HTH_1,8.A.5,MCPsignal,9.B.34
2.A.1,GT20,3.A.1,3.A.1,HisKA|HATPase_c,Trans_reg_C|Response_reg,3.A.1,3.A.1,3.A.1,3.A.1,LysR_substrate|HTH_1,1.B.1
3.D.4,3.D.4,GH20,4.A.1,4.A.1,SIS,CE9,GntR,3.A.1,3.A.1,3.A.1,3.A.1
3.A.1,3.A.1,3.A.1,3.A.1,1.B.66,1.B.48,Pyr_redox_2,1.B.1,LysR_substrate|HTH_1,2.A.40,GH73
3.D.1,GH23
3.A.6,3.A.6,AA3_2,8.A.5
3.A.15,3.A.15,3.A.15,3.A.15,GH23,9.B.10
AA3_2,3.A.1,3.A.1,3.A.1,3.A.1,3.A.1,3.A.1,3.A.1,3.A.1,3.A.1,CbiA,2.A.45,3.A.2,3.A.2,3.A.2,3.A.2,3.A.2,3.A.2,3.A.2,4.C.1,3.A.1,3.A.11,3.A.1,4.C.1,TetR_N,Aminotran_1_2,3.A.1,PadR,MerR,3.A.3,GyrI-like|HTH_18,2.A.3,LysR_substrate|HTH_1,2.A.1
1.A.8,GT4,FlhD,FlhC,1.A.30,1.A.30
5.A.1,9.B.14,2.A.1,9.B.21,GT51,1.B.22,SKI,HD,3.A.1,3.A.1,3.A.1,3.A.1
9.B.146,2.A.103,GT28
CE11,3.A.5
GT4,PfkB,GT9,GT4,3.A.1,3.A.1,9.B.18,GT4,9.B.146,GT4,GT9,GT30
1.A.43,9.A.4,GH23
2.A.49,GT9,2.A.1
GH103,3.A.1,3.A.1,3.A.1
GH3,AAA|HTH_8|Response_reg,GT104,4.F.1
GT20,3.A.1,GT4,GntR,3.A.1,CBM32,GT21,B12-binding,3.A.1,3.A.1,3.A.1
2.A.1,2.A.7,GH23,2.A.1,2.A.76,9.A.55,3.A.16,3.A.1,3.A.1,3.A.1,3.A.1
2.A.66,4.C.1,CBM50
GH23,1.B.1,LysR_substrate|HTH_1,2.A.11,1.B.52,4.F.1,GGDEF|GAF,4.D.3,GH8,1.B.55,CbiA,GT2,2.A.36
1.A.14,Sigma70_r3|Sigma70_r2|Sigma70_r4,CBM50
GT83,2.A.7,GT2
GT4,1.A.23,8.A.28
GH104,1.E.3
GT51,1.A.22,LysR_substrate|HTH_1,9.B.35,9.B.43,CE4,2.A.39
2.A.7,8.A.21,8.A.7,GT19,1.B.33
2.A.1,3.A.1,GT2,GT17,GT2,GT9,Rhodanese,1.I.1,3.A.12,GH15,TetR_N,3.D.6
