9.A.25,2.A.7,1.B.14,9.B.18,4.C.1,GT2,GT4,GT4,CE4,GT2
3.A.16,CBM50,1.A.26
2.A.1,GH63,GntR,Pribosyltran,9.B.160,3.A.3,MerR,1.B.14,1.B.12,2.A.1
2.A.6,2.A.6,GT4
2.A.25,GH23
5.A.3,5.B.5,Glyoxalase,GH18|CBM12|CBM5
2.A.59,GH2,GH92,1.B.14,9.B.186,1.B.14,HTH_1|TOBE,MarR,Glucokinase,GH20,1.B.14,2.A.3,GH2,Peripla_BP_3|LacI,Nitroreductase,2.A.1,HTH_1|LysR_substrate,1.A.30,1.A.30,HTH_1|LysR_substrate,2.A.53
1.B.12,9.B.97,GT2,9.B.34
2.A.6,2.A.6,2.A.6,GH76,GH92,HTH_3,9.B.105,2.A.66
2.A.3,GT2
1.B.33,GT19,2.A.3
1.B.46,TPR_2|TPR_1,GT41,9.B.34,9.B.126
3.A.1,9.B.97,2.A.1,2.A.67,1.B.14,TPR_2|TPR_1,2.A.114,2.A.7,GT2
9.B.34,GT51,GT2,CBS,2.A.12,AA3_2
3.A.1,3.A.1,GT2,GH99
GT0,GT4,3.A.1
9.B.174,GH103,2.A.103,9.B.157,9.B.157
2.A.6,GT30,GT2,GT4
2.A.28,HTH_1|LysR_substrate,2.A.7,Peripla_BP_3|LacI,2.A.2,GH0|CBM35,GH31,GH13_36,1.B.14,GH13_23
GT2,2.A.6
3.A.7,CBM50,GT83,GT4,GT2,9.B.67,GT2,GT2,GT83
9.B.33,2.A.6,2.A.6,2.A.6,HTH_1|LysR_substrate,1.B.12,Peptidase_M23,GH39,GH43_28|CBM32
GH144,SBP_bac_1,3.A.1,3.A.1,3.A.1,GH1
CE9,SIS,Peripla_BP_3|LacI,2.A.1,Glucokinase,1.B.14,9.B.211
1.B.14,GH9,GH20,9.B.104,9.B.34,MarR|AsnC_trans_reg,2.A.7,AraC_binding,1.A.78
8.A.5,GH3,HTH_1|LysR_substrate,1.B.6,3.A.15,3.A.15,3.A.15
GH5_13,1.B.14,GH93,GH43_26
GH3,1.B.14,1.B.14,GGDEF|GAF,2.A.95
2.A.6,GT83,9.B.34
2.A.37,GT9,1.I.1,1.B.14,2.A.21
2.A.3,GH50
GT51,3.A.11,1.B.22,AAA,1.A.13,MarR,2.A.6,1.A.22,2.A.6,3.A.1,2.A.73,2.A.7,HTH_18,8.A.3,2.A.47
9.B.146,2.A.103,GT28,CE11,Peptidase_M23,3.A.5,1.B.42
1.B.14,1.B.12,GH92,GH125,GH2,1.B.14
2.A.1,Peripla_BP_3|LacI,GH92,CHASE3|HATPase_c|HisKA,Response_reg,2.A.21,3.A.23,GH37,2.A.1,GH65,3.A.1,HATPase_c|HisKA,HTH_1|LysR_substrate,2.A.75
GT20,GH15,3.A.9,1.B.14,CbiA,9.B.125
9.B.22,1.B.33,GH17|GT2|GT2
3.A.1,1.B.14,NUDIX,3.A.15,3.A.15,3.A.15,Aminotran_1_2,GT2
3.A.15,9.A.40,GH23,3.D.3,3.E.2,3.D.3,1.A.12
1.B.14,GH36,3.B.1,1.B.12,1.B.12,2.A.85,1.B.14,GH146,GH27|CBM13|CBM35|CBM51,2.A.3
1.B.20,1.C.75,GH30_3,FHA,9.B.106,TPR_2,1.B.12
3.A.5,GH127
2.A.1,GH43_34
3.D.10,3.D.10,3.A.1,3.A.1,3.A.11,1.A.30,3.A.1,GT9
3.A.1,GntR,4.D.3,GH8,1.B.55,CbiA,GT2,9.B.34,Glyoxalase,1.A.23
9.B.18,GT51
GH18,3.A.1
8.A.3,Aminotran_1_2,GT4,GT0,GT4,9.B.146,1.B.18
GH27|CBM35|CBM51,1.B.14,GH95,GntR,GH36,2.A.1,GntR,HTH_IclR|IclR,2.A.1
GH2,GH29,GH18,GH20,GH3,GH29,GH33,GH29,GH20,Sigma70_ECF,1.A.87,PAS|Response_reg|HATPase_c|HisKA,8.A.59,2.A.53
2.A.66,GT2
GT4,GT4,B12-binding,3.A.1,HTH_3,3.A.5,9.B.149,GAF,1.B.17
2.A.1,HTH_DeoR|DeoRC,2.A.1,Glyoxalase,2.A.1,Peripla_BP_3|HTH_18,GH3,GH35,GH74,GH43_9
1.B.11,GH92,8.A.5,1.B.17
3.A.1,9.B.158,CSD,Pribosyltran,GH3
