2.A.1,GH3,1.B.14
3.D.10,GT51
PL0,9.B.1
1.A.23,Rhodanese,CBM50,1.A.1
GH5,9.B.169,TetR_N,3.D.4,3.D.4
1.B.14,1.A.30,GT4,1.A.23,3.A.1
GT2,1.B.14
9.A.24,Pyr_redox_2,2.A.36,GH23
1.B.48,GH103
9.B.34,GH43_12,2.A.1,Peripla_BP_3|LacI,GH67,GH3,2.A.1,GH35,1.B.14,GntR,GH43_1
2.A.21,GH23
8.A.59,Nitroreductase,GT51
GT2,CHASE2|EAL,3.A.11,Ada_Zn_binding|HTH_18,1.B.52,3.A.2,3.A.2,3.A.2,3.A.2,3.A.2,3.A.1,3.A.1
2.A.1,1.B.14,GntR,4.C.1,2.A.56,9.B.140,HTH_1|LysR_substrate,GH28,1.B.14
2.A.7,GH43_10,GH10,1.B.11,GerE,GT4
GT4,2.A.6,2.A.6
3.A.1,HTH_3,GT4,3.A.5,2.A.6,2.A.6,2.A.102,HTH_5,9.B.102,9.B.102,Pyr_redox_2,2.A.53,1.B.14,3.A.1,3.A.1,3.A.1,9.B.10,3.A.1,2.A.51,HisKA|HATPase_c,Response_reg|Trans_reg_C,3.A.1
2.A.64,GH3
GT28,2.A.103,9.B.146
GH102,2.A.66
3.D.4,3.D.4,AA2,1.B.14,Peripla_BP_3|LacI,GH68|GH68
2.A.47,GT4,9.A.40
GT2,3.A.7,ROS_MUCR,9.B.27
2.A.89,2.A.6,8.A.1,TetR_N,GT4,GH130,LytTR,GH42,2.A.21,GH36,GT4,GH0
2.A.1,1.B.14,Rhodanese,GT0,GT20,GH15
8.A.3,9.B.97,GT26,GT2
GT4,3.A.9,Response_reg|LytTR,9.B.33
2.A.21,4.C.1,GT51,Citrate_synt,IclR|HTH_IclR,1.B.14,AA6,Glyoxalase,2.A.21
9.B.143,AA6,Response_reg|Trans_reg_C,2.A.1
PL1_2,1.B.14,GH43_9
9.B.145,GT2,2.A.102
GH68|GH68,2.A.2
1.B.14,2.A.1,AA3_2,AA3_2
4.C.1,1.B.14,TetR_N,9.A.25,AA3_2,HTH_1|LysR_substrate,GH97,GH13_23,GH13,1.B.14,Peripla_BP_3|LacI,2.A.2,2.A.1,3.D.1,HTH_1|LysR_substrate,HTH_5,2.A.98,2.A.1,HTH_5,1.B.14,GH31,Peripla_BP_3|LacI,8.A.5
