2.A.38,CBM50
3.A.1,3.A.1,3.A.1,3.A.1,3.A.1,LysR_substrate|HTH_1,2.A.1,8.A.1,3.A.1,HTH_3,9.B.149,3.A.23,GT83,8.A.21
8.A.1,2.A.6,1.B.55,CE4|GH153,GT2,Pyr_redox_2,1.A.13
2.A.39,3.A.1,3.A.1,3.A.1,3.A.1,GT2,3.A.1,3.A.1,3.A.1,1.B.52,2.A.64
3.A.11,GT51,3.A.11,1.B.22
2.A.6,GT2
2.A.21,3.A.23,9.B.34,GT9,GT9,GT4
GT4,PIG-L,GT4,GT2,3.A.1,PfkB,2.A.7,LysR_substrate|HTH_1,GT30,2.A.6,2.A.39
9.B.164,1.B.52,GT83
3.A.1,3.A.1,3.A.1,3.A.1,GT2,3.A.1,3.A.1,3.A.1,3.A.1,3.A.1,1.B.25,3.A.1,3.A.1,3.A.1,HATPase_c|HisKA,HTH_8|Response_reg,3.A.1
GT4,2.A.121
2.A.50,PL5_1,1.B.13,GT2
GH23,4.A.1,4.A.1,SIS,CE9
GT2,Aminotran_1_2,2.A.36
1.B.33,GT19
GH19,1.M.1
1.B.6,1.B.6,GH50,9.B.186,2.A.33
2.A.1,3.A.9,HTH_IclR,GH3,2.A.7
9.B.34,3.A.1,3.A.1,GT4,2.A.80,2.A.80,2.A.80,Trans_reg_C|Response_reg,2.A.21,3.D.10,Sigma70_r4_2|Sigma70_r2,RseA_N,9.B.160,2.A.86
2.A.3,2.A.1,Aminotran_1_2,3.A.23,GH73,GT2|GT2
GT2,9.B.18,Aminotran_1_2,GT0
GH17,3.A.1,9.B.136,2.A.21,Citrate_synt,3.D.10,3.D.10,Pyr_redox_2,2.A.26
1.B.10,1.B.10,2.A.40,9.B.43,CE4,9.B.35,2.A.40
3.A.3,Fer4,1.C.12,3.D.4,3.D.4,3.D.4,3.D.4,3.D.4,3.D.4,1.B.52,HTH_18,4.C.1,GH15,2.A.1,4.C.1,4.C.1,1.B.14,4.C.1,3.A.1,9.A.25,2.A.6,3.A.1,3.A.1,Sigma70_r4_2|Sigma70_r2,Pyr_redox_2,3.A.3,9.B.20,GerE|Response_reg,SBP_bac_3|Response_reg|HisKA|HATPase_c,1.A.23,2.A.40,Aminotran_1_2,2.A.1,2.A.1
1.A.23,LysR_substrate|HTH_1,3.A.11,3.A.15,GH23
GT2,GT2,GT4,9.B.18,3.A.1
3.A.1,3.A.1,3.A.1,3.A.1,3.A.1,GH23
2.A.6,2.A.6,2.A.6,2.A.6,9.B.34,GntR|Aminotran_1_2,Fer4,9.B.20,GH13_3,GH13_16,CBM48|GH13_9,PIG-L,GT2,PIG-L,CBM48|GH13_11,GH13_26,GH77,GH13_10,GT5,9.B.27,1.B.52,2.A.1
3.A.23,1.B.25,GH23,PfkB,3.A.1,3.A.1,3.A.1,3.A.1,HTH_18,GT0|GT2|GT4,Response_reg,2.A.21,CheR|CheR_N,CheB_methylest,HATPase_c|HisKA|Response_reg,Response_reg,2.A.21,8.A.1,2.A.6,2.A.6,2.A.6
3.A.1,3.A.1,1.B.14,FecR,Sigma70_r4_2|Sigma70_r2,2.A.21,1.B.14,FecR,Sigma70_r4_2|Sigma70_r2,HTH_18,3.A.1,Pyr_redox_2,HATPase_c|HisKA,GT83,GT83,3.A.1,3.A.1,3.A.1,Aminotran_1_2,GT2,GT83,2.A.7,GT83,LysR_substrate|HTH_1,3.A.1,3.A.1,3.A.1,2.A.1
3.A.1,3.A.1,3.A.1,3.A.1,3.A.23,2.A.8,3.A.15,2.A.21,PfkB,HTH_IclR|IclR,3.A.1,3.A.1,3.A.1,3.A.1,GT0,GT2,GGDEF,2.A.109
2.A.1,GntR,GH0
2.A.1,LysR_substrate|HTH_1,AA3_2,2.A.1,3.A.7
2.A.39,GH13_6|CBM20,2.A.1,1.B.14,FecR,Sigma70_r4_2|Sigma70_r2,AA3_2,HTH_18,1.C.75,1.B.20,8.A.1,2.A.1,Sigma70_r4_2|Sigma70_r2,FecR,1.B.14,9.B.34
GT4,8.A.3,GH0
3.A.1,3.A.1,3.A.1,Pyr_redox_2,2.A.1,GH3,TetR_N,LexA_DNA_bind,3.A.7,3.A.1,GH23,3.A.1,2.A.66
2.A.102,LysR_substrate|HTH_1,MarR,GT104
3.A.1,3.A.1,GH23
3.A.3,3.A.3,3.A.3,2.A.3,TetR_N,3.A.11,9.B.18,GT2,3.A.1,3.A.1,GT4,GT4,4.D.1
1.B.25,1.A.23,2.A.21,NUDIX,3.A.5,CbiA,dCache_1|MCPsignal,GT4
2.A.3,GT0
3.D.4,3.D.4,3.D.4,3.D.4,3.A.23,Response_reg|CheW,1.B.52,2.A.6,2.A.6,Trans_reg_C|Response_reg,HATPase_c|HisKA,1.B.25,9.B.34,CE11,GT28,2.A.103,9.B.146
GT51,cNMP_binding,3.A.1,3.A.1,3.A.1
GH103,GH0,GH103,2.A.103
3.A.1,3.A.1,3.A.1,2.A.15,TetR_N,AA3_2,2.A.1,3.A.18,Pyr_redox_2,2.A.85,SBP_bac_3,9.B.34,PL7_1
GH102,2.A.7,2.A.1,2.A.36,1.A.16,SBP_bac_3,1.I.1,Pyr_redox,1.C.113,LysR_substrate|HTH_1,2.A.70,2.A.70,3.B.1,3.B.1,3.B.1,CheW,Response_reg|HATPase_c|H-kinase_dim|CheW,1.B.52
GT51,Sigma70_r2|Sigma70_r4,3.A.1,3.A.1,3.A.5
9.B.10,CBM50,3.A.1,3.A.1,3.A.1,3.A.3,Pyr_redox_2,HTH_CodY|AsnC_trans_reg,2.A.76,9.B.97,GT4,GT4,3.A.1,3.A.1,GT4,GT4,GT4
