3.D.1,2.A.16,CBS|SIS,2.A.64,1.B.42,2.A.109,9.B.18,GT4,9.B.67,GT4,GT4,GT2,GT4,2.A.50,GT2,GT4
GT0,GT2,3.A.1,8.A.3,1.B.18,3.A.1,3.A.5
GT2,2.A.123,2.A.66,2.A.9,CbiA,LysR_substrate|HTH_1,2.A.98
9.B.157,GT28,2.A.103,9.B.146
3.A.1,9.B.174,GT19,3.A.11,2.A.17,2.A.17,8.A.51,2.A.6,9.A.40
GH13,GH13_19,CE1|GH31,GH13,GH65,2.A.2,Peripla_BP_3|LacI,1.B.14,8.A.46,GH13_10,CE4,GH92,2.A.1,NUDIX,2.A.102
GT5,SIS,3.A.2
GT51,9.B.172,1.B.6,3.A.1,1.A.22
GT4,GT4,GT4,9.B.18,Aminotran_1_2,9.B.18,9.B.18,GT2
GT9,PadR,3.A.1,9.A.25,3.A.2,3.A.2,3.A.2
9.B.172,1.B.6,CBS,3.A.7,GT51,3.A.1,Aminotran_1_2,3.A.1
GT0,3.A.1
1.A.8,GT2
2.A.21,GH63
PL7,PL6|PL6_1,PL7_5,PL17_2|PL17,AraC_binding,1.B.14,8.A.46,PL7,GntR,2.A.1,PfkB,LacI,2.A.7
GT2,2.A.66,GT0,GT4,3.A.1
3.A.1,GT2,3.A.1,GH23
9.B.14,1.A.22,Aminotran_1_2,CE14
3.A.12,AA2,1.I.1,PL7_5
9.B.153,9.B.144,GT4
2.A.23,1.B.6,GT4,GH3
3.A.1,HisKA|GAF|HATPase_c,GT2,9.B.210
GT27,1.B.6
1.A.1,9.B.176,Response_reg|Trans_reg_C,HisKA|HATPase_c,GT2
