2.A.38,CBM50,3.A.11
PL7_1,9.B.34,2.A.85,8.A.21,3.D.2,2.A.47
2.A.1,HTH_1|LysR_substrate,1.B.25,1.B.52,9.B.34,3.A.18,2.A.1,AA3_2,TetR_N,3.A.1,3.A.1,3.A.1,3.A.1,3.A.1,HTH_18,3.D.7,Pyr_redox_2,V4R,HTH_18,3.A.1
3.A.11,GT51,3.A.11
2.A.47,1.A.23,2.A.36,2.A.1,HTH_1|LysR_substrate,HD,9.B.34,GT9,GT9,GT4
GT4,GT4,9.B.67,3.A.1
2.A.6,GT30,HTH_1|LysR_substrate,2.A.7,Pyr_redox_2,8.A.5
5.A.1,1.B.52,9.B.34,NUDIX,2.A.66,GT51,SBP_bac_3,MCPsignal|dCache_1,9.B.34,2.A.7
9.B.146,2.A.103,GT28,CE11,Peptidase_M23,3.A.5,NUDIX,2.A.21,Response_reg|GGDEF,1.A.23,2.A.1,2.A.40,Pribosyltran,Pribosyltran,2.A.53,2.A.66,9.B.105
GT4,2.A.121,9.B.34
2.A.50,PL5_1,1.B.13,GT2
1.B.5,2.A.21,GT0
2.A.21,2.A.1,2.A.7,2.A.28,SIS|HTH_6,Response_reg,8.A.5,1.B.52,1.B.3,GH13_6|CBM20,GH13_19,3.A.1,3.A.1,3.A.1,GerE,GH13_23,3.A.1,Aminotran_1_2|GntR,2.A.56,2.A.56
GT20,3.A.1,3.A.1,3.A.1,3.A.1,Aminotran_1_2,3.A.23,4.C.1,1.B.52
1.B.33,GT19
9.B.104,9.B.164,GH0,TPR_1,1.A.13,1.B.22,3.A.15,3.A.15,3.A.15,3.A.15,3.A.15,3.A.15,3.A.15,3.A.1,3.A.1,3.A.1,3.A.1
2.A.16,9.B.34,MarR,2.A.7,HTH_18,GT4,Guanylate_cyc|MASE2,HTH_18,2.A.38
9.B.18,GT4,9.B.146,9.B.18,3.A.11,Aminotran_1_2,2.A.1,8.A.1,HTH_1|LysR_substrate,TetR_N,9.B.34,9.B.34
GH23,HTH_1|LysR_substrate,2.A.109,1.B.33,9.B.22,2.A.6,2.A.6,2.A.6,2.A.6,GGDEF|EAL|MHYT,2.A.56,3.D.1,3.D.1,3.D.1,3.D.1,3.D.1,3.D.1,3.D.1,3.D.1,3.D.1,3.D.1,3.D.1,3.D.1,3.D.1
3.A.1,GH1,Pyr_redox,GT4
9.B.20,GH13_3,GH13_16,CBM48|GH13_9,CBS,GT35,4.D.2,CBM48|GH13_11,GH13_26,GH77,GH13_10,GT5,1.A.23
GT104,3.A.1,3.A.1,3.A.1,PL7_1,2.A.1,9.B.106,Pyr_redox_2|NIR_SIR_ferr|NIR_SIR,3.D.1,1.B.6,Sigma70_r2|Sigma70_r4,1.A.35,4.A.2
GH23,3.A.1,3.A.1,3.A.1,3.A.1,3.A.1
3.A.1,Rhodanese,Response_reg|GerE,GntR,2.A.40,9.B.35,CE4,9.B.43,2.A.40,1.B.10,2.A.39
3.D.5,3.D.5,3.D.5,3.D.5,3.D.5,3.D.5,GH3
3.A.1,GH23,Response_reg|CheW,1.B.52,Response_reg,STAS,CheW|H-kinase_dim|HATPase_c,1.B.52
2.A.1,9.B.34,3.A.1,3.A.1,3.A.1,3.A.1,AA6,3.A.23
2.A.76,1.B.14,GT2,GH3
9.B.34,PALP,GH39
GH23,9.B.62
GH103,GH0,GH103,2.A.103
2.A.21,CBM41|GH13_13,AA10|CBM73,CBM5
1.B.22,CBM22
GT51,Sigma70_r2|Sigma70_r4,3.A.1,3.A.1,3.A.5
3.A.1,3.A.1,3.A.1,3.A.1,9.B.97,2.A.66,GT4,GT4,GH39,GT4,GT2,9.B.18,HATPase_c|dCache_1|HisKA,3.A.23,2.A.56,2.A.56,9.B.150,HTH_11|AsnC_trans_reg,3.A.15,8.A.21,1.B.25,9.B.34,9.B.34,Response_reg,GAF|HATPase_c|PAS|HisKA,GAF|HATPase_c|PAS|HisKA,Response_reg|CHASE|HATPase_c|HisKA,Response_reg,9.B.34,3.A.1,3.A.1,3.A.1,TOBE,3.A.1,3.A.1,3.A.1,2.A.51,1.B.25,3.A.1,Rhodanese,9.B.102,SBP_bac_1,3.A.1,3.A.1,3.A.1,3.A.1,3.A.1,3.A.1
3.D.2,3.D.2,3.D.2,GT4,GT4,GT4,3.A.1,3.A.1,9.B.97,GT4,GT4
