1.C.105,GT28
3.A.1,3.A.1,3.A.1,3.A.1,3.A.1,1.B.52,CBM48|GH13_9,3.A.1,3.A.7
GH67,dCache_1|HTH_18,3.A.1,3.A.1,3.A.1,Response_reg|HTH_18,8.A.59,Response_reg|HTH_18,3.A.1,3.A.1,3.A.1,GH10,GH2
8.A.59,3.A.1,3.A.1,Response_reg|HTH_18,8.A.59,SBP_bac_1,3.A.1,3.A.1,GH3,2.A.40,CE7
GH9|CBM3,3.A.3
9.A.40,2.A.5,Pribosyltran,3.A.11,GT0,1.A.30,1.A.30,3.A.2,3.A.2,3.A.2,3.A.2,3.A.2,CBM54
CE4,1.B.52,9.B.174,CbiA,9.B.20,3.A.3,3.A.1,2.A.120,3.A.18,1.C.82
3.A.9,GT2,GH15
2.A.1,PALP,Pribosyltran,PL11_2
9.B.146,2.A.103,GT28,2.A.40,GT28
GH18,GH30,9.A.11
GH48,GH8,GH9|CBM3,CBM4|GH9,GH9,GH9|CBM3,GH5_17,GH9,PL11,GH5_1,HTH_1|LysR_substrate,5.A.1,3.A.3,GH11,CBM35|GH26,GH9,GH9
3.A.1,3.A.1,CBM16,Peptidase_M23,3.A.1,3.A.1,3.A.1,HTH_3|AraC_binding,3.A.1,3.A.1,3.A.1,3.A.1,4.C.1,2.A.66,2.A.4
CE1,3.A.7
4.C.1,3.A.1,B12-binding,GT1,B12-binding,4.C.1,4.C.1,4.C.1
GH2,GH141|CBM9,8.A.59,Response_reg|HTH_18,SBP_bac_1,GH146,SBP_bac_1,3.A.1,3.A.1,AraC_binding|HTH_18,GH4,AraC_binding|HTH_18,GH31
GH43_35,HTH_18,GH2,3.A.1,3.A.1,3.A.1,GH95,2.A.1,1.A.62,3.A.1,3.A.1,3.A.1
GH51,3.A.3
2.A.47,GH18,Pyr_redox_2,2.A.87
3.A.1,3.A.1,SBP_bac_1,8.A.59,Response_reg|HTH_18,GH3
GH51,HTH_5,3.A.1,3.A.1,3.A.1,3.A.1,9.B.33,Response_reg|HTH_18,GH43_16|CBM6,GH10|CBM6,GH43_29|CBM6,CE1|CBM6,GH43_10|CBM6,GH62|CBM6,GH43_29|CBM6,GH146|CBM22,GH27|CBM6,GH59|CBM6,GH2|CBM6,GH62|CBM6|CE6,GH95|CBM32|CBM6,GH30_8|CBM6,PL10_1,CE8,3.A.1,3.A.1,GH9,8.A.59,Response_reg|HTH_18,3.A.1,3.A.1,3.A.1,GH51,GH43_10,GH8,GH39
CBM3,8.A.28
2.A.21,Trans_reg_C|Response_reg,AraC_binding|HTH_18,GH120,GH18,CBM35|GH26,9.B.143
GH27,3.A.1
3.A.1,3.A.1,3.A.1,Response_reg|HTH_18,8.A.59,2.A.109,GH9|CBM3|CBM3,2.A.102
GH141|CBM6,Trans_reg_C|Response_reg,HATPase_c|HisKA,5.A.1
GH2,PfkB,2.A.2
3.A.1,3.A.1,3.A.1,3.A.1,3.A.1,3.A.1,3.A.1,GT4
9.B.104,4.C.1,Response_reg|GerE,HATPase_c,GH11
9.B.34,HhH-GPD,GT5
9.A.11,GH43_24
2.A.66,Response_reg|HTH_18,9.B.33,Peripla_BP_1,3.A.1,3.A.1,3.A.1,GT2
3.A.1,3.A.1,3.A.1,Trans_reg_C|Response_reg,HATPase_c|PAS|HisKA,GH94,3.A.1,3.A.1,SBP_bac_1,Response_reg|HTH_18,8.A.59,SBP_bac_1,3.A.9,2.A.20,2.A.88,GH53
3.A.1,TetR_N,CE2
GH9,3.D.1,3.D.1,HATPase_c,3.D.1,1.B.52
9.A.11,9.A.11,Sigma70_r2|Sigma70_r4|Sigma70_r3,HATPase_c,STAS,GH133,3.A.10,HD,2.A.109
1.B.52,CheW,HATPase_c|CheW|H-kinase_dim,Response_reg,9.B.34,CBM22|CBM22|GH10|CBM9,CBM22|CBM22|GH10|CBM9,HATPase_c|HisKA,3.A.1,Trans_reg_C|Response_reg,GT1,GT1,4.C.1,4.C.1,3.A.1,GH5_1
3.A.1,B12-binding,NUDIX,GH94,3.A.1,3.A.1
4.C.1,B12-binding,4.C.1,4.C.1,2.A.1,B12-binding,3.A.1,4.C.1,CBM4|GH9,2.A.1,CE3
3.A.11,3.A.15,3.A.15,3.A.15,GT39
2.A.37,2.A.7,Pyr_redox_2,PALP,GH42,Response_reg|HTH_18,8.A.59,GH3,GH31,3.A.1,3.A.1
4.C.1,3.A.1,GerE,1.B.52,TetR_N,2.A.1,CBM13
3.A.1,3.A.1,GntR,GH43_1
CBM30|GH9,3.A.1
1.E.19,GH18
1.E.40,1.B.52,1.A.34,GT51
GT4,3.A.1,1.B.52,1.B.52,GH18
2.A.115,GT26
3.A.1,3.A.1,SBP_bac_1,Peripla_BP_3|LacI,Peripla_BP_3|LacI,GH130,GH130,9.B.10,FUR,2.A.3,9.A.11
GH65,3.A.1,3.A.1,SBP_bac_1,8.A.59
GH3,GH94,3.A.1
GH43_12,GT23,GT23,GT23,GT23,2.A.7
