GT30,GT9,GT4,GT8,GT8,GT4,GT9,GT9,Aminotran_1_2,GT2,1.A.34
9.B.32,8.A.1,HTH_1|LysR_substrate,9.B.99,2.A.56,2.A.56,2.A.56,IclR|HTH_IclR,3.D.1,Aminotran_1_2,GH13_19,GH73,HTH_18|Peripla_BP_3,3.A.1,3.A.1,3.A.1,9.B.44,9.B.44
4.D.3,1.B.55,GGDEF|EAL,2.A.23,PfkB,EAL,9.B.121,2.A.1,9.B.126,HTH_1|LysR_substrate,GerE,GH37,5.B.3,HTH_18,HTH_18,2.A.6,8.A.1,GerE,9.B.36,9.B.20,GerE,2.A.119,HTH_5,3.A.4
2.A.17,9.B.4,2.A.20,Pyr_redox_2,3.A.1,3.A.1,3.A.1,3.A.1,3.A.1,3.A.1,3.A.1,3.A.1,2.A.86,2.A.1,2.A.88,3.A.3,3.A.5,3.A.1,3.A.1,Sigma70_r4|Sigma70_r2,3.A.1,3.A.1,3.A.1,3.A.1,3.A.1,3.A.1,Peripla_BP_1|LacI,2.A.8,2.A.95,CBM48|GH13_9,CBM48|GH13_11,GT5,GT35,Rhodanese,9.B.104,DeoRC|HTH_DeoR,3.A.23,GerE,GT35,GH77,2.A.8,9.A.8,9.A.8,9.A.8,Trans_reg_C|Response_reg,2.A.21,9.B.65,NUDIX,GT51,1.B.22
GH18|CBM5,3.A.15,3.A.15,3.A.15,3.A.15,3.A.15,1.B.22,9.B.42
GT51,Pkinase,8.A.8,4.A.2,1.B.42,1.B.42,1.B.42,SIS|CBS,2.A.19,3.A.1,3.A.1,3.A.1,3.A.1,3.A.1
1.B.11,4.A.6,4.A.6,4.A.6,SIS,CE9,4.A.6,4.A.6,4.A.6,4.A.6,DeoRC|HTH_DeoR,2.A.1
2.A.42,2.A.42,HTH_1|LysR_substrate,9.B.124,9.B.124,1.E.34,9.B.27,GntR,2.A.1,2.A.23,2.A.109,9.B.114,HTH_3,Pyr_redox_2,GH63,2.A.3,GH2,LacI|Peripla_BP_3,1.B.52
9.B.120,2.A.1,GH23
GH1,1.C.113
3.A.23,CBM50,3.A.6,3.A.6,3.A.6
CBM50,Pyr_redox_2,3.A.23,SIS|CBS,DeoRC|HTH_DeoR,4.A.4,4.A.4,4.A.4,GH103
GT9,SIS|HTH_6,GH23,HisKA|HATPase_c,3.A.23,Aminotran_1_2,MarR,TPR_1,3.A.1,3.A.1,3.A.1
2.A.7,2.A.7,GT2,Aminotran_1_2,NUDIX,1.B.68,IclR|HTH_IclR,2.A.1
2.A.1,3.A.1,3.A.1,3.A.1,3.A.1,EAL,3.A.7,2.A.1,4.A.2,PfkB,4.A.2,PfkB,2.A.41,cNMP_binding,2.A.41,PfkB|HTH_11,2.A.98,HTH_1|LysR_substrate,2.A.3,1.B.14,1.B.14,9.B.169,LacI|Peripla_BP_3,3.A.1,3.A.1,3.A.1,Fer4,Pyr_redox_2,9.B.114,2.A.122,1.E.14,1.B.17,9.B.27,9.B.29,GH3,3.A.1,3.A.1,3.A.1,3.A.1,MerR,9.B.33
GH25,GntR,PfkB,2.A.1,4.A.5,4.A.5,4.A.5
9.B.34,9.B.22,2.A.109,1.B.18,8.A.3,GT2,GT4,GT2,NUDIX,GT4,GT4,GT4,GT4,GT4
2.A.66,2.A.1,GT9,1.B.14,4.C.1,4.C.1,HTH_18,3.A.1,3.A.1,2.A.1,3.A.1,5.B.7,9.B.35,Trans_reg_C|Response_reg,HisKA|HATPase_c,1.B.1,HD,2.A.7,9.B.34,GerE,3.A.6,3.A.6,3.A.6,3.A.6,3.A.6,3.A.6,3.A.6,3.A.6
3.A.1,3.A.1,GT20,FlhD,FlhC,1.A.30,HATPase_c|H-kinase_dim|CheW|CheY-binding,CheW,1.B.52,1.B.52,CheR|CheR_N,CheB_methylest|Response_reg,Response_reg,CheZ,3.A.6,1.A.104,9.B.158,5.A.3,5.A.3
3.A.1,3.A.1,3.A.1,CBM50
4.A.3,4.A.3,4.A.3,GH4,CE0,2.A.23
4.A.1,Peripla_BP_1|LacI,TetR_N,GH2,2.A.2,1.B.25
1.B.1,1.M.1,GH24,1.E.1,2.C.1
3.A.23,Peripla_BP_1|LacI,1.B.21,3.A.1,GH65,3.A.1,3.A.1,3.A.1,GH13_18,Rhodanese,PspC,3.A.23
1.B.46,Pribosyltran,2.A.53,1.B.12,PAS|HTH_8|GAF,4.A.2,1.E.43,GH23,2.A.36,GntR,2.A.34,5.A.2,1.C.10
GH3,1.B.14,4.A.1
2.A.1,GT2
9.B.34,1.B.55,CE4|GH153,GT2,2.A.108,2.A.108,2.A.108,2.A.21
2.A.40,AA6,5.A.3,5.A.3,5.A.3
1.M.1,GH24,1.E.1,1.B.1
CE8,2.A.47,HTH_1|LysR_substrate,3.A.1,3.A.1,3.A.1,8.A.50,HTH_1|TOBE,3.A.1
2.A.4,4.B.1,2.C.1,2.C.1,2.C.1,2.C.1,1.A.30,1.A.30,8.A.79,9.B.85,3.D.4,3.D.4,GH38,4.A.2,GntR,3.D.10,3.D.10,Citrate_synt,1.C.80,1.B.11
1.B.25,4.A.1,CE9
2.A.114,2.A.1,3.A.1,2.A.1,3.A.1,3.A.1,3.A.1,4.C.1,1.E.53,Nitroreductase,1.A.23,2.A.3,2.A.6,2.A.6,2.A.6,1.B.17,Trans_reg_C|Response_reg,2.A.21,GT2
1.B.10,2.A.6,3.A.5,CBM34|GH13_21,2.A.3,2.A.26,HisKA|PAS|HATPase_c,Trans_reg_C|Response_reg,2.A.1
3.A.1,3.A.1,3.A.1,CE14,GT2,9.B.52,2.A.1
2.A.15,TetR_N,AA3_2
GH23,HTH_1|LysR_substrate,3.A.1,3.A.1,3.A.1
GT19,1.B.33
3.A.1,1.A.62,2.A.49,3.A.1,3.A.1,3.A.1,1.B.14,GT51
3.A.5,CE11
GH23,3.A.1,4.B.1
2.A.8,1.B.11,1.C.80,1.B.35,CE0
3.A.3,LacI|Peripla_BP_3,4.A.1,GH13_29
2.A.13,GH4,HTH_18,Aminotran_1_2,HTH_18,2.A.3,Trans_reg_C|Response_reg,HisKA|HATPase_c,2.A.1,Glyoxalase,3.A.1,3.A.1,3.A.1,GntR,3.A.1,3.A.1
GH31,2.A.2,1.B.35,2.A.1,GntR,HisKA|PAS|HATPase_c,3.A.23
GT26,9.B.128,GT56,2.A.66,Aminotran_1_2,GT0,3.A.6,1.I.1
1.A.77,3.A.2,3.A.2,3.A.2,3.A.2,3.A.2,3.A.2,3.A.2,3.A.2,3.A.1,3.A.1,3.A.1,3.A.1,4.A.1,GH1,1.B.3,2.A.40,HTH_1|LysR_substrate,2.A.1,2.A.42,Aminotran_1_2,2.A.9
