GH159,1.A.11,CE9,4.A.1,4.A.1,4.A.1,GntR,ACT,3.A.1,3.A.1,3.A.1,3.A.1,MerR,1.A.33,TetR_N,2.A.6,MarR,2.A.76,2.A.28
3.A.1,3.A.1,2.A.63,2.A.63,2.A.63,2.A.1,TrkA_C,2.A.37,2.A.1,HTH_1|LysR_substrate,2.A.3,HTH_1|LysR_substrate,2.A.69,GH15,GH130,3.A.1,3.A.1,3.A.1
AA3_2,2.A.3,2.A.1,HTH_1|LysR_substrate,GerE,5.B.1,2.A.46,5.A.1,9.B.62
3.A.1,3.A.1,3.A.1,3.A.1,GH16,3.A.1,3.A.1,3.A.1,Peripla_BP_2,2.A.1
GH15,HTH_5,GntR,2.A.3,3.A.25
GT2,GT2,GT2,GT2,Response_reg|GerE,3.A.1,2.A.1,HTH_DeoR|DeoRC,3.A.1
2.A.7,GT2,3.D.1,9.B.104
GT2,GH26,9.B.2,2.A.3,CE9,3.A.1,3.A.1,3.A.1,3.A.1,GH33
GH35,3.A.1,3.A.1,3.A.1,PL33_1,HTH_DeoR|Peripla_BP_3,GH154,3.A.1,3.A.1,3.A.1,Peripla_BP_3|LacI,AraC_binding,2.A.11
3.A.1,3.A.1,GH91,Peripla_BP_3|LacI,GH32,3.A.16
3.A.1,3.A.1,3.A.1,Peripla_BP_3|LacI,GH32|CBM38|CBM38,GH77,Fer4,2.A.14,GntR,GH13_13,3.A.1,3.A.1,3.A.1,1.E.43,PL11,8.A.5,8.A.5,GntR,2.A.8
GH65,2.A.1,2.A.78
3.A.1,2.A.4,Peripla_BP_3|LacI,3.A.1,3.A.1,3.A.1,3.A.1,3.A.1,GH32,GH68,GH32
3.A.1,3.A.1,3.A.1,3.A.1,Peripla_BP_3|LacI,2.A.2,GH3
3.A.1,3.A.1,3.A.1,GH76
2.A.1,3.A.1,3.A.1,CBM5,Glyoxalase,PadR,3.A.1,3.A.1,2.A.114
GT35,GH13_3,GH13_16,CBM48|GH13_9,Peripla_BP_3|LacI,GH13_30,3.A.1,GT20
GH38,3.A.1,3.A.1
GT1,MarR,2.A.1
9.B.106,Glyoxalase,GH13_20
2.A.1,HTH_5,2.A.1,PadR,GT1,2.A.38,2.A.3,3.A.1,9.B.110
GH3,GH35,3.A.1,3.A.1,SBP_bac_1,TetR_N,3.D.4,GntR,SKI,2.A.8,2.A.3
9.B.34,Response_reg|HisKA|HATPase_c|PAS,Rhodanese,9.B.34,GT4,9.B.102,2.A.1,9.B.106,3.A.1,3.A.1,3.A.1,3.A.1,HTH_IclR,2.A.3
3.A.24,Pyr_redox_2,3.A.1,3.A.1,3.A.1,3.A.1,3.A.1,2.A.86,PALP|ACT,CE14,1.C.113,2.A.1
9.B.98,4.C.1,GT39
GH23|CBM50,3.A.1
2.A.7,9.B.115,9.B.141,HD,2.A.1,2.A.7,GT4
9.B.106,GH23
9.B.146,GT28
3.A.1,3.A.1,GH15
GH0,3.A.1,3.A.1,3.A.1,3.A.1
GH65,3.A.3,4.A.2,3.A.3
3.A.1,3.A.1,GH32,GH36,2.A.1,5.A.3,5.A.3,5.A.3,3.D.4
2.A.1,GntR,Peripla_BP_3|LacI,SBP_bac_1,3.A.1,3.A.1,TetR_N,3.A.1,3.A.1,3.A.1,3.A.1,GH1,GH3,GH43_12,CBM67|GH78
2.A.64,GT2,8.A.21
3.A.11,2.A.6,2.A.6,1.A.8,Sigma70_r4,GT4
3.A.1,3.A.1,3.A.1,GH32
GH16,MarR,3.A.1,2.A.6
3.A.2,3.A.2,3.A.2,3.A.2,9.B.146,GT2,GT26
9.A.47,GH25,GT2,GT2,GT2,3.A.1,GT2,Pyr_redox,3.A.7
4.A.2,CBM5,3.A.1,CBS,9.B.97
GH4,GT4,8.A.5,GH13_10,GH13_26,CBM48|GH13_11
1.A.8,HTH_5,8.A.5,GH13_30,3.A.1,SBP_bac_1,HTH_IclR,2.A.9,3.A.1,1.I.1
1.A.62,Peripla_BP_3|LacI,PL8,2.A.1,GntR,3.A.1,3.A.1,3.A.1,Peripla_BP_3|LacI,3.A.1,3.A.1,3.A.1,1.A.35,HTH_5,2.A.1,Peripla_BP_3|LacI,GH32,3.A.1,3.A.1,SBP_bac_1,3.A.1,3.A.1,PadR,2.A.38,2.A.3,2.A.1
GT2,8.A.3,GT4,9.B.18
CE12,3.A.1,3.A.1,3.A.1,PL26,GH42,CBM67|GH78,SBP_bac_1,3.A.1,3.A.1,SBP_bac_1,GH42,3.A.1,3.A.1,SBP_bac_1,Peripla_BP_3|LacI,GH35,3.A.1,3.A.1,SBP_bac_1,Peripla_BP_3|LacI,GH101|CBM51|CBM51,HTH_DeoR|DeoRC,PfkB,SIS,3.A.1,3.A.1,Peripla_BP_3|LacI,SBP_bac_1,3.A.1,3.A.1
4.C.1,SBP_bac_1,3.A.1,3.A.1,HTH_DeoR|DeoRC,Peripla_BP_3|LacI,3.A.1,3.A.1,SBP_bac_1,GH36,9.B.160,1.A.1,GT51,3.A.1,3.A.1
GH15,GH1,9.A.62
2.A.1,GntR,1.A.11,PadR,GT51,TrmB|AsnC_trans_reg,2.A.1
3.A.1,3.A.1,HTH_IclR,2.A.1,PL34,PL17,3.A.1,3.A.1,SBP_bac_1,IclR|HTH_IclR,CE7
2.A.3,GH16,2.A.1
GH51,3.A.1,3.A.1,3.A.1
2.A.101,3.A.1,B12-binding|B12-binding_2,3.A.1,3.A.1,2.A.1,GntR,GH32,GH32,SBP_bac_1,3.A.1,3.A.1
