2.A.23,4.C.1,GH18
3.A.1,AAA,9.B.126,3.A.1,CE4
GH3,3.A.1,3.A.1,3.A.1
2.A.22,9.B.157,2.A.25,9.B.126,3.A.1,3.A.1,2.A.1,2.A.8,CE4,9.B.34,EAL|PAS|GGDEF,4.C.1,3.A.9,3.A.11,Arc,GntR,3.A.1,3.A.1
CE9,SBP_bac_1,3.A.1,3.A.1
2.A.41,GT28,2.A.3,9.A.11,3.A.1,3.A.1,9.B.160
GH13,2.A.115
9.B.102,GT2
2.A.15,CE4
GT4,2.A.115,3.D.3,3.D.3,3.D.3
3.A.1,GH23
9.B.34,GT51,CBS|ACT,1.A.30,1.A.30
GT28,9.B.174,Peptidase_M23,3.A.1,3.A.5
3.A.11,3.A.11,Response_reg|GerE,HATPase_c,CE9
GH3,PadR,3.A.1,3.A.1,SBP_bac_1,SIS,SIS|HTH_6,Peripla_BP_3|LacI,GH31,3.A.1,3.A.1,3.A.1,GH13_2|CBM20,CBM34|GH13_20
1.A.8,2.A.88,3.A.1,3.A.1,3.A.1,3.A.1,3.A.1,3.A.1,GT2
GH2,3.A.1,3.A.1
4.A.3,4.A.3,4.A.3,GH4,Mga|HTH_11,2.A.118,2.A.1
GH1,3.A.1,3.A.1,SBP_bac_1,Peripla_BP_3|LacI,9.B.28,Rhodanese,9.B.33,Response_reg|Trans_reg_C|BTAD,2.A.56,2.A.56
GH125,GH38,GH38,SBP_bac_1,3.A.1,3.A.1
4.A.3,GH1,Response_reg|HTH_18,8.A.59,3.A.1,3.A.1
GH1,GH4,3.A.1,3.A.1,SBP_bac_1,Response_reg|HTH_18,8.A.59
9.A.25,GH3,2.A.2,3.A.1
GT4,GT4,9.B.18,Aminotran_1_2,9.B.18,GerE,Response_reg|GerE,8.A.3,8.A.3,CBM50,9.A.10,3.A.1,3.A.1,3.A.1,Response_reg|HTH_18,8.A.59,3.A.1
GH92,2.A.15,Peripla_BP_3|LacI,GH42,GH36,GH35,3.A.1,3.A.1
GH4,SIS|HTH_6,MarR|AsnC_trans_reg,MarR,9.B.28,3.A.1,3.A.1,SBP_bac_1,GH43_11,3.A.1,3.A.1,3.A.1,GH51,9.B.28,3.A.1,3.A.1,GH51,3.A.1,GH43_26
GH4,4.A.3,4.A.3,4.A.3,PadR,3.A.1,3.A.1,3.A.1,3.A.1,3.A.1,Peripla_BP_1|LacI,CE7,GH94,GH3,SBP_bac_1,3.A.1,3.A.1,Peripla_BP_3|LacI,4.A.2,HTH_11,4.A.2,4.A.5,4.A.5,4.A.5
9.A.25,GT26,9.B.146,GT4,GT2
3.A.1,3.A.1,GT2|GT4,GT2,GT2,GH73,9.B.97,GH73,GT26,2.A.66,2.A.7,GT2,9.B.97,9.B.146
9.B.157,HTH_10,1.A.34,3.A.1,3.A.1,3.A.1,3.A.1,3.A.1,3.A.1,EPSP_synthase,3.A.2,3.A.2,3.A.2,3.A.2,3.A.2,3.A.2,1.A.77,GT0,Pribosyltran,Aminotran_1_2,2.A.107
3.D.4,3.D.4,Glycos_trans_3N,Pkinase,9.A.5,2.A.23,2.A.51,2.A.109,2.A.86,2.A.26,2.A.16,HxlR,2.A.25,4.C.3,Aminotran_1_2,2.A.7,Aminotran_1_2,3.A.1,Aminotran_1_2,CBM50,3.A.1,3.A.1,3.A.1,3.A.1,3.A.1,3.A.1,3.A.1,3.A.1,3.A.1,3.A.1,2.A.1,2.A.66,3.A.7,2.A.66,4.C.1,3.A.1,2.A.1,GntR,3.A.1,3.A.1
2.A.35,3.A.1,3.A.1,3.A.1,2.A.64,1.B.52,GH126,GT2,2.A.36,4.A.2,4.A.2
GH1,4.A.3,4.A.3,4.A.3,3.A.1,3.A.1,3.A.1,HTH_3,4.A.1,2.A.27,TetR_N,3.A.1,3.A.1,3.A.1,Peripla_BP_3|LacI,2.A.45,HTH_5,9.A.40
3.A.1,3.A.1,Pyr_redox_2,3.A.1,PL9_2,TetR_N,2.A.1,PfkB,cNMP_binding,2.A.1,2.A.36,2.A.39,LysR_substrate|HTH_1,2.A.102,3.A.18,4.A.6,4.A.6,4.A.6,Pkinase,2.A.1
2.A.1,GH19
