GH3,GH3,3.A.1,3.A.1,3.A.1,TetR_N,GH1,Peripla_BP_3|LacI,GH10,GerE|Response_reg,2.A.6,Pyr_redox_2,GH3,Peripla_BP_3|LacI,GH2,GH3,GH1,GH35,GH43_28|CBM32,CBM67|GH78,GH31,3.A.1,3.A.1,SBP_bac_1,GH43_12
2.A.53,3.A.1,3.A.1,3.A.1,GT1
3.A.1,3.A.1,GH2,2.A.6
GT1,CE7,TetR_N,3.A.1,3.A.1,3.A.1,3.A.1,2.A.1
GH95,2.A.7
2.A.1,TPR_4,Peripla_BP_3|LacI,3.A.1,3.A.1,3.A.1,GH3
GH51,3.A.9,GH36,8.A.5,3.A.1,3.A.1,4.C.1
GH38,GH4,HTH_DeoR|DeoRC,PfkB,SBP_bac_1,3.A.1,3.A.1,GH2,Peripla_BP_3|LacI,3.A.1,3.A.1,3.A.1,GH31,Peripla_BP_2,3.A.1,3.A.1,3.A.1,3.A.1,3.A.1,3.A.1,3.A.1,GntR,2.A.1
2.A.20,TetR_N,2.A.1,2.A.69,GH114
2.A.86,Glyoxalase,MarR,GH32,GH68
GT4,GT4,9.B.18,8.A.3,9.B.97
2.A.3,2.A.115,GntR|Aminotran_1_2,GH13_11,2.A.6,3.A.18
3.A.1,3.A.1,Peripla_BP_1,CBM5,GH127,3.A.1,3.A.1,3.A.1,3.A.1,3.A.1
PL0,PL0,9.B.18,GT4,GT4,8.A.3,Glyoxalase,GT94,2.A.66,2.A.102,MarR,GH15
3.A.1,3.A.1,3.A.1,GH1,MarR,LysR_substrate|HTH_1,2.A.1,9.B.169
GT51,GT51,9.A.47,3.A.7
3.A.1,3.A.1,GH3,Peripla_BP_3|LacI,2.A.1,2.A.1,3.A.1,SBP_bac_5,3.A.1,3.A.1
9.B.126,8.A.7,3.D.10,3.D.10,GT4,3.A.1,3.A.1,3.A.1,3.A.1,3.A.1,Glycos_trans_3N,4.A.5,9.B.107
GT4,3.A.1,3.A.1
3.A.3,9.B.98,GH3,2.A.1
2.A.3,2.A.1,MarR,GH15,1.A.23,TetR_N,2.A.6,GT20,2.A.63,2.A.63,2.A.63
GH38,3.A.1,3.A.1
3.A.1,Aminotran_1_2,GT2,GT2,HTH_3,3.A.1,3.A.1,2.A.1
GH23,2.A.36,2.A.86,TPR_2,CBM48|GH13_9,GH13_3,GT35,GH13_11
GH13_10,GH13_26,CBM48|GH13_11,3.A.1,3.A.1
3.A.1,3.A.1,3.A.1,3.A.1,TetR_N,CBM63
3.A.1,3.A.1,3.A.1,3.A.1,3.A.1,Pyr_redox,GT4,9.B.97
1.A.11,GH10,CBM22|GH10
GT4,GH13_16,3.A.1,GT5
GT28,2.A.103,9.B.146
GT2,2.A.55,2.A.40,2.A.20
3.A.1,3.A.1,3.A.1,GH2
3.A.7,AAA,9.B.106,Citrate_synt,Aminotran_1_2,Fer4,CE14,2.A.108,2.A.108,SBP_bac_5,3.A.1,3.A.1,3.A.1,SBP_bac_5,2.A.21,SIS|HTH_6,3.A.1,3.A.1,3.A.1
GH43_24,2.A.3,2.A.3
1.C.113,3.A.1,3.A.1,3.A.1,CE14,ACT|PALP,2.A.86,2.A.3,GH0|GH26,STAS,GT2
2.A.75,LysR_substrate|HTH_1,3.A.1,3.A.1,3.A.1,3.A.1,2.A.1,GT2
GT2,3.A.1,3.A.1
3.A.25,GT83
2.A.7,GH13_33,GT39,2.A.98,Aminotran_1_2,1.E.43
2.A.1,8.A.5,GH51,3.A.1,3.A.1,3.A.1,Peripla_BP_3|LacI,9.B.185
GH13_4,LysR_substrate|HTH_1,8.A.5,FeoA|Fe_dep_repr_C|Fe_dep_repress,2.A.55,2.A.1,ACT,3.A.1
GT9,GT0,GT4,PfkB,CE5,GH26,GH26,PALP,GT9,Peripla_BP_3|LacI,3.A.1,3.A.1,SBP_bac_1,GH35
GH32,3.A.1,3.A.1,SBP_bac_1,Peripla_BP_3|LacI,1.C.82
8.A.5,GH13_30,Peptidase_M23,8.A.5
1.A.78,2.A.7,GT2,MarR,2.A.89,GH28
