CE1,Glyoxalase,2.A.1,3.A.9
2.A.1,PfkB,Citrate_synt,CE1,2.A.1
GH3,3.A.3,TetR_N,2.A.36,9.B.33,Response_reg|LytTR,2.A.21,2.A.21
4.C.1,GH5_29
2.A.15,GT39,1.I.1,GH23|CBM50,GH23|CBM50,3.A.1,3.A.3,HMA,CSD,HTH_11,3.A.1,3.A.1,3.A.1
3.A.1,2.A.108,GH23
GH23,CE14,CE1,1.C.113
2.A.86,MarR,MarR,2.A.1,GH43_23,Pyr_redox_2|Fer4,1.E.43,3.A.1,3.A.1,3.A.1
2.A.1,MarR,GT87,NUDIX,SBP_bac_5,CE14
2.A.3,4.C.1,GT81,GT5,Sigma70_r2|Sigma70_r4_2,2.A.64,3.A.1,GH23
CBM48|GH13_9,GH13_3,GT35,9.B.110,3.A.1
GT1,3.A.1,3.A.1,3.A.1,3.A.1
5.A.3,GntR,GT87,2.A.1,GH1,4.F.1,GT4,NUDIX,CE1,AAA,3.A.5,3.A.5,3.A.5,3.A.1
3.A.1,3.A.1,3.A.1,8.A.5,MarR,2.A.6,2.A.55,GH19
GH65,HTH_18,Glyoxalase,3.A.1,2.A.1,Pyr_redox_2,3.A.1,3.A.1,3.A.1
GT9,2.A.1
2.A.1,Aminotran_1_2,GH1,2.A.76
2.A.49,1.A.11,CBM48|GH13_11,GH13_26,GH13_10
GT28,2.A.103,9.B.146
9.B.106,GT87,Glucokinase,3.A.4,4.C.1,GT4
3.A.1,3.A.1,3.A.1,3.A.1,1.E.22,3.A.1,GH15,Glyoxalase,1.A.8,3.A.11
GH57,GT4,3.D.2,NUDIX,3.A.1,ACT,3.D.4
3.A.18,Nitroreductase,9.B.10,Rhodanese,2.A.1,1.A.43,CBM32,3.A.1,1.A.23
2.A.1,LysR_substrate|HTH_1,IclR|HTH_IclR,2.A.1,GT2,3.A.1,3.A.1
2.A.98,CE1,LysR_substrate|HTH_1,2.A.6
GT4,2.A.1,CE14
GH5_28,HTH_3,3.A.1,3.A.1,3.A.1,3.A.1,3.A.1,4.C.1,3.A.1,3.A.1,3.A.1,TetR_N,2.A.1
GT87,HxlR,2.A.1,NUDIX,3.A.1,Pkinase,3.D.4
2.A.4,9.B.27,9.B.27,GH76
GT26,9.B.18
GT4,2.A.3
GT2,LysR_substrate|HTH_1,2.A.1,TetR_N,4.C.1
3.A.3,CE5
3.A.1,TetR_N,GT51,GntR,3.A.1,2.A.1,GT51,3.A.1,3.A.1,SBP_bac_1,3.A.1,3.A.1,3.A.1,GH5_7,GT2,9.B.142,GH25,GH63
GT2,GT89,CE1,CE1,CE5,4.C.1,3.B.1,GT53,GT53
GT2,GT2,3.A.1
3.A.1,3.A.1,LacI|Peripla_BP_3,GH15
GT20,3.A.1,3.A.1
2.A.7,Response_reg|Trans_reg_C,HisKA|HATPase_c,GT2,GT83
3.A.7,GH23
