9.B.146,GT26
1.A.33,HTH_11,Peptidase_M23,EPSP_synthase,3.A.2,3.A.2,3.A.2,3.A.2,3.A.2,1.A.77,GT0,Pribosyltran,Aminotran_1_2,2.A.107,2.A.103,2.A.103
3.A.1,3.A.1,3.A.1,1.B.52,1.B.52,2.A.75,Aminotran_1_2|GntR,3.A.1,3.A.1,SBP_bac_1,HTH_18|Response_reg,8.A.59,GH42
GH94,Peripla_BP_3|LacI,HTH_18|Peripla_BP_2,Peripla_BP_2,3.A.1,SBP_bac_1,9.B.33,3.A.1,3.A.1,3.A.1,HTH_18|Response_reg,2.A.1,5.A.3,1.A.16,Pyr_redox_2,3.A.1
9.B.34,8.A.5,Response_reg|HATPase_c|HisKA,MCPsignal,GH3|CBM6
3.A.1,3.A.1,MarR,GH13_5
3.A.1,3.A.1,SBP_bac_1,Peripla_BP_3|LacI,3.A.1,3.A.1,3.D.4,3.D.4,4.D.1,GT2,4.D.1,2.A.1,Trans_reg_C,3.A.1,3.A.1,3.A.1
3.A.1,3.A.1,3.A.1,3.A.1,3.A.1,GH113,GH130,3.A.1,3.A.1,SBP_bac_1,GH130,Peripla_BP_3|LacI,PL1,2.A.115,3.A.1,GH43_24|CBM13
8.A.5,MarR,HxlR,2.A.1,8.A.5,GH18|CBM12,GH18,CE8,GH105,Peripla_BP_3|LacI,3.A.1,3.A.1,3.A.1,HTH_18|AraC_binding,2.A.1,3.A.1,GT2,GGDEF,GH126,MarR,2.A.22
3.A.1,GntR,8.A.5,GH30_2,2.A.1,GH10,3.A.18,GH43_24|CBM32|CBM42
CE2,TetR_N,3.A.1,3.A.1,3.A.1,Response_reg|YcbB,HATPase_c,9.B.33
9.B.34,Peripla_BP_3|GntR,8.A.43,TetR_N,GT2,GT2
9.B.102,GH120
GT51,GH51,2.A.7
1.E.19,GH25
8.A.59,HTH_18|Response_reg,SBP_bac_1,3.A.1,3.A.1,CE4,1.A.23,GT1,GH38,HTH_18|AraC_binding,2.A.10,HTH_8,9.B.100
GH3,9.B.158,GH29,GH35,GH29,3.A.1,3.A.1,3.A.1,dCache_1|HTH_18,GH3,GH38
3.A.3,3.A.3,3.A.3,HATPase_c|HisKA,Trans_reg_C|Response_reg,GH4
4.A.1,GH1,2.A.10
GH105,3.A.1,3.A.1,3.A.1
GT26,1.B.52
3.A.1,3.A.1,3.A.1,GH3,1.B.52,1.B.52,PL33_2,GH88,2.A.51,2.A.51
3.A.1,8.A.59,HTH_18|Response_reg,SBP_bac_1,3.A.1,3.A.1,3.A.1,3.A.1,3.A.1,3.A.1,GH28
1.B.52,2.A.45,HTH_11,4.A.2,3.A.1,3.A.1,3.A.1,ACT,9.B.74,PadR,CBM34|GH13_20,Trans_reg_C|Response_reg,HATPase_c|HisKA,3.A.1
PL11,3.A.1,3.A.1,3.A.1,SBP_bac_1,dCache_1|HTH_18,SLH,2.A.7,1.B.52
8.A.59,HTH_18|Response_reg,SBP_bac_1,3.A.1,3.A.1,CE12,9.A.11
9.A.11,9.B.27,CE4
9.B.33,HTH_18|AraC_binding,GH105,GH112,8.A.59,HTH_18|Response_reg,3.A.1,3.A.1,3.A.1,GH43_12,HTH_5,2.A.53,Trans_reg_C|Response_reg,3.A.1,3.A.1,3.A.1,2.A.23
2.A.1,GH1,4.A.1,MarR,9.B.74
3.A.1,3.A.1,3.A.1,PL3_1,3.A.1,3.A.1,3.A.1,3.A.1,1.B.52,PAS,2.A.21,Trans_reg_C|Response_reg,2.A.1,NIR_SIR|Pyr_redox_2,3.D.1,1.A.16
2.A.3,1.B.52,LysR_substrate|HTH_1,HTH_18|AraC_binding,GH146
3.A.1,3.A.1,3.A.1,GH13_2|CBM20,4.C.1,CBM34|GH13_20,2.A.1
3.A.1,GH6|CBM3,PL11,HTH_18|AraC_binding,GH4,PadR,3.A.1,3.A.1,3.A.1,9.B.74
1.B.52,3.A.1,3.A.1,HTH_18|Response_reg,9.B.33,PL15_1,SBP_bac_1,CBM32
9.B.97,1.B.52,GH9|CBM3|CBM3,GH48|CBM3,HTH_5,GH51,AsnC_trans_reg,3.A.1,3.A.1,3.A.1,3.A.1,SBP_bac_1,GH29,CBM9,GH18,dCache_1|HTH_18,GH43_12,HTH_18|AraC_binding,HTH_5,HTH_5,GH43_5,3.A.1,3.A.1,3.A.1,GH43_4,GH43_26,2.A.1
1.E.19,GH25,3.A.1,3.A.1,3.A.1,HATPase_c,HD,1.B.52,GT28,TetR_N,9.B.74,GATase_2,HTH_3,8.A.3,8.A.3,9.B.18,GT4,GT2,GT94,GT2,GH74|CBM1,3.A.1,2.A.86,GntR,9.A.40,2.A.115
GT51,2.A.79,2.A.79,Sigma70_r4_2|Sigma70_r2,8.A.28
9.B.18,CheR,GT2,HTH_18|GyrI-like,3.A.1,3.A.1,2.A.16
4.A.2,4.A.2,4.A.2,GH38
3.A.1,3.A.1,3.A.1,3.A.1,GH26,3.A.1,3.A.1,3.A.1,dCache_1|HTH_18,PL11_2,9.A.25
3.A.1,3.A.1,SBP_bac_1,GT28,GT2,3.A.1,3.A.1,3.A.1,3.A.1
3.A.1,3.A.1,GH3
CBM22|GH10|CBM9|CBM9,9.B.34,2.A.1
3.A.1,CbiA,CE4
3.A.1,3.A.1,8.A.59,HTH_18|Response_reg,SBP_bac_1,AraC_binding,PL12
2.A.86,Citrate_synt,9.B.34,PAS|HATPase_c|HisKA,Trans_reg_C|Response_reg,CBS|MCPsignal,3.A.1,2.A.107,GH23
GT4,2.A.120,Pribosyltran,3.A.7,PL10_1,GH30_8|CBM35
9.B.97,SBP_bac_1,3.A.1,3.A.1,8.A.59,HTH_18|Response_reg,GH2,MarR,2.A.36,8.A.5,CE4,2.A.45,HTH_18|Response_reg,3.A.1,3.A.1,SBP_bac_1,8.A.59,HTH_18|Response_reg,3.A.1,3.A.1,3.A.1,GH53,GH42,HD,2.A.85,HTH_18|AraC_binding,GH31,GH3,2.A.1,2.A.1,MarR,4.C.1,1.B.52
GH42,HTH_18|AraC_binding,GH74|GH74|CBM46|CBM3,HTH_18|Response_reg,8.A.59,3.A.1,3.A.1,3.A.1,GH2,9.A.5
3.D.1,3.A.5,1.C.113,Sigma70_r4,3.A.5,Glyoxalase,PL11,CE4
8.A.59,3.A.1,3.A.1,3.A.1,3.A.1,3.A.1,CE4|CBM36
GH5_4,HTH_18|AraC_binding,3.A.1,3.A.1,3.A.1,GH105,Pyr_redox_2,HTH_18,CBM22|GH10|CBM3,dCache_1|HATPase_c,HTH_18|Response_reg,SBP_bac_1,3.A.1,3.A.1,GyrI-like,HTH_18|AraC_binding,Nitroreductase,GH18
2.A.7,Peripla_BP_3|LacI,GH2,Trans_reg_C|Response_reg,HATPase_c|HisKA,5.A.1,3.A.1
GT35,GH13_31,2.A.23,GH13_29,4.A.1,2.A.1,LysR_substrate|HTH_1,9.B.143,2.A.1,Peripla_BP_2,2.A.6,CE12,2.A.63,2.A.63,2.A.63,2.A.63,2.A.63,2.A.63,9.B.34,9.B.34,CE4,GerE|Response_reg,HATPase_c,2.A.115
GH3,Trans_reg_C|Response_reg,HATPase_c|HisKA,3.A.1,3.A.1,Trans_reg_C|Response_reg,HATPase_c|HisKA,2.A.86,HTH_18|AraC_binding,8.A.5,4.C.1
3.A.1,3.A.1,Pyr_redox_2,CBM66|GH43_24
9.B.74,2.A.7,GntR,TPR_2,GH35,GH5_8,Peripla_BP_3|LacI,GH32,4.A.1,GH5_4|CBM46,GH1,4.A.1,3.A.1,3.A.1,3.A.1
9.B.142,GT2
2.A.1,3.A.1,3.A.1,Pyr_redox_2,TetR_N,2.A.1,2.A.76,HTH_3|AraC_binding,GH43_4,GH51,TrmB,2.A.1,GH1,Peripla_BP_3|LacI,Peripla_BP_3|LacI,3.A.1,3.A.1,GH30_3,HTH_18|AraC_binding,GH29,1.B.12,Peripla_BP_3|GntR,GH125,3.A.1,3.A.1,3.A.1,GH38
3.A.1,3.A.1,3.A.1,2.A.46,Aminotran_1_2,Aminotran_1_2|GntR,3.A.1,3.A.1,GH27
3.A.1,HTH_18|AraC_binding,GH43_16|CBM6,GH43_10,3.A.1,8.A.59,HTH_18|Response_reg,HTH_18|Response_reg,SBP_bac_1,SBP_bac_1,3.A.1,3.A.1,3.A.1,3.A.1,GH5_35|GH5_35,dCache_1|HTH_18,3.A.1,3.A.1,3.A.1,GH8,CE1,GH11,9.A.25,HTH_18|Response_reg,8.A.59,HTH_18|Response_reg,3.A.1,3.A.1,3.A.1
GH95,HTH_18|AraC_binding,HTH_18|Response_reg,8.A.59,3.A.1,3.A.1,3.A.1,3.A.1,GH3,TetR_N,2.A.1,Sigma70_r4_2|Sigma70_r2,LysR_substrate|HTH_1,2.A.1,3.A.1,3.A.1,HTH_18|Response_reg,dCache_1|HATPase_c,3.A.1,3.A.1,3.A.1
GH51,HTH_5,HTH_18|AraC_binding,GH4,LysR_substrate|HTH_1,2.A.39,2.A.3,HTH_11,Glyoxalase,HxlR,3.A.1,3.A.1,3.A.1,3.A.1,9.B.169,HTH_5,8.A.5,HTH_18|GyrI-like,HTH_18|Response_reg,9.B.33,3.A.1,3.A.1,3.A.1,GH43_24|CBM32,GH43_24
8.A.28,GH16_21,3.A.1,HTH_18|Response_reg,8.A.59,3.A.1,3.A.1,CBM54|GH16_3|CBM4|CBM4|CBM4|CBM4,2.A.40,MerR,2.A.66
2.A.1,GT1,2.A.1,HTH_11,2.A.3,9.A.11,TetR_N,2.A.1,LysR_substrate|HTH_1,2.A.66,3.A.1,3.A.1,3.A.1,8.A.59,HTH_18|Response_reg,2.A.4,GH29,GH42,HTH_18|AraC_binding,GH43_22|GH43_34,HTH_5,Pyr_redox_2|Rhodanese,HTH_5,2.A.45,MerR|GyrI-like,2.A.1
PL11|CE12|CE12,HATPase_c,HTH_18|Response_reg,SBP_bac_1,3.A.1,3.A.1,GH13_31,GH13_31
3.A.1,4.A.1,GH1,CBM22|GH10|CBM9|CBM9
CBM66|CBM66|GH32|CBM66,3.A.1,3.A.1
GH43_35,HTH_18|Response_reg,GH3,HATPase_c,GerE|Response_reg,2.A.6,TetR_N,8.A.59,3.A.1,CBM67|GH78,2.A.2
GH43_1,Peripla_BP_3|GntR,3.A.1,3.A.1,3.A.1,GH43_26,1.E.43,Peripla_BP_2,3.A.1,3.A.1
CE4,CBM50,3.A.1,3.A.1,CBM34|GH13_20,GT5,GH13_9,HATPase_c|HisKA,Trans_reg_C|Response_reg,3.A.1,2.A.1,HTH_5,3.A.7
3.A.24,GT51
GH1,4.A.1,4.A.1,9.B.97,CBM67|GH78,HTH_18|AraC_binding,GH1,4.A.1
1.B.52,8.A.5,HTH_3,GT84
2.A.5,Crp|cNMP_binding,3.A.1,3.A.1,HATPase_c,Trans_reg_C|Response_reg,CBM32|GH53|CBM32,Trans_reg_C|Response_reg,HATPase_c|HisKA,3.A.16
GH1,4.A.1
GT4,CE14,TPR_2|TPR_1,2.A.115,GH5_4,3.D.3,3.D.3,3.D.3
5.A.1,3.A.1,3.A.1,3.A.1,FUR,GH3,HTH_18|Response_reg,8.A.59,3.A.1,3.A.1,SBP_bac_1,1.A.1
2.A.115,SLH,PALP,PL9_1
2.A.103,2.A.19,PTS-HPr,9.B.34,1.B.52,GT51,4.C.1
GT28,2.A.103,9.B.146
2.A.109,2.A.109,GH23
CE4,Sigma70_r4_2|Sigma70_r2,3.A.11
1.I.1,3.A.1,3.A.1,Peripla_BP_2,2.A.1,MarR|AsnC_trans_reg,2.A.3,Sigma70_r4|Sigma70_r2,CE1,2.A.1,CE4,9.B.102,FmdA_AmdA,3.A.1
GH43_16|CBM36|CBM36,GH43_10|CBM22,1.B.52,Aminotran_1_2,3.A.1,3.A.1
4.A.1,3.A.3,2.A.1,PL9_2,9.B.34,2.A.1
1.B.52,PL1_8,HTH_18|AraC_binding,GH42
2.A.40,LysR_substrate|HTH_1,4.A.1,GH1,GH1,GerE,3.A.1,3.A.1,3.A.1
CBM63,2.A.37,2.A.37
GH30_5|CBM13|CBM13,GH43_23|CBM42,GH35,GH30_5,3.A.1,3.A.1,3.A.1
3.A.1,3.A.1,3.A.1,2.A.1,HTH_5,GH32,3.A.1,3.A.1,3.A.1,Peripla_BP_3|LacI,GH10
1.A.26,3.A.1,3.A.1,3.A.1,HTH_18|Response_reg,8.A.59,3.A.1,2.A.76,HTH_18|AraC_binding,GH1
9.A.62,2.A.109,GT4,HTH_11,GH13_14,GH13_14,SBP_bac_1,GH105,SBP_bac_1,3.A.1,3.A.1,dCache_1|HTH_18,4.A.2,HTH_11,4.A.2,8.A.7,PTS-HPr,4.A.1
GH105,GH106,3.A.1,3.A.1,3.A.1
3.A.1,GT4,2.A.1,GT4,GT2,GT2,9.B.18,GT4
3.A.1,3.A.1,3.A.1,3.A.1,3.A.1,3.A.1,GH42,HTH_18|AraC_binding,9.B.10,2.A.1,LysR_substrate|HTH_1,3.A.1,3.A.1,3.A.1,GT2,GT2,GT2,2.A.25,HTH_18|AraC_binding,Aminotran_1_2|GntR,FMN_bind_2,Aminotran_1_2,3.A.1,1.I.1
3.D.10,3.D.10,3.D.10,LysR_substrate|HTH_1,2.A.38,2.A.38,GH38,GH5,GH125,GH38,GH3,3.A.1,3.A.1,SBP_bac_1,HTH_18|Response_reg,9.B.33,GH85,4.C.1
GH53,2.A.7
GH1,GH2,HTH_18,GH3,GH3,GH43_28|CBM32,3.A.1,3.A.1,HTH_18|Response_reg,8.A.59,PadR,2.A.38
GH18,FUR,9.B.20
2.A.1,Rrf2,GT2,GT0
3.D.4,3.D.4,3.D.4,3.D.4,GH1,GH95,3.A.1,3.A.1,3.A.1,3.A.1,3.A.1,GH2,HTH_18|Response_reg,3.A.1,3.A.1,3.A.1,TetR_N,8.A.5,2.A.37
3.A.1,HATPase_c|HisKA,Trans_reg_C|Response_reg,3.A.1,MerR,GH32,3.A.1,3.A.1
CE4,3.A.1
