PL0,2.A.6,2.A.6
3.A.1,NUDIX,GT30,3.A.1,3.A.1
GH103,NUDIX,9.B.174,Peptidase_M23,2.A.102,3.A.11
CE9,SIS,GntR,SIS,SBP_bac_1,3.A.1,3.A.1,3.A.1,2.A.4,GATase_2,Pyr_redox_2,3.D.1
9.B.146,CBS,GH23,2.A.21
2.A.20,NUDIX,GT51
2.A.109,GT4
2.A.80,2.A.80,GH0,1.B.12,1.A.10,HTH_18,2.A.21,3.D.7,3.D.7,3.D.7,3.D.7,3.D.7
3.A.1,3.A.1,3.A.1,3.A.1,AA3_2,3.A.24
2.A.56,2.A.56,2.A.56,GT107|GT107,9.A.41
3.A.2,3.A.2,3.A.2,3.A.2,3.A.2,3.A.9,GH23,GntR,3.A.1,3.A.1,3.A.1,3.A.1,GntR|Aminotran_1_2,2.A.1
1.A.11,GT51,3.A.1,8.A.1
3.A.1,HTH_7,NUDIX,1.B.14,GT30
2.A.66,CbiA,9.B.18,GT4,GT2,GT26,3.A.1
2.A.58,ACT,3.A.1,GH23,Pyr_redox,2.A.1,3.A.1,3.A.1,3.A.1,3.A.1,3.A.1,3.A.1,3.A.1,1.A.43
2.A.7,GH23,2.A.63,2.A.63,2.A.63,2.A.63,2.A.63,2.A.63
3.A.1,GT51,Fer4,2.A.7,GT14,GT2,GT4,GT2,1.A.33,3.D.3,3.D.3,3.D.3
2.A.1,GH23
GH23,3.A.7,PSK_trans_fac,HTH_3,3.A.7,3.A.7
GT8,GAF,2.A.76
GT0,GT4,2.A.1,2.A.1
1.B.7,GT25,GT25
3.A.1,3.A.1,3.A.1,GH23,3.A.9,Aminotran_1_2,3.A.12
2.A.88,3.A.1,3.A.1,Pyr_redox_2,3.A.1,3.A.1,3.A.1,GT4,GT2,GT2
3.A.1,3.A.1,3.A.1,3.A.1,AA3_2,Glyoxalase,8.A.5,4.C.1
9.B.186,3.A.2,3.A.2,3.A.2,3.A.2,1.A.77,HTH_5,CBM50,GH0
9.B.34,GerE|Autoind_bind,Response_reg,2.A.40,CE4
3.D.10,GT35,CBM48|GH13_9,GT5,CBM48|GH13_11,GH77
3.A.1,3.A.1,3.A.1,3.A.1,3.A.1,3.A.1,3.A.1,Peripla_BP_2,1.B.14,2.A.47,Aminotran_1_2,2.A.28,1.B.14,2.A.98,HTH_1|LysR_substrate,2.A.23,HTH_1|LysR_substrate,3.A.18,2.A.23,HTH_1|LysR_substrate,GH108,1.E.54,9.B.14,NUDIX,9.B.34
2.A.63,2.A.63,2.A.63,2.A.63,2.A.63,4.C.1,CE2,2.A.86
GT4,3.A.1,3.A.1,3.A.1,3.A.1
3.A.1,3.A.1,3.A.3,Fer4,3.D.4,3.D.4,3.D.4,cNMP_binding|Crp,2.A.4,3.A.1,GT14
GH3,1.I.1
AA3_2,TetR_N,3.A.1,3.A.1,3.A.1,2.A.75
3.D.4,3.D.4,3.A.11,Trans_reg_C|Response_reg,3.A.1,3.A.1,3.A.1,8.A.1,3.A.1,GerE,3.A.1,3.A.1,3.A.1,3.A.1,GT19
2.A.7,TetR_N,SBP_bac_3,3.A.1,3.A.1,1.B.33,CE11
GT28,2.A.103,2.A.109
