2.A.38,2.A.38,CBM50,1.B.39
GT9,9.B.34,Aminotran_1_2,Rhodanese,9.B.104
2.A.21,3.A.7,GH147,GH2,1.B.14
GH2,Response_reg|Trans_reg_C,2.A.21,GT5
2.A.6,2.A.6,2.A.4,GT83,GT2,Response_reg|Trans_reg_C,2.A.6,2.A.6
2.A.1,GH37
GT4,GT9,GT30,1.B.52,ACT,GH103,GT51,HTH_18,1.A.11,8.A.59,TetR_N,2.A.6
1.B.22,3.A.11,GT51
2.A.35,GH3,SIS,2.A.115,Glyoxalase,1.B.3
1.B.33,GT19,9.B.34,2.A.37,GH23
GT0,Aminotran_1_2,9.B.18,3.A.23,2.A.21,3.A.23,3.A.6,3.A.6,3.A.6,3.A.6,3.A.6,1.A.104,3.A.5
3.A.7,3.A.7,FlhC,FlhD,GH23
3.A.7,3.A.7,FlhC,FlhD,GH23
1.A.16,AAA,GT35,GGDEF|EAL,2.A.23,2.A.2
9.B.34,GGDEF|EAL,2.A.6,2.A.6,2.A.37,2.A.37,HxlR,9.B.34,9.B.43,9.B.35,9.B.35,TetR_N,CE4,2.A.40,Response_reg,9.B.34,Response_reg|HATPase_c|HisKA,2.A.40,AraC_binding,2.A.102,3.A.9
9.B.97,9.B.18,GT26
GH3,3.A.1,Pribosyltran,2.A.21
GT0|GT2|GT4,2.A.1
3.D.10,3.D.10,1.B.14,1.B.14,CBM41|GH13_13,GH13_38,GH13,2.A.2,GH13_2,Peripla_BP_3|LacI,8.A.21
GH73,2.A.76,Rhodanese,4.F.1
GT81,GH13_18,2.A.66
2.A.25,CBM48|GH13_11,CBM48|GH13_9,GH77
1.B.52,LysR_substrate|HTH_1,9.B.34,Nitroreductase,8.A.59,2.A.21,2.A.47,3.A.1,1.A.23,GH23|CBM50
2.A.34,5.A.2,GH103,4.C.1
GH13,1.B.14
GT4,GT4,GT4,SIS,GT4,9.B.18,8.A.3,9.B.42
AA3_2,1.B.71
CE9,LysR_substrate|HTH_1,2.A.14
3.A.15,3.A.15,NUDIX,3.A.5,1.A.34,CE11,GT28,2.A.103,9.B.146
GT4,SIS,2.A.1,2.A.7,Response_reg|GerE,1.B.14
CBM50,2.A.1,1.B.19
1.I.1,9.B.34,PfkB,PL6|PL6_1,GntR,1.A.23,AA2,LysR_substrate|HTH_1,1.B.14,Aminotran_1_2,Response_reg,CheC,2.A.21,4.C.1
GH8,GT2|GT2,8.A.51
1.B.14,GH37,2.A.8,SKI,Peripla_BP_3|LacI,3.D.5,3.D.5,3.D.5,3.D.5,3.D.5,3.D.5,3.D.5
1.C.82,3.A.5,3.A.1,1.I.1,8.A.5,Glyoxalase,1.A.23,2.A.1,GH13_4
3.A.1,3.A.1,PAS|MCPsignal,2.A.21,MCPsignal,2.A.4,GH16_3,1.B.14,2.A.35,GH3,2.A.1,GH1,Peripla_BP_3|LacI,2.A.1,3.A.1,3.A.1,3.D.4,3.D.4,3.A.23
GH73,CBM9,1.A.1,Response_reg|Trans_reg_C,HATPase_c|HisKA,GH31,1.B.22,3.A.15,3.A.15,3.A.15,3.A.15,3.A.15,3.A.15
GT2,3.A.1
1.A.13,AA3_2,4.C.1
