GH23,2.A.38,2.A.38,CBM50
1.B.6,Aminotran_1_2,GH97,1.B.52,1.A.23,SBP_bac_3,9.B.153,3.A.1,1.B.14,CBM41|GH13_13,Rhodanese,HTH_5,2.A.6,Nitroreductase,3.A.1,3.A.1,3.A.1,8.A.5,1.B.71
GH109,9.B.126
9.B.146,2.A.103,GT28,CE11
3.A.1,3.A.1,GT25,Rhodanese,1.B.14,1.B.52
3.A.5,3.A.1,3.A.1,Sigma70_r4|Sigma70_r2,PfkB,GH23,GT30,1.B.73,SIS,PfkB,GT9,Aminotran_1_2,Rhodanese,9.B.104
CBM50,Sigma70_r4|Sigma70_r2|Sigma70_r3,1.B.14,4.C.1,Response_reg|GerE,ACT,9.B.110,2.A.21,2.A.21
1.B.1,Response_reg|Trans_reg_C,HATPase_c|HisKA,GT2
1.B.14,3.B.1,3.B.1,CBM50
3.A.1,3.A.1,3.D.4,3.D.4,GT19,9.B.34,2.A.37
GH13,1.B.14
1.I.1,CE9,NUDIX,Aminotran_1_2,3.A.1
3.A.1,GH16_3,1.B.14
2.A.23,3.A.7,GH13_23,GH13_36,GH13_38,2.A.2,GH15
2.A.66,1.B.14,GH1,2.A.2,LacI|Peripla_BP_3,MerR,2.A.76,Response_reg|LytTR,8.A.59,GH3,GH16_21,1.B.14
3.A.7,TetR_N,PL1_2,CE8|PL1_5,2.C.1,2.C.1,1.A.30,1.A.30,AAA,3.A.1,3.A.1,9.B.34
GH23,2.A.121
1.B.14,GntR,2.A.34,3.A.5,9.B.14,9.A.40,GH23,1.B.52,3.A.9,1.B.33,3.A.15,9.A.21
3.A.23,CbiA,GT2,4.D.3,GH8,1.B.55,2.A.17
CBM13|PL1,GGDEF|CHASE4,HTH_18,GH43_26,1.B.14,2.A.58,2.A.59
2.A.6,8.A.1,2.A.122,CBM13|GH43_5
2.A.1,HTH_3,2.A.6,2.A.6,MHYT|GGDEF|PAS,SBP_bac_3,2.A.49,Aminotran_1_2,1.B.14,GT51,1.A.11
8.A.51,MCPsignal|dCache_2,2.A.114,8.A.5,1.B.14,GH16_3,GH3,2.A.1,GH1,2.A.2,LacI|Peripla_BP_3,HATPase_c|Response_reg|HisKA,Response_reg,HATPase_c|HisKA|CHASE3,HisKA,3.A.23
AA2,9.B.34,1.I.1
1.B.22,3.A.11,GT51,MetJ,3.A.11,AAA,1.B.52,GT1
8.A.3,1.B.18,GT2,9.B.18,GT0,9.B.18
1.B.75,1.A.23,2.A.1,GH20,9.A.41
CBM50,5.A.1
CBM73,2.A.6
2.A.21,GH43_26,GH43_5,GH146,2.A.2,GH43_29,GH43_4,GH43_26
9.B.169,1.B.14,1.I.1,SIS,DeoRC|HTH_DeoR,GH23|CBM50,3.A.2,3.A.2,3.A.2,3.A.2,3.A.2,3.A.2,3.A.2
GH3,9.B.34
2.A.46,cNMP_binding,Response_reg,2.A.21,1.B.14,2.A.37,GH18,AA10|CBM5,GH18,SBP_bac_3,2.A.107,Pyr_redox_2,2.A.16,2.A.38,HisKA,Response_reg|Trans_reg_C,9.B.34
2.A.1,GH37,2.A.1,GH13_18,LacI|Peripla_BP_3,9.B.143
1.B.14,Trans_reg_C,1.B.14,2.A.79,GT0|GT2|GT4,LacI|Peripla_BP_3,1.B.14,2.A.76,HTH_1|LysR_substrate,1.B.14,CE8,PfkB,2.A.56,2.A.56,2.A.56,LacI|Peripla_BP_3,GH43_10,GH105,GH105,GH28,1.B.14,CE12,1.B.14,2.A.7,4.C.1
2.A.40,GT81,GH13_18
GT2,2.A.6
GH77,CBM48|GH13_9,CBM48|GH13_11,GT35,GT5,EAL,9.B.169,Peripla_BP_1,3.A.1,3.A.1,2.A.6,2.A.6,HTH_1|LysR_substrate,1.C.113
9.B.34,GT25
4.C.1,2.A.1,HTH_18,1.B.14,CbiA,GH103,HTH_11,1.B.14
