3.A.1,3.A.1,HTH_3,3.B.1,LysR_substrate|HTH_1,SIS|HTH_6,9.B.34,2.A.37,PfkB,9.B.10,CBM50,3.A.1,3.A.1,3.A.1
2.A.1,AA7
3.A.1,3.A.1,3.A.1,3.A.1,3.A.1,LysR_substrate|HTH_1,2.A.1,8.A.1,3.A.1,Sigma70_r2|Sigma70_r4_2,FecR,1.B.14,GT83,MarR,8.A.1,2.A.6,1.B.55,CE4|GH153,GT2,1.B.20,1.C.75
9.B.34,9.B.34,3.A.1,3.A.1,3.A.1,3.A.1,1.A.1,9.B.35,Response_reg,HTH_18,3.A.1,3.A.1,3.A.1,LysR_substrate|HTH_1,LysR_substrate|HTH_1,1.B.14,2.A.1,LysR_substrate|HTH_1,1.A.30,1.A.30,3.A.23,3.A.1,3.A.1,3.A.1,3.A.1,3.A.1,2.A.6,2.A.6,2.A.6,GH129,3.A.1,3.A.1,3.A.1,3.A.1,3.A.1,3.A.1,PALP,2.A.15,8.A.5,3.A.1,3.A.1,3.A.1
2.A.39,3.A.1,3.A.1,3.A.1,2.A.3,3.A.1,GT2,3.A.1,3.A.1,3.A.1,3.A.1,1.B.52,1.B.52,2.A.64
3.A.11,GT51,3.A.11,1.B.22
2.A.6,GT2
1.A.23,2.A.36,MCPsignal,2.A.21,3.A.23,9.B.34,GT9,GT9,GT4,1.B.14,PIG-L,GT4,GT2,3.A.1,PfkB,8.A.5,2.A.7,LysR_substrate|HTH_1,GT30,2.A.6
1.A.30,1.A.30,1.A.62,Fer4,CBM50
1.B.52,9.B.34,NUDIX,2.A.66,GT51,2.A.21
9.B.146,2.A.103,GT28,CE11,9.B.34,1.B.25,HATPase_c|HisKA,Trans_reg_C|Response_reg,2.A.6,2.A.6,3.A.1,CheW|Response_reg,LysR_substrate|HTH_1,1.B.17,2.A.85,8.A.48,8.A.1,2.A.1
2.A.50,PL5_1,1.B.13,GT2,1.B.12,1.I.1,3.A.1,3.A.1,3.A.1,3.A.1,2.A.1,1.B.11
GT0,2.A.3
GH19,1.M.1
GT2,2.A.36
1.B.33,GT19
GH50,2.A.33
2.A.1,3.A.9,HTH_IclR,GH3,1.B.14
2.A.66,3.A.1,GH23,3.A.1,3.A.7,LexA_DNA_bind,TetR_N,GH3
GT2,GT4,GT4,9.B.146,9.B.18,3.A.11,GntR,2.A.3,3.A.3,3.A.3,3.A.3
GH23,3.A.1,Fez1,3.A.1,3.A.1
GT104,MarR,LysR_substrate|HTH_1,2.A.102
GH17,3.A.1,9.B.136,2.A.21,Citrate_synt,3.D.10,3.D.10,Pyr_redox_2,2.A.26
2.A.7,1.B.14,2.A.66,GT4,GT4,GH39,GT4,GT2,9.B.18,1.B.14
GH15,Sigma70_r2|Sigma70_r4_2,FecR,1.B.14,2.A.1,3.A.23,2.A.39
3.A.7,2.A.1,AA3_2,LysR_substrate|HTH_1,HTH_3,2.A.1,PAS|GerE,GH23,HTH_5,3.A.3,9.B.20
2.A.21,GH63
4.C.1,GH0
1.B.14,LysR_substrate|HTH_1,1.B.52,1.B.14,1.B.12,PIG-L,GT2,PIG-L,CBM48|GH13_11,GH13_26,GH77,GH13_10,GT5,9.B.27
2.A.3,HTH_18,GH13_33
GT83,2.A.7,GT83,GT2,2.A.1
2.A.21,CBM48|GH13_9,GH13_16,GH13_3,9.B.20,Fer4,GntR|Aminotran_1_2,9.B.34,2.A.6,2.A.6,2.A.6,2.A.6,GT0|GT2|GT4,HTH_18,3.A.1,3.A.1,3.A.1,3.A.1
GH23,3.A.1,3.A.1,3.A.1,3.A.1,3.A.1,HTH_18|AraC_binding,2.A.76,4.A.3,9.B.106,SpoIIE,3.A.23,3.A.23,3.A.23,FHA,3.A.23,3.A.23,3.A.23,3.A.23
3.A.1,GT83,GT83,LysR_substrate|HTH_1,2.A.7,GerE,2.A.6
2.A.3,GntR,2.A.1,GH18,AA10
2.A.11,LysR_substrate|HTH_1,2.A.40,9.B.35,CE4,9.B.43,2.A.40,1.B.10
GH73,3.A.23,Aminotran_1_2,HTH_18,2.A.7,MarR,2.A.16,2.A.21
2.A.46,9.B.34,GH23,Trans_reg_C,1.B.22,3.A.1,ANTAR|Response_reg,2.A.1,9.B.106,NIR_SIR_ferr|Pyr_redox_2|NIR_SIR,3.D.1,1.B.6,Sigma70_r2|Sigma70_r4,1.A.35,4.A.2,GntR|Aminotran_1_2,2.A.7,3.A.25
1.B.25,1.A.23,2.A.21,NUDIX,3.A.5,dCache_1|MCPsignal,GT4
CE9,SIS,4.A.1,4.A.1,GH23,4.A.1,1.B.3,GH13_29,4.A.1
2.A.121,GT4
GT51,3.A.1,3.A.1,3.A.1
GH103,GH0,GH103,2.A.103
3.A.1,3.A.1,3.A.1,2.A.15,TetR_N,AA3_2,2.A.1,1.I.1,Pyr_redox_2,2.A.85,SBP_bac_3,9.B.34,PL7_1
GH102,2.A.36,1.A.16
GT51,Sigma70_r2|Sigma70_r4,3.A.1,3.A.1,3.A.5
