3.A.1,3.A.1,2.A.1,HTH_18|AraC_binding,PSK_trans_fac,3.A.1,GH127,3.A.1,3.A.1,3.A.1
GH4,3.A.1,3.A.1,3.A.1,3.A.1,GH4,HTH_18|AraC_binding,LacI|Peripla_BP_3,PSK_trans_fac,3.A.1,3.A.1,3.A.1,GH2,3.A.1
2.A.1,GH13_16,3.A.23,Pyr_redox_2,GntR,GntR,3.A.1,3.A.1,3.A.1,3.A.1,GH0,GT4
3.A.1,3.A.1,3.A.1,3.A.1,GH33
1.C.27,TetR_N,HTH_18,GH26|GT2,GH26
AA3_2,8.A.5,Sigma70_r4_2,3.A.1,3.A.1,3.A.1,3.A.1,3.A.1
GH154,LacI|Peripla_BP_3,3.A.1
GT92,GT73,GT83,CBS|SIS,9.B.97,3.A.1
3.A.1,3.A.1,GT107
GT2,GT8,8.A.3,9.B.18,1.B.18,GT0,GT4,GT4,GT4
3.A.7,GH25,LysR_substrate|HTH_1,3.A.1,3.A.1
GT4,GT4,9.B.18,PL1_2,GT4,1.B.18,PIG-L,Aminotran_1_2,GT4,1.A.23,GT4
3.A.1,3.A.1,3.A.1,3.A.1,GT1,GT4,GT1,3.A.1,cNMP_binding,LacI|Peripla_BP_3,SBP_bac_1,3.A.1,3.A.1,3.A.1,Pribosyltran,2.A.40,CE4,9.B.35
9.B.43,GT51
9.B.97,GT2,GT2,3.A.1,3.A.1,3.A.1,3.A.1,3.A.1,3.A.23,HATPase_c|HisKA|dCache_1,Glyoxalase,3.A.1,3.A.1,3.A.1,3.A.1
3.A.1,GT4,GT4,GT27,8.A.1,3.A.1,MarR,GT4,GT4
3.A.1,HATPase_c,2.A.1,HTH_5,HMA,3.A.3,MerR,9.B.27,GT4,3.A.1,3.A.1,3.A.1,3.A.1,GntR,3.A.1,3.A.1,3.A.1,3.A.1
3.A.1,3.A.1,3.A.1,3.A.1,GH51,9.B.149,9.B.174,3.A.1,Peripla_BP_1,GH16_5,PAS|GAF,HTH_3,3.A.1,3.A.1,9.B.97,1.B.18,9.B.18,GT2,GT2,2.A.66,GH16_21,GT0,GT2,GT2,GT2,8.A.3,PfkB,GH42,LacI|Peripla_BP_1,GH63,3.A.1,3.A.1,3.A.1,3.A.1,Peptidase_M23,3.A.1,3.A.1,LacI|Peripla_BP_3,2.A.56,2.A.56,5.A.3,NUDIX,8.A.21,8.A.21
9.B.35,CE4,Pyr_redox_2,1.I.1
3.A.1,3.A.1,3.A.1,3.A.1,PfkB,GH4,GntR,3.A.1,3.A.1,2.A.109
2.A.6,2.A.6,GH148,GT2,GT4,GT4
2.A.1,Trans_reg_C,GT5,3.A.1,Guanylate_cyc,3.A.1,3.A.1,3.A.1,LysR_substrate|HTH_1,LacI|Peripla_BP_3,3.A.1,3.A.1,3.A.1,HATPase_c|HisKA,Trans_reg_C|Response_reg,SBP_bac_1,2.A.80,2.A.80,8.A.59,GT2
3.A.1,3.A.1,3.A.1,3.A.1,3.A.1,3.A.1,3.A.1,GH13_26
2.A.6,LysR_substrate|HTH_1,CE4,GT2,3.A.1,3.A.1
GT20,2.A.1,TetR_N,GntR,Peripla_BP_1,3.A.1,3.A.1
2.A.1,3.A.3,3.A.3,3.A.3,HATPase_c|HisKA,Trans_reg_C|Response_reg,1.A.1,3.A.1,3.A.1,3.A.1,SBP_bac_1,HTH_5,9.B.34,GT51
CE1,HxlR,2.A.1
2.A.47,2.A.33,GT51
GH16_5,Guanylate_cyc|TPR_1,1.A.23,3.A.7,3.A.7,CheB_methylest,HATPase_c|Response_reg|CheW,1.B.52,CheW,CheR,GerE|Response_reg,9.B.34,3.D.1,3.D.1,3.D.1,2.A.63,3.D.1,3.D.1,3.D.1,3.D.1,3.D.1,3.D.1,3.D.1,3.D.1,3.D.1,CBS,3.D.1,3.D.1,3.A.1,3.A.1,3.A.1
2.A.1,GntR,3.A.1,3.A.1,3.A.1,3.A.1,Glyoxalase,TetR_N,Peripla_BP_3,3.A.1,3.A.1,3.A.1,AA3_2
CBM50,2.A.64,3.A.1,GH3
1.B.17,1.A.30,1.A.30,Citrate_synt,GT19,1.B.33
GT4,9.B.18,GT4
3.A.1,CBM50,2.A.7
GH23,1.B.70,PAX,PAX,1.B.70
GT2,GT83,HxlR,3.A.1
9.B.36,TetR_N,AA3_2
1.C.109,1.B.52,GH25
GT30,2.A.37
3.A.1,GH13_23,3.A.1,3.A.1,3.A.1
GH23,1.A.30,3.A.6
2.A.1,GH103
2.A.69,LysR_substrate|HTH_1,2.A.1,1.B.14,2.A.1,HTH_18,3.A.1,2.A.121,3.A.9,9.B.158,CE9,SIS,GntR,SIS,SBP_bac_1,3.A.1,3.A.1,3.A.1,2.A.6,2.A.6,TetR_N,3.A.25,2.A.20,1.A.33,GT51,2.A.1
4.C.1,4.C.1,2.A.1,PfkB,2.A.53,GH103,SpoVT_AbrB,2.A.1
3.A.7,3.A.7,3.A.7,3.A.7,AA3_2
GT84|GH94,3.A.1,3.B.1,3.A.1,3.A.1,3.A.1,HTH_DeoR|DeoRC,2.A.1,Aminotran_1_2,GT51
AA3_2,3.A.1,3.A.1,3.A.1,3.A.1,LysR_substrate|HTH_1,Sigma70_r4,3.A.1,3.A.1,3.A.1,3.A.1,3.A.1,3.A.1,3.A.1,3.A.1
2.A.109,HTH_18|GyrI-like,TetR_N,2.A.1,2.A.1,1.C.12,LacI|Peripla_BP_1,GH1,3.A.1,3.A.1,3.A.1
GH13_11,GT5,CBM48|GH13_9,GT35,8.A.5
3.A.1,3.A.1,3.A.1,3.A.1,GerE|Autoind_bind,2.A.28,GATase_2,Pyr_redox_2,GH103,1.B.66,8.A.21,CBM50,9.B.34,3.A.23
GT8,1.A.30,1.A.30,2.C.1,2.C.1,3.A.16,1.B.6,ACT,2.A.7
2.A.7,3.A.1,3.A.1,3.A.1,3.A.1,3.A.1,PfkB,GH13_23,HTH_5,3.A.1,3.A.1,3.A.1
2.A.16,Aminotran_1_2,Sigma70_r3|Sigma70_r2|Sigma70_r4,GH23,3.A.5
GH144,9.B.15
3.A.1,HTH_5,2.A.7,GH103,GH25,GH23,2.A.76,GH23
9.B.146,2.A.103,GT28,2.A.1,1.A.8,CE11,1.B.33
GT2,3.A.1,3.A.1,1.B.14
GT2,GH104,2.A.47,1.A.23,2.A.109
2.A.25,LacI|Peripla_BP_1,3.A.1,3.A.1,3.A.1,3.A.1,GH2,8.A.5,2.A.56,2.A.56,2.A.56,GH43_11,3.A.1,3.A.1,3.A.1
GH23,2.A.95
