3.A.7,GH23
3.A.1,3.A.1,3.A.1,3.A.1,3.A.1,CbiA,GT2,4.D.3,1.B.55,GH8,1.B.55,4.D.3,GT2
2.A.23,PfkB,EAL,9.B.121,1.I.1,3.A.6,9.B.146,GT0,Aminotran_1_2,2.A.66,GT56,9.B.128,GT26
1.B.14,ACT,1.A.8,2.A.28,2.A.95,CBM48|GH13_9,CBM48|GH13_11,GT5,GT35,2.A.88,3.A.3,3.A.5,3.A.1,3.A.1,Sigma70_r2|Sigma70_r4,3.A.1,3.A.1,3.A.1,3.A.1,3.A.1,3.A.1,3.A.1,3.A.1,3.A.1,2.A.68,LacI|Peripla_BP_1,SKI,2.A.8,2.A.58,3.A.1
3.A.1,SBP_bac_1,3.A.1,3.A.1,GH28,GH33,3.A.23,3.A.1,GT8,GT2,1.B.52
9.B.13,9.B.160,1.A.12,GATase_2,Response_reg|HisKA|PAS|HATPase_c,GT51,PTS-HPr,1.B.42,1.B.42,1.B.42,CBS|SIS,2.A.19,3.A.1,3.A.1,3.A.1,3.A.1,3.A.1
4.B.1,3.A.1,HTH_DeoR|DeoRC,PfkB,2.A.1,3.A.1,3.A.1,3.A.1,3.A.1,3.A.1,GntR,3.A.9,GH23
9.B.146,2.A.103,GT28,CE11,3.A.5
3.A.15,3.A.15,9.B.125,GH43_26,2.A.2,2.A.3
GT51,1.B.14,3.A.1,3.A.1,3.A.1,3.A.1,HD,Diacid_rec,PL38
1.B.33,GT19
3.A.1,3.A.1,3.A.1,HTH_1|LysR_substrate,GH23,2.A.39,GntR,CE4
1.B.12,3.A.1,3.A.1,SBP_bac_1,Response_reg,PAS|HATPase_c,GT2,GT2,2.A.42,1.B.52,Response_reg|CheW,3.A.18,HTH_1|LysR_substrate,2.A.1
9.B.2,CHASE4|GGDEF|EAL|PAS,2.A.1,GH2,2.A.21,CE9
CE9,4.A.1
1.A.14,4.D.2,9.B.15,1.I.1,2.A.1,2.A.20,GH15,9.B.27,9.B.29,1.A.23,GH3,1.B.52,NUDIX,2.A.1,3.A.1,3.A.1,3.A.1,3.A.1,MerR,HTH_3,HTH_1|LysR_substrate,3.A.1,3.A.1,3.A.1
1.B.1,3.A.1,3.A.1,3.A.1,GT2,3.A.1
1.A.14,AA6,2.A.7,2.A.40
GT2,2.A.6,1.B.14,GH1,GT2
4.A.1,GH105,2.A.2,GH3,Pyr_redox_2,3.A.1,3.A.1,3.A.1,3.A.1,3.A.1,3.A.1,3.A.1
GT2,1.A.23
GH23,Sigma70_r4,3.A.1,3.A.1,3.A.1,1.E.43,1.B.14,GH37
GT20,FlhD,FlhC,1.A.30,1.A.30,H-kinase_dim|CheY-binding|CheW|HATPase_c,CheW,MCPsignal,1.B.52,1.B.52
2.A.1,GH31
GT101,SBP_bac_3,2.A.6,2.A.6,2.A.6,TetR_N,TetR_N,GntR,4.A.1,TetR_N,2.A.1,Sigma70_r4,3.A.1,Rhodanese,PALP,3.A.1,3.A.1,3.A.1,GntR,3.A.1,3.A.1,3.A.1,3.A.1
2.A.1,CBM50,3.A.1,3.A.1,3.A.1
3.A.6,3.A.6,3.A.6,3.A.6,3.A.6,3.A.6,3.A.6,3.A.6,GerE,MCPsignal,9.B.12,GT81
3.A.1,3.A.1,3.A.1,3.A.1,3.A.1,3.A.1,TetR_N,GT8,2.A.85,2.A.8,HTH_DeoR|DeoRC,2.A.3
3.A.1,GT2,GT4,GT2,Pyr_redox_2,GT111|GT8,3.A.1,3.A.1,2.A.66,GT4,GT4,GT2,GT2,8.A.3,1.B.18,9.B.18,2.A.109,9.B.22,9.B.34,1.B.19,8.A.5,8.A.1,2.A.6,2.A.6,SpoVT_AbrB,2.A.1
2.A.1,GntR,PfkB,1.B.25,GH20,2.A.1,GerE|Response_reg,1.B.11
2.A.113,2.A.1,Aminotran_1_2,3.A.23,HisKA|HATPase_c,GH23
GH103,2.A.1,Sigma70_r2|Sigma70_r4|Sigma70_r3,CBM50
GH102,3.A.7
3.A.1,3.A.1,GT4,9.A.41,GT107|GT107,1.B.18,8.A.4,3.A.1,3.A.1,3.A.1,EAL,2.A.1
GH23,3.A.1,3.A.1,3.A.1
3.D.4,HxlR,GH37
GT2,3.A.6,3.A.6,3.A.23,3.A.6,3.A.6,3.A.6,3.A.6,3.A.6,1.A.104,GntR|Aminotran_1_2,GGDEF|MHYT|EAL,9.B.34,1.B.11,2.A.1,1.A.30,1.A.30,9.B.27,HTH_18,1.B.76,HTH_11|Mga,4.A.2,4.A.2,4.A.2
CBM50,2.A.25,1.A.23
1.B.22,GT51
GH13_18,Pribosyltran,GH77,GT35,HTH_DeoR|DeoRC,9.B.104
1.A.34,GT9,GT73,GT9,GT9,Aminotran_1_2,GT4,GT9,GT2,GT9,GT4,GT30,GT2
2.A.1,AA3_2
2.A.1,GH13_10,GH13_26,CBM48|GH13_11,1.B.12,1.B.52
GH1,4.A.1,9.B.143,2.A.1,1.B.52,9.B.35,HTH_18,2.A.1
GT35,GH77,1.B.3,3.A.1,3.A.1,3.A.1,3.A.1,3.A.1,3.A.1,3.A.1
GT1,GT20,GT32,2.A.1,1.B.33,GT9,3.A.1,PfkB,3.A.1,3.A.1,SBP_bac_1,Glyoxalase,2.A.76
3.A.1,3.A.1,3.A.1,3.A.1,2.A.1,4.C.1,1.B.14,4.A.3,4.A.3,GH1,4.A.3
3.A.1,3.A.1,HTH_1|LysR_substrate,Sigma70_r2|Sigma70_r4,5.A.1,SpoVT_AbrB,TetR_N,2.A.1,1.B.14,4.A.1,SIS|HTH_6,3.A.1,3.A.1,3.A.1,HTH_1|LysR_substrate,2.A.1,SIS|HTH_6,4.A.1,GH1,3.A.5,Peripla_BP_1,9.B.72
2.A.7,HTH_1|LysR_substrate,AraC_binding|HTH_18,3.A.1,TetR_N,2.A.7,HTH_1|LysR_substrate,2.A.39,AA3_2,TetR_N,2.A.15,1.B.6,GGDEF,2.A.85,GH1,4.A.1,LacI|Peripla_BP_3,3.A.1
GT84|GH94,2.A.49
4.A.3,4.A.3,GH4,4.A.3
2.A.42,2.A.1,1.B.12,2.A.7,2.A.7,GT83,GT2
