GT83|GT83,HEM4,3.A.1,3.A.1,9.B.106
9.B.106,GT51,9.A.15
9.B.153,CE1
CBM9,CbiA,9.B.125
3.A.1,NUDIX,FHA,CBM50
3.A.1,3.A.1,3.A.1,GT51,HTH_5,3.A.9,3.A.9,5.B.3
GH13_16,Pkinase,3.A.15
1.A.105,GT20,PL9_4,LacI|Peripla_BP_3,1.A.26
GH31,1.B.17,9.B.62
3.D.1,3.D.1,3.D.1,3.D.1,3.D.1,3.D.1,3.D.1,HisKA|PAS|GAF|Response_reg|HATPase_c,GH15
PL1_2,9.B.106,3.E.1
3.A.1,3.A.1,GH5_19
2.A.95,PAS,HTH_18,8.A.43,2.A.1,Pyr_redox_2,CBM2|GH10
CE15,CBM13|CBM13|GH152,GH0,8.A.5,GH15
9.B.18,GT4
GH12,CBM2,NUDIX,3.A.1,2.A.1
GH53,PL9_1,3.A.23
3.A.10,GH30_5
GH31,3.A.1,3.A.1,3.A.1,3.A.1
3.A.1,PL1,CE8,CBM67|PL1,Sigma70_r2|Sigma70_r4_2,FecR,3.A.1,3.A.1,3.A.1
3.A.3,3.A.3,3.A.3,HisKA|HATPase_c,Response_reg|Trans_reg_C,GH43_15|CBM6
2.A.1,GH18,CBM2
GH5_2,3.A.23
2.A.1,GH43_5,Sigma70_r2|Sigma70_r4_2,CE12,CBM2|PL11,1.A.26,8.A.59,FecR,Pkinase,CBM13,CBM13|CE1,AraC_binding|HTH_18,GT2,9.B.2
CBM13,Sigma70_r2|Sigma70_r4_2,1.A.87
GH23,AraC_binding,Pkinase,Pkinase,9.B.106
GH57,2.A.6,2.A.6
9.B.146,2.A.103,GT28
9.B.106,GT1,CE1,2.A.1
3.A.3,GH65
1.A.8,3.A.1,GH43_29|CBM6,CBM13|GH10,CBM13|GH62,PAS|STAS,LacI|Peripla_BP_3,GH43_16|CBM6,3.A.1,3.A.1,3.A.1,3.A.1
CBM4|GH9,9.B.140
3.A.1,8.A.5,SBP_bac_1,3.A.1,3.A.1,GH31,GH3|CBM6
2.A.7,CE15,Sigma70_r2|Sigma70_r4_2,3.A.23
1.A.11,HTH_5,GH77,CBM48|GH13_11,3.A.1,4.C.1
2.A.16,GH13_26,GH13_10,2.A.21
GH133,FHA,3.A.3
GT51,3.B.1
GH3,8.A.5
GH18,4.A.1,4.A.1,CE9,SIS,GH20
GH15,CBM13,PAS|STAS,9.B.106,9.B.15
1.I.1,Fer4,HEAT_PBS,SBP_bac_3,3.A.1,3.A.1,GAF|PAS|HisKA|HATPase_c,3.A.16,9.B.106,GH5_17
2.A.1,CE1,2.A.6
GT89,Pyr_redox_2,3.A.23
CE6,9.B.15,TetR_N,4.C.1,4.C.1,4.C.1,1.B.14,2.A.38
PL11_1,CBS,3.D.1,GT20,9.B.145,2.A.33
GH16_21,Pkinase,GAF|PAS|HisKA|HATPase_c,GH16,GH5_53,HTH_18,8.A.5,GH10
3.A.1,3.A.1,PAS|STAS,HTH_18,2.A.1,3.A.23,9.B.106,2.A.56,2.A.56,2.A.1,PfkB,AraC_binding,PL10_2,3.A.23,HD,PL3_5,PL1_2,Response_reg,Response_reg|CheB_methylest,HATPase_c|Response_reg|CheW,1.B.52,CheW,CheR|TPR_2,CheW,SBP_bac_3,2.A.16,9.B.153,HisKA|PAS|HATPase_c,2.A.20
3.A.1,3.A.1,GH31,LysR_substrate|HTH_1,GH43_8,GH1,3.A.1,3.A.1,3.A.1,3.A.1
1.I.1,AA3,Pkinase,Pyr_redox_2,3.D.1,Sigma70_ECF,1.I.1,GH44,GH10
GT4,9.B.18
1.I.1,GH23,MarR,4.F.1
3.A.23,1.A.33,2.A.69,Response_reg|STAS,9.B.106,CBM13,2.A.6,2.A.6,2.A.6
8.A.59,2.A.1,HTH_DeoR|DeoRC,9.B.106,Pkinase,3.A.23,2.A.77,3.A.3,GH43_24|CBM13
2.A.21,HisKA|Response_reg|HATPase_c,GH15|CBM20,3.A.1,3.A.1,3.A.1,GAF|STAS|Pkinase,3.A.1,3.A.1,3.A.1,3.A.1
3.A.23,GH114,LysR_substrate|HTH_1,9.B.106,9.B.106,1.A.23,GH115|GH115
CBM2,HTH_18,TetR_N,2.A.1
2.A.1,PAS|STAS,4.C.1,GerE,CE1,2.A.6,2.A.6,2.A.1
2.A.49,GH0
GT4,GT4,1.A.23,3.A.15,1.A.30,1.A.30,1.A.30,1.B.14
3.A.9,9.A.40,GH3,3.A.15,GH1,3.A.1,3.A.1,3.A.1,3.A.1,3.A.1
2.A.66,CBM13
GT35,3.A.9
3.A.23,Response_reg,HATPase_c,GT51
CBM48|GH13_9,2.A.21
2.A.1,CBM32,1.A.4
GH52,PL1_5,3.A.1,3.A.1,3.A.1,STAS,GH26,8.A.5,HTH_18,3.A.1,3.A.1
CBM13,2.A.21
GT4,SIS,9.B.18
GH1,GH2,GT4,3.A.23,3.A.23,3.A.23
3.A.23,GH23
3.A.23,GH43_12
3.A.23,GH13
3.A.23,2.A.21,2.A.53,Sigma70_r2|Sigma70_r4_2,CBM3
CBM2,PAS|STAS,1.A.23
2.A.45,HTH_5,1.A.12,9.B.186,3.A.18,GH9
GH10,LysR_substrate|HTH_1,8.A.5
GH8,Sigma70_r2|Sigma70_r4_2,3.A.1
2.A.17,GH5_17,CE2,GT4,Fer4,5.A.3
3.A.1,3.A.23,GT2
2.A.7,PL1_2,9.B.106,2.A.1,3.A.1,3.A.1
CBM4,GH5_7,3.A.1,2.A.21
GH94,9.B.153
CE3,3.A.23
3.A.1,3.A.1,GT4|GT4,4.C.1
3.A.23,CBM2|GH11,GH11,PL0,GH13
9.B.106,3.A.23,GH3
3.A.1,3.A.1,PAS|STAS,LysR_substrate|HTH_1,2.A.21,3.A.23,Response_reg,3.A.9,HTH_18,8.B.9,PL9_4,1.A.22
8.A.59,GH16_3|CBM61,2.A.1,GT2,5.B.3,9.B.106
2.A.49,Response_reg,GH81
2.A.12,GH133,GH13_10,3.A.1
8.A.3,GT4,PL12_3,9.B.146,MerR,Aminotran_1_2,9.A.41
GT2,1.E.43,8.A.21,2.A.1,2.A.3,Pkinase,9.B.106
9.B.106,GT2,1.A.11
5.B.3,GT87
2.A.1,1.B.16,CBM2|CE3
GH35,3.D.9,3.D.1,3.D.1,8.A.59
1.A.33,3.A.1,3.A.1,2.A.4,Pkinase,HTH_3,3.A.1,1.I.1,GH1
CE3,CE1,GH43_29|CBM6,8.A.5
3.A.1,3.A.1,3.A.1,GH13_1,1.I.1
GT2,GH62,3.A.23,CBM13|GH10
9.B.1,3.A.1,9.B.149,GH15,HTH_8|Response_reg,HisKA|HATPase_c,HTH_18,2.A.1
1.A.26,MerR,GT2,Response_reg,3.A.1,3.A.1,3.A.1
2.A.1,GH43_36
GH65,TPR_4,2.A.21
9.B.34,3.A.23,GAF|PAS|HisKA|HATPase_c,2.A.21,CE4,2.A.50
CBM2|GH62,TPR_2,LysR_substrate|HTH_1,2.A.1,8.A.5,GH16_25
3.A.1,GH5_55
2.A.1,3.A.1,3.A.1,3.A.1,3.A.1,GH10,5.A.3,5.A.3
3.A.5,CBM9,3.A.1,3.A.1,TetR_N,9.B.106,9.B.106
GH3,3.A.1,3.A.1
9.B.174,Pyr_redox_2,GT2
2.A.99,LysR_substrate|HTH_1,PL3_1
3.A.1,Peripla_BP_1,GH114
9.B.106,GT4,3.A.23,9.B.106,Peripla_BP_3|STAS,GH11
GH0,B12-binding,GT0,8.A.5,GH5_4
3.D.1,3.D.1,3.D.9,3.D.1,CE15
2.A.51,GT21
3.A.1,3.A.1,3.A.1,3.A.1,GH145
