8.A.59,9.B.43,GH42
3.A.1,SBP_bac_5,GT51,1.B.6,3.A.1,1.B.66
3.A.1,GT4,1.A.11,1.B.6
3.A.11,GT4,1.A.30,1.A.30
1.B.14,GT51,3.D.1,3.A.6,HTH_8,1.C.67,1.C.67,Peptidase_M23,GT51
2.A.50,Sigma70_r2|Sigma70_r4_2,2.A.109,1.B.52,GT51
GH13_23,3.A.10,GT30,9.B.34
GT4,9.B.18,GT4,9.B.18,GT0,GT0,GT2,GT2,GT2
9.B.142,GT2,GT89
2.A.103,GT28,9.B.8,3.A.1,3.A.1
1.B.74,3.A.25,3.A.6,8.A.21,8.A.21,3.D.1,Fer4,FecR,2.A.123,9.B.67,GT2,SIS,3.A.1
9.B.67,GT4,GT9,cNMP_binding,4.C.1
2.A.88,GH18,8.A.21,2.A.4,1.A.30,1.A.26
CE11,8.A.7,4.C.1,GT4,1.B.33,1.A.30
GH3,ACT,TPR_2|TPR_1,1.B.52,FeoA,9.A.8
9.B.34,9.B.34,9.B.34,PAS|GGDEF,9.B.34,9.B.34,9.B.34,2.A.49,FecR,9.B.50,GH31
1.A.25,8.A.59,GT2,STAS,5.B.3
GH25,1.A.34,3.A.12,9.B.145
1.B.48,4.A.2,Fer4,GT2,2.A.16
GH102,HTH_18,2.A.36
2.A.4,GT51,2.A.1
1.B.52,HTH_18,Peripla_BP_2,4.C.1,GT4
2.A.83,1.B.13,3.D.1,3.D.1,3.D.1,3.D.1,3.D.1,3.D.1,Response_reg,GH18,3.A.1
3.D.1,GT89
2.A.1,GH5_12,1.B.48,2.A.21,FecR,Response_reg|HisKA|HATPase_c,9.B.34,9.B.34
