2.A.64,SIS|CBS,2.A.16,GT4
GH19,GH19,9.B.186
GH23,3.A.9
1.A.35,GT27,GT32,GH13
GH3,GH144,GH144,8.A.46,1.B.14
1.B.9,GT2
GT51,Peripla_BP_2,3.A.1,2.A.6,2.A.6,2.A.6
9.B.144,GT4,PALP,9.B.171,TPR_2,2.A.21,2.A.21
2.A.23,GH13,2.A.21
9.B.18,9.B.18,9.B.18,GT2
GT1,GH77,3.D.1
3.D.10,3.D.10,3.D.10,3.A.11,GT19,3.A.1,CE14
8.A.3,9.B.146,GT2
GT51,5.A.3
9.B.174,HD,3.A.9,GT4,GT9,GT2,1.A.30
9.B.146,2.A.103,GT28
GT2,3.A.25,9.B.145,3.A.1,3.A.6
2.A.53,2.A.53,GT4,GT4,9.B.97,GT2,GT56,Aminotran_1_2,GT2,GT2,GT4,GT2,GT2,GT2,3.A.1,3.A.1
2.A.81,9.B.158,3.A.1,9.B.153,GH63
GT2,GT83,2.A.72
2.A.23,3.A.1,2.A.69,Pribosyltran,1.A.23,1.B.14,2.A.3,3.A.1,GH25,Pyr_redox_2,GH13_6,HTH_11|AsnC_trans_reg,2.A.7
2.A.17,2.A.17,2.A.17,GT35
GT5,SIS,9.A.25,9.A.25,9.A.25,2.A.1
GT4,AraC_binding,GT2,GH13_19,3.A.18,2.A.20,1.I.1
1.A.22,1.B.14,8.A.46,GH97,2.A.28,GH13,2.A.2
