GT4,GT4,9.B.143,CBS,GH1,GH1,GH1,TetR_N,2.A.69
GT4,GT2,3.A.1,GT2,GT4,GT2,GT2,GH73
2.A.36,2.A.1,GT51,GerE,2.A.3
2.A.86,9.A.40,4.A.6,4.A.6,4.A.6,4.A.6,GH13_31,HTH_6|SIS,HTH_DeoR|DeoRC,PfkB,4.A.2
2.A.1,3.A.1,3.A.1,8.A.59,HTH_18|Response_reg,3.A.1,3.A.1,3.A.1,HTH_5,GH51,3.A.1,3.A.1,3.A.1,GH51,GH43_26
GH43_11,3.A.1,3.A.1,MarR,3.A.1,3.A.1,3.A.3,3.A.1,Trans_reg_C|Response_reg,HisKA|HATPase_c,1.A.11,GT28,3.A.1,3.A.1,3.A.1,3.A.1,3.A.1
4.A.3,GH1,9.B.105,3.A.1,3.A.1,3.A.1
3.A.1,GntR,4.A.3,GH1,GT51,NUDIX,2.A.1,2.A.4,HTH_5,GH13_39,CBM48|GH13_9,GT5,GT35,Pyr_redox_2,3.A.1,2.A.4,3.A.1,3.A.1
2.A.40,GT0,GT2,GH8
3.A.1,3.A.1,HTH_18|AraC_binding,4.A.1,GH13_29
1.A.14,4.A.6,4.A.6,4.A.6,LysR_substrate|HTH_1,1.A.78,Fer4,3.A.1,3.A.1,3.A.1,CBM34|GH13_20,GH13,GH13_31,GH13_31,GH65
1.E.19,GT2,Sigma70_r4,3.A.5,SKI,ACT,3.A.1,3.A.1
GT8|GT2|GT2,GT2,3.A.1
4.C.1,2.A.50,GH13_18,3.A.1,3.A.1,3.A.1,HTH_18|AraC_binding,4.A.7,4.A.7,4.A.7,GH36
GH1,4.A.3,4.A.3
9.B.105,2.A.38,2.A.38,HATPase_c,3.A.7,GH1,2.A.122,1.E.14
GH42,3.A.1,3.A.1,3.A.1
4.A.1,GH32,LacI|Peripla_BP_3,2.A.72,3.A.11,3.A.1,3.A.1,3.A.1,3.A.1
2.A.40,9.B.74,TetR_N,Nitroreductase,MarR,2.A.45,3.A.1,3.A.1,3.A.1,3.A.1,SBP_bac_1,Pyr_redox_2,Peripla_BP_2,3.A.1,3.A.1,GT2
3.A.2,3.A.2,3.A.2,3.A.2,CE1,3.A.11,3.A.11,3.A.1,HTH_3,1.A.33
1.C.39,PfkB,CE9,SIS,GntR,4.A.6,4.A.6,4.A.6,4.A.6
3.A.4,Rhodanese|Pyr_redox_2,2.A.59,cNMP_binding|Crp,HMA,3.A.3,4.A.1,2.A.87,2.A.9,GH29,GH29,GH1,GH92,GH38,GH125,GH20,SBP_bac_1,3.A.1,3.A.1,3.A.1,3.A.1,3.A.1
GH77,3.A.18
1.A.22,GT51,3.A.1
GH1,4.A.3,4.A.3,CSD,2.A.66,HTH_3,4.A.6,4.A.6,4.A.6,4.A.6,3.A.23,3.A.1,3.A.1,3.A.1,3.A.9,Sigma70_r2|Sigma70_r4_2,3.A.3,8.A.5,2.A.88,2.A.98
3.A.1,GntR,CBS|ACT,3.A.1,3.A.1,3.A.1,3.A.1,CBM50
