9.B.106,9.B.106,2.A.103,SpoIIE,FHA,FHA,GH16_24,HTH_IclR,3.A.1,3.A.1,3.A.1,3.A.3,3.A.3,2.A.21
GT4,4.C.1,Sigma70_r4_2|Sigma70_r2,3.A.1
2.A.1,Peripla_BP_3|LacI,2.A.66,2.A.59,GGDEF|EAL,9.B.142,GT2,2.A.36
9.B.160,Peripla_BP_2,3.A.1,3.A.1,3.A.1,GH65
2.A.6,2.A.1,MarR,GH43_22,2.A.1
GH0,Peripla_BP_3|LacI,SBP_bac_1,3.A.1,3.A.1
GH113,GH2,3.A.1,3.A.1,SBP_bac_1,3.A.1
2.A.1,9.A.40,GH13_16
2.A.3,GH2
3.A.1,3.A.1,GH3,8.A.5,GH27|CBM51,GH51,GH51,GH36,GH146,2.A.1,2.A.1,2.A.1,TetR_N|TetR_C,2.A.52,EAL,2.A.1,2.A.76,2.A.38,2.A.15,MarR,3.A.1
GH36,SBP_bac_1,3.A.1,3.A.1
GH43_10|CBM22,CBM22|GH43_16|CBM6,2.A.89,Response_reg|Trans_reg_C,HATPase_c|HisKA,GH0|GH26,GAF|SpoIIE,GH0|GH26,GT2
GH76,TetR_N,9.B.74,3.A.16
2.A.1,Peripla_BP_3|LacI,2.A.1,CBM67|GH78,GH3
3.A.1,3.A.1,SBP_bac_1,Peripla_BP_3|LacI,CBM67|GH78,HTH_3,TetR_N,2.A.1
3.A.1,3.A.1,3.A.1,3.A.1,GH3,GH43_12
2.A.1,GH92,GT4,MarR,9.B.106
GT4,2.A.7,GAF,GT51,GT51
2.A.4,2.A.38,2.A.38,HTH_5,GH2,3.A.1,3.A.1,3.A.1
GH23,Peptidase_M23,GH13_30,2.A.63,2.A.63,2.A.63
1.E.43,CE14
3.A.1,3.A.1,3.A.1,3.A.1,2.A.55,CBS|PALP,Aminotran_1_2,GT4,Pyr_redox_2,2.A.1
8.A.5,3.A.9,GT51,3.A.1,GH43_24,2.A.33,3.A.1,3.A.1,3.A.1
3.A.1,3.A.1,Peripla_BP_3|LacI,SBP_bac_1,3.A.1,3.A.1,GH31,HTH_IclR,TetR_N,2.A.1
9.B.18,8.A.3,GT51,9.A.47,3.A.7
3.A.1,3.A.1,GH13_30
3.A.1,3.A.1,2.A.1,9.B.27,2.A.1,3.A.1,2.A.1,SBP_bac_1,3.A.1,3.A.1,Peripla_BP_3,MarR,Glyoxalase,GH1,1.A.23,GH15,GT20
3.E.1,GT9,PfkB,SIS,GT4,GT0,GT9,GT9
2.A.1,GH13_31
3.A.1,Peripla_BP_3|LacI,SBP_bac_1,3.A.1,3.A.1,GH146,GntR,2.A.8,SKI,3.D.2,AsnC_trans_reg,3.A.3,PadR,3.A.1,3.A.1
9.B.146,2.A.103,GT28
GT5,3.A.1,GH13_16,GT4
GH13_11,GT35,GH13_3,CBM48|GH13_9,TPR_2,2.A.36
9.B.76,3.A.5,GH51,3.A.1,3.A.1,3.A.1
GH23,2.A.1,GT2,GT4,Pyr_redox,3.A.1,3.A.1,3.A.1,3.A.1,3.A.1
3.A.11,3.A.11,3.A.1,3.A.1,3.D.4,3.D.4,TetR_N,3.A.1,3.A.1,3.A.1,TetR_N,2.A.1,GT51
GT4,GT2,GT4,GT4,GT26,GT94,2.A.66,GH5
1.A.26,3.A.1,GT76,Citrate_synt,Aminotran_1_2,Fer4,CE14,2.A.108,2.A.108,3.A.1,3.A.1,3.A.1,3.A.1
1.C.113,CE14,PALP|ACT,2.A.86,3.A.1,9.B.1
GT4,3.A.1,3.A.1,GT4,GT4,GT4,GT2,GT2,GT2,GT4,3.B.1,GAF|ANTAR,GAF|ANTAR,9.B.111
4.A.5,Glycos_trans_3N,3.A.1,3.A.1,GT4,3.D.10,3.D.10,9.B.126,HTH_DeoR|DeoRC,PfkB,4.A.2,4.A.2,1.A.8
9.B.169,2.A.37,TrkA_C,CBS,3.A.1,3.A.1,3.A.1,3.A.1,Peripla_BP_3|LacI,3.A.1,3.A.1,SBP_bac_1,GH42,3.A.1,2.A.7
2.A.1,GH1,3.A.1,2.A.109,HTH_IclR|Response_reg,PAS|HATPase_c,2.A.11,2.A.102,9.B.100,2.A.7,MarR,2.A.1
3.A.1,3.A.1,9.B.106,FHA,GH114,2.A.5
9.B.62,GH13_20,2.A.36,2.A.86,2.A.3,Response_reg|Trans_reg_C,HATPase_c|HisKA,9.B.106,2.A.7,HTH_1|LysR_substrate,GH151,GntR,GH29,3.A.1,3.A.1,SBP_bac_1,GH29
2.A.1,GH13_11,GH31,3.A.1,3.A.1,3.A.1,Peripla_BP_3|LacI,MarR,2.A.1
3.A.16,3.A.1,3.A.1,3.A.1,GH42,Peripla_BP_3|HTH_DeoR,PL33_1,GH154,SBP_bac_1,3.A.1,3.A.1,GH88
GH59,3.A.1,SBP_bac_1,3.A.1,3.A.1
GH43_34,SBP_bac_1,3.A.1,3.A.1,GH43_22
CE9,GntR,3.A.1,3.A.1,3.A.1,3.A.1,2.A.1,3.A.1,3.A.1,3.A.1,3.A.1
GH2,3.A.1,3.A.1,3.A.1,GH43_37,Peripla_BP_3|LacI,2.A.1
4.B.1,FUR,3.A.1,3.A.1,GH51
GT0,2.A.66,GT4,GT2,GT2,GT94,CBM10|CBM2|CBM35,HTH_8,PL9
GT2,2.A.21,3.A.1,3.A.1,3.A.1,1.I.1,9.B.34,Response_reg|GerE,1.A.43
3.A.1,3.A.1,SBP_bac_1,Peripla_BP_3|LacI,GH35
GH146,GH43_22,GH43_26|CBM13,GH43_22,Peripla_BP_3|LacI,3.A.1,PL11_1,GntR,3.A.1,3.A.1,3.A.1,3.A.1,3.A.1,SBP_bac_1,Peripla_BP_3|LacI,3.A.1,3.A.1,3.A.1,3.A.1,GH43_22|GH43_34,CE7,2.A.7,2.A.3
3.A.1,3.A.1,Peripla_BP_1,Peripla_BP_3|LacI,SBP_bac_1,3.A.1,3.A.1,GH42,GH3,2.A.1
2.A.4,HTH_5,GH30_5,MarR,Peripla_BP_3|LacI,3.A.1,3.A.1,SBP_bac_1,GH35
GH3,3.A.1,3.A.1,3.A.1,Peripla_BP_3|LacI,GT2,2.A.20
GH32,3.A.1,3.A.1,3.A.1
3.A.1,MarR,GH127,3.A.1,3.A.1,Peripla_BP_3|LacI,2.A.1,3.A.1
