GH32,3.A.1,3.A.1,3.A.1,Peripla_BP_3|LacI,9.B.28
2.A.3,Aminotran_1_2,GH18,9.B.34,Glyoxalase,3.A.1,3.A.1,3.A.1,2.A.46,3.A.1,3.A.1,3.A.1,PfkB,3.A.1,GntR,GH18|CE4|GT2
3.A.1,3.A.1,2.A.28,2.A.1,GT51,GH38,4.A.2
2.A.8,3.A.1,3.A.1,SBP_bac_3,GH4,4.A.3,4.A.3,4.A.3
CBM50,3.A.1,3.A.1,GH1,HTH_18|Response_reg,8.A.59,SBP_bac_1,3.A.1,3.A.1,GH38,GH20,GH125,GH38,GH85,GH85|CBM32,2.A.1
GT2,3.A.1,3.A.1,3.A.1,2.A.3
GT0,3.A.1,GT2,GT4,1.B.12
GT4,GT4,GT4,4.D.1,9.B.18,8.A.3,8.A.3,GH73|CBM50,9.B.124
GH1,Peripla_BP_3|LacI,2.A.1
GT51,9.B.149
1.C.57,HTH_3,8.A.5,CBM50,IclR|HTH_IclR,4.A.1,SIS,GntR,PfkB,3.A.1,3.A.1,3.A.1,AraC_binding|HTH_18,2.A.1
3.A.1,CE4
2.A.24,2.A.1,GH4,AraC_binding|HTH_18,3.A.1,3.A.1,3.A.1,GH36,GH32,GT84|GH94|GH94,4.C.3,HATPase_c,2.A.25,CBS,GT1,TPR_1,2.A.2,PfkB,3.A.7,3.A.7
GH23,Glyoxalase,2.A.21,9.B.31
9.B.169,2.A.21,HATPase_c,GerE|Response_reg,9.B.8,3.A.1,8.A.59,HTH_18|Response_reg,SBP_bac_1,3.A.1,3.A.1,9.B.28,GH43_11,Peripla_BP_2,3.A.1,3.A.1,3.A.1,Pyr_redox_2,IclR|HTH_IclR,2.A.3,HTH_18|Response_reg,9.B.33,3.A.1,3.A.1,3.A.1,GH2,GH36
GH3,GH3,3.A.1,8.A.59,HTH_18|Response_reg,3.A.1,3.A.1,3.A.1,2.A.8,3.A.23,3.A.1,Trans_reg_C|Response_reg,HisKA|HATPase_c,GH36,Pyr_redox_2,2.A.23,Glyoxalase,9.B.33,HTH_18|Response_reg,SBP_bac_1,3.A.1,3.A.1,GH63,GH2,3.A.1,GT4
GH13_18,3.A.1,3.A.1,3.A.1,GH65
GT4,9.B.18,GT4,GT2,GT4,GT4,2.A.102,GT4,9.B.18,3.A.18,Response_reg,2.A.1
2.A.36,1.A.11,GT4
2.A.1,2.A.15,3.A.23,4.A.3,4.A.3,GH1,HisKA|HATPase_c,HTH_3,2.A.10
2.A.7,SBP_bac_1,3.A.1,3.A.1,9.B.33,HTH_18|Response_reg,9.B.33,HTH_18|Response_reg,3.A.1,3.A.1,3.A.1,3.A.1,GH32,PfkB,3.A.1,Peripla_BP_3|LacI,3.A.1,3.A.1,3.A.1,PfkB,GH32,GH32|CBM38|CBM38|GH32|CBM38,GH32,GH68,GH68,GH68,4.A.1,CBM34|GH13_39
GH13_31,Peripla_BP_3|LacI,3.A.1,3.A.1,3.A.1,GH36,2.A.123,2.A.28
3.A.18,CBM50,9.B.116,HATPase_c,GerE|Response_reg,2.A.108,2.A.66,Sigma70_r4_2|Sigma70_r2,1.A.14,1.A.22,3.A.7
9.B.126,3.A.3,2.A.1,2.A.19,2.A.115,CE4
9.B.158,2.A.23,YcbB|Response_reg,HATPase_c,4.A.1,CE9,GntR,HisKA|HATPase_c,9.B.34,2.A.2,2.A.2
GT2,2.A.20
GT2,3.D.2,CodY|HTH_8,2.A.3,2.A.6
9.A.40,9.A.40,HisKA|HATPase_c,FeoA,9.A.8,HTH_3,GT51,3.A.1,3.A.1,3.A.1
GH13_1,2.A.115,1.A.1,Hemerythrin,1.A.1,3.A.9
2.A.3,AlkA_N|HhH-GPD,3.D.4,3.D.4,2.A.86,GH88,GH117,HTH_18|Response_reg,9.B.28,3.A.1,3.A.1,SBP_bac_1,8.A.59,PL8,Glucokinase,SIS,CE9
PL8,PL8,2.A.2
9.B.146,2.A.103,GT28
GH43_12,2.A.1,GH3,dCache_1|HATPase_c,HTH_18|Response_reg,SBP_bac_1,3.A.1,3.A.1,9.B.28,CBM67|GH78,GH30_2,GH51,2.A.2,HTH_18,GH3
2.A.7,2.A.51,TetR_N,2.A.1,8.A.59,HTH_18|Response_reg,3.A.1,GH43_29|CBM42,GH43_26,3.A.1,3.A.1,3.A.1,3.A.1,GH43_22
GH18,3.A.1,3.A.1,8.A.59,HTH_18|Response_reg,2.A.3,2.A.1,GntR,4.A.3,4.A.3,GH4,4.A.3
CE12,HATPase_c,Response_reg,2.A.11,cNMP_binding,cNMP_binding,2.A.1
2.A.3,2.A.26,2.A.1,TetR_N,2.A.6,9.B.74,9.A.11,2.A.20,2.A.115,2.A.1,MarR,CE4,3.A.23,2.A.3
3.A.1,2.A.64,1.A.35,GH23|CBM50,1.C.113,2.A.1,2.A.109,3.D.4,3.D.4,3.D.4
GT51,3.A.1,2.A.1,9.A.11,2.A.3,2.A.3
2.A.53,HTH_5,2.A.66,Peripla_BP_1|LacI,4.A.1,GH32
GH35,GyrI-like|MerR,9.B.120,9.B.143,3.A.1,3.A.1,3.A.1
GH106,HATPase_c,GerE|Response_reg,HTH_18,GH1,GH2,HTH_18,GH3,2.A.1,GH3,TrmB,2.A.76
3.A.1,3.A.1,3.A.1,HTH_18|Response_reg,GH91
9.A.11,GH3,2.A.7,HTH_1|LysR_substrate,GntR,3.A.1,3.A.1,3.A.1,3.A.1
GH18,Rhodanese,GT2,AAA,9.B.98,1.E.43,2.A.1,TetR_N,2.A.1
3.A.1,2.A.45,GT4,GT2,GT4,2.A.66,9.B.18,9.A.40,MerR,PALP,2.A.45
4.A.1,GH13_29
3.A.16,2.A.1,Aminotran_1_2|GntR,GT2,Aminotran_1_2|GntR,2.A.1,TrmB,9.A.11,2.A.3,2.A.21,9.B.105
2.A.3,GH3,HTH_18|Response_reg,8.A.59,2.A.56,2.A.56,2.A.3,9.A.11,CE4,HxlR,3.A.16,2.A.39,3.A.23
2.A.1,HTH_5,GH3,V4R,MarR,9.A.11
GH3,Peripla_BP_1,2.A.21,CheR|CheR_N,HisKA|HATPase_c|Response_reg|GAF,3.A.1,3.A.1,3.A.1
3.A.1,3.A.1,3.A.1,3.A.1,2.A.3,CBM50
9.B.143,GH3
GH4,3.A.1,3.A.1
GH42,2.A.1
GH18,4.A.2,HTH_11|CBS,3.D.1,2.A.115,2.A.35
GT4,Pkinase,Pkinase,9.B.102,3.D.4,3.D.4,3.D.4,1.A.1
GT4,CE14,2.A.115,3.D.3,3.D.3,3.D.3
GT2,3.B.1,Glyoxalase,3.A.1,3.A.1,3.A.1
GT4,3.A.1,3.A.1,3.A.1,3.A.1,SBP_bac_1,2.A.1
3.A.15,CBM50
9.B.34,GT51,4.C.1
CBM68|GH13_14,PALP,HTH_DeoR,2.A.3
CE4,2.A.66
4.C.1,GT35,GT5,GH13_9,9.B.20,9.B.136,2.A.21,3.A.18
3.A.23,2.A.3,CBM50
GH51,3.A.1,3.A.1,3.A.1,9.B.28,HTH_5,3.A.1,3.A.1,AraC_binding|HTH_18,CE9,GH38,GH2,GH2,DeoRC|HTH_DeoR,GH38,GH84,3.A.1,3.A.1,3.A.1,GH20,GH1,GH36,SIS,GH38,SBP_bac_1,3.A.1,3.A.1,Peripla_BP_3|LacI,9.B.28,GH38,GH30_2,GH42,3.A.1,3.A.1,3.A.1,HTH_18|Response_reg,8.A.59,GH31,3.A.1,3.A.1,SBP_bac_1,8.A.59,HTH_18|Response_reg,9.B.97,9.B.18,Aminotran_1_2,9.B.18,GT2,9.B.18,GT4,8.A.3
2.A.4,2.A.3,GT2,1.A.1
3.A.1,3.A.1,3.A.1,2.A.86,CE4
2.A.4,3.A.3,HTH_5,2.A.64,3.A.1,3.A.1,3.A.1,GT2,GT28
9.B.146,GT26,3.A.1,3.A.1,GT2,GH73,GT2,2.A.50
