3.A.1,GT4,GT2,GT4,GT2
3.A.15,3.A.15,3.A.15,4.C.1,CBS|cNMP_binding,2.A.21,PALP,9.B.115,3.D.4,3.D.4,Nitro_FeMo-Co,Crp|cNMP_binding,3.A.1,4.A.1,4.A.1,2.A.1,GH1,GT2
GH133,1.B.52,1.C.113
GT51,GT51,2.A.21,9.B.34,9.B.34
9.B.20,GH94
1.I.1,GT83,GT2,3.A.1
GH23,3.A.1,Pyr_redox_2,SBP_bac_5,3.A.1,3.A.1
3.A.1,3.A.1,3.A.1,3.A.1,3.A.1,3.A.1,GT35
9.B.149,1.B.52,GH13_4,PfkB,GT4,1.A.30,1.A.11,3.A.1,3.A.1
9.B.34,GT2|GT2,5.A.3
2.A.21,1.B.14,HATPase_c|HisKA|PAS,Response_reg,9.B.34,EAL|GGDEF,CBM26|GH13_42,2.A.25,GGDEF,HD,3.A.3,3.A.1,3.A.1,3.A.1
GT83,2.A.37,GH13_11,2.A.1,2.A.6
GT1,3.A.7,1.I.1
1.B.52,PfkB,1.B.52,GT30,CBS,Response_reg,2.A.21,HATPase_c|HisKA,9.B.34,SpoVT_AbrB,GT35,2.A.16
2.A.6,GT2
3.A.5,Peptidase_M23,CE11
GT28,2.A.103,9.B.146
2.A.1,3.A.12,GT4,GT4,GT9
3.B.1,3.B.1,GT51,1.B.14,9.B.34,3.A.18,NUDIX,9.A.40,3.A.1,1.B.5,3.A.1,3.A.1
1.A.43,1.A.30,2.A.16,GT4,2.A.38,2.A.38
2.A.21,CheR|CheB_methylest|CheR_N|PAS,9.B.142,GT2,3.A.1,3.A.1,3.A.2,3.A.2,3.A.2,3.A.2,3.A.2,3.A.2,3.A.2,3.A.2
3.A.1,3.A.1,2.A.106,GT4
3.A.1,GT2,9.B.97,GT2,GT2,GT4,1.A.8,LexA_DNA_bind,3.D.7,Fer4,3.D.7,2.A.103,2.A.1
1.B.33,GT19,3.A.11,HD,CE7,GAF|PAS|GGDEF,2.A.6,8.A.1
3.A.1,3.A.1,CBM48|GH13_9
3.A.1,3.A.5,EAL|PAS|GGDEF,CheR|CheB_methylest|CheR_N,9.A.40,9.A.40,GT2
2.A.47,3.A.1,EAL,2.A.88,GT4,3.A.1,3.A.1,3.A.1,8.A.7,GT2,9.B.14,3.A.1,3.A.1,9.B.14
1.B.52,GH3
3.A.1,3.A.1,3.A.1,3.A.1,3.D.6,Fer4,3.D.6,3.D.6,3.D.6,3.D.6,3.A.1,HD,3.A.23,2.A.21,CBM50,3.A.11,3.A.7
1.B.33,ACT,9.B.174,Pyr_redox_2,HhH-GPD,GH23
9.B.34,GT35,3.A.1,1.B.71,1.A.11,8.A.5
2.A.1,NUDIX,8.A.7,GH0,GT4
GT35,2.A.45,3.A.1,2.A.86
GT4,3.A.7
1.B.6,3.D.3,3.D.3,1.A.12,HhH-GPD,4.C.1,3.A.18,3.D.7,3.D.7,3.D.7,3.D.7,GH13,9.B.153,2.A.21,GT4,2.A.23
9.B.34,9.B.145,9.B.157,9.B.157,2.A.103,GH103
3.A.23,HATPase_c|HisKA,GT2,2.A.6
GH57,GH0,3.A.2,3.A.2,9.B.34,2.A.21,9.B.34
2.A.7,9.B.10,2.A.121,9.B.34,HATPase_c|CHASE|HisKA|PAS,Aminotran_1_2,GT4,GT4,3.A.1,NTP_transf_2,3.A.1,CE4,SIS,GH99,GT2,GT2,GT2,GT2,GT2,GT4,GT4
3.A.23,9.B.18,GT0
8.A.28,5.A.3,GH57,GT5
AA2,GH1,3.A.1,CBM32
5.A.3,5.A.3,5.A.3,GT2|GT4,HTH_3,9.B.106
