2.A.1,GH2
4.A.2,2.A.1,GH4,4.A.1
CE4,GntR,2.A.39,9.B.34
2.A.1,TetR_N,3.A.1,3.A.1,AraC_binding|HTH_18,GH78,2.A.2,1.B.3,SBP_bac_3,3.A.1,3.A.1,3.A.1,2.A.3,1.B.14,HTH_3,2.A.7,3.A.1
2.A.1,GH1,HHA,3.D.6,3.D.6,3.D.6,3.D.6,3.D.6,3.D.6,HhH-GPD,2.A.17
1.B.3,GH1,4.A.1,LysR_substrate|HTH_1,8.A.5,8.A.5
3.A.1,3.A.1,PfkB,3.A.1,1.B.15,2.A.2,GH37,1.B.14,GH23,2.A.36,Pyr_redox,GntR,2.A.34,5.A.2
2.A.24,Response_reg,CBM50,3.A.1,3.A.1,3.A.1
9.B.158,GH105,2.A.2,GT20,3.A.1,3.A.1,3.A.1,2.A.2,2.A.1,2.A.42,4.F.1,GerE|Response_reg,GerE|Autoind_bind,3.A.1,3.A.1,PALP,3.A.1,GH13_5,GerE,9.B.34,2.A.7,HD,1.B.1,LysR_substrate|HTH_1,LysR_substrate|HTH_1,2.A.36
GT99|GT102|GT103,3.A.1,3.A.1
9.B.18,GT2,GH16,GT26,GT4,GT2,8.A.3,1.B.18,1.B.73,2.A.109,9.B.22
2.A.40,LysR_substrate|HTH_1,2.A.113,3.A.1,LytTR|Response_reg,9.B.33,3.A.1,3.A.1,3.A.1,3.A.1,GH3,9.B.29,9.B.27,1.B.17,GH1,4.A.1,1.E.14,2.A.122,9.B.114,3.A.1,3.A.1,3.A.1,Peripla_BP_3|LacI,9.B.169,1.B.14,2.A.3,LysR_substrate|HTH_1,2.A.98,4.A.2,PfkB,4.A.2,2.A.1,8.A.1,9.B.32
1.B.33,ACT,2.A.86,2.A.40,Pribosyltran,GH1
2.A.113,2.A.1,Aminotran_1_2,3.A.23,HisKA|HATPase_c,GH23
2.A.6,2.A.6,Rrf2,2.A.1,TetR_N,GH3
3.A.1,3.A.1,3.A.1,GH103,4.A.4,4.A.4,4.A.4,DeoRC|HTH_DeoR,SIS|CBS,3.A.23,Pyr_redox_2,HTH_IclR|IclR,2.A.1,2.A.1,2.A.52,5.A.3,Peripla_BP_3|LacI,4.A.1,GH1,3.D.1,3.D.1,3.D.1,3.D.1,3.D.1,3.D.1
3.A.23,GH1,GH5_41|CBM35,4.A.3,4.A.3,4.A.3,4.A.3,Glucokinase,Peripla_BP_3|LacI,3.A.1,3.A.1,3.A.1,3.A.1,1.B.14,3.A.1,3.A.1,3.A.1,1.E.53,MarR,LysR_substrate|HTH_1,2.A.1,Sigma70_r3|Sigma70_r2|Sigma70_r4,CBM50
GH102,CbiA,3.A.1,3.A.1,3.A.1,3.A.1
4.A.2,NUDIX,2.A.109,8.A.5,2.A.1,4.C.1,Peripla_BP_3|LacI,GntR,GH1,4.A.3,3.A.1,LysR_substrate|HTH_1,AraC_binding,3.A.1,3.A.1,3.A.1,3.A.1,1.B.15,GH32,2.A.1,LacI|Peripla_BP_1,2.A.1,PL22|PL22,PL0,LysR_substrate|HTH_1,2.A.117,2.A.42
2.A.37,8.A.5,LysR_substrate|HTH_1,2.A.1,CBM50
1.C.113,SIS|HTH_6,GH1,5.A.1
3.A.15,9.A.4,2.A.56,2.A.56,2.A.56,HhH-GPD,GH23,2.A.1,9.B.120
GH43_10,2.A.2,1.A.30,1.A.30,9.B.27,HTH_18,1.B.76
3.A.1,3.A.1,3.A.1,3.A.1,3.A.1,2.A.19,SIS|CBS,1.B.42,1.B.42,1.B.42,4.A.2,8.A.8,GT51,HisKA|HATPase_c|Response_reg|PAS,2.A.1
1.B.22,GT51
2.A.21,Response_reg|Trans_reg_C,9.A.8,9.A.8,9.A.8,2.A.8,GH77,GT35,GerE,DeoRC|HTH_DeoR,9.B.104,Rhodanese,GT35,GT5,CBM48|GH13_11,CBM48|GH13_9,2.A.8
3.A.1,3.A.1,3.A.1,3.A.1,3.A.1,3.A.1,3.A.1,3.A.1,3.A.1,3.A.1,2.A.42,Aminotran_1_2,GntR|Aminotran_1_2,Sigma70_r2|Sigma70_r4,3.A.1,3.A.1,3.A.5,3.A.3,2.A.88,2.A.1,2.A.86,2.A.7,2.A.7,GT83,GT2,Aminotran_1_2,LysR_substrate|HTH_1,3.A.1,3.A.1,3.A.1,3.A.1,3.A.1,1.A.26,Pyr_redox_2,2.A.20,9.B.4,2.A.17
GH37,LysR_substrate|HTH_1,9.B.126,2.A.1,9.B.121,PfkB,2.A.23,EAL|GGDEF,1.B.55,GH8,4.D.3,GT2,CbiA,GH8,4.D.3,GT2,CbiA,3.A.1,3.A.1,3.A.1,3.A.1,3.A.1,8.A.28,2.A.1,5.A.3,9.B.186,LacI|Peripla_BP_1,PfkB,2.A.1,2.A.1,HTH_3,CSD,3.A.1,1.E.53,9.B.97,9.B.44,3.A.1,3.A.1,3.A.1,Peripla_BP_3|HTH_18,GH73,GH13_19,Aminotran_1_2,3.D.1,AraC_binding|HTH_18,2.A.2,GH127,8.A.1,9.B.32,4.A.2,2.A.14
1.A.34,GT2,Aminotran_1_2,GT9,GT9,GT73,GT9,GT9,GT4,GT4,GT2,GT30,GT2
9.B.124,3.A.1,1.A.8,2.A.27,2.A.40,4.A.1,GH4,SIS|HTH_6,GH31,2.A.2
2.A.7,2.A.1,LysR_substrate|HTH_1,PALP,9.B.51,GH4,4.A.1,GntR,2.A.81
3.A.23,2.A.21,GntR,2.A.1,9.B.126,5.A.3,5.A.3,5.A.3,4.A.7,4.A.7,2.A.78,2.A.78,HTH_3,LacI|Peripla_BP_1,GH36,2.A.1,3.A.1,3.A.1,3.A.1,3.A.1,AraC_binding|HTH_18,AraC_binding|HTH_18,2.A.7,HisKA|HATPase_c,Response_reg|Trans_reg_C,2.A.4
1.I.1,3.A.6,9.B.146,GT0,Aminotran_1_2,2.A.66,GT56,9.B.128,GT26,2.A.3
GH23,1.B.14,HTH_18,1.B.33,Peripla_BP_3|LacI,3.A.1
2.A.1,HTH_18,GH4,2.A.2,2.A.109,GT2,CE4|GH153,1.B.55,GerE,PerC,5.A.1,2.A.13,2.A.3,3.A.1,3.A.1,1.B.11
9.B.13,2.A.7,3.D.10,3.D.10,1.A.23,3.A.1,CBM50
GH42,2.A.1,9.A.40,1.B.33,9.B.22,3.A.1,3.A.1,3.A.1,3.A.1
GH13_29,4.A.1,Peripla_BP_3|LacI,3.A.3
GH43_11,2.A.2
4.B.1,3.A.1,GH23
9.B.146,2.A.103,GT28,CE11,3.A.5,NUDIX,3.A.15,3.A.15,9.B.125,GH43_26,2.A.2,2.A.3
3.A.15,3.A.15,3.A.15,3.A.15,3.A.15,3.A.15,3.A.15,3.A.15,3.A.15,3.A.15,3.A.15,1.B.22,3.A.15,CBM41|GH13_13,8.A.2,GT51,1.B.14,3.A.1,3.A.1,3.A.1,Aminotran_1_2,2.A.49,1.A.62,3.A.1
1.B.33,GT19
3.A.1,3.A.1,3.A.1,LysR_substrate|HTH_1,2.A.1,GH23,LysR_substrate|HTH_1,2.A.76
2.A.26,2.A.3,CBM34|GH13_21
2.A.115,2.A.113,EAL,3.A.1,3.A.1,3.A.1,3.A.1,GH53,GH42,4.A.1,1.B.3
3.A.1,3.A.1,3.A.1,Peripla_BP_3|LacI|Peripla_BP_1,GH32,4.A.1,1.B.3,PfkB,Rrf2,9.B.32,8.A.1,3.A.1,3.A.1
3.A.3,8.A.1,2.A.6,3.A.1,3.A.1,3.A.1,3.A.1,3.A.1,2.A.7,GntR|Aminotran_1_2,GntR|Aminotran_1_2,SBP_bac_3,3.A.1,3.A.1,3.A.1,3.A.1,3.A.1,3.A.1,3.A.1,3.A.1,AA3_2,TetR_N,2.A.15,1.A.23,LysR_substrate|HTH_1,3.A.1,3.A.1,3.A.1,MarR,1.B.14,4.C.1,3.A.1,3.A.1,3.A.1,2.A.1,3.A.1,2.A.114,HTH_3,3.A.1,3.A.1,Peripla_BP_1,2.A.1,Peripla_BP_3|LacI,HTH_8,2.A.39,PfkB,3.A.1,3.A.1,3.A.1,Peripla_BP_1,5.A.3
CE9,4.A.1,1.B.25,2.A.1
2.A.6,3.A.3,CE8
1.A.23,3.A.1,3.A.1,3.A.1,2.A.7,1.B.6,Fe_dep_repress|Fe_dep_repr_C,2.A.45,GH1,GntR,3.A.1,GH31,2.A.1
1.A.14,3.A.1,GT35,STAS,EAL,3.A.1,3.A.1,3.A.1,9.B.34,HTH_18,4.A.2,4.A.2,4.A.2,4.A.2,2.A.15
AA6,2.A.7,2.A.40
GT2,2.A.1
4.A.1,GH3,Pyr_redox_2,1.B.14
9.B.34,8.A.59,2.A.76,9.B.34,2.A.1,HTH_18,GT9
9.B.99,8.A.5,GH18,2.A.1,PfkB,8.A.5,DeoRC|HTH_DeoR,2.A.1
4.A.3,4.A.3,4.A.3,AraC_binding|HTH_18,GH4,CE0,2.A.23,1.B.14,1.B.39,1.B.14
3.A.1,3.A.1,3.A.1,3.A.1,3.A.1,3.A.1,3.A.1,3.A.1,3.A.1,HTH_3,HTH_18,2.A.1,3.A.23,9.B.100,PspC,3.A.23,3.A.1,LysR_substrate|HTH_1,2.A.1,GH2,HisKA|HATPase_c|Response_reg,GT2
1.E.2,GH104,1.M.1
