GH23,2.A.38,2.A.38,CBM50,3.A.11
3.A.23,PAS|HATPase_c|HisKA,CBM9,9.B.126
1.B.14,2.A.21,GH36
GT1,1.B.52,AAA,3.A.11,MetJ,GT51,3.A.11,1.B.22
1.B.22,GT4,2.A.66,GT26,GT4,GT2,9.B.146,9.B.146,1.B.18,3.A.1,3.A.1,GT27
GT2,2.A.47
CBM16|PL18,1.A.35
3.A.18,GH13_32
CBM50,Sigma70_r2|Sigma70_r4|Sigma70_r3,1.B.14,1.B.70,4.C.1,Response_reg|GerE,2.A.68
2.A.66,GT4,GH166,1.B.52,MarR,1.A.26,1.A.23,2.A.122
3.A.1,3.A.1,9.B.14,9.B.14,TPR_1,3.A.1,EAL,2.A.21,Glyoxalase,2.A.17,1.B.55,GH8,4.D.3,GT2,CbiA,3.A.23,1.B.39
1.B.33,3.A.1,3.A.1,3.D.4,3.D.4,GT19,9.B.34,2.A.37,Response_reg|HATPase_c|dCache_1|HisKA,9.B.10
PL6|PL6_1,PL17_2|PL17,2.A.1,PfkB,PL6_3,1.B.14,1.B.14
1.B.14,HD,GH73,Peripla_BP_3|LacI,2.A.2,GH1,2.A.1,GH3,9.B.34,2.A.86,HATPase_c,Response_reg|Trans_reg_C,2.A.22
2.A.53,GGDEF,GH50
GH50,HTH_IclR|IclR,1.B.14,GntR,GH50,2.A.1,PfkB,GH117|GH117
GH16_16,3.A.1
4.C.1,3.A.1,3.A.1,3.A.1,HTH_1|LysR_substrate,2.A.15,9.B.169,GH16_3|GH16_3,HTH_18,EAL|GAF,9.B.20,2.A.6,2.A.6,3.A.1
GH15,2.A.2,GH13_38,GH13_36,1.B.14,GH13_23,3.A.7,2.A.23
8.A.3,1.B.18,9.B.18,GT2,GT2,GH16_3,GT2,GT2
3.A.5,9.B.14,9.A.40,GH23,1.B.52,3.A.9,1.B.33,1.B.14,GerE,1.B.3,1.B.52,3.A.5,3.A.16
2.A.1,HTH_3,2.A.49,Aminotran_1_2,1.B.52,1.B.14,GT51,1.A.11,9.B.34
9.B.104,Rhodanese,Aminotran_1_2,GT9,GT4,PfkB,SIS,GT30,GH23
GH13,8.A.5,HTH_1|LysR_substrate,LysR_substrate,HTH_1|LysR_substrate,1.B.14
CBM50,8.A.5,3.B.1,3.B.1,2.A.6,2.A.6,2.A.6,HTH_5,2.A.119,HTH_18|AraC_binding,GH2,GGDEF,9.B.72
PL7_5,NUDIX,4.C.1,HisKA,Response_reg|Trans_reg_C,2.A.6,2.A.6,2.A.66
CE11,GT28,2.A.103,9.B.146
2.A.21,GH63,PfkB,AsnC_trans_reg|HTH_11,1.B.14,TPR_1,Pyr_redox_2,1.B.52
CBM50,5.A.1
9.B.99,CBM41|GH13_13,1.B.14,2.A.76,3.A.1,9.B.186,1.A.23
2.A.64,2.A.64,2.A.64,9.B.34,GT2
1.B.14,LytTR,CBM73,2.A.6
1.B.3,1.B.14,2.A.37,1.B.14,2.A.21,GH31,2.A.102,GntR,2.A.98
