1.A.104,3.A.6,CBM13,TPR_1,HxlR,1.B.52,2.A.6,2.A.6,1.B.14,2.A.1,4.C.1,4.C.1,4.C.1,4.C.1,3.A.1,3.A.1,GH37,2.A.1,2.A.67,LysR_substrate|HTH_1,2.A.7
3.A.1,3.A.1,3.A.1,3.A.1,3.A.1,GH23,Sigma70_r2|Sigma70_r4_2,3.A.6,3.A.6,3.A.6,3.A.6,3.A.6,1.B.22,3.A.6,3.A.23
3.A.5,3.A.1,3.A.1,Sigma70_r2|Sigma70_r4,GT51
1.B.52,HATPase_c|H-kinase_dim|Response_reg|CheW,CheW,3.B.1,3.B.1,3.B.1,2.A.70,2.A.70,LysR_substrate|HTH_1,1.C.113,1.I.1,SBP_bac_3,1.A.16,2.A.1,2.A.7,GH102
PL7_1,PL7_1,GGDEF|PAS|EAL|Response_reg,SBP_bac_3,2.A.85,Pyr_redox_2,1.I.1,2.A.1,AA3_2,TetR_N,3.A.1,3.A.1,3.A.1
9.B.159,9.B.164,4.C.1,GT2,2.A.76,2.A.106,1.B.52
CBM50,Fer4,1.A.62,1.A.30,1.A.30
2.A.39,2.A.6,GT30,LysR_substrate|HTH_1,2.A.7,8.A.5,PfkB,CbiA,3.A.1,9.B.67,GT4,PIG-L,GT4,GT4,GT9,GT9,9.B.34,3.A.23,2.A.21,MCPsignal,2.A.36,1.A.23
GT2,2.A.6
2.A.88,HTH_3,LysR_substrate|HTH_1,2.A.1,3.A.15,3.A.15,3.A.15,3.A.15,1.B.22,AA10,Pyr_redox_2,GATase_2,9.B.42,SKI,1.B.22,3.A.11,GT51,3.A.11
2.A.64,1.B.52,1.B.52,GT2
1.A.13,LysR_substrate|HTH_1,3.A.7,Pyr_redox_2,GT2,CE4|GH153,1.B.55,5.B.7
GT51,3.A.1,3.A.1
GT4,GT4,GT4,GT4,3.A.1,3.A.1,Aminotran_1_2,1.I.1,2.A.7
GH0,GH103,2.A.103
2.A.21,GT2,GT2,3.A.1,GT2,GT2,GT0,GT0,1.A.33
2.A.40,2.A.76,9.B.35,CE4,9.B.43,1.B.10
1.B.25,1.A.23,2.A.21,NUDIX,3.A.5,dCache_1|MCPsignal,GT4
GT19,1.B.33
1.M.1,GH19
2.A.76,NUDIX,HD|Response_reg,9.B.34,9.B.34,5.B.3,HATPase_c,2.A.21,2.A.3,GT0
GT2,1.B.13,PL5_1,2.A.50,8.A.1,8.A.48,2.A.85,1.B.17,LysR_substrate|HTH_1,2.A.6,2.A.6,Response_reg|Trans_reg_C,HATPase_c|HisKA,9.B.34,2.A.37,2.A.37,LysR_substrate|HTH_1,2.A.14,PL7_1
3.A.1,9.B.18,CbiA,GT4,GT2,GT2
2.A.37,1.A.11,1.E.34,HD,GerE|Response_reg,HisKA|HATPase_c|PAS|Response_reg|SBP_bac_3,8.A.59,GAF,AAA,2.A.21,MarR,Aminotran_1_2,9.B.1,3.A.18,LysR_substrate|HTH_1,2.A.102,MarR,GT104
3.A.1,3.A.1,GH23
2.A.21,3.A.3,3.A.3,3.A.3,2.A.3,3.A.11,9.B.18,9.B.146,GT2,2.A.66
GT2,3.A.23,Aminotran_1_2,Nitroreductase,2.A.38
3.A.1,3.A.1,3.A.1,Pyr_redox_2,2.A.1,GH3,TetR_N,LexA_DNA_bind,3.A.7,3.A.1,GH23,3.A.1,2.A.66,1.B.52,3.D.4,3.D.4,3.D.4,3.D.4,3.D.4,3.D.4,1.C.12,Fer4,3.A.3
2.A.46,4.C.1,2.A.1,GH15
1.A.14,HTH_IclR|AsnC_trans_reg,1.B.12,PIG-L,CBM48|GH13_11,GH13_26,GH77,GH13_10,GT5,1.B.52
GT2,2.A.123,GT83
CE11,GT28,2.A.103,9.B.146
2.A.121,GT4
8.A.1,3.A.1,2.A.6,SBP_bac_3,2.A.6,2.A.6,2.A.6,TPR_2,2.A.21,Response_reg,HATPase_c|HisKA|Response_reg,CheB_methylest,CheR_N|CheR,2.A.21,Response_reg,GT0|GT2|GT4,HTH_18,3.A.1,3.A.1,3.A.1,3.A.1
2.A.1,GntR,GH0,9.B.104,3.A.4
GH23,3.A.1,3.A.1,3.A.1,3.A.1,3.A.1,GGDEF|GAF,AraC_binding|HTH_18,2.A.76
2.A.1,CBM48|GH13_9,GH13_16,GH13_3,9.B.20
9.B.34,EAL,HATPase_c|HisKA|PAS,3.A.23,2.A.23,9.B.156,2.A.58,2.A.109,2.A.11,LysR_substrate|HTH_1,3.A.1,2.A.53,3.A.11,CBM50,2.A.38,TPR_2,3.A.1,FUR,3.A.1,3.A.1,3.A.1,3.A.1,3.A.1
GT4,GT4,GT4,3.A.1,3.A.1,GT4
