3.A.6,3.A.6,3.A.6,3.A.6,3.A.6,3.A.6,GH23,1.A.23,9.B.34,GT5,CBM48|GH13_9,GH13_10,GH77,GH13_26,CBM48|GH13_11
GH43_1,2.A.2,2.A.1,GH10,GH3,GH43_12,GH67
9.B.35,CE4
GH5_1|CBM63,GH6,2.A.3,1.A.35,GH37
GH5_1|CBM2,2.A.53,GT2,8.A.59
3.A.23,GH103
1.B.14,GH2,GntR,2.A.1,LacI|Peripla_BP_3,SIS,CE9,GT2,CE4|GH153|GH153
9.B.146,2.A.103,GT28,CE11,Peptidase_M23,3.A.5
1.B.14,GH98|CBM35,PfkB,2.A.41,8.A.5,2.A.7,3.A.1,3.A.1
CBM5,GH30_8,9.B.126,GT41,TPR_2,1.B.46
3.A.1,GT83
GH19,3.A.23,3.A.23,3.A.23,3.A.23,TPR_1,3.A.23,3.A.23,3.A.23,3.A.23,3.A.23,3.A.23,1.C.106
1.B.18,8.A.3,9.B.18,9.B.30,9.B.97,9.B.97,GT4,GT94,2.A.66,GT70,GT26
1.B.14,GH121,GH43_29,GH146
2.A.66,GT2,GT4,GT4,B12-binding,3.A.1,2.A.1,9.A.40,2.A.20
CBM50,3.A.16
GH31,2.A.1
GH23,3.D.3,3.D.3,1.A.12
3.A.6,3.A.6,GGDEF|MHYT|EAL,9.B.34,9.B.34,3.A.6,3.A.6,3.A.6,3.A.6,GT2
GH144,SBP_bac_1,3.A.1,3.A.1,CBM32
GH3,GAF|GGDEF|EAL,2.A.21,GH3
2.A.6,2.A.6,3.A.5,AsnC_trans_reg|HTH_11,GT32
1.B.33,GT19,1.B.14,3.A.1,3.A.1
1.C.113,GT2,GT51
1.B.14,GH29,GH18,GH20,GH2,GH3,3.A.1
GH125,GH92,GH35,GH33,9.B.158
1.B.14,GH15,GT20,1.B.33,HATPase_c|HisKA,3.A.23,3.A.15,3.A.15,3.A.15
3.A.5,9.B.14,GH51
1.B.22,3.A.11,GT51
2.A.11,LacI|Peripla_BP_3,2.A.2,GH13_4
2.A.6,GT30,GT4
GT2,1.B.14,GntR,GT0,1.B.22
2.A.79,3.A.1,3.A.1,GH99
8.A.5,GT2,2.A.3
GT2,9.B.67,GT83,CBM50,3.A.7
GT2,2.A.123
2.A.109,1.A.26,2.A.37,GH15,8.A.28,GT2
2.A.1,IclR|HTH_IclR,2.A.107,2.A.21,GH115,GH94,2.A.2
2.A.1,GH103,GH5_5,GH5_5,GH5_5
GH43_9,GerE|Response_reg,4.C.1,1.B.70,9.B.136,2.A.21,1.E.43
2.A.1,2.A.109,CE4,2.A.9
