GH0,LacI|Peripla_BP_3,SBP_bac_1,3.A.1,3.A.1,Glyoxalase,DeoRC|HTH_DeoR,SBP_bac_1,3.A.1,3.A.1,GH20,GH109,GH20|CBM32,2.A.45
CE1,2.A.1
GH16_3|CBM13,GH64|CBM56,Response_reg|GerE,GH115,LacI|Peripla_BP_3,9.B.62
GH43_22,Sigma70_r4,3.A.1,3.A.1,3.A.1
GH13,GH3,GH35,3.A.1,3.A.1,3.A.1
GH92|GH92,GH92|GH92,LacI|Peripla_BP_1,2.A.8,HTH_1|LysR_substrate,3.A.1,3.A.1,3.A.1
2.A.7,Aminotran_1_2|GntR,2.A.7,PadR,AA10
4.F.1,4.A.1,8.A.7,GH31,1.A.8
GT2,3.A.24,DeoRC|HTH_DeoR,PALP,3.A.1,3.A.1
3.A.1,3.A.1,CBM51,LacI|Peripla_BP_3,2.A.1
GH145,Peripla_BP_1,3.A.1,3.A.1,3.A.1,CBM67|CBM67|GH78
3.A.1,MarR,GH109,3.A.1,3.A.1
2.A.8,GH2,GH97,GH16_3,IclR|HTH_IclR,3.A.1,3.A.1,GH31,IclR|HTH_IclR,LacI|Peripla_BP_1,GH0|GH38,3.A.1,3.A.1,3.A.1,3.A.1,3.A.1,3.A.1,3.A.1,3.A.1,3.A.1,3.A.1,3.A.1,3.A.1,3.A.1,LacI|Peripla_BP_3,GH2,GH127|CBM13,CBM32|CBM32|GH87,HTH_18,2.A.1
3.D.2,3.D.2,3.D.2,TetR_N,2.A.6,GH29,2.A.3,CBM6,3.A.1,3.A.1,3.A.1,GH1,2.A.1
GH23,GntR,GH42,3.A.1,3.A.1,3.A.1,2.A.1
GT4,4.F.1
3.A.1,3.A.1,GH68|GH68,GT2,2.A.66,PIG-L,GT4,9.B.102,PL12_3,GT4
3.A.1,3.A.1,3.A.1,3.A.1,GH33,9.B.51
3.A.3,4.C.1,CBM32|GH20
1.A.6,2.A.1,3.D.4,GT4,3.A.1,3.A.1
3.D.2,NUDIX,GH15,GT4,1.C.109,3.A.1,3.A.1,3.A.1
2.A.40,PL1_6,3.A.1,3.A.1,3.A.1,GntR,TetR_N,2.A.7,CBM13|CBM32|CBM6,2.A.121
2.A.6,Response_reg|GerE,HATPase_c,GH23,Response_reg|ANTAR,3.A.1,3.A.1,3.A.1,3.A.1,GT4,3.D.1
2.A.7,3.A.1,Response_reg|GerE,AraC_binding|HTH_18,GH35,3.A.1,3.A.1,3.A.1,CBM2,Pyr_redox_2,GATase_2,2.A.89
GH3,HTH_1|LysR_substrate,3.D.10,3.D.10,3.D.10,GH6,GH48
GT28,2.A.103,Pyr_redox,9.B.146
4.C.1,GT4
8.A.59,HATPase_c,Response_reg|GerE,GH89,MarR,2.A.7
8.A.5,LacI|Peripla_BP_3,3.A.1,3.A.1,3.A.1,GH51,9.B.18,GT4
GH16_3,GH64,2.A.76
2.A.1,9.B.179,TetR_N,GT4,GH0,3.A.1,3.A.1,3.A.1
3.A.1,GT2,GH136
3.A.1,3.A.1,SBP_bac_1,2.A.7,CBM32|CBM6,GT83,2.A.78,2.A.78
1.A.1,GH6,AA10,HMA,CBM16
GH158|CBM32,LacI|Peripla_BP_3,HTH_5,2.A.53,Sigma70_r2|Sigma70_r4_2,CBM13|CBM32|CBM6
GH13_32|CBM20,3.A.7,GH13_30,3.A.1,3.A.1,3.A.1,LacI|Peripla_BP_3,GH13_32
9.B.114,2.A.102,3.D.1,1.A.87,4.A.2,GH0,CBM32,CBM32|PL7_3|PL7_3|CBM32|PL6_2
9.B.106,2.A.1,BTAD|Trans_reg_C,8.A.5,TetR_N,3.A.1,3.A.1,FUR,GH33,GntR,Response_reg|GerE,2.A.6,8.A.5
GH29,GH77,GH84|CBM32,GH4,3.A.1,3.A.1,SBP_bac_1,MarR,3.A.1
2.A.6,2.A.15,CBM12,MarR,9.B.149,CE4,2.A.3,9.B.27,HTH_8,Sigma70_r4_2,2.A.6,TetR_N,HMA,Citrate_synt,3.A.7
GH20,CBM4|GH9|CBM2,GH48|CBM3,LacI|Peripla_BP_3,3.A.1,3.A.1,3.A.1,GH1
2.A.7,GT51,3.A.1,2.A.1
2.A.1,CBM38|GH116
3.A.1,3.A.1,3.A.1,GH31,LacI|Peripla_BP_3,GH3|CBM6,SBP_bac_1,3.A.1,HTH_IclR,GH20
9.B.174,3.A.1,9.B.106,FHA,3.A.1,3.A.1,3.A.1,GT2,GT4
GH23|CBM50,GT2,GH43_26,2.A.1
3.A.1,GT39,2.A.7,3.A.1
2.A.1,TetR_N,GH23
CBM13,HTH_IclR,3.A.1,3.A.1,3.A.1,3.A.1,MarR,2.A.1,3.A.1,3.A.1,3.A.1
3.B.1,GH10|CBM2,3.A.1,3.A.1,TetR_C|TetR_N,8.A.5,3.A.3,2.A.40,MarR,2.A.1
3.A.1,3.A.1,3.A.1,PfkB,DeoRC|HTH_DeoR,GH4
2.A.1,TetR_N,CBM50,CBM6,3.A.1,3.A.1,3.A.1
GT51,PadR,2.A.1
3.A.1,3.A.1,8.A.21,2.A.59,CBM13
GH23,AA7,2.A.20,3.A.1,3.A.1,3.A.1,3.A.1,Pribosyltran,3.A.16
CBM13,3.A.1,3.A.1,3.A.1,3.A.1
2.A.7,GT4,GH6|CBM3,Sigma70_r2|Sigma70_r4_2,2.A.6,GntR,SKI,2.A.8
GH114,2.A.1,TetR_C|TetR_N,CBM6,HTH_7,GH95,CBM32,MarR|AsnC_trans_reg,2.A.78,GH97|CBM51,1.I.1
9.B.34,CBM35,PfkB,CE9,SIS,3.A.1,GT20,GT81
CBM51,TetR_N,SpoIIE,2.A.1
9.B.106,GH15
1.I.1,GH114
3.D.1,3.D.1,3.D.1,3.D.1,Fer4,3.D.9,3.D.1,3.D.1,3.D.1,2.A.1,GH43_30,9.B.55
GH3,3.A.1,9.B.145
GT2,9.B.126
2.A.1,HTH_11,GT2
GH20,3.D.10,3.D.10,Glycos_trans_3N,3.A.1,3.A.1,2.A.1
3.A.1,3.A.1,CE14,AAA,1.C.113
2.A.55,CBM16|GH18,CbiA,9.A.47
GH81,Pyr_redox_2,Pyr_redox_2,2.A.6
3.A.1,MerR,PIG-L,GH18,1.A.26
3.A.1,3.A.1,3.A.1,3.A.1,3.A.1,CE14,3.A.1,3.A.1,3.A.1,3.A.1,3.A.1
GT4,GH135,3.A.25,3.A.3
2.A.114,GntR,3.A.1,3.A.1,3.A.1,GH3
3.A.1,3.A.1,3.A.1,CBM6|CBM13,GH29|CBM47,GH141,GH95
3.A.1,3.A.1,3.A.1,GntR,LacI|Peripla_BP_3,SBP_bac_1,3.A.1,3.A.1,GH36,GH29|CBM47,AraC_binding|HTH_18,GH29,GH20|CBM13,Sigma70_r2|Sigma70_r4_2,PL33_2,CBM6|CBM13,GH20|CBM32,GH95,GH29|CBM47,HATPase_c|HisKA,GH110
9.B.146,1.A.77,3.A.2,3.A.2,3.A.2,3.A.2,CBM2|GH18,GH18
AA10,3.A.1,3.A.1,SBP_bac_1,Response_reg,2.A.23,GT2,GT2,9.B.97
GH25,3.A.1,3.A.1
2.A.76,9.A.40,9.A.40,HTH_1|LysR_substrate,CBM16|GH18,CE14|CBM9,GH23
GH99,GH87,GH13_30,3.A.1,3.A.1,SBP_bac_1,LacI|Peripla_BP_3,HATPase_c|PAS,2.A.21
2.A.15,GH5_4
2.A.10,1.C.107,GT83
CBM67|GH78,SBP_bac_1,3.A.1,3.A.1,3.A.1,2.A.6
1.A.87,HTH_1|LysR_substrate,GH76,peroxidase,1.A.35,GH43_3,HTH_11,3.A.1,3.A.1,SBP_bac_3,GH43_3
3.A.1,3.A.1,Pkinase,CBM57,2.A.39
3.A.1,3.A.1,Peripla_BP_1,CBM6,CBM13|CBM32|CBM6
GH145,AraC_binding|HTH_18,2.A.1,LacI|Peripla_BP_3,Peripla_BP_1,3.A.1,3.A.1,GH140,3.A.1,3.A.1,3.A.1,HTH_5,GH89
3.A.1,3.A.1,3.A.1,GH51,HTH_18|Peripla_BP_3,3.A.1,3.A.1,3.A.1,CBM57|CBM6,CBM13|CBM32|CBM57|CBM6,GH43_12,3.A.1,3.A.1,3.A.1,GH3,3.A.1,CBM13|GH62,CBM13|CBM32|CBM57|CBM6,GH10,GntR,GH95,GntR,SBP_bac_1,3.A.1,3.A.1,GH141,GH67,GH43_36,GH27|CBM13,GH6,3.A.1,GH10|CBM13,CBM13|CBM13|CE1,HATPase_c,Response_reg|GerE,2.A.6,GH95,GH15
GH29,2.A.6
2.A.85,2.A.1,AA10,GntR,Fer4,3.A.1,3.A.1,3.D.10
GH5_2,GH11,Pkinase,Pkinase,3.A.1,SpoIIE,TrkA_C,Response_reg|GerE,2.A.1,TetR_N,GH116,SBP_bac_1,3.A.1,3.A.1,GH55,3.A.1,3.A.1
GH55,HTH_8,3.A.1,Sigma70_r2|Sigma70_r4_2,3.A.1,3.A.1,HATPase_c|NIT,3.A.1,3.A.1,2.A.1
GH3,2.A.1
GH2,GH18,3.A.1,3.A.1,IclR|HTH_IclR,2.A.33,GH0,GH63,SBP_bac_1,3.A.1,3.A.1
PL1,LacI|Peripla_BP_3,3.A.1,3.A.1,3.A.1,GH3,SIS,DeoRC|HTH_DeoR,GH89,GH20|CBM32
3.A.1,HATPase_c,NUDIX,2.A.4,GT2,3.A.1,2.A.6
3.A.1,3.A.1,3.A.1,LacI|Peripla_BP_3,GH23|CBM50
2.A.1,GerE,NUDIX,CBM32,CBM12,HTH_1|LysR_substrate,CBM12,CBM32,LacI|Peripla_BP_3,3.A.1,3.A.1,3.A.1
GT2,2.A.115,Aminotran_1_2|GntR,3.A.1
3.A.1,3.A.1,3.A.1,DeoRC|HTH_DeoR,GH16_3,GH5_8,8.A.5
2.A.1,3.A.1,2.A.1,AraC_binding|HTH_18,NTP_transf_2,GH43_30|CBM35,CBM67|CBM67|GH78
CE7,LacI|Peripla_BP_3|Peripla_BP_1,3.A.1,3.A.1,3.A.1,3.A.1,3.A.1,GH3,GH5,CBM67|GH78,Sigma70_r2|Sigma70_r4_2,GH43_26,PL8_3|CBM32|CBM32,GH130,3.A.1,3.A.1,PL8_3,GH15
