3.A.1,Peripla_BP_2,3.A.1,HTH_18|AraC_binding,2.A.3,CE14,GH141|CBM47,3.A.1,3.A.1,PL8,GH154,Peripla_BP_2,3.A.1,3.A.1,3.A.1,HTH_18|AraC_binding,2.A.1,Pyr_redox_2,2.A.37,2.A.37
GH43_26,GH2,GH127,3.A.1,3.A.1,3.A.1,3.A.1
2.A.1,HTH_3,GH3,2.A.1,GH2|GH2,2.A.28,TPR_1,3.A.25,MarR,2.A.1,GH31|CBM51,Peripla_BP_3|LacI,SBP_bac_1,3.A.1,3.A.1,GH35,peroxidase,FUR,1.A.1,3.A.3,3.A.3,3.A.3,3.D.4,HTH_1|LysR_substrate,2.A.1,GAF|SpoIIE,TetR_N,3.A.1,9.B.62
3.A.1,MarR,Sigma70_r2|Sigma70_r4|Sigma70_r3,CBM48|GH13_11,GH13_16,CBM48|GH13_9
1.A.43,GH65,2.A.1
GT2,3.A.24
4.F.1,4.A.1,8.A.7,Aminotran_1_2|GntR,GH31
GT4,GT4,Aminotran_1_2|GntR,2.A.115,2.A.1,GT2
GT4,4.F.1
2.A.8,2.A.3,2.A.7,NUDIX,9.B.51,TetR_N,4.C.1,CBM32
3.A.1,3.A.1,3.A.1,2.A.1,GT76
3.D.2,NUDIX,CbiA,GH15,HTH_8,GT4,1.C.109,3.A.1,3.A.1,3.A.1
8.A.21,3.A.1,GerE|Response_reg,GAF|HATPase_c,GH23,3.A.1
PL31,GH23,3.A.1,3.A.1,3.A.1,3.A.1,3.A.1
GT28,2.A.103,Pyr_redox,9.B.146
4.C.1,GT4
9.B.111,GH114
3.A.1,3.A.1,3.A.1,GH13_30
3.A.1,3.A.1,HATPase_c,GerE|Response_reg,2.A.1,2.A.1,9.B.179,GH0,GT4,TetR_N,3.A.1,3.A.1,3.A.1,9.B.143
8.A.5,TetR_N,GT83,GT87,2.A.1,2.A.1,2.A.106
3.A.1,3.A.1,3.A.1,Rrf2,GH35
GH1,9.A.40,2.A.1,GH31
2.A.7,TetR_N,GH77,1.A.23,MarR,3.A.1,3.A.1,3.A.1,GH4
1.A.1,CBM12|CBM5
GT4,9.B.18,2.A.66,GT4,8.A.3,GH0,3.A.1,2.A.3,PfkB,MerR,HMA,3.A.3,Citrate_synt,3.A.7
2.A.7,HTH_1|LysR_substrate,GH3,3.A.1
3.A.1,GH20
GH1,3.A.1,3.A.1,3.A.1,Peripla_BP_3|LacI,GH1,CBM2|GH18
3.A.1,3.A.1,3.A.1,AA10,HTH_3,HATPase_c,GT2,AA5,GH6,3.A.1,3.A.1,3.A.1,3.A.1
2.A.1,3.A.1,GT51,2.A.7
GH20,3.A.1,3.A.1
CBM13,9.B.174,3.A.1,9.B.106,9.B.106,FHA,SBP_bac_1,3.A.1,3.A.1,GT2,GT2,GT2,MarR,GT2,TetR_N,3.A.1,3.A.5
2.A.1,CSD,PALP,GT81,GT20,3.A.1,CE9,PfkB,CBM35,9.B.34
2.A.20,3.A.1,3.A.1,3.A.1,3.A.1,AA7,9.B.105,GH23
2.A.1,SpoIIE,Pyr_redox_2,TetR_N,CBM51
2.A.1,ANTAR,STAS,TetR_N|TetR_C,2.A.1,GT83
GH2,3.A.1,3.A.1,3.A.1,3.A.1,Sigma70_r2|Sigma70_r4_2,Pyr_redox_2,MerR,1.I.1
GT2,3.A.9
5.A.1,9.B.14,TetR_N,CBM13
GT76,GT2,CBM12,HTH_1|LysR_substrate,3.A.1,2.A.1
GT2,9.B.145
2.A.1,1.A.22,CE4
3.D.10,3.D.10,GH20
2.A.76,GT2,3.A.1,3.A.1,3.A.1,3.A.1,3.A.1,Glycos_trans_3N,2.A.69,Sigma70_r2|Sigma70_r4_2,2.A.1
2.A.8,Sigma70_r2|Sigma70_r4_2,CBM16|GH18,CbiA,9.A.47
2.A.86,HTH_1|LysR_substrate,3.A.1,PadR,GT51
CE14,3.A.1,3.A.1
3.A.1,3.A.1,3.A.1,3.A.1,GT4,GH135,3.A.25,2.A.1
2.A.21,GntR,3.A.1,3.A.1,3.A.1,GH3
9.B.146,1.A.77,3.A.2,3.A.2,3.A.2,3.A.2,CBM2|GH18,GerE|Response_reg,HATPase_c,3.A.1,3.A.1
2.A.23,TetR_N,2.A.1,MerR,CBM48|GH13_9,GH13_16,GH13_3,GT35,1.B.77
3.A.1,3.A.1,GerE|Response_reg,3.A.1,3.A.1,3.A.1,HATPase_c,GerE|Response_reg,CBM48|GH13_11
2.A.1,CBM11|GH3
PL8,3.B.1
3.A.1,3.A.1,3.A.1,3.A.1,CBM16|GH18
GH0,NUDIX,3.A.1
GT2,2.A.66,PIG-L,GT4,9.B.102,PL12_3,GT4,9.B.18,9.B.106
AA10,1.E.43,HTH_5,3.A.3,3.A.1,3.A.1,3.A.1,3.A.1,3.A.1
2.A.1,HTH_1|LysR_substrate,EPSP_synthase|HTH_3,GH92,CBM32|GH92,3.A.1,3.A.1,3.A.1,HTH_IclR,3.A.1,3.A.1,3.A.1,2.A.3
GH13_10,FHA,GH13_26,GH13_11,3.A.1,3.A.1,SBP_bac_1,GT1,2.A.6
CE4,GT2,GT9,GT0,GT4,SIS,GT9,GT2,GT2,9.B.20
4.C.1,2.A.1,CBM32|GH46
2.A.1,GT2,GT4,3.A.1
CBM2|GH6,GH75,4.C.1,2.A.1,AsnC_trans_reg|HTH_IclR,HTH_1|LysR_substrate,2.A.28
3.A.1,3.A.1,3.A.1,GH1,SBP_bac_5,2.A.1,2.A.1
GH16_3|CBM6,GH4,HTH_3,3.A.1,3.A.1,3.A.1,3.A.1,Peripla_BP_3|LacI,3.A.1,3.A.1,3.A.1,GH13_30,GH87
CBM32,9.A.36,2.A.7
2.A.4,GT2
GH18|AA10|CBM16|CBM5,FmdA_AmdA,2.A.3
4.C.1,2.A.102,9.B.106,GT28,CE4,2.A.1,2.A.53
GH23|CBM50,2.A.7,GT5,GH92
3.A.1,3.A.1,3.A.1,GH5_18,GH85,GH38,GntR,3.A.1,3.A.1,3.A.1
2.A.3,CE4,9.B.34,HTH_1|LysR_substrate,HTH_1|LysR_substrate,3.D.10,3.D.10,3.D.10
AA3_2,GH13_3,CBM48|GH13_9,HTH_3,GT5,3.A.1,3.A.1,3.A.1,SBP_bac_5,CBM48|GH13_11,3.A.1,3.A.1
4.C.1,4.C.1,3.A.1,3.A.1,3.A.1,3.A.1,TetR_N,3.A.1,GH15,ANTAR,MarR,3.A.1,3.A.1,3.A.1,3.A.1
2.A.85,GH16_3|CBM13
GH65,Penicillinase_R,9.B.27,2.A.52,GH15,GH46,GAF|SpoIIE,ANTAR|GAF,2.A.1
9.B.126,GAF|SpoIIE,5.A.3,5.A.3,5.A.3,GH18|CBM5
CE4,3.B.1,TetR_N,2.A.3,9.B.74
GH92,3.A.1,3.A.1,3.A.1,GH154,GH136,Peripla_BP_3|HTH_DeoR,2.A.39,2.A.1,9.B.142,MarR,2.A.1,GH114,GH135,GT4,PL7_4,CBM32,TetR_N,GT2,GT2,3.A.1
GH92,GH4,PfkB,3.A.1,3.A.1,3.A.1,GH114,DeoRC|HTH_DeoR,NUDIX,CBM13,8.A.5
