1.A.1,2.A.116,TetR_N,GH64
4.C.1,GT28
9.A.31,GT51
2.A.1,1.A.1,CBM50
CE4,2.A.1
9.B.176,8.A.21,2.A.33,GH15
2.A.49,SBP_bac_3,3.A.1,3.A.1,3.A.1,MerR,2.A.53,2.A.45,CBS,AA3,3.A.1,3.A.1
CE14,GH1,2.A.1
3.A.3,3.A.1,Peripla_BP_2,4.C.1,GH88
3.A.1,4.C.1,3.A.1,3.A.1,3.A.1,3.A.1,3.A.1,2.A.1,GH15
2.A.1,GAF,TetR_N,Glyoxalase,PAS|GAF|SpoIIE,GH16
2.A.1,PAS|GAF|SpoIIE,2.A.3,GH15
GT2,3.A.24
9.B.176,STAS,SpoIIE,GH15
GH38,3.A.1,3.A.1,SBP_bac_1,PALP,TetR_C|TetR_N,GH27,GH89
GH71,2.A.4,9.B.124,GH46,1.A.35,MerR|TOBE,HTH_1|LysR_substrate,2.A.7,GntR|Aminotran_1_2,2.A.7
4.A.1,8.A.7,GH31
2.A.1,GT2
3.A.24,9.A.40,9.A.40,4.B.1,GH18,PALP,TrmB,2.A.40
GT4,4.F.1,1.A.1
2.A.1,GT76
4.B.1,CbiA,3.D.2,NUDIX,CbiA,GH15,HTH_8,GT4,1.C.109,3.A.1,3.A.1,3.A.1
GH23,3.A.1
GH23,3.D.1,3.A.1,3.A.1,3.A.1
GT28,2.A.103,Pyr_redox,9.B.146
4.C.1,GT4
9.B.111,HATPase_c,GH114,GH135,GT4
GH13_13|CBM41|CBM41|GH13_13,GH13_32|CBM20,Peripla_BP_3|LacI,GH13_30,3.A.1,3.A.1,3.A.1,GH13_30
9.B.179,GH0,GT4
3.A.1,3.A.1,3.A.1,GT87,2.A.1,2.A.106
2.A.7,2.A.7,MarR,GH77,GH84|CBM32,1.A.23,MarR,SBP_bac_1,3.A.1,3.A.1,GH4,3.A.1
2.A.6,TetR_N,HMA,3.A.3,Citrate_synt,3.A.7,2.A.7,HTH_1|LysR_substrate,GH3,3.A.1
3.A.1,Pyr_redox_2,GH20
3.A.1,3.A.1,3.A.1,GH1
9.B.34,GH18,HTH_IclR|IclR,2.A.1,AA10
3.A.1,GT51,2.A.7
2.A.1,HTH_1|LysR_substrate,9.B.174,3.A.1,9.B.106,9.B.106,FHA,3.A.1,3.A.1,3.A.1,GT2,TetR_N,3.A.1,3.A.5
GH23|CBM50,5.B.1,9.B.106,3.A.1,3.A.1,2.A.1
GT39,3.A.1,3.A.1,2.A.6
GH0,8.A.3,2.A.66,9.B.18,GT4
GH23,2.A.76
2.A.1,SpoIIE,Pyr_redox_2,TetR_N,CBM51
2.A.1,TetR_C|TetR_N,GT83,GT2
GT51,PadR,2.A.1,HD,2.A.66
3.A.9,GT76
9.B.104,MarR|AsnC_trans_reg,2.A.23,GH33,GntR,4.C.1,GH23
CBM12,2.A.7
CE4,2.A.103
2.A.76,GT2,3.A.1,3.A.1,3.A.1,3.A.1,Glycos_trans_3N,Sigma70_r2|Sigma70_r4_2,2.A.1
3.A.1,3.A.1,AraC_binding,CE14,1.C.113
CBM16|GH18,CbiA,3.A.7
2.A.1,CE4
3.A.1,PadR,GT51,SpoIIE,CBM13
9.B.100,3.D.10,3.A.1,3.A.1,3.A.1,3.A.1,3.A.1,3.A.1,3.A.1,3.A.1,3.A.1,3.A.1,3.A.1,3.A.1,CE14,3.A.1
3.A.1,3.A.1,3.A.1,3.A.1,GH135,3.A.25,2.A.1
2.A.114,GntR,3.A.1,3.A.1,3.A.1,GH3
3.A.1,GT83
9.B.146,1.A.77,3.A.2,3.A.2,3.A.2,CBM2|GH18
CBM48|GH13_9,GH13_16,GH13_3,GT35,HTH_IclR|HTH_11|AsnC_trans_reg,2.A.1,9.B.18,GT4
CBM32,HTH_1|LysR_substrate,2.A.39
2.A.78,2.A.78,3.A.9,Rhodanese,3.A.1,3.A.1,3.A.1,3.A.1,Response_reg|Trans_reg_C,HATPase_c|HisKA,GH85,GH5_18
GH0,NUDIX,3.A.1,GntR,Sigma70_r2|Sigma70_r3|Sigma70_r4,1.A.17,HATPase_c,2.A.21
GT1,3.A.1,3.A.1
2.A.40,GT2
GH4,2.A.1
GT2,3.A.1
GH3,2.A.7
CBM12|CBM5,HTH_1|LysR_substrate,TetR_N,CBM32,3.D.1,Aminotran_1_2,MarR|AsnC_trans_reg,PadR,2.A.16,AA3,3.A.1,3.A.1
9.B.111,CE4,9.B.34
9.B.62,PAS|GerE,GH65,2.A.3,HATPase_c|HisKA,Response_reg|Trans_reg_C,3.A.3,3.A.3
2.A.7,GntR|Aminotran_1_2,Sigma70_r2|Sigma70_r4_2,GH114,Response_reg|Trans_reg_C,MarR,2.A.1,GH20,3.A.1
1.E.43,9.B.106,GerE|Response_reg,GH23
3.A.1,3.A.1,8.A.5,3.A.1,AraC_binding|HTH_3,2.A.1,CBM57
3.A.1,3.A.1,2.A.6,HATPase_c,GerE|Response_reg,9.B.106,GH31,HTH_1|LysR_substrate,2.A.1
CBM13,9.B.75
2.A.1,GH15,9.B.140
2.A.85,HATPase_c,CSD,1.I.1,MerR,GT51
3.A.1,3.A.1,3.A.1,GH13_30,3.A.1,PadR,3.A.1
9.B.126,CE3,MerR,GT76
3.A.1,NUDIX,GT4,GT2
3.A.1,3.A.1,CBM13,CBM13
GH95|CBM13,8.A.5,SBP_bac_1,3.A.1,3.A.1,GH43_24|CBM13,GH35,DeoRC|HTH_DeoR,DeoRC|HTH_DeoR,3.A.1,3.A.1,3.A.1
