GH36,SBP_bac_1,3.A.1,3.A.1
3.A.1,3.A.1,Peripla_BP_1,PfkB,GH4,GH112,3.A.1,3.A.1,3.A.1,Glucokinase,3.A.1,3.A.1,3.A.1,SBP_bac_5,GH29,9.B.158
3.A.1,3.A.1,SBP_bac_1,GH36,GH16_24,Nitroreductase,2.A.1,2.A.1
GH20,GH2,PfkB,3.A.1,3.A.1,3.A.1
4.A.2,GH13_30,3.A.1,3.A.1,SBP_bac_1,FeoA,9.A.8
3.A.1,3.A.1,3.A.1,GH2,8.A.7
GH33,GntR,3.A.1,3.A.1,3.A.1,3.A.1,CE9
GH13_30,Peripla_BP_3|LacI,3.A.1,3.A.1,3.A.1,CBM48|GH13_9,GH13_16,GH13_3,3.A.1,GT35,CBM48|GH13_11
CBM32|GH101|CBM32,GntR,3.A.1,2.A.19,3.D.10,3.D.10,3.D.10
3.A.1,GH77
9.B.146,2.A.103,GT28
3.A.1,3.A.1,2.A.1,GH13_13,1.A.43
9.A.15,GH23
4.F.1,GT4
8.A.21,3.A.1,GT5,3.A.1,Rhodanese,3.A.1
2.A.7,Peripla_BP_3|LacI,GH2,2.A.2,GH3,CE4
GT4,2.A.7,3.A.1,3.A.1,3.A.1,Peripla_BP_3|LacI,9.B.28,Aminotran_1_2,4.C.1
3.A.1,3.B.1,GH33
CE4,3.A.1
9.B.98,GT0,Whib,2.A.28,2.A.28,4.D.1,GT0,3.A.1,3.A.1,GT4,2.A.66,GT4,Aminotran_1_2,GT2,GT2
1.C.113,CE14,2.A.21,3.A.1,GntR,3.A.1,2.A.33
GT39,Aminotran_1_2,3.A.1,8.A.5,2.A.15,2.A.86,Peripla_BP_2,3.A.1,3.A.1,Pyr_redox_2,5.A.1,9.B.111,2.A.14
3.A.1,3.A.1,GH20,3.A.1,3.A.1,3.A.1,GH5_18,GH38,Peripla_BP_3|LacI,9.B.106,3.A.1,HTH_IclR,SBP_bac_1,3.A.1,3.A.1,GH123
3.A.7,HhH-GPD,1.A.1,Whib,GT51,GH13_20,9.B.55
2.A.1,3.A.25,3.A.3,2.A.26,Pribosyltran,GT81,ACT,GH18,2.A.47
8.A.5,PfkB,HD,GH33,2.A.1
GT51,2.A.86,2.A.1
