2.A.102,GH15
3.A.1,SBP_bac_1,GT4,GT81
1.B.17,GT2,2.A.4,3.D.1,3.D.1
3.A.3,3.A.23,1.A.22,Peptidase_M23,GH13_26,GH57,GH13_10,8.A.59
GT2,GT4,9.B.18,9.B.18,9.B.42,CbiA,1.B.18
2.A.37,GT2
GH3,2.A.1,9.B.31,2.A.49,2.A.21,HATPase_c|Response_reg|HisKA,GH103
3.A.1,3.A.1,3.A.1,3.A.1,Nitroreductase,GH23,SpoVT_AbrB,GT2
GH8,GH77,GH13_3,2.A.3,1.B.33,GT83
GT4,2.A.21
3.A.10,GT83,2.A.115,2.A.109,HATPase_c|PAS,2.A.21
GT28,2.A.103,9.B.146
3.A.23,GH23
9.A.47,Response_reg|CbiA,3.A.7,1.A.54,HTH_18|cNMP_binding,GH23,3.A.15,3.A.15,3.A.15
GT2,GT9,GT9,3.A.1,2.A.64
GH23,1.A.23,1.A.26
3.A.1,GT9,3.D.8
GT5,1.A.33,9.A.8,FeoA,2.A.7
GH57,Pribosyltran,1.B.14,3.D.1,3.D.1,3.D.1,3.D.1,3.D.1,3.D.1,3.D.1,3.D.9,3.D.1,3.D.1,Nitro_FeMo-Co,Response_reg,2.A.21,3.A.23,AAA|Response_reg,2.A.102,9.B.34,1.B.14,MarR,2.A.6,2.A.6,2.A.6,2.A.5,2.A.3,1.B.14,1.A.30,1.A.30,Fe_dep_repress|Fe_dep_repr_C,MarR,3.A.1,3.A.1,3.A.1,3.A.1
GT19,4.C.1,9.B.34,2.A.102
GT4,GT26,GT4,PL12_3,GH51,3.A.3
3.A.9,3.A.1,3.A.1,3.A.1,GT4,TPR_1|TPR_2,1.A.35,3.A.1
GT0,9.B.18
GT2,9.B.18,Aminotran_1_2,GT28
9.B.14,9.B.160,GT4,CE11,9.A.25
9.B.102,9.B.102,8.A.59,3.A.1,3.A.3,GT4,2.A.37,CBS,1.B.33,GH23,3.A.7,CbiA,3.A.7
GH13,2.A.19,1.A.1,2.A.6,2.A.6,2.A.6,2.A.21,3.A.23,Response_reg,Rhodanese,4.A.1
2.A.1,HTH_1,GH23,Pribosyltran,GT4
3.A.1,3.A.1,3.A.1,3.A.1,Response_reg|Trans_reg_C,HATPase_c|HisKA|PAS|dCache_1,3.A.1,3.A.1,3.A.1,3.A.1,3.A.7,3.A.11,3.A.5,Aminotran_1_2,9.B.18,9.B.18,GT4,GT4,3.A.1
GH23,2.A.86,9.B.27,Glycos_trans_3N,3.A.23,2.A.72,3.A.3,HATPase_c|HisKA,CBM48|GH13_9
3.A.1,3.A.1,3.A.1,3.A.1,3.A.1,GT2
2.A.1,GH19,GT35,9.B.105
