3.A.7,GT5,Peripla_BP_3|LacI,5.A.3,Response_reg|Trans_reg_C,Pyr_redox_2,Nitroreductase,2.A.6,2.A.6
GH149,HTH_1|LysR_substrate,Peripla_BP_3|LacI,3.A.1,GH3,2.A.27,Peripla_BP_3|HTH_18,GH10,3.A.1,SBP_bac_1,3.A.1,3.A.1,GH10,1.B.52,Peripla_BP_3|LacI,GH36,2.A.21
GH43_1,GH43_11,2.A.2,Peripla_BP_3|HTH_18,GH3,2.A.1,MarR,PL15,2.A.21,HTH_1|LysR_substrate,3.A.1,3.A.1,3.A.1,Peripla_BP_3|HTH_18,8.A.1,GH43_11,1.B.52,2.A.66,1.A.23,1.B.52,PL17_2|PL17,PL17_2|PL17,PfkB,2.A.21,GH5_25,5.B.1
3.A.1,3.A.1,2.A.95,GH4
GH8,Glyoxalase,4.A.1,Peripla_BP_3|LacI,1.E.54
PL7,Peripla_BP_3|LacI,GH13,3.A.1,8.A.5,8.A.28,HTH_1|LysR_substrate,CBM32|PL7_5,1.B.6,2.A.15
3.A.1,3.A.1,2.A.6,Response_reg,3.A.1,CBM4|GH9,EAL,2.A.6,2.A.6,Nitroreductase,peroxidase,2.A.1,HTH_1|LysR_substrate,HTH_18,5.A.3,5.A.3,5.A.3
1.A.30,8.A.59,9.B.186,2.A.66,HATPase_c|Response_reg|HisKA,HxlR,1.B.14,Peripla_BP_2,3.A.1,3.A.1,3.A.1,PL15_1
2.A.21,PL38,1.B.35
1.A.8,Fer4,HTH_18,2.A.2,PL38,PL38,Peripla_BP_3|LacI,1.B.35,GH43_10,2.A.21,GH88,PL24,cNMP_binding,9.B.51
2.A.21,AraC_binding|HTH_18,GH88,PL25,GH43_10,CBM67|GH78,2.A.21,GH88,GH88,2.A.102,PL38,Peripla_BP_3|LacI,2.A.21,PL15_1,1.B.35
1.B.52,GT51,2.A.6,2.A.6,HTH_1|LysR_substrate,9.B.167
2.A.104,HATPase_c|Response_reg|HisKA|dCache_1,2.C.1,2.C.1,2.C.1,1.A.30,1.A.30,3.D.4,3.D.4,AAA,4.A.2,PfkB,4.A.2,Peripla_BP_1|LacI,1.B.14,HTH_1|LysR_substrate,Peripla_BP_2,3.A.1,3.A.1,GH16_17,2.A.1,GH16_17,GH16_17,GH127,9.B.51
3.A.23,2.A.53,PL6
3.A.1,3.A.1,3.A.1,GntR,GntR,CBS|cNMP_binding,2.A.80,1.B.35,PL7_5,1.B.35,2.A.21,PL6,Sigma70_r2|Sigma70_r4_2,1.A.12,AAA,1.B.46,3.A.1
1.I.1,CSD,8.A.5,1.B.9,CBM50,9.A.5,9.B.34,3.A.1,3.A.1,3.A.1,SBP_bac_1,1.I.1,CBM50,MerR,9.B.32,8.A.1
4.A.1,GH18,GH13_9,GH77,GT35,GerE,2.A.21
3.A.1,HTH_1|LysR_substrate,9.B.34,GH13_11,1.B.3,GH13_37,GH13_21,2.A.66,2.A.37,HTH_1|LysR_substrate,2.A.62,2.A.23,1.B.52
2.A.21,PL17_1,1.B.52,1.B.52
3.A.2,3.A.2,3.A.2,3.A.2,3.A.2,3.A.2,3.A.2,3.A.2,3.A.1,3.A.1,2.A.38,Aminotran_1_2,GH13_19,2.A.106
5.A.2,Fer4,1.C.113,2.A.38,2.A.38,CBM50
2.A.40,Peripla_BP_3|LacI,GH116,GH94,3.A.1,GH1,3.A.1,3.A.1,SBP_bac_1,Peripla_BP_3|LacI,1.B.52,9.A.40
1.A.26,PTS-HPr,4.A.2,1.B.42,1.B.42,SIS|CBS,2.A.19,3.A.1,3.A.1,3.A.1,3.A.1,STAS,EPSP_synthase,1.B.52,GH23
2.A.6,GT1,HTH_1|LysR_substrate,4.C.1
9.B.146,2.A.103,GT28,CE11,3.A.5
2.A.58,2.A.58,HTH_1|LysR_substrate,HTH_5,2.A.66,9.B.105,2.A.114,SIS|ANTAR,GH3,Response_reg|LytTR,9.B.33,1.A.34,3.A.1,GH23,Trp_repressor,9.B.34,SBP_bac_1,GH23,1.B.33,3.A.9
3.A.1,3.A.1,3.A.1,9.B.158,3.A.7,GH102,3.A.16,1.B.10,Sigma70_r2|Sigma70_r4,2.A.1,3.D.5,3.D.5,3.D.5,3.D.5,3.D.5,3.D.5,3.D.5,2.A.68,HTH_1|LysR_substrate,GH23
9.B.34,TPR_1,3.A.1,3.A.1,3.A.1,Peripla_BP_3|LacI,4.A.1,GH13_29,2.A.6,2.A.6,1.B.52,HTH_5,2.A.119,2.A.115
2.A.37,MarR,CE9,4.A.1
9.B.1,CBM41|GH13_13|CBM69|CBM69
GH13_27,2.A.6,2.A.6
1.A.11,TPR_2,1.B.52,2.A.15,TetR_N,GGDEF,GH1,4.A.1
1.A.16,3.A.1,3.A.1,3.A.1,2.A.27,GT2,2.A.6
3.A.1,3.A.1,Fer4,Nitro_FeMo-Co,3.A.23,HATPase_c|PAS,3.D.6,3.D.6,3.D.6,3.D.6,3.D.6,3.D.6,9.A.5,1.B.52,PL7
2.A.37,HTH_1|LysR_substrate,9.B.8,2.A.28,2.A.56,2.A.56,2.A.56,FUR,SBP_bac_1,3.A.1,3.A.1,SBP_bac_1,3.A.1,GntR,GH2,GH117|GH117,GH50,GH50,GH50,GH50,GntR,1.B.52
2.A.21,GH16_16|CBM13,3.A.1,3.A.1,3.A.1,3.A.1,SIS|HTH_6,3.A.9,2.A.51,2.A.51,1.A.14,3.A.1,3.A.1,3.A.1,3.A.1
GH73,3.A.1,3.A.1,3.A.1,3.A.1,3.A.1
3.A.1,3.A.1,3.A.1,GH26,1.B.52
GH117,2.A.56,2.A.56
3.A.23,GT4,GT4
GT4,GT2,9.B.18,9.B.34,zf-GRF,9.B.97
3.A.1,Nitroreductase,GH36,GH103
2.A.2,GH36,1.B.3,GH2
1.B.6,1.B.25,3.A.3,1.B.35,GH20
GT19,1.B.33
3.A.5,3.A.16,1.B.1,1.A.34,2.A.6,2.A.6,Aminotran_1_2,2.A.86,HATPase_c|Response_reg|HisKA|dCache_1,3.A.1,3.A.1,3.A.1,3.A.1,3.A.1,GH9,GH20,GH94,3.A.1,3.A.1,3.A.1,1.A.11,Diacid_rec,2.A.8,GT51
3.A.5,9.B.14,9.A.40,GH23,9.B.27,3.B.1,3.B.1
CBM50,2.A.25,2.A.47
1.B.22,GT51,9.B.2,1.B.14,9.B.18,9.B.18,GT2,1.B.18,9.B.146,2.A.47,3.A.1,GT2|GT2,GT2,GT2|GT2,1.E.54,GT4,GT2
3.A.1,1.B.18,GT9,GT9,GT30,GT9,GT9,GT4,GT25
