3.A.1,3.A.1,ACT,GH29,4.F.1,1.I.1,GH109,2.A.1
GH84,3.A.1,3.A.1,3.A.9,GH89
3.A.1,3.A.1,3.A.1,3.A.1,3.A.15,3.A.15,2.A.21,GT51
GH36,3.A.3,2.A.6,2.A.6,2.A.47
GT35,1.A.1
1.A.30,CBM32|GH2
3.A.1,3.A.1,3.A.23,2.A.49,GH20
GH29|CBM32,GH20,CbiA,3.A.1,3.A.1,3.A.1,SBP_bac_3,GH84
GT4,3.A.11
3.A.2,3.A.2,3.A.2,3.A.2,GH36
GH2,1.A.33
2.A.7,GH33
GT2,GT8,2.A.66,GT4
9.B.146,2.A.103,GT28
GH43_24,LysR_substrate|HTH_1,2.A.98
2.A.3,2.A.86,GH16_3
GT8,GT2,GT9,GT2,GT4,GT10,9.B.97,GT10,2.A.47,Nitroreductase,GH35,2.A.1,PL38
9.B.31,SpoIIE,Fer4,HxlR,CBM32|GH123,2.A.38
GH2|CBM32,HisKA|HATPase_c,Response_reg|Trans_reg_C,1.B.71,3.A.3,3.A.3,3.A.3,3.A.9,2.A.53,GH29|CBM32
GH36,2.A.81,Response_reg,cNMP_binding|HATPase_c,2.A.47,GH105,GH20,1.A.22,3.A.3,GT26
3.A.5,HD,GT8,GT2,GT11,GT2,GT2,CE9,3.D.1,2.A.114
3.A.1,9.B.18,2.A.21,GT28,3.D.1
3.A.5,GH20
3.D.7,3.D.7,1.B.23,GT51
9.B.97,GT2,GT2,GT4,GT4,GT0,GT4,GT4,GT2,GT101,GT2,2.A.66,GT2,9.B.18,8.A.3,3.A.12,9.B.14
GT19,2.A.49,NUDIX,2.A.6,2.A.6,8.A.1,3.A.1,2.A.66,3.B.1,2.A.6,2.A.6,MarR,1.I.1,NUDIX,CbiA,GH20,GH20
3.A.1,3.A.1,Peripla_BP_2,9.B.14,GH20,CE11
3.A.3,Sigma70_r4_2|Sigma70_r2,GH33,2.A.1
GH20,2.A.66,GH13_5,MerR,2.A.37
GT2,3.A.1,8.A.8,8.A.7,GH13_8
GH35,SBP_bac_5,CbiA|Aminotran_1_2,9.B.125
1.B.22,GH13_38
GH77,2.A.111,3.D.1,3.D.1,3.D.1,3.D.1,3.D.1,3.D.1,3.D.1,3.D.1,3.D.1,3.D.1,2.A.17
2.A.66,Aminotran_1_2,3.A.15,3.A.15,3.A.11,GT2,GT2
2.A.1,3.D.1,GH33,GH115,GH115,GT0
1.A.54,2.A.6,CE4
2.A.1,GH97
1.A.33,GT4
2.A.35,GT51,TPR_2,1.A.30
2.A.67,GH89,GH0,5.A.3
GH29,GntR,3.A.1
1.B.22,3.A.3,5.B.3,FeoA,FeoA,9.A.8,1.B.23,3.A.3,Fe_dep_repress|Fe_dep_repr_C,3.D.10,GT4,GT0,2.A.16,Pyr_redox,GT2
GH31,HTH_18,8.A.5
