GT51,2.A.3,3.A.1,Mga,2.A.1
4.A.3,GH1,4.A.3
4.A.5,4.A.5,GGDEF,GT2,GH8,2.A.79,2.A.79,3.A.3,HMA,Crp|cNMP_binding,1.A.16,9.B.34,9.B.10
GH1,3.D.2,PALP,2.A.67
GH73,Sigma70_r2,1.C.105,2.A.86
2.A.1,GT2,EAL,4.A.1,GH4,Peripla_BP_3|LacI,2.A.7
2.A.55,GT8
1.E.16,GH25
9.B.144,2.A.17,GntR,GT26,GT4,Aminotran_1_2,GT2
2.A.1,GH73
9.B.34,GT0,9.B.126,2.A.6
4.A.1,GH32
3.A.1,3.A.1,3.A.1,PALP,9.A.40,GH73,2.A.26
2.A.88,GT4
3.A.3,2.A.1,GH73,Pyr_redox_2,1.A.22,HATPase_c|HisKA,Response_reg|Trans_reg_C,9.B.142,GT2
1.E.16,2.A.3,Aminotran_1_2,GT51
GT2,Peripla_BP_3|LacI,GH13_31,GH13,3.A.1,3.A.1,3.A.1,3.A.1,GH65,Glyoxalase,2.A.1,GH25,3.A.3,GH25
3.A.1,4.A.3,GerE,GH1,4.A.1,Peripla_BP_3|LacI,8.A.5
GT51,1.A.35
9.B.97,HTH_DeoR|DeoRC,PfkB,4.A.2,AAA,GH35,2.A.1
4.A.3,GH1,4.A.3,4.A.3,4.A.3,2.A.40,9.B.34,9.B.34,4.A.3,HTH_6|SIS,GH1,GH1,4.A.3,4.A.3,EPSP_synthase,2.A.118,2.A.14
GT28,9.B.146,2.A.88,CbiA,9.B.157,9.B.157
4.A.1,GH65,Pyr_redox_2,2.A.66
GH13_29,2.A.1,PadR,TetR_N,3.A.1
9.A.40,3.A.3,GH1,4.A.1
GT2,CE9,CE9,SIS,4.A.6,4.A.6,4.A.6,4.A.6,GntR,Aminotran_1_2,4.A.3,4.A.3
8.A.5,GH13_31,9.B.141,3.A.1,3.A.1,3.A.1
3.D.4,3.D.4,3.A.1,3.A.1,GT2,TetR_N,2.A.37,Pyr_redox_2,1.A.11,2.A.72
