3.A.1,SBP_bac_3,3.B.1,3.B.1,PAS|HisKA|HATPase_c,3.A.1,GT30,Aminotran_1_2,9.B.18
GH133,3.A.1,3.A.1,3.A.1,3.A.1,Response_reg,PAS|EAL|CBS|GGDEF,CbiA,5.A.3
3.A.1,GT26,9.B.18,8.A.3
1.B.33,GT19,Glyoxalase,HTH_11,3.A.1,3.A.1,3.A.1,9.B.150,GGDEF,2.A.6,2.A.6
GH103,2.A.53,9.A.25,GH17,PAS|HisKA|CHASE|HATPase_c,3.A.1,3.A.1
9.B.8,1.A.35,2.A.6,2.A.6,AAA,1.A.34,2.A.64,9.B.149,GH3
2.A.6,cNMP_binding|Hemerythrin,Glucokinase,GT5
1.B.6,HisKA|HATPase_c,CheR|CheR_N|CheB_methylest,3.A.3,GT84|GH94
GT35,GH77,CBM48|GH13_11,CBM48|GH13_9,2.A.1
9.B.34,GT4
2.A.59,ArsD,3.A.4,GT51,3.A.1,TetR_N,SIS,3.A.1,3.A.1,FUR,3.A.1,9.B.10,3.A.1,3.A.1,3.A.1,3.A.1,3.A.1
3.A.1,3.A.1,3.A.1,3.A.1,3.A.1,1.B.52,PAS|EAL,9.B.34,1.I.1,GH17|GT2,3.D.7,3.D.7,3.A.12,2.A.109,3.D.7,5.A.3,3.D.7,3.D.7
GT4,FMN_bind_2,1.B.6
3.A.18,GT9,GT9,3.A.1
GH73,2.A.102,2.A.66
GT51,2.A.1
9.B.1,GT9,GT4,GT2
GT4,GT4,GT4,GT4,GT2,9.B.18
3.A.1,3.A.1,3.A.1,3.A.1,3.A.1,GT51,9.B.18,PL12_3,PAS|EAL|GGDEF,3.A.5
2.A.1,8.A.1,GT4,GT9
1.A.35,GT4,3.A.1,3.A.1,1.B.52,MarR,Trans_reg_C|Response_reg,2.A.21,5.B.5,HisKA|HATPase_c,Trans_reg_C|Response_reg,3.D.3,3.D.3,3.D.3
1.B.33,CE11
GT28,2.A.103,9.B.146
1.B.42,4.A.2,CE4
GT41,4.C.1,GT2,4.A.2
2.A.51,2.A.1,GT2,Rrf2,9.B.126
