3.A.1,GH3,GH16_3,8.A.46,1.B.14
GH144,8.A.46,1.B.14
GH2|CBM32,GH13_7,8.A.46,1.B.14,GH97,3.A.1
9.B.153,GH20,2.A.26
9.B.153,2.A.53,2.A.7,1.B.14,GT2,GT4,GT14,GT14,GT14
GH65,2.A.41
GH92,9.B.149
GT51,FecR,1.B.14,Sigma70_r4_2,2.A.1
1.B.14,8.A.46,GH66,GH97
3.A.1,3.A.1,1.B.14,HTH_18,HTH_11,GH130
1.B.14,GH16,GH2,GH5,GH3,GH2,HATPase_c|Response_reg|Reg_prop|Y_Y_Y|HisKA|HTH_18,GH164,GT4
GT2,GT2,GT2,GT0,GT2,GT4,GT4,GT2,GT2,9.B.97,9.B.153
9.B.157,GH65,GH97,2.A.17,1.B.14
GT3|GT35,1.B.6,1.B.14
1.B.14,GH30_3,GH3,9.B.18,9.B.146,2.A.4,1.B.14
GH31,HATPase_c|Response_reg|Reg_prop|Y_Y_Y|HisKA|HTH_18,8.A.46,1.B.14
CE14,9.B.35,GT2,3.D.10,3.D.10,3.D.10,Aminotran_1_2,GH109
3.A.3,HTH_18,1.B.14,8.A.46,GH32,CBM38|GH32,2.A.1,PfkB,3.A.1
1.B.33,GH23,1.B.9,9.B.174,1.B.6,9.B.172,1.B.6
GH20,8.A.46,1.B.14,HTH_3,CbiA,2.A.81,1.B.14,9.B.14,CE4
GH33,1.A.62
1.A.1,GT19
GT2,9.B.158,GT28
2.A.47,Glyoxalase,1.A.35,GT2,3.A.1,Aminotran_1_2,2.A.47
3.A.1,3.A.1,GT4
1.A.14,AAA,GH29|CBM32|CBM32,2.A.38,2.A.38
GT4,3.A.6,2.A.6
GT2,1.A.22
2.A.122,1.E.14,GH95
GH20,AAA,1.A.13
9.B.196,GT9,2.A.26,3.D.4,3.D.5,3.D.5,3.D.5,3.D.5,3.D.5,3.A.5,1.A.33,3.A.9,8.A.28
GT2,Aminotran_1_2,PALP,2.A.21,9.A.25
CE11,HD,3.A.1
GH110,GH20,4.C.1
GT5,Rhodanese,1.A.13,1.A.13,3.A.1
3.A.1,2.A.6,1.B.17,2.A.6,GH23,GT51,2.A.50,3.A.1,GH92,3.A.1,3.A.1,3.A.23,GH3,2.A.62,3.D.1
3.A.12,Sigma70_r2|Sigma70_r3|Sigma70_r4,GT2,3.A.1
GH73,PALP,3.A.1
