2.A.1,HTH_IclR,2.A.1,GH3
3.A.23,3.A.16,9.B.126,1.B.1,GT4|GT4,9.B.97,Aminotran_1_2,Pribosyltran,9.B.160
2.A.1,LysR_substrate|HTH_1,3.A.1,3.A.1,3.A.1,3.A.1,GntR|Aminotran_1_2,1.B.14,CBM50
3.A.1,3.A.1,3.A.1,Sigma70_r4,1.B.1,SBP_bac_1,3.A.1,LysR_substrate|HTH_1,1.B.14,3.A.1,3.A.1,3.A.1,1.A.62,GT51,LysR_substrate|HTH_1,Aminotran_1_2,3.D.4
2.A.1,2.A.1,IclR|HTH_IclR,1.B.1,2.A.7,GT2
GH73,3.A.23,3.A.23,3.A.23,3.A.23,3.A.23,LysR_substrate|HTH_1,3.A.1
2.A.1,1.B.1,GH15|CBM20,3.A.1,3.A.1,Peripla_BP_3|Peripla_BP_1,Pyr_redox_2,9.B.34
2.A.1,CBM32,3.D.2
9.B.34,Response_reg|GerE,HATPase_c|dCache_2,1.A.30,1.A.30,HTH_3,1.B.14,3.A.1,3.A.1,3.A.1,3.A.1,2.A.6,1.B.1,GT51,GntR,3.A.1,3.A.1,3.A.1,3.A.1
2.A.1,GntR,9.A.47,Response_reg|CbiA,3.A.7,1.E.52,GT2
3.A.23,1.A.30,3.A.23,1.E.43,3.A.23,3.A.23,3.A.23,GH73
2.A.109,LysR_substrate|HTH_1,GT0,GT2,9.B.52,SIS,1.I.1,2.A.108,2.A.21,Response_reg|Trans_reg_C,2.A.7
2.A.4,8.A.3,GH39
9.B.18,1.B.18,8.A.3,GT2,GT4,GT4
2.A.76,HTH_18|AraC_binding,GH13_10,9.A.40,HisKA,2.A.7,LysR_substrate|HTH_1,TOBE|HTH_1,3.A.1,3.A.1
3.A.23,3.A.23,3.A.23,3.A.23,3.A.23,3.A.23,3.A.23,2.A.1,1.B.17,8.A.1,GH32,GH68
2.A.1,GH37
2.A.6,2.A.6,2.A.6,GntR|cNMP_binding,4.C.1,dCache_1|MCPsignal,2.A.6,GT2
3.A.1,1.C.113,MarR|AsnC_trans_reg,2.A.3,Aminotran_1_2,2.A.6,3.A.1,3.A.1,TetR_N,HisKA|PAS,HATPase_c,GT51
1.B.1,LysR_substrate|HTH_1,CBM50,LysR_substrate|HTH_1,3.A.1,3.A.1,3.A.1,3.A.1,3.A.1,HTH_6,3.A.23,3.A.1,3.A.1,3.A.1,2.A.108,1.B.19,LysR_substrate,3.A.1,AraC_binding,2.A.55,9.B.44,1.A.46,3.D.1,GntR|Aminotran_1_2,3.A.3
8.A.1,GT2,GT1,TetR_N,AA3_2,2.A.1
GH23,1.C.36,1.C.36,TPR_3,3.A.6,3.A.6,3.A.6,3.A.6,1.B.22
2.A.76,MarR|AsnC_trans_reg,2.A.20,GerE|Autoind_bind,3.A.1,3.A.1,3.A.1,GT2,CbiA,1.B.55,GH8,4.D.3
3.A.15,3.A.15,3.A.15,1.B.22,GH23,9.B.10
AA3_2,3.A.1,3.A.1,3.A.1,3.A.1,3.A.1,3.A.1,3.A.1,3.A.1,CbiA,2.A.45,3.A.2,3.A.2,3.A.2,3.A.2,3.A.2,3.A.2,3.A.2,4.C.1,SBP_bac_3,3.A.11,3.A.1,4.C.1
AA10,AA7,1.B.52,1.B.48,2.A.76
1.A.8,GT4,FlhD,FlhC,1.A.30,1.A.30,Response_reg,HATPase_c|CheY-binding|H-kinase_dim|CheW,CheW,1.B.52
5.A.1,9.B.14,2.A.1,9.B.21,GT51,1.B.22,SKI,HD,3.A.1,3.A.1,3.A.1,3.A.1,GATase_2,Pyr_redox_2,2.A.25,2.A.1,3.A.1,3.A.1,3.A.1,3.A.1,STAS,3.A.1,3.A.1
GH0|GH19,3.A.23,3.A.23,TPR_1,3.A.23,3.A.23,3.A.23,3.A.23,1.B.6,3.A.23,3.A.1,3.A.1
9.B.146,2.A.103,GT28
CE11,3.A.5
9.B.27,GT107,GT4,1.B.18,GT4,GT4,GT4,3.A.1,3.A.1,8.A.4,9.A.41,CE11
9.B.18,1.B.18,8.A.3,GT0,GT4
GT2|GT2,3.A.1,3.A.1,3.A.1,GT0|GT2|GT4,GT4,GT2,9.B.146,9.B.18,9.B.146,GT4,GT9,GT30
1.A.43,9.A.4,PALP,GH23
2.A.49,GT9,2.A.1
2.A.106,2.A.40,2.A.1,TPR_2|TPR_1,3.D.1,3.D.1,HTH_1,GT25
GH103,3.A.1,3.A.1,3.A.1
GH3,3.A.23,GT104,4.F.1
GT20,3.A.1,GT4,Pyr_redox,3.A.1,CBM32,GT21,B12-binding,3.A.1,3.A.1,3.A.1
1.B.33,GT19,8.A.7,8.A.21,2.A.7
2.A.1,GntR,2.A.39,CE4,9.B.43,9.B.35,LysR_substrate|HTH_1,1.A.22,TPR_2,GT51
8.A.28,1.A.23,GT4
GT2,2.A.7,GT83
CBM50,Sigma70_r2|Sigma70_r4|Sigma70_r3,1.A.14
2.A.86,Peripla_BP_3|HTH_18,3.A.1,3.A.1,3.A.1,3.A.1,3.A.1,3.A.1,3.A.1,HTH_18,GerE,1.B.18,8.A.3,GT4,GT4,GT4,GT4,GT4,9.B.18
2.A.6,GH23,3.A.6,3.A.6,3.A.6,3.A.6,3.A.6,3.A.6,HATPase_c|Response_reg|HisKA,Response_reg|GerE,1.B.22
GH18,AAA,9.B.10,2.A.52
GH53,2.A.1,GH42,3.A.1,3.A.1,SBP_bac_1,3.A.1,3.A.1,1.B.40,Response_reg|HTH_18,2.A.53,2.A.1,TetR_N,4.C.1,3.A.23,9.A.47,3.A.7,3.A.7
GH39,2.A.1,CBS,9.B.126,LysR_substrate|HTH_1,1.B.17,2.A.85,8.A.1,1.B.52,2.A.1
2.A.1,LysR_substrate|HTH_1,GH24
CBM50,4.C.1,2.A.66
3.A.1,3.A.1,3.A.1,3.A.1,3.A.16,9.A.55,2.A.76,2.A.1,GH23,2.A.7,2.A.1
2.A.41,1.B.10,LysR_substrate|HTH_1,3.A.1,CBM32,LysR_substrate|HTH_1,9.B.18,1.B.1
1.A.12,GH87
GT4,TetR_N,2.A.1,3.A.9,2.A.7,Response_reg|Trans_reg_C,HATPase_c|HisKA,3.A.3,3.A.3,3.A.3
2.A.1,LysR_substrate|HTH_1,Sigma70_r4_2|Sigma70_r2,2.A.1,GT2,GT9,GT4,GT9,GT4,3.A.1,Rhodanese,1.I.1,3.A.12,GH15
2.A.1,GT20,3.A.1,3.A.1,HATPase_c|HisKA,Response_reg|Trans_reg_C,3.A.1,3.A.1,3.A.1,3.A.1,1.B.1,GH3,2.A.1
GT0,Pribosyltran,3.A.1,3.A.1,Rhodanese,1.B.52,Response_reg|HD,2.A.21
2.A.1,GT4,1.B.18,9.B.18
GH2,3.A.23,GT4,GT4,2.A.66,GGDEF|EAL,9.B.106
3.D.4,3.D.4,HTH_18,GH20,4.A.1,4.A.1,SIS,CE9
2.A.55,1.B.19,GT21,1.B.1,9.B.143,LysR_substrate|HTH_1,2.A.40,GH73
9.B.211,3.A.1,3.A.1,3.A.1,3.A.1,3.A.1,2.A.1,AAA,2.A.76,HATPase_c,Response_reg|GerE,2.A.3,3.A.1,3.A.1,GH42,SBP_bac_1,3.A.1,3.A.1
