3.B.1,Glyoxalase,B12-binding,9.B.20,4.C.1,2.A.21,Glyoxalase,9.B.20,1.B.14,GH74,GH35,GH31,GH51,GH29,GH3,2.A.1,GH3,GH10,GH27,GH5_7,1.B.14
2.A.1,GH5_25
9.B.18,GT26
GH13,2.A.2,LacI|Peripla_BP_3,1.B.14,1.B.14,GH13,GH13_23,GH97
3.A.1,GT4,GH13_23,3.A.23,HATPase_c,GAF,8.A.5
2.A.102,1.I.1,Response_reg,3.D.4,3.D.4,3.A.7,GT2,3.A.2,3.A.2,3.A.2,3.A.2,3.A.2
GT4,8.A.3
3.A.1,GT4
GT2,NUDIX,2.A.20
GT4,3.A.1,3.A.1,9.B.169
2.A.23,Response_reg,2.A.21,GH23
AA2,4.F.1,2.A.1
GT51,3.A.1,3.A.18,GT4
GT51,4.F.1
2.A.64,GH3,2.A.23
GT28,2.A.103,9.B.146
2.A.21,LacI|Peripla_BP_3,1.B.14,1.B.14,GH3
1.B.33,2.A.6,2.A.6,GH3
2.A.7,1.E.54,GH108
3.A.3,3.D.4,3.D.4,Response_reg|GerE,3.D.4,9.B.8,Crp|cNMP_binding,2.A.53,SirB,GH3,3.A.1,GH144,Pyr_redox_2,1.B.14
2.A.95,GT2
GT2,2.A.102,2.A.6
