2.A.23,GT87
GT53,GT85,Response_reg|GerE,3.A.1,GT2,3.A.1,1.A.26
GT51,Whib,1.A.1,HhH-GPD,NUDIX,1.E.34,3.A.7
CE1,CE1,Pyr_redox_2,3.D.10,3.D.10
4.C.1,3.A.24,GT4
2.A.47,GT4,Fe_dep_repress|Fe_dep_repr_C|FeoA,3.A.1,3.A.1,3.A.1
2.A.68,GT2
GT39,2.A.15,GH23|CBM50,3.A.1,2.A.55
2.A.1,3.A.1,3.A.1,3.A.1,3.A.1,3.A.1,3.A.1,3.A.1,3.A.1,SBP_bac_5,CE14
2.A.3,2.A.3,GT81,GH32,GT5,Sigma70_r2|Sigma70_r4_2,3.A.1,3.A.1,2.A.1,3.A.1,3.A.1,2.A.3,2.A.11,3.A.18,2.A.21
CBM48|GH13_9,GH13_3,3.A.1,NUDIX,GH25,3.A.3
1.E.18,GH25
2.A.1,TetR_N,CBM48|GH13_11,GH13_26
GT28,2.A.103,9.B.146
9.B.106,GT4,3.D.3,3.D.4,3.D.4,3.D.4
2.A.79,2.A.89,TrmB|ATPase_2,GH25
3.A.1,3.A.1,GT0,GT4
GH23,1.B.41
4.C.1,GH77,3.A.1,Aminotran_1_2,2.A.26,GntR,3.A.1,3.A.1,3.A.1,3.A.1
GT4,GT2,Aminotran_1_2,1.A.23,3.A.1,2.A.1
2.A.79,GT20
2.A.6,4.D.2,3.B.1,CE5,CE1,CE1,GT89,GT2,2.A.53,Peripla_BP_2,3.A.1,3.A.1,3.A.1,2.A.36
