GH28,1.A.14
3.A.15,3.A.15,3.A.15,3.A.15,GH23,9.B.10
AA3_2,3.A.1,3.A.1,3.A.1,3.A.1,3.A.1,3.A.1,3.A.1,3.A.1,3.A.1,CbiA,2.A.45,3.A.2,3.A.2,3.A.2,3.A.2,3.A.2,3.A.2,3.A.2,4.C.1,3.A.1,3.A.11,3.A.1,4.C.1,TetR_N,Aminotran_1_2,3.A.1,PadR,MerR,3.A.3,HTH_18|GyrI-like,2.A.3,LysR_substrate|HTH_1,2.A.1
2.A.1,LysR_substrate|HTH_1,GH78,4.C.1,TetR_N,2.A.1,1.B.1
1.A.8,GT4,FlhD,FlhC,1.A.30,1.A.30
5.A.1,9.B.14,2.A.1,9.B.21,GT51,1.B.22,SKI,HD,3.A.1,3.A.1,3.A.1,3.A.1,GATase_2,Pyr_redox_2,2.A.25,Pyr_redox,2.A.1,3.A.1,3.A.1,3.A.1,3.A.1,STAS,3.A.1,3.A.1
9.B.146,2.A.103,GT28
CE11,3.A.5
2.A.1,TetR_N|TetR_C,HATPase_c,9.B.27,GT107,GT4,1.B.18,GT2|GT2,GT4,3.A.1,3.A.1,8.A.4,9.A.41,CE11
3.A.1,GT2|GT2,GT2|GT4,9.B.18,9.B.146,GT4,GT9,GT30
1.A.43,9.A.4,GH23
2.A.49,GT9,2.A.1
GH103,3.A.1,3.A.1,3.A.1
GH3,Response_reg|AAA|HTH_8,GT104,4.F.1
GT20,3.A.1,GT4,GntR,3.A.1,CBM32,GT21,B12-binding,3.A.1,3.A.1,3.A.1
2.A.1,2.A.7,GH23,2.A.1,2.A.76,9.A.55,3.A.16,3.A.1,3.A.1,3.A.1,3.A.1
2.A.66,4.C.1,CBM50
9.B.52,GT2,GT0
1.B.14,3.A.1,Peripla_BP_2,3.A.1,HATPase_c|HisKA,Trans_reg_C|Response_reg,GH23,1.B.1,Sigma70_r2|Sigma70_r4_2,FecR,1.B.14,LysR_substrate|HTH_1,Glyoxalase,LysR_substrate|HTH_1,2.A.11
4.F.1,GGDEF|GAF,4.D.3,GH8,1.B.55,CbiA,GT2,2.A.36
2.A.11,HTH_IclR|IclR,GH18|CBM2|CBM5
GT1,3.A.1,9.B.121,3.A.1,3.A.1
1.A.14,Sigma70_r4|Sigma70_r3|Sigma70_r2,CBM50
GT83,2.A.7,GT2
GT4,1.A.23,8.A.28
GT51,1.A.22,LysR_substrate|HTH_1,9.B.35,9.B.43,CE4,2.A.39,GntR,2.A.1,GntR,Fer4,SBP_bac_3,3.A.1,3.A.1
2.A.7,8.A.21,8.A.7,GT19,1.B.33
2.A.1,3.A.1,GT2,GT2,GT9,GT9,Rhodanese,1.I.1,3.A.12,GH15,TetR_N,3.D.6
2.A.1,GT20,3.A.1,3.A.1,HATPase_c|HisKA,Trans_reg_C|Response_reg,3.A.1,3.A.1,3.A.1,3.A.1,LysR_substrate|HTH_1,1.B.1,GH3,HTH_18,2.A.1
GT9,3.A.23
3.D.4,3.D.4,GH20,4.A.1,4.A.1,SIS,CE9,GntR,3.A.1,3.A.1,3.A.1,3.A.1
3.A.1,3.A.1,3.A.1,3.A.1,1.B.66,1.B.48,Pyr_redox_2,1.B.1,9.B.143,LysR_substrate|HTH_1,2.A.40,GH73
3.D.1,GH23
3.A.6,3.A.6,AA3_2,8.A.5
3.A.1,3.A.1,3.A.1,GntR,CBM32,LysR_substrate|HTH_1,2.A.14
GT2,3.A.1,2.A.1
4.C.1,Citrate_synt,3.A.1,2.A.56,2.A.56,GH28
GH92,3.A.1,3.A.1,3.A.1,3.A.1,GntR,2.A.3,HTH_18,3.A.1,3.A.1,3.A.1,3.A.1,MarR,2.A.1,GntR,3.A.1,3.A.1,3.A.1,3.A.1,1.A.16,NIT|ANTAR,2.A.1
GH33,HTH_DeoR|DeoRC,2.A.3,2.A.1,HTH_3,3.A.1,3.A.1,3.A.1
1.B.1,3.A.1,GH3,GH3,2.A.1,AA3_2,HTH_18,Trans_reg_C|Response_reg,HATPase_c|HisKA,2.A.6,2.A.6,2.A.6,2.A.3,SBP_bac_3,3.A.1,3.A.1,3.A.1,9.B.143
3.A.1,GT9,GT2,GT9,3.A.23,3.A.23,GT2,PIG-L,HATPase_c|PAS|Response_reg|HisKA,GT4
GH13_26,GH77,GH13_10,CBM48|GH13_11,CBM48|GH13_9,GH13_16,GH13_3|GH13_3,9.B.20,3.D.10,2.A.1
GH28,AAA,Peripla_BP_3|LacI,3.A.1,SBP_bac_1,3.A.1,3.A.1,GH42,2.A.1,GH53
GH23,3.A.7,3.A.7,3.A.7,3.A.7,3.A.7,3.A.7
2.A.76,HTH_18|AraC_binding,LysR_substrate|HTH_1,LysR_substrate|HTH_1,2.A.1,SKI,2.A.85,9.B.34,2.A.3,LysR_substrate|HTH_1,TetR_N,GT1,GntR,1.B.1,3.A.1,3.A.1,3.A.1
9.B.18,1.B.18,8.A.3,GT2,GT4,GT4,2.A.1,HxlR,2.A.1,HTH_18,3.A.23,3.A.1
GH13_10,9.A.40,HisKA,2.A.7,LysR_substrate|HTH_1,TOBE|HTH_1,3.A.1,3.A.1
CBM50,1.B.14,GntR|Aminotran_1_2,3.A.1,3.A.1,3.A.1,3.A.1,2.A.1
9.B.97,GT4|GT4
2.A.40,LysR_substrate|HTH_1,2.A.1,2.A.3,LysR_substrate|HTH_1,3.A.1,3.A.1,3.A.1,3.A.1,3.A.1,SBP_bac_3,GT2,3.A.1,LysR_substrate|HTH_1,2.A.39,2.A.1
GT2,CE4|GH153,1.B.55
2.A.1,2.A.15,1.B.1,GH31,2.A.1,SIS|HTH_6,3.A.1,3.A.1,3.A.1,3.A.1
GH3,1.B.18,GT4,2.A.66,GH39,8.A.3,GT4,GT4,3.A.23,GH2
1.B.1,GntR|Aminotran_1_2,LysR_substrate|HTH_1,GH32,GH68
GT20,3.A.16
2.A.7,2.A.76,LysR_substrate|HTH_1,9.B.34,SBP_bac_1,GntR,2.A.1,GntR|Aminotran_1_2,2.A.1,LysR_substrate|HTH_1,5.A.3,Pyr_redox_2|NIR_SIR_ferr|NIR_SIR,2.A.1,Response_reg|ANTAR,3.A.1,HTH_18|AraC_binding,2.A.1,GntR|Aminotran_1_2,2.A.1,8.A.5,2.A.19,Peripla_BP_3|LacI,2.A.56,2.A.56,LysR_substrate|HTH_1,2.A.1,LysR_substrate|HTH_1,CBS,MarR,2.A.49,LysR_substrate|HTH_1,2.A.1,1.B.1,GT51,2.A.1,3.A.1,3.A.3
2.A.1,LysR_substrate|HTH_1,2.A.53,1.A.23,GntR|Aminotran_1_2,3.D.1,1.A.46,LysR_substrate|HTH_1,2.A.1,3.A.1,2.A.55,AraC_binding,HTH_6,3.A.1,3.A.1,3.A.1,3.A.1,3.A.1,LysR_substrate|HTH_1,CBM50,LysR_substrate|HTH_1,8.A.5,LysR_substrate|HTH_1,1.B.1
3.A.6,GH23,3.A.6,3.A.6,3.A.6,1.B.22,3.A.6,GerE|Autoind_bind,GerE|Autoind_bind,2.A.55,1.B.19,GH37,TetR_N,2.A.1,3.A.2
GH0,1.B.12,9.B.157
CBM32,GntR|Aminotran_1_2,8.A.1,1.B.17,GT2,2.A.1,GT1,TetR_N,AA3_2
4.C.1,MCPsignal,GT51,3.A.1,NUDIX,3.A.1,3.A.1,3.A.1,3.A.1,GH23
CBM32,3.B.1,3.B.1,TetR_N,MarR,3.A.9,1.B.14,1.B.1,2.A.76,HATPase_c|HisKA,Trans_reg_C|Response_reg,5.A.1,FMN_bind_2,GntR|Aminotran_1_2,GT51,2.A.40,LysR_substrate|HTH_1,1.B.1,2.A.1,1.A.23,2.A.3
2.A.1,8.A.5,TetR_N,2.A.40,HTH_18,LysR_substrate|HTH_1,3.A.1,3.A.1,1.B.1,1.B.14,3.A.1,3.A.1,3.A.1,Glyoxalase,1.A.62,GT51
3.A.23,2.A.8,CBM32,Rhodanese,1.B.25,3.A.1,3.A.1,3.A.1,3.A.1,3.A.1,HTH_3|AraC_binding,2.A.17,2.A.7,GT2
GT84|GH94,8.A.21
1.B.1,9.A.25,GH1,GH5_27,TetR_N,Peripla_BP_3|LacI,3.A.1,GH42,SBP_bac_1,3.A.1,3.A.1,2.A.7,LysR_substrate|HTH_1,1.I.1,9.B.34,dCache_2|HATPase_c,GerE|Response_reg,2.A.1,TetR_N,2.A.6
4.C.1,CE4,GT4,TetR_N,2.A.23
