3.A.1,3.A.1,3.A.1,3.A.1,CE4
9.B.34,3.A.23,CE4,3.A.1,3.A.1,3.A.1,2.A.7
2.A.67,CBM50,CBM50,2.A.1,HTH_3,CBM50|CBM50,3.A.5,9.B.146,HATPase_c,Response_reg|GerE,GntR,GH13_29,4.A.1,3.A.11
9.B.174,HD,9.A.11,2.A.3,GntR,4.A.1,LacI|Peripla_BP_1,PspC,1.E.40,CE9,9.B.105,9.B.27,9.B.156
2.A.3,3.A.1,3.A.1,3.A.1,ComK,2.A.3,9.B.34,GT2
3.A.3,2.A.19,CE4
GT4,9.B.18,9.A.11,2.A.17,2.A.40,2.A.20,8.A.5,3.A.1,3.A.1
2.A.64,SBP_bac_1,3.A.1,GT51
2.A.55,GT2,2.A.41
9.B.146,2.A.103,GT28
CE4,3.A.1,Arc,4.C.1,1.E.14,2.A.122,4.C.1
3.A.7,GH23,MarR,3.D.2,3.A.3,5.A.1
1.B.52,1.B.52,GT4,2.A.1,2.A.39,2.A.40,9.B.35
GT4,2.A.115,3.D.3,3.D.3,3.D.3
9.B.104,GT4
2.A.1,GT28,2.A.1,CBM50
2.A.23,CBM50
GT35,GT5,9.B.20,1.A.1,2.A.1,9.B.142
3.D.1,3.A.15,3.A.11,GT51
2.A.1,2.A.103,Nitroreductase,3.B.1,4.C.1,TetR_N,CBM50|GH18,2.A.7,4.A.7,4.A.7,4.A.7,3.A.1,2.A.86,3.A.1,3.A.1,3.A.1
GH1,2.A.3,3.A.23
GH31,1.B.52
GT28,CE4,SpoVT_AbrB,2.A.108,2.A.108,Nitroreductase,2.A.1,2.A.1,MarR,3.A.1
GT0,GT2,9.B.18
3.A.18,2.A.1,1.A.26,9.A.40,9.A.40,Pyr_redox_2,9.A.40,2.A.45,3.A.1,3.A.1,3.A.1,2.A.114,2.A.6,1.A.11,GH3,GT4,GT4,GT26,4.A.1,GH4,SIS|HTH_6,4.A.1,2.A.7,GT2,1.A.14
1.A.33,HTH_10,1.A.34,EPSP_synthase,3.A.2,3.A.2,3.A.2,3.A.2,3.A.2,3.A.2,GT0
GT51,9.B.149,HD,3.A.1,3.A.1,3.A.1
GH18,2.A.11,GT8,MerR,2.A.7,3.A.1,TetR_N,MarR,2.A.1,2.A.8,2.A.113
2.A.21,GT83,2.A.14
