3.A.1,3.A.1,3.A.1,2.A.1,GH20,4.A.2,HD,3.A.1,3.A.1
CBM6|CBM13,CBM6|CBM13,2.A.6
GH13_32,3.D.1
2.A.4,GH3
2.A.1,GH1
3.A.1,GH15,Pyr_redox_2,HTH_3|AraC_binding,2.A.1
9.B.1,GT4,9.B.34,GerE|Response_reg,GAF|HATPase_c,4.C.1
GT20,8.A.59,1.A.1,2.A.1
1.A.28,1.A.11,CBM2|GH18,Aminotran_1_2,9.B.106
9.B.146,2.A.103,GT28
AA3_2,8.A.5,Rrf2,2.A.102,CBM2|PL11
GH23,2.A.6
2.A.3,GH13_13|CBM41|CBM41|GH13_13,AA10|CBM2,PfkB,2.A.1
8.A.21,GT51
3.A.1,3.A.1,SBP_bac_1,Peripla_BP_1|LacI|Peripla_BP_3,9.B.106,GT4,GH133,GH0
2.A.16,MarR,GH0
3.A.1,3.A.1,GT4
GH67,GH39,SBP_bac_1,3.A.1,3.A.1,CE7
3.A.1,3.A.1,HTH_5,CE1|CBM2,GT2
CBM13,GH11,FUR,peroxidase,GH13_32|CBM20|CBM20,2.A.1,3.A.3
GH10|CBM2,3.A.1,3.A.1,3.A.1,GH27|CBM13,3.A.1,3.A.1,3.A.1,3.A.1,GH5_35|GH43_36
2.A.1,Sigma70_r2|Sigma70_r4_2,GH10,LacI|Peripla_BP_3,3.A.1,3.A.1,3.A.1,GH3,GT83,GH26
3.A.3,MerR|TOBE,SBP_bac_1,3.A.1,3.A.1,GT4,SBP_bac_1,3.A.1,3.A.1,3.A.1,3.A.1,3.A.1
GH25,Sigma70_r2|Sigma70_r4_2,3.A.1,3.A.1,3.A.1,3.A.1,TetR_N,GH0,MarR,3.A.1
GH16_3|CBM13,2.A.1
GH81,2.A.36,GH10|CBM2
9.B.107,CBM32,9.B.106,2.A.1
2.A.1,TetR_N,GT1,TetR_N,2.A.109,2.A.76,GH42,GH31,HTH_IclR,GH3,LacI|Peripla_BP_3,GH95
2.A.17,GT2,BTAD|Trans_reg_C,3.A.1,3.A.1
9.B.55,LacI|Peripla_BP_3,3.A.1,3.A.1,3.A.1,3.A.1,3.A.1,GH1,GH18,Pyr_redox_2,3.A.1,3.A.1,3.A.1,3.A.1,3.A.1
3.A.1,4.C.1,GH15,Sigma70_r2|Sigma70_r4_2,2.A.1,AA10,GH51|CBM2,2.A.1,TetR_N,CBM2|GH62,CBM2|GH30_8,PL1_5,2.A.7,Aminotran_1_2|GntR,GH87,GH87,GH13_30,3.A.1,3.A.1,3.A.1,LacI|Peripla_BP_3,GH87
3.A.5,GT81,GT4,3.D.4
GT2,GT83,HATPase_c|HisKA,Response_reg|Trans_reg_C,9.B.106
GT2,2.A.109
4.C.1,5.A.3,CBS,GH63,3.A.1,3.A.1,3.A.1
CE7,3.A.1,3.A.1,3.A.1,3.A.1,GntR,HTH_5,GH33,2.A.63,2.A.63,2.A.63,2.A.63
2.A.1,3.A.1,HATPase_c|HisKA,Response_reg|Trans_reg_C,2.A.76,2.A.1,GT2,4.C.1,4.C.1
CBM13|CBM13,GH43_26|CBM42,CBM13|GH43_5,3.A.1,3.A.1,SBP_bac_1,HTH_IclR,GH16_24,HATPase_c|HisKA,Response_reg|Trans_reg_C,2.A.37,Pyr_redox_2,Pyr_redox_2,4.C.1,MarR,SBP_bac_3,3.A.1,3.A.1,3.A.1,GH120,GH43_12,3.A.1,3.A.1,3.A.1
3.D.2,NUDIX,CbiA,GT4,1.B.50,HTH_11|TrmB,1.C.109
3.A.1,GT4,4.F.1,HTH_11,8.A.5
8.A.5,CSD,1.A.23,Aminotran_1_2,GH3,2.A.16,HTH_18,GT9,PfkB,SIS,GT4,GT0,GT9,GT2
CBM4|GH9|CBM2,2.A.7
9.B.18,HD,9.B.145,Aminotran_1_2,GT4,GT4,2.A.66
3.A.1,3.A.1,GH32,Peptidase_M23,CE1
3.A.1,3.A.1,3.A.1,SBP_bac_5,3.A.1,3.A.1,Peripla_BP_3,MarR,CE1|CBM2,GH59|CBM13,GH43_29|CBM6|CBM2,CE3|CBM13,GT2,HTH_3,CBM2,GH53,CBM2,FmdA_AmdA,HTH_18,Peripla_BP_2,3.A.1,3.A.1,3.A.1,PadR,Pyr_redox,MarR,9.B.146,GerE|Response_reg,HATPase_c,3.A.1,NTP_transf_2,3.A.1,3.A.1,3.A.1,3.A.1,3.A.1,HATPase_c,GerE|Response_reg,3.A.1
GH42,SBP_bac_1,3.A.1,3.A.1,GH36,GH5_8|CBM2
GH1,3.A.1,3.A.1,3.A.1
GH5_1|CBM2,3.A.1,3.A.1,3.A.1,3.A.1,HD,2.A.1
4.F.1,2.A.7,3.A.12,CBM12|CBM13
CBM13|CBM2,2.A.3,9.B.34,2.A.23,3.A.1,TetR_N,9.B.74
GH114,2.A.6
CE3|CBM2,9.B.160
9.B.34,TetR_N|TetR_C,2.A.53,HTH_5,GH2,3.A.1,3.A.1,3.A.1
3.A.1,3.A.1,TrmB,GH3
3.A.9,2.A.36,Sigma70_r2,GH2,2.A.1
GT87,9.B.62,Sigma70_r2|Sigma70_r4_2,3.A.1,3.A.1,CBM63,9.B.18
2.A.1,3.D.4,GH12|CBM2,8.A.5
9.B.34,CE14
2.A.7,TetR_N,Pyr_redox_2,9.B.104,GH23
3.B.1,Sigma70_r2|Sigma70_r4_2,GH25,CBM13
2.A.115,MarR,Glycos_trans_3N,3.A.1,3.A.1,3.A.1,3.A.1,GH13_21,3.A.1,3.A.1,3.A.1,LacI|Peripla_BP_3,GH13_30,GntR,9.A.40
3.D.1,MarR,1.A.1,HTH_3,GH55,GH43_30
2.A.86,MerR,GH65
3.A.1,GT2,3.A.1,3.A.1
4.C.1,NUDIX,2.A.1,GT9,9.B.97
GH65,3.A.7
9.B.106,9.B.106,2.A.103,FHA,FHA,GT26
9.B.34,BTAD|Trans_reg_C,GT87,MarR,2.A.7
2.A.21,2.A.1,3.A.1,2.A.21,Response_reg|LytTR,9.B.33,9.B.18,GT4,NUDIX,CBS,CBM57|CBM57,GH26,2.A.66
GT2,Aminotran_1_2,1.A.35,3.D.1,9.B.104
GT4,2.A.7
3.A.1,3.A.1,3.A.1,3.A.1,3.A.1,2.A.1,ACT,9.B.34,2.A.1,2.A.19,GT51
2.A.3,GH18,CE9,SIS,HTH_DeoR|DeoRC,3.A.1
2.A.86,Sigma70_r2|Sigma70_r4_2,2.A.20,NUDIX,3.A.1,3.A.1,3.A.1,3.A.1,CE4
2.A.121,LacI|Peripla_BP_3,GH1,3.A.1,3.A.1,3.A.1,GT4,2.A.1
GH23,Guanylate_cyc,2.A.3,3.A.1,SBP_bac_1,GH51,LacI|Peripla_BP_3,3.A.1
2.A.1,CBM2,2.A.38,2.A.38,GntR,3.A.1,3.A.1,3.A.1
3.D.10,3.A.1,3.A.1,3.A.1,3.A.1,3.A.1,8.A.51,CE14
GT4,2.A.7
2.A.1,TPR_2,SIS,HATPase_c,GT83
GT4,1.I.1
GH16_3|CBM6,CBM2,9.B.27,GH13_16
2.A.6,CE4,2.A.1,9.B.34,GT51
CBM2|GH6,2.A.21
GH13_30,LacI|Peripla_BP_3,3.A.1,3.A.1,3.A.1,Peptidase_M23,9.A.24
1.A.78,CBS,GH0
GT51,Aminotran_1_2,GH15,GT20,3.A.1,1.A.23
