3.A.1,3.A.1,3.A.1,3.A.23,5.A.3,3.D.1,3.D.1,3.D.1,3.D.1,3.D.1,3.D.1,3.D.1,3.D.1,3.D.1,3.D.1,GT9,3.A.1,3.A.1,3.A.1,1.B.11,GerE,2.A.42,1.A.14
GT0,3.A.1,3.A.1,9.B.97
9.B.18,GT4,8.A.3,1.B.18,2.A.109,2.A.61,Peripla_BP_1,3.A.1,3.A.1,Peripla_BP_1|LacI,9.B.22,3.A.1,Peripla_BP_1,2.A.1,1.E.14,2.A.122,9.B.114,3.A.1,3.A.1,3.A.1,Peripla_BP_3|LacI,9.B.169,2.A.1,LysR_substrate|HTH_1,3.A.1,3.A.1,3.A.1,3.A.1,3.A.25,3.A.1,LysR_substrate|HTH_1,2.A.53
2.A.8,LysR_substrate|HTH_1,1.B.6,2.A.7,PfkB,1.B.15,GH32,2.A.1,Peripla_BP_1|LacI,3.A.1,3.A.1,3.A.1,1.B.52,GH8,1.B.55,4.D.3,GT2,CbiA,Glycos_trans_3N,2.A.1,1.B.1,AraC_binding|HTH_18,2.A.1,PadR,2.A.7,3.A.1,3.A.1,3.A.1,3.A.1
GH13_5,AraC_binding|HTH_18,4.A.7,CbiA,3.A.1,3.A.1,3.A.1,GH3,LysR_substrate|HTH_1,Aminotran_1_2,3.A.1
GH20,1.B.25,1.B.17,3.A.1,3.A.1,3.A.1,4.A.1,CE9
4.A.1,SIS,SIS|HTH_6,GH3,1.B.21,Aminotran_1_2|GntR,9.B.34,PfkB,Arc,1.C.80,1.B.11,GerE,3.A.1,3.A.1
5.A.3,5.A.3,5.A.3,HATPase_c|HisKA,Response_reg|GerE,2.A.6,2.A.6,3.A.5,CBM34|GH13_21,1.A.23,2.A.3,2.A.26
2.A.1,8.A.5,LysR_substrate|HTH_1,9.B.32,8.A.1,GH16_24
1.B.14,Trans_reg_C,1.B.11,1.B.14,3.A.1,3.A.1,3.A.1,4.C.1,GH23,2.A.1,LysR_substrate|HTH_1,4.A.3,4.A.3,4.A.3,8.A.5,3.A.9,1.B.33,2.A.13,1.B.75,1.E.25,GH24
2.A.1,3.A.1,3.A.1,GH103,3.A.23,2.A.21
2.A.6,3.A.1,3.A.1,3.A.1,3.A.15,3.A.15,NUDIX,3.A.5,CE11,GT28,2.A.103,9.B.146
GH23,3.A.3,GGDEF,1.B.6,3.A.1,LysR_substrate|HTH_1,4.B.1
2.A.3,GerE,GH38,4.A.2
2.A.7,2.A.7,GH28,1.B.42,1.B.42,AA3_2,3.A.1,3.A.1,3.A.1,3.A.1,3.A.1
2.A.23,LysR_substrate|HTH_1,GH20,3.A.3,Peripla_BP_3|LacI,4.A.1,GH13_29,GH3,2.A.37
2.A.3,GH1,4.A.1,3.A.1
CBM50,AraC_binding|HTH_18,8.A.1,2.A.1,1.A.23,3.D.10,3.D.10,2.A.7
2.A.3,GT26,9.B.128,GT56,2.A.66,Aminotran_1_2,GT0,9.B.146,3.A.6,1.I.1,2.A.23,2.A.47,EAL|GGDEF,1.B.55,GH8,4.D.3,GT2,CbiA,3.A.1,3.A.1,3.A.1,3.A.1,3.A.1,GH1,4.A.1,9.B.102,9.B.102,2.A.109
4.A.1,GH1,9.B.186,Peripla_BP_1|LacI,GH36,2.A.1,Peripla_BP_1|LacI,PfkB,2.A.1,GH13_19,Aminotran_1_2,2.A.81
GT2,GT30,GT9,GT4,GT4,GT9,GT9,GT2,9.B.67,GT4,GT9,GT9,Aminotran_1_2,1.A.34
4.A.1,CE9,1.B.12,Mga,2.A.4
2.A.8,2.A.95,CBM48|GH13_9,GH13_11,GT5,GT35,LysR_substrate|HTH_1,HTH_DeoR|DeoRC,9.B.104,Rhodanese,1.B.12,GerE,GT35,GH77,9.A.8,9.A.8,9.A.8
GT51,1.B.22
1.A.16,Pyr_redox_2|NIR_SIR|NIR_SIR_ferr,2.A.1,Peripla_BP_3|LacI,GH4,4.A.3,4.A.3,4.A.3,9.B.33,LytTR|Response_reg,NUDIX,Aminotran_1_2,2.A.85
2.A.1,2.A.1,Pyr_redox_2,2.A.58,2.A.28,ACT,1.B.73,3.A.1,3.A.1,3.A.1,GH13,3.A.1,1.B.3
1.B.76,LysR_substrate|HTH_1,2.A.1,PfkB,GntR,GH23
2.A.109,2.A.41,Glycos_trans_3N,1.B.25,GH23
GT51,1.B.14,3.A.1,3.A.1,3.A.1
3.A.7,GH102
2.A.1,GT51
1.B.33,GT19
GH31,2.A.2,2.A.2,1.B.35,Response_reg,HATPase_c|PAS,2.A.24
GH23,HATPase_c|HisKA,3.A.23,LysR_substrate|HTH_1,3.A.1,3.A.1,3.A.1,3.A.1,Aminotran_1_2,2.A.1,2.A.113
1.B.33,2.A.69,Peripla_BP_3|LacI,2.A.1,GH31,CBS,GT2,HxlR,2.A.1,2.A.1,2.A.47,GntR,3.A.1
1.B.54,GerE,AraC_binding,PL22|PL22,2.A.2,PL9,NUDIX,3.A.1,3.A.1,3.A.1,3.A.1,1.B.35,Peripla_BP_3|LacI,4.A.7,4.A.7,4.A.7
2.A.47,HD,Aminotran_1_2,LysR_substrate|HTH_1,3.D.1,3.D.1,3.D.1,3.D.1,3.D.1,3.D.1,3.D.1,3.D.1,3.D.1,3.D.1,3.D.1,3.D.1,3.D.1,LysR_substrate|HTH_1,2.A.1,GT84|GH94
2.A.1,1.B.1,Glyoxalase,LysR_substrate|HTH_1,9.B.20,3.A.1,1.B.1,3.A.1,3.A.1,GH32|CBM38|CBM38,8.A.2,CBM41|GH13_13,3.A.15,1.B.22,3.A.15,3.A.15,3.A.15,3.A.15,3.A.15,3.A.15,3.A.15,3.A.15,3.A.15,3.A.15,3.A.15
2.A.6,GT2
2.A.3,8.A.1,2.A.85,GH4,4.A.1
GH73,3.A.6,3.A.6,3.A.6,3.A.6,3.A.6,3.A.6,3.A.6,3.A.6
2.A.107,4.A.6,4.A.6,4.A.6,2.A.109,EAL,NUDIX,GT2,3.A.18
1.B.52,1.A.72,HMA,GT35,Response_reg|SpoIIE,STAS,HATPase_c,2.A.21
3.A.1,3.A.1,3.A.1,CBM50
3.A.23,4.A.6,4.A.6,4.A.6,4.A.6,2.A.7,2.A.7,4.C.1,CbiA,GH103,5.A.2,2.A.34,GntR,Pyr_redox,2.A.1,1.B.14
9.B.99,GH18
3.A.1,3.A.1,3.A.1,SBP_bac_1,GH123,PfkB,4.A.1,GH1
2.A.3,2.A.35,AraC_binding|HTH_18,GH3,2.A.2,2.A.1,2.A.7
4.A.1,Aminotran_1_2,NUDIX,HTH_DeoR|DeoRC,2.A.28,AraC_binding|HTH_18,3.A.1,3.A.1,3.A.1,GH1,3.D.6,3.D.6,3.D.6,GyrI-like|HTH_18,3.D.6,3.D.6,3.D.6,HhH-GPD,2.A.17,HTH_3,2.A.46
1.B.14,3.A.1,3.A.1,3.A.1,EAL,2.A.7,GT83,GT2,Aminotran_1_2,3.A.1,3.A.1
2.A.66,2.A.95,2.A.42,GH23,3.A.1,3.A.1,3.A.1,3.A.1,2.A.23,IclR|HTH_IclR,2.A.1,9.B.1,9.B.174
2.A.1,GH2,Peripla_BP_3|LacI,Peripla_BP_3|LacI,GH2,2.A.3
2.A.1,Trans_reg_C|Response_reg,HATPase_c|HisKA,3.A.1,3.A.1,3.A.1,3.A.1,Glucokinase,3.A.1,3.A.1,3.A.1,PALP,Pyr_redox_2,GH3
GT2,2.A.36,2.A.1,2.A.7,AsnC_trans_reg,4.F.1,Response_reg|GerE,2.A.3,2.A.7
