CE4,3.A.1,3.A.1,3.A.1,3.A.1
GH18,Pyr_redox_2,2.A.40,4.C.1
GH4,4.A.1,cNMP_binding,2.A.3,1.E.14,2.A.122
3.A.1,3.A.1,3.A.1,GH13_31
2.A.7,2.A.23,2.A.5,1.E.43,CBM48|GH13_9,GT5,GT35,CBM34|GH13_39
GH68,GH68,GH2,2.A.2,HTH_5,4.C.1
2.A.3,9.A.11,GH13_31,3.A.1,3.A.1,3.A.1
2.A.35,1.I.1,9.B.34,GH3,3.A.2
2.A.1,2.A.1,4.A.1,4.A.1,GH13_29
9.B.116,HATPase_c,Response_reg|GerE,1.A.16,DeoRC,CE4
2.A.6,2.A.7,EAL,MarR,2.A.1,Aminotran_1_2,4.A.1,PfkB,GH32,HTH_11,Trans_reg_C|Response_reg,HATPase_c|HisKA,4.C.3,2.A.25,3.A.1
2.A.15,2.A.16,2.A.26,2.A.56,2.A.56,2.A.56,2.A.86,2.A.109,GH13_31
2.A.107,Aminotran_1_2,Pribosyltran,GT0,2.A.7,1.A.77,3.A.2,3.A.2,3.A.2,3.A.2,3.A.2,3.A.2,EPSP_synthase,1.A.34,HTH_11|LacI,1.A.33
2.A.38,HTH_1|LysR_substrate,2.A.36,MarR,3.A.1,3.A.1,3.A.1,GH36,2.A.21,HTH_18|AraC_binding,GH36,GH42
2.A.21,GH13_18,GH38,4.A.2,HTH_6|SIS,HTH_6|SIS,2.A.69
9.B.146,CE14,2.A.66
GH18,2.A.5,2.A.115
2.A.66,GT26,GH73,2.A.7,SLH,GT4,GT2,3.A.1,3.A.1,8.A.3,8.A.3,9.B.18,PIG-L,9.B.18,GT4,9.B.18,GT4
2.A.21,HTH_6|SIS,4.A.2,GH38
GH133,3.A.1,3.A.1,3.A.1,4.A.7,4.A.7,4.A.7,Peripla_BP_3|LacI,GH130,GT108,SBP_bac_1,3.A.1,3.A.1
9.B.18,8.A.3,8.A.3,GT4,HATPase_c,Response_reg|ANTAR,9.A.28
8.A.59,HTH_18|Response_reg,3.A.1,3.A.1,3.A.1,GH32,MarR,3.A.1,3.A.1,3.A.1,GH133,GH13_31
GH35,SBP_bac_1,SBP_bac_1,3.A.1,3.A.1,3.A.1,3.A.1,GH94,GH35,9.A.25,2.A.1,2.A.21,Diacid_rec,GH13_18,2.A.21,AsnC_trans_reg|HTH_Mga,3.A.1,3.A.1,3.A.1,3.A.1,3.A.1,2.A.51,2.A.51,2.A.56
4.A.1,CE9,GntR,HTH_11|Mga,4.A.2,GAF|STAS,3.A.1,3.A.1,3.A.1
4.C.1,3.A.1,3.A.1,3.A.1,3.A.1,2.A.6,2.A.114,3.A.19,GH3,3.A.1,3.A.1,3.A.1,Peripla_BP_3|LacI,GH144,CBM34|GH13_20,3.A.1,3.A.1,3.A.1,Peripla_BP_3|LacI,HTH_10,GT2,SLH|CE4,GH13_20
1.A.30,CBS|ACT,GT51,2.A.24
GH31,GH66,3.B.1,4.C.1
3.A.1,GT2,2.A.68
2.A.1,HD,2.A.76,CBM41|GH13_12,Glyoxalase,3.A.1,2.A.1,GT4,8.A.5,NUDIX,9.B.98
3.D.3,3.D.3,3.D.3,2.A.115,GT4
GT51,2.A.6
3.A.1,CBM50|CBM50
1.A.1,Citrate_synt,HTH_1|LysR_substrate,GT4,4.C.1,2.A.88,4.C.1,3.B.1,4.C.1,TetR_N,HATPase_c,TetR_N,2.A.1,3.A.1,3.A.1,9.B.31,9.B.10
CE4,2.A.15,3.A.1,3.A.1,3.A.1,3.A.1
2.A.36,8.A.5,5.A.3,SIS,3.A.1,3.A.1,SBP_bac_1,HTH_6|SIS,GH3
3.A.1,3.A.1,3.A.1,GH13_31
2.A.119,HTH_5,2.A.45,HTH_5,2.A.15,GH16_3|CBM4|CBM4|CBM4,GH1,Peripla_BP_3|LacI,3.A.1,3.A.1
CE4,3.A.1,3.A.1
2.A.108,GT2
2.A.115,GH13,Aminotran_1_2,9.B.8,9.B.169
GT28,2.A.66,2.A.41,3.A.1,3.A.1,3.A.1,CBM50,2.A.3,9.A.11,2.A.40,NIR_SIR,2.A.36,2.A.9
1.A.1,2.A.85,3.A.1,CBM50
4.A.2,HTH_11|Mga,4.A.2,2.A.15,2.A.115,HATPase_c|PAS|HisKA,HhH-GPD,CE4,2.A.8,1.A.23,2.A.115,3.A.1,FUR,3.A.1,3.A.1,3.A.1,3.A.1,3.A.3,9.B.126,2.A.25,TetR_N,3.A.1,3.A.1,9.B.157
CE4|CBM50,2.A.68
4.A.2,AA3_2
GH161,3.A.1,3.A.1
2.A.80,HTH_1|LysR_substrate,9.A.11,2.A.3,3.A.1,3.A.1,3.A.1,GH13_31,Peripla_BP_1|LacI,2.A.79,2.A.79
GH23,2.A.114,Response_reg|LytTR,9.B.33
CBM50,MerR,1.A.16,3.A.1
3.D.10,TetR_N,GH32|CBM38|CBM38|GH32|CBM38,GH32,3.A.1,3.A.1,SBP_bac_1,Peripla_BP_3|LacI,1.A.11,9.A.5,3.A.23
2.A.51,9.B.34,Sigma70_r4_2|Sigma70_r2,3.A.1,GntR,2.A.25,Pyr_redox_2,CBM50
3.A.3,HTH_5,Glyoxalase,GH31,CBM35|CBM61|GH31
3.A.1,3.A.1,2.A.21,NTP_transf_2,NUDIX,2.A.1,HTH_5,GT2
