GH23,3.A.7
GH23,3.A.7
3.A.1,3.A.1,3.A.1,LacI|Peripla_BP_3,8.A.5,SIS,GntR,AA3_2,3.A.1,3.A.1,3.A.1,3.A.1,GntR,3.A.1,3.A.1,3.A.1,3.A.1
2.A.8,SKI,GT1,GntR,3.A.1,3.A.1,3.A.1,3.A.1,GT1
AA3_2,MerR|GAF,3.D.4
3.A.1,3.A.1,2.A.28,Aminotran_1_2,3.A.1,3.A.1,3.A.1,3.A.1,GntR,3.A.1,GT20,2.A.6,2.A.6
GH2,GT32,3.A.1,3.A.1,3.A.1,3.A.1,GT1,GT28,cNMP_binding,GT4
3.A.1,3.A.1,3.A.1,3.A.1,3.A.1,3.A.1,Trans_reg_C|Response_reg,HATPase_c|HisKA,9.B.97,1.B.18,9.B.18,GT2,GT2,2.A.66,GH16_21,GT2,GT2,GT2,8.A.3,4.C.1
GH140,GT4,GT2,8.A.3
GT4,GT4,4.D.1
CBM48|GH13_11,GH13_10,CBS,GH13,Pyr_redox_2,3.A.1
GT4,4.C.1,2.A.86
3.A.1,3.A.1,GH42,GT2
GT51,2.A.69,2.A.69
GH103,2.A.1
3.A.6,GT41
3.A.6,GT26,LacI|Peripla_BP_3,3.A.1,3.A.1,3.A.1,GH13_23,3.A.1
3.A.1,3.A.1,3.A.1,3.A.1,3.A.1,2.A.21,TetR_N,GT2|GT2
3.A.1,3.A.1,3.A.1,3.A.1,3.A.1,3.A.1,3.A.1,3.A.1,DeoRC|HTH_DeoR,3.A.1,3.A.1,3.A.1,HTH_18,3.A.16,3.A.1,3.A.1,3.A.1,AA3_2,4.C.1,MarR,3.A.1,3.A.1,3.A.1,3.A.1
2.A.37,GT30
AA3_2,TetR_N,2.A.7,EAL|GGDEF,9.B.34,2.A.1
9.B.102,9.B.102,HTH_5,Glyoxalase,1.C.113,SpoVT_AbrB,2.A.63,2.A.63,2.A.63,2.A.63,2.A.63,ROS_MUCR,2.A.21,1.B.52,GT51,GH19
1.B.70,1.B.70,GH23
2.A.7,CBM50,3.A.1,Glyoxalase,MarR,8.A.1
1.B.42,2.A.56,2.A.56,2.A.56,CE4,3.A.1
GT4,9.B.18,GT4
GH3,3.A.1,2.A.64,CBM50,AAA,3.A.5,2.A.6
2.A.1,GT19,1.B.33
2.A.6,2.A.6,3.A.1,3.A.1,3.A.1,SBP_bac_1,SIS,GntR,SIS,CE9,9.B.158
3.A.18,Peptidase_M23,1.B.33,CE11
2.A.1,1.A.8,1.A.8,GT28,2.A.103,9.B.146
GH23,2.A.76,GH23,9.B.34,1.B.4,GH25,GH103,2.A.7,HTH_5,3.A.1
3.A.1,GerE,3.A.1,SBP_bac_1,3.A.1,3.A.1,GH25
GT2|GT2,Response_reg|GerE,HATPase_c|HisKA,3.A.1,3.A.1,3.A.1
3.A.5,GH23,3.A.1
9.B.43,CE4
3.A.1,9.A.41,GT107|GT107,1.B.18,2.A.6,2.A.6,2.A.6,MCPsignal|dCache_1,Glyoxalase,Glyoxalase,1.B.17
CBM50,8.A.21,CBS|SIS,1.B.66,GH103
GH1,8.A.59,3.A.1,3.A.1,3.A.1,LacI|Peripla_BP_3,1.B.52,Peripla_BP_1|LacI,2.A.1,2.A.1,TetR_N,2.A.47,3.A.1,3.A.1,3.A.1,3.A.1
3.A.1,3.A.1,3.A.1,3.A.1,AA3_2,3.A.1,3.A.1,3.A.1,3.A.1
GH13_26,3.A.1,3.A.1,3.A.1
3.A.1,3.A.1,3.A.1,3.A.1,3.A.1,Glucokinase,SBP_bac_3,3.A.1,3.A.1,3.A.1,GntR|Peripla_BP_3,SBP_bac_1,3.A.1,3.A.1,3.A.1,3.A.1,3.A.1,3.A.1,3.A.1,3.A.1,GH20,3.A.1,3.A.1,3.A.1
3.A.1,AA3_2,LysR_substrate|HTH_1,3.A.1,3.A.1,3.A.1,SBP_bac_1,LysR_substrate|HTH_1,3.A.1,3.A.1,3.A.1,3.A.1,3.A.23
3.A.1,3.A.1,3.A.1,3.A.1,HTH_18,GntR,3.A.1,3.A.1,3.A.1,3.A.1,3.A.1,3.A.1,3.A.1,SBP_bac_1,GntR|Aminotran_1_2,AA3_2,3.A.1,3.A.1
3.A.1,3.A.1,3.A.1,GH88
3.A.7,3.A.7,3.A.7,3.A.7,3.A.7,3.A.7,3.A.7,GH23
2.A.1,Aminotran_1_2,GT51
3.A.1,3.A.1,3.A.1,2.A.76,2.A.1,MarR,HATPase_c|HisKA,Trans_reg_C|Response_reg,SBP_bac_1,2.A.80,2.A.80,2.A.109,9.B.14,3.A.1,3.A.1,3.B.1,GerE|Autoind_bind,3.A.1,GT84|GH94
2.A.1,GH103,2.A.53,PfkB,2.A.1,4.C.1,4.C.1
3.D.5,3.D.5,3.D.5,3.D.5,3.D.5,3.D.5,CBS,Nitroreductase,2.A.19,2.A.40,CE4,9.B.35
8.A.5,LysR_substrate|HTH_1,8.A.5,GH5_5,3.A.1,MarR,2.A.1,GT51,1.A.33
2.A.89,9.B.186,2.A.7,HTH_3,GT81,MarR,2.A.7
GH23,3.A.7,3.A.7,3.A.7,3.A.7,3.A.7,3.A.7
3.A.1,3.A.1,2.A.4,3.A.1,3.A.1,Sigma70_r4_2,8.A.5,AA3_2,PSK_trans_fac,EAL|GGDEF,GntR,2.A.55
3.D.1,LexA_DNA_bind,GT0,PL35,3.A.1,3.A.1,GntR,MarR,3.A.1,3.A.1,3.A.1,SIS,PfkB,3.A.1,1.B.14,FecR,Sigma70_r2|Sigma70_r4_2,Peripla_BP_2,3.A.1,3.A.1
3.A.1,3.A.1,3.A.1,3.A.1,3.A.1,3.A.1,3.A.1,3.A.1,SBP_bac_1,GH105,LacI|Peripla_BP_3,LysR_substrate|HTH_1,Nitroreductase,2.A.7,AraC_binding,2.A.1,1.B.14,HTH_18,3.A.1,LacI|Peripla_BP_3,3.A.1,3.A.1,GH31,2.A.102
GT4,GT26,GH5_39,GT4,4.C.1,SIS|HTH_6,2.A.1,3.A.1,3.A.1,3.A.1,3.A.1
GT107,GT2,3.A.1,3.A.1,GT4
3.A.1,3.A.1,3.A.1,HTH_3,3.A.1,3.A.1,3.A.1,3.A.1,GerE|Autoind_bind,HTH_3,2.A.1,8.A.1,1.B.48,GH26,3.A.7
4.D.2,GH3,DeoRC|HTH_DeoR,AA3_2,3.A.1,3.A.1,3.A.1
3.A.3,HxlR,AA3_2,3.A.1,3.A.1,3.A.1
