GT2,9.B.142,HTH_DeoR|DeoRC,2.A.1,2.A.7,2.A.102
2.A.47,2.A.1,PAS,GATase_2,Pyr_redox_2,GT53,GT85
GT2,3.A.1,2.A.25
GT51,Whib,1.A.1,HhH-GPD,NUDIX,9.B.160,1.E.34,3.A.7
3.A.7,8.A.59,AAA,2.A.1,GT2
CE1,2.A.102,9.B.18
4.C.1,GT4,HATPase_c|HisKA,Response_reg|Trans_reg_C,3.A.1
3.A.1,3.A.1,3.A.1,HEM4,3.A.3,5.A.1,9.B.14,HTH_5,GT0,2.A.20
GT4,2.A.3
2.A.6,MarR,GT2,3.A.1,3.A.1,3.A.1,3.A.1
3.A.1,3.A.1,3.A.1,3.A.1,GT2
GH13,GT39,2.A.15,GH23|CBM50,3.A.1
CE1,TetR_N,2.A.6,3.A.1,3.A.1,3.A.1,3.A.1,3.A.1
3.A.1,3.A.1,2.A.3,1.B.41,1.B.41,GH23
2.A.120,SBP_bac_5,CE14,Fer4,Aminotran_1_2,2.A.3,GT81,GH32,GT5,Sigma70_r2|Sigma70_r4_2,3.A.1,CBS,3.A.1
3.A.1,3.A.1,3.A.1,GH13_9,GH13_3,3.A.1
GT35,2.A.4
3.A.1,3.A.1,SBP_bac_3,2.A.1,4.A.1,2.A.1,PfkB,Peripla_BP_3|LacI,GT2,GT4
9.A.40,9.A.40,1.I.1,3.A.1,3.A.1,PfkB,Pyr_redox_2,2.A.1,Pribosyltran,2.A.107,2.A.59,2.A.53,GT2
GT4,4.F.1,2.A.108
GH13_10,PALP,2.A.7
GT28,2.A.103,9.B.146
9.B.106,GT87,GT87,GT87|GT87,GT4,3.D.3,3.D.4,3.D.4,3.D.4
4.C.1,GH77,3.A.1,GH13_16
1.C.113,CBM5,2.A.23
2.A.79,GT20,Peripla_BP_3|LacI,3.A.1,4.A.1,GH32,CE9,GH33,GntR,3.A.1,3.A.1,3.A.1,3.A.1
GH76,Pribosyltran,Rhodanese,HTH_3,2.A.1,3.A.9,2.A.27
GH1,4.A.1,Aminotran_1_2,9.B.141,GH3
2.A.6,3.B.1,CE5,CE1,CE1,GT89,GT2
2.A.1,PadR,3.A.7,GT51
