2.A.88,TPR_2,2.A.38,CBM50,3.A.11,2.A.53,3.A.1
GH33,3.A.1,LysR_substrate|HTH_1,2.A.23,3.D.4,3.D.4
GH23,9.B.34,3.B.1,3.B.1,3.B.1,2.A.70,2.A.70
PL7_1,GGDEF,2.A.85,TetR_N,3.D.2,2.A.47,Pyr_redox_2,SBP_bac_3,9.B.34,3.A.18,2.A.1,Peripla_BP_1,AA3_2,TetR_N,3.A.1,3.A.1,3.A.1,3.A.1,3.A.1,HTH_18,3.D.7,Pyr_redox_2,V4R,HTH_18,3.A.1
3.A.11,GT51,3.A.11,1.B.22,SKI,AAA,GATase_2,Pyr_redox_2,3.A.23,3.A.1,3.A.1,3.A.1
2.A.6,GT2
2.A.6,GT30,LysR_substrate|HTH_1,2.A.7,Pyr_redox_2,8.A.5
9.B.34,2.A.66,GT51,MCPsignal|dCache_1,9.B.34,5.A.3,5.A.3,5.A.3,2.A.7,2.A.56,2.A.56,2.A.56,2.A.56
9.B.146,2.A.103,GT28,CE11,Peptidase_M23,3.A.5,NUDIX,2.A.21,GGDEF|Response_reg,1.A.23,2.A.1,2.A.40,Pribosyltran,Pribosyltran,2.A.53,2.A.66,9.B.105,3.A.15,9.A.21,3.A.15,3.A.23,2.A.21,1.B.33,TetR_N,GT4,LysR_substrate|HTH_1,2.A.121
2.A.50,PL5_1,1.B.13,GT2
1.B.5,2.A.21,GT0
GT26,GT4,3.A.1
GH23,3.A.1
GH3,3.D.5,3.D.5,3.D.5,3.D.5,3.D.5,3.D.5
2.A.39,1.B.10,2.A.40,9.B.43,CE4,9.B.35,2.A.40
GT0,9.B.18,Aminotran_1_2,GT28
GT4,9.B.146,9.B.18,Aminotran_1_2,2.A.1,8.A.1,LysR_substrate|HTH_1,TetR_N,9.B.34,9.B.34
3.A.1,3.A.1,3.A.1,3.A.1,3.A.1,GH23
GH23,LysR_substrate|HTH_1,2.A.109,1.B.33,9.B.22,2.A.6,2.A.6,2.A.6,2.A.6,2.A.56,3.D.1,3.D.1,3.D.1,3.D.1,3.D.1,3.D.1,3.D.1,3.D.1,3.D.1,3.D.1,3.D.1,3.D.1,3.D.1
9.B.20,GH13_3,GH13_16,CBM48|GH13_9,CBS,GT35,4.D.2,TetR_N,CBM48|GH13_11,GH13_26,GH77,GH13_10,GT5
3.A.1,3.A.1,3.A.1,PL7_1,2.A.1,9.B.106,NIR_SIR_ferr|NIR_SIR|Pyr_redox_2,3.D.1,1.B.6,Sigma70_r4|Sigma70_r2,1.A.35,4.A.2
2.A.38,2.A.38,HTH_18,HD,MASE2|Guanylate_cyc,GT4
1.A.13,TPR_1,GH0,9.B.164,9.B.104
GT19,1.B.33
3.A.23,Aminotran_1_2,9.B.176,GT20,Glyoxalase,1.B.52,HTH_6|SIS,2.A.28,2.A.7,2.A.1,2.A.21
2.A.1,GT2,GH3
GH23,1.B.76
GH103,GH0,GH103,2.A.103
GT51,Sigma70_r4|Sigma70_r2,3.A.1,3.A.1,3.A.5
3.A.1,3.A.1,GT2|GT2,GT2
