2.A.37,Cyanate_lyase,9.B.34,GH102
3.A.5,2.A.6,2.A.6,2.A.106,9.B.34,CBM50,3.A.11
3.A.15,HATPase_c|HisKA,HTH_8,1.B.39,9.B.27,GT83
2.A.109,Pkinase,SpoIIE,FHA,3.A.15,GT89
GH103,2.A.1,8.A.59
GT4,GT9,GT9,2.A.5,GT2,GT4,2.A.16,3.A.23,Response_reg,9.B.186
GT4,9.B.126,2.A.86
GT4,CBS,2.A.21
3.A.1,PIG-L,GT2,GT20,1.A.23
3.D.6,AA5
3.A.1,3.A.1,3.A.1,TetR_N,cNMP_binding,CBM32,3.A.1,3.A.1
GT9,1.B.52,1.B.52,1.B.14,9.B.34,3.D.4
8.A.1,2.A.6,2.A.6,GH73
3.A.1,3.A.1,3.A.15,HATPase_c,GerE|Response_reg,CBM50
9.B.34,9.B.34,GT104,4.F.1
GH19,Glyoxalase,3.D.4,3.D.4
CE4,GntR,9.B.35,9.B.43
1.B.33,GT19,1.A.14
3.A.7,3.A.7,3.A.7,3.A.7,3.A.7,3.A.7,3.A.7,3.A.7,3.A.7,3.A.7,GH23,MerR,3.A.3
3.A.3,MerR,2.A.4,9.B.34,9.B.34,GH13_10,GH133,CBM48|GH13_9,GH13_3,GH13_16,GH0,CBM48|GH13_11,GH13_10,GH77|GH13_26,3.A.1,3.A.1
GH23,AAA,1.I.1
GT41,3.A.1,3.A.1,AAA,AAA,2.A.6
1.A.23,AAA,GH103,3.A.1,3.A.1,3.A.1,3.A.16,3.A.23,2.A.21
2.A.6,GT2,GT83,3.D.10,GT83,Fer4,9.B.27,HATPase_c,2.A.1,2.A.1,8.A.1,1.B.17,MarR,3.A.1,9.B.186
9.B.34,9.B.34,GT30,2.A.7,Aminotran_1_2,Pribosyltran,9.B.160
GT51,2.A.21,2.A.28,3.A.23,9.B.18,2.A.21,9.B.150,2.A.6,2.A.6
1.B.22,3.A.11,GT51,1.B.1,1.B.1
1.A.11,2.A.72,2.A.46,GerE|Response_reg,3.A.1,8.A.7,2.A.21,HTH_8|Response_reg,GT9,GT9,GT4,GT2,GT9,3.A.1,3.A.15,3.A.15,3.A.15,1.B.14,9.B.146
9.B.97,GT4,GT2,GT4,GT4,CbiA,GH39,2.A.66,GT2
GT4,HTH_1|LysR_substrate,4.C.1,2.A.1,1.B.1,2.A.1
9.B.42,9.B.18,Aminotran_1_2,GT2,GT4,3.D.1
GT51,1.I.1,1.B.42,HD,1.B.52,GT28,2.A.103,9.B.146
1.B.52,3.A.1,3.A.1,3.A.1,3.A.1,3.A.23,GH24,3.A.1,3.A.1,3.A.1,3.A.1,3.A.1
3.D.1,GH23,1.B.39,1.C.109,9.B.34,GAF|GGDEF|PAS|EAL,8.A.59,MCPsignal,1.B.52
3.A.4,GH8,GT2|GT2,peroxidase,HTH_1,3.D.1
2.A.7,Hemerythrin,CBM48|GH13_11,Response_reg,2.A.33,3.A.15,3.A.15,3.A.15,1.B.22,GerE,8.A.28,1.B.20,1.A.30,1.A.30,1.B.62
