3.A.7,3.A.7,3.A.7,GH73,3.A.7,3.A.7,3.A.7
GH0,2.A.1,2.A.58,2.A.7,GntR|Aminotran_1_2,2.A.14,CBM50,Trans_reg_C,3.A.1,3.A.1,3.A.1
9.B.18,GT4,2.A.66,GntR,2.A.1,3.A.1,3.A.1,3.A.1,SBP_bac_3,8.A.3,8.A.3,9.B.18,GT0,2.A.66,GT4,9.B.18,GT0,2.A.4,3.A.1,3.A.1,4.C.1
GT2|GT4,GT2,9.B.33,Response_reg|LytTR,1.E.14,2.A.122,GntR,4.A.1,GH1,2.A.3,PfkB,2.A.7,LacI|Peripla_BP_3,2.A.1,Peptidase_M23,3.A.1,3.A.7,3.A.7,3.A.7,3.A.7,3.A.7,3.A.7
2.A.22,PALP,Aminotran_1_2,3.A.1,3.A.1,3.A.1,CBM50|CBM50,NUDIX,9.B.141,HTH_1|LysR_substrate,GATase_2,Pyr_redox_2,4.A.1,GH13_29
GT4,GT4,9.B.10
2.A.7,2.A.63,2.A.63,2.A.63,2.A.63,2.A.63,2.A.63,2.A.36,2.A.1,3.A.1,3.A.1,3.A.1,Fe_dep_repress|FeoA|Fe_dep_repr_C,GT26,3.A.1,3.A.1,GT2,3.A.1,2.A.41,2.A.115,3.A.1,3.A.1,3.A.1,2.A.120
3.A.1,3.A.1,2.A.20,CBM50
3.A.1,3.A.1,MarR,9.B.10,8.A.5,2.A.47,2.A.1,DeoRC|HTH_DeoR,PfkB,4.A.2,CE9,9.A.40,8.A.5,GT2
2.A.79,2.A.79,GGDEF,3.A.11,3.A.11,3.A.5,CBM50
GH73,1.E.31
1.A.26,TrkA_C,2.A.86,2.A.25,2.A.1,GT28,2.A.109,2.A.38
3.A.1,GT4,3.A.1
GH73,3.D.4,3.D.4
GT28,9.B.174,4.A.1
GH13_31,LacI|Peripla_BP_3,Glyoxalase,2.A.85
4.A.1,GT51,4.C.1
2.A.45,GH73
9.B.46,9.B.14,Response_reg|LytTR,PfkB,GH32,LacI|Peripla_BP_1|Peripla_BP_3,1.A.11,9.B.102,9.B.102,HTH_DeoR,3.A.1
3.A.2,3.A.2,3.A.2,3.A.2,3.A.2,1.A.77,GT0
3.A.1,2.A.1,2.A.1,1.C.113,9.A.5,3.A.1,3.A.1,3.A.1,2.A.1,2.A.15,GH1,4.A.3,4.A.3
8.A.5,MerR,PL8_1
2.A.35,3.A.7,Pyr_redox_2,GH73,3.D.1
2.A.3,4.C.1,AA3_2,2.A.15,2.A.11,3.A.1,3.A.1
4.A.2,9.B.74,GH73,GT8,GT4,3.A.5,3.A.5,3.A.5,3.A.5
8.A.3,8.A.3,TetR_N,GT2,CE4,9.B.97
