3.A.1,PAS|GGDEF|EAL,CYTH,GH3
4.F.1,3.A.1,1.A.30,3.A.11,CE4
CBM32,3.A.1,3.A.1,SBP_bac_1,GH144
2.A.1,PL29,HTH_3,3.D.2
2.A.1,GH30_1,CSD,GT84|GH94,HD,SpoVT_AbrB,2.A.1
2.A.1,PL17_2|PL17,PL6|PL6_1,1.B.14,GntR,1.B.71,3.A.1,3.A.1,3.A.1,3.A.1,3.A.1,Aminotran_1_2,9.B.153
1.B.39,3.A.1,3.A.1,3.A.1,CE15
1.B.22,3.A.11,GT51
3.A.9,1.B.14,GH15,GT20,GH105,1.B.33,HisKA|HATPase_c|PAS,3.A.23
2.A.109,GT51,GT2
2.A.12,AA3_2,9.B.1
2.A.47,1.A.22,GH97,2.A.25,2.A.6,2.A.6
3.A.10,HD,1.A.1,GH5_7
2.A.6,TetR_N,2.A.6,GT30,GT4
9.B.106,9.B.106,GH3,GH1,1.B.14,GH20,TetR_N,1.B.70,5.B.5
GH43_1,2.A.2,2.A.1,GH115,GH2,GH10
2.A.8,GH3,GH43_12,GH67
9.B.174,GH2,GH103,2.A.103,9.B.157,9.B.157
8.A.59,GT2,GerE|Response_reg,4.C.1,2.A.1,9.B.67,GT83,CBM50,3.A.7,GH23
CE9,SIS,Peripla_BP_3|LacI,2.A.1,Glucokinase,1.B.14,GH20
2.A.21,GH3,2.A.102
1.B.14,1.B.14,PL10_1
2.A.56,Peripla_BP_3|LacI,CE12,3.A.23,9.B.153
2.A.21,3.A.1,3.A.1,3.A.1,2.A.58,3.A.7,2.A.86,GH103,2.A.1
GT26,2.A.66,9.B.18,1.B.14,1.B.18,8.A.3
9.B.106,Sigma70_ECF,3.A.1,GT2
1.B.76,9.B.62,2.A.21,2.A.2,GH94
2.A.123,GT2,CbiA,1.E.43,9.B.34,9.B.98
2.A.6,2.A.37,GT2,8.A.28
9.B.27,PIG-L,GT2
GH3,2.A.23,HTH_6|SIS,1.B.14
3.A.1,3.A.1,GT4,GT0,GT2
GT0,GT2,1.B.14,2.A.37,3.A.1
9.B.146,2.A.103,GT28,CE11,Peptidase_M23,3.A.5
3.A.15,3.A.15,3.A.15,3.A.15,GT2,3.A.15,1.A.30,1.A.30,2.C.1,2.C.1
2.A.7,2.A.7,3.A.1,3.A.1,Trans_reg_C|Response_reg,HisKA|HATPase_c,3.A.1,3.A.1,1.B.14,TPR_2,TPR_2,GT51,GT2,CBS,9.B.121,1.C.113
2.A.23,3.A.7,GT19
CBM50,3.A.16
2.A.17,2.A.114,1.A.35,9.A.40,GH23,3.E.2,3.D.3,1.A.12
1.B.14,GH74|GH74,GH35,GH31,GH95,2.A.1
GH13_23,1.B.14,GH13_2,GH97,GH13_13,2.A.2,GH13_2
GH16_3,1.A.43
2.A.108,GH8,3.B.1,1.B.12
