GH92,2.A.1
CBM48|GH13_11,GH13_26,GH77,GH13_10,CBM48|GH13_9,GT5,DeoRC|HTH_DeoR,2.A.1,1.B.14,2.A.7
2.A.1,HTH_1|LysR_substrate,GH3,HxlR,2.A.1
2.A.5,CBM32,3.A.1,3.A.1,3.A.1,GH144
3.A.1,3.D.4,3.D.4,1.C.75,1.C.75,1.B.20,2.A.1,CE4|GH153|GH153,GT2
3.D.1,3.D.1,3.D.1,3.D.1,3.D.1,3.D.1,3.D.1,3.D.1,3.D.1,3.D.1,3.D.1,3.D.1,3.D.1,GT4,CE4
9.B.160,RseA_N,Sigma70_r4_2|Sigma70_r2,1.A.8,2.A.114,HATPase_c|HisKA,Trans_reg_C|Response_reg,GT83,2.A.1,2.A.3
1.C.113,9.B.121,CBS,GT2,GT51,1.B.14,TetR_N,2.A.12,AA3_2
GT20,HTH_1|LysR_substrate,3.A.1,1.B.14,2.A.37,GyrI-like|HTH_18,Aminotran_1_2,3.A.9
1.B.14,GH15,GT20,1.B.33,HATPase_c|HisKA,3.A.23,3.A.15,3.A.15,3.A.15,3.A.15
1.B.22,3.A.11,GT51
2.A.6,2.A.6,TetR_N,2.A.6,1.A.26,GT30,GT4,GH92,2.A.23,2.A.21,GerE|Response_reg,2.A.11,SBP_bac_1,HATPase_c|HisKA,Trans_reg_C|Response_reg,2.A.11
CE4,Rhodanese,1.B.12,3.A.1,8.A.1
2.A.15,AA3_2,2.A.7,MarR|AsnC_trans_reg,GyrI-like|HTH_18,1.B.14,2.A.76,1.B.14,GH23,HD,1.B.12,CE9,SIS,Peripla_BP_3|LacI,2.A.1,Glucokinase,1.B.14,GH20
GH103,2.A.103,2.A.103,9.B.157,9.B.157
3.A.1,HTH_11,LytTR|Response_reg,8.A.59,GT2,1.E.55,2.A.3,1.B.52,2.A.53,2.A.7
GT2,9.B.67,GT83,CBM50,3.A.11,1.E.43,3.A.7
3.A.1,3.A.1,1.I.1,3.A.6,GH3,Peripla_BP_3|LacI,1.B.14,9.B.34
2.A.73,GH109,1.B.14,GH31|CBM51,SIS,Glucokinase,DeoRC|HTH_DeoR,CE9,2.A.1
2.A.6,GT2
GT1,2.A.6,2.A.6,2.A.123,GT2
1.E.43,2.A.1,1.B.70,4.C.1,GerE|Response_reg,2.A.107,2.A.21,9.B.22,1.B.33,3.A.15,2.A.64,1.B.52,2.A.46,GH103
3.A.23,PfkB,1.B.14,1.B.14,CE12,DctP,2.A.56,PL10_1,GH43_9,Peripla_BP_3|LacI,CE12,MarR|AsnC_trans_reg,1.B.14,3.A.1,Sigma70_ECF,9.B.106
1.A.11,GH102,Glyoxalase,HisKA|HATPase_c|PAS,3.A.23
3.A.5,1.B.1,NUDIX,PfkB,2.A.1,PL17_2|PL17,PL6|PL6_1,1.B.14,GntR,1.B.71,2.A.1
1.A.23,GH3,2.A.3,SIS|HTH_6,1.B.14
9.B.10,3.A.1,HTH_1|LysR_substrate,EAL,2.A.3,GH23
3.A.1,GT2,GT2,GT2
1.B.42,GH18,3.A.15,3.A.11,3.A.15
3.A.15,GT0,GT2,GT2,4.D.3,GH8,1.B.55,GH8,2.A.40,3.A.1
9.B.146,2.A.103,GT28,CE11,Peptidase_M23,3.A.5,NUDIX,9.B.33
9.B.126,GT41,TPR_2,1.B.46,Pribosyltran,1.B.14,3.A.5,1.C.82
GT4,1.B.14
GT9,2.A.7
GH13_23,1.B.14,GH97,GH0|CBM35,2.A.2,GH13_2,3.A.1
2.A.66,GH37,2.A.6,2.A.6,TetR_N|TetR_C,9.B.34,3.D.4,3.D.4,3.D.4,3.D.4,9.B.34,AAA,9.B.14,3.A.5
GT19,1.B.33
2.A.1,Hemerythrin,9.B.34,MASE1,Pyr_redox_2,3.A.1,3.A.1,3.A.1,3.A.1,1.A.35,9.A.40,GH23,3.D.3,3.D.3,1.A.12
CBM50,3.A.16
1.B.14,GH74,GH35,GH31,GH95,2.A.1
GH3,2.A.21
2.A.120,1.B.14,2.A.17,HTH_3,CBM32,HTH_3,2.A.7
9.B.18,8.A.3,GT4,GT4,1.B.14,1.B.18
9.B.158,1.B.14,GH92,Peripla_BP_3|LacI,2.A.1,PfkB,GH2,2.A.3,2.A.3
GH129,TetR_N,3.A.1,3.A.1,3.A.1,1.B.14,1.B.14,HATPase_c|HisKA,Trans_reg_C|Response_reg,2.A.6,GT84|GH94
