9.B.142,GT2,3.A.1
9.B.160,GH65
2.A.3,GT4,GT1,GT4
GH28,4.B.1
PL1,3.A.1
3.A.1,HATPase_c,Response_reg|GerE,GT2,5.A.1,9.B.14
GH23,GH13_30,2.A.63,2.A.63,2.A.63
1.C.82,TetR_N,2.A.3,Response_reg|Trans_reg_C,HATPase_c|HisKA,1.E.43,CE14,Peripla_BP_3|LacI,3.A.1,3.A.1,3.A.1,2.A.55,PALP|CBS,Aminotran_1_2,GT4
GT51,3.A.1,3.A.1
GT4,GT2,GT2,GT4,3.A.1,GT4,GT4,GT4,Whib,GT2
3.A.1,3.A.1,GH38,9.A.40,9.A.40
9.B.1,3.A.1,2.A.86,ACT|PALP,CE14,1.C.113
2.A.1,3.A.1,3.A.1,3.A.1,3.A.1,2.A.108,2.A.108,2.A.108,CE14,Fer4,Aminotran_1_2,Citrate_synt,GT76,3.A.1,1.A.26
GT4,GT4,GT4,9.B.146,3.A.2,3.A.2,3.A.2,3.A.2,9.A.24
GT51,TetR_N,3.A.1,3.A.1,3.A.1
GT4,PIG-L,3.A.1
GT4,3.A.11,3.A.11
GT5,3.A.1,GT4
GH13_3,CBM48|GH13_9,TPR_2,2.A.36
GH23,GT2,GT4,Pyr_redox,3.A.1,3.A.1,3.A.1
GT28,2.A.103,9.B.146
2.A.1,GH1,2.A.109,2.A.11
