2.A.1,PALP,NUDIX,2.A.8,CBM48|GH13_9,GH13_3,3.A.1,CE1
9.A.40,9.A.40,1.I.1,1.A.35,Pyr_redox_2,2.A.1,GT2
9.B.169,GT4,4.F.1,2.A.108,GT87
GT28,2.A.103,9.B.146
9.B.106,2.A.1,Glucokinase,GT4,Peripla_BP_2,3.A.1,3.A.1,3.A.1,3.A.1,3.D.3,3.D.4,3.D.4,3.D.4
3.A.1,Sigma70_r2|Sigma70_r4_2,GT5,GH32,GT81,2.A.3,2.A.3,Aminotran_1_2,Fer4,CE14
2.A.1,CE14
3.A.1,3.A.1,3.A.1,3.A.1,GH23,TetR_N,1.B.76
3.A.1,GH23|CBM50,Peripla_BP_2,2.A.15,GT39
2.A.40,CSD,GH23|CBM50
2.A.21,Response_reg|Trans_reg_C,2.A.1,TetR_N,2.A.79,HTH_5,2.A.1,2.A.79,GT20
GT2,3.A.1,3.A.1,3.A.1
3.A.5,3.A.1,3.A.1,3.A.1,3.A.1,GH13,GH13_30,2.A.81
4.A.2,2.A.42,2.A.27,4.A.1,GH32,GH13_14,3.A.1
GT4,4.C.1
3.D.10,3.D.10,Pyr_redox_2,CE1
3.A.7,9.B.160,NUDIX,HhH-GPD,1.A.1,Whib,GT51,2.A.63,2.A.63
2.A.7,GT76,4.C.1
3.A.1,GT2,GT85,GT53
3.A.1,3.A.1,2.A.8,SKI,2.A.79,CBM5
2.A.8,GH1,4.A.1
GT51,3.A.7,GH15
3.A.1,3.A.1,3.A.1,Fe_dep_repress|FeoA|Fe_dep_repr_C,GT2,GT89,CE1,CE1,CE5,4.C.1,3.B.1,2.A.6,GT4,HTH_5,9.A.8,FeoA,CE1,GH3,9.B.141
2.A.20,9.B.97,CE1,2.A.86,1.A.33
3.A.9,Rhodanese,Pribosyltran,GH76
3.A.1,3.A.1,Whib,CE9,GntR,3.A.1,3.A.1,3.A.1,3.A.1,3.A.18,1.A.1
