9.B.34,2.A.38,HTH_5,2.A.38,2.A.38,CBM50,3.A.11
2.A.38,2.A.38,Response_reg|Trans_reg_C,HisKA|HATPase_c,8.A.59,Response_reg|LytTR,2.A.1,2.A.102,3.A.7,2.A.1,LacI|Peripla_BP_3,GH13_18,2.A.1,PfkB,GT51,3.A.1,3.A.1,GntR,3.A.1,4.C.1
2.A.6,GT2
9.B.146,2.A.103,GT28,CE11,1.A.34,3.A.5,9.B.34,2.A.64,2.A.64,2.A.64
GT1,1.B.14
GH23|CBM50,Pkinase_Tyr,2.A.6,2.A.6
3.D.2,3.D.2,NIR_SIR|NIR_SIR_ferr,GT51
1.B.52,1.B.33,3.A.9,3.B.1,3.B.1,2.A.23,9.B.27,GH23,9.B.34,2.A.53,1.A.13
1.B.14,SBP_bac_3,1.B.52,GH20,SIS,CE9,2.A.1,1.B.71
9.B.102,AraC_binding|HTH_3,3.A.1,3.A.1,3.A.1,3.A.1,2.A.17,1.B.14,LacI|Peripla_BP_3,2.A.2,GH1,2.A.1,GH3
1.B.14,CBM41|GH13_13
AA3_2,MarR,GH77,CBM48|GH13_9,CBM48|GH13_11,GT35,GT5,EAL|GGDEF|PAS,1.I.1,SBP_bac_3,2.A.66,9.A.62,Fer4,2.A.14,3.A.8
GH23,3.D.4,3.D.4,1.B.52,2.A.6,2.A.6,TetR_N,9.B.155,9.B.18,Aminotran_1_2,GT0
2.A.17,1.B.18,GT0
GT4,GT0,9.B.18,9.B.18
2.A.35,GT0
2.A.1,LysR_substrate|HTH_1,2.A.7,2.A.7,3.A.23,dCache_1|HisKA|HATPase_c,2.A.56,2.A.56,3.A.1,AlkA_N|HhH-GPD|HTH_18|Ada_Zn_binding,1.I.1,Response_reg|CheW,2.A.23,GH109
3.A.5,2.A.6,2.A.6,Rhodanese,CBM5,Rhodanese,2.A.6,Glyoxalase,1.B.9,2.A.21
GH103,1.B.14
3.A.7,LysR_substrate|HTH_1,Response_reg|GerE,GH18,8.A.7
GH15,2.A.2,HTH_18,GH97,NUDIX,1.C.113,3.A.25
3.D.2,AsnC_trans_reg,3.A.12,1.B.46,AAA,1.A.43,1.A.14,LysR_substrate|HTH_1,2.A.1,2.A.66,GntR,GH43_29,3.A.1,3.A.1,3.A.1,3.A.1,GH43_26,GH146,GH43_26,2.A.2,GH43_5,GH43_26,GH97,GH43_4,GH23
8.A.59,3.D.4,3.D.4,3.D.4,3.A.3,5.A.1,cNMP_binding|Crp,GH73
GT104,2.A.35
5.B.7,GH23
3.A.7,9.B.34,9.B.34,2.A.1,GH13_23,1.B.14,GH13,GH13_38
GH23,1.I.1,1.B.14,2.A.118,1.A.33
5.B.5,5.A.3,CBS,9.B.176,1.B.33,9.B.22,GT2
2.A.37,GGDEF,GT19,1.B.33
3.A.23,CE4,1.B.14,HTH_18,2.A.1,GH20
9.B.169,2.A.73,GH18,8.A.59,MCPsignal|PAS,1.I.1,2.A.3
1.A.62,CBM50
9.A.40,1.B.42,2.A.103,GH103
9.B.169,1.B.14,LacI|Peripla_BP_3,GH147,2.A.21,GH2,1.B.14
2.A.35,1.B.6,2.A.42,AA10|CBM73,2.A.106
5.A.3,5.A.3,5.A.3,MCPsignal|PAS,GT51
CBM50,2.A.25,1.A.23,1.B.52,Pkinase,2.A.21,AAA,Response_reg,9.B.34,3.A.1,1.B.5,8.A.5
1.B.22,GT51
GH23,2.A.68,2.A.6,2.A.6,1.B.71,Pyr_redox_2,8.A.1,2.A.85,2.A.21,1.B.14,2.A.6
3.A.1,1.B.14,SBP_bac_3,2.A.88,HisKA|HATPase_c,3.A.23,3.A.1,3.A.1,3.A.1,GT83,GT2,GT4,GT2,GT4,GT9,GT30,TetR_N,Aminotran_1_2,Rhodanese,9.B.104
