3.A.23,Pyr_redox_2,2.A.102,HTH_1|LysR_substrate,AA3_2,2.A.1
2.A.3,Trans_reg_C|Response_reg,2.A.21,9.B.34,GT9,GT9,GT4
2.A.103,GH103,GH0,GH103
3.A.1,3.A.1,3.A.1,GT51
1.B.14,HTH_18|AraC_binding,HTH_1|LysR_substrate,1.B.17,2.A.85,8.A.48,8.A.1,HTH_1|LysR_substrate,2.A.1,2.A.1,3.A.1,2.A.50,PL5_1,1.B.13,GT2
9.B.146,2.A.103,GT28,CE11,3.A.5,NUDIX,2.A.21,1.A.23,2.A.1,2.A.1
2.A.1,3.A.23,HisKA|HATPase_c|dCache_1,GH3
1.B.19,PadR,GT0,2.A.3
GH50,2.A.33,Pyr_redox_2,3.A.1,3.A.1,3.A.1,3.A.1,3.A.1,9.B.34
GH5_48,MarR,2.A.1
3.A.1,3.A.1,3.A.1,2.A.1,HTH_1|LysR_substrate,HTH_1|LysR_substrate,GT104,MarR,HTH_1|LysR_substrate,2.A.102,HTH_1|LysR_substrate,1.I.1,9.B.1
9.B.104,GH0
1.B.10,1.B.10,2.A.40,9.B.43,CE4,9.B.35
3.A.1,MCPsignal,GT4
GH23,3.A.1,3.A.7
GH23,3.A.1,3.A.1
3.B.1,4.C.1,1.C.107,GH13_3,GH13_16,CBM48|GH13_9,CBM48|GH13_11,GH13_26,GH77,GH13_10,GT5,GH15,2.A.7
AA2,2.A.1,1.B.14,3.A.1,3.A.1,3.A.1,4.C.1,4.C.1,4.C.1,4.C.1,1.B.14,3.A.1
2.A.51,2.A.72,3.A.1,3.A.1,3.A.1,3.A.9,3.A.1,3.A.1,1.B.14,1.B.14,3.A.1,3.A.1,3.A.1,3.A.1,SBP_bac_3,3.A.23,MerR,2.A.3,2.A.1,Glyoxalase,TetR_N,2.A.6,2.A.6,2.A.6,HhH-GPD|AlkA_N,2.A.76,8.A.1,2.A.1,HTH_18|AraC_binding,HTH_1|LysR_substrate,3.A.1,3.A.1,GH13_6|CBM20,MCPsignal|dCache_1,2.A.8,FecR,4.C.1,2.A.21,GerE|Response_reg,MarR,8.A.1,2.A.1,Fer4,2.A.76
GH148,Pyr_redox_2,GT2,GT2,GT4,GT2,GT26,9.B.18,Trans_reg_C,HTH_1|LysR_substrate,2.A.42,HTH_3,3.A.1
9.B.62,9.B.62,AAA,1.B.9,1.A.23,2.A.86,GT0,GT2
9.B.153,PALP,2.A.117,GT0,GT2,9.B.34,HATPase_c|HisKA,Trans_reg_C|Response_reg,2.A.6,2.A.6,4.C.1
3.A.1,3.A.23,3.A.23,9.B.10,9.B.69,9.B.69,GerE|Response_reg,SBP_bac_3|HATPase_c|HisKA|Response_reg,1.B.52,Peripla_BP_3|LacI,SKI,2.A.8,3.A.23,HATPase_c|HisKA,HATPase_c|HisKA,GH23,3.A.15,3.A.11,GGDEF,9.B.8,Aminotran_1_2,9.B.34,SBP_bac_3,2.A.6,2.A.6,2.A.6,2.A.6,2.A.42,Aminotran_1_2,HTH_6|SIS,3.A.1,3.A.1,3.A.1,3.A.1,9.B.34,HTH_18,5.A.1
GT2,2.A.123,GT83,1.B.14,FecR,Sigma70_r4_2|Sigma70_r2,1.B.14
GH23,3.A.1,3.A.1,3.A.1,3.A.1,3.A.1
2.A.21,9.B.136,3.A.1,GH17,HTH_1|LysR_substrate,HTH_18|PAS,2.A.3
1.M.1,GH19
1.E.20,HTH_3,Fer4,Sigma70_r2|Sigma70_r4|Sigma70_r3,CBM50
GT19,1.B.33
2.A.36,GT2,1.B.11
1.B.20,1.C.75,GH23,9.B.62
2.A.1,CbiA,MCPsignal|dCache_1,GT4
2.A.121,1.B.52,GT4,CbiA,9.B.186,SpoVT_AbrB,HATPase_c,Response_reg|TPR_2,9.B.159,9.B.164,4.C.1,2.A.106
3.A.7,3.A.7,Response_reg,GT51,2.A.66,NUDIX,9.B.34,MCPsignal,5.A.1,3.A.23
CBM50,Fer4,1.A.62,1.A.30,1.A.30
2.A.39,2.A.6,GT30,HTH_1|LysR_substrate,2.A.7,8.A.5,PfkB,3.A.1,9.B.67,GT4,PIG-L,GT4,2.A.21
GH102,2.A.7,2.A.36,SBP_bac_3,1.I.1,1.C.113,CheW,CheW|Response_reg|HATPase_c|H-kinase_dim,1.B.52
2.A.64,MCPsignal,MCPsignal,3.A.1,3.A.1,3.A.1,GT2,2.A.3
GT35,PAS|HATPase_c|HisKA,3.A.23
9.B.174,2.A.15,TetR_N,AA3_2,2.A.36,1.A.23
GT2,2.A.6
1.B.22,GT51,3.A.11,3.A.7,3.A.15,9.A.4
GT51,Sigma70_r2|Sigma70_r4,3.A.1,3.A.1,3.A.5
