2.A.1,GT4,MarR|AsnC_trans_reg,SIS,GT4,1.B.18,PL1_13,AraC_binding|HTH_18,2.A.1,cNMP_binding,B12-binding,2.A.109,2.A.80
GT51,3.A.1,3.A.1
GH23,2.A.6,2.A.6,2.A.27,GT2,GT83,LysR_substrate|HTH_1,2.A.117,GntR,3.A.1,3.A.1,3.A.1,3.A.1,LysR_substrate|HTH_1,1.E.14,2.A.122,2.A.76,2.A.7,Aminotran_1_2|GntR,2.A.7,HTH_11|AsnC_trans_reg,3.A.1,3.A.1,TPR_2,2.C.1,2.C.1,1.A.30,1.A.30
3.A.1,9.B.146,2.A.103,GT28,CE11,1.A.34,3.A.5
1.A.26,2.A.98,LysR_substrate|HTH_1,4.C.1,GH31,3.A.1,3.A.1,3.A.1,1.B.52,9.B.34,2.A.1,2.A.1,LysR_substrate|HTH_1,GerE,Pyr_redox,2.A.80
GT2,3.A.1,3.A.1,3.A.1,3.A.1,4.C.1
2.A.59,TrmB,GH23,3.A.7
3.A.1,3.A.1,CBM32,1.B.40,LysR_substrate|HTH_1,2.A.80,Pyr_redox_2,3.A.1,3.A.1,3.A.1,SBP_bac_1,3.A.1,3.A.1,3.A.1,3.A.1
3.A.23,Hemerythrin,Hemerythrin,3.A.1,3.A.1,3.A.1,GntR,3.A.1,CE4,3.A.1,2.A.80,IclR|HTH_IclR,2.A.6,2.A.6,2.A.6,TetR_N,Glyoxalase,2.A.15,2.A.6,2.A.6,2.A.6,MarR|PadR,2.A.6,2.A.6,2.A.6,TetR_N,LysR_substrate|HTH_1,3.A.1
3.A.1,3.A.1,3.A.1,3.A.1,3.A.1,3.A.1,CBM32,3.A.1,3.A.1,3.A.1,3.A.1,3.A.1,HhH-GPD,3.D.6
2.A.67,CE4
3.A.1,GH103,GT2,GT0
2.A.80,IclR|HTH_IclR,GH103,2.A.81,Aminotran_1_2,2.A.81
CBM32,GT4,GT2,GT4,CE4,GT4,GT9,3.A.1,2.A.37,9.B.34,LysR_substrate|HTH_1,2.A.56,2.A.56
1.E.25,GH24
GT73,2.A.1,8.A.1,1.B.17
2.A.56,9.B.34,1.B.52,2.A.56,2.A.56,2.A.56,LacI|Peripla_BP_3,3.A.1,3.A.1,3.A.1,3.A.1,GntR,GT83
2.A.80,SBP_bac_3,3.A.1,LysR_substrate|HTH_1,2.A.28,3.A.1,GT51,AraC_binding|HTH_18,2.A.1,GT2,CE4|GH153,1.B.55,9.B.34,2.A.80
2.A.6,GT2
3.A.15,CBM32,LysR_substrate|HTH_1,3.A.1,3.A.1,3.A.1,3.A.1,2.A.76,9.B.34,GntR,3.A.1,3.A.1,3.A.1,3.A.1,3.A.1
GH73,1.B.52,MCPsignal,1.B.52,1.B.52,3.A.6,3.A.6,3.A.6,3.A.6,3.A.6,3.A.6,3.A.6
1.B.33,GT19,8.A.7,HTH_18,8.A.21,9.B.34
9.B.8,2.A.1,2.A.1,5.A.3,5.A.3,5.A.3,2.A.53,HATPase_c|GAF,GerE|Response_reg,AA3_2
2.A.6,2.A.6,2.A.6,3.A.1,3.A.1,GT83,9.B.27,PALP,2.A.80
2.A.80,2.A.80,GT9,1.B.13,9.A.25
2.A.86,GH23,LysR_substrate|HTH_1,9.B.34,2.A.80,2.A.1
9.A.25,2.A.109,9.B.20,3.A.1,4.D.2,GT5,GH13_3|GH13_3,GH13_16,CBM48|GH13_9,CBM48|GH13_11,GH13_10,GH77,GH13_26
2.A.1,LysR_substrate|HTH_1,CBM50,9.B.31,2.A.40
2.A.80,LysR_substrate|HTH_1,Pyr_redox,MarR|AsnC_trans_reg,9.B.150,GH15,9.B.34,SBP_bac_3,2.A.80,2.A.80,LysR_substrate|HTH_1,3.A.1,3.A.1,3.A.1,3.A.1,3.A.1,HTH_DeoR|DeoRC,8.A.59,TetR_N,3.A.1,3.A.1,2.A.6
2.A.1,GntR,IclR|HTH_IclR,AA3_2,2.A.1,8.A.5,GntR,3.A.1,3.A.1,3.A.1,3.A.1,3.A.1
2.A.80,3.A.1,3.A.1,3.A.1,SBP_bac_3,3.A.1,2.A.55,LysR_substrate|HTH_1,LysR_substrate|HTH_1,TetR_N,2.A.1,GntR,3.A.1,3.A.1,3.A.1,3.A.1,3.A.1,3.A.9,GT51,CSD,2.A.49,1.B.52
1.C.75,1.B.20,3.A.1,3.A.1,3.A.1,3.A.1,GH103
5.B.3,2.A.1,4.F.1,GH3,2.A.6,2.A.6,2.A.6,Trans_reg_C,HTH_1|TOBE,3.A.1,3.A.1
GH23,1.B.14,3.A.1,3.A.1,3.A.1,3.A.1,GntR,2.A.80
GT104,3.A.23,TPR_1,3.A.7,Response_reg,3.A.7
GT2,GT4,4.D.1,GT4
2.A.7,GntR,2.A.80,GT83,GT2,2.A.6,2.A.6,1.B.17,Response_reg|Trans_reg_C,HATPase_c|HisKA,2.A.80,2.A.80
2.A.80,2.A.80,GT9,GT4
1.B.52,HTH_18,SBP_bac_1,3.A.1,3.A.1,AA3_2
2.A.3,MarR|AsnC_trans_reg,1.C.113,3.A.1,3.A.1,3.A.1,1.B.14,3.A.1,3.A.1,Peripla_BP_2,Crp|cNMP_binding,CBM50
GT4,Response_reg|Trans_reg_C,HATPase_c|HisKA,9.B.62,1.B.76,3.A.3,LysR_substrate|HTH_1,LysR_substrate|HTH_1,4.C.1,2.A.80,Pyr_redox_2,2.A.46,Aminotran_1_2|GntR,LysR_substrate|HTH_1,2.A.80,2.A.80
2.A.76,LysR_substrate|HTH_1,2.A.75,LysR_substrate|HTH_1,3.A.1,3.A.1,3.A.1,3.A.1,MarR,cNMP_binding,4.C.1,3.A.1,3.A.1,3.A.1,3.A.1,2.A.102,Pyr_redox_2,9.B.102,9.B.102,HTH_5,GT4,2.A.33,1.B.14,FecR,Sigma70_r4_2|Sigma70_r2,1.I.1,GH23,2.A.80
3.A.1,3.A.1,GT30,GT9
GT4,9.B.18,9.B.146,9.B.18,2.A.1,2.A.7,GT2
2.A.1,LysR_substrate|HTH_1,2.A.80,HD,SKI,GT51,3.A.23,3.A.23,3.A.23,FHA,3.A.23,3.A.23,3.A.23,GH73,9.B.14,3.A.1,3.A.1,3.A.1,3.A.1,IclR|HTH_IclR,5.A.1
