GH13_19,3.A.18
GH2,9.B.158,GH20,GH92,2.A.1
3.D.1,HATPase_c|TPR_1,Response_reg,2.A.16,SIS|CBS,2.A.64,1.B.42,9.B.18,GT4,GT2,GT4,GT4,GT2,GT4
3.A.1,3.A.1,GT4
GH17,GH17,GH17,GH30_1,GH17,GH149,GH0,GH16_3,8.A.46,1.B.14,Sigma70_r4_2|Y_Y_Y|Reg_prop,1.A.23
1.A.14,GT4,GH3
GT4,9.B.144,9.B.153,2.A.50
2.A.1,GntR,PL7,1.B.14
2.A.86,8.A.46,GT2,2.A.123,GT83
2.A.40,Ogr_Delta,GT1
2.A.1,GH31,CBM48|GH13_9,GH13_3
GT5,2.A.17
GT2,2.A.6
3.A.1,GT2,GT2,GT4,GT0
9.B.145,3.A.1,3.A.1,LytTR|Response_reg,GT2
GH73,PALP,1.B.14
9.B.157,2.A.103,3.A.1,9.B.174,GT19,3.A.11,2.A.17,2.A.17,2.A.6,9.A.40
GH25,LytTR|Response_reg,9.B.33
3.A.1,GT0
GT2,LytTR|Response_reg,9.B.33,9.B.107
GH74,2.A.66
3.A.2,3.A.2,3.A.2,9.A.25,3.A.1,GT9
GT2,9.B.18,9.B.18,Aminotran_1_2,9.B.18,9.B.18,PL12,9.B.67,PL12_3,2.A.50,GT0
2.A.66,GH113
GH13,GH31,CE1|CE1,GH13,GH65,2.A.2,LacI|Peripla_BP_3,1.B.14,8.A.46,GH13_10
8.A.5,AAA,GT5,SIS,3.A.2,9.B.114
CE4,3.A.1
9.B.146,2.A.103,GT28,9.B.157,2.A.6,2.A.6,PL7,PL17_2|PL17,AraC_binding,1.B.14,GntR,2.A.1
1.A.1,2.A.25,GH13_7
2.A.21,GT2
1.A.13,3.B.1,MarR,GH17
3.A.1,GT2
3.A.1,3.A.1,HD,GT2,GT4,GT2,GT2,GT2,GT9
3.A.12,AA2,2.A.35
1.B.14,GH16_13,HTH_18,GH127,2.A.1,GH16_13,GH167,GH167,8.A.5,Y_Y_Y|HTH_18|Response_reg|HATPase_c|Reg_prop|HisKA,GH150,GH110,GH82
GH82,GH2,GH110,1.B.14
