8.A.59,3.D.1,HTH_3,GH0,2.A.120
3.A.1,3.A.1,GH77,LacI|Peripla_BP_3,3.A.1,3.A.1,Aminotran_1_2,Aminotran_1_2,MarR,4.A.2,Mga,4.A.2,SIS,TetR_N,2.A.1,Fe_dep_repress|Fe_dep_repr_C,MarR,MarR,1.B.52,3.A.1,GT35,HTH_18,1.B.52
CE4,MarR,2.A.7
4.A.4,4.A.4,4.A.4,Y_Y_Y,GH23,Nitroreductase,HxlR,MarR,1.B.52
9.B.160,4.A.3,SBP_bac_1,GT4,GT4
3.A.6,GT28
GT0,3.A.2,3.A.2,3.A.2,3.A.2,3.A.2
GH105,2.A.2
2.A.107,Aminotran_1_2,TetR_N,3.A.1,Trans_reg_C|Response_reg,HisKA|HATPase_c,GH25
3.A.9,2.A.87,9.B.34,2.A.88,CE4,9.B.34
2.A.115,GH13_28|CBM25|CBM25,1.B.52,1.B.52
4.A.1,GH1
2.A.1,B12-binding|B12-binding_2,HisKA|Response_reg|HATPase_c,4.A.6,4.A.6,4.A.6,Fer4|Nitroreductase,2.A.1,HTH_3,MerR,MarR,3.A.23,4.A.3,4.A.3,4.A.3,GH2,HATPase_c|dCache_1,Response_reg|HTH_18,SBP_bac_1,3.A.1,3.A.1,GH51,LysR_substrate|HTH_1,2.A.1
3.A.1,3.A.1,GH13_31,2.A.1,TetR_N,2.A.88
3.A.1,3.A.1,GH31
GH23,MCPsignal,9.B.74,9.B.74,HisKA|HATPase_c,HisKA|HATPase_c,9.A.24,STAS,HATPase_c,Sigma70_r4|Sigma70_r2|Sigma70_r3,9.A.11,9.A.11,3.A.3
2.A.2,SBP_bac_1,8.A.59,Response_reg|HTH_18,GH43_11,3.A.1,LacI|Peripla_BP_3,GH77,GT35,3.A.7,1.A.11,MCPsignal|dCache_1,1.B.52,2.A.21
GH46,4.A.3,4.A.3,4.A.3,AAA|TrmB,AAA,4.A.6,4.A.6,4.A.6,SIS,2.A.66
GT26,2.A.66,GT0,GT4,CE4
3.A.1,3.A.1,3.A.1,8.A.3,8.A.3,GerE,9.B.18,Pyr_redox_2,GT4,GT2,GT2,GT4,GT2,2.A.66,GH113
3.A.1,8.A.3,9.B.18,GT0,GT4,GT2,PL12
GH25,3.A.1,9.B.34,4.C.1,3.A.1,1.C.57
3.A.1,3.A.1,3.A.1,GH42,HATPase_c|dCache_1,Response_reg|HTH_18,GH2,2.A.67,2.A.72
5.A.1,LacI|Peripla_BP_3,SBP_bac_1,3.A.1,3.A.1,GH31,GH13_31,2.A.33,HTH_5,3.A.3
3.A.23,Pyr_redox_2,HD,2.A.4,HxlR,Nitroreductase,2.A.26,4.A.3,4.A.3,GH1,4.A.3
2.A.2,GH1,1.B.52
GH43_2,GH2,GH43_24,GH3,GH106,3.A.1,3.A.1,GH43_11
GH3,HTH_18,GH2,2.A.1
3.A.1,3.A.1,3.A.1,GH43_11,GH42|GH164,GH42,1.B.52,GH42
1.B.52,GT2,GT1
2.A.66,TPR_1,3.A.1,3.A.1,3.A.1,3.A.1,3.A.1,9.B.34,NIR_SIR_ferr|NIR_SIR,3.D.1,2.A.20,1.E.40,Glyoxalase,Aminotran_1_2,2.A.109,CE4
CE4,3.A.1,3.A.1
3.A.1,3.A.1,3.A.1,LysR_substrate|HTH_1,3.A.1,3.A.1,CE4,3.A.23
3.A.18,2.A.1,HisKA|HATPase_c,Trans_reg_C|Response_reg,2.A.6,2.A.6,3.A.1,2.A.36,1.B.52,3.A.23,4.A.6,4.A.6,4.A.6,4.A.6,SIS,4.A.6,4.A.6,4.A.6,9.B.34,8.A.59,Response_reg|HTH_18,SBP_bac_1,3.A.1,3.A.1,GH31,3.A.1,2.A.3,Fer4|Nitroreductase,HTH_5,2.A.14
2.A.6,2.A.6,CE4,GntR|TrkA_C,3.A.1,3.A.1
4.A.1,GH1,CBM5|CBM5,GH18|CBM5|CBM5,Sigma70_r2,GH16_3|CBM12,CBM56|GH64,GGDEF,8.A.59,Response_reg|HTH_18,SBP_bac_1,3.A.1,3.A.1,GH31,2.A.7
3.A.1,4.A.3,4.A.3,GH4,4.A.3
2.A.66,TPR_1,3.A.1,3.A.1,3.A.1,3.A.1,3.A.1,3.A.1,ACT,3.A.1,9.B.20,AA3_2
GH25,TetR_N,2.A.6,2.A.6
GH13_11,HTH_DeoR|DeoRC,2.A.85,9.B.10,9.B.34,2.A.10,LacI|Peripla_BP_3,2.A.87,3.D.6,3.D.6,3.D.6,3.D.6,3.D.6,3.D.6,9.B.141
GH127,HTH_18|AraC_binding,HTH_5,GH43_26,GH51,GH51,3.A.1,3.A.1,3.A.1,2.A.69,ACT,CE4
GH13_29,4.A.1
3.A.25,GH11,FeoA,9.A.8,2.A.5
GH140,4.A.6,4.A.6,4.A.6,4.A.6,3.A.23,4.A.1,LacI|Peripla_BP_3,GH140
GH25,GH1,4.A.1,2.A.3,2.A.4
CE4,Peripla_BP_1,1.B.52,3.A.1,3.A.1,3.A.1
3.A.1,3.A.1,MerR,9.B.34,HxlR,2.A.1,TetR_N,MCPsignal|dCache_1,HisKA|HATPase_c,Trans_reg_C|Response_reg,3.A.1,3.A.1,3.A.1,9.A.40,Pyr_redox_2,3.A.1,3.A.1,3.A.1,TetR_N,2.A.1,Sigma70_r2,3.A.1,4.A.6,HTH_11,Peripla_BP_1,2.A.8,3.A.23,GH18,HxlR,1.B.52
1.A.26,2.A.55,2.A.103,LacI|Peripla_BP_3,4.A.7,AraC_binding,HTH_18|AraC_binding,GH19,SpoVT_AbrB,2.A.47
2.A.1,MerR,MerR,2.A.4,2.A.66,MarR,CBM12
2.A.9,HisKA|HATPase_c,Trans_reg_C|Response_reg,3.A.1,3.A.1,4.C.1,4.C.1,4.C.1,1.B.52,GH31,3.A.1,3.A.1,SBP_bac_1,9.B.33,Response_reg|HTH_18,PfkB,MCPsignal,3.A.1,3.A.1,3.A.1,2.A.10
2.A.2,GH88,GH154
3.A.1,3.A.1,3.A.1,3.A.1,2.A.2,GH3,HTH_18|AraC_binding,HisKA|HATPase_c,Trans_reg_C|Response_reg,9.B.142,GT2
3.D.1,Fer4,3.D.1,CbiA,3.D.1,3.A.16,4.A.3,4.A.3,4.A.3,GH1,GntR,3.A.23,MCPsignal,2.A.21,2.A.73,1.B.52,3.A.1,3.A.1
GH32|CBM66|CBM66,4.A.6,4.A.6,4.A.6,4.A.6,3.A.23,PfkB,GH32,GH13_18,3.A.1,3.A.1,3.A.1,LacI|Peripla_BP_3,1.B.52,GH91,PfkB,GH32,3.A.1,3.A.1,3.A.1,SBP_bac_1,Response_reg|HTH_18,8.A.59
CE12,3.A.1
2.A.3,MerR,8.A.5,3.A.1,3.A.1,3.A.1,3.A.1,3.A.1,HisKA|HATPase_c,GH1
2.A.10,AsnC_trans_reg|MarR,1.B.52,GntR|Aminotran_1_2,Pyr_redox_2,Response_reg,HisKA|Response_reg|HATPase_c,1.B.52,CheW,HATPase_c|H-kinase_dim|CheW,Response_reg,GH3,2.A.3,GT83,Sigma70_r4_2|Sigma70_r2,2.A.85,GntR|Aminotran_1_2,GH4
GT2,GT0,9.B.18
GT28,HATPase_c,GT2,9.B.104,2.A.50,4.C.1,3.A.1,3.A.1
3.A.1,GntR,2.A.23,Aminotran_1_2,Mga,3.A.1,3.A.1,3.A.1,2.A.3,Hemerythrin,PALP,Nitroreductase,HTH_18|AraC_binding,GH4
3.A.1,3.A.1,Peripla_BP_1,8.A.59,Response_reg|HTH_18,3.A.1,3.A.1,3.A.1,1.B.52,GGDEF|EAL,MCPsignal,GH36,GH36,3.A.1,3.A.1,3.A.1,HTH_18|AraC_binding,3.A.1,3.A.1,3.A.1
GH1,GntR,2.A.3,2.A.1,HTH_18,4.A.1,4.A.1,4.A.3,4.A.3,4.A.3,3.A.23,CYTH,2.A.1
CE9,GH1,MCPsignal|dCache_1,2.A.115,2.A.1,2.A.1
9.B.34,9.B.18,1.C.57,HisKA|HATPase_c,Trans_reg_C|Response_reg,GT4,9.B.18,GT2,GT2,4.A.3,4.A.3,4.A.3,4.A.3,4.A.3,4.A.3,3.A.23,HTH_6|SIS,GH1
2.A.1,GH31,GH31,2.A.2
CE4,GH25,GH23,3.A.1,GH1,GH4,3.A.1,GH3,GH30_2,Response_reg|HTH_18,8.A.59,3.A.1,3.A.1,SBP_bac_1,MCPsignal,4.A.3,4.A.3,4.A.3,3.A.23,9.B.74,9.B.34,2.A.66
GH73,GH73,9.B.34,HTH_6|SIS,HTH_6|SIS,GH4,4.A.1,4.A.1,GT2
1.C.57,8.A.59,1.B.52,3.A.1,2.A.66,GT4,GT2,GT4,GT4,9.B.18,8.A.3,2.A.86,4.A.5,4.A.5,Mga|HTH_11,3.A.1,3.A.1,GT2,9.B.18,GT4,3.A.1
2.A.115,1.B.52,GT84|GH94,2.A.4,3.A.1,3.A.1,3.A.1,3.A.16
3.A.1,HMA,3.A.3,GH4,4.A.1,HTH_6|SIS,8.A.59
1.B.52,CheW,1.B.52,Response_reg,Response_reg|GerE,Response_reg|CheB_methylest,CheR|CheR_N,1.B.52,HATPase_c|H-kinase_dim|CheW,1.A.30,1.A.30,MCPsignal,GH1,Fer4,GntR,4.A.1
1.B.52,GH13_18,PfkB,GH36,3.A.1,3.A.1
GH4,3.A.1,GH36,3.A.1,3.A.1,3.A.1,GH36
4.A.1,PfkB,GH32,HTH_18|AraC_binding,4.A.1,GH36,GH13_31,HTH_18|AraC_binding,GH23
GH13_39,GT35,GT5,CBM48|GH13_9,4.A.6,4.A.6,4.A.6,4.A.6,3.A.23,1.B.52,Fer4|Nitroreductase,TetR_N,MarR,2.A.1,2.A.21,3.A.1,3.A.1,3.A.1,3.A.1,3.A.1
1.A.43,CheC,Response_reg|CheC,3.B.1,1.A.22,Response_reg|HTH_18,HATPase_c,SBP_bac_1,MCPsignal,Peripla_BP_1,3.A.1,3.A.1,Nitroreductase,HxlR,GH43_11,GH43_1,GH3,HTH_18|AraC_binding,2.A.1,MarR,2.A.1
2.A.122,1.E.14,PfkB,GH32,LacI|Peripla_BP_3,4.A.1,4.A.1,GH4,4.A.1,HTH_6|SIS,HTH_3|AraC_binding,2.A.76,MCPsignal,1.B.52
