GH30_9,2.A.1,GntR,2.A.1,GntR,PfkB,GH59,GH43_22,SpoVT_AbrB,HTH_7,2.A.1,9.B.74
2.A.8,3.A.1,2.A.26,HTH_DeoR|DeoRC,GT2,3.A.1,2.A.79,2.A.79,3.A.1,3.A.1,3.A.1,3.A.1,3.A.1,4.A.3,GH43_24,4.A.3,4.A.3,GH1
GH20,Mga|HTH_Mga,4.A.2,4.A.2,GntR,SIS,CE9,GH35,4.A.6,4.A.6,4.A.6,4.A.6,Aminotran_1_2,4.A.3,4.A.3,4.A.3,HTH_11,3.A.1,4.A.1,LacI|Peripla_BP_3,3.A.1,3.A.1,3.A.1,PfkB,PfkB,LacI|Peripla_BP_3,3.A.1,3.A.1,3.A.1,PfkB,3.A.1,3.A.1,3.A.1,2.A.1
3.D.10,HTH_6|SIS,4.A.7,4.A.7,HTH_6|SIS,4.A.2,GH38,2.A.61,GntR,Mga|HTH_11,4.A.2,4.A.2,4.A.2,4.A.2,4.A.2,Aminotran_1_2,HTH_11,Mga|HTH_11,4.A.2,4.A.2,4.A.2,4.A.7,4.A.7,4.A.1,GH1,4.A.3,4.A.3,4.A.3,GH1,GntR,3.A.1,3.A.1,3.A.1,4.A.5,HTH_DeoR|DeoRC,PfkB,GH2,2.A.3,2.A.3,GH63,HTH_18|AraC_binding,GerE,GH25,TetR_N,3.A.1,Pyr_redox_2,LacI|Peripla_BP_3,4.A.6,4.A.6,4.A.6,GH31,4.A.6,GH13_31,HTH_3,3.A.1,3.A.1,3.A.1
2.A.7,3.A.1,PfkB,3.A.1,3.A.1,GntR,GH13_29,4.A.1,2.A.23,2.A.3
3.A.1,2.A.3,2.A.36,1.A.11,9.B.20,3.A.1,GH1,Mga|HTH_11,4.A.3,4.A.3,1.A.8,GT2,4.A.3,GH1,4.A.3
GH3,3.A.1,3.A.1,3.A.1,3.A.3,GT2
4.C.1,2.A.50,1.A.8,CBS,1.A.23,HTH_11,LacI|Peripla_BP_3,GT51,9.B.141,9.B.141,9.B.27,Pyr_redox_2,3.D.1
2.A.3,GT4,GT4
1.E.11,GH25
2.A.3,GT8,GT8,GH36,9.A.32
GH3,2.A.1
GH25,3.A.18,4.A.3,2.A.16,TetR_N,9.B.126,GT2,GT8,GT4,GT4,GT4,GT4,3.A.5,3.A.5,3.A.5,GT4
GT2,2.A.85,CSD,GH73,Pribosyltran,2.A.40
1.E.11,GH25
9.B.146,GT28,9.A.4
GT51,3.A.11
3.A.1,HD,GT51
3.A.1,3.A.1,3.A.1,3.A.3,GntR,CE9
2.A.37,2.A.55,3.A.1,2.A.3,CE4,8.A.3,GT2,GH25,GT2,GT0,9.B.18,GT32,GT2,3.A.1,3.A.1,3.A.1,3.A.1
2.A.4,HTH_5,GH13_39,GT35,GT5,CBM48|GH13_9,2.A.115,3.A.9
9.B.18,GT4,GT2,GT4,GT111,2.A.66,8.A.3,8.A.3,2.A.88,3.A.1,3.A.1,3.A.1,3.A.1,3.A.1,2.A.1,Fer4,4.A.3,4.A.3,GH36,3.A.7
9.B.74,GH13_31,LacI|Peripla_BP_3,GH32
3.A.1,GntR,3.A.1,3.D.2,PALP,Pyr_redox_2,2.A.1,TetR_N,3.A.3,GH1,4.A.1,3.A.1,3.A.1,3.A.1,3.A.1,3.D.4,3.D.4,Glycos_trans_3N,2.A.7
8.A.12,8.A.5,2.A.55,3.A.3,2.A.1,1.B.76,HTH_5,3.A.1,3.A.1,3.A.1,3.A.1,2.A.2,CBM67|GH78
3.A.1,3.A.1,GH38,4.A.2,4.A.2,4.A.2
9.B.120,4.A.2,PfkB,HTH_6|SIS,GntR,GH29,4.A.6,4.A.6,4.A.6,MarR,2.A.1,HTH_DeoR|DeoRC,2.A.1,3.A.1,8.A.1,HTH_3,3.A.1,4.A.5,4.A.5,4.A.5,GH18,4.A.3,4.A.3,GH1,GH125,GH38,4.A.3,GntR,4.A.5
GH13_31,GH136,PL12_1,4.A.6,4.A.6,4.A.6,GH88
2.A.2,GH105,PL8
4.A.5,4.A.5,4.A.5,Mga|HTH_11,2.A.10,HTH_8,GH4,4.A.1,HTH_6|SIS,4.A.1,HTH_3,LacI|Peripla_BP_3,4.A.6,4.A.6,4.A.6,4.A.6
4.A.7,4.A.7,Aminotran_1_2,3.A.1,GH1,4.A.1,4.A.5,4.A.5
3.A.1,GH43_24,2.A.2,GH115,3.A.3
3.A.1,3.A.1,3.A.1,9.B.98,AAA,GT4,2.A.24
