5.A.1,9.B.14,GT51
GT2,9.B.18,GT4,9.B.18
2.A.111,9.B.150,2.A.7,2.A.1,1.C.75,GT9,GT30,3.A.1,3.A.1
GT4,1.E.40
GH23,1.I.1,HTH_1|LysR_substrate,2.A.1,2.A.33,3.A.1,3.A.1,3.A.1,4.C.1,cNMP_binding,2.A.75,HTH_1|LysR_substrate,1.B.14,2.A.80,Aminotran_1_2,3.A.1,3.A.11
3.D.4,3.D.4,3.D.4,3.D.4,1.B.52,CBM50
GH23,1.B.54
3.A.1,3.A.1,2.A.88,3.A.1,3.A.1,3.A.1,3.A.1,CBM32,3.A.1,3.A.1,3.A.1,3.A.1,HhH-GPD,3.D.6
3.A.1,GH103,9.B.34,GT2
GH103,2.A.81
1.E.25,GH24
GH73,1.B.52,1.B.52,1.B.52,1.B.52,3.A.6,3.A.6,3.A.6,3.A.6,3.A.6,3.A.6,3.A.6
1.B.33,GT19,8.A.7,8.A.21,9.B.34
2.A.1,CBM32,9.B.20,3.A.1,3.A.1,3.A.1,8.A.28,Pyr_redox_2,2.A.1
2.A.25,3.A.1,2.A.7,3.A.1,3.A.1,3.A.1,3.A.1,3.A.1,2.A.88,3.A.1,3.A.1,3.A.1,3.A.1,3.A.1,AA3_2,3.A.1,3.A.1
CBM50,9.B.31,2.A.40
GT9,MarR,2.A.85,8.A.1,2.A.6
3.A.9,GT51
GH108,9.B.34,9.B.34
2.A.23,2.A.21,3.A.23,PALP,HD,2.A.1,HTH_1|LysR_substrate,3.A.1,GT9,GT4,CE4,GT4,GT2,GT4
GH24,1.E.25
1.B.12,1.B.12,2.A.1,4.F.1,GH3,2.A.6,2.A.6,2.A.6,Trans_reg_C,TOBE|HTH_1,3.A.1,3.A.1,3.A.1,3.A.1,3.A.1,3.A.1
1.A.23,2.A.7,3.D.1,1.B.14,GT104,2.A.1
2.A.50,1.B.55,GH8,4.D.3,4.D.3,GT2,CbiA,9.B.18,GT26,1.B.18,Pyr_redox_2,9.B.97,GT2,GH148|GH148,8.A.3,9.B.97,3.A.1,3.A.1,3.A.1
3.A.7,GH23
3.A.1,2.A.3,2.A.7,3.A.1,3.A.1,3.A.1,3.A.1,3.A.1,GT2,HTH_1|LysR_substrate,1.B.17,3.A.1,HTH_1|LysR_substrate,1.C.75,ACT,1.C.75
3.A.1,3.A.1,3.A.1,3.A.1,3.A.1,2.A.59,PL5,2.A.80,HTH_1|LysR_substrate,1.B.12,9.B.121,FecR,3.A.1,3.A.1,3.A.1,GH31,4.C.1,HTH_1|LysR_substrate,2.A.98,1.A.26,HTH_11|AsnC_trans_reg,3.A.5,1.A.34,CE11,GT28,2.A.103,9.B.146,3.A.1
2.A.7,2.A.76,GT83,GT2,2.A.6,2.A.6,GH23,2.A.80
2.A.80,2.A.80,Pyr_redox_2,2.A.80,1.B.12,SIS,MarR|AsnC_trans_reg,GT4,2.A.1
