CE4,1.A.26,GH25
2.A.1,3.A.1,TetR_N,2.A.6,2.A.6,1.A.33,GT2,2.A.3,3.D.2,2.A.49,3.A.23,1.B.4
1.B.14,Nitroreductase,2.A.21,GT2,TPR_2|BTAD,2.A.86
2.A.6,2.A.6,8.A.1,2.A.6,2.A.6,9.B.169,5.A.1,1.A.14,GH103
1.B.33,GT19,2.A.23,3.A.9,1.I.1
5.A.3,ArsD,3.A.4,GT4,GT2
1.B.16,GT30,9.B.10,3.A.1,3.A.1,3.A.1,TPR_2|TPR_1,2.A.109
2.A.66,GT2,3.D.10
1.B.17,Pyr_redox,3.A.1,GT21
1.B.4,4.F.1,GH94
CBM50,2.A.64
1.I.1,9.B.20,3.A.1,Response_reg|HisKA|HATPase_c,GT2,3.A.1
1.B.33,CE11
GT28,2.A.103,9.B.146
8.A.5,GT2,GT21
3.B.1,3.A.1,3.A.1,9.B.20,Aminotran_1_2,GT51,3.A.1,3.A.1
2.A.86,GH103
3.B.1,GT4,Pyr_redox,GH2,3.A.1,GH1,GH1
GT4,2.A.6,2.A.6,2.A.6,TetR_N,3.A.1,dCache_1|Response_reg|HisKA|HATPase_c,Response_reg,3.E.1,3.A.1,3.A.1,GT1
GH103,GH42,1.A.26,3.A.3
GT41,TetR_N,3.A.1,MarR,GT4,4.F.1,1.B.18
GT2,3.A.1
GT4,2.A.37,2.A.45,5.B.3
2.A.108,GT51,1.B.14,GT35,CBM48|GH13_9,GT5,GH13_11|GH77,Peptidase_M23,9.B.174,9.B.14,TetR_N,2.A.1,2.A.1
GT4,9.B.36,8.A.5
1.B.14,4.C.1,2.A.1,4.C.1,SBP_bac_3,ROS_MUCR,GH3,SIS,SIS,CE9,3.A.1,3.D.7,3.D.7
3.E.2,GH15,GH3,1.B.14,2.A.6,2.A.6,3.A.2,3.A.2,3.A.2,1.A.77,3.A.2
3.A.1,GH144,GH15,GH15,8.A.7,GH94,HMA|Pyr_redox_2,1.A.72,1.A.72,MerR,1.B.17,2.A.6,2.A.6,Trans_reg_C|Response_reg,HisKA|HATPase_c,3.A.3,2.A.4,3.A.3,3.A.3,2.A.28,HisKA|HATPase_c,Trans_reg_C|Response_reg,2.A.7
