2.A.38,HTH_5,2.A.38,2.A.38,CBM50,3.A.11
2.A.38,2.A.38,Response_reg|Trans_reg_C,HisKA|HATPase_c,2.A.102,2.A.1,Peripla_BP_3|LacI,GH13_18,2.A.1
2.A.6,GT2
8.A.5,1.B.5,3.A.1,9.B.34,Response_reg,AAA,2.A.21,Pkinase,1.B.52,1.A.23,2.A.25,CBM50
3.A.23,2.A.36,PfkB,TetR_N,3.D.2,3.D.2,NIR_SIR|NIR_SIR_ferr,GT51
GH103,2.A.103,1.B.42,9.A.40
GH23,3.D.4,3.D.4
2.A.1,HTH_IclR|IclR,2.A.1,HTH_1|LysR_substrate,3.A.7,PSK_trans_fac,3.A.7,3.A.7,3.A.7,3.A.7,3.A.7,1.B.52,2.A.6,2.A.6,TetR_N,9.B.155,9.B.18,Aminotran_1_2,GT0
2.A.17,9.B.18,GT2
GT11,2.A.21,1.B.14
2.A.35,GT0,3.A.23,HisKA|dCache_1|HATPase_c,2.A.56,2.A.56,3.A.1,HTH_18|Ada_Zn_binding|AlkA_N|HhH-GPD,1.I.1,Response_reg|CheW,2.A.23,GH109
3.A.5,2.A.6,2.A.6,Rhodanese,CBM5,Rhodanese,2.A.6,Glyoxalase,1.B.9,2.A.21
GT2,9.B.22,1.B.33,CBS,5.A.3,5.B.5
2.A.53,1.B.14,HTH_1|LysR_substrate,2.A.6,2.A.6,1.B.17,AraC_binding|HTH_18,GH15,2.A.2,HTH_18,GH97,NUDIX,1.C.113,3.A.25
2.A.1,8.A.1,2.A.6,2.A.6,2.A.16,GT26,GT2,2.A.66
GH43_29,3.A.1,3.A.1,3.A.1,3.A.1,GH43_26,GH43_26,GH146,2.A.2,GH43_5,GH43_26,GH43_4,5.A.3,5.A.3,5.A.3
8.A.59,3.D.4,3.D.4,3.D.4,3.A.3,5.A.1,cNMP_binding|Crp,GH73
GT104,2.A.35
2.A.1,HTH_18,GGDEF,3.A.1,9.B.34,CheB_methylest|Response_reg,CheD,CheR_N|CheR,1.B.52,CheW,H-kinase_dim|HATPase_c|CheW,Response_reg,SpoIIE|Response_reg|HATPase_c,STAS,1.B.52,2.A.1,2.A.1,MarR,9.B.34,MarR,2.A.4,Glyoxalase,5.B.7,GH23
3.A.1,3.A.1,3.A.1,GH3
9.B.34,2.A.1,GH13_23,1.B.14,GH13,GH13_38
GH23,1.I.1,GH103,CbiA,4.C.1
2.A.1,CE9,Glucokinase,SIS,GH109,DeoRC|HTH_DeoR,1.B.14
2.A.37,9.B.34,GT19,1.B.33
3.A.7,2.A.66,SBP_bac_3,1.I.1,PAS|GGDEF|EAL,GT5,GT35,CBM48|GH13_11,CBM48|GH13_9,GH77
9.B.169,TetR_N,2.A.73,GH18,PAS|MCPsignal,1.I.1
1.A.62,CBM50,Trans_reg_C,1.B.14,1.A.8,2.A.49,2.A.62,9.B.42
2.A.17,3.A.1,3.A.1,3.A.1,3.A.1,AraC_binding|HTH_3,9.B.102,1.B.71,2.A.1,CE9,SIS,GH20,MCPsignal,SBP_bac_3,1.B.14
1.A.13,2.A.53,9.B.34,GH23,9.B.27,2.A.23,3.B.1,3.B.1,3.A.9,1.B.33,1.B.52
2.A.66,HTH_1|LysR_substrate,2.A.6,2.A.6,5.A.1,2.A.37,1.A.25,GH23|CBM50,HTH_1|LysR_substrate,2.A.1,2.A.1,1.I.1,2.A.1
1.B.14,GT1
2.A.64,2.A.64,2.A.64,9.B.34,3.A.5,1.A.34,CE11,GT28,2.A.103,9.B.146
1.B.22,GT51
9.B.34,3.D.4,3.D.4,3.D.4,3.D.4,GH23,2.A.68,2.A.6,2.A.6,1.B.71,Pyr_redox_2,2.A.21
2.A.6,HD,3.A.1,SBP_bac_3,2.A.88,HisKA|HATPase_c,3.A.23,3.A.1,3.A.1,3.A.1,GT83,GT2,GT4,GT4,GT9,GT30,TetR_N,Aminotran_1_2,Rhodanese,9.B.104
