9.A.40,9.A.40,SpoIIE,TetR_N,GH3,2.A.1,TetR_N,3.A.1,3.A.1,3.A.1,3.A.1,3.A.1,GH3,9.B.74,GH114
CBM38|GH81|CBM32|CBM32|CBM32,2.A.66
GH127,3.A.1,3.A.1,SBP_bac_1,LacI|Peripla_BP_3,2.A.17
2.A.8,SKI,GntR,2.A.1,GT81
8.A.5,HATPase_c|HisKA,Trans_reg_C|Response_reg,Glyoxalase,2.A.2,LacI|Peripla_BP_3,3.A.7,GH13_20,GH20
2.A.28,GH20,GT39,GH23,3.A.1,HTH_3,3.A.1,GerE|Response_reg,3.A.1,HATPase_c,GerE|Response_reg,3.A.1
9.B.18,GT4,GT4,GT2,3.A.1,3.A.1,GT4,GH99
2.A.86,PALP|ACT,CE14,1.C.113
3.A.1,3.A.1,3.A.1,3.A.1,CE14
3.B.1,Guanylate_cyc,2.A.1,Aminotran_1_2,2.A.36,GH65
3.A.1,3.A.1,3.A.1,3.A.1,3.A.1,3.A.1,3.A.1,CBM13|CBM6
GH13_13,TetR_N,3.A.1,LacI|Peripla_BP_3,3.A.1,3.A.1,3.A.1,GH3,GH43_12,9.B.34,3.A.3
GT4,9.B.146,3.A.2,3.A.2,3.A.2,CE9,LacI|Peripla_BP_3,SBP_bac_1,3.A.1,3.A.1,SBP_bac_1,3.A.1,3.A.1,GH95,GH42,GH31,LacI|Peripla_BP_3,GH1
2.A.1,HTH_6|SIS,SIS,GH3,3.A.1,3.A.1,3.A.1,NUDIX,3.A.1,3.A.1,3.A.1,3.A.1,3.A.1
9.B.34,Glyoxalase,3.A.1,3.A.1,3.A.1,9.B.141,9.B.141,PfkB,GH13_30,LacI|Peripla_BP_3,3.A.1,3.A.1,GH13_21
CE7,3.A.1,3.A.1,3.A.1,3.A.1,3.A.1,MarR,GH36,Peripla_BP_3,MarR,3.A.3,3.A.3,3.A.3,2.A.21,Trans_reg_C|Response_reg,MerR,TetR_N,9.B.74
3.A.24,HTH_3,3.A.1,3.A.1,3.A.1,TetR_N,GH43_26,2.A.1
4.A.1,PTS-HPr,8.A.7,GH1,9.B.106,GH23
GH13_10,GH13_26,CBM48|GH13_11,3.A.1,3.A.1,3.A.1,3.A.1,3.A.1,3.A.1,TetR_N,ANTAR|Response_reg,3.A.1,3.A.1,3.A.1,3.A.1,3.A.1
2.A.64,GT2,2.A.4,HTH_5,2.A.121,GH42,2.A.1
3.A.1,TetR_N,GT2
GH3,GT2,GT2,3.A.1,3.A.1,3.A.1,3.A.1,3.A.1
9.B.143,MCPsignal,2.A.11,LacI|Peripla_BP_3,LacI|Peripla_BP_3,GH53|CBM61,3.A.1,3.A.1,3.A.1,GH42|GH164,TetR_N|TetR_C,2.A.1,Glyoxalase,HTH_11,2.A.1,GH13_32|CBM20,2.A.1
GH15,2.A.109,2.A.109
GH3,MarR,2.A.86,3.A.1,3.A.1
2.A.75,2.A.3,2.A.15,ANTAR,9.B.111,3.A.1,3.A.1,TetR_N,8.A.21,3.A.1,GT5
GH77,1.A.23,4.A.1
3.A.1,3.A.1,SBP_bac_1,PfkB,GH51,2.A.1,GH35,SBP_bac_1,3.A.1,3.A.1,LacI|Peripla_BP_3,CBM22|GH10,1.B.52
3.A.1,SBP_bac_3,GH1,3.A.1,3.A.1,3.A.1,3.A.1
GT4,GT2,GT2,3.A.1,3.A.1
GT2,GT4,GT4,2.A.1
GT2,GH3,Pyr_redox_2,2.A.1
2.A.1,1.E.43,GT20,3.A.1
2.A.7,3.A.1,3.A.1,3.A.1,3.A.1,Trans_reg_C|Response_reg,HATPase_c|HisKA,GT4,2.A.1
GT51,HTH_5,GH26,SpoIIE|GAF|PHY,1.A.43
CBM2|GH6,3.A.1,3.A.1,3.A.1,3.A.1,3.A.1
GH3,Pyr_redox_2,9.B.27,3.A.9,GT2
2.A.33,HhH-GPD,GntR,3.A.1,1.A.1,Whib,GT51,9.B.34,ACT,2.A.102
3.A.1,GntR,3.A.1,3.A.1,MerR,1.A.33,GerE|Response_reg,Pkinase,1.C.21,3.A.1,3.A.1,3.A.1,TetR_N,3.A.1,TetR_N,Peripla_BP_2,3.A.1,3.A.1,3.A.1,2.A.55,3.A.1,3.A.1,3.A.1,2.A.63,2.A.63,2.A.63,HTH_6|SIS,3.A.1,3.A.1,3.A.1,3.A.1,2.A.1,TetR_N,3.A.3,GH15,GH94,Pyr_redox_2,2.A.79
3.A.3,9.B.158,9.A.40,HATPase_c,GH30_2,2.A.66,GT51,PadR,2.A.1
