GH3,3.A.1,3.A.1
GH13_11,cNMP_binding,GH13_31,1.A.34,Fe_dep_repr_C|Fe_dep_repress,2.A.113
3.A.1,3.A.1,GT4,3.A.1,3.A.1
3.A.16,GH33,3.A.3,3.A.1,cNMP_binding,GH29
3.A.1,GH73
2.A.66,3.A.1,1.A.33,SpoIIE,SpoIIE,STAS,2.A.4,3.A.1,3.A.1,3.A.1,3.A.1,dCache_1|MCPsignal,EPSP_synthase,CBM48,1.B.42,CheR_N|CheR,Response_reg|CheB_methylest,9.A.23
GH63,1.A.16
3.A.6,GH3,Fe_dep_repr_C|Fe_dep_repress,3.A.1,3.A.1,3.A.1,3.A.1
9.B.143,HTH_5,3.A.3,MCPsignal,3.D.6,GH57,CbiA,9.B.27,3.A.1
2.A.37,3.A.1,GT2,GT2,Aminotran_1_2,GT4,GT2,GT2,GT4,GT2,GT2,GT4
GH36,2.A.2
3.A.1,3.D.1,Pyr_redox_2,3.A.1,3.A.1,3.A.1,3.A.1,TetR_N,3.A.1,TetR_N,NUDIX,GH166
GH2,2.A.1
GT51,4.C.1,2.A.51,2.A.51
GT26,9.B.174,GH1,TPR_2|TPR_1,2.A.26,3.D.6,3.A.5,GntR,3.A.1
2.A.58,2.A.37,9.B.160,3.A.23,HATPase_c|HisKA,9.B.160,GT28
GT4,3.A.9,3.A.1,3.A.1,3.A.5,Response_reg,3.A.1
GT2,3.A.18,3.A.1
3.A.1,3.A.1,3.A.1,Peripla_BP_2,GT2,9.B.158,HATPase_c,SpoVT_AbrB,9.B.146,2.A.40
GH23,3.A.1,8.A.1
GH77,9.B.125,3.D.1,2.A.9
