GH23,1.B.22,3.A.15,3.A.15,3.A.15
2.A.1,2.A.6,2.A.3,9.B.211,GH23
3.D.6,GH23
9.B.14,9.B.21,GT51,1.B.22,SKI,HD,3.A.1,3.A.1,3.A.1,STAS,3.A.1,3.A.1
GH102,9.B.150
9.A.61,1.E.3,GH24
GT2,2.A.7,GT83,Aminotran_1_2,2.A.24,HTH_1|LysR_substrate,HTH_1|LysR_substrate,2.A.1,3.A.1
3.A.1,GT4,2.A.108,2.A.108,2.A.108,2.A.6,2.A.6,2.A.6,HTH_3,3.A.1,3.A.1,3.A.1
1.C.36,GH23,3.A.6,3.A.6,3.A.6,3.A.6,3.A.6,2.A.21,GerE|Response_reg,1.B.22
GH3,GT104,4.F.1,3.A.1,9.A.61,3.A.20
3.A.7,9.B.153,GH103,HTH_9,3.A.20,2.A.106,3.A.1,3.A.1,3.A.1,HTH_3,3.A.20,9.B.125,9.B.1,9.A.61,3.A.20
1.B.33,GT19,8.A.7,8.A.21
2.A.24,TPR_2,GT2,GT2,3.A.1
GH24,1.E.3,9.A.61
GH24,1.E.3,9.A.61
GH24,1.E.3,3.A.20,9.A.61,9.A.61,2.A.24
GH24,1.E.3,3.A.20,3.A.20,2.A.24,3.A.20
GT51,CbiA,3.A.11,3.A.1,3.A.1
GT30,GT9,3.A.1,9.B.18,9.B.146,Aminotran_1_2,1.A.30,1.A.30,2.C.1,2.C.1
3.A.20,1.I.1,GH24,1.E.3,9.A.61
9.B.105,CE11,GT28,2.A.103,9.B.146
GH23,3.A.7,3.A.7,3.A.7,3.A.7,3.A.7,3.A.7,3.A.7,3.A.7,3.A.7,3.A.1,3.A.1,3.A.1,3.A.1,3.D.10,GT2
3.A.9,CE9
