9.B.174,Peptidase_M23,GH5_5,GH5_5,GH5_5
3.A.1,3.A.1,3.A.1,1.B.14,AsnC_trans_reg|MarR,CE12,Peripla_BP_3|LacI,GH43_9,2.A.56
8.A.5,1.B.14,9.B.35,Pyr_redox_2,CE4
GH5,2.A.1,8.A.59
3.A.6,3.A.6,3.A.6,3.A.6,3.A.6,3.A.6,GH23,1.A.23,9.B.34,GT5,CBM48|GH13_9,GH13_10,GH77,GH13_26,CBM48|GH13_11,Pyr_redox_2,2.A.6,TetR_N,2.A.6,1.I.1
2.A.3,1.A.35,GH37,GAF,9.B.34,dCache_2|MCPsignal,GH5_1|CBM2,2.A.53,GT2,8.A.59
3.A.23,PfkB,9.B.157,9.B.157,2.A.103,GH28,GH103
1.B.14,1.B.22,3.A.15,3.A.15,3.A.15,3.A.15,3.A.15,1.B.14,GH2,GntR,2.A.1,Peripla_BP_3|LacI,SIS,CE9,1.B.14,HD,AA3_2,2.A.15
9.B.146,2.A.103,GT28,CE11,Peptidase_M23,3.A.5,NUDIX,GH158,Glyoxalase,GH13_27
GH98|CBM35,PfkB,2.A.41,8.A.5,1.B.14,2.A.7,3.A.1,3.A.1,3.A.1
3.D.2,Sigma70_r2|Sigma70_r4_2,3.D.2,3.D.2,CBM5
9.B.126,GT41,TPR_2,1.B.46
1.A.23,3.D.1,Pyr_redox_2,1.B.6,Aminotran_1_2,3.A.1,3.A.1,3.A.1,3.A.1,1.B.71,1.B.14,CBM32
3.A.23,Citrate_synt,1.B.14,GH12,PL4_1
GH13_4,2.A.2,Peripla_BP_3|LacI,2.A.11
8.A.5,LysR_substrate|HTH_1,2.A.1,2.A.21,2.A.23,GT4,GT30,2.A.6,TetR_N,9.B.34
GT51,3.A.11
2.A.6,2.A.6,GH97,GH2,1.B.14,Peripla_BP_3|LacI,1.A.22,2.A.47
GT20,GH15,1.B.14
1.B.52,H-kinase_dim|Response_reg|CheW|HATPase_c,CheB_methylest,CheW,9.B.158,GH33,GH35,GH92,GH125,GH4,PfkB,2.A.3,GH3,GH2,GH20,GH18,GH29,1.B.14
1.B.14,GT51,GT2,CBS,9.B.121,1.C.113
GH3,2.A.21,GGDEF|GAF|EAL,GH5_8
GT2,CE4|GH153|GH153,1.B.20
1.A.104,3.A.6,9.B.34,3.A.6,3.A.6,3.A.6,3.A.6,GT2
CBM32,3.A.1,3.A.1,SBP_bac_1,GH144
3.A.1,3.A.1,9.B.14,9.B.14,TPR_2,CSD,3.A.1,3.A.1,3.D.4,3.D.4,GH95
1.B.52,1.A.12,3.D.3,3.D.3,GH23
2.A.6,2.A.6,3.A.5,AsnC_trans_reg|HTH_11,GT32,Pribosyltran,GH9
GH146,GH43_29,GH121,1.B.14
GH35,2.A.3
GT1,GT21,GT26,GT70,2.A.66,GT94,GT4,9.B.97,9.B.97,9.B.30,9.B.18,8.A.3,1.B.18
GH13_2,2.A.2,GH0|CBM35,GH97
GH19,3.A.7,3.A.7,GH23,3.A.7,3.A.7,3.A.7,3.A.15,9.A.21,1.B.14,2.A.95
2.A.1,GH95,GH31,GH35,GH74,1.B.14,1.B.14
3.A.16,CBM50
2.A.20,9.A.40,3.A.1,B12-binding,GT4,GT4,GT2,2.A.66
GH108,2.A.53
2.A.17,GH3,2.A.1,8.A.1,1.B.17
1.B.33,GT19
1.B.14,GH53,GH2,GH29
3.A.5,9.B.14,GH51,Response_reg,2.A.21,HATPase_c|Response_reg|GAF|HisKA,CheR_N|CheR,CheB_methylest,Response_reg|HATPase_c|HisKA,3.A.5,1.B.14,2.A.21,2.A.21
GT83,2.A.1
GT51,1.B.14
1.B.55,GH8,4.D.3,GT2,GT2,GT2,1.B.14,GntR,GT0,1.B.22
1.B.14,GH23,PL1_6
GT4|GT4,Pkinase,3.A.1,3.A.1,GT4|GT4,CBS|PALP,3.A.15,1.I.1,1.B.14
8.A.5,GT2,2.A.3
3.A.23,3.D.4,3.D.4,GT4,Pyr_redox,GH1,3.A.1
GT2,9.B.67,GT83,CBM50,3.A.7
2.A.3,GH3,9.B.126,2.A.28
GT2,2.A.123
9.B.97,GT1
3.A.1,HTH_3,GH39,2.A.4,1.B.14,HTH_18,3.A.1,3.A.1,9.B.122,2.A.109,1.A.26,2.A.37,GH15,8.A.28,GT2,2.A.6,2.A.6
2.A.1,HTH_IclR|IclR,2.A.107,2.A.21,GH115,GH94,2.A.2,SKI,9.B.22,1.B.33
GH10,GH2,GH10,2.A.1,2.A.2,GH43_1
2.A.46,PAS|PHY|GAF,2.A.1,GH103,2.A.102
GH92,1.E.55,2.A.1,2.A.109
PL9,3.A.7
