2.A.17,GT2,2.A.6
9.B.105,GH43_1,Response_reg,1.I.1,GH31
GT4,GT4,8.A.3,9.B.18,GT26,HTH_3,CBM48|GH13_9,GH13_16,GH13_3
2.A.3,NUDIX,GT14,CbiA,GT2
GT14,STAS,SpoIIE|Response_reg,GT2,GT2,9.B.18,Response_reg,GT2,GT19,2.A.1
PL10_1,CE8,GH105,CE8,GH28,CE8,CE12,1.B.14,Peripla_BP_3|LacI,GH28,4.C.1,3.A.5
GT2,3.A.1,1.A.11,3.D.1,3.D.1,3.D.1,3.D.9,3.D.9,3.D.1,3.D.1
GH1,GH130,GH108,HTH_18|AraC_binding,8.A.1,HTH_1|LysR_substrate,2.A.98
2.A.103,SpoIIE,Pkinase,2.A.53,GH51,GH127,GH2,GH43_5,TetR_N,GH13_14
GT4,2.A.103,9.B.157,GH3,3.D.3
9.B.44,CE4,3.A.18,3.A.1
GH43_37|CBM61,8.A.5,GH92
CE7,CE7,8.A.5,HATPase_c|HisKA,GT2
GH31,8.A.46,1.B.14,GH13,PIG-L,GH8
8.A.5,9.B.14,GH20,2.A.53,9.B.143
9.B.144,3.A.9,GH1
2.A.1,GT90
GH31,GH105,GH28,GH106,PL22|PL22_2,GH115,HisKA,GH43_18,CE12,GH28,PL11_1,1.B.14,8.A.46,1.B.14
1.B.14,LytTR|Response_reg,MarR,1.B.14,TetR_N,2.A.6,2.A.6,2.A.6,HATPase_c,Response_reg,TPR_2,TPR_1|TPR_2,1.A.13,GH18|CE4|GT2,1.B.57,9.A.25,9.A.40,9.B.27,3.D.1,3.D.1
GH37,Response_reg,1.B.42
2.A.53,PfkB,GT4,GT2,GT2,3.A.1
GT4,HATPase_c,9.B.104,9.B.104
2.A.36,1.A.23,9.B.176,1.A.23,3.D.4,3.D.4,3.D.4,3.D.3,3.D.3,GH1,3.E.1
GH5_46,GH3,GH30_1,GH30_3,GH16_3,1.B.14,GH63,1.A.8
8.A.5,HTH_18,GH51,NUDIX,GH10,8.A.46,1.B.14,GH10,GH115
1.B.4,1.B.6,CE9
GT51,BLUF,HTH_3,9.A.25,9.A.25,9.A.25
GT1,3.A.1,GH23
GH76|CBM13,GH92,GH2,1.B.14
1.B.14,Aminotran_1_2,TetR_N,GH5_2
3.A.5,GH73
GH3,1.B.44,3.A.1
1.B.66,3.A.3,3.A.3,3.A.3,GH133,GH43_19|GH43_34,LytTR|Response_reg,9.B.33
3.A.1,3.A.1,3.A.1,1.C.39,3.D.10,Sigma70_r4_2,3.A.1,CE11,HD,PglZ|Response_reg,3.D.2,9.B.126
GH2,2.A.115,CYTH,GH3,AraC_binding,GH30_3,8.A.5
3.A.1,3.A.1,3.A.1,GT51
3.A.1,GT2,2.A.6,2.A.6,Response_reg,GT83
1.B.14,8.A.46,HTH_18,2.A.21,GH130,GH27,GH26,CE2
GT5,1.B.14
GT2,GT2,GT2,3.A.1,3.A.1,2.A.64
CE15,2.A.3,3.D.10,3.D.10,3.D.10,GT5
1.B.14,2.A.21,GH28,GH89,GH92,GH92,GH2,GH51
GH23,9.A.25,3.A.23
GH27|CBM51,3.A.1
2.A.21,GH67
1.A.23,HD,2.A.21,GH0|GH39,GH0,GT0,GH92,Response_reg|HATPase_c|Y_Y_Y|HTH_18|HisKA|Reg_prop,1.B.14,8.A.46,GH145,GH88,GH154,GH43_24,GH2,GH35,GH16_3
1.A.33,GH31
GH43_17,3.A.1,3.A.1
8.A.3,GT2,GT4,GT4,GT4,GT4,GT4,GT2,GT4
9.A.25,SIS,HD,GT51
9.B.172,1.B.6,PAS|HATPase_c|HisKA,2.A.72,3.A.23,GH147,GH53,GH2,2.A.6,2.A.6
1.B.14,TetR_N,Pyr_redox_2,1.A.78,PfkB,GT2
GH31,HxlR,HTH_18,GH43_12,GH2,GAF|PAS|HATPase_c|HisKA,1.B.14,8.A.46,1.B.14,2.A.6,2.A.6,2.A.6
2.A.3,Peripla_BP_3|LacI,GH92,GH92,1.B.14,8.A.46,2.A.1
2.A.21,PL1_2,GH142,GH138,GH95,GH2|CBM57,CBM67|GH78,GH137,GH2,2.A.21,1.B.14,PL1_2,GH140,GH43_18,GH143,GH2,CBM67|GH78,GH33,CE0,GH141,2.A.21,GH78,GH2,GH106,GH127,GH139
3.A.1,GT4,GT2,1.B.14
9.B.146,2.A.103,GT28
2.A.7,GT2,Sigma70_r4_2|Sigma70_r2,Penicillinase_R,3.A.11,GT9
GT4,GT4,GT4,3.A.1,GT4,GT2,GT2,1.B.73,1.B.73,2.A.66,GT14,GT2,GT4,GT4,GT4,9.B.18,9.B.146,GT4,GT4,GT4,GT2,1.B.23,9.B.18,2.A.1
2.A.21,GT2,1.A.2
GH2,PIG-L,GH125,GH35,GH20,GH29|CBM32,CBM9,GH92,GH20,GH3,1.B.14,GH2,2.A.50
2.A.1,GH3,2.A.3,GAF|HATPase_c|HisKA,Sigma70_r4_2|Y_Y_Y,1.B.14,8.A.46,GH144,GH3
CE2,1.B.9
1.B.42,GT2
GH3,9.B.186,2.A.36,GH15,9.B.20,HATPase_c|HisKA,2.A.36,3.A.1,3.A.1,3.A.1,Sigma70_r4_2|Sigma70_r2,FecR,1.B.14,8.A.46,GH37,9.B.150,2.A.1,2.A.1
2.A.66,HTH_Mga,GT83,GT2
GH43_19,3.A.7
GT20,CSD,2.A.1,TPR_2,TPR_1,1.B.6,2.A.85,1.C.105,AraC_binding,9.A.25
1.A.23,GT2,1.A.35,8.A.5,3.A.1,3.A.1,Aminotran_1_2,GH92,GT51
3.A.1,2.A.36,PAS|HATPase_c|HisKA,Crp|cNMP_binding|Response_reg,5.A.1,Fer4,3.D.4,3.A.3,2.A.21,1.A.46,GT35,GH15,GAF|HATPase_c|PHY|HisKA,2.A.6,LytTR|Response_reg,8.A.59,1.B.72,GH30_3
