PL12,4.D.1,8.A.3,GT4
2.A.1,1.B.33,CE11
GT28,2.A.103,9.B.146
2.A.6,1.B.6,2.A.21,GT39
AA3_2,MarR,GntR,SBP_bac_3,3.A.1,3.A.1
2.A.80,GT2
2.A.80,HTH_1|LysR_substrate,AA6
GT26,9.B.34,GerE,2.A.80,3.A.1,3.A.1,3.A.1,3.A.1,HTH_1|LysR_substrate,2.A.80,2.A.80
9.B.18,1.B.18,1.B.66,8.A.3,GT4,GH10,GT26,GT4,GH113,3.A.1,TetR_N,AA3_2
2.A.6,2.A.6,1.A.30,1.A.30,3.A.1,9.B.34,HTH_3,9.B.34,GH103
9.B.106,GH51,3.A.1,3.A.1,3.A.1,3.A.1,3.A.1
GT4,GT4,PL12_3,3.A.1,8.A.1
3.A.1,GH23,3.A.1,3.A.1,3.A.1
GH16_5,GH1,1.B.4,1.B.52,Aminotran_1_2,2.A.21,GerE|Response_reg,CBS,2.A.21,2.A.1,3.A.2,3.A.2
2.A.80,TPR_1,FecR,2.A.80,GT20,2.A.1,1.B.52
GH3,3.A.1,2.A.7
GT32,2.A.53
2.A.56,2.A.56,3.A.9,CE4
2.A.1,CE1
2.A.53,HTH_8|Response_reg,HisKA|HATPase_c,3.A.1,GT51
GT51,9.B.34,PHB_acc_N,2.A.7
GT83,8.A.8,4.A.6
GH79,GH103,GH103,Response_reg,2.A.76
2.A.56,cNMP_binding|Crp,2.A.21,GerE|Response_reg,Response_reg,8.A.1,SIS,SIS,CE9,9.B.10
3.A.3,3.A.3,3.A.3,2.A.21,Response_reg|Trans_reg_C,4.C.1,GH13_26,GH13_10,CBM48|GH13_11,CBM48|GH13_9,GH13_16,GH77,GH15
3.A.1,GH103
GT81,2.A.37,9.B.10
2.A.56,2.A.56,3.A.1,3.A.1,3.A.1,3.A.1,3.A.1,3.A.1,2.A.53,TetR_N,1.A.23,CE4
9.B.15,2.A.1,3.A.1,SBP_bac_1,3.A.1,3.A.1,3.A.1,TetR_N,Pyr_redox_2,GT4,3.A.1,GH0,2.A.1
GT5,3.A.1,3.A.1,3.A.1,3.A.1,3.A.1,HTH_3,2.A.56,2.A.56,dCache_1,3.A.1,3.A.1,3.A.1,Pyr_redox_2,5.A.3,GerE|Response_reg,HisKA|Response_reg|HATPase_c,3.A.1,3.A.1,3.A.1,3.A.1,3.A.1
2.A.6,AA3_2
9.B.97,HTH_1|LysR_substrate,GT51,2.A.1,Guanylate_cyc|Response_reg,Response_reg,2.A.21,1.B.70
3.A.1,CSD,GT20
GT76,3.D.4,3.D.4
2.A.56,2.A.56,CE4
3.A.1,GT51,GT51,2.A.7,AraC_binding|HTH_3,1.A.34,HTH_1|LysR_substrate,2.A.1,1.A.12,2.A.7,3.A.1
GT51,GT83,GT2,2.A.123,TPR_2,3.A.7,3.A.7
2.A.6,2.A.6,3.A.5,CBM50,Response_reg,2.A.64,GH3
2.A.6,2.A.6,GH23,2.A.80
3.D.10,2.A.108,8.A.3,GT4,9.B.18
1.A.22,GH23,1.B.70,9.A.25
2.A.80,GH23,3.A.9
1.A.26,CE4,CE4
2.A.86,2.A.19,1.B.18,GH16_7,GT4,GT0,GT4,9.B.18,2.A.56
GT23,3.A.1,3.A.1,GT2|GT2,CE4
3.A.1,3.A.1,2.A.1,9.B.36,2.A.68,2.A.86,PALP,GT4
2.A.66,Aminotran_1_2,9.B.146,9.B.18,PfkB,GT9,GT4,3.A.1
GT2,9.B.18,2.A.80,2.A.80
GH16_7,2.A.1
1.B.33,GcrA,HTH_3,GH3
9.B.42,TPR_1|TPR_2,GT26
GT4,GT4,2.A.6,GT2
