GH43_26,2.A.3,2.A.1
2.A.1,3.A.1,3.A.1,3.A.1,GH2,LacI|Peripla_BP_3,LacI|Peripla_BP_3,3.A.1,3.A.1,3.A.1,3.A.1,GH43_34|CBM66,GH2,GH43_26
CBM35,3.B.1
2.A.1,GH64,GerE|PAS,GerE,GerE,GerE,GT1
GT2,GH1,3.A.1,3.A.1,3.A.1,LacI|Peripla_BP_3,AA10|CBM2,GH12|CBM2
GH73,CBM13|GH55,Pyr_redox_2,2.A.1,2.A.1,4.A.1
4.C.1,GH16_3,CBM67|CBM67|GH78,CE15|CBM2
GH87,GH154,3.A.1,3.A.1
8.A.5,HTH_1|LysR_substrate,Glyoxalase,GH19
GT2,GT76,TetR_N,8.A.5,1.A.1,9.A.40,9.A.40,9.A.40,9.A.40
CBM61|GH53,GH42,3.A.1,3.A.1,3.A.1
3.A.1,GT2,2.A.4
3.A.1,2.A.1,TetR_N,Whib,Glyoxalase,LacI|Peripla_BP_3,CBM32|CBM6
2.A.7,CBM32,3.A.1,3.A.1,3.A.1,3.A.1,3.A.1,GH87,GH13_30,3.A.1,3.A.1,3.A.1
GH4,HATPase_c,GerE|Response_reg,2.A.6,GH16_3|CBM6
GT4,4.F.1,2.A.1,3.A.1,SBP_bac_5,CbiA,HD,GH81
CBM32|CBM32|GH16_3,GH1,3.A.1,3.A.1,3.A.1,LacI|Peripla_BP_3,GH3,GH158|CBM32,GH55,2.A.1
3.D.1,3.D.1,3.D.1,2.A.28,HTH_1|LysR_substrate,4.C.1,CBM2|GH6,CBM2|GH48,GH74|GH74|GH74|CBM2,PL11
3.A.3,HTH_5,GH2|GH2,LacI|Peripla_BP_3,GH32,3.A.1,3.A.1,SBP_bac_1,GH32,2.A.1,3.A.1,3.A.1,3.A.1,3.A.1,HTH_18|AraC_binding,2.A.3,1.A.43
GH27|CBM13,GH43_36,3.A.1,GH6
GH25,2.A.40,9.B.35,GH23,Sigma70_r4_2|Sigma70_r2,3.A.1,3.A.1,3.A.1,3.A.1,3.A.1
4.C.1,GerE|GAF,GerE,1.A.17,GT2,GT2,GT9,SIS,GT4,GT0,GT9,GT2,2.A.40
GT1,3.A.1,3.A.1,3.A.1,GH13_26,FHA,GH13_10
3.A.1,3.A.1,SBP_bac_1,GH2
GT2,2.A.3,3.A.1,3.A.1,3.A.1,HTH_IclR,3.A.1,3.A.1,3.A.1,CBM32|GH92,GH67,GH39,SBP_bac_1,3.A.1,3.A.1,CE7
GH3,3.A.1,3.A.1,3.A.1
3.A.3,3.A.3,3.A.3,3.A.24,3.A.24,3.A.24,CBM13
9.B.2,HTH_18,3.A.9,LacI|Peripla_BP_3,3.A.1,3.A.1,3.A.1,GH13_30
GH12,GH95,GH42,GH74,3.A.1,3.A.1,SBP_bac_1,GH3,HTH_8,CBM16|GH18,3.A.1,3.A.1,3.A.1
3.B.1,PL8,B12-binding,2.A.7,GT4
CBM48|GH13_11,3.A.1,3.A.1,3.A.1,3.A.1,1.B.77,GT35,GH13_3,GH13_16,CBM48|GH13_9,MerR,2.A.23,PAS|HATPase_c,HTH_IclR|Response_reg,SBP_bac_1,3.A.1,3.A.1
CBM2|GH18,3.A.2,3.A.2,3.A.2,3.A.2,1.A.77,9.B.146
2.A.53,Sigma70_r4_2|Sigma70_r2,GT51
2.A.1,Rhodanese,GH135,GT4
CE14,3.A.1,3.A.1,3.A.1,3.A.1,3.A.1,3.A.1,3.A.1,3.A.1,3.A.1,3.A.1,3.A.1,3.D.10,3.D.10
CBM12,SpoIIE,GT51,PadR,3.A.1,HTH_1|LysR_substrate,2.A.86
9.A.47,CbiA|Response_reg,CBM16|GH18,2.A.55,2.A.8
2.A.1,Sigma70_r4_2|Sigma70_r2,2.A.69,Glycos_trans_3N,3.A.1,3.A.1,3.A.1,3.A.1,GT2,GT2
GH20,3.D.10,3.D.10
3.A.1,3.A.1,AA3
GT81,GT20,SBP_bac_1,CE9,PfkB,CBM35,9.B.34
9.B.105,GH23
2.A.1,GT83,GT2,2.A.21
GT51,PadR,2.A.1
3.A.1,PL9_1,3.A.1,3.A.1,3.A.1,3.A.1
GH23,TrmB|GerE,SpoIIE,2.A.33,8.A.21,CE14
9.B.145,SIS,Sigma70_r3|Sigma70_r2|Sigma70_r4,CBM13
3.A.1,3.A.1,GT39,3.A.1,GerE|Response_reg,2.A.21
9.B.106,GH23|CBM50
GT2,2.A.14,2.A.4,9.B.98
3.A.5,GT2,GT2,3.A.1,TetR_N,GT2,MarR,GT2,GT2,GT2,3.A.1,3.A.1,SBP_bac_1,3.A.24,9.B.106,3.A.1,9.B.174,CE1,LacI|Peripla_BP_3,HTH_1|LysR_substrate,CE4|GT2,2.A.1
3.A.1,3.A.1,GH20
2.A.7,GT51,3.A.1,2.A.1
GH6,AA5,GT2,AA10,IclR|HTH_IclR,3.A.1,3.A.1,3.A.1
CBM2|GH18,GH1,3.A.1,3.A.1,3.A.1
GH20,Pyr_redox_2,Aminotran_1_2,3.A.1
3.A.1,GH3,HTH_1|LysR_substrate,2.A.7,3.A.1
3.A.1,Pyr_redox_2,GH0,8.A.3,GT4,2.A.66,9.B.18,GT4
3.A.1,GH4,HTH_IclR,1.A.23,3.A.1,PadR,GH84|CBM32,GH77,TetR_N,MarR,CBM2
2.A.1,PfkB,9.A.40,GH1
3.A.1,3.A.1,3.A.1,GH43_5,GH51,GH35,GH43_5,GH43_26|CBM13,3.A.1,3.A.1,3.A.1,3.A.1
GH23,Aminotran_1_2,3.A.1,3.A.1,3.A.1
2.A.1,GT87,HTH_3,3.A.1,3.A.1,3.A.1,GH10|CBM2,TetR_N,GT4,GH0,9.B.179,2.A.1,2.A.1
PL1_5,1.E.34
3.A.1,3.A.1,3.A.1,GH13_30,GH13_32,GH13_13|CBM41|CBM41|GH13_13
GT4,4.C.1
9.B.146,Pyr_redox,2.A.103,GT28
2.A.89,GATase_2,Pyr_redox_2,GH46
3.A.1,3.A.1,3.A.1,3.A.1,3.A.1,3.D.1,GH23
3.A.1,PadR,3.A.1,GH13_30,3.A.1,3.A.1,3.A.1
3.A.1,3.A.1,3.A.1,HTH_DeoR|DeoRC,2.A.1,GntR,3.A.1,3.A.1,GH43_10,3.A.1,CE12,PL1_6,CE8,GH43_22|GH43_34,PL3_4,2.A.1
GH15,2.A.7,2.A.7,2.A.21
3.A.1,3.A.1,3.A.1,1.C.109,GT4,HTH_8,GH15,CbiA,NUDIX,3.D.2
CBM50,3.A.1,3.A.1
GT76,2.A.1
2.A.7,GntR|Aminotran_1_2,GH51
3.A.1,3.A.1,PL26
4.F.1,GT4
2.A.3,AsnC_trans_reg,2.A.1,GH6,2.A.40,2.A.1,MarR,4.B.1,9.A.40,9.A.40,3.A.24,TetR_N,GH18,AsnC_trans_reg|HTH_11,GT2,2.A.1,2.A.115,GntR|Aminotran_1_2,GT4,GT4,2.A.1
GH31,8.A.7,4.A.1
GH146,MarR|AsnC_trans_reg,2.A.85,PL3_4
GH5_8|CBM2,CE3|CBM2,2.A.80
9.B.105,GH15
3.A.24,GT2
CE4,LacI|Peripla_BP_3,3.A.1,3.A.1,3.A.1,GH3
3.A.1,9.B.104,HTH_5,CBM2|GH5_2,CBM2,GH5_35|GH62,GH10|CBM13
GH23|CBM50,2.A.7,GT4,GH2,2.A.1
2.A.3,CE4
3.A.1,3.A.1,3.A.1,3.A.1,GH145
GH64,2.A.1,LacI|Peripla_BP_3,Glyoxalase,8.A.5,3.A.1
3.A.1,3.A.1,3.A.1,3.A.1,8.A.5,TetR_N,GH30_3|CBM13|CBM13
CBM32|CBM32|GH55,2.A.1,LacI|Peripla_BP_1,3.A.1,3.A.1
GH30_5|CBM13,GH42,SBP_bac_1,3.A.1,3.A.1,LacI|Peripla_BP_3,1.I.1,GH5_2,GH31,SBP_bac_1,3.A.1,3.A.1,GH1
GH92,2.A.1,TetR_N,2.A.3,3.A.1,3.A.1,3.A.1
GH114,GH135,GT4,2.A.3
