2.A.69,GT2
2.A.2,GH2,HTH_18|AraC_binding,2.A.51,8.A.5,9.B.143
3.A.3,HD,GH2,3.A.1,3.A.1,3.A.1,GT28
GT2,GT2|GT2,GT2,9.B.18
3.A.16,GH13_39,2.A.66,HATPase_c|HisKA,3.A.11
GH25,3.A.2,3.A.2,3.A.2,3.A.2,3.A.2,3.A.2,3.A.2,GT8,GT2,2.A.66,GT2
GH18,HTH_DeoR|DeoRC,3.A.1,3.A.1,3.A.1
GT4,3.A.1,3.A.1
8.A.7,2.A.66,GT51,GntR,3.A.1,9.B.28
GH13_20,HTH_3|AraC_binding,3.A.1,3.A.1,3.A.1,3.A.1
GT2,Trp_repressor,3.A.1,3.A.1,3.A.1
3.A.1,3.A.1,GH36,Peripla_BP_2,3.A.1,3.A.1
GT2,HTH_3,2.A.15
3.D.6,3.D.6,3.D.6,3.D.6,3.D.6,3.D.6,GT35
GH166,3.A.1,3.A.1,3.A.24,1.A.33,3.A.7,3.A.11
GH77,GT35,CBM34|GH13_20,GH13_14,3.A.1,3.A.1
GH31,GH31,2.A.56,2.A.56,2.A.56,3.A.1,3.A.1,3.A.1
CE9,9.B.31,3.A.1,3.A.1,SBP_bac_1,9.B.20,3.A.1,3.A.1,3.A.1,SBP_bac_1,GH2,2.A.2
GT5,Arg_repressor,1.C.109,9.B.20
GH112,2.A.27
3.A.1,3.A.1,3.A.1,3.A.1,CBM48|GH13_9
1.A.13,GH13_18
GT2,3.A.1,3.A.1,3.A.1,3.A.1
2.A.73,2.A.19,CE4,HMA,2.A.86
2.A.25,GH32,SBP_bac_1,3.A.1,3.A.1,LacI|Peripla_BP_3,3.A.1,3.A.1,3.A.1,2.A.38,2.A.38
GH13_11,3.A.1
3.A.1,3.A.1,3.A.1,3.A.1,3.A.1,3.A.1,3.A.1,3.A.2,3.A.2,3.A.2,3.A.2,GH13_31,GH77,3.A.1,3.A.1,3.A.1,GH13_31,3.A.1,2.A.66,3.A.5,HATPase_c|HisKA,8.A.21
3.A.1,3.A.1,SBP_bac_1,2.A.8,3.A.23,GT2,3.A.1,3.A.1,1.A.33,HTH_11,2.A.22
GH32,TetR_N,2.A.66
