3.A.7,GH23,HhH-GPD,3.A.1,3.A.1,3.A.1,2.A.37,4.A.4,4.A.4
3.D.5,3.D.5,3.D.5,3.D.5,3.D.5,3.D.5,3.D.5,GT30,2.A.27
GT9,2.A.39
PL8_2,2.A.1
GT51,1.B.22,SKI,3.A.5,NUDIX,SIS,GH23
9.B.146,2.A.103,GT28,CE11
3.A.1,3.A.1,3.A.1,PfkB,HTH_IclR|IclR,GH154,SIS,4.A.6,4.A.6,4.A.6,4.A.6,GH105,HTH_DeoR|DeoRC,CE9,9.B.102,Rhodanese,ACT,1.A.62,1.B.9,2.A.109,5.A.2,2.A.34
2.A.56,2.A.56,2.A.56,GH31,GntR,1.B.42,1.B.42,1.B.42,3.A.1,3.A.1,3.A.1
GH102,3.A.1,3.D.10,3.D.10,3.A.1,GT51,ACT|NTP_transf_2|HD,Aminotran_1_2,9.B.146
2.A.40,HATPase_c,CBM50,GH32
1.C.75,2.A.1,GT51,Trp_repressor,GH23,2.A.6,2.A.6,3.A.5,Hemerythrin,2.A.21,2.A.8
2.A.85,3.A.16,3.A.1,3.A.1,3.A.1,LacI|Peripla_BP_3,9.B.114,3.A.1,3.A.1,3.A.1,3.A.1,1.A.14,9.B.160,2.A.41,PfkB,LacI|Peripla_BP_3,2.A.68,3.A.1,2.A.19,GT25,GT25,GT9
8.A.8,8.A.7,4.A.1,Pyr_redox_2,1.B.17,3.A.1,9.B.124,GH77,CBM48|GH13_9,GT5,GT35,9.B.1,3.A.1,GT2
3.A.1,3.A.1,3.A.1,HTH_1|TOBE,2.A.27,PL8_2,cNMP_binding,3.A.1,3.A.1,3.A.1,3.A.1,3.A.1,3.A.1,3.A.1,HxlR,2.A.69,3.A.1,3.A.1,SBP_bac_1,3.A.1,GntR,2.A.114,AAA,Pribosyltran,2.A.102,1.A.23
GT19,1.B.33
3.A.15,NUDIX,2.A.102,CE9,9.A.41,GT107|GT107,GT2,GT45,GT2,1.B.18,8.A.4,3.A.1,3.A.1
CBM50,2.A.42
1.A.16,GH3,3.A.11,9.A.40
2.A.15,2.A.36,GT32,4.A.2,1.A.30,9.A.40,9.B.14,3.A.5,2.A.86,3.A.1,3.A.1,3.A.1,3.A.1,9.A.40
3.A.1,GT25,GT10
GT9,GT2,4.A.6,4.A.6,4.A.6
