GH77,GH13_14,3.A.1,3.A.1,SBP_bac_1,GH13,LacI|Peripla_BP_3,8.A.5,2.A.79,GH36,3.A.1,MarR,3.A.1,3.A.1,2.A.53,Pyr_redox_2,9.A.40
GH23,9.B.106,GH3,1.A.1,GH3,Response_reg|LytTR,PfkB,2.A.1,3.A.1,LacI|Peripla_BP_3,SBP_bac_1,3.A.1,3.A.1,GH1,3.A.3,2.A.36,GH36,SBP_bac_1,3.A.1,3.A.1,GH13_31
GT35,9.B.104
3.A.3,Pyr_redox_2,CE4,1.A.43,Peripla_BP_3|LacI|Peripla_BP_1,GH13_18,2.A.1,2.A.1
GH2,2.A.3,3.A.1,3.A.1,SBP_bac_1,GH93,GH42,LacI|Peripla_BP_3,TetR_N,3.A.1,2.A.3,MarR,2.A.108,HTH_3,2.A.1,9.B.74,9.B.74,LacI|Peripla_BP_1,SBP_bac_1,3.A.1,3.A.1,GH0
GT2,TetR_N,3.A.5,1.A.11,HD|NTP_transf_2,2.A.66
3.A.1,3.A.1,3.A.1,GH127,GH121,GH43_29
GT2,3.A.1,GT2,GT2
3.A.6,3.A.1,HhH-GPD,Trans_reg_C,GH13_3
GH30_5,GH43_24,4.C.1,3.A.1,3.A.1,3.A.1,3.A.1,GH42
8.A.3,9.B.18,2.A.1,GH42,3.A.1,3.A.1,3.A.1,GH120,GH23
1.A.1,GT51
3.A.1,3.A.1,3.A.1,9.B.28,GH32,LacI|Peripla_BP_3,GH32
3.A.1,3.A.1,3.A.1,4.A.3,GH163,TetR_N,2.A.1,GH42,GH5_44,GH3
2.A.61,2.A.61,TetR_N,GH3,2.A.2,GH2
2.A.1,GH32
9.B.146,2.A.103,GT28
CE9,3.A.1,3.A.1,3.A.1,GH125,GH20,GH38,SBP_bac_1,3.A.1,3.A.1,GH5_18,GH3
2.A.1,3.A.1,ACT,3.A.1,3.A.1,3.A.1,3.A.1,3.A.1,3.A.3,Response_reg|LytTR,GH3,Response_reg|Sigma70_r4_2,1.A.14,3.A.12,4.F.1
2.A.39,GH106
2.A.69,LysR_substrate|HTH_1,2.A.98,HTH_18,2.A.40,3.A.1,3.A.1,AraC_binding,2.A.26,Aminotran_1_2,GH3,1.A.16,3.A.1,SBP_bac_3,3.A.1
GH13_9,3.A.1,3.A.1
GH25,9.A.40,4.C.1,3.D.2,3.D.2,3.D.2,1.A.62
GT5,3.A.1,3.A.1,3.A.1
3.A.7,GH23
3.A.1,3.A.1,Pyr_redox_2,3.A.3,3.A.1,3.A.1,Pyr_redox_2|Rhodanese,3.A.1,Aminotran_1_2,Nitroreductase,GT2,3.A.1,9.B.55
GT4,FeoA,9.A.8
GH120,3.A.1,3.A.1,3.A.1,3.A.1,3.A.1,3.A.1,3.A.1,3.A.1,SBP_bac_1,3.A.1,GH51,GH42,3.A.1,3.A.1,LacI|Peripla_BP_3,SIS,3.A.7,3.A.1,Citrate_synt,9.B.36
GH8,GH120,GH43_11,3.A.1,3.A.1,3.A.1,LacI|Peripla_BP_3,2.A.1,GH43_12
3.A.1,3.A.16,Pribosyltran,3.A.1,GT2
1.E.24,GH25
GH112,3.A.1,3.A.1,3.A.1,GH136,GH101
GH13_4,3.B.1,Sigma70_r4_2,1.C.82
3.A.1,3.A.1,GH31,3.A.1,3.A.1,SBP_bac_1,LacI|Peripla_BP_3,9.B.124
3.A.7,GT51,GH43_22,LacI|Peripla_BP_3,3.A.1,3.A.1,3.A.1,GH43_26,LacI|Peripla_BP_3,GH43_27,GH43_4,GH43_4,GT2
3.A.7,CbiA,NUDIX,LacI|Peripla_BP_3,3.A.1,3.A.1,3.A.1,GH31,LacI|Peripla_BP_3,GH31,3.A.1,3.A.1,SBP_bac_1,GH36,GH51,2.A.72,LacI|Peripla_BP_3,GH31,GH27|CBM51,GH43_22,AraC_binding|HTH_18,GH127,3.A.1,3.A.1,8.A.5,2.A.2,2.A.2
GH94,TetR_N,GH42,GH43_12,GH5_4,GH31,GH3,GH29,3.A.1,3.A.1
1.A.33,GH31,3.A.1,3.A.1,SBP_bac_1,LacI|Peripla_BP_3,GH13_30
