GH73,3.A.6,3.A.6,3.A.6,3.A.6,3.A.6,3.A.6,2.A.21,3.A.23
2.A.23,3.A.1,3.A.1,3.A.1,3.A.1,DeoRC|HTH_DeoR,GT4
GH103,GntR,2.A.14,Fer4,2.A.109,1.B.6,9.B.106
1.A.1,3.A.12,1.B.46,AAA,GH23,9.B.10
1.A.26,9.B.106,GT4
GT35,GT5,CBM48|GH13_11,CBM48|GH13_9,Glucokinase,GH77,4.F.1
GT19,1.B.33
GH23,3.A.1
GH3,1.A.63,9.B.160,MASE1,RseA_N,Sigma70_r2|Sigma70_r4_2,3.D.10,3.D.1
4.F.1,GT4
GH17,GT2|GT2,2.A.47
4.C.1,2.A.27,HTH_IclR|IclR,9.B.164,4.C.1,AA3_2
9.B.35,9.B.43,CE4,2.A.40,Response_reg|GerE,2.A.21,2.A.7
2.A.21,9.B.136,HATPase_c|HisKA,Trans_reg_C|Response_reg,GH158,2.A.47,4.C.1,GGDEF|Response_reg,3.A.1,GH23,TPR_2,3.A.23,HATPase_c,9.B.18
GT30,2.A.6
GH23,2.A.47,4.C.1,PL0
GT2,GT2,GT4,GT4,GT4,9.B.42,CbiA,3.A.23
GH5_45,3.A.1,9.B.34,3.A.1,Pyr_redox_2,3.A.1,3.A.5
2.A.7,GT51,1.A.26
GT4,GT4,GT4,GT9,GT4,GT4,CE4,3.A.1,3.A.1,3.A.1,9.B.97,9.B.18,9.B.18,9.B.18
GH19,9.B.137
5.A.1,5.B.3,Fer4,1.B.52,9.B.160,1.B.14,HTH_1|LysR_substrate,3.A.7,3.A.11,CBM50,9.B.1,1.A.23,HTH_1|LysR_substrate,2.A.1
2.A.102,2.A.111,HTH_IclR|IclR,AA3_2,2.A.1
2.A.56,2.A.56,2.A.56,dCache_2,GT0,HTH_1|LysR_substrate,2.A.83,Rhodanese,2.A.117
2.A.99,1.B.52,9.B.34,HTH_18,AA4
3.D.1,GH23,PALP,4.A.2,HTH_IclR,1.B.42
GT51,1.B.22,SKI,HD,GATase_2,Pyr_redox_2,3.A.1,9.B.34,2.A.102
9.B.146,2.A.103,GT28,CE11,3.A.5,3.A.23
3.A.23,CHASE3|HATPase_c|HisKA,GH23
