CBM66|GH32|CBM66,GH32,HTH_11,1.A.33,PfkB,3.A.1,1.A.23
1.C.102,Penicillinase_R,3.A.3,HMA,3.A.1,LytTR,CE9
9.B.146,3.A.18,SBP_bac_3,3.A.1,3.A.1,Pyr_redox_2,GT51
3.A.18,CE4,3.A.11,3.A.11,9.B.124
8.A.7,MerR,8.A.5,8.A.5,GH25
9.B.55,2.A.88,GH25,2.A.103
GT4,GT2,3.A.1,GT2,GT0,GT2,GT2,8.A.5
4.A.2,AraC_binding|HTH_18,GH36,3.A.1,3.A.1,3.A.1,GH13_18,3.A.1,GH13_31
3.A.1,3.A.1,GH70
3.A.1,3.A.1,3.A.1,3.A.1,1.C.113,2.A.6,4.B.1,AAA,2.A.3,GntR|Aminotran_1_2,PfkB,3.A.9,CE4
3.A.1,3.A.1,3.A.1,3.A.1,AraC_binding|HTH_18,GH1
3.A.1,3.A.1,Peripla_BP_2,3.A.11,3.A.7,GH70,GH70,3.A.1,3.A.1,Trans_reg_C|Response_reg,HATPase_c|HisKA,GntR,2.A.11,3.B.1,3.B.1,3.B.1,3.A.1,Trans_reg_C|Response_reg,GT8,3.A.1
2.A.87,3.A.1,3.A.1,GH23
3.A.1,3.A.1,MarR,2.A.86,GH1
3.A.9,3.A.1,GH8,GT2,GT0,CE1,3.A.1,3.A.1,3.A.1,2.A.3,TPR_1,2.A.86
GH1,4.A.3,4.A.3,4.A.5
2.A.21,Trans_reg_C|Response_reg,3.A.1,3.A.1,3.A.1,3.A.1,EPSP_synthase,3.A.2,3.A.2,3.A.2,3.A.2,3.A.2,GT35,GT5,GH13_9,CBM41|GH13_14,2.A.88,GerE|Response_reg,HATPase_c,3.A.1,3.A.1,9.B.126,GntR|CBS,2.A.7,3.A.3,3.A.3,3.A.3,GT35,GH77,LacI|Peripla_BP_3,3.A.1,3.A.1,3.A.1,3.A.1
GT4,GT4,GH13_5,LacI|Peripla_BP_3,4.A.3,4.A.3,HTH_11|Mga,GH1
GT1,2.A.7
3.A.5,4.A.1,GH32,Peripla_BP_1|LacI|Peripla_BP_3,1.A.1,3.A.11
GT51,4.A.6,4.A.6
3.A.14,3.A.14,GT51,3.A.1,3.A.1
GH68,3.A.9
GH13_29,4.A.1,GntR,GH66,HD|ACT,4.A.1
3.A.3,MerR,2.A.98,HTH_1|LysR_substrate,9.B.144,9.B.144,GT2,2.A.5
