3.A.1,3.A.1,3.A.1,3.A.1,4.A.1,4.A.1,2.A.3,MarR,2.A.102,TetR_N,NUDIX,2.A.7,2.A.37,NUDIX,4.A.1,GH1,9.B.27
3.D.10,LysR_substrate|HTH_1,LysR_substrate|HTH_1,2.A.69,2.A.3,2.A.87,3.D.4,3.D.4,3.A.1,3.A.1,GH73,Pribosyltran,2.A.115
3.A.3,4.A.3,HTH_6|SIS,GH25,CSD,3.A.18,4.A.3
GT0,9.B.126,1.A.8,9.B.18,GT111,GT4,GT2,GT101,GT2,2.A.66,8.A.3,9.B.18,GT4,2.A.66,GT4
3.A.1,3.A.1,3.A.1,3.A.1,3.A.1,MarR,3.A.9,PTS-HPr,8.A.7,GT4,GT4
2.A.55,2.A.3,GT4,2.A.1,GT4,GT4
2.A.47,2.A.66,3.A.1,9.B.10,GntR|Aminotran_1_2,Aminotran_1_2,Arg_repressor,GT51
3.A.3,GT2
AA10,9.A.24
1.A.1,2.A.3,2.A.2,GH65
3.A.1,3.A.1,3.A.1,3.A.1,3.A.1,GT51,HTH_5,2.A.1,GT2,GH25,3.A.1
GT2,3.A.1,3.A.1,2.A.103
4.A.2,GT2,GT4,GT4,9.B.18,8.A.3,3.A.1,3.A.1
2.A.1,3.A.11,3.A.11,3.A.11,3.B.1,2.A.103,GT2
GH73|CBM50,Pribosyltran,3.A.7,TPR_2,2.A.38,2.A.38
9.A.4,GT28,9.B.146
GH13_31,4.A.6,4.A.6,4.A.6,4.A.6
3.A.1,3.A.1,CE4,GH25
3.A.1,GT4,3.A.1,2.A.7
GH73,4.A.6,4.A.6,4.A.6,4.A.6,GntR,HTH_3,GT4
2.A.40,2.A.40,EAL,GT2
2.A.1,HTH_11,TetR_N,3.A.1,3.A.1,Sigma70_r4,PALP,GH1,GH1,4.A.3,4.A.3,GntR,GT2,2.A.7
2.A.3,MarR,8.A.5,HTH_1,3.A.1,GH25,9.B.120,2.A.23,3.A.1,2.A.88,2.A.37,2.A.69,2.A.1,2.A.1,2.A.98,LysR_substrate|HTH_1,GT4,GT4,3.A.1
4.A.3,4.A.3,GH1
2.A.1,9.B.10,Response_reg|LytTR,9.B.14,TetR_N,GH25,HxlR,TetR_N,1.A.78,2.A.1,TetR_N,3.A.1,3.A.1,3.A.1,3.A.1
8.A.43,GntR,GH1,4.A.3
3.A.1,HTH_3,GH73,9.B.10,2.A.1,TetR_N,2.A.86
2.A.41,LysR_substrate|HTH_1,Aminotran_1_2,3.A.1,3.A.1,3.A.1,3.A.1,PadR,4.A.1,GH13_31,Peripla_BP_3|LacI,3.A.1,3.A.1
1.A.8,2.A.26,2.A.2,GH42,Peripla_BP_3|LacI,GH78,GH78
GH2,GH36,2.A.2,Peripla_BP_3|LacI,8.A.5
2.A.1,LysR_substrate|HTH_1,2.A.1,GntR,4.A.3,SIS,GH1,4.A.1,GH1,GH1,4.A.1,Peripla_BP_3|LacI,2.A.2,GH31,4.A.7,Mga|HTH_11,4.A.5,4.A.5,4.A.5
4.A.4,4.A.4,Mga,GH1,GH38,GH125,Peripla_BP_3|GntR,GH92,3.A.1,Response_reg|HTH_18,9.B.33,GH13_31,SBP_bac_1,3.A.1,3.A.1,GH20,AraC_binding|HTH_18,3.A.1,3.A.1,Peripla_BP_3|GntR,HTH_8,4.A.4,4.A.4,HTH_11,2.A.7
3.A.7,GGDEF,Sigma70_r4,2.A.1,3.A.1,CBM48|GH13_9,GT5,GT35,GH13_39,GH65
3.A.1,TetR_N,3.A.1,TetR_N,1.A.8,Peripla_BP_3|LacI,Peripla_BP_3|LacI,GH13_31,3.A.1,3.A.1,3.A.1,GH13,3.A.1,GH65,GH85|CBM32,4.A.1,GH32,Peripla_BP_1|Peripla_BP_3|LacI,GH13_31,2.A.35,GH13_31,LysR_substrate|HTH_1,TPR_1|HTH_3,3.A.1,3.A.1,8.A.5,1.A.43,3.A.1,3.A.1,3.A.1
GH13_29,4.A.1,4.A.1,GT2,Rrf2,TetR_N,2.A.55,2.A.1,MerR,HATPase_c|HisKA,Response_reg|Trans_reg_C,HTH_6|SIS,4.A.3
4.A.3,4.A.3,GH1
2.A.45,CE9,GntR,GT26,3.A.3
