GT2,2.A.1
2.A.1,3.A.1,3.A.1,3.A.1,MarR,4.C.1,GH11,GH43_12
GH146|CBM13,CSD,3.A.1,FUR,2.A.37,HTH_3,9.B.18,GT4,PL12_3,9.B.102,GT4,PIG-L,2.A.66,GT2
2.A.1,3.A.1,MASE1,SpoIIE,SBP_bac_1,3.A.1,3.A.1,LacI|Peripla_BP_3,GH5_19,GH3
2.A.53,AA10,GH19,3.A.1,2.A.1,3.A.1,3.A.1,3.A.1,3.A.1,3.A.1,Pyr_redox_2,1.I.1,CBM35
GH109,GntR,3.A.1,3.A.1,3.A.1,GH20,CBM3|GH16,GH114,SBP_bac_1,3.A.1,3.A.1,PfkB,GH4,HATPase_c|SpoIIE|PAS|GAF,1.A.34,CYTH,CBM32|CBM32|GH55,3.B.1
GH5_8|CBM2,peroxidase,FUR,2.A.109
2.A.7,GH65
3.A.1,3.A.1,Peripla_BP_2,Penicillinase_R,AA10
3.A.1,3.A.1,GH154
GH10|CBM2,SpoIIE|PAS|GAF,SpoIIE|GAF,GH46,2.A.1
CBM13,CBM4|GH9,GH2,SpoIIE|PAS|GAF,8.A.5
3.A.1,PALP,GntR,3.A.1,CBM12
CE4,2.A.3
GH38,GH5_18,3.A.1,3.A.1,3.A.1
GH92,GH2,GT5,2.A.7,GH23|CBM50
GH13_32|CBM20,LacI|Peripla_BP_3,GH87,LacI|Peripla_BP_3,SBP_bac_1,3.A.1,3.A.1,GH13_30,HATPase_c|SpoIIE|GAF,3.A.1,Pyr_redox_2,2.A.3,1.A.23
3.A.1,GT2,2.A.4
2.A.7,CBM32,2.A.1,GerE,3.A.1,3.A.1
GT4,4.F.1,TetR_N,2.A.1,SBP_bac_5,1.A.33
CBM32|CBM32|GH16_3,GH1,3.A.1,3.A.1,3.A.1,MarR,TetR_N|TetR_C,LacI|Peripla_BP_3,GH3,GH158|CBM32,GH55,GntR,GH3,3.A.1,3.A.1,SBP_bac_1,LacI|Peripla_BP_3,9.B.176
CBM6,3.A.1,3.A.1,3.A.1
3.D.1,3.D.1,3.D.1,MarR,2.A.28,HTH_1|LysR_substrate,AsnC_trans_reg,2.A.1,4.C.1,CBM2|GH6,CBM2|GH48,GH74|GH74|GH74|CBM2,PL11
3.A.3,HTH_5,GH2|GH2,CBM13,3.A.1,3.A.1,3.A.1,3.A.1,3.A.1
3.A.9,MarR,AA10
1.I.1,GT2,GT2,GT9,PfkB,SIS,GT4,GT0,GT9,GT2,CE4,2.A.40
3.A.1,3.A.1,2.A.6,GT1,SBP_bac_1,3.A.1,3.A.1,CBM48|GH13_11,GH13_26,FHA,GH13_10
2.A.1,GH3
GT2,GT2,GT2,2.A.3,GH18,3.A.1,3.A.1,3.A.1,HTH_IclR,3.A.1,3.A.1,3.A.1,CBM32|GH92
2.A.49,1.A.1,MerR,3.A.1,3.A.1,3.A.1,2.A.1,TetR_N,CBM2|GH18
4.C.1,2.A.76,CBM13|GH62,GH10|CBM13
GH12,GH95,GH42,3.A.1,3.A.1,GH3,GerE|Response_reg,HATPase_c,GT4
CBM16|GH18,3.A.1,3.A.1,3.A.1
3.B.1,PL8,TetR_N,2.A.7
2.A.1,GH25
CBM48|GH13_11,GerE|Response_reg,HATPase_c,3.A.1,3.A.1,3.A.1,3.A.1,3.A.1,1.B.77,GT35,GH13_3,GH13_16,CBM48|GH13_9,MerR,2.A.23
3.A.1,3.A.1,GerE|Response_reg,CBM2|GH18,3.A.2,3.A.2,3.A.2,3.A.2,1.A.77,9.B.146
GH3,3.A.1,3.A.1,3.A.1,GntR,2.A.21
2.A.1,3.A.25,GH135,GT4
CE14,3.A.1,3.A.1,3.A.1,3.A.1,3.A.1,3.A.1,3.A.1,3.A.1,3.A.1,3.A.1,3.A.1,3.A.1,3.A.1,3.A.1,3.A.1,3.D.10,3.D.10
CBM12,SpoIIE,GT51,PadR,3.A.1,HTH_1|LysR_substrate,2.A.86
9.A.47,CbiA|Response_reg,CBM16|GH18,Sigma70_r2|Sigma70_r4_2,2.A.55,2.A.8
CE14,3.A.1,3.A.1
2.A.1,Sigma70_r2|Sigma70_r4_2,2.A.69,Glycos_trans_3N,3.A.1,3.A.1,3.A.1,3.A.1,GT2,GT2
GH20,3.D.10,3.D.10
3.A.1,3.A.1,AA3
CBM12,GerE|Response_reg,3.A.1
CE4|GT2,GH18|CBM2,1.A.87,Pkinase,CSD,4.C.1,TetR_N,2.A.23
3.A.1,9.B.110,GH10
CE4,Pyr_redox_2,Sigma70_r2|Sigma70_r4_2,3.A.3,3.A.3
9.A.31,Rhodanese,CBM12
2.A.66,HD,2.A.1,PadR,GT51
2.A.21,GT2,GT83,2.A.1
CBM51,TetR_N,Pyr_redox_2,SpoIIE,2.A.1
9.A.25,GH23,9.B.105,2.A.20,3.A.1,3.A.1,3.A.1,3.A.1,NUDIX,Sigma70_r2|Sigma70_r4_2,3.A.1
CBM13,CBM13,AAA,GerE,GerE,2.A.1
9.B.34,CBM35,PfkB,CE9,3.A.1,GT20,GT81
2.A.1,SpoIIE,TetR_N,2.A.1,Sigma70_r2|Sigma70_r4_2,TetR_N,GT83,3.A.1
GT2,2.A.14,2.A.4,9.B.98
3.A.5,GT2,GT2,3.A.1
GT2,GT2,GT2,3.A.1,3.A.1,SBP_bac_1,FHA,9.B.106,9.B.106,3.A.1,9.B.174,HTH_1|LysR_substrate,CE4|GT2,2.A.1,Trans_reg_C|HEM4,9.B.15
3.A.1,3.A.1,3.A.1,GH20
2.A.7,GT51,3.A.1,2.A.1
GH6,AA5,GT2,AA10,HTH_IclR|IclR,3.A.1,3.A.1,3.A.1
CBM2|GH18,GH1,3.A.1,3.A.1,3.A.1
GH20,Pyr_redox_2,Aminotran_1_2,3.A.1,3.B.1,TetR_N,2.A.4
3.A.1,GH3,HTH_1|LysR_substrate,2.A.7
2.A.3,3.A.1,4.C.1,GH0,8.A.3,GT4,2.A.66,9.B.18
3.A.1,GH4,3.A.1,3.A.1,SBP_bac_1,MarR,GH77,PadR,3.A.1,1.A.23,MarR,2.A.7,2.A.7
2.A.1,9.A.40,GH1
3.D.1,9.B.114,HD,Pyr_redox_2,Sigma70_r2|Sigma70_r3|Sigma70_r4,3.A.1,3.A.1,CBM13,3.A.24,3.A.24
3.A.1,3.A.1,GH51,GH35,GH43_5,3.A.1,3.A.1,3.A.1,3.A.1,3.A.1
GH23,Aminotran_1_2,3.A.1,3.A.1,3.A.1
2.A.1,GT87
3.A.1,3.A.1,3.A.1,TetR_N,GT4,GH0,9.B.179,2.A.1,2.A.1,GerE|Response_reg,HATPase_c,3.A.1,3.A.1
2.A.76,GAF,2.A.1,GH11,CE4
3.A.1,3.A.1,3.A.1,GH13_30,2.A.14,GntR,GH13_13|CBM41|CBM41|GH13_13
GT4,4.C.1
9.B.146,Pyr_redox,2.A.103,GT28
2.A.89,GATase_2,Pyr_redox_2,GH46
3.A.1,3.A.1,3.A.1,3.A.1,3.D.1,GH23
3.A.1,PadR,3.A.1,GH13_30,3.A.1,3.A.1,3.A.1
3.A.1,3.A.1,3.A.1,DeoRC|HTH_DeoR,Glyoxalase,2.A.1,GntR,3.A.1,3.A.1,GH43_10,3.A.1,CE12,PL1_6,CE8
GH15,2.A.7,2.A.21
3.A.1,3.A.1,3.A.1,1.C.109,GT4,HTH_8,GH15,CbiA,NUDIX,3.D.2
GT76,2.A.1
2.A.7,GntR|Aminotran_1_2,GH51
3.A.1,3.A.1,PL26
4.F.1,GT4
3.A.1,CBS,2.A.3,AsnC_trans_reg,2.A.1,GH6,2.A.40,2.A.1,MarR,GH18,4.B.1,9.A.40,9.A.40,3.A.24,TetR_N,GH18,AsnC_trans_reg|HTH_11,GT2,2.A.1,2.A.115
GH31,8.A.7,4.A.1
CBM12|CBM5,2.A.1
2.A.1,LacI|Peripla_BP_3,SBP_bac_1,3.A.1,3.A.1,GH2,GH93|CBM13,GH1,3.A.1,3.A.1,SBP_bac_1,GH31,Aminotran_1_2,9.B.74,9.B.105,3.A.3
3.A.24,GT2,NUDIX,CBM51,TrmB,HTH_1|LysR_substrate,LacI|Peripla_BP_3,3.A.1,3.A.1,3.A.1,GH3,HTH_1,GH87,3.A.1,3.A.1,3.A.1,3.A.1,GntR,CE7,GH33
AA10,8.A.21,Response_reg|Trans_reg_C,3.D.4
GH19,Glyoxalase,HTH_1|LysR_substrate,8.A.5
2.A.21,HATPase_c,4.C.1,CBM48|GH13_9,GH13_16,GH13_3,CBM48|GH13_11
2.A.7,2.A.1,3.A.1,3.A.1,3.A.1,GH30_5,GH42,SBP_bac_1,3.A.1,3.A.1
2.A.39,LacI|Peripla_BP_3,3.A.1,3.A.1,3.A.1,GH2,3.D.1,HTH_18,HATPase_c,9.B.102,TetR_N,2.A.1,HTH_11,Glyoxalase,MerR,2.A.6,HTH_1|LysR_substrate,CBS,SpoIIE|GAF,GH43,MarR,3.A.1,3.A.1,SBP_bac_3,9.A.25,LacI|Peripla_BP_3,3.A.1,3.A.1,3.A.1,GH1,GH64,NUDIX,GH89,STAS,GH16_3,GH64,HTH_3,AAA,GH9
8.A.5,2.A.21,HTH_6|SIS,TetR_N,GH84|CBM32,GH20
3.D.2,3.D.2,TetR_N|TetR_C,GH18
CE14,CBM2|GH5_2,Glyoxalase,NTP_transf_2,1.A.1,HTH_3,2.A.1,3.A.1,3.D.4,GH35,GH101|CBM32
GH125,LacI|Peripla_BP_1,SBP_bac_1,3.A.1,3.A.1,GH76,GH0|GH38,HTH_3,2.A.1
