GH23,3.A.6,3.A.6
GT0,GT26,3.A.9,LysR_substrate|HTH_1,2.A.113,3.A.1,3.A.1,3.A.1,Rhodanese,3.A.23
8.A.21,CBS|SIS,2.A.8,GH103,2.A.3
GH26,GT2,GntR,3.A.1,3.A.1,3.A.1,TetR_N,Glyoxalase,2.A.56,2.A.56,2.A.56,SBP_bac_1,Pyr_redox_2,3.A.1,3.A.1,3.A.1,HTH_IclR|IclR,3.A.1,3.A.1,3.A.1
3.A.1,3.A.1,GH1,3.A.1,3.A.1,3.A.1,3.A.1,3.A.1,Sigma70_r2|Sigma70_r4_2,FecR,1.B.14,Peripla_BP_2,3.A.1,LysR_substrate|HTH_1,3.A.1,3.A.1,3.A.1,3.A.1,LysR_substrate|HTH_1,3.A.1,3.A.1,3.A.1,3.A.1,AraC_binding,3.A.9,GntR,3.A.1,3.A.1,HTH_6,3.A.1,3.A.1,3.A.1,3.A.1,3.A.1,3.A.1,3.A.1
AA3_2,2.A.1,HTH_IclR|IclR,2.A.20,2.A.76,2.A.1
2.A.37,GT30,HATPase_c,2.A.49
GT4,4.D.1,9.B.146,GT2,GT4,GH140
2.A.3,GntR,2.A.1,LysR_substrate|HTH_1,3.A.1,3.A.1,3.A.1,Peripla_BP_1|LacI,3.A.1,3.A.1,3.A.1,2.A.80,2.A.80,LysR_substrate|HTH_1,CBS,GT4,GT4,GT27,8.A.1,3.A.1,MarR,GT4,GT4,GT51,LysR_substrate|HTH_1,1.B.12,3.A.1,3.A.1,3.A.1,3.A.1,Peripla_BP_3|LacI,GntR|Aminotran_1_2,3.A.1,3.A.1,3.A.1
1.B.14,HTH_18,3.A.1,3.A.23,2.A.21,2.A.23,Pyr_redox_2,2.A.81,Aminotran_1_2,MarR,Glyoxalase,9.B.158,2.A.1,GH25,GntR|Aminotran_1_2,AsnC_trans_reg,3.A.1,3.A.1,3.A.1,3.A.1,3.A.1,3.A.1,3.A.1,GntR|Aminotran_1_2,SBP_bac_3,3.A.1,3.A.1,2.A.21,Response_reg|Trans_reg_C,3.A.1,3.A.1,3.A.1,3.A.1,3.A.1,Nitroreductase,Pyr_redox_2,2.A.63,2.A.63,2.A.63,2.A.63,2.A.63,HTH_5,3.A.1,3.A.1,3.D.4,3.D.4,GntR,SBP_bac_1,3.A.1,3.A.1,3.A.1
1.I.1,GH19
GH23,3.A.7,GH23,3.A.7,3.A.7
3.A.1,3.A.1,3.A.1,Fer4,Pyr_redox_2,2.A.7,4.C.1,TetR_N,2.A.6,2.A.6,3.A.1,GT2,HisKA|HATPase_c,GT2,GH148,GT4,GT4
2.A.66,GerE|Response_reg,2.A.21,1.A.22,Aminotran_1_2,Aminotran_1_2,GT2,CE4,GT25,LysR_substrate|HTH_1,1.E.14,2.A.122
2.A.1,2.A.66,dCache_2|HATPase_c,GerE|Response_reg,2.A.56,2.A.56,2.A.56,1.B.70,CE4,9.B.35,LysR_substrate|HTH_1,9.B.43
1.E.43,1.C.109,CBM50,8.A.46,3.A.1
GT25,2.A.4,3.A.7,NTP_transf_2,4.A.2
2.A.88,9.B.35,9.B.18,9.B.146,3.A.1,GT102|GT103,GT0
GT20,AraC_binding|HTH_18,AA3_2,TetR_N,SpoVT_AbrB,1.A.35,GntR,2.A.1
2.A.115,Aminotran_1_2,1.B.70,1.B.70,GH23
2.A.7,3.A.2,9.B.18,GT4
GH3,2.A.64,CBM50,AAA,2.A.6,9.B.8,3.D.1
GT51,1.A.34,2.A.7,3.A.1
1.B.70,9.B.34,3.A.1,GT2,3.A.1,2.A.21,AAA|HTH_8|Response_reg,2.A.38
2.A.28,TPR_2,9.B.34,Rhodanese,PALP,1.I.1,PALP,1.A.23,AA6
3.A.1,3.A.1,GT4
GT19,1.B.33
9.B.186,GH23,AAA,2.A.102,3.A.5
GH23,3.A.7,3.A.7,3.A.7,3.A.7,3.A.7,3.A.7
2.A.1,2.A.102,2.A.7,9.B.10,9.B.69,CbiA,GT83
1.B.33,CE11
GT28,2.A.103,9.B.146,2.A.55,GH23
GH25,GH103,2.A.69,HTH_5,2.A.1,3.A.1,GT2,2.A.123
2.A.58,2.A.1,9.B.97,NUDIX,CSD,9.B.15,TetR_N,Aminotran_1_2,3.A.1,3.A.1,3.A.1,SBP_bac_1,LysR_substrate|HTH_1,Pyr_redox_2,2.A.38,AsnC_trans_reg|MarR,GT4,2.A.7,1.E.20
CE9,SIS,GntR,2.A.6,2.A.6,2.A.6,3.D.1
2.A.1,HTH_6|SIS,3.A.1,Peptidase_M23,AsnC_trans_reg|MarR,LysR_substrate|HTH_1,3.A.1,3.A.1,3.A.1,3.A.1,AA3_2,3.A.1,3.A.1,3.A.1
GT51,HxlR,2.A.1,2.A.1,DeoRC|HTH_DeoR,3.B.1,3.A.1,3.A.1,3.A.1,3.A.1,3.A.1,3.A.1,GntR,MarR,3.A.2,3.A.2,3.A.2,3.A.2,3.A.2,3.A.11
3.A.5,2.A.14,GH103,2.A.53
9.B.10,AA3_2
GH103,LysR_substrate|HTH_1,2.A.98
3.A.1,AraC_binding|HTH_18,MarR,3.A.1,3.A.1,3.A.1,GH23,1.C.113
9.B.34,3.A.1,3.A.1,3.A.1,3.A.1,GT84|GH94,2.A.76,PfkB,GT51,1.B.4,1.B.4,3.A.18
