GT4,GT2,2.A.50,3.A.15,2.A.1,2.A.62,NIR_SIR_ferr|NIR_SIR,HisKA|HATPase_c,3.A.23
9.B.157,9.B.157,9.B.157,2.A.103,GH103
GT4,2.A.53
3.A.1,3.A.1,GH13_4,PfkB,GT4,3.A.1,2.A.16
GT35,3.A.5,2.A.53,3.D.6,3.D.6,3.D.6,3.D.6,3.D.6,3.D.6
4.F.1,1.A.8,PL0,3.A.3
9.B.18,9.B.146,GT4
GH63,2.A.4
3.A.1,3.A.1,3.A.1,SBP_bac_5,PfkB,3.A.16,Sigma70_r4|Sigma70_r2,B12-binding_2|MerR|B12-binding,CBS,GT35
9.B.146,2.A.103,GT28
3.A.15,2.A.4,NUDIX,GH57
1.B.42,GT5,CBM48|GH13_9,GH57,GH77,GH57,GT5,GH13_3,CBM48|GH13_9,SBP_bac_3,2.A.36,1.A.1
1.A.35,3.A.23,HisKA|HATPase_c,2.A.53,3.D.1,3.D.1,3.D.1,3.D.1,3.D.1,GT2,GT83
8.A.1,PALP,3.A.23,2.A.21,CBM50,3.A.11,3.A.7
GT4,GT4,GT51,1.B.22
2.A.21,2.A.21,3.A.15,Response_reg,2.A.21,9.B.34,CheB_methylest|Response_reg,CheD,CheR|CheR_N,1.B.52,Response_reg,STAS,HATPase_c|H-kinase_dim|CheW,CheW,1.B.52,GT4
2.A.1,GT0
9.B.125,Aminotran_1_2,2.A.71,Rhodanese,GH13_16
2.A.47,HD|GAF|GGDEF,1.A.79,GH103,GH23,9.B.22,1.B.33,1.B.14,9.B.10,3.D.8,9.B.10,9.B.10,3.A.1,3.A.1
1.B.52,CheB_methylest|Response_reg,CheD,CheR|CheR_N,STAS,CheW,1.B.52,CheW,HATPase_c|H-kinase_dim|CheW,Response_reg,9.B.34,4.C.1,Aminotran_1_2,GH13_18,2.A.102,Aminotran_1_2,GT19
GH23,3.A.23,HATPase_c,TPR_1,8.A.3,8.A.7,3.A.12,1.A.23,2.A.21,9.B.102,9.B.102
9.B.20,GH13_26,GH13_10,9.B.42
GH13,2.A.56,DctP,3.A.1,2.A.25
GT0,3.A.16,PAS|GAF|HD|SBP_bac_3,CBM26|GH13_42
1.B.81,FHA,3.A.23,1.A.30,3.A.23,3.A.23,3.A.23,3.A.23,GH73,3.A.23,9.B.106,1.I.1,PAS|SpoIIE,Pyr_redox_2,2.A.99
3.A.1,GH23
3.D.2,3.D.2,GH57,GH57
3.A.1,3.A.1,5.B.3,3.D.10,3.D.10,9.B.34,GT4,GT4,GT2,NTP_transf_2,GT4
3.A.1,3.A.1,GH99,GT2,GT2
9.B.14,9.B.14,3.A.1,3.A.1,GT84|GH94
GH23,2.A.56,2.A.56
1.B.62,1.A.30,1.A.30,1.B.20,TPR_2,CE4|GH153,GT2,HisKA|HATPase_c,Response_reg|Trans_reg_C,3.A.9
1.I.1,9.B.34,GH23|CBM50,3.A.1,3.A.1,3.A.1
2.A.86,GH13_11,2.A.5,2.A.106,EAL,GT81,9.B.34
