3.A.7,GH23,GH23,9.A.47,3.A.7
GT28,CE11,Peptidase_M23,2.A.106
2.A.7,GH25,2.A.1,2.A.109,2.A.1
GT2,3.A.1,GT2,GT2,GT2
GH3,9.B.174,9.B.34
2.A.3,2.A.3,9.B.1,GH23,GH23
GH23,3.A.1,3.A.1,3.A.1,3.A.1,HTH_1|LysR_substrate,2.A.1
GH103,2.A.103,3.A.1,3.A.1,Glycos_trans_3N,2.A.23
3.A.1,3.A.1,3.A.1,CBM50,HTH_1|LysR_substrate,2.A.1,Glyoxalase,2.A.28,PAS|EAL,2.A.114
2.A.1,MarR,3.A.1,GT19
2.A.3,2.A.7,MerR,3.A.3,HMA,2.A.7,GH24
GH24,1.E.3
GT51,9.B.104
GT2,CE4|GH153,9.B.10
1.B.22,3.A.11,GT51,9.B.146
1.B.14,CBM50,3.A.11,2.A.7,TetR_N,2.A.1
2.A.1,Response_reg|GerE,4.C.1,1.A.23,GT30,HTH_5,1.B.1,9.B.27,CbiA,SirB,GntR,2.A.70,2.A.70,3.B.1,3.B.1,3.B.1,2.A.33,2.A.1
9.B.18,GT2,1.B.18,8.A.3,2.A.66
CBM32,2.A.28,2.A.1
GH103,2.A.7
