3.A.1,3.A.1,3.A.1,GH36,2.A.23
GH13_31,3.A.1,3.A.1,HTH_7|HTH_IclR,GH31,LacI|Peripla_BP_3,GH13_30,3.A.1,3.A.1,3.A.1,GH3,2.A.1
9.B.98,GT0,Whib,MarR,2.A.7,GT2,GT2,GT4,GT2,3.A.1,3.A.1,GT0,GH73,GH78,GT0,GT4
2.A.66,GT2,GT2,CBM44|CBM44|CBM44,GT4,GT4,9.B.18
GH15,9.B.106,3.A.1
4.A.6,4.A.6,4.A.6,4.A.6,GH32|CBM38|CBM38,TetR_N,3.A.9,3.A.1,3.A.1
3.A.1,3.A.1,3.A.1,3.A.1,3.A.1,3.A.1,3.A.1,Fer4,2.A.115,3.A.1,3.A.1,Peripla_BP_2,AAA,NTP_transf_2,GH13_13,GH13_13,TetR_N,3.A.1,3.A.1,Aminotran_1_2,CBS,1.A.8,2.A.47,3.A.1,LysR_substrate|HTH_1,GT4
GT81,2.A.1
3.A.3,GT2,3.A.1
2.A.1,MerR,GT51
GH13_30,9.A.23,3.A.1
GT51,Whib,1.A.1,HhH-GPD,2.A.78
9.B.158,3.A.1,3.A.1,2.A.4,1.A.62,2.A.89,GT87,2.A.1,SpoIIE,FHA,3.A.17
3.A.1,3.A.1,GH3,1.A.23,2.A.69,2.A.7,2.A.8,SKI,GntR,1.I.1
GT87,3.A.1
9.B.146,3.A.2,3.A.2,3.A.2,3.A.2,CE9,ACT,3.A.1
GH32,GH68,3.A.1,LacI|Peripla_BP_3,GH2,2.A.2,GH29,9.B.126,3.A.1,3.A.1,3.A.1,Glycos_trans_3N,3.A.1
3.A.1,8.A.7,4.A.1,GH77,4.A.1,4.A.1,GntR,4.A.1
GH13_20,GH13_29,4.A.1,2.A.102
9.B.146,2.A.103,GT28
3.A.1,3.A.1,GH3,1.A.35
3.A.1,3.A.1,SBP_bac_1,PIG-L,PfkB,GH4,3.A.1,3.A.1,3.A.1,3.A.1
1.C.109,1.B.50,GT4,LacI|Peripla_BP_3,SBP_bac_1,3.A.1,3.A.1,GH32,LacI|Peripla_BP_3,HTH_11,3.A.1
8.A.5,LacI|Peripla_BP_3,GH13_21,3.A.1,3.A.1,3.A.1
4.F.1,GT4
2.A.64,GT2
GH1,TOBE,HTH_5,2.A.1,3.A.3,2.A.109,2.A.109,2.A.7,2.A.1
3.A.1,3.A.1,CE4,9.B.102,8.A.5
3.A.1,4.A.1,3.A.1,3.A.1,3.A.1,GT5
GT1,GT4,GT4,3.A.1
2.A.1,GH2
GT4,LexA_DNA_bind,GH3,2.A.1,2.A.26,9.B.10,Response_reg|GerE,HATPase_c,3.A.1,3.A.3,GH36
