1.A.11,4.C.1,2.A.1,HTH_18,2.A.98,HTH_1|LysR_substrate,HhH-GPD,GT87
3.A.1,3.A.1,3.A.1,3.A.1,AraC_binding|HTH_18,Aminotran_1_2,CE1,2.A.76,1.A.28
1.B.58,GH43_23
3.A.1,GT2,GT2,GT2
GT85,TetR_N,1.B.24,HTH_3,GT53,GT53,HTH_1|LysR_substrate,3.B.1,4.C.1,CE5,CE1,CE1,GT89,GT2,2.A.3
9.B.111,9.B.34,3.A.1,3.A.1,3.A.1,3.A.1,3.A.1,2.A.36,3.A.1,CE5
GH63,GH25,3.A.1,3.A.1,GerE|Response_reg,Sigma70_r2|Sigma70_r4_2,3.A.1,3.A.1,9.B.10,3.A.9,HTH_5,HTH_18,TetR_N,2.A.1,HTH_1|LysR_substrate,2.A.1
3.A.1,3.A.1,3.A.1,3.A.1,GT51
GT51,GerE,9.A.61
9.B.143,2.A.36,TetR_N,HxlR,GH5_28,CBM32
CE1,HTH_8,MerR,2.A.1,3.A.1
4.C.1,GerE,9.B.145,GT2
CE4,2.A.1,2.A.39
3.A.1,3.A.1,2.A.1,CBM32
2.A.15,GT39,3.A.1,3.A.1,GH23|CBM50,GH23|CBM50,3.A.3,HMA,CSD,HTH_11,3.A.1,3.A.1,3.A.1,TetR_N,AraC_binding|HTH_18,3.A.1,3.A.1,3.A.1,3.A.1,3.A.1,Peripla_BP_2,Peripla_BP_2,TetR_N,3.A.1,3.A.1,TetR_C|TetR_N,4.B.1
9.B.67,8.A.3,GH71,2.A.108,2.A.108,GH23,9.B.66,9.B.34
GH23,CE14,1.C.113
4.C.1,3.A.1,2.A.3,4.C.1,GT81,GT5
3.A.1,GH23,GH23,CBS,3.A.1,3.A.1,3.A.1,3.A.1
CE1,2.A.23
4.A.1,4.A.1,4.A.1,PTS-HPr,8.A.7,CE9,9.B.158
9.B.62,MarR,3.A.1,3.A.1,GH13_30
2.A.1,GH3,TetR_N,3.D.1,3.A.1
3.A.11,3.A.11,1.A.8,Peripla_BP_2,GH15,3.A.1,3.A.1,3.A.1,3.A.1
GT2,HD,9.B.106
CE1,2.A.20
GT4,4.C.1
9.B.146,2.A.103,GT28
2.A.1,GH13_10,Pyr_redox_2,HTH_5,HTH_5,2.A.59,TetR_N,2.A.1,TetR_N,HTH_1|LysR_substrate,2.A.7,TetR_N,GH13_26,CBM48|GH13_11,Aminotran_1_2,CbiA,9.B.34,2.A.6,HTH_1|GAF,Glyoxalase,HTH_3,2.A.78,2.A.78,TetR_C|TetR_N,9.B.148,TetR_N,NUDIX,3.D.10,HTH_1|LysR_substrate,GT83,MarR,Peripla_BP_2,4.C.1
2.A.76,Nitroreductase,AraC_binding|HTH_18,GH1|GH1,GT53,Aminotran_1_2,2.A.1
4.C.1,CE1
3.A.1,CE1,Aminotran_1_2,3.A.1,HTH_11,3.A.1
GT4,4.F.1,GH1,GT87,5.A.3
3.A.1,3.A.1,3.A.1,3.A.1,GT1,TetR_N,PIG-L,2.A.88,3.A.1,HTH_3,4.F.1,2.A.109,3.A.12
GH5_29,2.A.116
3.D.7,3.D.7,CE5
3.A.1,CBM48|GH13_11,ACT,3.D.4
GT2,3.A.1,3.A.1
GT2,3.A.1,CE1,2.A.1,4.C.1,4.C.1
3.B.1,TetR_N,2.A.23,2.A.6,HTH_8|GAF,4.C.1,2.A.1,2.A.3,GAF,GT2
4.C.1,GT4,2.A.1,CE14
2.A.1,HxlR,3.A.1,Pyr_redox_2,CE1,CE1
3.A.1,Pkinase,9.B.51,CE1,3.A.1,3.A.1,3.A.1,3.A.1,3.A.1,3.A.1,3.A.1
2.A.1,HTH_11,2.A.4,9.B.27,9.B.27,9.B.10,GH76
3.A.1,3.A.1,3.A.1,3.A.1,MerR,1.A.33,2.A.1,1.A.33,GerE,9.B.66,3.D.7,Aminotran_1_2,9.B.141,8.A.3,GT26,GT4,GT4,GT26,8.A.3
GT26,GT2,HTH_3,GH5,9.B.142
2.A.86,8.A.59,4.D.2,GntR,9.B.185,2.A.17,3.A.1,3.A.3,Response_reg|Trans_reg_C,HATPase_c|HisKA,9.B.44,GT1
3.A.1,3.A.1,3.A.1,3.A.1,3.A.1,9.B.142,GT2
2.A.7,ANTAR|GAF,2.A.79,Pyr_redox_2,4.C.1,2.A.6,3.A.1,3.A.1,GT20,3.A.1,3.A.1,3.A.1,3.A.1,3.A.1,4.C.1,CE9
3.A.1,3.A.1,GH71
GH15,Peripla_BP_3|LacI,3.A.1,3.A.1
GH3,CBM67|GH78,2.A.1
