GT1,MarR,2.A.21,3.A.3,3.A.3,HATPase_c|HisKA,3.A.3
3.A.1,3.A.1,GH31
3.A.1,PadR,3.A.1,GH13_30,3.A.1,3.A.1,3.A.1,DeoRC|HTH_DeoR,2.A.1
GH55,GH15,HTH_5,1.A.1
3.A.16,GH19
1.I.1,4.C.1,4.C.1,3.A.1,GH35,3.B.1
3.A.1,3.A.1,3.A.1,3.A.1,GT1,CE14
3.A.1,3.A.1,4.C.1,GT1,CSD,GT1,GT1
AA3_2,Sigma70_r4_2|Sigma70_r2,3.A.1,Peripla_BP_2,GH88,2.A.1
GH65,STAS,GntR,2.A.1
GT4,4.F.1,HTH_5,Glyoxalase,3.A.1
4.A.1,8.A.7,GH31,3.A.1,3.A.1,3.A.1,3.A.1,1.A.8
4.C.1,4.C.1,Pyr_redox_2,GH27,9.B.106
GT2,2.A.76
3.A.1,3.A.1,SBP_bac_1,CBM51
GT4,4.F.1
4.C.1,2.A.1,HTH_1,CBM32
AA10,AsnC_trans_reg|MarR,2.A.3
1.A.6,3.A.1,3.A.1,3.A.1,SBP_bac_3,2.A.1,GT76,3.D.4,HTH_11,GT4
3.D.2,TPR_2,NUDIX,CbiA,GH15,GH64,GH16_3,Peripla_BP_3|LacI,HTH_8,GT4,1.C.109,3.A.1,3.A.1,3.A.1,3.A.1
GH23,3.D.1,3.A.1,3.A.1,3.A.1,3.A.1,3.A.1
GT28,2.A.103,Pyr_redox,9.B.146
3.A.4,4.C.1,GT4
GH13_30,3.A.1,3.A.1,3.A.1,GH13_30
9.B.62,2.A.1,TetR_N,2.A.1,3.A.1,3.A.1,BTAD|Trans_reg_C,3.A.1,3.A.1,SBP_bac_1,GH33
3.A.1,3.A.1,GerE|Response_reg,2.A.1,9.B.179,GH0,GT4
GH3,TetR_N,PfkB,3.A.1,3.A.1,3.A.1,Peripla_BP_3|LacI,MarR,2.A.1,TetR_N|TetR_C|GntR,GT4
1.A.33,GT2,BTAD,9.A.31
GH1,2.A.1,2.A.1,9.A.40,PfkB,GH4
GH29,GH77,GH84|CBM32,1.A.23,HTH_IclR,GH4,GntR,3.A.1
3.A.7,MarR,GH3,3.A.1,GH65|CBM32,9.B.74
9.B.18,GT4
3.A.1,3.A.1,3.A.1,IclR|HTH_IclR,AA10,GT2,AA5,GH6
3.A.1,GT51,2.A.7,HATPase_c|HisKA,2.A.1
2.A.1,HTH_1|LysR_substrate,2.A.1,9.B.174,3.A.1,9.B.106,9.B.106,FHA,3.A.1,3.A.1,3.A.1,GT2,GT2,LysR_substrate,GT2,GT2,TetR_N,3.A.1,3.A.5
GT2,GT4,3.A.1,3.A.1
GH23|CBM50,HTH_1|LysR_substrate,2.A.1
GH42,GerE|Response_reg,2.A.21
GT39,2.A.7,3.A.1,3.A.1
3.A.1,GntR,MerR,GT1
2.A.16,GT83
CBM32,9.B.14,5.A.1
2.A.1,SpoIIE,Pyr_redox_2,TetR_N,CBM51
1.A.33,Fer4,CBM13
9.B.106,3.A.1,3.A.1,9.B.106,SpoIIE,9.B.149,GH23|CBM50
2.A.4,Response_reg|Trans_reg_C,3.A.1,3.A.1,3.A.1,3.A.1,CE4,2.A.1,GAF|SpoIIE,2.A.86
2.A.66,HD,2.A.1,PadR,GT51
GT2,GT83,2.A.1,TetR_N|TetR_C,2.A.1
2.A.4,TetR_N,CE4|GT2
1.A.4,GT51
GH23,9.B.105,AA7,2.A.20,3.A.1,3.A.1,3.A.1,3.A.1
8.A.5,HTH_3,GT4
9.B.34,CBM35,PfkB,CE9,SBP_bac_1,GT20,GntR,GT81
4.A.1,SIS,SIS|HTH_6,2.A.1,9.B.106,GT87,GH25
AA3,3.A.1,3.A.1
3.D.10,3.D.10,GH20
2.A.8,2.A.7,TetR_N,TetR_N|TetR_C,GT2,3.A.1,3.A.1,3.A.1,3.A.1
3.A.1,3.A.1,CE14
2.A.8,HTH_3,3.A.1,3.A.1,GH18,CbiA,9.A.47
3.A.1,PadR,GT51
2.A.3,NUDIX,GAF|PAS|SpoIIE,3.D.10,SBP_bac_5,3.A.1,3.A.1,3.A.1,3.A.1,3.A.1,3.A.1,3.A.1,3.A.1,3.A.1,3.A.1,CE14
GT4,3.A.25,3.A.3
8.A.59,GT51,2.A.21,GntR,3.A.1,3.A.1,3.A.1,GH3
2.A.1,MarR,HATPase_c|HisKA,Response_reg|Trans_reg_C,GT28
3.A.1,3.A.1,HTH_3,3.A.1,3.A.1,SBP_bac_1,HTH_IclR|Response_reg,HATPase_c,2.A.23,CBM48|GH13_9,GH13_16,GH13_3,GerE|Response_reg,3.A.1,3.A.1,3.A.1,3.A.1,CBM48|GH13_11
5.A.1,HD,GH25,GT4
2.A.1,9.B.34,8.A.5,HTH_3,CBM32,2.A.6
2.A.39,TetR_N,2.A.1,PL8,3.B.1
3.A.1,2.A.3,GH15
GH92,3.A.1,3.A.1,3.A.1,HTH_IclR,3.A.1,3.A.1,3.A.1,2.A.3
3.A.1,3.A.1,3.A.1,HATPase_c,GerE|Response_reg,CBM51,GH13_10,FHA,Pyr_redox_2,HTH_1|LysR_substrate,GH13_26,GH13_11
3.A.1,3.A.1,SBP_bac_1,TetR_N,2.A.1,GT2,HATPase_c,HTH_3,2.A.37
3.A.1,3.A.1,3.A.1,GH13_30,3.A.1
2.A.1,CBM32,HTH_8,8.A.5,Pkinase,3.A.1,2.A.40,GT2
9.B.35,2.A.40,2.A.40,GH46
1.A.87,IclR|HTH_IclR,2.A.39,GH84
GT2,Sigma70_r4_2|Sigma70_r2,2.A.37,2.A.33,2.A.25
2.A.6,CE4,2.A.3,2.A.1
4.C.1,HTH_1|LysR_substrate,2.A.28,GH33
9.B.176,AA3_2,2.A.3
GT2,3.A.1
GH29,4.C.1,Hemerythrin,GH36
GH92,HTH_1|LysR_substrate,2.A.3
GT1,9.B.111
CE7,3.A.1,3.A.1,3.A.1,GH2
3.A.1,3.A.1,GH109,GH13_32,MarR,3.A.1
2.A.1,Peripla_BP_3|LacI,AA10
CBM13,2.A.7
GT2,2.A.115
GH38,GH85,GH5_18,3.A.1,3.A.1,3.A.1,Peripla_BP_3|LacI,GH25,GH23,GH23
GH1,3.A.1,3.A.1,3.A.1
2.A.1,HTH_1|LysR_substrate,CBS,GH23|CBM50
GT4,9.B.18,2.A.85
GH5_51,HTH_1|LysR_substrate,2.A.3,HTH_1|LysR_substrate,CBM12,9.B.140
8.A.28,GT1,9.B.97,2.A.66
2.A.1,GT1
