GH97,GH92,GH92,GH29,GH20,GH92,2.A.1,GH18,CBM9,GH130,2.A.21,GH92,Response_reg|LytTR,8.A.46,1.B.14,GH2,GH27|CBM13|CBM35,GH2,GH123,GH20,GH20,Response_reg|HATPase_c|Reg_prop|HTH_18|Y_Y_Y|HisKA,GH109,1.B.14,1.B.14,8.A.46,GntR,GH33,GH27,GH20,2.A.21
GT2,1.A.23
GT2,4.C.1,HATPase_c,3.A.23,3.A.1,2.A.79
GT4,2.A.23
CE11,HD,Response_reg|PglZ,AAA,3.D.2
3.A.11,2.A.16,CBS|SIS,2.A.64,1.B.42,9.B.18,GT2,GT4,9.B.67,GT4,GT4,GT4,GT0,GT0,GT2,GT2,GT2,3.A.1,3.A.1
1.C.63,9.B.33,Response_reg|LytTR,CE14,Aminotran_1_2,3.A.1
1.B.14,FecR,Sigma70_r2|Sigma70_r4_2,GH97
GH13_19,GH13_38,GH31,GH13,GH65,2.A.2,Peripla_BP_3|LacI,1.B.14,GH13_10,2.A.1
2.A.33,1.A.23,3.A.1,2.A.1,GH20,9.B.158,GT2
GT2,3.A.1,HD,GT4,GT4,GT2
GT4,GT4,9.B.144,9.B.153,2.A.28,GH3
GH92,8.A.46,1.B.14
1.B.57,9.A.25,8.A.3,9.B.18,Aminotran_1_2,9.B.146,GT2,GT4,GT2,2.A.66
2.A.36,GT9,1.A.22,4.C.1
2.A.1,PIG-L,4.C.1,Glyoxalase,CE4
9.B.18,GT4,GT4,2.A.66
2.A.6,1.B.14,CYTH,1.C.113,GH23,GT51
GT5,SIS,Pyr_redox_2,2.A.95,1.B.23
GT30,9.B.102,9.B.102,3.A.25,9.A.40
GH29|CBM32,HTH_1|LysR_substrate,2.A.76
3.A.23,9.A.25,9.A.25,9.A.25,3.A.1,PALP,GH73,1.A.23
GH2,Y_Y_Y,Response_reg|LytTR,Response_reg|LytTR,Response_reg|HATPase_c|HTH_18|Y_Y_Y|HisKA,GH109,1.B.14,8.A.46,CBM32,1.C.105
1.B.14,8.A.46,2.A.21,SIS,GH3
2.A.49,GT2,1.A.35,1.B.14,8.A.46,GH2,Peptidase_M23,GH63,TPR_1,1.B.14,8.A.46
9.B.146,2.A.103,GT28,9.B.157
9.B.174,GT19,3.A.11,2.A.17,2.A.6,9.B.169
GT2,GT2,Fer4,Pyr_redox_2,GH113,3.B.1
1.B.14,3.A.1,GT83,2.A.4
