3.A.1,3.A.1,3.A.1,3.A.1,CE4
GT4|GT2,3.A.1,3.A.1,HATPase_c|HisKA,Response_reg|Trans_reg_C,2.A.7
2.A.1,3.A.1,3.A.1,3.A.1,1.B.52,1.B.52,GH13_31,4.A.1,9.B.74,3.A.7,2.A.13,1.B.52,3.A.1,3.A.1,3.A.1,3.A.1,GH18|CBM2
2.A.1,GH73,2.A.109,3.A.3,9.B.126,3.A.3,2.A.7,2.A.19,CE4,HhH-GPD,3.A.23,2.A.3
4.A.1,GT2,GT2|GT2,GT28
2.A.3,GntR,4.A.1,GH13_29,9.A.11,9.B.2,2.A.25,3.A.1,3.A.1,3.A.1,3.A.1,2.A.3
1.A.11,GH13,HTH_3,2.A.115,3.A.9
2.A.103,GT2,GT2
2.A.20,GT51,2.A.21
3.D.3,3.D.3,3.D.3,2.A.115,CE14,GT4
GH23,3.A.6,3.A.6,1.A.104,3.A.5
9.B.102,NUDIX,2.A.114,2.A.1,3.A.1,2.A.1,PALP,2.A.22,CE4
3.D.4,3.D.4,3.A.1,3.A.1,GT2|GT2
3.A.1,Response_reg|Trans_reg_C,HATPase_c|HisKA,CE4
GH129,Response_reg|Trans_reg_C,HATPase_c|HisKA,CE4,9.B.20
GT1,2.A.115
4.D.1,GT102,3.A.1,3.A.1,2.A.3
9.B.12,GT51,2.A.1
2.A.21,GT1,3.A.1,3.A.1
2.A.7,GH8
9.B.105,CBM41|GH13_14,Sigma70_r2|Sigma70_r4_2,GyrI-like,3.A.5,2.A.7
3.A.1,Sigma70_r2|Sigma70_r4_2,AA10,GT1
AA10,HD,2.A.25,Pyr_redox,3.A.23
CE4,2.A.109,3.A.1,9.B.74
2.A.1,GT2,GT2,GT2
4.C.1,HxlR,HTH_5,GH18|CE4|GT2,Sigma70_r2,GT2
9.B.124,3.A.1,3.A.1,PadR,GH25
GT2|GT2,9.B.20
9.B.31,GH18,5.A.1,3.A.1,CE4
9.B.18,GT4,GT4,GT2,GT4,GT8,GT32,9.B.183,GT2,GT4,GT4,9.B.18,8.A.3,8.A.3,MerR,1.A.62,3.A.24
4.A.2,PfkB,DeoRC|HTH_DeoR,2.A.3,GH18,1.A.16,3.A.3,HMA,3.A.1,3.A.1,3.A.1,3.A.1,HTH_18|Ada_Zn_binding,HhH-GPD,2.A.115,Glyoxalase,9.B.34,2.A.122,1.E.14
GT28,2.A.103,9.B.146
3.A.1,3.A.1,3.A.1,CBM34|GH13_20,GH13_31,3.A.1
GT35,GT5,CBM48|GH13_9,Sigma70_r2|Sigma70_r4_2,9.B.20,1.A.1
2.A.45,3.A.1,GT4,9.B.144,GT2,GT2
2.A.98,HTH_1|LysR_substrate,MerR,3.A.1,HTH_1|LysR_substrate,9.B.174,3.A.1,3.A.5,CSD,3.A.11,3.A.11,HxlR,GT0,9.B.146,CE4,AAA,2.A.51,GH4,4.A.3,4.A.3,4.A.3,4.A.3,4.A.3,4.A.3,2.A.23,Glyoxalase,9.B.74,HTH_1|LysR_substrate,GH126,2.A.45,2.A.14
2.A.41,GGDEF,GT2,2.A.15
GT4,GT4,GT4,2.A.66,9.B.18,8.A.3,8.A.3,8.A.3,1.A.33,HTH_10,1.A.34,3.A.1,3.A.1,EPSP_synthase,3.D.1,3.D.1,3.D.9,3.D.9,3.D.9,3.D.1,3.D.1,3.D.1,3.D.1,3.D.1,3.D.1,GGDEF|PAS|EAL,3.A.2,3.A.2,3.A.2,3.A.2,1.A.77
2.A.1,MerR,GT51,9.B.149,HD,Peripla_BP_2,3.A.1,3.A.1,3.A.1
9.B.34,2.A.114,Response_reg|LytTR,2.A.1,GT26,GT4,1.A.62,1.B.52,2.A.66,GT2,3.A.1,TetR_N,2.A.6,2.A.86,2.A.122,1.E.14,Response_reg|LytTR,9.B.33,2.A.1,2.A.15,1.A.29,1.C.113,3.A.18
