2.A.88,2.A.1,2.A.16,HisKA|Response_reg|HATPase_c,GT51
GH103,NUDIX,9.B.174,Peptidase_M23,3.A.9,1.A.23
1.C.82,GT2
1.A.11,GT51
GH23,3.A.1,8.A.1
AA3_2,1.A.22,3.D.2
PL0,9.B.105
3.A.1,4.C.1,GH23
2.A.40,CE4,9.B.35,HTH_1|LysR_substrate,9.B.43,FUR,3.A.1,3.A.1,5.A.3,5.A.3
GH114,3.A.1,3.A.1,3.A.1,4.C.1,3.A.1,3.A.1,3.A.1,HTH_3,Response_reg,2.A.21
GT107|GT107,9.A.41
2.A.23,2.A.103,GT28,2.A.3
CE11,1.B.33,GerE,2.A.49
1.B.76,TetR_N,GH103
1.A.23,Peptidase_M23,AA3_2
4.C.1,2.A.56,3.A.1,3.A.1,3.A.1,3.A.1,HTH_IclR|IclR,GT2
GT2,HisKA|HATPase_c,Trans_reg_C|Response_reg,9.B.160
9.B.51,GH26,GT2
1.B.52,Trans_reg_C|Response_reg,GT19,1.B.33
GH23,SKI,9.A.40
9.B.14,1.E.54,GH108
1.A.34,GT51
8.A.5,3.A.3,GH26,TPR_4,HATPase_c,3.A.1,3.A.1,2.A.86,2.A.86
AA3_2,TetR_N,2.A.7,2.A.75
3.A.1,3.A.1,3.A.1,3.A.1,3.A.1,3.A.1,3.A.1,SIS,GntR,SIS,CE9
2.A.56,2.A.56,GT30
GT1,3.A.1,3.A.1,3.A.1,3.A.1,1.A.23,GT1,GT4,GT4,3.A.1,3.A.1,3.A.1,3.A.1,GntR,Aminotran_1_2,3.A.1,3.A.1
2.A.69,GH23,3.A.12
GT51,2.A.78,2.A.78
1.B.14,9.B.18,8.A.3,9.B.18,GT4,9.B.18,2.A.21,3.A.23,Fer4,Fer4,5.A.3
1.B.42,GT14,GT2,GT2
9.B.125,GH103,9.B.10
1.I.1,9.B.18,Trp_repressor,3.A.1,GT2,1.A.33,3.A.5
