3.A.6,3.A.6,3.A.6,3.A.6,3.A.6,3.A.6,GH23,1.A.23,9.B.34,GT5,CBM48|GH13_9,GH13_10,GH77,GH13_26,CBM48|GH13_11
GH43_1,2.A.2,2.A.1,GH10,GH3,GH43_12,GH67
9.B.35,CE4
3.A.15,3.A.15,3.A.15,3.A.23,HATPase_c|HisKA,1.B.33,GT20,GH15,1.B.14
9.B.158,GH33,GH35,GH92,GH125
3.A.1,GH3,GH2,GH20,GH18,GH29,1.B.14
GT51,GT2,1.C.113
3.A.1,3.A.1,1.B.14,GT19,1.B.33
GT32,HTH_11|AsnC_trans_reg,3.A.5,2.A.6,2.A.6
GH3,2.A.21,GGDEF|GAF|EAL,GH3
CBM32,3.A.1,3.A.1,SBP_bac_1,GH144
GT2,3.A.6,3.A.6,3.A.6,3.A.6,9.B.34,9.B.34,GGDEF|EAL|MHYT,3.A.6,3.A.6
1.A.12,3.D.3,3.D.3,GH23
2.A.1,GH31
3.A.16,CBM50
2.A.20,9.A.40,2.A.1,3.A.1,B12-binding,GT4,GT4,GT2,2.A.66
GH146,GH43_29,GH121,1.B.14
GT26,GT70,2.A.66,GT94,GT4,9.B.97,9.B.97,9.B.30,9.B.18,8.A.3,1.B.18
1.C.106,3.A.23,3.A.23,3.A.23,3.A.23,3.A.23,TPR_1,3.A.23,3.A.23,GH19
GT83,3.A.1
1.B.46,TPR_2,GT41,9.B.126,GH30_8,CBM5
3.A.1,3.A.1,2.A.7,8.A.5,2.A.41,PfkB,GH98|CBM35,1.B.14
3.A.5,Peptidase_M23,CE11,GT28,2.A.103,9.B.146
CE4|GH153|GH153,GT2,CE9,SIS,LacI|Peripla_BP_3,2.A.1,GntR,1.B.14
8.A.59,GT2,2.A.53,GH5_1|CBM2
GH37,1.A.35,2.A.3,GH6,GH5_1|CBM63
3.A.5,9.B.14,GH51
1.B.22,3.A.11,GT51
2.A.11,LacI|Peripla_BP_3,2.A.2,GH13_4
2.A.6,GT30,GT4
GT2,1.B.14,GntR,GT0,1.B.22
2.A.79,3.A.1,3.A.1,GH99
8.A.5,GT2,2.A.3
GT2,9.B.67,GT83,CBM50,3.A.7
GT2,2.A.123
2.A.109,1.A.26,2.A.37,GH15,8.A.28,GT2
2.A.1,HTH_IclR|IclR,2.A.107,2.A.21,GH115,GH94,2.A.2
2.A.1,GH103,GH5_5,GH5_5,GH5_5
GH43_9,Response_reg|GerE,4.C.1,1.B.70,9.B.136,2.A.21,1.E.43
2.A.1,2.A.109,CE4,2.A.9
