GH23,9.B.27,3.B.1,3.B.1
GT19,1.B.33
1.A.62,CBM50
2.A.103,GH103,1.I.1
2.A.64,2.A.64,2.A.64,9.B.34,1.I.1,3.A.6,1.B.10,1.A.23,2.A.1,8.A.1,LysR_substrate|HTH_1,AraC_binding|HTH_18,2.A.7,MerR,3.D.10,3.D.10,3.D.10,HTH_8,GT51
GT2,2.A.6
2.A.68,GH23,8.A.28,1.B.52,HisKA|HATPase_c,Response_reg|Trans_reg_C,3.A.1,3.A.1
9.B.104,Rhodanese,Aminotran_1_2,TetR_N,GT30,GT9,GT4,GT9,GT25,GT9,GT2,GT83,3.A.1,3.A.1,3.A.1,3.A.23
9.B.146,2.A.103,GT28,CE11,1.A.34,3.A.5
4.B.1,cNMP_binding,1.B.14,GT2,9.B.14,Rhodanese,3.A.1,3.A.1,3.A.1,Trans_reg_C,2.A.21,HTH_5,2.A.59,2.A.1
GT51,2.A.41,9.B.34,MarR|AsnC_trans_reg,2.A.23,HTH_3,3.A.1
2.A.21,MarR,GH77,CBM48|GH13_9,GT35,GT5,9.B.34,1.I.1
1.B.14,GH20,2.A.1,2.A.1
1.B.52,2.A.6,2.A.6,TetR_N,9.B.155,9.B.18,Aminotran_1_2,GH57
2.A.66,GT26,9.B.146
2.A.6,2.A.6,MerR,GH23,3.D.4,3.D.4,1.B.39
3.A.3,3.A.1,CBM13|CBM13,3.A.21,TetR_N,AA3_2,1.B.52,ACT,3.A.1,3.A.1,Glyoxalase,2.A.17
GH109,SIS,Glucokinase,CE9,2.A.1
GH23,5.B.7
1.B.52,GH23
3.D.4,3.D.4,3.D.4,3.A.3,5.A.1,cNMP_binding|Crp,GH73,Aminotran_1_2,1.B.52
2.A.21,1.B.9,Rhodanese,CBM5
3.A.7,GH23
