9.B.33,9.B.155,AAA,3.A.5,3.A.1,GH97
3.A.23,1.B.9,GT2
2.A.42,2.A.42,2.A.42,3.A.1,Pyr_redox,Pyr_redox,2.A.66,GT2,GT0,GT4,GT2
GT4,1.A.62,3.A.18
1.B.14,GT30,3.A.1,GH23,3.A.12,9.B.153,9.B.172,2.A.17,3.A.1
GT19,2.A.122,1.E.14,3.D.5,3.D.5,3.D.5,3.D.5,3.D.5
2.A.35,GT3|GT35,TPR_1,9.B.27,2.A.86,GT4,3.A.1,3.A.1
9.A.40,GT28
GT2,1.B.14
GH16_3,1.A.35,Aminotran_1_2,1.B.14
3.A.1,GH13_38,2.A.95
GH13_8,GH133,GT4,GH57,2.A.50,2.A.36,2.A.13,3.D.10,3.D.10
GT5,2.A.13
GT2,PAS,2.A.62
2.A.16,SIS|CBS,GT51
CE14,2.A.9,CbiA,HhH-GPD,9.A.40
3.A.9,GH23
3.D.4,GT2
2.A.103,2.A.118,GT51,GT2
GT9,3.D.1
1.A.23,9.B.157,GT4,3.A.11
