3.D.1,TPR_2,3.A.16,GAF|Response_reg|PHY,1.B.14,2.A.41,8.A.5,LacI|Peripla_BP_3,GH31,1.B.14,2.A.76,2.A.98,2.A.23,HisKA|HATPase_c|dCache_1,3.A.23,2.A.1
1.B.14,GH3
GH2,CBM67|GH78,3.A.1,3.A.1,3.A.1
3.A.1,9.B.160,GT51
2.A.109,AA3_2,9.B.143,1.A.11
3.A.1,GT4
GT0,9.B.174,Peptidase_M23,8.A.5,1.A.34,4.C.1,3.A.9,2.C.1
PL0,4.C.1,TetR_N,1.B.14,1.B.14,2.A.95
2.A.1,4.C.1,CE14,HATPase_c,9.B.115,3.B.1,GAF|PAS,3.A.1,3.A.1,4.C.1,HD|ACT,3.A.12,1.B.14,1.B.5,3.D.2,3.A.1
GH43,1.B.14,GH43_18,GH27,GH43_2,GH138,GH43_2,GH43_9,1.B.14,GH43,GH43|GH43,1.B.14,GH27,2.A.21,GntR,2.A.21
9.B.97,GT2,GT4,8.A.3
9.B.110,Trans_reg_C|Response_reg,TPR_2,GH23,3.A.7,3.A.7,3.A.7,1.B.14
3.A.3,MerR,9.B.62,1.B.76,3.A.3,Fer4,3.D.4,3.D.4,3.D.4,Crp,1.B.39,Crp|cNMP_binding,1.B.14,2.A.21,GH42,GH36
2.A.66,GH102,2.A.1,AA2,2.A.102
1.B.14,9.B.124,3.A.1,GT2,GT39
1.B.43,Sigma70_r2|Sigma70_r4_2,GH23,2.A.21
GT2,2.A.102
1.A.43,9.B.65,GT4
3.A.5,HxlR,TetR_N,AAA,GT51
1.B.33,GH24
9.B.146,2.A.103,GT28
GH16_3,3.D.4,3.D.4
1.B.14,PL38,LacI|Peripla_BP_3,PfkB,PL29,2.A.56,2.A.56,GntR,PL6|PL6_1,PL17_2|PL17,2.A.1,4.C.1,1.B.14
GT51,2.A.66,3.D.10
GT51,2.A.4
1.B.14,TetR_N,4.C.1,4.C.1,GH13_11,GT5,CBM48|GH13_9,GT35,GH77
3.A.1,4.F.1,HTH_3,GT4,2.A.6,2.A.6
1.B.33,GT4
2.A.64,GH3
8.A.59,3.A.1,3.A.1,3.A.1,3.A.1,1.B.14,LacI|Peripla_BP_3,GH3
