2.A.40,MerR,1.A.33,GH77,LacI|Peripla_BP_3,GH13_30,2.A.88,3.A.1,3.A.1,2.A.1,GH13_18,LacI|Peripla_BP_1|Peripla_BP_3,1.A.43,2.A.49
GT35,2.A.1
GH23,9.B.106,GT2,3.A.1,4.A.1,4.A.1,Peripla_BP_3,3.A.3,GH18,2.A.36,GH36,SBP_bac_1,3.A.1,3.A.1,GH13_31,ACT|PALP,9.B.74,9.B.74,Nitroreductase,3.A.1,LacI|Peripla_BP_3,3.A.1,3.A.1,9.B.28,2.A.3,3.A.1,2.A.3,MarR,3.A.1,3.A.1
3.A.1,3.A.1,3.A.1,SBP_bac_5,2.A.1,GH42,LacI|Peripla_BP_3,SBP_bac_1,3.A.1,3.A.1,GH43_34,ATPase_2,3.A.1,3.A.1,AraC_binding|HTH_18,2.A.1,2.A.72
GT111|GT8,3.A.1,GT2|GT111|GT8,GT2,SBP_bac_1,3.A.1,3.A.1,GH5_18,3.A.9,3.A.1,3.A.1,3.A.1,Pribosyltran,3.A.1,3.A.1,3.A.1,SBP_bac_1,GH20,SBP_bac_1,SBP_bac_1,SBP_bac_1,SBP_bac_1,GH33,SBP_bac_1,3.A.1,3.A.1,SBP_bac_1,3.A.1,3.A.1,9.B.28,GH29,GH95,GH2,2.A.2,2.A.2
4.A.1,3.A.1,3.A.1,3.A.1,GH112
3.A.16,GH42
9.B.18,GT111,GT2,GT4,GT2,GT32,GT14,GT2
8.A.3,HTH_3,GH23
1.A.1,GT51,HTH_DeoR|DeoRC,3.A.1,3.A.1,3.A.1,9.B.28,LacI|Peripla_BP_3,GH32|GH32
3.A.1,3.A.1,3.A.1,3.A.1,3.A.1,SIS,GH42,SBP_bac_1,3.A.1,3.A.1,3.A.1,3.A.1,3.A.1,2.A.1,PALP,2.A.16,2.A.3
GH51,SIS|HTH_6,3.A.1,3.A.1
GT4,Aminotran_1_2,2.A.28,3.A.1
3.A.1,HisKA|HATPase_c,CE2,GH1,2.A.66
GH13_9,3.A.1,3.A.1,3.A.1,Response_reg|GerE,2.A.109,Response_reg|ANTAR,NUDIX,CBM48|GH13_11
GH25,1.E.24,2.A.1,FeoA,9.A.8
2.A.40,3.A.18,GH13_20,2.A.20,Response_reg|GerE,3.A.1
9.A.40,4.C.1,3.D.2,3.D.2,3.D.2,1.E.24,GH25
3.A.1,GH129,GT5,3.A.1
GH25,1.E.24,HTH_11,2.A.26,2.A.66
3.A.1,3.A.1,SBP_bac_1,CE9,MarR,PfkB,GH125,LacI|Peripla_BP_3,3.A.1,3.A.1,3.A.1,3.A.1,GH38,GH38
3.A.1,GT28,2.A.103,9.B.146
2.A.1,GH32,3.A.1,3.A.1
3.A.1,3.A.1,GH20,3.A.1,3.A.1,Aminotran_1_2,GT2,3.A.1,2.A.1,AAA,3.A.1,3.A.1,3.A.1,3.A.1
2.A.2,3.A.1,Aminotran_1_2,3.A.1,3.A.1,3.A.1,3.A.1,GH33
2.A.1,PadR,3.A.1,3.A.1,3.A.1,3.A.16,Pribosyltran,3.A.1,GT2,GT2
3.A.1,3.A.1,GH20
3.A.1,Response_reg|GerE,2.A.1,4.C.1,GH29
PL27,3.A.1,3.A.1,3.A.1
GH151,2.A.1,SBP_bac_1,3.A.1,3.A.1,PfkB,2.A.1
GH13_3,2.A.107,Trans_reg_C,HhH-GPD,3.A.1
GH2,2.A.2,LacI|Peripla_BP_1|Peripla_BP_3,3.A.6
3.A.3,1.A.8,GH29,Response_reg|GerE,3.A.1,3.A.1
1.A.11,3.A.5,TetR_N,GT2,Response_reg|GerE,2.A.1
