GH23,1.A.8
2.A.121,1.A.62,SBP_bac_3,GT2,GT76,GH13_19
2.A.37,9.B.34,3.A.1,2.A.3,2.A.42,HTH_1|LysR_substrate,2.A.66,GT19,1.B.33
4.A.2,GH38
CBM5,2.A.21,2.A.1
3.A.1,3.A.1,3.A.1,2.A.115,GT83,2.A.123,GH23,3.A.1,2.A.40,1.B.42
CBM50,3.A.1,3.A.1,3.A.1
GH13_11,CBM48|GH13_9,GH77,2.C.1,2.C.1,2.C.1,1.A.30,1.A.30,3.D.4,3.D.4
3.A.1,1.B.52,1.I.1,3.A.3,GH13_13,2.A.4
AA10|CBM73,HTH_1|LysR_substrate,3.A.1,3.A.1,3.A.1
2.A.55,2.A.7,cNMP_binding,HTH_12,9.B.34,GH23
GH13_37,SBP_bac_1,1.B.52,1.B.39
2.A.118,1.B.52,3.A.1,3.A.1,3.A.1,GH2,LacI|Peripla_BP_3,8.A.5
3.A.1,3.A.1,3.A.1,Fer4,9.B.34,MerR,3.A.3,Pribosyltran,GT30,GT9,GT2,GT9
2.A.7,GGDEF,GT9
2.A.38,9.B.34,Aminotran_1_2,TetR_N,GT4,GT4
2.A.66,HisKA|HATPase_c,Trans_reg_C|Response_reg,2.A.4,2.A.61,LacI|Peripla_BP_3,GH2,2.A.3,2.A.3,2.A.28
2.A.38,2.A.38,CBM50,3.A.11
2.A.1,8.A.1,HTH_1|LysR_substrate,2.A.23,2.A.95,HTH_1|LysR_substrate,GH23
2.A.46,HTH_3,9.B.8,GT0,EPSP_synthase,STAS,3.A.1,3.A.1,3.A.1,3.A.1,SIS|CBS,1.B.42,1.B.42,1.B.42
9.B.146,2.A.103,GT28,CE11,Peptidase_M23,3.A.5,NUDIX,3.A.15,3.A.15,3.A.15
1.B.6,2.A.7,AsnC_trans_reg|HTH_IclR,GH13_29,4.A.1,Peripla_BP_1|LacI,4.A.3,4.A.3,4.A.3,GH1,4.A.3,Glucokinase,1.B.15
3.A.1,3.A.1,3.A.1,3.A.1,HTH_1|LysR_substrate,2.A.35,GT5
1.B.6,GH23,HhH-GPD,9.B.42,9.B.42,HD,2.A.20
GT51,Glyoxalase,2.A.7
2.A.2,GH5_13,LacI|Peripla_BP_3,2.A.123
2.A.25,CSD,1.B.52,CBM73|GH18,TPR_2,1.A.30,1.B.14,3.A.1,3.A.1,3.A.1,3.A.1,3.A.1
GT2,2.A.6
GH103,2.A.103
GT104,2.A.21
GT51,3.A.11,HTH_3,1.B.22
2.A.1,HTH_1|LysR_substrate,3.A.7,1.B.52,GH9,3.A.1,3.A.1,3.A.1,3.A.1,3.A.1
2.A.8,HTH_1|LysR_substrate,2.A.6,3.A.1,3.A.1,9.B.34,1.A.33,3.A.5,1.B.3,4.A.1,GH32,Peripla_BP_1|LacI|Peripla_BP_3,9.B.20,HTH_5,9.B.102,9.B.102,2.A.6,3.A.1,3.A.1,3.A.1,9.B.34
GT2,GT2,GT4,GT4,GT4,9.B.18
1.B.33,GH23,3.D.1,3.D.1,3.D.1,3.D.1,3.D.1,3.D.1,3.D.1,3.D.1,3.D.1,3.D.1,3.D.1,3.D.1,1.A.30,1.A.30
2.A.81,9.B.27,2.A.34,GntR,2.A.16,2.A.23,2.A.42,NUDIX,GT35,2.A.47,3.A.1
GH102,4.A.2,PfkB,4.A.2,Peripla_BP_1|LacI,2.A.42,1.I.1
GH19|CBM5,2.A.76
9.B.34,GH3,HTH_18,HTH_1|LysR_substrate,HTH_1|LysR_substrate,9.B.34,3.D.1,HTH_1|LysR_substrate,HTH_1|LysR_substrate,3.A.1,3.A.1,3.A.1
GH13_42,2.A.7,1.B.6,GGDEF,3.A.23
9.B.100,3.A.23,3.A.1,3.A.1,3.A.1,3.A.1,LacI|Peripla_BP_3,4.A.1,GH1,Pribosyltran,9.B.160,AAA,1.B.46,3.A.12,AsnC_trans_reg,3.D.2,Pyr_redox_2,9.B.34,3.A.9,CSD,2.A.7,1.A.16,GntR,3.A.1,3.A.1
3.A.1,2.A.1,GH36,1.E.14,2.A.122,4.C.1,2.A.109
1.A.62,GT51,1.B.17,8.A.1,Pyr_redox_2|Rhodanese,9.B.34
GT2,GT107|GT107,9.A.41,3.A.1,3.A.1,3.A.1,3.A.1,2.A.124,3.A.1
GH23,LacI|Peripla_BP_3,GH23,9.B.34,9.B.22
3.A.1,GH103,MarR,2.A.7
GH20,4.A.1,CE9
2.A.36,GH84,2.A.36,1.B.52
