9.B.157,9.B.157,9.B.157,CBM32|CBM32|CBM32|CBM32,GH16_3|GH128|CBM6|CBM32,HTH_18,2.A.37
1.E.33,GH23
9.B.34,9.B.34,GH18
GH43_1,2.A.2,3.A.1,3.A.1,3.A.1,3.A.1,3.A.1,GntR,3.A.9,HD,9.B.34
CE2,GH10,GH67,GH23,EAL|Response_reg|GGDEF,1.B.14
9.B.186,Penicillinase_R,2.A.1,MarR,GH32
GT30,2.A.6,2.A.62,2.A.36
1.B.33,GT19
3.D.4,3.D.4,MHYT|GGDEF,CBM32|CBM56,3.A.7
1.B.14,GntR,PL6|PL6_1,PL17_2|PL17
CBM2|GH5_4,2.A.1,3.A.1,3.A.1,3.E.1,Nitroreductase,HD,1.I.1,3.A.1,3.A.1,3.A.1,GerE,EAL|GGDEF,GH13_2,GH16_21,1.B.52,CE12,PL3_5,GH9,GH51
2.A.6,2.A.6,CBM6
2.A.6,2.A.6,3.A.1,GH26
9.B.126,Response_reg,Aminotran_1_2,CBM2|GH26,GH9|CBM10|CBM2,CBM2|GH6,9.B.34
2.A.1,SBP_bac_3,GT35
2.A.1,LacI|Peripla_BP_3,3.D.10,Sigma70_r4_2|Sigma70_r2,RseA_N,GT1
GH3,1.B.25,Citrate_synt,3.D.10,3.D.10
GH23,3.A.1,3.A.7
GT5,CBM48|GH13_9,GH57,GH77,2.A.38
3.A.3,MerR,1.B.76,HEAT_PBS,CBM2|CBM35|CE8,CBM2|CBM35|PL10
GH23,2.A.106,HTH_18,TPR_1,GH20,CBM32,1.B.14,1.I.1
3.A.1,GT104,5.B.7
8.A.5,HisKA|HATPase_c,Response_reg|Trans_reg_C,3.D.1,2.A.109,AAA,3.A.12,HisKA|HATPase_c,Response_reg,9.B.34,Pyr_redox_2,GH23
2.A.21,GH0|CBM3,NIR_SIR|NIR_SIR_ferr,8.A.21,4.C.1
1.B.14,9.B.42,GH16_21,CBM2|CBM10|GH5_53,TetR_N,2.A.6,2.A.6,2.A.6
CBM2|CBM22|GH62,CBM2|GH43_10,CBM2|CBM22|GH10,GH30_8|CBM2,HTH_18,SBP_bac_3,2.A.1,CbiA,2.A.1,1.B.14,1.B.14,1.B.14
GH13_36,9.A.40,1.A.30,1.A.30,2.A.66
GH18,Glyoxalase,5.A.1,3.A.3,Fer4,3.D.4,3.D.4,3.D.4,1.B.52,2.A.53,PAS|HATPase_c,CheB_methylest|Response_reg,CheD,CheR|CheR_N,1.B.52
8.A.3,9.B.30,GT4,GH5_5,GT70,GT26,GT94,9.B.18,GH115,1.A.23
3.B.1,3.B.1,3.A.1,3.A.1,PALP,GH51,GH26,2.A.21,GntR,3.A.1,3.A.1,3.E.2,3.E.2,2.A.102
1.B.42,4.A.2,PTS-HPr,1.A.30,1.A.30,LacI|Peripla_BP_3,CE9,2.A.1,1.B.14,FeoA,9.A.8,2.A.86,2.A.53,3.A.3,3.A.3,3.A.3
GH43_12,5.A.3,1.B.52
GH5_2|CBM6|CBM6,HTH_18,GH16_3|CBM4|CBM32,3.A.1,3.A.23
CE8,Sigma70_r4_2|Sigma70_r2,FecR,1.B.14,1.B.14,9.B.153
GH95,CE3,HTH_IclR,2.A.1,9.B.34,LysR_substrate|HTH_1,2.A.1,HTH_18,9.B.34
3.A.15,3.A.15,3.A.15,NUDIX,3.A.5,1.A.34,CE11,GT28,2.A.103,9.B.146
1.B.14,Response_reg|Trans_reg_C,HisKA|HATPase_c,2.A.6,2.A.6,HTH_18,GH18,CBM6,GH5_4,HTH_18,3.A.1
CBM50,CodY,2.A.49,Aminotran_1_2,9.B.29
3.D.4,3.D.4,3.D.4,1.B.1,1.B.42,GH94,2.A.2
2.A.1,CBM15|GH10,GH115,GH43_1,PL11|CBM2,1.B.14
2.A.6,GT0|GT2|GT4,Pyr_redox_2,9.B.34,2.A.102,3.A.1,3.A.1,GntR,3.A.1
1.B.22,3.A.11,GT51,3.A.11
2.A.21,3.A.23,PL10_1,2.A.76,3.A.1,3.A.1,3.A.1,3.A.1
1.A.22,3.A.6,2.A.21,GT2
1.I.1,1.B.14,HTH_18,CBM6|GH5_47|CBM6
GH5_47|CBM6,GH30_1,HTH_1,3.A.1,3.A.1,3.A.1,1.B.39
GH20,PALP,1.B.52
GH16_3,GH3,1.B.14
GH105,1.B.14,GH28,3.D.2,3.D.2,3.D.2,Glyoxalase,PfkB,CE8,1.B.52,9.B.34
GH3,1.B.14,1.B.14
9.B.27,SBP_bac_3,3.A.11,CBM50,2.A.38,Pyr_redox_2,1.B.52,ACT|HD,2.A.56
2.A.23,Response_reg|Trans_reg_C,PAS|HisKA|HATPase_c,AA10|CBM73,3.A.1,CSD,2.A.1,Response_reg,HATPase_c,3.A.1
1.B.14,PAS,9.B.34,PL1_3,2.A.4
3.A.20,GH13_27,CE2,2.A.6,2.A.6,1.B.17,3.A.3,1.A.1,2.A.1,HTH_5,2.A.7,HTH_18,GH16_25,GH16_25|CBM6,MarR,2.A.117,LysR_substrate|HTH_1,2.A.1
3.A.23,3.A.23,3.A.23,3.A.23,3.A.23,3.A.23,3.A.23,FHA,3.A.23,3.A.23,SpoIIE,1.I.1,1.A.30,SIS,HTH_DeoR|DeoRC,GH9,3.A.2,3.A.2,3.A.2,3.A.2,3.A.2,3.A.2,3.A.2,3.A.2
3.A.23,Cyanate_lyase,HTH_3,GH43_10,AsnC_trans_reg|MarR,9.A.61,3.A.1,3.A.1,3.A.1,3.A.1,3.A.1
1.B.14,CE8,PL1_5,PL1_11,PL1_11,2.A.63,2.A.63,2.A.63,2.A.63,2.A.63,Glyoxalase,PL1_11
9.B.34,GH51,2.A.37,CBM6|CBM6|CBM6,3.A.5,3.A.1,3.A.1,Sigma70_r2|Sigma70_r4,1.B.6
1.B.14,9.B.18,GT2
GT2,3.A.1,3.A.1
GT2,GT4,GT2,GT4,GT4,GT2,3.A.23,HATPase_c|GAF,1.B.14,9.B.34,3.A.1,8.A.1
1.A.11,3.A.1,3.A.1,3.A.1,3.A.1,HEM4,GT51,2.A.23,9.B.169,2.A.66,GH11,9.B.34,2.A.7,1.B.33,9.B.22,GH5_26,GerE,2.A.22,HisKA|PAS|Response_reg|HATPase_c|GAF,PAS|HisKA|HATPase_c|GAF,Response_reg,8.A.59,9.B.34,FUR,1.B.52,1.A.33,2.A.16,2.A.1
2.A.21,GH130,GH5_7,GH27
2.A.1,GH19,2.A.8,HTH_6|SIS,GH20,HTH_18,1.B.14,1.B.14,GH5_55,NUDIX,8.A.7,1.A.30
2.A.20,2.A.102,GT2,GT9,GT4,3.A.1,PfkB,9.B.1,cNMP_binding,2.A.1,3.A.1,3.A.1,HhH-GPD,CBM2
3.A.1,3.A.1,9.B.35,9.B.35,9.B.43,1.B.52,CE4,1.B.14,1.A.30,TPR_2,3.A.9
2.A.1,SBP_bac_3,LacI|Peripla_BP_3,2.A.2,GH15,GH13_23,1.B.14,GH13,GH13_38,GH13_13|CBM69,1.B.14,CYTH,2.A.64,2.A.64,8.A.5
GH73,1.B.52,HisKA|HATPase_c|GAF,8.A.59
GT1,3.A.1,GT2
3.A.25,PfkB,GT51,Sigma70_r4_2|Sigma70_r2,3.A.1,3.A.17
1.B.14,HxlR,GH43_2
GH11|CBM60,Response_reg|Trans_reg_C,HisKA|HATPase_c,3.A.1,3.A.1,CBM2,CBM2,LysR_substrate|HTH_1,1.B.14,GH28,2.A.1,9.B.10,1.B.14,9.B.169
2.A.103,GH103
2.A.1,HTH_18|AraC_binding,EAL,MCPsignal|PAS,3.A.1,3.A.1,3.A.1,3.A.1,GH43_29,2.A.2,GH43_26,GH43_4,MCPsignal,1.B.14,GH146,8.A.59,HisKA|PAS|Response_reg|HATPase_c|MHYT,1.B.14,4.C.1,Pyr_redox_2,GH97,LacI|Peripla_BP_3,TetR_N,1.B.14,GH13_4,HTH_3,GH43_5,GH43_26,GH43_5|CBM13,GH97,GH43_26|CBM13,HisKA|HATPase_c,1.B.14,9.B.34,3.A.1
