GT4,GT25,LysR_substrate|HTH_1,2.A.1,HATPase_c|HisKA,Response_reg|Trans_reg_C,2.A.1
9.B.157,9.B.157,2.A.7,3.A.1,3.A.1,3.A.1,2.A.102,AA3_2,3.A.1,3.A.1,Hemerythrin,9.B.34,2.A.95,2.A.1,8.A.1,1.B.17,MarR,1.A.35
2.A.80,2.A.80,3.A.1,3.A.1,3.A.1,3.A.1,4.C.1,9.B.42,GntR|cNMP_binding,HATPase_c,2.A.80,1.E.43,MarR,AA3_2,Hemerythrin,GAF,3.A.1,9.B.34,2.A.4,1.I.1
3.A.1,3.A.1,GT20,GH15
GH23,1.B.14,4.C.1
GT4,GT4,GT2,3.A.1,3.A.1
9.B.14,2.A.1,GT51,1.B.22
GH23,9.A.40
2.A.1,HATPase_c,GH23,MCPsignal,3.A.11
2.A.1,MarR,2.A.40,CE4,GntR,LysR_substrate|HTH_1,2.A.80,9.B.35,GntR,9.B.43,1.I.1,3.A.1,3.A.1
9.B.34,CBM50
9.B.126,GT28,2.A.6,2.A.6
1.B.33,GT19
2.A.1,3.A.1,9.B.34,2.A.7,GT51,2.A.1
3.A.1,GH103,3.A.23,2.A.58,2.A.86
2.A.7,AlkA_N|HhH-GPD|HTH_18|Ada_Zn_binding,GT30,9.B.72,2.A.6
GH23,TPR_2,2.C.1,2.C.1,3.A.1
2.A.25,Rrf2,GH23
1.A.23,AAA,GH103,LysR_substrate|HTH_1,2.A.98,3.A.1,3.A.1,2.A.6,Response_reg|ANTAR,3.A.1,3.A.1,3.A.1,CBS,2.A.6,2.A.6,2.A.6,Pyr_redox_2|NIR_SIR_ferr|NIR_SIR,3.D.1,Glycos_trans_3N,9.B.8,Aminotran_1_2,3.A.1
2.A.4,2.A.80,2.A.80,LysR_substrate|HTH_1,GT104,2.A.21,4.A.2
9.A.4,GT4,9.B.18,9.B.34,3.A.1,3.A.1,3.A.1,3.A.1,3.A.1,GH3,9.B.65,1.A.63,9.B.160,RseA_N,Sigma70_r4_2|Sigma70_r2,3.D.1
1.B.52,GT51,9.B.143,3.A.1,3.A.1,3.A.1,3.A.1,2.A.80,Response_reg|LytTR,2.A.5
GT28,2.A.103,9.B.146
GH73,2.A.22,GntR|Aminotran_1_2,2.A.7
2.A.6,2.A.6,3.A.5,1.A.23,MarR|AsnC_trans_reg,2.A.1,GH102,9.B.186
2.A.109,CBM50
