3.D.1,9.B.106,9.B.106,2.A.103,FHA,FHA,2.A.114,Pribosyltran,2.A.81,2.A.98,2.A.47,cNMP_binding|HATPase_c,Response_reg,2.A.86,GH13_13,2.A.3,Aminotran_1_2,3.A.3
3.A.1,2.A.66,GT81
GH38,3.A.1,3.A.1,SBP_bac_1,MarR,LacI|Peripla_BP_3,GH38,GH5_18,SBP_bac_1,3.A.1,3.A.1
3.A.1,GH13_13
3.A.1,3.A.1,SBP_bac_1,PfkB,DeoRC|HTH_DeoR,GH4
1.A.22,GT39
GH73,3.A.1,3.A.1,GT4,GT4
GT0,9.B.98
GH125,GH38,DeoRC|HTH_DeoR,3.A.1,3.A.1,3.A.1,Nitroreductase,GH3,SBP_bac_1,3.A.1,3.A.1,LacI|Peripla_BP_3,GH31,3.A.1,3.A.1,SBP_bac_1,LacI|Peripla_BP_3,GH13_31
GT35,CBM48|GH13_9,GH13_16,GH13_3,CBM48|GH13_11,GntR,3.A.1
GT0,GT2,GT2,3.A.1,9.B.18,3.A.1,3.A.1,GT4,9.B.18,3.A.1,3.A.1,Peptidase_M23,8.A.5,3.A.1,3.A.1,3.A.1,3.A.1,3.A.1,Glycos_trans_3N,3.A.1
3.A.1,8.A.7,4.A.1,GH77,4.A.1,4.A.1,GntR,4.A.1,2.A.1
3.A.1,3.A.1,SBP_bac_1,HTH_IclR,PfkB,GH13_20
3.A.1,GH33
9.B.146,2.A.103,GT28
GH2,2.A.3
1.C.109,1.B.50,GT4,NUDIX,LacI|Peripla_BP_3,SBP_bac_1,3.A.1,3.A.1,GH32
GH13_21,3.A.1,3.A.1,3.A.1
4.F.1,GT4
2.A.64,GT2
4.A.1,GH32,1.A.33
GH1,3.A.3,2.A.109
3.A.1,4.A.1,3.A.1,3.A.1,3.A.1,GT5
3.A.1,3.A.11,9.B.28,3.A.1,3.A.1,GH13_31,GH49,SBP_bac_1,LacI|Peripla_BP_3,CE7,3.A.1,3.A.1,3.A.1,GntR,2.A.33
GH112,GT1,GT4,GT4,3.A.1
3.A.1,3.A.1,GH29
3.A.1,3.A.1,3.A.1,HTH_3,IclR|HTH_IclR,GT4
GH36,3.A.1,3.A.1
2.A.1,3.A.1,3.A.1,3.A.1,3.A.1,GH33,3.A.1,3.A.1,3.A.1,3.A.1,GntR,HTH_3,3.A.1
3.A.1,GH3,8.A.5,GerE|Response_reg,HATPase_c,3.A.1
GH20,3.A.5
2.A.1,2.A.38,TrkA_C,GH2,3.A.1,3.A.1,SBP_bac_1,SBP_bac_1,3.A.1,3.A.1,LacI|Peripla_BP_3,GH120,3.A.1,3.A.1,3.A.1,LacI|Peripla_BP_3,3.A.1,3.A.1,3.A.1,3.A.1,3.A.1,3.A.1,GH93|CBM35|CBM13,GH1,GH51,LacI|Peripla_BP_3,LacI|Peripla_BP_3,2.A.1,CBM67|GH78,3.A.1,3.A.1,3.A.1,LacI|Peripla_BP_3,HTH_IclR,GH31,3.A.1,3.A.1,SBP_bac_1,LacI|Peripla_BP_3,Peripla_BP_2,3.A.1,3.A.1
GT87,2.A.89,1.A.62,2.A.4,3.A.1,3.A.1,9.B.158
2.A.1,GH38,3.A.1,3.A.1,3.A.1,3.A.1
GH106,GH43_9,GH3,2.A.2,NTP_transf_2,GH35
GH1,2.A.1,TetR_N,CBM67|GH78
3.A.7,GH31,3.A.1,3.A.1
1.A.1,Whib,GT51
9.A.23,GH13_30,3.A.1,3.A.1,SBP_bac_1,GH20,PadR,TetR_N|TetR_C,GH13_4
GT51,3.A.3,GerE|Response_reg,2.A.1,TetR_N,GH30_2,GH42,ACT,3.A.20,3.A.1,3.A.1
