3.A.7,PAS|GGDEF|EAL,2.A.7,AlkA_N|HTH_18|HhH-GPD|Ada_Zn_binding,GT30,2.A.6,Rhodanese,TetR_N,FUR,3.A.1
GH23,3.A.15,T2SSE,3.A.15
3.A.7,CBM32,9.B.121,3.A.10,2.A.5
3.A.1,GT51,2.A.80
GH103,9.B.8,2.A.1
GH37,CBS,1.B.52,2.A.6,MCPsignal,NIR_SIR|Pyr_redox_2|NIR_SIR_ferr,3.D.1,Glycos_trans_3N,GH5_1|CBM2,4.C.3,2.A.53,2.A.53
3.A.1,GT2,3.A.1,8.A.59,2.A.21,1.A.23
3.A.1,3.A.1,2.A.15,GH13_9,GH13_3,GH13_16,2.A.56,2.A.56,2.A.56,9.B.102
GH18,MCPsignal,2.A.56,2.A.56,9.B.105,LacI|Peripla_BP_3,3.A.1,3.A.1,3.A.1,3.A.1,2.A.58,HTH_1|LysR_substrate,2.A.28
9.A.40,GH23
GH15,2.A.80,2.A.73
2.A.21,bZIP_1,9.B.34,1.B.14,3.A.1,3.A.1,3.A.1,2.A.16,AP2,GH73
2.A.98,CE1,9.B.126,CYTH,3.D.1
1.C.109,GT2,2.A.80,3.A.1,3.A.1,3.A.1,3.A.1,3.A.1,HTH_1|LysR_substrate,2.A.56,2.A.56,3.A.1,2.A.80
GH5,GGDEF|EAL,9.B.34,CBS|SpoIIE,3.A.1,3.A.1,3.A.1,4.C.1
2.A.80,HTH_1|LysR_substrate,CBM63|CBM2,3.A.1,TPR_2,2.C.1,2.C.1,3.A.1
2.A.80,GT19,1.B.33
GH24,1.E.25
4.F.1,3.A.1,3.A.1,3.A.1,3.A.1,SIS|HTH_6,2.A.80,2.A.80,HTH_1|LysR_substrate,GT104,2.A.1
CBM50,9.B.34
4.A.2,CBM32
GH23,HATPase_c,2.A.1
9.A.4,GT4,9.B.18,GT4
GH100,3.A.9,3.A.1
1.B.1,dCache_2|HATPase_c,GerE|Response_reg,GGDEF|EAL,9.B.43,9.B.35,GntR,CE4
2.A.23,GH166,GT4,2.A.66,GH135,GH135
1.B.22,GT51
2.A.39,Fer4,Pyr_redox_2,TetR_N,TPR_1,GT4,GT4,GT4,GT4,3.A.1,3.A.1
PL3_1,9.B.34,9.B.27,2.A.7
3.A.23,GT2,3.A.5,HisKA|HATPase_c,3.A.23
2.A.103,GT51,HTH_IclR|IclR,AraC_binding,2.A.80
CE11,GT28,2.A.103,9.B.146
3.A.1,3.A.1,3.A.1,3.A.1,3.A.1,GT2
GH23,3.A.7
3.A.23,GH23,1.B.22
3.A.1,3.A.1,AA3_2,2.A.102,HTH_1|LysR_substrate,3.A.1,3.A.1,3.A.1,2.A.7,9.B.157,9.B.157,3.A.9,Pribosyltran,2.A.1,HTH_1|LysR_substrate,2.A.47,AraC_binding|HTH_18,2.A.1,Response_reg|Trans_reg_C,2.A.1,HTH_1|LysR_substrate,GT0,GT4,GT0
9.B.126,9.B.34,CBM32,GH37,B12-binding|B12-binding_2,GntR,3.A.1,3.A.1,3.A.1,3.A.1,3.A.1,2.A.80,2.A.117,HTH_1|LysR_substrate,1.B.14
CBM50,2.A.109
2.A.6,2.A.6,2.A.6,TetR_N,GT1,4.C.1,PAS|HisKA|HATPase_c,GerE|Response_reg,9.B.186,GH102,2.A.1,AsnC_trans_reg|MarR,3.A.5,2.A.6,2.A.6
2.A.7,2.A.76,Aminotran_1_2|GntR,GH73
3.A.6,3.A.6,CheZ,Response_reg,1.A.30,1.A.30,GT2
2.A.80,2.A.80,MCPsignal,Pyr_redox_2,4.D.2,PALP,GH98|CBM35,cNMP_binding,MCPsignal,9.B.34
GT20,GH15,HD,9.B.34,GH23,PfkB,LacI|Peripla_BP_3,3.A.1,3.A.1,3.A.1,4.C.1
1.B.22,3.A.1,3.A.1,GT2
