GH15,2.A.1,GT2,Aminotran_1_2,GT20
GH36,3.A.1,3.A.1,SBP_bac_1,GH27
CBM3|GH16,GH20,3.A.1,3.A.1,3.A.1,GntR,TetR_N,2.A.7
3.A.1,3.A.1,2.A.1,2.A.113,TetR_N,3.A.1,3.A.1,HATPase_c,GerE|Response_reg,GH76,GH43_26,Glyoxalase,4.C.1
3.A.1,3.A.1,GH92,Peripla_BP_2,3.A.1,3.A.1
CBM32,2.A.3
9.B.105,3.A.1,3.A.1,3.A.1,3.A.1,3.A.1,CBM13|GH19,CBM32|GH55,GH158|CBM32
GT28,2.A.7,CE4,3.D.4,HTH_1|LysR_substrate,2.A.1,2.A.7
PL1_7,PL3_4,2.A.1,dCache_1,3.A.1
GH3,3.A.1,3.A.1,3.A.1,LacI|Peripla_BP_3,GH10|CBM2,SpoIIE|GAF|PAS,CBM13
GH16_3|CBM13,5.A.3,5.A.3,MarR,2.A.85
3.A.1,3.A.1,3.A.1,ANTAR,Sigma70_r3|Sigma70_r4|Sigma70_r2,CBM48|GH13_9,GH13_16,GH13_3,GH65
1.I.1,GT2
3.A.1,GT76
GH38,GH85,GH5_18,3.A.1,3.A.1,3.A.1
GT87,GH92,2.A.7,GH23|CBM50,SpoIIE|GAF|PAS,2.A.1
3.A.1,CBM4|GH9,2.A.1
3.A.1,2.A.36,2.A.3,TetR_N,GH92,3.A.1,MarR,2.A.4,TetR_N,HTH_5,2.A.4,AraC_binding|HTH_3,2.A.7
4.A.1,8.A.7,GH31
GT4,GntR|Aminotran_1_2,2.A.115,2.A.1,GT2
GT4,4.F.1
CBM32,MerR,TetR_N,9.B.44,2.A.7,3.A.1
3.A.1,3.A.1,GT2,GT2,CE4,GH39
2.A.1,GT76,3.D.4
3.D.2,NUDIX,CbiA,GH15,HTH_8,GT4,1.C.109,3.A.1,3.A.1,3.A.1
2.A.21,2.A.7,2.A.89,GH15
PL1_6,3.A.1,3.A.1,3.A.1,GntR,2.A.1,HTH_DeoR|DeoRC,3.A.1,3.A.1,3.A.1
3.A.1,3.A.1,3.A.1,GH13_30,3.A.1,PadR,3.A.1
GH23,3.D.1,3.A.1,3.A.1,3.A.1,3.A.1
GT28,2.A.103,Pyr_redox,9.B.146
9.B.111,GH114
GH13_13|CBM41|CBM41|GH13_13,GH13_30,3.A.1,3.A.1,3.A.1
3.A.1,HATPase_c,GerE|Response_reg,2.A.1,9.B.179,GH0,GT4,TetR_N,3.A.1,3.A.1,3.A.1,9.B.143,2.A.1,2.A.1,2.A.106
GH3,MarR,Aminotran_1_2,GH23,GH35,4.C.1,9.B.157,3.A.1,3.A.1,Sigma70_r3|Sigma70_r4|Sigma70_r2,Pyr_redox_2,HD,9.B.114,2.A.102,4.A.2,2.A.1,3.A.1,3.A.1,3.A.1
GH33,GH1,9.A.40
8.A.5,TetR_N,2.A.7,MarR,GH77,Sigma70_r2|Sigma70_r4_2,3.A.1
1.A.23,MarR,SBP_bac_1,3.A.1,3.A.1,GH4
3.A.1,Aminotran_1_2,Pyr_redox_2,GH20
3.A.1,3.A.1,3.A.1,GH1
2.A.1,3.A.1,GT51,2.A.7
GT2,GT2,3.A.1,3.A.1,TetR_N,GT2,GT83,4.D.1,GT2,GT2,GT2,FHA,9.B.106,9.B.106,3.A.1,9.B.174
GT39,2.A.7,3.A.1,3.A.1,2.A.6
GH5_1|CBM2,8.A.5
2.A.1,CSD,PALP,GT81,GT20,CE9,PfkB,HTH_1|LysR_substrate,2.A.53
CBM35,9.B.34,2.A.1
2.A.1,SpoIIE,Pyr_redox_2,TetR_N,CBM51,Pyr_redox,8.A.5,Peptidase_M23,SpoIIE,3.A.1,3.A.1,GerE|Response_reg,1.I.1
GT51,PadR,2.A.1,HD,2.A.66
9.B.106,GT4,TetR_N,3.A.1,3.A.1
3.A.1,3.A.1,CBM67|CBM67|GH78
GT2,Trans_reg_C|Response_reg,HisKA|HATPase_c,9.B.106
9.B.146,GT4,Fer4,8.A.3,1.A.33,MerR,3.A.1,GerE,3.A.9
1.A.8,GH3
GT2,3.A.9
9.B.126,3.A.1,9.B.20,HisKA|HATPase_c,Trans_reg_C|Response_reg,2.A.6,TetR_N,3.D.10,3.D.10,GH20
2.A.76,GT2,TPR_1,GT2,3.A.1,3.A.1,3.A.1,3.A.1,3.A.1,3.A.1,3.A.1,3.A.1,Glycos_trans_3N,HisKA|HATPase_c,2.A.69,Sigma70_r2|Sigma70_r4_2,2.A.1
3.A.1,3.A.1,CE14
CBM16|GH18,CbiA|Response_reg,3.A.7
2.A.86,HTH_1|LysR_substrate,3.A.1,PadR,GT51
3.A.1,3.A.1,3.A.1,3.A.1,3.A.1,Glyoxalase,3.A.1,3.A.1,3.A.1,3.A.1,3.A.1,3.A.1,3.A.1,3.A.1,3.A.1,CE14,3.A.1,3.A.1
GH135,3.A.25,1.I.1,CSD,2.A.1
2.A.21,GntR,3.A.1,3.A.1,3.A.1,GH3
9.B.146,1.A.77,3.A.2,3.A.2,3.A.2,3.A.2,CBM2|GH18
2.A.23,TetR_N,2.A.1,MerR,CBM48|GH13_9,GH13_16,GH13_3,GT35,1.B.77,3.A.1,3.A.1,CBM48|GH13_11
GH30_3|CBM13,CBM11|GH3,3.B.1
2.A.6,GerE|Response_reg,GH3,SBP_bac_1,3.A.1,3.A.1,GH42,GH95,GH12,GH31
GH0,NUDIX,3.A.1
GH12|CBM2,AA10|CBM2,3.A.1,3.A.1,3.A.1,3.A.1,3.A.1,2.A.52,9.B.10
9.B.2,CBM32|GH92,3.A.1,3.A.1,3.A.1,HTH_IclR,3.A.1,3.A.1,3.A.1,2.A.3
8.A.21,CE4
GH13_10,FHA,GH13_26,GH13_11,2.A.6,GerE|Response_reg,3.A.1,3.A.1,3.A.1
2.A.76,TetR_N,GH2,Nitroreductase,CBM2
2.A.39,CE4,GH11,9.B.104
1.E.40,1.A.33,HTH_3,HTH_3,GH74|GH74|GH74|CBM2,CBM2|GH48,CBM2|GH5_40,CBM2|GH6,8.A.5,4.C.1,2.A.1,Trans_reg_C|Response_reg,HisKA|HATPase_c,HTH_1|LysR_substrate,2.A.28,3.A.1,3.A.1,3.A.1,CBM6,CBM13|CBM32|CBM6
3.A.1,3.A.1,GH154,9.B.145,2.A.1
9.B.169,3.A.24,3.A.7,Sigma70_r4|Sigma70_r2,LacI|Peripla_BP_3,3.A.1,3.A.1,3.A.1,3.A.1,GH2,GH127,B12-binding,GH0,LacI|Peripla_BP_3,SBP_bac_1,3.A.1,3.A.1,2.A.3
3.A.1,3.A.1,CBM35|CBM35|CBM35|GH87,GH13_30
9.B.111,4.F.1,GT4,2.A.1
GT4,GH16_3|CBM6,2.A.49,GH4,CBM16
3.A.1,3.A.1,3.A.1,3.A.1,LacI|Peripla_BP_3,3.A.1,3.A.1,3.A.1,GH13_30,GH87,9.A.36,2.A.7
GT2,3.A.1
GT1,GT1,GT1,2.A.1
2.A.3,GntR,GH2,3.A.1,3.A.1,3.A.1,3.A.1,3.A.1
3.A.1,3.A.1,3.A.1,CE1,3.A.1,3.A.1,3.A.1,3.A.1,3.A.1,GntR,3.A.1,3.A.1,AA3,PfkB,2.A.102
GH13_32|CBM20,LacI|Peripla_BP_3,3.A.1,3.A.1,3.A.1,GH1,3.A.1
2.A.1,HD,HTH_18,GH15
3.A.24,GT2
GH76,GH2|CBM42,Nitroreductase,Peripla_BP_2,3.A.1,3.A.1,3.A.1
2.A.1,MarR,8.A.5,GT2,GT4,3.A.1,3.A.1,3.A.1,GH1
GH65,SIS|HTH_6,8.A.5,PALP,2.A.1,2.A.108,3.A.1,CBM13|GH55,Pyr_redox_2,3.A.3
3.A.1,3.A.1,3.A.1,CE15|CBM2,2.A.1
2.A.3,peroxidase,FUR,CE14,2.A.1,HTH_11|AsnC_trans_reg,PfkB,2.A.1
2.A.85,GT1
2.A.1,5.A.1,CBM2
3.A.1,TetR_N,PadR,3.A.1,MarR,Glyoxalase,3.A.1,3.A.1,3.A.1,SBP_bac_5,HTH_IclR,9.B.158,Hemerythrin,2.A.1,5.A.3,5.A.3,5.A.3,HTH_IclR,GH19,GH64|CBM6
