3.A.1,CE4,2.A.1,2.A.53,2.A.28,3.A.1,3.A.1,3.A.1,HTH_18|Peripla_BP_2,GH3,4.A.1
GH13_31,3.A.1,3.A.1,3.A.1,2.A.109
CE7,2.A.21
5.A.3,NIR_SIR_ferr|NIR_SIR|Pyr_redox_2,2.A.1,9.B.10,9.B.10,9.B.10,3.A.1,3.A.1,1.E.43,MarR,9.B.72,AAA,GH1,1.B.52,SIS,HxlR,4.C.1,4.C.1
3.A.7,GH126,GGDEF,GT2,2.A.3,2.A.55
GH23,2.A.1,TetR_N,9.B.27
2.A.1,TetR_N,3.A.1,2.A.1,GH18,GT1,3.A.1,3.A.1,GH0,MarR,2.A.1,GntR,2.A.1
GH23,GH73,1.E.19
9.B.28,8.A.59,HTH_18|Response_reg,SBP_bac_1,3.A.1,3.A.1,GH105,dCache_1|HTH_18,CE12,9.B.28,PL11,8.A.5,CE12,GH42,PL26,3.A.1,3.A.1,3.A.1,GH4
1.A.14,GT0,GT2,GT0,2.A.1,2.A.3,1.B.52,GT2,3.A.1,MerR,2.A.1,3.A.1,3.A.18,3.A.1,3.A.1,3.A.1,3.A.1,PL1_6,2.A.47,HATPase_c,Response_reg|HTH_11,2.A.11
4.A.1,2.A.25,4.A.1,GH13_29
9.B.126,2.A.1,2.A.19,1.A.23,CE4,1.A.35
3.A.23,2.A.7,GH4,HTH_6|SIS,4.A.1,GH0|GH55,3.A.1,3.A.1,Glyoxalase,HATPase_c,GerE|Response_reg,3.A.1,3.A.1,3.A.1,PadR,2.A.1,MarR,2.A.1,3.A.1,3.A.1,3.A.1
2.A.1,GT2
CBM50,Rrf2,CBM50,HTH_1|LysR_substrate,Citrate_synt,2.A.3,2.A.22,2.A.3
8.A.5,Pyr_redox,9.A.40,MerR,9.A.40,1.A.43,1.A.23,CE4,2.A.35,3.A.1,3.A.1
2.A.88,3.A.1,3.A.1,3.A.1,2.A.45,GT51,TetR_N,9.B.74,2.A.23,4.C.1,9.B.1,2.A.7,3.A.1,3.A.1,3.A.1
9.B.20,CE4,3.D.1,NUDIX,GT1,HEM4,3.A.1,3.A.1
1.E.31,CBM50,9.A.10,2.A.20,2.A.3,Glyoxalase,9.B.142,GT2,9.B.160,3.A.1,3.A.1,3.A.1,3.A.1,3.A.1,3.A.1,PadR,9.B.182,2.A.7,2.A.7
1.A.26,MerR,MarR,GT28
9.B.146,2.A.103,GT28
3.A.1,2.A.35,GH16_21
GH32,3.A.1,3.A.1,3.A.1
2.A.21,CBM50,2.A.16
2.A.22,2.A.28,CBM50,GT1,2.A.66,STAS,PIG-L,2.A.7
3.A.1,GH13_28|CBM26,AA10
GT28,CSD,2.A.88
GT4,CE14,2.A.115,AraC_binding,3.D.3,3.D.3,3.D.3
CBM34|GH13_20,3.A.1,3.A.1,3.A.1,PL9_2
9.B.104,GT4,3.A.1,3.A.1,3.A.1,3.A.1,SBP_bac_1,2.A.1,9.B.117,FUR,2.A.115,3.A.18
GH18,GH18|CBM5,GntR,GH4,4.A.3,4.A.3,4.A.3,3.D.10
9.B.157,9.B.157,9.B.157,1.A.54,CBM50
3.D.10,3.D.10,3.D.10,ACT,GH51,TetR_N,4.C.1
2.A.114,GH51,3.A.1,3.A.1,3.A.1
CBM68|GH13_14,PALP,2.A.40,HTH_DeoR,2.A.15,9.B.28,GH105,3.A.1,dCache_1|HTH_18,3.A.1,3.A.1
9.B.10,CBM63,3.A.1,3.A.1,3.A.1,3.A.1,4.C.1
GT4,GT4,9.A.24,GT35,GT5,CBM48|GH13_9,2.A.88
2.A.38,2.A.38,GH73,2.A.1
1.B.52,1.B.52,1.B.52,1.B.52,GH13_31,9.A.40,9.B.23,1.A.1
2.A.1,GT51,PAS|HATPase_c,Response_reg|HTH_11,3.A.1,3.A.1,3.A.1,3.A.1,2.A.24,2.A.63,2.A.63,2.A.63,2.A.63,2.A.63,2.A.63,2.A.63
2.A.1,GntR|Peripla_BP_3,HTH_1|LysR_substrate,2.A.3,GH18
2.A.14,Aminotran_1_2,9.B.18,GT2,GT2,9.B.183,GT4,GT2,GT4,9.B.18,8.A.3,HTH_3,MarR,3.A.1,HTH_1|LysR_substrate,GH68,GH32,2.A.3,TetR_N,2.A.7,2.A.7
PL3_1,9.B.156,CE9,GntR,1.E.40
3.A.11,3.A.11,GerE|Response_reg,HATPase_c,9.B.146,GT4,GT2,GT4,2.A.66,9.B.18,GT0,3.A.1,3.A.1,GT2,GT2|GT4,GT26,GH73,9.A.11,2.A.3,GT27,2.A.1
8.A.3,8.A.3,DeoRC|HTH_DeoR,3.A.7,Trans_reg_C|Response_reg,9.B.33,1.A.22,1.A.33,HTH_11,MarR,2.A.1,2.A.39,2.A.1,1.A.11,2.A.103,9.B.105,1.A.34,9.B.18,Aminotran_1_2,GT0
3.A.1,GT51,9.B.149,MarR,2.A.3,HD,bZIP_1,2.A.7,HTH_1|LysR_substrate,2.A.98,2.A.1
GT2,2.A.40,GT2
GH32,4.A.1
4.A.3,4.A.1,GT8
2.A.38,2.A.50,GH4,4.A.3,4.A.3,4.A.3,Mga|HTH_11,2.A.1,3.A.1,Sigma70_r2|Sigma70_r4_2,2.A.39,3.A.1,3.A.1,3.D.4,3.D.4,2.A.24,CE4,3.A.1,2.A.115
3.A.23,2.A.8,2.A.41,2.A.11,2.A.1,3.A.18,Glyoxalase,CE12
GH1,4.A.1,Aminotran_1_2,GH43_4,2.A.3,Glycos_trans_3N,2.A.41,Sigma70_r4,9.B.140,9.A.28
