3.A.1,CE4
GT2,2.A.108,3.A.1
3.A.1,3.A.1,3.A.1,GH13_31,3.A.1,3.A.1,3.A.1,LacI|Peripla_BP_3,GH13_31
PL38,PIG-L,GT2,GT2,GT2,2.A.6,TetR_N,2.A.7,Response_reg|GerE,3.A.1
GT51,9.B.143
2.A.35,HTH_11,CE4,2.A.15,HhH-GPD,GT2|GT2,GH16_3,3.A.1,3.A.1,3.A.1,2.A.1,4.A.1,4.A.1,PTS-HPr,8.A.7,3.A.1
2.A.23,GH84|CBM32,2.A.66,9.A.11,Sigma70_r4_2|Sigma70_r2,PadR,2.A.103,Sigma70_r4_2|Sigma70_r2,2.A.23,3.A.1,3.A.1,3.A.1
CE9,3.A.1,2.A.21
2.A.115,Response_reg,2.A.40,Trans_reg_C|Response_reg,2.A.21,9.A.40,MerR,9.A.40,HisKA|HATPase_c,FeoA,9.A.8,HTH_3,GT51
4.C.1,SirB,GGDEF|EAL|PAS|FIST,GH13_1,2.A.115
CBM50,2.A.35,2.A.6,Sigma70_r2,2.A.38
9.B.146,2.A.103,GT28
9.B.157,3.A.24,1.A.62,Aminotran_1_2,MerR,CE4
3.A.24,1.B.52,2.A.21,9.B.31,GH18,2.A.40
3.D.1,GT51,GH18,2.A.21,2.A.1,3.A.1,3.A.1,2.A.64,Fer4,5.A.3,Fer4,3.A.1,SBP_bac_1,3.A.1
2.A.7,MerR,3.A.1,2.A.115,GT1
2.A.1,CE4,2.A.8,Diacid_rec,9.A.8,9.A.8,FeoA,9.A.11,2.A.3,1.A.43,1.A.43,Glyoxalase,GT2
GT4,CE14,2.A.115,3.D.3,3.D.3,3.D.3
GT4,3.A.1,3.A.1,3.A.1,2.A.1,2.A.58,1.B.52,9.B.117,FUR,3.A.1,3.A.1,3.A.18
3.A.11,3.A.15,3.A.15,9.B.34,CBM50
2.A.7,2.A.26,TetR_N,GAF,Aminotran_1_2,9.B.34,GT51,4.C.1,ACT|CBS,1.A.30,1.A.30
2.A.46,4.C.1,3.A.23,CBM68|GH13_14
GT35,GT5,GH13_9,2.A.7,9.B.20
3.D.1,GT51,2.A.47,2.A.63,2.A.63,2.A.63,2.A.63,2.A.63,2.A.63,2.A.63
9.B.18,PL12
GT0,Aminotran_1_2,9.B.18,Aminotran_1_2,9.B.18,9.B.18,PIG-L,8.A.3,8.A.3
CE4,TetR_N,3.A.1,2.A.21
3.A.1,GH25
GT4,GT4,GT0,2.A.66
3.A.24,GH73
GT51,9.B.149
2.A.41,2.A.40,2.A.88,Glyoxalase,GyrI-like,TetR_N,2.A.6,CE4
