2.A.81,AraC_binding|HTH_18,2.A.21,9.B.51,PALP,2.A.8,HTH_1|LysR_substrate,GH5_25,2.A.1,2.A.7
2.A.1,GerE|Response_reg,HATPase_c|MASE1,2.A.1,2.A.1,2.A.1,GH1,3.A.23,4.A.6,4.A.6,4.A.6,4.A.6,2.A.7,9.B.20,3.A.3,2.A.2,GH31,2.A.40,2.A.27
GT30,GT9,GT4,GT52,GT4,GT8,GT8,GT73,GT4,GT9,GT9,Aminotran_1_2,GT2,1.A.34
1.B.52,2.A.1,HTH_IclR|IclR,3.D.1,Aminotran_1_2,GH13_19,GH73,Peripla_BP_3|HTH_18,9.B.97,1.E.53,CSD,HTH_3,9.B.186,5.A.3,3.A.1,3.A.1,3.A.1,3.A.1,3.A.1,2.A.42
GT2,4.D.3,GH8,1.B.55,GGDEF|EAL,2.A.23,PfkB,EAL,9.B.121,2.A.1,9.B.126,HTH_1|LysR_substrate,GerE|Response_reg,GH24,GH37,GntR,SIS,PfkB,2.A.13
2.A.8,CBM48|GH13_9,CBM48|GH13_11,GT5,GT35,Rhodanese,9.B.104,DeoRC|HTH_DeoR,GerE,GT35,GH77,2.A.8,9.A.8,9.A.8,9.A.8,Trans_reg_C|Response_reg,2.A.21,9.B.65,NUDIX,GT51,1.B.22
GT51,Pkinase,8.A.8,4.A.2,1.B.42,1.B.42,1.B.42,CBS|SIS,2.A.19,3.A.1,3.A.1,3.A.1,3.A.1,3.A.1
2.A.42,2.A.42,HTH_1|LysR_substrate,9.B.124,1.E.34,9.B.27,GntR,2.A.1,2.A.23,2.A.109,9.B.114,Pyr_redox_2,GH63,2.A.3,GH2,LacI|Peripla_BP_3,1.B.52,1.B.52
1.B.76,2.A.47,8.A.5,HTH_18,9.B.27,1.A.30,1.A.30,1.B.52,3.D.7,5.A.3,3.D.7,3.D.7,3.A.1,1.B.52,2.A.1,1.B.25,2.A.2,GH2
3.A.15,GH23
GH23,3.A.7
9.B.120,2.A.1,GH23
GH1,1.C.113
CBM50,3.D.4,1.B.6,2.A.42,2.A.117,HTH_1|LysR_substrate,2.A.1,HTH_1|LysR_substrate,3.A.1,LacI|Peripla_BP_3,4.C.1,2.A.1,8.A.5,2.A.109,NUDIX,4.A.2
3.A.7,GH102,2.A.7
2.A.8,HTH_18,1.B.22,3.A.6,3.A.6,3.A.6,3.A.6,3.A.6,3.A.6,TPR_3,1.C.36,1.C.36,1.C.36,GH23
3.D.1,3.D.1,3.D.1,3.D.1,3.D.1,3.D.1,5.A.3,Pyr_redox_2,3.A.23,CBS|SIS,DeoRC|HTH_DeoR,4.A.4,4.A.4,4.A.4,GH103
2.A.104,Rhodanese,HTH_5,9.B.12,GntR,2.A.3,2.A.80,2.A.80,2.A.80,Trans_reg_C|Response_reg,HATPase_c|HisKA,2.A.52,1.B.14,3.A.1,GT1
4.A.1,GH23,HATPase_c|HisKA,3.A.23,2.A.17,2.A.3,Trans_reg_C,Aminotran_1_2,2.A.1,2.A.113
GT51,5.A.3,5.A.3
2.A.7,2.A.7,GT83,GT2,Aminotran_1_2,NUDIX,1.B.68,Fer4,Pyr_redox_2,2.A.1
1.B.17,9.B.27,9.B.29,GH3,3.A.1,3.A.1,3.A.1,3.A.1,MerR,9.B.33,LytTR|Response_reg,3.A.1,1.B.11,2.A.113,PfkB,GntR,PfkB,2.A.1
2.A.1,2.A.6,2.A.6,8.A.1,HhH-GPD|AlkA_N,9.B.34,9.B.22,2.A.109,1.B.18,8.A.3,GT2,GT4,GT2,NUDIX,GT4,9.B.18,2.A.66,GT4
5.A.1,AA6,TetR_N,2.A.21
GT2,2.A.1
4.A.1,1.B.14,GH3
2.A.7,9.B.50,1.B.12,CBM13
GH33,3.A.1,3.A.1,3.A.1,3.A.1,3.A.1,1.A.23,3.A.1,NTP_transf_2,GerE,MerR,3.A.1,2.A.76,9.B.2,1.E.43,2.A.1
4.A.3,4.A.3,4.A.3,AraC_binding|HTH_18,GH4,CE0,2.A.23
2.A.35,Aminotran_1_2,CBM48|GH13_11,GH13_26,GH13_10
5.A.3,5.A.3,5.A.3,2.A.7,1.B.1,2.A.1,TetR_N,2.A.1,5.A.3,5.A.3,5.A.3,AraC_binding|HTH_18,GH78,2.A.2,1.B.3,2.A.3,1.B.14,GntR,2.A.7
3.A.1,3.A.1,3.A.1,3.A.1,GT83
3.A.1,3.A.23,LacI|Peripla_BP_1,1.B.21,3.A.1,GH65,3.A.1,3.A.1,3.A.1,GH13_18,PspC,9.B.100,3.A.23,3.A.1,3.A.1,3.A.1,3.A.1,3.A.1
1.B.46,Pribosyltran,2.A.53,3.D.7,3.D.7,3.D.7,3.D.7,3.D.7,3.D.7,3.D.4,3.D.4,GH37,1.E.43,GH23,2.A.36,Pyr_redox,GntR,2.A.34,5.A.2
GT4,9.B.62
CBM50,3.A.1,3.A.1,3.A.1
9.B.158,GH105,3.A.6,3.A.6,CheZ,Response_reg,CheB_methylest|Response_reg,CheR|CheR_N,1.B.52,CheW,CheW|H-kinase_dim|CheY-binding|HATPase_c,1.A.30,1.A.30,FlhC,FlhD,GT20
GH13_5,9.B.102,3.A.6,3.A.6,3.A.6,3.A.6,3.A.6,3.A.6,3.A.6,3.A.6,GerE,9.B.34,2.A.7,HD,1.B.1
CE8,2.A.47,HTH_1|LysR_substrate,3.A.1,3.A.1,3.A.1,2.A.6,HTH_1|TOBE,3.A.1,3.A.1,3.A.1,2.A.4,4.B.1,3.A.23,3.A.23,3.A.23,2.C.1,2.C.1,2.C.1,2.C.1,1.A.30,1.A.30,8.A.79,9.B.85,3.D.4,3.D.4
8.B.24,3.A.1,GT4,GT2
2.A.1,1.B.25,3.A.1,3.A.1,4.A.1,CE9
1.B.10,2.A.6,2.A.6,3.A.5,CBM34|GH13_21,2.A.3,2.A.26,PAS|HisKA|HATPase_c,Trans_reg_C|Response_reg,1.B.11,2.A.1
1.B.6,GH0,3.A.23,3.A.23,3.A.23,3.A.23,3.A.23,3.A.23,3.A.23,3.A.23,3.A.23,3.A.23
GH23,3.A.1,3.A.1,3.A.1
GH19|CBM73,GT19,1.B.33
3.A.1,1.A.62,2.A.49,3.A.1,3.A.1,3.A.1,1.B.14,GT51
8.B.24,1.C.1,2.A.3,2.A.2,GH43_26,9.B.125,3.A.15,3.A.15,HTH_1|LysR_substrate,8.A.5,NUDIX,3.A.5,CE11,GT28,2.A.103,9.B.146
1.B.11,Rrf2,CBM5,GH18,Trans_reg_C,GH108,HTH_1|LysR_substrate,1.A.33,2.A.96,2.A.25
GH23,3.A.1,4.B.1
4.A.6,4.A.6,4.A.6,4.A.6,GH105,GH154,PL8
2.A.1,GH89,1.B.21,GH16_24
3.A.3,LacI|Peripla_BP_3,4.A.1,GH13_29
CBM50,3.A.1,2.A.25,1.A.23,2.A.3,3.D.10,3.D.10,2.A.7,GerE,9.B.13
5.A.3,5.A.3,PAS|dCache_1|HATPase_c,Response_reg,2.A.13,2.A.2,GH4,HTH_18,HTH_18,2.A.3,Trans_reg_C|Response_reg,HATPase_c|HisKA,2.A.1,Glyoxalase,3.A.1,3.A.1,3.A.1,3.A.1,3.A.1
1.E.33,GH23
2.A.102,GH31,2.A.2,2.A.2,1.B.35,PAS|HisKA|HATPase_c,3.A.23
9.B.21,HEM4,TPR_2,2.A.3,GT26,9.B.128,GT56,2.A.66,Aminotran_1_2,GT0,9.B.146,3.A.6,1.I.1,4.B.1
1.B.6,GT4
