1.B.18,8.A.3,GT4,GT4,GT0,GT4,9.B.97,9.B.97,2.A.66,GT2,2.A.1
GT2,2.A.7,GT83
3.A.9,GT51,MerR,2.A.66,9.B.142,MerR,3.A.6
3.A.1,3.A.1,CBM50
1.A.4,GT20,GT4
9.B.18,1.B.18,8.A.3,GT2,GT4,GT4,HTH_3,9.B.97,GT4|GT4
2.A.53,FUR,B12-binding,GT21
1.A.16,1.B.1,1.A.23,GT2,2.A.1,1.B.52,PfkB,3.A.1,3.A.1,3.A.1,3.A.1,2.A.76,1.A.35
2.A.6,2.A.6,GT51
3.A.1,3.A.1,3.A.1,3.A.1,2.A.55,1.B.39,3.A.1,3.A.1,3.A.1,3.A.1,LysR_substrate|HTH_1,9.B.35,9.B.43,Glyoxalase,CE4,2.A.39
2.A.7,8.A.21,8.A.7,GT19,1.B.33
1.B.40,HATPase_c|PAS|HisKA,Response_reg|Trans_reg_C,3.A.1,3.A.1,3.A.1,3.A.1,3.A.16,9.A.55,2.A.1,GH23
GT4,3.A.1,GT20,4.F.1,GT104,3.A.23,GH3
3.A.1,3.A.1,3.A.1,GH103
1.B.6,GT4,LysR_substrate|HTH_1,3.D.1,3.D.1,2.A.4,HTH_5,TPR_1|TPR_2,2.A.1,2.A.37
2.A.6,GT2
2.A.1,GT9,2.A.49
3.D.4,3.D.4,4.A.1,4.A.1,SIS,CE9,GntR,MarR,3.A.1
3.A.15,3.A.15,3.A.15,1.B.22,GH23,9.B.10
AA3_2,3.A.1,3.A.1,3.A.1,3.A.1,3.A.1,3.A.1,3.A.1,3.A.1,3.A.1,CbiA,2.A.45,3.A.2,3.A.2,3.A.2,3.A.2,3.A.2,3.A.2,3.A.2,4.C.1,3.A.1,3.A.11,3.A.1
GT41,GT41,GT41,GT41,8.A.5
1.A.8,GT4,FlhD,FlhC,1.A.30,1.A.30,Response_reg,HATPase_c|CheY-binding|CheW|H-kinase_dim,CheW,1.B.52
GH73,3.A.6,3.A.6,3.A.6,3.A.6,3.A.6,3.A.6
AA3_2,LysR_substrate|HTH_1,1.E.14,2.A.122,GT2,1.E.40,3.A.1,3.A.1,3.A.1,3.A.1,3.A.1,3.A.1,TPR_1|TPR_2,9.B.211
GH23,3.D.1
5.A.1,9.B.14,2.A.1,9.B.21,GT51,1.B.22
9.B.146,2.A.103,GT28
CE11,3.A.5
GT51,HTH_IclR|IclR,3.A.1,3.A.1,3.A.1
9.B.18,1.B.18,8.A.3,GT4,GT4,GT4,9.B.97,GT0,GT4,bZIP_1,2.C.1,2.C.1,1.A.30
2.A.7,2.A.76,2.A.6,2.A.6,2.A.6,Response_reg|Trans_reg_C,HATPase_c|HisKA,GH133,GH63,8.A.5,2.A.21,9.B.34,MerR,LacI|Peripla_BP_3,3.A.1,GH42,SBP_bac_1,3.A.1,3.A.1
GT2|GT2,3.A.1
9.B.146,9.B.18,9.B.146,MCPsignal,HTH_3,3.A.15,3.A.15,1.B.22,3.A.15,GH23,5.B.3
1.B.14,1.A.30,1.A.30,GT4,GT9,GT30
9.B.22,GT41,3.A.1
1.B.1,3.A.1,3.A.1,3.A.1,3.A.1,Response_reg|Trans_reg_C,HATPase_c|HisKA,9.B.34,3.A.1,3.A.1,3.A.23,3.A.23,GT20,2.A.1
3.D.6,TetR_N,GH15,3.A.12
1.I.1,Rhodanese,GT2,3.A.1,GT4
GT4,2.A.66,GH166,2.A.75,LysR_substrate|HTH_1,Pyr_redox_2,LysR_substrate|HTH_1,2.A.39,LysR_substrate|HTH_1,2.A.1,2.A.1,2.A.40
2.A.1,HTH_18|AraC_binding,3.A.1,GT5
AA4,4.C.1
3.A.1,3.A.1,3.A.1,SBP_bac_1,LysR_substrate|HTH_1,2.A.1,TetR_N,Glyoxalase,3.A.23,AA3_2
3.A.1,SBP_bac_1,3.A.1,3.A.1,GH42,GH35,LysR_substrate|HTH_1,3.A.1,3.A.1,3.A.1,LysR_substrate|HTH_1,MCPsignal,3.A.1,3.A.1,3.A.1,3.A.1,HTH_3|AraC_binding,3.A.1,3.A.1,3.A.1,LysR_substrate|HTH_1,2.A.21,HTH_DeoR|DeoRC,2.A.10
GT51,LysR_substrate|HTH_1,2.A.7,LysR_substrate|HTH_1,2.A.1,HTH_18,2.A.39
3.A.1,SBP_bac_3,3.A.23,1.B.22,3.A.15,3.A.15,3.A.15,Response_reg|GerE,HATPase_c|PAS,Response_reg|GerE,GH23
CBM12,3.A.1,3.A.1,3.A.1,3.A.1,1.B.14,3.A.1,LysR_substrate|HTH_1,2.A.1
3.A.7,AA3,4.C.1
GH23,3.A.1,3.A.1,3.A.1,Sigma70_r4_2|Sigma70_r2,2.A.55,LysR_substrate|HTH_1,2.A.1
2.A.1,Citrate_synt,3.A.23,HTH_18,GT4,PIG-L,GT4,LysR_substrate|HTH_1,2.A.1
GT0,GntR|Aminotran_1_2,3.A.1,3.A.23,TPR_1,3.A.23,3.A.23,3.A.23,3.A.23,1.B.6,3.A.23
GH63,2.A.1,Pyr_redox_2,3.A.1,3.A.1,3.A.1,3.A.1,Pyr_redox_2,Pyr_redox_2,HTH_18,LysR_substrate|HTH_1,3.A.1,3.A.1,3.A.1,3.A.1
1.B.39,2.A.37,LysR_substrate|HTH_1,2.A.3,GT4,CE4
3.A.1,GH35,GH36,2.A.1,2.A.1,LysR_substrate|HTH_1,Peptidase_M23,3.D.3,2.A.1,Nitroreductase,2.A.1,3.A.1,3.A.1,3.A.1
1.B.1,2.A.1,GH28,PALP,AsnC_trans_reg,2.A.21
GT2,TetR_N,5.A.1
9.B.97,GH1,3.A.1,3.A.1,3.A.1,3.A.1
1.B.1,GH31,2.A.1,GH166,EAL|PAS|GAF|GGDEF,2.A.21,1.B.1,GntR|Aminotran_1_2,2.A.86,GerE,CBM32,Response_reg,GT5,CBM48|GH13_11
GH166,GT4,2.A.66,8.A.5,HTH_IclR,9.B.34
GH0,Citrate_synt,9.B.157,2.A.1
2.A.1,TetR_N,AA3_2,2.A.1,3.A.23,3.A.1,3.A.1
GT9,3.B.1,TetR_N,LysR_substrate|HTH_1,2.A.1
3.A.1,3.A.1,3.A.1,GT0
GT35,2.A.1,9.B.34,SBP_bac_3,2.A.1,2.A.1
2.A.1,GntR,2.A.1,3.A.1,SBP_bac_3,FmdA_AmdA,HTH_18|FmdA_AmdA,SBP_bac_3,3.A.1,AA3_2,2.A.1,9.B.27,Rhodanese,9.B.34,LysR_substrate|HTH_1,2.A.20
4.C.1,GT51,2.A.21,LysR_substrate|HTH_1,1.B.1
GT4,GT9,GT9,1.B.42,1.B.33,GH19
GH13_3|GH13_3,GH13_16,CBM48|GH13_9,GH13_11,GH13_10,GH77,GH13_26,9.A.40,HisKA,HTH_18,Aminotran_1_2,Pribosyltran,9.B.160
2.A.1,2.A.1,1.B.1,2.A.1,HTH_IclR|IclR,GH23,TetR_N,3.A.1,3.A.1,2.A.6,3.A.1,3.A.1,3.A.1,3.A.1,GntR|Aminotran_1_2,CBM50,3.A.3,1.B.52
2.A.6,GT2,GH23,2.A.7
1.B.20,LysR_substrate|HTH_1,GT2,1.B.1
8.A.3,GT4,GT2,GT4,9.B.18
2.A.1,LysR_substrate|HTH_1,GT4,Peptidase_M23,CE4,LysR_substrate|HTH_1,3.A.1
CBM50,2.A.55,2.A.72
2.A.3,3.A.1,3.A.1,3.A.1,SBP_bac_3,9.B.164,AA3_2,4.C.1,1.B.1
GT35,LacI,3.A.1,3.A.1,3.A.1,3.A.1,3.A.1,3.A.1,3.A.1,3.A.1,9.B.115
1.B.18,8.A.3,GT4,GT4,GH148,GT4,9.B.18,HTH_18,1.B.1,NUDIX,HTH_DeoR|DeoRC,CBM50,CbiA,GT2,4.D.3,GH8,1.B.55,3.A.1,3.A.1,3.A.1,LysR_substrate|HTH_1,2.A.19
