9.B.146,2.A.103,GT28
3.A.9,GT9,GT2
5.A.3,GT51
1.B.14,8.A.46,GH130,GH92,GH125,GH18,GH18,GH92
GT2,3.A.16
2.A.53,2.A.53,HTH_18,GT4,GT4,GT2,9.B.97,2.A.50,GT2,GT2,GT2,GT2,GT2,GT2,Aminotran_1_2,3.A.1,3.A.1,GT2,GT74
3.A.1,9.B.153,GT1,1.E.43
GH19,3.D.9,3.D.1,3.D.1,3.D.9,3.D.1,3.D.1,3.D.1,3.D.1,3.D.1,3.D.1,3.D.1,3.D.9,3.D.1,3.D.1
2.A.17,2.A.17,GT35
GT5,SIS,9.A.25,9.A.25,9.A.25
GT2,1.B.14,PfkB,2.A.114
3.A.9,GH23
GT2,3.A.1,3.A.1,8.A.1,3.A.18,2.A.20,1.I.1,Pribosyltran,3.A.1,8.A.59
GT14,1.I.1,CSD,2.A.19
GT4,GH130,HTH_18,3.A.3,2.A.47,3.A.1,3.A.1,PfkB,GT4,GH130
GH19,2.A.50
GH19,2.A.37,Response_reg|LytTR,3.D.2
3.A.20,9.B.27,3.A.8,2.A.55,1.B.9,GT2,Aminotran_1_2,AsnC_trans_reg|HTH_11,1.A.46
3.A.1,GH20,cNMP_binding|Crp,2.A.102,Rhodanese,9.B.102,9.B.102,8.A.1,9.B.32,9.B.158,GH2,3.A.11,Aminotran_1_2,3.A.1,3.A.1
1.B.14,Peripla_BP_2,3.A.1,3.A.1,GH19
8.A.1,1.B.14,1.B.14,8.A.46,GH97
GH13,2.A.2
2.A.1,HTH_18,GT2
2.A.1,1.B.14,8.A.46,GH30_3,GH3,GH16_3,GH30_1
GT2,2.A.7
2.A.1,AraC_binding|HTH_18,GT2,GT4
1.B.44,1.B.44,TetR_N,CE6,1.I.1,cNMP_binding|Crp,Aminotran_1_2|GntR,2.A.7
8.A.1,GT2
GT4,2.A.16,SIS|CBS,cNMP_binding,2.A.64
GT32,2.A.7,3.A.16
GH3,GH144,8.A.46,1.B.14
GH109,1.E.40,AA3,HTH_18,3.A.7,AraC_binding|HTH_18,HTH_18,MarR,3.A.1,3.A.1,3.A.1,GH3,2.A.6,2.A.6,2.A.6,AraC_binding|HTH_18,2.A.1,AsnC_trans_reg|MarR,9.A.25
9.B.144,GT4
GH13,2.A.21,Response_reg|Trans_reg_C,1.B.14
9.B.18,Aminotran_1_2,9.B.18,9.B.18,GT2,GT4,8.A.3,9.B.18,Pyr_redox_2,3.A.1,3.A.1,3.A.1
GH37,2.A.1,AraC_binding|HTH_18,TetR_N,2.A.6,2.A.6,2.A.6
GH25,3.A.1,1.B.6,3.A.1,2.A.49
3.D.10,3.D.10,3.A.11,GH99,GT19,2.A.66
1.A.23,3.A.1,CE14
8.A.3,9.B.146,GT2
GT4,3.D.7,Fer4,AAA,2.A.86
2.A.3,1.B.14,GH13_10
