GH42,SIS,GntR,PfkB,GntR,2.A.3
GH1,4.A.3,4.A.3,GH53|CBM61,3.A.1,Glycos_trans_3N,3.A.1,3.A.1,3.A.1,3.A.1
3.A.18,9.B.74,2.A.3,3.A.1,3.A.1,3.A.1,3.A.1,3.A.3,GH105,2.A.56,2.A.56,2.A.56
8.A.5,GntR,4.A.3,GH1,4.A.3,4.A.3,4.A.3
2.A.40,GH13_31,GH1,HTH_11,4.A.1,GH1
3.A.1,TetR_N,2.A.35,LacI|Peripla_BP_3,GH65,4.A.1
3.A.1,GH73,4.A.1,PfkB,LacI|Peripla_BP_3,3.A.1,GH13_29,2.A.86,3.A.1,Response_reg|LytTR,9.B.14
PL9_1,Pribosyltran,2.A.1,2.A.3,Aminotran_1_2,2.A.1,TetR_N,3.A.7,GT2,2.A.98,LysR_substrate|HTH_1,2.A.103,3.A.1,3.A.1,1.B.42
GH1,3.A.3,3.A.1,3.A.1,3.A.1,2.A.35,2.A.3,3.A.1,SIS,4.A.1,2.A.3,3.A.1,2.A.7,9.B.211
9.B.146,GT28,YL1,9.A.4
9.B.126,GT2
3.A.1,3.A.1,GT2|GT2,9.B.18,GT2,GT4,GT14,9.B.18
9.B.116,HATPase_c,Response_reg|GerE,2.A.38,2.A.4,CSD,AA10,HhH-GPD,2.A.86,9.A.40,3.A.9,PTS-HPr,8.A.7,GT4,GT4
4.A.1,GH4,4.A.1,4.A.3,GT1,TPR_1|HTH_3,DeoRC|HTH_DeoR,4.A.7
4.A.5,4.A.5,4.A.5,Glyoxalase,GntR,4.A.3,GH1
3.A.3,2.A.6,8.A.5,HTH_7,2.A.1,GH23,3.A.3
2.A.85,GH73,SBP_bac_1,3.A.1,3.A.1,Pribosyltran,2.A.40
3.A.1,3.A.1,3.A.1,3.A.7,AraC_binding|HTH_18,2.A.1,GH78,4.A.7
3.A.1,GH13_31
2.A.41,3.A.1,3.A.1,3.A.1,3.A.1,3.A.1,CBM34|GH13_20,Glyoxalase,MarR,2.A.86
GH32,4.A.6,4.A.6,4.A.6,3.A.23,4.A.1,4.A.1,GH32,3.A.1
2.A.66,GT11,GT2,GT26,9.B.18,8.A.3,8.A.3
GH1,GH4,HTH_6|SIS,4.A.1,3.A.1,3.A.1,2.A.55,GT51
2.A.79,2.A.79,3.A.1,Response_reg|LytTR,HTH_DeoR,3.A.1,GH88,GH154,GH88,3.A.1,3.A.1
4.A.6,4.A.6,4.A.6,4.A.6,AAA|HTH_11,3.A.1,3.A.1,3.A.1,3.A.1,2.A.88,2.A.3,NUDIX,3.A.1,3.A.1,3.A.1,3.A.1,3.A.1,3.A.12,GH1,3.A.1,3.A.1,3.A.1
2.A.1,GntR|Peripla_BP_3,GH43_26,GH51,3.A.1,3.A.1,SBP_bac_1,GH51
2.A.2,GH43_11,CE8,GH28,GH105,SBP_bac_1,3.A.1,3.A.1,HTH_18,LacI|Peripla_BP_3,CE12,3.A.1,GT51,GH38,GH125,GntR|Peripla_BP_3,GH92,Response_reg|HTH_18,8.A.59,9.B.28,SBP_bac_1,3.A.1,3.A.1,2.A.66,4.A.3,4.A.3
3.A.1,3.A.1,GH73|CBM50|CBM50,3.A.1,3.A.1,TetR_N|TetR_C,CE1,2.A.1,3.A.16
3.A.1,Nitroreductase,MarR,GH73,LysR_substrate|HTH_1,4.A.1
3.A.1,3.A.1,HATPase_c|HisKA,Trans_reg_C|Response_reg,3.A.1,3.A.11,GH65,3.A.1,3.A.1,3.A.1,GH13_18,LacI|Peripla_BP_3,3.A.1,3.A.1,3.A.1,HTH_11,2.A.87
GH73,3.A.7
4.A.6,4.A.6,4.A.6,4.A.6,4.A.1,GH1
4.A.6,4.A.6,4.A.6,4.A.6,GH35,GntR,2.A.102
GH84,GH2,GH20,SBP_bac_1,3.A.1,3.A.1
GH38,4.A.3,4.A.7,3.A.1,3.A.1
