GT2,SIS,3.A.1,3.A.1,3.A.1,SBP_bac_1,CBM67|GH78,Peripla_BP_3|LacI,Peripla_BP_3|LacI,SBP_bac_1,3.A.1,3.A.1,GH127,3.A.1
3.A.1,3.A.1,3.A.1,NUDIX,3.A.1,SIS,3.A.1,3.A.1,3.A.1,DeoRC|HTH_DeoR,GH4,AraC_binding|HTH_18,8.A.59,GAF|GGDEF|EAL,dCache_1|HATPase_c,Peripla_BP_3|LacI,SBP_bac_1,3.A.1,3.A.1,3.A.1,GH63,9.B.174,3.A.1,3.A.1
4.C.1,2.A.66,Sigma70_r4_2|Sigma70_r2,1.B.14,GGDEF,GntR,3.A.1,3.A.1,3.A.1,3.A.1,3.A.1,GH3,TetR_N,3.A.1,3.A.1,3.A.1,3.A.9,TetR_N,GH38,MarR,3.A.1,3.A.1,MarR,3.A.1,TetR_N,8.A.1
GH3,3.A.1,3.A.1,3.A.1
GH106,GH63,3.A.1,3.A.1,3.A.1,3.A.1,MarR,GH3
3.A.1,3.A.1,SBP_bac_1,GntR,3.A.1,GntR,SBP_bac_1,3.A.1,3.A.1,3.A.1,SBP_bac_1,3.A.1,3.A.1,GH151,Peripla_BP_3|LacI,3.A.1,GH95,GntR,3.A.1,3.A.1,3.A.1,3.A.1
3.A.1,3.A.1,3.A.1,3.A.1,Peripla_BP_3|LacI,SBP_bac_1,3.A.1,3.A.1,GH32,3.A.1,Peripla_BP_3|LacI,Peripla_BP_1,3.A.1,3.A.1
GH154,SBP_bac_1,3.A.1,GH88,3.A.1,3.A.1,PL33_1,HTH_18,Response_reg|Trans_reg_C,HisKA|HATPase_c,3.A.1,3.A.1,SBP_bac_3,GntR,3.A.1,3.A.1,1.B.52,SBP_bac_1,GH105,GH28,3.A.1,3.A.1,3.A.1,MarR,HTH_18,Peripla_BP_3|LacI,TetR_N,2.A.6,2.A.6,2.A.6,2.A.39,1.B.52,1.A.35,GH13_3|GH13_3,GH13_16,CBM48|GH13_9,3.A.1,3.A.1,Peripla_BP_2,GH13_10,GH77
2.A.7,HTH_1|LysR_substrate,2.A.98,Peripla_BP_1,3.A.1,3.A.1,Sigma70_r4_2,8.A.5,AA3_2,CSD,3.A.1,3.A.1,3.A.1,3.A.1,3.A.1,GntR,3.A.1,3.A.1,3.A.1,3.A.1
GH23,3.A.7,GH23,3.A.7,3.A.7,3.A.7
CE4,GT2|GT2,3.A.1,3.A.1
1.A.14,Sigma70_r4_2|Sigma70_r2,MerR,3.A.3,GH13_26,GT51,Response_reg,TetR_N,2.A.1,2.A.1,Peripla_BP_3|LacI,Peripla_BP_3|LacI,3.A.1,3.A.1,Response_reg|HisKA|HATPase_c|PAS,3.D.4,3.D.4,3.D.4,3.D.4,2.A.1,cNMP_binding,3.A.1,GT1,GT4,GT1,3.A.1,3.A.1,3.A.1,3.A.1,Guanylate_cyc,3.A.1,Rrf2,Pyr_redox_2,Guanylate_cyc,GT4
GH4,3.A.1,3.A.1,3.A.1,3.A.1,GH4
3.A.1,3.A.1,3.A.1,3.A.1,3.A.1,GH51,HTH_5,5.B.3
CBM48|GH13_11,2.A.21
3.A.1,3.A.1,3.A.1,3.A.1,AA3_2,3.A.1,3.A.1,3.A.1,3.A.1
3.A.1,3.A.1,3.A.1,3.A.1,3.A.1,GH3
GH20,3.A.1,3.A.1,3.A.1,3.A.1,3.A.1,2.A.1,GH94,GntR,2.A.21,Response_reg|Trans_reg_C,MarR,8.A.5,GerE,3.A.1,SBP_bac_1,3.A.1,3.A.1,2.A.3
3.A.1,3.A.1,3.A.1,9.B.34,9.B.15,TetR_N,Pribosyltran,PfkB,GT20,4.C.1,GH2,Glyoxalase,3.A.1,3.A.1,3.A.1,3.A.1,HTH_1|LysR_substrate,9.B.158,3.A.1,3.A.1,Peripla_BP_1,GntR,3.A.1,MarR,2.A.1
GH26,GT2,HTH_18,Glyoxalase,1.B.52,3.A.1
2.A.66,TPR_1,2.A.115,Rrf2,2.A.115,GH23,2.A.102
2.A.6,2.A.37,HTH_3,GT83
3.A.6,GT41
3.A.6,GT26,Peripla_BP_3|LacI,3.A.1,3.A.1,3.A.1,GH13_23,3.A.1
3.A.1,3.A.1,GT4,GT4,Glyoxalase,2.A.1
2.A.37,GT30,GntR,3.A.1,3.A.1
GT25,HisKA|HATPase_c,Response_reg|Trans_reg_C,2.A.7
GT51,2.A.109
1.A.26,HxlR,2.A.1,GT83,GT83,GT2,GT83
1.B.70,GH23
3.A.1,CBM50,2.A.7
GH25,Pribosyltran,AAA,2.A.76
CE4,3.A.1,9.B.34,3.A.1,4.F.1,5.A.3,NUDIX,2.A.86,2.A.86,Guanylate_cyc,9.B.62
2.A.21,GT2|GT2,GH8
3.A.1,3.A.1,3.A.1,9.B.18,GT4,1.B.18
3.A.1,3.A.1,3.A.1,3.A.1,AA3_2
5.A.3,Pyr_redox_2|NIR_SIR_ferr|NIR_SIR,2.A.1,3.A.1,ANTAR|Response_reg,HTH_5,2.A.56,2.A.56,GH23,3.A.1,3.A.1,3.A.1
3.A.1,3.A.1,Peripla_BP_2,CE1
GH3,2.A.64,CBM50,AAA,3.A.5,2.A.6
3.A.7,3.A.7,3.A.7,3.A.7,3.A.7,3.A.7,3.A.7,GH23
1.B.33,GT19
GH13_10,3.A.1,3.A.1,3.A.1,3.A.1
GH13_16,1.A.34,1.I.1
3.A.1,3.A.1,GH43_11,8.A.5,GH2,3.A.1,3.A.1,3.A.1,3.A.1
1.A.8,2.A.1,1.A.23,Response_reg|HATPase_c,2.A.1,SBP_bac_1,3.A.1,3.A.1,3.A.1,3.A.1,PTS-HPr,8.A.7,CE7
8.A.5,2.A.7,2.A.1,2.A.53,Response_reg,8.A.28,Guanylate_cyc,8.A.59,GH15
GH136,GH136,3.A.1
GH42,3.A.1,3.A.1,3.A.1,SBP_bac_1,HTH_5,AraC_binding,2.A.7
1.B.33,CE11,1.A.8,2.A.1,GT28,2.A.103,9.B.146
GH23,2.A.76,GH23,GH25,GH103,2.A.7,HTH_5,3.A.1,2.A.7
GT4,2.A.23,2.A.21,3.A.23,AsnC_trans_reg|HTH_CodY,Pyr_redox_2,HTH_1|LysR_substrate,HTH_5,2.A.1
2.A.19,GT8
3.A.1,3.A.1,3.A.1,HTH_5,Aminotran_1_2,3.A.1,3.A.1,3.A.1,8.A.59,3.A.1,GH13_23,3.A.1,3.A.1,3.A.1,3.A.1,3.A.1,PfkB,8.A.59,GT4
9.B.35,CE4,Pyr_redox_2,Response_reg|HisKA|HATPase_c|PAS,2.A.1,Peripla_BP_3|LacI,1.I.1,8.A.59,3.A.1,3.A.1,3.A.1,HTH_1|LysR_substrate,MarR,3.A.1,3.A.1,3.A.1,GT2,GT2,3.A.1,3.A.1,GT2|CE4,GT2
GH10,GT4,GT2,GT2,3.A.1,3.A.1,GH0,8.A.3,1.B.18
3.A.1,3.A.1,3.A.1,3.A.1,GH42,AraC_binding,3.A.1,3.A.1,3.A.1,3.A.1,MarR,3.A.1,3.A.1,3.A.1,SIS,PfkB,3.A.1,GH16_7,2.A.66,GT4,GT4,cNMP_binding,9.B.18,CbiA,GT0,1.B.18,GT8,GT2,cNMP_binding,9.B.18
1.B.6,3.A.16,TPR_2,2.C.1,1.A.30,1.A.30,GT8
CBM50,8.A.21,CBS|SIS,1.B.66,GH103
9.B.34,GH1,3.A.1,3.A.1,3.A.1,Peripla_BP_3|LacI,LacI,2.A.1,8.A.1,TetR_N,GyrI-like|HTH_18,2.A.109
2.A.121,HTH_6,3.A.1,3.A.1,3.A.1,3.A.1,Sigma70_r4,GH20,2.A.6,2.A.6,TetR_N,3.A.1,3.A.1,3.A.1,GntR,8.A.59,LacI,3.A.1,3.A.1,3.A.1,3.A.1,Peripla_BP_3|LacI,GH2,3.A.1,3.A.1,3.A.1,3.A.1
3.A.1,GH127,3.A.1,3.A.1,3.A.1,Peripla_BP_3|LacI,Aminotran_1_2,1.B.33
3.A.1,3.A.1,3.A.1,9.B.18,3.A.2,3.A.2,3.A.2,3.A.2,3.A.2,3.A.11,3.A.1,3.A.1,3.A.1,3.A.1,3.A.1,GH39
3.A.1,Pyr_redox_2,3.A.1,GH3
3.A.1,3.A.1,3.A.1,3.A.1,GH144,3.A.1,3.A.1,3.A.1,HTH_1|LysR_substrate,AsnC_trans_reg,GT4,GH2
CE9,SIS,GntR,3.A.1,3.A.1,MarR,2.A.1
GT51,Aminotran_1_2,DeoRC|HTH_DeoR,2.A.7,3.A.1,3.A.1,3.A.1,3.B.1,GerE|Autoind_bind,3.A.1,Glyoxalase,GT84|GH94,3.A.1,3.A.1,3.A.1,3.A.1,3.A.1,3.A.1,3.A.1,3.A.1
2.A.1,3.A.1,GH103,9.B.34,2.A.53,PfkB,2.A.1,4.C.1,4.C.1
2.A.1,GH103
1.A.33,GT51
3.A.7,3.A.7,3.A.7,3.A.7,3.A.7,2.A.76,MarR,3.A.1,3.A.1,3.A.1,HTH_1|LysR_substrate,ACT,9.B.97,GH5_5
8.A.5,HTH_1|LysR_substrate,8.A.5,GT81,1.A.12
3.A.7,3.A.7,GH0,GerE|Autoind_bind,1.B.52,GntR,3.A.1,3.A.1,3.A.1,3.A.1
GT2,9.B.18,GT26,GH141|GH141,GT2,GT4,GT4
3.A.1,3.A.1,3.A.1,3.A.1,3.A.1,GH33
