3.A.1,1.B.1,LysR_substrate|HTH_1,2.A.86,9.B.160,2.A.47,GGDEF,LysR_substrate|HTH_1,2.A.7,8.A.5,3.A.1,3.A.1,3.A.1,LysR_substrate|HTH_1,AA3_2,HTH_DeoR|DeoRC,3.A.1,3.A.1,3.A.1,3.A.1
2.A.1,GT2,2.A.1
3.A.1,3.A.1,3.A.1,3.A.1,1.B.14,HTH_18|AraC_binding,3.A.1,GH127,3.A.1,3.A.1,SBP_bac_1,HTH_18|AraC_binding,2.A.1
3.A.1,Trans_reg_C|Response_reg,HisKA|HATPase_c,Trans_reg_C|Response_reg,GT9,GT9
2.A.1,1.B.52,Trans_reg_C|Response_reg,HisKA|HATPase_c,2.A.6,2.A.6,2.A.6,GH44,AA7,1.A.23
2.A.49,8.A.5,2.A.23,LysR_substrate|HTH_1,HTH_DeoR|DeoRC,GH33,1.B.1
2.A.1,3.A.1,3.A.1,3.A.1,2.A.59,Glyoxalase,HTH_5,2.A.4,GT51,2.A.6,2.A.6
2.A.50,1.B.55,4.D.3,4.D.3,GT2,2.A.1
GH63,GH133,Peripla_BP_1|LacI,3.A.1,3.A.1,3.A.1,PfkB,3.A.23,2.A.8,9.B.34,SBP_bac_1,2.A.1,1.B.1,2.A.1,GntR,2.A.1
GH3,3.A.1,3.A.1,3.A.1,SBP_bac_1,Peripla_BP_3|LacI,3.A.1,GH1,3.A.1,3.A.1,3.A.1,Peripla_BP_3|LacI,1.B.1
9.B.34,2.A.6,2.A.6,2.A.6,GH35,GH36,3.A.1,2.A.1,SBP_bac_3,9.B.34,LysR_substrate|HTH_1,LysR_substrate|HTH_1,2.A.1
3.A.1,8.A.21,8.A.21,HTH_IclR|IclR,1.B.1,AA3_2,2.A.1,TetR_N,1.A.34,Trans_reg_C|Response_reg,HisKA|HATPase_c,LysR_substrate|HTH_1,8.A.5,HTH_18,HTH_18,2.A.1
3.A.1,GntR,CE9,SIS,4.A.1,4.A.1,3.D.4,3.D.4
GH39,HTH_18,9.B.18,8.A.3,GT4,1.B.18,GT4,9.B.97,GT0,GT0
8.A.3,1.B.18,GT2,9.B.18,cNMP_binding,GH2
GT4,GT4,GT4,9.B.97,GT87
GT81,2.A.50,3.A.1,GT4,GT4|GT4,GT4,9.B.146,9.B.18,GT0
GT4,2.A.122,GT9,GT30
1.B.1,3.A.1,3.A.1,3.A.1,3.A.1,Trans_reg_C|Response_reg,HisKA|HATPase_c,9.B.34,3.A.1,3.A.1,3.A.23,3.A.23,GT20,2.A.1
3.D.6,TetR_N,GH15,3.A.12,1.I.1,Rhodanese,GT2,3.A.1,GT2,GT2,GT4,GT2
1.B.33,GT19,8.A.7,8.A.21,2.A.7,CBS,Peripla_BP_1,3.A.1,3.A.1,MarR|AsnC_trans_reg,2.A.3,Aminotran_1_2,GntR,2.A.39,CE4,9.B.43,9.B.35,LysR_substrate|HTH_1,3.A.1,3.A.1,3.A.1,3.A.1,3.A.1,1.B.39,3.A.1,3.A.1,3.A.1,3.A.1
GT51,2.A.6,2.A.6,2.A.6,TetR_N,2.A.49,2.A.98
1.A.35,3.A.1,3.A.1,3.A.1,3.A.1,PfkB,1.B.52,2.A.53,GH1,3.A.1,3.A.1,3.A.1,3.A.1,Peripla_BP_3|LacI,HTH_IclR|IclR,Citrate_synt,2.A.1,1.B.1,2.A.6
GT4,GT20,1.A.23,8.A.28
GT83,2.A.7,GT2,3.A.7,2.A.20
4.C.1,1.B.1,TPR_2,2.A.1,4.C.1,AA4
1.A.11,LysR_substrate|HTH_1,4.C.1,HTH_IclR|IclR,8.A.1,2.A.6,2.A.6,GT102
GT21,GT5,3.A.1
2.A.40,2.A.1,LysR_substrate|HTH_1,2.A.75,GT2,GT0
3.A.1,3.A.1,3.A.1,3.A.1,3.A.16,9.A.55,GH23
GT4,3.A.1,GT20
4.F.1,GT104,3.A.23,GH3
3.A.1,3.A.1,3.A.1,GH103
2.A.1,GT9
GT2,AAA,2.A.39
GT0,8.A.3,1.B.18,9.B.18,Glyoxalase,1.B.42,3.A.1
3.A.5,CE11
GT28,2.A.103,9.B.146
1.B.22,GT51,9.B.21,2.A.1,9.B.14,5.A.1
9.B.211,GT2,3.A.1,3.A.1,3.A.1,3.A.1,3.A.1,1.E.40,GT2,2.A.122,1.E.14,LysR_substrate|HTH_1,9.B.153,AA3_2
3.A.6,3.A.6,3.A.6,3.A.6,3.A.6,3.A.6,GH73
1.B.52,CheW,HATPase_c|CheW|CheY-binding|H-kinase_dim,Response_reg,1.A.30,1.A.30,FlhC,FlhD,GT4,1.A.8
8.A.5,GT41
3.A.1,3.A.11,SBP_bac_3,4.C.1,3.A.2,3.A.2,3.A.2,3.A.2,3.A.2,3.A.2,3.A.2,2.A.45,CbiA,3.A.1,3.A.1,3.A.1,3.A.1,3.A.1,3.A.1,3.A.1,3.A.1,3.A.1,AA3_2
9.B.10,GH23,1.B.22,3.A.15,3.A.15,3.A.15
2.A.7,3.A.1,3.A.1,3.A.1,2.A.4,LysR_substrate|HTH_1,2.A.6,2.A.6,1.B.17,3.A.1,3.A.1,3.A.1,2.A.55,FlhC,FlhD,2.A.1,5.A.3,5.A.3,5.A.3,HTH_3,2.A.1,3.A.7,Trans_reg_C|Response_reg,GT0,1.B.52,CheR|CheR_N,CheD,CheW,TetR_N,3.B.1
GT2,GH37,2.A.47,2.A.17,GntR|Aminotran_1_2,LysR_substrate|HTH_1,1.B.1,9.B.126,5.A.3,5.A.3,5.A.3
2.A.1,1.A.78,2.A.1,4.C.1,3.A.1,AA3_2,TetR_N,1.B.1
GT2,2.A.6
3.A.1,3.A.1,Peripla_BP_1,GH10
GH78,Citrate_synt,9.B.157,2.A.1
CBM32,2.A.10,HTH_IclR|IclR,2.A.6,2.A.1,2.A.1,TetR_N,TetR_N,3.A.7,3.A.1,3.A.1,3.A.1,GT9,Pyr_redox_2,3.A.1,2.A.1
GT4|GT4,9.B.97,GT4,GT4,GT2,8.A.3,1.B.18,9.B.18
3.A.1,3.A.1,3.A.1,3.A.1,3.A.1,3.A.1,3.A.1,1.B.1,2.A.1,GH31,3.A.1,MarR,2.A.85,8.A.1,2.A.6,GT51
GH13_3|GH13_3,GH13_16,CBM48|GH13_9,GH13_11,GH13_10,GH77,GH13_26,9.A.40
3.A.1,3.A.1,2.A.6,3.A.1,3.A.1,3.A.1,3.A.1,GntR|Aminotran_1_2,3.A.3,1.B.52,GT51,1.B.1,9.B.20
3.A.1,3.A.1,3.A.1,HTH_IclR|IclR,GT41
1.B.1,AA3_2,cNMP_binding|GntR,2.A.1
2.A.6,GerE|Response_reg,HATPase_c|dCache_2,2.A.114,LysR_substrate|HTH_1,2.A.39,GT2,2.A.7,cNMP_binding,CBM50
CBM50,Aminotran_1_2,2.A.1,GT35,1.B.1,3.A.1,3.A.1,3.A.1
3.A.1,3.A.1,2.A.1,2.A.102,LysR_substrate|HTH_1,9.B.72,LysR_substrate|HTH_1,2.A.1,CBM32
GH3,1.B.20
GT21,B12-binding,GT4,HTH_IclR|IclR,3.A.1,3.A.1,3.A.1
1.B.1,GH42,3.A.1,3.A.1,SBP_bac_1,3.A.1
GT87,TPR_2|TPR_1,LysR_substrate|HTH_1,8.A.5,LysR_substrate|HTH_1,2.A.1,2.A.76,2.A.7
9.A.25,3.A.1,3.A.1,3.A.1,3.A.1,GH51,GntR,3.A.1
5.A.3,Pyr_redox_2|NIR_SIR_ferr|NIR_SIR,Trans_reg_C|Response_reg,2.A.1,2.A.86,2.A.6,2.A.37,LysR_substrate|HTH_1,HTH_18|AraC_binding,AA2,3.A.1,3.A.1,3.A.1,3.A.1,3.A.1,MerR,2.A.53
GT41,GT2,CbiA,1.B.55,GH8,4.D.3,1.B.14
2.A.49,MarR,CBS,GT2
2.A.6,CE4,9.B.34,CheW|Response_reg,3.A.1,3.A.1,3.A.1,3.A.1,HTH_18|AraC_binding,LytTR|Response_reg,9.B.33
3.A.1,GH42,SBP_bac_1,3.A.1,3.A.1
1.A.30,1.A.30,9.B.34,9.B.34,HTH_6|SIS,3.A.1,3.A.1,3.A.1,3.A.1,CBM48|GH13_11,MCPsignal,3.A.1,3.A.1,3.A.1,3.A.1,1.A.34,2.A.3
2.A.1,Peripla_BP_3|LacI,3.A.1,3.A.1,3.A.1,3.A.1,GH31,9.B.34
