GH23,9.A.40
GT19,1.B.33
3.A.3,2.A.115,GT30,4.C.1
1.B.14,GH23
9.A.4,3.A.1,3.A.1,3.A.1,3.A.1,3.A.1,3.A.1,GH3
2.A.103,9.B.34,GT51,9.B.34,4.C.1,GT51,9.B.34,9.B.34,2.A.80,8.A.59,LytTR|Response_reg,2.A.5,2.A.78
GT2,3.A.1,3.A.1,3.A.1,3.A.1
9.B.42,TPR_2,GT26,GT2,GT4,GT11,GT25,2.A.1,3.A.1,GT4,GH148,CbiA,1.B.18,9.B.18,cNMP_binding,8.A.7
GT41,2.A.4
GH102,9.B.186,3.A.1,3.A.1,3.A.1,2.A.6,2.A.6,2.A.109,1.E.40,2.A.28,9.B.34,9.B.34
CBM50,3.A.11
9.B.67,GT4
9.B.157,2.A.102,AA3_2,3.A.1,3.A.1,2.A.95,1.B.52,9.B.34,ANTAR|Response_reg,MASE1,2.A.1,8.A.1,MarR,9.B.34,1.B.52
GH23,1.B.14,Glyoxalase,AsnC_trans_reg|MarR,9.A.40
3.A.15,3.A.1,3.A.1,GT2
9.B.146,2.A.103,GT28,CE11,3.A.1,3.A.15,3.A.15,1.B.22
3.A.9,2.A.16,Aminotran_1_2,GH103
2.A.88,2.A.1,GT51,1.B.22,HD,3.A.1,3.A.1,3.A.1,GH23,1.A.33
GT104,2.A.40,CE4
2.A.6,2.A.6,2.A.7,2.A.28,Pyr_redox_2,IclR|HTH_IclR,2.A.1,CBS,9.B.34,CBM50
3.A.1,3.A.1,3.A.1,GT2,GT83,GT83
1.E.33,GH23
