GT2,GT2,Pyr_redox,GT2,3.A.1,3.A.1
GH13_10,GH13_26,CBM48|GH13_11,4.F.1,GT4
1.A.62,2.A.1,HTH_5,GH33
3.A.1,GT5
GT2,2.A.64
GH13_11,GH13_3,CBM48|GH13_9,CE9,3.A.2,3.A.2,3.A.2,3.A.2,9.B.146
GT20,Peptidase_M23,9.A.40,9.A.40
5.A.3,5.A.3,GH29
8.A.5,PALP,Peripla_BP_3|LacI,3.A.1,3.A.1,3.A.1,GH13_30,2.A.7
GT4,CE14,3.A.1,9.B.27,HTH_3,GH65
GH35,3.A.1,3.A.1
3.A.1,GerE|Response_reg,GH18
GH2,9.B.97
GH38,FHA,FHA,SpoIIE,2.A.103,9.B.106,9.B.106,2.A.40,3.A.1,Sigma70_r4,SBP_bac_1,3.A.1,3.A.1,GH136
GT2,Sigma70_r4,2.A.1,2.A.40
2.A.23,4.A.1,4.A.1,GntR,4.A.1,4.A.7,4.A.7,GH35|GH20,2.A.116,Response_reg,GH0,3.A.1,3.A.1,SBP_bac_1,2.A.114
9.A.15,HMA,3.A.3,1.A.16,Pyr_redox_2,Aminotran_1_2,GH16,GH36,3.A.1,3.A.1
8.A.5,3.A.1,3.A.1,SBP_bac_3,2.A.49,3.A.1,3.A.1,TetR_N,GH3,2.A.14,1.A.11,1.A.28
2.A.52,3.A.1,3.A.1,TetR_N,3.A.25,Pyr_redox_2,GH125,GT0,GT0,GT2,3.A.1,GT4
9.B.27,2.A.23,2.A.1,3.A.1,2.A.86,2.A.3,MarR,2.A.1,GT51
3.A.1,GerE|Response_reg,2.A.109,GH3,TrkA_C,2.A.37,2.A.89,2.A.6,9.B.104
GT4,GT4,3.A.1,9.B.18
3.A.7,GH1,2.A.6,GH33,2.A.1,Aminotran_1_2,2.A.17
1.C.82,GH5_18
2.A.1,3.A.1,2.A.86,CE14,1.C.113
3.A.1,GH20,2.A.3
3.A.1,GT35,3.A.1,3.A.1,SBP_bac_1,1.A.23,3.A.1,3.A.1
9.B.146,2.A.103,GT28
