3.A.1,SBP_bac_1,3.A.1,3.A.1,AA3_2,Pyr_redox_2,4.C.1
CBM50,AAA,2.A.6
9.B.8,GT32|GT62
GT51,9.B.186,1.I.1,9.B.34
8.A.5,AA3_2,3.A.1,3.A.1,3.A.1,3.A.1,3.A.1,3.A.1,2.A.69
GT19,1.B.33
GT4,9.B.18
9.A.25,LysR_substrate|HTH_1,3.A.1,3.A.1,3.A.1,9.A.25,GntR,3.A.1,3.A.1,LysR_substrate|HTH_1,Aminotran_1_2,2.A.40,MarR,3.A.1,3.A.1,3.A.1,SIS,PfkB,3.A.1,2.A.40,3.A.1,3.A.1,3.A.1,3.A.1,3.A.1,9.B.14,3.A.1,GT84|GH94,9.A.5
2.A.7,LysR_substrate|HTH_1,GT30,2.A.66
2.A.59,HTH_5,2.A.1,CE1
2.A.47,2.A.1,3.A.1,HTH_5,CBM50,2.A.7
GH23,1.B.70,1.B.70,Aminotran_1_2,3.A.1,3.A.1,TetR_N,SpoVT_AbrB,3.B.1,2.A.115,3.A.1
3.A.1,3.A.1,3.A.1,3.A.1,GH13_23,GH13_11,GT5,CBM48|GH13_9,GT35,3.A.1,3.A.1,3.A.1
4.C.1,HTH_18,3.A.1,3.A.1,3.A.1,3.A.1,3.A.1,SIS,EPSP_synthase,HTH_6|SIS,5.A.3,Pyr_redox_2|NIR_SIR|NIR_SIR_ferr,2.A.1,3.A.1,Response_reg|ANTAR,2.A.6,2.A.6,TetR_N,GT25
GT26,GT0,HTH_1,3.A.1,3.A.1,3.A.1
3.A.1,3.A.1,3.A.1,SBP_bac_3,3.A.1,3.A.1,3.A.1,TOBE,3.A.1,3.A.1,3.A.1,Pyr_redox,Aminotran_1_2,Aminotran_1_2,1.A.22,2.A.21,Response_reg|GerE,2.A.66,9.B.34,GT2,3.A.1
3.A.7,3.A.7,3.A.7,3.A.7,3.A.7,3.A.7,GH23
2.A.4,2.A.7,GH103
3.A.1,3.A.1,3.A.1,3.A.1,GH3
2.A.37,GT51
8.A.5,3.A.1,3.A.1,3.A.1,3.A.1,Peripla_BP_1|LacI,FUR,3.A.1,3.A.1,3.A.1,3.A.1,3.A.1,GH13_23,3.A.1,3.A.1,3.A.1,LacI|Peripla_BP_3,GntR,5.B.1
2.A.28,GH3,2.A.6,1.B.12
CE9,3.A.1,3.A.1,3.A.1
8.A.5,1.B.14,3.A.3,ACT|HD,2.A.66,GT2
3.A.1,3.A.1,3.A.1,3.A.1,SBP_bac_5,GntR,CE4
3.B.1,2.A.88,HTH_3,GH103,EAL|PAS|GGDEF,3.A.5,9.B.34,1.A.46,3.A.1,9.B.124
3.A.1,3.A.1,3.A.1,3.A.1,3.A.1,8.A.5,2.A.1,LysR_substrate|HTH_1,HTH_5,AA7
2.A.1,GT2,Peripla_BP_1,3.A.1,3.A.1,IclR|HTH_IclR,3.A.1,3.A.1,3.A.1,3.A.1,3.A.1,2.A.76
9.B.34,3.D.10,GT25,3.D.10
1.B.18,9.B.18,GT2,GH16_21,GT4,GT4,2.A.66,GT0,GT2,GT2,GT2,8.A.3,PAS,9.B.97,LysR_substrate|HTH_1,3.A.1,3.A.1,3.A.1,3.A.1,3.A.23
GT2,GH99,1.B.12
2.A.6,2.A.6,GH23,HATPase_c|Response_reg|HisKA,GT51
3.A.1,3.A.1,3.A.1,Sigma70_r2|Sigma70_r4,3.A.1,3.A.1,3.A.1,3.A.1,2.A.7,1.B.6,2.A.76,3.A.16,2.C.1,2.C.1,1.A.30,1.A.30,GH5_39
2.A.109,AAA,GH25
3.A.1,3.A.1,3.A.1,AA3_2,8.A.5,Sigma70_r4_2,3.A.1,3.A.1,Peripla_BP_1,3.A.1,3.A.1
GT2,GT2,Peripla_BP_2,3.A.1,3.A.1,2.A.1,2.A.76
3.A.1,3.A.1,3.A.1,3.A.1,CE4,9.B.35
1.B.4,2.A.56,2.A.56,2.A.56,2.A.56,9.B.34,3.D.2,3.D.2,3.D.2,2.A.76,TPR_1|TPR_2,GH5_48,HTH_18|AraC_binding,2.A.1
3.A.1,3.A.1,3.A.1,3.A.1,AA3_2,3.A.1,3.A.1,3.A.1,3.A.1,3.A.1
GH103,Nitroreductase,1.B.66,CBS|SIS,TetR_N,8.A.21,CBM50,4.A.5,4.A.5
GH23,3.A.6,3.A.6
GT51,LysR_substrate|HTH_1,3.A.1,3.A.1,3.A.1,3.A.1,9.B.143
GT4,3.A.1,3.A.1,3.A.1
GT4,2.A.123
3.A.7,3.A.7,3.A.7,3.A.7,3.A.7,3.A.7,3.A.7,GH23
3.A.1,3.A.1,CE4
3.A.1,3.A.1,3.A.1,3.A.1,3.A.1,Pyr_redox,9.B.34,GT2|CE4,GT2,GT2,GH16_5
3.A.1,3.A.1,3.A.1,3.A.1,3.A.1,3.A.1,3.A.1,GT51,1.B.33,SBP_bac_5,3.A.1,3.A.1,3.A.1
3.A.1,3.A.1,3.A.1,3.A.1,GT83,2.A.123,GT2,3.A.1,3.A.1,3.A.1
2.A.7,GH103,GH25,2.A.7,GH23
9.B.146,2.A.103,GT28
CE11,1.B.33
3.A.1,3.A.1,3.A.1,3.A.1,3.A.1,GH33,HTH_11|AsnC_trans_reg,3.A.1,3.A.1,SBP_bac_1,3.A.23,2.A.21,SBP_bac_1,GntR,HTH_3|AraC_binding,3.A.1,3.A.1,3.A.1,3.A.1,3.A.1,3.A.1,3.A.1,3.A.1,3.A.1
3.A.1,3.A.1,3.A.1,3.A.1,3.A.1,ANTAR,3.A.1,CE4,3.A.1,3.A.1,3.A.1,3.A.1,Aminotran_1_2|GntR,9.B.34,3.A.1,IclR|HTH_IclR,3.A.1,3.A.1,3.A.1,3.A.1,3.A.1,3.A.1,SBP_bac_1,LysR_substrate|HTH_1,3.A.1,3.A.1
8.A.1,3.A.1,9.B.34,3.A.1,3.A.1,3.A.1,GH23
GH144,2.A.6,Response_reg|Trans_reg_C,2.A.21
