GT4,PadR,2.A.1,MerR,Pyr_redox,GT2,GT89,CE1,CE1,CE5,4.C.1,3.B.1,GT53,GT53,HTH_3,GT85
GT2,GT2,GT2,GT2,3.A.1
9.B.143,Aminotran_1_2,2.A.5,HhH-GPD,GH5
GH65,9.A.55,HTH_5,2.A.4,2.A.1,4.C.1
GH43_3,3.A.1,TetR_N|TetR_C,GT51
2.A.37,Pyr_redox_2,2.A.1,2.A.1,3.A.1,LacI|Peripla_BP_3,GH15
3.A.1,3.A.1,GH65
GT20,3.A.1,2.A.7
4.C.1,GT4,GH0
9.B.149,CE1,1.A.1,2.A.38,2.A.38,MarR,3.A.9,GH13_16,GT2
GT39,2.A.25
9.B.18,2.A.108,2.A.108,GH23
CE14,1.A.23,1.C.113
2.A.1,GT87,NUDIX,SBP_bac_5,CE14
4.C.1,2.A.3,4.C.1,GT81,GT5,Sigma70_r2|Sigma70_r4_2,9.B.160,2.A.64,3.A.1,GH23,1.A.26,3.A.1,3.A.1,3.A.1,3.A.1,2.A.1,2.A.16,1.A.35
2.A.1,HTH_1|LysR_substrate,2.A.1,Pyr_redox_2,CE1
CE1,4.C.1,MarR,4.C.1,GH77
2.A.14,3.A.3,GH65
3.A.1,GH13_30
9.B.106,GT1,3.A.1,3.A.1,3.A.1,3.A.1
5.A.3,GT87
4.F.1,GT4
2.A.3,STAS,GT2,SpoIIE|GAF,GH26
3.A.3,2.A.1,2.A.53,GH15,4.C.1
2.A.102,GT2
GH1,2.A.76,3.D.10
CBM48|GH13_11,GH13_26,3.A.1,GerE|FHA,1.A.26
GH13_10,2.A.1
GT28,2.A.103,9.B.146
9.B.106,Glucokinase,3.A.4,GT4
3.A.1,GH15,1.A.8
3.A.1,CBM48|GH13_11,ACT,3.D.4
3.A.24,3.A.24,TetR_N,CE1
3.A.1,CE1,4.C.1,4.C.1,4.C.1,4.C.1,4.C.1,2.A.1,4.C.1,4.C.1,4.C.1,3.B.1,TetR_N,HTH_8,4.C.1,2.A.1,2.A.3,GAF,AA3,GT2
4.C.1,HTH_18,GT4,HxlR,2.A.1,CE14
GT4,9.B.67,9.B.18
GT2,9.B.142,MarR,2.A.1
4.C.1,GT51
GT4,Pyr_redox_2,Pkinase,3.A.1,3.A.1,3.A.1,3.A.1
3.A.9,1.A.29,MarR,Glyoxalase,HTH_18,GT87,2.A.78
3.A.1,3.A.1,3.A.1,CBS,CE5,2.A.1
8.A.58,GT51
GT51,3.A.1,3.A.1,3.A.1,3.A.1
5.B.1,HTH_8|GAF,GH63,3.D.4
