GT2,GT4,3.A.16
3.A.1,3.A.16,Response_reg,2.A.102,3.D.10,GT0,1.B.33
2.A.51,8.A.3,3.A.1,3.A.1,GT2,GT2,GT2,GT2,GT4,GT4,GT4,GT4,GT4,GT2,GT4
3.E.2,3.E.2,CbiA,GT2
2.A.37,MarR,GT2|GT2,GH8,TPR_2,2.A.66
1.C.82,GT2,3.A.1,3.A.11,1.B.22,3.A.1
9.B.18,GT4,9.B.125,Rrf2,2.A.49,EAL,2.A.53
3.A.1,GT4,PL9,3.A.9
1.A.13,Fez1,GT19
8.A.3,3.A.1,3.A.1,GT2,GT2,GT4,GT2,GT4,GT4,9.B.18,9.B.27
3.A.1,GT4,GH65
3.A.15,GerE|ATPase_2|TPR_2,3.A.1,GT1
GT2,9.B.174,TetR_N,3.A.1,3.A.1,3.A.1
3.A.1,GT76
3.E.2,3.E.2,3.E.2,3.E.2,CE4,Peptidase_M23,3.A.1,3.A.1,TetR_N,TPR_1,1.A.4
3.D.9,3.D.1,TPR_2,GH102,9.B.149,Glyoxalase,1.B.23,3.A.1,3.A.1,3.A.1,4.A.2
3.A.1,SpoIIE,3.A.5,9.B.150,GT2,GT2
2.A.71,3.A.1,3.A.1,LysR_substrate,3.D.1,CBM50
GT4,2.A.6,3.A.11,3.D.1,3.D.1,3.D.1
3.A.1,HisKA|PAS|HATPase_c,GH74|CBM1
GT4,GT2,8.A.3,GT26,3.A.1
3.A.1,TPR_2|TPR_1,Response_reg,GT4,GT4,GH0
GT28,GT4,GT2,3.A.1
1.B.23,3.E.2,GH102,HATPase_c|Pkinase|HisKA|PAS|GAF,8.A.21
2.A.27,CE9,1.A.11,GH38
3.D.4,3.D.4,TPR_1,3.D.1,TPR_1,GT5,CBM48|GH13_9
3.A.1,NUDIX,GH77
GT4,Reg_prop,GT4,3.A.1,3.A.1,Aminotran_1_2,3.A.1,TPR_1,1.A.33,GT4
3.D.1,3.D.1,3.D.1,3.D.1,PALP,1.B.23,GH73,2.A.21
3.D.4,3.D.4,GT4,Sigma70_r4_2|TPR_2,3.A.9
3.A.1,3.A.1,HisKA|HATPase_c,3.A.1,3.A.1,3.A.1,SBP_bac_1,4.C.1,AraC_binding,3.A.1,CE4,1.A.30,3.A.1
8.A.59,1.B.33,CE11,GT19
3.A.1,GT83
GT51,3.A.1
3.A.1,TPR_1,HisKA,GH5_1|CBM2
3.A.1,GT4,8.A.59
3.A.1,GH57,9.B.146
9.B.10,GT4
GT51,2.A.4
GT2,8.A.5
GH3,9.B.10
3.A.1,3.A.3,2.A.36,3.A.1,3.A.1,GT2
3.A.1,2.A.103,GT35
1.I.1,ATPase_2,2.A.64,CBM50,1.E.40,1.A.30,8.A.5,2.A.1
GT51,9.B.106,SpoIIE,3.D.1,3.D.10,TPR_1,1.B.23,1.B.23
1.C.39,2.A.16,GT39,3.A.1,HTH_18,3.A.20
GT4,3.A.1,GT4,GT10,2.A.63,2.A.63,2.A.63,2.A.63,2.A.63,2.A.63,2.A.63
2.A.86,TPR_1,2.A.56,3.A.1,TPR_1,GH116,NUDIX,3.A.1,3.A.1,3.A.1
2.A.7,Pyr_redox_2,8.A.28,GT4
3.A.3,3.A.3,3.A.3,1.B.18,3.A.1,GT26
2.A.42,GT21,GT2,3.A.1,3.A.1
GT2,GT2,2.A.4
3.A.20,TPR_2|TPR_1,Response_reg,Response_reg,CheW,1.B.52,Response_reg|H-kinase_dim|CheW|HATPase_c,3.A.1,3.A.1,3.A.1,8.A.3,GT4,GT4,GT4,GT4,GT2,GT2,GT4,2.A.66,GT26
GT2,3.A.25,9.B.149,9.B.99
3.D.1,SBP_bac_1,GT4
8.A.3,Aminotran_1_2,9.B.18,GT4,GT4,GT4,GT4,9.B.18
9.B.160,GT9,GT4,3.D.3,3.D.3
GT4,GT2,3.A.1,GT2,2.A.109
3.A.1,GT4,4.C.1
3.A.1,3.A.15,3.A.9,GerE,FUR,3.A.1,3.A.1,GT4
1.B.52,Glyoxalase,GH13_20
GT83,3.A.1
1.A.1,CE4,Response_reg,Response_reg,CheW,1.B.52
GT4,NUDIX,3.A.1
GT2,9.B.142
9.B.142,3.A.1,8.A.7,GT2,GT2,GT2,GT0,HTH_5,3.A.3,1.B.14,3.A.1,GH100
GH133,Pkinase,2.A.37
GT4,8.A.3,3.A.1,GT2,GT2,GT2,GT4,GT2,8.A.3,9.B.18,3.A.1
GH57,9.B.142,Pkinase,2.A.41,3.A.11
2.A.1,2.A.59,FHA,8.A.3,GT0,GT5,GT4,GT26,GH10,9.B.18,PIG-L,3.A.1,3.A.1,3.A.1,3.A.1
3.A.2,GT2,GT4,Pkinase,9.B.106
3.A.1,GH57,GH23
1.B.23,GT4,3.A.7,GT2
GT26,3.A.1
1.A.1,TetR_N,HTH_18,3.D.1,GT4,GT4,GT2
1.B.6,GH0,2.A.21,Response_reg|HisKA|HATPase_c,TPR_2|TPR_1,3.D.3,3.D.3
