2.A.37,3.D.4,3.D.4,3.D.4,3.A.3,5.A.1,cNMP_binding|Crp,GH73,2.A.76,Rhodanese,9.B.97,LysR_substrate|HTH_1,1.B.52,1.B.3,2.A.6,8.A.1
GT81,GH13_18,2.A.66,2.A.95
GT2|GT4,9.B.34,GAF|PHY|Response_reg,Pribosyltran,3.A.1
2.A.40,CE4,TetR_N,9.B.35,9.B.35,9.B.43
GH158,8.A.5
3.A.15,3.A.15,NUDIX,3.A.5,1.A.34,CE11,GT28,2.A.103,9.B.146
GH28,1.B.14,GT4,4.D.2,GH2
GT4,GT4,2.A.6,9.B.34
GT2,GT4,GT4,8.A.3,9.B.18,Sigma70_r2|Sigma70_r4_2,LytTR,2.A.7,LysR_substrate|HTH_1,2.A.20,3.A.1,3.A.1,3.A.1,ACT,9.B.34
1.B.14,HD,1.B.25,9.B.106,2.A.1,8.A.5,Glycos_trans_3N,5.A.3,Pyr_redox_2|NIR_SIR_ferr|NIR_SIR,2.A.53,CBM48|GH13_9,SpoIIE|Pkinase,1.A.16,NIT|ANTAR,MerR,1.B.14
CBM50,Sigma70_r3|Sigma70_r2|Sigma70_r4,9.B.110
2.A.115,2.A.1,CE9,SIS,Peripla_BP_3|LacI,1.B.14,GH20
GH3,1.B.14,2.A.35
GT51,3.A.11,1.B.22,SKI,9.B.34
2.A.21,8.A.59,1.A.11,GH0,GT4,GT0
1.B.52,2.A.36,GT30,GT4,1.A.23,2.A.19
3.A.11,CBM9,HATPase_c|HTH_18|HisKA|Y_Y_Y|Response_reg,3.A.1,3.A.1,MCPsignal|PAS,Peripla_BP_3|LacI,2.A.2,GH1,3.A.1,3.A.1,3.A.1,3.A.1,1.B.14,1.B.14,Pyr_redox,2.A.1,GH3,2.A.4,8.A.1
GH16_3|CBM56|CBM6,Pyr_redox_2,1.B.14
GH3,1.B.14
1.B.14,1.B.14,GH16_21,GH3,8.A.59
3.D.2,3.D.2,3.D.2,HTH_IclR|IclR,PL1_2,CE8|PL1_5
1.B.22,3.A.15,3.A.15,3.A.15,3.A.15,3.A.15,3.A.15,AA6
1.A.62,AAA,LysR_substrate|HTH_1,2.A.1,1.B.33,9.B.22,GH43_2,2.A.53
2.A.38,2.A.38,CBM50,3.A.11,1.B.39,GT2,GT2
GT9,GT9,9.B.34,Aminotran_1_2,Rhodanese,9.B.104,9.B.34
3.A.1,3.A.1,3.A.1,3.A.1,2.A.6,2.A.36,8.A.1,2.A.85,2.A.8,SKI,Peripla_BP_1|LacI,1.B.14,2.A.79,CE8,GH28,GH43_10,GH105,1.B.14,CE12,CE12,PL1_2
GH95,TetR_N,8.A.1,2.A.6,1.A.35,1.A.23,HTH_5,2.A.59,2.A.53,2.A.3,9.B.34,2.A.16,1.A.26,2.A.7
GH51,GH43_29,GH43_4,2.A.2,GH43_26,GH146,9.B.124,GH43_5,GH43_26,2.A.21,GntR,2.A.102,Peripla_BP_3|LacI,2.A.21,1.B.14,GH43_26|GH2,GH2,3.A.7,HTH_18,9.B.97,GH43_31,9.B.157,9.B.157,9.B.157
2.A.21,GT5
2.A.6,2.A.6,GH10,1.B.14,GH9,HTH_AraC|Peripla_BP_1|Peripla_BP_3|HTH_18,GH43_12,GH115,GH43_1,2.A.1,GH2,Sigma70_r2|Sigma70_r4_2,GntR,1.B.14,GH67,2.A.56,2.A.56,Peripla_BP_3|LacI,2.A.1,GH37
GH30_3,GH5_47|CBM6,1.B.14,GH3,HTH_18,9.B.34,1.B.6
8.A.59,Pyr_redox_2,CBS,GT83,GT2
GT2,GT2|GT4,GT2,GT4,9.B.18
8.A.5,GH13_15,1.B.70,4.C.1
3.D.4,3.D.4,3.D.4,3.D.4,1.B.14,GH97,HTH_8|Response_reg,HATPase_c,GT0
GH1,Fe_dep_repress,1.B.48
CE9,2.A.1,2.A.122,Response_reg,PAS,1.B.52,dCache_1,1.I.1,9.B.42
3.A.1,3.A.1,9.B.14,9.B.14,TPR_2,3.A.1,2.A.17,8.A.4,3.A.1,1.B.18,9.B.146,GT2,3.A.11,9.B.34
1.B.33,GT19,9.B.34,2.A.37,GH23
GT56,3.A.23,2.A.21,3.A.23,3.A.6,3.A.6,3.A.6,3.A.6,3.A.6,1.A.104,3.A.5
1.B.14,1.B.14,GH43_29,1.B.14,CE8,1.B.14,Fer4,1.A.62,3.A.1,1.I.1
GT2,GT4,GT4,GT4,3.A.1,GT2,GT4
1.B.33,CBS,AA2,1.B.52,3.A.1,3.A.1
GH13,4.C.1,GH103,5.A.2,2.A.34
GH23,3.A.1
PL1_5|CBM13,2.A.1
GH95,1.B.14,GH35,GH31
8.A.5,1.B.14,Peripla_BP_3|LacI,NUDIX,Peripla_BP_3|LacI,2.A.21,GH130
9.B.34,Pyr_redox_2,CE2,CE8,9.B.8,3.A.23,2.A.7
GH77,CBM48|GH13_9,CBM48|GH13_11,2.A.25
3.D.10,3.D.10,1.B.14,1.B.14,CBM41|GH13_13,GH16_3
GH13_38,GH13,2.A.2,GH13_2
2.A.37,3.D.4,3.D.4,3.D.4,3.A.3,5.A.1,cNMP_binding|Crp,GH73,2.A.76,Rhodanese,9.B.97
