8.A.5,SIS|HTH_6,2.A.8,3.A.1,2.A.26,DeoRC|HTH_DeoR,GT2,3.A.1,2.A.79,2.A.79,3.A.1,3.A.1,3.A.1,3.A.1,3.A.1,4.A.3
GH20,GntR,SIS,CE9,GH35,4.A.6,4.A.6,4.A.6,4.A.6,Aminotran_1_2,4.A.3,4.A.3,Mga|HTH_11,3.A.1,3.A.1,3.A.1,3.A.1,PfkB,2.A.3,SirB,LacI|Peripla_BP_3,3.A.1,3.A.1,3.A.1,PfkB,2.A.1,MarR,9.B.104,9.B.104
4.A.6,DeoRC|HTH_DeoR,SIS,4.A.2,3.A.1,3.A.1,3.A.1,3.A.1,2.A.1,GerE,GH25,TetR_N,3.A.1
4.A.6,4.A.6,4.A.6,GH31,4.A.6,GH13_31,3.A.1,9.B.74
8.A.5,HxlR,GH1,4.A.3
4.A.3,GH1,4.A.3
2.A.7,3.A.1,PfkB,3.A.1,3.A.1,GntR,GH13_29,4.A.1,2.A.23,2.A.3,CSD,3.A.1,8.A.5,2.A.3,2.A.36,3.A.1,1.A.11,9.B.20,3.A.1,1.A.8,GT2,4.A.3,GH1,4.A.3
GH3,3.A.1,3.A.1,3.A.1,3.A.3,GT2,GT83
GH32,LacI|Peripla_BP_3,GH13_31,4.A.1
3.A.7,GerE,GH36,4.A.3,4.A.3
9.B.18,3.A.9,2.A.115,CBM48|GH13_9,GT5,GT35,GH13_39,HTH_5,2.A.4
3.A.1,3.A.1,3.A.1,3.A.1,GT2,GT32,9.B.18,GT0,GT2,GH25,GT2,8.A.3,CE4,2.A.3,3.A.1,2.A.55,2.A.37
1.E.26,GH25
GT4,GT2,GT32,GT2,2.A.66
9.A.8,GH29,2.A.2,3.A.1,2.A.17,CE9,GntR,3.A.3,3.A.1,3.A.1,3.A.1
2.A.6,4.A.3,4.A.3,4.A.3,GH1
GT51,HD,3.A.1
3.A.11,GT51
GT28,9.B.146
2.A.40,Pribosyltran,GH73,CSD,2.A.85,GT2,9.B.144,4.A.1,GH1,Pyr_redox,GT4
4.A.3,3.A.18,GH25,2.A.1,2.A.1
9.A.32,GH36,GT8,GT8,2.A.3
GT4,GT4,1.E.11
3.D.1,Pyr_redox_2,9.B.27,9.B.141,9.B.141,GT51,LacI|Peripla_BP_3,HTH_11,1.A.23,CBS,1.A.8
2.A.37,3.A.3,1.B.42,GntR,3.D.2,PALP,2.A.67,Pyr_redox_2,2.A.1,TetR_N,GH1,4.A.1,3.A.1,3.A.1
2.A.1,LacI|Peripla_BP_1,GH25,1.E.26
4.A.5,4.A.5,4.A.5,4.A.3,4.A.3,GH1,GH38,4.A.3,GntR,4.A.5,DeoRC|HTH_DeoR,GH13_31,PL12_1,4.A.6,4.A.6,4.A.6,GH88
3.A.1,3.A.1,3.A.1,NUDIX,GH31|CBM32
3.A.1,3.A.1,3.A.1,9.B.98,AAA,GT4
4.A.6,4.A.6,4.A.6,GH31
