3.A.1,3.A.1,1.A.26,GH13,3.A.1
GH13_13,GH25,2.A.89,TetR_N,2.A.1
1.A.8,GT53,GT85
GT2,3.A.1,3.A.1,3.A.1,3.A.1,3.A.1,3.A.1
2.A.1,GT76,2.A.7,3.A.1
3.A.1,3.A.1,2.A.1,Trans_reg_C|Response_reg,HATPase_c|HisKA,2.A.63,2.A.63,2.A.63,3.A.1,GT51,Whib,2.A.1
CE1,Pyr_redox_2,HTH_3,3.D.10,3.D.10
4.C.1,GT4
2.A.61,GT4
3.A.1,3.A.1,3.A.1,3.A.5,GH33
3.B.1,2.A.1,Rhodanese,9.B.97,PfkB,LacI|Peripla_BP_1,3.B.1,3.B.1,3.A.1,Peripla_BP_2,3.A.1,3.A.1,3.A.1,3.A.1,3.A.1,GT2
9.B.169,2.A.3,3.B.1,3.B.1,3.B.1,2.A.68,3.A.1,Peripla_BP_2,3.A.1,3.A.1,Aminotran_1_2,GH23|CBM50,CSD,2.A.40
GT39,2.A.15,2.A.120,GH23|CBM50,3.A.1,Sigma70_r4_2|Sigma70_r2,4.B.1
GH13_14,Pribosyltran,1.B.76,TetR_N,2.A.3,GH23
CE14,2.A.1,TetR_N,LysR_substrate,2.A.1
CE14,Fer4,Aminotran_1_2,2.A.3,2.A.3,GT81,GH32,GT5,Sigma70_r4_2|Sigma70_r2,3.A.1,CBS,3.A.1
CBM48|GH13_9,GH13_3,3.A.1
9.A.40,9.A.40,1.I.1,1.A.35,3.A.1,Pyr_redox_2,2.A.1,2.A.28,GT2
GT4,4.F.1
GT28,2.A.103,9.B.146
9.B.106,Glucokinase,GT4,3.D.3,3.D.4,3.D.4,3.D.4
4.C.1,GH77
9.B.169,CE4
2.A.38,2.A.38,2.A.21,Trans_reg_C|Response_reg,2.A.1,CE1,2.A.40,2.A.79,2.A.79,GT20
2.A.23,2.A.15,AA3_2,9.B.148,3.A.25,Pribosyltran,Rhodanese,2.A.23,MarR,4.C.1,1.B.59,2.A.63,2.A.63,GT87
3.A.1,PadR,GH76
GH18,MerR,1.A.33,2.A.86,3.A.1,3.A.1,3.A.1,3.A.1,2.A.20,Fer4,MarR,3.A.1,3.A.1
3.A.1,3.A.1,3.A.1,3.A.1,3.A.1,GH3
2.A.6,3.B.1,CE5,CE1,GT87,CE1,GT89,GT2,2.A.1,Pyr_redox,3.A.1,3.A.1,3.A.1
2.A.1,AAA,GT87
2.A.1,GH15,3.A.7,GT51
CE9,GntR,3.A.1,3.A.1,3.A.1,3.A.1,2.A.42
