3.A.15,3.A.15,3.A.15,1.B.22,GH23,9.B.10
GT9,GT2,GT9,GT2,PIG-L,GT4,1.B.11,2.A.76
9.B.146,2.A.103,GT28
CE11,3.A.5
GH103,3.A.1,3.A.1,3.A.1
GH3,GT104,4.F.1,MarR,GT20,GT4
GH23,LysR_substrate|HTH_1,9.A.55,3.A.16,3.A.1,3.A.1,3.A.1,3.A.1
GH24,GH24,1.E.3
5.A.1,9.B.14,9.B.21,GT51,1.B.22
3.A.1,MarR,GH46
CBM50,1.A.14
2.A.20,3.A.7,GT2,Aminotran_1_2,2.A.7,GT83
1.B.33,GT19,8.A.7
3.A.1,Response_reg,GT4,GT20,1.A.23,1.I.1
3.A.1,3.A.1,GT4
GT4,2.A.66
CBM50,AA10,1.E.34
9.B.34,HATPase_c,3.A.1,GT2,9.B.126,GT20,3.A.23,3.A.23,3.A.1,HATPase_c|HisKA,Response_reg|Trans_reg_C,3.A.1,3.A.1,SIS|HTH_6|Glucokinase,MarR,2.A.1
GH23,9.A.4
GT30,GT9,9.B.146,Trans_reg_C,9.B.18,9.B.146,GT2,3.A.1,GT2
2.A.1,EAL,GH15,3.A.1,3.A.1,3.A.1,3.A.1,2.A.1,2.A.6,2.A.6,2.A.6,TetR_N,2.A.6
GT4,AsnC_trans_reg|HTH_11,2.A.4,2.A.1,3.A.1,HD,GH23
2.A.103,GT4
3.A.23,cNMP_binding,1.B.18,8.A.3,GT4,3.A.23,Response_reg|Trans_reg_C,2.A.6,2.A.6,2.A.6,TetR_N,2.A.49,2.A.98
3.A.25,GT9,1.A.8,4.C.1
2.A.7,GT2,2.A.6
2.A.21,3.A.23,3.A.1,3.A.1,3.A.1,3.A.1,NUDIX,GH0,GntR,1.B.1,3.A.3,3.A.3,3.A.3
2.A.6,GT4,3.A.23
