4.A.2,GH37,Peripla_BP_2,3.A.1,3.A.1,1.E.43,GH23,2.A.36,GntR,2.A.34,5.A.2,1.B.1
GH3,4.A.1
2.A.1,GT2
2.A.108,2.A.108,2.A.108,2.A.21,AA6,5.A.3,5.A.3,5.A.3
1.M.1,GH24,1.E.1
GH4,AraC_binding|HTH_18,4.A.3,2.A.4,4.B.1,2.C.1,2.C.1,2.C.1,2.C.1,1.A.30,1.A.30,8.A.79,9.B.85,3.D.4,3.D.4
1.B.25,4.A.1,CE9
GT2,TPR_1,HTH_18,9.B.50
1.B.10,2.A.6,2.A.6,3.A.5,CBM34|GH13_21,2.A.3,2.A.26
3.A.1,3.A.1,3.A.1,GH2,4.C.1,Citrate_synt,3.A.23,2.A.76
GH23,HTH_1|LysR_substrate,3.A.1,3.A.1,3.A.1
GT19,1.B.33
3.A.1,1.A.62,2.A.49,3.A.1,3.A.1,3.A.1,1.B.14,1.B.11,GT51
2.A.3,9.B.125,3.A.15,3.A.15,NUDIX,3.A.5,CE11,GT28,2.A.103,9.B.146
GH23,3.A.1,4.B.1
3.A.3,Peripla_BP_3|LacI,4.A.1,GH13_29
CBM50,2.A.25,1.A.23,2.A.3,3.D.10,3.D.10,2.A.7,9.B.13
3.A.6,3.A.6,1.B.22,TPR_3,GH23,3.A.6,3.A.6,3.A.6
GH88,2.A.1
1.B.6,GH24,1.E.1
2.A.3,GT26,9.B.128,GT56,2.A.66,Aminotran_1_2,GT0,9.B.146,3.A.6,1.I.1
2.A.81,GntR,4.A.1,GH4,9.B.51,2.A.1,ACT,Response_reg|GerE,MASE1|HATPase_c,2.A.1,2.A.1,2.A.40
GT30,GT9,GT4,GT9,GT4,GT8,GT8,GT73,GT4,GT9,GT9,Aminotran_1_2,GT2,1.A.34
GH127,2.A.2,AraC_binding|HTH_18,2.A.56,2.A.56,2.A.56,HTH_IclR|IclR,3.D.1,Aminotran_1_2,GH73,9.B.44,9.B.97,1.E.53,CSD,HTH_3,9.B.186,2.A.1,1.C.80,1.B.11,3.A.1,3.A.1,3.A.1,3.A.1,3.A.1,2.A.42
2.A.23,PfkB,EAL,2.A.1,9.B.126,HTH_1|LysR_substrate,GerE,GH37,5.B.3,HTH_18,HTH_18,2.A.6,8.A.1,GerE,9.B.36,3.A.1,3.A.1,3.A.1
2.A.8,2.A.95,CBM48|GH13_9,CBM48|GH13_11,GT5,GT35
9.B.104,DeoRC|HTH_DeoR,3.A.23,GerE,GT35,GH77,2.A.8,9.A.8,9.A.8,9.A.8,Response_reg|Trans_reg_C,2.A.21
GT51,1.B.22
GT51,Pkinase,8.A.8,4.A.2,1.B.42,1.B.42,1.B.42,SIS|CBS,2.A.19,3.A.1,3.A.1,3.A.1,3.A.1,3.A.1
4.A.6,4.A.6,4.A.6,SIS,CE9,4.A.6,4.A.6,4.A.6,4.A.6,DeoRC|HTH_DeoR,2.A.1,HTH_1|LysR_substrate,PALP,2.A.42,2.A.42,HTH_1|LysR_substrate,9.B.124,1.E.34,9.B.27,GntR,2.A.1,2.A.23,2.A.109,9.B.114,HTH_3,Pyr_redox_2,GH63,2.A.3,GH2
2.A.14,3.A.15,1.B.22,3.A.15,3.A.15,3.A.15,3.A.15,3.A.15,HTH_1|LysR_substrate,2.A.13,GT44
9.B.120,2.A.1,GH23
9.B.153,GH1,1.C.113
CBM50,HTH_18,1.B.22,3.A.6,3.A.6,3.A.6,3.A.6
3.A.7,GH102
CBM50,Sigma70_r3|Sigma70_r2|Sigma70_r4,MarR,2.A.8
5.A.3,Pyr_redox_2,3.A.23,SIS|CBS,GH103
2.A.104,Rhodanese,HTH_5,9.B.12,GntR,2.A.3,GH13_27
GH23,HisKA|HATPase_c,3.A.23,Aminotran_1_2,MarR,TPR_1,3.A.1,3.A.1,3.A.1,2.A.1
2.A.7,2.A.7,GT83,GT2,Aminotran_1_2,NUDIX,1.B.68,HTH_IclR|IclR,2.A.1,Fer4,2.A.1,1.B.12
1.B.17,9.B.27,9.B.29,GH3,3.A.1,3.A.1,3.A.1,3.A.1,MerR,9.B.33
1.E.1,GH24
3.A.1,5.B.7,9.B.35,Response_reg|Trans_reg_C,HisKA|HATPase_c,1.B.1,2.A.7,9.B.34,3.A.6,3.A.6,3.A.6,3.A.6,3.A.6,3.A.6,3.A.6,PerC,9.B.102,GH13_5
3.A.1,3.A.1,3.A.1,GT20,FlhD,FlhC,1.A.30,1.A.30,Response_reg,3.A.6,1.A.104,9.B.158,5.A.3,5.A.3
3.A.1,3.A.1,3.A.1,CBM50
4.A.3,4.A.3,4.A.3,AraC_binding|HTH_18,GH4,CE0,2.A.23
9.B.34,2.A.1,2.A.7,GntR,4.A.3,4.A.3,1.B.3,GH1,HTH_18,MarR,2.A.95,2.A.1,HTH_1|LysR_substrate,9.B.34,1.A.46
