2.A.1,GntR,PfkB,GH59,2.A.1,TetR_N,9.B.74
4.A.2,4.A.2,GH38,HTH_6|SIS,GH1
4.A.1,SIS,HTH_6|SIS,TetR_N,3.A.1,3.A.3,HTH_5,HTH_3,3.A.1,HTH_3,9.B.105,2.A.1,HisKA|HATPase_c,Trans_reg_C|Response_reg,4.A.3,4.A.3,4.A.3,GH1,GntR,2.A.40,3.A.1,3.A.1,3.A.1,Rhodanese|Pyr_redox_2,9.B.102
4.A.2,4.A.2,4.A.2,GH38,2.A.7
GH3,9.B.124
2.A.8,GT2,2.A.66,3.A.1,2.A.26,DeoRC|HTH_DeoR,GT2,3.A.1,2.A.79,3.A.1,3.A.1,3.A.1,3.A.1,3.A.1
CE9,GH35,4.A.6,4.A.6,4.A.6,4.A.6,PfkB,4.A.5,4.A.5,GT4,GT4,Aminotran_1_2,4.A.3,4.A.3,Mga|HTH_11,3.A.1,3.A.1,3.A.1,3.A.1
4.A.5,HTH_11,4.A.2,Sigma70_r4,4.A.6,4.A.6,4.A.6,3.A.1,3.A.1,3.A.1,LacI|Peripla_BP_3,2.A.2,GH13_31,3.D.10,4.A.5,DeoRC|HTH_DeoR,PfkB,HTH_6|SIS,4.A.7,4.A.7,GH4,4.A.1,HTH_6|SIS,4.A.1,Mga|HTH_11,4.A.2,4.A.2,4.A.2,4.A.2,4.A.2,Aminotran_1_2,HTH_Mga|HTH_11,SIS,4.A.5,4.A.7
GH25,TetR_N,3.A.1
3.A.1,3.A.1,2.A.26,2.A.7,3.A.1,PfkB,3.A.1,3.A.1,2.A.1,GntR,GH13_29,4.A.1,2.A.23,2.A.3,CSD,3.A.1,2.A.3,2.A.36,LytTR,3.A.1,3.A.1,NUDIX,1.A.11,9.B.20,3.A.1,1.A.8,GT2,GH1,4.A.3
GH3,3.A.1,3.A.1,3.A.1,3.A.3,GT2,9.B.142
4.C.1,2.A.50,1.A.8,CBS,1.A.23,HTH_11,LacI|Peripla_BP_3,GT51,9.B.141,9.B.141,9.B.27,Pyr_redox_2,3.D.1,Sigma70_r2,2.A.3,GT4,GT4
2.A.49,CBM34|GH13_20,GH65,HTH_3,SBP_bac_1,3.A.1,3.A.1,3.A.1
2.A.3,GT8,GT8,GH36
GH25,3.A.18,4.A.3,2.A.16,TetR_N,9.B.126,GT2
GH1,4.A.1,GT2,2.A.85,CSD,GH73,Pribosyltran,2.A.40
9.B.146,GT28,9.A.4,CSD,2.A.1
GT51,3.A.11
GH25,1.E.26,GH23
3.A.1,HD,GT51
3.A.1,3.A.1,3.A.1,3.A.3,GntR,CE9
2.A.17,3.A.1,2.A.2,GH29,9.A.8
2.A.37,2.A.55,3.A.1,3.A.1,2.A.3,CE4
GT2,GT2,GT0,9.B.18,GT32,GT2,3.A.1,3.A.1,3.A.1,3.A.1
2.A.4,HTH_5,GH13_39,GT35,GT5,CBM48|GH13_9,2.A.115,3.A.9
GT111,GT101,2.A.66,8.A.3,8.A.3,2.A.88,HTH_3,3.A.1,3.A.1,3.A.1,3.A.1,3.A.1,3.A.1,2.A.1,Fer4,4.A.3,4.A.3,GH36,GerE,3.A.7
9.B.74,4.A.1,GH13_31,LacI|Peripla_BP_3,GH32
3.A.1,GntR,3.A.1,GH1,4.A.1,3.A.1,3.A.1
2.A.1,2.A.1,GT4,GT4,1.C.82,3.A.3
2.A.55,3.A.3,2.A.1,1.B.76,HTH_5,3.A.1,3.A.1,3.A.1,3.A.1,1.A.43,2.A.2,CBM67|GH78,3.A.1,4.C.1,3.A.1,3.A.1,3.A.1,3.A.1,2.A.1
GH29,4.A.6,4.A.6,4.A.6
2.A.1,4.A.5,4.A.5,4.A.5,4.A.3,4.A.3,GH1,GH125,GH38,4.A.3,GntR,DeoRC|HTH_DeoR,2.A.1
2.A.1,AraC_binding|HTH_18,GH13_31,GH4,4.A.1,HTH_6|SIS,4.A.1
GH29,4.A.6,4.A.6,4.A.6,4.A.6,Mga|HTH_11,4.A.5,4.A.5,4.A.5
3.A.1,3.A.1,3.A.1,9.B.98,AAA,GT4
4.A.3,GH1,4.A.3,GT2
