4.C.1,9.B.96,9.B.96,9.B.96,TetR_N,GT4
3.A.24,GH3
1.A.33,GH16_9,GT83,2.A.116,2.A.116,Guanylate_cyc,4.C.1
GH76,9.B.27,2.A.4
GT2,2.A.3,2.A.20,Glyoxalase,4.C.1,GT4
4.C.1,2.A.85,GH92,2.A.1
GT2,9.B.96,2.A.1
CE5,CE5,3.A.24,3.A.24,3.A.24
GH65,2.A.1
9.B.126,CE9,2.A.1
2.A.4,3.A.3,GT2
1.A.23,3.A.1,2.A.7,CE5,3.A.1
GT1,3.A.1,3.A.1,3.A.1
3.A.12,4.F.1,HTH_3,GT1
GT87,3.A.9,2.A.25,GH6
1.B.77,8.A.5,9.B.96,4.F.1,GT4
3.D.10,CBM2
2.A.116,GT2,2.A.6,GT1
GH13_10,GH13_26,CBM48|GH13_11,9.B.97,2.A.6,2.A.6,8.A.35,GT1,GT1,3.A.1,GT1,GT4,9.B.97,GT2
9.B.97,GT1,9.B.97,GT1
3.A.1,9.B.106,2.A.1,2.A.1,9.B.20,GT83,9.B.106,9.B.111
GH18|CBM2,9.B.34
3.A.1,3.A.1,CE5
GH77,3.A.24,3.A.24,9.B.96,9.B.96,9.B.96,3.A.24,3.A.24,3.A.24,3.A.24,3.A.24
2.A.4,9.B.96,GH16_9,2.A.3,GH0,GT4
GT28,2.A.103,9.B.146
9.B.106,GT87,3.A.4,4.C.1,GT4,3.D.4,3.D.3,3.D.4
2.A.36,GT4
4.C.1,CE5
3.A.1,3.A.1,3.A.1,3.A.1,1.E.22,GH15
GH13_30,Pyr_redox_2,3.A.1
GT35,GH13_3,CBM48|GH13_9,Glyoxalase,8.A.59,2.A.1
3.A.1,3.A.1,3.A.1,3.A.1,AA3_2
1.A.35,3.A.1,3.A.1,3.A.1,3.A.1,CBS,GH23,3.A.1,FUR,4.D.1,GT102
GT2,4.D.1,GT5,GT81,4.C.1,GH5_28
CE14,TetR_N,SBP_bac_5,5.A.3,5.A.3,5.A.3
3.A.1,3.A.1,GT87
8.A.59,CE4
1.C.113,CE14
GH0,GT4,2.A.1,Response_reg|Trans_reg_C,HisKA|HATPase_c,1.B.6
GT20,3.A.1,3.A.1,3.A.1,3.A.1,3.A.1,4.C.1
GT2,AAA,8.A.59,3.A.7,CSD,9.B.96
GT2,GT89,CE1,CE1,CE5,3.B.1,HTH_18,GT53,GT53,FHA|Trans_reg_C|BTAD,GT53,GT85,GT2,3.A.1
8.A.5,CE5
GH13_16,9.B.143,CE1,3.A.1
GH3,9.B.96,2.A.1,TetR_N,5.A.3
