3.A.1,3.A.1,AsnC_trans_reg,5.B.5,GH31,2.A.1,Peripla_BP_3|LacI,CbiA,9.B.34,GntR,2.A.1
2.A.6,3.A.1,3.A.1,CbiA,GT2,2.A.56,DctP,2.A.76
GH33,Sigma70_r4_2|Sigma70_r2,FecR,1.B.14,GH8,GT2|GT2
2.A.1,HTH_IclR|IclR,LysR_substrate|HTH_1,9.B.35,CE4
CE14,GT4,GT4,GT2,GT26,GT4,GT4,9.B.18
3.A.1,3.A.1,3.A.1,3.A.1,1.B.52,2.A.42,9.B.33,LytTR|Response_reg,CE4,GH1,NUDIX,LysR_substrate|HTH_1,2.A.6,2.A.6,2.A.1
8.A.59,dCache_1,HATPase_c|Response_reg|dCache_1|HisKA|PAS,4.C.1,TetR_N,4.A.1,SIS,GT2,GntR,CE9
3.A.1,3.A.1,3.A.1,3.A.1,DeoRC|HTH_DeoR,cNMP_binding,3.A.1,3.A.1,3.A.1,3.A.1,GT1,GT4,GT4,GT1
3.D.4,3.D.4,HEM4,1.A.23,LysR_substrate|HTH_1,3.A.1,3.A.1,3.A.1,3.A.1,1.B.52,LysR_substrate|HTH_1,HTH_11|AsnC_trans_reg,3.A.1,3.A.1,3.A.1,3.A.1,9.B.34,9.B.34,2.A.1,GH13_23
GH37,2.A.56,2.A.56,2.A.1
GH102,3.A.6
GT2,2.A.6
GT2,GH141|GH141,1.B.52,GT4,GT4,GT4,2.A.66,8.A.3
2.A.1,GT4
GT41,2.A.38,2.A.38
2.A.76,GT30,HTH_18,GT4
2.A.21,GT51
9.B.18,GT4
GT41,3.A.1,3.A.1,3.A.1,2.A.37,3.A.1,9.B.160
2.A.21,GT35
GH23,3.A.1
GH23,3.D.1
2.A.72,GH1,Response_reg,9.B.34,Aminotran_1_2,9.B.125
2.A.36,LysR_substrate|HTH_1,GT20
GH19,CbiA,1.B.52,1.A.62
9.B.146,GT28
CE11,MCPsignal,Hemerythrin,1.B.33
2.A.69,1.B.52,GT51,GAF,2.A.7
GT51,3.A.1
3.A.1,HTH_3,GH17,Pribosyltran,8.A.59,1.A.23,3.A.1,2.A.21
GT5,1.A.11
2.A.36,GT9,GT2,3.D.4,3.D.4,2.A.95,B12-binding,2.A.88,3.B.1,HTH_3,TetR_N,2.A.1,2.A.1
3.A.3,GT4,GH1,GH1,GH2,3.A.1,GH1,Pyr_redox,3.A.1,3.A.1,3.A.1
GT41,SpoIIE,2.A.1,3.A.3
2.A.21,CBM48|GH13_11,MarR,GT26,8.A.3,GH10,GH5_1,GT2,GT4,GT4,4.C.1,MarR,Response_reg,2.A.37,3.A.1,3.A.1,3.A.1
2.A.6,2.A.6,TetR_N,1.B.52,TPR_2,GH23
GT51,9.B.62,3.A.1,2.A.55,8.A.5,BLUF,GH102
2.A.21,HTH_7,9.B.160,GT2,GT83,Glucokinase,3.A.1,3.A.1,3.A.1,3.A.1,1.B.6,GerE|Response_reg,HisKA|HATPase_c,2.A.1
2.A.66,GT4
GH23,PALP|ACT,1.A.30,2.A.56,2.A.56,2.A.56,9.B.34,2.A.21,3.A.6,3.A.6
GH3,9.B.149,2.A.64,2.A.58,1.A.34,3.A.5,2.A.6,2.A.6
2.A.6,2.A.6,3.A.1,GT4,8.A.3,1.B.18,9.B.18,GT26
8.A.1,2.A.1,GT9
3.A.1,3.A.1,MarR,GH23
GT0,2.A.23,2.A.21,3.A.23,5.A.1
3.A.1,2.A.21,4.C.1,2.A.75,LysR_substrate|HTH_1,Hemerythrin,GH16_21
GH17|GT2,2.A.20
3.D.4,3.D.4,3.D.4,ACT,1.B.14,Sigma70_r4_2|Sigma70_r2,GH23
9.B.34,PspC,9.B.100,3.A.23,GT51
3.A.23,3.A.11,Citrate_synt,Rhodanese,Glyoxalase,GT19,1.B.33
GT2,GT0,3.A.1,GT2,3.A.1
GT4,GT2,GT4,GT2,3.A.1,3.A.1,Aminotran_1_2,9.B.18,GT0,GT2|GT4,GT4
GT60,Glyoxalase,2.A.1,2.A.21
2.A.40,2.A.107,9.B.43,2.A.6,HTH_5,GH77,Response_reg,CBM48|GH13_11,CBM48|GH13_9,GH13_16,2.A.40,2.A.28
GH13_3|GH13_3,1.B.52
3.A.1,HTH_IclR|IclR,3.A.1,3.A.1,3.A.1,3.A.1,3.A.1,Peptidase_M23,2.A.76,Sigma70_r3|Sigma70_r4|Sigma70_r2,GH141|GH141,1.B.52
GH4,GH1,3.A.1,BLUF,MCPsignal,3.A.1,3.A.1,3.A.1,3.D.2,HTH_IclR|AsnC_trans_reg,LysR_substrate|HTH_1,EAL,9.B.34
