GT4,GT4,GT4,3.A.1,3.A.1,GT4,GT4,2.A.76
3.A.1,3.A.1,3.A.1,CBM50,9.B.10,PfkB,2.A.37,9.B.34,SIS|HTH_6,HTH_1|LysR_substrate,3.B.1,HTH_3,3.A.1,3.A.1,FMN_bind_2,Aminotran_1_2|GntR,9.B.102,3.A.1,HTH_18,2.A.25
3.A.5,3.A.1,3.A.1,Sigma70_r2|Sigma70_r4,GT51
1.B.52,H-kinase_dim|Response_reg|CheW|HATPase_c,CheW,1.C.106,3.A.23,3.B.1,3.B.1,3.B.1,2.A.70,2.A.70,HTH_1|LysR_substrate,1.C.113,HTH_1|LysR_substrate,Pyr_redox,3.A.1,1.I.1,SBP_bac_3,1.A.16,2.A.36,2.A.1,2.A.7,GH102
PL7_1,9.B.34
1.B.20,SBP_bac_3,2.A.85,Pyr_redox_2,3.A.18,2.A.1,AA3_2,TetR_N,2.A.15,3.A.1,3.A.1,3.A.1
2.A.103,GH103,GH0,GH103
3.A.15,3.A.23,1.B.33,3.A.9,1.B.11,Pyr_redox_2,2.A.66,GT4,GT4,GH39,GT4,GT2,9.B.18,3.A.15,3.A.15,3.A.15
3.A.1,3.A.1,3.A.1,cNMP_binding,GT51
9.B.146,2.A.103,GT28,CE11,9.B.34,1.B.25,HisKA|HATPase_c,Trans_reg_C|Response_reg,2.A.6,2.A.6,Response_reg|CheW,3.A.23,3.D.4,3.D.4,3.D.4,3.D.4
GT0,2.A.3,GT2
GT4,dCache_1|MCPsignal,3.A.5,NUDIX,2.A.21,1.A.23,1.B.25
1.B.10,1.B.10,2.A.40,9.B.43,CE4,9.B.35,2.A.40
3.A.1,GT4,GT4,9.B.146,9.B.18,3.A.11
GH15,2.A.1,4.C.1,4.C.1,1.B.14,3.A.1,2.A.6,3.A.1,3.A.1,Sigma70_r2|Sigma70_r4_2,Pyr_redox_2,3.A.3,9.B.20
2.A.21,HTH_1|LysR_substrate,2.A.1,NTP_transf_2,AA2,3.A.23
3.A.1,3.A.1,3.A.1,3.A.1,GntR,GH63,8.A.21,NIR_SIR_ferr|NIR_SIR,3.A.1
AA3_2,2.A.1
2.A.108,2.A.108,2.A.108,2.A.108,HTH_18,GT0|GT2|GT4,Response_reg,2.A.21
2.A.3,3.A.1,HTH_1|LysR_substrate,AA10,GH18,4.C.1,2.A.1
3.A.1,HTH_18,CBM32,Sigma70_r2|Sigma70_r4_2,FecR,1.B.14,2.A.1,3.A.1,3.A.1,3.A.1,3.A.1
9.B.34,GT2,2.A.123,GT83,1.A.23,2.A.37
3.A.1,3.A.1,SBP_bac_3,HisKA|HATPase_c,GT83,Aminotran_1_2,GT2,GT83,2.A.7,GT83,2.A.1
1.B.14,3.A.1,3.A.1,3.A.1,3.A.1,PfkB,GH23,1.B.25,9.B.18,GT4,GT2,GT2
9.B.62,1.B.76,9.B.62,9.B.62,9.B.27,GT5,GH13_10,GH77,GH13_26,CBM48|GH13_11,3.A.23,PIG-L,1.B.12,CBM48|GH13_9,GH13_16,GH13_3,9.B.20,Fer4,Aminotran_1_2|GntR,9.B.34,2.A.6,2.A.6,2.A.6,2.A.6
GH0,2.A.53,9.B.104,3.A.4
GH23,3.A.1,3.A.1,3.A.1,3.A.1,3.A.1
1.B.25,2.A.11,2.A.23,HTH_1|LysR_substrate,2.A.37,HTH_1|LysR_substrate,AA3_2,2.A.1
3.A.1,3.A.1,Pyr_redox_2,2.A.1,GH3,TetR_N,LexA_DNA_bind,3.A.7,3.A.1,GH23,3.A.1,2.A.66,1.B.52,3.D.4,3.D.4,3.D.4,3.D.4,3.D.4,3.D.4,Fer4,3.A.3
2.A.26,Pyr_redox_2,3.D.10,3.D.10,Citrate_synt,2.A.21,9.B.136,3.A.1,GH17
GT28,Aminotran_1_2,9.B.18,GT2
GT2|GT2,GH73,3.A.23,Aminotran_1_2,2.A.1,2.A.3
1.B.14,2.A.7,GH3,HTH_IclR|IclR,3.A.9,2.A.1
2.A.33,GH50,1.B.6,1.B.6
1.M.1,GH19
GT19,1.B.33
2.A.36,Aminotran_1_2,GH17|GT2
CE9,SIS,4.A.1,4.A.1,GH23
GT2,1.B.13,PL5_1,2.A.50
2.A.121,GT4
GT83,1.B.52
9.A.47,GerE|Response_reg,2.A.21,GT51,2.A.66,NUDIX,9.B.34,1.B.52,5.A.1
CBM50,1.A.62,1.A.30,1.A.30
2.A.39,2.A.6,GT30,HTH_1|LysR_substrate,2.A.7
3.A.1,9.B.67,GT4,PIG-L,GT4,GT4,GT9,GT9,9.B.34,2.A.21,bZIP_1,MCPsignal,2.A.36,1.A.23
GT2,2.A.6
2.A.1,Pyr_redox_2,GATase_2,9.B.42,SKI,1.B.22,GT51,3.A.11
2.A.64,1.B.52,3.A.1,3.A.1,3.A.1,GT2,2.A.3,3.A.1,3.A.1,3.A.1,2.A.39
AA6,3.D.4,3.D.4,1.B.25,1.B.14
1.B.20,GT2,CE4|GH153,1.B.55,2.A.6,8.A.1
GT83,9.B.149,3.A.1,8.A.1,HTH_1|LysR_substrate,3.A.1,3.A.1,3.A.1,3.A.1,1.B.17
3.A.1,2.A.53,3.A.11,CBM50,2.A.38
